05/05/17 20:10:08 ******************************************************
05/05/17 20:10:08 ** condor_scheduniv_exec.1070.0 (CONDOR_DAGMAN) STARTING UP
05/05/17 20:10:08 ** /usr/bin/condor_dagman
05/05/17 20:10:08 ** SubsystemInfo: name=DAGMAN type=DAGMAN(10) class=DAEMON(1)
05/05/17 20:10:08 ** Configuration: subsystem:DAGMAN local:<NONE> class:DAEMON
05/05/17 20:10:08 ** $CondorVersion: 8.6.2 Apr 23 2017 BuildID: 404257 $
05/05/17 20:10:08 ** $CondorPlatform: x86_64_RedHat7 $
05/05/17 20:10:08 ** PID = 31350
05/05/17 20:10:08 ** Log last touched time unavailable (No such file or directory)
05/05/17 20:10:08 ******************************************************
05/05/17 20:10:08 Using config source: /etc/condor/condor_config
05/05/17 20:10:08 Using local config sources: 
05/05/17 20:10:08    /etc/condor/config.d/00esat.config
05/05/17 20:10:08    /etc/condor/config.d/01java.config
05/05/17 20:10:08    /etc/condor/config.d/80optout_users.config
05/05/17 20:10:08    /etc/condor/condor_config.local
05/05/17 20:10:08 config Macros = 166, Sorted = 166, StringBytes = 6029, TablesBytes = 6048
05/05/17 20:10:08 CLASSAD_CACHING is ENABLED
05/05/17 20:10:08 Daemon Log is logging: D_ALWAYS D_ERROR
05/05/17 20:10:08 DaemonCore: No command port requested.
05/05/17 20:10:08 DAGMAN_USE_STRICT setting: 1
05/05/17 20:10:08 DAGMAN_VERBOSITY setting: 3
05/05/17 20:10:08 DAGMAN_DEBUG_CACHE_SIZE setting: 5242880
05/05/17 20:10:08 DAGMAN_DEBUG_CACHE_ENABLE setting: False
05/05/17 20:10:08 DAGMAN_SUBMIT_DELAY setting: 0
05/05/17 20:10:08 DAGMAN_MAX_SUBMIT_ATTEMPTS setting: 6
05/05/17 20:10:08 DAGMAN_STARTUP_CYCLE_DETECT setting: False
05/05/17 20:10:08 DAGMAN_MAX_SUBMITS_PER_INTERVAL setting: 5
05/05/17 20:10:08 DAGMAN_USER_LOG_SCAN_INTERVAL setting: 5
05/05/17 20:10:08 DAGMAN_DEFAULT_PRIORITY setting: 0
05/05/17 20:10:08 DAGMAN_SUPPRESS_NOTIFICATION setting: True
05/05/17 20:10:08 allow_events (DAGMAN_ALLOW_EVENTS) setting: 114
05/05/17 20:10:08 DAGMAN_RETRY_SUBMIT_FIRST setting: True
05/05/17 20:10:08 DAGMAN_RETRY_NODE_FIRST setting: False
05/05/17 20:10:08 DAGMAN_MAX_JOBS_IDLE setting: 1000
05/05/17 20:10:08 DAGMAN_MAX_JOBS_SUBMITTED setting: 0
05/05/17 20:10:08 DAGMAN_MAX_PRE_SCRIPTS setting: 20
05/05/17 20:10:08 DAGMAN_MAX_POST_SCRIPTS setting: 20
05/05/17 20:10:08 DAGMAN_MUNGE_NODE_NAMES setting: True
05/05/17 20:10:08 DAGMAN_PROHIBIT_MULTI_JOBS setting: False
05/05/17 20:10:08 DAGMAN_SUBMIT_DEPTH_FIRST setting: False
05/05/17 20:10:08 DAGMAN_ALWAYS_RUN_POST setting: False
05/05/17 20:10:08 DAGMAN_ABORT_DUPLICATES setting: True
05/05/17 20:10:08 DAGMAN_ABORT_ON_SCARY_SUBMIT setting: True
05/05/17 20:10:08 DAGMAN_PENDING_REPORT_INTERVAL setting: 600
05/05/17 20:10:08 DAGMAN_AUTO_RESCUE setting: True
05/05/17 20:10:08 DAGMAN_MAX_RESCUE_NUM setting: 100
05/05/17 20:10:08 DAGMAN_WRITE_PARTIAL_RESCUE setting: True
05/05/17 20:10:08 DAGMAN_DEFAULT_NODE_LOG setting: @(DAG_DIR)/@(DAG_FILE).nodes.log
05/05/17 20:10:08 DAGMAN_GENERATE_SUBDAG_SUBMITS setting: True
05/05/17 20:10:08 DAGMAN_MAX_JOB_HOLDS setting: 100
05/05/17 20:10:08 DAGMAN_HOLD_CLAIM_TIME setting: 20
05/05/17 20:10:08 ALL_DEBUG setting: 
05/05/17 20:10:08 DAGMAN_DEBUG setting: 
05/05/17 20:10:08 DAGMAN_SUPPRESS_JOB_LOGS setting: False
05/05/17 20:10:08 DAGMAN_REMOVE_NODE_JOBS setting: True
05/05/17 20:10:08 argv[0] == "condor_scheduniv_exec.1070.0"
05/05/17 20:10:08 argv[1] == "-Lockfile"
05/05/17 20:10:08 argv[2] == "ds_cbow_tfidf_lstm.dag.lock"
05/05/17 20:10:08 argv[3] == "-AutoRescue"
05/05/17 20:10:08 argv[4] == "1"
05/05/17 20:10:08 argv[5] == "-DoRescueFrom"
05/05/17 20:10:08 argv[6] == "0"
05/05/17 20:10:08 argv[7] == "-Dag"
05/05/17 20:10:08 argv[8] == "ds_cbow_tfidf_lstm.dag"
05/05/17 20:10:08 argv[9] == "-Suppress_notification"
05/05/17 20:10:08 argv[10] == "-CsdVersion"
05/05/17 20:10:08 argv[11] == "$CondorVersion: 8.6.2 Apr 23 2017 BuildID: 404257 $"
05/05/17 20:10:08 argv[12] == "-Dagman"
05/05/17 20:10:08 argv[13] == "/usr/bin/condor_dagman"
05/05/17 20:10:08 Workflow batch-name: <ds_cbow_tfidf_lstm.dag+1070>
05/05/17 20:10:08 Workflow accounting_group: <>
05/05/17 20:10:08 Workflow accounting_group_user: <>
05/05/17 20:10:08 Warning: failed to get attribute DAGNodeName
05/05/17 20:10:08 DAGMAN_LOG_ON_NFS_IS_ERROR setting: False
05/05/17 20:10:08 Default node log file is: </esat/spchtemp/scratch/robbe/SpeechHub/untied_models_large/python/jobdag/./ds_cbow_tfidf_lstm.dag.nodes.log>
05/05/17 20:10:08 DAG Lockfile will be written to ds_cbow_tfidf_lstm.dag.lock
05/05/17 20:10:08 DAG Input file is ds_cbow_tfidf_lstm.dag
05/05/17 20:10:08 Parsing 1 dagfiles
05/05/17 20:10:08 Parsing ds_cbow_tfidf_lstm.dag ...
05/05/17 20:10:08 Dag contains 2 total jobs
05/05/17 20:10:08 Sleeping for 3 seconds to ensure ProcessId uniqueness
05/05/17 20:10:11 Bootstrapping...
05/05/17 20:10:11 Number of pre-completed nodes: 0
05/05/17 20:10:11 MultiLogFiles: truncating log file /esat/spchtemp/scratch/robbe/SpeechHub/untied_models_large/python/jobdag/./ds_cbow_tfidf_lstm.dag.nodes.log
05/05/17 20:10:11 DAG status: 0 (DAG_STATUS_OK)
05/05/17 20:10:11 Of 2 nodes total:
05/05/17 20:10:11  Done     Pre   Queued    Post   Ready   Un-Ready   Failed
05/05/17 20:10:11   ===     ===      ===     ===     ===        ===      ===
05/05/17 20:10:11     0       0        0       0       1          1        0
05/05/17 20:10:11 0 job proc(s) currently held
05/05/17 20:10:11 Registering condor_event_timer...
05/05/17 20:10:12 Submitting HTCondor Node cbow_tfidf_lstm job(s)...
05/05/17 20:10:12 Adding a DAGMan workflow log /esat/spchtemp/scratch/robbe/SpeechHub/untied_models_large/python/jobdag/./ds_cbow_tfidf_lstm.dag.nodes.log
05/05/17 20:10:12 Masking the events recorded in the DAGMAN workflow log
05/05/17 20:10:12 Mask for workflow log is 0,1,2,4,5,7,9,10,11,12,13,16,17,24,27
05/05/17 20:10:12 submitting: /usr/bin/condor_submit -a dag_node_name' '=' 'cbow_tfidf_lstm -a +DAGManJobId' '=' '1070 -a DAGManJobId' '=' '1070 -batch-name ds_cbow_tfidf_lstm.dag+1070 -a submit_event_notes' '=' 'DAG' 'Node:' 'cbow_tfidf_lstm -a dagman_log' '=' '/esat/spchtemp/scratch/robbe/SpeechHub/untied_models_large/python/jobdag/./ds_cbow_tfidf_lstm.dag.nodes.log -a +DAGManNodesMask' '=' '"0,1,2,4,5,7,9,10,11,12,13,16,17,24,27" -a data_set' '=' 'ds -a test_name' '=' 'cbow_tfidf_lstm -a num_run' '=' '0 -a combination' '=' 'tfidf -a DAG_STATUS' '=' '0 -a FAILED_COUNT' '=' '0 -a +KeepClaimIdle' '=' '20 -a notification' '=' 'never -a +DAGParentNodeNames' '=' '"" jobdag/cbow_lstm.job
05/05/17 20:10:12 From submit: Submitting job(s).
05/05/17 20:10:12 From submit: 1 job(s) submitted to cluster 1071.
05/05/17 20:10:12 	assigned HTCondor ID (1071.0.0)
05/05/17 20:10:12 Just submitted 1 job this cycle...
05/05/17 20:10:12 Currently monitoring 1 HTCondor log file(s)
05/05/17 20:10:12 Reassigning the id of job cbow_tfidf_lstm from (1071.0.0) to (1071.0.0)
05/05/17 20:10:12 Event: ULOG_SUBMIT for HTCondor Node cbow_tfidf_lstm (1071.0.0) {05/05/17 20:10:12}
05/05/17 20:10:12 Number of idle job procs: 1
05/05/17 20:10:12 DAG status: 0 (DAG_STATUS_OK)
05/05/17 20:10:12 Of 2 nodes total:
05/05/17 20:10:12  Done     Pre   Queued    Post   Ready   Un-Ready   Failed
05/05/17 20:10:12   ===     ===      ===     ===     ===        ===      ===
05/05/17 20:10:12     0       0        1       0       0          1        0
05/05/17 20:10:12 0 job proc(s) currently held
05/05/17 20:20:14 602 seconds since last log event
05/05/17 20:20:14 Pending DAG nodes:
05/05/17 20:20:14   Node cbow_tfidf_lstm, HTCondor ID 1071, status STATUS_SUBMITTED
05/05/17 20:30:16 1204 seconds since last log event
05/05/17 20:30:16 Pending DAG nodes:
05/05/17 20:30:16   Node cbow_tfidf_lstm, HTCondor ID 1071, status STATUS_SUBMITTED
05/05/17 20:40:18 1806 seconds since last log event
05/05/17 20:40:18 Pending DAG nodes:
05/05/17 20:40:18   Node cbow_tfidf_lstm, HTCondor ID 1071, status STATUS_SUBMITTED
05/05/17 20:50:20 2408 seconds since last log event
05/05/17 20:50:20 Pending DAG nodes:
05/05/17 20:50:20   Node cbow_tfidf_lstm, HTCondor ID 1071, status STATUS_SUBMITTED
05/05/17 21:00:22 3010 seconds since last log event
05/05/17 21:00:22 Pending DAG nodes:
05/05/17 21:00:22   Node cbow_tfidf_lstm, HTCondor ID 1071, status STATUS_SUBMITTED
05/05/17 21:10:25 3613 seconds since last log event
05/05/17 21:10:25 Pending DAG nodes:
05/05/17 21:10:25   Node cbow_tfidf_lstm, HTCondor ID 1071, status STATUS_SUBMITTED
05/05/17 21:20:27 4215 seconds since last log event
05/05/17 21:20:27 Pending DAG nodes:
05/05/17 21:20:27   Node cbow_tfidf_lstm, HTCondor ID 1071, status STATUS_SUBMITTED
05/05/17 21:30:29 4817 seconds since last log event
05/05/17 21:30:29 Pending DAG nodes:
05/05/17 21:30:29   Node cbow_tfidf_lstm, HTCondor ID 1071, status STATUS_SUBMITTED
05/05/17 21:40:31 5419 seconds since last log event
05/05/17 21:40:31 Pending DAG nodes:
05/05/17 21:40:31   Node cbow_tfidf_lstm, HTCondor ID 1071, status STATUS_SUBMITTED
05/05/17 21:50:33 6021 seconds since last log event
05/05/17 21:50:33 Pending DAG nodes:
05/05/17 21:50:33   Node cbow_tfidf_lstm, HTCondor ID 1071, status STATUS_SUBMITTED
05/05/17 22:00:35 6623 seconds since last log event
05/05/17 22:00:35 Pending DAG nodes:
05/05/17 22:00:35   Node cbow_tfidf_lstm, HTCondor ID 1071, status STATUS_SUBMITTED
05/05/17 22:10:37 7225 seconds since last log event
05/05/17 22:10:37 Pending DAG nodes:
05/05/17 22:10:37   Node cbow_tfidf_lstm, HTCondor ID 1071, status STATUS_SUBMITTED
05/05/17 22:20:39 7827 seconds since last log event
05/05/17 22:20:39 Pending DAG nodes:
05/05/17 22:20:39   Node cbow_tfidf_lstm, HTCondor ID 1071, status STATUS_SUBMITTED
05/05/17 22:30:41 8429 seconds since last log event
05/05/17 22:30:41 Pending DAG nodes:
05/05/17 22:30:41   Node cbow_tfidf_lstm, HTCondor ID 1071, status STATUS_SUBMITTED
05/05/17 22:40:43 9031 seconds since last log event
05/05/17 22:40:43 Pending DAG nodes:
05/05/17 22:40:43   Node cbow_tfidf_lstm, HTCondor ID 1071, status STATUS_SUBMITTED
05/05/17 22:50:45 9633 seconds since last log event
05/05/17 22:50:45 Pending DAG nodes:
05/05/17 22:50:45   Node cbow_tfidf_lstm, HTCondor ID 1071, status STATUS_SUBMITTED
05/05/17 23:00:47 10235 seconds since last log event
05/05/17 23:00:47 Pending DAG nodes:
05/05/17 23:00:47   Node cbow_tfidf_lstm, HTCondor ID 1071, status STATUS_SUBMITTED
05/05/17 23:10:49 10837 seconds since last log event
05/05/17 23:10:49 Pending DAG nodes:
05/05/17 23:10:49   Node cbow_tfidf_lstm, HTCondor ID 1071, status STATUS_SUBMITTED
05/05/17 23:20:51 11439 seconds since last log event
05/05/17 23:20:51 Pending DAG nodes:
05/05/17 23:20:51   Node cbow_tfidf_lstm, HTCondor ID 1071, status STATUS_SUBMITTED
05/05/17 23:30:53 12041 seconds since last log event
05/05/17 23:30:53 Pending DAG nodes:
05/05/17 23:30:53   Node cbow_tfidf_lstm, HTCondor ID 1071, status STATUS_SUBMITTED
05/05/17 23:40:55 12643 seconds since last log event
05/05/17 23:40:55 Pending DAG nodes:
05/05/17 23:40:55   Node cbow_tfidf_lstm, HTCondor ID 1071, status STATUS_SUBMITTED
05/05/17 23:50:58 13246 seconds since last log event
05/05/17 23:50:58 Pending DAG nodes:
05/05/17 23:50:58   Node cbow_tfidf_lstm, HTCondor ID 1071, status STATUS_SUBMITTED
05/06/17 00:01:00 13848 seconds since last log event
05/06/17 00:01:00 Pending DAG nodes:
05/06/17 00:01:00   Node cbow_tfidf_lstm, HTCondor ID 1071, status STATUS_SUBMITTED
05/06/17 00:11:02 14450 seconds since last log event
05/06/17 00:11:02 Pending DAG nodes:
05/06/17 00:11:02   Node cbow_tfidf_lstm, HTCondor ID 1071, status STATUS_SUBMITTED
05/06/17 00:21:05 15053 seconds since last log event
05/06/17 00:21:05 Pending DAG nodes:
05/06/17 00:21:05   Node cbow_tfidf_lstm, HTCondor ID 1071, status STATUS_SUBMITTED
05/06/17 00:31:07 15655 seconds since last log event
05/06/17 00:31:07 Pending DAG nodes:
05/06/17 00:31:07   Node cbow_tfidf_lstm, HTCondor ID 1071, status STATUS_SUBMITTED
05/06/17 00:41:09 16257 seconds since last log event
05/06/17 00:41:09 Pending DAG nodes:
05/06/17 00:41:09   Node cbow_tfidf_lstm, HTCondor ID 1071, status STATUS_SUBMITTED
05/06/17 00:51:10 16858 seconds since last log event
05/06/17 00:51:10 Pending DAG nodes:
05/06/17 00:51:10   Node cbow_tfidf_lstm, HTCondor ID 1071, status STATUS_SUBMITTED
05/06/17 01:01:12 17460 seconds since last log event
05/06/17 01:01:12 Pending DAG nodes:
05/06/17 01:01:12   Node cbow_tfidf_lstm, HTCondor ID 1071, status STATUS_SUBMITTED
05/06/17 01:11:15 18063 seconds since last log event
05/06/17 01:11:15 Pending DAG nodes:
05/06/17 01:11:15   Node cbow_tfidf_lstm, HTCondor ID 1071, status STATUS_SUBMITTED
05/06/17 01:21:17 18665 seconds since last log event
05/06/17 01:21:17 Pending DAG nodes:
05/06/17 01:21:17   Node cbow_tfidf_lstm, HTCondor ID 1071, status STATUS_SUBMITTED
05/06/17 01:31:19 19267 seconds since last log event
05/06/17 01:31:19 Pending DAG nodes:
05/06/17 01:31:19   Node cbow_tfidf_lstm, HTCondor ID 1071, status STATUS_SUBMITTED
05/06/17 01:41:21 19869 seconds since last log event
05/06/17 01:41:21 Pending DAG nodes:
05/06/17 01:41:21   Node cbow_tfidf_lstm, HTCondor ID 1071, status STATUS_SUBMITTED
05/06/17 01:51:23 20471 seconds since last log event
05/06/17 01:51:23 Pending DAG nodes:
05/06/17 01:51:23   Node cbow_tfidf_lstm, HTCondor ID 1071, status STATUS_SUBMITTED
05/06/17 02:01:25 21073 seconds since last log event
05/06/17 02:01:25 Pending DAG nodes:
05/06/17 02:01:25   Node cbow_tfidf_lstm, HTCondor ID 1071, status STATUS_SUBMITTED
05/06/17 02:11:28 21676 seconds since last log event
05/06/17 02:11:28 Pending DAG nodes:
05/06/17 02:11:28   Node cbow_tfidf_lstm, HTCondor ID 1071, status STATUS_SUBMITTED
05/06/17 02:21:30 22278 seconds since last log event
05/06/17 02:21:30 Pending DAG nodes:
05/06/17 02:21:30   Node cbow_tfidf_lstm, HTCondor ID 1071, status STATUS_SUBMITTED
05/06/17 02:31:31 22879 seconds since last log event
05/06/17 02:31:31 Pending DAG nodes:
05/06/17 02:31:31   Node cbow_tfidf_lstm, HTCondor ID 1071, status STATUS_SUBMITTED
05/06/17 02:41:33 23481 seconds since last log event
05/06/17 02:41:33 Pending DAG nodes:
05/06/17 02:41:33   Node cbow_tfidf_lstm, HTCondor ID 1071, status STATUS_SUBMITTED
05/06/17 02:51:35 24083 seconds since last log event
05/06/17 02:51:35 Pending DAG nodes:
05/06/17 02:51:35   Node cbow_tfidf_lstm, HTCondor ID 1071, status STATUS_SUBMITTED
05/06/17 03:01:37 24685 seconds since last log event
05/06/17 03:01:37 Pending DAG nodes:
05/06/17 03:01:37   Node cbow_tfidf_lstm, HTCondor ID 1071, status STATUS_SUBMITTED
05/06/17 03:11:38 25286 seconds since last log event
05/06/17 03:11:38 Pending DAG nodes:
05/06/17 03:11:38   Node cbow_tfidf_lstm, HTCondor ID 1071, status STATUS_SUBMITTED
05/06/17 03:21:41 25889 seconds since last log event
05/06/17 03:21:41 Pending DAG nodes:
05/06/17 03:21:41   Node cbow_tfidf_lstm, HTCondor ID 1071, status STATUS_SUBMITTED
05/06/17 03:31:43 26491 seconds since last log event
05/06/17 03:31:43 Pending DAG nodes:
05/06/17 03:31:43   Node cbow_tfidf_lstm, HTCondor ID 1071, status STATUS_SUBMITTED
05/06/17 03:41:45 27093 seconds since last log event
05/06/17 03:41:45 Pending DAG nodes:
05/06/17 03:41:45   Node cbow_tfidf_lstm, HTCondor ID 1071, status STATUS_SUBMITTED
05/06/17 03:51:47 27695 seconds since last log event
05/06/17 03:51:47 Pending DAG nodes:
05/06/17 03:51:47   Node cbow_tfidf_lstm, HTCondor ID 1071, status STATUS_SUBMITTED
05/06/17 04:01:48 28296 seconds since last log event
05/06/17 04:01:48 Pending DAG nodes:
05/06/17 04:01:48   Node cbow_tfidf_lstm, HTCondor ID 1071, status STATUS_SUBMITTED
05/06/17 04:11:51 28899 seconds since last log event
05/06/17 04:11:51 Pending DAG nodes:
05/06/17 04:11:51   Node cbow_tfidf_lstm, HTCondor ID 1071, status STATUS_SUBMITTED
05/06/17 04:21:53 29501 seconds since last log event
05/06/17 04:21:53 Pending DAG nodes:
05/06/17 04:21:53   Node cbow_tfidf_lstm, HTCondor ID 1071, status STATUS_SUBMITTED
05/06/17 04:31:55 30103 seconds since last log event
05/06/17 04:31:55 Pending DAG nodes:
05/06/17 04:31:55   Node cbow_tfidf_lstm, HTCondor ID 1071, status STATUS_SUBMITTED
05/06/17 04:41:57 30705 seconds since last log event
05/06/17 04:41:57 Pending DAG nodes:
05/06/17 04:41:57   Node cbow_tfidf_lstm, HTCondor ID 1071, status STATUS_SUBMITTED
05/06/17 04:51:59 31307 seconds since last log event
05/06/17 04:51:59 Pending DAG nodes:
05/06/17 04:51:59   Node cbow_tfidf_lstm, HTCondor ID 1071, status STATUS_SUBMITTED
05/06/17 05:02:02 31910 seconds since last log event
05/06/17 05:02:02 Pending DAG nodes:
05/06/17 05:02:02   Node cbow_tfidf_lstm, HTCondor ID 1071, status STATUS_SUBMITTED
05/06/17 05:12:04 32512 seconds since last log event
05/06/17 05:12:04 Pending DAG nodes:
05/06/17 05:12:04   Node cbow_tfidf_lstm, HTCondor ID 1071, status STATUS_SUBMITTED
05/06/17 05:22:06 33114 seconds since last log event
05/06/17 05:22:06 Pending DAG nodes:
05/06/17 05:22:06   Node cbow_tfidf_lstm, HTCondor ID 1071, status STATUS_SUBMITTED
05/06/17 05:32:08 33716 seconds since last log event
05/06/17 05:32:08 Pending DAG nodes:
05/06/17 05:32:08   Node cbow_tfidf_lstm, HTCondor ID 1071, status STATUS_SUBMITTED
05/06/17 05:42:10 34318 seconds since last log event
05/06/17 05:42:10 Pending DAG nodes:
05/06/17 05:42:10   Node cbow_tfidf_lstm, HTCondor ID 1071, status STATUS_SUBMITTED
05/06/17 05:52:12 34920 seconds since last log event
05/06/17 05:52:12 Pending DAG nodes:
05/06/17 05:52:12   Node cbow_tfidf_lstm, HTCondor ID 1071, status STATUS_SUBMITTED
05/06/17 06:02:15 35523 seconds since last log event
05/06/17 06:02:15 Pending DAG nodes:
05/06/17 06:02:15   Node cbow_tfidf_lstm, HTCondor ID 1071, status STATUS_SUBMITTED
05/06/17 06:12:17 36125 seconds since last log event
05/06/17 06:12:17 Pending DAG nodes:
05/06/17 06:12:17   Node cbow_tfidf_lstm, HTCondor ID 1071, status STATUS_SUBMITTED
05/06/17 06:22:19 36727 seconds since last log event
05/06/17 06:22:19 Pending DAG nodes:
05/06/17 06:22:19   Node cbow_tfidf_lstm, HTCondor ID 1071, status STATUS_SUBMITTED
05/06/17 06:32:21 37329 seconds since last log event
05/06/17 06:32:21 Pending DAG nodes:
05/06/17 06:32:21   Node cbow_tfidf_lstm, HTCondor ID 1071, status STATUS_SUBMITTED
05/06/17 06:42:22 37930 seconds since last log event
05/06/17 06:42:22 Pending DAG nodes:
05/06/17 06:42:22   Node cbow_tfidf_lstm, HTCondor ID 1071, status STATUS_SUBMITTED
05/06/17 06:52:24 38532 seconds since last log event
05/06/17 06:52:24 Pending DAG nodes:
05/06/17 06:52:24   Node cbow_tfidf_lstm, HTCondor ID 1071, status STATUS_SUBMITTED
05/06/17 07:02:27 39135 seconds since last log event
05/06/17 07:02:27 Pending DAG nodes:
05/06/17 07:02:27   Node cbow_tfidf_lstm, HTCondor ID 1071, status STATUS_SUBMITTED
05/06/17 07:12:29 39737 seconds since last log event
05/06/17 07:12:29 Pending DAG nodes:
05/06/17 07:12:29   Node cbow_tfidf_lstm, HTCondor ID 1071, status STATUS_SUBMITTED
05/06/17 07:22:31 40339 seconds since last log event
05/06/17 07:22:31 Pending DAG nodes:
05/06/17 07:22:31   Node cbow_tfidf_lstm, HTCondor ID 1071, status STATUS_SUBMITTED
05/06/17 07:32:33 40941 seconds since last log event
05/06/17 07:32:33 Pending DAG nodes:
05/06/17 07:32:33   Node cbow_tfidf_lstm, HTCondor ID 1071, status STATUS_SUBMITTED
05/06/17 07:42:35 41543 seconds since last log event
05/06/17 07:42:35 Pending DAG nodes:
05/06/17 07:42:35   Node cbow_tfidf_lstm, HTCondor ID 1071, status STATUS_SUBMITTED
05/06/17 07:52:37 42145 seconds since last log event
05/06/17 07:52:37 Pending DAG nodes:
05/06/17 07:52:37   Node cbow_tfidf_lstm, HTCondor ID 1071, status STATUS_SUBMITTED
05/06/17 08:02:40 42748 seconds since last log event
05/06/17 08:02:40 Pending DAG nodes:
05/06/17 08:02:40   Node cbow_tfidf_lstm, HTCondor ID 1071, status STATUS_SUBMITTED
05/06/17 08:12:42 43350 seconds since last log event
05/06/17 08:12:42 Pending DAG nodes:
05/06/17 08:12:42   Node cbow_tfidf_lstm, HTCondor ID 1071, status STATUS_SUBMITTED
05/06/17 08:22:43 43951 seconds since last log event
05/06/17 08:22:43 Pending DAG nodes:
05/06/17 08:22:43   Node cbow_tfidf_lstm, HTCondor ID 1071, status STATUS_SUBMITTED
05/06/17 08:32:45 44553 seconds since last log event
05/06/17 08:32:45 Pending DAG nodes:
05/06/17 08:32:45   Node cbow_tfidf_lstm, HTCondor ID 1071, status STATUS_SUBMITTED
05/06/17 08:42:47 45155 seconds since last log event
05/06/17 08:42:47 Pending DAG nodes:
05/06/17 08:42:47   Node cbow_tfidf_lstm, HTCondor ID 1071, status STATUS_SUBMITTED
05/06/17 08:52:49 45757 seconds since last log event
05/06/17 08:52:49 Pending DAG nodes:
05/06/17 08:52:49   Node cbow_tfidf_lstm, HTCondor ID 1071, status STATUS_SUBMITTED
05/06/17 09:02:52 46360 seconds since last log event
05/06/17 09:02:52 Pending DAG nodes:
05/06/17 09:02:52   Node cbow_tfidf_lstm, HTCondor ID 1071, status STATUS_SUBMITTED
05/06/17 09:12:54 46962 seconds since last log event
05/06/17 09:12:54 Pending DAG nodes:
05/06/17 09:12:54   Node cbow_tfidf_lstm, HTCondor ID 1071, status STATUS_SUBMITTED
05/06/17 09:22:56 47564 seconds since last log event
05/06/17 09:22:56 Pending DAG nodes:
05/06/17 09:22:56   Node cbow_tfidf_lstm, HTCondor ID 1071, status STATUS_SUBMITTED
05/06/17 09:32:57 48165 seconds since last log event
05/06/17 09:32:57 Pending DAG nodes:
05/06/17 09:32:57   Node cbow_tfidf_lstm, HTCondor ID 1071, status STATUS_SUBMITTED
05/06/17 09:42:59 48767 seconds since last log event
05/06/17 09:42:59 Pending DAG nodes:
05/06/17 09:42:59   Node cbow_tfidf_lstm, HTCondor ID 1071, status STATUS_SUBMITTED
05/06/17 09:53:01 49369 seconds since last log event
05/06/17 09:53:01 Pending DAG nodes:
05/06/17 09:53:01   Node cbow_tfidf_lstm, HTCondor ID 1071, status STATUS_SUBMITTED
05/06/17 10:03:03 49971 seconds since last log event
05/06/17 10:03:03 Pending DAG nodes:
05/06/17 10:03:03   Node cbow_tfidf_lstm, HTCondor ID 1071, status STATUS_SUBMITTED
05/06/17 10:13:04 50572 seconds since last log event
05/06/17 10:13:04 Pending DAG nodes:
05/06/17 10:13:04   Node cbow_tfidf_lstm, HTCondor ID 1071, status STATUS_SUBMITTED
05/06/17 10:23:06 51174 seconds since last log event
05/06/17 10:23:06 Pending DAG nodes:
05/06/17 10:23:06   Node cbow_tfidf_lstm, HTCondor ID 1071, status STATUS_SUBMITTED
05/06/17 10:33:09 51777 seconds since last log event
05/06/17 10:33:09 Pending DAG nodes:
05/06/17 10:33:09   Node cbow_tfidf_lstm, HTCondor ID 1071, status STATUS_SUBMITTED
05/06/17 10:43:11 52379 seconds since last log event
05/06/17 10:43:11 Pending DAG nodes:
05/06/17 10:43:11   Node cbow_tfidf_lstm, HTCondor ID 1071, status STATUS_SUBMITTED
05/06/17 10:53:13 52981 seconds since last log event
05/06/17 10:53:13 Pending DAG nodes:
05/06/17 10:53:13   Node cbow_tfidf_lstm, HTCondor ID 1071, status STATUS_SUBMITTED
05/06/17 11:03:15 53583 seconds since last log event
05/06/17 11:03:15 Pending DAG nodes:
05/06/17 11:03:15   Node cbow_tfidf_lstm, HTCondor ID 1071, status STATUS_SUBMITTED
05/06/17 11:13:17 54185 seconds since last log event
05/06/17 11:13:17 Pending DAG nodes:
05/06/17 11:13:17   Node cbow_tfidf_lstm, HTCondor ID 1071, status STATUS_SUBMITTED
05/06/17 11:23:20 54788 seconds since last log event
05/06/17 11:23:20 Pending DAG nodes:
05/06/17 11:23:20   Node cbow_tfidf_lstm, HTCondor ID 1071, status STATUS_SUBMITTED
05/06/17 11:33:22 55390 seconds since last log event
05/06/17 11:33:22 Pending DAG nodes:
05/06/17 11:33:22   Node cbow_tfidf_lstm, HTCondor ID 1071, status STATUS_SUBMITTED
05/06/17 11:43:24 55992 seconds since last log event
05/06/17 11:43:24 Pending DAG nodes:
05/06/17 11:43:24   Node cbow_tfidf_lstm, HTCondor ID 1071, status STATUS_SUBMITTED
05/06/17 11:53:26 56594 seconds since last log event
05/06/17 11:53:26 Pending DAG nodes:
05/06/17 11:53:26   Node cbow_tfidf_lstm, HTCondor ID 1071, status STATUS_SUBMITTED
05/06/17 12:03:28 57196 seconds since last log event
05/06/17 12:03:28 Pending DAG nodes:
05/06/17 12:03:28   Node cbow_tfidf_lstm, HTCondor ID 1071, status STATUS_SUBMITTED
05/06/17 12:13:30 57798 seconds since last log event
05/06/17 12:13:30 Pending DAG nodes:
05/06/17 12:13:30   Node cbow_tfidf_lstm, HTCondor ID 1071, status STATUS_SUBMITTED
05/06/17 12:23:32 58400 seconds since last log event
05/06/17 12:23:32 Pending DAG nodes:
05/06/17 12:23:32   Node cbow_tfidf_lstm, HTCondor ID 1071, status STATUS_SUBMITTED
05/06/17 12:33:34 59002 seconds since last log event
05/06/17 12:33:34 Pending DAG nodes:
05/06/17 12:33:34   Node cbow_tfidf_lstm, HTCondor ID 1071, status STATUS_SUBMITTED
05/06/17 12:43:37 59605 seconds since last log event
05/06/17 12:43:37 Pending DAG nodes:
05/06/17 12:43:37   Node cbow_tfidf_lstm, HTCondor ID 1071, status STATUS_SUBMITTED
05/06/17 12:53:38 60206 seconds since last log event
05/06/17 12:53:38 Pending DAG nodes:
05/06/17 12:53:38   Node cbow_tfidf_lstm, HTCondor ID 1071, status STATUS_SUBMITTED
05/06/17 13:03:41 60809 seconds since last log event
05/06/17 13:03:41 Pending DAG nodes:
05/06/17 13:03:41   Node cbow_tfidf_lstm, HTCondor ID 1071, status STATUS_SUBMITTED
05/06/17 13:13:43 61411 seconds since last log event
05/06/17 13:13:43 Pending DAG nodes:
05/06/17 13:13:43   Node cbow_tfidf_lstm, HTCondor ID 1071, status STATUS_SUBMITTED
05/06/17 13:23:45 62013 seconds since last log event
05/06/17 13:23:45 Pending DAG nodes:
05/06/17 13:23:45   Node cbow_tfidf_lstm, HTCondor ID 1071, status STATUS_SUBMITTED
05/06/17 13:33:47 62615 seconds since last log event
05/06/17 13:33:47 Pending DAG nodes:
05/06/17 13:33:47   Node cbow_tfidf_lstm, HTCondor ID 1071, status STATUS_SUBMITTED
05/06/17 13:43:49 63217 seconds since last log event
05/06/17 13:43:49 Pending DAG nodes:
05/06/17 13:43:49   Node cbow_tfidf_lstm, HTCondor ID 1071, status STATUS_SUBMITTED
05/06/17 13:53:51 63819 seconds since last log event
05/06/17 13:53:51 Pending DAG nodes:
05/06/17 13:53:51   Node cbow_tfidf_lstm, HTCondor ID 1071, status STATUS_SUBMITTED
05/06/17 14:03:54 64422 seconds since last log event
05/06/17 14:03:54 Pending DAG nodes:
05/06/17 14:03:54   Node cbow_tfidf_lstm, HTCondor ID 1071, status STATUS_SUBMITTED
05/06/17 14:13:56 65024 seconds since last log event
05/06/17 14:13:56 Pending DAG nodes:
05/06/17 14:13:56   Node cbow_tfidf_lstm, HTCondor ID 1071, status STATUS_SUBMITTED
05/06/17 14:23:58 65626 seconds since last log event
05/06/17 14:23:58 Pending DAG nodes:
05/06/17 14:23:58   Node cbow_tfidf_lstm, HTCondor ID 1071, status STATUS_SUBMITTED
05/06/17 14:33:59 66227 seconds since last log event
05/06/17 14:33:59 Pending DAG nodes:
05/06/17 14:33:59   Node cbow_tfidf_lstm, HTCondor ID 1071, status STATUS_SUBMITTED
05/06/17 14:44:01 66829 seconds since last log event
05/06/17 14:44:01 Pending DAG nodes:
05/06/17 14:44:01   Node cbow_tfidf_lstm, HTCondor ID 1071, status STATUS_SUBMITTED
05/06/17 14:54:03 67431 seconds since last log event
05/06/17 14:54:03 Pending DAG nodes:
05/06/17 14:54:03   Node cbow_tfidf_lstm, HTCondor ID 1071, status STATUS_SUBMITTED
05/06/17 15:04:06 68034 seconds since last log event
05/06/17 15:04:06 Pending DAG nodes:
05/06/17 15:04:06   Node cbow_tfidf_lstm, HTCondor ID 1071, status STATUS_SUBMITTED
05/06/17 15:14:08 68636 seconds since last log event
05/06/17 15:14:08 Pending DAG nodes:
05/06/17 15:14:08   Node cbow_tfidf_lstm, HTCondor ID 1071, status STATUS_SUBMITTED
05/06/17 15:24:10 69238 seconds since last log event
05/06/17 15:24:10 Pending DAG nodes:
05/06/17 15:24:10   Node cbow_tfidf_lstm, HTCondor ID 1071, status STATUS_SUBMITTED
05/06/17 15:34:12 69840 seconds since last log event
05/06/17 15:34:12 Pending DAG nodes:
05/06/17 15:34:12   Node cbow_tfidf_lstm, HTCondor ID 1071, status STATUS_SUBMITTED
05/06/17 15:44:14 70442 seconds since last log event
05/06/17 15:44:14 Pending DAG nodes:
05/06/17 15:44:14   Node cbow_tfidf_lstm, HTCondor ID 1071, status STATUS_SUBMITTED
05/06/17 15:54:16 71044 seconds since last log event
05/06/17 15:54:16 Pending DAG nodes:
05/06/17 15:54:16   Node cbow_tfidf_lstm, HTCondor ID 1071, status STATUS_SUBMITTED
05/06/17 16:04:16 71644 seconds since last log event
05/06/17 16:04:16 Pending DAG nodes:
05/06/17 16:04:16   Node cbow_tfidf_lstm, HTCondor ID 1071, status STATUS_SUBMITTED
05/06/17 16:14:18 72246 seconds since last log event
05/06/17 16:14:18 Pending DAG nodes:
05/06/17 16:14:18   Node cbow_tfidf_lstm, HTCondor ID 1071, status STATUS_SUBMITTED
05/06/17 16:24:19 72847 seconds since last log event
05/06/17 16:24:19 Pending DAG nodes:
05/06/17 16:24:19   Node cbow_tfidf_lstm, HTCondor ID 1071, status STATUS_SUBMITTED
05/06/17 16:34:21 73449 seconds since last log event
05/06/17 16:34:21 Pending DAG nodes:
05/06/17 16:34:21   Node cbow_tfidf_lstm, HTCondor ID 1071, status STATUS_SUBMITTED
05/06/17 16:44:23 74051 seconds since last log event
05/06/17 16:44:23 Pending DAG nodes:
05/06/17 16:44:23   Node cbow_tfidf_lstm, HTCondor ID 1071, status STATUS_SUBMITTED
05/06/17 16:54:25 74653 seconds since last log event
05/06/17 16:54:25 Pending DAG nodes:
05/06/17 16:54:25   Node cbow_tfidf_lstm, HTCondor ID 1071, status STATUS_SUBMITTED
05/06/17 17:04:27 75255 seconds since last log event
05/06/17 17:04:27 Pending DAG nodes:
05/06/17 17:04:27   Node cbow_tfidf_lstm, HTCondor ID 1071, status STATUS_SUBMITTED
05/06/17 17:14:30 75858 seconds since last log event
05/06/17 17:14:30 Pending DAG nodes:
05/06/17 17:14:30   Node cbow_tfidf_lstm, HTCondor ID 1071, status STATUS_SUBMITTED
05/06/17 17:24:32 76460 seconds since last log event
05/06/17 17:24:32 Pending DAG nodes:
05/06/17 17:24:32   Node cbow_tfidf_lstm, HTCondor ID 1071, status STATUS_SUBMITTED
05/06/17 17:34:34 77062 seconds since last log event
05/06/17 17:34:34 Pending DAG nodes:
05/06/17 17:34:34   Node cbow_tfidf_lstm, HTCondor ID 1071, status STATUS_SUBMITTED
05/06/17 17:44:36 77664 seconds since last log event
05/06/17 17:44:36 Pending DAG nodes:
05/06/17 17:44:36   Node cbow_tfidf_lstm, HTCondor ID 1071, status STATUS_SUBMITTED
05/06/17 17:54:39 78267 seconds since last log event
05/06/17 17:54:39 Pending DAG nodes:
05/06/17 17:54:39   Node cbow_tfidf_lstm, HTCondor ID 1071, status STATUS_SUBMITTED
05/06/17 18:04:41 78869 seconds since last log event
05/06/17 18:04:41 Pending DAG nodes:
05/06/17 18:04:41   Node cbow_tfidf_lstm, HTCondor ID 1071, status STATUS_SUBMITTED
05/06/17 18:14:43 79471 seconds since last log event
05/06/17 18:14:43 Pending DAG nodes:
05/06/17 18:14:43   Node cbow_tfidf_lstm, HTCondor ID 1071, status STATUS_SUBMITTED
05/06/17 18:24:45 80073 seconds since last log event
05/06/17 18:24:45 Pending DAG nodes:
05/06/17 18:24:45   Node cbow_tfidf_lstm, HTCondor ID 1071, status STATUS_SUBMITTED
05/06/17 18:34:47 80675 seconds since last log event
05/06/17 18:34:47 Pending DAG nodes:
05/06/17 18:34:47   Node cbow_tfidf_lstm, HTCondor ID 1071, status STATUS_SUBMITTED
05/06/17 18:44:49 81277 seconds since last log event
05/06/17 18:44:49 Pending DAG nodes:
05/06/17 18:44:49   Node cbow_tfidf_lstm, HTCondor ID 1071, status STATUS_SUBMITTED
05/06/17 18:54:52 81880 seconds since last log event
05/06/17 18:54:52 Pending DAG nodes:
05/06/17 18:54:52   Node cbow_tfidf_lstm, HTCondor ID 1071, status STATUS_SUBMITTED
05/06/17 19:04:54 82482 seconds since last log event
05/06/17 19:04:54 Pending DAG nodes:
05/06/17 19:04:54   Node cbow_tfidf_lstm, HTCondor ID 1071, status STATUS_SUBMITTED
05/06/17 19:14:55 83083 seconds since last log event
05/06/17 19:14:55 Pending DAG nodes:
05/06/17 19:14:55   Node cbow_tfidf_lstm, HTCondor ID 1071, status STATUS_SUBMITTED
05/06/17 19:24:57 83685 seconds since last log event
05/06/17 19:24:57 Pending DAG nodes:
05/06/17 19:24:57   Node cbow_tfidf_lstm, HTCondor ID 1071, status STATUS_SUBMITTED
05/06/17 19:34:59 84287 seconds since last log event
05/06/17 19:34:59 Pending DAG nodes:
05/06/17 19:34:59   Node cbow_tfidf_lstm, HTCondor ID 1071, status STATUS_SUBMITTED
05/06/17 19:45:02 84890 seconds since last log event
05/06/17 19:45:02 Pending DAG nodes:
05/06/17 19:45:02   Node cbow_tfidf_lstm, HTCondor ID 1071, status STATUS_SUBMITTED
05/06/17 19:55:04 85492 seconds since last log event
05/06/17 19:55:04 Pending DAG nodes:
05/06/17 19:55:04   Node cbow_tfidf_lstm, HTCondor ID 1071, status STATUS_SUBMITTED
05/06/17 20:05:06 86094 seconds since last log event
05/06/17 20:05:06 Pending DAG nodes:
05/06/17 20:05:06   Node cbow_tfidf_lstm, HTCondor ID 1071, status STATUS_SUBMITTED
05/06/17 20:15:08 86696 seconds since last log event
05/06/17 20:15:08 Pending DAG nodes:
05/06/17 20:15:08   Node cbow_tfidf_lstm, HTCondor ID 1071, status STATUS_SUBMITTED
05/06/17 20:25:11 87299 seconds since last log event
05/06/17 20:25:11 Pending DAG nodes:
05/06/17 20:25:11   Node cbow_tfidf_lstm, HTCondor ID 1071, status STATUS_SUBMITTED
05/06/17 20:35:12 87900 seconds since last log event
05/06/17 20:35:12 Pending DAG nodes:
05/06/17 20:35:12   Node cbow_tfidf_lstm, HTCondor ID 1071, status STATUS_SUBMITTED
05/06/17 20:45:15 88503 seconds since last log event
05/06/17 20:45:15 Pending DAG nodes:
05/06/17 20:45:15   Node cbow_tfidf_lstm, HTCondor ID 1071, status STATUS_SUBMITTED
05/06/17 20:55:17 89105 seconds since last log event
05/06/17 20:55:17 Pending DAG nodes:
05/06/17 20:55:17   Node cbow_tfidf_lstm, HTCondor ID 1071, status STATUS_SUBMITTED
05/06/17 21:05:18 89706 seconds since last log event
05/06/17 21:05:18 Pending DAG nodes:
05/06/17 21:05:18   Node cbow_tfidf_lstm, HTCondor ID 1071, status STATUS_SUBMITTED
05/06/17 21:15:20 90308 seconds since last log event
05/06/17 21:15:20 Pending DAG nodes:
05/06/17 21:15:20   Node cbow_tfidf_lstm, HTCondor ID 1071, status STATUS_SUBMITTED
05/06/17 21:25:22 90910 seconds since last log event
05/06/17 21:25:22 Pending DAG nodes:
05/06/17 21:25:22   Node cbow_tfidf_lstm, HTCondor ID 1071, status STATUS_SUBMITTED
05/06/17 21:35:25 91513 seconds since last log event
05/06/17 21:35:25 Pending DAG nodes:
05/06/17 21:35:25   Node cbow_tfidf_lstm, HTCondor ID 1071, status STATUS_SUBMITTED
05/06/17 21:45:28 92116 seconds since last log event
05/06/17 21:45:28 Pending DAG nodes:
05/06/17 21:45:28   Node cbow_tfidf_lstm, HTCondor ID 1071, status STATUS_SUBMITTED
05/06/17 21:55:30 92718 seconds since last log event
05/06/17 21:55:30 Pending DAG nodes:
05/06/17 21:55:30   Node cbow_tfidf_lstm, HTCondor ID 1071, status STATUS_SUBMITTED
05/06/17 22:05:33 93321 seconds since last log event
05/06/17 22:05:33 Pending DAG nodes:
05/06/17 22:05:33   Node cbow_tfidf_lstm, HTCondor ID 1071, status STATUS_SUBMITTED
05/06/17 22:15:35 93923 seconds since last log event
05/06/17 22:15:35 Pending DAG nodes:
05/06/17 22:15:35   Node cbow_tfidf_lstm, HTCondor ID 1071, status STATUS_SUBMITTED
05/06/17 22:25:37 94525 seconds since last log event
05/06/17 22:25:37 Pending DAG nodes:
05/06/17 22:25:37   Node cbow_tfidf_lstm, HTCondor ID 1071, status STATUS_SUBMITTED
05/06/17 22:35:39 95127 seconds since last log event
05/06/17 22:35:39 Pending DAG nodes:
05/06/17 22:35:39   Node cbow_tfidf_lstm, HTCondor ID 1071, status STATUS_SUBMITTED
05/06/17 22:45:41 95729 seconds since last log event
05/06/17 22:45:41 Pending DAG nodes:
05/06/17 22:45:41   Node cbow_tfidf_lstm, HTCondor ID 1071, status STATUS_SUBMITTED
05/06/17 22:55:43 96331 seconds since last log event
05/06/17 22:55:43 Pending DAG nodes:
05/06/17 22:55:43   Node cbow_tfidf_lstm, HTCondor ID 1071, status STATUS_SUBMITTED
05/06/17 23:05:45 96933 seconds since last log event
05/06/17 23:05:45 Pending DAG nodes:
05/06/17 23:05:45   Node cbow_tfidf_lstm, HTCondor ID 1071, status STATUS_SUBMITTED
05/06/17 23:15:48 97536 seconds since last log event
05/06/17 23:15:48 Pending DAG nodes:
05/06/17 23:15:48   Node cbow_tfidf_lstm, HTCondor ID 1071, status STATUS_SUBMITTED
05/06/17 23:25:51 98139 seconds since last log event
05/06/17 23:25:51 Pending DAG nodes:
05/06/17 23:25:51   Node cbow_tfidf_lstm, HTCondor ID 1071, status STATUS_SUBMITTED
05/06/17 23:35:53 98741 seconds since last log event
05/06/17 23:35:53 Pending DAG nodes:
05/06/17 23:35:53   Node cbow_tfidf_lstm, HTCondor ID 1071, status STATUS_SUBMITTED
05/06/17 23:45:56 99344 seconds since last log event
05/06/17 23:45:56 Pending DAG nodes:
05/06/17 23:45:56   Node cbow_tfidf_lstm, HTCondor ID 1071, status STATUS_SUBMITTED
05/06/17 23:55:57 99945 seconds since last log event
05/06/17 23:55:57 Pending DAG nodes:
05/06/17 23:55:57   Node cbow_tfidf_lstm, HTCondor ID 1071, status STATUS_SUBMITTED
05/07/17 00:06:00 100548 seconds since last log event
05/07/17 00:06:00 Pending DAG nodes:
05/07/17 00:06:00   Node cbow_tfidf_lstm, HTCondor ID 1071, status STATUS_SUBMITTED
05/07/17 00:16:02 101150 seconds since last log event
05/07/17 00:16:02 Pending DAG nodes:
05/07/17 00:16:02   Node cbow_tfidf_lstm, HTCondor ID 1071, status STATUS_SUBMITTED
05/07/17 00:26:04 101752 seconds since last log event
05/07/17 00:26:04 Pending DAG nodes:
05/07/17 00:26:04   Node cbow_tfidf_lstm, HTCondor ID 1071, status STATUS_SUBMITTED
05/07/17 00:36:06 102354 seconds since last log event
05/07/17 00:36:06 Pending DAG nodes:
05/07/17 00:36:06   Node cbow_tfidf_lstm, HTCondor ID 1071, status STATUS_SUBMITTED
05/07/17 00:46:08 102956 seconds since last log event
05/07/17 00:46:08 Pending DAG nodes:
05/07/17 00:46:08   Node cbow_tfidf_lstm, HTCondor ID 1071, status STATUS_SUBMITTED
05/07/17 00:56:10 103558 seconds since last log event
05/07/17 00:56:10 Pending DAG nodes:
05/07/17 00:56:10   Node cbow_tfidf_lstm, HTCondor ID 1071, status STATUS_SUBMITTED
05/07/17 01:06:13 104161 seconds since last log event
05/07/17 01:06:13 Pending DAG nodes:
05/07/17 01:06:13   Node cbow_tfidf_lstm, HTCondor ID 1071, status STATUS_SUBMITTED
05/07/17 01:16:14 104762 seconds since last log event
05/07/17 01:16:14 Pending DAG nodes:
05/07/17 01:16:14   Node cbow_tfidf_lstm, HTCondor ID 1071, status STATUS_SUBMITTED
05/07/17 01:26:16 105364 seconds since last log event
05/07/17 01:26:16 Pending DAG nodes:
05/07/17 01:26:16   Node cbow_tfidf_lstm, HTCondor ID 1071, status STATUS_SUBMITTED
05/07/17 01:36:18 105966 seconds since last log event
05/07/17 01:36:18 Pending DAG nodes:
05/07/17 01:36:18   Node cbow_tfidf_lstm, HTCondor ID 1071, status STATUS_SUBMITTED
05/07/17 01:46:21 106569 seconds since last log event
05/07/17 01:46:21 Pending DAG nodes:
05/07/17 01:46:21   Node cbow_tfidf_lstm, HTCondor ID 1071, status STATUS_SUBMITTED
05/07/17 01:56:22 107170 seconds since last log event
05/07/17 01:56:22 Pending DAG nodes:
05/07/17 01:56:22   Node cbow_tfidf_lstm, HTCondor ID 1071, status STATUS_SUBMITTED
05/07/17 02:06:24 107772 seconds since last log event
05/07/17 02:06:24 Pending DAG nodes:
05/07/17 02:06:24   Node cbow_tfidf_lstm, HTCondor ID 1071, status STATUS_SUBMITTED
05/07/17 02:16:26 108374 seconds since last log event
05/07/17 02:16:26 Pending DAG nodes:
05/07/17 02:16:26   Node cbow_tfidf_lstm, HTCondor ID 1071, status STATUS_SUBMITTED
05/07/17 02:26:28 108976 seconds since last log event
05/07/17 02:26:28 Pending DAG nodes:
05/07/17 02:26:28   Node cbow_tfidf_lstm, HTCondor ID 1071, status STATUS_SUBMITTED
05/07/17 02:36:30 109578 seconds since last log event
05/07/17 02:36:30 Pending DAG nodes:
05/07/17 02:36:30   Node cbow_tfidf_lstm, HTCondor ID 1071, status STATUS_SUBMITTED
05/07/17 02:46:32 110180 seconds since last log event
05/07/17 02:46:32 Pending DAG nodes:
05/07/17 02:46:32   Node cbow_tfidf_lstm, HTCondor ID 1071, status STATUS_SUBMITTED
05/07/17 02:56:34 110782 seconds since last log event
05/07/17 02:56:34 Pending DAG nodes:
05/07/17 02:56:34   Node cbow_tfidf_lstm, HTCondor ID 1071, status STATUS_SUBMITTED
05/07/17 03:06:37 111385 seconds since last log event
05/07/17 03:06:37 Pending DAG nodes:
05/07/17 03:06:37   Node cbow_tfidf_lstm, HTCondor ID 1071, status STATUS_SUBMITTED
05/07/17 03:16:40 111988 seconds since last log event
05/07/17 03:16:40 Pending DAG nodes:
05/07/17 03:16:40   Node cbow_tfidf_lstm, HTCondor ID 1071, status STATUS_SUBMITTED
05/07/17 03:26:43 112591 seconds since last log event
05/07/17 03:26:43 Pending DAG nodes:
05/07/17 03:26:43   Node cbow_tfidf_lstm, HTCondor ID 1071, status STATUS_SUBMITTED
05/07/17 03:36:46 113194 seconds since last log event
05/07/17 03:36:46 Pending DAG nodes:
05/07/17 03:36:46   Node cbow_tfidf_lstm, HTCondor ID 1071, status STATUS_SUBMITTED
05/07/17 03:46:48 113796 seconds since last log event
05/07/17 03:46:48 Pending DAG nodes:
05/07/17 03:46:48   Node cbow_tfidf_lstm, HTCondor ID 1071, status STATUS_SUBMITTED
05/07/17 03:56:51 114399 seconds since last log event
05/07/17 03:56:51 Pending DAG nodes:
05/07/17 03:56:51   Node cbow_tfidf_lstm, HTCondor ID 1071, status STATUS_SUBMITTED
05/07/17 04:06:54 115002 seconds since last log event
05/07/17 04:06:54 Pending DAG nodes:
05/07/17 04:06:54   Node cbow_tfidf_lstm, HTCondor ID 1071, status STATUS_SUBMITTED
05/07/17 04:16:56 115604 seconds since last log event
05/07/17 04:16:56 Pending DAG nodes:
05/07/17 04:16:56   Node cbow_tfidf_lstm, HTCondor ID 1071, status STATUS_SUBMITTED
05/07/17 04:26:58 116206 seconds since last log event
05/07/17 04:26:58 Pending DAG nodes:
05/07/17 04:26:58   Node cbow_tfidf_lstm, HTCondor ID 1071, status STATUS_SUBMITTED
05/07/17 04:37:01 116809 seconds since last log event
05/07/17 04:37:01 Pending DAG nodes:
05/07/17 04:37:01   Node cbow_tfidf_lstm, HTCondor ID 1071, status STATUS_SUBMITTED
05/07/17 04:47:03 117411 seconds since last log event
05/07/17 04:47:03 Pending DAG nodes:
05/07/17 04:47:03   Node cbow_tfidf_lstm, HTCondor ID 1071, status STATUS_SUBMITTED
05/07/17 04:57:06 118014 seconds since last log event
05/07/17 04:57:06 Pending DAG nodes:
05/07/17 04:57:06   Node cbow_tfidf_lstm, HTCondor ID 1071, status STATUS_SUBMITTED
05/07/17 05:07:07 118615 seconds since last log event
05/07/17 05:07:07 Pending DAG nodes:
05/07/17 05:07:07   Node cbow_tfidf_lstm, HTCondor ID 1071, status STATUS_SUBMITTED
05/07/17 05:17:09 119217 seconds since last log event
05/07/17 05:17:09 Pending DAG nodes:
05/07/17 05:17:09   Node cbow_tfidf_lstm, HTCondor ID 1071, status STATUS_SUBMITTED
05/07/17 05:27:11 119819 seconds since last log event
05/07/17 05:27:11 Pending DAG nodes:
05/07/17 05:27:11   Node cbow_tfidf_lstm, HTCondor ID 1071, status STATUS_SUBMITTED
05/07/17 05:37:13 120421 seconds since last log event
05/07/17 05:37:13 Pending DAG nodes:
05/07/17 05:37:13   Node cbow_tfidf_lstm, HTCondor ID 1071, status STATUS_SUBMITTED
05/07/17 05:47:15 121023 seconds since last log event
05/07/17 05:47:15 Pending DAG nodes:
05/07/17 05:47:15   Node cbow_tfidf_lstm, HTCondor ID 1071, status STATUS_SUBMITTED
05/07/17 05:57:17 121625 seconds since last log event
05/07/17 05:57:17 Pending DAG nodes:
05/07/17 05:57:17   Node cbow_tfidf_lstm, HTCondor ID 1071, status STATUS_SUBMITTED
05/07/17 06:07:19 122227 seconds since last log event
05/07/17 06:07:19 Pending DAG nodes:
05/07/17 06:07:19   Node cbow_tfidf_lstm, HTCondor ID 1071, status STATUS_SUBMITTED
05/07/17 06:17:22 122830 seconds since last log event
05/07/17 06:17:22 Pending DAG nodes:
05/07/17 06:17:22   Node cbow_tfidf_lstm, HTCondor ID 1071, status STATUS_SUBMITTED
05/07/17 06:27:24 123432 seconds since last log event
05/07/17 06:27:24 Pending DAG nodes:
05/07/17 06:27:24   Node cbow_tfidf_lstm, HTCondor ID 1071, status STATUS_SUBMITTED
05/07/17 06:36:51 Currently monitoring 1 HTCondor log file(s)
05/07/17 06:36:51 Event: ULOG_EXECUTE for HTCondor Node cbow_tfidf_lstm (1071.0.0) {05/07/17 06:36:50}
05/07/17 06:36:51 Number of idle job procs: 0
05/07/17 06:46:53 602 seconds since last log event
05/07/17 06:46:53 Pending DAG nodes:
05/07/17 06:46:53   Node cbow_tfidf_lstm, HTCondor ID 1071, status STATUS_SUBMITTED
05/07/17 06:56:55 1204 seconds since last log event
05/07/17 06:56:55 Pending DAG nodes:
05/07/17 06:56:55   Node cbow_tfidf_lstm, HTCondor ID 1071, status STATUS_SUBMITTED
05/07/17 07:06:57 1806 seconds since last log event
05/07/17 07:06:57 Pending DAG nodes:
05/07/17 07:06:57   Node cbow_tfidf_lstm, HTCondor ID 1071, status STATUS_SUBMITTED
05/07/17 07:16:59 2408 seconds since last log event
05/07/17 07:16:59 Pending DAG nodes:
05/07/17 07:16:59   Node cbow_tfidf_lstm, HTCondor ID 1071, status STATUS_SUBMITTED
05/07/17 07:27:01 3010 seconds since last log event
05/07/17 07:27:01 Pending DAG nodes:
05/07/17 07:27:01   Node cbow_tfidf_lstm, HTCondor ID 1071, status STATUS_SUBMITTED
05/07/17 07:37:03 3612 seconds since last log event
05/07/17 07:37:03 Pending DAG nodes:
05/07/17 07:37:03   Node cbow_tfidf_lstm, HTCondor ID 1071, status STATUS_SUBMITTED
05/07/17 07:47:05 4214 seconds since last log event
05/07/17 07:47:05 Pending DAG nodes:
05/07/17 07:47:05   Node cbow_tfidf_lstm, HTCondor ID 1071, status STATUS_SUBMITTED
05/07/17 07:57:07 4816 seconds since last log event
05/07/17 07:57:07 Pending DAG nodes:
05/07/17 07:57:07   Node cbow_tfidf_lstm, HTCondor ID 1071, status STATUS_SUBMITTED
05/07/17 08:07:09 5418 seconds since last log event
05/07/17 08:07:09 Pending DAG nodes:
05/07/17 08:07:09   Node cbow_tfidf_lstm, HTCondor ID 1071, status STATUS_SUBMITTED
05/07/17 08:17:11 6020 seconds since last log event
05/07/17 08:17:11 Pending DAG nodes:
05/07/17 08:17:11   Node cbow_tfidf_lstm, HTCondor ID 1071, status STATUS_SUBMITTED
05/07/17 08:27:13 6622 seconds since last log event
05/07/17 08:27:13 Pending DAG nodes:
05/07/17 08:27:13   Node cbow_tfidf_lstm, HTCondor ID 1071, status STATUS_SUBMITTED
05/07/17 08:37:16 7225 seconds since last log event
05/07/17 08:37:16 Pending DAG nodes:
05/07/17 08:37:16   Node cbow_tfidf_lstm, HTCondor ID 1071, status STATUS_SUBMITTED
05/07/17 08:47:18 7827 seconds since last log event
05/07/17 08:47:18 Pending DAG nodes:
05/07/17 08:47:18   Node cbow_tfidf_lstm, HTCondor ID 1071, status STATUS_SUBMITTED
05/07/17 08:57:19 8428 seconds since last log event
05/07/17 08:57:19 Pending DAG nodes:
05/07/17 08:57:19   Node cbow_tfidf_lstm, HTCondor ID 1071, status STATUS_SUBMITTED
