I tensorflow/stream_executor/dso_loader.cc:128] successfully opened CUDA library libcublas.so locally
I tensorflow/stream_executor/dso_loader.cc:128] successfully opened CUDA library libcudnn.so locally
I tensorflow/stream_executor/dso_loader.cc:128] successfully opened CUDA library libcufft.so locally
I tensorflow/stream_executor/dso_loader.cc:128] successfully opened CUDA library libcuda.so.1 locally
I tensorflow/stream_executor/dso_loader.cc:128] successfully opened CUDA library libcurand.so locally
/users/start2014/r0364650/.local/lib/python2.7/site-packages/gensim/utils.py:1015: UserWarning: Pattern library is not installed, lemmatization won't be available.
  warnings.warn("Pattern library is not installed, lemmatization won't be available.")
I tensorflow/stream_executor/cuda/cuda_gpu_executor.cc:937] successful NUMA node read from SysFS had negative value (-1), but there must be at least one NUMA node, so returning NUMA node zero
I tensorflow/core/common_runtime/gpu/gpu_device.cc:885] Found device 0 with properties: 
name: TITAN X (Pascal)
major: 6 minor: 1 memoryClockRate (GHz) 1.531
pciBusID 0000:01:00.0
Total memory: 11.90GiB
Free memory: 11.52GiB
I tensorflow/core/common_runtime/gpu/gpu_device.cc:906] DMA: 0 
I tensorflow/core/common_runtime/gpu/gpu_device.cc:916] 0:   Y 
I tensorflow/core/common_runtime/gpu/gpu_device.cc:975] Creating TensorFlow device (/gpu:0) -> (device: 0, name: TITAN X (Pascal), pci bus id: 0000:01:00.0)
I tensorflow/core/common_runtime/gpu/pool_allocator.cc:247] PoolAllocator: After 10896 get requests, put_count=10800 evicted_count=1000 eviction_rate=0.0925926 and unsatisfied allocation rate=0.109765
I tensorflow/core/common_runtime/gpu/pool_allocator.cc:259] Raising pool_size_limit_ from 100 to 110
I tensorflow/core/common_runtime/gpu/pool_allocator.cc:247] PoolAllocator: After 4304644 get requests, put_count=4304645 evicted_count=3000 eviction_rate=0.000696922 and unsatisfied allocation rate=0.000701103
I tensorflow/core/common_runtime/gpu/pool_allocator.cc:247] PoolAllocator: After 16596323 get requests, put_count=16596324 evicted_count=13000 eviction_rate=0.000783306 and unsatisfied allocation rate=0.000784391
I tensorflow/core/common_runtime/gpu/pool_allocator.cc:247] PoolAllocator: After 28774525 get requests, put_count=28774526 evicted_count=23000 eviction_rate=0.000799318 and unsatisfied allocation rate=0.000799944
I tensorflow/core/common_runtime/gpu/pool_allocator.cc:247] PoolAllocator: After 41033782 get requests, put_count=41033783 evicted_count=33000 eviction_rate=0.000804215 and unsatisfied allocation rate=0.000804654
I tensorflow/core/common_runtime/gpu/pool_allocator.cc:247] PoolAllocator: After 53293039 get requests, put_count=53293040 evicted_count=43000 eviction_rate=0.00080686 and unsatisfied allocation rate=0.000807197
I tensorflow/core/common_runtime/gpu/pool_allocator.cc:247] PoolAllocator: After 65455030 get requests, put_count=65455031 evicted_count=53000 eviction_rate=0.000809716 and unsatisfied allocation rate=0.000809991
I tensorflow/core/common_runtime/gpu/pool_allocator.cc:247] PoolAllocator: After 77649443 get requests, put_count=77649444 evicted_count=63000 eviction_rate=0.000811339 and unsatisfied allocation rate=0.000811571
I tensorflow/core/common_runtime/gpu/pool_allocator.cc:247] PoolAllocator: After 89803952 get requests, put_count=89803946 evicted_count=73000 eviction_rate=0.000812882 and unsatisfied allocation rate=0.00081316
I tensorflow/core/common_runtime/gpu/pool_allocator.cc:247] PoolAllocator: After 102022058 get requests, put_count=102022059 evicted_count=83000 eviction_rate=0.00081355 and unsatisfied allocation rate=0.000813726
I tensorflow/core/common_runtime/gpu/pool_allocator.cc:247] PoolAllocator: After 114265104 get requests, put_count=114265105 evicted_count=93000 eviction_rate=0.000813897 and unsatisfied allocation rate=0.000814054
I tensorflow/core/common_runtime/gpu/pool_allocator.cc:247] PoolAllocator: After 126427095 get requests, put_count=126427096 evicted_count=103000 eviction_rate=0.000814699 and unsatisfied allocation rate=0.000814841
I tensorflow/core/common_runtime/gpu/pool_allocator.cc:247] PoolAllocator: After 138670141 get requests, put_count=138670142 evicted_count=113000 eviction_rate=0.000814883 and unsatisfied allocation rate=0.000815013
I tensorflow/core/common_runtime/gpu/pool_allocator.cc:247] PoolAllocator: After 150961820 get requests, put_count=150961821 evicted_count=123000 eviction_rate=0.000814776 and unsatisfied allocation rate=0.000814895
I tensorflow/core/common_runtime/gpu/pool_allocator.cc:247] PoolAllocator: After 163269710 get requests, put_count=163269711 evicted_count=133000 eviction_rate=0.000814603 and unsatisfied allocation rate=0.000814713
