000 (138.000.000) 04/09 18:13:07 Job submitted from host: <10.33.133.65:9618?addrs=10.33.133.65-9618+[--1]-9618&noUDP&sock=18891_3bb2_4>
    DAG Node: cbow_exp_soft
...
001 (138.000.000) 04/09 19:38:07 Job executing on host: <10.33.133.70:9618?addrs=10.33.133.70-9618+[--1]-9618&noUDP&sock=1350_90f1_3>
...
006 (138.000.000) 04/09 19:38:15 Image size of job updated: 182264
	178  -  MemoryUsage of job (MB)
	182264  -  ResidentSetSize of job (KB)
...
006 (138.000.000) 04/09 19:43:15 Image size of job updated: 2363732
	1753  -  MemoryUsage of job (MB)
	1794880  -  ResidentSetSize of job (KB)
...
006 (138.000.000) 04/09 19:48:16 Image size of job updated: 2371200
	1761  -  MemoryUsage of job (MB)
	1802348  -  ResidentSetSize of job (KB)
...
006 (138.000.000) 04/09 19:53:17 Image size of job updated: 2381808
	1771  -  MemoryUsage of job (MB)
	1812956  -  ResidentSetSize of job (KB)
...
006 (138.000.000) 04/09 19:58:18 Image size of job updated: 2390032
	1779  -  MemoryUsage of job (MB)
	1821180  -  ResidentSetSize of job (KB)
...
006 (138.000.000) 04/09 20:03:18 Image size of job updated: 2397360
	1786  -  MemoryUsage of job (MB)
	1828508  -  ResidentSetSize of job (KB)
...
006 (138.000.000) 04/09 20:08:18 Image size of job updated: 2403244
	1792  -  MemoryUsage of job (MB)
	1834392  -  ResidentSetSize of job (KB)
...
006 (138.000.000) 04/09 20:13:19 Image size of job updated: 2403248
	1792  -  MemoryUsage of job (MB)
	1834396  -  ResidentSetSize of job (KB)
...
006 (138.000.000) 04/09 20:28:21 Image size of job updated: 2403396
	1792  -  MemoryUsage of job (MB)
	1834544  -  ResidentSetSize of job (KB)
...
006 (138.000.000) 04/09 20:58:24 Image size of job updated: 2410900
	1799  -  MemoryUsage of job (MB)
	1842048  -  ResidentSetSize of job (KB)
...
006 (138.000.000) 04/09 21:43:31 Image size of job updated: 2410948
	1799  -  MemoryUsage of job (MB)
	1842096  -  ResidentSetSize of job (KB)
...
006 (138.000.000) 04/09 22:03:32 Image size of job updated: 2411200
	1800  -  MemoryUsage of job (MB)
	1842348  -  ResidentSetSize of job (KB)
...
006 (138.000.000) 04/09 23:28:41 Image size of job updated: 2411240
	1800  -  MemoryUsage of job (MB)
	1842388  -  ResidentSetSize of job (KB)
...
006 (138.000.000) 04/10 00:38:49 Image size of job updated: 2411244
	1800  -  MemoryUsage of job (MB)
	1842392  -  ResidentSetSize of job (KB)
...
006 (138.000.000) 04/10 00:48:50 Image size of job updated: 2411536
	1800  -  MemoryUsage of job (MB)
	1842684  -  ResidentSetSize of job (KB)
...
006 (138.000.000) 04/10 01:08:52 Image size of job updated: 2411544
	1800  -  MemoryUsage of job (MB)
	1842692  -  ResidentSetSize of job (KB)
...
006 (138.000.000) 04/10 01:28:54 Image size of job updated: 2411724
	1800  -  MemoryUsage of job (MB)
	1842872  -  ResidentSetSize of job (KB)
...
006 (138.000.000) 04/10 02:03:58 Image size of job updated: 2412016
	1800  -  MemoryUsage of job (MB)
	1843164  -  ResidentSetSize of job (KB)
...
006 (138.000.000) 04/10 02:34:01 Image size of job updated: 2412096
	1801  -  MemoryUsage of job (MB)
	1843244  -  ResidentSetSize of job (KB)
...
006 (138.000.000) 04/10 03:14:05 Image size of job updated: 2412104
	1801  -  MemoryUsage of job (MB)
	1843252  -  ResidentSetSize of job (KB)
...
006 (138.000.000) 04/10 04:14:12 Image size of job updated: 2413120
	1802  -  MemoryUsage of job (MB)
	1844268  -  ResidentSetSize of job (KB)
...
006 (138.000.000) 04/10 05:24:20 Image size of job updated: 2469440
	1857  -  MemoryUsage of job (MB)
	1900588  -  ResidentSetSize of job (KB)
...
006 (138.000.000) 04/10 05:29:21 Image size of job updated: 2514496
	1901  -  MemoryUsage of job (MB)
	1945644  -  ResidentSetSize of job (KB)
...
006 (138.000.000) 04/10 05:34:22 Image size of job updated: 2618088
	2002  -  MemoryUsage of job (MB)
	2049236  -  ResidentSetSize of job (KB)
...
006 (138.000.000) 04/10 05:39:23 Image size of job updated: 2618096
	2002  -  MemoryUsage of job (MB)
	2049244  -  ResidentSetSize of job (KB)
...
005 (138.000.000) 04/10 11:17:39 Job terminated.
	(1) Normal termination (return value 0)
		Usr 0 17:30:01, Sys 0 01:39:13  -  Run Remote Usage
		Usr 0 00:00:00, Sys 0 00:00:00  -  Run Local Usage
		Usr 0 17:30:01, Sys 0 01:39:13  -  Total Remote Usage
		Usr 0 00:00:00, Sys 0 00:00:00  -  Total Local Usage
	0  -  Run Bytes Sent By Job
	0  -  Run Bytes Received By Job
	0  -  Total Bytes Sent By Job
	0  -  Total Bytes Received By Job
	Partitionable Resources :    Usage  Request Allocated
	   Cpus                 :                 1         1
	   Disk (KB)            :        7        7  39037253
	   Gpus                 :                 1         1
	   Memory (MB)          :     2002     4096      4096
...
