job started
Epoch: 1 Learning rate: 1.000
0.000 perplexity: 49938.529 speed: 744 wps
0.100 perplexity: 380.756 speed: 6790 wps
0.200 perplexity: 305.285 speed: 6799 wps
0.300 perplexity: 271.053 speed: 6805 wps
0.400 perplexity: 249.871 speed: 6807 wps
0.500 perplexity: 235.107 speed: 6793 wps
0.600 perplexity: 224.456 speed: 6793 wps
0.700 perplexity: 215.913 speed: 6797 wps
0.800 perplexity: 208.933 speed: 6799 wps
0.900 perplexity: 203.080 speed: 6791 wps
1.000 perplexity: 198.037 speed: 6769 wps
Epoch: 1 Train Perplexity: 198.037
with(perplexity: 157.400) speed: 11189 wps
Epoch: 1 Valid Perplexity: 157.400
Epoch: 2 Learning rate: 1.000
0.000 perplexity: 242.531 speed: 6411 wps
0.100 perplexity: 155.831 speed: 6414 wps
0.200 perplexity: 153.847 speed: 6377 wps
0.300 perplexity: 152.637 speed: 6368 wps
0.400 perplexity: 151.470 speed: 6343 wps
0.500 perplexity: 150.278 speed: 6315 wps
0.600 perplexity: 149.512 speed: 6299 wps
0.700 perplexity: 148.654 speed: 6293 wps
0.800 perplexity: 147.817 speed: 6284 wps
0.900 perplexity: 146.992 speed: 6272 wps
1.000 perplexity: 146.183 speed: 6266 wps
Epoch: 2 Train Perplexity: 146.184
with(perplexity: 138.515) speed: 12215 wps
Epoch: 2 Valid Perplexity: 138.515
Epoch: 3 Learning rate: 1.000
0.000 perplexity: 206.313 speed: 6680 wps
0.100 perplexity: 138.779 speed: 6150 wps
0.200 perplexity: 137.710 speed: 6169 wps
0.300 perplexity: 137.233 speed: 6160 wps
0.400 perplexity: 136.741 speed: 6165 wps
0.500 perplexity: 136.138 speed: 6153 wps
0.600 perplexity: 135.892 speed: 6154 wps
0.700 perplexity: 135.519 speed: 6152 wps
0.800 perplexity: 135.126 speed: 6152 wps
0.900 perplexity: 134.714 speed: 6143 wps
1.000 perplexity: 134.283 speed: 6204 wps
Epoch: 3 Train Perplexity: 134.284
with(perplexity: 130.482) speed: 14783 wps
Epoch: 3 Valid Perplexity: 130.482
with(perplexity: 146.156) speed: 412 wps
Test Perplexity: 146.156
Saving model to /esat/spchtemp/scratch/robbe/SpeechHub/untied_models/output/cbow_exp_soft_0/cbow_exp_soft_0.
hihi
