job started
Epoch: 1 Learning rate: 1.000
0.000 perplexity: 8017.383 speed: 732 wps
0.100 perplexity: 922.850 speed: 4341 wps
0.200 perplexity: 732.230 speed: 4400 wps
0.300 perplexity: 599.703 speed: 4280 wps
0.400 perplexity: 493.370 speed: 4328 wps
0.500 perplexity: 421.484 speed: 4354 wps
0.600 perplexity: 373.147 speed: 4371 wps
0.700 perplexity: 338.604 speed: 4365 wps
0.800 perplexity: 313.058 speed: 4281 wps
0.900 perplexity: 293.318 speed: 4147 wps
1.000 perplexity: 277.423 speed: 3968 wps
Epoch: 1 Train Perplexity: 277.420
with(perplexity: 167.878) speed: 7285 wps
Epoch: 1 Valid Perplexity: 167.878
Epoch: 2 Learning rate: 1.000
0.000 perplexity: 233.563 speed: 2147 wps
0.100 perplexity: 165.317 speed: 2446 wps
0.200 perplexity: 163.138 speed: 2353 wps
0.300 perplexity: 161.523 speed: 1998 wps
0.400 perplexity: 160.026 speed: 1739 wps
0.500 perplexity: 158.581 speed: 1571 wps
0.600 perplexity: 157.497 speed: 1459 wps
0.700 perplexity: 156.360 speed: 1373 wps
0.800 perplexity: 155.279 speed: 1286 wps
0.900 perplexity: 154.274 speed: 1174 wps
1.000 perplexity: 153.301 speed: 1121 wps
Epoch: 2 Train Perplexity: 153.301
with(perplexity: 143.062) speed: 2216 wps
Epoch: 2 Valid Perplexity: 143.062
Epoch: 3 Learning rate: 1.000
0.000 perplexity: 205.440 speed: 510 wps
0.100 perplexity: 144.520 speed: 744 wps
0.200 perplexity: 143.508 speed: 749 wps
0.300 perplexity: 142.923 speed: 741 wps
0.400 perplexity: 142.417 speed: 736 wps
0.500 perplexity: 141.854 speed: 728 wps
0.600 perplexity: 141.606 speed: 722 wps
0.700 perplexity: 141.230 speed: 717 wps
0.800 perplexity: 140.838 speed: 711 wps
0.900 perplexity: 140.437 speed: 705 wps
1.000 perplexity: 140.012 speed: 701 wps
Epoch: 3 Train Perplexity: 140.013
with(perplexity: 133.958) speed: 1787 wps
Epoch: 3 Valid Perplexity: 133.958
with(perplexity: 149.231) speed: 11 wps
Test Perplexity: 149.231
Saving model to /esat/spchtemp/scratch/robbe/SpeechHub/untied_models/output/extended_topic_1_0/extended_topic_1_0.
