000 (071.000.000) 04/07 15:47:58 Job submitted from host: <10.33.133.160:9618?addrs=10.33.133.160-9618+[--1]-9618&noUDP&sock=22148_43a8_4>
    DAG Node: original
...
001 (071.000.000) 04/07 15:48:16 Job executing on host: <10.33.133.57:9618?addrs=10.33.133.57-9618+[--1]-9618&noUDP&sock=1368_e9a6_3>
...
006 (071.000.000) 04/07 15:48:25 Image size of job updated: 122900
	99  -  MemoryUsage of job (MB)
	100904  -  ResidentSetSize of job (KB)
...
006 (071.000.000) 04/07 15:53:26 Image size of job updated: 1232732
	613  -  MemoryUsage of job (MB)
	627200  -  ResidentSetSize of job (KB)
...
006 (071.000.000) 04/07 15:58:27 Image size of job updated: 1241336
	621  -  MemoryUsage of job (MB)
	635804  -  ResidentSetSize of job (KB)
...
006 (071.000.000) 04/07 16:03:27 Image size of job updated: 1244356
	624  -  MemoryUsage of job (MB)
	638824  -  ResidentSetSize of job (KB)
...
006 (071.000.000) 04/07 16:08:27 Image size of job updated: 1252368
	632  -  MemoryUsage of job (MB)
	646836  -  ResidentSetSize of job (KB)
...
006 (071.000.000) 04/07 16:13:27 Image size of job updated: 1260112
	640  -  MemoryUsage of job (MB)
	654580  -  ResidentSetSize of job (KB)
...
006 (071.000.000) 04/07 16:18:28 Image size of job updated: 1268028
	647  -  MemoryUsage of job (MB)
	662496  -  ResidentSetSize of job (KB)
...
006 (071.000.000) 04/07 16:23:29 Image size of job updated: 1277008
	656  -  MemoryUsage of job (MB)
	671476  -  ResidentSetSize of job (KB)
...
006 (071.000.000) 04/07 16:33:30 Image size of job updated: 1277060
	656  -  MemoryUsage of job (MB)
	671528  -  ResidentSetSize of job (KB)
...
006 (071.000.000) 04/07 16:43:31 Image size of job updated: 1284680
	664  -  MemoryUsage of job (MB)
	679148  -  ResidentSetSize of job (KB)
...
006 (071.000.000) 04/07 17:28:37 Image size of job updated: 1291596
	670  -  MemoryUsage of job (MB)
	686064  -  ResidentSetSize of job (KB)
...
006 (071.000.000) 04/07 17:48:40 Image size of job updated: 1291816
	671  -  MemoryUsage of job (MB)
	686284  -  ResidentSetSize of job (KB)
...
006 (071.000.000) 04/07 18:18:43 Image size of job updated: 1291840
	671  -  MemoryUsage of job (MB)
	686284  -  ResidentSetSize of job (KB)
...
006 (071.000.000) 04/07 20:38:58 Image size of job updated: 1291844
	671  -  MemoryUsage of job (MB)
	686288  -  ResidentSetSize of job (KB)
...
006 (071.000.000) 04/07 21:04:00 Image size of job updated: 1291904
	671  -  MemoryUsage of job (MB)
	686348  -  ResidentSetSize of job (KB)
...
006 (071.000.000) 04/07 22:58:41 Image size of job updated: 1300408
	671  -  MemoryUsage of job (MB)
	686348  -  ResidentSetSize of job (KB)
...
005 (071.000.000) 04/07 22:58:41 Job terminated.
	(1) Normal termination (return value 0)
		Usr 0 05:02:28, Sys 0 00:25:35  -  Run Remote Usage
		Usr 0 00:00:00, Sys 0 00:00:00  -  Run Local Usage
		Usr 0 05:02:28, Sys 0 00:25:35  -  Total Remote Usage
		Usr 0 00:00:00, Sys 0 00:00:00  -  Total Local Usage
	0  -  Run Bytes Sent By Job
	0  -  Run Bytes Received By Job
	0  -  Total Bytes Sent By Job
	0  -  Total Bytes Received By Job
	Partitionable Resources :    Usage  Request Allocated
	   Cpus                 :                 1         1
	   Disk (KB)            :        7        7  35561006
	   Gpus                 :                 1         1
	   Memory (MB)          :      671     4096      4096
...
