000 (756.000.000) 04/08 19:24:20 Job submitted from host: <10.33.133.154:9618?addrs=10.33.133.154-9618+[--1]-9618&noUDP&sock=1370_48d6_3>
    DAG Node: topic_reg
...
001 (756.000.000) 04/08 19:36:39 Job executing on host: <10.33.133.71:9618?addrs=10.33.133.71-9618+[--1]-9618&noUDP&sock=1561_4b6d_3>
...
010 (756.000.000) 04/08 19:39:45 Job was suspended.
	Number of processes actually suspended: 27
...
011 (756.000.000) 04/08 19:41:05 Job was unsuspended.
...
005 (756.000.000) 04/09 09:39:35 Job terminated.
	(1) Normal termination (return value 0)
		Usr 0 14:54:32, Sys 0 02:15:28  -  Run Remote Usage
		Usr 0 00:00:00, Sys 0 00:00:00  -  Run Local Usage
		Usr 0 14:54:32, Sys 0 02:15:28  -  Total Remote Usage
		Usr 0 00:00:00, Sys 0 00:00:00  -  Total Local Usage
	0  -  Run Bytes Sent By Job
	0  -  Run Bytes Received By Job
	0  -  Total Bytes Sent By Job
	0  -  Total Bytes Received By Job
	Partitionable Resources :    Usage  Request Allocated
	   Cpus                 :                 1         1
	   Disk (KB)            :        7        7  39050682
	   Gpus                 :                 1         1
	   Memory (MB)          :     3583     4096      4096
...
000 (783.000.000) 04/09 09:39:42 Job submitted from host: <10.33.133.154:9618?addrs=10.33.133.154-9618+[--1]-9618&noUDP&sock=1370_48d6_3>
    DAG Node: topic_lda
...
001 (783.000.000) 04/11 10:56:12 Job executing on host: <10.33.133.203:9618?addrs=10.33.133.203-9618+[--1]-9618&noUDP&sock=1528_a8cd_3>
...
005 (783.000.000) 04/12 01:03:30 Job terminated.
	(1) Normal termination (return value 0)
		Usr 0 00:35:37, Sys 0 00:06:35  -  Run Remote Usage
		Usr 0 00:00:00, Sys 0 00:00:00  -  Run Local Usage
		Usr 0 00:35:37, Sys 0 00:06:35  -  Total Remote Usage
		Usr 0 00:00:00, Sys 0 00:00:00  -  Total Local Usage
	0  -  Run Bytes Sent By Job
	0  -  Run Bytes Received By Job
	0  -  Total Bytes Sent By Job
	0  -  Total Bytes Received By Job
	Partitionable Resources :    Usage  Request Allocated
	   Cpus                 :                 1         1
	   Disk (KB)            :        7        7  13832093
	   Gpus                 :                 1         1
	   Memory (MB)          :     1511     4096      4096
...
000 (822.000.000) 04/12 01:03:37 Job submitted from host: <10.33.133.154:9618?addrs=10.33.133.154-9618+[--1]-9618&noUDP&sock=1370_48d6_3>
    DAG Node: topic_int
...
001 (822.000.000) 04/12 18:17:54 Job executing on host: <10.33.133.124:9618?addrs=10.33.133.124-9618+[--1]-9618&noUDP&sock=1541_9388_3>
...
005 (822.000.000) 04/13 01:28:56 Job terminated.
	(1) Normal termination (return value 0)
		Usr 0 02:47:34, Sys 0 00:11:27  -  Run Remote Usage
		Usr 0 00:00:00, Sys 0 00:00:00  -  Run Local Usage
		Usr 0 02:47:34, Sys 0 00:11:27  -  Total Remote Usage
		Usr 0 00:00:00, Sys 0 00:00:00  -  Total Local Usage
	0  -  Run Bytes Sent By Job
	0  -  Run Bytes Received By Job
	0  -  Total Bytes Sent By Job
	0  -  Total Bytes Received By Job
	Partitionable Resources :    Usage  Request Allocated
	   Cpus                 :                 1         1
	   Disk (KB)            :        7        7  21680074
	   Gpus                 :                 1         1
	   Memory (MB)          :     1550     4096      4096
...
000 (837.000.000) 04/13 01:29:05 Job submitted from host: <10.33.133.154:9618?addrs=10.33.133.154-9618+[--1]-9618&noUDP&sock=1370_48d6_3>
    DAG Node: topic_test
...
000 (838.000.000) 04/13 01:29:06 Job submitted from host: <10.33.133.154:9618?addrs=10.33.133.154-9618+[--1]-9618&noUDP&sock=1370_48d6_3>
    DAG Node: topic_ds_interpol_0
...
000 (839.000.000) 04/13 01:29:06 Job submitted from host: <10.33.133.154:9618?addrs=10.33.133.154-9618+[--1]-9618&noUDP&sock=1370_48d6_3>
    DAG Node: topic_ds_interpol_1
...
001 (837.000.000) 04/13 13:48:40 Job executing on host: <10.33.133.10:9618?addrs=10.33.133.10-9618+[--1]-9618&noUDP&sock=17248_4597_22>
...
005 (837.000.000) 04/13 13:48:42 Job terminated.
	(1) Normal termination (return value 0)
		Usr 0 00:00:01, Sys 0 00:00:00  -  Run Remote Usage
		Usr 0 00:00:00, Sys 0 00:00:00  -  Run Local Usage
		Usr 0 00:00:01, Sys 0 00:00:00  -  Total Remote Usage
		Usr 0 00:00:00, Sys 0 00:00:00  -  Total Local Usage
	0  -  Run Bytes Sent By Job
	0  -  Run Bytes Received By Job
	0  -  Total Bytes Sent By Job
	0  -  Total Bytes Received By Job
	Partitionable Resources :    Usage  Request Allocated
	   Cpus                 :                 1         1
	   Disk (KB)            :        7        7 192938864
	   Gpus                 :                 1         1
	   Memory (MB)          :        0     4096      4096
...
001 (838.000.000) 04/13 13:48:42 Job executing on host: <10.33.133.10:9618?addrs=10.33.133.10-9618+[--1]-9618&noUDP&sock=17248_4597_22>
...
005 (838.000.000) 04/13 14:05:07 Job terminated.
	(1) Normal termination (return value 0)
		Usr 0 00:15:19, Sys 0 00:03:52  -  Run Remote Usage
		Usr 0 00:00:00, Sys 0 00:00:00  -  Run Local Usage
		Usr 0 00:15:19, Sys 0 00:03:52  -  Total Remote Usage
		Usr 0 00:00:00, Sys 0 00:00:00  -  Total Local Usage
	0  -  Run Bytes Sent By Job
	0  -  Run Bytes Received By Job
	0  -  Total Bytes Sent By Job
	0  -  Total Bytes Received By Job
	Partitionable Resources :    Usage  Request Allocated
	   Cpus                 :                 1         1
	   Disk (KB)            :        7        7 192938864
	   Gpus                 :                 1         1
	   Memory (MB)          :     1337     4096      4096
...
001 (839.000.000) 04/13 15:03:53 Job executing on host: <10.33.133.223:9618?addrs=10.33.133.223-9618+[--1]-9618&noUDP&sock=1298_e604_3>
...
005 (839.000.000) 04/13 15:49:36 Job terminated.
	(1) Normal termination (return value 0)
		Usr 0 01:28:37, Sys 0 00:28:48  -  Run Remote Usage
		Usr 0 00:00:00, Sys 0 00:00:00  -  Run Local Usage
		Usr 0 01:28:37, Sys 0 00:28:48  -  Total Remote Usage
		Usr 0 00:00:00, Sys 0 00:00:00  -  Total Local Usage
	0  -  Run Bytes Sent By Job
	0  -  Run Bytes Received By Job
	0  -  Total Bytes Sent By Job
	0  -  Total Bytes Received By Job
	Partitionable Resources :    Usage  Request Allocated
	   Cpus                 :                 1         1
	   Disk (KB)            :        7        7   3070292
	   Gpus                 :                 1         1
	   Memory (MB)          :     1694     4096      4096
...
000 (850.000.000) 04/13 15:49:44 Job submitted from host: <10.33.133.154:9618?addrs=10.33.133.154-9618+[--1]-9618&noUDP&sock=1370_48d6_3>
    DAG Node: compute_best_mix
...
001 (850.000.000) 04/13 15:49:56 Job executing on host: <10.33.133.185:9618?addrs=10.33.133.185-9618+[--1]-9618&noUDP&sock=1147_5337_3>
...
005 (850.000.000) 04/13 15:49:56 Job terminated.
	(1) Normal termination (return value 1)
		Usr 0 00:00:00, Sys 0 00:00:00  -  Run Remote Usage
		Usr 0 00:00:00, Sys 0 00:00:00  -  Run Local Usage
		Usr 0 00:00:00, Sys 0 00:00:00  -  Total Remote Usage
		Usr 0 00:00:00, Sys 0 00:00:00  -  Total Local Usage
	0  -  Run Bytes Sent By Job
	0  -  Run Bytes Received By Job
	0  -  Total Bytes Sent By Job
	0  -  Total Bytes Received By Job
	Partitionable Resources :    Usage  Request Allocated
	   Cpus                 :                 1         1
	   Disk (KB)            :        1        1   8496687
	   Gpus                 :                           0
	   Memory (MB)          :        0     4096      4096
...
