job started
with(perplexity: 133.369) speed: 165 wps
Interpolation factor = 0.000 : valid perplexity = 133.369
with(perplexity: 133.881) speed: 186 wps
Interpolation factor = 0.020 : valid perplexity = 133.881
with(perplexity: 134.895) speed: 186 wps
Interpolation factor = 0.041 : valid perplexity = 134.895
with(perplexity: 136.143) speed: 188 wps
Interpolation factor = 0.061 : valid perplexity = 136.143
with(perplexity: 137.559) speed: 185 wps
Interpolation factor = 0.082 : valid perplexity = 137.559
with(perplexity: 139.118) speed: 185 wps
Interpolation factor = 0.102 : valid perplexity = 139.118
with(perplexity: 140.806) speed: 178 wps
Interpolation factor = 0.122 : valid perplexity = 140.806
with(perplexity: 142.616) speed: 186 wps
Interpolation factor = 0.143 : valid perplexity = 142.616
with(perplexity: 144.545) speed: 185 wps
Interpolation factor = 0.163 : valid perplexity = 144.545
with(perplexity: 146.593) speed: 186 wps
Interpolation factor = 0.184 : valid perplexity = 146.593
with(perplexity: 148.761) speed: 188 wps
Interpolation factor = 0.204 : valid perplexity = 148.761
with(perplexity: 151.054) speed: 186 wps
Interpolation factor = 0.224 : valid perplexity = 151.054
with(perplexity: 153.475) speed: 185 wps
Interpolation factor = 0.245 : valid perplexity = 153.475
with(perplexity: 156.030) speed: 187 wps
Interpolation factor = 0.265 : valid perplexity = 156.030
with(perplexity: 158.727) speed: 185 wps
Interpolation factor = 0.286 : valid perplexity = 158.727
with(perplexity: 161.572) speed: 185 wps
Interpolation factor = 0.306 : valid perplexity = 161.572
with(perplexity: 164.576) speed: 185 wps
Interpolation factor = 0.327 : valid perplexity = 164.576
with(perplexity: 167.748) speed: 188 wps
Interpolation factor = 0.347 : valid perplexity = 167.748
with(perplexity: 171.100) speed: 185 wps
Interpolation factor = 0.367 : valid perplexity = 171.100
with(perplexity: 174.646) speed: 185 wps
Interpolation factor = 0.388 : valid perplexity = 174.646
with(perplexity: 178.402) speed: 187 wps
Interpolation factor = 0.408 : valid perplexity = 178.402
with(perplexity: 182.383) speed: 185 wps
Interpolation factor = 0.429 : valid perplexity = 182.383
with(perplexity: 186.610) speed: 185 wps
Interpolation factor = 0.449 : valid perplexity = 186.610
with(perplexity: 191.105) speed: 187 wps
Interpolation factor = 0.469 : valid perplexity = 191.105
with(perplexity: 195.893) speed: 185 wps
Interpolation factor = 0.490 : valid perplexity = 195.893
with(perplexity: 201.003) speed: 185 wps
Interpolation factor = 0.510 : valid perplexity = 201.003
with(perplexity: 206.468) speed: 185 wps
Interpolation factor = 0.531 : valid perplexity = 206.468
with(perplexity: 212.325) speed: 187 wps
Interpolation factor = 0.551 : valid perplexity = 212.325
with(perplexity: 218.621) speed: 185 wps
Interpolation factor = 0.571 : valid perplexity = 218.621
with(perplexity: 225.405) speed: 185 wps
Interpolation factor = 0.592 : valid perplexity = 225.405
with(perplexity: 232.739) speed: 187 wps
Interpolation factor = 0.612 : valid perplexity = 232.739
with(perplexity: 240.695) speed: 185 wps
Interpolation factor = 0.633 : valid perplexity = 240.695
with(perplexity: 249.358) speed: 185 wps
Interpolation factor = 0.653 : valid perplexity = 249.358
with(perplexity: 258.832) speed: 187 wps
Interpolation factor = 0.673 : valid perplexity = 258.832
with(perplexity: 269.242) speed: 185 wps
Interpolation factor = 0.694 : valid perplexity = 269.242
with(perplexity: 280.743) speed: 185 wps
Interpolation factor = 0.714 : valid perplexity = 280.743
with(perplexity: 293.526) speed: 187 wps
Interpolation factor = 0.735 : valid perplexity = 293.526
with(perplexity: 307.836) speed: 185 wps
Interpolation factor = 0.755 : valid perplexity = 307.836
with(perplexity: 323.986) speed: 185 wps
Interpolation factor = 0.776 : valid perplexity = 323.986
with(perplexity: 342.384) speed: 185 wps
Interpolation factor = 0.796 : valid perplexity = 342.384
with(perplexity: 363.584) speed: 187 wps
Interpolation factor = 0.816 : valid perplexity = 363.584
with(perplexity: 388.344) speed: 185 wps
Interpolation factor = 0.837 : valid perplexity = 388.344
with(perplexity: 417.753) speed: 184 wps
Interpolation factor = 0.857 : valid perplexity = 417.753
with(perplexity: 453.430) speed: 187 wps
Interpolation factor = 0.878 : valid perplexity = 453.430
with(perplexity: 497.925) speed: 185 wps
Interpolation factor = 0.898 : valid perplexity = 497.925
with(perplexity: 555.563) speed: 185 wps
Interpolation factor = 0.918 : valid perplexity = 555.563
with(perplexity: 634.490) speed: 187 wps
Interpolation factor = 0.939 : valid perplexity = 634.490
with(perplexity: 752.813) speed: 186 wps
Interpolation factor = 0.959 : valid perplexity = 752.813
with(perplexity: 965.547) speed: 186 wps
Interpolation factor = 0.980 : valid perplexity = 965.547
with(perplexity: 2355.820) speed: 185 wps
Interpolation factor = 1.000 : valid perplexity = 2355.820
Best interpolation factor = 0.000
with(perplexity: 149.590) speed: 177 wps
Test Perplexity: 149.590
Saving model to /esat/spchtemp/scratch/robbe/SpeechHub/untied_models/output/topic_0/topic_0.
