000 (692.000.000) 04/07 15:57:52 Job submitted from host: <10.33.133.154:9618?addrs=10.33.133.154-9618+[--1]-9618&noUDP&sock=1370_48d6_3>
    DAG Node: topic_reg
...
001 (692.000.000) 04/07 17:46:20 Job executing on host: <10.33.133.71:9618?addrs=10.33.133.71-9618+[--1]-9618&noUDP&sock=1561_4b6d_3>
...
006 (692.000.000) 04/07 17:46:21 Image size of job updated: 7
	0  -  MemoryUsage of job (MB)
	0  -  ResidentSetSize of job (KB)
...
005 (692.000.000) 04/07 17:46:21 Job terminated.
	(1) Normal termination (return value 0)
		Usr 0 00:00:00, Sys 0 00:00:00  -  Run Remote Usage
		Usr 0 00:00:00, Sys 0 00:00:00  -  Run Local Usage
		Usr 0 00:00:00, Sys 0 00:00:00  -  Total Remote Usage
		Usr 0 00:00:00, Sys 0 00:00:00  -  Total Local Usage
	0  -  Run Bytes Sent By Job
	0  -  Run Bytes Received By Job
	0  -  Total Bytes Sent By Job
	0  -  Total Bytes Received By Job
	Partitionable Resources :    Usage  Request Allocated
	   Cpus                 :                 1         1
	   Disk (KB)            :        7        7  39050682
	   Gpus                 :                 1         1
	   Memory (MB)          :        0     4096      4096
...
000 (756.000.000) 04/08 19:24:20 Job submitted from host: <10.33.133.154:9618?addrs=10.33.133.154-9618+[--1]-9618&noUDP&sock=1370_48d6_3>
    DAG Node: topic_reg
...
001 (756.000.000) 04/08 19:36:39 Job executing on host: <10.33.133.71:9618?addrs=10.33.133.71-9618+[--1]-9618&noUDP&sock=1561_4b6d_3>
...
006 (756.000.000) 04/08 19:36:48 Image size of job updated: 605612
	592  -  MemoryUsage of job (MB)
	605612  -  ResidentSetSize of job (KB)
...
010 (756.000.000) 04/08 19:39:45 Job was suspended.
	Number of processes actually suspended: 27
...
006 (756.000.000) 04/08 19:39:45 Image size of job updated: 2288452
	1722  -  MemoryUsage of job (MB)
	1763140  -  ResidentSetSize of job (KB)
...
011 (756.000.000) 04/08 19:41:05 Job was unsuspended.
...
006 (756.000.000) 04/08 19:41:05 Image size of job updated: 2288720
	1723  -  MemoryUsage of job (MB)
	1763408  -  ResidentSetSize of job (KB)
...
006 (756.000.000) 04/08 19:41:49 Image size of job updated: 2290440
	1724  -  MemoryUsage of job (MB)
	1765128  -  ResidentSetSize of job (KB)
...
006 (756.000.000) 04/08 19:46:49 Image size of job updated: 2307928
	1741  -  MemoryUsage of job (MB)
	1782616  -  ResidentSetSize of job (KB)
...
006 (756.000.000) 04/08 19:51:50 Image size of job updated: 2323160
	1756  -  MemoryUsage of job (MB)
	1797848  -  ResidentSetSize of job (KB)
...
006 (756.000.000) 04/08 19:56:51 Image size of job updated: 2337036
	1770  -  MemoryUsage of job (MB)
	1811724  -  ResidentSetSize of job (KB)
...
006 (756.000.000) 04/08 20:01:52 Image size of job updated: 2350300
	1783  -  MemoryUsage of job (MB)
	1824988  -  ResidentSetSize of job (KB)
...
006 (756.000.000) 04/08 20:06:52 Image size of job updated: 2358264
	1790  -  MemoryUsage of job (MB)
	1832952  -  ResidentSetSize of job (KB)
...
006 (756.000.000) 04/08 20:11:52 Image size of job updated: 2374468
	1806  -  MemoryUsage of job (MB)
	1849156  -  ResidentSetSize of job (KB)
...
006 (756.000.000) 04/08 20:16:53 Image size of job updated: 2386744
	1818  -  MemoryUsage of job (MB)
	1861432  -  ResidentSetSize of job (KB)
...
006 (756.000.000) 04/08 20:21:54 Image size of job updated: 2403440
	1835  -  MemoryUsage of job (MB)
	1878128  -  ResidentSetSize of job (KB)
...
006 (756.000.000) 04/08 20:26:55 Image size of job updated: 2418108
	1849  -  MemoryUsage of job (MB)
	1892796  -  ResidentSetSize of job (KB)
...
006 (756.000.000) 04/08 20:31:55 Image size of job updated: 2430276
	1861  -  MemoryUsage of job (MB)
	1904964  -  ResidentSetSize of job (KB)
...
006 (756.000.000) 04/08 20:36:55 Image size of job updated: 2439396
	1870  -  MemoryUsage of job (MB)
	1914084  -  ResidentSetSize of job (KB)
...
006 (756.000.000) 04/08 20:41:55 Image size of job updated: 2455060
	1885  -  MemoryUsage of job (MB)
	1929748  -  ResidentSetSize of job (KB)
...
006 (756.000.000) 04/08 20:46:56 Image size of job updated: 2467056
	1897  -  MemoryUsage of job (MB)
	1941744  -  ResidentSetSize of job (KB)
...
006 (756.000.000) 04/08 20:51:57 Image size of job updated: 2478332
	1908  -  MemoryUsage of job (MB)
	1953020  -  ResidentSetSize of job (KB)
...
006 (756.000.000) 04/08 20:56:57 Image size of job updated: 2495076
	1924  -  MemoryUsage of job (MB)
	1969764  -  ResidentSetSize of job (KB)
...
006 (756.000.000) 04/08 21:01:57 Image size of job updated: 2504784
	1934  -  MemoryUsage of job (MB)
	1979472  -  ResidentSetSize of job (KB)
...
006 (756.000.000) 04/08 21:06:57 Image size of job updated: 2521488
	1950  -  MemoryUsage of job (MB)
	1996176  -  ResidentSetSize of job (KB)
...
006 (756.000.000) 04/08 21:11:58 Image size of job updated: 2531644
	1960  -  MemoryUsage of job (MB)
	2006332  -  ResidentSetSize of job (KB)
...
006 (756.000.000) 04/08 21:16:59 Image size of job updated: 2548304
	1976  -  MemoryUsage of job (MB)
	2022992  -  ResidentSetSize of job (KB)
...
006 (756.000.000) 04/08 21:21:59 Image size of job updated: 2560572
	1988  -  MemoryUsage of job (MB)
	2035260  -  ResidentSetSize of job (KB)
...
006 (756.000.000) 04/08 21:26:59 Image size of job updated: 2577400
	2004  -  MemoryUsage of job (MB)
	2052088  -  ResidentSetSize of job (KB)
...
006 (756.000.000) 04/08 21:31:59 Image size of job updated: 2593248
	2020  -  MemoryUsage of job (MB)
	2067936  -  ResidentSetSize of job (KB)
...
006 (756.000.000) 04/08 21:37:00 Image size of job updated: 2609460
	2036  -  MemoryUsage of job (MB)
	2084148  -  ResidentSetSize of job (KB)
...
006 (756.000.000) 04/08 21:42:01 Image size of job updated: 2624200
	2050  -  MemoryUsage of job (MB)
	2098888  -  ResidentSetSize of job (KB)
...
006 (756.000.000) 04/08 21:47:02 Image size of job updated: 2645536
	2071  -  MemoryUsage of job (MB)
	2120224  -  ResidentSetSize of job (KB)
...
006 (756.000.000) 04/08 21:52:02 Image size of job updated: 2665992
	2091  -  MemoryUsage of job (MB)
	2140680  -  ResidentSetSize of job (KB)
...
006 (756.000.000) 04/08 21:57:02 Image size of job updated: 2679504
	2104  -  MemoryUsage of job (MB)
	2154192  -  ResidentSetSize of job (KB)
...
006 (756.000.000) 04/08 22:02:03 Image size of job updated: 2699784
	2124  -  MemoryUsage of job (MB)
	2174472  -  ResidentSetSize of job (KB)
...
006 (756.000.000) 04/08 22:07:04 Image size of job updated: 2720296
	2144  -  MemoryUsage of job (MB)
	2194984  -  ResidentSetSize of job (KB)
...
006 (756.000.000) 04/08 22:12:05 Image size of job updated: 2739548
	2163  -  MemoryUsage of job (MB)
	2214236  -  ResidentSetSize of job (KB)
...
006 (756.000.000) 04/08 22:17:06 Image size of job updated: 2756636
	2180  -  MemoryUsage of job (MB)
	2231324  -  ResidentSetSize of job (KB)
...
006 (756.000.000) 04/08 22:22:06 Image size of job updated: 2775600
	2198  -  MemoryUsage of job (MB)
	2250288  -  ResidentSetSize of job (KB)
...
006 (756.000.000) 04/08 22:27:06 Image size of job updated: 2792404
	2214  -  MemoryUsage of job (MB)
	2267092  -  ResidentSetSize of job (KB)
...
006 (756.000.000) 04/08 22:32:07 Image size of job updated: 2808224
	2230  -  MemoryUsage of job (MB)
	2282912  -  ResidentSetSize of job (KB)
...
006 (756.000.000) 04/08 22:37:08 Image size of job updated: 2828708
	2250  -  MemoryUsage of job (MB)
	2303396  -  ResidentSetSize of job (KB)
...
006 (756.000.000) 04/08 22:42:09 Image size of job updated: 2847552
	2268  -  MemoryUsage of job (MB)
	2322240  -  ResidentSetSize of job (KB)
...
006 (756.000.000) 04/08 22:47:09 Image size of job updated: 2862660
	2283  -  MemoryUsage of job (MB)
	2337348  -  ResidentSetSize of job (KB)
...
006 (756.000.000) 04/08 22:52:09 Image size of job updated: 2882648
	2303  -  MemoryUsage of job (MB)
	2357336  -  ResidentSetSize of job (KB)
...
006 (756.000.000) 04/08 22:57:09 Image size of job updated: 2901740
	2321  -  MemoryUsage of job (MB)
	2376428  -  ResidentSetSize of job (KB)
...
006 (756.000.000) 04/08 23:02:10 Image size of job updated: 2919736
	2339  -  MemoryUsage of job (MB)
	2394424  -  ResidentSetSize of job (KB)
...
006 (756.000.000) 04/08 23:07:11 Image size of job updated: 2938288
	2357  -  MemoryUsage of job (MB)
	2412976  -  ResidentSetSize of job (KB)
...
006 (756.000.000) 04/08 23:12:11 Image size of job updated: 2956608
	2375  -  MemoryUsage of job (MB)
	2431296  -  ResidentSetSize of job (KB)
...
006 (756.000.000) 04/08 23:17:11 Image size of job updated: 2974836
	2393  -  MemoryUsage of job (MB)
	2449524  -  ResidentSetSize of job (KB)
...
006 (756.000.000) 04/08 23:22:12 Image size of job updated: 2992804
	2410  -  MemoryUsage of job (MB)
	2467492  -  ResidentSetSize of job (KB)
...
006 (756.000.000) 04/08 23:27:13 Image size of job updated: 3011076
	2428  -  MemoryUsage of job (MB)
	2485764  -  ResidentSetSize of job (KB)
...
006 (756.000.000) 04/08 23:32:14 Image size of job updated: 3029316
	2446  -  MemoryUsage of job (MB)
	2504004  -  ResidentSetSize of job (KB)
...
006 (756.000.000) 04/08 23:37:15 Image size of job updated: 3044060
	2460  -  MemoryUsage of job (MB)
	2518748  -  ResidentSetSize of job (KB)
...
006 (756.000.000) 04/08 23:42:15 Image size of job updated: 3063756
	2479  -  MemoryUsage of job (MB)
	2538444  -  ResidentSetSize of job (KB)
...
006 (756.000.000) 04/08 23:47:15 Image size of job updated: 3081660
	2497  -  MemoryUsage of job (MB)
	2556348  -  ResidentSetSize of job (KB)
...
006 (756.000.000) 04/08 23:52:16 Image size of job updated: 3106204
	2521  -  MemoryUsage of job (MB)
	2580892  -  ResidentSetSize of job (KB)
...
006 (756.000.000) 04/08 23:57:17 Image size of job updated: 3123388
	2538  -  MemoryUsage of job (MB)
	2598076  -  ResidentSetSize of job (KB)
...
006 (756.000.000) 04/09 00:02:17 Image size of job updated: 3145188
	2559  -  MemoryUsage of job (MB)
	2619876  -  ResidentSetSize of job (KB)
...
006 (756.000.000) 04/09 00:07:17 Image size of job updated: 3163976
	2577  -  MemoryUsage of job (MB)
	2638664  -  ResidentSetSize of job (KB)
...
006 (756.000.000) 04/09 00:12:18 Image size of job updated: 3174548
	2588  -  MemoryUsage of job (MB)
	2649236  -  ResidentSetSize of job (KB)
...
006 (756.000.000) 04/09 00:17:19 Image size of job updated: 3187148
	2600  -  MemoryUsage of job (MB)
	2661836  -  ResidentSetSize of job (KB)
...
006 (756.000.000) 04/09 00:22:19 Image size of job updated: 3209900
	2622  -  MemoryUsage of job (MB)
	2684588  -  ResidentSetSize of job (KB)
...
006 (756.000.000) 04/09 00:27:19 Image size of job updated: 3227096
	2639  -  MemoryUsage of job (MB)
	2701784  -  ResidentSetSize of job (KB)
...
006 (756.000.000) 04/09 00:32:19 Image size of job updated: 3245696
	2657  -  MemoryUsage of job (MB)
	2720384  -  ResidentSetSize of job (KB)
...
006 (756.000.000) 04/09 00:37:20 Image size of job updated: 3268640
	2680  -  MemoryUsage of job (MB)
	2743328  -  ResidentSetSize of job (KB)
...
006 (756.000.000) 04/09 00:42:21 Image size of job updated: 3391108
	2799  -  MemoryUsage of job (MB)
	2865796  -  ResidentSetSize of job (KB)
...
006 (756.000.000) 04/09 00:47:22 Image size of job updated: 3410156
	2818  -  MemoryUsage of job (MB)
	2884844  -  ResidentSetSize of job (KB)
...
006 (756.000.000) 04/09 00:52:22 Image size of job updated: 3425856
	2833  -  MemoryUsage of job (MB)
	2900544  -  ResidentSetSize of job (KB)
...
006 (756.000.000) 04/09 00:57:22 Image size of job updated: 3441696
	2849  -  MemoryUsage of job (MB)
	2916384  -  ResidentSetSize of job (KB)
...
006 (756.000.000) 04/09 01:02:22 Image size of job updated: 3463356
	2870  -  MemoryUsage of job (MB)
	2938044  -  ResidentSetSize of job (KB)
...
006 (756.000.000) 04/09 01:32:25 Image size of job updated: 3470696
	2877  -  MemoryUsage of job (MB)
	2945384  -  ResidentSetSize of job (KB)
...
006 (756.000.000) 04/09 01:37:26 Image size of job updated: 3492096
	2898  -  MemoryUsage of job (MB)
	2966784  -  ResidentSetSize of job (KB)
...
006 (756.000.000) 04/09 01:42:27 Image size of job updated: 3512948
	2918  -  MemoryUsage of job (MB)
	2987636  -  ResidentSetSize of job (KB)
...
006 (756.000.000) 04/09 01:47:27 Image size of job updated: 3532468
	2937  -  MemoryUsage of job (MB)
	3007156  -  ResidentSetSize of job (KB)
...
006 (756.000.000) 04/09 01:52:27 Image size of job updated: 3550672
	2955  -  MemoryUsage of job (MB)
	3025360  -  ResidentSetSize of job (KB)
...
006 (756.000.000) 04/09 01:57:27 Image size of job updated: 3570072
	2974  -  MemoryUsage of job (MB)
	3044760  -  ResidentSetSize of job (KB)
...
006 (756.000.000) 04/09 02:02:28 Image size of job updated: 3588824
	2992  -  MemoryUsage of job (MB)
	3063512  -  ResidentSetSize of job (KB)
...
006 (756.000.000) 04/09 02:07:29 Image size of job updated: 3608336
	3011  -  MemoryUsage of job (MB)
	3083024  -  ResidentSetSize of job (KB)
...
006 (756.000.000) 04/09 02:12:30 Image size of job updated: 3627132
	3030  -  MemoryUsage of job (MB)
	3101820  -  ResidentSetSize of job (KB)
...
006 (756.000.000) 04/09 02:17:30 Image size of job updated: 3640484
	3043  -  MemoryUsage of job (MB)
	3115172  -  ResidentSetSize of job (KB)
...
006 (756.000.000) 04/09 02:22:30 Image size of job updated: 3654104
	3056  -  MemoryUsage of job (MB)
	3128792  -  ResidentSetSize of job (KB)
...
006 (756.000.000) 04/09 02:27:31 Image size of job updated: 3670396
	3072  -  MemoryUsage of job (MB)
	3145084  -  ResidentSetSize of job (KB)
...
006 (756.000.000) 04/09 02:32:32 Image size of job updated: 3686984
	3088  -  MemoryUsage of job (MB)
	3161672  -  ResidentSetSize of job (KB)
...
006 (756.000.000) 04/09 02:37:32 Image size of job updated: 3713304
	3114  -  MemoryUsage of job (MB)
	3187992  -  ResidentSetSize of job (KB)
...
006 (756.000.000) 04/09 02:42:32 Image size of job updated: 3729832
	3130  -  MemoryUsage of job (MB)
	3204520  -  ResidentSetSize of job (KB)
...
006 (756.000.000) 04/09 02:47:32 Image size of job updated: 3753908
	3153  -  MemoryUsage of job (MB)
	3228596  -  ResidentSetSize of job (KB)
...
006 (756.000.000) 04/09 02:52:33 Image size of job updated: 3775564
	3175  -  MemoryUsage of job (MB)
	3250252  -  ResidentSetSize of job (KB)
...
006 (756.000.000) 04/09 02:57:34 Image size of job updated: 3793920
	3192  -  MemoryUsage of job (MB)
	3268608  -  ResidentSetSize of job (KB)
...
006 (756.000.000) 04/09 03:02:35 Image size of job updated: 3815196
	3213  -  MemoryUsage of job (MB)
	3289884  -  ResidentSetSize of job (KB)
...
006 (756.000.000) 04/09 03:07:35 Image size of job updated: 3834024
	3232  -  MemoryUsage of job (MB)
	3308712  -  ResidentSetSize of job (KB)
...
006 (756.000.000) 04/09 03:12:35 Image size of job updated: 3848048
	3245  -  MemoryUsage of job (MB)
	3322736  -  ResidentSetSize of job (KB)
...
006 (756.000.000) 04/09 03:17:35 Image size of job updated: 3868916
	3266  -  MemoryUsage of job (MB)
	3343604  -  ResidentSetSize of job (KB)
...
006 (756.000.000) 04/09 03:22:36 Image size of job updated: 3889732
	3286  -  MemoryUsage of job (MB)
	3364420  -  ResidentSetSize of job (KB)
...
006 (756.000.000) 04/09 03:27:37 Image size of job updated: 3909016
	3305  -  MemoryUsage of job (MB)
	3383704  -  ResidentSetSize of job (KB)
...
006 (756.000.000) 04/09 03:32:38 Image size of job updated: 3927632
	3323  -  MemoryUsage of job (MB)
	3402320  -  ResidentSetSize of job (KB)
...
006 (756.000.000) 04/09 03:37:38 Image size of job updated: 3946448
	3341  -  MemoryUsage of job (MB)
	3421136  -  ResidentSetSize of job (KB)
...
006 (756.000.000) 04/09 03:42:38 Image size of job updated: 3965268
	3360  -  MemoryUsage of job (MB)
	3439956  -  ResidentSetSize of job (KB)
...
006 (756.000.000) 04/09 03:47:38 Image size of job updated: 3979320
	3373  -  MemoryUsage of job (MB)
	3453888  -  ResidentSetSize of job (KB)
...
006 (756.000.000) 04/09 03:52:39 Image size of job updated: 3985272
	3373  -  MemoryUsage of job (MB)
	3453888  -  ResidentSetSize of job (KB)
...
006 (756.000.000) 04/09 03:57:40 Image size of job updated: 4017104
	3373  -  MemoryUsage of job (MB)
	3453888  -  ResidentSetSize of job (KB)
...
006 (756.000.000) 04/09 04:02:40 Image size of job updated: 4039072
	3373  -  MemoryUsage of job (MB)
	3453888  -  ResidentSetSize of job (KB)
...
006 (756.000.000) 04/09 04:07:40 Image size of job updated: 4058072
	3373  -  MemoryUsage of job (MB)
	3453888  -  ResidentSetSize of job (KB)
...
006 (756.000.000) 04/09 04:12:40 Image size of job updated: 4077244
	3373  -  MemoryUsage of job (MB)
	3453888  -  ResidentSetSize of job (KB)
...
006 (756.000.000) 04/09 04:17:41 Image size of job updated: 4095640
	3373  -  MemoryUsage of job (MB)
	3453888  -  ResidentSetSize of job (KB)
...
006 (756.000.000) 04/09 04:22:42 Image size of job updated: 4109052
	3373  -  MemoryUsage of job (MB)
	3453888  -  ResidentSetSize of job (KB)
...
006 (756.000.000) 04/09 04:27:42 Image size of job updated: 4129676
	3373  -  MemoryUsage of job (MB)
	3453888  -  ResidentSetSize of job (KB)
...
006 (756.000.000) 04/09 04:32:42 Image size of job updated: 4151068
	3373  -  MemoryUsage of job (MB)
	3453888  -  ResidentSetSize of job (KB)
...
006 (756.000.000) 04/09 04:37:42 Image size of job updated: 4170456
	3373  -  MemoryUsage of job (MB)
	3453888  -  ResidentSetSize of job (KB)
...
006 (756.000.000) 04/09 04:42:43 Image size of job updated: 4180920
	3373  -  MemoryUsage of job (MB)
	3453888  -  ResidentSetSize of job (KB)
...
006 (756.000.000) 04/09 04:47:44 Image size of job updated: 4190676
	3373  -  MemoryUsage of job (MB)
	3453888  -  ResidentSetSize of job (KB)
...
006 (756.000.000) 04/09 04:52:44 Image size of job updated: 4207336
	3373  -  MemoryUsage of job (MB)
	3453888  -  ResidentSetSize of job (KB)
...
006 (756.000.000) 04/09 04:57:44 Image size of job updated: 4223452
	3388  -  MemoryUsage of job (MB)
	3469176  -  ResidentSetSize of job (KB)
...
006 (756.000.000) 04/09 05:02:44 Image size of job updated: 4232868
	3388  -  MemoryUsage of job (MB)
	3469176  -  ResidentSetSize of job (KB)
...
006 (756.000.000) 04/09 05:07:45 Image size of job updated: 4268148
	3388  -  MemoryUsage of job (MB)
	3469176  -  ResidentSetSize of job (KB)
...
006 (756.000.000) 04/09 05:12:46 Image size of job updated: 4284492
	3388  -  MemoryUsage of job (MB)
	3469176  -  ResidentSetSize of job (KB)
...
006 (756.000.000) 04/09 05:17:47 Image size of job updated: 4308540
	3388  -  MemoryUsage of job (MB)
	3469176  -  ResidentSetSize of job (KB)
...
006 (756.000.000) 04/09 05:22:48 Image size of job updated: 4329932
	3388  -  MemoryUsage of job (MB)
	3469176  -  ResidentSetSize of job (KB)
...
006 (756.000.000) 04/09 05:27:48 Image size of job updated: 4351432
	3388  -  MemoryUsage of job (MB)
	3469176  -  ResidentSetSize of job (KB)
...
006 (756.000.000) 04/09 05:32:48 Image size of job updated: 4370844
	3388  -  MemoryUsage of job (MB)
	3469176  -  ResidentSetSize of job (KB)
...
006 (756.000.000) 04/09 05:37:49 Image size of job updated: 4384620
	3388  -  MemoryUsage of job (MB)
	3469176  -  ResidentSetSize of job (KB)
...
006 (756.000.000) 04/09 05:42:50 Image size of job updated: 4400696
	3388  -  MemoryUsage of job (MB)
	3469176  -  ResidentSetSize of job (KB)
...
006 (756.000.000) 04/09 05:47:51 Image size of job updated: 4413840
	3388  -  MemoryUsage of job (MB)
	3469176  -  ResidentSetSize of job (KB)
...
006 (756.000.000) 04/09 05:52:51 Image size of job updated: 4443000
	3388  -  MemoryUsage of job (MB)
	3469176  -  ResidentSetSize of job (KB)
...
006 (756.000.000) 04/09 05:57:51 Image size of job updated: 4459264
	3388  -  MemoryUsage of job (MB)
	3469176  -  ResidentSetSize of job (KB)
...
006 (756.000.000) 04/09 06:02:51 Image size of job updated: 4481356
	3388  -  MemoryUsage of job (MB)
	3469176  -  ResidentSetSize of job (KB)
...
006 (756.000.000) 04/09 06:07:52 Image size of job updated: 4502284
	3388  -  MemoryUsage of job (MB)
	3469176  -  ResidentSetSize of job (KB)
...
006 (756.000.000) 04/09 06:17:53 Image size of job updated: 4534052
	3388  -  MemoryUsage of job (MB)
	3469176  -  ResidentSetSize of job (KB)
...
006 (756.000.000) 04/09 06:22:53 Image size of job updated: 4549852
	3388  -  MemoryUsage of job (MB)
	3469176  -  ResidentSetSize of job (KB)
...
006 (756.000.000) 04/09 06:27:53 Image size of job updated: 4573368
	3388  -  MemoryUsage of job (MB)
	3469176  -  ResidentSetSize of job (KB)
...
006 (756.000.000) 04/09 06:32:54 Image size of job updated: 4595400
	3388  -  MemoryUsage of job (MB)
	3469176  -  ResidentSetSize of job (KB)
...
006 (756.000.000) 04/09 06:37:55 Image size of job updated: 4614904
	3388  -  MemoryUsage of job (MB)
	3469176  -  ResidentSetSize of job (KB)
...
006 (756.000.000) 04/09 06:42:56 Image size of job updated: 4629052
	3388  -  MemoryUsage of job (MB)
	3469176  -  ResidentSetSize of job (KB)
...
006 (756.000.000) 04/09 06:47:56 Image size of job updated: 4645292
	3388  -  MemoryUsage of job (MB)
	3469176  -  ResidentSetSize of job (KB)
...
006 (756.000.000) 04/09 06:52:56 Image size of job updated: 4668596
	3388  -  MemoryUsage of job (MB)
	3469176  -  ResidentSetSize of job (KB)
...
006 (756.000.000) 04/09 06:57:57 Image size of job updated: 4682660
	3388  -  MemoryUsage of job (MB)
	3469176  -  ResidentSetSize of job (KB)
...
006 (756.000.000) 04/09 07:02:58 Image size of job updated: 4704652
	3388  -  MemoryUsage of job (MB)
	3469176  -  ResidentSetSize of job (KB)
...
006 (756.000.000) 04/09 07:07:59 Image size of job updated: 4718924
	3388  -  MemoryUsage of job (MB)
	3469176  -  ResidentSetSize of job (KB)
...
006 (756.000.000) 04/09 07:12:59 Image size of job updated: 4735612
	3388  -  MemoryUsage of job (MB)
	3469176  -  ResidentSetSize of job (KB)
...
006 (756.000.000) 04/09 07:17:59 Image size of job updated: 4752076
	3388  -  MemoryUsage of job (MB)
	3469176  -  ResidentSetSize of job (KB)
...
006 (756.000.000) 04/09 07:22:59 Image size of job updated: 4770672
	3388  -  MemoryUsage of job (MB)
	3469176  -  ResidentSetSize of job (KB)
...
006 (756.000.000) 04/09 07:28:00 Image size of job updated: 4796956
	3388  -  MemoryUsage of job (MB)
	3469176  -  ResidentSetSize of job (KB)
...
006 (756.000.000) 04/09 07:33:01 Image size of job updated: 4813396
	3388  -  MemoryUsage of job (MB)
	3469176  -  ResidentSetSize of job (KB)
...
006 (756.000.000) 04/09 07:38:01 Image size of job updated: 4837024
	3388  -  MemoryUsage of job (MB)
	3469176  -  ResidentSetSize of job (KB)
...
006 (756.000.000) 04/09 07:43:01 Image size of job updated: 4858576
	3388  -  MemoryUsage of job (MB)
	3469176  -  ResidentSetSize of job (KB)
...
006 (756.000.000) 04/09 07:48:01 Image size of job updated: 4880108
	3388  -  MemoryUsage of job (MB)
	3469176  -  ResidentSetSize of job (KB)
...
006 (756.000.000) 04/09 07:53:02 Image size of job updated: 4899452
	3388  -  MemoryUsage of job (MB)
	3469176  -  ResidentSetSize of job (KB)
...
006 (756.000.000) 04/09 07:58:03 Image size of job updated: 4918212
	3388  -  MemoryUsage of job (MB)
	3469176  -  ResidentSetSize of job (KB)
...
006 (756.000.000) 04/09 08:03:04 Image size of job updated: 4936408
	3388  -  MemoryUsage of job (MB)
	3469176  -  ResidentSetSize of job (KB)
...
006 (756.000.000) 04/09 08:08:04 Image size of job updated: 4955068
	3388  -  MemoryUsage of job (MB)
	3469176  -  ResidentSetSize of job (KB)
...
006 (756.000.000) 04/09 08:13:04 Image size of job updated: 4974348
	3388  -  MemoryUsage of job (MB)
	3469176  -  ResidentSetSize of job (KB)
...
006 (756.000.000) 04/09 08:18:04 Image size of job updated: 4993800
	3388  -  MemoryUsage of job (MB)
	3469176  -  ResidentSetSize of job (KB)
...
006 (756.000.000) 04/09 08:23:05 Image size of job updated: 5012232
	3388  -  MemoryUsage of job (MB)
	3469176  -  ResidentSetSize of job (KB)
...
006 (756.000.000) 04/09 08:33:06 Image size of job updated: 5012232
	3399  -  MemoryUsage of job (MB)
	3479836  -  ResidentSetSize of job (KB)
...
006 (756.000.000) 04/09 08:43:06 Image size of job updated: 5012232
	3417  -  MemoryUsage of job (MB)
	3498056  -  ResidentSetSize of job (KB)
...
006 (756.000.000) 04/09 08:48:07 Image size of job updated: 5012232
	3435  -  MemoryUsage of job (MB)
	3516828  -  ResidentSetSize of job (KB)
...
006 (756.000.000) 04/09 08:53:08 Image size of job updated: 5012232
	3454  -  MemoryUsage of job (MB)
	3536148  -  ResidentSetSize of job (KB)
...
006 (756.000.000) 04/09 08:58:08 Image size of job updated: 5012232
	3467  -  MemoryUsage of job (MB)
	3549512  -  ResidentSetSize of job (KB)
...
006 (756.000.000) 04/09 09:08:08 Image size of job updated: 5012232
	3479  -  MemoryUsage of job (MB)
	3562036  -  ResidentSetSize of job (KB)
...
006 (756.000.000) 04/09 09:13:09 Image size of job updated: 5012232
	3500  -  MemoryUsage of job (MB)
	3583344  -  ResidentSetSize of job (KB)
...
006 (756.000.000) 04/09 09:23:11 Image size of job updated: 5012232
	3525  -  MemoryUsage of job (MB)
	3608740  -  ResidentSetSize of job (KB)
...
006 (756.000.000) 04/09 09:28:11 Image size of job updated: 5012232
	3539  -  MemoryUsage of job (MB)
	3623072  -  ResidentSetSize of job (KB)
...
006 (756.000.000) 04/09 09:33:11 Image size of job updated: 5050944
	3539  -  MemoryUsage of job (MB)
	3623080  -  ResidentSetSize of job (KB)
...
006 (756.000.000) 04/09 09:38:12 Image size of job updated: 5050944
	3583  -  MemoryUsage of job (MB)
	3668864  -  ResidentSetSize of job (KB)
...
005 (756.000.000) 04/09 09:39:35 Job terminated.
	(1) Normal termination (return value 0)
		Usr 0 14:54:32, Sys 0 02:15:28  -  Run Remote Usage
		Usr 0 00:00:00, Sys 0 00:00:00  -  Run Local Usage
		Usr 0 14:54:32, Sys 0 02:15:28  -  Total Remote Usage
		Usr 0 00:00:00, Sys 0 00:00:00  -  Total Local Usage
	0  -  Run Bytes Sent By Job
	0  -  Run Bytes Received By Job
	0  -  Total Bytes Sent By Job
	0  -  Total Bytes Received By Job
	Partitionable Resources :    Usage  Request Allocated
	   Cpus                 :                 1         1
	   Disk (KB)            :        7        7  39050682
	   Gpus                 :                 1         1
	   Memory (MB)          :     3583     4096      4096
...
