I tensorflow/stream_executor/dso_loader.cc:128] successfully opened CUDA library libcublas.so locally
I tensorflow/stream_executor/dso_loader.cc:128] successfully opened CUDA library libcudnn.so locally
I tensorflow/stream_executor/dso_loader.cc:119] Couldn't open CUDA library libcufft.so. LD_LIBRARY_PATH: /usr/local/cuda/lib64:/usr/local/cuda-7.5/lib64:/usr/local/cuda-8.0/lib64:/users/start2014/r0385169/.local/cudnn
I tensorflow/stream_executor/cuda/cuda_fft.cc:344] Unable to load cuFFT DSO.
I tensorflow/stream_executor/dso_loader.cc:128] successfully opened CUDA library libcuda.so.1 locally
I tensorflow/stream_executor/dso_loader.cc:119] Couldn't open CUDA library libcurand.so. LD_LIBRARY_PATH: /usr/local/cuda/lib64:/usr/local/cuda-7.5/lib64:/usr/local/cuda-8.0/lib64:/users/start2014/r0385169/.local/cudnn
I tensorflow/stream_executor/cuda/cuda_rng.cc:338] Unable to load cuRAND DSO.
/users/start2014/r0364650/.local/lib/python2.7/site-packages/gensim/utils.py:1015: UserWarning: Pattern library is not installed, lemmatization won't be available.
  warnings.warn("Pattern library is not installed, lemmatization won't be available.")
I tensorflow/stream_executor/cuda/cuda_gpu_executor.cc:937] successful NUMA node read from SysFS had negative value (-1), but there must be at least one NUMA node, so returning NUMA node zero
I tensorflow/core/common_runtime/gpu/gpu_device.cc:885] Found device 0 with properties: 
name: GeForce GTX 960
major: 5 minor: 2 memoryClockRate (GHz) 1.253
pciBusID 0000:46:00.0
Total memory: 3.94GiB
Free memory: 3.90GiB
I tensorflow/core/common_runtime/gpu/gpu_device.cc:906] DMA: 0 
I tensorflow/core/common_runtime/gpu/gpu_device.cc:916] 0:   Y 
I tensorflow/core/common_runtime/gpu/gpu_device.cc:975] Creating TensorFlow device (/gpu:0) -> (device: 0, name: GeForce GTX 960, pci bus id: 0000:46:00.0)
I tensorflow/core/common_runtime/gpu/pool_allocator.cc:247] PoolAllocator: After 10905 get requests, put_count=10809 evicted_count=1000 eviction_rate=0.0925155 and unsatisfied allocation rate=0.109674
I tensorflow/core/common_runtime/gpu/pool_allocator.cc:259] Raising pool_size_limit_ from 100 to 110
I tensorflow/core/common_runtime/gpu/pool_allocator.cc:247] PoolAllocator: After 3228576 get requests, put_count=3228577 evicted_count=3000 eviction_rate=0.000929202 and unsatisfied allocation rate=0.000934777
I tensorflow/core/common_runtime/gpu/pool_allocator.cc:247] PoolAllocator: After 13821600 get requests, put_count=13821601 evicted_count=13000 eviction_rate=0.000940557 and unsatisfied allocation rate=0.000941859
I tensorflow/core/common_runtime/gpu/pool_allocator.cc:247] PoolAllocator: After 24222432 get requests, put_count=24222433 evicted_count=23000 eviction_rate=0.000949533 and unsatisfied allocation rate=0.000950276
I tensorflow/core/common_runtime/gpu/pool_allocator.cc:247] PoolAllocator: After 34759296 get requests, put_count=34759286 evicted_count=33000 eviction_rate=0.000949387 and unsatisfied allocation rate=0.000950221
I tensorflow/core/common_runtime/gpu/pool_allocator.cc:247] PoolAllocator: After 45425952 get requests, put_count=45425953 evicted_count=43000 eviction_rate=0.000946595 and unsatisfied allocation rate=0.000946992
I tensorflow/core/common_runtime/gpu/pool_allocator.cc:247] PoolAllocator: After 56091360 get requests, put_count=56091359 evicted_count=53000 eviction_rate=0.000944887 and unsatisfied allocation rate=0.000945244
I tensorflow/core/common_runtime/gpu/pool_allocator.cc:247] PoolAllocator: After 66454752 get requests, put_count=66454753 evicted_count=63000 eviction_rate=0.000948013 and unsatisfied allocation rate=0.000948284
I tensorflow/core/common_runtime/gpu/pool_allocator.cc:247] PoolAllocator: After 77117664 get requests, put_count=77117665 evicted_count=73000 eviction_rate=0.000946605 and unsatisfied allocation rate=0.000946839
I tensorflow/core/common_runtime/gpu/pool_allocator.cc:247] PoolAllocator: After 87588384 get requests, put_count=87588385 evicted_count=83000 eviction_rate=0.000947614 and unsatisfied allocation rate=0.00094782
I tensorflow/core/common_runtime/gpu/pool_allocator.cc:247] PoolAllocator: After 98059104 get requests, put_count=98059105 evicted_count=93000 eviction_rate=0.000948408 and unsatisfied allocation rate=0.000948591
I tensorflow/core/common_runtime/gpu/pool_allocator.cc:247] PoolAllocator: After 108791904 get requests, put_count=108791905 evicted_count=103000 eviction_rate=0.000946762 and unsatisfied allocation rate=0.000946927
I tensorflow/core/common_runtime/gpu/pool_allocator.cc:247] PoolAllocator: After 119507232 get requests, put_count=119507233 evicted_count=113000 eviction_rate=0.000945549 and unsatisfied allocation rate=0.0009457
I tensorflow/core/common_runtime/gpu/pool_allocator.cc:247] PoolAllocator: After 130082784 get requests, put_count=130082785 evicted_count=123000 eviction_rate=0.000945552 and unsatisfied allocation rate=0.00094569
I tensorflow/core/common_runtime/gpu/pool_allocator.cc:247] PoolAllocator: After 140902944 get requests, put_count=140902945 evicted_count=133000 eviction_rate=0.000943912 and unsatisfied allocation rate=0.00094404
I tensorflow/core/common_runtime/gpu/pool_allocator.cc:247] PoolAllocator: After 151845408 get requests, put_count=151845409 evicted_count=143000 eviction_rate=0.000941747 and unsatisfied allocation rate=0.000941866
I tensorflow/core/common_runtime/gpu/pool_allocator.cc:247] PoolAllocator: After 162578208 get requests, put_count=162578209 evicted_count=153000 eviction_rate=0.000941086 and unsatisfied allocation rate=0.000941196
I tensorflow/core/common_runtime/gpu/pool_allocator.cc:247] PoolAllocator: After 173171232 get requests, put_count=173171233 evicted_count=163000 eviction_rate=0.000941265 and unsatisfied allocation rate=0.000941369
I tensorflow/core/common_runtime/gpu/pool_allocator.cc:247] PoolAllocator: After 183729312 get requests, put_count=183729313 evicted_count=173000 eviction_rate=0.000941603 and unsatisfied allocation rate=0.000941701
I tensorflow/core/common_runtime/gpu/pool_allocator.cc:247] PoolAllocator: After 194447394 get requests, put_count=194447395 evicted_count=183000 eviction_rate=0.000941129 and unsatisfied allocation rate=0.000941221
I tensorflow/core/common_runtime/gpu/pool_allocator.cc:247] PoolAllocator: After 204848226 get requests, put_count=204848227 evicted_count=193000 eviction_rate=0.000942161 and unsatisfied allocation rate=0.000942249
I tensorflow/core/common_runtime/gpu/pool_allocator.cc:247] PoolAllocator: After 215111778 get requests, put_count=215111777 evicted_count=203000 eviction_rate=0.000943695 and unsatisfied allocation rate=0.000943788
I tensorflow/core/common_runtime/gpu/pool_allocator.cc:247] PoolAllocator: After 225684834 get requests, put_count=225684835 evicted_count=213000 eviction_rate=0.000943794 and unsatisfied allocation rate=0.000943874
I tensorflow/core/common_runtime/gpu/pool_allocator.cc:247] PoolAllocator: After 236295330 get requests, put_count=236295331 evicted_count=223000 eviction_rate=0.000943734 and unsatisfied allocation rate=0.00094381
I tensorflow/core/common_runtime/gpu/pool_allocator.cc:247] PoolAllocator: After 246678690 get requests, put_count=246678691 evicted_count=233000 eviction_rate=0.000944549 and unsatisfied allocation rate=0.000944622
I tensorflow/core/common_runtime/gpu/pool_allocator.cc:247] PoolAllocator: After 256887330 get requests, put_count=256887331 evicted_count=243000 eviction_rate=0.00094594 and unsatisfied allocation rate=0.00094601
I tensorflow/core/common_runtime/gpu/pool_allocator.cc:247] PoolAllocator: After 267480354 get requests, put_count=267480355 evicted_count=253000 eviction_rate=0.000945864 and unsatisfied allocation rate=0.000945931
I tensorflow/core/common_runtime/gpu/pool_allocator.cc:247] PoolAllocator: After 277636578 get requests, put_count=277636579 evicted_count=263000 eviction_rate=0.000947282 and unsatisfied allocation rate=0.000947346
I tensorflow/core/common_runtime/gpu/pool_allocator.cc:247] PoolAllocator: After 288229602 get requests, put_count=288229603 evicted_count=273000 eviction_rate=0.000947162 and unsatisfied allocation rate=0.000947224
I tensorflow/core/common_runtime/gpu/pool_allocator.cc:247] PoolAllocator: After 298578018 get requests, put_count=298578019 evicted_count=283000 eviction_rate=0.000947826 and unsatisfied allocation rate=0.000947886
I tensorflow/core/common_runtime/gpu/pool_allocator.cc:247] PoolAllocator: After 308978850 get requests, put_count=308978851 evicted_count=293000 eviction_rate=0.000948285 and unsatisfied allocation rate=0.000948343
I tensorflow/core/common_runtime/gpu/pool_allocator.cc:247] PoolAllocator: After 319606818 get requests, put_count=319606819 evicted_count=303000 eviction_rate=0.00094804 and unsatisfied allocation rate=0.000948096
I tensorflow/core/common_runtime/gpu/pool_allocator.cc:247] PoolAllocator: After 330098754 get requests, put_count=330098752 evicted_count=313000 eviction_rate=0.000948201 and unsatisfied allocation rate=0.000948265
I tensorflow/core/common_runtime/gpu/pool_allocator.cc:247] PoolAllocator: After 340583202 get requests, put_count=340583203 evicted_count=323000 eviction_rate=0.000948373 and unsatisfied allocation rate=0.000948426
I tensorflow/core/common_runtime/gpu/pool_allocator.cc:247] PoolAllocator: After 351228642 get requests, put_count=351228643 evicted_count=333000 eviction_rate=0.0009481 and unsatisfied allocation rate=0.000948152
I tensorflow/core/common_runtime/gpu/pool_allocator.cc:247] PoolAllocator: After 361646946 get requests, put_count=361646947 evicted_count=343000 eviction_rate=0.000948439 and unsatisfied allocation rate=0.000948489
I tensorflow/core/common_runtime/gpu/pool_allocator.cc:247] PoolAllocator: After 372205026 get requests, put_count=372205027 evicted_count=353000 eviction_rate=0.000948402 and unsatisfied allocation rate=0.00094845
I tensorflow/core/common_runtime/gpu/pool_allocator.cc:247] PoolAllocator: After 382850466 get requests, put_count=382850467 evicted_count=363000 eviction_rate=0.000948151 and unsatisfied allocation rate=0.000948198
I tensorflow/core/common_runtime/gpu/pool_allocator.cc:247] PoolAllocator: After 393244068 get requests, put_count=393244069 evicted_count=373000 eviction_rate=0.00094852 and unsatisfied allocation rate=0.000948566
I tensorflow/core/common_runtime/gpu/pool_allocator.cc:247] PoolAllocator: After 403924452 get requests, put_count=403924453 evicted_count=383000 eviction_rate=0.000948197 and unsatisfied allocation rate=0.000948242
I tensorflow/core/common_runtime/gpu/pool_allocator.cc:247] PoolAllocator: After 414569892 get requests, put_count=414569893 evicted_count=393000 eviction_rate=0.00094797 and unsatisfied allocation rate=0.000948014
I tensorflow/core/common_runtime/gpu/pool_allocator.cc:247] PoolAllocator: After 425529828 get requests, put_count=425529829 evicted_count=403000 eviction_rate=0.000947055 and unsatisfied allocation rate=0.000947097
I tensorflow/core/common_runtime/gpu/pool_allocator.cc:247] PoolAllocator: After 436070436 get requests, put_count=436070437 evicted_count=413000 eviction_rate=0.000947095 and unsatisfied allocation rate=0.000947136
I tensorflow/core/common_runtime/gpu/pool_allocator.cc:247] PoolAllocator: After 446680932 get requests, put_count=446680933 evicted_count=423000 eviction_rate=0.000946985 and unsatisfied allocation rate=0.000947025
I tensorflow/core/common_runtime/gpu/pool_allocator.cc:247] PoolAllocator: After 457239012 get requests, put_count=457239013 evicted_count=433000 eviction_rate=0.000946988 and unsatisfied allocation rate=0.000947028
I tensorflow/core/common_runtime/gpu/pool_allocator.cc:247] PoolAllocator: After 468129060 get requests, put_count=468129061 evicted_count=443000 eviction_rate=0.00094632 and unsatisfied allocation rate=0.000946359
I tensorflow/core/common_runtime/gpu/pool_allocator.cc:247] PoolAllocator: After 478984164 get requests, put_count=478984165 evicted_count=453000 eviction_rate=0.000945752 and unsatisfied allocation rate=0.000945789
I tensorflow/core/common_runtime/gpu/pool_allocator.cc:247] PoolAllocator: After 489996516 get requests, put_count=489996517 evicted_count=463000 eviction_rate=0.000944905 and unsatisfied allocation rate=0.000944941
I tensorflow/core/common_runtime/gpu/pool_allocator.cc:247] PoolAllocator: After 500589540 get requests, put_count=500589541 evicted_count=473000 eviction_rate=0.000944886 and unsatisfied allocation rate=0.000944922
I tensorflow/core/common_runtime/gpu/pool_allocator.cc:247] PoolAllocator: After 511077732 get requests, put_count=511077733 evicted_count=483000 eviction_rate=0.000945062 and unsatisfied allocation rate=0.000945097
I tensorflow/core/common_runtime/gpu/pool_allocator.cc:247] PoolAllocator: After 521688228 get requests, put_count=521688229 evicted_count=493000 eviction_rate=0.000945009 and unsatisfied allocation rate=0.000945043
I tensorflow/core/common_runtime/gpu/pool_allocator.cc:247] PoolAllocator: After 532316196 get requests, put_count=532316197 evicted_count=503000 eviction_rate=0.000944927 and unsatisfied allocation rate=0.000944961
I tensorflow/core/common_runtime/gpu/pool_allocator.cc:247] PoolAllocator: After 542909220 get requests, put_count=542909221 evicted_count=513000 eviction_rate=0.000944909 and unsatisfied allocation rate=0.000944943
I tensorflow/core/common_runtime/gpu/pool_allocator.cc:247] PoolAllocator: After 553519716 get requests, put_count=553519717 evicted_count=523000 eviction_rate=0.000944862 and unsatisfied allocation rate=0.000944895
I tensorflow/core/common_runtime/gpu/pool_allocator.cc:247] PoolAllocator: After 564235044 get requests, put_count=564235045 evicted_count=533000 eviction_rate=0.000944642 and unsatisfied allocation rate=0.000944674
I tensorflow/core/common_runtime/gpu/pool_allocator.cc:247] PoolAllocator: After 575053956 get requests, put_count=575053944 evicted_count=543000 eviction_rate=0.000944259 and unsatisfied allocation rate=0.000944313
