000 (699.000.000) 04/07 15:58:51 Job submitted from host: <10.33.133.154:9618?addrs=10.33.133.154-9618+[--1]-9618&noUDP&sock=1370_48d6_3>
    DAG Node: cbow_exp_soft
...
001 (699.000.000) 04/07 18:45:11 Job executing on host: <10.33.133.203:9618?addrs=10.33.133.203-9618+[--1]-9618&noUDP&sock=1528_a8cd_3>
...
006 (699.000.000) 04/07 18:45:20 Image size of job updated: 239224
	199  -  MemoryUsage of job (MB)
	203052  -  ResidentSetSize of job (KB)
...
006 (699.000.000) 04/07 18:50:21 Image size of job updated: 1624632
	967  -  MemoryUsage of job (MB)
	989296  -  ResidentSetSize of job (KB)
...
006 (699.000.000) 04/07 18:55:21 Image size of job updated: 1632844
	975  -  MemoryUsage of job (MB)
	997508  -  ResidentSetSize of job (KB)
...
006 (699.000.000) 04/07 19:00:21 Image size of job updated: 1632852
	975  -  MemoryUsage of job (MB)
	997516  -  ResidentSetSize of job (KB)
...
006 (699.000.000) 04/07 19:05:22 Image size of job updated: 1633096
	975  -  MemoryUsage of job (MB)
	997760  -  ResidentSetSize of job (KB)
...
006 (699.000.000) 04/07 19:30:25 Image size of job updated: 1633128
	975  -  MemoryUsage of job (MB)
	997792  -  ResidentSetSize of job (KB)
...
006 (699.000.000) 04/07 19:35:25 Image size of job updated: 1633632
	975  -  MemoryUsage of job (MB)
	998296  -  ResidentSetSize of job (KB)
...
006 (699.000.000) 04/07 19:40:26 Image size of job updated: 1634396
	976  -  MemoryUsage of job (MB)
	999060  -  ResidentSetSize of job (KB)
...
006 (699.000.000) 04/07 21:00:35 Image size of job updated: 1634652
	976  -  MemoryUsage of job (MB)
	999316  -  ResidentSetSize of job (KB)
...
006 (699.000.000) 04/07 21:35:39 Image size of job updated: 1677484
	1018  -  MemoryUsage of job (MB)
	1042148  -  ResidentSetSize of job (KB)
...
006 (699.000.000) 04/07 21:40:40 Image size of job updated: 1711868
	1052  -  MemoryUsage of job (MB)
	1076532  -  ResidentSetSize of job (KB)
...
006 (699.000.000) 04/07 21:45:40 Image size of job updated: 1739096
	1078  -  MemoryUsage of job (MB)
	1103760  -  ResidentSetSize of job (KB)
...
010 (699.000.000) 04/07 23:10:58 Job was suspended.
	Number of processes actually suspended: 12
...
011 (699.000.000) 04/07 23:16:00 Job was unsuspended.
...
010 (699.000.000) 04/08 10:34:30 Job was suspended.
	Number of processes actually suspended: 12
...
011 (699.000.000) 04/08 10:43:29 Job was unsuspended.
...
006 (699.000.000) 04/08 11:05:25 Image size of job updated: 1741852
	1078  -  MemoryUsage of job (MB)
	1103760  -  ResidentSetSize of job (KB)
...
005 (699.000.000) 04/08 11:05:25 Job terminated.
	(1) Normal termination (return value 0)
		Usr 0 09:59:08, Sys 0 00:03:35  -  Run Remote Usage
		Usr 0 00:00:00, Sys 0 00:00:00  -  Run Local Usage
		Usr 0 09:59:08, Sys 0 00:03:35  -  Total Remote Usage
		Usr 0 00:00:00, Sys 0 00:00:00  -  Total Local Usage
	0  -  Run Bytes Sent By Job
	0  -  Run Bytes Received By Job
	0  -  Total Bytes Sent By Job
	0  -  Total Bytes Received By Job
	Partitionable Resources :    Usage  Request Allocated
	   Cpus                 :                 1         1
	   Disk (KB)            :        7        7  13832093
	   Gpus                 :                 1         1
	   Memory (MB)          :     1078     4096      4096
...
