I tensorflow/stream_executor/dso_loader.cc:128] successfully opened CUDA library libcublas.so locally
I tensorflow/stream_executor/dso_loader.cc:128] successfully opened CUDA library libcudnn.so locally
I tensorflow/stream_executor/dso_loader.cc:128] successfully opened CUDA library libcufft.so locally
I tensorflow/stream_executor/dso_loader.cc:128] successfully opened CUDA library libcuda.so.1 locally
I tensorflow/stream_executor/dso_loader.cc:128] successfully opened CUDA library libcurand.so locally
/users/start2014/r0364650/.local/lib/python2.7/site-packages/gensim/utils.py:1015: UserWarning: Pattern library is not installed, lemmatization won't be available.
  warnings.warn("Pattern library is not installed, lemmatization won't be available.")
I tensorflow/stream_executor/cuda/cuda_gpu_executor.cc:937] successful NUMA node read from SysFS had negative value (-1), but there must be at least one NUMA node, so returning NUMA node zero
I tensorflow/core/common_runtime/gpu/gpu_device.cc:885] Found device 0 with properties: 
name: GeForce GTX 980 Ti
major: 5 minor: 2 memoryClockRate (GHz) 1.19
pciBusID 0000:01:00.0
Total memory: 5.93GiB
Free memory: 5.84GiB
I tensorflow/core/common_runtime/gpu/gpu_device.cc:906] DMA: 0 
I tensorflow/core/common_runtime/gpu/gpu_device.cc:916] 0:   Y 
I tensorflow/core/common_runtime/gpu/gpu_device.cc:975] Creating TensorFlow device (/gpu:0) -> (device: 0, name: GeForce GTX 980 Ti, pci bus id: 0000:01:00.0)
I tensorflow/core/common_runtime/gpu/pool_allocator.cc:247] PoolAllocator: After 11611 get requests, put_count=11508 evicted_count=1000 eviction_rate=0.0868961 and unsatisfied allocation rate=0.103609
I tensorflow/core/common_runtime/gpu/pool_allocator.cc:259] Raising pool_size_limit_ from 100 to 110
I tensorflow/core/common_runtime/gpu/pool_allocator.cc:247] PoolAllocator: After 5853980 get requests, put_count=5853978 evicted_count=1000 eviction_rate=0.000170824 and unsatisfied allocation rate=0.000175095
I tensorflow/core/common_runtime/gpu/pool_allocator.cc:247] PoolAllocator: After 86392284 get requests, put_count=86392283 evicted_count=11000 eviction_rate=0.000127326 and unsatisfied allocation rate=0.000127604
I tensorflow/core/common_runtime/gpu/pool_allocator.cc:247] PoolAllocator: After 147319106 get requests, put_count=147319103 evicted_count=21000 eviction_rate=0.000142548 and unsatisfied allocation rate=0.000142724
I tensorflow/core/common_runtime/gpu/pool_allocator.cc:247] PoolAllocator: After 206209032 get requests, put_count=206209029 evicted_count=31000 eviction_rate=0.000150333 and unsatisfied allocation rate=0.000150459
I tensorflow/core/common_runtime/gpu/pool_allocator.cc:247] PoolAllocator: After 243317554 get requests, put_count=243317550 evicted_count=41000 eviction_rate=0.000168504 and unsatisfied allocation rate=0.000168615
I tensorflow/core/common_runtime/gpu/pool_allocator.cc:247] PoolAllocator: After 280524724 get requests, put_count=280524720 evicted_count=51000 eviction_rate=0.000181802 and unsatisfied allocation rate=0.000181898
I tensorflow/core/common_runtime/gpu/pool_allocator.cc:247] PoolAllocator: After 318987060 get requests, put_count=318987056 evicted_count=61000 eviction_rate=0.00019123 and unsatisfied allocation rate=0.000191315
I tensorflow/core/common_runtime/gpu/pool_allocator.cc:247] PoolAllocator: After 355619216 get requests, put_count=355619212 evicted_count=71000 eviction_rate=0.000199652 and unsatisfied allocation rate=0.000199728
I tensorflow/core/common_runtime/gpu/pool_allocator.cc:247] PoolAllocator: After 391298640 get requests, put_count=391298636 evicted_count=81000 eviction_rate=0.000207003 and unsatisfied allocation rate=0.000207072
I tensorflow/core/common_runtime/gpu/pool_allocator.cc:247] PoolAllocator: After 427307422 get requests, put_count=427307418 evicted_count=91000 eviction_rate=0.000212961 and unsatisfied allocation rate=0.000213025
I tensorflow/core/common_runtime/gpu/pool_allocator.cc:247] PoolAllocator: After 464192688 get requests, put_count=464192684 evicted_count=101000 eviction_rate=0.000217582 and unsatisfied allocation rate=0.00021764
I tensorflow/core/common_runtime/gpu/pool_allocator.cc:247] PoolAllocator: After 500556158 get requests, put_count=500556154 evicted_count=111000 eviction_rate=0.000221753 and unsatisfied allocation rate=0.000221807
I tensorflow/core/common_runtime/gpu/pool_allocator.cc:247] PoolAllocator: After 535513894 get requests, put_count=535513890 evicted_count=121000 eviction_rate=0.000225951 and unsatisfied allocation rate=0.000226002
I tensorflow/core/common_runtime/gpu/pool_allocator.cc:247] PoolAllocator: After 572822308 get requests, put_count=572822304 evicted_count=131000 eviction_rate=0.000228692 and unsatisfied allocation rate=0.000228739
