job started
Epoch: 1 Learning rate: 1.000
0.000 perplexity: 49842.059 speed: 77 wps
0.100 perplexity: 398.384 speed: 2686 wps
0.200 perplexity: 317.339 speed: 2694 wps
0.300 perplexity: 280.249 speed: 2698 wps
0.400 perplexity: 257.536 speed: 2702 wps
0.500 perplexity: 241.819 speed: 2704 wps
0.600 perplexity: 230.477 speed: 2703 wps
0.700 perplexity: 221.418 speed: 2706 wps
0.800 perplexity: 214.079 speed: 2706 wps
0.900 perplexity: 207.955 speed: 2709 wps
1.000 perplexity: 202.705 speed: 2709 wps
Epoch: 1 Train Perplexity: 202.705
with(perplexity: 159.892) speed: 5849 wps
Epoch: 1 Valid Perplexity: 159.892
Epoch: 2 Learning rate: 1.000
0.000 perplexity: 226.186 speed: 2659 wps
0.100 perplexity: 159.201 speed: 2713 wps
0.200 perplexity: 157.312 speed: 2727 wps
0.300 perplexity: 156.085 speed: 2725 wps
0.400 perplexity: 155.003 speed: 2726 wps
0.500 perplexity: 153.933 speed: 2728 wps
0.600 perplexity: 153.247 speed: 2726 wps
0.700 perplexity: 152.459 speed: 2727 wps
0.800 perplexity: 151.700 speed: 2728 wps
0.900 perplexity: 150.974 speed: 2728 wps
1.000 perplexity: 150.263 speed: 2729 wps
Epoch: 2 Train Perplexity: 150.264
with(perplexity: 142.095) speed: 5926 wps
Epoch: 2 Valid Perplexity: 142.095
Epoch: 3 Learning rate: 1.000
0.000 perplexity: 204.990 speed: 2650 wps
0.100 perplexity: 143.986 speed: 2715 wps
0.200 perplexity: 143.003 speed: 2720 wps
0.300 perplexity: 142.549 speed: 2728 wps
0.400 perplexity: 142.119 speed: 2729 wps
0.500 perplexity: 141.644 speed: 2726 wps
0.600 perplexity: 141.472 speed: 2727 wps
0.700 perplexity: 141.173 speed: 2727 wps
0.800 perplexity: 140.850 speed: 2724 wps
0.900 perplexity: 140.519 speed: 2726 wps
1.000 perplexity: 140.186 speed: 2726 wps
Epoch: 3 Train Perplexity: 140.187
with(perplexity: 134.884) speed: 5925 wps
Epoch: 3 Valid Perplexity: 134.884
with(perplexity: 151.224) speed: 230 wps
Test Perplexity: 151.224
Saving model to /esat/spchtemp/scratch/robbe/SpeechHub/tied_models/output/cbow_tfidf_soft_0/cbow_tfidf_soft_0.
hihi
