job started
Epoch: 1 Learning rate: 1.000
0.000 perplexity: 49970.436 speed: 248 wps
0.100 perplexity: 362.029 speed: 7289 wps
0.200 perplexity: 287.763 speed: 7582 wps
0.300 perplexity: 253.865 speed: 7567 wps
0.400 perplexity: 232.991 speed: 7096 wps
0.500 perplexity: 218.521 speed: 7112 wps
0.600 perplexity: 208.114 speed: 7165 wps
0.700 perplexity: 199.772 speed: 7227 wps
0.800 perplexity: 193.021 speed: 7270 wps
0.900 perplexity: 187.391 speed: 7286 wps
1.000 perplexity: 182.570 speed: 7253 wps
Epoch: 1 Train Perplexity: 182.570
with(perplexity: 145.271) speed: 16694 wps
Epoch: 1 Valid Perplexity: 145.271
Epoch: 2 Learning rate: 1.000
0.000 perplexity: 207.985 speed: 7770 wps
0.100 perplexity: 142.605 speed: 7777 wps
0.200 perplexity: 140.831 speed: 7817 wps
0.300 perplexity: 139.737 speed: 7816 wps
0.400 perplexity: 138.748 speed: 7718 wps
0.500 perplexity: 137.755 speed: 7636 wps
0.600 perplexity: 137.143 speed: 7433 wps
0.700 perplexity: 136.435 speed: 7479 wps
0.800 perplexity: 135.749 speed: 7517 wps
0.900 perplexity: 135.089 speed: 7555 wps
1.000 perplexity: 134.438 speed: 7588 wps
Epoch: 2 Train Perplexity: 134.439
with(perplexity: 129.252) speed: 17432 wps
Epoch: 2 Valid Perplexity: 129.252
Epoch: 3 Learning rate: 1.000
0.000 perplexity: 193.898 speed: 6549 wps
0.100 perplexity: 128.662 speed: 7812 wps
0.200 perplexity: 127.725 speed: 7856 wps
0.300 perplexity: 127.328 speed: 7855 wps
0.400 perplexity: 126.948 speed: 7866 wps
0.500 perplexity: 126.505 speed: 7863 wps
0.600 perplexity: 126.367 speed: 7857 wps
0.700 perplexity: 126.088 speed: 7866 wps
0.800 perplexity: 125.803 speed: 7860 wps
0.900 perplexity: 125.509 speed: 7862 wps
1.000 perplexity: 125.195 speed: 7866 wps
Epoch: 3 Train Perplexity: 125.196
with(perplexity: 122.895) speed: 17322 wps
Epoch: 3 Valid Perplexity: 122.895
with(perplexity: 139.234) speed: 423 wps
Test Perplexity: 139.234
Saving model to /esat/spchtemp/scratch/robbe/SpeechHub/tied_models/output/cbow_exp_lstm_0/cbow_exp_lstm_0.
hihi
