job started
Epoch: 1 Learning rate: 1.000
0.000 perplexity: 49858.565 speed: 182 wps
0.100 perplexity: 372.296 speed: 2971 wps
0.200 perplexity: 295.259 speed: 2961 wps
0.300 perplexity: 259.943 speed: 2965 wps
0.400 perplexity: 238.286 speed: 2970 wps
0.500 perplexity: 223.321 speed: 2970 wps
0.600 perplexity: 212.539 speed: 2971 wps
0.700 perplexity: 203.923 speed: 2970 wps
0.800 perplexity: 196.971 speed: 2970 wps
0.900 perplexity: 191.179 speed: 2969 wps
1.000 perplexity: 186.233 speed: 2936 wps
Epoch: 1 Train Perplexity: 186.233
with(perplexity: 147.957) speed: 8185 wps
Epoch: 1 Valid Perplexity: 147.957
Epoch: 2 Learning rate: 1.000
0.000 perplexity: 206.094 speed: 3490 wps
0.100 perplexity: 145.361 speed: 2978 wps
0.200 perplexity: 143.559 speed: 2835 wps
0.300 perplexity: 142.426 speed: 2800 wps
0.400 perplexity: 141.407 speed: 2845 wps
0.500 perplexity: 140.418 speed: 2821 wps
0.600 perplexity: 139.788 speed: 2847 wps
0.700 perplexity: 139.056 speed: 2867 wps
0.800 perplexity: 138.355 speed: 2848 wps
0.900 perplexity: 137.683 speed: 2862 wps
1.000 perplexity: 137.020 speed: 2874 wps
Epoch: 2 Train Perplexity: 137.021
with(perplexity: 131.450) speed: 8279 wps
Epoch: 2 Valid Perplexity: 131.450
Epoch: 3 Learning rate: 1.000
0.000 perplexity: 187.514 speed: 3545 wps
0.100 perplexity: 131.173 speed: 2977 wps
0.200 perplexity: 130.229 speed: 2984 wps
0.300 perplexity: 129.815 speed: 2987 wps
0.400 perplexity: 129.412 speed: 2988 wps
0.500 perplexity: 128.969 speed: 2986 wps
0.600 perplexity: 128.820 speed: 2987 wps
0.700 perplexity: 128.529 speed: 2988 wps
0.800 perplexity: 128.232 speed: 2987 wps
0.900 perplexity: 127.929 speed: 2987 wps
1.000 perplexity: 127.611 speed: 2987 wps
Epoch: 3 Train Perplexity: 127.612
with(perplexity: 124.981) speed: 8260 wps
Epoch: 3 Valid Perplexity: 124.981
with(perplexity: 141.289) speed: 287 wps
Test Perplexity: 141.289
Saving model to /esat/spchtemp/scratch/robbe/SpeechHub/tied_models/output/cbow_tfidf_lstm_0/cbow_tfidf_lstm_0.
hihi
