000 (707.000.000) 04/07 15:59:12 Job submitted from host: <10.33.133.154:9618?addrs=10.33.133.154-9618+[--1]-9618&noUDP&sock=1370_48d6_3>
    DAG Node: cbow_tfidf_soft
...
001 (707.000.000) 04/08 10:14:28 Job executing on host: <10.33.133.236:9618?addrs=10.33.133.236-9618+[--1]-9618&noUDP&sock=1523_3ad4_3>
...
006 (707.000.000) 04/08 10:14:37 Image size of job updated: 86392
	55  -  MemoryUsage of job (MB)
	55420  -  ResidentSetSize of job (KB)
...
006 (707.000.000) 04/08 10:19:38 Image size of job updated: 1527756
	879  -  MemoryUsage of job (MB)
	899988  -  ResidentSetSize of job (KB)
...
006 (707.000.000) 04/08 10:24:38 Image size of job updated: 1538296
	890  -  MemoryUsage of job (MB)
	910528  -  ResidentSetSize of job (KB)
...
006 (707.000.000) 04/08 10:29:38 Image size of job updated: 1538552
	890  -  MemoryUsage of job (MB)
	910784  -  ResidentSetSize of job (KB)
...
006 (707.000.000) 04/08 10:34:39 Image size of job updated: 1538744
	890  -  MemoryUsage of job (MB)
	910976  -  ResidentSetSize of job (KB)
...
006 (707.000.000) 04/08 10:39:39 Image size of job updated: 1538752
	890  -  MemoryUsage of job (MB)
	910984  -  ResidentSetSize of job (KB)
...
006 (707.000.000) 04/08 10:49:40 Image size of job updated: 1539000
	890  -  MemoryUsage of job (MB)
	911232  -  ResidentSetSize of job (KB)
...
006 (707.000.000) 04/08 10:59:41 Image size of job updated: 1540040
	891  -  MemoryUsage of job (MB)
	912272  -  ResidentSetSize of job (KB)
...
005 (707.000.000) 04/09 23:02:23 Job terminated.
	(1) Normal termination (return value 0)
		Usr 0 00:46:48, Sys 0 00:00:27  -  Run Remote Usage
		Usr 0 00:00:00, Sys 0 00:00:00  -  Run Local Usage
		Usr 0 00:46:48, Sys 0 00:00:27  -  Total Remote Usage
		Usr 0 00:00:00, Sys 0 00:00:00  -  Total Local Usage
	0  -  Run Bytes Sent By Job
	0  -  Run Bytes Received By Job
	0  -  Total Bytes Sent By Job
	0  -  Total Bytes Received By Job
	Partitionable Resources :    Usage  Request Allocated
	   Cpus                 :                 1         1
	   Disk (KB)            :        7        7   3345052
	   Gpus                 :                 1         1
	   Memory (MB)          :      891     4096      4096
...
