04/07/17 15:58:46 ******************************************************
04/07/17 15:58:46 ** condor_scheduniv_exec.696.0 (CONDOR_DAGMAN) STARTING UP
04/07/17 15:58:46 ** /usr/bin/condor_dagman
04/07/17 15:58:46 ** SubsystemInfo: name=DAGMAN type=DAGMAN(10) class=DAEMON(1)
04/07/17 15:58:46 ** Configuration: subsystem:DAGMAN local:<NONE> class:DAEMON
04/07/17 15:58:46 ** $CondorVersion: 8.6.1 Mar 01 2017 BuildID: 398585 $
04/07/17 15:58:46 ** $CondorPlatform: x86_64_RedHat7 $
04/07/17 15:58:46 ** PID = 14138
04/07/17 15:58:46 ** Log last touched time unavailable (No such file or directory)
04/07/17 15:58:46 ******************************************************
04/07/17 15:58:46 Using config source: /etc/condor/condor_config
04/07/17 15:58:46 Using local config sources: 
04/07/17 15:58:46    /etc/condor/config.d/00esat.config
04/07/17 15:58:46    /etc/condor/config.d/01java.config
04/07/17 15:58:46    /etc/condor/config.d/80optout_users.config
04/07/17 15:58:46    /etc/condor/condor_config.local
04/07/17 15:58:46 config Macros = 166, Sorted = 166, StringBytes = 6016, TablesBytes = 6048
04/07/17 15:58:46 CLASSAD_CACHING is ENABLED
04/07/17 15:58:46 Daemon Log is logging: D_ALWAYS D_ERROR
04/07/17 15:58:46 DaemonCore: No command port requested.
04/07/17 15:58:46 DAGMAN_USE_STRICT setting: 1
04/07/17 15:58:46 DAGMAN_VERBOSITY setting: 3
04/07/17 15:58:46 DAGMAN_DEBUG_CACHE_SIZE setting: 5242880
04/07/17 15:58:46 DAGMAN_DEBUG_CACHE_ENABLE setting: False
04/07/17 15:58:46 DAGMAN_SUBMIT_DELAY setting: 0
04/07/17 15:58:46 DAGMAN_MAX_SUBMIT_ATTEMPTS setting: 6
04/07/17 15:58:46 DAGMAN_STARTUP_CYCLE_DETECT setting: False
04/07/17 15:58:46 DAGMAN_MAX_SUBMITS_PER_INTERVAL setting: 5
04/07/17 15:58:46 DAGMAN_USER_LOG_SCAN_INTERVAL setting: 5
04/07/17 15:58:46 DAGMAN_DEFAULT_PRIORITY setting: 0
04/07/17 15:58:46 DAGMAN_SUPPRESS_NOTIFICATION setting: True
04/07/17 15:58:46 allow_events (DAGMAN_ALLOW_EVENTS) setting: 114
04/07/17 15:58:46 DAGMAN_RETRY_SUBMIT_FIRST setting: True
04/07/17 15:58:46 DAGMAN_RETRY_NODE_FIRST setting: False
04/07/17 15:58:46 DAGMAN_MAX_JOBS_IDLE setting: 1000
04/07/17 15:58:46 DAGMAN_MAX_JOBS_SUBMITTED setting: 0
04/07/17 15:58:46 DAGMAN_MAX_PRE_SCRIPTS setting: 20
04/07/17 15:58:46 DAGMAN_MAX_POST_SCRIPTS setting: 20
04/07/17 15:58:46 DAGMAN_MUNGE_NODE_NAMES setting: True
04/07/17 15:58:46 DAGMAN_PROHIBIT_MULTI_JOBS setting: False
04/07/17 15:58:46 DAGMAN_SUBMIT_DEPTH_FIRST setting: False
04/07/17 15:58:46 DAGMAN_ALWAYS_RUN_POST setting: False
04/07/17 15:58:46 DAGMAN_ABORT_DUPLICATES setting: True
04/07/17 15:58:46 DAGMAN_ABORT_ON_SCARY_SUBMIT setting: True
04/07/17 15:58:46 DAGMAN_PENDING_REPORT_INTERVAL setting: 600
04/07/17 15:58:46 DAGMAN_AUTO_RESCUE setting: True
04/07/17 15:58:46 DAGMAN_MAX_RESCUE_NUM setting: 100
04/07/17 15:58:46 DAGMAN_WRITE_PARTIAL_RESCUE setting: True
04/07/17 15:58:46 DAGMAN_DEFAULT_NODE_LOG setting: @(DAG_DIR)/@(DAG_FILE).nodes.log
04/07/17 15:58:46 DAGMAN_GENERATE_SUBDAG_SUBMITS setting: True
04/07/17 15:58:46 DAGMAN_MAX_JOB_HOLDS setting: 100
04/07/17 15:58:46 DAGMAN_HOLD_CLAIM_TIME setting: 20
04/07/17 15:58:46 ALL_DEBUG setting: 
04/07/17 15:58:46 DAGMAN_DEBUG setting: 
04/07/17 15:58:46 DAGMAN_SUPPRESS_JOB_LOGS setting: False
04/07/17 15:58:46 DAGMAN_REMOVE_NODE_JOBS setting: True
04/07/17 15:58:46 argv[0] == "condor_scheduniv_exec.696.0"
04/07/17 15:58:46 argv[1] == "-Lockfile"
04/07/17 15:58:46 argv[2] == "ds_cbow_exp_soft.dag.lock"
04/07/17 15:58:46 argv[3] == "-AutoRescue"
04/07/17 15:58:46 argv[4] == "1"
04/07/17 15:58:46 argv[5] == "-DoRescueFrom"
04/07/17 15:58:46 argv[6] == "0"
04/07/17 15:58:46 argv[7] == "-Dag"
04/07/17 15:58:46 argv[8] == "ds_cbow_exp_soft.dag"
04/07/17 15:58:46 argv[9] == "-Suppress_notification"
04/07/17 15:58:46 argv[10] == "-CsdVersion"
04/07/17 15:58:46 argv[11] == "$CondorVersion: 8.6.1 Mar 01 2017 BuildID: 398585 $"
04/07/17 15:58:46 argv[12] == "-Dagman"
04/07/17 15:58:46 argv[13] == "/usr/bin/condor_dagman"
04/07/17 15:58:47 Workflow batch-name: <ds_cbow_exp_soft.dag+696>
04/07/17 15:58:47 Workflow accounting_group: <>
04/07/17 15:58:47 Workflow accounting_group_user: <>
04/07/17 15:58:47 Warning: failed to get attribute DAGNodeName
04/07/17 15:58:47 DAGMAN_LOG_ON_NFS_IS_ERROR setting: False
04/07/17 15:58:47 Default node log file is: </esat/spchtemp/scratch/robbe/SpeechHub/tied_models/python/jobdag/./ds_cbow_exp_soft.dag.nodes.log>
04/07/17 15:58:47 DAG Lockfile will be written to ds_cbow_exp_soft.dag.lock
04/07/17 15:58:47 DAG Input file is ds_cbow_exp_soft.dag
04/07/17 15:58:47 Parsing 1 dagfiles
04/07/17 15:58:47 Parsing ds_cbow_exp_soft.dag ...
04/07/17 15:58:47 Dag contains 2 total jobs
04/07/17 15:58:47 Sleeping for 3 seconds to ensure ProcessId uniqueness
04/07/17 15:58:50 Bootstrapping...
04/07/17 15:58:50 Number of pre-completed nodes: 0
04/07/17 15:58:50 MultiLogFiles: truncating log file /esat/spchtemp/scratch/robbe/SpeechHub/tied_models/python/jobdag/./ds_cbow_exp_soft.dag.nodes.log
04/07/17 15:58:50 DAG status: 0 (DAG_STATUS_OK)
04/07/17 15:58:50 Of 2 nodes total:
04/07/17 15:58:50  Done     Pre   Queued    Post   Ready   Un-Ready   Failed
04/07/17 15:58:50   ===     ===      ===     ===     ===        ===      ===
04/07/17 15:58:50     0       0        0       0       1          1        0
04/07/17 15:58:50 0 job proc(s) currently held
04/07/17 15:58:50 Registering condor_event_timer...
04/07/17 15:58:51 Submitting HTCondor Node cbow_exp_soft job(s)...
04/07/17 15:58:51 Adding a DAGMan workflow log /esat/spchtemp/scratch/robbe/SpeechHub/tied_models/python/jobdag/./ds_cbow_exp_soft.dag.nodes.log
04/07/17 15:58:51 Masking the events recorded in the DAGMAN workflow log
04/07/17 15:58:51 Mask for workflow log is 0,1,2,4,5,7,9,10,11,12,13,16,17,24,27
04/07/17 15:58:51 submitting: /usr/bin/condor_submit -a dag_node_name' '=' 'cbow_exp_soft -a +DAGManJobId' '=' '696 -a DAGManJobId' '=' '696 -batch-name ds_cbow_exp_soft.dag+696 -a submit_event_notes' '=' 'DAG' 'Node:' 'cbow_exp_soft -a dagman_log' '=' '/esat/spchtemp/scratch/robbe/SpeechHub/tied_models/python/jobdag/./ds_cbow_exp_soft.dag.nodes.log -a +DAGManNodesMask' '=' '"0,1,2,4,5,7,9,10,11,12,13,16,17,24,27" -a data_set' '=' 'ds -a test_name' '=' 'cbow_exp_soft -a num_run' '=' '0 -a combination' '=' 'exp -a DAG_STATUS' '=' '0 -a FAILED_COUNT' '=' '0 -a +KeepClaimIdle' '=' '20 -a notification' '=' 'never -a +DAGParentNodeNames' '=' '"" jobdag/cbow_soft.job
04/07/17 15:58:51 From submit: Submitting job(s).
04/07/17 15:58:51 From submit: 1 job(s) submitted to cluster 699.
04/07/17 15:58:51 	assigned HTCondor ID (699.0.0)
04/07/17 15:58:51 Just submitted 1 job this cycle...
04/07/17 15:58:51 Currently monitoring 1 HTCondor log file(s)
04/07/17 15:58:51 Reassigning the id of job cbow_exp_soft from (699.0.0) to (699.0.0)
04/07/17 15:58:51 Event: ULOG_SUBMIT for HTCondor Node cbow_exp_soft (699.0.0) {04/07/17 15:58:51}
04/07/17 15:58:51 Number of idle job procs: 1
04/07/17 15:58:51 DAG status: 0 (DAG_STATUS_OK)
04/07/17 15:58:51 Of 2 nodes total:
04/07/17 15:58:51  Done     Pre   Queued    Post   Ready   Un-Ready   Failed
04/07/17 15:58:51   ===     ===      ===     ===     ===        ===      ===
04/07/17 15:58:51     0       0        1       0       0          1        0
04/07/17 15:58:51 0 job proc(s) currently held
04/07/17 16:08:53 602 seconds since last log event
04/07/17 16:08:53 Pending DAG nodes:
04/07/17 16:08:53   Node cbow_exp_soft, HTCondor ID 699, status STATUS_SUBMITTED
04/07/17 16:18:54 1203 seconds since last log event
04/07/17 16:18:54 Pending DAG nodes:
04/07/17 16:18:54   Node cbow_exp_soft, HTCondor ID 699, status STATUS_SUBMITTED
04/07/17 16:28:58 1807 seconds since last log event
04/07/17 16:28:59 Pending DAG nodes:
04/07/17 16:28:59   Node cbow_exp_soft, HTCondor ID 699, status STATUS_SUBMITTED
04/07/17 16:38:59 2408 seconds since last log event
04/07/17 16:38:59 Pending DAG nodes:
04/07/17 16:38:59   Node cbow_exp_soft, HTCondor ID 699, status STATUS_SUBMITTED
04/07/17 16:49:03 3012 seconds since last log event
04/07/17 16:49:04 Pending DAG nodes:
04/07/17 16:49:04   Node cbow_exp_soft, HTCondor ID 699, status STATUS_SUBMITTED
04/07/17 16:59:04 3613 seconds since last log event
04/07/17 16:59:04 Pending DAG nodes:
04/07/17 16:59:04   Node cbow_exp_soft, HTCondor ID 699, status STATUS_SUBMITTED
04/07/17 17:09:06 4215 seconds since last log event
04/07/17 17:09:06 Pending DAG nodes:
04/07/17 17:09:06   Node cbow_exp_soft, HTCondor ID 699, status STATUS_SUBMITTED
04/07/17 17:19:06 4815 seconds since last log event
04/07/17 17:19:06 Pending DAG nodes:
04/07/17 17:19:06   Node cbow_exp_soft, HTCondor ID 699, status STATUS_SUBMITTED
04/07/17 17:29:08 5417 seconds since last log event
04/07/17 17:29:08 Pending DAG nodes:
04/07/17 17:29:08   Node cbow_exp_soft, HTCondor ID 699, status STATUS_SUBMITTED
04/07/17 17:39:11 6020 seconds since last log event
04/07/17 17:39:11 Pending DAG nodes:
04/07/17 17:39:11   Node cbow_exp_soft, HTCondor ID 699, status STATUS_SUBMITTED
04/07/17 17:49:14 6623 seconds since last log event
04/07/17 17:49:14 Pending DAG nodes:
04/07/17 17:49:14   Node cbow_exp_soft, HTCondor ID 699, status STATUS_SUBMITTED
04/07/17 17:59:17 7226 seconds since last log event
04/07/17 17:59:18 Pending DAG nodes:
04/07/17 17:59:18   Node cbow_exp_soft, HTCondor ID 699, status STATUS_SUBMITTED
04/07/17 18:09:18 7827 seconds since last log event
04/07/17 18:09:18 Pending DAG nodes:
04/07/17 18:09:18   Node cbow_exp_soft, HTCondor ID 699, status STATUS_SUBMITTED
04/07/17 18:19:18 8427 seconds since last log event
04/07/17 18:19:18 Pending DAG nodes:
04/07/17 18:19:18   Node cbow_exp_soft, HTCondor ID 699, status STATUS_SUBMITTED
04/07/17 18:29:22 9031 seconds since last log event
04/07/17 18:29:22 Pending DAG nodes:
04/07/17 18:29:22   Node cbow_exp_soft, HTCondor ID 699, status STATUS_SUBMITTED
04/07/17 18:39:25 9634 seconds since last log event
04/07/17 18:39:25 Pending DAG nodes:
04/07/17 18:39:25   Node cbow_exp_soft, HTCondor ID 699, status STATUS_SUBMITTED
04/07/17 18:45:13 Currently monitoring 1 HTCondor log file(s)
04/07/17 18:45:13 Event: ULOG_EXECUTE for HTCondor Node cbow_exp_soft (699.0.0) {04/07/17 18:45:11}
04/07/17 18:45:13 Number of idle job procs: 0
04/07/17 18:55:16 603 seconds since last log event
04/07/17 18:55:16 Pending DAG nodes:
04/07/17 18:55:16   Node cbow_exp_soft, HTCondor ID 699, status STATUS_SUBMITTED
04/07/17 19:05:20 1207 seconds since last log event
04/07/17 19:05:20 Pending DAG nodes:
04/07/17 19:05:20   Node cbow_exp_soft, HTCondor ID 699, status STATUS_SUBMITTED
04/07/17 19:15:20 1807 seconds since last log event
04/07/17 19:15:21 Pending DAG nodes:
04/07/17 19:15:21   Node cbow_exp_soft, HTCondor ID 699, status STATUS_SUBMITTED
04/07/17 19:25:23 2410 seconds since last log event
04/07/17 19:25:23 Pending DAG nodes:
04/07/17 19:25:23   Node cbow_exp_soft, HTCondor ID 699, status STATUS_SUBMITTED
04/07/17 19:35:26 3013 seconds since last log event
04/07/17 19:35:26 Pending DAG nodes:
04/07/17 19:35:26   Node cbow_exp_soft, HTCondor ID 699, status STATUS_SUBMITTED
04/07/17 19:45:30 3617 seconds since last log event
04/07/17 19:45:30 Pending DAG nodes:
04/07/17 19:45:30   Node cbow_exp_soft, HTCondor ID 699, status STATUS_SUBMITTED
04/07/17 19:55:33 4220 seconds since last log event
04/07/17 19:55:33 Pending DAG nodes:
04/07/17 19:55:33   Node cbow_exp_soft, HTCondor ID 699, status STATUS_SUBMITTED
04/07/17 20:05:34 4821 seconds since last log event
04/07/17 20:05:34 Pending DAG nodes:
04/07/17 20:05:34   Node cbow_exp_soft, HTCondor ID 699, status STATUS_SUBMITTED
04/07/17 20:15:38 5425 seconds since last log event
04/07/17 20:15:38 Pending DAG nodes:
04/07/17 20:15:38   Node cbow_exp_soft, HTCondor ID 699, status STATUS_SUBMITTED
04/07/17 20:25:40 6027 seconds since last log event
04/07/17 20:25:40 Pending DAG nodes:
04/07/17 20:25:40   Node cbow_exp_soft, HTCondor ID 699, status STATUS_SUBMITTED
04/07/17 20:35:43 6630 seconds since last log event
04/07/17 20:35:43 Pending DAG nodes:
04/07/17 20:35:43   Node cbow_exp_soft, HTCondor ID 699, status STATUS_SUBMITTED
04/07/17 20:45:45 7232 seconds since last log event
04/07/17 20:45:45 Pending DAG nodes:
04/07/17 20:45:45   Node cbow_exp_soft, HTCondor ID 699, status STATUS_SUBMITTED
04/07/17 20:55:48 7835 seconds since last log event
04/07/17 20:55:48 Pending DAG nodes:
04/07/17 20:55:48   Node cbow_exp_soft, HTCondor ID 699, status STATUS_SUBMITTED
04/07/17 21:05:51 8438 seconds since last log event
04/07/17 21:05:51 Pending DAG nodes:
04/07/17 21:05:51   Node cbow_exp_soft, HTCondor ID 699, status STATUS_SUBMITTED
04/07/17 21:15:54 9041 seconds since last log event
04/07/17 21:15:54 Pending DAG nodes:
04/07/17 21:15:54   Node cbow_exp_soft, HTCondor ID 699, status STATUS_SUBMITTED
04/07/17 21:25:57 9644 seconds since last log event
04/07/17 21:25:57 Pending DAG nodes:
04/07/17 21:25:57   Node cbow_exp_soft, HTCondor ID 699, status STATUS_SUBMITTED
04/07/17 21:36:00 10247 seconds since last log event
04/07/17 21:36:00 Pending DAG nodes:
04/07/17 21:36:00   Node cbow_exp_soft, HTCondor ID 699, status STATUS_SUBMITTED
04/07/17 21:46:03 10850 seconds since last log event
04/07/17 21:46:03 Pending DAG nodes:
04/07/17 21:46:03   Node cbow_exp_soft, HTCondor ID 699, status STATUS_SUBMITTED
04/07/17 21:56:05 11452 seconds since last log event
04/07/17 21:56:05 Pending DAG nodes:
04/07/17 21:56:05   Node cbow_exp_soft, HTCondor ID 699, status STATUS_SUBMITTED
04/07/17 22:06:08 12055 seconds since last log event
04/07/17 22:06:08 Pending DAG nodes:
04/07/17 22:06:08   Node cbow_exp_soft, HTCondor ID 699, status STATUS_SUBMITTED
04/07/17 22:16:11 12658 seconds since last log event
04/07/17 22:16:11 Pending DAG nodes:
04/07/17 22:16:11   Node cbow_exp_soft, HTCondor ID 699, status STATUS_SUBMITTED
04/07/17 22:26:14 13261 seconds since last log event
04/07/17 22:26:14 Pending DAG nodes:
04/07/17 22:26:14   Node cbow_exp_soft, HTCondor ID 699, status STATUS_SUBMITTED
04/07/17 22:36:17 13864 seconds since last log event
04/07/17 22:36:17 Pending DAG nodes:
04/07/17 22:36:17   Node cbow_exp_soft, HTCondor ID 699, status STATUS_SUBMITTED
04/07/17 22:46:18 14465 seconds since last log event
04/07/17 22:46:18 Pending DAG nodes:
04/07/17 22:46:18   Node cbow_exp_soft, HTCondor ID 699, status STATUS_SUBMITTED
04/07/17 22:56:20 15067 seconds since last log event
04/07/17 22:56:20 Pending DAG nodes:
04/07/17 22:56:20   Node cbow_exp_soft, HTCondor ID 699, status STATUS_SUBMITTED
04/07/17 23:06:23 15670 seconds since last log event
04/07/17 23:06:23 Pending DAG nodes:
04/07/17 23:06:23   Node cbow_exp_soft, HTCondor ID 699, status STATUS_SUBMITTED
04/07/17 23:10:59 Currently monitoring 1 HTCondor log file(s)
04/07/17 23:10:59 Event: ULOG_JOB_SUSPENDED for HTCondor Node cbow_exp_soft (699.0.0) {04/07/17 23:10:58}
04/07/17 23:10:59 Number of idle job procs: 1
04/07/17 23:16:01 Currently monitoring 1 HTCondor log file(s)
04/07/17 23:16:01 Event: ULOG_JOB_UNSUSPENDED for HTCondor Node cbow_exp_soft (699.0.0) {04/07/17 23:16:00}
04/07/17 23:16:01 Number of idle job procs: 0
04/07/17 23:26:03 602 seconds since last log event
04/07/17 23:26:03 Pending DAG nodes:
04/07/17 23:26:03   Node cbow_exp_soft, HTCondor ID 699, status STATUS_SUBMITTED
04/07/17 23:36:05 1204 seconds since last log event
04/07/17 23:36:05 Pending DAG nodes:
04/07/17 23:36:05   Node cbow_exp_soft, HTCondor ID 699, status STATUS_SUBMITTED
04/07/17 23:46:08 1807 seconds since last log event
04/07/17 23:46:08 Pending DAG nodes:
04/07/17 23:46:08   Node cbow_exp_soft, HTCondor ID 699, status STATUS_SUBMITTED
04/07/17 23:56:11 2410 seconds since last log event
04/07/17 23:56:11 Pending DAG nodes:
04/07/17 23:56:11   Node cbow_exp_soft, HTCondor ID 699, status STATUS_SUBMITTED
04/08/17 00:06:14 3013 seconds since last log event
04/08/17 00:06:14 Pending DAG nodes:
04/08/17 00:06:14   Node cbow_exp_soft, HTCondor ID 699, status STATUS_SUBMITTED
04/08/17 00:16:17 3616 seconds since last log event
04/08/17 00:16:17 Pending DAG nodes:
04/08/17 00:16:17   Node cbow_exp_soft, HTCondor ID 699, status STATUS_SUBMITTED
04/08/17 00:26:19 4218 seconds since last log event
04/08/17 00:26:19 Pending DAG nodes:
04/08/17 00:26:19   Node cbow_exp_soft, HTCondor ID 699, status STATUS_SUBMITTED
04/08/17 00:36:22 4821 seconds since last log event
04/08/17 00:36:22 Pending DAG nodes:
04/08/17 00:36:22   Node cbow_exp_soft, HTCondor ID 699, status STATUS_SUBMITTED
04/08/17 00:46:25 5424 seconds since last log event
04/08/17 00:46:25 Pending DAG nodes:
04/08/17 00:46:25   Node cbow_exp_soft, HTCondor ID 699, status STATUS_SUBMITTED
04/08/17 00:56:28 6027 seconds since last log event
04/08/17 00:56:28 Pending DAG nodes:
04/08/17 00:56:28   Node cbow_exp_soft, HTCondor ID 699, status STATUS_SUBMITTED
04/08/17 01:06:31 6630 seconds since last log event
04/08/17 01:06:31 Pending DAG nodes:
04/08/17 01:06:31   Node cbow_exp_soft, HTCondor ID 699, status STATUS_SUBMITTED
04/08/17 01:16:33 7232 seconds since last log event
04/08/17 01:16:33 Pending DAG nodes:
04/08/17 01:16:33   Node cbow_exp_soft, HTCondor ID 699, status STATUS_SUBMITTED
04/08/17 01:26:35 7834 seconds since last log event
04/08/17 01:26:35 Pending DAG nodes:
04/08/17 01:26:35   Node cbow_exp_soft, HTCondor ID 699, status STATUS_SUBMITTED
04/08/17 01:36:37 8436 seconds since last log event
04/08/17 01:36:37 Pending DAG nodes:
04/08/17 01:36:37   Node cbow_exp_soft, HTCondor ID 699, status STATUS_SUBMITTED
04/08/17 01:46:39 9038 seconds since last log event
04/08/17 01:46:39 Pending DAG nodes:
04/08/17 01:46:39   Node cbow_exp_soft, HTCondor ID 699, status STATUS_SUBMITTED
04/08/17 01:56:42 9641 seconds since last log event
04/08/17 01:56:42 Pending DAG nodes:
04/08/17 01:56:42   Node cbow_exp_soft, HTCondor ID 699, status STATUS_SUBMITTED
04/08/17 02:06:44 10243 seconds since last log event
04/08/17 02:06:44 Pending DAG nodes:
04/08/17 02:06:44   Node cbow_exp_soft, HTCondor ID 699, status STATUS_SUBMITTED
04/08/17 02:16:46 10845 seconds since last log event
04/08/17 02:16:46 Pending DAG nodes:
04/08/17 02:16:46   Node cbow_exp_soft, HTCondor ID 699, status STATUS_SUBMITTED
04/08/17 02:26:49 11448 seconds since last log event
04/08/17 02:26:49 Pending DAG nodes:
04/08/17 02:26:49   Node cbow_exp_soft, HTCondor ID 699, status STATUS_SUBMITTED
04/08/17 02:36:51 12050 seconds since last log event
04/08/17 02:36:51 Pending DAG nodes:
04/08/17 02:36:51   Node cbow_exp_soft, HTCondor ID 699, status STATUS_SUBMITTED
04/08/17 02:46:53 12652 seconds since last log event
04/08/17 02:46:53 Pending DAG nodes:
04/08/17 02:46:53   Node cbow_exp_soft, HTCondor ID 699, status STATUS_SUBMITTED
04/08/17 02:56:56 13255 seconds since last log event
04/08/17 02:56:56 Pending DAG nodes:
04/08/17 02:56:56   Node cbow_exp_soft, HTCondor ID 699, status STATUS_SUBMITTED
04/08/17 03:06:58 13857 seconds since last log event
04/08/17 03:06:58 Pending DAG nodes:
04/08/17 03:06:58   Node cbow_exp_soft, HTCondor ID 699, status STATUS_SUBMITTED
04/08/17 03:17:01 14460 seconds since last log event
04/08/17 03:17:01 Pending DAG nodes:
04/08/17 03:17:01   Node cbow_exp_soft, HTCondor ID 699, status STATUS_SUBMITTED
04/08/17 03:27:03 15062 seconds since last log event
04/08/17 03:27:03 Pending DAG nodes:
04/08/17 03:27:03   Node cbow_exp_soft, HTCondor ID 699, status STATUS_SUBMITTED
04/08/17 03:37:06 15665 seconds since last log event
04/08/17 03:37:06 Pending DAG nodes:
04/08/17 03:37:06   Node cbow_exp_soft, HTCondor ID 699, status STATUS_SUBMITTED
04/08/17 03:47:08 16267 seconds since last log event
04/08/17 03:47:08 Pending DAG nodes:
04/08/17 03:47:08   Node cbow_exp_soft, HTCondor ID 699, status STATUS_SUBMITTED
04/08/17 03:57:11 16870 seconds since last log event
04/08/17 03:57:11 Pending DAG nodes:
04/08/17 03:57:11   Node cbow_exp_soft, HTCondor ID 699, status STATUS_SUBMITTED
04/08/17 04:07:14 17473 seconds since last log event
04/08/17 04:07:14 Pending DAG nodes:
04/08/17 04:07:14   Node cbow_exp_soft, HTCondor ID 699, status STATUS_SUBMITTED
04/08/17 04:17:17 18076 seconds since last log event
04/08/17 04:17:17 Pending DAG nodes:
04/08/17 04:17:17   Node cbow_exp_soft, HTCondor ID 699, status STATUS_SUBMITTED
04/08/17 04:27:20 18679 seconds since last log event
04/08/17 04:27:20 Pending DAG nodes:
04/08/17 04:27:20   Node cbow_exp_soft, HTCondor ID 699, status STATUS_SUBMITTED
04/08/17 04:37:23 19282 seconds since last log event
04/08/17 04:37:23 Pending DAG nodes:
04/08/17 04:37:23   Node cbow_exp_soft, HTCondor ID 699, status STATUS_SUBMITTED
04/08/17 04:47:26 19885 seconds since last log event
04/08/17 04:47:26 Pending DAG nodes:
04/08/17 04:47:26   Node cbow_exp_soft, HTCondor ID 699, status STATUS_SUBMITTED
04/08/17 04:57:27 20486 seconds since last log event
04/08/17 04:57:27 Pending DAG nodes:
04/08/17 04:57:27   Node cbow_exp_soft, HTCondor ID 699, status STATUS_SUBMITTED
04/08/17 05:07:28 21087 seconds since last log event
04/08/17 05:07:28 Pending DAG nodes:
04/08/17 05:07:28   Node cbow_exp_soft, HTCondor ID 699, status STATUS_SUBMITTED
04/08/17 05:17:30 21689 seconds since last log event
04/08/17 05:17:30 Pending DAG nodes:
04/08/17 05:17:30   Node cbow_exp_soft, HTCondor ID 699, status STATUS_SUBMITTED
04/08/17 05:27:33 22292 seconds since last log event
04/08/17 05:27:33 Pending DAG nodes:
04/08/17 05:27:33   Node cbow_exp_soft, HTCondor ID 699, status STATUS_SUBMITTED
04/08/17 05:37:35 22894 seconds since last log event
04/08/17 05:37:35 Pending DAG nodes:
04/08/17 05:37:35   Node cbow_exp_soft, HTCondor ID 699, status STATUS_SUBMITTED
04/08/17 05:47:38 23497 seconds since last log event
04/08/17 05:47:38 Pending DAG nodes:
04/08/17 05:47:38   Node cbow_exp_soft, HTCondor ID 699, status STATUS_SUBMITTED
04/08/17 05:57:40 24099 seconds since last log event
04/08/17 05:57:40 Pending DAG nodes:
04/08/17 05:57:40   Node cbow_exp_soft, HTCondor ID 699, status STATUS_SUBMITTED
04/08/17 06:07:42 24701 seconds since last log event
04/08/17 06:07:42 Pending DAG nodes:
04/08/17 06:07:42   Node cbow_exp_soft, HTCondor ID 699, status STATUS_SUBMITTED
04/08/17 06:17:44 25303 seconds since last log event
04/08/17 06:17:44 Pending DAG nodes:
04/08/17 06:17:44   Node cbow_exp_soft, HTCondor ID 699, status STATUS_SUBMITTED
04/08/17 06:27:47 25906 seconds since last log event
04/08/17 06:27:47 Pending DAG nodes:
04/08/17 06:27:47   Node cbow_exp_soft, HTCondor ID 699, status STATUS_SUBMITTED
04/08/17 06:37:49 26508 seconds since last log event
04/08/17 06:37:49 Pending DAG nodes:
04/08/17 06:37:49   Node cbow_exp_soft, HTCondor ID 699, status STATUS_SUBMITTED
04/08/17 06:47:52 27111 seconds since last log event
04/08/17 06:47:52 Pending DAG nodes:
04/08/17 06:47:52   Node cbow_exp_soft, HTCondor ID 699, status STATUS_SUBMITTED
04/08/17 06:57:54 27713 seconds since last log event
04/08/17 06:57:54 Pending DAG nodes:
04/08/17 06:57:54   Node cbow_exp_soft, HTCondor ID 699, status STATUS_SUBMITTED
04/08/17 07:07:55 28314 seconds since last log event
04/08/17 07:07:55 Pending DAG nodes:
04/08/17 07:07:55   Node cbow_exp_soft, HTCondor ID 699, status STATUS_SUBMITTED
04/08/17 07:17:58 28917 seconds since last log event
04/08/17 07:17:58 Pending DAG nodes:
04/08/17 07:17:58   Node cbow_exp_soft, HTCondor ID 699, status STATUS_SUBMITTED
04/08/17 07:28:01 29520 seconds since last log event
04/08/17 07:28:01 Pending DAG nodes:
04/08/17 07:28:01   Node cbow_exp_soft, HTCondor ID 699, status STATUS_SUBMITTED
04/08/17 07:38:04 30123 seconds since last log event
04/08/17 07:38:04 Pending DAG nodes:
04/08/17 07:38:04   Node cbow_exp_soft, HTCondor ID 699, status STATUS_SUBMITTED
04/08/17 07:48:07 30726 seconds since last log event
04/08/17 07:48:07 Pending DAG nodes:
04/08/17 07:48:07   Node cbow_exp_soft, HTCondor ID 699, status STATUS_SUBMITTED
04/08/17 07:58:10 31329 seconds since last log event
04/08/17 07:58:10 Pending DAG nodes:
04/08/17 07:58:10   Node cbow_exp_soft, HTCondor ID 699, status STATUS_SUBMITTED
04/08/17 08:08:12 31931 seconds since last log event
04/08/17 08:08:12 Pending DAG nodes:
04/08/17 08:08:12   Node cbow_exp_soft, HTCondor ID 699, status STATUS_SUBMITTED
04/08/17 08:18:15 32534 seconds since last log event
04/08/17 08:18:15 Pending DAG nodes:
04/08/17 08:18:15   Node cbow_exp_soft, HTCondor ID 699, status STATUS_SUBMITTED
04/08/17 08:28:17 33136 seconds since last log event
04/08/17 08:28:17 Pending DAG nodes:
04/08/17 08:28:17   Node cbow_exp_soft, HTCondor ID 699, status STATUS_SUBMITTED
04/08/17 08:38:20 33739 seconds since last log event
04/08/17 08:38:20 Pending DAG nodes:
04/08/17 08:38:20   Node cbow_exp_soft, HTCondor ID 699, status STATUS_SUBMITTED
04/08/17 08:48:23 34342 seconds since last log event
04/08/17 08:48:23 Pending DAG nodes:
04/08/17 08:48:23   Node cbow_exp_soft, HTCondor ID 699, status STATUS_SUBMITTED
04/08/17 08:58:25 34944 seconds since last log event
04/08/17 08:58:25 Pending DAG nodes:
04/08/17 08:58:25   Node cbow_exp_soft, HTCondor ID 699, status STATUS_SUBMITTED
04/08/17 09:08:27 35546 seconds since last log event
04/08/17 09:08:27 Pending DAG nodes:
04/08/17 09:08:27   Node cbow_exp_soft, HTCondor ID 699, status STATUS_SUBMITTED
04/08/17 09:18:30 36149 seconds since last log event
04/08/17 09:18:30 Pending DAG nodes:
04/08/17 09:18:30   Node cbow_exp_soft, HTCondor ID 699, status STATUS_SUBMITTED
04/08/17 09:28:33 36752 seconds since last log event
04/08/17 09:28:33 Pending DAG nodes:
04/08/17 09:28:33   Node cbow_exp_soft, HTCondor ID 699, status STATUS_SUBMITTED
04/08/17 09:38:36 37355 seconds since last log event
04/08/17 09:38:36 Pending DAG nodes:
04/08/17 09:38:36   Node cbow_exp_soft, HTCondor ID 699, status STATUS_SUBMITTED
04/08/17 09:48:39 37958 seconds since last log event
04/08/17 09:48:39 Pending DAG nodes:
04/08/17 09:48:39   Node cbow_exp_soft, HTCondor ID 699, status STATUS_SUBMITTED
04/08/17 09:58:42 38561 seconds since last log event
04/08/17 09:58:42 Pending DAG nodes:
04/08/17 09:58:42   Node cbow_exp_soft, HTCondor ID 699, status STATUS_SUBMITTED
04/08/17 10:08:45 39164 seconds since last log event
04/08/17 10:08:45 Pending DAG nodes:
04/08/17 10:08:45   Node cbow_exp_soft, HTCondor ID 699, status STATUS_SUBMITTED
04/08/17 10:18:48 39767 seconds since last log event
04/08/17 10:18:48 Pending DAG nodes:
04/08/17 10:18:48   Node cbow_exp_soft, HTCondor ID 699, status STATUS_SUBMITTED
04/08/17 10:28:50 40369 seconds since last log event
04/08/17 10:28:50 Pending DAG nodes:
04/08/17 10:28:50   Node cbow_exp_soft, HTCondor ID 699, status STATUS_SUBMITTED
04/08/17 10:34:31 Currently monitoring 1 HTCondor log file(s)
04/08/17 10:34:31 Event: ULOG_JOB_SUSPENDED for HTCondor Node cbow_exp_soft (699.0.0) {04/08/17 10:34:30}
04/08/17 10:34:31 Number of idle job procs: 1
04/08/17 10:43:34 Currently monitoring 1 HTCondor log file(s)
04/08/17 10:43:34 Event: ULOG_JOB_UNSUSPENDED for HTCondor Node cbow_exp_soft (699.0.0) {04/08/17 10:43:29}
04/08/17 10:43:34 Number of idle job procs: 0
04/08/17 10:53:37 603 seconds since last log event
04/08/17 10:53:37 Pending DAG nodes:
04/08/17 10:53:37   Node cbow_exp_soft, HTCondor ID 699, status STATUS_SUBMITTED
04/08/17 11:03:40 1206 seconds since last log event
04/08/17 11:03:40 Pending DAG nodes:
04/08/17 11:03:40   Node cbow_exp_soft, HTCondor ID 699, status STATUS_SUBMITTED
04/08/17 11:05:25 Currently monitoring 1 HTCondor log file(s)
04/08/17 11:05:25 Event: ULOG_JOB_TERMINATED for HTCondor Node cbow_exp_soft (699.0.0) {04/08/17 11:05:25}
04/08/17 11:05:25 Number of idle job procs: 0
04/08/17 11:05:25 Node cbow_exp_soft job proc (699.0.0) completed successfully.
04/08/17 11:05:25 Node cbow_exp_soft job completed
04/08/17 11:05:25 DAG status: 0 (DAG_STATUS_OK)
04/08/17 11:05:25 Of 2 nodes total:
04/08/17 11:05:25  Done     Pre   Queued    Post   Ready   Un-Ready   Failed
04/08/17 11:05:25   ===     ===      ===     ===     ===        ===      ===
04/08/17 11:05:25     1       0        0       0       1          0        0
04/08/17 11:05:25 0 job proc(s) currently held
04/08/17 11:05:31 Submitting HTCondor Node cbow_exp_soft_test job(s)...
04/08/17 11:05:31 Adding a DAGMan workflow log /esat/spchtemp/scratch/robbe/SpeechHub/tied_models/python/jobdag/./ds_cbow_exp_soft.dag.nodes.log
04/08/17 11:05:31 Masking the events recorded in the DAGMAN workflow log
04/08/17 11:05:31 Mask for workflow log is 0,1,2,4,5,7,9,10,11,12,13,16,17,24,27
04/08/17 11:05:31 submitting: /usr/bin/condor_submit -a dag_node_name' '=' 'cbow_exp_soft_test -a +DAGManJobId' '=' '696 -a DAGManJobId' '=' '696 -batch-name ds_cbow_exp_soft.dag+696 -a submit_event_notes' '=' 'DAG' 'Node:' 'cbow_exp_soft_test -a dagman_log' '=' '/esat/spchtemp/scratch/robbe/SpeechHub/tied_models/python/jobdag/./ds_cbow_exp_soft.dag.nodes.log -a +DAGManNodesMask' '=' '"0,1,2,4,5,7,9,10,11,12,13,16,17,24,27" -a data_set' '=' 'ds -a test_name' '=' 'cbow_exp_soft -a num_run' '=' '0 -a DAG_STATUS' '=' '0 -a FAILED_COUNT' '=' '0 -a notification' '=' 'never -a +DAGParentNodeNames' '=' '"cbow_exp_soft" jobdag/cbow_soft_test.job
04/08/17 11:05:31 From submit: Submitting job(s).
04/08/17 11:05:31 From submit: 1 job(s) submitted to cluster 732.
04/08/17 11:05:31 	assigned HTCondor ID (732.0.0)
04/08/17 11:05:31 Just submitted 1 job this cycle...
04/08/17 11:05:31 Currently monitoring 1 HTCondor log file(s)
04/08/17 11:05:31 Reassigning the id of job cbow_exp_soft_test from (732.0.0) to (732.0.0)
04/08/17 11:05:31 Event: ULOG_SUBMIT for HTCondor Node cbow_exp_soft_test (732.0.0) {04/08/17 11:05:31}
04/08/17 11:05:31 Number of idle job procs: 1
04/08/17 11:05:31 DAG status: 0 (DAG_STATUS_OK)
04/08/17 11:05:31 Of 2 nodes total:
04/08/17 11:05:31  Done     Pre   Queued    Post   Ready   Un-Ready   Failed
04/08/17 11:05:31   ===     ===      ===     ===     ===        ===      ===
04/08/17 11:05:31     1       0        1       0       0          0        0
04/08/17 11:05:31 0 job proc(s) currently held
04/08/17 11:15:33 602 seconds since last log event
04/08/17 11:15:33 Pending DAG nodes:
04/08/17 11:15:33   Node cbow_exp_soft_test, HTCondor ID 732, status STATUS_SUBMITTED
04/08/17 11:25:36 1205 seconds since last log event
04/08/17 11:25:36 Pending DAG nodes:
04/08/17 11:25:36   Node cbow_exp_soft_test, HTCondor ID 732, status STATUS_SUBMITTED
04/08/17 11:35:39 1808 seconds since last log event
04/08/17 11:35:39 Pending DAG nodes:
04/08/17 11:35:39   Node cbow_exp_soft_test, HTCondor ID 732, status STATUS_SUBMITTED
04/08/17 11:45:42 2411 seconds since last log event
04/08/17 11:45:42 Pending DAG nodes:
04/08/17 11:45:42   Node cbow_exp_soft_test, HTCondor ID 732, status STATUS_SUBMITTED
04/08/17 11:55:44 3013 seconds since last log event
04/08/17 11:55:44 Pending DAG nodes:
04/08/17 11:55:44   Node cbow_exp_soft_test, HTCondor ID 732, status STATUS_SUBMITTED
04/08/17 12:05:47 3616 seconds since last log event
04/08/17 12:05:47 Pending DAG nodes:
04/08/17 12:05:47   Node cbow_exp_soft_test, HTCondor ID 732, status STATUS_SUBMITTED
04/08/17 12:15:50 4219 seconds since last log event
04/08/17 12:15:50 Pending DAG nodes:
04/08/17 12:15:50   Node cbow_exp_soft_test, HTCondor ID 732, status STATUS_SUBMITTED
04/08/17 12:25:53 4822 seconds since last log event
04/08/17 12:25:53 Pending DAG nodes:
04/08/17 12:25:53   Node cbow_exp_soft_test, HTCondor ID 732, status STATUS_SUBMITTED
04/08/17 12:35:56 5425 seconds since last log event
04/08/17 12:35:56 Pending DAG nodes:
04/08/17 12:35:56   Node cbow_exp_soft_test, HTCondor ID 732, status STATUS_SUBMITTED
04/08/17 12:45:58 6027 seconds since last log event
04/08/17 12:45:58 Pending DAG nodes:
04/08/17 12:45:58   Node cbow_exp_soft_test, HTCondor ID 732, status STATUS_SUBMITTED
04/08/17 12:56:00 6629 seconds since last log event
04/08/17 12:56:00 Pending DAG nodes:
04/08/17 12:56:00   Node cbow_exp_soft_test, HTCondor ID 732, status STATUS_SUBMITTED
04/08/17 13:06:02 7231 seconds since last log event
04/08/17 13:06:02 Pending DAG nodes:
04/08/17 13:06:02   Node cbow_exp_soft_test, HTCondor ID 732, status STATUS_SUBMITTED
04/08/17 13:16:05 7834 seconds since last log event
04/08/17 13:16:05 Pending DAG nodes:
04/08/17 13:16:05   Node cbow_exp_soft_test, HTCondor ID 732, status STATUS_SUBMITTED
04/08/17 13:26:07 8436 seconds since last log event
04/08/17 13:26:07 Pending DAG nodes:
04/08/17 13:26:07   Node cbow_exp_soft_test, HTCondor ID 732, status STATUS_SUBMITTED
04/08/17 13:36:09 9038 seconds since last log event
04/08/17 13:36:09 Pending DAG nodes:
04/08/17 13:36:09   Node cbow_exp_soft_test, HTCondor ID 732, status STATUS_SUBMITTED
04/08/17 13:46:12 9641 seconds since last log event
04/08/17 13:46:12 Pending DAG nodes:
04/08/17 13:46:12   Node cbow_exp_soft_test, HTCondor ID 732, status STATUS_SUBMITTED
04/08/17 13:56:15 10244 seconds since last log event
04/08/17 13:56:15 Pending DAG nodes:
04/08/17 13:56:15   Node cbow_exp_soft_test, HTCondor ID 732, status STATUS_SUBMITTED
04/08/17 14:06:18 10847 seconds since last log event
04/08/17 14:06:18 Pending DAG nodes:
04/08/17 14:06:18   Node cbow_exp_soft_test, HTCondor ID 732, status STATUS_SUBMITTED
04/08/17 14:16:21 11450 seconds since last log event
04/08/17 14:16:21 Pending DAG nodes:
04/08/17 14:16:21   Node cbow_exp_soft_test, HTCondor ID 732, status STATUS_SUBMITTED
04/08/17 14:26:23 12052 seconds since last log event
04/08/17 14:26:23 Pending DAG nodes:
04/08/17 14:26:23   Node cbow_exp_soft_test, HTCondor ID 732, status STATUS_SUBMITTED
04/08/17 14:36:25 12654 seconds since last log event
04/08/17 14:36:25 Pending DAG nodes:
04/08/17 14:36:25   Node cbow_exp_soft_test, HTCondor ID 732, status STATUS_SUBMITTED
04/08/17 14:46:28 13257 seconds since last log event
04/08/17 14:46:28 Pending DAG nodes:
04/08/17 14:46:28   Node cbow_exp_soft_test, HTCondor ID 732, status STATUS_SUBMITTED
04/08/17 14:56:30 13859 seconds since last log event
04/08/17 14:56:30 Pending DAG nodes:
04/08/17 14:56:30   Node cbow_exp_soft_test, HTCondor ID 732, status STATUS_SUBMITTED
04/08/17 15:06:32 14461 seconds since last log event
04/08/17 15:06:32 Pending DAG nodes:
04/08/17 15:06:32   Node cbow_exp_soft_test, HTCondor ID 732, status STATUS_SUBMITTED
04/08/17 15:16:35 15064 seconds since last log event
04/08/17 15:16:35 Pending DAG nodes:
04/08/17 15:16:35   Node cbow_exp_soft_test, HTCondor ID 732, status STATUS_SUBMITTED
04/08/17 15:25:43 Currently monitoring 1 HTCondor log file(s)
04/08/17 15:25:43 Event: ULOG_EXECUTE for HTCondor Node cbow_exp_soft_test (732.0.0) {04/08/17 15:25:40}
04/08/17 15:25:43 Number of idle job procs: 0
04/08/17 15:25:53 Currently monitoring 1 HTCondor log file(s)
04/08/17 15:25:53 Event: ULOG_JOB_TERMINATED for HTCondor Node cbow_exp_soft_test (732.0.0) {04/08/17 15:25:52}
04/08/17 15:25:53 Number of idle job procs: 0
04/08/17 15:25:53 Node cbow_exp_soft_test job proc (732.0.0) completed successfully.
04/08/17 15:25:53 Node cbow_exp_soft_test job completed
04/08/17 15:25:53 DAG status: 0 (DAG_STATUS_OK)
04/08/17 15:25:53 Of 2 nodes total:
04/08/17 15:25:53  Done     Pre   Queued    Post   Ready   Un-Ready   Failed
04/08/17 15:25:53   ===     ===      ===     ===     ===        ===      ===
04/08/17 15:25:53     2       0        0       0       0          0        0
04/08/17 15:25:53 0 job proc(s) currently held
04/08/17 15:25:53 All jobs Completed!
04/08/17 15:25:53 Note: 0 total job deferrals because of -MaxJobs limit (0)
04/08/17 15:25:53 Note: 0 total job deferrals because of -MaxIdle limit (1000)
04/08/17 15:25:53 Note: 0 total job deferrals because of node category throttles
04/08/17 15:25:53 Note: 0 total PRE script deferrals because of -MaxPre limit (20) or DEFER
04/08/17 15:25:53 Note: 0 total POST script deferrals because of -MaxPost limit (20) or DEFER
04/08/17 15:25:53 DAG status: 0 (DAG_STATUS_OK)
04/08/17 15:25:53 Of 2 nodes total:
04/08/17 15:25:53  Done     Pre   Queued    Post   Ready   Un-Ready   Failed
04/08/17 15:25:53   ===     ===      ===     ===     ===        ===      ===
04/08/17 15:25:53     2       0        0       0       0          0        0
04/08/17 15:25:53 0 job proc(s) currently held
04/08/17 15:25:53 Wrote metrics file ds_cbow_exp_soft.dag.metrics.
04/08/17 15:25:53 Metrics not sent because of PEGASUS_METRICS or CONDOR_DEVELOPERS setting.
04/08/17 15:25:53 **** condor_scheduniv_exec.696.0 (condor_DAGMAN) pid 14138 EXITING WITH STATUS 0
