000 (773.000.000) 04/08 19:40:31 Job submitted from host: <10.33.133.154:9618?addrs=10.33.133.154-9618+[--1]-9618&noUDP&sock=1370_48d6_3>
    DAG Node: extended_topic_1
...
009 (760.000.000) 04/08 19:42:07 Job was aborted by the user.
	removed because <OtherJobRemoveRequirements = DAGManJobId =?= 759> fired when job (759.0) was removed
...
001 (773.000.000) 04/09 18:26:03 Job executing on host: <10.33.133.57:9618?addrs=10.33.133.57-9618+[--1]-9618&noUDP&sock=1368_e9a6_3>
...
006 (773.000.000) 04/09 18:26:11 Image size of job updated: 101604
	81  -  MemoryUsage of job (MB)
	81924  -  ResidentSetSize of job (KB)
...
006 (773.000.000) 04/09 18:31:11 Image size of job updated: 2309848
	1661  -  MemoryUsage of job (MB)
	1700788  -  ResidentSetSize of job (KB)
...
006 (773.000.000) 04/09 18:36:11 Image size of job updated: 2366216
	1716  -  MemoryUsage of job (MB)
	1757156  -  ResidentSetSize of job (KB)
...
006 (773.000.000) 04/09 18:41:11 Image size of job updated: 2422312
	1771  -  MemoryUsage of job (MB)
	1813252  -  ResidentSetSize of job (KB)
...
006 (773.000.000) 04/09 18:46:12 Image size of job updated: 2477956
	1826  -  MemoryUsage of job (MB)
	1868896  -  ResidentSetSize of job (KB)
...
006 (773.000.000) 04/09 18:51:13 Image size of job updated: 2532988
	1879  -  MemoryUsage of job (MB)
	1923928  -  ResidentSetSize of job (KB)
...
006 (773.000.000) 04/09 18:56:14 Image size of job updated: 2587996
	1933  -  MemoryUsage of job (MB)
	1978928  -  ResidentSetSize of job (KB)
...
006 (773.000.000) 04/09 19:01:14 Image size of job updated: 2642092
	1986  -  MemoryUsage of job (MB)
	2033032  -  ResidentSetSize of job (KB)
...
006 (773.000.000) 04/09 19:06:14 Image size of job updated: 2696700
	2039  -  MemoryUsage of job (MB)
	2087640  -  ResidentSetSize of job (KB)
...
006 (773.000.000) 04/09 19:11:14 Image size of job updated: 2755476
	2097  -  MemoryUsage of job (MB)
	2146416  -  ResidentSetSize of job (KB)
...
006 (773.000.000) 04/09 19:16:15 Image size of job updated: 2809128
	2149  -  MemoryUsage of job (MB)
	2200068  -  ResidentSetSize of job (KB)
...
006 (773.000.000) 04/09 19:21:16 Image size of job updated: 2864368
	2203  -  MemoryUsage of job (MB)
	2255308  -  ResidentSetSize of job (KB)
...
006 (773.000.000) 04/09 19:26:16 Image size of job updated: 2919212
	2257  -  MemoryUsage of job (MB)
	2310152  -  ResidentSetSize of job (KB)
...
006 (773.000.000) 04/09 19:31:16 Image size of job updated: 2974372
	2310  -  MemoryUsage of job (MB)
	2365312  -  ResidentSetSize of job (KB)
...
006 (773.000.000) 04/09 19:36:16 Image size of job updated: 3030712
	2365  -  MemoryUsage of job (MB)
	2421652  -  ResidentSetSize of job (KB)
...
006 (773.000.000) 04/09 19:41:17 Image size of job updated: 3086084
	2419  -  MemoryUsage of job (MB)
	2477024  -  ResidentSetSize of job (KB)
...
006 (773.000.000) 04/09 19:46:18 Image size of job updated: 3140652
	2473  -  MemoryUsage of job (MB)
	2531592  -  ResidentSetSize of job (KB)
...
006 (773.000.000) 04/09 19:51:19 Image size of job updated: 3195400
	2526  -  MemoryUsage of job (MB)
	2586340  -  ResidentSetSize of job (KB)
...
006 (773.000.000) 04/09 19:56:20 Image size of job updated: 3252024
	2582  -  MemoryUsage of job (MB)
	2642964  -  ResidentSetSize of job (KB)
...
006 (773.000.000) 04/09 20:01:20 Image size of job updated: 3306944
	2635  -  MemoryUsage of job (MB)
	2697884  -  ResidentSetSize of job (KB)
...
006 (773.000.000) 04/09 20:06:20 Image size of job updated: 3362936
	2690  -  MemoryUsage of job (MB)
	2753876  -  ResidentSetSize of job (KB)
...
006 (773.000.000) 04/09 20:11:21 Image size of job updated: 3418992
	2745  -  MemoryUsage of job (MB)
	2809932  -  ResidentSetSize of job (KB)
...
006 (773.000.000) 04/09 20:16:22 Image size of job updated: 3472976
	2797  -  MemoryUsage of job (MB)
	2863916  -  ResidentSetSize of job (KB)
...
006 (773.000.000) 04/09 20:21:23 Image size of job updated: 3528432
	2851  -  MemoryUsage of job (MB)
	2919372  -  ResidentSetSize of job (KB)
...
