000 (694.000.000) 04/07 15:58:40 Job submitted from host: <10.33.133.154:9618?addrs=10.33.133.154-9618+[--1]-9618&noUDP&sock=1370_48d6_3>
    DAG Node: original
...
001 (694.000.000) 04/07 17:46:21 Job executing on host: <10.33.133.71:9618?addrs=10.33.133.71-9618+[--1]-9618&noUDP&sock=1561_4b6d_3>
...
006 (694.000.000) 04/07 17:46:30 Image size of job updated: 1195508
	604  -  MemoryUsage of job (MB)
	618464  -  ResidentSetSize of job (KB)
...
006 (694.000.000) 04/07 17:51:31 Image size of job updated: 1205996
	615  -  MemoryUsage of job (MB)
	628952  -  ResidentSetSize of job (KB)
...
006 (694.000.000) 04/07 17:56:31 Image size of job updated: 1214596
	623  -  MemoryUsage of job (MB)
	637552  -  ResidentSetSize of job (KB)
...
006 (694.000.000) 04/07 18:01:31 Image size of job updated: 1222476
	631  -  MemoryUsage of job (MB)
	645432  -  ResidentSetSize of job (KB)
...
006 (694.000.000) 04/07 18:06:31 Image size of job updated: 1230452
	639  -  MemoryUsage of job (MB)
	653408  -  ResidentSetSize of job (KB)
...
006 (694.000.000) 04/07 18:11:32 Image size of job updated: 1230460
	639  -  MemoryUsage of job (MB)
	653416  -  ResidentSetSize of job (KB)
...
006 (694.000.000) 04/07 18:21:35 Image size of job updated: 1238380
	646  -  MemoryUsage of job (MB)
	661336  -  ResidentSetSize of job (KB)
...
006 (694.000.000) 04/07 18:26:35 Image size of job updated: 1238388
	646  -  MemoryUsage of job (MB)
	661344  -  ResidentSetSize of job (KB)
...
006 (694.000.000) 04/07 18:31:36 Image size of job updated: 1238396
	646  -  MemoryUsage of job (MB)
	661352  -  ResidentSetSize of job (KB)
...
006 (694.000.000) 04/07 18:36:36 Image size of job updated: 1238400
	646  -  MemoryUsage of job (MB)
	661356  -  ResidentSetSize of job (KB)
...
006 (694.000.000) 04/07 18:51:38 Image size of job updated: 1238404
	646  -  MemoryUsage of job (MB)
	661360  -  ResidentSetSize of job (KB)
...
006 (694.000.000) 04/07 18:56:39 Image size of job updated: 1246336
	654  -  MemoryUsage of job (MB)
	669292  -  ResidentSetSize of job (KB)
...
006 (694.000.000) 04/07 19:41:44 Image size of job updated: 1246340
	654  -  MemoryUsage of job (MB)
	669296  -  ResidentSetSize of job (KB)
...
006 (694.000.000) 04/07 20:11:46 Image size of job updated: 1246344
	654  -  MemoryUsage of job (MB)
	669300  -  ResidentSetSize of job (KB)
...
006 (694.000.000) 04/07 20:16:47 Image size of job updated: 1254084
	662  -  MemoryUsage of job (MB)
	677040  -  ResidentSetSize of job (KB)
...
006 (694.000.000) 04/07 20:36:50 Image size of job updated: 1254184
	662  -  MemoryUsage of job (MB)
	677140  -  ResidentSetSize of job (KB)
...
006 (694.000.000) 04/07 21:11:53 Image size of job updated: 1262128
	670  -  MemoryUsage of job (MB)
	685084  -  ResidentSetSize of job (KB)
...
006 (694.000.000) 04/07 22:27:01 Image size of job updated: 1262132
	670  -  MemoryUsage of job (MB)
	685100  -  ResidentSetSize of job (KB)
...
006 (694.000.000) 04/07 22:47:03 Image size of job updated: 1262136
	670  -  MemoryUsage of job (MB)
	685100  -  ResidentSetSize of job (KB)
...
006 (694.000.000) 04/07 23:02:06 Image size of job updated: 1262172
	670  -  MemoryUsage of job (MB)
	685128  -  ResidentSetSize of job (KB)
...
006 (694.000.000) 04/08 00:44:50 Image size of job updated: 1263200
	670  -  MemoryUsage of job (MB)
	685128  -  ResidentSetSize of job (KB)
...
005 (694.000.000) 04/08 00:44:50 Job terminated.
	(1) Normal termination (return value 0)
		Usr 0 05:05:10, Sys 0 00:25:48  -  Run Remote Usage
		Usr 0 00:00:00, Sys 0 00:00:00  -  Run Local Usage
		Usr 0 05:05:10, Sys 0 00:25:48  -  Total Remote Usage
		Usr 0 00:00:00, Sys 0 00:00:00  -  Total Local Usage
	0  -  Run Bytes Sent By Job
	0  -  Run Bytes Received By Job
	0  -  Total Bytes Sent By Job
	0  -  Total Bytes Received By Job
	Partitionable Resources :    Usage  Request Allocated
	   Cpus                 :                 1         1
	   Disk (KB)            :        7        7  39050682
	   Gpus                 :                 1         1
	   Memory (MB)          :      670     4096      4096
...
