000 (709.000.000) 04/07 15:59:18 Job submitted from host: <10.33.133.154:9618?addrs=10.33.133.154-9618+[--1]-9618&noUDP&sock=1370_48d6_3>
    DAG Node: topic_reg
...
009 (709.000.000) 04/07 18:33:02 Job was aborted by the user.
	removed because <OtherJobRemoveRequirements = DAGManJobId =?= 706> fired when job (706.0) was removed
...
000 (740.000.000) 04/08 18:27:15 Job submitted from host: <10.33.133.154:9618?addrs=10.33.133.154-9618+[--1]-9618&noUDP&sock=1370_48d6_3>
    DAG Node: topic_reg
...
001 (740.000.000) 04/08 18:46:25 Job executing on host: <10.33.133.71:9618?addrs=10.33.133.71-9618+[--1]-9618&noUDP&sock=1561_4b6d_3>
...
006 (740.000.000) 04/08 18:46:33 Image size of job updated: 215376
	0  -  MemoryUsage of job (MB)
	0  -  ResidentSetSize of job (KB)
...
005 (740.000.000) 04/08 18:46:33 Job terminated.
	(1) Normal termination (return value 0)
		Usr 0 00:00:01, Sys 0 00:00:00  -  Run Remote Usage
		Usr 0 00:00:00, Sys 0 00:00:00  -  Run Local Usage
		Usr 0 00:00:01, Sys 0 00:00:00  -  Total Remote Usage
		Usr 0 00:00:00, Sys 0 00:00:00  -  Total Local Usage
	0  -  Run Bytes Sent By Job
	0  -  Run Bytes Received By Job
	0  -  Total Bytes Sent By Job
	0  -  Total Bytes Received By Job
	Partitionable Resources :    Usage  Request Allocated
	   Cpus                 :                 1         1
	   Disk (KB)            :        7        7  39050682
	   Gpus                 :                 1         1
	   Memory (MB)          :        0     4096      4096
...
000 (758.000.000) 04/08 19:28:32 Job submitted from host: <10.33.133.154:9618?addrs=10.33.133.154-9618+[--1]-9618&noUDP&sock=1370_48d6_3>
    DAG Node: topic_reg
...
001 (758.000.000) 04/09 01:22:58 Job executing on host: <10.33.133.70:9618?addrs=10.33.133.70-9618+[--1]-9618&noUDP&sock=1350_90f1_3>
...
006 (758.000.000) 04/09 01:23:07 Image size of job updated: 275080
	250  -  MemoryUsage of job (MB)
	255336  -  ResidentSetSize of job (KB)
...
006 (758.000.000) 04/09 01:28:08 Image size of job updated: 2272928
	1625  -  MemoryUsage of job (MB)
	1663900  -  ResidentSetSize of job (KB)
...
006 (758.000.000) 04/09 01:33:09 Image size of job updated: 2285836
	1638  -  MemoryUsage of job (MB)
	1676808  -  ResidentSetSize of job (KB)
...
006 (758.000.000) 04/09 01:38:10 Image size of job updated: 2297664
	1650  -  MemoryUsage of job (MB)
	1688636  -  ResidentSetSize of job (KB)
...
006 (758.000.000) 04/09 01:43:10 Image size of job updated: 2303860
	1656  -  MemoryUsage of job (MB)
	1694832  -  ResidentSetSize of job (KB)
...
006 (758.000.000) 04/09 01:48:10 Image size of job updated: 2310252
	1662  -  MemoryUsage of job (MB)
	1701224  -  ResidentSetSize of job (KB)
...
006 (758.000.000) 04/09 01:53:11 Image size of job updated: 2320984
	1672  -  MemoryUsage of job (MB)
	1711948  -  ResidentSetSize of job (KB)
...
006 (758.000.000) 04/09 01:58:12 Image size of job updated: 2331268
	1682  -  MemoryUsage of job (MB)
	1722232  -  ResidentSetSize of job (KB)
...
006 (758.000.000) 04/09 02:03:12 Image size of job updated: 2340932
	1692  -  MemoryUsage of job (MB)
	1731904  -  ResidentSetSize of job (KB)
...
006 (758.000.000) 04/09 02:08:12 Image size of job updated: 2349784
	1700  -  MemoryUsage of job (MB)
	1740756  -  ResidentSetSize of job (KB)
...
006 (758.000.000) 04/09 02:13:12 Image size of job updated: 2357756
	1708  -  MemoryUsage of job (MB)
	1748728  -  ResidentSetSize of job (KB)
...
006 (758.000.000) 04/09 02:18:13 Image size of job updated: 2362756
	1713  -  MemoryUsage of job (MB)
	1753728  -  ResidentSetSize of job (KB)
...
006 (758.000.000) 04/09 02:23:14 Image size of job updated: 2370000
	1720  -  MemoryUsage of job (MB)
	1760972  -  ResidentSetSize of job (KB)
...
006 (758.000.000) 04/09 02:28:15 Image size of job updated: 2376120
	1726  -  MemoryUsage of job (MB)
	1767092  -  ResidentSetSize of job (KB)
...
006 (758.000.000) 04/09 02:33:15 Image size of job updated: 2384136
	1734  -  MemoryUsage of job (MB)
	1775108  -  ResidentSetSize of job (KB)
...
006 (758.000.000) 04/09 02:38:15 Image size of job updated: 2386704
	1737  -  MemoryUsage of job (MB)
	1777676  -  ResidentSetSize of job (KB)
...
006 (758.000.000) 04/09 02:43:16 Image size of job updated: 2394496
	1744  -  MemoryUsage of job (MB)
	1785468  -  ResidentSetSize of job (KB)
...
006 (758.000.000) 04/09 02:48:17 Image size of job updated: 2401828
	1751  -  MemoryUsage of job (MB)
	1792800  -  ResidentSetSize of job (KB)
...
006 (758.000.000) 04/09 02:53:18 Image size of job updated: 2405676
	1755  -  MemoryUsage of job (MB)
	1796648  -  ResidentSetSize of job (KB)
...
006 (758.000.000) 04/09 02:58:18 Image size of job updated: 2409812
	1759  -  MemoryUsage of job (MB)
	1800784  -  ResidentSetSize of job (KB)
...
006 (758.000.000) 04/09 03:03:18 Image size of job updated: 2417356
	1766  -  MemoryUsage of job (MB)
	1808328  -  ResidentSetSize of job (KB)
...
006 (758.000.000) 04/09 03:08:19 Image size of job updated: 2426868
	1776  -  MemoryUsage of job (MB)
	1817840  -  ResidentSetSize of job (KB)
...
006 (758.000.000) 04/09 03:13:20 Image size of job updated: 2431296
	1780  -  MemoryUsage of job (MB)
	1822268  -  ResidentSetSize of job (KB)
...
006 (758.000.000) 04/09 03:18:21 Image size of job updated: 2440224
	1789  -  MemoryUsage of job (MB)
	1831196  -  ResidentSetSize of job (KB)
...
006 (758.000.000) 04/09 03:23:21 Image size of job updated: 2446620
	1795  -  MemoryUsage of job (MB)
	1837592  -  ResidentSetSize of job (KB)
...
006 (758.000.000) 04/09 03:28:21 Image size of job updated: 2452716
	1801  -  MemoryUsage of job (MB)
	1843688  -  ResidentSetSize of job (KB)
...
006 (758.000.000) 04/09 03:33:22 Image size of job updated: 2462272
	1810  -  MemoryUsage of job (MB)
	1853244  -  ResidentSetSize of job (KB)
...
006 (758.000.000) 04/09 03:38:23 Image size of job updated: 2468896
	1817  -  MemoryUsage of job (MB)
	1859868  -  ResidentSetSize of job (KB)
...
006 (758.000.000) 04/09 03:43:24 Image size of job updated: 2477900
	1826  -  MemoryUsage of job (MB)
	1868872  -  ResidentSetSize of job (KB)
...
006 (758.000.000) 04/09 03:48:24 Image size of job updated: 2482724
	1830  -  MemoryUsage of job (MB)
	1873696  -  ResidentSetSize of job (KB)
...
006 (758.000.000) 04/09 03:53:24 Image size of job updated: 2490152
	1838  -  MemoryUsage of job (MB)
	1881124  -  ResidentSetSize of job (KB)
...
006 (758.000.000) 04/09 03:58:25 Image size of job updated: 2494592
	1842  -  MemoryUsage of job (MB)
	1885564  -  ResidentSetSize of job (KB)
...
006 (758.000.000) 04/09 04:03:26 Image size of job updated: 2503216
	1850  -  MemoryUsage of job (MB)
	1894188  -  ResidentSetSize of job (KB)
...
006 (758.000.000) 04/09 04:08:27 Image size of job updated: 2508324
	1855  -  MemoryUsage of job (MB)
	1899296  -  ResidentSetSize of job (KB)
...
006 (758.000.000) 04/09 04:13:27 Image size of job updated: 2512884
	1860  -  MemoryUsage of job (MB)
	1903856  -  ResidentSetSize of job (KB)
...
006 (758.000.000) 04/09 04:18:27 Image size of job updated: 2522304
	1869  -  MemoryUsage of job (MB)
	1913276  -  ResidentSetSize of job (KB)
...
006 (758.000.000) 04/09 04:23:27 Image size of job updated: 2526000
	1873  -  MemoryUsage of job (MB)
	1916972  -  ResidentSetSize of job (KB)
...
006 (758.000.000) 04/09 04:28:28 Image size of job updated: 2529556
	1876  -  MemoryUsage of job (MB)
	1920528  -  ResidentSetSize of job (KB)
...
006 (758.000.000) 04/09 04:33:29 Image size of job updated: 2538916
	1885  -  MemoryUsage of job (MB)
	1929888  -  ResidentSetSize of job (KB)
...
006 (758.000.000) 04/09 04:38:30 Image size of job updated: 2542648
	1889  -  MemoryUsage of job (MB)
	1933620  -  ResidentSetSize of job (KB)
...
006 (758.000.000) 04/09 04:43:30 Image size of job updated: 2551712
	1898  -  MemoryUsage of job (MB)
	1942684  -  ResidentSetSize of job (KB)
...
006 (758.000.000) 04/09 04:48:30 Image size of job updated: 2555556
	1901  -  MemoryUsage of job (MB)
	1946528  -  ResidentSetSize of job (KB)
...
006 (758.000.000) 04/09 04:53:30 Image size of job updated: 2565672
	1911  -  MemoryUsage of job (MB)
	1956644  -  ResidentSetSize of job (KB)
...
006 (758.000.000) 04/09 04:58:31 Image size of job updated: 2570984
	1916  -  MemoryUsage of job (MB)
	1961956  -  ResidentSetSize of job (KB)
...
006 (758.000.000) 04/09 05:03:32 Image size of job updated: 2580496
	1926  -  MemoryUsage of job (MB)
	1971468  -  ResidentSetSize of job (KB)
...
006 (758.000.000) 04/09 05:08:32 Image size of job updated: 2589816
	1935  -  MemoryUsage of job (MB)
	1980788  -  ResidentSetSize of job (KB)
...
006 (758.000.000) 04/09 05:13:32 Image size of job updated: 2598840
	1944  -  MemoryUsage of job (MB)
	1989812  -  ResidentSetSize of job (KB)
...
006 (758.000.000) 04/09 05:18:32 Image size of job updated: 2602700
	1947  -  MemoryUsage of job (MB)
	1993672  -  ResidentSetSize of job (KB)
...
006 (758.000.000) 04/09 05:23:33 Image size of job updated: 2606312
	1951  -  MemoryUsage of job (MB)
	1997284  -  ResidentSetSize of job (KB)
...
006 (758.000.000) 04/09 05:28:34 Image size of job updated: 2615156
	1960  -  MemoryUsage of job (MB)
	2006128  -  ResidentSetSize of job (KB)
...
006 (758.000.000) 04/09 05:33:35 Image size of job updated: 2623884
	1968  -  MemoryUsage of job (MB)
	2014856  -  ResidentSetSize of job (KB)
...
006 (758.000.000) 04/09 05:38:35 Image size of job updated: 2628044
	1972  -  MemoryUsage of job (MB)
	2019016  -  ResidentSetSize of job (KB)
...
006 (758.000.000) 04/09 05:43:35 Image size of job updated: 2636328
	1980  -  MemoryUsage of job (MB)
	2027300  -  ResidentSetSize of job (KB)
...
006 (758.000.000) 04/09 05:48:36 Image size of job updated: 2645980
	1990  -  MemoryUsage of job (MB)
	2036952  -  ResidentSetSize of job (KB)
...
006 (758.000.000) 04/09 05:53:37 Image size of job updated: 2651996
	1996  -  MemoryUsage of job (MB)
	2042968  -  ResidentSetSize of job (KB)
...
006 (758.000.000) 04/09 05:58:38 Image size of job updated: 2660900
	2004  -  MemoryUsage of job (MB)
	2051872  -  ResidentSetSize of job (KB)
...
006 (758.000.000) 04/09 06:03:39 Image size of job updated: 2664432
	2008  -  MemoryUsage of job (MB)
	2055404  -  ResidentSetSize of job (KB)
...
006 (758.000.000) 04/09 06:08:39 Image size of job updated: 2673128
	2016  -  MemoryUsage of job (MB)
	2064100  -  ResidentSetSize of job (KB)
...
006 (758.000.000) 04/09 06:13:39 Image size of job updated: 2677624
	2021  -  MemoryUsage of job (MB)
	2068596  -  ResidentSetSize of job (KB)
...
006 (758.000.000) 04/09 06:18:40 Image size of job updated: 2686292
	2029  -  MemoryUsage of job (MB)
	2077264  -  ResidentSetSize of job (KB)
...
006 (758.000.000) 04/09 06:23:41 Image size of job updated: 2692476
	2035  -  MemoryUsage of job (MB)
	2083448  -  ResidentSetSize of job (KB)
...
006 (758.000.000) 04/09 06:28:41 Image size of job updated: 2697352
	2040  -  MemoryUsage of job (MB)
	2088324  -  ResidentSetSize of job (KB)
...
006 (758.000.000) 04/09 06:33:41 Image size of job updated: 2702080
	2044  -  MemoryUsage of job (MB)
	2093052  -  ResidentSetSize of job (KB)
...
006 (758.000.000) 04/09 06:38:42 Image size of job updated: 2711188
	2053  -  MemoryUsage of job (MB)
	2102160  -  ResidentSetSize of job (KB)
...
006 (758.000.000) 04/09 06:43:43 Image size of job updated: 2719040
	2061  -  MemoryUsage of job (MB)
	2110012  -  ResidentSetSize of job (KB)
...
006 (758.000.000) 04/09 06:48:44 Image size of job updated: 2722116
	2064  -  MemoryUsage of job (MB)
	2113088  -  ResidentSetSize of job (KB)
...
006 (758.000.000) 04/09 06:53:44 Image size of job updated: 2730100
	2072  -  MemoryUsage of job (MB)
	2121072  -  ResidentSetSize of job (KB)
...
006 (758.000.000) 04/09 06:58:44 Image size of job updated: 2733500
	2075  -  MemoryUsage of job (MB)
	2124472  -  ResidentSetSize of job (KB)
...
006 (758.000.000) 04/09 07:03:44 Image size of job updated: 2737432
	2079  -  MemoryUsage of job (MB)
	2128404  -  ResidentSetSize of job (KB)
...
006 (758.000.000) 04/09 07:08:45 Image size of job updated: 2748048
	2089  -  MemoryUsage of job (MB)
	2139020  -  ResidentSetSize of job (KB)
...
006 (758.000.000) 04/09 07:13:46 Image size of job updated: 2751908
	2093  -  MemoryUsage of job (MB)
	2142880  -  ResidentSetSize of job (KB)
...
006 (758.000.000) 04/09 07:18:46 Image size of job updated: 2756572
	2098  -  MemoryUsage of job (MB)
	2147544  -  ResidentSetSize of job (KB)
...
006 (758.000.000) 04/09 07:23:46 Image size of job updated: 2767516
	2108  -  MemoryUsage of job (MB)
	2158488  -  ResidentSetSize of job (KB)
...
006 (758.000.000) 04/09 07:28:46 Image size of job updated: 2773096
	2114  -  MemoryUsage of job (MB)
	2164056  -  ResidentSetSize of job (KB)
...
006 (758.000.000) 04/09 07:33:47 Image size of job updated: 2778552
	2119  -  MemoryUsage of job (MB)
	2169512  -  ResidentSetSize of job (KB)
...
006 (758.000.000) 04/09 07:38:48 Image size of job updated: 2789000
	2129  -  MemoryUsage of job (MB)
	2179960  -  ResidentSetSize of job (KB)
...
006 (758.000.000) 04/09 07:43:48 Image size of job updated: 2799080
	2139  -  MemoryUsage of job (MB)
	2190040  -  ResidentSetSize of job (KB)
...
006 (758.000.000) 04/09 07:48:48 Image size of job updated: 2810220
	2150  -  MemoryUsage of job (MB)
	2201180  -  ResidentSetSize of job (KB)
...
006 (758.000.000) 04/09 07:53:49 Image size of job updated: 2815308
	2155  -  MemoryUsage of job (MB)
	2206268  -  ResidentSetSize of job (KB)
...
006 (758.000.000) 04/09 07:58:50 Image size of job updated: 2825080
	2165  -  MemoryUsage of job (MB)
	2216040  -  ResidentSetSize of job (KB)
...
006 (758.000.000) 04/09 08:03:51 Image size of job updated: 2831564
	2171  -  MemoryUsage of job (MB)
	2222524  -  ResidentSetSize of job (KB)
...
006 (758.000.000) 04/09 08:08:52 Image size of job updated: 2835068
	2174  -  MemoryUsage of job (MB)
	2226028  -  ResidentSetSize of job (KB)
...
006 (758.000.000) 04/09 08:13:52 Image size of job updated: 2839028
	2178  -  MemoryUsage of job (MB)
	2229988  -  ResidentSetSize of job (KB)
...
006 (758.000.000) 04/09 08:18:52 Image size of job updated: 2850692
	2190  -  MemoryUsage of job (MB)
	2241652  -  ResidentSetSize of job (KB)
...
006 (758.000.000) 04/09 08:23:53 Image size of job updated: 2856132
	2195  -  MemoryUsage of job (MB)
	2247092  -  ResidentSetSize of job (KB)
...
006 (758.000.000) 04/09 08:28:54 Image size of job updated: 2866764
	2205  -  MemoryUsage of job (MB)
	2257724  -  ResidentSetSize of job (KB)
...
006 (758.000.000) 04/09 08:33:55 Image size of job updated: 2877384
	2216  -  MemoryUsage of job (MB)
	2268344  -  ResidentSetSize of job (KB)
...
006 (758.000.000) 04/09 08:38:55 Image size of job updated: 2887848
	2226  -  MemoryUsage of job (MB)
	2278808  -  ResidentSetSize of job (KB)
...
006 (758.000.000) 04/09 08:43:55 Image size of job updated: 2895584
	2233  -  MemoryUsage of job (MB)
	2286544  -  ResidentSetSize of job (KB)
...
006 (758.000.000) 04/09 08:48:56 Image size of job updated: 3000408
	2336  -  MemoryUsage of job (MB)
	2391368  -  ResidentSetSize of job (KB)
...
006 (758.000.000) 04/09 09:59:04 Image size of job updated: 3003696
	2339  -  MemoryUsage of job (MB)
	2394656  -  ResidentSetSize of job (KB)
...
006 (758.000.000) 04/09 10:04:04 Image size of job updated: 3007312
	2343  -  MemoryUsage of job (MB)
	2398272  -  ResidentSetSize of job (KB)
...
006 (758.000.000) 04/09 10:09:04 Image size of job updated: 3014140
	2349  -  MemoryUsage of job (MB)
	2405100  -  ResidentSetSize of job (KB)
...
006 (758.000.000) 04/09 10:14:04 Image size of job updated: 3021000
	2356  -  MemoryUsage of job (MB)
	2411960  -  ResidentSetSize of job (KB)
...
006 (758.000.000) 04/09 10:19:05 Image size of job updated: 3025284
	2360  -  MemoryUsage of job (MB)
	2416244  -  ResidentSetSize of job (KB)
...
006 (758.000.000) 04/09 10:24:06 Image size of job updated: 3031224
	2366  -  MemoryUsage of job (MB)
	2422184  -  ResidentSetSize of job (KB)
...
006 (758.000.000) 04/09 10:29:07 Image size of job updated: 3035632
	2370  -  MemoryUsage of job (MB)
	2426592  -  ResidentSetSize of job (KB)
...
006 (758.000.000) 04/09 10:34:07 Image size of job updated: 3045408
	2380  -  MemoryUsage of job (MB)
	2436368  -  ResidentSetSize of job (KB)
...
006 (758.000.000) 04/09 10:39:07 Image size of job updated: 3051792
	2386  -  MemoryUsage of job (MB)
	2442752  -  ResidentSetSize of job (KB)
...
006 (758.000.000) 04/09 10:44:08 Image size of job updated: 3060864
	2395  -  MemoryUsage of job (MB)
	2451824  -  ResidentSetSize of job (KB)
...
006 (758.000.000) 04/09 10:49:09 Image size of job updated: 3066292
	2400  -  MemoryUsage of job (MB)
	2457252  -  ResidentSetSize of job (KB)
...
006 (758.000.000) 04/09 10:54:10 Image size of job updated: 3076684
	2410  -  MemoryUsage of job (MB)
	2467644  -  ResidentSetSize of job (KB)
...
006 (758.000.000) 04/09 10:59:10 Image size of job updated: 3086508
	2420  -  MemoryUsage of job (MB)
	2477468  -  ResidentSetSize of job (KB)
...
006 (758.000.000) 04/09 11:04:10 Image size of job updated: 3090104
	2423  -  MemoryUsage of job (MB)
	2481064  -  ResidentSetSize of job (KB)
...
006 (758.000.000) 04/09 11:09:10 Image size of job updated: 3092656
	2426  -  MemoryUsage of job (MB)
	2483616  -  ResidentSetSize of job (KB)
...
006 (758.000.000) 04/09 11:14:11 Image size of job updated: 3102280
	2435  -  MemoryUsage of job (MB)
	2493240  -  ResidentSetSize of job (KB)
...
006 (758.000.000) 04/09 11:19:13 Image size of job updated: 3105644
	2439  -  MemoryUsage of job (MB)
	2496604  -  ResidentSetSize of job (KB)
...
006 (758.000.000) 04/09 11:24:13 Image size of job updated: 3110824
	2444  -  MemoryUsage of job (MB)
	2501784  -  ResidentSetSize of job (KB)
...
006 (758.000.000) 04/09 11:29:13 Image size of job updated: 3119676
	2452  -  MemoryUsage of job (MB)
	2510636  -  ResidentSetSize of job (KB)
...
006 (758.000.000) 04/09 11:34:13 Image size of job updated: 3126392
	2459  -  MemoryUsage of job (MB)
	2517352  -  ResidentSetSize of job (KB)
...
006 (758.000.000) 04/09 11:39:14 Image size of job updated: 3131796
	2464  -  MemoryUsage of job (MB)
	2522756  -  ResidentSetSize of job (KB)
...
006 (758.000.000) 04/09 11:44:15 Image size of job updated: 3136884
	2469  -  MemoryUsage of job (MB)
	2527844  -  ResidentSetSize of job (KB)
...
006 (758.000.000) 04/09 11:49:15 Image size of job updated: 3148416
	2480  -  MemoryUsage of job (MB)
	2539376  -  ResidentSetSize of job (KB)
...
006 (758.000.000) 04/09 11:54:15 Image size of job updated: 3152608
	2484  -  MemoryUsage of job (MB)
	2543568  -  ResidentSetSize of job (KB)
...
006 (758.000.000) 04/09 11:59:15 Image size of job updated: 3163072
	2495  -  MemoryUsage of job (MB)
	2554032  -  ResidentSetSize of job (KB)
...
006 (758.000.000) 04/09 12:04:16 Image size of job updated: 3169092
	2501  -  MemoryUsage of job (MB)
	2560052  -  ResidentSetSize of job (KB)
...
006 (758.000.000) 04/09 12:09:17 Image size of job updated: 3179516
	2511  -  MemoryUsage of job (MB)
	2570476  -  ResidentSetSize of job (KB)
...
006 (758.000.000) 04/09 12:14:17 Image size of job updated: 3190140
	2521  -  MemoryUsage of job (MB)
	2581100  -  ResidentSetSize of job (KB)
...
006 (758.000.000) 04/09 12:19:17 Image size of job updated: 3199604
	2530  -  MemoryUsage of job (MB)
	2590564  -  ResidentSetSize of job (KB)
...
006 (758.000.000) 04/09 12:24:17 Image size of job updated: 3202564
	2533  -  MemoryUsage of job (MB)
	2593524  -  ResidentSetSize of job (KB)
...
006 (758.000.000) 04/09 12:29:17 Image size of job updated: 3205184
	2536  -  MemoryUsage of job (MB)
	2596144  -  ResidentSetSize of job (KB)
...
006 (758.000.000) 04/09 12:34:18 Image size of job updated: 3212412
	2543  -  MemoryUsage of job (MB)
	2603372  -  ResidentSetSize of job (KB)
...
006 (758.000.000) 04/09 12:39:19 Image size of job updated: 3216792
	2547  -  MemoryUsage of job (MB)
	2607752  -  ResidentSetSize of job (KB)
...
006 (758.000.000) 04/09 12:44:20 Image size of job updated: 3227320
	2557  -  MemoryUsage of job (MB)
	2618280  -  ResidentSetSize of job (KB)
...
006 (758.000.000) 04/09 12:49:20 Image size of job updated: 3229732
	2560  -  MemoryUsage of job (MB)
	2620692  -  ResidentSetSize of job (KB)
...
006 (758.000.000) 04/09 12:54:20 Image size of job updated: 3240116
	2570  -  MemoryUsage of job (MB)
	2631076  -  ResidentSetSize of job (KB)
...
006 (758.000.000) 04/09 12:59:20 Image size of job updated: 3246572
	2576  -  MemoryUsage of job (MB)
	2637532  -  ResidentSetSize of job (KB)
...
006 (758.000.000) 04/09 13:04:21 Image size of job updated: 3255140
	2585  -  MemoryUsage of job (MB)
	2646100  -  ResidentSetSize of job (KB)
...
006 (758.000.000) 04/09 13:09:22 Image size of job updated: 3258096
	2587  -  MemoryUsage of job (MB)
	2649056  -  ResidentSetSize of job (KB)
...
006 (758.000.000) 04/09 13:14:23 Image size of job updated: 3269240
	2598  -  MemoryUsage of job (MB)
	2660200  -  ResidentSetSize of job (KB)
...
006 (758.000.000) 04/09 13:19:23 Image size of job updated: 3271788
	2601  -  MemoryUsage of job (MB)
	2662748  -  ResidentSetSize of job (KB)
...
006 (758.000.000) 04/09 13:24:23 Image size of job updated: 3282168
	2611  -  MemoryUsage of job (MB)
	2673128  -  ResidentSetSize of job (KB)
...
006 (758.000.000) 04/09 13:29:23 Image size of job updated: 3287656
	2616  -  MemoryUsage of job (MB)
	2678616  -  ResidentSetSize of job (KB)
...
006 (758.000.000) 04/09 13:34:24 Image size of job updated: 3297868
	2626  -  MemoryUsage of job (MB)
	2688828  -  ResidentSetSize of job (KB)
...
006 (758.000.000) 04/09 13:39:25 Image size of job updated: 3301440
	2630  -  MemoryUsage of job (MB)
	2692400  -  ResidentSetSize of job (KB)
...
006 (758.000.000) 04/09 13:44:26 Image size of job updated: 3306636
	2635  -  MemoryUsage of job (MB)
	2697596  -  ResidentSetSize of job (KB)
...
006 (758.000.000) 04/09 13:49:26 Image size of job updated: 3313380
	2641  -  MemoryUsage of job (MB)
	2704340  -  ResidentSetSize of job (KB)
...
006 (758.000.000) 04/09 13:54:26 Image size of job updated: 3318624
	2647  -  MemoryUsage of job (MB)
	2709584  -  ResidentSetSize of job (KB)
...
006 (758.000.000) 04/09 13:59:26 Image size of job updated: 3330496
	2658  -  MemoryUsage of job (MB)
	2721456  -  ResidentSetSize of job (KB)
...
006 (758.000.000) 04/09 14:04:27 Image size of job updated: 3337940
	2665  -  MemoryUsage of job (MB)
	2728900  -  ResidentSetSize of job (KB)
...
006 (758.000.000) 04/09 14:09:28 Image size of job updated: 3349516
	2677  -  MemoryUsage of job (MB)
	2740476  -  ResidentSetSize of job (KB)
...
006 (758.000.000) 04/09 14:14:29 Image size of job updated: 3353892
	2681  -  MemoryUsage of job (MB)
	2744852  -  ResidentSetSize of job (KB)
...
006 (758.000.000) 04/09 14:19:29 Image size of job updated: 3364424
	2691  -  MemoryUsage of job (MB)
	2755384  -  ResidentSetSize of job (KB)
...
006 (758.000.000) 04/09 14:24:29 Image size of job updated: 3372500
	2699  -  MemoryUsage of job (MB)
	2763460  -  ResidentSetSize of job (KB)
...
006 (758.000.000) 04/09 14:29:30 Image size of job updated: 3379864
	2706  -  MemoryUsage of job (MB)
	2770824  -  ResidentSetSize of job (KB)
...
006 (758.000.000) 04/09 14:34:31 Image size of job updated: 3384096
	2711  -  MemoryUsage of job (MB)
	2775056  -  ResidentSetSize of job (KB)
...
006 (758.000.000) 04/09 14:39:32 Image size of job updated: 3391508
	2718  -  MemoryUsage of job (MB)
	2782468  -  ResidentSetSize of job (KB)
...
006 (758.000.000) 04/09 14:44:32 Image size of job updated: 3397328
	2723  -  MemoryUsage of job (MB)
	2788288  -  ResidentSetSize of job (KB)
...
006 (758.000.000) 04/09 14:49:32 Image size of job updated: 3406288
	2732  -  MemoryUsage of job (MB)
	2797248  -  ResidentSetSize of job (KB)
...
006 (758.000.000) 04/09 14:54:33 Image size of job updated: 3416624
	2742  -  MemoryUsage of job (MB)
	2807584  -  ResidentSetSize of job (KB)
...
006 (758.000.000) 04/09 14:59:34 Image size of job updated: 3420692
	2746  -  MemoryUsage of job (MB)
	2811652  -  ResidentSetSize of job (KB)
...
006 (758.000.000) 04/09 15:04:35 Image size of job updated: 3427392
	2753  -  MemoryUsage of job (MB)
	2818352  -  ResidentSetSize of job (KB)
...
006 (758.000.000) 04/09 15:09:35 Image size of job updated: 3436856
	2762  -  MemoryUsage of job (MB)
	2827816  -  ResidentSetSize of job (KB)
...
006 (758.000.000) 04/09 15:14:35 Image size of job updated: 3443808
	2769  -  MemoryUsage of job (MB)
	2834768  -  ResidentSetSize of job (KB)
...
006 (758.000.000) 04/09 15:19:35 Image size of job updated: 3447476
	2772  -  MemoryUsage of job (MB)
	2838436  -  ResidentSetSize of job (KB)
...
006 (758.000.000) 04/09 15:24:36 Image size of job updated: 3453680
	2778  -  MemoryUsage of job (MB)
	2844640  -  ResidentSetSize of job (KB)
...
006 (758.000.000) 04/09 15:29:37 Image size of job updated: 3463524
	2788  -  MemoryUsage of job (MB)
	2854484  -  ResidentSetSize of job (KB)
...
006 (758.000.000) 04/09 15:34:38 Image size of job updated: 3467248
	2792  -  MemoryUsage of job (MB)
	2858208  -  ResidentSetSize of job (KB)
...
006 (758.000.000) 04/09 15:39:38 Image size of job updated: 3477064
	2801  -  MemoryUsage of job (MB)
	2868024  -  ResidentSetSize of job (KB)
...
006 (758.000.000) 04/09 15:44:38 Image size of job updated: 3480400
	2805  -  MemoryUsage of job (MB)
	2871360  -  ResidentSetSize of job (KB)
...
006 (758.000.000) 04/09 15:49:38 Image size of job updated: 3488604
	2813  -  MemoryUsage of job (MB)
	2879564  -  ResidentSetSize of job (KB)
...
006 (758.000.000) 04/09 15:54:39 Image size of job updated: 3497200
	2821  -  MemoryUsage of job (MB)
	2888160  -  ResidentSetSize of job (KB)
...
006 (758.000.000) 04/09 15:59:40 Image size of job updated: 3501652
	2825  -  MemoryUsage of job (MB)
	2892612  -  ResidentSetSize of job (KB)
...
006 (758.000.000) 04/09 16:04:41 Image size of job updated: 3512100
	2836  -  MemoryUsage of job (MB)
	2903060  -  ResidentSetSize of job (KB)
...
006 (758.000.000) 04/09 16:09:41 Image size of job updated: 3521692
	2845  -  MemoryUsage of job (MB)
	2912652  -  ResidentSetSize of job (KB)
...
006 (758.000.000) 04/09 16:14:41 Image size of job updated: 3530556
	2854  -  MemoryUsage of job (MB)
	2921516  -  ResidentSetSize of job (KB)
...
006 (758.000.000) 04/09 16:19:42 Image size of job updated: 3535012
	2858  -  MemoryUsage of job (MB)
	2925972  -  ResidentSetSize of job (KB)
...
006 (758.000.000) 04/09 16:24:43 Image size of job updated: 3543364
	2866  -  MemoryUsage of job (MB)
	2934324  -  ResidentSetSize of job (KB)
...
006 (758.000.000) 04/09 16:29:44 Image size of job updated: 3548620
	2871  -  MemoryUsage of job (MB)
	2939580  -  ResidentSetSize of job (KB)
...
006 (758.000.000) 04/09 16:34:44 Image size of job updated: 3557988
	2880  -  MemoryUsage of job (MB)
	2948948  -  ResidentSetSize of job (KB)
...
006 (758.000.000) 04/09 16:39:44 Image size of job updated: 3563740
	2886  -  MemoryUsage of job (MB)
	2954700  -  ResidentSetSize of job (KB)
...
006 (758.000.000) 04/09 16:44:44 Image size of job updated: 3567432
	2892  -  MemoryUsage of job (MB)
	2960632  -  ResidentSetSize of job (KB)
...
006 (758.000.000) 04/09 16:49:45 Image size of job updated: 3573632
	2898  -  MemoryUsage of job (MB)
	2966832  -  ResidentSetSize of job (KB)
...
006 (758.000.000) 04/09 16:54:46 Image size of job updated: 3584164
	2908  -  MemoryUsage of job (MB)
	2977364  -  ResidentSetSize of job (KB)
...
006 (758.000.000) 04/09 16:59:47 Image size of job updated: 3593692
	2917  -  MemoryUsage of job (MB)
	2986892  -  ResidentSetSize of job (KB)
...
006 (758.000.000) 04/09 17:04:47 Image size of job updated: 3600220
	2924  -  MemoryUsage of job (MB)
	2993420  -  ResidentSetSize of job (KB)
...
006 (758.000.000) 04/09 17:09:47 Image size of job updated: 3608896
	2932  -  MemoryUsage of job (MB)
	3002096  -  ResidentSetSize of job (KB)
...
006 (758.000.000) 04/09 17:14:48 Image size of job updated: 3613680
	2937  -  MemoryUsage of job (MB)
	3006880  -  ResidentSetSize of job (KB)
...
006 (758.000.000) 04/09 17:19:49 Image size of job updated: 3616144
	2939  -  MemoryUsage of job (MB)
	3009344  -  ResidentSetSize of job (KB)
...
006 (758.000.000) 04/09 17:24:49 Image size of job updated: 3618888
	2942  -  MemoryUsage of job (MB)
	3012088  -  ResidentSetSize of job (KB)
...
006 (758.000.000) 04/09 17:29:49 Image size of job updated: 3625460
	2948  -  MemoryUsage of job (MB)
	3018660  -  ResidentSetSize of job (KB)
...
006 (758.000.000) 04/09 17:34:49 Image size of job updated: 3636424
	2959  -  MemoryUsage of job (MB)
	3029624  -  ResidentSetSize of job (KB)
...
006 (758.000.000) 04/09 17:39:50 Image size of job updated: 3641692
	2964  -  MemoryUsage of job (MB)
	3034892  -  ResidentSetSize of job (KB)
...
006 (758.000.000) 04/09 17:44:52 Image size of job updated: 3646408
	2969  -  MemoryUsage of job (MB)
	3039608  -  ResidentSetSize of job (KB)
...
006 (758.000.000) 04/09 17:49:52 Image size of job updated: 3657708
	2980  -  MemoryUsage of job (MB)
	3050908  -  ResidentSetSize of job (KB)
...
006 (758.000.000) 04/09 17:54:52 Image size of job updated: 3668032
	2990  -  MemoryUsage of job (MB)
	3061232  -  ResidentSetSize of job (KB)
...
006 (758.000.000) 04/09 17:59:52 Image size of job updated: 3677600
	2999  -  MemoryUsage of job (MB)
	3070800  -  ResidentSetSize of job (KB)
...
006 (758.000.000) 04/09 18:04:53 Image size of job updated: 3686312
	3008  -  MemoryUsage of job (MB)
	3079512  -  ResidentSetSize of job (KB)
...
006 (758.000.000) 04/09 18:09:55 Image size of job updated: 3692644
	3014  -  MemoryUsage of job (MB)
	3085844  -  ResidentSetSize of job (KB)
...
006 (758.000.000) 04/09 18:14:55 Image size of job updated: 3698368
	3020  -  MemoryUsage of job (MB)
	3091568  -  ResidentSetSize of job (KB)
...
006 (758.000.000) 04/09 18:19:55 Image size of job updated: 3706488
	3028  -  MemoryUsage of job (MB)
	3099688  -  ResidentSetSize of job (KB)
...
006 (758.000.000) 04/09 18:24:55 Image size of job updated: 3712944
	3034  -  MemoryUsage of job (MB)
	3106144  -  ResidentSetSize of job (KB)
...
006 (758.000.000) 04/09 18:29:56 Image size of job updated: 3718300
	3039  -  MemoryUsage of job (MB)
	3111500  -  ResidentSetSize of job (KB)
...
006 (758.000.000) 04/09 18:34:57 Image size of job updated: 3727728
	3048  -  MemoryUsage of job (MB)
	3120928  -  ResidentSetSize of job (KB)
...
006 (758.000.000) 04/09 18:39:58 Image size of job updated: 3732568
	3053  -  MemoryUsage of job (MB)
	3125768  -  ResidentSetSize of job (KB)
...
006 (758.000.000) 04/09 18:44:58 Image size of job updated: 3736276
	3057  -  MemoryUsage of job (MB)
	3129476  -  ResidentSetSize of job (KB)
...
006 (758.000.000) 04/09 18:49:58 Image size of job updated: 3739584
	3060  -  MemoryUsage of job (MB)
	3132784  -  ResidentSetSize of job (KB)
...
006 (758.000.000) 04/09 18:54:59 Image size of job updated: 3750016
	3070  -  MemoryUsage of job (MB)
	3143216  -  ResidentSetSize of job (KB)
...
006 (758.000.000) 04/09 19:00:00 Image size of job updated: 3755044
	3075  -  MemoryUsage of job (MB)
	3148244  -  ResidentSetSize of job (KB)
...
006 (758.000.000) 04/09 19:05:01 Image size of job updated: 3766340
	3086  -  MemoryUsage of job (MB)
	3159540  -  ResidentSetSize of job (KB)
...
006 (758.000.000) 04/09 19:10:01 Image size of job updated: 3770368
	3090  -  MemoryUsage of job (MB)
	3163568  -  ResidentSetSize of job (KB)
...
006 (758.000.000) 04/09 19:15:01 Image size of job updated: 3774704
	3094  -  MemoryUsage of job (MB)
	3167904  -  ResidentSetSize of job (KB)
...
006 (758.000.000) 04/09 19:20:02 Image size of job updated: 3778428
	3098  -  MemoryUsage of job (MB)
	3171628  -  ResidentSetSize of job (KB)
...
006 (758.000.000) 04/09 19:25:03 Image size of job updated: 3783584
	3103  -  MemoryUsage of job (MB)
	3176784  -  ResidentSetSize of job (KB)
...
006 (758.000.000) 04/09 19:30:04 Image size of job updated: 3794780
	3114  -  MemoryUsage of job (MB)
	3187972  -  ResidentSetSize of job (KB)
...
006 (758.000.000) 04/09 19:32:18 Image size of job updated: 3814540
	3114  -  MemoryUsage of job (MB)
	3187972  -  ResidentSetSize of job (KB)
...
005 (758.000.000) 04/09 19:32:18 Job terminated.
	(1) Normal termination (return value 0)
		Usr 0 22:37:08, Sys 0 03:39:37  -  Run Remote Usage
		Usr 0 00:00:00, Sys 0 00:00:00  -  Run Local Usage
		Usr 0 22:37:08, Sys 0 03:39:37  -  Total Remote Usage
		Usr 0 00:00:00, Sys 0 00:00:00  -  Total Local Usage
	0  -  Run Bytes Sent By Job
	0  -  Run Bytes Received By Job
	0  -  Total Bytes Sent By Job
	0  -  Total Bytes Received By Job
	Partitionable Resources :    Usage  Request Allocated
	   Cpus                 :                 1         1
	   Disk (KB)            :        7        7  39037253
	   Gpus                 :                 1         1
	   Memory (MB)          :     3114     4096      4096
...
