I tensorflow/stream_executor/dso_loader.cc:128] successfully opened CUDA library libcublas.so locally
I tensorflow/stream_executor/dso_loader.cc:128] successfully opened CUDA library libcudnn.so locally
I tensorflow/stream_executor/dso_loader.cc:128] successfully opened CUDA library libcufft.so locally
I tensorflow/stream_executor/dso_loader.cc:128] successfully opened CUDA library libcuda.so.1 locally
I tensorflow/stream_executor/dso_loader.cc:128] successfully opened CUDA library libcurand.so locally
/users/start2014/r0364650/.local/lib/python2.7/site-packages/gensim/utils.py:1015: UserWarning: Pattern library is not installed, lemmatization won't be available.
  warnings.warn("Pattern library is not installed, lemmatization won't be available.")
/users/start2014/r0364650/.local/lib/python2.7/site-packages/tensorflow/python/ops/gradients_impl.py:91: UserWarning: Converting sparse IndexedSlices to a dense Tensor of unknown shape. This may consume a large amount of memory.
  "Converting sparse IndexedSlices to a dense Tensor of unknown shape. "
I tensorflow/stream_executor/cuda/cuda_gpu_executor.cc:937] successful NUMA node read from SysFS had negative value (-1), but there must be at least one NUMA node, so returning NUMA node zero
I tensorflow/core/common_runtime/gpu/gpu_device.cc:885] Found device 0 with properties: 
name: GeForce GTX 980 Ti
major: 5 minor: 2 memoryClockRate (GHz) 1.19
pciBusID 0000:01:00.0
Total memory: 5.93GiB
Free memory: 5.84GiB
I tensorflow/core/common_runtime/gpu/gpu_device.cc:906] DMA: 0 
I tensorflow/core/common_runtime/gpu/gpu_device.cc:916] 0:   Y 
I tensorflow/core/common_runtime/gpu/gpu_device.cc:975] Creating TensorFlow device (/gpu:0) -> (device: 0, name: GeForce GTX 980 Ti, pci bus id: 0000:01:00.0)
I tensorflow/core/common_runtime/gpu/pool_allocator.cc:247] PoolAllocator: After 9515 get requests, put_count=9357 evicted_count=1000 eviction_rate=0.106872 and unsatisfied allocation rate=0.132212
I tensorflow/core/common_runtime/gpu/pool_allocator.cc:259] Raising pool_size_limit_ from 100 to 110
I tensorflow/core/common_runtime/gpu/pool_allocator.cc:247] PoolAllocator: After 16878 get requests, put_count=16964 evicted_count=1000 eviction_rate=0.0589484 and unsatisfied allocation rate=0.0555161
I tensorflow/core/common_runtime/gpu/pool_allocator.cc:259] Raising pool_size_limit_ from 256 to 281
I tensorflow/core/common_runtime/gpu/pool_allocator.cc:247] PoolAllocator: After 7603200 get requests, put_count=7603203 evicted_count=6000 eviction_rate=0.000789141 and unsatisfied allocation rate=0.000793613
I tensorflow/core/common_runtime/gpu/pool_allocator.cc:247] PoolAllocator: After 20210400 get requests, put_count=20210403 evicted_count=16000 eviction_rate=0.000791671 and unsatisfied allocation rate=0.000793354
I tensorflow/core/common_runtime/gpu/pool_allocator.cc:247] PoolAllocator: After 32779200 get requests, put_count=32779203 evicted_count=26000 eviction_rate=0.000793186 and unsatisfied allocation rate=0.000794223
I tensorflow/core/common_runtime/gpu/pool_allocator.cc:247] PoolAllocator: After 45345600 get requests, put_count=45345603 evicted_count=36000 eviction_rate=0.000793903 and unsatisfied allocation rate=0.000794653
I tensorflow/core/common_runtime/gpu/pool_allocator.cc:247] PoolAllocator: After 57916800 get requests, put_count=57916803 evicted_count=46000 eviction_rate=0.000794243 and unsatisfied allocation rate=0.00079483
I tensorflow/core/common_runtime/gpu/pool_allocator.cc:247] PoolAllocator: After 70516800 get requests, put_count=70516803 evicted_count=56000 eviction_rate=0.000794137 and unsatisfied allocation rate=0.000794619
I tensorflow/core/common_runtime/gpu/pool_allocator.cc:247] PoolAllocator: After 83073600 get requests, put_count=83073603 evicted_count=66000 eviction_rate=0.000794476 and unsatisfied allocation rate=0.000794885
I tensorflow/core/common_runtime/gpu/pool_allocator.cc:247] PoolAllocator: After 95630400 get requests, put_count=95630403 evicted_count=76000 eviction_rate=0.000794726 and unsatisfied allocation rate=0.000795082
I tensorflow/core/common_runtime/gpu/pool_allocator.cc:247] PoolAllocator: After 108204000 get requests, put_count=108204003 evicted_count=86000 eviction_rate=0.000794795 and unsatisfied allocation rate=0.000795109
I tensorflow/core/common_runtime/gpu/pool_allocator.cc:247] PoolAllocator: After 120801600 get requests, put_count=120801603 evicted_count=96000 eviction_rate=0.000794691 and unsatisfied allocation rate=0.000794973
I tensorflow/core/common_runtime/gpu/pool_allocator.cc:247] PoolAllocator: After 133315200 get requests, put_count=133315203 evicted_count=106000 eviction_rate=0.000795108 and unsatisfied allocation rate=0.000795363
I tensorflow/core/common_runtime/gpu/pool_allocator.cc:247] PoolAllocator: After 145912800 get requests, put_count=145912803 evicted_count=116000 eviction_rate=0.000794995 and unsatisfied allocation rate=0.000795228
I tensorflow/core/common_runtime/gpu/pool_allocator.cc:247] PoolAllocator: After 158546400 get requests, put_count=158546403 evicted_count=126000 eviction_rate=0.00079472 and unsatisfied allocation rate=0.000794934
I tensorflow/core/common_runtime/gpu/pool_allocator.cc:247] PoolAllocator: After 171165600 get requests, put_count=171165603 evicted_count=136000 eviction_rate=0.000794552 and unsatisfied allocation rate=0.000794751
I tensorflow/core/common_runtime/gpu/pool_allocator.cc:247] PoolAllocator: After 183724800 get requests, put_count=183724803 evicted_count=146000 eviction_rate=0.000794667 and unsatisfied allocation rate=0.000794852
I tensorflow/core/common_runtime/gpu/pool_allocator.cc:247] PoolAllocator: After 196336800 get requests, put_count=196336803 evicted_count=156000 eviction_rate=0.000794553 and unsatisfied allocation rate=0.000794726
I tensorflow/core/common_runtime/gpu/pool_allocator.cc:247] PoolAllocator: After 208927200 get requests, put_count=208927203 evicted_count=166000 eviction_rate=0.000794535 and unsatisfied allocation rate=0.000794698
I tensorflow/core/common_runtime/gpu/pool_allocator.cc:247] PoolAllocator: After 221570400 get requests, put_count=221570403 evicted_count=176000 eviction_rate=0.00079433 and unsatisfied allocation rate=0.000794483
I tensorflow/core/common_runtime/gpu/pool_allocator.cc:247] PoolAllocator: After 234180000 get requests, put_count=234180003 evicted_count=186000 eviction_rate=0.000794261 and unsatisfied allocation rate=0.000794406
I tensorflow/core/common_runtime/gpu/pool_allocator.cc:247] PoolAllocator: After 246744000 get requests, put_count=246744003 evicted_count=196000 eviction_rate=0.000794346 and unsatisfied allocation rate=0.000794483
I tensorflow/core/common_runtime/gpu/pool_allocator.cc:247] PoolAllocator: After 259279200 get requests, put_count=259279203 evicted_count=206000 eviction_rate=0.00079451 and unsatisfied allocation rate=0.000794641
I tensorflow/core/common_runtime/gpu/pool_allocator.cc:247] PoolAllocator: After 271819200 get requests, put_count=271819203 evicted_count=216000 eviction_rate=0.000794646 and unsatisfied allocation rate=0.000794771
I tensorflow/core/common_runtime/gpu/pool_allocator.cc:247] PoolAllocator: After 284395200 get requests, put_count=284395203 evicted_count=226000 eviction_rate=0.000794669 and unsatisfied allocation rate=0.000794788
I tensorflow/core/common_runtime/gpu/pool_allocator.cc:247] PoolAllocator: After 296961600 get requests, put_count=296961603 evicted_count=236000 eviction_rate=0.000794716 and unsatisfied allocation rate=0.00079483
I tensorflow/core/common_runtime/gpu/pool_allocator.cc:247] PoolAllocator: After 309492000 get requests, put_count=309492003 evicted_count=246000 eviction_rate=0.000794851 and unsatisfied allocation rate=0.000794961
I tensorflow/core/common_runtime/gpu/pool_allocator.cc:247] PoolAllocator: After 322044000 get requests, put_count=322044003 evicted_count=256000 eviction_rate=0.000794922 and unsatisfied allocation rate=0.000795028
I tensorflow/core/common_runtime/gpu/pool_allocator.cc:247] PoolAllocator: After 334682400 get requests, put_count=334682403 evicted_count=266000 eviction_rate=0.000794783 and unsatisfied allocation rate=0.000794885
I tensorflow/core/common_runtime/gpu/pool_allocator.cc:247] PoolAllocator: After 347234400 get requests, put_count=347234403 evicted_count=276000 eviction_rate=0.000794852 and unsatisfied allocation rate=0.00079495
I tensorflow/core/common_runtime/gpu/pool_allocator.cc:247] PoolAllocator: After 359853600 get requests, put_count=359853603 evicted_count=286000 eviction_rate=0.000794768 and unsatisfied allocation rate=0.000794862
I tensorflow/core/common_runtime/gpu/pool_allocator.cc:247] PoolAllocator: After 372174406 get requests, put_count=372174409 evicted_count=296000 eviction_rate=0.000795326 and unsatisfied allocation rate=0.000795417
I tensorflow/core/common_runtime/gpu/pool_allocator.cc:247] PoolAllocator: After 384796006 get requests, put_count=384796008 evicted_count=306000 eviction_rate=0.000795227 and unsatisfied allocation rate=0.000795318
I tensorflow/core/common_runtime/gpu/pool_allocator.cc:247] PoolAllocator: After 397333606 get requests, put_count=397333608 evicted_count=316000 eviction_rate=0.000795301 and unsatisfied allocation rate=0.00079539
I tensorflow/core/common_runtime/gpu/pool_allocator.cc:247] PoolAllocator: After 409914406 get requests, put_count=409914408 evicted_count=326000 eviction_rate=0.000795288 and unsatisfied allocation rate=0.000795373
I tensorflow/core/common_runtime/gpu/pool_allocator.cc:247] PoolAllocator: After 422548006 get requests, put_count=422548008 evicted_count=336000 eviction_rate=0.000795176 and unsatisfied allocation rate=0.000795259
I tensorflow/core/common_runtime/gpu/pool_allocator.cc:247] PoolAllocator: After 435155206 get requests, put_count=435155209 evicted_count=346000 eviction_rate=0.000795119 and unsatisfied allocation rate=0.000795197
I tensorflow/core/common_runtime/gpu/pool_allocator.cc:247] PoolAllocator: After 447757606 get requests, put_count=447757609 evicted_count=356000 eviction_rate=0.000795073 and unsatisfied allocation rate=0.000795149
I tensorflow/core/common_runtime/gpu/pool_allocator.cc:247] PoolAllocator: After 460381606 get requests, put_count=460381608 evicted_count=366000 eviction_rate=0.000794993 and unsatisfied allocation rate=0.000795069
I tensorflow/core/common_runtime/gpu/pool_allocator.cc:247] PoolAllocator: After 472974406 get requests, put_count=472974408 evicted_count=376000 eviction_rate=0.000794969 and unsatisfied allocation rate=0.000795043
I tensorflow/core/common_runtime/gpu/pool_allocator.cc:247] PoolAllocator: After 485564806 get requests, put_count=485564808 evicted_count=386000 eviction_rate=0.000794951 and unsatisfied allocation rate=0.000795023
I tensorflow/core/common_runtime/gpu/pool_allocator.cc:247] PoolAllocator: After 498169606 get requests, put_count=498169609 evicted_count=396000 eviction_rate=0.00079491 and unsatisfied allocation rate=0.000794978
I tensorflow/core/common_runtime/gpu/pool_allocator.cc:247] PoolAllocator: After 510757606 get requests, put_count=510757609 evicted_count=406000 eviction_rate=0.000794898 and unsatisfied allocation rate=0.000794964
I tensorflow/core/common_runtime/gpu/pool_allocator.cc:247] PoolAllocator: After 523432006 get requests, put_count=523432008 evicted_count=416000 eviction_rate=0.000794755 and unsatisfied allocation rate=0.000794821
I tensorflow/core/common_runtime/gpu/pool_allocator.cc:247] PoolAllocator: After 536039206 get requests, put_count=536039208 evicted_count=426000 eviction_rate=0.000794718 and unsatisfied allocation rate=0.000794783
I tensorflow/core/common_runtime/gpu/pool_allocator.cc:247] PoolAllocator: After 548646406 get requests, put_count=548646408 evicted_count=436000 eviction_rate=0.000794683 and unsatisfied allocation rate=0.000794747
I tensorflow/core/common_runtime/gpu/pool_allocator.cc:247] PoolAllocator: After 561220006 get requests, put_count=561220008 evicted_count=446000 eviction_rate=0.000794697 and unsatisfied allocation rate=0.00079476
I tensorflow/core/common_runtime/gpu/pool_allocator.cc:247] PoolAllocator: After 573836806 get requests, put_count=573836808 evicted_count=456000 eviction_rate=0.000794651 and unsatisfied allocation rate=0.000794712
I tensorflow/core/common_runtime/gpu/pool_allocator.cc:247] PoolAllocator: After 586432006 get requests, put_count=586432008 evicted_count=466000 eviction_rate=0.000794636 and unsatisfied allocation rate=0.000794696
I tensorflow/core/common_runtime/gpu/pool_allocator.cc:247] PoolAllocator: After 599058406 get requests, put_count=599058408 evicted_count=476000 eviction_rate=0.00079458 and unsatisfied allocation rate=0.000794639
I tensorflow/core/common_runtime/gpu/pool_allocator.cc:247] PoolAllocator: After 611632006 get requests, put_count=611632008 evicted_count=486000 eviction_rate=0.000794595 and unsatisfied allocation rate=0.000794653
I tensorflow/core/common_runtime/gpu/pool_allocator.cc:247] PoolAllocator: After 624208006 get requests, put_count=624208008 evicted_count=496000 eviction_rate=0.000794607 and unsatisfied allocation rate=0.000794663
I tensorflow/core/common_runtime/gpu/pool_allocator.cc:247] PoolAllocator: After 636755206 get requests, put_count=636755208 evicted_count=506000 eviction_rate=0.000794654 and unsatisfied allocation rate=0.000794709
I tensorflow/core/common_runtime/gpu/pool_allocator.cc:247] PoolAllocator: After 649316806 get requests, put_count=649316808 evicted_count=516000 eviction_rate=0.000794681 and unsatisfied allocation rate=0.000794735
I tensorflow/core/common_runtime/gpu/pool_allocator.cc:247] PoolAllocator: After 661900006 get requests, put_count=661900008 evicted_count=526000 eviction_rate=0.000794682 and unsatisfied allocation rate=0.000794735
I tensorflow/core/common_runtime/gpu/pool_allocator.cc:247] PoolAllocator: After 674384806 get requests, put_count=674384808 evicted_count=536000 eviction_rate=0.000794798 and unsatisfied allocation rate=0.00079485
I tensorflow/core/common_runtime/gpu/pool_allocator.cc:247] PoolAllocator: After 686956006 get requests, put_count=686956008 evicted_count=546000 eviction_rate=0.000794811 and unsatisfied allocation rate=0.000794862
I tensorflow/core/common_runtime/gpu/pool_allocator.cc:247] PoolAllocator: After 699642406 get requests, put_count=699642408 evicted_count=556000 eviction_rate=0.000794692 and unsatisfied allocation rate=0.000794742
I tensorflow/core/common_runtime/gpu/pool_allocator.cc:247] PoolAllocator: After 712158406 get requests, put_count=712158408 evicted_count=566000 eviction_rate=0.000794767 and unsatisfied allocation rate=0.000794816
I tensorflow/core/common_runtime/gpu/pool_allocator.cc:247] PoolAllocator: After 724715206 get requests, put_count=724715208 evicted_count=576000 eviction_rate=0.000794795 and unsatisfied allocation rate=0.000794843
I tensorflow/core/common_runtime/gpu/pool_allocator.cc:247] PoolAllocator: After 737334406 get requests, put_count=737334408 evicted_count=586000 eviction_rate=0.000794755 and unsatisfied allocation rate=0.000794802
I tensorflow/core/common_runtime/gpu/pool_allocator.cc:247] PoolAllocator: After 749672012 get requests, put_count=749672015 evicted_count=596000 eviction_rate=0.000795014 and unsatisfied allocation rate=0.00079506
I tensorflow/core/common_runtime/gpu/pool_allocator.cc:247] PoolAllocator: After 762219212 get requests, put_count=762219215 evicted_count=606000 eviction_rate=0.000795047 and unsatisfied allocation rate=0.000795091
I tensorflow/core/common_runtime/gpu/pool_allocator.cc:247] PoolAllocator: After 774831212 get requests, put_count=774831214 evicted_count=616000 eviction_rate=0.000795012 and unsatisfied allocation rate=0.000795057
I tensorflow/core/common_runtime/gpu/pool_allocator.cc:247] PoolAllocator: After 787436012 get requests, put_count=787436015 evicted_count=626000 eviction_rate=0.000794985 and unsatisfied allocation rate=0.000795028
I tensorflow/core/common_runtime/gpu/pool_allocator.cc:247] PoolAllocator: After 800038412 get requests, put_count=800038415 evicted_count=636000 eviction_rate=0.000794962 and unsatisfied allocation rate=0.000795004
I tensorflow/core/common_runtime/gpu/pool_allocator.cc:247] PoolAllocator: After 812705612 get requests, put_count=812705614 evicted_count=646000 eviction_rate=0.000794876 and unsatisfied allocation rate=0.000794919
I tensorflow/core/common_runtime/gpu/pool_allocator.cc:247] PoolAllocator: After 825300812 get requests, put_count=825300814 evicted_count=656000 eviction_rate=0.000794862 and unsatisfied allocation rate=0.000794904
I tensorflow/core/common_runtime/gpu/pool_allocator.cc:247] PoolAllocator: After 837872012 get requests, put_count=837872015 evicted_count=666000 eviction_rate=0.000794871 and unsatisfied allocation rate=0.000794911
I tensorflow/core/common_runtime/gpu/pool_allocator.cc:247] PoolAllocator: After 850484012 get requests, put_count=850484014 evicted_count=676000 eviction_rate=0.000794842 and unsatisfied allocation rate=0.000794883
I tensorflow/core/common_runtime/gpu/pool_allocator.cc:247] PoolAllocator: After 863079212 get requests, put_count=863079215 evicted_count=686000 eviction_rate=0.000794829 and unsatisfied allocation rate=0.000794868
I tensorflow/core/common_runtime/gpu/pool_allocator.cc:247] PoolAllocator: After 875652812 get requests, put_count=875652814 evicted_count=696000 eviction_rate=0.000794836 and unsatisfied allocation rate=0.000794876
I tensorflow/core/common_runtime/gpu/pool_allocator.cc:247] PoolAllocator: After 888293612 get requests, put_count=888293615 evicted_count=706000 eviction_rate=0.000794782 and unsatisfied allocation rate=0.000794821
I tensorflow/core/common_runtime/gpu/pool_allocator.cc:247] PoolAllocator: After 900984812 get requests, put_count=900984814 evicted_count=716000 eviction_rate=0.000794686 and unsatisfied allocation rate=0.000794725
I tensorflow/core/common_runtime/gpu/pool_allocator.cc:247] PoolAllocator: After 913601612 get requests, put_count=913601614 evicted_count=726000 eviction_rate=0.000794657 and unsatisfied allocation rate=0.000794695
I tensorflow/core/common_runtime/gpu/pool_allocator.cc:247] PoolAllocator: After 926216012 get requests, put_count=926216015 evicted_count=736000 eviction_rate=0.000794631 and unsatisfied allocation rate=0.000794668
I tensorflow/core/common_runtime/gpu/pool_allocator.cc:247] PoolAllocator: After 938837612 get requests, put_count=938837614 evicted_count=746000 eviction_rate=0.0007946 and unsatisfied allocation rate=0.000794637
I tensorflow/core/common_runtime/gpu/pool_allocator.cc:247] PoolAllocator: After 951459212 get requests, put_count=951459215 evicted_count=756000 eviction_rate=0.000794569 and unsatisfied allocation rate=0.000794605
I tensorflow/core/common_runtime/gpu/pool_allocator.cc:247] PoolAllocator: After 964136012 get requests, put_count=964136015 evicted_count=766000 eviction_rate=0.000794494 and unsatisfied allocation rate=0.000794529
I tensorflow/core/common_runtime/gpu/pool_allocator.cc:247] PoolAllocator: After 976772012 get requests, put_count=976772014 evicted_count=776000 eviction_rate=0.000794454 and unsatisfied allocation rate=0.000794489
I tensorflow/core/common_runtime/gpu/pool_allocator.cc:247] PoolAllocator: After 989372012 get requests, put_count=989372015 evicted_count=786000 eviction_rate=0.000794443 and unsatisfied allocation rate=0.000794478
I tensorflow/core/common_runtime/gpu/pool_allocator.cc:247] PoolAllocator: After 1001981612 get requests, put_count=1001981614 evicted_count=796000 eviction_rate=0.000794426 and unsatisfied allocation rate=0.000794461
I tensorflow/core/common_runtime/gpu/pool_allocator.cc:247] PoolAllocator: After 1014536012 get requests, put_count=1014536014 evicted_count=806000 eviction_rate=0.000794452 and unsatisfied allocation rate=0.000794486
I tensorflow/core/common_runtime/gpu/pool_allocator.cc:247] PoolAllocator: After 1027172012 get requests, put_count=1027172015 evicted_count=816000 eviction_rate=0.000794414 and unsatisfied allocation rate=0.000794447
I tensorflow/core/common_runtime/gpu/pool_allocator.cc:247] PoolAllocator: After 1039707212 get requests, put_count=1039707214 evicted_count=826000 eviction_rate=0.000794454 and unsatisfied allocation rate=0.000794488
I tensorflow/core/common_runtime/gpu/pool_allocator.cc:247] PoolAllocator: After 1052314412 get requests, put_count=1052314414 evicted_count=836000 eviction_rate=0.000794439 and unsatisfied allocation rate=0.000794473
I tensorflow/core/common_runtime/gpu/pool_allocator.cc:247] PoolAllocator: After 1064976812 get requests, put_count=1064976814 evicted_count=846000 eviction_rate=0.000794383 and unsatisfied allocation rate=0.000794416
I tensorflow/core/common_runtime/gpu/pool_allocator.cc:247] PoolAllocator: After 1077548012 get requests, put_count=1077548014 evicted_count=856000 eviction_rate=0.000794396 and unsatisfied allocation rate=0.000794429
I tensorflow/core/common_runtime/gpu/pool_allocator.cc:247] PoolAllocator: After 1090107212 get requests, put_count=1090107215 evicted_count=866000 eviction_rate=0.000794417 and unsatisfied allocation rate=0.000794448
I tensorflow/core/common_runtime/gpu/pool_allocator.cc:247] PoolAllocator: After 1102764812 get requests, put_count=1102764815 evicted_count=876000 eviction_rate=0.000794367 and unsatisfied allocation rate=0.000794398
