Creating directory /esat/spchtemp/scratch/robbe/SpeechHub/input/ds.train.txt_batch_files_sentence_50
creating batch_files done
Creating directory /esat/spchtemp/scratch/robbe/SpeechHub/input/ds.valid.txt_batch_files_sentence_50
creating batch_files done
Creating directory /esat/spchtemp/scratch/robbe/SpeechHub/input/ds.valid.txt_batch_files_sentence_1
creating batch_files done
Creating directory /esat/spchtemp/scratch/robbe/SpeechHub/input/ds.test.txt_batch_files_sentence_50
creating batch_files done
Creating directory /esat/spchtemp/scratch/robbe/SpeechHub/input/ds.testshort.txt_batch_files_sentence_50
creating batch_files done
Creating directory /esat/spchtemp/scratch/robbe/SpeechHub/input/ds.test.txt_batch_files_sentence_1
creating batch_files done
Creating directory /esat/spchtemp/scratch/robbe/SpeechHub/input/ds.testshort.txt_batch_files_sentence_1
creating batch_files done
Creating directory /esat/spchtemp/scratch/robbe/SpeechHub/input/ds.train.txt_batch_files_continuous_50_50
OK1
OK2
OK3
OK4
creating batch_files done
Creating directory /esat/spchtemp/scratch/robbe/SpeechHub/input/ds.valid.txt_batch_files_continuous_50_50
OK1
OK2
OK3
OK4
creating batch_files done
Creating directory /esat/spchtemp/scratch/robbe/SpeechHub/input/ds.valid.txt_batch_files_continuous_1_1
OK1
OK2
OK3
OK4
creating batch_files done
Creating directory /esat/spchtemp/scratch/robbe/SpeechHub/input/ds.test.txt_batch_files_continuous_50_50
OK1
OK2
OK3
OK4
creating batch_files done
Creating directory /esat/spchtemp/scratch/robbe/SpeechHub/input/ds.test.txt_batch_files_continuous_1_1
OK1
OK2
OK3
OK4
creating batch_files done
