000 (622.000.000) 04/03 13:49:35 Job submitted from host: <10.33.133.154:9618?addrs=10.33.133.154-9618+[--1]-9618&noUDP&sock=1370_48d6_3>
    DAG Node: cbow_exp_soft
...
001 (622.000.000) 04/03 13:49:37 Job executing on host: <10.33.133.71:9618?addrs=10.33.133.71-9618+[--1]-9618&noUDP&sock=1551_6f7a_3>
...
006 (622.000.000) 04/03 13:49:45 Image size of job updated: 163700
	160  -  MemoryUsage of job (MB)
	163700  -  ResidentSetSize of job (KB)
...
010 (622.000.000) 04/03 13:50:36 Job was suspended.
	Number of processes actually suspended: 19
...
006 (622.000.000) 04/03 13:50:36 Image size of job updated: 1549036
	1513  -  MemoryUsage of job (MB)
	1549036  -  ResidentSetSize of job (KB)
...
011 (622.000.000) 04/03 13:55:36 Job was unsuspended.
...
006 (622.000.000) 04/03 13:59:46 Image size of job updated: 2160968
	2111  -  MemoryUsage of job (MB)
	2160968  -  ResidentSetSize of job (KB)
...
006 (622.000.000) 04/03 14:04:46 Image size of job updated: 2206760
	2195  -  MemoryUsage of job (MB)
	2246896  -  ResidentSetSize of job (KB)
...
006 (622.000.000) 04/03 14:09:46 Image size of job updated: 2266656
	2214  -  MemoryUsage of job (MB)
	2266656  -  ResidentSetSize of job (KB)
...
006 (622.000.000) 04/03 14:19:47 Image size of job updated: 2361348
	2307  -  MemoryUsage of job (MB)
	2361348  -  ResidentSetSize of job (KB)
...
010 (622.000.000) 04/03 14:22:39 Job was suspended.
	Number of processes actually suspended: 20
...
011 (622.000.000) 04/03 14:26:19 Job was unsuspended.
...
