03/29/17 09:43:49 ******************************************************
03/29/17 09:43:49 ** condor_scheduniv_exec.477.0 (CONDOR_DAGMAN) STARTING UP
03/29/17 09:43:49 ** /usr/bin/condor_dagman
03/29/17 09:43:49 ** SubsystemInfo: name=DAGMAN type=DAGMAN(10) class=DAEMON(1)
03/29/17 09:43:49 ** Configuration: subsystem:DAGMAN local:<NONE> class:DAEMON
03/29/17 09:43:49 ** $CondorVersion: 8.6.1 Mar 01 2017 BuildID: 398585 $
03/29/17 09:43:49 ** $CondorPlatform: x86_64_RedHat7 $
03/29/17 09:43:49 ** PID = 22300
03/29/17 09:43:49 ** Log last touched time unavailable (No such file or directory)
03/29/17 09:43:49 ******************************************************
03/29/17 09:43:49 Using config source: /etc/condor/condor_config
03/29/17 09:43:49 Using local config sources: 
03/29/17 09:43:49    /etc/condor/config.d/00esat.config
03/29/17 09:43:49    /etc/condor/config.d/01java.config
03/29/17 09:43:49    /etc/condor/config.d/80optout_users.config
03/29/17 09:43:49    /etc/condor/condor_config.local
03/29/17 09:43:49 config Macros = 166, Sorted = 166, StringBytes = 6029, TablesBytes = 6048
03/29/17 09:43:49 CLASSAD_CACHING is ENABLED
03/29/17 09:43:49 Daemon Log is logging: D_ALWAYS D_ERROR
03/29/17 09:43:49 DaemonCore: No command port requested.
03/29/17 09:43:49 DAGMAN_USE_STRICT setting: 1
03/29/17 09:43:49 DAGMAN_VERBOSITY setting: 3
03/29/17 09:43:49 DAGMAN_DEBUG_CACHE_SIZE setting: 5242880
03/29/17 09:43:49 DAGMAN_DEBUG_CACHE_ENABLE setting: False
03/29/17 09:43:49 DAGMAN_SUBMIT_DELAY setting: 0
03/29/17 09:43:49 DAGMAN_MAX_SUBMIT_ATTEMPTS setting: 6
03/29/17 09:43:49 DAGMAN_STARTUP_CYCLE_DETECT setting: False
03/29/17 09:43:49 DAGMAN_MAX_SUBMITS_PER_INTERVAL setting: 5
03/29/17 09:43:49 DAGMAN_USER_LOG_SCAN_INTERVAL setting: 5
03/29/17 09:43:49 DAGMAN_DEFAULT_PRIORITY setting: 0
03/29/17 09:43:49 DAGMAN_SUPPRESS_NOTIFICATION setting: True
03/29/17 09:43:49 allow_events (DAGMAN_ALLOW_EVENTS) setting: 114
03/29/17 09:43:49 DAGMAN_RETRY_SUBMIT_FIRST setting: True
03/29/17 09:43:49 DAGMAN_RETRY_NODE_FIRST setting: False
03/29/17 09:43:49 DAGMAN_MAX_JOBS_IDLE setting: 1000
03/29/17 09:43:49 DAGMAN_MAX_JOBS_SUBMITTED setting: 0
03/29/17 09:43:49 DAGMAN_MAX_PRE_SCRIPTS setting: 20
03/29/17 09:43:49 DAGMAN_MAX_POST_SCRIPTS setting: 20
03/29/17 09:43:49 DAGMAN_MUNGE_NODE_NAMES setting: True
03/29/17 09:43:49 DAGMAN_PROHIBIT_MULTI_JOBS setting: False
03/29/17 09:43:49 DAGMAN_SUBMIT_DEPTH_FIRST setting: False
03/29/17 09:43:49 DAGMAN_ALWAYS_RUN_POST setting: False
03/29/17 09:43:49 DAGMAN_ABORT_DUPLICATES setting: True
03/29/17 09:43:49 DAGMAN_ABORT_ON_SCARY_SUBMIT setting: True
03/29/17 09:43:49 DAGMAN_PENDING_REPORT_INTERVAL setting: 600
03/29/17 09:43:49 DAGMAN_AUTO_RESCUE setting: True
03/29/17 09:43:49 DAGMAN_MAX_RESCUE_NUM setting: 100
03/29/17 09:43:49 DAGMAN_WRITE_PARTIAL_RESCUE setting: True
03/29/17 09:43:49 DAGMAN_DEFAULT_NODE_LOG setting: @(DAG_DIR)/@(DAG_FILE).nodes.log
03/29/17 09:43:49 DAGMAN_GENERATE_SUBDAG_SUBMITS setting: True
03/29/17 09:43:49 DAGMAN_MAX_JOB_HOLDS setting: 100
03/29/17 09:43:49 DAGMAN_HOLD_CLAIM_TIME setting: 20
03/29/17 09:43:49 ALL_DEBUG setting: 
03/29/17 09:43:49 DAGMAN_DEBUG setting: 
03/29/17 09:43:49 DAGMAN_SUPPRESS_JOB_LOGS setting: False
03/29/17 09:43:49 DAGMAN_REMOVE_NODE_JOBS setting: True
03/29/17 09:43:49 argv[0] == "condor_scheduniv_exec.477.0"
03/29/17 09:43:49 argv[1] == "-Lockfile"
03/29/17 09:43:49 argv[2] == "ds_cbow_exp_lstm.dag.lock"
03/29/17 09:43:49 argv[3] == "-AutoRescue"
03/29/17 09:43:49 argv[4] == "1"
03/29/17 09:43:49 argv[5] == "-DoRescueFrom"
03/29/17 09:43:49 argv[6] == "0"
03/29/17 09:43:49 argv[7] == "-Dag"
03/29/17 09:43:49 argv[8] == "ds_cbow_exp_lstm.dag"
03/29/17 09:43:49 argv[9] == "-Suppress_notification"
03/29/17 09:43:49 argv[10] == "-CsdVersion"
03/29/17 09:43:49 argv[11] == "$CondorVersion: 8.6.1 Mar 01 2017 BuildID: 398585 $"
03/29/17 09:43:49 argv[12] == "-Dagman"
03/29/17 09:43:49 argv[13] == "/usr/bin/condor_dagman"
03/29/17 09:43:50 Workflow batch-name: <ds_cbow_exp_lstm.dag+477>
03/29/17 09:43:50 Workflow accounting_group: <>
03/29/17 09:43:50 Workflow accounting_group_user: <>
03/29/17 09:43:50 Warning: failed to get attribute DAGNodeName
03/29/17 09:43:50 DAGMAN_LOG_ON_NFS_IS_ERROR setting: False
03/29/17 09:43:50 Default node log file is: </esat/spchtemp/scratch/robbe/SpeechHub/domain_adaptation_models/python/jobdag/./ds_cbow_exp_lstm.dag.nodes.log>
03/29/17 09:43:50 DAG Lockfile will be written to ds_cbow_exp_lstm.dag.lock
03/29/17 09:43:50 DAG Input file is ds_cbow_exp_lstm.dag
03/29/17 09:43:50 Parsing 1 dagfiles
03/29/17 09:43:50 Parsing ds_cbow_exp_lstm.dag ...
03/29/17 09:43:50 Dag contains 2 total jobs
03/29/17 09:43:50 Sleeping for 3 seconds to ensure ProcessId uniqueness
03/29/17 09:43:53 Bootstrapping...
03/29/17 09:43:53 Number of pre-completed nodes: 0
03/29/17 09:43:53 MultiLogFiles: truncating log file /esat/spchtemp/scratch/robbe/SpeechHub/domain_adaptation_models/python/jobdag/./ds_cbow_exp_lstm.dag.nodes.log
03/29/17 09:43:53 DAG status: 0 (DAG_STATUS_OK)
03/29/17 09:43:53 Of 2 nodes total:
03/29/17 09:43:53  Done     Pre   Queued    Post   Ready   Un-Ready   Failed
03/29/17 09:43:53   ===     ===      ===     ===     ===        ===      ===
03/29/17 09:43:53     0       0        0       0       1          1        0
03/29/17 09:43:53 0 job proc(s) currently held
03/29/17 09:43:53 Registering condor_event_timer...
03/29/17 09:43:54 Submitting HTCondor Node cbow_exp_lstm job(s)...
03/29/17 09:43:54 Adding a DAGMan workflow log /esat/spchtemp/scratch/robbe/SpeechHub/domain_adaptation_models/python/jobdag/./ds_cbow_exp_lstm.dag.nodes.log
03/29/17 09:43:54 Masking the events recorded in the DAGMAN workflow log
03/29/17 09:43:54 Mask for workflow log is 0,1,2,4,5,7,9,10,11,12,13,16,17,24,27
03/29/17 09:43:54 submitting: /usr/bin/condor_submit -a dag_node_name' '=' 'cbow_exp_lstm -a +DAGManJobId' '=' '477 -a DAGManJobId' '=' '477 -batch-name ds_cbow_exp_lstm.dag+477 -a submit_event_notes' '=' 'DAG' 'Node:' 'cbow_exp_lstm -a dagman_log' '=' '/esat/spchtemp/scratch/robbe/SpeechHub/domain_adaptation_models/python/jobdag/./ds_cbow_exp_lstm.dag.nodes.log -a +DAGManNodesMask' '=' '"0,1,2,4,5,7,9,10,11,12,13,16,17,24,27" -a data_set' '=' 'ds -a test_name' '=' 'cbow_exp_lstm -a num_run' '=' '0 -a combination' '=' 'exp -a DAG_STATUS' '=' '0 -a FAILED_COUNT' '=' '0 -a +KeepClaimIdle' '=' '20 -a notification' '=' 'never -a +DAGParentNodeNames' '=' '"" jobdag/cbow_lstm.job
03/29/17 09:43:54 From submit: Submitting job(s).
03/29/17 09:43:54 From submit: 1 job(s) submitted to cluster 478.
03/29/17 09:43:54 	assigned HTCondor ID (478.0.0)
03/29/17 09:43:54 Just submitted 1 job this cycle...
03/29/17 09:43:54 Currently monitoring 1 HTCondor log file(s)
03/29/17 09:43:54 Reassigning the id of job cbow_exp_lstm from (478.0.0) to (478.0.0)
03/29/17 09:43:54 Event: ULOG_SUBMIT for HTCondor Node cbow_exp_lstm (478.0.0) {03/29/17 09:43:54}
03/29/17 09:43:54 Number of idle job procs: 1
03/29/17 09:43:54 DAG status: 0 (DAG_STATUS_OK)
03/29/17 09:43:54 Of 2 nodes total:
03/29/17 09:43:54  Done     Pre   Queued    Post   Ready   Un-Ready   Failed
03/29/17 09:43:54   ===     ===      ===     ===     ===        ===      ===
03/29/17 09:43:54     0       0        1       0       0          1        0
03/29/17 09:43:54 0 job proc(s) currently held
03/29/17 09:44:34 Currently monitoring 1 HTCondor log file(s)
03/29/17 09:44:34 Event: ULOG_EXECUTE for HTCondor Node cbow_exp_lstm (478.0.0) {03/29/17 09:44:34}
03/29/17 09:44:34 Number of idle job procs: 0
03/29/17 09:54:37 603 seconds since last log event
03/29/17 09:54:37 Pending DAG nodes:
03/29/17 09:54:37   Node cbow_exp_lstm, HTCondor ID 478, status STATUS_SUBMITTED
03/29/17 10:04:40 1206 seconds since last log event
03/29/17 10:04:40 Pending DAG nodes:
03/29/17 10:04:40   Node cbow_exp_lstm, HTCondor ID 478, status STATUS_SUBMITTED
03/29/17 10:14:42 1808 seconds since last log event
03/29/17 10:14:42 Pending DAG nodes:
03/29/17 10:14:42   Node cbow_exp_lstm, HTCondor ID 478, status STATUS_SUBMITTED
03/29/17 10:24:45 2411 seconds since last log event
03/29/17 10:24:45 Pending DAG nodes:
03/29/17 10:24:45   Node cbow_exp_lstm, HTCondor ID 478, status STATUS_SUBMITTED
03/29/17 10:34:47 3013 seconds since last log event
03/29/17 10:34:47 Pending DAG nodes:
03/29/17 10:34:47   Node cbow_exp_lstm, HTCondor ID 478, status STATUS_SUBMITTED
03/29/17 10:44:49 3615 seconds since last log event
03/29/17 10:44:49 Pending DAG nodes:
03/29/17 10:44:49   Node cbow_exp_lstm, HTCondor ID 478, status STATUS_SUBMITTED
03/29/17 10:54:52 4218 seconds since last log event
03/29/17 10:54:52 Pending DAG nodes:
03/29/17 10:54:52   Node cbow_exp_lstm, HTCondor ID 478, status STATUS_SUBMITTED
03/29/17 11:04:55 4821 seconds since last log event
03/29/17 11:04:55 Pending DAG nodes:
03/29/17 11:04:55   Node cbow_exp_lstm, HTCondor ID 478, status STATUS_SUBMITTED
03/29/17 11:14:58 5424 seconds since last log event
03/29/17 11:14:58 Pending DAG nodes:
03/29/17 11:14:58   Node cbow_exp_lstm, HTCondor ID 478, status STATUS_SUBMITTED
03/29/17 11:25:01 6027 seconds since last log event
03/29/17 11:25:01 Pending DAG nodes:
03/29/17 11:25:01   Node cbow_exp_lstm, HTCondor ID 478, status STATUS_SUBMITTED
03/29/17 11:35:04 6630 seconds since last log event
03/29/17 11:35:04 Pending DAG nodes:
03/29/17 11:35:04   Node cbow_exp_lstm, HTCondor ID 478, status STATUS_SUBMITTED
03/29/17 11:45:07 7233 seconds since last log event
03/29/17 11:45:07 Pending DAG nodes:
03/29/17 11:45:07   Node cbow_exp_lstm, HTCondor ID 478, status STATUS_SUBMITTED
03/29/17 11:55:08 7834 seconds since last log event
03/29/17 11:55:08 Pending DAG nodes:
03/29/17 11:55:08   Node cbow_exp_lstm, HTCondor ID 478, status STATUS_SUBMITTED
03/29/17 12:05:13 8439 seconds since last log event
03/29/17 12:05:13 Pending DAG nodes:
03/29/17 12:05:13   Node cbow_exp_lstm, HTCondor ID 478, status STATUS_SUBMITTED
03/29/17 12:15:15 9041 seconds since last log event
03/29/17 12:15:15 Pending DAG nodes:
03/29/17 12:15:15   Node cbow_exp_lstm, HTCondor ID 478, status STATUS_SUBMITTED
03/29/17 12:25:19 9645 seconds since last log event
03/29/17 12:25:19 Pending DAG nodes:
03/29/17 12:25:19   Node cbow_exp_lstm, HTCondor ID 478, status STATUS_SUBMITTED
03/29/17 12:35:21 10247 seconds since last log event
03/29/17 12:35:21 Pending DAG nodes:
03/29/17 12:35:21   Node cbow_exp_lstm, HTCondor ID 478, status STATUS_SUBMITTED
03/29/17 12:45:24 10850 seconds since last log event
03/29/17 12:45:24 Pending DAG nodes:
03/29/17 12:45:24   Node cbow_exp_lstm, HTCondor ID 478, status STATUS_SUBMITTED
03/29/17 12:55:27 11453 seconds since last log event
03/29/17 12:55:27 Pending DAG nodes:
03/29/17 12:55:27   Node cbow_exp_lstm, HTCondor ID 478, status STATUS_SUBMITTED
03/29/17 13:05:30 12056 seconds since last log event
03/29/17 13:05:30 Pending DAG nodes:
03/29/17 13:05:30   Node cbow_exp_lstm, HTCondor ID 478, status STATUS_SUBMITTED
03/29/17 13:15:32 12658 seconds since last log event
03/29/17 13:15:32 Pending DAG nodes:
03/29/17 13:15:32   Node cbow_exp_lstm, HTCondor ID 478, status STATUS_SUBMITTED
03/29/17 13:25:35 13261 seconds since last log event
03/29/17 13:25:35 Pending DAG nodes:
03/29/17 13:25:35   Node cbow_exp_lstm, HTCondor ID 478, status STATUS_SUBMITTED
03/29/17 13:35:38 13864 seconds since last log event
03/29/17 13:35:38 Pending DAG nodes:
03/29/17 13:35:38   Node cbow_exp_lstm, HTCondor ID 478, status STATUS_SUBMITTED
03/29/17 13:45:41 14467 seconds since last log event
03/29/17 13:45:41 Pending DAG nodes:
03/29/17 13:45:41   Node cbow_exp_lstm, HTCondor ID 478, status STATUS_SUBMITTED
03/29/17 13:55:44 15070 seconds since last log event
03/29/17 13:55:44 Pending DAG nodes:
03/29/17 13:55:44   Node cbow_exp_lstm, HTCondor ID 478, status STATUS_SUBMITTED
03/29/17 14:05:45 15671 seconds since last log event
03/29/17 14:05:45 Pending DAG nodes:
03/29/17 14:05:45   Node cbow_exp_lstm, HTCondor ID 478, status STATUS_SUBMITTED
03/29/17 14:15:48 16274 seconds since last log event
03/29/17 14:15:48 Pending DAG nodes:
03/29/17 14:15:48   Node cbow_exp_lstm, HTCondor ID 478, status STATUS_SUBMITTED
03/29/17 14:25:48 16874 seconds since last log event
03/29/17 14:25:48 Pending DAG nodes:
03/29/17 14:25:48   Node cbow_exp_lstm, HTCondor ID 478, status STATUS_SUBMITTED
03/29/17 14:35:51 17477 seconds since last log event
03/29/17 14:35:51 Pending DAG nodes:
03/29/17 14:35:51   Node cbow_exp_lstm, HTCondor ID 478, status STATUS_SUBMITTED
03/29/17 14:45:54 18080 seconds since last log event
03/29/17 14:45:54 Pending DAG nodes:
03/29/17 14:45:54   Node cbow_exp_lstm, HTCondor ID 478, status STATUS_SUBMITTED
03/29/17 14:55:56 18682 seconds since last log event
03/29/17 14:55:56 Pending DAG nodes:
03/29/17 14:55:56   Node cbow_exp_lstm, HTCondor ID 478, status STATUS_SUBMITTED
03/29/17 15:05:57 19283 seconds since last log event
03/29/17 15:05:57 Pending DAG nodes:
03/29/17 15:05:57   Node cbow_exp_lstm, HTCondor ID 478, status STATUS_SUBMITTED
03/29/17 15:16:00 19886 seconds since last log event
03/29/17 15:16:00 Pending DAG nodes:
03/29/17 15:16:00   Node cbow_exp_lstm, HTCondor ID 478, status STATUS_SUBMITTED
03/29/17 15:26:02 20488 seconds since last log event
03/29/17 15:26:02 Pending DAG nodes:
03/29/17 15:26:02   Node cbow_exp_lstm, HTCondor ID 478, status STATUS_SUBMITTED
03/29/17 15:36:05 21091 seconds since last log event
03/29/17 15:36:05 Pending DAG nodes:
03/29/17 15:36:05   Node cbow_exp_lstm, HTCondor ID 478, status STATUS_SUBMITTED
03/29/17 15:46:09 21695 seconds since last log event
03/29/17 15:46:09 Pending DAG nodes:
03/29/17 15:46:09   Node cbow_exp_lstm, HTCondor ID 478, status STATUS_SUBMITTED
03/29/17 15:56:12 22298 seconds since last log event
03/29/17 15:56:12 Pending DAG nodes:
03/29/17 15:56:12   Node cbow_exp_lstm, HTCondor ID 478, status STATUS_SUBMITTED
03/29/17 16:06:14 22900 seconds since last log event
03/29/17 16:06:14 Pending DAG nodes:
03/29/17 16:06:14   Node cbow_exp_lstm, HTCondor ID 478, status STATUS_SUBMITTED
03/29/17 16:16:16 23502 seconds since last log event
03/29/17 16:16:16 Pending DAG nodes:
03/29/17 16:16:16   Node cbow_exp_lstm, HTCondor ID 478, status STATUS_SUBMITTED
03/29/17 16:26:18 24104 seconds since last log event
03/29/17 16:26:18 Pending DAG nodes:
03/29/17 16:26:18   Node cbow_exp_lstm, HTCondor ID 478, status STATUS_SUBMITTED
03/29/17 16:36:20 24706 seconds since last log event
03/29/17 16:36:20 Pending DAG nodes:
03/29/17 16:36:20   Node cbow_exp_lstm, HTCondor ID 478, status STATUS_SUBMITTED
03/29/17 16:46:22 25308 seconds since last log event
03/29/17 16:46:22 Pending DAG nodes:
03/29/17 16:46:22   Node cbow_exp_lstm, HTCondor ID 478, status STATUS_SUBMITTED
03/29/17 16:56:24 25910 seconds since last log event
03/29/17 16:56:24 Pending DAG nodes:
03/29/17 16:56:24   Node cbow_exp_lstm, HTCondor ID 478, status STATUS_SUBMITTED
03/29/17 17:06:24 26510 seconds since last log event
03/29/17 17:06:24 Pending DAG nodes:
03/29/17 17:06:24   Node cbow_exp_lstm, HTCondor ID 478, status STATUS_SUBMITTED
03/29/17 17:16:26 27112 seconds since last log event
03/29/17 17:16:26 Pending DAG nodes:
03/29/17 17:16:26   Node cbow_exp_lstm, HTCondor ID 478, status STATUS_SUBMITTED
03/29/17 17:26:29 27715 seconds since last log event
03/29/17 17:26:29 Pending DAG nodes:
03/29/17 17:26:29   Node cbow_exp_lstm, HTCondor ID 478, status STATUS_SUBMITTED
03/29/17 17:36:32 28318 seconds since last log event
03/29/17 17:36:32 Pending DAG nodes:
03/29/17 17:36:32   Node cbow_exp_lstm, HTCondor ID 478, status STATUS_SUBMITTED
03/29/17 17:46:35 28921 seconds since last log event
03/29/17 17:46:35 Pending DAG nodes:
03/29/17 17:46:35   Node cbow_exp_lstm, HTCondor ID 478, status STATUS_SUBMITTED
03/29/17 17:56:38 29524 seconds since last log event
03/29/17 17:56:38 Pending DAG nodes:
03/29/17 17:56:38   Node cbow_exp_lstm, HTCondor ID 478, status STATUS_SUBMITTED
03/29/17 18:06:40 30126 seconds since last log event
03/29/17 18:06:40 Pending DAG nodes:
03/29/17 18:06:40   Node cbow_exp_lstm, HTCondor ID 478, status STATUS_SUBMITTED
03/29/17 18:16:42 30728 seconds since last log event
03/29/17 18:16:42 Pending DAG nodes:
03/29/17 18:16:42   Node cbow_exp_lstm, HTCondor ID 478, status STATUS_SUBMITTED
03/29/17 18:26:45 31331 seconds since last log event
03/29/17 18:26:46 Pending DAG nodes:
03/29/17 18:26:46   Node cbow_exp_lstm, HTCondor ID 478, status STATUS_SUBMITTED
03/29/17 18:36:49 31935 seconds since last log event
03/29/17 18:36:49 Pending DAG nodes:
03/29/17 18:36:49   Node cbow_exp_lstm, HTCondor ID 478, status STATUS_SUBMITTED
03/29/17 18:46:51 32537 seconds since last log event
03/29/17 18:46:51 Pending DAG nodes:
03/29/17 18:46:51   Node cbow_exp_lstm, HTCondor ID 478, status STATUS_SUBMITTED
03/29/17 18:56:54 33140 seconds since last log event
03/29/17 18:56:54 Pending DAG nodes:
03/29/17 18:56:54   Node cbow_exp_lstm, HTCondor ID 478, status STATUS_SUBMITTED
03/29/17 19:06:57 33743 seconds since last log event
03/29/17 19:06:57 Pending DAG nodes:
03/29/17 19:06:57   Node cbow_exp_lstm, HTCondor ID 478, status STATUS_SUBMITTED
03/29/17 19:16:59 34345 seconds since last log event
03/29/17 19:16:59 Pending DAG nodes:
03/29/17 19:16:59   Node cbow_exp_lstm, HTCondor ID 478, status STATUS_SUBMITTED
03/29/17 19:27:01 34947 seconds since last log event
03/29/17 19:27:01 Pending DAG nodes:
03/29/17 19:27:01   Node cbow_exp_lstm, HTCondor ID 478, status STATUS_SUBMITTED
03/29/17 19:37:04 35550 seconds since last log event
03/29/17 19:37:04 Pending DAG nodes:
03/29/17 19:37:04   Node cbow_exp_lstm, HTCondor ID 478, status STATUS_SUBMITTED
03/29/17 19:47:06 36152 seconds since last log event
03/29/17 19:47:06 Pending DAG nodes:
03/29/17 19:47:06   Node cbow_exp_lstm, HTCondor ID 478, status STATUS_SUBMITTED
03/29/17 19:57:08 36754 seconds since last log event
03/29/17 19:57:08 Pending DAG nodes:
03/29/17 19:57:08   Node cbow_exp_lstm, HTCondor ID 478, status STATUS_SUBMITTED
03/29/17 20:07:11 37357 seconds since last log event
03/29/17 20:07:11 Pending DAG nodes:
03/29/17 20:07:11   Node cbow_exp_lstm, HTCondor ID 478, status STATUS_SUBMITTED
03/29/17 20:17:13 37959 seconds since last log event
03/29/17 20:17:13 Pending DAG nodes:
03/29/17 20:17:13   Node cbow_exp_lstm, HTCondor ID 478, status STATUS_SUBMITTED
03/29/17 20:27:16 38562 seconds since last log event
03/29/17 20:27:16 Pending DAG nodes:
03/29/17 20:27:16   Node cbow_exp_lstm, HTCondor ID 478, status STATUS_SUBMITTED
03/29/17 20:37:17 39163 seconds since last log event
03/29/17 20:37:17 Pending DAG nodes:
03/29/17 20:37:17   Node cbow_exp_lstm, HTCondor ID 478, status STATUS_SUBMITTED
03/29/17 20:47:19 39765 seconds since last log event
03/29/17 20:47:19 Pending DAG nodes:
03/29/17 20:47:19   Node cbow_exp_lstm, HTCondor ID 478, status STATUS_SUBMITTED
03/29/17 20:57:22 40368 seconds since last log event
03/29/17 20:57:22 Pending DAG nodes:
03/29/17 20:57:22   Node cbow_exp_lstm, HTCondor ID 478, status STATUS_SUBMITTED
03/29/17 21:07:25 40971 seconds since last log event
03/29/17 21:07:25 Pending DAG nodes:
03/29/17 21:07:25   Node cbow_exp_lstm, HTCondor ID 478, status STATUS_SUBMITTED
03/29/17 21:17:28 41574 seconds since last log event
03/29/17 21:17:28 Pending DAG nodes:
03/29/17 21:17:28   Node cbow_exp_lstm, HTCondor ID 478, status STATUS_SUBMITTED
03/29/17 21:27:31 42177 seconds since last log event
03/29/17 21:27:31 Pending DAG nodes:
03/29/17 21:27:31   Node cbow_exp_lstm, HTCondor ID 478, status STATUS_SUBMITTED
03/29/17 21:37:33 42779 seconds since last log event
03/29/17 21:37:33 Pending DAG nodes:
03/29/17 21:37:33   Node cbow_exp_lstm, HTCondor ID 478, status STATUS_SUBMITTED
03/29/17 21:47:34 43380 seconds since last log event
03/29/17 21:47:34 Pending DAG nodes:
03/29/17 21:47:34   Node cbow_exp_lstm, HTCondor ID 478, status STATUS_SUBMITTED
03/29/17 21:57:37 43983 seconds since last log event
03/29/17 21:57:37 Pending DAG nodes:
03/29/17 21:57:37   Node cbow_exp_lstm, HTCondor ID 478, status STATUS_SUBMITTED
03/29/17 22:07:39 44585 seconds since last log event
03/29/17 22:07:39 Pending DAG nodes:
03/29/17 22:07:39   Node cbow_exp_lstm, HTCondor ID 478, status STATUS_SUBMITTED
03/29/17 22:17:42 45188 seconds since last log event
03/29/17 22:17:42 Pending DAG nodes:
03/29/17 22:17:42   Node cbow_exp_lstm, HTCondor ID 478, status STATUS_SUBMITTED
03/29/17 22:27:44 45790 seconds since last log event
03/29/17 22:27:44 Pending DAG nodes:
03/29/17 22:27:44   Node cbow_exp_lstm, HTCondor ID 478, status STATUS_SUBMITTED
03/29/17 22:37:47 46393 seconds since last log event
03/29/17 22:37:47 Pending DAG nodes:
03/29/17 22:37:47   Node cbow_exp_lstm, HTCondor ID 478, status STATUS_SUBMITTED
03/29/17 22:47:50 46996 seconds since last log event
03/29/17 22:47:50 Pending DAG nodes:
03/29/17 22:47:50   Node cbow_exp_lstm, HTCondor ID 478, status STATUS_SUBMITTED
03/29/17 22:57:53 47599 seconds since last log event
03/29/17 22:57:53 Pending DAG nodes:
03/29/17 22:57:53   Node cbow_exp_lstm, HTCondor ID 478, status STATUS_SUBMITTED
03/29/17 23:07:55 48201 seconds since last log event
03/29/17 23:07:55 Pending DAG nodes:
03/29/17 23:07:55   Node cbow_exp_lstm, HTCondor ID 478, status STATUS_SUBMITTED
03/29/17 23:17:57 48803 seconds since last log event
03/29/17 23:17:57 Pending DAG nodes:
03/29/17 23:17:57   Node cbow_exp_lstm, HTCondor ID 478, status STATUS_SUBMITTED
03/29/17 23:28:00 49406 seconds since last log event
03/29/17 23:28:00 Pending DAG nodes:
03/29/17 23:28:00   Node cbow_exp_lstm, HTCondor ID 478, status STATUS_SUBMITTED
03/29/17 23:38:03 50009 seconds since last log event
03/29/17 23:38:03 Pending DAG nodes:
03/29/17 23:38:03   Node cbow_exp_lstm, HTCondor ID 478, status STATUS_SUBMITTED
03/29/17 23:48:06 50612 seconds since last log event
03/29/17 23:48:06 Pending DAG nodes:
03/29/17 23:48:06   Node cbow_exp_lstm, HTCondor ID 478, status STATUS_SUBMITTED
03/29/17 23:58:07 51213 seconds since last log event
03/29/17 23:58:07 Pending DAG nodes:
03/29/17 23:58:07   Node cbow_exp_lstm, HTCondor ID 478, status STATUS_SUBMITTED
03/30/17 00:08:10 51816 seconds since last log event
03/30/17 00:08:10 Pending DAG nodes:
03/30/17 00:08:10   Node cbow_exp_lstm, HTCondor ID 478, status STATUS_SUBMITTED
03/30/17 00:18:12 52418 seconds since last log event
03/30/17 00:18:12 Pending DAG nodes:
03/30/17 00:18:12   Node cbow_exp_lstm, HTCondor ID 478, status STATUS_SUBMITTED
03/30/17 00:28:15 53021 seconds since last log event
03/30/17 00:28:15 Pending DAG nodes:
03/30/17 00:28:15   Node cbow_exp_lstm, HTCondor ID 478, status STATUS_SUBMITTED
03/30/17 00:38:18 53624 seconds since last log event
03/30/17 00:38:18 Pending DAG nodes:
03/30/17 00:38:18   Node cbow_exp_lstm, HTCondor ID 478, status STATUS_SUBMITTED
03/30/17 00:48:21 54227 seconds since last log event
03/30/17 00:48:21 Pending DAG nodes:
03/30/17 00:48:21   Node cbow_exp_lstm, HTCondor ID 478, status STATUS_SUBMITTED
03/30/17 00:58:23 54829 seconds since last log event
03/30/17 00:58:23 Pending DAG nodes:
03/30/17 00:58:23   Node cbow_exp_lstm, HTCondor ID 478, status STATUS_SUBMITTED
03/30/17 01:08:25 55431 seconds since last log event
03/30/17 01:08:25 Pending DAG nodes:
03/30/17 01:08:25   Node cbow_exp_lstm, HTCondor ID 478, status STATUS_SUBMITTED
03/30/17 01:18:27 56033 seconds since last log event
03/30/17 01:18:27 Pending DAG nodes:
03/30/17 01:18:27   Node cbow_exp_lstm, HTCondor ID 478, status STATUS_SUBMITTED
03/30/17 01:28:30 56636 seconds since last log event
03/30/17 01:28:30 Pending DAG nodes:
03/30/17 01:28:30   Node cbow_exp_lstm, HTCondor ID 478, status STATUS_SUBMITTED
03/30/17 01:38:32 57238 seconds since last log event
03/30/17 01:38:32 Pending DAG nodes:
03/30/17 01:38:32   Node cbow_exp_lstm, HTCondor ID 478, status STATUS_SUBMITTED
03/30/17 01:48:35 57841 seconds since last log event
03/30/17 01:48:35 Pending DAG nodes:
03/30/17 01:48:35   Node cbow_exp_lstm, HTCondor ID 478, status STATUS_SUBMITTED
03/30/17 01:58:38 58444 seconds since last log event
03/30/17 01:58:38 Pending DAG nodes:
03/30/17 01:58:38   Node cbow_exp_lstm, HTCondor ID 478, status STATUS_SUBMITTED
03/30/17 02:08:40 59046 seconds since last log event
03/30/17 02:08:40 Pending DAG nodes:
03/30/17 02:08:40   Node cbow_exp_lstm, HTCondor ID 478, status STATUS_SUBMITTED
03/30/17 02:18:42 59648 seconds since last log event
03/30/17 02:18:42 Pending DAG nodes:
03/30/17 02:18:42   Node cbow_exp_lstm, HTCondor ID 478, status STATUS_SUBMITTED
03/30/17 02:28:45 60251 seconds since last log event
03/30/17 02:28:45 Pending DAG nodes:
03/30/17 02:28:45   Node cbow_exp_lstm, HTCondor ID 478, status STATUS_SUBMITTED
03/30/17 02:38:48 60854 seconds since last log event
03/30/17 02:38:48 Pending DAG nodes:
03/30/17 02:38:48   Node cbow_exp_lstm, HTCondor ID 478, status STATUS_SUBMITTED
03/30/17 02:48:51 61457 seconds since last log event
03/30/17 02:48:51 Pending DAG nodes:
03/30/17 02:48:51   Node cbow_exp_lstm, HTCondor ID 478, status STATUS_SUBMITTED
03/30/17 02:58:54 62060 seconds since last log event
03/30/17 02:58:54 Pending DAG nodes:
03/30/17 02:58:54   Node cbow_exp_lstm, HTCondor ID 478, status STATUS_SUBMITTED
03/30/17 03:08:57 62663 seconds since last log event
03/30/17 03:08:57 Pending DAG nodes:
03/30/17 03:08:57   Node cbow_exp_lstm, HTCondor ID 478, status STATUS_SUBMITTED
03/30/17 03:18:59 63265 seconds since last log event
03/30/17 03:18:59 Pending DAG nodes:
03/30/17 03:18:59   Node cbow_exp_lstm, HTCondor ID 478, status STATUS_SUBMITTED
03/30/17 03:29:01 63867 seconds since last log event
03/30/17 03:29:01 Pending DAG nodes:
03/30/17 03:29:01   Node cbow_exp_lstm, HTCondor ID 478, status STATUS_SUBMITTED
03/30/17 03:39:04 64470 seconds since last log event
03/30/17 03:39:04 Pending DAG nodes:
03/30/17 03:39:04   Node cbow_exp_lstm, HTCondor ID 478, status STATUS_SUBMITTED
03/30/17 03:49:07 65073 seconds since last log event
03/30/17 03:49:07 Pending DAG nodes:
03/30/17 03:49:07   Node cbow_exp_lstm, HTCondor ID 478, status STATUS_SUBMITTED
03/30/17 03:59:09 65675 seconds since last log event
03/30/17 03:59:09 Pending DAG nodes:
03/30/17 03:59:09   Node cbow_exp_lstm, HTCondor ID 478, status STATUS_SUBMITTED
03/30/17 04:09:12 66278 seconds since last log event
03/30/17 04:09:12 Pending DAG nodes:
03/30/17 04:09:12   Node cbow_exp_lstm, HTCondor ID 478, status STATUS_SUBMITTED
03/30/17 04:19:13 66879 seconds since last log event
03/30/17 04:19:13 Pending DAG nodes:
03/30/17 04:19:13   Node cbow_exp_lstm, HTCondor ID 478, status STATUS_SUBMITTED
03/30/17 04:29:16 67482 seconds since last log event
03/30/17 04:29:16 Pending DAG nodes:
03/30/17 04:29:16   Node cbow_exp_lstm, HTCondor ID 478, status STATUS_SUBMITTED
03/30/17 04:39:19 68085 seconds since last log event
03/30/17 04:39:19 Pending DAG nodes:
03/30/17 04:39:19   Node cbow_exp_lstm, HTCondor ID 478, status STATUS_SUBMITTED
03/30/17 04:49:22 68688 seconds since last log event
03/30/17 04:49:22 Pending DAG nodes:
03/30/17 04:49:22   Node cbow_exp_lstm, HTCondor ID 478, status STATUS_SUBMITTED
03/30/17 04:59:25 69291 seconds since last log event
03/30/17 04:59:25 Pending DAG nodes:
03/30/17 04:59:25   Node cbow_exp_lstm, HTCondor ID 478, status STATUS_SUBMITTED
03/30/17 05:09:27 69893 seconds since last log event
03/30/17 05:09:27 Pending DAG nodes:
03/30/17 05:09:27   Node cbow_exp_lstm, HTCondor ID 478, status STATUS_SUBMITTED
03/30/17 05:19:29 70495 seconds since last log event
03/30/17 05:19:29 Pending DAG nodes:
03/30/17 05:19:29   Node cbow_exp_lstm, HTCondor ID 478, status STATUS_SUBMITTED
03/30/17 05:29:31 71097 seconds since last log event
03/30/17 05:29:31 Pending DAG nodes:
03/30/17 05:29:31   Node cbow_exp_lstm, HTCondor ID 478, status STATUS_SUBMITTED
03/30/17 05:39:33 71699 seconds since last log event
03/30/17 05:39:33 Pending DAG nodes:
03/30/17 05:39:33   Node cbow_exp_lstm, HTCondor ID 478, status STATUS_SUBMITTED
03/30/17 05:49:36 72302 seconds since last log event
03/30/17 05:49:36 Pending DAG nodes:
03/30/17 05:49:36   Node cbow_exp_lstm, HTCondor ID 478, status STATUS_SUBMITTED
03/30/17 05:59:38 72904 seconds since last log event
03/30/17 05:59:38 Pending DAG nodes:
03/30/17 05:59:38   Node cbow_exp_lstm, HTCondor ID 478, status STATUS_SUBMITTED
03/30/17 06:09:40 73506 seconds since last log event
03/30/17 06:09:40 Pending DAG nodes:
03/30/17 06:09:40   Node cbow_exp_lstm, HTCondor ID 478, status STATUS_SUBMITTED
03/30/17 06:19:43 74109 seconds since last log event
03/30/17 06:19:43 Pending DAG nodes:
03/30/17 06:19:43   Node cbow_exp_lstm, HTCondor ID 478, status STATUS_SUBMITTED
03/30/17 06:29:46 74712 seconds since last log event
03/30/17 06:29:46 Pending DAG nodes:
03/30/17 06:29:46   Node cbow_exp_lstm, HTCondor ID 478, status STATUS_SUBMITTED
03/30/17 06:39:48 75314 seconds since last log event
03/30/17 06:39:48 Pending DAG nodes:
03/30/17 06:39:48   Node cbow_exp_lstm, HTCondor ID 478, status STATUS_SUBMITTED
03/30/17 06:49:50 75916 seconds since last log event
03/30/17 06:49:50 Pending DAG nodes:
03/30/17 06:49:50   Node cbow_exp_lstm, HTCondor ID 478, status STATUS_SUBMITTED
03/30/17 06:59:52 76518 seconds since last log event
03/30/17 06:59:52 Pending DAG nodes:
03/30/17 06:59:52   Node cbow_exp_lstm, HTCondor ID 478, status STATUS_SUBMITTED
03/30/17 07:09:54 77120 seconds since last log event
03/30/17 07:09:54 Pending DAG nodes:
03/30/17 07:09:54   Node cbow_exp_lstm, HTCondor ID 478, status STATUS_SUBMITTED
03/30/17 07:19:56 77722 seconds since last log event
03/30/17 07:19:56 Pending DAG nodes:
03/30/17 07:19:56   Node cbow_exp_lstm, HTCondor ID 478, status STATUS_SUBMITTED
03/30/17 07:29:58 78324 seconds since last log event
03/30/17 07:29:58 Pending DAG nodes:
03/30/17 07:29:58   Node cbow_exp_lstm, HTCondor ID 478, status STATUS_SUBMITTED
03/30/17 07:40:01 78927 seconds since last log event
03/30/17 07:40:01 Pending DAG nodes:
03/30/17 07:40:01   Node cbow_exp_lstm, HTCondor ID 478, status STATUS_SUBMITTED
03/30/17 07:50:03 79529 seconds since last log event
03/30/17 07:50:03 Pending DAG nodes:
03/30/17 07:50:03   Node cbow_exp_lstm, HTCondor ID 478, status STATUS_SUBMITTED
03/30/17 08:00:06 80132 seconds since last log event
03/30/17 08:00:06 Pending DAG nodes:
03/30/17 08:00:06   Node cbow_exp_lstm, HTCondor ID 478, status STATUS_SUBMITTED
03/30/17 08:10:08 80734 seconds since last log event
03/30/17 08:10:08 Pending DAG nodes:
03/30/17 08:10:08   Node cbow_exp_lstm, HTCondor ID 478, status STATUS_SUBMITTED
03/30/17 08:20:11 81337 seconds since last log event
03/30/17 08:20:11 Pending DAG nodes:
03/30/17 08:20:11   Node cbow_exp_lstm, HTCondor ID 478, status STATUS_SUBMITTED
03/30/17 08:30:14 81940 seconds since last log event
03/30/17 08:30:14 Pending DAG nodes:
03/30/17 08:30:14   Node cbow_exp_lstm, HTCondor ID 478, status STATUS_SUBMITTED
03/30/17 08:40:17 82543 seconds since last log event
03/30/17 08:40:17 Pending DAG nodes:
03/30/17 08:40:17   Node cbow_exp_lstm, HTCondor ID 478, status STATUS_SUBMITTED
03/30/17 08:50:19 83145 seconds since last log event
03/30/17 08:50:19 Pending DAG nodes:
03/30/17 08:50:19   Node cbow_exp_lstm, HTCondor ID 478, status STATUS_SUBMITTED
03/30/17 09:00:22 83748 seconds since last log event
03/30/17 09:00:22 Pending DAG nodes:
03/30/17 09:00:22   Node cbow_exp_lstm, HTCondor ID 478, status STATUS_SUBMITTED
03/30/17 09:10:25 84351 seconds since last log event
03/30/17 09:10:25 Pending DAG nodes:
03/30/17 09:10:25   Node cbow_exp_lstm, HTCondor ID 478, status STATUS_SUBMITTED
03/30/17 09:20:27 84953 seconds since last log event
03/30/17 09:20:27 Pending DAG nodes:
03/30/17 09:20:27   Node cbow_exp_lstm, HTCondor ID 478, status STATUS_SUBMITTED
03/30/17 09:30:30 85556 seconds since last log event
03/30/17 09:30:30 Pending DAG nodes:
03/30/17 09:30:30   Node cbow_exp_lstm, HTCondor ID 478, status STATUS_SUBMITTED
03/30/17 09:40:33 86159 seconds since last log event
03/30/17 09:40:33 Pending DAG nodes:
03/30/17 09:40:33   Node cbow_exp_lstm, HTCondor ID 478, status STATUS_SUBMITTED
03/30/17 09:50:35 86761 seconds since last log event
03/30/17 09:50:35 Pending DAG nodes:
03/30/17 09:50:35   Node cbow_exp_lstm, HTCondor ID 478, status STATUS_SUBMITTED
03/30/17 10:00:37 87363 seconds since last log event
03/30/17 10:00:37 Pending DAG nodes:
03/30/17 10:00:37   Node cbow_exp_lstm, HTCondor ID 478, status STATUS_SUBMITTED
03/30/17 10:10:39 87965 seconds since last log event
03/30/17 10:10:39 Pending DAG nodes:
03/30/17 10:10:39   Node cbow_exp_lstm, HTCondor ID 478, status STATUS_SUBMITTED
03/30/17 10:20:42 88568 seconds since last log event
03/30/17 10:20:42 Pending DAG nodes:
03/30/17 10:20:42   Node cbow_exp_lstm, HTCondor ID 478, status STATUS_SUBMITTED
03/30/17 10:30:43 89169 seconds since last log event
03/30/17 10:30:43 Pending DAG nodes:
03/30/17 10:30:43   Node cbow_exp_lstm, HTCondor ID 478, status STATUS_SUBMITTED
03/30/17 10:40:43 89769 seconds since last log event
03/30/17 10:40:43 Pending DAG nodes:
03/30/17 10:40:43   Node cbow_exp_lstm, HTCondor ID 478, status STATUS_SUBMITTED
03/30/17 10:50:48 90374 seconds since last log event
03/30/17 10:50:48 Pending DAG nodes:
03/30/17 10:50:48   Node cbow_exp_lstm, HTCondor ID 478, status STATUS_SUBMITTED
03/30/17 11:00:51 90977 seconds since last log event
03/30/17 11:00:51 Pending DAG nodes:
03/30/17 11:00:51   Node cbow_exp_lstm, HTCondor ID 478, status STATUS_SUBMITTED
03/30/17 11:10:54 91580 seconds since last log event
03/30/17 11:10:54 Pending DAG nodes:
03/30/17 11:10:54   Node cbow_exp_lstm, HTCondor ID 478, status STATUS_SUBMITTED
03/30/17 11:20:58 92184 seconds since last log event
03/30/17 11:20:58 Pending DAG nodes:
03/30/17 11:20:58   Node cbow_exp_lstm, HTCondor ID 478, status STATUS_SUBMITTED
03/30/17 11:31:02 92788 seconds since last log event
03/30/17 11:31:02 Pending DAG nodes:
03/30/17 11:31:02   Node cbow_exp_lstm, HTCondor ID 478, status STATUS_SUBMITTED
03/30/17 11:41:04 93390 seconds since last log event
03/30/17 11:41:04 Pending DAG nodes:
03/30/17 11:41:04   Node cbow_exp_lstm, HTCondor ID 478, status STATUS_SUBMITTED
03/30/17 11:51:07 93993 seconds since last log event
03/30/17 11:51:07 Pending DAG nodes:
03/30/17 11:51:07   Node cbow_exp_lstm, HTCondor ID 478, status STATUS_SUBMITTED
03/30/17 12:01:11 94597 seconds since last log event
03/30/17 12:01:11 Pending DAG nodes:
03/30/17 12:01:11   Node cbow_exp_lstm, HTCondor ID 478, status STATUS_SUBMITTED
03/30/17 12:11:13 95199 seconds since last log event
03/30/17 12:11:13 Pending DAG nodes:
03/30/17 12:11:13   Node cbow_exp_lstm, HTCondor ID 478, status STATUS_SUBMITTED
03/30/17 12:21:16 95802 seconds since last log event
03/30/17 12:21:16 Pending DAG nodes:
03/30/17 12:21:16   Node cbow_exp_lstm, HTCondor ID 478, status STATUS_SUBMITTED
03/30/17 12:31:19 96405 seconds since last log event
03/30/17 12:31:19 Pending DAG nodes:
03/30/17 12:31:19   Node cbow_exp_lstm, HTCondor ID 478, status STATUS_SUBMITTED
03/30/17 12:41:22 97008 seconds since last log event
03/30/17 12:41:22 Pending DAG nodes:
03/30/17 12:41:22   Node cbow_exp_lstm, HTCondor ID 478, status STATUS_SUBMITTED
03/30/17 12:51:24 97610 seconds since last log event
03/30/17 12:51:24 Pending DAG nodes:
03/30/17 12:51:24   Node cbow_exp_lstm, HTCondor ID 478, status STATUS_SUBMITTED
03/30/17 13:01:26 98212 seconds since last log event
03/30/17 13:01:26 Pending DAG nodes:
03/30/17 13:01:26   Node cbow_exp_lstm, HTCondor ID 478, status STATUS_SUBMITTED
03/30/17 13:11:30 98816 seconds since last log event
03/30/17 13:11:30 Pending DAG nodes:
03/30/17 13:11:30   Node cbow_exp_lstm, HTCondor ID 478, status STATUS_SUBMITTED
03/30/17 13:20:54 Currently monitoring 1 HTCondor log file(s)
03/30/17 13:20:54 Event: ULOG_JOB_TERMINATED for HTCondor Node cbow_exp_lstm (478.0.0) {03/30/17 13:20:49}
03/30/17 13:20:54 Number of idle job procs: 0
03/30/17 13:20:54 Node cbow_exp_lstm job proc (478.0.0) completed successfully.
03/30/17 13:20:54 Node cbow_exp_lstm job completed
03/30/17 13:20:54 DAG status: 0 (DAG_STATUS_OK)
03/30/17 13:20:54 Of 2 nodes total:
03/30/17 13:20:54  Done     Pre   Queued    Post   Ready   Un-Ready   Failed
03/30/17 13:20:54   ===     ===      ===     ===     ===        ===      ===
03/30/17 13:20:54     1       0        0       0       1          0        0
03/30/17 13:20:54 0 job proc(s) currently held
03/30/17 13:20:59 Submitting HTCondor Node cbow_exp_lstm_test job(s)...
03/30/17 13:20:59 Adding a DAGMan workflow log /esat/spchtemp/scratch/robbe/SpeechHub/domain_adaptation_models/python/jobdag/./ds_cbow_exp_lstm.dag.nodes.log
03/30/17 13:20:59 Masking the events recorded in the DAGMAN workflow log
03/30/17 13:20:59 Mask for workflow log is 0,1,2,4,5,7,9,10,11,12,13,16,17,24,27
03/30/17 13:20:59 submitting: /usr/bin/condor_submit -a dag_node_name' '=' 'cbow_exp_lstm_test -a +DAGManJobId' '=' '477 -a DAGManJobId' '=' '477 -batch-name ds_cbow_exp_lstm.dag+477 -a submit_event_notes' '=' 'DAG' 'Node:' 'cbow_exp_lstm_test -a dagman_log' '=' '/esat/spchtemp/scratch/robbe/SpeechHub/domain_adaptation_models/python/jobdag/./ds_cbow_exp_lstm.dag.nodes.log -a +DAGManNodesMask' '=' '"0,1,2,4,5,7,9,10,11,12,13,16,17,24,27" -a data_set' '=' 'ds -a test_name' '=' 'cbow_exp_lstm -a num_run' '=' '0 -a DAG_STATUS' '=' '0 -a FAILED_COUNT' '=' '0 -a notification' '=' 'never -a +DAGParentNodeNames' '=' '"cbow_exp_lstm" jobdag/cbow_lstm_test.job
03/30/17 13:20:59 From submit: Submitting job(s).
03/30/17 13:20:59 From submit: 1 job(s) submitted to cluster 580.
03/30/17 13:20:59 	assigned HTCondor ID (580.0.0)
03/30/17 13:20:59 Just submitted 1 job this cycle...
03/30/17 13:20:59 Currently monitoring 1 HTCondor log file(s)
03/30/17 13:20:59 Reassigning the id of job cbow_exp_lstm_test from (580.0.0) to (580.0.0)
03/30/17 13:20:59 Event: ULOG_SUBMIT for HTCondor Node cbow_exp_lstm_test (580.0.0) {03/30/17 13:20:59}
03/30/17 13:20:59 Number of idle job procs: 1
03/30/17 13:20:59 DAG status: 0 (DAG_STATUS_OK)
03/30/17 13:20:59 Of 2 nodes total:
03/30/17 13:20:59  Done     Pre   Queued    Post   Ready   Un-Ready   Failed
03/30/17 13:20:59   ===     ===      ===     ===     ===        ===      ===
03/30/17 13:20:59     1       0        1       0       0          0        0
03/30/17 13:20:59 0 job proc(s) currently held
03/30/17 13:31:02 603 seconds since last log event
03/30/17 13:31:02 Pending DAG nodes:
03/30/17 13:31:02   Node cbow_exp_lstm_test, HTCondor ID 580, status STATUS_SUBMITTED
03/30/17 13:41:05 1206 seconds since last log event
03/30/17 13:41:05 Pending DAG nodes:
03/30/17 13:41:05   Node cbow_exp_lstm_test, HTCondor ID 580, status STATUS_SUBMITTED
03/30/17 13:51:08 1809 seconds since last log event
03/30/17 13:51:08 Pending DAG nodes:
03/30/17 13:51:08   Node cbow_exp_lstm_test, HTCondor ID 580, status STATUS_SUBMITTED
03/30/17 14:01:12 2413 seconds since last log event
03/30/17 14:01:12 Pending DAG nodes:
03/30/17 14:01:12   Node cbow_exp_lstm_test, HTCondor ID 580, status STATUS_SUBMITTED
03/30/17 14:11:15 3016 seconds since last log event
03/30/17 14:11:15 Pending DAG nodes:
03/30/17 14:11:15   Node cbow_exp_lstm_test, HTCondor ID 580, status STATUS_SUBMITTED
03/30/17 14:16:12 Currently monitoring 1 HTCondor log file(s)
03/30/17 14:16:12 Event: ULOG_JOB_ABORTED for HTCondor Node cbow_exp_lstm_test (580.0.0) {03/30/17 14:16:07}
03/30/17 14:16:12 Number of idle job procs: 0
03/30/17 14:16:12 DAG status: 2 (DAG_STATUS_NODE_FAILED)
03/30/17 14:16:12 Of 2 nodes total:
03/30/17 14:16:12  Done     Pre   Queued    Post   Ready   Un-Ready   Failed
03/30/17 14:16:12   ===     ===      ===     ===     ===        ===      ===
03/30/17 14:16:12     1       0        0       0       0          0        1
03/30/17 14:16:12 0 job proc(s) currently held
03/30/17 14:16:12 ERROR: the following job(s) failed:
03/30/17 14:16:12 ---------------------- Job ----------------------
03/30/17 14:16:12       Node Name: cbow_exp_lstm_test
03/30/17 14:16:12            Noop: false
03/30/17 14:16:12          NodeID: 1
03/30/17 14:16:12     Node Status: STATUS_ERROR    
03/30/17 14:16:12 Node return val: -1002
03/30/17 14:16:12           Error: HTCondor reported ULOG_JOB_ABORTED event for job proc (580.0.0)
03/30/17 14:16:12 Job Submit File: jobdag/cbow_lstm_test.job
03/30/17 14:16:12  HTCondor Job ID: (580.0.0)
03/30/17 14:16:12       Q_PARENTS: cbow_exp_lstm, <END>
03/30/17 14:16:12       Q_WAITING: <END>
03/30/17 14:16:12      Q_CHILDREN: <END>
03/30/17 14:16:12 ---------------------------------------	<END>
03/30/17 14:16:12 Aborting DAG...
03/30/17 14:16:12 Writing Rescue DAG to ds_cbow_exp_lstm.dag.rescue001...
03/30/17 14:16:12 Removing submitted jobs...
03/30/17 14:16:12 Removing any/all submitted HTCondor jobs...
03/30/17 14:16:12 Running: /usr/bin/condor_rm -const DAGManJobId' '=?=' '477
03/30/17 14:16:12 Note: 0 total job deferrals because of -MaxJobs limit (0)
03/30/17 14:16:12 Note: 0 total job deferrals because of -MaxIdle limit (1000)
03/30/17 14:16:12 Note: 0 total job deferrals because of node category throttles
03/30/17 14:16:12 Note: 0 total PRE script deferrals because of -MaxPre limit (20) or DEFER
03/30/17 14:16:12 Note: 0 total POST script deferrals because of -MaxPost limit (20) or DEFER
03/30/17 14:16:12 DAG status: 2 (DAG_STATUS_NODE_FAILED)
03/30/17 14:16:12 Of 2 nodes total:
03/30/17 14:16:12  Done     Pre   Queued    Post   Ready   Un-Ready   Failed
03/30/17 14:16:12   ===     ===      ===     ===     ===        ===      ===
03/30/17 14:16:12     1       0        0       0       0          0        1
03/30/17 14:16:12 0 job proc(s) currently held
03/30/17 14:16:12 Wrote metrics file ds_cbow_exp_lstm.dag.metrics.
03/30/17 14:16:12 Metrics not sent because of PEGASUS_METRICS or CONDOR_DEVELOPERS setting.
03/30/17 14:16:12 **** condor_scheduniv_exec.477.0 (condor_DAGMAN) pid 22300 EXITING WITH STATUS 1
