000 (451.000.000) 03/29 09:32:18 Job submitted from host: <10.33.133.154:9618?addrs=10.33.133.154-9618+[--1]-9618&noUDP&sock=1370_48d6_3>
    DAG Node: cbow_exp_lstm
...
001 (451.000.000) 03/29 09:32:36 Job executing on host: <10.33.133.115:9618?addrs=10.33.133.115-9618+[--1]-9618&noUDP&sock=1215_f7a8_3>
...
006 (451.000.000) 03/29 09:32:46 Image size of job updated: 115136
	74  -  MemoryUsage of job (MB)
	75596  -  ResidentSetSize of job (KB)
...
006 (451.000.000) 03/29 09:33:04 Image size of job updated: 227308
	74  -  MemoryUsage of job (MB)
	75596  -  ResidentSetSize of job (KB)
...
005 (451.000.000) 03/29 09:33:04 Job terminated.
	(1) Normal termination (return value 0)
		Usr 0 00:00:17, Sys 0 00:00:00  -  Run Remote Usage
		Usr 0 00:00:00, Sys 0 00:00:00  -  Run Local Usage
		Usr 0 00:00:17, Sys 0 00:00:00  -  Total Remote Usage
		Usr 0 00:00:00, Sys 0 00:00:00  -  Total Local Usage
	0  -  Run Bytes Sent By Job
	0  -  Run Bytes Received By Job
	0  -  Total Bytes Sent By Job
	0  -  Total Bytes Received By Job
	Partitionable Resources :    Usage  Request Allocated
	   Cpus                 :                 1         1
	   Disk (KB)            :        7        7  17875240
	   Gpus                 :                 1         1
	   Memory (MB)          :       74     4096      4096
...
000 (473.000.000) 03/29 09:37:10 Job submitted from host: <10.33.133.154:9618?addrs=10.33.133.154-9618+[--1]-9618&noUDP&sock=1370_48d6_3>
    DAG Node: cbow_exp_lstm
...
001 (473.000.000) 03/29 09:37:21 Job executing on host: <10.33.133.192:9618?addrs=10.33.133.192-9618+[--1]-9618&noUDP&sock=1307_125f_3>
...
006 (473.000.000) 03/29 09:37:30 Image size of job updated: 128512
	126  -  MemoryUsage of job (MB)
	128512  -  ResidentSetSize of job (KB)
...
006 (473.000.000) 03/29 09:39:27 Image size of job updated: 527620
	126  -  MemoryUsage of job (MB)
	128512  -  ResidentSetSize of job (KB)
...
004 (473.000.000) 03/29 09:39:27 Job was evicted.
	(0) Job was not checkpointed.
		Usr 0 00:02:02, Sys 0 00:00:02  -  Run Remote Usage
		Usr 0 00:00:00, Sys 0 00:00:00  -  Run Local Usage
	0  -  Run Bytes Sent By Job
	0  -  Run Bytes Received By Job
	Partitionable Resources :    Usage  Request Allocated
	   Cpus                 :                 1         1
	   Disk (KB)            :        7        7   3288953
	   Gpus                 :                 1         1
	   Memory (MB)          :      126     4096      4096
...
009 (473.000.000) 03/29 09:39:27 Job was aborted by the user.
	removed because <OtherJobRemoveRequirements = DAGManJobId =?= 471> fired when job (471.0) was removed
...
000 (478.000.000) 03/29 09:43:54 Job submitted from host: <10.33.133.154:9618?addrs=10.33.133.154-9618+[--1]-9618&noUDP&sock=1370_48d6_3>
    DAG Node: cbow_exp_lstm
...
001 (478.000.000) 03/29 09:44:34 Job executing on host: <10.33.133.10:9618?addrs=10.33.133.10-9618+[--1]-9618&noUDP&sock=17248_4597_3>
...
006 (478.000.000) 03/29 09:44:42 Image size of job updated: 185568
	150  -  MemoryUsage of job (MB)
	153404  -  ResidentSetSize of job (KB)
...
006 (478.000.000) 03/29 09:49:42 Image size of job updated: 1767520
	1380  -  MemoryUsage of job (MB)
	1412432  -  ResidentSetSize of job (KB)
...
006 (478.000.000) 03/29 10:04:43 Image size of job updated: 1874812
	1485  -  MemoryUsage of job (MB)
	1519724  -  ResidentSetSize of job (KB)
...
006 (478.000.000) 03/29 18:45:41 Image size of job updated: 1874836
	1485  -  MemoryUsage of job (MB)
	1519748  -  ResidentSetSize of job (KB)
...
006 (478.000.000) 03/29 18:50:41 Image size of job updated: 1875064
	1485  -  MemoryUsage of job (MB)
	1519976  -  ResidentSetSize of job (KB)
...
006 (478.000.000) 03/30 03:46:42 Image size of job updated: 1875156
	1485  -  MemoryUsage of job (MB)
	1520068  -  ResidentSetSize of job (KB)
...
006 (478.000.000) 03/30 12:17:43 Image size of job updated: 1875324
	1485  -  MemoryUsage of job (MB)
	1520068  -  ResidentSetSize of job (KB)
...
006 (478.000.000) 03/30 12:22:43 Image size of job updated: 1875368
	1485  -  MemoryUsage of job (MB)
	1520068  -  ResidentSetSize of job (KB)
...
005 (478.000.000) 03/30 13:20:49 Job terminated.
	(1) Normal termination (return value 0)
		Usr 1 03:06:47, Sys 0 01:48:05  -  Run Remote Usage
		Usr 0 00:00:00, Sys 0 00:00:00  -  Run Local Usage
		Usr 1 03:06:47, Sys 0 01:48:05  -  Total Remote Usage
		Usr 0 00:00:00, Sys 0 00:00:00  -  Total Local Usage
	0  -  Run Bytes Sent By Job
	0  -  Run Bytes Received By Job
	0  -  Total Bytes Sent By Job
	0  -  Total Bytes Received By Job
	Partitionable Resources :    Usage  Request Allocated
	   Cpus                 :                 1         1
	   Disk (KB)            :        7        7 201212026
	   Gpus                 :                 1         1
	   Memory (MB)          :     1485     4096      4096
...
