03/29/17 09:32:52 ******************************************************
03/29/17 09:32:52 ** condor_scheduniv_exec.461.0 (CONDOR_DAGMAN) STARTING UP
03/29/17 09:32:52 ** /usr/bin/condor_dagman
03/29/17 09:32:52 ** SubsystemInfo: name=DAGMAN type=DAGMAN(10) class=DAEMON(1)
03/29/17 09:32:52 ** Configuration: subsystem:DAGMAN local:<NONE> class:DAEMON
03/29/17 09:32:52 ** $CondorVersion: 8.6.1 Mar 01 2017 BuildID: 398585 $
03/29/17 09:32:52 ** $CondorPlatform: x86_64_RedHat7 $
03/29/17 09:32:52 ** PID = 21594
03/29/17 09:32:52 ** Log last touched time unavailable (No such file or directory)
03/29/17 09:32:52 ******************************************************
03/29/17 09:32:52 Using config source: /etc/condor/condor_config
03/29/17 09:32:52 Using local config sources: 
03/29/17 09:32:52    /etc/condor/config.d/00esat.config
03/29/17 09:32:52    /etc/condor/config.d/01java.config
03/29/17 09:32:52    /etc/condor/config.d/80optout_users.config
03/29/17 09:32:52    /etc/condor/condor_config.local
03/29/17 09:32:52 config Macros = 166, Sorted = 166, StringBytes = 6024, TablesBytes = 6048
03/29/17 09:32:52 CLASSAD_CACHING is ENABLED
03/29/17 09:32:52 Daemon Log is logging: D_ALWAYS D_ERROR
03/29/17 09:32:52 DaemonCore: No command port requested.
03/29/17 09:32:52 DAGMAN_USE_STRICT setting: 1
03/29/17 09:32:52 DAGMAN_VERBOSITY setting: 3
03/29/17 09:32:52 DAGMAN_DEBUG_CACHE_SIZE setting: 5242880
03/29/17 09:32:52 DAGMAN_DEBUG_CACHE_ENABLE setting: False
03/29/17 09:32:52 DAGMAN_SUBMIT_DELAY setting: 0
03/29/17 09:32:52 DAGMAN_MAX_SUBMIT_ATTEMPTS setting: 6
03/29/17 09:32:52 DAGMAN_STARTUP_CYCLE_DETECT setting: False
03/29/17 09:32:52 DAGMAN_MAX_SUBMITS_PER_INTERVAL setting: 5
03/29/17 09:32:52 DAGMAN_USER_LOG_SCAN_INTERVAL setting: 5
03/29/17 09:32:52 DAGMAN_DEFAULT_PRIORITY setting: 0
03/29/17 09:32:52 DAGMAN_SUPPRESS_NOTIFICATION setting: True
03/29/17 09:32:52 allow_events (DAGMAN_ALLOW_EVENTS) setting: 114
03/29/17 09:32:52 DAGMAN_RETRY_SUBMIT_FIRST setting: True
03/29/17 09:32:52 DAGMAN_RETRY_NODE_FIRST setting: False
03/29/17 09:32:52 DAGMAN_MAX_JOBS_IDLE setting: 1000
03/29/17 09:32:52 DAGMAN_MAX_JOBS_SUBMITTED setting: 0
03/29/17 09:32:52 DAGMAN_MAX_PRE_SCRIPTS setting: 20
03/29/17 09:32:52 DAGMAN_MAX_POST_SCRIPTS setting: 20
03/29/17 09:32:52 DAGMAN_MUNGE_NODE_NAMES setting: True
03/29/17 09:32:52 DAGMAN_PROHIBIT_MULTI_JOBS setting: False
03/29/17 09:32:52 DAGMAN_SUBMIT_DEPTH_FIRST setting: False
03/29/17 09:32:52 DAGMAN_ALWAYS_RUN_POST setting: False
03/29/17 09:32:52 DAGMAN_ABORT_DUPLICATES setting: True
03/29/17 09:32:52 DAGMAN_ABORT_ON_SCARY_SUBMIT setting: True
03/29/17 09:32:52 DAGMAN_PENDING_REPORT_INTERVAL setting: 600
03/29/17 09:32:52 DAGMAN_AUTO_RESCUE setting: True
03/29/17 09:32:52 DAGMAN_MAX_RESCUE_NUM setting: 100
03/29/17 09:32:52 DAGMAN_WRITE_PARTIAL_RESCUE setting: True
03/29/17 09:32:52 DAGMAN_DEFAULT_NODE_LOG setting: @(DAG_DIR)/@(DAG_FILE).nodes.log
03/29/17 09:32:52 DAGMAN_GENERATE_SUBDAG_SUBMITS setting: True
03/29/17 09:32:52 DAGMAN_MAX_JOB_HOLDS setting: 100
03/29/17 09:32:52 DAGMAN_HOLD_CLAIM_TIME setting: 20
03/29/17 09:32:52 ALL_DEBUG setting: 
03/29/17 09:32:52 DAGMAN_DEBUG setting: 
03/29/17 09:32:52 DAGMAN_SUPPRESS_JOB_LOGS setting: False
03/29/17 09:32:52 DAGMAN_REMOVE_NODE_JOBS setting: True
03/29/17 09:32:52 argv[0] == "condor_scheduniv_exec.461.0"
03/29/17 09:32:52 argv[1] == "-Lockfile"
03/29/17 09:32:52 argv[2] == "ds_original.dag.lock"
03/29/17 09:32:52 argv[3] == "-AutoRescue"
03/29/17 09:32:52 argv[4] == "1"
03/29/17 09:32:52 argv[5] == "-DoRescueFrom"
03/29/17 09:32:52 argv[6] == "0"
03/29/17 09:32:52 argv[7] == "-Dag"
03/29/17 09:32:52 argv[8] == "ds_original.dag"
03/29/17 09:32:52 argv[9] == "-Suppress_notification"
03/29/17 09:32:52 argv[10] == "-CsdVersion"
03/29/17 09:32:52 argv[11] == "$CondorVersion: 8.6.1 Mar 01 2017 BuildID: 398585 $"
03/29/17 09:32:52 argv[12] == "-Dagman"
03/29/17 09:32:52 argv[13] == "/usr/bin/condor_dagman"
03/29/17 09:32:53 Workflow batch-name: <ds_original.dag+461>
03/29/17 09:32:53 Workflow accounting_group: <>
03/29/17 09:32:53 Workflow accounting_group_user: <>
03/29/17 09:32:53 Warning: failed to get attribute DAGNodeName
03/29/17 09:32:53 DAGMAN_LOG_ON_NFS_IS_ERROR setting: False
03/29/17 09:32:53 Default node log file is: </esat/spchtemp/scratch/robbe/SpeechHub/domain_adaptation_models/python/jobdag/./ds_original.dag.nodes.log>
03/29/17 09:32:53 DAG Lockfile will be written to ds_original.dag.lock
03/29/17 09:32:53 DAG Input file is ds_original.dag
03/29/17 09:32:53 Parsing 1 dagfiles
03/29/17 09:32:53 Parsing ds_original.dag ...
03/29/17 09:32:53 Dag contains 2 total jobs
03/29/17 09:32:53 Sleeping for 3 seconds to ensure ProcessId uniqueness
03/29/17 09:32:56 Bootstrapping...
03/29/17 09:32:56 Number of pre-completed nodes: 0
03/29/17 09:32:56 MultiLogFiles: truncating log file /esat/spchtemp/scratch/robbe/SpeechHub/domain_adaptation_models/python/jobdag/./ds_original.dag.nodes.log
03/29/17 09:32:56 DAG status: 0 (DAG_STATUS_OK)
03/29/17 09:32:56 Of 2 nodes total:
03/29/17 09:32:56  Done     Pre   Queued    Post   Ready   Un-Ready   Failed
03/29/17 09:32:56   ===     ===      ===     ===     ===        ===      ===
03/29/17 09:32:56     0       0        0       0       1          1        0
03/29/17 09:32:56 0 job proc(s) currently held
03/29/17 09:32:57 Registering condor_event_timer...
03/29/17 09:32:58 Submitting HTCondor Node original job(s)...
03/29/17 09:32:58 Adding a DAGMan workflow log /esat/spchtemp/scratch/robbe/SpeechHub/domain_adaptation_models/python/jobdag/./ds_original.dag.nodes.log
03/29/17 09:32:58 Masking the events recorded in the DAGMAN workflow log
03/29/17 09:32:58 Mask for workflow log is 0,1,2,4,5,7,9,10,11,12,13,16,17,24,27
03/29/17 09:32:58 submitting: /usr/bin/condor_submit -a dag_node_name' '=' 'original -a +DAGManJobId' '=' '461 -a DAGManJobId' '=' '461 -batch-name ds_original.dag+461 -a submit_event_notes' '=' 'DAG' 'Node:' 'original -a dagman_log' '=' '/esat/spchtemp/scratch/robbe/SpeechHub/domain_adaptation_models/python/jobdag/./ds_original.dag.nodes.log -a +DAGManNodesMask' '=' '"0,1,2,4,5,7,9,10,11,12,13,16,17,24,27" -a data_set' '=' 'ds -a test_name' '=' 'original -a num_run' '=' '0 -a DAG_STATUS' '=' '0 -a FAILED_COUNT' '=' '0 -a +KeepClaimIdle' '=' '20 -a notification' '=' 'never -a +DAGParentNodeNames' '=' '"" jobdag/original.job
03/29/17 09:32:58 From submit: Submitting job(s).
03/29/17 09:32:58 From submit: 1 job(s) submitted to cluster 465.
03/29/17 09:32:58 	assigned HTCondor ID (465.0.0)
03/29/17 09:32:58 Just submitted 1 job this cycle...
03/29/17 09:32:58 Currently monitoring 1 HTCondor log file(s)
03/29/17 09:32:58 Reassigning the id of job original from (465.0.0) to (465.0.0)
03/29/17 09:32:58 Event: ULOG_SUBMIT for HTCondor Node original (465.0.0) {03/29/17 09:32:58}
03/29/17 09:32:58 Number of idle job procs: 1
03/29/17 09:32:58 DAG status: 0 (DAG_STATUS_OK)
03/29/17 09:32:58 Of 2 nodes total:
03/29/17 09:32:58  Done     Pre   Queued    Post   Ready   Un-Ready   Failed
03/29/17 09:32:58   ===     ===      ===     ===     ===        ===      ===
03/29/17 09:32:58     0       0        1       0       0          1        0
03/29/17 09:32:58 0 job proc(s) currently held
03/29/17 09:33:08 Currently monitoring 1 HTCondor log file(s)
03/29/17 09:33:08 Event: ULOG_EXECUTE for HTCondor Node original (465.0.0) {03/29/17 09:33:06}
03/29/17 09:33:08 Number of idle job procs: 0
03/29/17 09:43:11 603 seconds since last log event
03/29/17 09:43:11 Pending DAG nodes:
03/29/17 09:43:11   Node original, HTCondor ID 465, status STATUS_SUBMITTED
03/29/17 09:53:13 1205 seconds since last log event
03/29/17 09:53:13 Pending DAG nodes:
03/29/17 09:53:13   Node original, HTCondor ID 465, status STATUS_SUBMITTED
03/29/17 10:03:15 1807 seconds since last log event
03/29/17 10:03:15 Pending DAG nodes:
03/29/17 10:03:15   Node original, HTCondor ID 465, status STATUS_SUBMITTED
03/29/17 10:13:18 2410 seconds since last log event
03/29/17 10:13:18 Pending DAG nodes:
03/29/17 10:13:18   Node original, HTCondor ID 465, status STATUS_SUBMITTED
03/29/17 10:23:21 3013 seconds since last log event
03/29/17 10:23:21 Pending DAG nodes:
03/29/17 10:23:21   Node original, HTCondor ID 465, status STATUS_SUBMITTED
03/29/17 10:33:24 3616 seconds since last log event
03/29/17 10:33:24 Pending DAG nodes:
03/29/17 10:33:24   Node original, HTCondor ID 465, status STATUS_SUBMITTED
03/29/17 10:43:27 4219 seconds since last log event
03/29/17 10:43:27 Pending DAG nodes:
03/29/17 10:43:27   Node original, HTCondor ID 465, status STATUS_SUBMITTED
03/29/17 10:53:29 4821 seconds since last log event
03/29/17 10:53:29 Pending DAG nodes:
03/29/17 10:53:29   Node original, HTCondor ID 465, status STATUS_SUBMITTED
03/29/17 11:03:31 5423 seconds since last log event
03/29/17 11:03:31 Pending DAG nodes:
03/29/17 11:03:31   Node original, HTCondor ID 465, status STATUS_SUBMITTED
03/29/17 11:13:35 6027 seconds since last log event
03/29/17 11:13:36 Pending DAG nodes:
03/29/17 11:13:36   Node original, HTCondor ID 465, status STATUS_SUBMITTED
03/29/17 11:23:39 6631 seconds since last log event
03/29/17 11:23:39 Pending DAG nodes:
03/29/17 11:23:39   Node original, HTCondor ID 465, status STATUS_SUBMITTED
03/29/17 11:33:42 7234 seconds since last log event
03/29/17 11:33:42 Pending DAG nodes:
03/29/17 11:33:42   Node original, HTCondor ID 465, status STATUS_SUBMITTED
03/29/17 11:43:45 7837 seconds since last log event
03/29/17 11:43:45 Pending DAG nodes:
03/29/17 11:43:45   Node original, HTCondor ID 465, status STATUS_SUBMITTED
03/29/17 11:53:47 8439 seconds since last log event
03/29/17 11:53:47 Pending DAG nodes:
03/29/17 11:53:47   Node original, HTCondor ID 465, status STATUS_SUBMITTED
03/29/17 12:03:47 9039 seconds since last log event
03/29/17 12:03:47 Pending DAG nodes:
03/29/17 12:03:47   Node original, HTCondor ID 465, status STATUS_SUBMITTED
03/29/17 12:13:50 9642 seconds since last log event
03/29/17 12:13:50 Pending DAG nodes:
03/29/17 12:13:50   Node original, HTCondor ID 465, status STATUS_SUBMITTED
03/29/17 12:23:52 10244 seconds since last log event
03/29/17 12:23:52 Pending DAG nodes:
03/29/17 12:23:52   Node original, HTCondor ID 465, status STATUS_SUBMITTED
03/29/17 12:33:54 10846 seconds since last log event
03/29/17 12:33:54 Pending DAG nodes:
03/29/17 12:33:54   Node original, HTCondor ID 465, status STATUS_SUBMITTED
03/29/17 12:43:55 11447 seconds since last log event
03/29/17 12:43:55 Pending DAG nodes:
03/29/17 12:43:55   Node original, HTCondor ID 465, status STATUS_SUBMITTED
03/29/17 12:53:58 12050 seconds since last log event
03/29/17 12:53:58 Pending DAG nodes:
03/29/17 12:53:58   Node original, HTCondor ID 465, status STATUS_SUBMITTED
03/29/17 13:03:59 12651 seconds since last log event
03/29/17 13:03:59 Pending DAG nodes:
03/29/17 13:03:59   Node original, HTCondor ID 465, status STATUS_SUBMITTED
03/29/17 13:14:02 13254 seconds since last log event
03/29/17 13:14:02 Pending DAG nodes:
03/29/17 13:14:02   Node original, HTCondor ID 465, status STATUS_SUBMITTED
03/29/17 13:24:04 13856 seconds since last log event
03/29/17 13:24:04 Pending DAG nodes:
03/29/17 13:24:04   Node original, HTCondor ID 465, status STATUS_SUBMITTED
03/29/17 13:34:06 14458 seconds since last log event
03/29/17 13:34:06 Pending DAG nodes:
03/29/17 13:34:06   Node original, HTCondor ID 465, status STATUS_SUBMITTED
03/29/17 13:44:09 15061 seconds since last log event
03/29/17 13:44:09 Pending DAG nodes:
03/29/17 13:44:09   Node original, HTCondor ID 465, status STATUS_SUBMITTED
03/29/17 13:54:12 15664 seconds since last log event
03/29/17 13:54:12 Pending DAG nodes:
03/29/17 13:54:12   Node original, HTCondor ID 465, status STATUS_SUBMITTED
03/29/17 14:04:15 16267 seconds since last log event
03/29/17 14:04:15 Pending DAG nodes:
03/29/17 14:04:15   Node original, HTCondor ID 465, status STATUS_SUBMITTED
03/29/17 14:14:18 16870 seconds since last log event
03/29/17 14:14:18 Pending DAG nodes:
03/29/17 14:14:18   Node original, HTCondor ID 465, status STATUS_SUBMITTED
03/29/17 14:24:22 17474 seconds since last log event
03/29/17 14:24:22 Pending DAG nodes:
03/29/17 14:24:22   Node original, HTCondor ID 465, status STATUS_SUBMITTED
03/29/17 14:34:24 18076 seconds since last log event
03/29/17 14:34:24 Pending DAG nodes:
03/29/17 14:34:24   Node original, HTCondor ID 465, status STATUS_SUBMITTED
03/29/17 14:44:26 18678 seconds since last log event
03/29/17 14:44:26 Pending DAG nodes:
03/29/17 14:44:26   Node original, HTCondor ID 465, status STATUS_SUBMITTED
03/29/17 14:54:29 19281 seconds since last log event
03/29/17 14:54:29 Pending DAG nodes:
03/29/17 14:54:29   Node original, HTCondor ID 465, status STATUS_SUBMITTED
03/29/17 15:04:33 19885 seconds since last log event
03/29/17 15:04:33 Pending DAG nodes:
03/29/17 15:04:33   Node original, HTCondor ID 465, status STATUS_SUBMITTED
03/29/17 15:14:35 20487 seconds since last log event
03/29/17 15:14:35 Pending DAG nodes:
03/29/17 15:14:35   Node original, HTCondor ID 465, status STATUS_SUBMITTED
03/29/17 15:24:38 21090 seconds since last log event
03/29/17 15:24:38 Pending DAG nodes:
03/29/17 15:24:38   Node original, HTCondor ID 465, status STATUS_SUBMITTED
03/29/17 15:34:41 21693 seconds since last log event
03/29/17 15:34:41 Pending DAG nodes:
03/29/17 15:34:41   Node original, HTCondor ID 465, status STATUS_SUBMITTED
03/29/17 15:44:42 22294 seconds since last log event
03/29/17 15:44:42 Pending DAG nodes:
03/29/17 15:44:42   Node original, HTCondor ID 465, status STATUS_SUBMITTED
03/29/17 15:54:44 22896 seconds since last log event
03/29/17 15:54:44 Pending DAG nodes:
03/29/17 15:54:44   Node original, HTCondor ID 465, status STATUS_SUBMITTED
03/29/17 16:04:47 23499 seconds since last log event
03/29/17 16:04:47 Pending DAG nodes:
03/29/17 16:04:47   Node original, HTCondor ID 465, status STATUS_SUBMITTED
03/29/17 16:14:49 24101 seconds since last log event
03/29/17 16:14:49 Pending DAG nodes:
03/29/17 16:14:49   Node original, HTCondor ID 465, status STATUS_SUBMITTED
03/29/17 16:24:51 24703 seconds since last log event
03/29/17 16:24:51 Pending DAG nodes:
03/29/17 16:24:51   Node original, HTCondor ID 465, status STATUS_SUBMITTED
03/29/17 16:34:54 25306 seconds since last log event
03/29/17 16:34:54 Pending DAG nodes:
03/29/17 16:34:54   Node original, HTCondor ID 465, status STATUS_SUBMITTED
03/29/17 16:44:57 25909 seconds since last log event
03/29/17 16:44:57 Pending DAG nodes:
03/29/17 16:44:57   Node original, HTCondor ID 465, status STATUS_SUBMITTED
03/29/17 16:54:59 26511 seconds since last log event
03/29/17 16:54:59 Pending DAG nodes:
03/29/17 16:54:59   Node original, HTCondor ID 465, status STATUS_SUBMITTED
03/29/17 17:04:59 27111 seconds since last log event
03/29/17 17:04:59 Pending DAG nodes:
03/29/17 17:04:59   Node original, HTCondor ID 465, status STATUS_SUBMITTED
03/29/17 17:15:00 27712 seconds since last log event
03/29/17 17:15:00 Pending DAG nodes:
03/29/17 17:15:00   Node original, HTCondor ID 465, status STATUS_SUBMITTED
03/29/17 17:25:03 28315 seconds since last log event
03/29/17 17:25:03 Pending DAG nodes:
03/29/17 17:25:03   Node original, HTCondor ID 465, status STATUS_SUBMITTED
03/29/17 17:35:06 28918 seconds since last log event
03/29/17 17:35:06 Pending DAG nodes:
03/29/17 17:35:06   Node original, HTCondor ID 465, status STATUS_SUBMITTED
03/29/17 17:45:09 29521 seconds since last log event
03/29/17 17:45:09 Pending DAG nodes:
03/29/17 17:45:09   Node original, HTCondor ID 465, status STATUS_SUBMITTED
03/29/17 17:55:12 30124 seconds since last log event
03/29/17 17:55:12 Pending DAG nodes:
03/29/17 17:55:12   Node original, HTCondor ID 465, status STATUS_SUBMITTED
03/29/17 18:05:15 30727 seconds since last log event
03/29/17 18:05:15 Pending DAG nodes:
03/29/17 18:05:15   Node original, HTCondor ID 465, status STATUS_SUBMITTED
03/29/17 18:15:18 31330 seconds since last log event
03/29/17 18:15:18 Pending DAG nodes:
03/29/17 18:15:18   Node original, HTCondor ID 465, status STATUS_SUBMITTED
03/29/17 18:25:22 31934 seconds since last log event
03/29/17 18:25:22 Pending DAG nodes:
03/29/17 18:25:22   Node original, HTCondor ID 465, status STATUS_SUBMITTED
03/29/17 18:35:25 32537 seconds since last log event
03/29/17 18:35:25 Pending DAG nodes:
03/29/17 18:35:25   Node original, HTCondor ID 465, status STATUS_SUBMITTED
03/29/17 18:45:28 33140 seconds since last log event
03/29/17 18:45:28 Pending DAG nodes:
03/29/17 18:45:28   Node original, HTCondor ID 465, status STATUS_SUBMITTED
03/29/17 18:55:31 33743 seconds since last log event
03/29/17 18:55:31 Pending DAG nodes:
03/29/17 18:55:31   Node original, HTCondor ID 465, status STATUS_SUBMITTED
03/29/17 19:05:34 34346 seconds since last log event
03/29/17 19:05:34 Pending DAG nodes:
03/29/17 19:05:34   Node original, HTCondor ID 465, status STATUS_SUBMITTED
03/29/17 19:08:05 Currently monitoring 1 HTCondor log file(s)
03/29/17 19:08:05 Event: ULOG_JOB_TERMINATED for HTCondor Node original (465.0.0) {03/29/17 19:08:04}
03/29/17 19:08:05 Number of idle job procs: 0
03/29/17 19:08:05 Node original job proc (465.0.0) completed successfully.
03/29/17 19:08:05 Node original job completed
03/29/17 19:08:05 DAG status: 0 (DAG_STATUS_OK)
03/29/17 19:08:05 Of 2 nodes total:
03/29/17 19:08:05  Done     Pre   Queued    Post   Ready   Un-Ready   Failed
03/29/17 19:08:05   ===     ===      ===     ===     ===        ===      ===
03/29/17 19:08:05     1       0        0       0       1          0        0
03/29/17 19:08:05 0 job proc(s) currently held
03/29/17 19:08:10 Submitting HTCondor Node original_test job(s)...
03/29/17 19:08:10 Adding a DAGMan workflow log /esat/spchtemp/scratch/robbe/SpeechHub/domain_adaptation_models/python/jobdag/./ds_original.dag.nodes.log
03/29/17 19:08:10 Masking the events recorded in the DAGMAN workflow log
03/29/17 19:08:10 Mask for workflow log is 0,1,2,4,5,7,9,10,11,12,13,16,17,24,27
03/29/17 19:08:10 submitting: /usr/bin/condor_submit -a dag_node_name' '=' 'original_test -a +DAGManJobId' '=' '461 -a DAGManJobId' '=' '461 -batch-name ds_original.dag+461 -a submit_event_notes' '=' 'DAG' 'Node:' 'original_test -a dagman_log' '=' '/esat/spchtemp/scratch/robbe/SpeechHub/domain_adaptation_models/python/jobdag/./ds_original.dag.nodes.log -a +DAGManNodesMask' '=' '"0,1,2,4,5,7,9,10,11,12,13,16,17,24,27" -a data_set' '=' 'ds -a test_name' '=' 'original -a num_run' '=' '0 -a DAG_STATUS' '=' '0 -a FAILED_COUNT' '=' '0 -a notification' '=' 'never -a +DAGParentNodeNames' '=' '"original" jobdag/original_test.job
03/29/17 19:08:10 From submit: Submitting job(s).
03/29/17 19:08:10 From submit: 1 job(s) submitted to cluster 527.
03/29/17 19:08:10 	assigned HTCondor ID (527.0.0)
03/29/17 19:08:10 Just submitted 1 job this cycle...
03/29/17 19:08:10 Currently monitoring 1 HTCondor log file(s)
03/29/17 19:08:10 Reassigning the id of job original_test from (527.0.0) to (527.0.0)
03/29/17 19:08:10 Event: ULOG_SUBMIT for HTCondor Node original_test (527.0.0) {03/29/17 19:08:10}
03/29/17 19:08:10 Number of idle job procs: 1
03/29/17 19:08:10 DAG status: 0 (DAG_STATUS_OK)
03/29/17 19:08:10 Of 2 nodes total:
03/29/17 19:08:10  Done     Pre   Queued    Post   Ready   Un-Ready   Failed
03/29/17 19:08:10   ===     ===      ===     ===     ===        ===      ===
03/29/17 19:08:10     1       0        1       0       0          0        0
03/29/17 19:08:10 0 job proc(s) currently held
03/29/17 19:18:13 603 seconds since last log event
03/29/17 19:18:13 Pending DAG nodes:
03/29/17 19:18:13   Node original_test, HTCondor ID 527, status STATUS_SUBMITTED
03/29/17 19:28:15 1205 seconds since last log event
03/29/17 19:28:15 Pending DAG nodes:
03/29/17 19:28:15   Node original_test, HTCondor ID 527, status STATUS_SUBMITTED
03/29/17 19:38:17 1807 seconds since last log event
03/29/17 19:38:17 Pending DAG nodes:
03/29/17 19:38:17   Node original_test, HTCondor ID 527, status STATUS_SUBMITTED
03/29/17 19:48:19 2409 seconds since last log event
03/29/17 19:48:19 Pending DAG nodes:
03/29/17 19:48:19   Node original_test, HTCondor ID 527, status STATUS_SUBMITTED
03/29/17 19:58:20 3010 seconds since last log event
03/29/17 19:58:20 Pending DAG nodes:
03/29/17 19:58:20   Node original_test, HTCondor ID 527, status STATUS_SUBMITTED
03/29/17 20:05:57 Currently monitoring 1 HTCondor log file(s)
03/29/17 20:05:57 Event: ULOG_EXECUTE for HTCondor Node original_test (527.0.0) {03/29/17 20:05:56}
03/29/17 20:05:57 Number of idle job procs: 0
03/29/17 20:06:12 Currently monitoring 1 HTCondor log file(s)
03/29/17 20:06:12 Event: ULOG_JOB_TERMINATED for HTCondor Node original_test (527.0.0) {03/29/17 20:06:08}
03/29/17 20:06:12 Number of idle job procs: 0
03/29/17 20:06:12 Node original_test job proc (527.0.0) completed successfully.
03/29/17 20:06:12 Node original_test job completed
03/29/17 20:06:12 DAG status: 0 (DAG_STATUS_OK)
03/29/17 20:06:12 Of 2 nodes total:
03/29/17 20:06:12  Done     Pre   Queued    Post   Ready   Un-Ready   Failed
03/29/17 20:06:12   ===     ===      ===     ===     ===        ===      ===
03/29/17 20:06:12     2       0        0       0       0          0        0
03/29/17 20:06:12 0 job proc(s) currently held
03/29/17 20:06:12 All jobs Completed!
03/29/17 20:06:12 Note: 0 total job deferrals because of -MaxJobs limit (0)
03/29/17 20:06:12 Note: 0 total job deferrals because of -MaxIdle limit (1000)
03/29/17 20:06:12 Note: 0 total job deferrals because of node category throttles
03/29/17 20:06:12 Note: 0 total PRE script deferrals because of -MaxPre limit (20) or DEFER
03/29/17 20:06:12 Note: 0 total POST script deferrals because of -MaxPost limit (20) or DEFER
03/29/17 20:06:12 DAG status: 0 (DAG_STATUS_OK)
03/29/17 20:06:12 Of 2 nodes total:
03/29/17 20:06:12  Done     Pre   Queued    Post   Ready   Un-Ready   Failed
03/29/17 20:06:12   ===     ===      ===     ===     ===        ===      ===
03/29/17 20:06:12     2       0        0       0       0          0        0
03/29/17 20:06:12 0 job proc(s) currently held
03/29/17 20:06:12 Wrote metrics file ds_original.dag.metrics.
03/29/17 20:06:12 Metrics not sent because of PEGASUS_METRICS or CONDOR_DEVELOPERS setting.
03/29/17 20:06:12 **** condor_scheduniv_exec.461.0 (condor_DAGMAN) pid 21594 EXITING WITH STATUS 0
