I tensorflow/stream_executor/dso_loader.cc:128] successfully opened CUDA library libcublas.so locally
I tensorflow/stream_executor/dso_loader.cc:128] successfully opened CUDA library libcudnn.so locally
I tensorflow/stream_executor/dso_loader.cc:128] successfully opened CUDA library libcufft.so locally
I tensorflow/stream_executor/dso_loader.cc:128] successfully opened CUDA library libcuda.so.1 locally
I tensorflow/stream_executor/dso_loader.cc:128] successfully opened CUDA library libcurand.so locally
/users/start2014/r0364650/.local/lib/python2.7/site-packages/gensim/utils.py:1015: UserWarning: Pattern library is not installed, lemmatization won't be available.
  warnings.warn("Pattern library is not installed, lemmatization won't be available.")
I tensorflow/stream_executor/cuda/cuda_gpu_executor.cc:937] successful NUMA node read from SysFS had negative value (-1), but there must be at least one NUMA node, so returning NUMA node zero
I tensorflow/core/common_runtime/gpu/gpu_device.cc:885] Found device 0 with properties: 
name: GeForce GTX 1050 Ti
major: 6 minor: 1 memoryClockRate (GHz) 1.43
pciBusID 0000:01:00.0
Total memory: 3.94GiB
Free memory: 3.85GiB
I tensorflow/core/common_runtime/gpu/gpu_device.cc:906] DMA: 0 
I tensorflow/core/common_runtime/gpu/gpu_device.cc:916] 0:   Y 
I tensorflow/core/common_runtime/gpu/gpu_device.cc:975] Creating TensorFlow device (/gpu:0) -> (device: 0, name: GeForce GTX 1050 Ti, pci bus id: 0000:01:00.0)
I tensorflow/core/common_runtime/gpu/pool_allocator.cc:247] PoolAllocator: After 10926 get requests, put_count=10846 evicted_count=1000 eviction_rate=0.0921999 and unsatisfied allocation rate=0.107999
I tensorflow/core/common_runtime/gpu/pool_allocator.cc:259] Raising pool_size_limit_ from 100 to 110
I tensorflow/core/common_runtime/gpu/pool_allocator.cc:247] PoolAllocator: After 3053856 get requests, put_count=3053864 evicted_count=3000 eviction_rate=0.000982362 and unsatisfied allocation rate=0.000985967
I tensorflow/core/common_runtime/gpu/pool_allocator.cc:247] PoolAllocator: After 13786656 get requests, put_count=13786664 evicted_count=13000 eviction_rate=0.00094294 and unsatisfied allocation rate=0.000943739
I tensorflow/core/common_runtime/gpu/pool_allocator.cc:247] PoolAllocator: After 23995296 get requests, put_count=23995304 evicted_count=23000 eviction_rate=0.000958521 and unsatisfied allocation rate=0.00095898
I tensorflow/core/common_runtime/gpu/pool_allocator.cc:247] PoolAllocator: After 34291296 get requests, put_count=34291304 evicted_count=33000 eviction_rate=0.000962343 and unsatisfied allocation rate=0.000962664
I tensorflow/core/common_runtime/gpu/pool_allocator.cc:247] PoolAllocator: After 44709600 get requests, put_count=44709608 evicted_count=43000 eviction_rate=0.000961762 and unsatisfied allocation rate=0.000962008
I tensorflow/core/common_runtime/gpu/pool_allocator.cc:247] PoolAllocator: After 54830880 get requests, put_count=54830888 evicted_count=53000 eviction_rate=0.000966608 and unsatisfied allocation rate=0.000966809
I tensorflow/core/common_runtime/gpu/pool_allocator.cc:247] PoolAllocator: After 64952160 get requests, put_count=64952168 evicted_count=63000 eviction_rate=0.000969945 and unsatisfied allocation rate=0.000970114
I tensorflow/core/common_runtime/gpu/pool_allocator.cc:247] PoolAllocator: After 75475296 get requests, put_count=75475304 evicted_count=73000 eviction_rate=0.000967204 and unsatisfied allocation rate=0.00096735
I tensorflow/core/common_runtime/gpu/pool_allocator.cc:247] PoolAllocator: After 85980960 get requests, put_count=85980968 evicted_count=83000 eviction_rate=0.00096533 and unsatisfied allocation rate=0.000965458
I tensorflow/core/common_runtime/gpu/pool_allocator.cc:247] PoolAllocator: After 96416736 get requests, put_count=96416744 evicted_count=93000 eviction_rate=0.000964563 and unsatisfied allocation rate=0.000964677
I tensorflow/core/common_runtime/gpu/pool_allocator.cc:247] PoolAllocator: After 107035968 get requests, put_count=107035969 evicted_count=103000 eviction_rate=0.000962293 and unsatisfied allocation rate=0.000962462
I tensorflow/core/common_runtime/gpu/pool_allocator.cc:247] PoolAllocator: After 117253344 get requests, put_count=117253352 evicted_count=113000 eviction_rate=0.000963725 and unsatisfied allocation rate=0.000963819
I tensorflow/core/common_runtime/gpu/pool_allocator.cc:247] PoolAllocator: After 127549344 get requests, put_count=127549352 evicted_count=123000 eviction_rate=0.000964333 and unsatisfied allocation rate=0.000964419
I tensorflow/core/common_runtime/gpu/pool_allocator.cc:247] PoolAllocator: After 137670624 get requests, put_count=137670632 evicted_count=133000 eviction_rate=0.000966074 and unsatisfied allocation rate=0.000966154
I tensorflow/core/common_runtime/gpu/pool_allocator.cc:247] PoolAllocator: After 148263648 get requests, put_count=148263656 evicted_count=143000 eviction_rate=0.000964498 and unsatisfied allocation rate=0.000964572
I tensorflow/core/common_runtime/gpu/pool_allocator.cc:247] PoolAllocator: After 158751840 get requests, put_count=158751848 evicted_count=153000 eviction_rate=0.000963768 and unsatisfied allocation rate=0.000963838
I tensorflow/core/common_runtime/gpu/pool_allocator.cc:247] PoolAllocator: After 169012896 get requests, put_count=169012904 evicted_count=163000 eviction_rate=0.000964423 and unsatisfied allocation rate=0.000964489
I tensorflow/core/common_runtime/gpu/pool_allocator.cc:247] PoolAllocator: After 179640864 get requests, put_count=179640872 evicted_count=173000 eviction_rate=0.000963033 and unsatisfied allocation rate=0.000963094
I tensorflow/core/common_runtime/gpu/pool_allocator.cc:247] PoolAllocator: After 190030464 get requests, put_count=190030467 evicted_count=183000 eviction_rate=0.000963003 and unsatisfied allocation rate=0.000963088
I tensorflow/core/common_runtime/gpu/pool_allocator.cc:247] PoolAllocator: After 200651202 get requests, put_count=200651210 evicted_count=193000 eviction_rate=0.000961868 and unsatisfied allocation rate=0.000961923
I tensorflow/core/common_runtime/gpu/pool_allocator.cc:247] PoolAllocator: After 211086978 get requests, put_count=211086986 evicted_count=203000 eviction_rate=0.000961689 and unsatisfied allocation rate=0.000961741
I tensorflow/core/common_runtime/gpu/pool_allocator.cc:247] PoolAllocator: After 221680002 get requests, put_count=221680010 evicted_count=213000 eviction_rate=0.000960844 and unsatisfied allocation rate=0.000960894
I tensorflow/core/common_runtime/gpu/pool_allocator.cc:247] PoolAllocator: After 232115778 get requests, put_count=232115786 evicted_count=223000 eviction_rate=0.000960727 and unsatisfied allocation rate=0.000960775
I tensorflow/core/common_runtime/gpu/pool_allocator.cc:247] PoolAllocator: After 242752482 get requests, put_count=242752483 evicted_count=233000 eviction_rate=0.000959825 and unsatisfied allocation rate=0.0009599
I tensorflow/core/common_runtime/gpu/pool_allocator.cc:247] PoolAllocator: After 253231938 get requests, put_count=253231946 evicted_count=243000 eviction_rate=0.000959595 and unsatisfied allocation rate=0.000959638
I tensorflow/core/common_runtime/gpu/pool_allocator.cc:247] PoolAllocator: After 263632770 get requests, put_count=263632778 evicted_count=253000 eviction_rate=0.000959668 and unsatisfied allocation rate=0.00095971
I tensorflow/core/common_runtime/gpu/pool_allocator.cc:247] PoolAllocator: After 273946242 get requests, put_count=273946250 evicted_count=263000 eviction_rate=0.000960042 and unsatisfied allocation rate=0.000960083
I tensorflow/core/common_runtime/gpu/pool_allocator.cc:247] PoolAllocator: After 284294658 get requests, put_count=284294666 evicted_count=273000 eviction_rate=0.000960271 and unsatisfied allocation rate=0.00096031
I tensorflow/core/common_runtime/gpu/pool_allocator.cc:247] PoolAllocator: After 294625602 get requests, put_count=294625610 evicted_count=283000 eviction_rate=0.000960541 and unsatisfied allocation rate=0.000960578
I tensorflow/core/common_runtime/gpu/pool_allocator.cc:247] PoolAllocator: After 305078850 get requests, put_count=305078858 evicted_count=293000 eviction_rate=0.000960407 and unsatisfied allocation rate=0.000960444
I tensorflow/core/common_runtime/gpu/pool_allocator.cc:247] PoolAllocator: After 315444738 get requests, put_count=315444746 evicted_count=303000 eviction_rate=0.000960549 and unsatisfied allocation rate=0.000960583
I tensorflow/core/common_runtime/gpu/pool_allocator.cc:247] PoolAllocator: After 325816866 get requests, put_count=325816869 evicted_count=313000 eviction_rate=0.000960662 and unsatisfied allocation rate=0.000960711
I tensorflow/core/common_runtime/gpu/pool_allocator.cc:247] PoolAllocator: After 336186498 get requests, put_count=336186498 evicted_count=323000 eviction_rate=0.000960776 and unsatisfied allocation rate=0.000960833
I tensorflow/core/common_runtime/gpu/pool_allocator.cc:247] PoolAllocator: After 346507458 get requests, put_count=346507466 evicted_count=333000 eviction_rate=0.000961018 and unsatisfied allocation rate=0.00096105
I tensorflow/core/common_runtime/gpu/pool_allocator.cc:247] PoolAllocator: After 356908290 get requests, put_count=356908298 evicted_count=343000 eviction_rate=0.000961031 and unsatisfied allocation rate=0.000961062
I tensorflow/core/common_runtime/gpu/pool_allocator.cc:247] PoolAllocator: After 367448898 get requests, put_count=367448906 evicted_count=353000 eviction_rate=0.000960678 and unsatisfied allocation rate=0.000960708
I tensorflow/core/common_runtime/gpu/pool_allocator.cc:247] PoolAllocator: After 377675010 get requests, put_count=377675018 evicted_count=363000 eviction_rate=0.000961144 and unsatisfied allocation rate=0.000961173
I tensorflow/core/common_runtime/gpu/pool_allocator.cc:247] PoolAllocator: After 388168452 get requests, put_count=388168450 evicted_count=373000 eviction_rate=0.000960923 and unsatisfied allocation rate=0.000960977
