000 (1100.000.000) 05/07 08:53:00 Job submitted from host: <10.33.133.154:9618?addrs=10.33.133.154-9618+[--1]-9618&noUDP&sock=1383_3391_3>
    DAG Node: cbow_mean_lstm
...
001 (1100.000.000) 05/07 17:29:45 Job executing on host: <10.33.133.203:9618?addrs=10.33.133.203-9618+[--1]-9618&noUDP&sock=16286_6b7c_3>
...
006 (1100.000.000) 05/07 17:29:54 Image size of job updated: 253296
	210  -  MemoryUsage of job (MB)
	214672  -  ResidentSetSize of job (KB)
...
006 (1100.000.000) 05/07 17:34:55 Image size of job updated: 2030020
	1364  -  MemoryUsage of job (MB)
	1396304  -  ResidentSetSize of job (KB)
...
006 (1100.000.000) 05/08 02:15:51 Image size of job updated: 2063124
	1396  -  MemoryUsage of job (MB)
	1429408  -  ResidentSetSize of job (KB)
...
006 (1100.000.000) 05/08 02:25:52 Image size of job updated: 2131984
	1464  -  MemoryUsage of job (MB)
	1498268  -  ResidentSetSize of job (KB)
...
006 (1100.000.000) 05/08 02:30:53 Image size of job updated: 2159920
	1491  -  MemoryUsage of job (MB)
	1526204  -  ResidentSetSize of job (KB)
...
006 (1100.000.000) 05/08 02:35:53 Image size of job updated: 2201452
	1531  -  MemoryUsage of job (MB)
	1567736  -  ResidentSetSize of job (KB)
...
006 (1100.000.000) 05/08 02:40:54 Image size of job updated: 2201456
	1531  -  MemoryUsage of job (MB)
	1567740  -  ResidentSetSize of job (KB)
...
006 (1100.000.000) 05/08 02:45:55 Image size of job updated: 2258396
	1587  -  MemoryUsage of job (MB)
	1624680  -  ResidentSetSize of job (KB)
...
006 (1100.000.000) 05/08 02:50:55 Image size of job updated: 2258396
	1587  -  MemoryUsage of job (MB)
	1624704  -  ResidentSetSize of job (KB)
...
006 (1100.000.000) 05/08 02:55:56 Image size of job updated: 2271700
	1600  -  MemoryUsage of job (MB)
	1637984  -  ResidentSetSize of job (KB)
...
006 (1100.000.000) 05/08 03:00:57 Image size of job updated: 2272644
	1601  -  MemoryUsage of job (MB)
	1638928  -  ResidentSetSize of job (KB)
...
006 (1100.000.000) 05/08 03:05:57 Image size of job updated: 2272644
	1601  -  MemoryUsage of job (MB)
	1638936  -  ResidentSetSize of job (KB)
...
005 (1100.000.000) 05/08 10:14:44 Job terminated.
	(1) Normal termination (return value 0)
		Usr 0 08:40:34, Sys 0 00:04:54  -  Run Remote Usage
		Usr 0 00:00:00, Sys 0 00:00:00  -  Run Local Usage
		Usr 0 08:40:34, Sys 0 00:04:54  -  Total Remote Usage
		Usr 0 00:00:00, Sys 0 00:00:00  -  Total Local Usage
	0  -  Run Bytes Sent By Job
	0  -  Run Bytes Received By Job
	0  -  Total Bytes Sent By Job
	0  -  Total Bytes Received By Job
	Partitionable Resources :    Usage  Request Allocated
	   Cpus                 :                 1         1
	   Disk (KB)            :        7        7  13746583
	   Gpus                 :                 1         1
	   Memory (MB)          :     1601     4096      4096
...
