000 (1103.000.000) 05/07 08:53:05 Job submitted from host: <10.33.133.154:9618?addrs=10.33.133.154-9618+[--1]-9618&noUDP&sock=1383_3391_3>
    DAG Node: cbow_exp_lstm
...
001 (1103.000.000) 05/07 19:00:12 Job executing on host: <10.33.133.57:9618?addrs=10.33.133.57-9618+[--1]-9618&noUDP&sock=1311_d0c0_3>
...
006 (1103.000.000) 05/07 19:00:20 Image size of job updated: 249464
	225  -  MemoryUsage of job (MB)
	229428  -  ResidentSetSize of job (KB)
...
006 (1103.000.000) 05/07 19:05:20 Image size of job updated: 2248548
	1615  -  MemoryUsage of job (MB)
	1653348  -  ResidentSetSize of job (KB)
...
006 (1103.000.000) 05/07 19:30:22 Image size of job updated: 2252636
	1619  -  MemoryUsage of job (MB)
	1657436  -  ResidentSetSize of job (KB)
...
006 (1103.000.000) 05/07 19:35:22 Image size of job updated: 2260028
	1626  -  MemoryUsage of job (MB)
	1664828  -  ResidentSetSize of job (KB)
...
006 (1103.000.000) 05/07 20:00:24 Image size of job updated: 2260120
	1626  -  MemoryUsage of job (MB)
	1664920  -  ResidentSetSize of job (KB)
...
006 (1103.000.000) 05/07 20:05:25 Image size of job updated: 2267304
	1633  -  MemoryUsage of job (MB)
	1672104  -  ResidentSetSize of job (KB)
...
006 (1103.000.000) 05/07 20:20:27 Image size of job updated: 2275112
	1641  -  MemoryUsage of job (MB)
	1679912  -  ResidentSetSize of job (KB)
...
006 (1103.000.000) 05/07 21:15:32 Image size of job updated: 2275116
	1641  -  MemoryUsage of job (MB)
	1679916  -  ResidentSetSize of job (KB)
...
006 (1103.000.000) 05/07 21:20:33 Image size of job updated: 2275116
	1641  -  MemoryUsage of job (MB)
	1679924  -  ResidentSetSize of job (KB)
...
006 (1103.000.000) 05/07 21:40:34 Image size of job updated: 2275124
	1641  -  MemoryUsage of job (MB)
	1679924  -  ResidentSetSize of job (KB)
...
006 (1103.000.000) 05/07 22:05:36 Image size of job updated: 2275128
	1641  -  MemoryUsage of job (MB)
	1679928  -  ResidentSetSize of job (KB)
...
006 (1103.000.000) 05/07 23:35:46 Image size of job updated: 2275132
	1641  -  MemoryUsage of job (MB)
	1679928  -  ResidentSetSize of job (KB)
...
006 (1103.000.000) 05/08 00:15:50 Image size of job updated: 2275132
	1641  -  MemoryUsage of job (MB)
	1679936  -  ResidentSetSize of job (KB)
...
006 (1103.000.000) 05/08 00:25:51 Image size of job updated: 2275140
	1641  -  MemoryUsage of job (MB)
	1679936  -  ResidentSetSize of job (KB)
...
006 (1103.000.000) 05/08 02:41:04 Image size of job updated: 2275144
	1641  -  MemoryUsage of job (MB)
	1679940  -  ResidentSetSize of job (KB)
...
006 (1103.000.000) 05/08 04:01:12 Image size of job updated: 2276160
	1642  -  MemoryUsage of job (MB)
	1680956  -  ResidentSetSize of job (KB)
...
006 (1103.000.000) 05/08 04:11:14 Image size of job updated: 2276168
	1642  -  MemoryUsage of job (MB)
	1680964  -  ResidentSetSize of job (KB)
...
006 (1103.000.000) 05/08 04:31:16 Image size of job updated: 2326336
	1691  -  MemoryUsage of job (MB)
	1731132  -  ResidentSetSize of job (KB)
...
006 (1103.000.000) 05/08 04:36:17 Image size of job updated: 2377536
	1741  -  MemoryUsage of job (MB)
	1782332  -  ResidentSetSize of job (KB)
...
006 (1103.000.000) 05/08 05:01:20 Image size of job updated: 2428736
	1791  -  MemoryUsage of job (MB)
	1833532  -  ResidentSetSize of job (KB)
...
006 (1103.000.000) 05/08 05:11:21 Image size of job updated: 2428736
	1791  -  MemoryUsage of job (MB)
	1833540  -  ResidentSetSize of job (KB)
...
005 (1103.000.000) 05/08 08:28:47 Job terminated.
	(1) Normal termination (return value 0)
		Usr 0 14:46:34, Sys 0 01:37:38  -  Run Remote Usage
		Usr 0 00:00:00, Sys 0 00:00:00  -  Run Local Usage
		Usr 0 14:46:34, Sys 0 01:37:38  -  Total Remote Usage
		Usr 0 00:00:00, Sys 0 00:00:00  -  Total Local Usage
	0  -  Run Bytes Sent By Job
	0  -  Run Bytes Received By Job
	0  -  Total Bytes Sent By Job
	0  -  Total Bytes Received By Job
	Partitionable Resources :    Usage  Request Allocated
	   Cpus                 :                 1         1
	   Disk (KB)            :        7        7  35400634
	   Gpus                 :                 1         1
	   Memory (MB)          :     1791     4096      4096
...
