000 (1107.000.000) 05/07 08:53:16 Job submitted from host: <10.33.133.154:9618?addrs=10.33.133.154-9618+[--1]-9618&noUDP&sock=1383_3391_3>
    DAG Node: cbow_tfidf_soft
...
001 (1107.000.000) 05/07 21:06:29 Job executing on host: <10.33.133.115:9618?addrs=10.33.133.115-9618+[--1]-9618&noUDP&sock=1112_5167_3>
...
010 (1107.000.000) 05/08 12:51:52 Job was suspended.
	Number of processes actually suspended: 12
...
011 (1107.000.000) 05/08 12:58:48 Job was unsuspended.
...
010 (1107.000.000) 05/08 13:23:19 Job was suspended.
	Number of processes actually suspended: 12
...
011 (1107.000.000) 05/08 13:38:24 Job was unsuspended.
...
004 (1107.000.000) 05/08 13:38:25 Job was evicted.
	(0) Job was not checkpointed.
		Usr 0 11:54:58, Sys 0 00:06:13  -  Run Remote Usage
		Usr 0 00:00:00, Sys 0 00:00:00  -  Run Local Usage
	0  -  Run Bytes Sent By Job
	0  -  Run Bytes Received By Job
	Partitionable Resources :    Usage  Request Allocated
	   Cpus                 :                 1         1
	   Disk (KB)            :        7        7  17875240
	   Gpus                 :                 1         1
	   Memory (MB)          :     1474     4096      4096
...
001 (1107.000.000) 05/08 13:56:21 Job executing on host: <10.33.133.57:9618?addrs=10.33.133.57-9618+[--1]-9618&noUDP&sock=1311_d0c0_3>
...
010 (1107.000.000) 05/08 16:44:37 Job was suspended.
	Number of processes actually suspended: 26
...
011 (1107.000.000) 05/08 16:50:48 Job was unsuspended.
...
005 (1107.000.000) 05/08 17:36:39 Job terminated.
	(1) Normal termination (return value 0)
		Usr 0 03:54:58, Sys 0 00:22:09  -  Run Remote Usage
		Usr 0 00:00:00, Sys 0 00:00:00  -  Run Local Usage
		Usr 0 03:54:58, Sys 0 00:22:09  -  Total Remote Usage
		Usr 0 00:00:00, Sys 0 00:00:00  -  Total Local Usage
	0  -  Run Bytes Sent By Job
	0  -  Run Bytes Received By Job
	0  -  Total Bytes Sent By Job
	0  -  Total Bytes Received By Job
	Partitionable Resources :    Usage  Request Allocated
	   Cpus                 :                 1         1
	   Disk (KB)            :        7        7  35473699
	   Gpus                 :                 1         1
	   Memory (MB)          :     1709     4096      4096
...
000 (1148.000.000) 05/08 17:36:46 Job submitted from host: <10.33.133.154:9618?addrs=10.33.133.154-9618+[--1]-9618&noUDP&sock=1383_3391_3>
    DAG Node: cbow_tfidf_soft_test
...
009 (1148.000.000) 05/08 17:41:22 Job was aborted by the user.
	removed because <OtherJobRemoveRequirements = DAGManJobId =?= 1105> fired when job (1105.0) was removed
...
