I tensorflow/stream_executor/dso_loader.cc:128] successfully opened CUDA library libcublas.so locally
I tensorflow/stream_executor/dso_loader.cc:128] successfully opened CUDA library libcudnn.so locally
I tensorflow/stream_executor/dso_loader.cc:128] successfully opened CUDA library libcufft.so locally
I tensorflow/stream_executor/dso_loader.cc:128] successfully opened CUDA library libcuda.so.1 locally
I tensorflow/stream_executor/dso_loader.cc:128] successfully opened CUDA library libcurand.so locally
/users/start2014/r0385169/.local/lib/python2.7/site-packages/gensim/utils.py:1015: UserWarning: Pattern library is not installed, lemmatization won't be available.
  warnings.warn("Pattern library is not installed, lemmatization won't be available.")
I tensorflow/core/common_runtime/gpu/gpu_device.cc:885] Found device 0 with properties: 
name: Tesla K80
major: 3 minor: 7 memoryClockRate (GHz) 0.8235
pciBusID 0000:84:00.0
Total memory: 11.17GiB
Free memory: 11.11GiB
I tensorflow/core/common_runtime/gpu/gpu_device.cc:906] DMA: 0 
I tensorflow/core/common_runtime/gpu/gpu_device.cc:916] 0:   Y 
I tensorflow/core/common_runtime/gpu/gpu_device.cc:975] Creating TensorFlow device (/gpu:0) -> (device: 0, name: Tesla K80, pci bus id: 0000:84:00.0)
I tensorflow/core/common_runtime/gpu/pool_allocator.cc:247] PoolAllocator: After 11367 get requests, put_count=11278 evicted_count=1000 eviction_rate=0.0886682 and unsatisfied allocation rate=0.104601
I tensorflow/core/common_runtime/gpu/pool_allocator.cc:259] Raising pool_size_limit_ from 100 to 110
I tensorflow/core/common_runtime/gpu/pool_allocator.cc:247] PoolAllocator: After 2541484 get requests, put_count=2541492 evicted_count=3000 eviction_rate=0.00118041 and unsatisfied allocation rate=0.00118474
I tensorflow/core/common_runtime/gpu/pool_allocator.cc:247] PoolAllocator: After 8976968 get requests, put_count=8976976 evicted_count=13000 eviction_rate=0.00144815 and unsatisfied allocation rate=0.00144938
I tensorflow/core/common_runtime/gpu/pool_allocator.cc:247] PoolAllocator: After 15412452 get requests, put_count=15412460 evicted_count=23000 eviction_rate=0.0014923 and unsatisfied allocation rate=0.00149301
I tensorflow/core/common_runtime/gpu/pool_allocator.cc:247] PoolAllocator: After 21875194 get requests, put_count=21875202 evicted_count=33000 eviction_rate=0.00150856 and unsatisfied allocation rate=0.00150906
I tensorflow/core/common_runtime/gpu/pool_allocator.cc:247] PoolAllocator: After 28310678 get requests, put_count=28310686 evicted_count=43000 eviction_rate=0.00151886 and unsatisfied allocation rate=0.00151925
I tensorflow/core/common_runtime/gpu/pool_allocator.cc:247] PoolAllocator: After 34773420 get requests, put_count=34773428 evicted_count=53000 eviction_rate=0.00152415 and unsatisfied allocation rate=0.00152447
I tensorflow/core/common_runtime/gpu/pool_allocator.cc:247] PoolAllocator: After 41245248 get requests, put_count=41245256 evicted_count=63000 eviction_rate=0.00152745 and unsatisfied allocation rate=0.00152772
I tensorflow/core/common_runtime/gpu/pool_allocator.cc:247] PoolAllocator: After 47726162 get requests, put_count=47726170 evicted_count=73000 eviction_rate=0.00152956 and unsatisfied allocation rate=0.00152979
I tensorflow/core/common_runtime/gpu/pool_allocator.cc:247] PoolAllocator: After 54134388 get requests, put_count=54134396 evicted_count=83000 eviction_rate=0.00153322 and unsatisfied allocation rate=0.00153342
I tensorflow/core/common_runtime/gpu/pool_allocator.cc:247] PoolAllocator: After 60578958 get requests, put_count=60578966 evicted_count=93000 eviction_rate=0.00153519 and unsatisfied allocation rate=0.00153537
I tensorflow/core/common_runtime/gpu/pool_allocator.cc:247] PoolAllocator: After 67050786 get requests, put_count=67050794 evicted_count=103000 eviction_rate=0.00153615 and unsatisfied allocation rate=0.00153631
I tensorflow/core/common_runtime/gpu/pool_allocator.cc:247] PoolAllocator: After 73486270 get requests, put_count=73486278 evicted_count=113000 eviction_rate=0.0015377 and unsatisfied allocation rate=0.00153785
I tensorflow/core/common_runtime/gpu/pool_allocator.cc:247] PoolAllocator: After 79885410 get requests, put_count=79885418 evicted_count=123000 eviction_rate=0.00153971 and unsatisfied allocation rate=0.00153984
I tensorflow/core/common_runtime/gpu/pool_allocator.cc:247] PoolAllocator: After 86357238 get requests, put_count=86357246 evicted_count=133000 eviction_rate=0.00154011 and unsatisfied allocation rate=0.00154024
I tensorflow/core/common_runtime/gpu/pool_allocator.cc:247] PoolAllocator: After 92838152 get requests, put_count=92838160 evicted_count=143000 eviction_rate=0.00154031 and unsatisfied allocation rate=0.00154043
I tensorflow/core/common_runtime/gpu/pool_allocator.cc:247] PoolAllocator: After 99291808 get requests, put_count=99291816 evicted_count=153000 eviction_rate=0.00154091 and unsatisfied allocation rate=0.00154102
I tensorflow/core/common_runtime/gpu/pool_allocator.cc:247] PoolAllocator: After 105727292 get requests, put_count=105727300 evicted_count=163000 eviction_rate=0.0015417 and unsatisfied allocation rate=0.00154181
I tensorflow/core/common_runtime/gpu/pool_allocator.cc:247] PoolAllocator: After 112180948 get requests, put_count=112180956 evicted_count=173000 eviction_rate=0.00154215 and unsatisfied allocation rate=0.00154225
I tensorflow/core/common_runtime/gpu/pool_allocator.cc:247] PoolAllocator: After 118652776 get requests, put_count=118652784 evicted_count=183000 eviction_rate=0.00154232 and unsatisfied allocation rate=0.00154241
I tensorflow/core/common_runtime/gpu/pool_allocator.cc:247] PoolAllocator: After 125133690 get requests, put_count=125133698 evicted_count=193000 eviction_rate=0.00154235 and unsatisfied allocation rate=0.00154244
I tensorflow/core/common_runtime/gpu/pool_allocator.cc:247] PoolAllocator: After 131587346 get requests, put_count=131587354 evicted_count=203000 eviction_rate=0.0015427 and unsatisfied allocation rate=0.00154279
I tensorflow/core/common_runtime/gpu/pool_allocator.cc:247] PoolAllocator: After 138068260 get requests, put_count=138068268 evicted_count=213000 eviction_rate=0.00154272 and unsatisfied allocation rate=0.00154279
I tensorflow/core/common_runtime/gpu/pool_allocator.cc:247] PoolAllocator: After 144540088 get requests, put_count=144540096 evicted_count=223000 eviction_rate=0.00154282 and unsatisfied allocation rate=0.0015429
I tensorflow/core/common_runtime/gpu/pool_allocator.cc:247] PoolAllocator: After 151011916 get requests, put_count=151011924 evicted_count=233000 eviction_rate=0.00154292 and unsatisfied allocation rate=0.001543
I tensorflow/core/common_runtime/gpu/pool_allocator.cc:247] PoolAllocator: After 157474658 get requests, put_count=157474666 evicted_count=243000 eviction_rate=0.00154311 and unsatisfied allocation rate=0.00154318
I tensorflow/core/common_runtime/gpu/pool_allocator.cc:247] PoolAllocator: After 163937400 get requests, put_count=163937408 evicted_count=253000 eviction_rate=0.00154327 and unsatisfied allocation rate=0.00154334
I tensorflow/core/common_runtime/gpu/pool_allocator.cc:247] PoolAllocator: After 170418314 get requests, put_count=170418322 evicted_count=263000 eviction_rate=0.00154326 and unsatisfied allocation rate=0.00154333
I tensorflow/core/common_runtime/gpu/pool_allocator.cc:247] PoolAllocator: After 176890142 get requests, put_count=176890150 evicted_count=273000 eviction_rate=0.00154333 and unsatisfied allocation rate=0.00154339
I tensorflow/core/common_runtime/gpu/pool_allocator.cc:247] PoolAllocator: After 183343798 get requests, put_count=183343806 evicted_count=283000 eviction_rate=0.00154355 and unsatisfied allocation rate=0.00154361
I tensorflow/core/common_runtime/gpu/pool_allocator.cc:247] PoolAllocator: After 189797454 get requests, put_count=189797462 evicted_count=293000 eviction_rate=0.00154375 and unsatisfied allocation rate=0.00154381
I tensorflow/core/common_runtime/gpu/pool_allocator.cc:247] PoolAllocator: After 196278368 get requests, put_count=196278376 evicted_count=303000 eviction_rate=0.00154373 and unsatisfied allocation rate=0.00154378
I tensorflow/core/common_runtime/gpu/pool_allocator.cc:247] PoolAllocator: After 204028392 get requests, put_count=204028400 evicted_count=313000 eviction_rate=0.0015341 and unsatisfied allocation rate=0.00153415
I tensorflow/core/common_runtime/gpu/pool_allocator.cc:247] PoolAllocator: After 210491134 get requests, put_count=210491142 evicted_count=323000 eviction_rate=0.00153451 and unsatisfied allocation rate=0.00153456
I tensorflow/core/common_runtime/gpu/pool_allocator.cc:247] PoolAllocator: After 216935704 get requests, put_count=216935712 evicted_count=333000 eviction_rate=0.00153502 and unsatisfied allocation rate=0.00153507
I tensorflow/core/common_runtime/gpu/pool_allocator.cc:247] PoolAllocator: After 223380274 get requests, put_count=223380282 evicted_count=343000 eviction_rate=0.0015355 and unsatisfied allocation rate=0.00153555
I tensorflow/core/common_runtime/gpu/pool_allocator.cc:247] PoolAllocator: After 229815758 get requests, put_count=229815766 evicted_count=353000 eviction_rate=0.00153601 and unsatisfied allocation rate=0.00153606
I tensorflow/core/common_runtime/gpu/pool_allocator.cc:247] PoolAllocator: After 236269414 get requests, put_count=236269422 evicted_count=363000 eviction_rate=0.00153638 and unsatisfied allocation rate=0.00153643
I tensorflow/core/common_runtime/gpu/pool_allocator.cc:247] PoolAllocator: After 242741242 get requests, put_count=242741250 evicted_count=373000 eviction_rate=0.00153662 and unsatisfied allocation rate=0.00153666
I tensorflow/core/common_runtime/gpu/pool_allocator.cc:247] PoolAllocator: After 249203984 get requests, put_count=249203992 evicted_count=383000 eviction_rate=0.00153689 and unsatisfied allocation rate=0.00153694
I tensorflow/core/common_runtime/gpu/pool_allocator.cc:247] PoolAllocator: After 255648554 get requests, put_count=255648562 evicted_count=393000 eviction_rate=0.00153727 and unsatisfied allocation rate=0.00153731
I tensorflow/core/common_runtime/gpu/pool_allocator.cc:247] PoolAllocator: After 262065866 get requests, put_count=262065874 evicted_count=403000 eviction_rate=0.00153778 and unsatisfied allocation rate=0.00153782
I tensorflow/core/common_runtime/gpu/pool_allocator.cc:247] PoolAllocator: After 268510436 get requests, put_count=268510444 evicted_count=413000 eviction_rate=0.00153812 and unsatisfied allocation rate=0.00153816
I tensorflow/core/common_runtime/gpu/pool_allocator.cc:247] PoolAllocator: After 274945920 get requests, put_count=274945928 evicted_count=423000 eviction_rate=0.00153848 and unsatisfied allocation rate=0.00153852
I tensorflow/core/common_runtime/gpu/pool_allocator.cc:247] PoolAllocator: After 281381404 get requests, put_count=281381412 evicted_count=433000 eviction_rate=0.00153884 and unsatisfied allocation rate=0.00153888
I tensorflow/core/common_runtime/gpu/pool_allocator.cc:247] PoolAllocator: After 287807802 get requests, put_count=287807810 evicted_count=443000 eviction_rate=0.00153922 and unsatisfied allocation rate=0.00153926
I tensorflow/core/common_runtime/gpu/pool_allocator.cc:247] PoolAllocator: After 294279630 get requests, put_count=294279638 evicted_count=453000 eviction_rate=0.00153935 and unsatisfied allocation rate=0.00153939
I tensorflow/core/common_runtime/gpu/pool_allocator.cc:247] PoolAllocator: After 300724200 get requests, put_count=300724208 evicted_count=463000 eviction_rate=0.00153962 and unsatisfied allocation rate=0.00153965
I tensorflow/core/common_runtime/gpu/pool_allocator.cc:247] PoolAllocator: After 307177856 get requests, put_count=307177864 evicted_count=473000 eviction_rate=0.00153982 and unsatisfied allocation rate=0.00153986
I tensorflow/core/common_runtime/gpu/pool_allocator.cc:247] PoolAllocator: After 313622426 get requests, put_count=313622434 evicted_count=483000 eviction_rate=0.00154007 and unsatisfied allocation rate=0.0015401
I tensorflow/core/common_runtime/gpu/pool_allocator.cc:247] PoolAllocator: After 320076082 get requests, put_count=320076090 evicted_count=493000 eviction_rate=0.00154026 and unsatisfied allocation rate=0.00154029
I tensorflow/core/common_runtime/gpu/pool_allocator.cc:247] PoolAllocator: After 326502480 get requests, put_count=326502488 evicted_count=503000 eviction_rate=0.00154057 and unsatisfied allocation rate=0.0015406
I tensorflow/core/common_runtime/gpu/pool_allocator.cc:247] PoolAllocator: After 332928878 get requests, put_count=332928886 evicted_count=513000 eviction_rate=0.00154087 and unsatisfied allocation rate=0.0015409
I tensorflow/core/common_runtime/gpu/pool_allocator.cc:247] PoolAllocator: After 339373448 get requests, put_count=339373456 evicted_count=523000 eviction_rate=0.00154108 and unsatisfied allocation rate=0.00154111
I tensorflow/core/common_runtime/gpu/pool_allocator.cc:247] PoolAllocator: After 345818018 get requests, put_count=345818026 evicted_count=533000 eviction_rate=0.00154127 and unsatisfied allocation rate=0.0015413
I tensorflow/core/common_runtime/gpu/pool_allocator.cc:247] PoolAllocator: After 352262588 get requests, put_count=352262596 evicted_count=543000 eviction_rate=0.00154146 and unsatisfied allocation rate=0.00154149
I tensorflow/core/common_runtime/gpu/pool_allocator.cc:247] PoolAllocator: After 358716244 get requests, put_count=358716252 evicted_count=553000 eviction_rate=0.00154161 and unsatisfied allocation rate=0.00154164
I tensorflow/core/common_runtime/gpu/pool_allocator.cc:247] PoolAllocator: After 365188072 get requests, put_count=365188080 evicted_count=563000 eviction_rate=0.00154167 and unsatisfied allocation rate=0.0015417
I tensorflow/core/common_runtime/gpu/pool_allocator.cc:247] PoolAllocator: After 371605384 get requests, put_count=371605392 evicted_count=573000 eviction_rate=0.00154196 and unsatisfied allocation rate=0.00154199
I tensorflow/core/common_runtime/gpu/pool_allocator.cc:247] PoolAllocator: After 378068126 get requests, put_count=378068134 evicted_count=583000 eviction_rate=0.00154205 and unsatisfied allocation rate=0.00154208
I tensorflow/core/common_runtime/gpu/pool_allocator.cc:247] PoolAllocator: After 384485438 get requests, put_count=384485446 evicted_count=593000 eviction_rate=0.00154232 and unsatisfied allocation rate=0.00154235
I tensorflow/core/common_runtime/gpu/pool_allocator.cc:247] PoolAllocator: After 390911836 get requests, put_count=390911844 evicted_count=603000 eviction_rate=0.00154255 and unsatisfied allocation rate=0.00154258
I tensorflow/core/common_runtime/gpu/pool_allocator.cc:247] PoolAllocator: After 397338234 get requests, put_count=397338242 evicted_count=613000 eviction_rate=0.00154277 and unsatisfied allocation rate=0.00154279
I tensorflow/core/common_runtime/gpu/pool_allocator.cc:247] PoolAllocator: After 409393724 get requests, put_count=409393732 evicted_count=623000 eviction_rate=0.00152176 and unsatisfied allocation rate=0.00152179
I tensorflow/core/common_runtime/gpu/pool_allocator.cc:247] PoolAllocator: After 415847380 get requests, put_count=415847388 evicted_count=633000 eviction_rate=0.00152219 and unsatisfied allocation rate=0.00152222
I tensorflow/core/common_runtime/gpu/pool_allocator.cc:247] PoolAllocator: After 422282864 get requests, put_count=422282872 evicted_count=643000 eviction_rate=0.00152268 and unsatisfied allocation rate=0.0015227
I tensorflow/core/common_runtime/gpu/pool_allocator.cc:247] PoolAllocator: After 428727434 get requests, put_count=428727442 evicted_count=653000 eviction_rate=0.00152311 and unsatisfied allocation rate=0.00152314
I tensorflow/core/common_runtime/gpu/pool_allocator.cc:247] PoolAllocator: After 435172004 get requests, put_count=435172012 evicted_count=663000 eviction_rate=0.00152354 and unsatisfied allocation rate=0.00152356
I tensorflow/core/common_runtime/gpu/pool_allocator.cc:247] PoolAllocator: After 441580230 get requests, put_count=441580238 evicted_count=673000 eviction_rate=0.00152407 and unsatisfied allocation rate=0.0015241
I tensorflow/core/common_runtime/gpu/pool_allocator.cc:247] PoolAllocator: After 448042972 get requests, put_count=448042980 evicted_count=683000 eviction_rate=0.00152441 and unsatisfied allocation rate=0.00152443
I tensorflow/core/common_runtime/gpu/pool_allocator.cc:247] PoolAllocator: After 454460284 get requests, put_count=454460292 evicted_count=693000 eviction_rate=0.00152489 and unsatisfied allocation rate=0.00152491
I tensorflow/core/common_runtime/gpu/pool_allocator.cc:247] PoolAllocator: After 460877596 get requests, put_count=460877604 evicted_count=703000 eviction_rate=0.00152535 and unsatisfied allocation rate=0.00152537
I tensorflow/core/common_runtime/gpu/pool_allocator.cc:247] PoolAllocator: After 467267650 get requests, put_count=467267658 evicted_count=713000 eviction_rate=0.00152589 and unsatisfied allocation rate=0.00152592
I tensorflow/core/common_runtime/gpu/pool_allocator.cc:247] PoolAllocator: After 473721306 get requests, put_count=473721314 evicted_count=723000 eviction_rate=0.00152621 and unsatisfied allocation rate=0.00152624
I tensorflow/core/common_runtime/gpu/pool_allocator.cc:247] PoolAllocator: After 480174962 get requests, put_count=480174970 evicted_count=733000 eviction_rate=0.00152653 and unsatisfied allocation rate=0.00152655
I tensorflow/core/common_runtime/gpu/pool_allocator.cc:247] PoolAllocator: After 486628618 get requests, put_count=486628626 evicted_count=743000 eviction_rate=0.00152683 and unsatisfied allocation rate=0.00152685
I tensorflow/core/common_runtime/gpu/pool_allocator.cc:247] PoolAllocator: After 493064102 get requests, put_count=493064110 evicted_count=753000 eviction_rate=0.00152718 and unsatisfied allocation rate=0.00152721
I tensorflow/core/common_runtime/gpu/pool_allocator.cc:247] PoolAllocator: After 499517758 get requests, put_count=499517766 evicted_count=763000 eviction_rate=0.00152747 and unsatisfied allocation rate=0.0015275
I tensorflow/core/common_runtime/gpu/pool_allocator.cc:247] PoolAllocator: After 505980500 get requests, put_count=505980508 evicted_count=773000 eviction_rate=0.00152773 and unsatisfied allocation rate=0.00152775
I tensorflow/core/common_runtime/gpu/pool_allocator.cc:247] PoolAllocator: After 512406898 get requests, put_count=512406906 evicted_count=783000 eviction_rate=0.00152808 and unsatisfied allocation rate=0.0015281
I tensorflow/core/common_runtime/gpu/pool_allocator.cc:247] PoolAllocator: After 518842382 get requests, put_count=518842390 evicted_count=793000 eviction_rate=0.0015284 and unsatisfied allocation rate=0.00152842
I tensorflow/core/common_runtime/gpu/pool_allocator.cc:247] PoolAllocator: After 525296038 get requests, put_count=525296046 evicted_count=803000 eviction_rate=0.00152866 and unsatisfied allocation rate=0.00152868
I tensorflow/core/common_runtime/gpu/pool_allocator.cc:247] PoolAllocator: After 531731522 get requests, put_count=531731530 evicted_count=813000 eviction_rate=0.00152897 and unsatisfied allocation rate=0.00152899
I tensorflow/core/common_runtime/gpu/pool_allocator.cc:247] PoolAllocator: After 538212436 get requests, put_count=538212444 evicted_count=823000 eviction_rate=0.00152914 and unsatisfied allocation rate=0.00152916
I tensorflow/core/common_runtime/gpu/pool_allocator.cc:247] PoolAllocator: After 544620662 get requests, put_count=544620670 evicted_count=833000 eviction_rate=0.0015295 and unsatisfied allocation rate=0.00152953
I tensorflow/core/common_runtime/gpu/pool_allocator.cc:247] PoolAllocator: After 551065232 get requests, put_count=551065240 evicted_count=843000 eviction_rate=0.00152976 and unsatisfied allocation rate=0.00152978
I tensorflow/core/common_runtime/gpu/pool_allocator.cc:247] PoolAllocator: After 557537060 get requests, put_count=557537068 evicted_count=853000 eviction_rate=0.00152994 and unsatisfied allocation rate=0.00152996
I tensorflow/core/common_runtime/gpu/pool_allocator.cc:247] PoolAllocator: After 564008888 get requests, put_count=564008896 evicted_count=863000 eviction_rate=0.00153012 and unsatisfied allocation rate=0.00153014
I tensorflow/core/common_runtime/gpu/pool_allocator.cc:247] PoolAllocator: After 570435286 get requests, put_count=570435294 evicted_count=873000 eviction_rate=0.00153041 and unsatisfied allocation rate=0.00153043
I tensorflow/core/common_runtime/gpu/pool_allocator.cc:247] PoolAllocator: After 576879856 get requests, put_count=576879864 evicted_count=883000 eviction_rate=0.00153065 and unsatisfied allocation rate=0.00153067
I tensorflow/core/common_runtime/gpu/pool_allocator.cc:247] PoolAllocator: After 583333512 get requests, put_count=583333520 evicted_count=893000 eviction_rate=0.00153086 and unsatisfied allocation rate=0.00153088
I tensorflow/core/common_runtime/gpu/pool_allocator.cc:247] PoolAllocator: After 589787168 get requests, put_count=589787176 evicted_count=903000 eviction_rate=0.00153106 and unsatisfied allocation rate=0.00153108
I tensorflow/core/common_runtime/gpu/pool_allocator.cc:247] PoolAllocator: After 596240824 get requests, put_count=596240832 evicted_count=913000 eviction_rate=0.00153126 and unsatisfied allocation rate=0.00153128
