I tensorflow/stream_executor/dso_loader.cc:128] successfully opened CUDA library libcublas.so locally
I tensorflow/stream_executor/dso_loader.cc:128] successfully opened CUDA library libcudnn.so locally
I tensorflow/stream_executor/dso_loader.cc:128] successfully opened CUDA library libcufft.so locally
I tensorflow/stream_executor/dso_loader.cc:128] successfully opened CUDA library libcuda.so.1 locally
I tensorflow/stream_executor/dso_loader.cc:128] successfully opened CUDA library libcurand.so locally
/users/start2014/r0385169/.local/lib/python2.7/site-packages/gensim/utils.py:1015: UserWarning: Pattern library is not installed, lemmatization won't be available.
  warnings.warn("Pattern library is not installed, lemmatization won't be available.")
I tensorflow/stream_executor/cuda/cuda_gpu_executor.cc:937] successful NUMA node read from SysFS had negative value (-1), but there must be at least one NUMA node, so returning NUMA node zero
I tensorflow/core/common_runtime/gpu/gpu_device.cc:885] Found device 0 with properties: 
name: GeForce GTX 1050 Ti
major: 6 minor: 1 memoryClockRate (GHz) 1.43
pciBusID 0000:01:00.0
Total memory: 3.94GiB
Free memory: 3.87GiB
I tensorflow/core/common_runtime/gpu/gpu_device.cc:906] DMA: 0 
I tensorflow/core/common_runtime/gpu/gpu_device.cc:916] 0:   Y 
I tensorflow/core/common_runtime/gpu/gpu_device.cc:975] Creating TensorFlow device (/gpu:0) -> (device: 0, name: GeForce GTX 1050 Ti, pci bus id: 0000:01:00.0)
I tensorflow/core/common_runtime/gpu/pool_allocator.cc:247] PoolAllocator: After 9993 get requests, put_count=9993 evicted_count=1000 eviction_rate=0.10007 and unsatisfied allocation rate=0.110077
I tensorflow/core/common_runtime/gpu/pool_allocator.cc:259] Raising pool_size_limit_ from 100 to 110
I tensorflow/core/common_runtime/gpu/pool_allocator.cc:247] PoolAllocator: After 2814240 get requests, put_count=2814253 evicted_count=3000 eviction_rate=0.001066 and unsatisfied allocation rate=0.00106814
I tensorflow/core/common_runtime/gpu/pool_allocator.cc:247] PoolAllocator: After 11955840 get requests, put_count=11955840 evicted_count=13000 eviction_rate=0.00108733 and unsatisfied allocation rate=0.00108892
I tensorflow/core/common_runtime/gpu/pool_allocator.cc:247] PoolAllocator: After 21536736 get requests, put_count=21536749 evicted_count=23000 eviction_rate=0.00106794 and unsatisfied allocation rate=0.00106822
I tensorflow/core/common_runtime/gpu/pool_allocator.cc:247] PoolAllocator: After 30732000 get requests, put_count=30732013 evicted_count=33000 eviction_rate=0.0010738 and unsatisfied allocation rate=0.00107399
I tensorflow/core/common_runtime/gpu/pool_allocator.cc:247] PoolAllocator: After 40206816 get requests, put_count=40206829 evicted_count=43000 eviction_rate=0.00106947 and unsatisfied allocation rate=0.00106962
I tensorflow/core/common_runtime/gpu/pool_allocator.cc:247] PoolAllocator: After 49559328 get requests, put_count=49559341 evicted_count=53000 eviction_rate=0.00106943 and unsatisfied allocation rate=0.00106955
I tensorflow/core/common_runtime/gpu/pool_allocator.cc:247] PoolAllocator: After 58981728 get requests, put_count=58981741 evicted_count=63000 eviction_rate=0.00106813 and unsatisfied allocation rate=0.00106823
I tensorflow/core/common_runtime/gpu/pool_allocator.cc:247] PoolAllocator: After 68281824 get requests, put_count=68281837 evicted_count=73000 eviction_rate=0.0010691 and unsatisfied allocation rate=0.00106919
I tensorflow/core/common_runtime/gpu/pool_allocator.cc:247] PoolAllocator: After 77774112 get requests, put_count=77774125 evicted_count=83000 eviction_rate=0.00106719 and unsatisfied allocation rate=0.00106727
I tensorflow/core/common_runtime/gpu/pool_allocator.cc:247] PoolAllocator: After 87109152 get requests, put_count=87109165 evicted_count=93000 eviction_rate=0.00106763 and unsatisfied allocation rate=0.00106769
I tensorflow/core/common_runtime/gpu/pool_allocator.cc:247] PoolAllocator: After 96391776 get requests, put_count=96391789 evicted_count=103000 eviction_rate=0.00106856 and unsatisfied allocation rate=0.00106862
I tensorflow/core/common_runtime/gpu/pool_allocator.cc:247] PoolAllocator: After 105394848 get requests, put_count=105394861 evicted_count=113000 eviction_rate=0.00107216 and unsatisfied allocation rate=0.00107222
I tensorflow/core/common_runtime/gpu/pool_allocator.cc:247] PoolAllocator: After 114520224 get requests, put_count=114520237 evicted_count=123000 eviction_rate=0.00107405 and unsatisfied allocation rate=0.0010741
I tensorflow/core/common_runtime/gpu/pool_allocator.cc:247] PoolAllocator: After 123505824 get requests, put_count=123505837 evicted_count=133000 eviction_rate=0.00107687 and unsatisfied allocation rate=0.00107692
I tensorflow/core/common_runtime/gpu/pool_allocator.cc:247] PoolAllocator: After 132736032 get requests, put_count=132736045 evicted_count=143000 eviction_rate=0.00107733 and unsatisfied allocation rate=0.00107737
I tensorflow/core/common_runtime/gpu/pool_allocator.cc:247] PoolAllocator: After 141843936 get requests, put_count=141843949 evicted_count=153000 eviction_rate=0.00107865 and unsatisfied allocation rate=0.00107869
I tensorflow/core/common_runtime/gpu/pool_allocator.cc:247] PoolAllocator: After 151161504 get requests, put_count=151161517 evicted_count=163000 eviction_rate=0.00107832 and unsatisfied allocation rate=0.00107836
I tensorflow/core/common_runtime/gpu/pool_allocator.cc:247] PoolAllocator: After 160286880 get requests, put_count=160286893 evicted_count=173000 eviction_rate=0.00107931 and unsatisfied allocation rate=0.00107935
I tensorflow/core/common_runtime/gpu/pool_allocator.cc:247] PoolAllocator: After 169564512 get requests, put_count=169564515 evicted_count=183000 eviction_rate=0.00107924 and unsatisfied allocation rate=0.00107933
I tensorflow/core/common_runtime/gpu/pool_allocator.cc:247] PoolAllocator: After 179114208 get requests, put_count=179114221 evicted_count=193000 eviction_rate=0.00107752 and unsatisfied allocation rate=0.00107756
I tensorflow/core/common_runtime/gpu/pool_allocator.cc:247] PoolAllocator: After 188274528 get requests, put_count=188274541 evicted_count=203000 eviction_rate=0.00107821 and unsatisfied allocation rate=0.00107824
I tensorflow/core/common_runtime/gpu/pool_allocator.cc:247] PoolAllocator: After 197725890 get requests, put_count=197725903 evicted_count=213000 eviction_rate=0.00107725 and unsatisfied allocation rate=0.00107728
I tensorflow/core/common_runtime/gpu/pool_allocator.cc:247] PoolAllocator: After 206991042 get requests, put_count=206991055 evicted_count=223000 eviction_rate=0.00107734 and unsatisfied allocation rate=0.00107737
I tensorflow/core/common_runtime/gpu/pool_allocator.cc:247] PoolAllocator: After 216011586 get requests, put_count=216011599 evicted_count=233000 eviction_rate=0.00107865 and unsatisfied allocation rate=0.00107867
I tensorflow/core/common_runtime/gpu/pool_allocator.cc:247] PoolAllocator: After 224916066 get requests, put_count=224916074 evicted_count=243000 eviction_rate=0.0010804 and unsatisfied allocation rate=0.00108045
I tensorflow/core/common_runtime/gpu/pool_allocator.cc:247] PoolAllocator: After 234174978 get requests, put_count=234174991 evicted_count=253000 eviction_rate=0.00108039 and unsatisfied allocation rate=0.00108041
I tensorflow/core/common_runtime/gpu/pool_allocator.cc:247] PoolAllocator: After 243198018 get requests, put_count=243198029 evicted_count=263000 eviction_rate=0.00108142 and unsatisfied allocation rate=0.00108146
I tensorflow/core/common_runtime/gpu/pool_allocator.cc:247] PoolAllocator: After 252229794 get requests, put_count=252229796 evicted_count=273000 eviction_rate=0.00108235 and unsatisfied allocation rate=0.00108241
I tensorflow/core/common_runtime/gpu/pool_allocator.cc:247] PoolAllocator: After 261752034 get requests, put_count=261752040 evicted_count=283000 eviction_rate=0.00108118 and unsatisfied allocation rate=0.00108123
I tensorflow/core/common_runtime/gpu/pool_allocator.cc:247] PoolAllocator: After 271008450 get requests, put_count=271008463 evicted_count=293000 eviction_rate=0.00108115 and unsatisfied allocation rate=0.00108117
I tensorflow/core/common_runtime/gpu/pool_allocator.cc:247] PoolAllocator: After 280151298 get requests, put_count=280151311 evicted_count=303000 eviction_rate=0.00108156 and unsatisfied allocation rate=0.00108158
I tensorflow/core/common_runtime/gpu/pool_allocator.cc:247] PoolAllocator: After 289661058 get requests, put_count=289661057 evicted_count=313000 eviction_rate=0.00108057 and unsatisfied allocation rate=0.00108064
I tensorflow/core/common_runtime/gpu/pool_allocator.cc:247] PoolAllocator: After 298558050 get requests, put_count=298558050 evicted_count=323000 eviction_rate=0.00108187 and unsatisfied allocation rate=0.00108193
I tensorflow/core/common_runtime/gpu/pool_allocator.cc:247] PoolAllocator: After 307531170 get requests, put_count=307531180 evicted_count=333000 eviction_rate=0.00108282 and unsatisfied allocation rate=0.00108285
I tensorflow/core/common_runtime/gpu/pool_allocator.cc:247] PoolAllocator: After 316893666 get requests, put_count=316893668 evicted_count=343000 eviction_rate=0.00108238 and unsatisfied allocation rate=0.00108244
I tensorflow/core/common_runtime/gpu/pool_allocator.cc:247] PoolAllocator: After 325776930 get requests, put_count=325776930 evicted_count=353000 eviction_rate=0.00108356 and unsatisfied allocation rate=0.00108362
I tensorflow/core/common_runtime/gpu/pool_allocator.cc:247] PoolAllocator: After 334658946 get requests, put_count=334658959 evicted_count=363000 eviction_rate=0.00108469 and unsatisfied allocation rate=0.0010847
I tensorflow/core/common_runtime/gpu/pool_allocator.cc:247] PoolAllocator: After 343679490 get requests, put_count=343679503 evicted_count=373000 eviction_rate=0.00108531 and unsatisfied allocation rate=0.00108533
I tensorflow/core/common_runtime/gpu/pool_allocator.cc:247] PoolAllocator: After 353119362 get requests, put_count=353119375 evicted_count=383000 eviction_rate=0.00108462 and unsatisfied allocation rate=0.00108464
I tensorflow/core/common_runtime/gpu/pool_allocator.cc:247] PoolAllocator: After 362227266 get requests, put_count=362227279 evicted_count=393000 eviction_rate=0.00108495 and unsatisfied allocation rate=0.00108497
I tensorflow/core/common_runtime/gpu/pool_allocator.cc:247] PoolAllocator: After 371335170 get requests, put_count=371335183 evicted_count=403000 eviction_rate=0.00108527 and unsatisfied allocation rate=0.00108529
I tensorflow/core/common_runtime/gpu/pool_allocator.cc:247] PoolAllocator: After 380425602 get requests, put_count=380425615 evicted_count=413000 eviction_rate=0.00108563 and unsatisfied allocation rate=0.00108564
I tensorflow/core/common_runtime/gpu/pool_allocator.cc:247] PoolAllocator: After 390074148 get requests, put_count=390074161 evicted_count=423000 eviction_rate=0.00108441 and unsatisfied allocation rate=0.00108442
I tensorflow/core/common_runtime/gpu/pool_allocator.cc:247] PoolAllocator: After 399199524 get requests, put_count=399199537 evicted_count=433000 eviction_rate=0.00108467 and unsatisfied allocation rate=0.00108469
I tensorflow/core/common_runtime/gpu/pool_allocator.cc:247] PoolAllocator: After 408255012 get requests, put_count=408255025 evicted_count=443000 eviction_rate=0.00108511 and unsatisfied allocation rate=0.00108512
I tensorflow/core/common_runtime/gpu/pool_allocator.cc:247] PoolAllocator: After 417240612 get requests, put_count=417240625 evicted_count=453000 eviction_rate=0.0010857 and unsatisfied allocation rate=0.00108572
I tensorflow/core/common_runtime/gpu/pool_allocator.cc:247] PoolAllocator: After 426568164 get requests, put_count=426568169 evicted_count=463000 eviction_rate=0.00108541 and unsatisfied allocation rate=0.00108544
I tensorflow/core/common_runtime/gpu/pool_allocator.cc:247] PoolAllocator: After 435788388 get requests, put_count=435788401 evicted_count=473000 eviction_rate=0.00108539 and unsatisfied allocation rate=0.0010854
I tensorflow/core/common_runtime/gpu/pool_allocator.cc:247] PoolAllocator: After 445148388 get requests, put_count=445148395 evicted_count=483000 eviction_rate=0.00108503 and unsatisfied allocation rate=0.00108506
I tensorflow/core/common_runtime/gpu/pool_allocator.cc:247] PoolAllocator: After 454196388 get requests, put_count=454196401 evicted_count=493000 eviction_rate=0.00108543 and unsatisfied allocation rate=0.00108545
I tensorflow/core/common_runtime/gpu/pool_allocator.cc:247] PoolAllocator: After 463583844 get requests, put_count=463583857 evicted_count=503000 eviction_rate=0.00108502 and unsatisfied allocation rate=0.00108504
I tensorflow/core/common_runtime/gpu/pool_allocator.cc:247] PoolAllocator: After 472529508 get requests, put_count=472529518 evicted_count=513000 eviction_rate=0.00108565 and unsatisfied allocation rate=0.00108567
I tensorflow/core/common_runtime/gpu/pool_allocator.cc:247] PoolAllocator: After 481790916 get requests, put_count=481790929 evicted_count=523000 eviction_rate=0.00108553 and unsatisfied allocation rate=0.00108555
I tensorflow/core/common_runtime/gpu/pool_allocator.cc:247] PoolAllocator: After 491475396 get requests, put_count=491475409 evicted_count=533000 eviction_rate=0.00108449 and unsatisfied allocation rate=0.0010845
I tensorflow/core/common_runtime/gpu/pool_allocator.cc:247] PoolAllocator: After 500583300 get requests, put_count=500583313 evicted_count=543000 eviction_rate=0.00108473 and unsatisfied allocation rate=0.00108475
I tensorflow/core/common_runtime/gpu/pool_allocator.cc:247] PoolAllocator: After 509970756 get requests, put_count=509970769 evicted_count=553000 eviction_rate=0.00108438 and unsatisfied allocation rate=0.00108439
