I tensorflow/stream_executor/dso_loader.cc:128] successfully opened CUDA library libcublas.so locally
I tensorflow/stream_executor/dso_loader.cc:128] successfully opened CUDA library libcudnn.so locally
I tensorflow/stream_executor/dso_loader.cc:128] successfully opened CUDA library libcufft.so locally
I tensorflow/stream_executor/dso_loader.cc:128] successfully opened CUDA library libcuda.so.1 locally
I tensorflow/stream_executor/dso_loader.cc:128] successfully opened CUDA library libcurand.so locally
/users/start2014/r0385169/.local/lib/python2.7/site-packages/gensim/utils.py:1015: UserWarning: Pattern library is not installed, lemmatization won't be available.
  warnings.warn("Pattern library is not installed, lemmatization won't be available.")
I tensorflow/stream_executor/cuda/cuda_gpu_executor.cc:937] successful NUMA node read from SysFS had negative value (-1), but there must be at least one NUMA node, so returning NUMA node zero
I tensorflow/core/common_runtime/gpu/gpu_device.cc:885] Found device 0 with properties: 
name: GeForce GTX 960
major: 5 minor: 2 memoryClockRate (GHz) 1.253
pciBusID 0000:46:00.0
Total memory: 3.94GiB
Free memory: 3.90GiB
I tensorflow/core/common_runtime/gpu/gpu_device.cc:906] DMA: 0 
I tensorflow/core/common_runtime/gpu/gpu_device.cc:916] 0:   Y 
I tensorflow/core/common_runtime/gpu/gpu_device.cc:975] Creating TensorFlow device (/gpu:0) -> (device: 0, name: GeForce GTX 960, pci bus id: 0000:46:00.0)
I tensorflow/core/common_runtime/gpu/pool_allocator.cc:247] PoolAllocator: After 10393 get requests, put_count=10385 evicted_count=1000 eviction_rate=0.0962927 and unsatisfied allocation rate=0.10661
I tensorflow/core/common_runtime/gpu/pool_allocator.cc:259] Raising pool_size_limit_ from 100 to 110
I tensorflow/core/common_runtime/gpu/pool_allocator.cc:247] PoolAllocator: After 1656248 get requests, put_count=1656256 evicted_count=3000 eviction_rate=0.00181131 and unsatisfied allocation rate=0.00181796
I tensorflow/core/common_runtime/gpu/pool_allocator.cc:247] PoolAllocator: After 7337594 get requests, put_count=7337601 evicted_count=13000 eviction_rate=0.0017717 and unsatisfied allocation rate=0.00177333
I tensorflow/core/common_runtime/gpu/pool_allocator.cc:247] PoolAllocator: After 12721698 get requests, put_count=12721706 evicted_count=23000 eviction_rate=0.00180793 and unsatisfied allocation rate=0.0018088
I tensorflow/core/common_runtime/gpu/pool_allocator.cc:247] PoolAllocator: After 18312184 get requests, put_count=18312192 evicted_count=33000 eviction_rate=0.00180208 and unsatisfied allocation rate=0.00180268
I tensorflow/core/common_runtime/gpu/pool_allocator.cc:247] PoolAllocator: After 23775466 get requests, put_count=23775474 evicted_count=43000 eviction_rate=0.00180859 and unsatisfied allocation rate=0.00180905
I tensorflow/core/common_runtime/gpu/pool_allocator.cc:247] PoolAllocator: After 29211490 get requests, put_count=29211498 evicted_count=53000 eviction_rate=0.00181435 and unsatisfied allocation rate=0.00181473
I tensorflow/core/common_runtime/gpu/pool_allocator.cc:247] PoolAllocator: After 34647514 get requests, put_count=34647522 evicted_count=63000 eviction_rate=0.00181831 and unsatisfied allocation rate=0.00181863
I tensorflow/core/common_runtime/gpu/pool_allocator.cc:247] PoolAllocator: After 39992678 get requests, put_count=39992686 evicted_count=73000 eviction_rate=0.00182533 and unsatisfied allocation rate=0.00182561
I tensorflow/core/common_runtime/gpu/pool_allocator.cc:247] PoolAllocator: After 45522158 get requests, put_count=45522165 evicted_count=83000 eviction_rate=0.00182329 and unsatisfied allocation rate=0.00182355
I tensorflow/core/common_runtime/gpu/pool_allocator.cc:247] PoolAllocator: After 51039956 get requests, put_count=51039963 evicted_count=93000 eviction_rate=0.0018221 and unsatisfied allocation rate=0.00182234
I tensorflow/core/common_runtime/gpu/pool_allocator.cc:247] PoolAllocator: After 56648614 get requests, put_count=56648621 evicted_count=103000 eviction_rate=0.00181823 and unsatisfied allocation rate=0.00181844
I tensorflow/core/common_runtime/gpu/pool_allocator.cc:247] PoolAllocator: After 62193670 get requests, put_count=62193677 evicted_count=113000 eviction_rate=0.0018169 and unsatisfied allocation rate=0.0018171
I tensorflow/core/common_runtime/gpu/pool_allocator.cc:247] PoolAllocator: After 67647866 get requests, put_count=67647873 evicted_count=123000 eviction_rate=0.00181824 and unsatisfied allocation rate=0.00181842
I tensorflow/core/common_runtime/gpu/pool_allocator.cc:247] PoolAllocator: After 73156578 get requests, put_count=73156585 evicted_count=133000 eviction_rate=0.00181802 and unsatisfied allocation rate=0.00181818
I tensorflow/core/common_runtime/gpu/pool_allocator.cc:247] PoolAllocator: After 78669184 get requests, put_count=78669192 evicted_count=143000 eviction_rate=0.00181774 and unsatisfied allocation rate=0.00181788
I tensorflow/core/common_runtime/gpu/pool_allocator.cc:247] PoolAllocator: After 84196068 get requests, put_count=84196076 evicted_count=153000 eviction_rate=0.00181719 and unsatisfied allocation rate=0.00181732
I tensorflow/core/common_runtime/gpu/pool_allocator.cc:247] PoolAllocator: After 89759296 get requests, put_count=89759304 evicted_count=163000 eviction_rate=0.00181597 and unsatisfied allocation rate=0.00181609
I tensorflow/core/common_runtime/gpu/pool_allocator.cc:247] PoolAllocator: After 95286180 get requests, put_count=95286188 evicted_count=173000 eviction_rate=0.00181558 and unsatisfied allocation rate=0.0018157
I tensorflow/core/common_runtime/gpu/pool_allocator.cc:247] PoolAllocator: After 100867580 get requests, put_count=100867588 evicted_count=183000 eviction_rate=0.00181426 and unsatisfied allocation rate=0.00181437
I tensorflow/core/common_runtime/gpu/pool_allocator.cc:247] PoolAllocator: After 106467152 get requests, put_count=106467160 evicted_count=193000 eviction_rate=0.00181277 and unsatisfied allocation rate=0.00181287
I tensorflow/core/common_runtime/gpu/pool_allocator.cc:247] PoolAllocator: After 112030380 get requests, put_count=112030388 evicted_count=203000 eviction_rate=0.00181201 and unsatisfied allocation rate=0.00181211
I tensorflow/core/common_runtime/gpu/pool_allocator.cc:247] PoolAllocator: After 117530006 get requests, put_count=117530014 evicted_count=213000 eviction_rate=0.0018123 and unsatisfied allocation rate=0.0018124
I tensorflow/core/common_runtime/gpu/pool_allocator.cc:247] PoolAllocator: After 123047804 get requests, put_count=123047812 evicted_count=223000 eviction_rate=0.0018123 and unsatisfied allocation rate=0.00181239
I tensorflow/core/common_runtime/gpu/pool_allocator.cc:247] PoolAllocator: After 128529258 get requests, put_count=128529266 evicted_count=233000 eviction_rate=0.00181282 and unsatisfied allocation rate=0.0018129
I tensorflow/core/common_runtime/gpu/pool_allocator.cc:247] PoolAllocator: After 133989944 get requests, put_count=133989948 evicted_count=243000 eviction_rate=0.00181357 and unsatisfied allocation rate=0.00181368
I tensorflow/core/common_runtime/gpu/pool_allocator.cc:247] PoolAllocator: After 139614178 get requests, put_count=139614186 evicted_count=253000 eviction_rate=0.00181214 and unsatisfied allocation rate=0.00181222
I tensorflow/core/common_runtime/gpu/pool_allocator.cc:247] PoolAllocator: After 145013858 get requests, put_count=145013866 evicted_count=263000 eviction_rate=0.00181362 and unsatisfied allocation rate=0.0018137
I tensorflow/core/common_runtime/gpu/pool_allocator.cc:247] PoolAllocator: After 150558914 get requests, put_count=150558922 evicted_count=273000 eviction_rate=0.00181324 and unsatisfied allocation rate=0.00181332
I tensorflow/core/common_runtime/gpu/pool_allocator.cc:247] PoolAllocator: After 155980660 get requests, put_count=155980662 evicted_count=283000 eviction_rate=0.00181433 and unsatisfied allocation rate=0.00181444
I tensorflow/core/common_runtime/gpu/pool_allocator.cc:247] PoolAllocator: After 161476392 get requests, put_count=161476400 evicted_count=293000 eviction_rate=0.00181451 and unsatisfied allocation rate=0.00181457
I tensorflow/core/common_runtime/gpu/pool_allocator.cc:247] PoolAllocator: After 166957846 get requests, put_count=166957854 evicted_count=303000 eviction_rate=0.00181483 and unsatisfied allocation rate=0.0018149
I tensorflow/core/common_runtime/gpu/pool_allocator.cc:247] PoolAllocator: After 172421128 get requests, put_count=172421136 evicted_count=313000 eviction_rate=0.00181532 and unsatisfied allocation rate=0.00181539
I tensorflow/core/common_runtime/gpu/pool_allocator.cc:247] PoolAllocator: After 177938926 get requests, put_count=177938934 evicted_count=323000 eviction_rate=0.00181523 and unsatisfied allocation rate=0.00181529
I tensorflow/core/common_runtime/gpu/pool_allocator.cc:247] PoolAllocator: After 183493068 get requests, put_count=183493076 evicted_count=333000 eviction_rate=0.00181478 and unsatisfied allocation rate=0.00181484
I tensorflow/core/common_runtime/gpu/pool_allocator.cc:247] PoolAllocator: After 189156242 get requests, put_count=189156250 evicted_count=343000 eviction_rate=0.00181332 and unsatisfied allocation rate=0.00181337
I tensorflow/core/common_runtime/gpu/pool_allocator.cc:247] PoolAllocator: After 194676636 get requests, put_count=194676644 evicted_count=353000 eviction_rate=0.00181326 and unsatisfied allocation rate=0.00181332
I tensorflow/core/common_runtime/gpu/pool_allocator.cc:247] PoolAllocator: After 200186312 get requests, put_count=200186320 evicted_count=363000 eviction_rate=0.00181331 and unsatisfied allocation rate=0.00181337
I tensorflow/core/common_runtime/gpu/pool_allocator.cc:247] PoolAllocator: After 205726176 get requests, put_count=205726183 evicted_count=373000 eviction_rate=0.00181309 and unsatisfied allocation rate=0.00181315
I tensorflow/core/common_runtime/gpu/pool_allocator.cc:247] PoolAllocator: After 211182968 get requests, put_count=211182976 evicted_count=383000 eviction_rate=0.00181359 and unsatisfied allocation rate=0.00181365
I tensorflow/core/common_runtime/gpu/pool_allocator.cc:247] PoolAllocator: After 216646250 get requests, put_count=216646244 evicted_count=393000 eviction_rate=0.00181402 and unsatisfied allocation rate=0.00181413
I tensorflow/core/common_runtime/gpu/pool_allocator.cc:247] PoolAllocator: After 222064102 get requests, put_count=222064110 evicted_count=403000 eviction_rate=0.00181479 and unsatisfied allocation rate=0.00181484
I tensorflow/core/common_runtime/gpu/pool_allocator.cc:247] PoolAllocator: After 227597476 get requests, put_count=227597474 evicted_count=413000 eviction_rate=0.00181461 and unsatisfied allocation rate=0.0018147
I tensorflow/core/common_runtime/gpu/pool_allocator.cc:247] PoolAllocator: After 232981580 get requests, put_count=232981588 evicted_count=423000 eviction_rate=0.00181559 and unsatisfied allocation rate=0.00181564
I tensorflow/core/common_runtime/gpu/pool_allocator.cc:247] PoolAllocator: After 238444862 get requests, put_count=238444870 evicted_count=433000 eviction_rate=0.00181593 and unsatisfied allocation rate=0.00181598
I tensorflow/core/common_runtime/gpu/pool_allocator.cc:247] PoolAllocator: After 243996408 get requests, put_count=243996416 evicted_count=443000 eviction_rate=0.0018156 and unsatisfied allocation rate=0.00181565
I tensorflow/core/common_runtime/gpu/pool_allocator.cc:247] PoolAllocator: After 249423346 get requests, put_count=249423354 evicted_count=453000 eviction_rate=0.00181619 and unsatisfied allocation rate=0.00181623
I tensorflow/core/common_runtime/gpu/pool_allocator.cc:247] PoolAllocator: After 254986574 get requests, put_count=254986582 evicted_count=463000 eviction_rate=0.00181578 and unsatisfied allocation rate=0.00181583
I tensorflow/core/common_runtime/gpu/pool_allocator.cc:247] PoolAllocator: After 260404426 get requests, put_count=260404434 evicted_count=473000 eviction_rate=0.00181641 and unsatisfied allocation rate=0.00181645
I tensorflow/core/common_runtime/gpu/pool_allocator.cc:247] PoolAllocator: After 265967654 get requests, put_count=265967662 evicted_count=483000 eviction_rate=0.00181601 and unsatisfied allocation rate=0.00181605
I tensorflow/core/common_runtime/gpu/pool_allocator.cc:247] PoolAllocator: After 271449108 get requests, put_count=271449116 evicted_count=493000 eviction_rate=0.00181618 and unsatisfied allocation rate=0.00181622
I tensorflow/core/common_runtime/gpu/pool_allocator.cc:247] PoolAllocator: After 276908496 get requests, put_count=276908503 evicted_count=503000 eviction_rate=0.00181648 and unsatisfied allocation rate=0.00181653
I tensorflow/core/common_runtime/gpu/pool_allocator.cc:247] PoolAllocator: After 282344520 get requests, put_count=282344527 evicted_count=513000 eviction_rate=0.00181693 and unsatisfied allocation rate=0.00181697
I tensorflow/core/common_runtime/gpu/pool_allocator.cc:247] PoolAllocator: After 287803908 get requests, put_count=287803906 evicted_count=523000 eviction_rate=0.00181721 and unsatisfied allocation rate=0.00181728
I tensorflow/core/common_runtime/gpu/pool_allocator.cc:247] PoolAllocator: After 293269786 get requests, put_count=293269794 evicted_count=533000 eviction_rate=0.00181744 and unsatisfied allocation rate=0.00181748
I tensorflow/core/common_runtime/gpu/pool_allocator.cc:247] PoolAllocator: After 298512408 get requests, put_count=298512416 evicted_count=543000 eviction_rate=0.00181902 and unsatisfied allocation rate=0.00181906
I tensorflow/core/common_runtime/gpu/pool_allocator.cc:247] PoolAllocator: After 303914684 get requests, put_count=303914688 evicted_count=553000 eviction_rate=0.00181959 and unsatisfied allocation rate=0.00181964
I tensorflow/core/common_runtime/gpu/pool_allocator.cc:247] PoolAllocator: After 309139134 get requests, put_count=309139142 evicted_count=563000 eviction_rate=0.00182119 and unsatisfied allocation rate=0.00182122
I tensorflow/core/common_runtime/gpu/pool_allocator.cc:247] PoolAllocator: After 314668614 get requests, put_count=314668618 evicted_count=573000 eviction_rate=0.00182096 and unsatisfied allocation rate=0.00182101
I tensorflow/core/common_runtime/gpu/pool_allocator.cc:247] PoolAllocator: After 320247418 get requests, put_count=320247426 evicted_count=583000 eviction_rate=0.00182047 and unsatisfied allocation rate=0.0018205
I tensorflow/core/common_runtime/gpu/pool_allocator.cc:247] PoolAllocator: After 325565324 get requests, put_count=325565332 evicted_count=593000 eviction_rate=0.00182145 and unsatisfied allocation rate=0.00182148
I tensorflow/core/common_runtime/gpu/pool_allocator.cc:247] PoolAllocator: After 331192154 get requests, put_count=331192162 evicted_count=603000 eviction_rate=0.0018207 and unsatisfied allocation rate=0.00182073
I tensorflow/core/common_runtime/gpu/pool_allocator.cc:247] PoolAllocator: After 336664522 get requests, put_count=336664530 evicted_count=613000 eviction_rate=0.0018208 and unsatisfied allocation rate=0.00182084
I tensorflow/core/common_runtime/gpu/pool_allocator.cc:247] PoolAllocator: After 342173234 get requests, put_count=342173242 evicted_count=623000 eviction_rate=0.00182072 and unsatisfied allocation rate=0.00182075
I tensorflow/core/common_runtime/gpu/pool_allocator.cc:247] PoolAllocator: After 347654688 get requests, put_count=347654696 evicted_count=633000 eviction_rate=0.00182077 and unsatisfied allocation rate=0.0018208
I tensorflow/core/common_runtime/gpu/pool_allocator.cc:247] PoolAllocator: After 353333438 get requests, put_count=353333439 evicted_count=643000 eviction_rate=0.00181981 and unsatisfied allocation rate=0.00181986
I tensorflow/core/common_runtime/gpu/pool_allocator.cc:247] PoolAllocator: After 358765568 get requests, put_count=358765575 evicted_count=653000 eviction_rate=0.00182013 and unsatisfied allocation rate=0.00182016
I tensorflow/core/common_runtime/gpu/pool_allocator.cc:247] PoolAllocator: After 364165248 get requests, put_count=364165255 evicted_count=663000 eviction_rate=0.0018206 and unsatisfied allocation rate=0.00182064
I tensorflow/core/common_runtime/gpu/pool_allocator.cc:247] PoolAllocator: After 369564928 get requests, put_count=369564935 evicted_count=673000 eviction_rate=0.00182106 and unsatisfied allocation rate=0.00182109
I tensorflow/core/common_runtime/gpu/pool_allocator.cc:247] PoolAllocator: After 375019124 get requests, put_count=375019131 evicted_count=683000 eviction_rate=0.00182124 and unsatisfied allocation rate=0.00182127
I tensorflow/core/common_runtime/gpu/pool_allocator.cc:247] PoolAllocator: After 380446062 get requests, put_count=380446069 evicted_count=693000 eviction_rate=0.00182155 and unsatisfied allocation rate=0.00182158
I tensorflow/core/common_runtime/gpu/pool_allocator.cc:247] PoolAllocator: After 385818484 get requests, put_count=385818491 evicted_count=703000 eviction_rate=0.0018221 and unsatisfied allocation rate=0.00182213
I tensorflow/core/common_runtime/gpu/pool_allocator.cc:247] PoolAllocator: After 391354454 get requests, put_count=391354461 evicted_count=713000 eviction_rate=0.00182188 and unsatisfied allocation rate=0.00182191
I tensorflow/core/common_runtime/gpu/pool_allocator.cc:247] PoolAllocator: After 396726876 get requests, put_count=396726883 evicted_count=723000 eviction_rate=0.00182241 and unsatisfied allocation rate=0.00182244
I tensorflow/core/common_runtime/gpu/pool_allocator.cc:247] PoolAllocator: After 402082090 get requests, put_count=402082097 evicted_count=733000 eviction_rate=0.00182301 and unsatisfied allocation rate=0.00182304
I tensorflow/core/common_runtime/gpu/pool_allocator.cc:247] PoolAllocator: After 407654404 get requests, put_count=407654411 evicted_count=743000 eviction_rate=0.00182262 and unsatisfied allocation rate=0.00182265
I tensorflow/core/common_runtime/gpu/pool_allocator.cc:247] PoolAllocator: After 413044998 get requests, put_count=413045005 evicted_count=753000 eviction_rate=0.00182305 and unsatisfied allocation rate=0.00182307
I tensorflow/core/common_runtime/gpu/pool_allocator.cc:247] PoolAllocator: After 418570584 get requests, put_count=418570591 evicted_count=763000 eviction_rate=0.00182287 and unsatisfied allocation rate=0.0018229
I tensorflow/core/common_runtime/gpu/pool_allocator.cc:247] PoolAllocator: After 423979350 get requests, put_count=423979357 evicted_count=773000 eviction_rate=0.0018232 and unsatisfied allocation rate=0.00182323
I tensorflow/core/common_runtime/gpu/pool_allocator.cc:247] PoolAllocator: After 429388116 get requests, put_count=429388123 evicted_count=783000 eviction_rate=0.00182353 and unsatisfied allocation rate=0.00182355
I tensorflow/core/common_runtime/gpu/pool_allocator.cc:247] PoolAllocator: After 434883848 get requests, put_count=434883847 evicted_count=793000 eviction_rate=0.00182348 and unsatisfied allocation rate=0.00182352
I tensorflow/core/common_runtime/gpu/pool_allocator.cc:247] PoolAllocator: After 440414626 get requests, put_count=440414633 evicted_count=803000 eviction_rate=0.00182328 and unsatisfied allocation rate=0.00182331
I tensorflow/core/common_runtime/gpu/pool_allocator.cc:247] PoolAllocator: After 445909060 get requests, put_count=445909068 evicted_count=813000 eviction_rate=0.00182324 and unsatisfied allocation rate=0.00182327
I tensorflow/core/common_runtime/gpu/pool_allocator.cc:247] PoolAllocator: After 451372342 get requests, put_count=451372350 evicted_count=823000 eviction_rate=0.00182333 and unsatisfied allocation rate=0.00182335
I tensorflow/core/common_runtime/gpu/pool_allocator.cc:247] PoolAllocator: After 456744764 get requests, put_count=456744772 evicted_count=833000 eviction_rate=0.00182378 and unsatisfied allocation rate=0.0018238
I tensorflow/core/common_runtime/gpu/pool_allocator.cc:247] PoolAllocator: After 462189874 get requests, put_count=462189882 evicted_count=843000 eviction_rate=0.00182393 and unsatisfied allocation rate=0.00182395
I tensorflow/core/common_runtime/gpu/pool_allocator.cc:247] PoolAllocator: After 467655752 get requests, put_count=467655749 evicted_count=853000 eviction_rate=0.00182399 and unsatisfied allocation rate=0.00182404
I tensorflow/core/common_runtime/gpu/pool_allocator.cc:247] PoolAllocator: After 473067114 get requests, put_count=473067121 evicted_count=863000 eviction_rate=0.00182427 and unsatisfied allocation rate=0.00182429
I tensorflow/core/common_runtime/gpu/pool_allocator.cc:247] PoolAllocator: After 478375934 get requests, put_count=478375941 evicted_count=873000 eviction_rate=0.00182492 and unsatisfied allocation rate=0.00182495
I tensorflow/core/common_runtime/gpu/pool_allocator.cc:247] PoolAllocator: After 483884646 get requests, put_count=483884653 evicted_count=883000 eviction_rate=0.00182482 and unsatisfied allocation rate=0.00182484
I tensorflow/core/common_runtime/gpu/pool_allocator.cc:247] PoolAllocator: After 489382974 get requests, put_count=489382982 evicted_count=893000 eviction_rate=0.00182475 and unsatisfied allocation rate=0.00182477
I tensorflow/core/common_runtime/gpu/pool_allocator.cc:247] PoolAllocator: After 494855342 get requests, put_count=494855336 evicted_count=903000 eviction_rate=0.00182478 and unsatisfied allocation rate=0.00182483
I tensorflow/core/common_runtime/gpu/pool_allocator.cc:247] PoolAllocator: After 500255022 get requests, put_count=500255030 evicted_count=913000 eviction_rate=0.00182507 and unsatisfied allocation rate=0.00182509
I tensorflow/core/common_runtime/gpu/pool_allocator.cc:247] PoolAllocator: After 505745562 get requests, put_count=505745570 evicted_count=923000 eviction_rate=0.00182503 and unsatisfied allocation rate=0.00182505
I tensorflow/core/common_runtime/gpu/pool_allocator.cc:247] PoolAllocator: After 511336048 get requests, put_count=511336056 evicted_count=933000 eviction_rate=0.00182463 and unsatisfied allocation rate=0.00182465
I tensorflow/core/common_runtime/gpu/pool_allocator.cc:247] PoolAllocator: After 516826588 get requests, put_count=516826596 evicted_count=943000 eviction_rate=0.0018246 and unsatisfied allocation rate=0.00182462
I tensorflow/core/common_runtime/gpu/pool_allocator.cc:247] PoolAllocator: After 522267804 get requests, put_count=522267806 evicted_count=953000 eviction_rate=0.00182473 and unsatisfied allocation rate=0.00182477
I tensorflow/core/common_runtime/gpu/pool_allocator.cc:247] PoolAllocator: After 527827138 get requests, put_count=527827146 evicted_count=963000 eviction_rate=0.00182446 and unsatisfied allocation rate=0.00182448
I tensorflow/core/common_runtime/gpu/pool_allocator.cc:247] PoolAllocator: After 533308592 get requests, put_count=533308600 evicted_count=973000 eviction_rate=0.00182446 and unsatisfied allocation rate=0.00182448
I tensorflow/core/common_runtime/gpu/pool_allocator.cc:247] PoolAllocator: After 538744616 get requests, put_count=538744624 evicted_count=983000 eviction_rate=0.00182461 and unsatisfied allocation rate=0.00182463
I tensorflow/core/common_runtime/gpu/pool_allocator.cc:247] PoolAllocator: After 544019688 get requests, put_count=544019692 evicted_count=993000 eviction_rate=0.0018253 and unsatisfied allocation rate=0.00182533
I tensorflow/core/common_runtime/gpu/pool_allocator.cc:247] PoolAllocator: After 549462202 get requests, put_count=549462210 evicted_count=1003000 eviction_rate=0.00182542 and unsatisfied allocation rate=0.00182544
I tensorflow/core/common_runtime/gpu/pool_allocator.cc:247] PoolAllocator: After 554873564 get requests, put_count=554873568 evicted_count=1013000 eviction_rate=0.00182564 and unsatisfied allocation rate=0.00182567
I tensorflow/core/common_runtime/gpu/pool_allocator.cc:247] PoolAllocator: After 560170702 get requests, put_count=560170710 evicted_count=1023000 eviction_rate=0.00182623 and unsatisfied allocation rate=0.00182625
I tensorflow/core/common_runtime/gpu/pool_allocator.cc:247] PoolAllocator: After 565688500 get requests, put_count=565688508 evicted_count=1033000 eviction_rate=0.00182609 and unsatisfied allocation rate=0.00182611
I tensorflow/core/common_runtime/gpu/pool_allocator.cc:247] PoolAllocator: After 571224470 get requests, put_count=571224478 evicted_count=1043000 eviction_rate=0.0018259 and unsatisfied allocation rate=0.00182592
I tensorflow/core/common_runtime/gpu/pool_allocator.cc:247] PoolAllocator: After 576669580 get requests, put_count=576669588 evicted_count=1053000 eviction_rate=0.001826 and unsatisfied allocation rate=0.00182602
I tensorflow/core/common_runtime/gpu/pool_allocator.cc:247] PoolAllocator: After 582187378 get requests, put_count=582187386 evicted_count=1063000 eviction_rate=0.00182587 and unsatisfied allocation rate=0.00182589
I tensorflow/core/common_runtime/gpu/pool_allocator.cc:247] PoolAllocator: After 587515668 get requests, put_count=587515676 evicted_count=1073000 eviction_rate=0.00182633 and unsatisfied allocation rate=0.00182635
I tensorflow/core/common_runtime/gpu/pool_allocator.cc:247] PoolAllocator: After 592999718 get requests, put_count=592999722 evicted_count=1083000 eviction_rate=0.00182631 and unsatisfied allocation rate=0.00182633
I tensorflow/core/common_runtime/gpu/pool_allocator.cc:247] PoolAllocator: After 598433146 get requests, put_count=598433154 evicted_count=1093000 eviction_rate=0.00182644 and unsatisfied allocation rate=0.00182645
