04/18/17 18:12:05 ******************************************************
04/18/17 18:12:05 ** condor_scheduniv_exec.884.0 (CONDOR_DAGMAN) STARTING UP
04/18/17 18:12:05 ** /usr/bin/condor_dagman
04/18/17 18:12:05 ** SubsystemInfo: name=DAGMAN type=DAGMAN(10) class=DAEMON(1)
04/18/17 18:12:05 ** Configuration: subsystem:DAGMAN local:<NONE> class:DAEMON
04/18/17 18:12:05 ** $CondorVersion: 8.6.1 Mar 01 2017 BuildID: 398585 $
04/18/17 18:12:05 ** $CondorPlatform: x86_64_RedHat7 $
04/18/17 18:12:05 ** PID = 31919
04/18/17 18:12:05 ** Log last touched time unavailable (No such file or directory)
04/18/17 18:12:05 ******************************************************
04/18/17 18:12:05 Using config source: /etc/condor/condor_config
04/18/17 18:12:05 Using local config sources: 
04/18/17 18:12:05    /etc/condor/config.d/00esat.config
04/18/17 18:12:05    /etc/condor/config.d/01java.config
04/18/17 18:12:05    /etc/condor/config.d/80optout_users.config
04/18/17 18:12:05    /etc/condor/condor_config.local
04/18/17 18:12:05 config Macros = 166, Sorted = 166, StringBytes = 6037, TablesBytes = 6048
04/18/17 18:12:05 CLASSAD_CACHING is ENABLED
04/18/17 18:12:05 Daemon Log is logging: D_ALWAYS D_ERROR
04/18/17 18:12:05 DaemonCore: No command port requested.
04/18/17 18:12:05 DAGMAN_USE_STRICT setting: 1
04/18/17 18:12:05 DAGMAN_VERBOSITY setting: 3
04/18/17 18:12:05 DAGMAN_DEBUG_CACHE_SIZE setting: 5242880
04/18/17 18:12:05 DAGMAN_DEBUG_CACHE_ENABLE setting: False
04/18/17 18:12:05 DAGMAN_SUBMIT_DELAY setting: 0
04/18/17 18:12:05 DAGMAN_MAX_SUBMIT_ATTEMPTS setting: 6
04/18/17 18:12:05 DAGMAN_STARTUP_CYCLE_DETECT setting: False
04/18/17 18:12:05 DAGMAN_MAX_SUBMITS_PER_INTERVAL setting: 5
04/18/17 18:12:05 DAGMAN_USER_LOG_SCAN_INTERVAL setting: 5
04/18/17 18:12:05 DAGMAN_DEFAULT_PRIORITY setting: 0
04/18/17 18:12:05 DAGMAN_SUPPRESS_NOTIFICATION setting: True
04/18/17 18:12:05 allow_events (DAGMAN_ALLOW_EVENTS) setting: 114
04/18/17 18:12:05 DAGMAN_RETRY_SUBMIT_FIRST setting: True
04/18/17 18:12:05 DAGMAN_RETRY_NODE_FIRST setting: False
04/18/17 18:12:05 DAGMAN_MAX_JOBS_IDLE setting: 1000
04/18/17 18:12:05 DAGMAN_MAX_JOBS_SUBMITTED setting: 0
04/18/17 18:12:05 DAGMAN_MAX_PRE_SCRIPTS setting: 20
04/18/17 18:12:05 DAGMAN_MAX_POST_SCRIPTS setting: 20
04/18/17 18:12:05 DAGMAN_MUNGE_NODE_NAMES setting: True
04/18/17 18:12:05 DAGMAN_PROHIBIT_MULTI_JOBS setting: False
04/18/17 18:12:05 DAGMAN_SUBMIT_DEPTH_FIRST setting: False
04/18/17 18:12:05 DAGMAN_ALWAYS_RUN_POST setting: False
04/18/17 18:12:05 DAGMAN_ABORT_DUPLICATES setting: True
04/18/17 18:12:05 DAGMAN_ABORT_ON_SCARY_SUBMIT setting: True
04/18/17 18:12:05 DAGMAN_PENDING_REPORT_INTERVAL setting: 600
04/18/17 18:12:05 DAGMAN_AUTO_RESCUE setting: True
04/18/17 18:12:05 DAGMAN_MAX_RESCUE_NUM setting: 100
04/18/17 18:12:05 DAGMAN_WRITE_PARTIAL_RESCUE setting: True
04/18/17 18:12:05 DAGMAN_DEFAULT_NODE_LOG setting: @(DAG_DIR)/@(DAG_FILE).nodes.log
04/18/17 18:12:05 DAGMAN_GENERATE_SUBDAG_SUBMITS setting: True
04/18/17 18:12:05 DAGMAN_MAX_JOB_HOLDS setting: 100
04/18/17 18:12:05 DAGMAN_HOLD_CLAIM_TIME setting: 20
04/18/17 18:12:05 ALL_DEBUG setting: 
04/18/17 18:12:05 DAGMAN_DEBUG setting: 
04/18/17 18:12:05 DAGMAN_SUPPRESS_JOB_LOGS setting: False
04/18/17 18:12:05 DAGMAN_REMOVE_NODE_JOBS setting: True
04/18/17 18:12:05 argv[0] == "condor_scheduniv_exec.884.0"
04/18/17 18:12:05 argv[1] == "-Lockfile"
04/18/17 18:12:05 argv[2] == "ds_cbow_tfidf_soft.dag.lock"
04/18/17 18:12:05 argv[3] == "-AutoRescue"
04/18/17 18:12:05 argv[4] == "1"
04/18/17 18:12:05 argv[5] == "-DoRescueFrom"
04/18/17 18:12:05 argv[6] == "0"
04/18/17 18:12:05 argv[7] == "-Dag"
04/18/17 18:12:05 argv[8] == "ds_cbow_tfidf_soft.dag"
04/18/17 18:12:05 argv[9] == "-Suppress_notification"
04/18/17 18:12:05 argv[10] == "-CsdVersion"
04/18/17 18:12:05 argv[11] == "$CondorVersion: 8.6.1 Mar 01 2017 BuildID: 398585 $"
04/18/17 18:12:05 argv[12] == "-Dagman"
04/18/17 18:12:05 argv[13] == "/usr/bin/condor_dagman"
04/18/17 18:12:06 Workflow batch-name: <ds_cbow_tfidf_soft.dag+884>
04/18/17 18:12:06 Workflow accounting_group: <>
04/18/17 18:12:06 Workflow accounting_group_user: <>
04/18/17 18:12:06 Warning: failed to get attribute DAGNodeName
04/18/17 18:12:06 DAGMAN_LOG_ON_NFS_IS_ERROR setting: False
04/18/17 18:12:06 Default node log file is: </esat/spchtemp/scratch/robbe/SpeechHub/pretrained_tied_models_smaller/python/jobdag/./ds_cbow_tfidf_soft.dag.nodes.log>
04/18/17 18:12:06 DAG Lockfile will be written to ds_cbow_tfidf_soft.dag.lock
04/18/17 18:12:06 DAG Input file is ds_cbow_tfidf_soft.dag
04/18/17 18:12:06 Parsing 1 dagfiles
04/18/17 18:12:06 Parsing ds_cbow_tfidf_soft.dag ...
04/18/17 18:12:06 Dag contains 2 total jobs
04/18/17 18:12:06 Sleeping for 3 seconds to ensure ProcessId uniqueness
04/18/17 18:12:09 Bootstrapping...
04/18/17 18:12:09 Number of pre-completed nodes: 0
04/18/17 18:12:09 MultiLogFiles: truncating log file /esat/spchtemp/scratch/robbe/SpeechHub/pretrained_tied_models_smaller/python/jobdag/./ds_cbow_tfidf_soft.dag.nodes.log
04/18/17 18:12:09 DAG status: 0 (DAG_STATUS_OK)
04/18/17 18:12:09 Of 2 nodes total:
04/18/17 18:12:09  Done     Pre   Queued    Post   Ready   Un-Ready   Failed
04/18/17 18:12:09   ===     ===      ===     ===     ===        ===      ===
04/18/17 18:12:09     0       0        0       0       1          1        0
04/18/17 18:12:09 0 job proc(s) currently held
04/18/17 18:12:09 Registering condor_event_timer...
04/18/17 18:12:10 Submitting HTCondor Node cbow_tfidf_soft job(s)...
04/18/17 18:12:10 Adding a DAGMan workflow log /esat/spchtemp/scratch/robbe/SpeechHub/pretrained_tied_models_smaller/python/jobdag/./ds_cbow_tfidf_soft.dag.nodes.log
04/18/17 18:12:10 Masking the events recorded in the DAGMAN workflow log
04/18/17 18:12:10 Mask for workflow log is 0,1,2,4,5,7,9,10,11,12,13,16,17,24,27
04/18/17 18:12:10 submitting: /usr/bin/condor_submit -a dag_node_name' '=' 'cbow_tfidf_soft -a +DAGManJobId' '=' '884 -a DAGManJobId' '=' '884 -batch-name ds_cbow_tfidf_soft.dag+884 -a submit_event_notes' '=' 'DAG' 'Node:' 'cbow_tfidf_soft -a dagman_log' '=' '/esat/spchtemp/scratch/robbe/SpeechHub/pretrained_tied_models_smaller/python/jobdag/./ds_cbow_tfidf_soft.dag.nodes.log -a +DAGManNodesMask' '=' '"0,1,2,4,5,7,9,10,11,12,13,16,17,24,27" -a data_set' '=' 'ds -a test_name' '=' 'cbow_tfidf_soft -a num_run' '=' '0 -a combination' '=' 'tfidf -a DAG_STATUS' '=' '0 -a FAILED_COUNT' '=' '0 -a +KeepClaimIdle' '=' '20 -a notification' '=' 'never -a +DAGParentNodeNames' '=' '"" jobdag/cbow_soft.job
04/18/17 18:12:10 From submit: Submitting job(s).
04/18/17 18:12:10 From submit: 1 job(s) submitted to cluster 886.
04/18/17 18:12:10 	assigned HTCondor ID (886.0.0)
04/18/17 18:12:10 Just submitted 1 job this cycle...
04/18/17 18:12:10 Currently monitoring 1 HTCondor log file(s)
04/18/17 18:12:10 Reassigning the id of job cbow_tfidf_soft from (886.0.0) to (886.0.0)
04/18/17 18:12:10 Event: ULOG_SUBMIT for HTCondor Node cbow_tfidf_soft (886.0.0) {04/18/17 18:12:10}
04/18/17 18:12:10 Number of idle job procs: 1
04/18/17 18:12:10 DAG status: 0 (DAG_STATUS_OK)
04/18/17 18:12:10 Of 2 nodes total:
04/18/17 18:12:10  Done     Pre   Queued    Post   Ready   Un-Ready   Failed
04/18/17 18:12:10   ===     ===      ===     ===     ===        ===      ===
04/18/17 18:12:10     0       0        1       0       0          1        0
04/18/17 18:12:10 0 job proc(s) currently held
04/18/17 18:22:12 602 seconds since last log event
04/18/17 18:22:12 Pending DAG nodes:
04/18/17 18:22:12   Node cbow_tfidf_soft, HTCondor ID 886, status STATUS_SUBMITTED
04/18/17 18:32:15 1205 seconds since last log event
04/18/17 18:32:15 Pending DAG nodes:
04/18/17 18:32:15   Node cbow_tfidf_soft, HTCondor ID 886, status STATUS_SUBMITTED
04/18/17 18:42:17 1807 seconds since last log event
04/18/17 18:42:17 Pending DAG nodes:
04/18/17 18:42:17   Node cbow_tfidf_soft, HTCondor ID 886, status STATUS_SUBMITTED
04/18/17 18:52:19 2409 seconds since last log event
04/18/17 18:52:19 Pending DAG nodes:
04/18/17 18:52:19   Node cbow_tfidf_soft, HTCondor ID 886, status STATUS_SUBMITTED
04/18/17 19:02:21 3011 seconds since last log event
04/18/17 19:02:21 Pending DAG nodes:
04/18/17 19:02:21   Node cbow_tfidf_soft, HTCondor ID 886, status STATUS_SUBMITTED
04/18/17 19:12:23 3613 seconds since last log event
04/18/17 19:12:23 Pending DAG nodes:
04/18/17 19:12:23   Node cbow_tfidf_soft, HTCondor ID 886, status STATUS_SUBMITTED
04/18/17 19:22:25 4215 seconds since last log event
04/18/17 19:22:25 Pending DAG nodes:
04/18/17 19:22:25   Node cbow_tfidf_soft, HTCondor ID 886, status STATUS_SUBMITTED
04/18/17 19:32:27 4817 seconds since last log event
04/18/17 19:32:27 Pending DAG nodes:
04/18/17 19:32:27   Node cbow_tfidf_soft, HTCondor ID 886, status STATUS_SUBMITTED
04/18/17 19:42:29 5419 seconds since last log event
04/18/17 19:42:29 Pending DAG nodes:
04/18/17 19:42:29   Node cbow_tfidf_soft, HTCondor ID 886, status STATUS_SUBMITTED
04/18/17 19:52:32 6022 seconds since last log event
04/18/17 19:52:32 Pending DAG nodes:
04/18/17 19:52:32   Node cbow_tfidf_soft, HTCondor ID 886, status STATUS_SUBMITTED
04/18/17 20:02:34 6624 seconds since last log event
04/18/17 20:02:34 Pending DAG nodes:
04/18/17 20:02:34   Node cbow_tfidf_soft, HTCondor ID 886, status STATUS_SUBMITTED
04/18/17 20:12:37 7227 seconds since last log event
04/18/17 20:12:37 Pending DAG nodes:
04/18/17 20:12:37   Node cbow_tfidf_soft, HTCondor ID 886, status STATUS_SUBMITTED
04/18/17 20:22:39 7829 seconds since last log event
04/18/17 20:22:39 Pending DAG nodes:
04/18/17 20:22:39   Node cbow_tfidf_soft, HTCondor ID 886, status STATUS_SUBMITTED
04/18/17 20:32:40 8430 seconds since last log event
04/18/17 20:32:40 Pending DAG nodes:
04/18/17 20:32:40   Node cbow_tfidf_soft, HTCondor ID 886, status STATUS_SUBMITTED
04/18/17 20:42:43 9033 seconds since last log event
04/18/17 20:42:43 Pending DAG nodes:
04/18/17 20:42:43   Node cbow_tfidf_soft, HTCondor ID 886, status STATUS_SUBMITTED
04/18/17 20:52:43 9633 seconds since last log event
04/18/17 20:52:43 Pending DAG nodes:
04/18/17 20:52:43   Node cbow_tfidf_soft, HTCondor ID 886, status STATUS_SUBMITTED
04/18/17 21:02:45 10235 seconds since last log event
04/18/17 21:02:45 Pending DAG nodes:
04/18/17 21:02:45   Node cbow_tfidf_soft, HTCondor ID 886, status STATUS_SUBMITTED
04/18/17 21:12:48 10838 seconds since last log event
04/18/17 21:12:48 Pending DAG nodes:
04/18/17 21:12:48   Node cbow_tfidf_soft, HTCondor ID 886, status STATUS_SUBMITTED
04/18/17 21:22:51 11441 seconds since last log event
04/18/17 21:22:51 Pending DAG nodes:
04/18/17 21:22:51   Node cbow_tfidf_soft, HTCondor ID 886, status STATUS_SUBMITTED
04/18/17 21:32:53 12043 seconds since last log event
04/18/17 21:32:53 Pending DAG nodes:
04/18/17 21:32:53   Node cbow_tfidf_soft, HTCondor ID 886, status STATUS_SUBMITTED
04/18/17 21:42:56 12646 seconds since last log event
04/18/17 21:42:56 Pending DAG nodes:
04/18/17 21:42:56   Node cbow_tfidf_soft, HTCondor ID 886, status STATUS_SUBMITTED
04/18/17 21:52:58 13248 seconds since last log event
04/18/17 21:52:58 Pending DAG nodes:
04/18/17 21:52:58   Node cbow_tfidf_soft, HTCondor ID 886, status STATUS_SUBMITTED
04/18/17 22:03:01 13851 seconds since last log event
04/18/17 22:03:01 Pending DAG nodes:
04/18/17 22:03:01   Node cbow_tfidf_soft, HTCondor ID 886, status STATUS_SUBMITTED
04/18/17 22:13:04 14454 seconds since last log event
04/18/17 22:13:04 Pending DAG nodes:
04/18/17 22:13:04   Node cbow_tfidf_soft, HTCondor ID 886, status STATUS_SUBMITTED
04/18/17 22:23:07 15057 seconds since last log event
04/18/17 22:23:07 Pending DAG nodes:
04/18/17 22:23:07   Node cbow_tfidf_soft, HTCondor ID 886, status STATUS_SUBMITTED
04/18/17 22:33:10 15660 seconds since last log event
04/18/17 22:33:10 Pending DAG nodes:
04/18/17 22:33:10   Node cbow_tfidf_soft, HTCondor ID 886, status STATUS_SUBMITTED
04/18/17 22:43:12 16262 seconds since last log event
04/18/17 22:43:12 Pending DAG nodes:
04/18/17 22:43:12   Node cbow_tfidf_soft, HTCondor ID 886, status STATUS_SUBMITTED
04/18/17 22:53:14 16864 seconds since last log event
04/18/17 22:53:14 Pending DAG nodes:
04/18/17 22:53:14   Node cbow_tfidf_soft, HTCondor ID 886, status STATUS_SUBMITTED
04/18/17 23:03:15 17465 seconds since last log event
04/18/17 23:03:15 Pending DAG nodes:
04/18/17 23:03:15   Node cbow_tfidf_soft, HTCondor ID 886, status STATUS_SUBMITTED
04/18/17 23:13:17 18067 seconds since last log event
04/18/17 23:13:17 Pending DAG nodes:
04/18/17 23:13:17   Node cbow_tfidf_soft, HTCondor ID 886, status STATUS_SUBMITTED
04/18/17 23:23:19 18669 seconds since last log event
04/18/17 23:23:19 Pending DAG nodes:
04/18/17 23:23:19   Node cbow_tfidf_soft, HTCondor ID 886, status STATUS_SUBMITTED
04/18/17 23:33:20 19270 seconds since last log event
04/18/17 23:33:20 Pending DAG nodes:
04/18/17 23:33:20   Node cbow_tfidf_soft, HTCondor ID 886, status STATUS_SUBMITTED
04/18/17 23:43:21 19871 seconds since last log event
04/18/17 23:43:21 Pending DAG nodes:
04/18/17 23:43:21   Node cbow_tfidf_soft, HTCondor ID 886, status STATUS_SUBMITTED
04/18/17 23:53:23 20473 seconds since last log event
04/18/17 23:53:23 Pending DAG nodes:
04/18/17 23:53:23   Node cbow_tfidf_soft, HTCondor ID 886, status STATUS_SUBMITTED
04/19/17 00:03:24 21074 seconds since last log event
04/19/17 00:03:24 Pending DAG nodes:
04/19/17 00:03:24   Node cbow_tfidf_soft, HTCondor ID 886, status STATUS_SUBMITTED
04/19/17 00:13:26 21676 seconds since last log event
04/19/17 00:13:26 Pending DAG nodes:
04/19/17 00:13:26   Node cbow_tfidf_soft, HTCondor ID 886, status STATUS_SUBMITTED
04/19/17 00:23:29 22279 seconds since last log event
04/19/17 00:23:29 Pending DAG nodes:
04/19/17 00:23:29   Node cbow_tfidf_soft, HTCondor ID 886, status STATUS_SUBMITTED
04/19/17 00:33:31 22881 seconds since last log event
04/19/17 00:33:31 Pending DAG nodes:
04/19/17 00:33:31   Node cbow_tfidf_soft, HTCondor ID 886, status STATUS_SUBMITTED
04/19/17 00:43:33 23483 seconds since last log event
04/19/17 00:43:33 Pending DAG nodes:
04/19/17 00:43:33   Node cbow_tfidf_soft, HTCondor ID 886, status STATUS_SUBMITTED
04/19/17 00:53:35 24085 seconds since last log event
04/19/17 00:53:35 Pending DAG nodes:
04/19/17 00:53:35   Node cbow_tfidf_soft, HTCondor ID 886, status STATUS_SUBMITTED
04/19/17 01:03:38 24688 seconds since last log event
04/19/17 01:03:38 Pending DAG nodes:
04/19/17 01:03:38   Node cbow_tfidf_soft, HTCondor ID 886, status STATUS_SUBMITTED
04/19/17 01:13:40 25290 seconds since last log event
04/19/17 01:13:40 Pending DAG nodes:
04/19/17 01:13:40   Node cbow_tfidf_soft, HTCondor ID 886, status STATUS_SUBMITTED
04/19/17 01:23:43 25893 seconds since last log event
04/19/17 01:23:43 Pending DAG nodes:
04/19/17 01:23:43   Node cbow_tfidf_soft, HTCondor ID 886, status STATUS_SUBMITTED
04/19/17 01:33:45 26495 seconds since last log event
04/19/17 01:33:45 Pending DAG nodes:
04/19/17 01:33:45   Node cbow_tfidf_soft, HTCondor ID 886, status STATUS_SUBMITTED
04/19/17 01:43:47 27097 seconds since last log event
04/19/17 01:43:47 Pending DAG nodes:
04/19/17 01:43:47   Node cbow_tfidf_soft, HTCondor ID 886, status STATUS_SUBMITTED
04/19/17 01:53:49 27699 seconds since last log event
04/19/17 01:53:49 Pending DAG nodes:
04/19/17 01:53:49   Node cbow_tfidf_soft, HTCondor ID 886, status STATUS_SUBMITTED
04/19/17 02:03:51 28301 seconds since last log event
04/19/17 02:03:51 Pending DAG nodes:
04/19/17 02:03:51   Node cbow_tfidf_soft, HTCondor ID 886, status STATUS_SUBMITTED
04/19/17 02:13:52 28902 seconds since last log event
04/19/17 02:13:52 Pending DAG nodes:
04/19/17 02:13:52   Node cbow_tfidf_soft, HTCondor ID 886, status STATUS_SUBMITTED
04/19/17 02:23:54 29504 seconds since last log event
04/19/17 02:23:54 Pending DAG nodes:
04/19/17 02:23:54   Node cbow_tfidf_soft, HTCondor ID 886, status STATUS_SUBMITTED
04/19/17 02:33:56 30106 seconds since last log event
04/19/17 02:33:56 Pending DAG nodes:
04/19/17 02:33:56   Node cbow_tfidf_soft, HTCondor ID 886, status STATUS_SUBMITTED
04/19/17 02:43:58 30708 seconds since last log event
04/19/17 02:43:58 Pending DAG nodes:
04/19/17 02:43:58   Node cbow_tfidf_soft, HTCondor ID 886, status STATUS_SUBMITTED
04/19/17 02:54:00 31310 seconds since last log event
04/19/17 02:54:00 Pending DAG nodes:
04/19/17 02:54:00   Node cbow_tfidf_soft, HTCondor ID 886, status STATUS_SUBMITTED
04/19/17 03:04:02 31912 seconds since last log event
04/19/17 03:04:02 Pending DAG nodes:
04/19/17 03:04:02   Node cbow_tfidf_soft, HTCondor ID 886, status STATUS_SUBMITTED
04/19/17 03:14:04 32514 seconds since last log event
04/19/17 03:14:04 Pending DAG nodes:
04/19/17 03:14:04   Node cbow_tfidf_soft, HTCondor ID 886, status STATUS_SUBMITTED
04/19/17 03:24:06 33116 seconds since last log event
04/19/17 03:24:06 Pending DAG nodes:
04/19/17 03:24:06   Node cbow_tfidf_soft, HTCondor ID 886, status STATUS_SUBMITTED
04/19/17 03:34:08 33718 seconds since last log event
04/19/17 03:34:08 Pending DAG nodes:
04/19/17 03:34:08   Node cbow_tfidf_soft, HTCondor ID 886, status STATUS_SUBMITTED
04/19/17 03:44:11 34321 seconds since last log event
04/19/17 03:44:11 Pending DAG nodes:
04/19/17 03:44:11   Node cbow_tfidf_soft, HTCondor ID 886, status STATUS_SUBMITTED
04/19/17 03:54:13 34923 seconds since last log event
04/19/17 03:54:13 Pending DAG nodes:
04/19/17 03:54:13   Node cbow_tfidf_soft, HTCondor ID 886, status STATUS_SUBMITTED
04/19/17 04:04:15 35525 seconds since last log event
04/19/17 04:04:15 Pending DAG nodes:
04/19/17 04:04:15   Node cbow_tfidf_soft, HTCondor ID 886, status STATUS_SUBMITTED
04/19/17 04:14:16 36126 seconds since last log event
04/19/17 04:14:16 Pending DAG nodes:
04/19/17 04:14:16   Node cbow_tfidf_soft, HTCondor ID 886, status STATUS_SUBMITTED
04/19/17 04:24:18 36728 seconds since last log event
04/19/17 04:24:18 Pending DAG nodes:
04/19/17 04:24:18   Node cbow_tfidf_soft, HTCondor ID 886, status STATUS_SUBMITTED
04/19/17 04:34:19 37329 seconds since last log event
04/19/17 04:34:19 Pending DAG nodes:
04/19/17 04:34:19   Node cbow_tfidf_soft, HTCondor ID 886, status STATUS_SUBMITTED
04/19/17 04:44:22 37932 seconds since last log event
04/19/17 04:44:22 Pending DAG nodes:
04/19/17 04:44:22   Node cbow_tfidf_soft, HTCondor ID 886, status STATUS_SUBMITTED
04/19/17 04:54:24 38534 seconds since last log event
04/19/17 04:54:24 Pending DAG nodes:
04/19/17 04:54:24   Node cbow_tfidf_soft, HTCondor ID 886, status STATUS_SUBMITTED
04/19/17 05:04:27 39137 seconds since last log event
04/19/17 05:04:27 Pending DAG nodes:
04/19/17 05:04:27   Node cbow_tfidf_soft, HTCondor ID 886, status STATUS_SUBMITTED
04/19/17 05:14:29 39739 seconds since last log event
04/19/17 05:14:29 Pending DAG nodes:
04/19/17 05:14:29   Node cbow_tfidf_soft, HTCondor ID 886, status STATUS_SUBMITTED
04/19/17 05:24:31 40341 seconds since last log event
04/19/17 05:24:31 Pending DAG nodes:
04/19/17 05:24:31   Node cbow_tfidf_soft, HTCondor ID 886, status STATUS_SUBMITTED
04/19/17 05:34:34 40944 seconds since last log event
04/19/17 05:34:34 Pending DAG nodes:
04/19/17 05:34:34   Node cbow_tfidf_soft, HTCondor ID 886, status STATUS_SUBMITTED
04/19/17 05:44:37 41547 seconds since last log event
04/19/17 05:44:37 Pending DAG nodes:
04/19/17 05:44:37   Node cbow_tfidf_soft, HTCondor ID 886, status STATUS_SUBMITTED
04/19/17 05:54:40 42150 seconds since last log event
04/19/17 05:54:40 Pending DAG nodes:
04/19/17 05:54:40   Node cbow_tfidf_soft, HTCondor ID 886, status STATUS_SUBMITTED
04/19/17 06:04:41 42751 seconds since last log event
04/19/17 06:04:41 Pending DAG nodes:
04/19/17 06:04:41   Node cbow_tfidf_soft, HTCondor ID 886, status STATUS_SUBMITTED
04/19/17 06:14:43 43353 seconds since last log event
04/19/17 06:14:43 Pending DAG nodes:
04/19/17 06:14:43   Node cbow_tfidf_soft, HTCondor ID 886, status STATUS_SUBMITTED
04/19/17 06:24:44 43954 seconds since last log event
04/19/17 06:24:44 Pending DAG nodes:
04/19/17 06:24:44   Node cbow_tfidf_soft, HTCondor ID 886, status STATUS_SUBMITTED
04/19/17 06:34:46 44556 seconds since last log event
04/19/17 06:34:46 Pending DAG nodes:
04/19/17 06:34:46   Node cbow_tfidf_soft, HTCondor ID 886, status STATUS_SUBMITTED
04/19/17 06:44:49 45159 seconds since last log event
04/19/17 06:44:49 Pending DAG nodes:
04/19/17 06:44:49   Node cbow_tfidf_soft, HTCondor ID 886, status STATUS_SUBMITTED
04/19/17 06:54:50 45760 seconds since last log event
04/19/17 06:54:50 Pending DAG nodes:
04/19/17 06:54:50   Node cbow_tfidf_soft, HTCondor ID 886, status STATUS_SUBMITTED
04/19/17 07:04:53 46363 seconds since last log event
04/19/17 07:04:53 Pending DAG nodes:
04/19/17 07:04:53   Node cbow_tfidf_soft, HTCondor ID 886, status STATUS_SUBMITTED
04/19/17 07:14:55 46965 seconds since last log event
04/19/17 07:14:55 Pending DAG nodes:
04/19/17 07:14:55   Node cbow_tfidf_soft, HTCondor ID 886, status STATUS_SUBMITTED
04/19/17 07:24:58 47568 seconds since last log event
04/19/17 07:24:58 Pending DAG nodes:
04/19/17 07:24:58   Node cbow_tfidf_soft, HTCondor ID 886, status STATUS_SUBMITTED
04/19/17 07:35:00 48170 seconds since last log event
04/19/17 07:35:00 Pending DAG nodes:
04/19/17 07:35:00   Node cbow_tfidf_soft, HTCondor ID 886, status STATUS_SUBMITTED
04/19/17 07:45:01 48771 seconds since last log event
04/19/17 07:45:01 Pending DAG nodes:
04/19/17 07:45:01   Node cbow_tfidf_soft, HTCondor ID 886, status STATUS_SUBMITTED
04/19/17 07:55:03 49373 seconds since last log event
04/19/17 07:55:03 Pending DAG nodes:
04/19/17 07:55:03   Node cbow_tfidf_soft, HTCondor ID 886, status STATUS_SUBMITTED
04/19/17 08:05:05 49975 seconds since last log event
04/19/17 08:05:05 Pending DAG nodes:
04/19/17 08:05:05   Node cbow_tfidf_soft, HTCondor ID 886, status STATUS_SUBMITTED
04/19/17 08:15:07 50577 seconds since last log event
04/19/17 08:15:07 Pending DAG nodes:
04/19/17 08:15:07   Node cbow_tfidf_soft, HTCondor ID 886, status STATUS_SUBMITTED
04/19/17 08:25:09 51179 seconds since last log event
04/19/17 08:25:09 Pending DAG nodes:
04/19/17 08:25:09   Node cbow_tfidf_soft, HTCondor ID 886, status STATUS_SUBMITTED
04/19/17 08:35:10 51780 seconds since last log event
04/19/17 08:35:10 Pending DAG nodes:
04/19/17 08:35:10   Node cbow_tfidf_soft, HTCondor ID 886, status STATUS_SUBMITTED
04/19/17 08:45:12 52382 seconds since last log event
04/19/17 08:45:12 Pending DAG nodes:
04/19/17 08:45:12   Node cbow_tfidf_soft, HTCondor ID 886, status STATUS_SUBMITTED
04/19/17 08:55:14 52984 seconds since last log event
04/19/17 08:55:14 Pending DAG nodes:
04/19/17 08:55:14   Node cbow_tfidf_soft, HTCondor ID 886, status STATUS_SUBMITTED
04/19/17 09:05:15 53585 seconds since last log event
04/19/17 09:05:15 Pending DAG nodes:
04/19/17 09:05:15   Node cbow_tfidf_soft, HTCondor ID 886, status STATUS_SUBMITTED
04/19/17 09:15:18 54188 seconds since last log event
04/19/17 09:15:18 Pending DAG nodes:
04/19/17 09:15:18   Node cbow_tfidf_soft, HTCondor ID 886, status STATUS_SUBMITTED
04/19/17 09:25:20 54790 seconds since last log event
04/19/17 09:25:20 Pending DAG nodes:
04/19/17 09:25:20   Node cbow_tfidf_soft, HTCondor ID 886, status STATUS_SUBMITTED
04/19/17 09:35:23 55393 seconds since last log event
04/19/17 09:35:23 Pending DAG nodes:
04/19/17 09:35:23   Node cbow_tfidf_soft, HTCondor ID 886, status STATUS_SUBMITTED
04/19/17 09:45:26 55996 seconds since last log event
04/19/17 09:45:26 Pending DAG nodes:
04/19/17 09:45:26   Node cbow_tfidf_soft, HTCondor ID 886, status STATUS_SUBMITTED
04/19/17 09:55:28 56598 seconds since last log event
04/19/17 09:55:28 Pending DAG nodes:
04/19/17 09:55:28   Node cbow_tfidf_soft, HTCondor ID 886, status STATUS_SUBMITTED
04/19/17 10:05:30 57200 seconds since last log event
04/19/17 10:05:30 Pending DAG nodes:
04/19/17 10:05:30   Node cbow_tfidf_soft, HTCondor ID 886, status STATUS_SUBMITTED
04/19/17 10:15:32 57802 seconds since last log event
04/19/17 10:15:32 Pending DAG nodes:
04/19/17 10:15:32   Node cbow_tfidf_soft, HTCondor ID 886, status STATUS_SUBMITTED
04/19/17 10:25:33 58403 seconds since last log event
04/19/17 10:25:33 Pending DAG nodes:
04/19/17 10:25:33   Node cbow_tfidf_soft, HTCondor ID 886, status STATUS_SUBMITTED
04/19/17 10:35:34 59004 seconds since last log event
04/19/17 10:35:34 Pending DAG nodes:
04/19/17 10:35:34   Node cbow_tfidf_soft, HTCondor ID 886, status STATUS_SUBMITTED
04/19/17 10:45:37 59607 seconds since last log event
04/19/17 10:45:37 Pending DAG nodes:
04/19/17 10:45:37   Node cbow_tfidf_soft, HTCondor ID 886, status STATUS_SUBMITTED
04/19/17 10:55:39 60209 seconds since last log event
04/19/17 10:55:39 Pending DAG nodes:
04/19/17 10:55:39   Node cbow_tfidf_soft, HTCondor ID 886, status STATUS_SUBMITTED
04/19/17 11:05:42 60812 seconds since last log event
04/19/17 11:05:42 Pending DAG nodes:
04/19/17 11:05:42   Node cbow_tfidf_soft, HTCondor ID 886, status STATUS_SUBMITTED
04/19/17 11:15:45 61415 seconds since last log event
04/19/17 11:15:45 Pending DAG nodes:
04/19/17 11:15:45   Node cbow_tfidf_soft, HTCondor ID 886, status STATUS_SUBMITTED
04/19/17 11:25:48 62018 seconds since last log event
04/19/17 11:25:48 Pending DAG nodes:
04/19/17 11:25:48   Node cbow_tfidf_soft, HTCondor ID 886, status STATUS_SUBMITTED
04/19/17 11:35:50 62620 seconds since last log event
04/19/17 11:35:50 Pending DAG nodes:
04/19/17 11:35:50   Node cbow_tfidf_soft, HTCondor ID 886, status STATUS_SUBMITTED
04/19/17 11:45:53 63223 seconds since last log event
04/19/17 11:45:53 Pending DAG nodes:
04/19/17 11:45:53   Node cbow_tfidf_soft, HTCondor ID 886, status STATUS_SUBMITTED
04/19/17 11:55:54 63824 seconds since last log event
04/19/17 11:55:54 Pending DAG nodes:
04/19/17 11:55:54   Node cbow_tfidf_soft, HTCondor ID 886, status STATUS_SUBMITTED
04/19/17 12:05:56 64426 seconds since last log event
04/19/17 12:05:56 Pending DAG nodes:
04/19/17 12:05:56   Node cbow_tfidf_soft, HTCondor ID 886, status STATUS_SUBMITTED
04/19/17 12:15:58 65028 seconds since last log event
04/19/17 12:15:58 Pending DAG nodes:
04/19/17 12:15:58   Node cbow_tfidf_soft, HTCondor ID 886, status STATUS_SUBMITTED
04/19/17 12:26:01 65631 seconds since last log event
04/19/17 12:26:01 Pending DAG nodes:
04/19/17 12:26:01   Node cbow_tfidf_soft, HTCondor ID 886, status STATUS_SUBMITTED
04/19/17 12:36:03 66233 seconds since last log event
04/19/17 12:36:03 Pending DAG nodes:
04/19/17 12:36:03   Node cbow_tfidf_soft, HTCondor ID 886, status STATUS_SUBMITTED
04/19/17 12:46:06 66836 seconds since last log event
04/19/17 12:46:06 Pending DAG nodes:
04/19/17 12:46:06   Node cbow_tfidf_soft, HTCondor ID 886, status STATUS_SUBMITTED
04/19/17 12:56:09 67439 seconds since last log event
04/19/17 12:56:09 Pending DAG nodes:
04/19/17 12:56:09   Node cbow_tfidf_soft, HTCondor ID 886, status STATUS_SUBMITTED
04/19/17 13:06:12 68042 seconds since last log event
04/19/17 13:06:12 Pending DAG nodes:
04/19/17 13:06:12   Node cbow_tfidf_soft, HTCondor ID 886, status STATUS_SUBMITTED
04/19/17 13:16:15 68645 seconds since last log event
04/19/17 13:16:15 Pending DAG nodes:
04/19/17 13:16:15   Node cbow_tfidf_soft, HTCondor ID 886, status STATUS_SUBMITTED
04/19/17 13:26:17 69247 seconds since last log event
04/19/17 13:26:17 Pending DAG nodes:
04/19/17 13:26:17   Node cbow_tfidf_soft, HTCondor ID 886, status STATUS_SUBMITTED
04/19/17 13:36:20 69850 seconds since last log event
04/19/17 13:36:20 Pending DAG nodes:
04/19/17 13:36:20   Node cbow_tfidf_soft, HTCondor ID 886, status STATUS_SUBMITTED
04/19/17 13:46:22 70452 seconds since last log event
04/19/17 13:46:22 Pending DAG nodes:
04/19/17 13:46:22   Node cbow_tfidf_soft, HTCondor ID 886, status STATUS_SUBMITTED
04/19/17 13:56:25 71055 seconds since last log event
04/19/17 13:56:25 Pending DAG nodes:
04/19/17 13:56:25   Node cbow_tfidf_soft, HTCondor ID 886, status STATUS_SUBMITTED
04/19/17 14:06:28 71658 seconds since last log event
04/19/17 14:06:28 Pending DAG nodes:
04/19/17 14:06:28   Node cbow_tfidf_soft, HTCondor ID 886, status STATUS_SUBMITTED
04/19/17 14:16:30 72260 seconds since last log event
04/19/17 14:16:30 Pending DAG nodes:
04/19/17 14:16:30   Node cbow_tfidf_soft, HTCondor ID 886, status STATUS_SUBMITTED
04/19/17 14:26:33 72863 seconds since last log event
04/19/17 14:26:33 Pending DAG nodes:
04/19/17 14:26:33   Node cbow_tfidf_soft, HTCondor ID 886, status STATUS_SUBMITTED
04/19/17 14:36:36 73466 seconds since last log event
04/19/17 14:36:36 Pending DAG nodes:
04/19/17 14:36:36   Node cbow_tfidf_soft, HTCondor ID 886, status STATUS_SUBMITTED
04/19/17 14:46:38 74068 seconds since last log event
04/19/17 14:46:38 Pending DAG nodes:
04/19/17 14:46:38   Node cbow_tfidf_soft, HTCondor ID 886, status STATUS_SUBMITTED
04/19/17 14:56:41 74671 seconds since last log event
04/19/17 14:56:41 Pending DAG nodes:
04/19/17 14:56:41   Node cbow_tfidf_soft, HTCondor ID 886, status STATUS_SUBMITTED
04/19/17 15:06:44 75274 seconds since last log event
04/19/17 15:06:44 Pending DAG nodes:
04/19/17 15:06:44   Node cbow_tfidf_soft, HTCondor ID 886, status STATUS_SUBMITTED
04/19/17 15:16:46 75876 seconds since last log event
04/19/17 15:16:46 Pending DAG nodes:
04/19/17 15:16:46   Node cbow_tfidf_soft, HTCondor ID 886, status STATUS_SUBMITTED
04/19/17 15:26:48 76478 seconds since last log event
04/19/17 15:26:48 Pending DAG nodes:
04/19/17 15:26:48   Node cbow_tfidf_soft, HTCondor ID 886, status STATUS_SUBMITTED
04/19/17 15:36:50 77080 seconds since last log event
04/19/17 15:36:50 Pending DAG nodes:
04/19/17 15:36:50   Node cbow_tfidf_soft, HTCondor ID 886, status STATUS_SUBMITTED
04/19/17 15:46:53 77683 seconds since last log event
04/19/17 15:46:53 Pending DAG nodes:
04/19/17 15:46:53   Node cbow_tfidf_soft, HTCondor ID 886, status STATUS_SUBMITTED
04/19/17 15:56:55 78285 seconds since last log event
04/19/17 15:56:55 Pending DAG nodes:
04/19/17 15:56:55   Node cbow_tfidf_soft, HTCondor ID 886, status STATUS_SUBMITTED
04/19/17 16:06:57 78887 seconds since last log event
04/19/17 16:06:57 Pending DAG nodes:
04/19/17 16:06:57   Node cbow_tfidf_soft, HTCondor ID 886, status STATUS_SUBMITTED
04/19/17 16:17:00 79490 seconds since last log event
04/19/17 16:17:00 Pending DAG nodes:
04/19/17 16:17:00   Node cbow_tfidf_soft, HTCondor ID 886, status STATUS_SUBMITTED
04/19/17 16:27:02 80092 seconds since last log event
04/19/17 16:27:02 Pending DAG nodes:
04/19/17 16:27:02   Node cbow_tfidf_soft, HTCondor ID 886, status STATUS_SUBMITTED
04/19/17 16:37:04 80694 seconds since last log event
04/19/17 16:37:04 Pending DAG nodes:
04/19/17 16:37:04   Node cbow_tfidf_soft, HTCondor ID 886, status STATUS_SUBMITTED
04/19/17 16:47:06 81296 seconds since last log event
04/19/17 16:47:06 Pending DAG nodes:
04/19/17 16:47:06   Node cbow_tfidf_soft, HTCondor ID 886, status STATUS_SUBMITTED
04/19/17 16:57:08 81898 seconds since last log event
04/19/17 16:57:08 Pending DAG nodes:
04/19/17 16:57:08   Node cbow_tfidf_soft, HTCondor ID 886, status STATUS_SUBMITTED
04/19/17 17:07:10 82500 seconds since last log event
04/19/17 17:07:10 Pending DAG nodes:
04/19/17 17:07:10   Node cbow_tfidf_soft, HTCondor ID 886, status STATUS_SUBMITTED
04/19/17 17:17:12 83102 seconds since last log event
04/19/17 17:17:12 Pending DAG nodes:
04/19/17 17:17:12   Node cbow_tfidf_soft, HTCondor ID 886, status STATUS_SUBMITTED
04/19/17 17:27:14 83704 seconds since last log event
04/19/17 17:27:14 Pending DAG nodes:
04/19/17 17:27:14   Node cbow_tfidf_soft, HTCondor ID 886, status STATUS_SUBMITTED
04/19/17 17:37:16 84306 seconds since last log event
04/19/17 17:37:16 Pending DAG nodes:
04/19/17 17:37:16   Node cbow_tfidf_soft, HTCondor ID 886, status STATUS_SUBMITTED
04/19/17 17:47:18 84908 seconds since last log event
04/19/17 17:47:18 Pending DAG nodes:
04/19/17 17:47:18   Node cbow_tfidf_soft, HTCondor ID 886, status STATUS_SUBMITTED
04/19/17 17:57:21 85511 seconds since last log event
04/19/17 17:57:21 Pending DAG nodes:
04/19/17 17:57:21   Node cbow_tfidf_soft, HTCondor ID 886, status STATUS_SUBMITTED
04/19/17 18:07:23 86113 seconds since last log event
04/19/17 18:07:23 Pending DAG nodes:
04/19/17 18:07:23   Node cbow_tfidf_soft, HTCondor ID 886, status STATUS_SUBMITTED
04/19/17 18:17:25 86715 seconds since last log event
04/19/17 18:17:25 Pending DAG nodes:
04/19/17 18:17:25   Node cbow_tfidf_soft, HTCondor ID 886, status STATUS_SUBMITTED
04/19/17 18:27:28 87318 seconds since last log event
04/19/17 18:27:28 Pending DAG nodes:
04/19/17 18:27:28   Node cbow_tfidf_soft, HTCondor ID 886, status STATUS_SUBMITTED
04/19/17 18:37:30 87920 seconds since last log event
04/19/17 18:37:30 Pending DAG nodes:
04/19/17 18:37:30   Node cbow_tfidf_soft, HTCondor ID 886, status STATUS_SUBMITTED
04/19/17 18:47:31 88521 seconds since last log event
04/19/17 18:47:31 Pending DAG nodes:
04/19/17 18:47:31   Node cbow_tfidf_soft, HTCondor ID 886, status STATUS_SUBMITTED
04/19/17 18:57:34 89124 seconds since last log event
04/19/17 18:57:34 Pending DAG nodes:
04/19/17 18:57:34   Node cbow_tfidf_soft, HTCondor ID 886, status STATUS_SUBMITTED
04/19/17 19:07:37 89727 seconds since last log event
04/19/17 19:07:37 Pending DAG nodes:
04/19/17 19:07:37   Node cbow_tfidf_soft, HTCondor ID 886, status STATUS_SUBMITTED
04/19/17 19:17:39 90329 seconds since last log event
04/19/17 19:17:39 Pending DAG nodes:
04/19/17 19:17:39   Node cbow_tfidf_soft, HTCondor ID 886, status STATUS_SUBMITTED
04/19/17 19:27:42 90932 seconds since last log event
04/19/17 19:27:42 Pending DAG nodes:
04/19/17 19:27:42   Node cbow_tfidf_soft, HTCondor ID 886, status STATUS_SUBMITTED
04/19/17 19:37:44 91534 seconds since last log event
04/19/17 19:37:44 Pending DAG nodes:
04/19/17 19:37:44   Node cbow_tfidf_soft, HTCondor ID 886, status STATUS_SUBMITTED
04/19/17 19:47:47 92137 seconds since last log event
04/19/17 19:47:47 Pending DAG nodes:
04/19/17 19:47:47   Node cbow_tfidf_soft, HTCondor ID 886, status STATUS_SUBMITTED
04/19/17 19:57:50 92740 seconds since last log event
04/19/17 19:57:50 Pending DAG nodes:
04/19/17 19:57:50   Node cbow_tfidf_soft, HTCondor ID 886, status STATUS_SUBMITTED
04/19/17 20:07:52 93342 seconds since last log event
04/19/17 20:07:52 Pending DAG nodes:
04/19/17 20:07:52   Node cbow_tfidf_soft, HTCondor ID 886, status STATUS_SUBMITTED
04/19/17 20:17:55 93945 seconds since last log event
04/19/17 20:17:55 Pending DAG nodes:
04/19/17 20:17:55   Node cbow_tfidf_soft, HTCondor ID 886, status STATUS_SUBMITTED
04/19/17 20:27:57 94547 seconds since last log event
04/19/17 20:27:57 Pending DAG nodes:
04/19/17 20:27:57   Node cbow_tfidf_soft, HTCondor ID 886, status STATUS_SUBMITTED
04/19/17 20:38:00 95150 seconds since last log event
04/19/17 20:38:00 Pending DAG nodes:
04/19/17 20:38:00   Node cbow_tfidf_soft, HTCondor ID 886, status STATUS_SUBMITTED
04/19/17 20:48:02 95752 seconds since last log event
04/19/17 20:48:02 Pending DAG nodes:
04/19/17 20:48:02   Node cbow_tfidf_soft, HTCondor ID 886, status STATUS_SUBMITTED
04/19/17 20:58:03 96353 seconds since last log event
04/19/17 20:58:03 Pending DAG nodes:
04/19/17 20:58:03   Node cbow_tfidf_soft, HTCondor ID 886, status STATUS_SUBMITTED
04/19/17 21:08:05 96955 seconds since last log event
04/19/17 21:08:05 Pending DAG nodes:
04/19/17 21:08:05   Node cbow_tfidf_soft, HTCondor ID 886, status STATUS_SUBMITTED
04/19/17 21:18:08 97558 seconds since last log event
04/19/17 21:18:08 Pending DAG nodes:
04/19/17 21:18:08   Node cbow_tfidf_soft, HTCondor ID 886, status STATUS_SUBMITTED
04/19/17 21:28:11 98161 seconds since last log event
04/19/17 21:28:11 Pending DAG nodes:
04/19/17 21:28:11   Node cbow_tfidf_soft, HTCondor ID 886, status STATUS_SUBMITTED
04/19/17 21:38:14 98764 seconds since last log event
04/19/17 21:38:14 Pending DAG nodes:
04/19/17 21:38:14   Node cbow_tfidf_soft, HTCondor ID 886, status STATUS_SUBMITTED
04/19/17 21:48:17 99367 seconds since last log event
04/19/17 21:48:17 Pending DAG nodes:
04/19/17 21:48:17   Node cbow_tfidf_soft, HTCondor ID 886, status STATUS_SUBMITTED
04/19/17 21:58:20 99970 seconds since last log event
04/19/17 21:58:20 Pending DAG nodes:
04/19/17 21:58:20   Node cbow_tfidf_soft, HTCondor ID 886, status STATUS_SUBMITTED
04/19/17 22:08:22 100572 seconds since last log event
04/19/17 22:08:22 Pending DAG nodes:
04/19/17 22:08:22   Node cbow_tfidf_soft, HTCondor ID 886, status STATUS_SUBMITTED
04/19/17 22:18:24 101174 seconds since last log event
04/19/17 22:18:24 Pending DAG nodes:
04/19/17 22:18:24   Node cbow_tfidf_soft, HTCondor ID 886, status STATUS_SUBMITTED
04/19/17 22:28:27 101777 seconds since last log event
04/19/17 22:28:27 Pending DAG nodes:
04/19/17 22:28:27   Node cbow_tfidf_soft, HTCondor ID 886, status STATUS_SUBMITTED
04/19/17 22:38:30 102380 seconds since last log event
04/19/17 22:38:30 Pending DAG nodes:
04/19/17 22:38:30   Node cbow_tfidf_soft, HTCondor ID 886, status STATUS_SUBMITTED
04/19/17 22:48:33 102983 seconds since last log event
04/19/17 22:48:33 Pending DAG nodes:
04/19/17 22:48:33   Node cbow_tfidf_soft, HTCondor ID 886, status STATUS_SUBMITTED
04/19/17 22:58:35 103585 seconds since last log event
04/19/17 22:58:35 Pending DAG nodes:
04/19/17 22:58:35   Node cbow_tfidf_soft, HTCondor ID 886, status STATUS_SUBMITTED
04/19/17 23:08:37 104187 seconds since last log event
04/19/17 23:08:37 Pending DAG nodes:
04/19/17 23:08:37   Node cbow_tfidf_soft, HTCondor ID 886, status STATUS_SUBMITTED
04/19/17 23:18:40 104790 seconds since last log event
04/19/17 23:18:40 Pending DAG nodes:
04/19/17 23:18:40   Node cbow_tfidf_soft, HTCondor ID 886, status STATUS_SUBMITTED
04/19/17 23:28:41 105391 seconds since last log event
04/19/17 23:28:41 Pending DAG nodes:
04/19/17 23:28:41   Node cbow_tfidf_soft, HTCondor ID 886, status STATUS_SUBMITTED
04/19/17 23:38:44 105994 seconds since last log event
04/19/17 23:38:44 Pending DAG nodes:
04/19/17 23:38:44   Node cbow_tfidf_soft, HTCondor ID 886, status STATUS_SUBMITTED
04/19/17 23:48:47 106597 seconds since last log event
04/19/17 23:48:47 Pending DAG nodes:
04/19/17 23:48:47   Node cbow_tfidf_soft, HTCondor ID 886, status STATUS_SUBMITTED
04/19/17 23:58:50 107200 seconds since last log event
04/19/17 23:58:50 Pending DAG nodes:
04/19/17 23:58:50   Node cbow_tfidf_soft, HTCondor ID 886, status STATUS_SUBMITTED
04/20/17 00:08:54 107804 seconds since last log event
04/20/17 00:08:54 Pending DAG nodes:
04/20/17 00:08:54   Node cbow_tfidf_soft, HTCondor ID 886, status STATUS_SUBMITTED
04/20/17 00:18:56 108406 seconds since last log event
04/20/17 00:18:56 Pending DAG nodes:
04/20/17 00:18:56   Node cbow_tfidf_soft, HTCondor ID 886, status STATUS_SUBMITTED
04/20/17 00:28:58 109008 seconds since last log event
04/20/17 00:28:58 Pending DAG nodes:
04/20/17 00:28:58   Node cbow_tfidf_soft, HTCondor ID 886, status STATUS_SUBMITTED
04/20/17 00:39:01 109611 seconds since last log event
04/20/17 00:39:01 Pending DAG nodes:
04/20/17 00:39:01   Node cbow_tfidf_soft, HTCondor ID 886, status STATUS_SUBMITTED
04/20/17 00:49:03 110213 seconds since last log event
04/20/17 00:49:03 Pending DAG nodes:
04/20/17 00:49:03   Node cbow_tfidf_soft, HTCondor ID 886, status STATUS_SUBMITTED
04/20/17 00:59:06 110816 seconds since last log event
04/20/17 00:59:06 Pending DAG nodes:
04/20/17 00:59:06   Node cbow_tfidf_soft, HTCondor ID 886, status STATUS_SUBMITTED
04/20/17 01:09:09 111419 seconds since last log event
04/20/17 01:09:09 Pending DAG nodes:
04/20/17 01:09:09   Node cbow_tfidf_soft, HTCondor ID 886, status STATUS_SUBMITTED
04/20/17 01:19:12 112022 seconds since last log event
04/20/17 01:19:12 Pending DAG nodes:
04/20/17 01:19:12   Node cbow_tfidf_soft, HTCondor ID 886, status STATUS_SUBMITTED
04/20/17 01:29:15 112625 seconds since last log event
04/20/17 01:29:15 Pending DAG nodes:
04/20/17 01:29:15   Node cbow_tfidf_soft, HTCondor ID 886, status STATUS_SUBMITTED
04/20/17 01:39:18 113228 seconds since last log event
04/20/17 01:39:18 Pending DAG nodes:
04/20/17 01:39:18   Node cbow_tfidf_soft, HTCondor ID 886, status STATUS_SUBMITTED
04/20/17 01:49:20 113830 seconds since last log event
04/20/17 01:49:20 Pending DAG nodes:
04/20/17 01:49:20   Node cbow_tfidf_soft, HTCondor ID 886, status STATUS_SUBMITTED
04/20/17 01:59:23 114433 seconds since last log event
04/20/17 01:59:23 Pending DAG nodes:
04/20/17 01:59:23   Node cbow_tfidf_soft, HTCondor ID 886, status STATUS_SUBMITTED
04/20/17 02:09:26 115036 seconds since last log event
04/20/17 02:09:26 Pending DAG nodes:
04/20/17 02:09:26   Node cbow_tfidf_soft, HTCondor ID 886, status STATUS_SUBMITTED
04/20/17 02:19:29 115639 seconds since last log event
04/20/17 02:19:29 Pending DAG nodes:
04/20/17 02:19:29   Node cbow_tfidf_soft, HTCondor ID 886, status STATUS_SUBMITTED
04/20/17 02:29:31 116241 seconds since last log event
04/20/17 02:29:31 Pending DAG nodes:
04/20/17 02:29:31   Node cbow_tfidf_soft, HTCondor ID 886, status STATUS_SUBMITTED
04/20/17 02:39:34 116844 seconds since last log event
04/20/17 02:39:34 Pending DAG nodes:
04/20/17 02:39:34   Node cbow_tfidf_soft, HTCondor ID 886, status STATUS_SUBMITTED
04/20/17 02:49:36 117446 seconds since last log event
04/20/17 02:49:36 Pending DAG nodes:
04/20/17 02:49:36   Node cbow_tfidf_soft, HTCondor ID 886, status STATUS_SUBMITTED
04/20/17 02:59:39 118049 seconds since last log event
04/20/17 02:59:39 Pending DAG nodes:
04/20/17 02:59:39   Node cbow_tfidf_soft, HTCondor ID 886, status STATUS_SUBMITTED
04/20/17 03:09:42 118652 seconds since last log event
04/20/17 03:09:42 Pending DAG nodes:
04/20/17 03:09:42   Node cbow_tfidf_soft, HTCondor ID 886, status STATUS_SUBMITTED
04/20/17 03:19:45 119255 seconds since last log event
04/20/17 03:19:45 Pending DAG nodes:
04/20/17 03:19:45   Node cbow_tfidf_soft, HTCondor ID 886, status STATUS_SUBMITTED
04/20/17 03:29:48 119858 seconds since last log event
04/20/17 03:29:48 Pending DAG nodes:
04/20/17 03:29:48   Node cbow_tfidf_soft, HTCondor ID 886, status STATUS_SUBMITTED
04/20/17 03:39:50 120460 seconds since last log event
04/20/17 03:39:50 Pending DAG nodes:
04/20/17 03:39:50   Node cbow_tfidf_soft, HTCondor ID 886, status STATUS_SUBMITTED
04/20/17 03:49:53 121063 seconds since last log event
04/20/17 03:49:53 Pending DAG nodes:
04/20/17 03:49:53   Node cbow_tfidf_soft, HTCondor ID 886, status STATUS_SUBMITTED
04/20/17 03:59:56 121666 seconds since last log event
04/20/17 03:59:56 Pending DAG nodes:
04/20/17 03:59:56   Node cbow_tfidf_soft, HTCondor ID 886, status STATUS_SUBMITTED
04/20/17 04:09:59 122269 seconds since last log event
04/20/17 04:09:59 Pending DAG nodes:
04/20/17 04:09:59   Node cbow_tfidf_soft, HTCondor ID 886, status STATUS_SUBMITTED
04/20/17 04:20:02 122872 seconds since last log event
04/20/17 04:20:02 Pending DAG nodes:
04/20/17 04:20:02   Node cbow_tfidf_soft, HTCondor ID 886, status STATUS_SUBMITTED
04/20/17 04:30:04 123474 seconds since last log event
04/20/17 04:30:04 Pending DAG nodes:
04/20/17 04:30:04   Node cbow_tfidf_soft, HTCondor ID 886, status STATUS_SUBMITTED
04/20/17 04:40:07 124077 seconds since last log event
04/20/17 04:40:07 Pending DAG nodes:
04/20/17 04:40:07   Node cbow_tfidf_soft, HTCondor ID 886, status STATUS_SUBMITTED
04/20/17 04:50:10 124680 seconds since last log event
04/20/17 04:50:10 Pending DAG nodes:
04/20/17 04:50:10   Node cbow_tfidf_soft, HTCondor ID 886, status STATUS_SUBMITTED
04/20/17 05:00:13 125283 seconds since last log event
04/20/17 05:00:13 Pending DAG nodes:
04/20/17 05:00:13   Node cbow_tfidf_soft, HTCondor ID 886, status STATUS_SUBMITTED
04/20/17 05:10:15 125885 seconds since last log event
04/20/17 05:10:15 Pending DAG nodes:
04/20/17 05:10:15   Node cbow_tfidf_soft, HTCondor ID 886, status STATUS_SUBMITTED
04/20/17 05:20:16 126486 seconds since last log event
04/20/17 05:20:16 Pending DAG nodes:
04/20/17 05:20:16   Node cbow_tfidf_soft, HTCondor ID 886, status STATUS_SUBMITTED
04/20/17 05:30:18 127088 seconds since last log event
04/20/17 05:30:18 Pending DAG nodes:
04/20/17 05:30:18   Node cbow_tfidf_soft, HTCondor ID 886, status STATUS_SUBMITTED
04/20/17 05:40:21 127691 seconds since last log event
04/20/17 05:40:21 Pending DAG nodes:
04/20/17 05:40:21   Node cbow_tfidf_soft, HTCondor ID 886, status STATUS_SUBMITTED
04/20/17 05:50:23 128293 seconds since last log event
04/20/17 05:50:23 Pending DAG nodes:
04/20/17 05:50:23   Node cbow_tfidf_soft, HTCondor ID 886, status STATUS_SUBMITTED
04/20/17 06:00:25 128895 seconds since last log event
04/20/17 06:00:25 Pending DAG nodes:
04/20/17 06:00:25   Node cbow_tfidf_soft, HTCondor ID 886, status STATUS_SUBMITTED
04/20/17 06:10:28 129498 seconds since last log event
04/20/17 06:10:28 Pending DAG nodes:
04/20/17 06:10:28   Node cbow_tfidf_soft, HTCondor ID 886, status STATUS_SUBMITTED
04/20/17 06:20:31 130101 seconds since last log event
04/20/17 06:20:31 Pending DAG nodes:
04/20/17 06:20:31   Node cbow_tfidf_soft, HTCondor ID 886, status STATUS_SUBMITTED
04/20/17 06:30:34 130704 seconds since last log event
04/20/17 06:30:34 Pending DAG nodes:
04/20/17 06:30:34   Node cbow_tfidf_soft, HTCondor ID 886, status STATUS_SUBMITTED
04/20/17 06:40:37 131307 seconds since last log event
04/20/17 06:40:37 Pending DAG nodes:
04/20/17 06:40:37   Node cbow_tfidf_soft, HTCondor ID 886, status STATUS_SUBMITTED
04/20/17 06:50:40 131910 seconds since last log event
04/20/17 06:50:40 Pending DAG nodes:
04/20/17 06:50:40   Node cbow_tfidf_soft, HTCondor ID 886, status STATUS_SUBMITTED
04/20/17 07:00:43 132513 seconds since last log event
04/20/17 07:00:43 Pending DAG nodes:
04/20/17 07:00:43   Node cbow_tfidf_soft, HTCondor ID 886, status STATUS_SUBMITTED
04/20/17 07:10:46 133116 seconds since last log event
04/20/17 07:10:46 Pending DAG nodes:
04/20/17 07:10:46   Node cbow_tfidf_soft, HTCondor ID 886, status STATUS_SUBMITTED
04/20/17 07:20:49 133719 seconds since last log event
04/20/17 07:20:49 Pending DAG nodes:
04/20/17 07:20:49   Node cbow_tfidf_soft, HTCondor ID 886, status STATUS_SUBMITTED
04/20/17 07:30:51 134321 seconds since last log event
04/20/17 07:30:51 Pending DAG nodes:
04/20/17 07:30:51   Node cbow_tfidf_soft, HTCondor ID 886, status STATUS_SUBMITTED
04/20/17 07:40:54 134924 seconds since last log event
04/20/17 07:40:54 Pending DAG nodes:
04/20/17 07:40:54   Node cbow_tfidf_soft, HTCondor ID 886, status STATUS_SUBMITTED
04/20/17 07:50:57 135527 seconds since last log event
04/20/17 07:50:57 Pending DAG nodes:
04/20/17 07:50:57   Node cbow_tfidf_soft, HTCondor ID 886, status STATUS_SUBMITTED
04/20/17 08:00:59 136129 seconds since last log event
04/20/17 08:00:59 Pending DAG nodes:
04/20/17 08:00:59   Node cbow_tfidf_soft, HTCondor ID 886, status STATUS_SUBMITTED
04/20/17 08:11:02 136732 seconds since last log event
04/20/17 08:11:02 Pending DAG nodes:
04/20/17 08:11:02   Node cbow_tfidf_soft, HTCondor ID 886, status STATUS_SUBMITTED
04/20/17 08:21:04 137334 seconds since last log event
04/20/17 08:21:04 Pending DAG nodes:
04/20/17 08:21:04   Node cbow_tfidf_soft, HTCondor ID 886, status STATUS_SUBMITTED
04/20/17 08:31:06 137936 seconds since last log event
04/20/17 08:31:06 Pending DAG nodes:
04/20/17 08:31:06   Node cbow_tfidf_soft, HTCondor ID 886, status STATUS_SUBMITTED
04/20/17 08:41:09 138539 seconds since last log event
04/20/17 08:41:09 Pending DAG nodes:
04/20/17 08:41:09   Node cbow_tfidf_soft, HTCondor ID 886, status STATUS_SUBMITTED
04/20/17 08:51:11 139141 seconds since last log event
04/20/17 08:51:11 Pending DAG nodes:
04/20/17 08:51:11   Node cbow_tfidf_soft, HTCondor ID 886, status STATUS_SUBMITTED
04/20/17 09:01:13 139743 seconds since last log event
04/20/17 09:01:13 Pending DAG nodes:
04/20/17 09:01:13   Node cbow_tfidf_soft, HTCondor ID 886, status STATUS_SUBMITTED
04/20/17 09:11:16 140346 seconds since last log event
04/20/17 09:11:16 Pending DAG nodes:
04/20/17 09:11:16   Node cbow_tfidf_soft, HTCondor ID 886, status STATUS_SUBMITTED
04/20/17 09:21:18 140948 seconds since last log event
04/20/17 09:21:18 Pending DAG nodes:
04/20/17 09:21:18   Node cbow_tfidf_soft, HTCondor ID 886, status STATUS_SUBMITTED
04/20/17 09:31:20 141550 seconds since last log event
04/20/17 09:31:20 Pending DAG nodes:
04/20/17 09:31:20   Node cbow_tfidf_soft, HTCondor ID 886, status STATUS_SUBMITTED
04/20/17 09:41:23 142153 seconds since last log event
04/20/17 09:41:23 Pending DAG nodes:
04/20/17 09:41:23   Node cbow_tfidf_soft, HTCondor ID 886, status STATUS_SUBMITTED
04/20/17 09:51:26 142756 seconds since last log event
04/20/17 09:51:26 Pending DAG nodes:
04/20/17 09:51:26   Node cbow_tfidf_soft, HTCondor ID 886, status STATUS_SUBMITTED
04/20/17 10:01:28 143358 seconds since last log event
04/20/17 10:01:28 Pending DAG nodes:
04/20/17 10:01:28   Node cbow_tfidf_soft, HTCondor ID 886, status STATUS_SUBMITTED
04/20/17 10:11:31 143961 seconds since last log event
04/20/17 10:11:31 Pending DAG nodes:
04/20/17 10:11:31   Node cbow_tfidf_soft, HTCondor ID 886, status STATUS_SUBMITTED
04/20/17 10:21:33 144563 seconds since last log event
04/20/17 10:21:33 Pending DAG nodes:
04/20/17 10:21:33   Node cbow_tfidf_soft, HTCondor ID 886, status STATUS_SUBMITTED
04/20/17 10:31:34 145164 seconds since last log event
04/20/17 10:31:34 Pending DAG nodes:
04/20/17 10:31:34   Node cbow_tfidf_soft, HTCondor ID 886, status STATUS_SUBMITTED
04/20/17 10:41:36 145766 seconds since last log event
04/20/17 10:41:36 Pending DAG nodes:
04/20/17 10:41:36   Node cbow_tfidf_soft, HTCondor ID 886, status STATUS_SUBMITTED
04/20/17 10:51:39 146369 seconds since last log event
04/20/17 10:51:39 Pending DAG nodes:
04/20/17 10:51:39   Node cbow_tfidf_soft, HTCondor ID 886, status STATUS_SUBMITTED
04/20/17 11:01:41 146971 seconds since last log event
04/20/17 11:01:41 Pending DAG nodes:
04/20/17 11:01:41   Node cbow_tfidf_soft, HTCondor ID 886, status STATUS_SUBMITTED
04/20/17 11:11:43 147573 seconds since last log event
04/20/17 11:11:43 Pending DAG nodes:
04/20/17 11:11:43   Node cbow_tfidf_soft, HTCondor ID 886, status STATUS_SUBMITTED
04/20/17 11:21:46 148176 seconds since last log event
04/20/17 11:21:46 Pending DAG nodes:
04/20/17 11:21:46   Node cbow_tfidf_soft, HTCondor ID 886, status STATUS_SUBMITTED
04/20/17 11:31:48 148778 seconds since last log event
04/20/17 11:31:48 Pending DAG nodes:
04/20/17 11:31:48   Node cbow_tfidf_soft, HTCondor ID 886, status STATUS_SUBMITTED
04/20/17 11:41:51 149381 seconds since last log event
04/20/17 11:41:51 Pending DAG nodes:
04/20/17 11:41:51   Node cbow_tfidf_soft, HTCondor ID 886, status STATUS_SUBMITTED
04/20/17 11:51:53 149983 seconds since last log event
04/20/17 11:51:53 Pending DAG nodes:
04/20/17 11:51:53   Node cbow_tfidf_soft, HTCondor ID 886, status STATUS_SUBMITTED
04/20/17 12:01:55 150585 seconds since last log event
04/20/17 12:01:55 Pending DAG nodes:
04/20/17 12:01:55   Node cbow_tfidf_soft, HTCondor ID 886, status STATUS_SUBMITTED
04/20/17 12:11:58 151188 seconds since last log event
04/20/17 12:11:58 Pending DAG nodes:
04/20/17 12:11:58   Node cbow_tfidf_soft, HTCondor ID 886, status STATUS_SUBMITTED
04/20/17 12:22:00 151790 seconds since last log event
04/20/17 12:22:00 Pending DAG nodes:
04/20/17 12:22:00   Node cbow_tfidf_soft, HTCondor ID 886, status STATUS_SUBMITTED
04/20/17 12:32:02 152392 seconds since last log event
04/20/17 12:32:02 Pending DAG nodes:
04/20/17 12:32:02   Node cbow_tfidf_soft, HTCondor ID 886, status STATUS_SUBMITTED
04/20/17 12:42:04 152994 seconds since last log event
04/20/17 12:42:04 Pending DAG nodes:
04/20/17 12:42:04   Node cbow_tfidf_soft, HTCondor ID 886, status STATUS_SUBMITTED
04/20/17 12:52:07 153597 seconds since last log event
04/20/17 12:52:07 Pending DAG nodes:
04/20/17 12:52:07   Node cbow_tfidf_soft, HTCondor ID 886, status STATUS_SUBMITTED
04/20/17 13:02:08 154198 seconds since last log event
04/20/17 13:02:08 Pending DAG nodes:
04/20/17 13:02:08   Node cbow_tfidf_soft, HTCondor ID 886, status STATUS_SUBMITTED
04/20/17 13:12:10 154800 seconds since last log event
04/20/17 13:12:10 Pending DAG nodes:
04/20/17 13:12:10   Node cbow_tfidf_soft, HTCondor ID 886, status STATUS_SUBMITTED
04/20/17 13:22:12 155402 seconds since last log event
04/20/17 13:22:12 Pending DAG nodes:
04/20/17 13:22:12   Node cbow_tfidf_soft, HTCondor ID 886, status STATUS_SUBMITTED
04/20/17 13:32:15 156005 seconds since last log event
04/20/17 13:32:15 Pending DAG nodes:
04/20/17 13:32:15   Node cbow_tfidf_soft, HTCondor ID 886, status STATUS_SUBMITTED
04/20/17 13:42:17 156607 seconds since last log event
04/20/17 13:42:17 Pending DAG nodes:
04/20/17 13:42:17   Node cbow_tfidf_soft, HTCondor ID 886, status STATUS_SUBMITTED
04/20/17 13:52:19 157209 seconds since last log event
04/20/17 13:52:19 Pending DAG nodes:
04/20/17 13:52:19   Node cbow_tfidf_soft, HTCondor ID 886, status STATUS_SUBMITTED
04/20/17 14:02:22 157812 seconds since last log event
04/20/17 14:02:22 Pending DAG nodes:
04/20/17 14:02:22   Node cbow_tfidf_soft, HTCondor ID 886, status STATUS_SUBMITTED
04/20/17 14:12:25 158415 seconds since last log event
04/20/17 14:12:25 Pending DAG nodes:
04/20/17 14:12:25   Node cbow_tfidf_soft, HTCondor ID 886, status STATUS_SUBMITTED
04/20/17 14:22:28 159018 seconds since last log event
04/20/17 14:22:28 Pending DAG nodes:
04/20/17 14:22:28   Node cbow_tfidf_soft, HTCondor ID 886, status STATUS_SUBMITTED
04/20/17 14:32:30 159620 seconds since last log event
04/20/17 14:32:30 Pending DAG nodes:
04/20/17 14:32:30   Node cbow_tfidf_soft, HTCondor ID 886, status STATUS_SUBMITTED
04/20/17 14:42:33 160223 seconds since last log event
04/20/17 14:42:33 Pending DAG nodes:
04/20/17 14:42:33   Node cbow_tfidf_soft, HTCondor ID 886, status STATUS_SUBMITTED
04/20/17 14:52:35 160825 seconds since last log event
04/20/17 14:52:35 Pending DAG nodes:
04/20/17 14:52:35   Node cbow_tfidf_soft, HTCondor ID 886, status STATUS_SUBMITTED
04/20/17 15:02:37 161427 seconds since last log event
04/20/17 15:02:37 Pending DAG nodes:
04/20/17 15:02:37   Node cbow_tfidf_soft, HTCondor ID 886, status STATUS_SUBMITTED
04/20/17 15:12:40 162030 seconds since last log event
04/20/17 15:12:40 Pending DAG nodes:
04/20/17 15:12:40   Node cbow_tfidf_soft, HTCondor ID 886, status STATUS_SUBMITTED
04/20/17 15:22:43 162633 seconds since last log event
04/20/17 15:22:43 Pending DAG nodes:
04/20/17 15:22:43   Node cbow_tfidf_soft, HTCondor ID 886, status STATUS_SUBMITTED
04/20/17 15:32:45 163235 seconds since last log event
04/20/17 15:32:45 Pending DAG nodes:
04/20/17 15:32:45   Node cbow_tfidf_soft, HTCondor ID 886, status STATUS_SUBMITTED
04/20/17 15:42:48 163838 seconds since last log event
04/20/17 15:42:48 Pending DAG nodes:
04/20/17 15:42:48   Node cbow_tfidf_soft, HTCondor ID 886, status STATUS_SUBMITTED
04/20/17 15:52:51 164441 seconds since last log event
04/20/17 15:52:51 Pending DAG nodes:
04/20/17 15:52:51   Node cbow_tfidf_soft, HTCondor ID 886, status STATUS_SUBMITTED
04/20/17 16:02:54 165044 seconds since last log event
04/20/17 16:02:54 Pending DAG nodes:
04/20/17 16:02:54   Node cbow_tfidf_soft, HTCondor ID 886, status STATUS_SUBMITTED
04/20/17 16:12:57 165647 seconds since last log event
04/20/17 16:12:57 Pending DAG nodes:
04/20/17 16:12:57   Node cbow_tfidf_soft, HTCondor ID 886, status STATUS_SUBMITTED
04/20/17 16:22:59 166249 seconds since last log event
04/20/17 16:22:59 Pending DAG nodes:
04/20/17 16:22:59   Node cbow_tfidf_soft, HTCondor ID 886, status STATUS_SUBMITTED
04/20/17 16:33:01 166851 seconds since last log event
04/20/17 16:33:01 Pending DAG nodes:
04/20/17 16:33:01   Node cbow_tfidf_soft, HTCondor ID 886, status STATUS_SUBMITTED
04/20/17 16:43:03 167453 seconds since last log event
04/20/17 16:43:03 Pending DAG nodes:
04/20/17 16:43:03   Node cbow_tfidf_soft, HTCondor ID 886, status STATUS_SUBMITTED
04/20/17 16:53:05 168055 seconds since last log event
04/20/17 16:53:05 Pending DAG nodes:
04/20/17 16:53:05   Node cbow_tfidf_soft, HTCondor ID 886, status STATUS_SUBMITTED
04/20/17 17:03:08 168658 seconds since last log event
04/20/17 17:03:08 Pending DAG nodes:
04/20/17 17:03:08   Node cbow_tfidf_soft, HTCondor ID 886, status STATUS_SUBMITTED
04/20/17 17:13:11 169261 seconds since last log event
04/20/17 17:13:11 Pending DAG nodes:
04/20/17 17:13:11   Node cbow_tfidf_soft, HTCondor ID 886, status STATUS_SUBMITTED
04/20/17 17:23:12 169862 seconds since last log event
04/20/17 17:23:13 Pending DAG nodes:
04/20/17 17:23:13   Node cbow_tfidf_soft, HTCondor ID 886, status STATUS_SUBMITTED
04/20/17 17:33:14 170464 seconds since last log event
04/20/17 17:33:14 Pending DAG nodes:
04/20/17 17:33:14   Node cbow_tfidf_soft, HTCondor ID 886, status STATUS_SUBMITTED
04/20/17 17:43:17 171067 seconds since last log event
04/20/17 17:43:17 Pending DAG nodes:
04/20/17 17:43:17   Node cbow_tfidf_soft, HTCondor ID 886, status STATUS_SUBMITTED
04/20/17 17:53:19 171669 seconds since last log event
04/20/17 17:53:19 Pending DAG nodes:
04/20/17 17:53:19   Node cbow_tfidf_soft, HTCondor ID 886, status STATUS_SUBMITTED
04/20/17 18:03:22 172272 seconds since last log event
04/20/17 18:03:22 Pending DAG nodes:
04/20/17 18:03:22   Node cbow_tfidf_soft, HTCondor ID 886, status STATUS_SUBMITTED
04/20/17 18:13:25 172875 seconds since last log event
04/20/17 18:13:25 Pending DAG nodes:
04/20/17 18:13:25   Node cbow_tfidf_soft, HTCondor ID 886, status STATUS_SUBMITTED
04/20/17 18:23:27 173477 seconds since last log event
04/20/17 18:23:27 Pending DAG nodes:
04/20/17 18:23:27   Node cbow_tfidf_soft, HTCondor ID 886, status STATUS_SUBMITTED
04/20/17 18:33:30 174080 seconds since last log event
04/20/17 18:33:30 Pending DAG nodes:
04/20/17 18:33:30   Node cbow_tfidf_soft, HTCondor ID 886, status STATUS_SUBMITTED
04/20/17 18:43:34 174684 seconds since last log event
04/20/17 18:43:34 Pending DAG nodes:
04/20/17 18:43:34   Node cbow_tfidf_soft, HTCondor ID 886, status STATUS_SUBMITTED
04/20/17 18:53:35 175285 seconds since last log event
04/20/17 18:53:35 Pending DAG nodes:
04/20/17 18:53:35   Node cbow_tfidf_soft, HTCondor ID 886, status STATUS_SUBMITTED
04/20/17 19:03:38 175888 seconds since last log event
04/20/17 19:03:38 Pending DAG nodes:
04/20/17 19:03:38   Node cbow_tfidf_soft, HTCondor ID 886, status STATUS_SUBMITTED
04/20/17 19:13:40 176490 seconds since last log event
04/20/17 19:13:40 Pending DAG nodes:
04/20/17 19:13:40   Node cbow_tfidf_soft, HTCondor ID 886, status STATUS_SUBMITTED
04/20/17 19:23:42 177092 seconds since last log event
04/20/17 19:23:42 Pending DAG nodes:
04/20/17 19:23:42   Node cbow_tfidf_soft, HTCondor ID 886, status STATUS_SUBMITTED
04/20/17 19:33:45 177695 seconds since last log event
04/20/17 19:33:45 Pending DAG nodes:
04/20/17 19:33:45   Node cbow_tfidf_soft, HTCondor ID 886, status STATUS_SUBMITTED
04/20/17 19:43:48 178298 seconds since last log event
04/20/17 19:43:48 Pending DAG nodes:
04/20/17 19:43:48   Node cbow_tfidf_soft, HTCondor ID 886, status STATUS_SUBMITTED
04/20/17 19:53:50 178900 seconds since last log event
04/20/17 19:53:50 Pending DAG nodes:
04/20/17 19:53:50   Node cbow_tfidf_soft, HTCondor ID 886, status STATUS_SUBMITTED
04/20/17 20:03:52 179502 seconds since last log event
04/20/17 20:03:52 Pending DAG nodes:
04/20/17 20:03:52   Node cbow_tfidf_soft, HTCondor ID 886, status STATUS_SUBMITTED
04/20/17 20:13:55 180105 seconds since last log event
04/20/17 20:13:55 Pending DAG nodes:
04/20/17 20:13:55   Node cbow_tfidf_soft, HTCondor ID 886, status STATUS_SUBMITTED
04/20/17 20:23:57 180707 seconds since last log event
04/20/17 20:23:57 Pending DAG nodes:
04/20/17 20:23:57   Node cbow_tfidf_soft, HTCondor ID 886, status STATUS_SUBMITTED
04/20/17 20:33:59 181309 seconds since last log event
04/20/17 20:33:59 Pending DAG nodes:
04/20/17 20:33:59   Node cbow_tfidf_soft, HTCondor ID 886, status STATUS_SUBMITTED
04/20/17 20:44:02 181912 seconds since last log event
04/20/17 20:44:02 Pending DAG nodes:
04/20/17 20:44:02   Node cbow_tfidf_soft, HTCondor ID 886, status STATUS_SUBMITTED
04/20/17 20:54:05 182515 seconds since last log event
04/20/17 20:54:05 Pending DAG nodes:
04/20/17 20:54:05   Node cbow_tfidf_soft, HTCondor ID 886, status STATUS_SUBMITTED
04/20/17 21:04:06 183116 seconds since last log event
04/20/17 21:04:06 Pending DAG nodes:
04/20/17 21:04:06   Node cbow_tfidf_soft, HTCondor ID 886, status STATUS_SUBMITTED
04/20/17 21:14:07 183717 seconds since last log event
04/20/17 21:14:07 Pending DAG nodes:
04/20/17 21:14:07   Node cbow_tfidf_soft, HTCondor ID 886, status STATUS_SUBMITTED
04/20/17 21:24:10 184320 seconds since last log event
04/20/17 21:24:10 Pending DAG nodes:
04/20/17 21:24:10   Node cbow_tfidf_soft, HTCondor ID 886, status STATUS_SUBMITTED
04/20/17 21:34:12 184922 seconds since last log event
04/20/17 21:34:12 Pending DAG nodes:
04/20/17 21:34:12   Node cbow_tfidf_soft, HTCondor ID 886, status STATUS_SUBMITTED
04/20/17 21:44:15 185525 seconds since last log event
04/20/17 21:44:15 Pending DAG nodes:
04/20/17 21:44:15   Node cbow_tfidf_soft, HTCondor ID 886, status STATUS_SUBMITTED
04/20/17 21:54:18 186128 seconds since last log event
04/20/17 21:54:18 Pending DAG nodes:
04/20/17 21:54:18   Node cbow_tfidf_soft, HTCondor ID 886, status STATUS_SUBMITTED
04/20/17 22:04:20 186730 seconds since last log event
04/20/17 22:04:20 Pending DAG nodes:
04/20/17 22:04:20   Node cbow_tfidf_soft, HTCondor ID 886, status STATUS_SUBMITTED
04/20/17 22:14:23 187333 seconds since last log event
04/20/17 22:14:23 Pending DAG nodes:
04/20/17 22:14:23   Node cbow_tfidf_soft, HTCondor ID 886, status STATUS_SUBMITTED
04/20/17 22:24:25 187935 seconds since last log event
04/20/17 22:24:25 Pending DAG nodes:
04/20/17 22:24:25   Node cbow_tfidf_soft, HTCondor ID 886, status STATUS_SUBMITTED
04/20/17 22:34:26 188536 seconds since last log event
04/20/17 22:34:26 Pending DAG nodes:
04/20/17 22:34:26   Node cbow_tfidf_soft, HTCondor ID 886, status STATUS_SUBMITTED
04/20/17 22:44:29 189139 seconds since last log event
04/20/17 22:44:29 Pending DAG nodes:
04/20/17 22:44:29   Node cbow_tfidf_soft, HTCondor ID 886, status STATUS_SUBMITTED
04/20/17 22:54:32 189742 seconds since last log event
04/20/17 22:54:32 Pending DAG nodes:
04/20/17 22:54:32   Node cbow_tfidf_soft, HTCondor ID 886, status STATUS_SUBMITTED
04/20/17 23:04:34 190344 seconds since last log event
04/20/17 23:04:34 Pending DAG nodes:
04/20/17 23:04:34   Node cbow_tfidf_soft, HTCondor ID 886, status STATUS_SUBMITTED
04/20/17 23:14:36 190946 seconds since last log event
04/20/17 23:14:36 Pending DAG nodes:
04/20/17 23:14:36   Node cbow_tfidf_soft, HTCondor ID 886, status STATUS_SUBMITTED
04/20/17 23:24:38 191548 seconds since last log event
04/20/17 23:24:38 Pending DAG nodes:
04/20/17 23:24:38   Node cbow_tfidf_soft, HTCondor ID 886, status STATUS_SUBMITTED
04/20/17 23:34:40 192150 seconds since last log event
04/20/17 23:34:40 Pending DAG nodes:
04/20/17 23:34:40   Node cbow_tfidf_soft, HTCondor ID 886, status STATUS_SUBMITTED
04/20/17 23:44:43 192753 seconds since last log event
04/20/17 23:44:43 Pending DAG nodes:
04/20/17 23:44:43   Node cbow_tfidf_soft, HTCondor ID 886, status STATUS_SUBMITTED
04/20/17 23:54:45 193355 seconds since last log event
04/20/17 23:54:45 Pending DAG nodes:
04/20/17 23:54:45   Node cbow_tfidf_soft, HTCondor ID 886, status STATUS_SUBMITTED
04/21/17 00:04:48 193958 seconds since last log event
04/21/17 00:04:48 Pending DAG nodes:
04/21/17 00:04:48   Node cbow_tfidf_soft, HTCondor ID 886, status STATUS_SUBMITTED
04/21/17 00:14:51 194561 seconds since last log event
04/21/17 00:14:51 Pending DAG nodes:
04/21/17 00:14:51   Node cbow_tfidf_soft, HTCondor ID 886, status STATUS_SUBMITTED
04/21/17 00:24:53 195163 seconds since last log event
04/21/17 00:24:53 Pending DAG nodes:
04/21/17 00:24:53   Node cbow_tfidf_soft, HTCondor ID 886, status STATUS_SUBMITTED
04/21/17 00:34:56 195766 seconds since last log event
04/21/17 00:34:56 Pending DAG nodes:
04/21/17 00:34:56   Node cbow_tfidf_soft, HTCondor ID 886, status STATUS_SUBMITTED
04/21/17 00:44:58 196368 seconds since last log event
04/21/17 00:44:58 Pending DAG nodes:
04/21/17 00:44:58   Node cbow_tfidf_soft, HTCondor ID 886, status STATUS_SUBMITTED
04/21/17 00:55:00 196970 seconds since last log event
04/21/17 00:55:00 Pending DAG nodes:
04/21/17 00:55:00   Node cbow_tfidf_soft, HTCondor ID 886, status STATUS_SUBMITTED
04/21/17 01:05:03 197573 seconds since last log event
04/21/17 01:05:03 Pending DAG nodes:
04/21/17 01:05:03   Node cbow_tfidf_soft, HTCondor ID 886, status STATUS_SUBMITTED
04/21/17 01:15:05 198175 seconds since last log event
04/21/17 01:15:05 Pending DAG nodes:
04/21/17 01:15:05   Node cbow_tfidf_soft, HTCondor ID 886, status STATUS_SUBMITTED
04/21/17 01:25:08 198778 seconds since last log event
04/21/17 01:25:08 Pending DAG nodes:
04/21/17 01:25:08   Node cbow_tfidf_soft, HTCondor ID 886, status STATUS_SUBMITTED
04/21/17 01:35:11 199381 seconds since last log event
04/21/17 01:35:11 Pending DAG nodes:
04/21/17 01:35:11   Node cbow_tfidf_soft, HTCondor ID 886, status STATUS_SUBMITTED
04/21/17 01:45:14 199984 seconds since last log event
04/21/17 01:45:14 Pending DAG nodes:
04/21/17 01:45:14   Node cbow_tfidf_soft, HTCondor ID 886, status STATUS_SUBMITTED
04/21/17 01:55:16 200586 seconds since last log event
04/21/17 01:55:16 Pending DAG nodes:
04/21/17 01:55:16   Node cbow_tfidf_soft, HTCondor ID 886, status STATUS_SUBMITTED
04/21/17 02:05:19 201189 seconds since last log event
04/21/17 02:05:19 Pending DAG nodes:
04/21/17 02:05:19   Node cbow_tfidf_soft, HTCondor ID 886, status STATUS_SUBMITTED
04/21/17 02:15:21 201791 seconds since last log event
04/21/17 02:15:21 Pending DAG nodes:
04/21/17 02:15:21   Node cbow_tfidf_soft, HTCondor ID 886, status STATUS_SUBMITTED
04/21/17 02:25:24 202394 seconds since last log event
04/21/17 02:25:24 Pending DAG nodes:
04/21/17 02:25:24   Node cbow_tfidf_soft, HTCondor ID 886, status STATUS_SUBMITTED
04/21/17 02:35:27 202997 seconds since last log event
04/21/17 02:35:27 Pending DAG nodes:
04/21/17 02:35:27   Node cbow_tfidf_soft, HTCondor ID 886, status STATUS_SUBMITTED
04/21/17 02:45:29 203599 seconds since last log event
04/21/17 02:45:29 Pending DAG nodes:
04/21/17 02:45:29   Node cbow_tfidf_soft, HTCondor ID 886, status STATUS_SUBMITTED
04/21/17 02:55:32 204202 seconds since last log event
04/21/17 02:55:32 Pending DAG nodes:
04/21/17 02:55:32   Node cbow_tfidf_soft, HTCondor ID 886, status STATUS_SUBMITTED
04/21/17 03:05:35 204805 seconds since last log event
04/21/17 03:05:35 Pending DAG nodes:
04/21/17 03:05:35   Node cbow_tfidf_soft, HTCondor ID 886, status STATUS_SUBMITTED
04/21/17 03:15:37 205407 seconds since last log event
04/21/17 03:15:37 Pending DAG nodes:
04/21/17 03:15:37   Node cbow_tfidf_soft, HTCondor ID 886, status STATUS_SUBMITTED
04/21/17 03:25:40 206010 seconds since last log event
04/21/17 03:25:40 Pending DAG nodes:
04/21/17 03:25:40   Node cbow_tfidf_soft, HTCondor ID 886, status STATUS_SUBMITTED
04/21/17 03:35:42 206612 seconds since last log event
04/21/17 03:35:42 Pending DAG nodes:
04/21/17 03:35:42   Node cbow_tfidf_soft, HTCondor ID 886, status STATUS_SUBMITTED
04/21/17 03:45:45 207215 seconds since last log event
04/21/17 03:45:45 Pending DAG nodes:
04/21/17 03:45:45   Node cbow_tfidf_soft, HTCondor ID 886, status STATUS_SUBMITTED
04/21/17 03:55:47 207817 seconds since last log event
04/21/17 03:55:47 Pending DAG nodes:
04/21/17 03:55:47   Node cbow_tfidf_soft, HTCondor ID 886, status STATUS_SUBMITTED
04/21/17 04:05:50 208420 seconds since last log event
04/21/17 04:05:50 Pending DAG nodes:
04/21/17 04:05:50   Node cbow_tfidf_soft, HTCondor ID 886, status STATUS_SUBMITTED
04/21/17 04:15:53 209023 seconds since last log event
04/21/17 04:15:53 Pending DAG nodes:
04/21/17 04:15:53   Node cbow_tfidf_soft, HTCondor ID 886, status STATUS_SUBMITTED
04/21/17 04:25:55 209625 seconds since last log event
04/21/17 04:25:55 Pending DAG nodes:
04/21/17 04:25:55   Node cbow_tfidf_soft, HTCondor ID 886, status STATUS_SUBMITTED
04/21/17 04:35:57 210227 seconds since last log event
04/21/17 04:35:57 Pending DAG nodes:
04/21/17 04:35:57   Node cbow_tfidf_soft, HTCondor ID 886, status STATUS_SUBMITTED
04/21/17 04:45:58 210828 seconds since last log event
04/21/17 04:45:58 Pending DAG nodes:
04/21/17 04:45:58   Node cbow_tfidf_soft, HTCondor ID 886, status STATUS_SUBMITTED
04/21/17 04:56:01 211431 seconds since last log event
04/21/17 04:56:01 Pending DAG nodes:
04/21/17 04:56:01   Node cbow_tfidf_soft, HTCondor ID 886, status STATUS_SUBMITTED
04/21/17 05:06:04 212034 seconds since last log event
04/21/17 05:06:04 Pending DAG nodes:
04/21/17 05:06:04   Node cbow_tfidf_soft, HTCondor ID 886, status STATUS_SUBMITTED
04/21/17 05:16:06 212636 seconds since last log event
04/21/17 05:16:06 Pending DAG nodes:
04/21/17 05:16:06   Node cbow_tfidf_soft, HTCondor ID 886, status STATUS_SUBMITTED
04/21/17 05:26:08 213238 seconds since last log event
04/21/17 05:26:08 Pending DAG nodes:
04/21/17 05:26:08   Node cbow_tfidf_soft, HTCondor ID 886, status STATUS_SUBMITTED
04/21/17 05:36:10 213840 seconds since last log event
04/21/17 05:36:10 Pending DAG nodes:
04/21/17 05:36:10   Node cbow_tfidf_soft, HTCondor ID 886, status STATUS_SUBMITTED
04/21/17 05:46:13 214443 seconds since last log event
04/21/17 05:46:13 Pending DAG nodes:
04/21/17 05:46:13   Node cbow_tfidf_soft, HTCondor ID 886, status STATUS_SUBMITTED
04/21/17 05:56:15 215045 seconds since last log event
04/21/17 05:56:15 Pending DAG nodes:
04/21/17 05:56:15   Node cbow_tfidf_soft, HTCondor ID 886, status STATUS_SUBMITTED
04/21/17 06:06:17 215647 seconds since last log event
04/21/17 06:06:17 Pending DAG nodes:
04/21/17 06:06:17   Node cbow_tfidf_soft, HTCondor ID 886, status STATUS_SUBMITTED
04/21/17 06:16:19 216249 seconds since last log event
04/21/17 06:16:19 Pending DAG nodes:
04/21/17 06:16:19   Node cbow_tfidf_soft, HTCondor ID 886, status STATUS_SUBMITTED
04/21/17 06:26:22 216852 seconds since last log event
04/21/17 06:26:22 Pending DAG nodes:
04/21/17 06:26:22   Node cbow_tfidf_soft, HTCondor ID 886, status STATUS_SUBMITTED
04/21/17 06:36:24 217454 seconds since last log event
04/21/17 06:36:24 Pending DAG nodes:
04/21/17 06:36:24   Node cbow_tfidf_soft, HTCondor ID 886, status STATUS_SUBMITTED
04/21/17 06:46:27 218057 seconds since last log event
04/21/17 06:46:27 Pending DAG nodes:
04/21/17 06:46:27   Node cbow_tfidf_soft, HTCondor ID 886, status STATUS_SUBMITTED
04/21/17 06:56:29 218659 seconds since last log event
04/21/17 06:56:29 Pending DAG nodes:
04/21/17 06:56:29   Node cbow_tfidf_soft, HTCondor ID 886, status STATUS_SUBMITTED
04/21/17 07:06:32 219262 seconds since last log event
04/21/17 07:06:32 Pending DAG nodes:
04/21/17 07:06:32   Node cbow_tfidf_soft, HTCondor ID 886, status STATUS_SUBMITTED
04/21/17 07:16:33 219863 seconds since last log event
04/21/17 07:16:33 Pending DAG nodes:
04/21/17 07:16:33   Node cbow_tfidf_soft, HTCondor ID 886, status STATUS_SUBMITTED
04/21/17 07:26:36 220466 seconds since last log event
04/21/17 07:26:36 Pending DAG nodes:
04/21/17 07:26:36   Node cbow_tfidf_soft, HTCondor ID 886, status STATUS_SUBMITTED
04/21/17 07:36:38 221068 seconds since last log event
04/21/17 07:36:38 Pending DAG nodes:
04/21/17 07:36:38   Node cbow_tfidf_soft, HTCondor ID 886, status STATUS_SUBMITTED
04/21/17 07:46:41 221671 seconds since last log event
04/21/17 07:46:41 Pending DAG nodes:
04/21/17 07:46:41   Node cbow_tfidf_soft, HTCondor ID 886, status STATUS_SUBMITTED
04/21/17 07:56:44 222274 seconds since last log event
04/21/17 07:56:44 Pending DAG nodes:
04/21/17 07:56:44   Node cbow_tfidf_soft, HTCondor ID 886, status STATUS_SUBMITTED
04/21/17 08:06:46 222876 seconds since last log event
04/21/17 08:06:46 Pending DAG nodes:
04/21/17 08:06:46   Node cbow_tfidf_soft, HTCondor ID 886, status STATUS_SUBMITTED
04/21/17 08:16:49 223479 seconds since last log event
04/21/17 08:16:49 Pending DAG nodes:
04/21/17 08:16:49   Node cbow_tfidf_soft, HTCondor ID 886, status STATUS_SUBMITTED
04/21/17 08:26:52 224082 seconds since last log event
04/21/17 08:26:52 Pending DAG nodes:
04/21/17 08:26:52   Node cbow_tfidf_soft, HTCondor ID 886, status STATUS_SUBMITTED
04/21/17 08:36:54 224684 seconds since last log event
04/21/17 08:36:54 Pending DAG nodes:
04/21/17 08:36:54   Node cbow_tfidf_soft, HTCondor ID 886, status STATUS_SUBMITTED
04/21/17 08:46:57 225287 seconds since last log event
04/21/17 08:46:57 Pending DAG nodes:
04/21/17 08:46:57   Node cbow_tfidf_soft, HTCondor ID 886, status STATUS_SUBMITTED
04/21/17 08:57:00 225890 seconds since last log event
04/21/17 08:57:00 Pending DAG nodes:
04/21/17 08:57:00   Node cbow_tfidf_soft, HTCondor ID 886, status STATUS_SUBMITTED
04/21/17 09:07:02 226492 seconds since last log event
04/21/17 09:07:02 Pending DAG nodes:
04/21/17 09:07:02   Node cbow_tfidf_soft, HTCondor ID 886, status STATUS_SUBMITTED
04/21/17 09:17:05 227095 seconds since last log event
04/21/17 09:17:05 Pending DAG nodes:
04/21/17 09:17:05   Node cbow_tfidf_soft, HTCondor ID 886, status STATUS_SUBMITTED
04/21/17 09:27:08 227698 seconds since last log event
04/21/17 09:27:08 Pending DAG nodes:
04/21/17 09:27:08   Node cbow_tfidf_soft, HTCondor ID 886, status STATUS_SUBMITTED
04/21/17 09:37:11 228301 seconds since last log event
04/21/17 09:37:11 Pending DAG nodes:
04/21/17 09:37:11   Node cbow_tfidf_soft, HTCondor ID 886, status STATUS_SUBMITTED
04/21/17 09:47:14 228904 seconds since last log event
04/21/17 09:47:14 Pending DAG nodes:
04/21/17 09:47:14   Node cbow_tfidf_soft, HTCondor ID 886, status STATUS_SUBMITTED
04/21/17 09:57:17 229507 seconds since last log event
04/21/17 09:57:17 Pending DAG nodes:
04/21/17 09:57:17   Node cbow_tfidf_soft, HTCondor ID 886, status STATUS_SUBMITTED
04/21/17 10:07:20 230110 seconds since last log event
04/21/17 10:07:20 Pending DAG nodes:
04/21/17 10:07:20   Node cbow_tfidf_soft, HTCondor ID 886, status STATUS_SUBMITTED
04/21/17 10:17:23 230713 seconds since last log event
04/21/17 10:17:23 Pending DAG nodes:
04/21/17 10:17:23   Node cbow_tfidf_soft, HTCondor ID 886, status STATUS_SUBMITTED
04/21/17 10:27:25 231315 seconds since last log event
04/21/17 10:27:25 Pending DAG nodes:
04/21/17 10:27:25   Node cbow_tfidf_soft, HTCondor ID 886, status STATUS_SUBMITTED
04/21/17 10:37:28 231918 seconds since last log event
04/21/17 10:37:28 Pending DAG nodes:
04/21/17 10:37:28   Node cbow_tfidf_soft, HTCondor ID 886, status STATUS_SUBMITTED
04/21/17 10:47:31 232521 seconds since last log event
04/21/17 10:47:31 Pending DAG nodes:
04/21/17 10:47:31   Node cbow_tfidf_soft, HTCondor ID 886, status STATUS_SUBMITTED
04/21/17 10:57:33 233123 seconds since last log event
04/21/17 10:57:33 Pending DAG nodes:
04/21/17 10:57:33   Node cbow_tfidf_soft, HTCondor ID 886, status STATUS_SUBMITTED
04/21/17 11:07:36 233726 seconds since last log event
04/21/17 11:07:36 Pending DAG nodes:
04/21/17 11:07:36   Node cbow_tfidf_soft, HTCondor ID 886, status STATUS_SUBMITTED
