000 (885.000.000) 04/18 18:12:03 Job submitted from host: <10.33.133.154:9618?addrs=10.33.133.154-9618+[--1]-9618&noUDP&sock=1370_48d6_3>
    DAG Node: cbow_tfidf_lstm
...
001 (885.000.000) 04/22 00:56:40 Job executing on host: <10.33.133.102:9618?addrs=10.33.133.102-9618+[--1]-9618&noUDP&sock=1531_b796_3>
...
006 (885.000.000) 04/22 00:56:48 Image size of job updated: 78400
	47  -  MemoryUsage of job (MB)
	47416  -  ResidentSetSize of job (KB)
...
006 (885.000.000) 04/22 01:01:48 Image size of job updated: 1423028
	1028  -  MemoryUsage of job (MB)
	1052096  -  ResidentSetSize of job (KB)
...
006 (885.000.000) 04/22 01:06:48 Image size of job updated: 1483672
	1087  -  MemoryUsage of job (MB)
	1112740  -  ResidentSetSize of job (KB)
...
006 (885.000.000) 04/22 01:21:49 Image size of job updated: 1484716
	1088  -  MemoryUsage of job (MB)
	1113784  -  ResidentSetSize of job (KB)
...
006 (885.000.000) 04/22 01:26:50 Image size of job updated: 1484720
	1088  -  MemoryUsage of job (MB)
	1113788  -  ResidentSetSize of job (KB)
...
006 (885.000.000) 04/22 02:57:00 Image size of job updated: 1484724
	1088  -  MemoryUsage of job (MB)
	1113792  -  ResidentSetSize of job (KB)
...
004 (885.000.000) 04/23 15:51:21 Job was evicted.
	(0) Job was not checkpointed.
		Usr 1 09:00:25, Sys 0 00:04:44  -  Run Remote Usage
		Usr 0 00:00:00, Sys 0 00:00:00  -  Run Local Usage
	0  -  Run Bytes Sent By Job
	0  -  Run Bytes Received By Job
	Partitionable Resources :    Usage  Request Allocated
	   Cpus                 :                 1         1
	   Disk (KB)            :        7        7   6722611
	   Gpus                 :                 1         1
	   Memory (MB)          :     1088     4096      4096
...
009 (885.000.000) 04/23 15:51:21 Job was aborted by the user.
	removed because <OtherJobRemoveRequirements = DAGManJobId =?= 883> fired when job (883.0) was removed
...
