04/11/17 12:19:48 ******************************************************
04/11/17 12:19:48 ** condor_scheduniv_exec.69.0 (CONDOR_DAGMAN) STARTING UP
04/11/17 12:19:48 ** /usr/bin/condor_dagman
04/11/17 12:19:48 ** SubsystemInfo: name=DAGMAN type=DAGMAN(10) class=DAEMON(1)
04/11/17 12:19:48 ** Configuration: subsystem:DAGMAN local:<NONE> class:DAEMON
04/11/17 12:19:48 ** $CondorVersion: 8.6.1 Mar 01 2017 BuildID: 398585 $
04/11/17 12:19:48 ** $CondorPlatform: x86_64_RedHat7 $
04/11/17 12:19:48 ** PID = 11945
04/11/17 12:19:48 ** Log last touched time unavailable (No such file or directory)
04/11/17 12:19:48 ******************************************************
04/11/17 12:19:48 Using config source: /etc/condor/condor_config
04/11/17 12:19:48 Using local config sources: 
04/11/17 12:19:48    /etc/condor/config.d/00esat.config
04/11/17 12:19:48    /etc/condor/config.d/01java.config
04/11/17 12:19:48    /etc/condor/config.d/80optout_users.config
04/11/17 12:19:48    /etc/condor/condor_config.local
04/11/17 12:19:48 config Macros = 174, Sorted = 174, StringBytes = 6687, TablesBytes = 6336
04/11/17 12:19:48 CLASSAD_CACHING is ENABLED
04/11/17 12:19:48 Daemon Log is logging: D_ALWAYS D_ERROR
04/11/17 12:19:48 DaemonCore: No command port requested.
04/11/17 12:19:48 DAGMAN_USE_STRICT setting: 1
04/11/17 12:19:48 DAGMAN_VERBOSITY setting: 3
04/11/17 12:19:48 DAGMAN_DEBUG_CACHE_SIZE setting: 5242880
04/11/17 12:19:48 DAGMAN_DEBUG_CACHE_ENABLE setting: False
04/11/17 12:19:48 DAGMAN_SUBMIT_DELAY setting: 0
04/11/17 12:19:48 DAGMAN_MAX_SUBMIT_ATTEMPTS setting: 6
04/11/17 12:19:48 DAGMAN_STARTUP_CYCLE_DETECT setting: False
04/11/17 12:19:48 DAGMAN_MAX_SUBMITS_PER_INTERVAL setting: 5
04/11/17 12:19:48 DAGMAN_USER_LOG_SCAN_INTERVAL setting: 5
04/11/17 12:19:48 DAGMAN_DEFAULT_PRIORITY setting: 0
04/11/17 12:19:48 DAGMAN_SUPPRESS_NOTIFICATION setting: True
04/11/17 12:19:48 allow_events (DAGMAN_ALLOW_EVENTS) setting: 114
04/11/17 12:19:48 DAGMAN_RETRY_SUBMIT_FIRST setting: True
04/11/17 12:19:48 DAGMAN_RETRY_NODE_FIRST setting: False
04/11/17 12:19:48 DAGMAN_MAX_JOBS_IDLE setting: 1000
04/11/17 12:19:48 DAGMAN_MAX_JOBS_SUBMITTED setting: 0
04/11/17 12:19:48 DAGMAN_MAX_PRE_SCRIPTS setting: 20
04/11/17 12:19:48 DAGMAN_MAX_POST_SCRIPTS setting: 20
04/11/17 12:19:48 DAGMAN_MUNGE_NODE_NAMES setting: True
04/11/17 12:19:48 DAGMAN_PROHIBIT_MULTI_JOBS setting: False
04/11/17 12:19:48 DAGMAN_SUBMIT_DEPTH_FIRST setting: False
04/11/17 12:19:48 DAGMAN_ALWAYS_RUN_POST setting: False
04/11/17 12:19:48 DAGMAN_ABORT_DUPLICATES setting: True
04/11/17 12:19:48 DAGMAN_ABORT_ON_SCARY_SUBMIT setting: True
04/11/17 12:19:48 DAGMAN_PENDING_REPORT_INTERVAL setting: 600
04/11/17 12:19:48 DAGMAN_AUTO_RESCUE setting: True
04/11/17 12:19:48 DAGMAN_MAX_RESCUE_NUM setting: 100
04/11/17 12:19:48 DAGMAN_WRITE_PARTIAL_RESCUE setting: True
04/11/17 12:19:48 DAGMAN_DEFAULT_NODE_LOG setting: @(DAG_DIR)/@(DAG_FILE).nodes.log
04/11/17 12:19:48 DAGMAN_GENERATE_SUBDAG_SUBMITS setting: True
04/11/17 12:19:48 DAGMAN_MAX_JOB_HOLDS setting: 100
04/11/17 12:19:48 DAGMAN_HOLD_CLAIM_TIME setting: 20
04/11/17 12:19:48 ALL_DEBUG setting: 
04/11/17 12:19:48 DAGMAN_DEBUG setting: 
04/11/17 12:19:48 DAGMAN_SUPPRESS_JOB_LOGS setting: False
04/11/17 12:19:48 DAGMAN_REMOVE_NODE_JOBS setting: True
04/11/17 12:19:48 argv[0] == "condor_scheduniv_exec.69.0"
04/11/17 12:19:48 argv[1] == "-Lockfile"
04/11/17 12:19:48 argv[2] == "ds_extended_topic_1.dag.lock"
04/11/17 12:19:48 argv[3] == "-AutoRescue"
04/11/17 12:19:48 argv[4] == "1"
04/11/17 12:19:48 argv[5] == "-DoRescueFrom"
04/11/17 12:19:48 argv[6] == "0"
04/11/17 12:19:48 argv[7] == "-Dag"
04/11/17 12:19:48 argv[8] == "ds_extended_topic_1.dag"
04/11/17 12:19:48 argv[9] == "-Suppress_notification"
04/11/17 12:19:48 argv[10] == "-CsdVersion"
04/11/17 12:19:48 argv[11] == "$CondorVersion: 8.6.1 Mar 01 2017 BuildID: 398585 $"
04/11/17 12:19:48 argv[12] == "-Dagman"
04/11/17 12:19:48 argv[13] == "/usr/bin/condor_dagman"
04/11/17 12:19:48 Workflow batch-name: <ds_extended_topic_1.dag+69>
04/11/17 12:19:48 Workflow accounting_group: <>
04/11/17 12:19:48 Workflow accounting_group_user: <>
04/11/17 12:19:48 Warning: failed to get attribute DAGNodeName
04/11/17 12:19:48 DAGMAN_LOG_ON_NFS_IS_ERROR setting: False
04/11/17 12:19:48 Default node log file is: </esat/spchtemp/scratch/wboes/SpeechHub/pretrained_tied_models_smaller/python/jobdag/./ds_extended_topic_1.dag.nodes.log>
04/11/17 12:19:48 DAG Lockfile will be written to ds_extended_topic_1.dag.lock
04/11/17 12:19:48 DAG Input file is ds_extended_topic_1.dag
04/11/17 12:19:48 Parsing 1 dagfiles
04/11/17 12:19:48 Parsing ds_extended_topic_1.dag ...
04/11/17 12:19:48 Dag contains 2 total jobs
04/11/17 12:19:48 Sleeping for 3 seconds to ensure ProcessId uniqueness
04/11/17 12:19:51 Bootstrapping...
04/11/17 12:19:51 Number of pre-completed nodes: 0
04/11/17 12:19:51 MultiLogFiles: truncating log file /esat/spchtemp/scratch/wboes/SpeechHub/pretrained_tied_models_smaller/python/jobdag/./ds_extended_topic_1.dag.nodes.log
04/11/17 12:19:51 DAG status: 0 (DAG_STATUS_OK)
04/11/17 12:19:51 Of 2 nodes total:
04/11/17 12:19:51  Done     Pre   Queued    Post   Ready   Un-Ready   Failed
04/11/17 12:19:51   ===     ===      ===     ===     ===        ===      ===
04/11/17 12:19:51     0       0        0       0       1          1        0
04/11/17 12:19:51 0 job proc(s) currently held
04/11/17 12:19:51 Registering condor_event_timer...
04/11/17 12:19:52 Submitting HTCondor Node extended_topic_1 job(s)...
04/11/17 12:19:52 Adding a DAGMan workflow log /esat/spchtemp/scratch/wboes/SpeechHub/pretrained_tied_models_smaller/python/jobdag/./ds_extended_topic_1.dag.nodes.log
04/11/17 12:19:52 Masking the events recorded in the DAGMAN workflow log
04/11/17 12:19:52 Mask for workflow log is 0,1,2,4,5,7,9,10,11,12,13,16,17,24,27
04/11/17 12:19:52 submitting: /usr/bin/condor_submit -a dag_node_name' '=' 'extended_topic_1 -a +DAGManJobId' '=' '69 -a DAGManJobId' '=' '69 -batch-name ds_extended_topic_1.dag+69 -a submit_event_notes' '=' 'DAG' 'Node:' 'extended_topic_1 -a dagman_log' '=' '/esat/spchtemp/scratch/wboes/SpeechHub/pretrained_tied_models_smaller/python/jobdag/./ds_extended_topic_1.dag.nodes.log -a +DAGManNodesMask' '=' '"0,1,2,4,5,7,9,10,11,12,13,16,17,24,27" -a data_set' '=' 'ds -a test_name' '=' 'extended_topic_1 -a num_run' '=' '0 -a DAG_STATUS' '=' '0 -a FAILED_COUNT' '=' '0 -a +KeepClaimIdle' '=' '20 -a notification' '=' 'never -a +DAGParentNodeNames' '=' '"" jobdag/extended_topic_1.job
04/11/17 12:19:52 From submit: Submitting job(s).
04/11/17 12:19:52 From submit: 1 job(s) submitted to cluster 71.
04/11/17 12:19:52 	assigned HTCondor ID (71.0.0)
04/11/17 12:19:52 Just submitted 1 job this cycle...
04/11/17 12:19:52 Currently monitoring 1 HTCondor log file(s)
04/11/17 12:19:52 Reassigning the id of job extended_topic_1 from (71.0.0) to (71.0.0)
04/11/17 12:19:52 Event: ULOG_SUBMIT for HTCondor Node extended_topic_1 (71.0.0) {04/11/17 12:19:52}
04/11/17 12:19:52 Number of idle job procs: 1
04/11/17 12:19:52 DAG status: 0 (DAG_STATUS_OK)
04/11/17 12:19:52 Of 2 nodes total:
04/11/17 12:19:52  Done     Pre   Queued    Post   Ready   Un-Ready   Failed
04/11/17 12:19:52   ===     ===      ===     ===     ===        ===      ===
04/11/17 12:19:52     0       0        1       0       0          1        0
04/11/17 12:19:52 0 job proc(s) currently held
04/11/17 12:29:54 602 seconds since last log event
04/11/17 12:29:54 Pending DAG nodes:
04/11/17 12:29:54   Node extended_topic_1, HTCondor ID 71, status STATUS_SUBMITTED
04/11/17 12:39:57 1205 seconds since last log event
04/11/17 12:39:57 Pending DAG nodes:
04/11/17 12:39:57   Node extended_topic_1, HTCondor ID 71, status STATUS_SUBMITTED
04/11/17 12:49:59 1807 seconds since last log event
04/11/17 12:49:59 Pending DAG nodes:
04/11/17 12:49:59   Node extended_topic_1, HTCondor ID 71, status STATUS_SUBMITTED
04/11/17 13:00:02 2410 seconds since last log event
04/11/17 13:00:02 Pending DAG nodes:
04/11/17 13:00:02   Node extended_topic_1, HTCondor ID 71, status STATUS_SUBMITTED
04/11/17 13:10:04 3012 seconds since last log event
04/11/17 13:10:04 Pending DAG nodes:
04/11/17 13:10:04   Node extended_topic_1, HTCondor ID 71, status STATUS_SUBMITTED
04/11/17 13:20:07 3615 seconds since last log event
04/11/17 13:20:07 Pending DAG nodes:
04/11/17 13:20:07   Node extended_topic_1, HTCondor ID 71, status STATUS_SUBMITTED
04/11/17 13:30:10 4218 seconds since last log event
04/11/17 13:30:10 Pending DAG nodes:
04/11/17 13:30:10   Node extended_topic_1, HTCondor ID 71, status STATUS_SUBMITTED
