04/09/17 23:17:37 ******************************************************
04/09/17 23:17:37 ** condor_scheduniv_exec.3.0 (CONDOR_DAGMAN) STARTING UP
04/09/17 23:17:37 ** /usr/bin/condor_dagman
04/09/17 23:17:37 ** SubsystemInfo: name=DAGMAN type=DAGMAN(10) class=DAEMON(1)
04/09/17 23:17:37 ** Configuration: subsystem:DAGMAN local:<NONE> class:DAEMON
04/09/17 23:17:37 ** $CondorVersion: 8.6.1 Mar 01 2017 BuildID: 398585 $
04/09/17 23:17:37 ** $CondorPlatform: x86_64_RedHat7 $
04/09/17 23:17:37 ** PID = 14601
04/09/17 23:17:37 ** Log last touched time unavailable (No such file or directory)
04/09/17 23:17:37 ******************************************************
04/09/17 23:17:37 Using config source: /etc/condor/condor_config
04/09/17 23:17:37 Using local config sources: 
04/09/17 23:17:37    /etc/condor/config.d/00esat.config
04/09/17 23:17:37    /etc/condor/config.d/01java.config
04/09/17 23:17:37    /etc/condor/config.d/80optout_users.config
04/09/17 23:17:37    /etc/condor/condor_config.local
04/09/17 23:17:37 config Macros = 174, Sorted = 174, StringBytes = 6651, TablesBytes = 6336
04/09/17 23:17:37 CLASSAD_CACHING is ENABLED
04/09/17 23:17:37 Daemon Log is logging: D_ALWAYS D_ERROR
04/09/17 23:17:37 DaemonCore: No command port requested.
04/09/17 23:17:37 DAGMAN_USE_STRICT setting: 1
04/09/17 23:17:37 DAGMAN_VERBOSITY setting: 3
04/09/17 23:17:37 DAGMAN_DEBUG_CACHE_SIZE setting: 5242880
04/09/17 23:17:37 DAGMAN_DEBUG_CACHE_ENABLE setting: False
04/09/17 23:17:37 DAGMAN_SUBMIT_DELAY setting: 0
04/09/17 23:17:37 DAGMAN_MAX_SUBMIT_ATTEMPTS setting: 6
04/09/17 23:17:37 DAGMAN_STARTUP_CYCLE_DETECT setting: False
04/09/17 23:17:37 DAGMAN_MAX_SUBMITS_PER_INTERVAL setting: 5
04/09/17 23:17:37 DAGMAN_USER_LOG_SCAN_INTERVAL setting: 5
04/09/17 23:17:37 DAGMAN_DEFAULT_PRIORITY setting: 0
04/09/17 23:17:37 DAGMAN_SUPPRESS_NOTIFICATION setting: True
04/09/17 23:17:37 allow_events (DAGMAN_ALLOW_EVENTS) setting: 114
04/09/17 23:17:37 DAGMAN_RETRY_SUBMIT_FIRST setting: True
04/09/17 23:17:37 DAGMAN_RETRY_NODE_FIRST setting: False
04/09/17 23:17:37 DAGMAN_MAX_JOBS_IDLE setting: 1000
04/09/17 23:17:37 DAGMAN_MAX_JOBS_SUBMITTED setting: 0
04/09/17 23:17:37 DAGMAN_MAX_PRE_SCRIPTS setting: 20
04/09/17 23:17:37 DAGMAN_MAX_POST_SCRIPTS setting: 20
04/09/17 23:17:37 DAGMAN_MUNGE_NODE_NAMES setting: True
04/09/17 23:17:37 DAGMAN_PROHIBIT_MULTI_JOBS setting: False
04/09/17 23:17:37 DAGMAN_SUBMIT_DEPTH_FIRST setting: False
04/09/17 23:17:37 DAGMAN_ALWAYS_RUN_POST setting: False
04/09/17 23:17:37 DAGMAN_ABORT_DUPLICATES setting: True
04/09/17 23:17:37 DAGMAN_ABORT_ON_SCARY_SUBMIT setting: True
04/09/17 23:17:37 DAGMAN_PENDING_REPORT_INTERVAL setting: 600
04/09/17 23:17:37 DAGMAN_AUTO_RESCUE setting: True
04/09/17 23:17:37 DAGMAN_MAX_RESCUE_NUM setting: 100
04/09/17 23:17:37 DAGMAN_WRITE_PARTIAL_RESCUE setting: True
04/09/17 23:17:37 DAGMAN_DEFAULT_NODE_LOG setting: @(DAG_DIR)/@(DAG_FILE).nodes.log
04/09/17 23:17:37 DAGMAN_GENERATE_SUBDAG_SUBMITS setting: True
04/09/17 23:17:37 DAGMAN_MAX_JOB_HOLDS setting: 100
04/09/17 23:17:37 DAGMAN_HOLD_CLAIM_TIME setting: 20
04/09/17 23:17:37 ALL_DEBUG setting: 
04/09/17 23:17:37 DAGMAN_DEBUG setting: 
04/09/17 23:17:37 DAGMAN_SUPPRESS_JOB_LOGS setting: False
04/09/17 23:17:37 DAGMAN_REMOVE_NODE_JOBS setting: True
04/09/17 23:17:37 argv[0] == "condor_scheduniv_exec.3.0"
04/09/17 23:17:37 argv[1] == "-Lockfile"
04/09/17 23:17:37 argv[2] == "ds_original.dag.lock"
04/09/17 23:17:37 argv[3] == "-AutoRescue"
04/09/17 23:17:37 argv[4] == "1"
04/09/17 23:17:37 argv[5] == "-DoRescueFrom"
04/09/17 23:17:37 argv[6] == "0"
04/09/17 23:17:37 argv[7] == "-Dag"
04/09/17 23:17:37 argv[8] == "ds_original.dag"
04/09/17 23:17:37 argv[9] == "-Suppress_notification"
04/09/17 23:17:37 argv[10] == "-CsdVersion"
04/09/17 23:17:37 argv[11] == "$CondorVersion: 8.6.1 Mar 01 2017 BuildID: 398585 $"
04/09/17 23:17:37 argv[12] == "-Dagman"
04/09/17 23:17:37 argv[13] == "/usr/bin/condor_dagman"
04/09/17 23:17:37 Workflow batch-name: <ds_original.dag+3>
04/09/17 23:17:37 Workflow accounting_group: <>
04/09/17 23:17:37 Workflow accounting_group_user: <>
04/09/17 23:17:37 Warning: failed to get attribute DAGNodeName
04/09/17 23:17:37 DAGMAN_LOG_ON_NFS_IS_ERROR setting: False
04/09/17 23:17:37 Default node log file is: </esat/spchtemp/scratch/wboes/SpeechHub/pretrained_tied_models_smaller/python/jobdag/./ds_original.dag.nodes.log>
04/09/17 23:17:37 DAG Lockfile will be written to ds_original.dag.lock
04/09/17 23:17:37 DAG Input file is ds_original.dag
04/09/17 23:17:37 Parsing 1 dagfiles
04/09/17 23:17:37 Parsing ds_original.dag ...
04/09/17 23:17:37 Dag contains 2 total jobs
04/09/17 23:17:37 Sleeping for 3 seconds to ensure ProcessId uniqueness
04/09/17 23:17:40 Bootstrapping...
04/09/17 23:17:40 Number of pre-completed nodes: 0
04/09/17 23:17:40 MultiLogFiles: truncating log file /esat/spchtemp/scratch/wboes/SpeechHub/pretrained_tied_models_smaller/python/jobdag/./ds_original.dag.nodes.log
04/09/17 23:17:40 DAG status: 0 (DAG_STATUS_OK)
04/09/17 23:17:40 Of 2 nodes total:
04/09/17 23:17:40  Done     Pre   Queued    Post   Ready   Un-Ready   Failed
04/09/17 23:17:40   ===     ===      ===     ===     ===        ===      ===
04/09/17 23:17:40     0       0        0       0       1          1        0
04/09/17 23:17:40 0 job proc(s) currently held
04/09/17 23:17:40 Registering condor_event_timer...
04/09/17 23:17:41 Submitting HTCondor Node original job(s)...
04/09/17 23:17:41 Adding a DAGMan workflow log /esat/spchtemp/scratch/wboes/SpeechHub/pretrained_tied_models_smaller/python/jobdag/./ds_original.dag.nodes.log
04/09/17 23:17:41 Masking the events recorded in the DAGMAN workflow log
04/09/17 23:17:41 Mask for workflow log is 0,1,2,4,5,7,9,10,11,12,13,16,17,24,27
04/09/17 23:17:41 submitting: /usr/bin/condor_submit -a dag_node_name' '=' 'original -a +DAGManJobId' '=' '3 -a DAGManJobId' '=' '3 -batch-name ds_original.dag+3 -a submit_event_notes' '=' 'DAG' 'Node:' 'original -a dagman_log' '=' '/esat/spchtemp/scratch/wboes/SpeechHub/pretrained_tied_models_smaller/python/jobdag/./ds_original.dag.nodes.log -a +DAGManNodesMask' '=' '"0,1,2,4,5,7,9,10,11,12,13,16,17,24,27" -a data_set' '=' 'ds -a test_name' '=' 'original -a num_run' '=' '0 -a DAG_STATUS' '=' '0 -a FAILED_COUNT' '=' '0 -a +KeepClaimIdle' '=' '20 -a notification' '=' 'never -a +DAGParentNodeNames' '=' '"" jobdag/original.job
04/09/17 23:17:42 From submit: Submitting job(s).
04/09/17 23:17:42 From submit: 1 job(s) submitted to cluster 4.
04/09/17 23:17:42 	assigned HTCondor ID (4.0.0)
04/09/17 23:17:42 Just submitted 1 job this cycle...
04/09/17 23:17:42 Currently monitoring 1 HTCondor log file(s)
04/09/17 23:17:42 Reassigning the id of job original from (4.0.0) to (4.0.0)
04/09/17 23:17:42 Event: ULOG_SUBMIT for HTCondor Node original (4.0.0) {04/09/17 23:17:42}
04/09/17 23:17:42 Number of idle job procs: 1
04/09/17 23:17:42 DAG status: 0 (DAG_STATUS_OK)
04/09/17 23:17:42 Of 2 nodes total:
04/09/17 23:17:42  Done     Pre   Queued    Post   Ready   Un-Ready   Failed
04/09/17 23:17:42   ===     ===      ===     ===     ===        ===      ===
04/09/17 23:17:42     0       0        1       0       0          1        0
04/09/17 23:17:42 0 job proc(s) currently held
04/09/17 23:27:44 602 seconds since last log event
04/09/17 23:27:44 Pending DAG nodes:
04/09/17 23:27:44   Node original, HTCondor ID 4, status STATUS_SUBMITTED
04/09/17 23:37:45 1203 seconds since last log event
04/09/17 23:37:45 Pending DAG nodes:
04/09/17 23:37:45   Node original, HTCondor ID 4, status STATUS_SUBMITTED
04/09/17 23:47:47 1805 seconds since last log event
04/09/17 23:47:47 Pending DAG nodes:
04/09/17 23:47:47   Node original, HTCondor ID 4, status STATUS_SUBMITTED
04/09/17 23:57:49 2407 seconds since last log event
04/09/17 23:57:49 Pending DAG nodes:
04/09/17 23:57:49   Node original, HTCondor ID 4, status STATUS_SUBMITTED
04/10/17 00:07:51 3009 seconds since last log event
04/10/17 00:07:51 Pending DAG nodes:
04/10/17 00:07:51   Node original, HTCondor ID 4, status STATUS_SUBMITTED
04/10/17 00:17:53 3611 seconds since last log event
04/10/17 00:17:53 Pending DAG nodes:
04/10/17 00:17:53   Node original, HTCondor ID 4, status STATUS_SUBMITTED
04/10/17 00:27:56 4214 seconds since last log event
04/10/17 00:27:56 Pending DAG nodes:
04/10/17 00:27:56   Node original, HTCondor ID 4, status STATUS_SUBMITTED
04/10/17 00:37:58 4816 seconds since last log event
04/10/17 00:37:58 Pending DAG nodes:
04/10/17 00:37:58   Node original, HTCondor ID 4, status STATUS_SUBMITTED
04/10/17 00:48:00 5418 seconds since last log event
04/10/17 00:48:00 Pending DAG nodes:
04/10/17 00:48:00   Node original, HTCondor ID 4, status STATUS_SUBMITTED
04/10/17 00:58:02 6020 seconds since last log event
04/10/17 00:58:02 Pending DAG nodes:
04/10/17 00:58:02   Node original, HTCondor ID 4, status STATUS_SUBMITTED
04/10/17 01:08:04 6622 seconds since last log event
04/10/17 01:08:04 Pending DAG nodes:
04/10/17 01:08:04   Node original, HTCondor ID 4, status STATUS_SUBMITTED
04/10/17 01:18:07 7225 seconds since last log event
04/10/17 01:18:07 Pending DAG nodes:
04/10/17 01:18:07   Node original, HTCondor ID 4, status STATUS_SUBMITTED
04/10/17 01:28:09 7827 seconds since last log event
04/10/17 01:28:09 Pending DAG nodes:
04/10/17 01:28:09   Node original, HTCondor ID 4, status STATUS_SUBMITTED
04/10/17 01:38:10 8428 seconds since last log event
04/10/17 01:38:10 Pending DAG nodes:
04/10/17 01:38:10   Node original, HTCondor ID 4, status STATUS_SUBMITTED
04/10/17 01:48:12 9030 seconds since last log event
04/10/17 01:48:12 Pending DAG nodes:
04/10/17 01:48:12   Node original, HTCondor ID 4, status STATUS_SUBMITTED
04/10/17 01:58:14 9632 seconds since last log event
04/10/17 01:58:14 Pending DAG nodes:
04/10/17 01:58:14   Node original, HTCondor ID 4, status STATUS_SUBMITTED
04/10/17 02:08:16 10234 seconds since last log event
04/10/17 02:08:16 Pending DAG nodes:
04/10/17 02:08:16   Node original, HTCondor ID 4, status STATUS_SUBMITTED
04/10/17 02:18:18 10836 seconds since last log event
04/10/17 02:18:18 Pending DAG nodes:
04/10/17 02:18:18   Node original, HTCondor ID 4, status STATUS_SUBMITTED
04/10/17 02:28:19 11437 seconds since last log event
04/10/17 02:28:19 Pending DAG nodes:
04/10/17 02:28:19   Node original, HTCondor ID 4, status STATUS_SUBMITTED
04/10/17 02:38:21 12039 seconds since last log event
04/10/17 02:38:21 Pending DAG nodes:
04/10/17 02:38:21   Node original, HTCondor ID 4, status STATUS_SUBMITTED
04/10/17 02:48:24 12642 seconds since last log event
04/10/17 02:48:24 Pending DAG nodes:
04/10/17 02:48:24   Node original, HTCondor ID 4, status STATUS_SUBMITTED
04/10/17 02:58:26 13244 seconds since last log event
04/10/17 02:58:26 Pending DAG nodes:
04/10/17 02:58:26   Node original, HTCondor ID 4, status STATUS_SUBMITTED
04/10/17 03:08:28 13846 seconds since last log event
04/10/17 03:08:28 Pending DAG nodes:
04/10/17 03:08:28   Node original, HTCondor ID 4, status STATUS_SUBMITTED
04/10/17 03:18:30 14448 seconds since last log event
04/10/17 03:18:30 Pending DAG nodes:
04/10/17 03:18:30   Node original, HTCondor ID 4, status STATUS_SUBMITTED
04/10/17 03:28:32 15050 seconds since last log event
04/10/17 03:28:32 Pending DAG nodes:
04/10/17 03:28:32   Node original, HTCondor ID 4, status STATUS_SUBMITTED
04/10/17 03:38:34 15652 seconds since last log event
04/10/17 03:38:34 Pending DAG nodes:
04/10/17 03:38:34   Node original, HTCondor ID 4, status STATUS_SUBMITTED
04/10/17 03:48:36 16254 seconds since last log event
04/10/17 03:48:36 Pending DAG nodes:
04/10/17 03:48:36   Node original, HTCondor ID 4, status STATUS_SUBMITTED
04/10/17 03:58:38 16856 seconds since last log event
04/10/17 03:58:38 Pending DAG nodes:
04/10/17 03:58:38   Node original, HTCondor ID 4, status STATUS_SUBMITTED
04/10/17 04:08:40 17458 seconds since last log event
04/10/17 04:08:40 Pending DAG nodes:
04/10/17 04:08:40   Node original, HTCondor ID 4, status STATUS_SUBMITTED
04/10/17 04:18:42 18060 seconds since last log event
04/10/17 04:18:42 Pending DAG nodes:
04/10/17 04:18:42   Node original, HTCondor ID 4, status STATUS_SUBMITTED
04/10/17 04:28:44 18662 seconds since last log event
04/10/17 04:28:44 Pending DAG nodes:
04/10/17 04:28:44   Node original, HTCondor ID 4, status STATUS_SUBMITTED
04/10/17 04:38:47 19265 seconds since last log event
04/10/17 04:38:47 Pending DAG nodes:
04/10/17 04:38:47   Node original, HTCondor ID 4, status STATUS_SUBMITTED
04/10/17 04:48:49 19867 seconds since last log event
04/10/17 04:48:49 Pending DAG nodes:
04/10/17 04:48:49   Node original, HTCondor ID 4, status STATUS_SUBMITTED
04/10/17 04:58:51 20469 seconds since last log event
04/10/17 04:58:51 Pending DAG nodes:
04/10/17 04:58:51   Node original, HTCondor ID 4, status STATUS_SUBMITTED
04/10/17 05:08:53 21071 seconds since last log event
04/10/17 05:08:53 Pending DAG nodes:
04/10/17 05:08:53   Node original, HTCondor ID 4, status STATUS_SUBMITTED
04/10/17 05:18:55 21673 seconds since last log event
04/10/17 05:18:55 Pending DAG nodes:
04/10/17 05:18:55   Node original, HTCondor ID 4, status STATUS_SUBMITTED
04/10/17 05:28:57 22275 seconds since last log event
04/10/17 05:28:57 Pending DAG nodes:
04/10/17 05:28:57   Node original, HTCondor ID 4, status STATUS_SUBMITTED
04/10/17 05:38:59 22877 seconds since last log event
04/10/17 05:38:59 Pending DAG nodes:
04/10/17 05:38:59   Node original, HTCondor ID 4, status STATUS_SUBMITTED
04/10/17 05:49:01 23479 seconds since last log event
04/10/17 05:49:01 Pending DAG nodes:
04/10/17 05:49:01   Node original, HTCondor ID 4, status STATUS_SUBMITTED
04/10/17 05:59:03 24081 seconds since last log event
04/10/17 05:59:03 Pending DAG nodes:
04/10/17 05:59:03   Node original, HTCondor ID 4, status STATUS_SUBMITTED
04/10/17 06:09:06 24684 seconds since last log event
04/10/17 06:09:06 Pending DAG nodes:
04/10/17 06:09:06   Node original, HTCondor ID 4, status STATUS_SUBMITTED
04/10/17 06:19:08 25286 seconds since last log event
04/10/17 06:19:08 Pending DAG nodes:
04/10/17 06:19:08   Node original, HTCondor ID 4, status STATUS_SUBMITTED
04/10/17 06:29:10 25888 seconds since last log event
04/10/17 06:29:10 Pending DAG nodes:
04/10/17 06:29:10   Node original, HTCondor ID 4, status STATUS_SUBMITTED
04/10/17 06:39:12 26490 seconds since last log event
04/10/17 06:39:12 Pending DAG nodes:
04/10/17 06:39:12   Node original, HTCondor ID 4, status STATUS_SUBMITTED
04/10/17 06:49:14 27092 seconds since last log event
04/10/17 06:49:14 Pending DAG nodes:
04/10/17 06:49:14   Node original, HTCondor ID 4, status STATUS_SUBMITTED
04/10/17 06:59:16 27694 seconds since last log event
04/10/17 06:59:16 Pending DAG nodes:
04/10/17 06:59:16   Node original, HTCondor ID 4, status STATUS_SUBMITTED
04/10/17 07:09:18 28296 seconds since last log event
04/10/17 07:09:18 Pending DAG nodes:
04/10/17 07:09:18   Node original, HTCondor ID 4, status STATUS_SUBMITTED
04/10/17 07:19:20 28898 seconds since last log event
04/10/17 07:19:20 Pending DAG nodes:
04/10/17 07:19:20   Node original, HTCondor ID 4, status STATUS_SUBMITTED
04/10/17 07:29:23 29501 seconds since last log event
04/10/17 07:29:23 Pending DAG nodes:
04/10/17 07:29:23   Node original, HTCondor ID 4, status STATUS_SUBMITTED
04/10/17 07:39:25 30103 seconds since last log event
04/10/17 07:39:25 Pending DAG nodes:
04/10/17 07:39:25   Node original, HTCondor ID 4, status STATUS_SUBMITTED
04/10/17 07:49:27 30705 seconds since last log event
04/10/17 07:49:27 Pending DAG nodes:
04/10/17 07:49:27   Node original, HTCondor ID 4, status STATUS_SUBMITTED
04/10/17 07:59:29 31307 seconds since last log event
04/10/17 07:59:29 Pending DAG nodes:
04/10/17 07:59:29   Node original, HTCondor ID 4, status STATUS_SUBMITTED
04/10/17 08:09:31 31909 seconds since last log event
04/10/17 08:09:31 Pending DAG nodes:
04/10/17 08:09:31   Node original, HTCondor ID 4, status STATUS_SUBMITTED
04/10/17 08:19:33 32511 seconds since last log event
04/10/17 08:19:33 Pending DAG nodes:
04/10/17 08:19:33   Node original, HTCondor ID 4, status STATUS_SUBMITTED
04/10/17 08:29:35 33113 seconds since last log event
04/10/17 08:29:35 Pending DAG nodes:
04/10/17 08:29:35   Node original, HTCondor ID 4, status STATUS_SUBMITTED
04/10/17 08:39:37 33715 seconds since last log event
04/10/17 08:39:37 Pending DAG nodes:
04/10/17 08:39:37   Node original, HTCondor ID 4, status STATUS_SUBMITTED
04/10/17 08:49:39 34317 seconds since last log event
04/10/17 08:49:39 Pending DAG nodes:
04/10/17 08:49:39   Node original, HTCondor ID 4, status STATUS_SUBMITTED
04/10/17 08:59:42 34920 seconds since last log event
04/10/17 08:59:42 Pending DAG nodes:
04/10/17 08:59:42   Node original, HTCondor ID 4, status STATUS_SUBMITTED
04/10/17 09:09:44 35522 seconds since last log event
04/10/17 09:09:44 Pending DAG nodes:
04/10/17 09:09:44   Node original, HTCondor ID 4, status STATUS_SUBMITTED
04/10/17 09:19:46 36124 seconds since last log event
04/10/17 09:19:46 Pending DAG nodes:
04/10/17 09:19:46   Node original, HTCondor ID 4, status STATUS_SUBMITTED
04/10/17 09:29:48 36726 seconds since last log event
04/10/17 09:29:48 Pending DAG nodes:
04/10/17 09:29:48   Node original, HTCondor ID 4, status STATUS_SUBMITTED
04/10/17 09:39:50 37328 seconds since last log event
04/10/17 09:39:50 Pending DAG nodes:
04/10/17 09:39:50   Node original, HTCondor ID 4, status STATUS_SUBMITTED
04/10/17 09:49:52 37930 seconds since last log event
04/10/17 09:49:52 Pending DAG nodes:
04/10/17 09:49:52   Node original, HTCondor ID 4, status STATUS_SUBMITTED
04/10/17 09:59:53 38531 seconds since last log event
04/10/17 09:59:53 Pending DAG nodes:
04/10/17 09:59:53   Node original, HTCondor ID 4, status STATUS_SUBMITTED
04/10/17 10:09:55 39133 seconds since last log event
04/10/17 10:09:55 Pending DAG nodes:
04/10/17 10:09:55   Node original, HTCondor ID 4, status STATUS_SUBMITTED
04/10/17 10:19:58 39736 seconds since last log event
04/10/17 10:19:58 Pending DAG nodes:
04/10/17 10:19:58   Node original, HTCondor ID 4, status STATUS_SUBMITTED
04/10/17 10:30:00 40338 seconds since last log event
04/10/17 10:30:00 Pending DAG nodes:
04/10/17 10:30:00   Node original, HTCondor ID 4, status STATUS_SUBMITTED
04/10/17 10:33:35 Currently monitoring 1 HTCondor log file(s)
04/10/17 10:33:35 Event: ULOG_EXECUTE for HTCondor Node original (4.0.0) {04/10/17 10:33:32}
04/10/17 10:33:35 Number of idle job procs: 0
04/10/17 10:37:11 Currently monitoring 1 HTCondor log file(s)
04/10/17 10:37:11 Event: ULOG_JOB_SUSPENDED for HTCondor Node original (4.0.0) {04/10/17 10:37:11}
04/10/17 10:37:11 Number of idle job procs: 1
04/10/17 10:43:38 Currently monitoring 1 HTCondor log file(s)
04/10/17 10:43:38 Event: ULOG_JOB_UNSUSPENDED for HTCondor Node original (4.0.0) {04/10/17 10:43:37}
04/10/17 10:43:38 Number of idle job procs: 0
04/10/17 10:53:25 Currently monitoring 1 HTCondor log file(s)
04/10/17 10:53:25 Event: ULOG_JOB_SUSPENDED for HTCondor Node original (4.0.0) {04/10/17 10:53:22}
04/10/17 10:53:25 Number of idle job procs: 1
04/10/17 10:55:50 Currently monitoring 1 HTCondor log file(s)
04/10/17 10:55:50 Event: ULOG_JOB_UNSUSPENDED for HTCondor Node original (4.0.0) {04/10/17 10:55:47}
04/10/17 10:55:50 Number of idle job procs: 0
04/10/17 11:05:07 Currently monitoring 1 HTCondor log file(s)
04/10/17 11:05:07 Event: ULOG_JOB_SUSPENDED for HTCondor Node original (4.0.0) {04/10/17 11:05:07}
04/10/17 11:05:07 Number of idle job procs: 1
04/10/17 11:08:32 Currently monitoring 1 HTCondor log file(s)
04/10/17 11:08:32 Event: ULOG_JOB_UNSUSPENDED for HTCondor Node original (4.0.0) {04/10/17 11:08:27}
04/10/17 11:08:32 Number of idle job procs: 0
04/10/17 11:18:34 602 seconds since last log event
04/10/17 11:18:34 Pending DAG nodes:
04/10/17 11:18:34   Node original, HTCondor ID 4, status STATUS_SUBMITTED
04/10/17 11:28:36 1204 seconds since last log event
04/10/17 11:28:36 Pending DAG nodes:
04/10/17 11:28:36   Node original, HTCondor ID 4, status STATUS_SUBMITTED
04/10/17 11:38:38 1806 seconds since last log event
04/10/17 11:38:38 Pending DAG nodes:
04/10/17 11:38:38   Node original, HTCondor ID 4, status STATUS_SUBMITTED
04/10/17 11:38:58 Currently monitoring 1 HTCondor log file(s)
04/10/17 11:38:58 Event: ULOG_JOB_SUSPENDED for HTCondor Node original (4.0.0) {04/10/17 11:38:54}
04/10/17 11:38:58 Number of idle job procs: 1
04/10/17 11:42:24 Currently monitoring 1 HTCondor log file(s)
04/10/17 11:42:24 Event: ULOG_JOB_UNSUSPENDED for HTCondor Node original (4.0.0) {04/10/17 11:42:20}
04/10/17 11:42:24 Number of idle job procs: 0
04/10/17 11:43:34 Currently monitoring 1 HTCondor log file(s)
04/10/17 11:43:34 Event: ULOG_JOB_SUSPENDED for HTCondor Node original (4.0.0) {04/10/17 11:43:30}
04/10/17 11:43:34 Number of idle job procs: 1
04/10/17 11:44:14 Currently monitoring 1 HTCondor log file(s)
04/10/17 11:44:14 Event: ULOG_SHADOW_EXCEPTION for HTCondor Node original (4.0.0) {04/10/17 11:44:14}
04/10/17 11:44:14 Number of idle job procs: 1
04/10/17 11:54:17 603 seconds since last log event
04/10/17 11:54:17 Pending DAG nodes:
04/10/17 11:54:17   Node original, HTCondor ID 4, status STATUS_SUBMITTED
04/10/17 12:04:19 1205 seconds since last log event
04/10/17 12:04:19 Pending DAG nodes:
04/10/17 12:04:19   Node original, HTCondor ID 4, status STATUS_SUBMITTED
04/10/17 12:14:20 1806 seconds since last log event
04/10/17 12:14:20 Pending DAG nodes:
04/10/17 12:14:20   Node original, HTCondor ID 4, status STATUS_SUBMITTED
04/10/17 12:24:22 2408 seconds since last log event
04/10/17 12:24:22 Pending DAG nodes:
04/10/17 12:24:22   Node original, HTCondor ID 4, status STATUS_SUBMITTED
04/10/17 12:34:24 3010 seconds since last log event
04/10/17 12:34:24 Pending DAG nodes:
04/10/17 12:34:24   Node original, HTCondor ID 4, status STATUS_SUBMITTED
04/10/17 12:44:26 3612 seconds since last log event
04/10/17 12:44:26 Pending DAG nodes:
04/10/17 12:44:26   Node original, HTCondor ID 4, status STATUS_SUBMITTED
04/10/17 12:54:28 4214 seconds since last log event
04/10/17 12:54:28 Pending DAG nodes:
04/10/17 12:54:28   Node original, HTCondor ID 4, status STATUS_SUBMITTED
04/10/17 13:04:29 4815 seconds since last log event
04/10/17 13:04:29 Pending DAG nodes:
04/10/17 13:04:29   Node original, HTCondor ID 4, status STATUS_SUBMITTED
04/10/17 13:14:31 5417 seconds since last log event
04/10/17 13:14:31 Pending DAG nodes:
04/10/17 13:14:31   Node original, HTCondor ID 4, status STATUS_SUBMITTED
04/10/17 13:24:34 6020 seconds since last log event
04/10/17 13:24:34 Pending DAG nodes:
04/10/17 13:24:34   Node original, HTCondor ID 4, status STATUS_SUBMITTED
04/10/17 13:34:36 6622 seconds since last log event
04/10/17 13:34:36 Pending DAG nodes:
04/10/17 13:34:36   Node original, HTCondor ID 4, status STATUS_SUBMITTED
04/10/17 13:44:38 7224 seconds since last log event
04/10/17 13:44:38 Pending DAG nodes:
04/10/17 13:44:38   Node original, HTCondor ID 4, status STATUS_SUBMITTED
04/10/17 13:54:39 7825 seconds since last log event
04/10/17 13:54:39 Pending DAG nodes:
04/10/17 13:54:39   Node original, HTCondor ID 4, status STATUS_SUBMITTED
04/10/17 14:04:41 8427 seconds since last log event
04/10/17 14:04:41 Pending DAG nodes:
04/10/17 14:04:41   Node original, HTCondor ID 4, status STATUS_SUBMITTED
04/10/17 14:14:43 9029 seconds since last log event
04/10/17 14:14:43 Pending DAG nodes:
04/10/17 14:14:43   Node original, HTCondor ID 4, status STATUS_SUBMITTED
04/10/17 14:24:45 9631 seconds since last log event
04/10/17 14:24:45 Pending DAG nodes:
04/10/17 14:24:45   Node original, HTCondor ID 4, status STATUS_SUBMITTED
04/10/17 14:34:47 10233 seconds since last log event
04/10/17 14:34:47 Pending DAG nodes:
04/10/17 14:34:47   Node original, HTCondor ID 4, status STATUS_SUBMITTED
04/10/17 14:44:49 10835 seconds since last log event
04/10/17 14:44:49 Pending DAG nodes:
04/10/17 14:44:49   Node original, HTCondor ID 4, status STATUS_SUBMITTED
04/10/17 14:54:52 11438 seconds since last log event
04/10/17 14:54:52 Pending DAG nodes:
04/10/17 14:54:52   Node original, HTCondor ID 4, status STATUS_SUBMITTED
04/10/17 15:04:54 12040 seconds since last log event
04/10/17 15:04:54 Pending DAG nodes:
04/10/17 15:04:54   Node original, HTCondor ID 4, status STATUS_SUBMITTED
04/10/17 15:14:56 12642 seconds since last log event
04/10/17 15:14:56 Pending DAG nodes:
04/10/17 15:14:56   Node original, HTCondor ID 4, status STATUS_SUBMITTED
04/10/17 15:24:59 13245 seconds since last log event
04/10/17 15:24:59 Pending DAG nodes:
04/10/17 15:24:59   Node original, HTCondor ID 4, status STATUS_SUBMITTED
04/10/17 15:35:01 13847 seconds since last log event
04/10/17 15:35:01 Pending DAG nodes:
04/10/17 15:35:01   Node original, HTCondor ID 4, status STATUS_SUBMITTED
04/10/17 15:45:03 14449 seconds since last log event
04/10/17 15:45:03 Pending DAG nodes:
04/10/17 15:45:03   Node original, HTCondor ID 4, status STATUS_SUBMITTED
04/10/17 15:55:05 15051 seconds since last log event
04/10/17 15:55:05 Pending DAG nodes:
04/10/17 15:55:05   Node original, HTCondor ID 4, status STATUS_SUBMITTED
04/10/17 16:05:08 15654 seconds since last log event
04/10/17 16:05:08 Pending DAG nodes:
04/10/17 16:05:08   Node original, HTCondor ID 4, status STATUS_SUBMITTED
04/10/17 16:15:10 16256 seconds since last log event
04/10/17 16:15:10 Pending DAG nodes:
04/10/17 16:15:10   Node original, HTCondor ID 4, status STATUS_SUBMITTED
04/10/17 16:25:12 16858 seconds since last log event
04/10/17 16:25:12 Pending DAG nodes:
04/10/17 16:25:12   Node original, HTCondor ID 4, status STATUS_SUBMITTED
04/10/17 16:35:14 17460 seconds since last log event
04/10/17 16:35:14 Pending DAG nodes:
04/10/17 16:35:14   Node original, HTCondor ID 4, status STATUS_SUBMITTED
04/10/17 16:45:16 18062 seconds since last log event
04/10/17 16:45:16 Pending DAG nodes:
04/10/17 16:45:16   Node original, HTCondor ID 4, status STATUS_SUBMITTED
04/10/17 16:55:17 18663 seconds since last log event
04/10/17 16:55:17 Pending DAG nodes:
04/10/17 16:55:17   Node original, HTCondor ID 4, status STATUS_SUBMITTED
04/10/17 17:05:20 19266 seconds since last log event
04/10/17 17:05:20 Pending DAG nodes:
04/10/17 17:05:20   Node original, HTCondor ID 4, status STATUS_SUBMITTED
04/10/17 17:15:22 19868 seconds since last log event
04/10/17 17:15:22 Pending DAG nodes:
04/10/17 17:15:22   Node original, HTCondor ID 4, status STATUS_SUBMITTED
04/10/17 17:25:24 20470 seconds since last log event
04/10/17 17:25:24 Pending DAG nodes:
04/10/17 17:25:24   Node original, HTCondor ID 4, status STATUS_SUBMITTED
04/10/17 17:35:26 21072 seconds since last log event
04/10/17 17:35:26 Pending DAG nodes:
04/10/17 17:35:26   Node original, HTCondor ID 4, status STATUS_SUBMITTED
04/10/17 17:45:29 21675 seconds since last log event
04/10/17 17:45:29 Pending DAG nodes:
04/10/17 17:45:29   Node original, HTCondor ID 4, status STATUS_SUBMITTED
04/10/17 17:55:30 22276 seconds since last log event
04/10/17 17:55:30 Pending DAG nodes:
04/10/17 17:55:30   Node original, HTCondor ID 4, status STATUS_SUBMITTED
04/10/17 18:05:33 22879 seconds since last log event
04/10/17 18:05:33 Pending DAG nodes:
04/10/17 18:05:33   Node original, HTCondor ID 4, status STATUS_SUBMITTED
04/10/17 18:15:35 23481 seconds since last log event
04/10/17 18:15:35 Pending DAG nodes:
04/10/17 18:15:35   Node original, HTCondor ID 4, status STATUS_SUBMITTED
04/10/17 18:25:37 24083 seconds since last log event
04/10/17 18:25:37 Pending DAG nodes:
04/10/17 18:25:37   Node original, HTCondor ID 4, status STATUS_SUBMITTED
04/10/17 18:35:39 24685 seconds since last log event
04/10/17 18:35:39 Pending DAG nodes:
04/10/17 18:35:39   Node original, HTCondor ID 4, status STATUS_SUBMITTED
04/10/17 18:45:41 25287 seconds since last log event
04/10/17 18:45:41 Pending DAG nodes:
04/10/17 18:45:41   Node original, HTCondor ID 4, status STATUS_SUBMITTED
04/10/17 18:55:44 25890 seconds since last log event
04/10/17 18:55:44 Pending DAG nodes:
04/10/17 18:55:44   Node original, HTCondor ID 4, status STATUS_SUBMITTED
04/10/17 19:05:46 26492 seconds since last log event
04/10/17 19:05:46 Pending DAG nodes:
04/10/17 19:05:46   Node original, HTCondor ID 4, status STATUS_SUBMITTED
04/10/17 19:15:48 27094 seconds since last log event
04/10/17 19:15:48 Pending DAG nodes:
04/10/17 19:15:48   Node original, HTCondor ID 4, status STATUS_SUBMITTED
04/10/17 19:25:49 27695 seconds since last log event
04/10/17 19:25:49 Pending DAG nodes:
04/10/17 19:25:49   Node original, HTCondor ID 4, status STATUS_SUBMITTED
04/10/17 19:35:51 28297 seconds since last log event
04/10/17 19:35:51 Pending DAG nodes:
04/10/17 19:35:51   Node original, HTCondor ID 4, status STATUS_SUBMITTED
04/10/17 19:45:53 28899 seconds since last log event
04/10/17 19:45:53 Pending DAG nodes:
04/10/17 19:45:53   Node original, HTCondor ID 4, status STATUS_SUBMITTED
04/10/17 19:55:55 29501 seconds since last log event
04/10/17 19:55:55 Pending DAG nodes:
04/10/17 19:55:55   Node original, HTCondor ID 4, status STATUS_SUBMITTED
04/10/17 20:05:57 30103 seconds since last log event
04/10/17 20:05:57 Pending DAG nodes:
04/10/17 20:05:57   Node original, HTCondor ID 4, status STATUS_SUBMITTED
04/10/17 20:15:59 30705 seconds since last log event
04/10/17 20:15:59 Pending DAG nodes:
04/10/17 20:15:59   Node original, HTCondor ID 4, status STATUS_SUBMITTED
04/10/17 20:26:01 31307 seconds since last log event
04/10/17 20:26:01 Pending DAG nodes:
04/10/17 20:26:01   Node original, HTCondor ID 4, status STATUS_SUBMITTED
04/10/17 20:36:03 31909 seconds since last log event
04/10/17 20:36:03 Pending DAG nodes:
04/10/17 20:36:03   Node original, HTCondor ID 4, status STATUS_SUBMITTED
04/10/17 20:46:06 32512 seconds since last log event
04/10/17 20:46:06 Pending DAG nodes:
04/10/17 20:46:06   Node original, HTCondor ID 4, status STATUS_SUBMITTED
04/10/17 20:56:08 33114 seconds since last log event
04/10/17 20:56:08 Pending DAG nodes:
04/10/17 20:56:08   Node original, HTCondor ID 4, status STATUS_SUBMITTED
04/10/17 21:06:10 33716 seconds since last log event
04/10/17 21:06:10 Pending DAG nodes:
04/10/17 21:06:10   Node original, HTCondor ID 4, status STATUS_SUBMITTED
04/10/17 21:16:12 34318 seconds since last log event
04/10/17 21:16:12 Pending DAG nodes:
04/10/17 21:16:12   Node original, HTCondor ID 4, status STATUS_SUBMITTED
04/10/17 21:26:13 34919 seconds since last log event
04/10/17 21:26:13 Pending DAG nodes:
04/10/17 21:26:13   Node original, HTCondor ID 4, status STATUS_SUBMITTED
04/10/17 21:36:14 35520 seconds since last log event
04/10/17 21:36:14 Pending DAG nodes:
04/10/17 21:36:14   Node original, HTCondor ID 4, status STATUS_SUBMITTED
04/10/17 21:46:16 36122 seconds since last log event
04/10/17 21:46:16 Pending DAG nodes:
04/10/17 21:46:16   Node original, HTCondor ID 4, status STATUS_SUBMITTED
04/10/17 21:56:19 36725 seconds since last log event
04/10/17 21:56:19 Pending DAG nodes:
04/10/17 21:56:19   Node original, HTCondor ID 4, status STATUS_SUBMITTED
04/10/17 22:06:21 37327 seconds since last log event
04/10/17 22:06:21 Pending DAG nodes:
04/10/17 22:06:21   Node original, HTCondor ID 4, status STATUS_SUBMITTED
04/10/17 22:16:23 37929 seconds since last log event
04/10/17 22:16:23 Pending DAG nodes:
04/10/17 22:16:23   Node original, HTCondor ID 4, status STATUS_SUBMITTED
04/10/17 22:26:25 38531 seconds since last log event
04/10/17 22:26:25 Pending DAG nodes:
04/10/17 22:26:25   Node original, HTCondor ID 4, status STATUS_SUBMITTED
04/10/17 22:36:27 39133 seconds since last log event
04/10/17 22:36:27 Pending DAG nodes:
04/10/17 22:36:27   Node original, HTCondor ID 4, status STATUS_SUBMITTED
04/10/17 22:46:29 39735 seconds since last log event
04/10/17 22:46:29 Pending DAG nodes:
04/10/17 22:46:29   Node original, HTCondor ID 4, status STATUS_SUBMITTED
04/10/17 22:56:32 40338 seconds since last log event
04/10/17 22:56:32 Pending DAG nodes:
04/10/17 22:56:32   Node original, HTCondor ID 4, status STATUS_SUBMITTED
04/10/17 23:06:34 40940 seconds since last log event
04/10/17 23:06:34 Pending DAG nodes:
04/10/17 23:06:34   Node original, HTCondor ID 4, status STATUS_SUBMITTED
04/10/17 23:16:36 41542 seconds since last log event
04/10/17 23:16:36 Pending DAG nodes:
04/10/17 23:16:36   Node original, HTCondor ID 4, status STATUS_SUBMITTED
04/10/17 23:26:38 42144 seconds since last log event
04/10/17 23:26:38 Pending DAG nodes:
04/10/17 23:26:38   Node original, HTCondor ID 4, status STATUS_SUBMITTED
04/10/17 23:36:40 42746 seconds since last log event
04/10/17 23:36:40 Pending DAG nodes:
04/10/17 23:36:40   Node original, HTCondor ID 4, status STATUS_SUBMITTED
04/10/17 23:46:42 43348 seconds since last log event
04/10/17 23:46:42 Pending DAG nodes:
04/10/17 23:46:42   Node original, HTCondor ID 4, status STATUS_SUBMITTED
04/10/17 23:56:44 43950 seconds since last log event
04/10/17 23:56:44 Pending DAG nodes:
04/10/17 23:56:44   Node original, HTCondor ID 4, status STATUS_SUBMITTED
04/11/17 00:06:46 44552 seconds since last log event
04/11/17 00:06:46 Pending DAG nodes:
04/11/17 00:06:46   Node original, HTCondor ID 4, status STATUS_SUBMITTED
04/11/17 00:16:47 45153 seconds since last log event
04/11/17 00:16:47 Pending DAG nodes:
04/11/17 00:16:47   Node original, HTCondor ID 4, status STATUS_SUBMITTED
04/11/17 00:26:49 45755 seconds since last log event
04/11/17 00:26:49 Pending DAG nodes:
04/11/17 00:26:49   Node original, HTCondor ID 4, status STATUS_SUBMITTED
04/11/17 00:36:51 46357 seconds since last log event
04/11/17 00:36:51 Pending DAG nodes:
04/11/17 00:36:51   Node original, HTCondor ID 4, status STATUS_SUBMITTED
04/11/17 00:46:54 46960 seconds since last log event
04/11/17 00:46:54 Pending DAG nodes:
04/11/17 00:46:54   Node original, HTCondor ID 4, status STATUS_SUBMITTED
04/11/17 00:51:50 Currently monitoring 1 HTCondor log file(s)
04/11/17 00:51:50 Event: ULOG_EXECUTE for HTCondor Node original (4.0.0) {04/11/17 00:51:49}
04/11/17 00:51:50 Number of idle job procs: 0
04/11/17 01:01:52 602 seconds since last log event
04/11/17 01:01:52 Pending DAG nodes:
04/11/17 01:01:52   Node original, HTCondor ID 4, status STATUS_SUBMITTED
04/11/17 01:11:54 1204 seconds since last log event
04/11/17 01:11:54 Pending DAG nodes:
04/11/17 01:11:54   Node original, HTCondor ID 4, status STATUS_SUBMITTED
04/11/17 01:21:56 1806 seconds since last log event
04/11/17 01:21:56 Pending DAG nodes:
04/11/17 01:21:56   Node original, HTCondor ID 4, status STATUS_SUBMITTED
04/11/17 01:31:59 2409 seconds since last log event
04/11/17 01:31:59 Pending DAG nodes:
04/11/17 01:31:59   Node original, HTCondor ID 4, status STATUS_SUBMITTED
04/11/17 01:42:01 3011 seconds since last log event
04/11/17 01:42:01 Pending DAG nodes:
04/11/17 01:42:01   Node original, HTCondor ID 4, status STATUS_SUBMITTED
04/11/17 01:52:03 3613 seconds since last log event
04/11/17 01:52:03 Pending DAG nodes:
04/11/17 01:52:03   Node original, HTCondor ID 4, status STATUS_SUBMITTED
04/11/17 02:02:04 4214 seconds since last log event
04/11/17 02:02:04 Pending DAG nodes:
04/11/17 02:02:04   Node original, HTCondor ID 4, status STATUS_SUBMITTED
04/11/17 02:12:06 4816 seconds since last log event
04/11/17 02:12:06 Pending DAG nodes:
04/11/17 02:12:06   Node original, HTCondor ID 4, status STATUS_SUBMITTED
04/11/17 02:22:09 5419 seconds since last log event
04/11/17 02:22:09 Pending DAG nodes:
04/11/17 02:22:09   Node original, HTCondor ID 4, status STATUS_SUBMITTED
04/11/17 02:32:11 6021 seconds since last log event
04/11/17 02:32:11 Pending DAG nodes:
04/11/17 02:32:11   Node original, HTCondor ID 4, status STATUS_SUBMITTED
04/11/17 02:42:13 6623 seconds since last log event
04/11/17 02:42:13 Pending DAG nodes:
04/11/17 02:42:13   Node original, HTCondor ID 4, status STATUS_SUBMITTED
04/11/17 02:52:15 7225 seconds since last log event
04/11/17 02:52:15 Pending DAG nodes:
04/11/17 02:52:15   Node original, HTCondor ID 4, status STATUS_SUBMITTED
04/11/17 03:02:17 7827 seconds since last log event
04/11/17 03:02:17 Pending DAG nodes:
04/11/17 03:02:17   Node original, HTCondor ID 4, status STATUS_SUBMITTED
04/11/17 03:12:19 8429 seconds since last log event
04/11/17 03:12:19 Pending DAG nodes:
04/11/17 03:12:19   Node original, HTCondor ID 4, status STATUS_SUBMITTED
04/11/17 03:22:22 9032 seconds since last log event
04/11/17 03:22:22 Pending DAG nodes:
04/11/17 03:22:22   Node original, HTCondor ID 4, status STATUS_SUBMITTED
04/11/17 03:32:24 9634 seconds since last log event
04/11/17 03:32:24 Pending DAG nodes:
04/11/17 03:32:24   Node original, HTCondor ID 4, status STATUS_SUBMITTED
04/11/17 03:42:26 10236 seconds since last log event
04/11/17 03:42:26 Pending DAG nodes:
04/11/17 03:42:26   Node original, HTCondor ID 4, status STATUS_SUBMITTED
04/11/17 03:52:28 10838 seconds since last log event
04/11/17 03:52:28 Pending DAG nodes:
04/11/17 03:52:28   Node original, HTCondor ID 4, status STATUS_SUBMITTED
04/11/17 04:02:30 11440 seconds since last log event
04/11/17 04:02:30 Pending DAG nodes:
04/11/17 04:02:30   Node original, HTCondor ID 4, status STATUS_SUBMITTED
04/11/17 04:12:32 12042 seconds since last log event
04/11/17 04:12:32 Pending DAG nodes:
04/11/17 04:12:32   Node original, HTCondor ID 4, status STATUS_SUBMITTED
04/11/17 04:22:35 12645 seconds since last log event
04/11/17 04:22:35 Pending DAG nodes:
04/11/17 04:22:35   Node original, HTCondor ID 4, status STATUS_SUBMITTED
04/11/17 04:32:37 13247 seconds since last log event
04/11/17 04:32:37 Pending DAG nodes:
04/11/17 04:32:37   Node original, HTCondor ID 4, status STATUS_SUBMITTED
04/11/17 04:42:39 13849 seconds since last log event
04/11/17 04:42:39 Pending DAG nodes:
04/11/17 04:42:39   Node original, HTCondor ID 4, status STATUS_SUBMITTED
04/11/17 04:52:41 14451 seconds since last log event
04/11/17 04:52:41 Pending DAG nodes:
04/11/17 04:52:41   Node original, HTCondor ID 4, status STATUS_SUBMITTED
04/11/17 05:02:43 15053 seconds since last log event
04/11/17 05:02:43 Pending DAG nodes:
04/11/17 05:02:43   Node original, HTCondor ID 4, status STATUS_SUBMITTED
04/11/17 05:12:45 15655 seconds since last log event
04/11/17 05:12:45 Pending DAG nodes:
04/11/17 05:12:45   Node original, HTCondor ID 4, status STATUS_SUBMITTED
04/11/17 05:22:47 16257 seconds since last log event
04/11/17 05:22:47 Pending DAG nodes:
04/11/17 05:22:47   Node original, HTCondor ID 4, status STATUS_SUBMITTED
04/11/17 05:32:49 16859 seconds since last log event
04/11/17 05:32:49 Pending DAG nodes:
04/11/17 05:32:49   Node original, HTCondor ID 4, status STATUS_SUBMITTED
04/11/17 05:42:51 17461 seconds since last log event
04/11/17 05:42:51 Pending DAG nodes:
04/11/17 05:42:51   Node original, HTCondor ID 4, status STATUS_SUBMITTED
04/11/17 05:52:54 18064 seconds since last log event
04/11/17 05:52:54 Pending DAG nodes:
04/11/17 05:52:54   Node original, HTCondor ID 4, status STATUS_SUBMITTED
04/11/17 06:02:55 18665 seconds since last log event
04/11/17 06:02:55 Pending DAG nodes:
04/11/17 06:02:55   Node original, HTCondor ID 4, status STATUS_SUBMITTED
04/11/17 06:12:56 19266 seconds since last log event
04/11/17 06:12:56 Pending DAG nodes:
04/11/17 06:12:56   Node original, HTCondor ID 4, status STATUS_SUBMITTED
04/11/17 06:22:58 19868 seconds since last log event
04/11/17 06:22:58 Pending DAG nodes:
04/11/17 06:22:58   Node original, HTCondor ID 4, status STATUS_SUBMITTED
04/11/17 06:32:59 20469 seconds since last log event
04/11/17 06:32:59 Pending DAG nodes:
04/11/17 06:32:59   Node original, HTCondor ID 4, status STATUS_SUBMITTED
04/11/17 06:43:01 21071 seconds since last log event
04/11/17 06:43:01 Pending DAG nodes:
04/11/17 06:43:01   Node original, HTCondor ID 4, status STATUS_SUBMITTED
04/11/17 06:53:03 21673 seconds since last log event
04/11/17 06:53:03 Pending DAG nodes:
04/11/17 06:53:03   Node original, HTCondor ID 4, status STATUS_SUBMITTED
04/11/17 07:03:05 22275 seconds since last log event
04/11/17 07:03:05 Pending DAG nodes:
04/11/17 07:03:05   Node original, HTCondor ID 4, status STATUS_SUBMITTED
04/11/17 07:13:07 22877 seconds since last log event
04/11/17 07:13:07 Pending DAG nodes:
04/11/17 07:13:07   Node original, HTCondor ID 4, status STATUS_SUBMITTED
04/11/17 07:23:09 23479 seconds since last log event
04/11/17 07:23:09 Pending DAG nodes:
04/11/17 07:23:09   Node original, HTCondor ID 4, status STATUS_SUBMITTED
04/11/17 07:33:11 24081 seconds since last log event
04/11/17 07:33:11 Pending DAG nodes:
04/11/17 07:33:11   Node original, HTCondor ID 4, status STATUS_SUBMITTED
04/11/17 07:43:13 24683 seconds since last log event
04/11/17 07:43:13 Pending DAG nodes:
04/11/17 07:43:13   Node original, HTCondor ID 4, status STATUS_SUBMITTED
04/11/17 07:53:15 25285 seconds since last log event
04/11/17 07:53:15 Pending DAG nodes:
04/11/17 07:53:15   Node original, HTCondor ID 4, status STATUS_SUBMITTED
04/11/17 08:03:17 25887 seconds since last log event
04/11/17 08:03:17 Pending DAG nodes:
04/11/17 08:03:17   Node original, HTCondor ID 4, status STATUS_SUBMITTED
04/11/17 08:13:20 26490 seconds since last log event
04/11/17 08:13:20 Pending DAG nodes:
04/11/17 08:13:20   Node original, HTCondor ID 4, status STATUS_SUBMITTED
04/11/17 08:16:25 Currently monitoring 1 HTCondor log file(s)
04/11/17 08:16:25 Event: ULOG_JOB_TERMINATED for HTCondor Node original (4.0.0) {04/11/17 08:16:21}
04/11/17 08:16:25 Number of idle job procs: 0
04/11/17 08:16:25 Node original job proc (4.0.0) completed successfully.
04/11/17 08:16:25 Node original job completed
04/11/17 08:16:25 DAG status: 0 (DAG_STATUS_OK)
04/11/17 08:16:25 Of 2 nodes total:
04/11/17 08:16:25  Done     Pre   Queued    Post   Ready   Un-Ready   Failed
04/11/17 08:16:25   ===     ===      ===     ===     ===        ===      ===
04/11/17 08:16:25     1       0        0       0       1          0        0
04/11/17 08:16:25 0 job proc(s) currently held
04/11/17 08:16:30 Submitting HTCondor Node original_test job(s)...
04/11/17 08:16:30 Adding a DAGMan workflow log /esat/spchtemp/scratch/wboes/SpeechHub/pretrained_tied_models_smaller/python/jobdag/./ds_original.dag.nodes.log
04/11/17 08:16:30 Masking the events recorded in the DAGMAN workflow log
04/11/17 08:16:30 Mask for workflow log is 0,1,2,4,5,7,9,10,11,12,13,16,17,24,27
04/11/17 08:16:30 submitting: /usr/bin/condor_submit -a dag_node_name' '=' 'original_test -a +DAGManJobId' '=' '3 -a DAGManJobId' '=' '3 -batch-name ds_original.dag+3 -a submit_event_notes' '=' 'DAG' 'Node:' 'original_test -a dagman_log' '=' '/esat/spchtemp/scratch/wboes/SpeechHub/pretrained_tied_models_smaller/python/jobdag/./ds_original.dag.nodes.log -a +DAGManNodesMask' '=' '"0,1,2,4,5,7,9,10,11,12,13,16,17,24,27" -a data_set' '=' 'ds -a test_name' '=' 'original -a num_run' '=' '0 -a DAG_STATUS' '=' '0 -a FAILED_COUNT' '=' '0 -a notification' '=' 'never -a +DAGParentNodeNames' '=' '"original" jobdag/original_test.job
04/11/17 08:16:31 From submit: Submitting job(s).
04/11/17 08:16:31 From submit: 1 job(s) submitted to cluster 11.
04/11/17 08:16:31 	assigned HTCondor ID (11.0.0)
04/11/17 08:16:31 Just submitted 1 job this cycle...
04/11/17 08:16:31 Currently monitoring 1 HTCondor log file(s)
04/11/17 08:16:31 Reassigning the id of job original_test from (11.0.0) to (11.0.0)
04/11/17 08:16:31 Event: ULOG_SUBMIT for HTCondor Node original_test (11.0.0) {04/11/17 08:16:31}
04/11/17 08:16:31 Number of idle job procs: 1
04/11/17 08:16:31 DAG status: 0 (DAG_STATUS_OK)
04/11/17 08:16:31 Of 2 nodes total:
04/11/17 08:16:31  Done     Pre   Queued    Post   Ready   Un-Ready   Failed
04/11/17 08:16:31   ===     ===      ===     ===     ===        ===      ===
04/11/17 08:16:31     1       0        1       0       0          0        0
04/11/17 08:16:31 0 job proc(s) currently held
04/11/17 08:26:33 602 seconds since last log event
04/11/17 08:26:33 Pending DAG nodes:
04/11/17 08:26:33   Node original_test, HTCondor ID 11, status STATUS_SUBMITTED
04/11/17 08:36:35 1204 seconds since last log event
04/11/17 08:36:35 Pending DAG nodes:
04/11/17 08:36:35   Node original_test, HTCondor ID 11, status STATUS_SUBMITTED
04/11/17 08:46:37 1806 seconds since last log event
04/11/17 08:46:37 Pending DAG nodes:
04/11/17 08:46:37   Node original_test, HTCondor ID 11, status STATUS_SUBMITTED
04/11/17 08:56:40 2409 seconds since last log event
04/11/17 08:56:40 Pending DAG nodes:
04/11/17 08:56:40   Node original_test, HTCondor ID 11, status STATUS_SUBMITTED
04/11/17 09:06:42 3011 seconds since last log event
04/11/17 09:06:42 Pending DAG nodes:
04/11/17 09:06:42   Node original_test, HTCondor ID 11, status STATUS_SUBMITTED
04/11/17 09:16:44 3613 seconds since last log event
04/11/17 09:16:44 Pending DAG nodes:
04/11/17 09:16:44   Node original_test, HTCondor ID 11, status STATUS_SUBMITTED
04/11/17 09:26:46 4215 seconds since last log event
04/11/17 09:26:46 Pending DAG nodes:
04/11/17 09:26:46   Node original_test, HTCondor ID 11, status STATUS_SUBMITTED
04/11/17 09:36:48 4817 seconds since last log event
04/11/17 09:36:48 Pending DAG nodes:
04/11/17 09:36:48   Node original_test, HTCondor ID 11, status STATUS_SUBMITTED
04/11/17 09:46:50 5419 seconds since last log event
04/11/17 09:46:50 Pending DAG nodes:
04/11/17 09:46:50   Node original_test, HTCondor ID 11, status STATUS_SUBMITTED
04/11/17 09:56:51 6020 seconds since last log event
04/11/17 09:56:51 Pending DAG nodes:
04/11/17 09:56:51   Node original_test, HTCondor ID 11, status STATUS_SUBMITTED
04/11/17 10:06:54 6623 seconds since last log event
04/11/17 10:06:54 Pending DAG nodes:
04/11/17 10:06:54   Node original_test, HTCondor ID 11, status STATUS_SUBMITTED
04/11/17 10:16:56 7225 seconds since last log event
04/11/17 10:16:56 Pending DAG nodes:
04/11/17 10:16:56   Node original_test, HTCondor ID 11, status STATUS_SUBMITTED
04/11/17 10:26:58 7827 seconds since last log event
04/11/17 10:26:58 Pending DAG nodes:
04/11/17 10:26:58   Node original_test, HTCondor ID 11, status STATUS_SUBMITTED
04/11/17 10:37:00 8429 seconds since last log event
04/11/17 10:37:00 Pending DAG nodes:
04/11/17 10:37:00   Node original_test, HTCondor ID 11, status STATUS_SUBMITTED
04/11/17 10:47:02 9031 seconds since last log event
04/11/17 10:47:02 Pending DAG nodes:
04/11/17 10:47:02   Node original_test, HTCondor ID 11, status STATUS_SUBMITTED
04/11/17 10:57:05 9634 seconds since last log event
04/11/17 10:57:05 Pending DAG nodes:
04/11/17 10:57:05   Node original_test, HTCondor ID 11, status STATUS_SUBMITTED
04/11/17 11:07:07 10236 seconds since last log event
04/11/17 11:07:07 Pending DAG nodes:
04/11/17 11:07:07   Node original_test, HTCondor ID 11, status STATUS_SUBMITTED
04/11/17 11:17:09 10838 seconds since last log event
04/11/17 11:17:09 Pending DAG nodes:
04/11/17 11:17:09   Node original_test, HTCondor ID 11, status STATUS_SUBMITTED
04/11/17 11:27:12 11441 seconds since last log event
04/11/17 11:27:12 Pending DAG nodes:
04/11/17 11:27:12   Node original_test, HTCondor ID 11, status STATUS_SUBMITTED
04/11/17 11:37:14 12043 seconds since last log event
04/11/17 11:37:14 Pending DAG nodes:
04/11/17 11:37:14   Node original_test, HTCondor ID 11, status STATUS_SUBMITTED
04/11/17 11:47:16 12645 seconds since last log event
04/11/17 11:47:16 Pending DAG nodes:
04/11/17 11:47:16   Node original_test, HTCondor ID 11, status STATUS_SUBMITTED
04/11/17 11:57:17 13246 seconds since last log event
04/11/17 11:57:17 Pending DAG nodes:
04/11/17 11:57:17   Node original_test, HTCondor ID 11, status STATUS_SUBMITTED
04/11/17 12:07:19 13848 seconds since last log event
04/11/17 12:07:19 Pending DAG nodes:
04/11/17 12:07:19   Node original_test, HTCondor ID 11, status STATUS_SUBMITTED
04/11/17 12:17:21 14450 seconds since last log event
04/11/17 12:17:21 Pending DAG nodes:
04/11/17 12:17:21   Node original_test, HTCondor ID 11, status STATUS_SUBMITTED
04/11/17 12:27:23 15052 seconds since last log event
04/11/17 12:27:23 Pending DAG nodes:
04/11/17 12:27:23   Node original_test, HTCondor ID 11, status STATUS_SUBMITTED
04/11/17 12:37:26 15655 seconds since last log event
04/11/17 12:37:26 Pending DAG nodes:
04/11/17 12:37:26   Node original_test, HTCondor ID 11, status STATUS_SUBMITTED
04/11/17 12:47:28 16257 seconds since last log event
04/11/17 12:47:28 Pending DAG nodes:
04/11/17 12:47:28   Node original_test, HTCondor ID 11, status STATUS_SUBMITTED
04/11/17 12:57:30 16859 seconds since last log event
04/11/17 12:57:30 Pending DAG nodes:
04/11/17 12:57:30   Node original_test, HTCondor ID 11, status STATUS_SUBMITTED
04/11/17 13:07:33 17462 seconds since last log event
04/11/17 13:07:33 Pending DAG nodes:
04/11/17 13:07:33   Node original_test, HTCondor ID 11, status STATUS_SUBMITTED
04/11/17 13:17:35 18064 seconds since last log event
04/11/17 13:17:35 Pending DAG nodes:
04/11/17 13:17:35   Node original_test, HTCondor ID 11, status STATUS_SUBMITTED
04/11/17 13:27:37 18666 seconds since last log event
04/11/17 13:27:37 Pending DAG nodes:
04/11/17 13:27:37   Node original_test, HTCondor ID 11, status STATUS_SUBMITTED
04/11/17 13:37:40 19269 seconds since last log event
04/11/17 13:37:40 Pending DAG nodes:
04/11/17 13:37:40   Node original_test, HTCondor ID 11, status STATUS_SUBMITTED
