000 (004.000.000) 04/09 23:17:42 Job submitted from host: <10.33.137.48:9618?addrs=10.33.137.48-9618+[--1]-9618&noUDP&sock=1315_8f21_4>
    DAG Node: original
...
001 (004.000.000) 04/10 10:33:32 Job executing on host: <10.33.133.201:9618?addrs=10.33.133.201-9618+[--1]-9618&noUDP&sock=1530_07fd_15>
...
010 (004.000.000) 04/10 10:37:11 Job was suspended.
	Number of processes actually suspended: 12
...
011 (004.000.000) 04/10 10:43:37 Job was unsuspended.
...
010 (004.000.000) 04/10 10:53:22 Job was suspended.
	Number of processes actually suspended: 12
...
011 (004.000.000) 04/10 10:55:47 Job was unsuspended.
...
010 (004.000.000) 04/10 11:05:07 Job was suspended.
	Number of processes actually suspended: 12
...
011 (004.000.000) 04/10 11:08:27 Job was unsuspended.
...
010 (004.000.000) 04/10 11:38:54 Job was suspended.
	Number of processes actually suspended: 0
...
011 (004.000.000) 04/10 11:42:20 Job was unsuspended.
...
010 (004.000.000) 04/10 11:43:30 Job was suspended.
	Number of processes actually suspended: 0
...
007 (004.000.000) 04/10 11:44:14 Shadow exception!
	Error from slot1@jade.esat.kuleuven.be: Starter configured to use PID NAMESPACES, but libexec/condor_pid_ns_init did not run properly
	0  -  Run Bytes Sent By Job
	0  -  Run Bytes Received By Job
...
001 (004.000.000) 04/11 00:51:49 Job executing on host: <10.33.133.200:9618?addrs=10.33.133.200-9618+[--1]-9618&noUDP&sock=1461_b3f4_3>
...
005 (004.000.000) 04/11 08:16:21 Job terminated.
	(1) Normal termination (return value 0)
		Usr 0 03:20:27, Sys 0 00:01:46  -  Run Remote Usage
		Usr 0 00:00:00, Sys 0 00:00:00  -  Run Local Usage
		Usr 0 03:20:27, Sys 0 00:01:46  -  Total Remote Usage
		Usr 0 00:00:00, Sys 0 00:00:00  -  Total Local Usage
	0  -  Run Bytes Sent By Job
	0  -  Run Bytes Received By Job
	0  -  Total Bytes Sent By Job
	0  -  Total Bytes Received By Job
	Partitionable Resources :    Usage  Request Allocated
	   Cpus                 :                 1         1
	   Disk (KB)            :        7        7   1769218
	   Gpus                 :                 1         1
	   Memory (MB)          :     1709     4096      4096
...
000 (011.000.000) 04/11 08:16:31 Job submitted from host: <10.33.137.48:9618?addrs=10.33.137.48-9618+[--1]-9618&noUDP&sock=1315_8f21_4>
    DAG Node: original_test
...
