04/11/17 12:19:42 ******************************************************
04/11/17 12:19:42 ** condor_scheduniv_exec.68.0 (CONDOR_DAGMAN) STARTING UP
04/11/17 12:19:42 ** /usr/bin/condor_dagman
04/11/17 12:19:42 ** SubsystemInfo: name=DAGMAN type=DAGMAN(10) class=DAEMON(1)
04/11/17 12:19:42 ** Configuration: subsystem:DAGMAN local:<NONE> class:DAEMON
04/11/17 12:19:42 ** $CondorVersion: 8.6.1 Mar 01 2017 BuildID: 398585 $
04/11/17 12:19:42 ** $CondorPlatform: x86_64_RedHat7 $
04/11/17 12:19:42 ** PID = 11933
04/11/17 12:19:42 ** Log last touched time unavailable (No such file or directory)
04/11/17 12:19:42 ******************************************************
04/11/17 12:19:42 Using config source: /etc/condor/condor_config
04/11/17 12:19:42 Using local config sources: 
04/11/17 12:19:42    /etc/condor/config.d/00esat.config
04/11/17 12:19:42    /etc/condor/config.d/01java.config
04/11/17 12:19:42    /etc/condor/config.d/80optout_users.config
04/11/17 12:19:42    /etc/condor/condor_config.local
04/11/17 12:19:42 config Macros = 174, Sorted = 174, StringBytes = 6676, TablesBytes = 6336
04/11/17 12:19:42 CLASSAD_CACHING is ENABLED
04/11/17 12:19:42 Daemon Log is logging: D_ALWAYS D_ERROR
04/11/17 12:19:42 DaemonCore: No command port requested.
04/11/17 12:19:42 DAGMAN_USE_STRICT setting: 1
04/11/17 12:19:42 DAGMAN_VERBOSITY setting: 3
04/11/17 12:19:42 DAGMAN_DEBUG_CACHE_SIZE setting: 5242880
04/11/17 12:19:42 DAGMAN_DEBUG_CACHE_ENABLE setting: False
04/11/17 12:19:42 DAGMAN_SUBMIT_DELAY setting: 0
04/11/17 12:19:42 DAGMAN_MAX_SUBMIT_ATTEMPTS setting: 6
04/11/17 12:19:42 DAGMAN_STARTUP_CYCLE_DETECT setting: False
04/11/17 12:19:42 DAGMAN_MAX_SUBMITS_PER_INTERVAL setting: 5
04/11/17 12:19:42 DAGMAN_USER_LOG_SCAN_INTERVAL setting: 5
04/11/17 12:19:42 DAGMAN_DEFAULT_PRIORITY setting: 0
04/11/17 12:19:42 DAGMAN_SUPPRESS_NOTIFICATION setting: True
04/11/17 12:19:42 allow_events (DAGMAN_ALLOW_EVENTS) setting: 114
04/11/17 12:19:42 DAGMAN_RETRY_SUBMIT_FIRST setting: True
04/11/17 12:19:42 DAGMAN_RETRY_NODE_FIRST setting: False
04/11/17 12:19:42 DAGMAN_MAX_JOBS_IDLE setting: 1000
04/11/17 12:19:42 DAGMAN_MAX_JOBS_SUBMITTED setting: 0
04/11/17 12:19:42 DAGMAN_MAX_PRE_SCRIPTS setting: 20
04/11/17 12:19:42 DAGMAN_MAX_POST_SCRIPTS setting: 20
04/11/17 12:19:42 DAGMAN_MUNGE_NODE_NAMES setting: True
04/11/17 12:19:42 DAGMAN_PROHIBIT_MULTI_JOBS setting: False
04/11/17 12:19:42 DAGMAN_SUBMIT_DEPTH_FIRST setting: False
04/11/17 12:19:42 DAGMAN_ALWAYS_RUN_POST setting: False
04/11/17 12:19:42 DAGMAN_ABORT_DUPLICATES setting: True
04/11/17 12:19:42 DAGMAN_ABORT_ON_SCARY_SUBMIT setting: True
04/11/17 12:19:42 DAGMAN_PENDING_REPORT_INTERVAL setting: 600
04/11/17 12:19:42 DAGMAN_AUTO_RESCUE setting: True
04/11/17 12:19:42 DAGMAN_MAX_RESCUE_NUM setting: 100
04/11/17 12:19:42 DAGMAN_WRITE_PARTIAL_RESCUE setting: True
04/11/17 12:19:42 DAGMAN_DEFAULT_NODE_LOG setting: @(DAG_DIR)/@(DAG_FILE).nodes.log
04/11/17 12:19:42 DAGMAN_GENERATE_SUBDAG_SUBMITS setting: True
04/11/17 12:19:42 DAGMAN_MAX_JOB_HOLDS setting: 100
04/11/17 12:19:42 DAGMAN_HOLD_CLAIM_TIME setting: 20
04/11/17 12:19:42 ALL_DEBUG setting: 
04/11/17 12:19:42 DAGMAN_DEBUG setting: 
04/11/17 12:19:42 DAGMAN_SUPPRESS_JOB_LOGS setting: False
04/11/17 12:19:42 DAGMAN_REMOVE_NODE_JOBS setting: True
04/11/17 12:19:42 argv[0] == "condor_scheduniv_exec.68.0"
04/11/17 12:19:42 argv[1] == "-Lockfile"
04/11/17 12:19:42 argv[2] == "ds_topic.dag.lock"
04/11/17 12:19:42 argv[3] == "-AutoRescue"
04/11/17 12:19:42 argv[4] == "1"
04/11/17 12:19:42 argv[5] == "-DoRescueFrom"
04/11/17 12:19:42 argv[6] == "0"
04/11/17 12:19:42 argv[7] == "-Dag"
04/11/17 12:19:42 argv[8] == "ds_topic.dag"
04/11/17 12:19:42 argv[9] == "-Suppress_notification"
04/11/17 12:19:42 argv[10] == "-CsdVersion"
04/11/17 12:19:42 argv[11] == "$CondorVersion: 8.6.1 Mar 01 2017 BuildID: 398585 $"
04/11/17 12:19:42 argv[12] == "-Dagman"
04/11/17 12:19:42 argv[13] == "/usr/bin/condor_dagman"
04/11/17 12:19:42 Workflow batch-name: <ds_topic.dag+68>
04/11/17 12:19:42 Workflow accounting_group: <>
04/11/17 12:19:42 Workflow accounting_group_user: <>
04/11/17 12:19:42 Warning: failed to get attribute DAGNodeName
04/11/17 12:19:42 DAGMAN_LOG_ON_NFS_IS_ERROR setting: False
04/11/17 12:19:42 Default node log file is: </esat/spchtemp/scratch/wboes/SpeechHub/pretrained_tied_models_smaller/python/jobdag/./ds_topic.dag.nodes.log>
04/11/17 12:19:42 DAG Lockfile will be written to ds_topic.dag.lock
04/11/17 12:19:42 DAG Input file is ds_topic.dag
04/11/17 12:19:42 Parsing 1 dagfiles
04/11/17 12:19:42 Parsing ds_topic.dag ...
04/11/17 12:19:42 Dag contains 7 total jobs
04/11/17 12:19:42 Sleeping for 3 seconds to ensure ProcessId uniqueness
04/11/17 12:19:45 Bootstrapping...
04/11/17 12:19:45 Number of pre-completed nodes: 0
04/11/17 12:19:45 MultiLogFiles: truncating log file /esat/spchtemp/scratch/wboes/SpeechHub/pretrained_tied_models_smaller/python/jobdag/./ds_topic.dag.nodes.log
04/11/17 12:19:45 DAG status: 0 (DAG_STATUS_OK)
04/11/17 12:19:45 Of 7 nodes total:
04/11/17 12:19:45  Done     Pre   Queued    Post   Ready   Un-Ready   Failed
04/11/17 12:19:45   ===     ===      ===     ===     ===        ===      ===
04/11/17 12:19:45     0       0        0       0       1          6        0
04/11/17 12:19:45 0 job proc(s) currently held
04/11/17 12:19:45 Registering condor_event_timer...
04/11/17 12:19:46 Submitting HTCondor Node topic_reg job(s)...
04/11/17 12:19:46 Adding a DAGMan workflow log /esat/spchtemp/scratch/wboes/SpeechHub/pretrained_tied_models_smaller/python/jobdag/./ds_topic.dag.nodes.log
04/11/17 12:19:46 Masking the events recorded in the DAGMAN workflow log
04/11/17 12:19:46 Mask for workflow log is 0,1,2,4,5,7,9,10,11,12,13,16,17,24,27
04/11/17 12:19:46 submitting: /usr/bin/condor_submit -a dag_node_name' '=' 'topic_reg -a +DAGManJobId' '=' '68 -a DAGManJobId' '=' '68 -batch-name ds_topic.dag+68 -a submit_event_notes' '=' 'DAG' 'Node:' 'topic_reg -a dagman_log' '=' '/esat/spchtemp/scratch/wboes/SpeechHub/pretrained_tied_models_smaller/python/jobdag/./ds_topic.dag.nodes.log -a +DAGManNodesMask' '=' '"0,1,2,4,5,7,9,10,11,12,13,16,17,24,27" -a data_set' '=' 'ds -a test_name' '=' 'topic -a num_run' '=' '0 -a mode' '=' 'reg -a DAG_STATUS' '=' '0 -a FAILED_COUNT' '=' '0 -a +KeepClaimIdle' '=' '20 -a notification' '=' 'never -a +DAGParentNodeNames' '=' '"" jobdag/topic.job
04/11/17 12:19:46 From submit: Submitting job(s).
04/11/17 12:19:46 From submit: 1 job(s) submitted to cluster 70.
04/11/17 12:19:46 	assigned HTCondor ID (70.0.0)
04/11/17 12:19:46 Just submitted 1 job this cycle...
04/11/17 12:19:46 Currently monitoring 1 HTCondor log file(s)
04/11/17 12:19:46 Reassigning the id of job topic_reg from (70.0.0) to (70.0.0)
04/11/17 12:19:46 Event: ULOG_SUBMIT for HTCondor Node topic_reg (70.0.0) {04/11/17 12:19:46}
04/11/17 12:19:46 Number of idle job procs: 1
04/11/17 12:19:46 DAG status: 0 (DAG_STATUS_OK)
04/11/17 12:19:46 Of 7 nodes total:
04/11/17 12:19:46  Done     Pre   Queued    Post   Ready   Un-Ready   Failed
04/11/17 12:19:46   ===     ===      ===     ===     ===        ===      ===
04/11/17 12:19:46     0       0        1       0       0          6        0
04/11/17 12:19:46 0 job proc(s) currently held
04/11/17 12:29:49 603 seconds since last log event
04/11/17 12:29:49 Pending DAG nodes:
04/11/17 12:29:49   Node topic_reg, HTCondor ID 70, status STATUS_SUBMITTED
04/11/17 12:39:52 1206 seconds since last log event
04/11/17 12:39:52 Pending DAG nodes:
04/11/17 12:39:52   Node topic_reg, HTCondor ID 70, status STATUS_SUBMITTED
04/11/17 12:49:55 1809 seconds since last log event
04/11/17 12:49:55 Pending DAG nodes:
04/11/17 12:49:55   Node topic_reg, HTCondor ID 70, status STATUS_SUBMITTED
04/11/17 12:59:58 2412 seconds since last log event
04/11/17 12:59:58 Pending DAG nodes:
04/11/17 12:59:58   Node topic_reg, HTCondor ID 70, status STATUS_SUBMITTED
04/11/17 13:10:01 3015 seconds since last log event
04/11/17 13:10:01 Pending DAG nodes:
04/11/17 13:10:01   Node topic_reg, HTCondor ID 70, status STATUS_SUBMITTED
04/11/17 13:20:03 3617 seconds since last log event
04/11/17 13:20:03 Pending DAG nodes:
04/11/17 13:20:03   Node topic_reg, HTCondor ID 70, status STATUS_SUBMITTED
04/11/17 13:30:06 4220 seconds since last log event
04/11/17 13:30:06 Pending DAG nodes:
04/11/17 13:30:06   Node topic_reg, HTCondor ID 70, status STATUS_SUBMITTED
04/11/17 13:40:08 4822 seconds since last log event
04/11/17 13:40:08 Pending DAG nodes:
04/11/17 13:40:08   Node topic_reg, HTCondor ID 70, status STATUS_SUBMITTED
04/11/17 13:50:10 5424 seconds since last log event
04/11/17 13:50:10 Pending DAG nodes:
04/11/17 13:50:10   Node topic_reg, HTCondor ID 70, status STATUS_SUBMITTED
04/11/17 14:00:13 6027 seconds since last log event
04/11/17 14:00:13 Pending DAG nodes:
04/11/17 14:00:13   Node topic_reg, HTCondor ID 70, status STATUS_SUBMITTED
04/11/17 14:10:16 6630 seconds since last log event
04/11/17 14:10:16 Pending DAG nodes:
04/11/17 14:10:16   Node topic_reg, HTCondor ID 70, status STATUS_SUBMITTED
04/11/17 14:20:19 7233 seconds since last log event
04/11/17 14:20:19 Pending DAG nodes:
04/11/17 14:20:19   Node topic_reg, HTCondor ID 70, status STATUS_SUBMITTED
04/11/17 14:30:22 7836 seconds since last log event
04/11/17 14:30:22 Pending DAG nodes:
04/11/17 14:30:22   Node topic_reg, HTCondor ID 70, status STATUS_SUBMITTED
04/11/17 14:40:25 8439 seconds since last log event
04/11/17 14:40:25 Pending DAG nodes:
04/11/17 14:40:25   Node topic_reg, HTCondor ID 70, status STATUS_SUBMITTED
04/11/17 14:50:28 9042 seconds since last log event
04/11/17 14:50:28 Pending DAG nodes:
04/11/17 14:50:28   Node topic_reg, HTCondor ID 70, status STATUS_SUBMITTED
04/11/17 15:00:31 9645 seconds since last log event
04/11/17 15:00:31 Pending DAG nodes:
04/11/17 15:00:31   Node topic_reg, HTCondor ID 70, status STATUS_SUBMITTED
04/11/17 15:10:34 10248 seconds since last log event
04/11/17 15:10:34 Pending DAG nodes:
04/11/17 15:10:34   Node topic_reg, HTCondor ID 70, status STATUS_SUBMITTED
04/11/17 15:20:37 10851 seconds since last log event
04/11/17 15:20:37 Pending DAG nodes:
04/11/17 15:20:37   Node topic_reg, HTCondor ID 70, status STATUS_SUBMITTED
04/11/17 15:30:40 11454 seconds since last log event
04/11/17 15:30:40 Pending DAG nodes:
04/11/17 15:30:40   Node topic_reg, HTCondor ID 70, status STATUS_SUBMITTED
04/11/17 15:40:43 12057 seconds since last log event
04/11/17 15:40:43 Pending DAG nodes:
04/11/17 15:40:43   Node topic_reg, HTCondor ID 70, status STATUS_SUBMITTED
04/11/17 15:50:46 12660 seconds since last log event
04/11/17 15:50:46 Pending DAG nodes:
04/11/17 15:50:46   Node topic_reg, HTCondor ID 70, status STATUS_SUBMITTED
04/11/17 16:00:49 13263 seconds since last log event
04/11/17 16:00:49 Pending DAG nodes:
04/11/17 16:00:49   Node topic_reg, HTCondor ID 70, status STATUS_SUBMITTED
04/11/17 16:10:51 13865 seconds since last log event
04/11/17 16:10:51 Pending DAG nodes:
04/11/17 16:10:51   Node topic_reg, HTCondor ID 70, status STATUS_SUBMITTED
04/11/17 16:20:54 14468 seconds since last log event
04/11/17 16:20:54 Pending DAG nodes:
04/11/17 16:20:54   Node topic_reg, HTCondor ID 70, status STATUS_SUBMITTED
04/11/17 16:30:57 15071 seconds since last log event
04/11/17 16:30:57 Pending DAG nodes:
04/11/17 16:30:57   Node topic_reg, HTCondor ID 70, status STATUS_SUBMITTED
04/11/17 16:41:00 15674 seconds since last log event
04/11/17 16:41:00 Pending DAG nodes:
04/11/17 16:41:00   Node topic_reg, HTCondor ID 70, status STATUS_SUBMITTED
04/11/17 16:51:03 16277 seconds since last log event
04/11/17 16:51:03 Pending DAG nodes:
04/11/17 16:51:03   Node topic_reg, HTCondor ID 70, status STATUS_SUBMITTED
04/11/17 17:01:06 16880 seconds since last log event
04/11/17 17:01:06 Pending DAG nodes:
04/11/17 17:01:06   Node topic_reg, HTCondor ID 70, status STATUS_SUBMITTED
04/11/17 17:11:09 17483 seconds since last log event
04/11/17 17:11:09 Pending DAG nodes:
04/11/17 17:11:09   Node topic_reg, HTCondor ID 70, status STATUS_SUBMITTED
04/11/17 17:21:11 18085 seconds since last log event
04/11/17 17:21:11 Pending DAG nodes:
04/11/17 17:21:11   Node topic_reg, HTCondor ID 70, status STATUS_SUBMITTED
04/11/17 17:31:14 18688 seconds since last log event
04/11/17 17:31:14 Pending DAG nodes:
04/11/17 17:31:14   Node topic_reg, HTCondor ID 70, status STATUS_SUBMITTED
04/11/17 17:41:17 19291 seconds since last log event
04/11/17 17:41:17 Pending DAG nodes:
04/11/17 17:41:17   Node topic_reg, HTCondor ID 70, status STATUS_SUBMITTED
04/11/17 17:51:19 19893 seconds since last log event
04/11/17 17:51:19 Pending DAG nodes:
04/11/17 17:51:19   Node topic_reg, HTCondor ID 70, status STATUS_SUBMITTED
04/11/17 18:01:22 20496 seconds since last log event
04/11/17 18:01:22 Pending DAG nodes:
04/11/17 18:01:22   Node topic_reg, HTCondor ID 70, status STATUS_SUBMITTED
04/11/17 18:11:25 21099 seconds since last log event
04/11/17 18:11:25 Pending DAG nodes:
04/11/17 18:11:25   Node topic_reg, HTCondor ID 70, status STATUS_SUBMITTED
04/11/17 18:21:28 21702 seconds since last log event
04/11/17 18:21:28 Pending DAG nodes:
04/11/17 18:21:28   Node topic_reg, HTCondor ID 70, status STATUS_SUBMITTED
04/11/17 18:31:29 22303 seconds since last log event
04/11/17 18:31:29 Pending DAG nodes:
04/11/17 18:31:29   Node topic_reg, HTCondor ID 70, status STATUS_SUBMITTED
04/11/17 18:41:32 22906 seconds since last log event
04/11/17 18:41:32 Pending DAG nodes:
04/11/17 18:41:32   Node topic_reg, HTCondor ID 70, status STATUS_SUBMITTED
04/11/17 18:51:34 23508 seconds since last log event
04/11/17 18:51:34 Pending DAG nodes:
04/11/17 18:51:34   Node topic_reg, HTCondor ID 70, status STATUS_SUBMITTED
04/11/17 19:01:37 24111 seconds since last log event
04/11/17 19:01:37 Pending DAG nodes:
04/11/17 19:01:37   Node topic_reg, HTCondor ID 70, status STATUS_SUBMITTED
04/11/17 19:11:40 24714 seconds since last log event
04/11/17 19:11:40 Pending DAG nodes:
04/11/17 19:11:40   Node topic_reg, HTCondor ID 70, status STATUS_SUBMITTED
04/11/17 19:21:43 25317 seconds since last log event
04/11/17 19:21:43 Pending DAG nodes:
04/11/17 19:21:43   Node topic_reg, HTCondor ID 70, status STATUS_SUBMITTED
04/11/17 19:31:44 25918 seconds since last log event
04/11/17 19:31:44 Pending DAG nodes:
04/11/17 19:31:44   Node topic_reg, HTCondor ID 70, status STATUS_SUBMITTED
04/11/17 19:41:47 26521 seconds since last log event
04/11/17 19:41:47 Pending DAG nodes:
04/11/17 19:41:47   Node topic_reg, HTCondor ID 70, status STATUS_SUBMITTED
04/11/17 19:51:50 27124 seconds since last log event
04/11/17 19:51:50 Pending DAG nodes:
04/11/17 19:51:50   Node topic_reg, HTCondor ID 70, status STATUS_SUBMITTED
04/11/17 20:01:53 27727 seconds since last log event
04/11/17 20:01:53 Pending DAG nodes:
04/11/17 20:01:53   Node topic_reg, HTCondor ID 70, status STATUS_SUBMITTED
04/11/17 20:11:56 28330 seconds since last log event
04/11/17 20:11:56 Pending DAG nodes:
04/11/17 20:11:56   Node topic_reg, HTCondor ID 70, status STATUS_SUBMITTED
04/11/17 20:21:59 28933 seconds since last log event
04/11/17 20:21:59 Pending DAG nodes:
04/11/17 20:21:59   Node topic_reg, HTCondor ID 70, status STATUS_SUBMITTED
04/11/17 20:32:02 29536 seconds since last log event
04/11/17 20:32:02 Pending DAG nodes:
04/11/17 20:32:02   Node topic_reg, HTCondor ID 70, status STATUS_SUBMITTED
04/11/17 20:42:05 30139 seconds since last log event
04/11/17 20:42:05 Pending DAG nodes:
04/11/17 20:42:05   Node topic_reg, HTCondor ID 70, status STATUS_SUBMITTED
04/11/17 20:52:07 30741 seconds since last log event
04/11/17 20:52:07 Pending DAG nodes:
04/11/17 20:52:07   Node topic_reg, HTCondor ID 70, status STATUS_SUBMITTED
04/11/17 21:02:11 31345 seconds since last log event
04/11/17 21:02:11 Pending DAG nodes:
04/11/17 21:02:11   Node topic_reg, HTCondor ID 70, status STATUS_SUBMITTED
04/11/17 21:12:14 31948 seconds since last log event
04/11/17 21:12:14 Pending DAG nodes:
04/11/17 21:12:14   Node topic_reg, HTCondor ID 70, status STATUS_SUBMITTED
04/11/17 21:22:17 32551 seconds since last log event
04/11/17 21:22:17 Pending DAG nodes:
04/11/17 21:22:17   Node topic_reg, HTCondor ID 70, status STATUS_SUBMITTED
04/11/17 21:32:19 33153 seconds since last log event
04/11/17 21:32:19 Pending DAG nodes:
04/11/17 21:32:19   Node topic_reg, HTCondor ID 70, status STATUS_SUBMITTED
04/11/17 21:42:22 33756 seconds since last log event
04/11/17 21:42:22 Pending DAG nodes:
04/11/17 21:42:22   Node topic_reg, HTCondor ID 70, status STATUS_SUBMITTED
04/11/17 21:52:25 34359 seconds since last log event
04/11/17 21:52:25 Pending DAG nodes:
04/11/17 21:52:25   Node topic_reg, HTCondor ID 70, status STATUS_SUBMITTED
04/11/17 22:02:28 34962 seconds since last log event
04/11/17 22:02:28 Pending DAG nodes:
04/11/17 22:02:28   Node topic_reg, HTCondor ID 70, status STATUS_SUBMITTED
04/11/17 22:12:30 35564 seconds since last log event
04/11/17 22:12:30 Pending DAG nodes:
04/11/17 22:12:30   Node topic_reg, HTCondor ID 70, status STATUS_SUBMITTED
04/11/17 22:22:33 36167 seconds since last log event
04/11/17 22:22:33 Pending DAG nodes:
04/11/17 22:22:33   Node topic_reg, HTCondor ID 70, status STATUS_SUBMITTED
04/11/17 22:32:36 36770 seconds since last log event
04/11/17 22:32:36 Pending DAG nodes:
04/11/17 22:32:36   Node topic_reg, HTCondor ID 70, status STATUS_SUBMITTED
04/11/17 22:42:38 37372 seconds since last log event
04/11/17 22:42:38 Pending DAG nodes:
04/11/17 22:42:38   Node topic_reg, HTCondor ID 70, status STATUS_SUBMITTED
04/11/17 22:52:41 37975 seconds since last log event
04/11/17 22:52:41 Pending DAG nodes:
04/11/17 22:52:41   Node topic_reg, HTCondor ID 70, status STATUS_SUBMITTED
04/11/17 23:02:44 38578 seconds since last log event
04/11/17 23:02:44 Pending DAG nodes:
04/11/17 23:02:44   Node topic_reg, HTCondor ID 70, status STATUS_SUBMITTED
04/11/17 23:12:47 39181 seconds since last log event
04/11/17 23:12:47 Pending DAG nodes:
04/11/17 23:12:47   Node topic_reg, HTCondor ID 70, status STATUS_SUBMITTED
04/11/17 23:22:50 39784 seconds since last log event
04/11/17 23:22:50 Pending DAG nodes:
04/11/17 23:22:50   Node topic_reg, HTCondor ID 70, status STATUS_SUBMITTED
04/11/17 23:32:53 40387 seconds since last log event
04/11/17 23:32:53 Pending DAG nodes:
04/11/17 23:32:53   Node topic_reg, HTCondor ID 70, status STATUS_SUBMITTED
04/11/17 23:42:56 40990 seconds since last log event
04/11/17 23:42:56 Pending DAG nodes:
04/11/17 23:42:56   Node topic_reg, HTCondor ID 70, status STATUS_SUBMITTED
04/11/17 23:52:59 41593 seconds since last log event
04/11/17 23:52:59 Pending DAG nodes:
04/11/17 23:52:59   Node topic_reg, HTCondor ID 70, status STATUS_SUBMITTED
04/12/17 00:03:02 42196 seconds since last log event
04/12/17 00:03:02 Pending DAG nodes:
04/12/17 00:03:02   Node topic_reg, HTCondor ID 70, status STATUS_SUBMITTED
04/12/17 00:13:05 42799 seconds since last log event
04/12/17 00:13:05 Pending DAG nodes:
04/12/17 00:13:05   Node topic_reg, HTCondor ID 70, status STATUS_SUBMITTED
04/12/17 00:23:07 43401 seconds since last log event
04/12/17 00:23:07 Pending DAG nodes:
04/12/17 00:23:07   Node topic_reg, HTCondor ID 70, status STATUS_SUBMITTED
04/12/17 00:33:10 44004 seconds since last log event
04/12/17 00:33:10 Pending DAG nodes:
04/12/17 00:33:10   Node topic_reg, HTCondor ID 70, status STATUS_SUBMITTED
04/12/17 00:43:13 44607 seconds since last log event
04/12/17 00:43:13 Pending DAG nodes:
04/12/17 00:43:13   Node topic_reg, HTCondor ID 70, status STATUS_SUBMITTED
04/12/17 00:53:16 45210 seconds since last log event
04/12/17 00:53:16 Pending DAG nodes:
04/12/17 00:53:16   Node topic_reg, HTCondor ID 70, status STATUS_SUBMITTED
04/12/17 01:03:19 45813 seconds since last log event
04/12/17 01:03:19 Pending DAG nodes:
04/12/17 01:03:19   Node topic_reg, HTCondor ID 70, status STATUS_SUBMITTED
04/12/17 01:13:22 46416 seconds since last log event
04/12/17 01:13:22 Pending DAG nodes:
04/12/17 01:13:22   Node topic_reg, HTCondor ID 70, status STATUS_SUBMITTED
04/12/17 01:21:13 Currently monitoring 1 HTCondor log file(s)
04/12/17 01:21:13 ERROR: node for condor ID 8.0.0 not found! (might be because of node retries)
04/12/17 01:21:13 Event: ULOG_EXECUTE for unknown Node (8.0.0) {04/12/17 01:20:52}: ignoring...
04/12/17 01:31:16 603 seconds since last log event
04/12/17 01:31:16 Pending DAG nodes:
04/12/17 01:31:16   Node topic_reg, HTCondor ID 70, status STATUS_SUBMITTED
04/12/17 01:41:19 1206 seconds since last log event
04/12/17 01:41:19 Pending DAG nodes:
04/12/17 01:41:19   Node topic_reg, HTCondor ID 70, status STATUS_SUBMITTED
04/12/17 01:51:21 1808 seconds since last log event
04/12/17 01:51:21 Pending DAG nodes:
04/12/17 01:51:21   Node topic_reg, HTCondor ID 70, status STATUS_SUBMITTED
04/12/17 02:01:24 2411 seconds since last log event
04/12/17 02:01:24 Pending DAG nodes:
04/12/17 02:01:24   Node topic_reg, HTCondor ID 70, status STATUS_SUBMITTED
04/12/17 02:11:27 3014 seconds since last log event
04/12/17 02:11:27 Pending DAG nodes:
04/12/17 02:11:27   Node topic_reg, HTCondor ID 70, status STATUS_SUBMITTED
04/12/17 02:21:28 3615 seconds since last log event
04/12/17 02:21:28 Pending DAG nodes:
04/12/17 02:21:28   Node topic_reg, HTCondor ID 70, status STATUS_SUBMITTED
04/12/17 02:31:31 4218 seconds since last log event
04/12/17 02:31:31 Pending DAG nodes:
04/12/17 02:31:31   Node topic_reg, HTCondor ID 70, status STATUS_SUBMITTED
04/12/17 02:41:34 4821 seconds since last log event
04/12/17 02:41:34 Pending DAG nodes:
04/12/17 02:41:34   Node topic_reg, HTCondor ID 70, status STATUS_SUBMITTED
04/12/17 02:51:37 5424 seconds since last log event
04/12/17 02:51:37 Pending DAG nodes:
04/12/17 02:51:37   Node topic_reg, HTCondor ID 70, status STATUS_SUBMITTED
04/12/17 03:01:40 6027 seconds since last log event
04/12/17 03:01:40 Pending DAG nodes:
04/12/17 03:01:40   Node topic_reg, HTCondor ID 70, status STATUS_SUBMITTED
04/12/17 03:11:43 6630 seconds since last log event
04/12/17 03:11:43 Pending DAG nodes:
04/12/17 03:11:43   Node topic_reg, HTCondor ID 70, status STATUS_SUBMITTED
04/12/17 03:21:46 7233 seconds since last log event
04/12/17 03:21:46 Pending DAG nodes:
04/12/17 03:21:46   Node topic_reg, HTCondor ID 70, status STATUS_SUBMITTED
04/12/17 03:31:48 7835 seconds since last log event
04/12/17 03:31:48 Pending DAG nodes:
04/12/17 03:31:48   Node topic_reg, HTCondor ID 70, status STATUS_SUBMITTED
04/12/17 03:41:51 8438 seconds since last log event
04/12/17 03:41:51 Pending DAG nodes:
04/12/17 03:41:51   Node topic_reg, HTCondor ID 70, status STATUS_SUBMITTED
04/12/17 03:51:53 9040 seconds since last log event
04/12/17 03:51:53 Pending DAG nodes:
04/12/17 03:51:53   Node topic_reg, HTCondor ID 70, status STATUS_SUBMITTED
04/12/17 04:00:30 Currently monitoring 1 HTCondor log file(s)
04/12/17 04:00:30 Event: ULOG_EXECUTE for HTCondor Node topic_reg (70.0.0) {04/12/17 04:00:30}
04/12/17 04:00:30 Number of idle job procs: 0
04/12/17 04:10:33 603 seconds since last log event
04/12/17 04:10:33 Pending DAG nodes:
04/12/17 04:10:33   Node topic_reg, HTCondor ID 70, status STATUS_SUBMITTED
04/12/17 04:20:36 1206 seconds since last log event
04/12/17 04:20:36 Pending DAG nodes:
04/12/17 04:20:36   Node topic_reg, HTCondor ID 70, status STATUS_SUBMITTED
04/12/17 04:30:39 1809 seconds since last log event
04/12/17 04:30:39 Pending DAG nodes:
04/12/17 04:30:39   Node topic_reg, HTCondor ID 70, status STATUS_SUBMITTED
04/12/17 04:40:42 2412 seconds since last log event
04/12/17 04:40:42 Pending DAG nodes:
04/12/17 04:40:42   Node topic_reg, HTCondor ID 70, status STATUS_SUBMITTED
04/12/17 04:50:44 3014 seconds since last log event
04/12/17 04:50:44 Pending DAG nodes:
04/12/17 04:50:44   Node topic_reg, HTCondor ID 70, status STATUS_SUBMITTED
04/12/17 05:00:46 3616 seconds since last log event
04/12/17 05:00:46 Pending DAG nodes:
04/12/17 05:00:46   Node topic_reg, HTCondor ID 70, status STATUS_SUBMITTED
04/12/17 05:10:49 4219 seconds since last log event
04/12/17 05:10:49 Pending DAG nodes:
04/12/17 05:10:49   Node topic_reg, HTCondor ID 70, status STATUS_SUBMITTED
04/12/17 05:20:52 4822 seconds since last log event
04/12/17 05:20:52 Pending DAG nodes:
04/12/17 05:20:52   Node topic_reg, HTCondor ID 70, status STATUS_SUBMITTED
04/12/17 05:30:55 5425 seconds since last log event
04/12/17 05:30:55 Pending DAG nodes:
04/12/17 05:30:55   Node topic_reg, HTCondor ID 70, status STATUS_SUBMITTED
04/12/17 05:40:58 6028 seconds since last log event
04/12/17 05:40:58 Pending DAG nodes:
04/12/17 05:40:58   Node topic_reg, HTCondor ID 70, status STATUS_SUBMITTED
04/12/17 05:51:00 6630 seconds since last log event
04/12/17 05:51:00 Pending DAG nodes:
04/12/17 05:51:00   Node topic_reg, HTCondor ID 70, status STATUS_SUBMITTED
04/12/17 06:01:03 7233 seconds since last log event
04/12/17 06:01:03 Pending DAG nodes:
04/12/17 06:01:03   Node topic_reg, HTCondor ID 70, status STATUS_SUBMITTED
04/12/17 06:11:06 7836 seconds since last log event
04/12/17 06:11:06 Pending DAG nodes:
04/12/17 06:11:06   Node topic_reg, HTCondor ID 70, status STATUS_SUBMITTED
04/12/17 06:21:09 8439 seconds since last log event
04/12/17 06:21:09 Pending DAG nodes:
04/12/17 06:21:09   Node topic_reg, HTCondor ID 70, status STATUS_SUBMITTED
04/12/17 06:31:12 9042 seconds since last log event
04/12/17 06:31:12 Pending DAG nodes:
04/12/17 06:31:12   Node topic_reg, HTCondor ID 70, status STATUS_SUBMITTED
04/12/17 06:41:15 9645 seconds since last log event
04/12/17 06:41:15 Pending DAG nodes:
04/12/17 06:41:15   Node topic_reg, HTCondor ID 70, status STATUS_SUBMITTED
04/12/17 06:51:18 10248 seconds since last log event
04/12/17 06:51:18 Pending DAG nodes:
04/12/17 06:51:18   Node topic_reg, HTCondor ID 70, status STATUS_SUBMITTED
04/12/17 07:01:20 10850 seconds since last log event
04/12/17 07:01:20 Pending DAG nodes:
04/12/17 07:01:20   Node topic_reg, HTCondor ID 70, status STATUS_SUBMITTED
04/12/17 07:11:23 11453 seconds since last log event
04/12/17 07:11:23 Pending DAG nodes:
04/12/17 07:11:23   Node topic_reg, HTCondor ID 70, status STATUS_SUBMITTED
04/12/17 07:21:26 12056 seconds since last log event
04/12/17 07:21:26 Pending DAG nodes:
04/12/17 07:21:26   Node topic_reg, HTCondor ID 70, status STATUS_SUBMITTED
04/12/17 07:31:29 12659 seconds since last log event
04/12/17 07:31:29 Pending DAG nodes:
04/12/17 07:31:29   Node topic_reg, HTCondor ID 70, status STATUS_SUBMITTED
04/12/17 07:41:32 13262 seconds since last log event
04/12/17 07:41:32 Pending DAG nodes:
04/12/17 07:41:32   Node topic_reg, HTCondor ID 70, status STATUS_SUBMITTED
04/12/17 07:51:35 13865 seconds since last log event
04/12/17 07:51:35 Pending DAG nodes:
04/12/17 07:51:35   Node topic_reg, HTCondor ID 70, status STATUS_SUBMITTED
04/12/17 08:01:38 14468 seconds since last log event
04/12/17 08:01:38 Pending DAG nodes:
04/12/17 08:01:38   Node topic_reg, HTCondor ID 70, status STATUS_SUBMITTED
04/12/17 08:03:44 Currently monitoring 1 HTCondor log file(s)
04/12/17 08:03:44 Event: ULOG_JOB_SUSPENDED for HTCondor Node topic_reg (70.0.0) {04/12/17 08:03:43}
04/12/17 08:03:44 Number of idle job procs: 1
04/12/17 08:08:05 Currently monitoring 1 HTCondor log file(s)
04/12/17 08:08:05 Event: ULOG_JOB_UNSUSPENDED for HTCondor Node topic_reg (70.0.0) {04/12/17 08:08:04}
04/12/17 08:08:05 Number of idle job procs: 0
04/12/17 08:18:08 603 seconds since last log event
04/12/17 08:18:08 Pending DAG nodes:
04/12/17 08:18:08   Node topic_reg, HTCondor ID 70, status STATUS_SUBMITTED
04/12/17 08:28:11 1206 seconds since last log event
04/12/17 08:28:11 Pending DAG nodes:
04/12/17 08:28:11   Node topic_reg, HTCondor ID 70, status STATUS_SUBMITTED
04/12/17 08:38:14 1809 seconds since last log event
04/12/17 08:38:14 Pending DAG nodes:
04/12/17 08:38:14   Node topic_reg, HTCondor ID 70, status STATUS_SUBMITTED
04/12/17 08:48:17 2412 seconds since last log event
04/12/17 08:48:17 Pending DAG nodes:
04/12/17 08:48:17   Node topic_reg, HTCondor ID 70, status STATUS_SUBMITTED
04/12/17 08:58:19 3014 seconds since last log event
04/12/17 08:58:19 Pending DAG nodes:
04/12/17 08:58:19   Node topic_reg, HTCondor ID 70, status STATUS_SUBMITTED
04/12/17 09:08:22 3617 seconds since last log event
04/12/17 09:08:22 Pending DAG nodes:
04/12/17 09:08:22   Node topic_reg, HTCondor ID 70, status STATUS_SUBMITTED
04/12/17 09:18:25 4220 seconds since last log event
04/12/17 09:18:25 Pending DAG nodes:
04/12/17 09:18:25   Node topic_reg, HTCondor ID 70, status STATUS_SUBMITTED
04/12/17 09:28:27 4822 seconds since last log event
04/12/17 09:28:27 Pending DAG nodes:
04/12/17 09:28:27   Node topic_reg, HTCondor ID 70, status STATUS_SUBMITTED
04/12/17 09:38:30 5425 seconds since last log event
04/12/17 09:38:30 Pending DAG nodes:
04/12/17 09:38:30   Node topic_reg, HTCondor ID 70, status STATUS_SUBMITTED
04/12/17 09:48:33 6028 seconds since last log event
04/12/17 09:48:33 Pending DAG nodes:
04/12/17 09:48:33   Node topic_reg, HTCondor ID 70, status STATUS_SUBMITTED
04/12/17 09:58:36 6631 seconds since last log event
04/12/17 09:58:36 Pending DAG nodes:
04/12/17 09:58:36   Node topic_reg, HTCondor ID 70, status STATUS_SUBMITTED
04/12/17 10:00:27 Currently monitoring 1 HTCondor log file(s)
04/12/17 10:00:27 ERROR: node for condor ID 8.0.0 not found! (might be because of node retries)
04/12/17 10:00:27 Event: ULOG_JOB_SUSPENDED for unknown Node (8.0.0) {04/12/17 10:00:24}: ignoring...
04/12/17 10:02:02 Currently monitoring 1 HTCondor log file(s)
04/12/17 10:02:02 Event: ULOG_JOB_SUSPENDED for HTCondor Node topic_reg (70.0.0) {04/12/17 10:02:01}
04/12/17 10:02:02 Number of idle job procs: 1
04/12/17 10:03:48 Currently monitoring 1 HTCondor log file(s)
04/12/17 10:03:48 Event: ULOG_JOB_UNSUSPENDED for HTCondor Node topic_reg (70.0.0) {04/12/17 10:03:47}
04/12/17 10:03:48 Number of idle job procs: 0
04/12/17 10:08:38 Currently monitoring 1 HTCondor log file(s)
04/12/17 10:08:38 ERROR: node for condor ID 8.0.0 not found! (might be because of node retries)
04/12/17 10:08:38 Event: ULOG_JOB_UNSUSPENDED for unknown Node (8.0.0) {04/12/17 10:08:35}: ignoring...
04/12/17 10:18:41 603 seconds since last log event
04/12/17 10:18:41 Pending DAG nodes:
04/12/17 10:18:41   Node topic_reg, HTCondor ID 70, status STATUS_SUBMITTED
04/12/17 10:28:44 1206 seconds since last log event
04/12/17 10:28:44 Pending DAG nodes:
04/12/17 10:28:44   Node topic_reg, HTCondor ID 70, status STATUS_SUBMITTED
04/12/17 10:38:46 1808 seconds since last log event
04/12/17 10:38:46 Pending DAG nodes:
04/12/17 10:38:46   Node topic_reg, HTCondor ID 70, status STATUS_SUBMITTED
04/12/17 10:48:48 2410 seconds since last log event
04/12/17 10:48:48 Pending DAG nodes:
04/12/17 10:48:48   Node topic_reg, HTCondor ID 70, status STATUS_SUBMITTED
04/12/17 10:58:50 3012 seconds since last log event
04/12/17 10:58:50 Pending DAG nodes:
04/12/17 10:58:50   Node topic_reg, HTCondor ID 70, status STATUS_SUBMITTED
04/12/17 11:08:53 3615 seconds since last log event
04/12/17 11:08:53 Pending DAG nodes:
04/12/17 11:08:53   Node topic_reg, HTCondor ID 70, status STATUS_SUBMITTED
04/12/17 11:18:55 4217 seconds since last log event
04/12/17 11:18:55 Pending DAG nodes:
04/12/17 11:18:55   Node topic_reg, HTCondor ID 70, status STATUS_SUBMITTED
04/12/17 11:27:42 Currently monitoring 1 HTCondor log file(s)
04/12/17 11:27:42 Event: ULOG_JOB_SUSPENDED for HTCondor Node topic_reg (70.0.0) {04/12/17 11:27:38}
04/12/17 11:27:42 Number of idle job procs: 1
04/12/17 11:30:28 Currently monitoring 1 HTCondor log file(s)
04/12/17 11:30:28 Event: ULOG_JOB_UNSUSPENDED for HTCondor Node topic_reg (70.0.0) {04/12/17 11:30:24}
04/12/17 11:30:28 Number of idle job procs: 0
04/12/17 11:40:30 602 seconds since last log event
04/12/17 11:40:30 Pending DAG nodes:
04/12/17 11:40:30   Node topic_reg, HTCondor ID 70, status STATUS_SUBMITTED
04/12/17 11:50:32 1204 seconds since last log event
04/12/17 11:50:32 Pending DAG nodes:
04/12/17 11:50:32   Node topic_reg, HTCondor ID 70, status STATUS_SUBMITTED
04/12/17 12:00:34 1806 seconds since last log event
04/12/17 12:00:34 Pending DAG nodes:
04/12/17 12:00:34   Node topic_reg, HTCondor ID 70, status STATUS_SUBMITTED
04/12/17 12:10:37 2409 seconds since last log event
04/12/17 12:10:37 Pending DAG nodes:
04/12/17 12:10:37   Node topic_reg, HTCondor ID 70, status STATUS_SUBMITTED
04/12/17 12:20:39 3011 seconds since last log event
04/12/17 12:20:39 Pending DAG nodes:
04/12/17 12:20:39   Node topic_reg, HTCondor ID 70, status STATUS_SUBMITTED
04/12/17 12:30:41 3613 seconds since last log event
04/12/17 12:30:41 Pending DAG nodes:
04/12/17 12:30:41   Node topic_reg, HTCondor ID 70, status STATUS_SUBMITTED
04/12/17 12:40:44 4216 seconds since last log event
04/12/17 12:40:44 Pending DAG nodes:
04/12/17 12:40:44   Node topic_reg, HTCondor ID 70, status STATUS_SUBMITTED
04/12/17 12:50:47 4819 seconds since last log event
04/12/17 12:50:47 Pending DAG nodes:
04/12/17 12:50:47   Node topic_reg, HTCondor ID 70, status STATUS_SUBMITTED
04/12/17 13:00:50 5422 seconds since last log event
04/12/17 13:00:50 Pending DAG nodes:
04/12/17 13:00:50   Node topic_reg, HTCondor ID 70, status STATUS_SUBMITTED
04/12/17 13:02:55 Currently monitoring 1 HTCondor log file(s)
04/12/17 13:02:55 Event: ULOG_JOB_SUSPENDED for HTCondor Node topic_reg (70.0.0) {04/12/17 13:02:52}
04/12/17 13:02:55 Number of idle job procs: 1
04/12/17 13:05:21 Currently monitoring 1 HTCondor log file(s)
04/12/17 13:05:21 Event: ULOG_JOB_UNSUSPENDED for HTCondor Node topic_reg (70.0.0) {04/12/17 13:05:17}
04/12/17 13:05:21 Number of idle job procs: 0
04/12/17 13:15:24 603 seconds since last log event
04/12/17 13:15:24 Pending DAG nodes:
04/12/17 13:15:24   Node topic_reg, HTCondor ID 70, status STATUS_SUBMITTED
04/12/17 13:25:27 1206 seconds since last log event
04/12/17 13:25:27 Pending DAG nodes:
04/12/17 13:25:27   Node topic_reg, HTCondor ID 70, status STATUS_SUBMITTED
04/12/17 13:31:03 Currently monitoring 1 HTCondor log file(s)
04/12/17 13:31:03 Event: ULOG_JOB_SUSPENDED for HTCondor Node topic_reg (70.0.0) {04/12/17 13:31:03}
04/12/17 13:31:03 Number of idle job procs: 1
04/12/17 13:41:06 603 seconds since last log event
04/12/17 13:41:06 Pending DAG nodes:
04/12/17 13:41:06   Node topic_reg, HTCondor ID 70, status STATUS_SUBMITTED
04/12/17 13:46:08 Currently monitoring 1 HTCondor log file(s)
04/12/17 13:46:08 Event: ULOG_JOB_UNSUSPENDED for HTCondor Node topic_reg (70.0.0) {04/12/17 13:46:07}
04/12/17 13:46:08 Number of idle job procs: 0
04/12/17 13:46:08 Event: ULOG_JOB_EVICTED for HTCondor Node topic_reg (70.0.0) {04/12/17 13:46:07}
04/12/17 13:46:08 Number of idle job procs: 1
04/12/17 13:56:10 602 seconds since last log event
04/12/17 13:56:10 Pending DAG nodes:
04/12/17 13:56:10   Node topic_reg, HTCondor ID 70, status STATUS_SUBMITTED
04/12/17 13:59:00 Currently monitoring 1 HTCondor log file(s)
04/12/17 13:59:00 ERROR: node for condor ID 8.0.0 not found! (might be because of node retries)
04/12/17 13:59:00 Event: ULOG_JOB_TERMINATED for unknown Node (8.0.0) {04/12/17 13:58:02}: ignoring...
04/12/17 14:09:02 602 seconds since last log event
04/12/17 14:09:02 Pending DAG nodes:
04/12/17 14:09:02   Node topic_reg, HTCondor ID 70, status STATUS_SUBMITTED
04/12/17 14:19:04 1204 seconds since last log event
04/12/17 14:19:04 Pending DAG nodes:
04/12/17 14:19:04   Node topic_reg, HTCondor ID 70, status STATUS_SUBMITTED
04/12/17 14:29:06 1806 seconds since last log event
04/12/17 14:29:06 Pending DAG nodes:
04/12/17 14:29:06   Node topic_reg, HTCondor ID 70, status STATUS_SUBMITTED
04/12/17 14:39:09 2409 seconds since last log event
04/12/17 14:39:09 Pending DAG nodes:
04/12/17 14:39:09   Node topic_reg, HTCondor ID 70, status STATUS_SUBMITTED
04/12/17 14:49:11 3011 seconds since last log event
04/12/17 14:49:11 Pending DAG nodes:
04/12/17 14:49:11   Node topic_reg, HTCondor ID 70, status STATUS_SUBMITTED
04/12/17 14:59:13 3613 seconds since last log event
04/12/17 14:59:13 Pending DAG nodes:
04/12/17 14:59:13   Node topic_reg, HTCondor ID 70, status STATUS_SUBMITTED
