04/12/17 15:12:19 ******************************************************
04/12/17 15:12:19 ** condor_scheduniv_exec.827.0 (CONDOR_DAGMAN) STARTING UP
04/12/17 15:12:19 ** /usr/bin/condor_dagman
04/12/17 15:12:19 ** SubsystemInfo: name=DAGMAN type=DAGMAN(10) class=DAEMON(1)
04/12/17 15:12:19 ** Configuration: subsystem:DAGMAN local:<NONE> class:DAEMON
04/12/17 15:12:19 ** $CondorVersion: 8.6.1 Mar 01 2017 BuildID: 398585 $
04/12/17 15:12:19 ** $CondorPlatform: x86_64_RedHat7 $
04/12/17 15:12:19 ** PID = 15914
04/12/17 15:12:19 ** Log last touched time unavailable (No such file or directory)
04/12/17 15:12:19 ******************************************************
04/12/17 15:12:19 Using config source: /etc/condor/condor_config
04/12/17 15:12:19 Using local config sources: 
04/12/17 15:12:19    /etc/condor/config.d/00esat.config
04/12/17 15:12:19    /etc/condor/config.d/01java.config
04/12/17 15:12:19    /etc/condor/config.d/80optout_users.config
04/12/17 15:12:19    /etc/condor/condor_config.local
04/12/17 15:12:19 config Macros = 166, Sorted = 166, StringBytes = 6028, TablesBytes = 6048
04/12/17 15:12:19 CLASSAD_CACHING is ENABLED
04/12/17 15:12:19 Daemon Log is logging: D_ALWAYS D_ERROR
04/12/17 15:12:19 DaemonCore: No command port requested.
04/12/17 15:12:19 DAGMAN_USE_STRICT setting: 1
04/12/17 15:12:19 DAGMAN_VERBOSITY setting: 3
04/12/17 15:12:19 DAGMAN_DEBUG_CACHE_SIZE setting: 5242880
04/12/17 15:12:19 DAGMAN_DEBUG_CACHE_ENABLE setting: False
04/12/17 15:12:19 DAGMAN_SUBMIT_DELAY setting: 0
04/12/17 15:12:19 DAGMAN_MAX_SUBMIT_ATTEMPTS setting: 6
04/12/17 15:12:19 DAGMAN_STARTUP_CYCLE_DETECT setting: False
04/12/17 15:12:19 DAGMAN_MAX_SUBMITS_PER_INTERVAL setting: 5
04/12/17 15:12:19 DAGMAN_USER_LOG_SCAN_INTERVAL setting: 5
04/12/17 15:12:19 DAGMAN_DEFAULT_PRIORITY setting: 0
04/12/17 15:12:19 DAGMAN_SUPPRESS_NOTIFICATION setting: True
04/12/17 15:12:19 allow_events (DAGMAN_ALLOW_EVENTS) setting: 114
04/12/17 15:12:19 DAGMAN_RETRY_SUBMIT_FIRST setting: True
04/12/17 15:12:19 DAGMAN_RETRY_NODE_FIRST setting: False
04/12/17 15:12:19 DAGMAN_MAX_JOBS_IDLE setting: 1000
04/12/17 15:12:19 DAGMAN_MAX_JOBS_SUBMITTED setting: 0
04/12/17 15:12:19 DAGMAN_MAX_PRE_SCRIPTS setting: 20
04/12/17 15:12:19 DAGMAN_MAX_POST_SCRIPTS setting: 20
04/12/17 15:12:19 DAGMAN_MUNGE_NODE_NAMES setting: True
04/12/17 15:12:19 DAGMAN_PROHIBIT_MULTI_JOBS setting: False
04/12/17 15:12:19 DAGMAN_SUBMIT_DEPTH_FIRST setting: False
04/12/17 15:12:19 DAGMAN_ALWAYS_RUN_POST setting: False
04/12/17 15:12:19 DAGMAN_ABORT_DUPLICATES setting: True
04/12/17 15:12:19 DAGMAN_ABORT_ON_SCARY_SUBMIT setting: True
04/12/17 15:12:19 DAGMAN_PENDING_REPORT_INTERVAL setting: 600
04/12/17 15:12:19 DAGMAN_AUTO_RESCUE setting: True
04/12/17 15:12:19 DAGMAN_MAX_RESCUE_NUM setting: 100
04/12/17 15:12:19 DAGMAN_WRITE_PARTIAL_RESCUE setting: True
04/12/17 15:12:19 DAGMAN_DEFAULT_NODE_LOG setting: @(DAG_DIR)/@(DAG_FILE).nodes.log
04/12/17 15:12:19 DAGMAN_GENERATE_SUBDAG_SUBMITS setting: True
04/12/17 15:12:19 DAGMAN_MAX_JOB_HOLDS setting: 100
04/12/17 15:12:19 DAGMAN_HOLD_CLAIM_TIME setting: 20
04/12/17 15:12:19 ALL_DEBUG setting: 
04/12/17 15:12:19 DAGMAN_DEBUG setting: 
04/12/17 15:12:19 DAGMAN_SUPPRESS_JOB_LOGS setting: False
04/12/17 15:12:19 DAGMAN_REMOVE_NODE_JOBS setting: True
04/12/17 15:12:19 argv[0] == "condor_scheduniv_exec.827.0"
04/12/17 15:12:19 argv[1] == "-Lockfile"
04/12/17 15:12:19 argv[2] == "ds_cbow_tfidf_soft.dag.lock"
04/12/17 15:12:19 argv[3] == "-AutoRescue"
04/12/17 15:12:19 argv[4] == "1"
04/12/17 15:12:19 argv[5] == "-DoRescueFrom"
04/12/17 15:12:19 argv[6] == "0"
04/12/17 15:12:19 argv[7] == "-Dag"
04/12/17 15:12:19 argv[8] == "ds_cbow_tfidf_soft.dag"
04/12/17 15:12:19 argv[9] == "-Suppress_notification"
04/12/17 15:12:19 argv[10] == "-CsdVersion"
04/12/17 15:12:19 argv[11] == "$CondorVersion: 8.6.1 Mar 01 2017 BuildID: 398585 $"
04/12/17 15:12:19 argv[12] == "-Dagman"
04/12/17 15:12:19 argv[13] == "/usr/bin/condor_dagman"
04/12/17 15:12:19 Workflow batch-name: <ds_cbow_tfidf_soft.dag+827>
04/12/17 15:12:19 Workflow accounting_group: <>
04/12/17 15:12:19 Workflow accounting_group_user: <>
04/12/17 15:12:19 Warning: failed to get attribute DAGNodeName
04/12/17 15:12:19 DAGMAN_LOG_ON_NFS_IS_ERROR setting: False
04/12/17 15:12:19 Default node log file is: </esat/spchtemp/scratch/wboes/SpeechHub/untied_models_smaller/python/jobdag/./ds_cbow_tfidf_soft.dag.nodes.log>
04/12/17 15:12:19 DAG Lockfile will be written to ds_cbow_tfidf_soft.dag.lock
04/12/17 15:12:19 DAG Input file is ds_cbow_tfidf_soft.dag
04/12/17 15:12:19 Parsing 1 dagfiles
04/12/17 15:12:19 Parsing ds_cbow_tfidf_soft.dag ...
04/12/17 15:12:19 Dag contains 2 total jobs
04/12/17 15:12:19 Sleeping for 3 seconds to ensure ProcessId uniqueness
04/12/17 15:12:22 Bootstrapping...
04/12/17 15:12:22 Number of pre-completed nodes: 0
04/12/17 15:12:22 MultiLogFiles: truncating log file /esat/spchtemp/scratch/wboes/SpeechHub/untied_models_smaller/python/jobdag/./ds_cbow_tfidf_soft.dag.nodes.log
04/12/17 15:12:22 DAG status: 0 (DAG_STATUS_OK)
04/12/17 15:12:22 Of 2 nodes total:
04/12/17 15:12:22  Done     Pre   Queued    Post   Ready   Un-Ready   Failed
04/12/17 15:12:22   ===     ===      ===     ===     ===        ===      ===
04/12/17 15:12:22     0       0        0       0       1          1        0
04/12/17 15:12:22 0 job proc(s) currently held
04/12/17 15:12:22 Registering condor_event_timer...
04/12/17 15:12:23 Submitting HTCondor Node cbow_tfidf_soft job(s)...
04/12/17 15:12:23 Adding a DAGMan workflow log /esat/spchtemp/scratch/wboes/SpeechHub/untied_models_smaller/python/jobdag/./ds_cbow_tfidf_soft.dag.nodes.log
04/12/17 15:12:23 Masking the events recorded in the DAGMAN workflow log
04/12/17 15:12:23 Mask for workflow log is 0,1,2,4,5,7,9,10,11,12,13,16,17,24,27
04/12/17 15:12:23 submitting: /usr/bin/condor_submit -a dag_node_name' '=' 'cbow_tfidf_soft -a +DAGManJobId' '=' '827 -a DAGManJobId' '=' '827 -batch-name ds_cbow_tfidf_soft.dag+827 -a submit_event_notes' '=' 'DAG' 'Node:' 'cbow_tfidf_soft -a dagman_log' '=' '/esat/spchtemp/scratch/wboes/SpeechHub/untied_models_smaller/python/jobdag/./ds_cbow_tfidf_soft.dag.nodes.log -a +DAGManNodesMask' '=' '"0,1,2,4,5,7,9,10,11,12,13,16,17,24,27" -a data_set' '=' 'ds -a test_name' '=' 'cbow_tfidf_soft -a num_run' '=' '0 -a combination' '=' 'tfidf -a DAG_STATUS' '=' '0 -a FAILED_COUNT' '=' '0 -a +KeepClaimIdle' '=' '20 -a notification' '=' 'never -a +DAGParentNodeNames' '=' '"" jobdag/cbow_soft.job
04/12/17 15:12:23 From submit: Submitting job(s).
04/12/17 15:12:23 From submit: 1 job(s) submitted to cluster 829.
04/12/17 15:12:23 	assigned HTCondor ID (829.0.0)
04/12/17 15:12:23 Just submitted 1 job this cycle...
04/12/17 15:12:23 Currently monitoring 1 HTCondor log file(s)
04/12/17 15:12:23 Reassigning the id of job cbow_tfidf_soft from (829.0.0) to (829.0.0)
04/12/17 15:12:23 Event: ULOG_SUBMIT for HTCondor Node cbow_tfidf_soft (829.0.0) {04/12/17 15:12:23}
04/12/17 15:12:23 Number of idle job procs: 1
04/12/17 15:12:23 DAG status: 0 (DAG_STATUS_OK)
04/12/17 15:12:23 Of 2 nodes total:
04/12/17 15:12:23  Done     Pre   Queued    Post   Ready   Un-Ready   Failed
04/12/17 15:12:23   ===     ===      ===     ===     ===        ===      ===
04/12/17 15:12:23     0       0        1       0       0          1        0
04/12/17 15:12:23 0 job proc(s) currently held
04/12/17 15:22:26 603 seconds since last log event
04/12/17 15:22:26 Pending DAG nodes:
04/12/17 15:22:26   Node cbow_tfidf_soft, HTCondor ID 829, status STATUS_SUBMITTED
04/12/17 15:32:28 1205 seconds since last log event
04/12/17 15:32:28 Pending DAG nodes:
04/12/17 15:32:28   Node cbow_tfidf_soft, HTCondor ID 829, status STATUS_SUBMITTED
04/12/17 15:42:31 1808 seconds since last log event
04/12/17 15:42:31 Pending DAG nodes:
04/12/17 15:42:31   Node cbow_tfidf_soft, HTCondor ID 829, status STATUS_SUBMITTED
04/12/17 15:52:33 2410 seconds since last log event
04/12/17 15:52:33 Pending DAG nodes:
04/12/17 15:52:33   Node cbow_tfidf_soft, HTCondor ID 829, status STATUS_SUBMITTED
04/12/17 16:02:36 3013 seconds since last log event
04/12/17 16:02:36 Pending DAG nodes:
04/12/17 16:02:36   Node cbow_tfidf_soft, HTCondor ID 829, status STATUS_SUBMITTED
04/12/17 16:12:39 3616 seconds since last log event
04/12/17 16:12:39 Pending DAG nodes:
04/12/17 16:12:39   Node cbow_tfidf_soft, HTCondor ID 829, status STATUS_SUBMITTED
04/12/17 16:22:42 4219 seconds since last log event
04/12/17 16:22:42 Pending DAG nodes:
04/12/17 16:22:42   Node cbow_tfidf_soft, HTCondor ID 829, status STATUS_SUBMITTED
04/12/17 16:32:44 4821 seconds since last log event
04/12/17 16:32:44 Pending DAG nodes:
04/12/17 16:32:44   Node cbow_tfidf_soft, HTCondor ID 829, status STATUS_SUBMITTED
04/12/17 16:42:44 5421 seconds since last log event
04/12/17 16:42:44 Pending DAG nodes:
04/12/17 16:42:44   Node cbow_tfidf_soft, HTCondor ID 829, status STATUS_SUBMITTED
04/12/17 16:52:47 6024 seconds since last log event
04/12/17 16:52:47 Pending DAG nodes:
04/12/17 16:52:47   Node cbow_tfidf_soft, HTCondor ID 829, status STATUS_SUBMITTED
04/12/17 17:02:50 6627 seconds since last log event
04/12/17 17:02:50 Pending DAG nodes:
04/12/17 17:02:50   Node cbow_tfidf_soft, HTCondor ID 829, status STATUS_SUBMITTED
04/12/17 17:12:53 7230 seconds since last log event
04/12/17 17:12:53 Pending DAG nodes:
04/12/17 17:12:53   Node cbow_tfidf_soft, HTCondor ID 829, status STATUS_SUBMITTED
04/12/17 17:22:56 7833 seconds since last log event
04/12/17 17:22:56 Pending DAG nodes:
04/12/17 17:22:56   Node cbow_tfidf_soft, HTCondor ID 829, status STATUS_SUBMITTED
04/12/17 17:32:59 8436 seconds since last log event
04/12/17 17:32:59 Pending DAG nodes:
04/12/17 17:32:59   Node cbow_tfidf_soft, HTCondor ID 829, status STATUS_SUBMITTED
04/12/17 17:43:01 9038 seconds since last log event
04/12/17 17:43:01 Pending DAG nodes:
04/12/17 17:43:01   Node cbow_tfidf_soft, HTCondor ID 829, status STATUS_SUBMITTED
04/12/17 17:53:04 9641 seconds since last log event
04/12/17 17:53:04 Pending DAG nodes:
04/12/17 17:53:04   Node cbow_tfidf_soft, HTCondor ID 829, status STATUS_SUBMITTED
04/12/17 18:03:07 10244 seconds since last log event
04/12/17 18:03:07 Pending DAG nodes:
04/12/17 18:03:07   Node cbow_tfidf_soft, HTCondor ID 829, status STATUS_SUBMITTED
04/12/17 18:13:10 10847 seconds since last log event
04/12/17 18:13:10 Pending DAG nodes:
04/12/17 18:13:10   Node cbow_tfidf_soft, HTCondor ID 829, status STATUS_SUBMITTED
04/12/17 18:23:12 11449 seconds since last log event
04/12/17 18:23:12 Pending DAG nodes:
04/12/17 18:23:12   Node cbow_tfidf_soft, HTCondor ID 829, status STATUS_SUBMITTED
04/12/17 18:33:15 12052 seconds since last log event
04/12/17 18:33:15 Pending DAG nodes:
04/12/17 18:33:15   Node cbow_tfidf_soft, HTCondor ID 829, status STATUS_SUBMITTED
04/12/17 18:43:18 12655 seconds since last log event
04/12/17 18:43:18 Pending DAG nodes:
04/12/17 18:43:18   Node cbow_tfidf_soft, HTCondor ID 829, status STATUS_SUBMITTED
04/12/17 18:53:21 13258 seconds since last log event
04/12/17 18:53:21 Pending DAG nodes:
04/12/17 18:53:21   Node cbow_tfidf_soft, HTCondor ID 829, status STATUS_SUBMITTED
04/12/17 19:03:24 13861 seconds since last log event
04/12/17 19:03:24 Pending DAG nodes:
04/12/17 19:03:24   Node cbow_tfidf_soft, HTCondor ID 829, status STATUS_SUBMITTED
04/12/17 19:13:27 14464 seconds since last log event
04/12/17 19:13:27 Pending DAG nodes:
04/12/17 19:13:27   Node cbow_tfidf_soft, HTCondor ID 829, status STATUS_SUBMITTED
04/12/17 19:23:29 15066 seconds since last log event
04/12/17 19:23:29 Pending DAG nodes:
04/12/17 19:23:29   Node cbow_tfidf_soft, HTCondor ID 829, status STATUS_SUBMITTED
04/12/17 19:33:32 15669 seconds since last log event
04/12/17 19:33:32 Pending DAG nodes:
04/12/17 19:33:32   Node cbow_tfidf_soft, HTCondor ID 829, status STATUS_SUBMITTED
04/12/17 19:43:35 16272 seconds since last log event
04/12/17 19:43:35 Pending DAG nodes:
04/12/17 19:43:35   Node cbow_tfidf_soft, HTCondor ID 829, status STATUS_SUBMITTED
04/12/17 19:53:37 16874 seconds since last log event
04/12/17 19:53:37 Pending DAG nodes:
04/12/17 19:53:37   Node cbow_tfidf_soft, HTCondor ID 829, status STATUS_SUBMITTED
04/12/17 20:03:40 17477 seconds since last log event
04/12/17 20:03:40 Pending DAG nodes:
04/12/17 20:03:40   Node cbow_tfidf_soft, HTCondor ID 829, status STATUS_SUBMITTED
04/12/17 20:13:43 18080 seconds since last log event
04/12/17 20:13:43 Pending DAG nodes:
04/12/17 20:13:43   Node cbow_tfidf_soft, HTCondor ID 829, status STATUS_SUBMITTED
04/12/17 20:23:46 18683 seconds since last log event
04/12/17 20:23:46 Pending DAG nodes:
04/12/17 20:23:46   Node cbow_tfidf_soft, HTCondor ID 829, status STATUS_SUBMITTED
04/12/17 20:33:49 19286 seconds since last log event
04/12/17 20:33:49 Pending DAG nodes:
04/12/17 20:33:49   Node cbow_tfidf_soft, HTCondor ID 829, status STATUS_SUBMITTED
04/12/17 20:43:51 19888 seconds since last log event
04/12/17 20:43:51 Pending DAG nodes:
04/12/17 20:43:51   Node cbow_tfidf_soft, HTCondor ID 829, status STATUS_SUBMITTED
04/12/17 20:53:53 20490 seconds since last log event
04/12/17 20:53:53 Pending DAG nodes:
04/12/17 20:53:53   Node cbow_tfidf_soft, HTCondor ID 829, status STATUS_SUBMITTED
04/12/17 21:03:56 21093 seconds since last log event
04/12/17 21:03:56 Pending DAG nodes:
04/12/17 21:03:56   Node cbow_tfidf_soft, HTCondor ID 829, status STATUS_SUBMITTED
04/12/17 21:13:59 21696 seconds since last log event
04/12/17 21:13:59 Pending DAG nodes:
04/12/17 21:13:59   Node cbow_tfidf_soft, HTCondor ID 829, status STATUS_SUBMITTED
04/12/17 21:24:02 22299 seconds since last log event
04/12/17 21:24:02 Pending DAG nodes:
04/12/17 21:24:02   Node cbow_tfidf_soft, HTCondor ID 829, status STATUS_SUBMITTED
04/12/17 21:34:04 22901 seconds since last log event
04/12/17 21:34:04 Pending DAG nodes:
04/12/17 21:34:04   Node cbow_tfidf_soft, HTCondor ID 829, status STATUS_SUBMITTED
04/12/17 21:44:07 23504 seconds since last log event
04/12/17 21:44:07 Pending DAG nodes:
04/12/17 21:44:07   Node cbow_tfidf_soft, HTCondor ID 829, status STATUS_SUBMITTED
04/12/17 21:54:09 24106 seconds since last log event
04/12/17 21:54:09 Pending DAG nodes:
04/12/17 21:54:09   Node cbow_tfidf_soft, HTCondor ID 829, status STATUS_SUBMITTED
04/12/17 22:04:12 24709 seconds since last log event
04/12/17 22:04:12 Pending DAG nodes:
04/12/17 22:04:12   Node cbow_tfidf_soft, HTCondor ID 829, status STATUS_SUBMITTED
04/12/17 22:14:15 25312 seconds since last log event
04/12/17 22:14:15 Pending DAG nodes:
04/12/17 22:14:15   Node cbow_tfidf_soft, HTCondor ID 829, status STATUS_SUBMITTED
04/12/17 22:24:18 25915 seconds since last log event
04/12/17 22:24:18 Pending DAG nodes:
04/12/17 22:24:18   Node cbow_tfidf_soft, HTCondor ID 829, status STATUS_SUBMITTED
04/12/17 22:34:21 26518 seconds since last log event
04/12/17 22:34:21 Pending DAG nodes:
04/12/17 22:34:21   Node cbow_tfidf_soft, HTCondor ID 829, status STATUS_SUBMITTED
04/12/17 22:44:24 27121 seconds since last log event
04/12/17 22:44:24 Pending DAG nodes:
04/12/17 22:44:24   Node cbow_tfidf_soft, HTCondor ID 829, status STATUS_SUBMITTED
04/12/17 22:54:26 27723 seconds since last log event
04/12/17 22:54:26 Pending DAG nodes:
04/12/17 22:54:26   Node cbow_tfidf_soft, HTCondor ID 829, status STATUS_SUBMITTED
04/12/17 23:04:29 28326 seconds since last log event
04/12/17 23:04:29 Pending DAG nodes:
04/12/17 23:04:29   Node cbow_tfidf_soft, HTCondor ID 829, status STATUS_SUBMITTED
04/12/17 23:14:31 28928 seconds since last log event
04/12/17 23:14:31 Pending DAG nodes:
04/12/17 23:14:31   Node cbow_tfidf_soft, HTCondor ID 829, status STATUS_SUBMITTED
04/12/17 23:24:33 29530 seconds since last log event
04/12/17 23:24:33 Pending DAG nodes:
04/12/17 23:24:33   Node cbow_tfidf_soft, HTCondor ID 829, status STATUS_SUBMITTED
04/12/17 23:34:36 30133 seconds since last log event
04/12/17 23:34:36 Pending DAG nodes:
04/12/17 23:34:36   Node cbow_tfidf_soft, HTCondor ID 829, status STATUS_SUBMITTED
04/12/17 23:44:38 30735 seconds since last log event
04/12/17 23:44:38 Pending DAG nodes:
04/12/17 23:44:38   Node cbow_tfidf_soft, HTCondor ID 829, status STATUS_SUBMITTED
04/12/17 23:54:41 31338 seconds since last log event
04/12/17 23:54:41 Pending DAG nodes:
04/12/17 23:54:41   Node cbow_tfidf_soft, HTCondor ID 829, status STATUS_SUBMITTED
04/13/17 00:04:44 31941 seconds since last log event
04/13/17 00:04:44 Pending DAG nodes:
04/13/17 00:04:44   Node cbow_tfidf_soft, HTCondor ID 829, status STATUS_SUBMITTED
04/13/17 00:14:47 32544 seconds since last log event
04/13/17 00:14:47 Pending DAG nodes:
04/13/17 00:14:47   Node cbow_tfidf_soft, HTCondor ID 829, status STATUS_SUBMITTED
04/13/17 00:24:49 33146 seconds since last log event
04/13/17 00:24:49 Pending DAG nodes:
04/13/17 00:24:49   Node cbow_tfidf_soft, HTCondor ID 829, status STATUS_SUBMITTED
04/13/17 00:34:52 33749 seconds since last log event
04/13/17 00:34:52 Pending DAG nodes:
04/13/17 00:34:52   Node cbow_tfidf_soft, HTCondor ID 829, status STATUS_SUBMITTED
04/13/17 00:44:55 34352 seconds since last log event
04/13/17 00:44:55 Pending DAG nodes:
04/13/17 00:44:55   Node cbow_tfidf_soft, HTCondor ID 829, status STATUS_SUBMITTED
04/13/17 00:54:58 34955 seconds since last log event
04/13/17 00:54:58 Pending DAG nodes:
04/13/17 00:54:58   Node cbow_tfidf_soft, HTCondor ID 829, status STATUS_SUBMITTED
04/13/17 01:05:02 35559 seconds since last log event
04/13/17 01:05:02 Pending DAG nodes:
04/13/17 01:05:02   Node cbow_tfidf_soft, HTCondor ID 829, status STATUS_SUBMITTED
04/13/17 01:15:04 36161 seconds since last log event
04/13/17 01:15:04 Pending DAG nodes:
04/13/17 01:15:04   Node cbow_tfidf_soft, HTCondor ID 829, status STATUS_SUBMITTED
04/13/17 01:25:06 36763 seconds since last log event
04/13/17 01:25:06 Pending DAG nodes:
04/13/17 01:25:06   Node cbow_tfidf_soft, HTCondor ID 829, status STATUS_SUBMITTED
04/13/17 01:35:08 37365 seconds since last log event
04/13/17 01:35:08 Pending DAG nodes:
04/13/17 01:35:08   Node cbow_tfidf_soft, HTCondor ID 829, status STATUS_SUBMITTED
04/13/17 01:45:10 37967 seconds since last log event
04/13/17 01:45:10 Pending DAG nodes:
04/13/17 01:45:10   Node cbow_tfidf_soft, HTCondor ID 829, status STATUS_SUBMITTED
04/13/17 01:55:13 38570 seconds since last log event
04/13/17 01:55:13 Pending DAG nodes:
04/13/17 01:55:13   Node cbow_tfidf_soft, HTCondor ID 829, status STATUS_SUBMITTED
04/13/17 02:05:15 39172 seconds since last log event
04/13/17 02:05:15 Pending DAG nodes:
04/13/17 02:05:15   Node cbow_tfidf_soft, HTCondor ID 829, status STATUS_SUBMITTED
04/13/17 02:15:16 39773 seconds since last log event
04/13/17 02:15:16 Pending DAG nodes:
04/13/17 02:15:16   Node cbow_tfidf_soft, HTCondor ID 829, status STATUS_SUBMITTED
04/13/17 02:25:19 40376 seconds since last log event
04/13/17 02:25:19 Pending DAG nodes:
04/13/17 02:25:19   Node cbow_tfidf_soft, HTCondor ID 829, status STATUS_SUBMITTED
04/13/17 02:35:22 40979 seconds since last log event
04/13/17 02:35:22 Pending DAG nodes:
04/13/17 02:35:22   Node cbow_tfidf_soft, HTCondor ID 829, status STATUS_SUBMITTED
04/13/17 02:45:25 41582 seconds since last log event
04/13/17 02:45:25 Pending DAG nodes:
04/13/17 02:45:25   Node cbow_tfidf_soft, HTCondor ID 829, status STATUS_SUBMITTED
04/13/17 02:55:28 42185 seconds since last log event
04/13/17 02:55:28 Pending DAG nodes:
04/13/17 02:55:28   Node cbow_tfidf_soft, HTCondor ID 829, status STATUS_SUBMITTED
04/13/17 03:05:31 42788 seconds since last log event
04/13/17 03:05:31 Pending DAG nodes:
04/13/17 03:05:31   Node cbow_tfidf_soft, HTCondor ID 829, status STATUS_SUBMITTED
04/13/17 03:15:34 43391 seconds since last log event
04/13/17 03:15:34 Pending DAG nodes:
04/13/17 03:15:34   Node cbow_tfidf_soft, HTCondor ID 829, status STATUS_SUBMITTED
04/13/17 03:25:37 43994 seconds since last log event
04/13/17 03:25:37 Pending DAG nodes:
04/13/17 03:25:37   Node cbow_tfidf_soft, HTCondor ID 829, status STATUS_SUBMITTED
04/13/17 03:35:40 44597 seconds since last log event
04/13/17 03:35:40 Pending DAG nodes:
04/13/17 03:35:40   Node cbow_tfidf_soft, HTCondor ID 829, status STATUS_SUBMITTED
04/13/17 03:45:43 45200 seconds since last log event
04/13/17 03:45:43 Pending DAG nodes:
04/13/17 03:45:43   Node cbow_tfidf_soft, HTCondor ID 829, status STATUS_SUBMITTED
04/13/17 03:55:46 45803 seconds since last log event
04/13/17 03:55:46 Pending DAG nodes:
04/13/17 03:55:46   Node cbow_tfidf_soft, HTCondor ID 829, status STATUS_SUBMITTED
04/13/17 04:05:49 46406 seconds since last log event
04/13/17 04:05:49 Pending DAG nodes:
04/13/17 04:05:49   Node cbow_tfidf_soft, HTCondor ID 829, status STATUS_SUBMITTED
04/13/17 04:15:52 47009 seconds since last log event
04/13/17 04:15:52 Pending DAG nodes:
04/13/17 04:15:52   Node cbow_tfidf_soft, HTCondor ID 829, status STATUS_SUBMITTED
04/13/17 04:25:55 47612 seconds since last log event
04/13/17 04:25:55 Pending DAG nodes:
04/13/17 04:25:55   Node cbow_tfidf_soft, HTCondor ID 829, status STATUS_SUBMITTED
04/13/17 04:35:57 48214 seconds since last log event
04/13/17 04:35:57 Pending DAG nodes:
04/13/17 04:35:57   Node cbow_tfidf_soft, HTCondor ID 829, status STATUS_SUBMITTED
04/13/17 04:46:00 48817 seconds since last log event
04/13/17 04:46:00 Pending DAG nodes:
04/13/17 04:46:00   Node cbow_tfidf_soft, HTCondor ID 829, status STATUS_SUBMITTED
04/13/17 04:56:03 49420 seconds since last log event
04/13/17 04:56:03 Pending DAG nodes:
04/13/17 04:56:03   Node cbow_tfidf_soft, HTCondor ID 829, status STATUS_SUBMITTED
04/13/17 05:06:06 50023 seconds since last log event
04/13/17 05:06:06 Pending DAG nodes:
04/13/17 05:06:06   Node cbow_tfidf_soft, HTCondor ID 829, status STATUS_SUBMITTED
04/13/17 05:16:08 50625 seconds since last log event
04/13/17 05:16:08 Pending DAG nodes:
04/13/17 05:16:08   Node cbow_tfidf_soft, HTCondor ID 829, status STATUS_SUBMITTED
04/13/17 05:26:10 51227 seconds since last log event
04/13/17 05:26:10 Pending DAG nodes:
04/13/17 05:26:10   Node cbow_tfidf_soft, HTCondor ID 829, status STATUS_SUBMITTED
04/13/17 05:36:13 51830 seconds since last log event
04/13/17 05:36:13 Pending DAG nodes:
04/13/17 05:36:13   Node cbow_tfidf_soft, HTCondor ID 829, status STATUS_SUBMITTED
04/13/17 05:46:16 52433 seconds since last log event
04/13/17 05:46:16 Pending DAG nodes:
04/13/17 05:46:16   Node cbow_tfidf_soft, HTCondor ID 829, status STATUS_SUBMITTED
04/13/17 05:56:19 53036 seconds since last log event
04/13/17 05:56:19 Pending DAG nodes:
04/13/17 05:56:19   Node cbow_tfidf_soft, HTCondor ID 829, status STATUS_SUBMITTED
04/13/17 06:06:21 53638 seconds since last log event
04/13/17 06:06:21 Pending DAG nodes:
04/13/17 06:06:21   Node cbow_tfidf_soft, HTCondor ID 829, status STATUS_SUBMITTED
04/13/17 06:16:24 54241 seconds since last log event
04/13/17 06:16:24 Pending DAG nodes:
04/13/17 06:16:24   Node cbow_tfidf_soft, HTCondor ID 829, status STATUS_SUBMITTED
04/13/17 06:26:27 54844 seconds since last log event
04/13/17 06:26:27 Pending DAG nodes:
04/13/17 06:26:27   Node cbow_tfidf_soft, HTCondor ID 829, status STATUS_SUBMITTED
04/13/17 06:36:30 55447 seconds since last log event
04/13/17 06:36:30 Pending DAG nodes:
04/13/17 06:36:30   Node cbow_tfidf_soft, HTCondor ID 829, status STATUS_SUBMITTED
04/13/17 06:46:33 56050 seconds since last log event
04/13/17 06:46:33 Pending DAG nodes:
04/13/17 06:46:33   Node cbow_tfidf_soft, HTCondor ID 829, status STATUS_SUBMITTED
04/13/17 06:56:35 56652 seconds since last log event
04/13/17 06:56:35 Pending DAG nodes:
04/13/17 06:56:35   Node cbow_tfidf_soft, HTCondor ID 829, status STATUS_SUBMITTED
04/13/17 07:06:38 57255 seconds since last log event
04/13/17 07:06:38 Pending DAG nodes:
04/13/17 07:06:38   Node cbow_tfidf_soft, HTCondor ID 829, status STATUS_SUBMITTED
04/13/17 07:16:41 57858 seconds since last log event
04/13/17 07:16:41 Pending DAG nodes:
04/13/17 07:16:41   Node cbow_tfidf_soft, HTCondor ID 829, status STATUS_SUBMITTED
04/13/17 07:26:44 58461 seconds since last log event
04/13/17 07:26:44 Pending DAG nodes:
04/13/17 07:26:44   Node cbow_tfidf_soft, HTCondor ID 829, status STATUS_SUBMITTED
04/13/17 07:36:46 59063 seconds since last log event
04/13/17 07:36:46 Pending DAG nodes:
04/13/17 07:36:46   Node cbow_tfidf_soft, HTCondor ID 829, status STATUS_SUBMITTED
04/13/17 07:46:49 59666 seconds since last log event
04/13/17 07:46:49 Pending DAG nodes:
04/13/17 07:46:49   Node cbow_tfidf_soft, HTCondor ID 829, status STATUS_SUBMITTED
04/13/17 07:56:52 60269 seconds since last log event
04/13/17 07:56:52 Pending DAG nodes:
04/13/17 07:56:52   Node cbow_tfidf_soft, HTCondor ID 829, status STATUS_SUBMITTED
04/13/17 08:06:54 60871 seconds since last log event
04/13/17 08:06:54 Pending DAG nodes:
04/13/17 08:06:54   Node cbow_tfidf_soft, HTCondor ID 829, status STATUS_SUBMITTED
04/13/17 08:16:57 61474 seconds since last log event
04/13/17 08:16:57 Pending DAG nodes:
04/13/17 08:16:57   Node cbow_tfidf_soft, HTCondor ID 829, status STATUS_SUBMITTED
04/13/17 08:26:59 62076 seconds since last log event
04/13/17 08:26:59 Pending DAG nodes:
04/13/17 08:26:59   Node cbow_tfidf_soft, HTCondor ID 829, status STATUS_SUBMITTED
04/13/17 08:37:02 62679 seconds since last log event
04/13/17 08:37:02 Pending DAG nodes:
04/13/17 08:37:02   Node cbow_tfidf_soft, HTCondor ID 829, status STATUS_SUBMITTED
04/13/17 08:47:04 63281 seconds since last log event
04/13/17 08:47:04 Pending DAG nodes:
04/13/17 08:47:04   Node cbow_tfidf_soft, HTCondor ID 829, status STATUS_SUBMITTED
04/13/17 08:57:06 63883 seconds since last log event
04/13/17 08:57:06 Pending DAG nodes:
04/13/17 08:57:06   Node cbow_tfidf_soft, HTCondor ID 829, status STATUS_SUBMITTED
04/13/17 09:07:09 64486 seconds since last log event
04/13/17 09:07:09 Pending DAG nodes:
04/13/17 09:07:09   Node cbow_tfidf_soft, HTCondor ID 829, status STATUS_SUBMITTED
04/13/17 09:17:11 65088 seconds since last log event
04/13/17 09:17:11 Pending DAG nodes:
04/13/17 09:17:11   Node cbow_tfidf_soft, HTCondor ID 829, status STATUS_SUBMITTED
04/13/17 09:27:14 65691 seconds since last log event
04/13/17 09:27:14 Pending DAG nodes:
04/13/17 09:27:14   Node cbow_tfidf_soft, HTCondor ID 829, status STATUS_SUBMITTED
04/13/17 09:37:17 66294 seconds since last log event
04/13/17 09:37:17 Pending DAG nodes:
04/13/17 09:37:17   Node cbow_tfidf_soft, HTCondor ID 829, status STATUS_SUBMITTED
04/13/17 09:47:19 66896 seconds since last log event
04/13/17 09:47:19 Pending DAG nodes:
04/13/17 09:47:19   Node cbow_tfidf_soft, HTCondor ID 829, status STATUS_SUBMITTED
04/13/17 09:57:20 67497 seconds since last log event
04/13/17 09:57:20 Pending DAG nodes:
04/13/17 09:57:20   Node cbow_tfidf_soft, HTCondor ID 829, status STATUS_SUBMITTED
04/13/17 10:07:24 68101 seconds since last log event
04/13/17 10:07:24 Pending DAG nodes:
04/13/17 10:07:24   Node cbow_tfidf_soft, HTCondor ID 829, status STATUS_SUBMITTED
04/13/17 10:17:26 68703 seconds since last log event
04/13/17 10:17:26 Pending DAG nodes:
04/13/17 10:17:26   Node cbow_tfidf_soft, HTCondor ID 829, status STATUS_SUBMITTED
04/13/17 10:27:29 69306 seconds since last log event
04/13/17 10:27:29 Pending DAG nodes:
04/13/17 10:27:29   Node cbow_tfidf_soft, HTCondor ID 829, status STATUS_SUBMITTED
04/13/17 10:37:31 69908 seconds since last log event
04/13/17 10:37:31 Pending DAG nodes:
04/13/17 10:37:31   Node cbow_tfidf_soft, HTCondor ID 829, status STATUS_SUBMITTED
04/13/17 10:47:33 70510 seconds since last log event
04/13/17 10:47:33 Pending DAG nodes:
04/13/17 10:47:33   Node cbow_tfidf_soft, HTCondor ID 829, status STATUS_SUBMITTED
04/13/17 10:57:36 71113 seconds since last log event
04/13/17 10:57:36 Pending DAG nodes:
04/13/17 10:57:36   Node cbow_tfidf_soft, HTCondor ID 829, status STATUS_SUBMITTED
04/13/17 11:07:39 71716 seconds since last log event
04/13/17 11:07:39 Pending DAG nodes:
04/13/17 11:07:39   Node cbow_tfidf_soft, HTCondor ID 829, status STATUS_SUBMITTED
04/13/17 11:17:42 72319 seconds since last log event
04/13/17 11:17:42 Pending DAG nodes:
04/13/17 11:17:42   Node cbow_tfidf_soft, HTCondor ID 829, status STATUS_SUBMITTED
04/13/17 11:27:44 72921 seconds since last log event
04/13/17 11:27:44 Pending DAG nodes:
04/13/17 11:27:44   Node cbow_tfidf_soft, HTCondor ID 829, status STATUS_SUBMITTED
04/13/17 11:37:47 73524 seconds since last log event
04/13/17 11:37:47 Pending DAG nodes:
04/13/17 11:37:47   Node cbow_tfidf_soft, HTCondor ID 829, status STATUS_SUBMITTED
04/13/17 11:47:49 74126 seconds since last log event
04/13/17 11:47:49 Pending DAG nodes:
04/13/17 11:47:49   Node cbow_tfidf_soft, HTCondor ID 829, status STATUS_SUBMITTED
04/13/17 11:57:52 74729 seconds since last log event
04/13/17 11:57:52 Pending DAG nodes:
04/13/17 11:57:52   Node cbow_tfidf_soft, HTCondor ID 829, status STATUS_SUBMITTED
04/13/17 12:07:54 75331 seconds since last log event
04/13/17 12:07:54 Pending DAG nodes:
04/13/17 12:07:54   Node cbow_tfidf_soft, HTCondor ID 829, status STATUS_SUBMITTED
04/13/17 12:17:57 75934 seconds since last log event
04/13/17 12:17:57 Pending DAG nodes:
04/13/17 12:17:57   Node cbow_tfidf_soft, HTCondor ID 829, status STATUS_SUBMITTED
04/13/17 12:28:00 76537 seconds since last log event
04/13/17 12:28:00 Pending DAG nodes:
04/13/17 12:28:00   Node cbow_tfidf_soft, HTCondor ID 829, status STATUS_SUBMITTED
04/13/17 12:38:03 77140 seconds since last log event
04/13/17 12:38:03 Pending DAG nodes:
04/13/17 12:38:03   Node cbow_tfidf_soft, HTCondor ID 829, status STATUS_SUBMITTED
04/13/17 12:48:05 77742 seconds since last log event
04/13/17 12:48:05 Pending DAG nodes:
04/13/17 12:48:05   Node cbow_tfidf_soft, HTCondor ID 829, status STATUS_SUBMITTED
04/13/17 12:58:08 78345 seconds since last log event
04/13/17 12:58:08 Pending DAG nodes:
04/13/17 12:58:08   Node cbow_tfidf_soft, HTCondor ID 829, status STATUS_SUBMITTED
04/13/17 13:08:11 78948 seconds since last log event
04/13/17 13:08:11 Pending DAG nodes:
04/13/17 13:08:11   Node cbow_tfidf_soft, HTCondor ID 829, status STATUS_SUBMITTED
04/13/17 13:18:13 79550 seconds since last log event
04/13/17 13:18:13 Pending DAG nodes:
04/13/17 13:18:13   Node cbow_tfidf_soft, HTCondor ID 829, status STATUS_SUBMITTED
