I tensorflow/stream_executor/dso_loader.cc:128] successfully opened CUDA library libcublas.so locally
I tensorflow/stream_executor/dso_loader.cc:128] successfully opened CUDA library libcudnn.so locally
I tensorflow/stream_executor/dso_loader.cc:128] successfully opened CUDA library libcufft.so locally
I tensorflow/stream_executor/dso_loader.cc:128] successfully opened CUDA library libcuda.so.1 locally
I tensorflow/stream_executor/dso_loader.cc:128] successfully opened CUDA library libcurand.so locally
/users/start2014/r0385169/.local/lib/python2.7/site-packages/gensim/utils.py:1015: UserWarning: Pattern library is not installed, lemmatization won't be available.
  warnings.warn("Pattern library is not installed, lemmatization won't be available.")
I tensorflow/stream_executor/cuda/cuda_gpu_executor.cc:937] successful NUMA node read from SysFS had negative value (-1), but there must be at least one NUMA node, so returning NUMA node zero
I tensorflow/core/common_runtime/gpu/gpu_device.cc:885] Found device 0 with properties: 
name: GeForce GTX 980
major: 5 minor: 2 memoryClockRate (GHz) 1.253
pciBusID 0000:01:00.0
Total memory: 3.94GiB
Free memory: 3.83GiB
I tensorflow/core/common_runtime/gpu/gpu_device.cc:906] DMA: 0 
I tensorflow/core/common_runtime/gpu/gpu_device.cc:916] 0:   Y 
I tensorflow/core/common_runtime/gpu/gpu_device.cc:975] Creating TensorFlow device (/gpu:0) -> (device: 0, name: GeForce GTX 980, pci bus id: 0000:01:00.0)
I tensorflow/core/common_runtime/gpu/pool_allocator.cc:247] PoolAllocator: After 10385 get requests, put_count=10385 evicted_count=1000 eviction_rate=0.0962927 and unsatisfied allocation rate=0.105922
I tensorflow/core/common_runtime/gpu/pool_allocator.cc:259] Raising pool_size_limit_ from 100 to 110
I tensorflow/core/common_runtime/gpu/pool_allocator.cc:247] PoolAllocator: After 3098533 get requests, put_count=3098540 evicted_count=3000 eviction_rate=0.000968198 and unsatisfied allocation rate=0.000972073
I tensorflow/core/common_runtime/gpu/pool_allocator.cc:247] PoolAllocator: After 9549811 get requests, put_count=9549818 evicted_count=13000 eviction_rate=0.00136128 and unsatisfied allocation rate=0.00136254
I tensorflow/core/common_runtime/gpu/pool_allocator.cc:247] PoolAllocator: After 15933645 get requests, put_count=15933652 evicted_count=23000 eviction_rate=0.00144349 and unsatisfied allocation rate=0.00144424
I tensorflow/core/common_runtime/gpu/pool_allocator.cc:247] PoolAllocator: After 22358983 get requests, put_count=22358991 evicted_count=33000 eviction_rate=0.00147592 and unsatisfied allocation rate=0.00147641
I tensorflow/core/common_runtime/gpu/pool_allocator.cc:247] PoolAllocator: After 28793400 get requests, put_count=28793408 evicted_count=43000 eviction_rate=0.0014934 and unsatisfied allocation rate=0.00149378
I tensorflow/core/common_runtime/gpu/pool_allocator.cc:247] PoolAllocator: After 35227817 get requests, put_count=35227825 evicted_count=53000 eviction_rate=0.00150449 and unsatisfied allocation rate=0.00150481
I tensorflow/core/common_runtime/gpu/pool_allocator.cc:247] PoolAllocator: After 41671313 get requests, put_count=41671320 evicted_count=63000 eviction_rate=0.00151183 and unsatisfied allocation rate=0.00151212
I tensorflow/core/common_runtime/gpu/pool_allocator.cc:247] PoolAllocator: After 48055147 get requests, put_count=48055154 evicted_count=73000 eviction_rate=0.00151909 and unsatisfied allocation rate=0.00151934
I tensorflow/core/common_runtime/gpu/pool_allocator.cc:247] PoolAllocator: After 54328736 get requests, put_count=54328744 evicted_count=83000 eviction_rate=0.00152774 and unsatisfied allocation rate=0.00152794
I tensorflow/core/common_runtime/gpu/pool_allocator.cc:247] PoolAllocator: After 60628265 get requests, put_count=60628273 evicted_count=93000 eviction_rate=0.00153394 and unsatisfied allocation rate=0.00153412
I tensorflow/core/common_runtime/gpu/pool_allocator.cc:247] PoolAllocator: After 66995238 get requests, put_count=66995246 evicted_count=103000 eviction_rate=0.00153742 and unsatisfied allocation rate=0.00153759
I tensorflow/core/common_runtime/gpu/pool_allocator.cc:247] PoolAllocator: After 73446516 get requests, put_count=73446524 evicted_count=113000 eviction_rate=0.00153853 and unsatisfied allocation rate=0.00153868
I tensorflow/core/common_runtime/gpu/pool_allocator.cc:247] PoolAllocator: After 79864072 get requests, put_count=79864080 evicted_count=123000 eviction_rate=0.00154012 and unsatisfied allocation rate=0.00154025
I tensorflow/core/common_runtime/gpu/pool_allocator.cc:247] PoolAllocator: After 86206402 get requests, put_count=86206409 evicted_count=133000 eviction_rate=0.00154281 and unsatisfied allocation rate=0.00154295
I tensorflow/core/common_runtime/gpu/pool_allocator.cc:247] PoolAllocator: After 92607097 get requests, put_count=92607104 evicted_count=143000 eviction_rate=0.00154416 and unsatisfied allocation rate=0.00154429
I tensorflow/core/common_runtime/gpu/pool_allocator.cc:247] PoolAllocator: After 98957209 get requests, put_count=98957216 evicted_count=153000 eviction_rate=0.00154612 and unsatisfied allocation rate=0.00154624
I tensorflow/core/common_runtime/gpu/pool_allocator.cc:247] PoolAllocator: After 105281381 get requests, put_count=105281389 evicted_count=163000 eviction_rate=0.00154823 and unsatisfied allocation rate=0.00154834
I tensorflow/core/common_runtime/gpu/pool_allocator.cc:247] PoolAllocator: After 111657433 get requests, put_count=111657440 evicted_count=173000 eviction_rate=0.00154938 and unsatisfied allocation rate=0.00154949
I tensorflow/core/common_runtime/gpu/pool_allocator.cc:247] PoolAllocator: After 117880439 get requests, put_count=117880447 evicted_count=183000 eviction_rate=0.00155242 and unsatisfied allocation rate=0.00155251
I tensorflow/core/common_runtime/gpu/pool_allocator.cc:247] PoolAllocator: After 124281134 get requests, put_count=124281142 evicted_count=193000 eviction_rate=0.00155293 and unsatisfied allocation rate=0.00155302
I tensorflow/core/common_runtime/gpu/pool_allocator.cc:247] PoolAllocator: After 130640325 get requests, put_count=130640332 evicted_count=203000 eviction_rate=0.00155388 and unsatisfied allocation rate=0.00155398
I tensorflow/core/common_runtime/gpu/pool_allocator.cc:247] PoolAllocator: After 136947636 get requests, put_count=136947644 evicted_count=213000 eviction_rate=0.00155534 and unsatisfied allocation rate=0.00155542
I tensorflow/core/common_runtime/gpu/pool_allocator.cc:247] PoolAllocator: After 143247165 get requests, put_count=143247173 evicted_count=223000 eviction_rate=0.00155675 and unsatisfied allocation rate=0.00155683
I tensorflow/core/common_runtime/gpu/pool_allocator.cc:247] PoolAllocator: After 149589495 get requests, put_count=149589502 evicted_count=233000 eviction_rate=0.0015576 and unsatisfied allocation rate=0.00155768
I tensorflow/core/common_runtime/gpu/pool_allocator.cc:247] PoolAllocator: After 156014833 get requests, put_count=156014841 evicted_count=243000 eviction_rate=0.00155754 and unsatisfied allocation rate=0.00155761
I tensorflow/core/common_runtime/gpu/pool_allocator.cc:247] PoolAllocator: After 162449250 get requests, put_count=162449258 evicted_count=253000 eviction_rate=0.00155741 and unsatisfied allocation rate=0.00155748
I tensorflow/core/common_runtime/gpu/pool_allocator.cc:247] PoolAllocator: After 168833084 get requests, put_count=168833092 evicted_count=263000 eviction_rate=0.00155775 and unsatisfied allocation rate=0.00155782
I tensorflow/core/common_runtime/gpu/pool_allocator.cc:247] PoolAllocator: After 175276580 get requests, put_count=175276587 evicted_count=273000 eviction_rate=0.00155754 and unsatisfied allocation rate=0.00155761
I tensorflow/core/common_runtime/gpu/pool_allocator.cc:247] PoolAllocator: After 181677275 get requests, put_count=181677282 evicted_count=283000 eviction_rate=0.00155771 and unsatisfied allocation rate=0.00155777
I tensorflow/core/common_runtime/gpu/pool_allocator.cc:247] PoolAllocator: After 188111692 get requests, put_count=188111699 evicted_count=293000 eviction_rate=0.00155759 and unsatisfied allocation rate=0.00155765
I tensorflow/core/common_runtime/gpu/pool_allocator.cc:247] PoolAllocator: After 194546109 get requests, put_count=194546116 evicted_count=303000 eviction_rate=0.00155747 and unsatisfied allocation rate=0.00155753
I tensorflow/core/common_runtime/gpu/pool_allocator.cc:247] PoolAllocator: After 201325228 get requests, put_count=201325235 evicted_count=313000 eviction_rate=0.0015547 and unsatisfied allocation rate=0.00155476
I tensorflow/core/common_runtime/gpu/pool_allocator.cc:247] PoolAllocator: After 207767427 get requests, put_count=207767435 evicted_count=323000 eviction_rate=0.00155462 and unsatisfied allocation rate=0.00155468
I tensorflow/core/common_runtime/gpu/pool_allocator.cc:247] PoolAllocator: After 214194062 get requests, put_count=214194069 evicted_count=333000 eviction_rate=0.00155466 and unsatisfied allocation rate=0.00155472
I tensorflow/core/common_runtime/gpu/pool_allocator.cc:247] PoolAllocator: After 220602539 get requests, put_count=220602547 evicted_count=343000 eviction_rate=0.00155483 and unsatisfied allocation rate=0.00155488
I tensorflow/core/common_runtime/gpu/pool_allocator.cc:247] PoolAllocator: After 227003234 get requests, put_count=227003242 evicted_count=353000 eviction_rate=0.00155504 and unsatisfied allocation rate=0.00155509
I tensorflow/core/common_runtime/gpu/pool_allocator.cc:247] PoolAllocator: After 233420790 get requests, put_count=233420798 evicted_count=363000 eviction_rate=0.00155513 and unsatisfied allocation rate=0.00155518
I tensorflow/core/common_runtime/gpu/pool_allocator.cc:247] PoolAllocator: After 239847425 get requests, put_count=239847432 evicted_count=373000 eviction_rate=0.00155516 and unsatisfied allocation rate=0.00155521
I tensorflow/core/common_runtime/gpu/pool_allocator.cc:247] PoolAllocator: After 246281842 get requests, put_count=246281849 evicted_count=383000 eviction_rate=0.00155513 and unsatisfied allocation rate=0.00155518
I tensorflow/core/common_runtime/gpu/pool_allocator.cc:247] PoolAllocator: After 252690319 get requests, put_count=252690327 evicted_count=393000 eviction_rate=0.00155526 and unsatisfied allocation rate=0.00155531
I tensorflow/core/common_runtime/gpu/pool_allocator.cc:247] PoolAllocator: After 259100093 get requests, put_count=259100100 evicted_count=403000 eviction_rate=0.00155538 and unsatisfied allocation rate=0.00155543
I tensorflow/core/common_runtime/gpu/pool_allocator.cc:247] PoolAllocator: After 265491709 get requests, put_count=265491717 evicted_count=413000 eviction_rate=0.0015556 and unsatisfied allocation rate=0.00155565
I tensorflow/core/common_runtime/gpu/pool_allocator.cc:247] PoolAllocator: After 271909265 get requests, put_count=271909273 evicted_count=423000 eviction_rate=0.00155567 and unsatisfied allocation rate=0.00155571
I tensorflow/core/common_runtime/gpu/pool_allocator.cc:247] PoolAllocator: After 278302178 get requests, put_count=278302185 evicted_count=433000 eviction_rate=0.00155586 and unsatisfied allocation rate=0.00155591
I tensorflow/core/common_runtime/gpu/pool_allocator.cc:247] PoolAllocator: After 284686012 get requests, put_count=284686019 evicted_count=443000 eviction_rate=0.0015561 and unsatisfied allocation rate=0.00155614
I tensorflow/core/common_runtime/gpu/pool_allocator.cc:247] PoolAllocator: After 291060767 get requests, put_count=291060775 evicted_count=453000 eviction_rate=0.00155638 and unsatisfied allocation rate=0.00155641
I tensorflow/core/common_runtime/gpu/pool_allocator.cc:247] PoolAllocator: After 297461462 get requests, put_count=297461470 evicted_count=463000 eviction_rate=0.0015565 and unsatisfied allocation rate=0.00155654
I tensorflow/core/common_runtime/gpu/pool_allocator.cc:247] PoolAllocator: After 303904958 get requests, put_count=303904965 evicted_count=473000 eviction_rate=0.00155641 and unsatisfied allocation rate=0.00155645
I tensorflow/core/common_runtime/gpu/pool_allocator.cc:247] PoolAllocator: After 310330296 get requests, put_count=310330304 evicted_count=483000 eviction_rate=0.00155641 and unsatisfied allocation rate=0.00155644
I tensorflow/core/common_runtime/gpu/pool_allocator.cc:247] PoolAllocator: After 316723209 get requests, put_count=316723216 evicted_count=493000 eviction_rate=0.00155656 and unsatisfied allocation rate=0.0015566
I tensorflow/core/common_runtime/gpu/pool_allocator.cc:247] PoolAllocator: After 323140765 get requests, put_count=323140772 evicted_count=503000 eviction_rate=0.0015566 and unsatisfied allocation rate=0.00155663
I tensorflow/core/common_runtime/gpu/pool_allocator.cc:247] PoolAllocator: After 329507738 get requests, put_count=329507745 evicted_count=513000 eviction_rate=0.00155687 and unsatisfied allocation rate=0.0015569
I tensorflow/core/common_runtime/gpu/pool_allocator.cc:247] PoolAllocator: After 335925294 get requests, put_count=335925301 evicted_count=523000 eviction_rate=0.00155689 and unsatisfied allocation rate=0.00155693
I tensorflow/core/common_runtime/gpu/pool_allocator.cc:247] PoolAllocator: After 342376572 get requests, put_count=342376579 evicted_count=533000 eviction_rate=0.00155677 and unsatisfied allocation rate=0.0015568
I tensorflow/core/common_runtime/gpu/pool_allocator.cc:247] PoolAllocator: After 348801910 get requests, put_count=348801918 evicted_count=543000 eviction_rate=0.00155676 and unsatisfied allocation rate=0.00155679
I tensorflow/core/common_runtime/gpu/pool_allocator.cc:247] PoolAllocator: After 355245406 get requests, put_count=355245413 evicted_count=553000 eviction_rate=0.00155667 and unsatisfied allocation rate=0.0015567
I tensorflow/core/common_runtime/gpu/pool_allocator.cc:247] PoolAllocator: After 361653883 get requests, put_count=361653891 evicted_count=563000 eviction_rate=0.00155674 and unsatisfied allocation rate=0.00155677
I tensorflow/core/common_runtime/gpu/pool_allocator.cc:247] PoolAllocator: After 368071439 get requests, put_count=368071447 evicted_count=573000 eviction_rate=0.00155676 and unsatisfied allocation rate=0.00155679
I tensorflow/core/common_runtime/gpu/pool_allocator.cc:247] PoolAllocator: After 374511044 get requests, put_count=374511044 evicted_count=583000 eviction_rate=0.0015567 and unsatisfied allocation rate=0.00155675
I tensorflow/core/common_runtime/gpu/pool_allocator.cc:247] PoolAllocator: After 380915630 get requests, put_count=380915637 evicted_count=593000 eviction_rate=0.00155678 and unsatisfied allocation rate=0.00155681
I tensorflow/core/common_runtime/gpu/pool_allocator.cc:247] PoolAllocator: After 387340968 get requests, put_count=387340976 evicted_count=603000 eviction_rate=0.00155677 and unsatisfied allocation rate=0.0015568
I tensorflow/core/common_runtime/gpu/pool_allocator.cc:247] PoolAllocator: After 393767603 get requests, put_count=393767610 evicted_count=613000 eviction_rate=0.00155676 and unsatisfied allocation rate=0.00155679
I tensorflow/core/common_runtime/gpu/pool_allocator.cc:247] PoolAllocator: After 401051255 get requests, put_count=401051262 evicted_count=623000 eviction_rate=0.00155342 and unsatisfied allocation rate=0.00155345
I tensorflow/core/common_runtime/gpu/pool_allocator.cc:247] PoolAllocator: After 407435089 get requests, put_count=407435096 evicted_count=633000 eviction_rate=0.00155362 and unsatisfied allocation rate=0.00155365
I tensorflow/core/common_runtime/gpu/pool_allocator.cc:247] PoolAllocator: After 413869506 get requests, put_count=413869513 evicted_count=643000 eviction_rate=0.00155363 and unsatisfied allocation rate=0.00155366
I tensorflow/core/common_runtime/gpu/pool_allocator.cc:247] PoolAllocator: After 420303923 get requests, put_count=420303930 evicted_count=653000 eviction_rate=0.00155364 and unsatisfied allocation rate=0.00155367
I tensorflow/core/common_runtime/gpu/pool_allocator.cc:247] PoolAllocator: After 426704618 get requests, put_count=426704625 evicted_count=663000 eviction_rate=0.00155377 and unsatisfied allocation rate=0.0015538
I tensorflow/core/common_runtime/gpu/pool_allocator.cc:247] PoolAllocator: After 433155896 get requests, put_count=433155903 evicted_count=673000 eviction_rate=0.00155371 and unsatisfied allocation rate=0.00155374
I tensorflow/core/common_runtime/gpu/pool_allocator.cc:247] PoolAllocator: After 439556591 get requests, put_count=439556598 evicted_count=683000 eviction_rate=0.00155384 and unsatisfied allocation rate=0.00155387
I tensorflow/core/common_runtime/gpu/pool_allocator.cc:247] PoolAllocator: After 445974147 get requests, put_count=445974154 evicted_count=693000 eviction_rate=0.0015539 and unsatisfied allocation rate=0.00155393
I tensorflow/core/common_runtime/gpu/pool_allocator.cc:247] PoolAllocator: After 452374842 get requests, put_count=452374849 evicted_count=703000 eviction_rate=0.00155402 and unsatisfied allocation rate=0.00155405
I tensorflow/core/common_runtime/gpu/pool_allocator.cc:247] PoolAllocator: After 458732736 get requests, put_count=458732744 evicted_count=713000 eviction_rate=0.00155428 and unsatisfied allocation rate=0.00155431
I tensorflow/core/common_runtime/gpu/pool_allocator.cc:247] PoolAllocator: After 465091927 get requests, put_count=465091934 evicted_count=723000 eviction_rate=0.00155453 and unsatisfied allocation rate=0.00155456
I tensorflow/core/common_runtime/gpu/pool_allocator.cc:247] PoolAllocator: After 471517265 get requests, put_count=471517273 evicted_count=733000 eviction_rate=0.00155456 and unsatisfied allocation rate=0.00155458
I tensorflow/core/common_runtime/gpu/pool_allocator.cc:247] PoolAllocator: After 477910178 get requests, put_count=477910185 evicted_count=743000 eviction_rate=0.00155469 and unsatisfied allocation rate=0.00155471
I tensorflow/core/common_runtime/gpu/pool_allocator.cc:247] PoolAllocator: After 484318655 get requests, put_count=484318663 evicted_count=753000 eviction_rate=0.00155476 and unsatisfied allocation rate=0.00155478
I tensorflow/core/common_runtime/gpu/pool_allocator.cc:247] PoolAllocator: After 490719350 get requests, put_count=490719358 evicted_count=763000 eviction_rate=0.00155486 and unsatisfied allocation rate=0.00155488
I tensorflow/core/common_runtime/gpu/pool_allocator.cc:247] PoolAllocator: After 497153767 get requests, put_count=497153775 evicted_count=773000 eviction_rate=0.00155485 and unsatisfied allocation rate=0.00155487
I tensorflow/core/common_runtime/gpu/pool_allocator.cc:247] PoolAllocator: After 503554462 get requests, put_count=503554470 evicted_count=783000 eviction_rate=0.00155495 and unsatisfied allocation rate=0.00155497
I tensorflow/core/common_runtime/gpu/pool_allocator.cc:247] PoolAllocator: After 509947375 get requests, put_count=509947382 evicted_count=793000 eviction_rate=0.00155506 and unsatisfied allocation rate=0.00155509
I tensorflow/core/common_runtime/gpu/pool_allocator.cc:247] PoolAllocator: After 516372713 get requests, put_count=516372721 evicted_count=803000 eviction_rate=0.00155508 and unsatisfied allocation rate=0.0015551
I tensorflow/core/common_runtime/gpu/pool_allocator.cc:247] PoolAllocator: After 522782487 get requests, put_count=522782494 evicted_count=813000 eviction_rate=0.00155514 and unsatisfied allocation rate=0.00155516
I tensorflow/core/common_runtime/gpu/pool_allocator.cc:247] PoolAllocator: After 529207825 get requests, put_count=529207833 evicted_count=823000 eviction_rate=0.00155515 and unsatisfied allocation rate=0.00155518
I tensorflow/core/common_runtime/gpu/pool_allocator.cc:247] PoolAllocator: After 535642242 get requests, put_count=535642250 evicted_count=833000 eviction_rate=0.00155514 and unsatisfied allocation rate=0.00155516
I tensorflow/core/common_runtime/gpu/pool_allocator.cc:247] PoolAllocator: After 542042937 get requests, put_count=542042945 evicted_count=843000 eviction_rate=0.00155523 and unsatisfied allocation rate=0.00155525
I tensorflow/core/common_runtime/gpu/pool_allocator.cc:247] PoolAllocator: After 548460493 get requests, put_count=548460501 evicted_count=853000 eviction_rate=0.00155526 and unsatisfied allocation rate=0.00155528
I tensorflow/core/common_runtime/gpu/pool_allocator.cc:247] PoolAllocator: After 554870267 get requests, put_count=554870274 evicted_count=863000 eviction_rate=0.00155532 and unsatisfied allocation rate=0.00155534
I tensorflow/core/common_runtime/gpu/pool_allocator.cc:247] PoolAllocator: After 561270962 get requests, put_count=561270969 evicted_count=873000 eviction_rate=0.0015554 and unsatisfied allocation rate=0.00155542
I tensorflow/core/common_runtime/gpu/pool_allocator.cc:247] PoolAllocator: After 567637935 get requests, put_count=567637942 evicted_count=883000 eviction_rate=0.00155557 and unsatisfied allocation rate=0.00155559
I tensorflow/core/common_runtime/gpu/pool_allocator.cc:247] PoolAllocator: After 574055491 get requests, put_count=574055498 evicted_count=893000 eviction_rate=0.0015556 and unsatisfied allocation rate=0.00155562
I tensorflow/core/common_runtime/gpu/pool_allocator.cc:247] PoolAllocator: After 580489908 get requests, put_count=580489915 evicted_count=903000 eviction_rate=0.00155558 and unsatisfied allocation rate=0.0015556
I tensorflow/core/common_runtime/gpu/pool_allocator.cc:247] PoolAllocator: After 586932107 get requests, put_count=586932115 evicted_count=913000 eviction_rate=0.00155555 and unsatisfied allocation rate=0.00155556
I tensorflow/core/common_runtime/gpu/pool_allocator.cc:247] PoolAllocator: After 593325020 get requests, put_count=593325027 evicted_count=923000 eviction_rate=0.00155564 and unsatisfied allocation rate=0.00155566
