000 (022.000.000) 04/09 22:40:19 Job submitted from host: <10.33.133.164:9618?addrs=10.33.133.164-9618+[--1]-9618&noUDP&sock=1320_fd1a_4>
    DAG Node: cbow_mean_lstm
...
001 (022.000.000) 04/13 17:19:54 Job executing on host: <10.33.133.223:9618?addrs=10.33.133.223-9618+[--1]-9618&noUDP&sock=1298_e604_3>
...
006 (022.000.000) 04/13 17:20:03 Image size of job updated: 130748
	128  -  MemoryUsage of job (MB)
	130748  -  ResidentSetSize of job (KB)
...
006 (022.000.000) 04/13 17:25:04 Image size of job updated: 1238104
	1144  -  MemoryUsage of job (MB)
	1170520  -  ResidentSetSize of job (KB)
...
006 (022.000.000) 04/13 17:27:35 Image size of job updated: 1488340
	1144  -  MemoryUsage of job (MB)
	1170520  -  ResidentSetSize of job (KB)
...
005 (022.000.000) 04/13 17:27:35 Job terminated.
	(1) Normal termination (return value 0)
		Usr 0 00:07:32, Sys 0 00:00:16  -  Run Remote Usage
		Usr 0 00:00:00, Sys 0 00:00:00  -  Run Local Usage
		Usr 0 00:07:32, Sys 0 00:00:16  -  Total Remote Usage
		Usr 0 00:00:00, Sys 0 00:00:00  -  Total Local Usage
	0  -  Run Bytes Sent By Job
	0  -  Run Bytes Received By Job
	0  -  Total Bytes Sent By Job
	0  -  Total Bytes Received By Job
	Partitionable Resources :    Usage  Request Allocated
	   Cpus                 :                 1         1
	   Disk (KB)            :        7        7   3070292
	   Gpus                 :                 1         1
	   Memory (MB)          :     1144     4096      4096
...
