I tensorflow/stream_executor/dso_loader.cc:128] successfully opened CUDA library libcublas.so locally
I tensorflow/stream_executor/dso_loader.cc:128] successfully opened CUDA library libcudnn.so locally
I tensorflow/stream_executor/dso_loader.cc:128] successfully opened CUDA library libcufft.so locally
I tensorflow/stream_executor/dso_loader.cc:128] successfully opened CUDA library libcuda.so.1 locally
I tensorflow/stream_executor/dso_loader.cc:128] successfully opened CUDA library libcurand.so locally
/users/start2014/r0364650/.local/lib/python2.7/site-packages/gensim/utils.py:1015: UserWarning: Pattern library is not installed, lemmatization won't be available.
  warnings.warn("Pattern library is not installed, lemmatization won't be available.")
I tensorflow/stream_executor/cuda/cuda_gpu_executor.cc:937] successful NUMA node read from SysFS had negative value (-1), but there must be at least one NUMA node, so returning NUMA node zero
I tensorflow/core/common_runtime/gpu/gpu_device.cc:885] Found device 0 with properties: 
name: GeForce GTX 980 Ti
major: 5 minor: 2 memoryClockRate (GHz) 1.19
pciBusID 0000:02:00.0
Total memory: 5.94GiB
Free memory: 5.83GiB
I tensorflow/core/common_runtime/gpu/gpu_device.cc:906] DMA: 0 
I tensorflow/core/common_runtime/gpu/gpu_device.cc:916] 0:   Y 
I tensorflow/core/common_runtime/gpu/gpu_device.cc:975] Creating TensorFlow device (/gpu:0) -> (device: 0, name: GeForce GTX 980 Ti, pci bus id: 0000:02:00.0)
I tensorflow/core/common_runtime/gpu/pool_allocator.cc:247] PoolAllocator: After 11682 get requests, put_count=11670 evicted_count=1000 eviction_rate=0.0856898 and unsatisfied allocation rate=0.0951892
I tensorflow/core/common_runtime/gpu/pool_allocator.cc:259] Raising pool_size_limit_ from 100 to 110
I tensorflow/core/common_runtime/gpu/pool_allocator.cc:247] PoolAllocator: After 12287778 get requests, put_count=12287789 evicted_count=1000 eviction_rate=8.13816e-05 and unsatisfied allocation rate=8.23583e-05
I tensorflow/core/common_runtime/gpu/pool_allocator.cc:247] PoolAllocator: After 242630787 get requests, put_count=242630797 evicted_count=11000 eviction_rate=4.53364e-05 and unsatisfied allocation rate=4.539e-05
I tensorflow/core/common_runtime/gpu/pool_allocator.cc:247] PoolAllocator: After 381531705 get requests, put_count=381531713 evicted_count=21000 eviction_rate=5.50413e-05 and unsatisfied allocation rate=5.50806e-05
I tensorflow/core/common_runtime/gpu/pool_allocator.cc:247] PoolAllocator: After 426945860 get requests, put_count=426945869 evicted_count=31000 eviction_rate=7.26087e-05 and unsatisfied allocation rate=7.26415e-05
I tensorflow/core/common_runtime/gpu/pool_allocator.cc:247] PoolAllocator: After 472484827 get requests, put_count=472484833 evicted_count=41000 eviction_rate=8.67753e-05 and unsatisfied allocation rate=8.68113e-05
I tensorflow/core/common_runtime/gpu/pool_allocator.cc:247] PoolAllocator: After 514901915 get requests, put_count=514901917 evicted_count=51000 eviction_rate=9.9048e-05 and unsatisfied allocation rate=9.90888e-05
I tensorflow/core/common_runtime/gpu/pool_allocator.cc:247] PoolAllocator: After 561957075 get requests, put_count=561957083 evicted_count=61000 eviction_rate=0.000108549 and unsatisfied allocation rate=0.000108576
