job started
Epoch: 1 Learning rate: 1.000
0.000 perplexity: 49846.310 speed: 809 wps
0.100 perplexity: 420.432 speed: 11704 wps
0.200 perplexity: 342.058 speed: 11806 wps
0.300 perplexity: 305.666 speed: 11826 wps
0.400 perplexity: 282.819 speed: 11848 wps
0.500 perplexity: 266.854 speed: 11853 wps
0.600 perplexity: 255.415 speed: 11858 wps
0.700 perplexity: 246.315 speed: 11872 wps
0.800 perplexity: 238.911 speed: 11872 wps
0.900 perplexity: 232.690 speed: 11858 wps
1.000 perplexity: 227.335 speed: 11869 wps
Epoch: 1 Train Perplexity: 227.335
with(perplexity: 178.167) speed: 25169 wps
Epoch: 1 Valid Perplexity: 178.167
Epoch: 2 Learning rate: 1.000
0.000 perplexity: 316.033 speed: 10110 wps
0.100 perplexity: 182.517 speed: 12154 wps
0.200 perplexity: 180.533 speed: 12152 wps
0.300 perplexity: 179.407 speed: 12172 wps
0.400 perplexity: 178.326 speed: 12183 wps
0.500 perplexity: 177.150 speed: 12166 wps
0.600 perplexity: 176.459 speed: 12167 wps
0.700 perplexity: 175.679 speed: 12176 wps
0.800 perplexity: 174.893 speed: 12173 wps
0.900 perplexity: 174.101 speed: 12168 wps
1.000 perplexity: 173.305 speed: 12171 wps
Epoch: 2 Train Perplexity: 173.306
with(perplexity: 159.873) speed: 26423 wps
Epoch: 2 Valid Perplexity: 159.873
Epoch: 3 Learning rate: 1.000
0.000 perplexity: 332.902 speed: 10141 wps
0.100 perplexity: 166.343 speed: 12155 wps
0.200 perplexity: 165.247 speed: 12156 wps
0.300 perplexity: 164.867 speed: 12171 wps
0.400 perplexity: 164.452 speed: 12183 wps
0.500 perplexity: 163.889 speed: 12176 wps
0.600 perplexity: 163.716 speed: 12168 wps
0.700 perplexity: 163.431 speed: 12175 wps
0.800 perplexity: 163.103 speed: 12174 wps
0.900 perplexity: 162.728 speed: 12168 wps
1.000 perplexity: 162.316 speed: 12172 wps
Epoch: 3 Train Perplexity: 162.317
with(perplexity: 151.366) speed: 26473 wps
Epoch: 3 Valid Perplexity: 151.366
with(perplexity: 165.195) speed: 631 wps
Test Perplexity: 165.195
Saving model to /esat/spchtemp/scratch/robbe/SpeechHub/untied_models_smaller/output/cbow_tfidf_lstm_0/cbow_tfidf_lstm_0.
hihi
