I tensorflow/stream_executor/dso_loader.cc:128] successfully opened CUDA library libcublas.so locally
I tensorflow/stream_executor/dso_loader.cc:128] successfully opened CUDA library libcudnn.so locally
I tensorflow/stream_executor/dso_loader.cc:128] successfully opened CUDA library libcufft.so locally
I tensorflow/stream_executor/dso_loader.cc:128] successfully opened CUDA library libcuda.so.1 locally
I tensorflow/stream_executor/dso_loader.cc:128] successfully opened CUDA library libcurand.so locally
/users/start2014/r0385169/.local/lib/python2.7/site-packages/gensim/utils.py:1015: UserWarning: Pattern library is not installed, lemmatization won't be available.
  warnings.warn("Pattern library is not installed, lemmatization won't be available.")
I tensorflow/stream_executor/cuda/cuda_gpu_executor.cc:937] successful NUMA node read from SysFS had negative value (-1), but there must be at least one NUMA node, so returning NUMA node zero
I tensorflow/core/common_runtime/gpu/gpu_device.cc:885] Found device 0 with properties: 
name: GeForce GTX 960
major: 5 minor: 2 memoryClockRate (GHz) 1.253
pciBusID 0000:46:00.0
Total memory: 3.94GiB
Free memory: 3.90GiB
I tensorflow/core/common_runtime/gpu/gpu_device.cc:906] DMA: 0 
I tensorflow/core/common_runtime/gpu/gpu_device.cc:916] 0:   Y 
I tensorflow/core/common_runtime/gpu/gpu_device.cc:975] Creating TensorFlow device (/gpu:0) -> (device: 0, name: GeForce GTX 960, pci bus id: 0000:46:00.0)
I tensorflow/core/common_runtime/gpu/pool_allocator.cc:247] PoolAllocator: After 10896 get requests, put_count=10800 evicted_count=1000 eviction_rate=0.0925926 and unsatisfied allocation rate=0.109765
I tensorflow/core/common_runtime/gpu/pool_allocator.cc:259] Raising pool_size_limit_ from 100 to 110
I tensorflow/core/common_runtime/gpu/pool_allocator.cc:247] PoolAllocator: After 3076349 get requests, put_count=3076355 evicted_count=3000 eviction_rate=0.00097518 and unsatisfied allocation rate=0.000979408
I tensorflow/core/common_runtime/gpu/pool_allocator.cc:247] PoolAllocator: After 13357864 get requests, put_count=13357870 evicted_count=13000 eviction_rate=0.000973209 and unsatisfied allocation rate=0.000974183
I tensorflow/core/common_runtime/gpu/pool_allocator.cc:247] PoolAllocator: After 23574535 get requests, put_count=23574541 evicted_count=23000 eviction_rate=0.000975629 and unsatisfied allocation rate=0.00097618
I tensorflow/core/common_runtime/gpu/pool_allocator.cc:247] PoolAllocator: After 33569240 get requests, put_count=33569242 evicted_count=33000 eviction_rate=0.000983043 and unsatisfied allocation rate=0.000983549
I tensorflow/core/common_runtime/gpu/pool_allocator.cc:247] PoolAllocator: After 43780923 get requests, put_count=43780929 evicted_count=43000 eviction_rate=0.000982163 and unsatisfied allocation rate=0.00098246
I tensorflow/core/common_runtime/gpu/pool_allocator.cc:247] PoolAllocator: After 53697067 get requests, put_count=53697073 evicted_count=53000 eviction_rate=0.000987018 and unsatisfied allocation rate=0.000987261
I tensorflow/core/common_runtime/gpu/pool_allocator.cc:247] PoolAllocator: After 63744146 get requests, put_count=63744152 evicted_count=63000 eviction_rate=0.000988326 and unsatisfied allocation rate=0.00098853
I tensorflow/core/common_runtime/gpu/pool_allocator.cc:247] PoolAllocator: After 73788731 get requests, put_count=73788737 evicted_count=73000 eviction_rate=0.000989311 and unsatisfied allocation rate=0.000989487
I tensorflow/core/common_runtime/gpu/pool_allocator.cc:247] PoolAllocator: After 84025354 get requests, put_count=84025360 evicted_count=83000 eviction_rate=0.000987797 and unsatisfied allocation rate=0.000987952
I tensorflow/core/common_runtime/gpu/pool_allocator.cc:247] PoolAllocator: After 93861690 get requests, put_count=93861696 evicted_count=93000 eviction_rate=0.00099082 and unsatisfied allocation rate=0.000990958
I tensorflow/core/common_runtime/gpu/pool_allocator.cc:247] PoolAllocator: After 103847666 get requests, put_count=103847662 evicted_count=103000 eviction_rate=0.000991837 and unsatisfied allocation rate=0.000992059
I tensorflow/core/common_runtime/gpu/pool_allocator.cc:247] PoolAllocator: After 113882275 get requests, put_count=113882281 evicted_count=113000 eviction_rate=0.000992253 and unsatisfied allocation rate=0.000992367
I tensorflow/core/common_runtime/gpu/pool_allocator.cc:247] PoolAllocator: After 124163790 get requests, put_count=124163796 evicted_count=123000 eviction_rate=0.000990627 and unsatisfied allocation rate=0.000990732
I tensorflow/core/common_runtime/gpu/pool_allocator.cc:247] PoolAllocator: After 134007608 get requests, put_count=134007614 evicted_count=133000 eviction_rate=0.000992481 and unsatisfied allocation rate=0.000992578
I tensorflow/core/common_runtime/gpu/pool_allocator.cc:247] PoolAllocator: After 144191857 get requests, put_count=144191863 evicted_count=143000 eviction_rate=0.000991734 and unsatisfied allocation rate=0.000991824
I tensorflow/core/common_runtime/gpu/pool_allocator.cc:247] PoolAllocator: After 154084308 get requests, put_count=154084314 evicted_count=153000 eviction_rate=0.000992963 and unsatisfied allocation rate=0.000993047
I tensorflow/core/common_runtime/gpu/pool_allocator.cc:247] PoolAllocator: After 164025392 get requests, put_count=164025398 evicted_count=163000 eviction_rate=0.000993749 and unsatisfied allocation rate=0.000993828
I tensorflow/core/common_runtime/gpu/pool_allocator.cc:247] PoolAllocator: After 174144797 get requests, put_count=174144803 evicted_count=173000 eviction_rate=0.000993426 and unsatisfied allocation rate=0.000993501
I tensorflow/core/common_runtime/gpu/pool_allocator.cc:247] PoolAllocator: After 184004826 get requests, put_count=184004832 evicted_count=183000 eviction_rate=0.000994539 and unsatisfied allocation rate=0.00099461
I tensorflow/core/common_runtime/gpu/pool_allocator.cc:247] PoolAllocator: After 194140730 get requests, put_count=194140736 evicted_count=193000 eviction_rate=0.000994124 and unsatisfied allocation rate=0.000994191
I tensorflow/core/common_runtime/gpu/pool_allocator.cc:247] PoolAllocator: After 204195291 get requests, put_count=204195297 evicted_count=203000 eviction_rate=0.000994146 and unsatisfied allocation rate=0.00099421
I tensorflow/core/common_runtime/gpu/pool_allocator.cc:247] PoolAllocator: After 214193737 get requests, put_count=214193743 evicted_count=213000 eviction_rate=0.000994427 and unsatisfied allocation rate=0.000994488
I tensorflow/core/common_runtime/gpu/pool_allocator.cc:247] PoolAllocator: After 224491463 get requests, put_count=224491469 evicted_count=223000 eviction_rate=0.000993356 and unsatisfied allocation rate=0.000993414
I tensorflow/core/common_runtime/gpu/pool_allocator.cc:247] PoolAllocator: After 234513602 get requests, put_count=234513608 evicted_count=233000 eviction_rate=0.000993546 and unsatisfied allocation rate=0.000993601
I tensorflow/core/common_runtime/gpu/pool_allocator.cc:247] PoolAllocator: After 244463415 get requests, put_count=244463421 evicted_count=243000 eviction_rate=0.000994014 and unsatisfied allocation rate=0.000994067
I tensorflow/core/common_runtime/gpu/pool_allocator.cc:247] PoolAllocator: After 254498024 get requests, put_count=254498020 evicted_count=253000 eviction_rate=0.000994114 and unsatisfied allocation rate=0.000994204
I tensorflow/core/common_runtime/gpu/pool_allocator.cc:247] PoolAllocator: After 264288221 get requests, put_count=264288227 evicted_count=263000 eviction_rate=0.000995126 and unsatisfied allocation rate=0.000995175
I tensorflow/core/common_runtime/gpu/pool_allocator.cc:247] PoolAllocator: After 274637074 get requests, put_count=274637080 evicted_count=273000 eviction_rate=0.000994039 and unsatisfied allocation rate=0.000994086
I tensorflow/core/common_runtime/gpu/pool_allocator.cc:247] PoolAllocator: After 284788901 get requests, put_count=284788907 evicted_count=283000 eviction_rate=0.000993718 and unsatisfied allocation rate=0.000993764
I tensorflow/core/common_runtime/gpu/pool_allocator.cc:247] PoolAllocator: After 295054205 get requests, put_count=295054211 evicted_count=293000 eviction_rate=0.000993038 and unsatisfied allocation rate=0.000993082
I tensorflow/core/common_runtime/gpu/pool_allocator.cc:247] PoolAllocator: After 305119989 get requests, put_count=305119995 evicted_count=303000 eviction_rate=0.000993052 and unsatisfied allocation rate=0.000993095
I tensorflow/core/common_runtime/gpu/pool_allocator.cc:247] PoolAllocator: After 315466348 get requests, put_count=315466354 evicted_count=313000 eviction_rate=0.000992182 and unsatisfied allocation rate=0.000992223
I tensorflow/core/common_runtime/gpu/pool_allocator.cc:247] PoolAllocator: After 325504698 get requests, put_count=325504704 evicted_count=323000 eviction_rate=0.000992305 and unsatisfied allocation rate=0.000992345
I tensorflow/core/common_runtime/gpu/pool_allocator.cc:247] PoolAllocator: After 335656525 get requests, put_count=335656531 evicted_count=333000 eviction_rate=0.000992086 and unsatisfied allocation rate=0.000992124
I tensorflow/core/common_runtime/gpu/pool_allocator.cc:247] PoolAllocator: After 345775930 get requests, put_count=345775936 evicted_count=343000 eviction_rate=0.000991972 and unsatisfied allocation rate=0.000992009
I tensorflow/core/common_runtime/gpu/pool_allocator.cc:247] PoolAllocator: After 355911546 get requests, put_count=355911552 evicted_count=353000 eviction_rate=0.000991819 and unsatisfied allocation rate=0.000991856
I tensorflow/core/common_runtime/gpu/pool_allocator.cc:247] PoolAllocator: After 365836419 get requests, put_count=365836425 evicted_count=363000 eviction_rate=0.000992247 and unsatisfied allocation rate=0.000992282
I tensorflow/core/common_runtime/gpu/pool_allocator.cc:247] PoolAllocator: After 375851076 get requests, put_count=375851082 evicted_count=373000 eviction_rate=0.000992414 and unsatisfied allocation rate=0.000992449
I tensorflow/core/common_runtime/gpu/pool_allocator.cc:247] PoolAllocator: After 386137867 get requests, put_count=386137873 evicted_count=383000 eviction_rate=0.000991874 and unsatisfied allocation rate=0.000991907
I tensorflow/core/common_runtime/gpu/pool_allocator.cc:247] PoolAllocator: After 396581492 get requests, put_count=396581498 evicted_count=393000 eviction_rate=0.000990969 and unsatisfied allocation rate=0.000991002
