04/18/17 18:09:53 ******************************************************
04/18/17 18:09:53 ** condor_scheduniv_exec.859.0 (CONDOR_DAGMAN) STARTING UP
04/18/17 18:09:53 ** /usr/bin/condor_dagman
04/18/17 18:09:53 ** SubsystemInfo: name=DAGMAN type=DAGMAN(10) class=DAEMON(1)
04/18/17 18:09:53 ** Configuration: subsystem:DAGMAN local:<NONE> class:DAEMON
04/18/17 18:09:53 ** $CondorVersion: 8.6.1 Mar 01 2017 BuildID: 398585 $
04/18/17 18:09:53 ** $CondorPlatform: x86_64_RedHat7 $
04/18/17 18:09:53 ** PID = 31569
04/18/17 18:09:53 ** Log last touched time unavailable (No such file or directory)
04/18/17 18:09:53 ******************************************************
04/18/17 18:09:53 Using config source: /etc/condor/condor_config
04/18/17 18:09:53 Using local config sources: 
04/18/17 18:09:53    /etc/condor/config.d/00esat.config
04/18/17 18:09:53    /etc/condor/config.d/01java.config
04/18/17 18:09:53    /etc/condor/config.d/80optout_users.config
04/18/17 18:09:53    /etc/condor/condor_config.local
04/18/17 18:09:53 config Macros = 166, Sorted = 166, StringBytes = 6027, TablesBytes = 6048
04/18/17 18:09:53 CLASSAD_CACHING is ENABLED
04/18/17 18:09:53 Daemon Log is logging: D_ALWAYS D_ERROR
04/18/17 18:09:53 DaemonCore: No command port requested.
04/18/17 18:09:53 DAGMAN_USE_STRICT setting: 1
04/18/17 18:09:53 DAGMAN_VERBOSITY setting: 3
04/18/17 18:09:53 DAGMAN_DEBUG_CACHE_SIZE setting: 5242880
04/18/17 18:09:53 DAGMAN_DEBUG_CACHE_ENABLE setting: False
04/18/17 18:09:53 DAGMAN_SUBMIT_DELAY setting: 0
04/18/17 18:09:53 DAGMAN_MAX_SUBMIT_ATTEMPTS setting: 6
04/18/17 18:09:53 DAGMAN_STARTUP_CYCLE_DETECT setting: False
04/18/17 18:09:53 DAGMAN_MAX_SUBMITS_PER_INTERVAL setting: 5
04/18/17 18:09:53 DAGMAN_USER_LOG_SCAN_INTERVAL setting: 5
04/18/17 18:09:53 DAGMAN_DEFAULT_PRIORITY setting: 0
04/18/17 18:09:53 DAGMAN_SUPPRESS_NOTIFICATION setting: True
04/18/17 18:09:53 allow_events (DAGMAN_ALLOW_EVENTS) setting: 114
04/18/17 18:09:53 DAGMAN_RETRY_SUBMIT_FIRST setting: True
04/18/17 18:09:53 DAGMAN_RETRY_NODE_FIRST setting: False
04/18/17 18:09:53 DAGMAN_MAX_JOBS_IDLE setting: 1000
04/18/17 18:09:53 DAGMAN_MAX_JOBS_SUBMITTED setting: 0
04/18/17 18:09:53 DAGMAN_MAX_PRE_SCRIPTS setting: 20
04/18/17 18:09:53 DAGMAN_MAX_POST_SCRIPTS setting: 20
04/18/17 18:09:53 DAGMAN_MUNGE_NODE_NAMES setting: True
04/18/17 18:09:53 DAGMAN_PROHIBIT_MULTI_JOBS setting: False
04/18/17 18:09:53 DAGMAN_SUBMIT_DEPTH_FIRST setting: False
04/18/17 18:09:53 DAGMAN_ALWAYS_RUN_POST setting: False
04/18/17 18:09:53 DAGMAN_ABORT_DUPLICATES setting: True
04/18/17 18:09:53 DAGMAN_ABORT_ON_SCARY_SUBMIT setting: True
04/18/17 18:09:53 DAGMAN_PENDING_REPORT_INTERVAL setting: 600
04/18/17 18:09:53 DAGMAN_AUTO_RESCUE setting: True
04/18/17 18:09:53 DAGMAN_MAX_RESCUE_NUM setting: 100
04/18/17 18:09:53 DAGMAN_WRITE_PARTIAL_RESCUE setting: True
04/18/17 18:09:53 DAGMAN_DEFAULT_NODE_LOG setting: @(DAG_DIR)/@(DAG_FILE).nodes.log
04/18/17 18:09:53 DAGMAN_GENERATE_SUBDAG_SUBMITS setting: True
04/18/17 18:09:53 DAGMAN_MAX_JOB_HOLDS setting: 100
04/18/17 18:09:53 DAGMAN_HOLD_CLAIM_TIME setting: 20
04/18/17 18:09:53 ALL_DEBUG setting: 
04/18/17 18:09:53 DAGMAN_DEBUG setting: 
04/18/17 18:09:53 DAGMAN_SUPPRESS_JOB_LOGS setting: False
04/18/17 18:09:53 DAGMAN_REMOVE_NODE_JOBS setting: True
04/18/17 18:09:53 argv[0] == "condor_scheduniv_exec.859.0"
04/18/17 18:09:53 argv[1] == "-Lockfile"
04/18/17 18:09:53 argv[2] == "ds_cbow_mean_lstm.dag.lock"
04/18/17 18:09:53 argv[3] == "-AutoRescue"
04/18/17 18:09:53 argv[4] == "1"
04/18/17 18:09:53 argv[5] == "-DoRescueFrom"
04/18/17 18:09:53 argv[6] == "0"
04/18/17 18:09:53 argv[7] == "-Dag"
04/18/17 18:09:53 argv[8] == "ds_cbow_mean_lstm.dag"
04/18/17 18:09:53 argv[9] == "-Suppress_notification"
04/18/17 18:09:53 argv[10] == "-CsdVersion"
04/18/17 18:09:53 argv[11] == "$CondorVersion: 8.6.1 Mar 01 2017 BuildID: 398585 $"
04/18/17 18:09:53 argv[12] == "-Dagman"
04/18/17 18:09:53 argv[13] == "/usr/bin/condor_dagman"
04/18/17 18:09:53 Workflow batch-name: <ds_cbow_mean_lstm.dag+859>
04/18/17 18:09:53 Workflow accounting_group: <>
04/18/17 18:09:53 Workflow accounting_group_user: <>
04/18/17 18:09:53 Warning: failed to get attribute DAGNodeName
04/18/17 18:09:53 DAGMAN_LOG_ON_NFS_IS_ERROR setting: False
04/18/17 18:09:53 Default node log file is: </esat/spchtemp/scratch/robbe/SpeechHub/untied_models_smaller/python/jobdag/./ds_cbow_mean_lstm.dag.nodes.log>
04/18/17 18:09:53 DAG Lockfile will be written to ds_cbow_mean_lstm.dag.lock
04/18/17 18:09:53 DAG Input file is ds_cbow_mean_lstm.dag
04/18/17 18:09:53 Parsing 1 dagfiles
04/18/17 18:09:53 Parsing ds_cbow_mean_lstm.dag ...
04/18/17 18:09:53 Dag contains 2 total jobs
04/18/17 18:09:53 Sleeping for 3 seconds to ensure ProcessId uniqueness
04/18/17 18:09:56 Bootstrapping...
04/18/17 18:09:56 Number of pre-completed nodes: 0
04/18/17 18:09:56 MultiLogFiles: truncating log file /esat/spchtemp/scratch/robbe/SpeechHub/untied_models_smaller/python/jobdag/./ds_cbow_mean_lstm.dag.nodes.log
04/18/17 18:09:56 DAG status: 0 (DAG_STATUS_OK)
04/18/17 18:09:56 Of 2 nodes total:
04/18/17 18:09:56  Done     Pre   Queued    Post   Ready   Un-Ready   Failed
04/18/17 18:09:56   ===     ===      ===     ===     ===        ===      ===
04/18/17 18:09:56     0       0        0       0       1          1        0
04/18/17 18:09:56 0 job proc(s) currently held
04/18/17 18:09:56 Registering condor_event_timer...
04/18/17 18:09:57 Submitting HTCondor Node cbow_mean_lstm job(s)...
04/18/17 18:09:57 Adding a DAGMan workflow log /esat/spchtemp/scratch/robbe/SpeechHub/untied_models_smaller/python/jobdag/./ds_cbow_mean_lstm.dag.nodes.log
04/18/17 18:09:57 Masking the events recorded in the DAGMAN workflow log
04/18/17 18:09:57 Mask for workflow log is 0,1,2,4,5,7,9,10,11,12,13,16,17,24,27
04/18/17 18:09:57 submitting: /usr/bin/condor_submit -a dag_node_name' '=' 'cbow_mean_lstm -a +DAGManJobId' '=' '859 -a DAGManJobId' '=' '859 -batch-name ds_cbow_mean_lstm.dag+859 -a submit_event_notes' '=' 'DAG' 'Node:' 'cbow_mean_lstm -a dagman_log' '=' '/esat/spchtemp/scratch/robbe/SpeechHub/untied_models_smaller/python/jobdag/./ds_cbow_mean_lstm.dag.nodes.log -a +DAGManNodesMask' '=' '"0,1,2,4,5,7,9,10,11,12,13,16,17,24,27" -a data_set' '=' 'ds -a test_name' '=' 'cbow_mean_lstm -a num_run' '=' '0 -a combination' '=' 'mean -a DAG_STATUS' '=' '0 -a FAILED_COUNT' '=' '0 -a +KeepClaimIdle' '=' '20 -a notification' '=' 'never -a +DAGParentNodeNames' '=' '"" jobdag/cbow_lstm.job
04/18/17 18:09:57 From submit: Submitting job(s).
04/18/17 18:09:57 From submit: 1 job(s) submitted to cluster 860.
04/18/17 18:09:57 	assigned HTCondor ID (860.0.0)
04/18/17 18:09:57 Just submitted 1 job this cycle...
04/18/17 18:09:57 Currently monitoring 1 HTCondor log file(s)
04/18/17 18:09:57 Reassigning the id of job cbow_mean_lstm from (860.0.0) to (860.0.0)
04/18/17 18:09:57 Event: ULOG_SUBMIT for HTCondor Node cbow_mean_lstm (860.0.0) {04/18/17 18:09:57}
04/18/17 18:09:57 Number of idle job procs: 1
04/18/17 18:09:57 DAG status: 0 (DAG_STATUS_OK)
04/18/17 18:09:57 Of 2 nodes total:
04/18/17 18:09:57  Done     Pre   Queued    Post   Ready   Un-Ready   Failed
04/18/17 18:09:57   ===     ===      ===     ===     ===        ===      ===
04/18/17 18:09:57     0       0        1       0       0          1        0
04/18/17 18:09:57 0 job proc(s) currently held
04/18/17 18:20:00 603 seconds since last log event
04/18/17 18:20:00 Pending DAG nodes:
04/18/17 18:20:00   Node cbow_mean_lstm, HTCondor ID 860, status STATUS_SUBMITTED
04/18/17 18:29:27 Currently monitoring 1 HTCondor log file(s)
04/18/17 18:29:27 Event: ULOG_EXECUTE for HTCondor Node cbow_mean_lstm (860.0.0) {04/18/17 18:29:25}
04/18/17 18:29:27 Number of idle job procs: 0
04/18/17 18:39:30 603 seconds since last log event
04/18/17 18:39:30 Pending DAG nodes:
04/18/17 18:39:30   Node cbow_mean_lstm, HTCondor ID 860, status STATUS_SUBMITTED
04/18/17 18:49:33 1206 seconds since last log event
04/18/17 18:49:33 Pending DAG nodes:
04/18/17 18:49:33   Node cbow_mean_lstm, HTCondor ID 860, status STATUS_SUBMITTED
04/18/17 18:59:35 1808 seconds since last log event
04/18/17 18:59:35 Pending DAG nodes:
04/18/17 18:59:35   Node cbow_mean_lstm, HTCondor ID 860, status STATUS_SUBMITTED
04/18/17 19:09:37 2410 seconds since last log event
04/18/17 19:09:37 Pending DAG nodes:
04/18/17 19:09:37   Node cbow_mean_lstm, HTCondor ID 860, status STATUS_SUBMITTED
04/18/17 19:19:39 3012 seconds since last log event
04/18/17 19:19:39 Pending DAG nodes:
04/18/17 19:19:39   Node cbow_mean_lstm, HTCondor ID 860, status STATUS_SUBMITTED
04/18/17 19:29:42 3615 seconds since last log event
04/18/17 19:29:42 Pending DAG nodes:
04/18/17 19:29:42   Node cbow_mean_lstm, HTCondor ID 860, status STATUS_SUBMITTED
04/18/17 19:39:45 4218 seconds since last log event
04/18/17 19:39:45 Pending DAG nodes:
04/18/17 19:39:45   Node cbow_mean_lstm, HTCondor ID 860, status STATUS_SUBMITTED
04/18/17 19:49:47 4820 seconds since last log event
04/18/17 19:49:47 Pending DAG nodes:
04/18/17 19:49:47   Node cbow_mean_lstm, HTCondor ID 860, status STATUS_SUBMITTED
04/18/17 19:59:50 5423 seconds since last log event
04/18/17 19:59:50 Pending DAG nodes:
04/18/17 19:59:50   Node cbow_mean_lstm, HTCondor ID 860, status STATUS_SUBMITTED
04/18/17 20:09:51 6024 seconds since last log event
04/18/17 20:09:51 Pending DAG nodes:
04/18/17 20:09:51   Node cbow_mean_lstm, HTCondor ID 860, status STATUS_SUBMITTED
04/18/17 20:19:53 6626 seconds since last log event
04/18/17 20:19:53 Pending DAG nodes:
04/18/17 20:19:53   Node cbow_mean_lstm, HTCondor ID 860, status STATUS_SUBMITTED
04/18/17 20:29:54 7227 seconds since last log event
04/18/17 20:29:54 Pending DAG nodes:
04/18/17 20:29:54   Node cbow_mean_lstm, HTCondor ID 860, status STATUS_SUBMITTED
04/18/17 20:39:55 7828 seconds since last log event
04/18/17 20:39:55 Pending DAG nodes:
04/18/17 20:39:55   Node cbow_mean_lstm, HTCondor ID 860, status STATUS_SUBMITTED
04/18/17 20:49:55 8428 seconds since last log event
04/18/17 20:49:55 Pending DAG nodes:
04/18/17 20:49:55   Node cbow_mean_lstm, HTCondor ID 860, status STATUS_SUBMITTED
04/18/17 20:59:58 9031 seconds since last log event
04/18/17 20:59:58 Pending DAG nodes:
04/18/17 20:59:58   Node cbow_mean_lstm, HTCondor ID 860, status STATUS_SUBMITTED
04/18/17 21:10:00 9633 seconds since last log event
04/18/17 21:10:00 Pending DAG nodes:
04/18/17 21:10:00   Node cbow_mean_lstm, HTCondor ID 860, status STATUS_SUBMITTED
04/18/17 21:20:03 10236 seconds since last log event
04/18/17 21:20:03 Pending DAG nodes:
04/18/17 21:20:03   Node cbow_mean_lstm, HTCondor ID 860, status STATUS_SUBMITTED
04/18/17 21:30:05 10838 seconds since last log event
04/18/17 21:30:05 Pending DAG nodes:
04/18/17 21:30:05   Node cbow_mean_lstm, HTCondor ID 860, status STATUS_SUBMITTED
04/18/17 21:40:07 11440 seconds since last log event
04/18/17 21:40:07 Pending DAG nodes:
04/18/17 21:40:07   Node cbow_mean_lstm, HTCondor ID 860, status STATUS_SUBMITTED
04/18/17 21:50:10 12043 seconds since last log event
04/18/17 21:50:10 Pending DAG nodes:
04/18/17 21:50:10   Node cbow_mean_lstm, HTCondor ID 860, status STATUS_SUBMITTED
04/18/17 22:00:12 12645 seconds since last log event
04/18/17 22:00:12 Pending DAG nodes:
04/18/17 22:00:12   Node cbow_mean_lstm, HTCondor ID 860, status STATUS_SUBMITTED
04/18/17 22:01:12 Currently monitoring 1 HTCondor log file(s)
04/18/17 22:01:12 Event: ULOG_JOB_SUSPENDED for HTCondor Node cbow_mean_lstm (860.0.0) {04/18/17 22:01:10}
04/18/17 22:01:12 Number of idle job procs: 1
04/18/17 22:06:29 Currently monitoring 1 HTCondor log file(s)
04/18/17 22:06:29 Event: ULOG_JOB_UNSUSPENDED for HTCondor Node cbow_mean_lstm (860.0.0) {04/18/17 22:06:25}
04/18/17 22:06:29 Number of idle job procs: 0
04/18/17 22:16:32 603 seconds since last log event
04/18/17 22:16:32 Pending DAG nodes:
04/18/17 22:16:32   Node cbow_mean_lstm, HTCondor ID 860, status STATUS_SUBMITTED
04/18/17 22:17:22 Currently monitoring 1 HTCondor log file(s)
04/18/17 22:17:22 Event: ULOG_JOB_SUSPENDED for HTCondor Node cbow_mean_lstm (860.0.0) {04/18/17 22:17:21}
04/18/17 22:17:22 Number of idle job procs: 1
04/18/17 22:27:23 601 seconds since last log event
04/18/17 22:27:23 Pending DAG nodes:
04/18/17 22:27:23   Node cbow_mean_lstm, HTCondor ID 860, status STATUS_SUBMITTED
04/18/17 22:32:30 Currently monitoring 1 HTCondor log file(s)
04/18/17 22:32:30 Event: ULOG_JOB_UNSUSPENDED for HTCondor Node cbow_mean_lstm (860.0.0) {04/18/17 22:32:26}
04/18/17 22:32:30 Number of idle job procs: 0
04/18/17 22:32:30 Event: ULOG_JOB_EVICTED for HTCondor Node cbow_mean_lstm (860.0.0) {04/18/17 22:32:27}
04/18/17 22:32:30 Number of idle job procs: 1
04/18/17 22:40:12 Currently monitoring 1 HTCondor log file(s)
04/18/17 22:40:12 Event: ULOG_EXECUTE for HTCondor Node cbow_mean_lstm (860.0.0) {04/18/17 22:40:09}
04/18/17 22:40:12 Number of idle job procs: 0
04/18/17 22:50:15 603 seconds since last log event
04/18/17 22:50:15 Pending DAG nodes:
04/18/17 22:50:15   Node cbow_mean_lstm, HTCondor ID 860, status STATUS_SUBMITTED
04/18/17 23:00:17 1205 seconds since last log event
04/18/17 23:00:17 Pending DAG nodes:
04/18/17 23:00:17   Node cbow_mean_lstm, HTCondor ID 860, status STATUS_SUBMITTED
04/18/17 23:10:18 1806 seconds since last log event
04/18/17 23:10:18 Pending DAG nodes:
04/18/17 23:10:18   Node cbow_mean_lstm, HTCondor ID 860, status STATUS_SUBMITTED
04/18/17 23:20:20 2408 seconds since last log event
04/18/17 23:20:20 Pending DAG nodes:
04/18/17 23:20:20   Node cbow_mean_lstm, HTCondor ID 860, status STATUS_SUBMITTED
04/18/17 23:30:22 3010 seconds since last log event
04/18/17 23:30:22 Pending DAG nodes:
04/18/17 23:30:22   Node cbow_mean_lstm, HTCondor ID 860, status STATUS_SUBMITTED
04/18/17 23:40:24 3612 seconds since last log event
04/18/17 23:40:24 Pending DAG nodes:
04/18/17 23:40:24   Node cbow_mean_lstm, HTCondor ID 860, status STATUS_SUBMITTED
04/18/17 23:50:27 4215 seconds since last log event
04/18/17 23:50:27 Pending DAG nodes:
04/18/17 23:50:27   Node cbow_mean_lstm, HTCondor ID 860, status STATUS_SUBMITTED
04/19/17 00:00:29 4817 seconds since last log event
04/19/17 00:00:29 Pending DAG nodes:
04/19/17 00:00:29   Node cbow_mean_lstm, HTCondor ID 860, status STATUS_SUBMITTED
04/19/17 00:10:31 5419 seconds since last log event
04/19/17 00:10:31 Pending DAG nodes:
04/19/17 00:10:31   Node cbow_mean_lstm, HTCondor ID 860, status STATUS_SUBMITTED
04/19/17 00:20:32 6020 seconds since last log event
04/19/17 00:20:32 Pending DAG nodes:
04/19/17 00:20:32   Node cbow_mean_lstm, HTCondor ID 860, status STATUS_SUBMITTED
04/19/17 00:30:34 6622 seconds since last log event
04/19/17 00:30:34 Pending DAG nodes:
04/19/17 00:30:34   Node cbow_mean_lstm, HTCondor ID 860, status STATUS_SUBMITTED
04/19/17 00:40:36 7224 seconds since last log event
04/19/17 00:40:36 Pending DAG nodes:
04/19/17 00:40:36   Node cbow_mean_lstm, HTCondor ID 860, status STATUS_SUBMITTED
04/19/17 00:41:26 Currently monitoring 1 HTCondor log file(s)
04/19/17 00:41:26 Event: ULOG_JOB_SUSPENDED for HTCondor Node cbow_mean_lstm (860.0.0) {04/19/17 00:41:23}
04/19/17 00:41:26 Number of idle job procs: 1
04/19/17 00:51:28 602 seconds since last log event
04/19/17 00:51:28 Pending DAG nodes:
04/19/17 00:51:28   Node cbow_mean_lstm, HTCondor ID 860, status STATUS_SUBMITTED
04/19/17 00:53:49 Currently monitoring 1 HTCondor log file(s)
04/19/17 00:53:49 Event: ULOG_JOB_UNSUSPENDED for HTCondor Node cbow_mean_lstm (860.0.0) {04/19/17 00:53:44}
04/19/17 00:53:49 Number of idle job procs: 0
04/19/17 01:03:51 602 seconds since last log event
04/19/17 01:03:51 Pending DAG nodes:
04/19/17 01:03:51   Node cbow_mean_lstm, HTCondor ID 860, status STATUS_SUBMITTED
04/19/17 01:13:54 1205 seconds since last log event
04/19/17 01:13:54 Pending DAG nodes:
04/19/17 01:13:54   Node cbow_mean_lstm, HTCondor ID 860, status STATUS_SUBMITTED
04/19/17 01:23:56 1807 seconds since last log event
04/19/17 01:23:56 Pending DAG nodes:
04/19/17 01:23:56   Node cbow_mean_lstm, HTCondor ID 860, status STATUS_SUBMITTED
04/19/17 01:33:59 2410 seconds since last log event
04/19/17 01:33:59 Pending DAG nodes:
04/19/17 01:33:59   Node cbow_mean_lstm, HTCondor ID 860, status STATUS_SUBMITTED
04/19/17 01:44:02 3013 seconds since last log event
04/19/17 01:44:02 Pending DAG nodes:
04/19/17 01:44:02   Node cbow_mean_lstm, HTCondor ID 860, status STATUS_SUBMITTED
04/19/17 01:54:04 3615 seconds since last log event
04/19/17 01:54:04 Pending DAG nodes:
04/19/17 01:54:04   Node cbow_mean_lstm, HTCondor ID 860, status STATUS_SUBMITTED
04/19/17 02:04:05 4216 seconds since last log event
04/19/17 02:04:05 Pending DAG nodes:
04/19/17 02:04:05   Node cbow_mean_lstm, HTCondor ID 860, status STATUS_SUBMITTED
04/19/17 02:14:08 4819 seconds since last log event
04/19/17 02:14:08 Pending DAG nodes:
04/19/17 02:14:08   Node cbow_mean_lstm, HTCondor ID 860, status STATUS_SUBMITTED
04/19/17 02:24:10 5421 seconds since last log event
04/19/17 02:24:10 Pending DAG nodes:
04/19/17 02:24:10   Node cbow_mean_lstm, HTCondor ID 860, status STATUS_SUBMITTED
04/19/17 02:34:11 6022 seconds since last log event
04/19/17 02:34:11 Pending DAG nodes:
04/19/17 02:34:11   Node cbow_mean_lstm, HTCondor ID 860, status STATUS_SUBMITTED
04/19/17 02:44:14 6625 seconds since last log event
04/19/17 02:44:14 Pending DAG nodes:
04/19/17 02:44:14   Node cbow_mean_lstm, HTCondor ID 860, status STATUS_SUBMITTED
04/19/17 02:54:16 7227 seconds since last log event
04/19/17 02:54:16 Pending DAG nodes:
04/19/17 02:54:16   Node cbow_mean_lstm, HTCondor ID 860, status STATUS_SUBMITTED
04/19/17 03:04:18 7829 seconds since last log event
04/19/17 03:04:18 Pending DAG nodes:
04/19/17 03:04:18   Node cbow_mean_lstm, HTCondor ID 860, status STATUS_SUBMITTED
04/19/17 03:14:20 8431 seconds since last log event
04/19/17 03:14:20 Pending DAG nodes:
04/19/17 03:14:20   Node cbow_mean_lstm, HTCondor ID 860, status STATUS_SUBMITTED
04/19/17 03:24:23 9034 seconds since last log event
04/19/17 03:24:23 Pending DAG nodes:
04/19/17 03:24:23   Node cbow_mean_lstm, HTCondor ID 860, status STATUS_SUBMITTED
04/19/17 03:34:25 9636 seconds since last log event
04/19/17 03:34:25 Pending DAG nodes:
04/19/17 03:34:25   Node cbow_mean_lstm, HTCondor ID 860, status STATUS_SUBMITTED
04/19/17 03:44:27 10238 seconds since last log event
04/19/17 03:44:27 Pending DAG nodes:
04/19/17 03:44:27   Node cbow_mean_lstm, HTCondor ID 860, status STATUS_SUBMITTED
04/19/17 03:54:28 10839 seconds since last log event
04/19/17 03:54:28 Pending DAG nodes:
04/19/17 03:54:28   Node cbow_mean_lstm, HTCondor ID 860, status STATUS_SUBMITTED
04/19/17 04:04:29 11440 seconds since last log event
04/19/17 04:04:29 Pending DAG nodes:
04/19/17 04:04:29   Node cbow_mean_lstm, HTCondor ID 860, status STATUS_SUBMITTED
04/19/17 04:14:32 12043 seconds since last log event
04/19/17 04:14:32 Pending DAG nodes:
04/19/17 04:14:32   Node cbow_mean_lstm, HTCondor ID 860, status STATUS_SUBMITTED
04/19/17 04:24:34 12645 seconds since last log event
04/19/17 04:24:34 Pending DAG nodes:
04/19/17 04:24:34   Node cbow_mean_lstm, HTCondor ID 860, status STATUS_SUBMITTED
04/19/17 04:34:37 13248 seconds since last log event
04/19/17 04:34:37 Pending DAG nodes:
04/19/17 04:34:37   Node cbow_mean_lstm, HTCondor ID 860, status STATUS_SUBMITTED
04/19/17 04:44:39 13850 seconds since last log event
04/19/17 04:44:39 Pending DAG nodes:
04/19/17 04:44:39   Node cbow_mean_lstm, HTCondor ID 860, status STATUS_SUBMITTED
04/19/17 04:54:40 14451 seconds since last log event
04/19/17 04:54:40 Pending DAG nodes:
04/19/17 04:54:40   Node cbow_mean_lstm, HTCondor ID 860, status STATUS_SUBMITTED
04/19/17 05:04:42 15053 seconds since last log event
04/19/17 05:04:42 Pending DAG nodes:
04/19/17 05:04:42   Node cbow_mean_lstm, HTCondor ID 860, status STATUS_SUBMITTED
04/19/17 05:14:45 15656 seconds since last log event
04/19/17 05:14:45 Pending DAG nodes:
04/19/17 05:14:45   Node cbow_mean_lstm, HTCondor ID 860, status STATUS_SUBMITTED
04/19/17 05:24:47 16258 seconds since last log event
04/19/17 05:24:47 Pending DAG nodes:
04/19/17 05:24:47   Node cbow_mean_lstm, HTCondor ID 860, status STATUS_SUBMITTED
04/19/17 05:34:49 16860 seconds since last log event
04/19/17 05:34:49 Pending DAG nodes:
04/19/17 05:34:49   Node cbow_mean_lstm, HTCondor ID 860, status STATUS_SUBMITTED
04/19/17 05:44:52 17463 seconds since last log event
04/19/17 05:44:52 Pending DAG nodes:
04/19/17 05:44:52   Node cbow_mean_lstm, HTCondor ID 860, status STATUS_SUBMITTED
04/19/17 05:54:54 18065 seconds since last log event
04/19/17 05:54:54 Pending DAG nodes:
04/19/17 05:54:54   Node cbow_mean_lstm, HTCondor ID 860, status STATUS_SUBMITTED
04/19/17 06:04:56 18667 seconds since last log event
04/19/17 06:04:56 Pending DAG nodes:
04/19/17 06:04:56   Node cbow_mean_lstm, HTCondor ID 860, status STATUS_SUBMITTED
04/19/17 06:14:58 19269 seconds since last log event
04/19/17 06:14:58 Pending DAG nodes:
04/19/17 06:14:58   Node cbow_mean_lstm, HTCondor ID 860, status STATUS_SUBMITTED
04/19/17 06:25:00 19871 seconds since last log event
04/19/17 06:25:00 Pending DAG nodes:
04/19/17 06:25:00   Node cbow_mean_lstm, HTCondor ID 860, status STATUS_SUBMITTED
04/19/17 06:35:02 20473 seconds since last log event
04/19/17 06:35:02 Pending DAG nodes:
04/19/17 06:35:02   Node cbow_mean_lstm, HTCondor ID 860, status STATUS_SUBMITTED
04/19/17 06:45:05 21076 seconds since last log event
04/19/17 06:45:05 Pending DAG nodes:
04/19/17 06:45:05   Node cbow_mean_lstm, HTCondor ID 860, status STATUS_SUBMITTED
04/19/17 06:55:07 21678 seconds since last log event
04/19/17 06:55:07 Pending DAG nodes:
04/19/17 06:55:07   Node cbow_mean_lstm, HTCondor ID 860, status STATUS_SUBMITTED
04/19/17 07:05:09 22280 seconds since last log event
04/19/17 07:05:09 Pending DAG nodes:
04/19/17 07:05:09   Node cbow_mean_lstm, HTCondor ID 860, status STATUS_SUBMITTED
04/19/17 07:15:12 22883 seconds since last log event
04/19/17 07:15:12 Pending DAG nodes:
04/19/17 07:15:12   Node cbow_mean_lstm, HTCondor ID 860, status STATUS_SUBMITTED
04/19/17 07:25:13 23484 seconds since last log event
04/19/17 07:25:13 Pending DAG nodes:
04/19/17 07:25:13   Node cbow_mean_lstm, HTCondor ID 860, status STATUS_SUBMITTED
04/19/17 07:35:15 24086 seconds since last log event
04/19/17 07:35:15 Pending DAG nodes:
04/19/17 07:35:15   Node cbow_mean_lstm, HTCondor ID 860, status STATUS_SUBMITTED
04/19/17 07:45:17 24688 seconds since last log event
04/19/17 07:45:17 Pending DAG nodes:
04/19/17 07:45:17   Node cbow_mean_lstm, HTCondor ID 860, status STATUS_SUBMITTED
04/19/17 07:55:18 25289 seconds since last log event
04/19/17 07:55:18 Pending DAG nodes:
04/19/17 07:55:18   Node cbow_mean_lstm, HTCondor ID 860, status STATUS_SUBMITTED
04/19/17 08:05:20 25891 seconds since last log event
04/19/17 08:05:20 Pending DAG nodes:
04/19/17 08:05:20   Node cbow_mean_lstm, HTCondor ID 860, status STATUS_SUBMITTED
04/19/17 08:15:22 26493 seconds since last log event
04/19/17 08:15:22 Pending DAG nodes:
04/19/17 08:15:22   Node cbow_mean_lstm, HTCondor ID 860, status STATUS_SUBMITTED
04/19/17 08:25:24 27095 seconds since last log event
04/19/17 08:25:24 Pending DAG nodes:
04/19/17 08:25:24   Node cbow_mean_lstm, HTCondor ID 860, status STATUS_SUBMITTED
04/19/17 08:35:25 27696 seconds since last log event
04/19/17 08:35:25 Pending DAG nodes:
04/19/17 08:35:25   Node cbow_mean_lstm, HTCondor ID 860, status STATUS_SUBMITTED
04/19/17 08:45:27 28298 seconds since last log event
04/19/17 08:45:27 Pending DAG nodes:
04/19/17 08:45:27   Node cbow_mean_lstm, HTCondor ID 860, status STATUS_SUBMITTED
04/19/17 08:55:29 28900 seconds since last log event
04/19/17 08:55:29 Pending DAG nodes:
04/19/17 08:55:29   Node cbow_mean_lstm, HTCondor ID 860, status STATUS_SUBMITTED
04/19/17 09:05:31 29502 seconds since last log event
04/19/17 09:05:31 Pending DAG nodes:
04/19/17 09:05:31   Node cbow_mean_lstm, HTCondor ID 860, status STATUS_SUBMITTED
04/19/17 09:15:33 30104 seconds since last log event
04/19/17 09:15:33 Pending DAG nodes:
04/19/17 09:15:33   Node cbow_mean_lstm, HTCondor ID 860, status STATUS_SUBMITTED
04/19/17 09:25:35 30706 seconds since last log event
04/19/17 09:25:35 Pending DAG nodes:
04/19/17 09:25:35   Node cbow_mean_lstm, HTCondor ID 860, status STATUS_SUBMITTED
04/19/17 09:35:38 31309 seconds since last log event
04/19/17 09:35:38 Pending DAG nodes:
04/19/17 09:35:38   Node cbow_mean_lstm, HTCondor ID 860, status STATUS_SUBMITTED
04/19/17 09:45:40 31911 seconds since last log event
04/19/17 09:45:40 Pending DAG nodes:
04/19/17 09:45:40   Node cbow_mean_lstm, HTCondor ID 860, status STATUS_SUBMITTED
04/19/17 09:55:41 32512 seconds since last log event
04/19/17 09:55:41 Pending DAG nodes:
04/19/17 09:55:41   Node cbow_mean_lstm, HTCondor ID 860, status STATUS_SUBMITTED
04/19/17 10:05:43 33114 seconds since last log event
04/19/17 10:05:43 Pending DAG nodes:
04/19/17 10:05:43   Node cbow_mean_lstm, HTCondor ID 860, status STATUS_SUBMITTED
04/19/17 10:15:45 33716 seconds since last log event
04/19/17 10:15:45 Pending DAG nodes:
04/19/17 10:15:45   Node cbow_mean_lstm, HTCondor ID 860, status STATUS_SUBMITTED
04/19/17 10:25:47 34318 seconds since last log event
04/19/17 10:25:47 Pending DAG nodes:
04/19/17 10:25:47   Node cbow_mean_lstm, HTCondor ID 860, status STATUS_SUBMITTED
04/19/17 10:35:48 34919 seconds since last log event
04/19/17 10:35:48 Pending DAG nodes:
04/19/17 10:35:48   Node cbow_mean_lstm, HTCondor ID 860, status STATUS_SUBMITTED
04/19/17 10:45:51 35522 seconds since last log event
04/19/17 10:45:51 Pending DAG nodes:
04/19/17 10:45:51   Node cbow_mean_lstm, HTCondor ID 860, status STATUS_SUBMITTED
04/19/17 10:55:53 36124 seconds since last log event
04/19/17 10:55:53 Pending DAG nodes:
04/19/17 10:55:53   Node cbow_mean_lstm, HTCondor ID 860, status STATUS_SUBMITTED
04/19/17 11:05:56 36727 seconds since last log event
04/19/17 11:05:56 Pending DAG nodes:
04/19/17 11:05:56   Node cbow_mean_lstm, HTCondor ID 860, status STATUS_SUBMITTED
04/19/17 11:15:59 37330 seconds since last log event
04/19/17 11:15:59 Pending DAG nodes:
04/19/17 11:15:59   Node cbow_mean_lstm, HTCondor ID 860, status STATUS_SUBMITTED
04/19/17 11:26:01 37932 seconds since last log event
04/19/17 11:26:01 Pending DAG nodes:
04/19/17 11:26:01   Node cbow_mean_lstm, HTCondor ID 860, status STATUS_SUBMITTED
04/19/17 11:36:04 38535 seconds since last log event
04/19/17 11:36:04 Pending DAG nodes:
04/19/17 11:36:04   Node cbow_mean_lstm, HTCondor ID 860, status STATUS_SUBMITTED
04/19/17 11:46:06 39137 seconds since last log event
04/19/17 11:46:06 Pending DAG nodes:
04/19/17 11:46:06   Node cbow_mean_lstm, HTCondor ID 860, status STATUS_SUBMITTED
04/19/17 11:56:09 39740 seconds since last log event
04/19/17 11:56:09 Pending DAG nodes:
04/19/17 11:56:09   Node cbow_mean_lstm, HTCondor ID 860, status STATUS_SUBMITTED
04/19/17 12:06:11 40342 seconds since last log event
04/19/17 12:06:11 Pending DAG nodes:
04/19/17 12:06:11   Node cbow_mean_lstm, HTCondor ID 860, status STATUS_SUBMITTED
04/19/17 12:16:14 40945 seconds since last log event
04/19/17 12:16:14 Pending DAG nodes:
04/19/17 12:16:14   Node cbow_mean_lstm, HTCondor ID 860, status STATUS_SUBMITTED
04/19/17 12:26:17 41548 seconds since last log event
04/19/17 12:26:17 Pending DAG nodes:
04/19/17 12:26:17   Node cbow_mean_lstm, HTCondor ID 860, status STATUS_SUBMITTED
04/19/17 12:36:19 42150 seconds since last log event
04/19/17 12:36:19 Pending DAG nodes:
04/19/17 12:36:19   Node cbow_mean_lstm, HTCondor ID 860, status STATUS_SUBMITTED
04/19/17 12:46:22 42753 seconds since last log event
04/19/17 12:46:22 Pending DAG nodes:
04/19/17 12:46:22   Node cbow_mean_lstm, HTCondor ID 860, status STATUS_SUBMITTED
04/19/17 12:56:25 43356 seconds since last log event
04/19/17 12:56:25 Pending DAG nodes:
04/19/17 12:56:25   Node cbow_mean_lstm, HTCondor ID 860, status STATUS_SUBMITTED
04/19/17 13:06:28 43959 seconds since last log event
04/19/17 13:06:28 Pending DAG nodes:
04/19/17 13:06:28   Node cbow_mean_lstm, HTCondor ID 860, status STATUS_SUBMITTED
04/19/17 13:15:05 Currently monitoring 1 HTCondor log file(s)
04/19/17 13:15:05 Event: ULOG_JOB_SUSPENDED for HTCondor Node cbow_mean_lstm (860.0.0) {04/19/17 13:15:00}
04/19/17 13:15:05 Number of idle job procs: 1
04/19/17 13:25:08 603 seconds since last log event
04/19/17 13:25:08 Pending DAG nodes:
04/19/17 13:25:08   Node cbow_mean_lstm, HTCondor ID 860, status STATUS_SUBMITTED
04/19/17 13:26:23 Currently monitoring 1 HTCondor log file(s)
04/19/17 13:26:23 Event: ULOG_JOB_UNSUSPENDED for HTCondor Node cbow_mean_lstm (860.0.0) {04/19/17 13:26:21}
04/19/17 13:26:23 Number of idle job procs: 0
04/19/17 13:36:26 603 seconds since last log event
04/19/17 13:36:26 Pending DAG nodes:
04/19/17 13:36:26   Node cbow_mean_lstm, HTCondor ID 860, status STATUS_SUBMITTED
04/19/17 13:46:28 1205 seconds since last log event
04/19/17 13:46:28 Pending DAG nodes:
04/19/17 13:46:28   Node cbow_mean_lstm, HTCondor ID 860, status STATUS_SUBMITTED
04/19/17 13:56:30 1807 seconds since last log event
04/19/17 13:56:30 Pending DAG nodes:
04/19/17 13:56:30   Node cbow_mean_lstm, HTCondor ID 860, status STATUS_SUBMITTED
04/19/17 14:06:31 2408 seconds since last log event
04/19/17 14:06:31 Pending DAG nodes:
04/19/17 14:06:31   Node cbow_mean_lstm, HTCondor ID 860, status STATUS_SUBMITTED
04/19/17 14:07:56 Currently monitoring 1 HTCondor log file(s)
04/19/17 14:07:56 Event: ULOG_JOB_SUSPENDED for HTCondor Node cbow_mean_lstm (860.0.0) {04/19/17 14:07:54}
04/19/17 14:07:56 Number of idle job procs: 1
04/19/17 14:12:57 Currently monitoring 1 HTCondor log file(s)
04/19/17 14:12:57 Event: ULOG_JOB_UNSUSPENDED for HTCondor Node cbow_mean_lstm (860.0.0) {04/19/17 14:12:55}
04/19/17 14:12:57 Number of idle job procs: 0
04/19/17 14:23:00 603 seconds since last log event
04/19/17 14:23:00 Pending DAG nodes:
04/19/17 14:23:00   Node cbow_mean_lstm, HTCondor ID 860, status STATUS_SUBMITTED
04/19/17 14:33:02 1205 seconds since last log event
04/19/17 14:33:02 Pending DAG nodes:
04/19/17 14:33:02   Node cbow_mean_lstm, HTCondor ID 860, status STATUS_SUBMITTED
04/19/17 14:43:05 1808 seconds since last log event
04/19/17 14:43:05 Pending DAG nodes:
04/19/17 14:43:05   Node cbow_mean_lstm, HTCondor ID 860, status STATUS_SUBMITTED
