000 (863.000.000) 04/18 18:10:09 Job submitted from host: <10.33.133.154:9618?addrs=10.33.133.154-9618+[--1]-9618&noUDP&sock=1370_48d6_3>
    DAG Node: cbow_mean_soft
...
001 (863.000.000) 04/18 18:43:25 Job executing on host: <10.33.133.203:9618?addrs=10.33.133.203-9618+[--1]-9618&noUDP&sock=4579_6440_3>
...
006 (863.000.000) 04/18 18:43:34 Image size of job updated: 270676
	223  -  MemoryUsage of job (MB)
	227496  -  ResidentSetSize of job (KB)
...
006 (863.000.000) 04/18 18:48:35 Image size of job updated: 1245700
	846  -  MemoryUsage of job (MB)
	866232  -  ResidentSetSize of job (KB)
...
006 (863.000.000) 04/18 18:53:36 Image size of job updated: 1255304
	856  -  MemoryUsage of job (MB)
	875836  -  ResidentSetSize of job (KB)
...
006 (863.000.000) 04/18 18:58:36 Image size of job updated: 1256052
	857  -  MemoryUsage of job (MB)
	876584  -  ResidentSetSize of job (KB)
...
006 (863.000.000) 04/18 19:03:36 Image size of job updated: 1256848
	857  -  MemoryUsage of job (MB)
	877380  -  ResidentSetSize of job (KB)
...
006 (863.000.000) 04/18 19:33:39 Image size of job updated: 1257108
	858  -  MemoryUsage of job (MB)
	877640  -  ResidentSetSize of job (KB)
...
006 (863.000.000) 04/18 19:38:40 Image size of job updated: 1257620
	858  -  MemoryUsage of job (MB)
	878152  -  ResidentSetSize of job (KB)
...
006 (863.000.000) 04/18 19:43:41 Image size of job updated: 1257880
	858  -  MemoryUsage of job (MB)
	878412  -  ResidentSetSize of job (KB)
...
006 (863.000.000) 04/18 22:13:56 Image size of job updated: 1270464
	871  -  MemoryUsage of job (MB)
	890996  -  ResidentSetSize of job (KB)
...
006 (863.000.000) 04/18 22:18:57 Image size of job updated: 1270464
	871  -  MemoryUsage of job (MB)
	891200  -  ResidentSetSize of job (KB)
...
006 (863.000.000) 04/18 22:28:58 Image size of job updated: 1294156
	894  -  MemoryUsage of job (MB)
	914688  -  ResidentSetSize of job (KB)
...
006 (863.000.000) 04/18 22:33:59 Image size of job updated: 1329284
	928  -  MemoryUsage of job (MB)
	949816  -  ResidentSetSize of job (KB)
...
006 (863.000.000) 04/18 23:04:02 Image size of job updated: 1345892
	944  -  MemoryUsage of job (MB)
	966424  -  ResidentSetSize of job (KB)
...
006 (863.000.000) 04/18 23:34:05 Image size of job updated: 1345900
	944  -  MemoryUsage of job (MB)
	966432  -  ResidentSetSize of job (KB)
...
006 (863.000.000) 04/19 00:59:15 Image size of job updated: 1346080
	944  -  MemoryUsage of job (MB)
	966612  -  ResidentSetSize of job (KB)
...
006 (863.000.000) 04/19 03:29:30 Image size of job updated: 1346084
	944  -  MemoryUsage of job (MB)
	966616  -  ResidentSetSize of job (KB)
...
006 (863.000.000) 04/19 04:24:36 Image size of job updated: 1346088
	944  -  MemoryUsage of job (MB)
	966620  -  ResidentSetSize of job (KB)
...
006 (863.000.000) 04/19 05:29:44 Image size of job updated: 1346168
	945  -  MemoryUsage of job (MB)
	966700  -  ResidentSetSize of job (KB)
...
010 (863.000.000) 04/19 11:00:56 Job was suspended.
	Number of processes actually suspended: 12
...
011 (863.000.000) 04/19 11:15:58 Job was unsuspended.
...
004 (863.000.000) 04/19 11:15:58 Job was evicted.
	(0) Job was not checkpointed.
		Usr 0 16:07:41, Sys 0 00:00:40  -  Run Remote Usage
		Usr 0 00:00:00, Sys 0 00:00:00  -  Run Local Usage
	0  -  Run Bytes Sent By Job
	0  -  Run Bytes Received By Job
	Partitionable Resources :    Usage  Request Allocated
	   Cpus                 :                 1         1
	   Disk (KB)            :        7        7  13805072
	   Gpus                 :                 1         1
	   Memory (MB)          :      945     4096      4096
...
001 (863.000.000) 04/19 14:00:18 Job executing on host: <10.33.133.236:9618?addrs=10.33.133.236-9618+[--1]-9618&noUDP&sock=1523_3ad4_3>
...
