I tensorflow/stream_executor/dso_loader.cc:128] successfully opened CUDA library libcublas.so locally
I tensorflow/stream_executor/dso_loader.cc:128] successfully opened CUDA library libcudnn.so locally
I tensorflow/stream_executor/dso_loader.cc:128] successfully opened CUDA library libcufft.so locally
I tensorflow/stream_executor/dso_loader.cc:128] successfully opened CUDA library libcuda.so.1 locally
I tensorflow/stream_executor/dso_loader.cc:128] successfully opened CUDA library libcurand.so locally
/users/start2014/r0385169/.local/lib/python2.7/site-packages/gensim/utils.py:1015: UserWarning: Pattern library is not installed, lemmatization won't be available.
  warnings.warn("Pattern library is not installed, lemmatization won't be available.")
/users/start2014/r0385169/.local/lib/python2.7/site-packages/tensorflow/python/ops/gradients_impl.py:91: UserWarning: Converting sparse IndexedSlices to a dense Tensor of unknown shape. This may consume a large amount of memory.
  "Converting sparse IndexedSlices to a dense Tensor of unknown shape. "
I tensorflow/core/common_runtime/gpu/gpu_device.cc:885] Found device 0 with properties: 
name: Tesla K80
major: 3 minor: 7 memoryClockRate (GHz) 0.8235
pciBusID 0000:06:00.0
Total memory: 11.17GiB
Free memory: 11.11GiB
I tensorflow/core/common_runtime/gpu/gpu_device.cc:906] DMA: 0 
I tensorflow/core/common_runtime/gpu/gpu_device.cc:916] 0:   Y 
I tensorflow/core/common_runtime/gpu/gpu_device.cc:975] Creating TensorFlow device (/gpu:0) -> (device: 0, name: Tesla K80, pci bus id: 0000:06:00.0)
I tensorflow/core/common_runtime/gpu/pool_allocator.cc:247] PoolAllocator: After 7533 get requests, put_count=7465 evicted_count=1000 eviction_rate=0.133958 and unsatisfied allocation rate=0.155051
I tensorflow/core/common_runtime/gpu/pool_allocator.cc:259] Raising pool_size_limit_ from 100 to 110
I tensorflow/core/common_runtime/gpu/pool_allocator.cc:247] PoolAllocator: After 11147 get requests, put_count=11036 evicted_count=1000 eviction_rate=0.0906125 and unsatisfied allocation rate=0.101731
I tensorflow/core/common_runtime/gpu/pool_allocator.cc:259] Raising pool_size_limit_ from 256 to 281
I tensorflow/core/common_runtime/gpu/pool_allocator.cc:247] PoolAllocator: After 2008390 get requests, put_count=2008410 evicted_count=1000 eviction_rate=0.000497906 and unsatisfied allocation rate=0.00051733
I tensorflow/core/common_runtime/gpu/pool_allocator.cc:247] PoolAllocator: After 21690612 get requests, put_count=21690631 evicted_count=11000 eviction_rate=0.000507131 and unsatisfied allocation rate=0.000508976
I tensorflow/core/common_runtime/gpu/pool_allocator.cc:247] PoolAllocator: After 41185134 get requests, put_count=41185153 evicted_count=21000 eviction_rate=0.000509892 and unsatisfied allocation rate=0.000510864
I tensorflow/core/common_runtime/gpu/pool_allocator.cc:247] PoolAllocator: After 60833570 get requests, put_count=60833590 evicted_count=31000 eviction_rate=0.000509587 and unsatisfied allocation rate=0.000510228
I tensorflow/core/common_runtime/gpu/pool_allocator.cc:247] PoolAllocator: After 80444466 get requests, put_count=80444486 evicted_count=41000 eviction_rate=0.000509668 and unsatisfied allocation rate=0.000510153
I tensorflow/core/common_runtime/gpu/pool_allocator.cc:247] PoolAllocator: After 100070378 get requests, put_count=100070398 evicted_count=51000 eviction_rate=0.000509641 and unsatisfied allocation rate=0.000510031
I tensorflow/core/common_runtime/gpu/pool_allocator.cc:247] PoolAllocator: After 119726322 get requests, put_count=119726341 evicted_count=61000 eviction_rate=0.000509495 and unsatisfied allocation rate=0.000509829
I tensorflow/core/common_runtime/gpu/pool_allocator.cc:247] PoolAllocator: After 139386020 get requests, put_count=139386039 evicted_count=71000 eviction_rate=0.000509377 and unsatisfied allocation rate=0.000509664
I tensorflow/core/common_runtime/gpu/pool_allocator.cc:247] PoolAllocator: After 158966884 get requests, put_count=158966903 evicted_count=81000 eviction_rate=0.00050954 and unsatisfied allocation rate=0.000509792
I tensorflow/core/common_runtime/gpu/pool_allocator.cc:247] PoolAllocator: After 178562764 get requests, put_count=178562783 evicted_count=91000 eviction_rate=0.000509625 and unsatisfied allocation rate=0.000509849
I tensorflow/core/common_runtime/gpu/pool_allocator.cc:247] PoolAllocator: After 198151136 get requests, put_count=198151155 evicted_count=101000 eviction_rate=0.000509712 and unsatisfied allocation rate=0.000509914
I tensorflow/core/common_runtime/gpu/pool_allocator.cc:247] PoolAllocator: After 217705722 get requests, put_count=217705741 evicted_count=111000 eviction_rate=0.000509863 and unsatisfied allocation rate=0.000510046
I tensorflow/core/common_runtime/gpu/pool_allocator.cc:247] PoolAllocator: After 237406714 get requests, put_count=237406733 evicted_count=121000 eviction_rate=0.000509674 and unsatisfied allocation rate=0.000509842
I tensorflow/core/common_runtime/gpu/pool_allocator.cc:247] PoolAllocator: After 257118968 get requests, put_count=257118988 evicted_count=131000 eviction_rate=0.000509492 and unsatisfied allocation rate=0.000509643
I tensorflow/core/common_runtime/gpu/pool_allocator.cc:247] PoolAllocator: After 276771158 get requests, put_count=276771177 evicted_count=141000 eviction_rate=0.000509446 and unsatisfied allocation rate=0.000509591
I tensorflow/core/common_runtime/gpu/pool_allocator.cc:247] PoolAllocator: After 296367038 get requests, put_count=296367057 evicted_count=151000 eviction_rate=0.000509503 and unsatisfied allocation rate=0.000509638
I tensorflow/core/common_runtime/gpu/pool_allocator.cc:247] PoolAllocator: After 316007966 get requests, put_count=316007986 evicted_count=161000 eviction_rate=0.000509481 and unsatisfied allocation rate=0.000509604
I tensorflow/core/common_runtime/gpu/pool_allocator.cc:247] PoolAllocator: After 335667664 get requests, put_count=335667683 evicted_count=171000 eviction_rate=0.000509432 and unsatisfied allocation rate=0.000509552
I tensorflow/core/common_runtime/gpu/pool_allocator.cc:247] PoolAllocator: After 355383672 get requests, put_count=355383691 evicted_count=181000 eviction_rate=0.000509309 and unsatisfied allocation rate=0.000509421
I tensorflow/core/common_runtime/gpu/pool_allocator.cc:247] PoolAllocator: After 375050878 get requests, put_count=375050898 evicted_count=191000 eviction_rate=0.000509264 and unsatisfied allocation rate=0.000509368
I tensorflow/core/common_runtime/gpu/pool_allocator.cc:247] PoolAllocator: After 394635496 get requests, put_count=394635515 evicted_count=201000 eviction_rate=0.000509331 and unsatisfied allocation rate=0.000509432
I tensorflow/core/common_runtime/gpu/pool_allocator.cc:247] PoolAllocator: After 414242638 get requests, put_count=414242657 evicted_count=211000 eviction_rate=0.000509363 and unsatisfied allocation rate=0.00050946
I tensorflow/core/common_runtime/gpu/pool_allocator.cc:247] PoolAllocator: After 433785962 get requests, put_count=433785982 evicted_count=221000 eviction_rate=0.000509468 and unsatisfied allocation rate=0.000509558
I tensorflow/core/common_runtime/gpu/pool_allocator.cc:247] PoolAllocator: After 453430644 get requests, put_count=453430663 evicted_count=231000 eviction_rate=0.000509449 and unsatisfied allocation rate=0.000509538
I tensorflow/core/common_runtime/gpu/pool_allocator.cc:247] PoolAllocator: After 472977722 get requests, put_count=472977742 evicted_count=241000 eviction_rate=0.000509538 and unsatisfied allocation rate=0.00050962
I tensorflow/core/common_runtime/gpu/pool_allocator.cc:247] PoolAllocator: After 492569848 get requests, put_count=492569867 evicted_count=251000 eviction_rate=0.000509572 and unsatisfied allocation rate=0.000509654
I tensorflow/core/common_runtime/gpu/pool_allocator.cc:247] PoolAllocator: After 512285856 get requests, put_count=512285876 evicted_count=261000 eviction_rate=0.000509481 and unsatisfied allocation rate=0.000509557
I tensorflow/core/common_runtime/gpu/pool_allocator.cc:247] PoolAllocator: After 531859212 get requests, put_count=531859232 evicted_count=271000 eviction_rate=0.000509533 and unsatisfied allocation rate=0.000509607
I tensorflow/core/common_runtime/gpu/pool_allocator.cc:247] PoolAllocator: After 551421306 get requests, put_count=551421325 evicted_count=281000 eviction_rate=0.000509592 and unsatisfied allocation rate=0.000509665
I tensorflow/core/common_runtime/gpu/pool_allocator.cc:247] PoolAllocator: After 571111036 get requests, put_count=571111055 evicted_count=291000 eviction_rate=0.000509533 and unsatisfied allocation rate=0.000509603
I tensorflow/core/common_runtime/gpu/pool_allocator.cc:247] PoolAllocator: After 590268782 get requests, put_count=590268802 evicted_count=301000 eviction_rate=0.000509937 and unsatisfied allocation rate=0.000510003
I tensorflow/core/common_runtime/gpu/pool_allocator.cc:247] PoolAllocator: After 609883432 get requests, put_count=609883452 evicted_count=311000 eviction_rate=0.000509933 and unsatisfied allocation rate=0.000509997
I tensorflow/core/common_runtime/gpu/pool_allocator.cc:247] PoolAllocator: After 629535622 get requests, put_count=629535642 evicted_count=321000 eviction_rate=0.0005099 and unsatisfied allocation rate=0.000509962
I tensorflow/core/common_runtime/gpu/pool_allocator.cc:247] PoolAllocator: After 649202828 get requests, put_count=649202848 evicted_count=331000 eviction_rate=0.000509856 and unsatisfied allocation rate=0.000509916
I tensorflow/core/common_runtime/gpu/pool_allocator.cc:247] PoolAllocator: After 668851264 get requests, put_count=668851284 evicted_count=341000 eviction_rate=0.000509829 and unsatisfied allocation rate=0.000509888
I tensorflow/core/common_runtime/gpu/pool_allocator.cc:247] PoolAllocator: After 688544748 get requests, put_count=688544767 evicted_count=351000 eviction_rate=0.000509771 and unsatisfied allocation rate=0.000509829
I tensorflow/core/common_runtime/gpu/pool_allocator.cc:247] PoolAllocator: After 708133120 get requests, put_count=708133140 evicted_count=361000 eviction_rate=0.000509791 and unsatisfied allocation rate=0.000509846
I tensorflow/core/common_runtime/gpu/pool_allocator.cc:247] PoolAllocator: After 727751524 get requests, put_count=727751544 evicted_count=371000 eviction_rate=0.000509789 and unsatisfied allocation rate=0.000509843
I tensorflow/core/common_runtime/gpu/pool_allocator.cc:247] PoolAllocator: After 747351158 get requests, put_count=747351178 evicted_count=381000 eviction_rate=0.0005098 and unsatisfied allocation rate=0.000509853
I tensorflow/core/common_runtime/gpu/pool_allocator.cc:247] PoolAllocator: After 766992086 get requests, put_count=766992105 evicted_count=391000 eviction_rate=0.000509784 and unsatisfied allocation rate=0.000509836
I tensorflow/core/common_runtime/gpu/pool_allocator.cc:247] PoolAllocator: After 786524148 get requests, put_count=786524168 evicted_count=401000 eviction_rate=0.000509838 and unsatisfied allocation rate=0.000509888
I tensorflow/core/common_runtime/gpu/pool_allocator.cc:247] PoolAllocator: After 806176338 get requests, put_count=806176358 evicted_count=411000 eviction_rate=0.000509814 and unsatisfied allocation rate=0.000509862
I tensorflow/core/common_runtime/gpu/pool_allocator.cc:247] PoolAllocator: After 825888592 get requests, put_count=825888612 evicted_count=421000 eviction_rate=0.000509754 and unsatisfied allocation rate=0.000509801
I tensorflow/core/common_runtime/gpu/pool_allocator.cc:247] PoolAllocator: After 845574568 get requests, put_count=845574588 evicted_count=431000 eviction_rate=0.000509713 and unsatisfied allocation rate=0.000509759
