I tensorflow/stream_executor/dso_loader.cc:128] successfully opened CUDA library libcublas.so locally
I tensorflow/stream_executor/dso_loader.cc:128] successfully opened CUDA library libcudnn.so locally
I tensorflow/stream_executor/dso_loader.cc:128] successfully opened CUDA library libcufft.so locally
I tensorflow/stream_executor/dso_loader.cc:128] successfully opened CUDA library libcuda.so.1 locally
I tensorflow/stream_executor/dso_loader.cc:128] successfully opened CUDA library libcurand.so locally
/users/start2014/r0385169/.local/lib/python2.7/site-packages/gensim/utils.py:1015: UserWarning: Pattern library is not installed, lemmatization won't be available.
  warnings.warn("Pattern library is not installed, lemmatization won't be available.")
/users/start2014/r0385169/.local/lib/python2.7/site-packages/tensorflow/python/ops/gradients_impl.py:91: UserWarning: Converting sparse IndexedSlices to a dense Tensor of unknown shape. This may consume a large amount of memory.
  "Converting sparse IndexedSlices to a dense Tensor of unknown shape. "
I tensorflow/stream_executor/cuda/cuda_gpu_executor.cc:937] successful NUMA node read from SysFS had negative value (-1), but there must be at least one NUMA node, so returning NUMA node zero
I tensorflow/core/common_runtime/gpu/gpu_device.cc:885] Found device 0 with properties: 
name: GeForce GTX 980 Ti
major: 5 minor: 2 memoryClockRate (GHz) 1.19
pciBusID 0000:01:00.0
Total memory: 5.93GiB
Free memory: 5.84GiB
I tensorflow/core/common_runtime/gpu/gpu_device.cc:906] DMA: 0 
I tensorflow/core/common_runtime/gpu/gpu_device.cc:916] 0:   Y 
I tensorflow/core/common_runtime/gpu/gpu_device.cc:975] Creating TensorFlow device (/gpu:0) -> (device: 0, name: GeForce GTX 980 Ti, pci bus id: 0000:01:00.0)
I tensorflow/core/common_runtime/gpu/pool_allocator.cc:247] PoolAllocator: After 12497 get requests, put_count=12426 evicted_count=1000 eviction_rate=0.0804764 and unsatisfied allocation rate=0.0937025
I tensorflow/core/common_runtime/gpu/pool_allocator.cc:259] Raising pool_size_limit_ from 100 to 110
I tensorflow/core/common_runtime/gpu/pool_allocator.cc:247] PoolAllocator: After 1572264 get requests, put_count=1572281 evicted_count=2000 eviction_rate=0.00127204 and unsatisfied allocation rate=0.0012746
I tensorflow/core/common_runtime/gpu/pool_allocator.cc:247] PoolAllocator: After 9425754 get requests, put_count=9425771 evicted_count=12000 eviction_rate=0.00127311 and unsatisfied allocation rate=0.00127353
I tensorflow/core/common_runtime/gpu/pool_allocator.cc:247] PoolAllocator: After 17049042 get requests, put_count=17049059 evicted_count=22000 eviction_rate=0.00129039 and unsatisfied allocation rate=0.00129063
I tensorflow/core/common_runtime/gpu/pool_allocator.cc:247] PoolAllocator: After 22282614 get requests, put_count=22282630 evicted_count=32000 eviction_rate=0.0014361 and unsatisfied allocation rate=0.00143632
I tensorflow/core/common_runtime/gpu/pool_allocator.cc:247] PoolAllocator: After 26593812 get requests, put_count=26593826 evicted_count=42000 eviction_rate=0.00157931 and unsatisfied allocation rate=0.00157958
I tensorflow/core/common_runtime/gpu/pool_allocator.cc:247] PoolAllocator: After 30511944 get requests, put_count=30511960 evicted_count=52000 eviction_rate=0.00170425 and unsatisfied allocation rate=0.00170441
I tensorflow/core/common_runtime/gpu/pool_allocator.cc:247] PoolAllocator: After 34431642 get requests, put_count=34431656 evicted_count=62000 eviction_rate=0.00180067 and unsatisfied allocation rate=0.00180087
I tensorflow/core/common_runtime/gpu/pool_allocator.cc:247] PoolAllocator: After 38349774 get requests, put_count=38349788 evicted_count=72000 eviction_rate=0.00187745 and unsatisfied allocation rate=0.00187764
I tensorflow/core/common_runtime/gpu/pool_allocator.cc:247] PoolAllocator: After 42267906 get requests, put_count=42267922 evicted_count=82000 eviction_rate=0.00194001 and unsatisfied allocation rate=0.00194012
I tensorflow/core/common_runtime/gpu/pool_allocator.cc:247] PoolAllocator: After 46189170 get requests, put_count=46189185 evicted_count=92000 eviction_rate=0.00199181 and unsatisfied allocation rate=0.00199194
I tensorflow/core/common_runtime/gpu/pool_allocator.cc:247] PoolAllocator: After 6630444 get requests, put_count=6630445 evicted_count=8000 eviction_rate=0.00120656 and unsatisfied allocation rate=0.00120987
I tensorflow/core/common_runtime/gpu/pool_allocator.cc:247] PoolAllocator: After 14839416 get requests, put_count=14839416 evicted_count=18000 eviction_rate=0.00121299 and unsatisfied allocation rate=0.00121454
I tensorflow/core/common_runtime/gpu/pool_allocator.cc:247] PoolAllocator: After 22804092 get requests, put_count=22804093 evicted_count=28000 eviction_rate=0.00122785 and unsatisfied allocation rate=0.00122881
I tensorflow/core/common_runtime/gpu/pool_allocator.cc:247] PoolAllocator: After 30756240 get requests, put_count=30756241 evicted_count=38000 eviction_rate=0.00123552 and unsatisfied allocation rate=0.00123624
I tensorflow/core/common_runtime/gpu/pool_allocator.cc:247] PoolAllocator: After 38669238 get requests, put_count=38669239 evicted_count=48000 eviction_rate=0.0012413 and unsatisfied allocation rate=0.00124187
I tensorflow/core/common_runtime/gpu/pool_allocator.cc:247] PoolAllocator: After 46590066 get requests, put_count=46590067 evicted_count=58000 eviction_rate=0.0012449 and unsatisfied allocation rate=0.00124537
I tensorflow/core/common_runtime/gpu/pool_allocator.cc:247] PoolAllocator: After 54496800 get requests, put_count=54496801 evicted_count=68000 eviction_rate=0.00124778 and unsatisfied allocation rate=0.00124818
I tensorflow/core/common_runtime/gpu/pool_allocator.cc:247] PoolAllocator: After 62423892 get requests, put_count=62423893 evicted_count=78000 eviction_rate=0.00124952 and unsatisfied allocation rate=0.00124987
I tensorflow/core/common_runtime/gpu/pool_allocator.cc:247] PoolAllocator: After 70344720 get requests, put_count=70344721 evicted_count=88000 eviction_rate=0.00125098 and unsatisfied allocation rate=0.0012513
I tensorflow/core/common_runtime/gpu/pool_allocator.cc:247] PoolAllocator: After 78251454 get requests, put_count=78251455 evicted_count=98000 eviction_rate=0.00125237 and unsatisfied allocation rate=0.00125265
I tensorflow/core/common_runtime/gpu/pool_allocator.cc:247] PoolAllocator: After 86170716 get requests, put_count=86170717 evicted_count=108000 eviction_rate=0.00125333 and unsatisfied allocation rate=0.00125358
I tensorflow/core/common_runtime/gpu/pool_allocator.cc:247] PoolAllocator: After 94082148 get requests, put_count=94082149 evicted_count=118000 eviction_rate=0.00125422 and unsatisfied allocation rate=0.00125446
I tensorflow/core/common_runtime/gpu/pool_allocator.cc:247] PoolAllocator: After 102001410 get requests, put_count=102001411 evicted_count=128000 eviction_rate=0.00125488 and unsatisfied allocation rate=0.0012551
I tensorflow/core/common_runtime/gpu/pool_allocator.cc:247] PoolAllocator: After 109912842 get requests, put_count=109912843 evicted_count=138000 eviction_rate=0.00125554 and unsatisfied allocation rate=0.00125574
I tensorflow/core/common_runtime/gpu/pool_allocator.cc:247] PoolAllocator: After 117807048 get requests, put_count=117807049 evicted_count=148000 eviction_rate=0.00125629 and unsatisfied allocation rate=0.00125648
I tensorflow/core/common_runtime/gpu/pool_allocator.cc:247] PoolAllocator: After 125712216 get requests, put_count=125712217 evicted_count=158000 eviction_rate=0.00125684 and unsatisfied allocation rate=0.00125701
I tensorflow/core/common_runtime/gpu/pool_allocator.cc:247] PoolAllocator: After 133615818 get requests, put_count=133615819 evicted_count=168000 eviction_rate=0.00125734 and unsatisfied allocation rate=0.0012575
I tensorflow/core/common_runtime/gpu/pool_allocator.cc:247] PoolAllocator: After 141514722 get requests, put_count=141514723 evicted_count=178000 eviction_rate=0.00125782 and unsatisfied allocation rate=0.00125798
I tensorflow/core/common_runtime/gpu/pool_allocator.cc:247] PoolAllocator: After 149438682 get requests, put_count=149438683 evicted_count=188000 eviction_rate=0.00125804 and unsatisfied allocation rate=0.00125819
I tensorflow/core/common_runtime/gpu/pool_allocator.cc:247] PoolAllocator: After 157331322 get requests, put_count=157331323 evicted_count=198000 eviction_rate=0.00125849 and unsatisfied allocation rate=0.00125863
I tensorflow/core/common_runtime/gpu/pool_allocator.cc:247] PoolAllocator: After 165244320 get requests, put_count=165244321 evicted_count=208000 eviction_rate=0.00125874 and unsatisfied allocation rate=0.00125888
I tensorflow/core/common_runtime/gpu/pool_allocator.cc:247] PoolAllocator: After 173160450 get requests, put_count=173160451 evicted_count=218000 eviction_rate=0.00125895 and unsatisfied allocation rate=0.00125908
I tensorflow/core/common_runtime/gpu/pool_allocator.cc:247] PoolAllocator: After 181068750 get requests, put_count=181068751 evicted_count=228000 eviction_rate=0.00125919 and unsatisfied allocation rate=0.00125931
I tensorflow/core/common_runtime/gpu/pool_allocator.cc:247] PoolAllocator: After 188975484 get requests, put_count=188975485 evicted_count=238000 eviction_rate=0.00125942 and unsatisfied allocation rate=0.00125954
I tensorflow/core/common_runtime/gpu/pool_allocator.cc:247] PoolAllocator: After 196765606 get requests, put_count=196765607 evicted_count=248000 eviction_rate=0.00126038 and unsatisfied allocation rate=0.00126049
I tensorflow/core/common_runtime/gpu/pool_allocator.cc:247] PoolAllocator: After 204666076 get requests, put_count=204666077 evicted_count=258000 eviction_rate=0.00126059 and unsatisfied allocation rate=0.0012607
I tensorflow/core/common_runtime/gpu/pool_allocator.cc:247] PoolAllocator: After 212577508 get requests, put_count=212577509 evicted_count=268000 eviction_rate=0.00126072 and unsatisfied allocation rate=0.00126082
I tensorflow/core/common_runtime/gpu/pool_allocator.cc:247] PoolAllocator: After 220488940 get requests, put_count=220488941 evicted_count=278000 eviction_rate=0.00126083 and unsatisfied allocation rate=0.00126093
I tensorflow/core/common_runtime/gpu/pool_allocator.cc:247] PoolAllocator: After 228416032 get requests, put_count=228416033 evicted_count=288000 eviction_rate=0.00126086 and unsatisfied allocation rate=0.00126095
I tensorflow/core/common_runtime/gpu/pool_allocator.cc:247] PoolAllocator: After 236332162 get requests, put_count=236332163 evicted_count=298000 eviction_rate=0.00126094 and unsatisfied allocation rate=0.00126103
I tensorflow/core/common_runtime/gpu/pool_allocator.cc:247] PoolAllocator: After 244246726 get requests, put_count=244246727 evicted_count=308000 eviction_rate=0.00126102 and unsatisfied allocation rate=0.00126111
I tensorflow/core/common_runtime/gpu/pool_allocator.cc:247] PoolAllocator: After 252155026 get requests, put_count=252155027 evicted_count=318000 eviction_rate=0.00126113 and unsatisfied allocation rate=0.00126122
I tensorflow/core/common_runtime/gpu/pool_allocator.cc:247] PoolAllocator: After 260071156 get requests, put_count=260071157 evicted_count=328000 eviction_rate=0.00126119 and unsatisfied allocation rate=0.00126128
I tensorflow/core/common_runtime/gpu/pool_allocator.cc:247] PoolAllocator: After 267962230 get requests, put_count=267962231 evicted_count=338000 eviction_rate=0.00126137 and unsatisfied allocation rate=0.00126145
I tensorflow/core/common_runtime/gpu/pool_allocator.cc:247] PoolAllocator: After 275859568 get requests, put_count=275859569 evicted_count=348000 eviction_rate=0.00126151 and unsatisfied allocation rate=0.00126159
I tensorflow/core/common_runtime/gpu/pool_allocator.cc:247] PoolAllocator: After 283752208 get requests, put_count=283752209 evicted_count=358000 eviction_rate=0.00126166 and unsatisfied allocation rate=0.00126174
I tensorflow/core/common_runtime/gpu/pool_allocator.cc:247] PoolAllocator: After 291669904 get requests, put_count=291669905 evicted_count=368000 eviction_rate=0.0012617 and unsatisfied allocation rate=0.00126178
I tensorflow/core/common_runtime/gpu/pool_allocator.cc:247] PoolAllocator: After 299595430 get requests, put_count=299595431 evicted_count=378000 eviction_rate=0.0012617 and unsatisfied allocation rate=0.00126177
I tensorflow/core/common_runtime/gpu/pool_allocator.cc:247] PoolAllocator: After 307516258 get requests, put_count=307516259 evicted_count=388000 eviction_rate=0.00126172 and unsatisfied allocation rate=0.00126179
I tensorflow/core/common_runtime/gpu/pool_allocator.cc:247] PoolAllocator: After 315424558 get requests, put_count=315424559 evicted_count=398000 eviction_rate=0.00126179 and unsatisfied allocation rate=0.00126186
I tensorflow/core/common_runtime/gpu/pool_allocator.cc:247] PoolAllocator: After 323356348 get requests, put_count=323356349 evicted_count=408000 eviction_rate=0.00126177 and unsatisfied allocation rate=0.00126183
I tensorflow/core/common_runtime/gpu/pool_allocator.cc:247] PoolAllocator: After 331248988 get requests, put_count=331248989 evicted_count=418000 eviction_rate=0.00126189 and unsatisfied allocation rate=0.00126196
I tensorflow/core/common_runtime/gpu/pool_allocator.cc:247] PoolAllocator: After 339174514 get requests, put_count=339174515 evicted_count=428000 eviction_rate=0.00126189 and unsatisfied allocation rate=0.00126195
I tensorflow/core/common_runtime/gpu/pool_allocator.cc:247] PoolAllocator: After 347092210 get requests, put_count=347092211 evicted_count=438000 eviction_rate=0.00126191 and unsatisfied allocation rate=0.00126198
I tensorflow/core/common_runtime/gpu/pool_allocator.cc:247] PoolAllocator: After 355000510 get requests, put_count=355000511 evicted_count=448000 eviction_rate=0.00126197 and unsatisfied allocation rate=0.00126203
I tensorflow/core/common_runtime/gpu/pool_allocator.cc:247] PoolAllocator: After 362891584 get requests, put_count=362891585 evicted_count=458000 eviction_rate=0.00126208 and unsatisfied allocation rate=0.00126215
I tensorflow/core/common_runtime/gpu/pool_allocator.cc:247] PoolAllocator: After 370795186 get requests, put_count=370795187 evicted_count=468000 eviction_rate=0.00126215 and unsatisfied allocation rate=0.00126221
I tensorflow/core/common_runtime/gpu/pool_allocator.cc:247] PoolAllocator: After 378698788 get requests, put_count=378698789 evicted_count=478000 eviction_rate=0.00126222 and unsatisfied allocation rate=0.00126227
I tensorflow/core/common_runtime/gpu/pool_allocator.cc:247] PoolAllocator: After 386605522 get requests, put_count=386605523 evicted_count=488000 eviction_rate=0.00126227 and unsatisfied allocation rate=0.00126233
I tensorflow/core/common_runtime/gpu/pool_allocator.cc:247] PoolAllocator: After 394513822 get requests, put_count=394513823 evicted_count=498000 eviction_rate=0.00126231 and unsatisfied allocation rate=0.00126237
I tensorflow/core/common_runtime/gpu/pool_allocator.cc:247] PoolAllocator: After 402411160 get requests, put_count=402411161 evicted_count=508000 eviction_rate=0.00126239 and unsatisfied allocation rate=0.00126245
I tensorflow/core/common_runtime/gpu/pool_allocator.cc:247] PoolAllocator: After 410342950 get requests, put_count=410342951 evicted_count=518000 eviction_rate=0.00126236 and unsatisfied allocation rate=0.00126241
I tensorflow/core/common_runtime/gpu/pool_allocator.cc:247] PoolAllocator: After 418240288 get requests, put_count=418240289 evicted_count=528000 eviction_rate=0.00126243 and unsatisfied allocation rate=0.00126248
I tensorflow/core/common_runtime/gpu/pool_allocator.cc:247] PoolAllocator: After 426159550 get requests, put_count=426159551 evicted_count=538000 eviction_rate=0.00126244 and unsatisfied allocation rate=0.00126249
I tensorflow/core/common_runtime/gpu/pool_allocator.cc:247] PoolAllocator: After 434077246 get requests, put_count=434077247 evicted_count=548000 eviction_rate=0.00126245 and unsatisfied allocation rate=0.0012625
I tensorflow/core/common_runtime/gpu/pool_allocator.cc:247] PoolAllocator: After 441836048 get requests, put_count=441836049 evicted_count=558000 eviction_rate=0.00126291 and unsatisfied allocation rate=0.00126296
I tensorflow/core/common_runtime/gpu/pool_allocator.cc:247] PoolAllocator: After 449733386 get requests, put_count=449733387 evicted_count=568000 eviction_rate=0.00126297 and unsatisfied allocation rate=0.00126302
I tensorflow/core/common_runtime/gpu/pool_allocator.cc:247] PoolAllocator: After 457674572 get requests, put_count=457674573 evicted_count=578000 eviction_rate=0.00126291 and unsatisfied allocation rate=0.00126295
I tensorflow/core/common_runtime/gpu/pool_allocator.cc:247] PoolAllocator: After 465545288 get requests, put_count=465545288 evicted_count=588000 eviction_rate=0.00126304 and unsatisfied allocation rate=0.00126308
I tensorflow/core/common_runtime/gpu/pool_allocator.cc:247] PoolAllocator: After 473422268 get requests, put_count=473422268 evicted_count=598000 eviction_rate=0.00126314 and unsatisfied allocation rate=0.00126319
I tensorflow/core/common_runtime/gpu/pool_allocator.cc:247] PoolAllocator: After 481297682 get requests, put_count=481297682 evicted_count=608000 eviction_rate=0.00126325 and unsatisfied allocation rate=0.0012633
I tensorflow/core/common_runtime/gpu/pool_allocator.cc:247] PoolAllocator: After 489160568 get requests, put_count=489160568 evicted_count=618000 eviction_rate=0.00126339 and unsatisfied allocation rate=0.00126344
I tensorflow/core/common_runtime/gpu/pool_allocator.cc:247] PoolAllocator: After 497034416 get requests, put_count=497034416 evicted_count=628000 eviction_rate=0.00126349 and unsatisfied allocation rate=0.00126354
I tensorflow/core/common_runtime/gpu/pool_allocator.cc:247] PoolAllocator: After 504906698 get requests, put_count=504906698 evicted_count=638000 eviction_rate=0.0012636 and unsatisfied allocation rate=0.00126365
I tensorflow/core/common_runtime/gpu/pool_allocator.cc:247] PoolAllocator: After 512766452 get requests, put_count=512766452 evicted_count=648000 eviction_rate=0.00126373 and unsatisfied allocation rate=0.00126378
I tensorflow/core/common_runtime/gpu/pool_allocator.cc:247] PoolAllocator: After 520624640 get requests, put_count=520624640 evicted_count=658000 eviction_rate=0.00126387 and unsatisfied allocation rate=0.00126391
I tensorflow/core/common_runtime/gpu/pool_allocator.cc:247] PoolAllocator: After 528493790 get requests, put_count=528493790 evicted_count=668000 eviction_rate=0.00126397 and unsatisfied allocation rate=0.00126401
I tensorflow/core/common_runtime/gpu/pool_allocator.cc:247] PoolAllocator: After 536348846 get requests, put_count=536348846 evicted_count=678000 eviction_rate=0.0012641 and unsatisfied allocation rate=0.00126415
I tensorflow/core/common_runtime/gpu/pool_allocator.cc:247] PoolAllocator: After 544225826 get requests, put_count=544225826 evicted_count=688000 eviction_rate=0.00126418 and unsatisfied allocation rate=0.00126422
I tensorflow/core/common_runtime/gpu/pool_allocator.cc:247] PoolAllocator: After 552104372 get requests, put_count=552104372 evicted_count=698000 eviction_rate=0.00126425 and unsatisfied allocation rate=0.0012643
I tensorflow/core/common_runtime/gpu/pool_allocator.cc:247] PoolAllocator: After 559978220 get requests, put_count=559978220 evicted_count=708000 eviction_rate=0.00126433 and unsatisfied allocation rate=0.00126438
I tensorflow/core/common_runtime/gpu/pool_allocator.cc:247] PoolAllocator: After 567842672 get requests, put_count=567842672 evicted_count=718000 eviction_rate=0.00126443 and unsatisfied allocation rate=0.00126448
I tensorflow/core/common_runtime/gpu/pool_allocator.cc:247] PoolAllocator: After 575703992 get requests, put_count=575703992 evicted_count=728000 eviction_rate=0.00126454 and unsatisfied allocation rate=0.00126458
I tensorflow/core/common_runtime/gpu/pool_allocator.cc:247] PoolAllocator: After 583582538 get requests, put_count=583582538 evicted_count=738000 eviction_rate=0.0012646 and unsatisfied allocation rate=0.00126464
I tensorflow/core/common_runtime/gpu/pool_allocator.cc:247] PoolAllocator: After 591456386 get requests, put_count=591456386 evicted_count=748000 eviction_rate=0.00126467 and unsatisfied allocation rate=0.00126471
I tensorflow/core/common_runtime/gpu/pool_allocator.cc:247] PoolAllocator: After 599317706 get requests, put_count=599317706 evicted_count=758000 eviction_rate=0.00126477 and unsatisfied allocation rate=0.00126481
I tensorflow/core/common_runtime/gpu/pool_allocator.cc:247] PoolAllocator: After 607180592 get requests, put_count=607180592 evicted_count=768000 eviction_rate=0.00126486 and unsatisfied allocation rate=0.0012649
I tensorflow/core/common_runtime/gpu/pool_allocator.cc:247] PoolAllocator: After 615041912 get requests, put_count=615041912 evicted_count=778000 eviction_rate=0.00126495 and unsatisfied allocation rate=0.00126499
I tensorflow/core/common_runtime/gpu/pool_allocator.cc:247] PoolAllocator: After 622900100 get requests, put_count=622900100 evicted_count=788000 eviction_rate=0.00126505 and unsatisfied allocation rate=0.00126509
I tensorflow/core/common_runtime/gpu/pool_allocator.cc:247] PoolAllocator: After 630773948 get requests, put_count=630773948 evicted_count=798000 eviction_rate=0.00126511 and unsatisfied allocation rate=0.00126515
I tensorflow/core/common_runtime/gpu/pool_allocator.cc:247] PoolAllocator: After 638639966 get requests, put_count=638639966 evicted_count=808000 eviction_rate=0.00126519 and unsatisfied allocation rate=0.00126522
I tensorflow/core/common_runtime/gpu/pool_allocator.cc:247] PoolAllocator: After 646504418 get requests, put_count=646504419 evicted_count=818000 eviction_rate=0.00126527 and unsatisfied allocation rate=0.0012653
I tensorflow/core/common_runtime/gpu/pool_allocator.cc:247] PoolAllocator: After 654384530 get requests, put_count=654384531 evicted_count=828000 eviction_rate=0.00126531 and unsatisfied allocation rate=0.00126534
I tensorflow/core/common_runtime/gpu/pool_allocator.cc:247] PoolAllocator: After 662250548 get requests, put_count=662250549 evicted_count=838000 eviction_rate=0.00126538 and unsatisfied allocation rate=0.00126542
I tensorflow/core/common_runtime/gpu/pool_allocator.cc:247] PoolAllocator: After 670118132 get requests, put_count=670118133 evicted_count=848000 eviction_rate=0.00126545 and unsatisfied allocation rate=0.00126548
