000 (142.000.000) 04/09 22:48:40 Job submitted from host: <10.33.133.65:9618?addrs=10.33.133.65-9618+[--1]-9618&noUDP&sock=18891_3bb2_4>
    DAG Node: topic_reg
...
001 (142.000.000) 04/10 03:55:14 Job executing on host: <10.33.133.110:9618?addrs=10.33.133.110-9618+[--1]-9618&noUDP&sock=1139_d676_3>
...
010 (142.000.000) 04/10 10:50:22 Job was suspended.
	Number of processes actually suspended: 13
...
011 (142.000.000) 04/10 11:00:09 Job was unsuspended.
...
010 (142.000.000) 04/10 11:23:56 Job was suspended.
	Number of processes actually suspended: 13
...
011 (142.000.000) 04/10 11:38:57 Job was unsuspended.
...
004 (142.000.000) 04/10 11:38:57 Job was evicted.
	(0) Job was not checkpointed.
		Usr 0 05:35:40, Sys 0 00:02:25  -  Run Remote Usage
		Usr 0 00:00:00, Sys 0 00:00:00  -  Run Local Usage
	0  -  Run Bytes Sent By Job
	0  -  Run Bytes Received By Job
	Partitionable Resources :    Usage  Request Allocated
	   Cpus                 :                 1         1
	   Disk (KB)            :        7        7    952337
	   Gpus                 :                 1         1
	   Memory (MB)          :     1608     4096      4096
...
001 (142.000.000) 04/11 00:25:07 Job executing on host: <10.33.133.57:9618?addrs=10.33.133.57-9618+[--1]-9618&noUDP&sock=1369_993e_3>
...
010 (142.000.000) 04/11 10:29:53 Job was suspended.
	Number of processes actually suspended: 27
...
011 (142.000.000) 04/11 10:42:30 Job was unsuspended.
...
010 (142.000.000) 04/11 10:49:00 Job was suspended.
	Number of processes actually suspended: 27
...
011 (142.000.000) 04/11 10:54:46 Job was unsuspended.
...
010 (142.000.000) 04/11 11:15:27 Job was suspended.
	Number of processes actually suspended: 27
...
011 (142.000.000) 04/11 11:23:41 Job was unsuspended.
...
010 (142.000.000) 04/11 11:35:42 Job was suspended.
	Number of processes actually suspended: 27
...
011 (142.000.000) 04/11 11:48:54 Job was unsuspended.
...
005 (142.000.000) 04/11 12:03:29 Job terminated.
	(1) Normal termination (return value 0)
		Usr 0 12:37:15, Sys 0 01:34:15  -  Run Remote Usage
		Usr 0 00:00:00, Sys 0 00:00:00  -  Run Local Usage
		Usr 0 12:37:15, Sys 0 01:34:15  -  Total Remote Usage
		Usr 0 00:00:00, Sys 0 00:00:00  -  Total Local Usage
	0  -  Run Bytes Sent By Job
	0  -  Run Bytes Received By Job
	0  -  Total Bytes Sent By Job
	0  -  Total Bytes Received By Job
	Partitionable Resources :    Usage  Request Allocated
	   Cpus                 :                 1         1
	   Disk (KB)            :        7        7  35561006
	   Gpus                 :                 1         1
	   Memory (MB)          :     1713     4096      4096
...
000 (146.000.000) 04/11 12:03:38 Job submitted from host: <10.33.133.65:9618?addrs=10.33.133.65-9618+[--1]-9618&noUDP&sock=18891_3bb2_4>
    DAG Node: topic_lda
...
001 (146.000.000) 04/11 21:59:52 Job executing on host: <10.33.133.192:9618?addrs=10.33.133.192-9618+[--1]-9618&noUDP&sock=1351_4089_3>
...
005 (146.000.000) 04/12 11:47:07 Job terminated.
	(1) Normal termination (return value 0)
		Usr 0 18:32:35, Sys 0 02:13:23  -  Run Remote Usage
		Usr 0 00:00:00, Sys 0 00:00:00  -  Run Local Usage
		Usr 0 18:32:35, Sys 0 02:13:23  -  Total Remote Usage
		Usr 0 00:00:00, Sys 0 00:00:00  -  Total Local Usage
	0  -  Run Bytes Sent By Job
	0  -  Run Bytes Received By Job
	0  -  Total Bytes Sent By Job
	0  -  Total Bytes Received By Job
	Partitionable Resources :    Usage  Request Allocated
	   Cpus                 :                 1         1
	   Disk (KB)            :        7        7   3288953
	   Gpus                 :                 1         1
	   Memory (MB)          :     2008     4096      4096
...
000 (151.000.000) 04/12 11:47:15 Job submitted from host: <10.33.133.65:9618?addrs=10.33.133.65-9618+[--1]-9618&noUDP&sock=18891_3bb2_4>
    DAG Node: topic_int
...
001 (151.000.000) 04/13 06:02:47 Job executing on host: <10.33.133.200:9618?addrs=10.33.133.200-9618+[--1]-9618&noUDP&sock=1461_b3f4_3>
...
010 (151.000.000) 04/13 09:34:29 Job was suspended.
	Number of processes actually suspended: 13
...
011 (151.000.000) 04/13 09:40:40 Job was unsuspended.
...
005 (151.000.000) 04/13 12:22:57 Job terminated.
	(1) Normal termination (return value 0)
		Usr 0 02:51:07, Sys 0 00:11:53  -  Run Remote Usage
		Usr 0 00:00:00, Sys 0 00:00:00  -  Run Local Usage
		Usr 0 02:51:07, Sys 0 00:11:53  -  Total Remote Usage
		Usr 0 00:00:00, Sys 0 00:00:00  -  Total Local Usage
	0  -  Run Bytes Sent By Job
	0  -  Run Bytes Received By Job
	0  -  Total Bytes Sent By Job
	0  -  Total Bytes Received By Job
	Partitionable Resources :    Usage  Request Allocated
	   Cpus                 :                 1         1
	   Disk (KB)            :        7        7   1769218
	   Gpus                 :                 1         1
	   Memory (MB)          :     1535     4096      4096
...
000 (155.000.000) 04/13 12:23:05 Job submitted from host: <10.33.133.65:9618?addrs=10.33.133.65-9618+[--1]-9618&noUDP&sock=18891_3bb2_4>
    DAG Node: topic_test
...
000 (156.000.000) 04/13 12:23:05 Job submitted from host: <10.33.133.65:9618?addrs=10.33.133.65-9618+[--1]-9618&noUDP&sock=18891_3bb2_4>
    DAG Node: topic_ds_interpol_0
...
000 (157.000.000) 04/13 12:23:05 Job submitted from host: <10.33.133.65:9618?addrs=10.33.133.65-9618+[--1]-9618&noUDP&sock=18891_3bb2_4>
    DAG Node: topic_ds_interpol_1
...
001 (155.000.000) 04/16 15:40:14 Job executing on host: <10.33.133.115:9618?addrs=10.33.133.115-9618+[--1]-9618&noUDP&sock=1215_f7a8_3>
...
005 (155.000.000) 04/16 15:40:27 Job terminated.
	(1) Normal termination (return value 0)
		Usr 0 00:00:01, Sys 0 00:00:00  -  Run Remote Usage
		Usr 0 00:00:00, Sys 0 00:00:00  -  Run Local Usage
		Usr 0 00:00:01, Sys 0 00:00:00  -  Total Remote Usage
		Usr 0 00:00:00, Sys 0 00:00:00  -  Total Local Usage
	0  -  Run Bytes Sent By Job
	0  -  Run Bytes Received By Job
	0  -  Total Bytes Sent By Job
	0  -  Total Bytes Received By Job
	Partitionable Resources :    Usage  Request Allocated
	   Cpus                 :                 1         1
	   Disk (KB)            :        7        7  17875240
	   Gpus                 :                 1         1
	   Memory (MB)          :       67     4096      4096
...
001 (156.000.000) 04/16 15:40:27 Job executing on host: <10.33.133.115:9618?addrs=10.33.133.115-9618+[--1]-9618&noUDP&sock=1215_f7a8_3>
...
005 (156.000.000) 04/16 16:00:03 Job terminated.
	(1) Normal termination (return value 0)
		Usr 0 00:10:51, Sys 0 00:01:11  -  Run Remote Usage
		Usr 0 00:00:00, Sys 0 00:00:00  -  Run Local Usage
		Usr 0 00:10:51, Sys 0 00:01:11  -  Total Remote Usage
		Usr 0 00:00:00, Sys 0 00:00:00  -  Total Local Usage
	0  -  Run Bytes Sent By Job
	0  -  Run Bytes Received By Job
	0  -  Total Bytes Sent By Job
	0  -  Total Bytes Received By Job
	Partitionable Resources :    Usage  Request Allocated
	   Cpus                 :                 1         1
	   Disk (KB)            :        7        7  17875240
	   Gpus                 :                 1         1
	   Memory (MB)          :     1432     4096      4096
...
001 (157.000.000) 04/16 16:45:21 Job executing on host: <10.33.133.111:9618?addrs=10.33.133.111-9618+[--1]-9618&noUDP&sock=1205_1bb6_24>
...
010 (157.000.000) 04/16 16:49:06 Job was suspended.
	Number of processes actually suspended: 12
...
011 (157.000.000) 04/16 16:51:06 Job was unsuspended.
...
005 (157.000.000) 04/16 17:06:00 Job terminated.
	(1) Normal termination (return value 0)
		Usr 0 00:10:39, Sys 0 00:01:14  -  Run Remote Usage
		Usr 0 00:00:00, Sys 0 00:00:00  -  Run Local Usage
		Usr 0 00:10:39, Sys 0 00:01:14  -  Total Remote Usage
		Usr 0 00:00:00, Sys 0 00:00:00  -  Total Local Usage
	0  -  Run Bytes Sent By Job
	0  -  Run Bytes Received By Job
	0  -  Total Bytes Sent By Job
	0  -  Total Bytes Received By Job
	Partitionable Resources :    Usage  Request Allocated
	   Cpus                 :                 1         1
	   Disk (KB)            :        7        7  13764125
	   Gpus                 :                 1         1
	   Memory (MB)          :     1328     4096      4096
...
000 (158.000.000) 04/16 17:06:09 Job submitted from host: <10.33.133.65:9618?addrs=10.33.133.65-9618+[--1]-9618&noUDP&sock=18891_3bb2_4>
    DAG Node: compute_best_mix
...
001 (158.000.000) 04/16 17:06:12 Job executing on host: <10.33.133.185:9618?addrs=10.33.133.185-9618+[--1]-9618&noUDP&sock=1152_c131_3>
...
005 (158.000.000) 04/16 17:06:12 Job terminated.
	(1) Normal termination (return value 1)
		Usr 0 00:00:00, Sys 0 00:00:00  -  Run Remote Usage
		Usr 0 00:00:00, Sys 0 00:00:00  -  Run Local Usage
		Usr 0 00:00:00, Sys 0 00:00:00  -  Total Remote Usage
		Usr 0 00:00:00, Sys 0 00:00:00  -  Total Local Usage
	0  -  Run Bytes Sent By Job
	0  -  Run Bytes Received By Job
	0  -  Total Bytes Sent By Job
	0  -  Total Bytes Received By Job
	Partitionable Resources :    Usage  Request Allocated
	   Cpus                 :                 1         1
	   Disk (KB)            :        1        1   8496687
	   Gpus                 :                           0
	   Memory (MB)          :        0     4096      4096
...
