job started
Epoch: 1 Learning rate: 1.000
0.000 perplexity: 49640.105 speed: 723 wps
0.100 perplexity: 421.231 speed: 2876 wps
0.200 perplexity: 344.383 speed: 2894 wps
0.300 perplexity: 308.612 speed: 2898 wps
0.400 perplexity: 286.791 speed: 2903 wps
0.500 perplexity: 271.712 speed: 2912 wps
0.600 perplexity: 260.427 speed: 2913 wps
0.700 perplexity: 251.270 speed: 2915 wps
0.800 perplexity: 243.824 speed: 2914 wps
0.900 perplexity: 237.660 speed: 2915 wps
1.000 perplexity: 232.274 speed: 2916 wps
Epoch: 1 Train Perplexity: 232.273
with(perplexity: 181.616) speed: 4967 wps
Epoch: 1 Valid Perplexity: 181.616
Epoch: 2 Learning rate: 1.000
0.000 perplexity: 216.127 speed: 3156 wps
0.100 perplexity: 183.637 speed: 3134 wps
0.200 perplexity: 183.155 speed: 3123 wps
0.300 perplexity: 181.504 speed: 3130 wps
0.400 perplexity: 180.022 speed: 3172 wps
0.500 perplexity: 178.806 speed: 3019 wps
0.600 perplexity: 177.709 speed: 3035 wps
0.700 perplexity: 176.540 speed: 3074 wps
0.800 perplexity: 175.488 speed: 3111 wps
0.900 perplexity: 174.547 speed: 3128 wps
1.000 perplexity: 173.599 speed: 3143 wps
Epoch: 2 Train Perplexity: 173.599
with(perplexity: 156.626) speed: 5418 wps
Epoch: 2 Valid Perplexity: 156.626
Epoch: 3 Learning rate: 1.000
0.000 perplexity: 187.977 speed: 9054 wps
0.100 perplexity: 162.400 speed: 3260 wps
0.200 perplexity: 162.739 speed: 3349 wps
0.300 perplexity: 161.933 speed: 3357 wps
0.400 perplexity: 161.219 speed: 3298 wps
0.500 perplexity: 160.679 speed: 3293 wps
0.600 perplexity: 160.216 speed: 3312 wps
0.700 perplexity: 159.642 speed: 3324 wps
0.800 perplexity: 159.152 speed: 3299 wps
0.900 perplexity: 158.729 speed: 3277 wps
1.000 perplexity: 158.273 speed: 3260 wps
Epoch: 3 Train Perplexity: 158.273
with(perplexity: 144.926) speed: 5055 wps
Epoch: 3 Valid Perplexity: 144.926
with(perplexity: 120.351) speed: 49 wps
Test Perplexity: 120.351
Saving model to /esat/spchtemp/scratch/robbe/SpeechHub/embedding_experiments/output/embedding_0/embedding_0.
