000 (289.000.000) 03/22 16:18:50 Job submitted from host: <10.33.133.154:9618?addrs=10.33.133.154-9618+[--1]-9618&noUDP&sock=29983_6c2f_3>
    DAG Node: create_embedding
...
001 (289.000.000) 03/22 19:57:45 Job executing on host: <10.33.133.43:9618?addrs=10.33.133.43-9618+[--1]-9618&noUDP&sock=1468_811e_3>
...
010 (289.000.000) 03/23 13:06:26 Job was suspended.
	Number of processes actually suspended: 0
...
011 (289.000.000) 03/23 13:11:25 Job was unsuspended.
...
005 (289.000.000) 03/24 06:41:01 Job terminated.
	(1) Normal termination (return value 0)
		Usr 0 08:23:16, Sys 0 00:33:01  -  Run Remote Usage
		Usr 0 00:00:00, Sys 0 00:00:00  -  Run Local Usage
		Usr 0 08:23:16, Sys 0 00:33:01  -  Total Remote Usage
		Usr 0 00:00:00, Sys 0 00:00:00  -  Total Local Usage
	0  -  Run Bytes Sent By Job
	0  -  Run Bytes Received By Job
	0  -  Total Bytes Sent By Job
	0  -  Total Bytes Received By Job
	Partitionable Resources :    Usage  Request Allocated
	   Cpus                 :                 1         1
	   Disk (KB)            :        7        7  20914867
	   Gpus                 :                 1         1
	   Memory (MB)          :     1068     2048      2048
...
000 (350.000.000) 03/24 06:41:11 Job submitted from host: <10.33.133.154:9618?addrs=10.33.133.154-9618+[--1]-9618&noUDP&sock=29983_6c2f_3>
    DAG Node: nn_embedding
...
000 (351.000.000) 03/24 06:41:11 Job submitted from host: <10.33.133.154:9618?addrs=10.33.133.154-9618+[--1]-9618&noUDP&sock=29983_6c2f_3>
    DAG Node: relations_embedding
...
001 (350.000.000) 03/24 09:50:09 Job executing on host: <10.33.133.177:9618?addrs=10.33.133.177-9618+[--1]-9618&noUDP&sock=1129_fa83_3>
...
005 (350.000.000) 03/24 09:52:53 Job terminated.
	(1) Normal termination (return value 0)
		Usr 0 00:02:25, Sys 0 00:00:01  -  Run Remote Usage
		Usr 0 00:00:00, Sys 0 00:00:00  -  Run Local Usage
		Usr 0 00:02:25, Sys 0 00:00:01  -  Total Remote Usage
		Usr 0 00:00:00, Sys 0 00:00:00  -  Total Local Usage
	0  -  Run Bytes Sent By Job
	0  -  Run Bytes Received By Job
	0  -  Total Bytes Sent By Job
	0  -  Total Bytes Received By Job
	Partitionable Resources :    Usage  Request Allocated
	   Cpus                 :                 1         1
	   Disk (KB)            :        7        7   8884439
	   Gpus                 :                 1         1
	   Memory (MB)          :       43     2048      2048
...
001 (351.000.000) 03/24 09:52:53 Job executing on host: <10.33.133.177:9618?addrs=10.33.133.177-9618+[--1]-9618&noUDP&sock=1129_fa83_3>
...
005 (351.000.000) 03/24 09:55:22 Job terminated.
	(1) Normal termination (return value 0)
		Usr 0 00:02:25, Sys 0 00:00:01  -  Run Remote Usage
		Usr 0 00:00:00, Sys 0 00:00:00  -  Run Local Usage
		Usr 0 00:02:25, Sys 0 00:00:01  -  Total Remote Usage
		Usr 0 00:00:00, Sys 0 00:00:00  -  Total Local Usage
	0  -  Run Bytes Sent By Job
	0  -  Run Bytes Received By Job
	0  -  Total Bytes Sent By Job
	0  -  Total Bytes Received By Job
	Partitionable Resources :    Usage  Request Allocated
	   Cpus                 :                 1         1
	   Disk (KB)            :        7        7   8884439
	   Gpus                 :                 1         1
	   Memory (MB)          :      172     2048      2048
...
