04/10/17 16:08:23 ******************************************************
04/10/17 16:08:23 ** condor_scheduniv_exec.9.0 (CONDOR_DAGMAN) STARTING UP
04/10/17 16:08:23 ** /usr/bin/condor_dagman
04/10/17 16:08:23 ** SubsystemInfo: name=DAGMAN type=DAGMAN(10) class=DAEMON(1)
04/10/17 16:08:23 ** Configuration: subsystem:DAGMAN local:<NONE> class:DAEMON
04/10/17 16:08:23 ** $CondorVersion: 8.6.1 Mar 01 2017 BuildID: 398585 $
04/10/17 16:08:23 ** $CondorPlatform: x86_64_RedHat7 $
04/10/17 16:08:23 ** PID = 8167
04/10/17 16:08:23 ** Log last touched time unavailable (No such file or directory)
04/10/17 16:08:23 ******************************************************
04/10/17 16:08:23 Using config source: /etc/condor/condor_config
04/10/17 16:08:23 Using local config sources: 
04/10/17 16:08:23    /etc/condor/config.d/00esat.config
04/10/17 16:08:23    /etc/condor/config.d/01java.config
04/10/17 16:08:23    /etc/condor/config.d/80optout_users.config
04/10/17 16:08:23    /etc/condor/condor_config.local
04/10/17 16:08:23 config Macros = 174, Sorted = 174, StringBytes = 6647, TablesBytes = 6336
04/10/17 16:08:23 CLASSAD_CACHING is ENABLED
04/10/17 16:08:23 Daemon Log is logging: D_ALWAYS D_ERROR
04/10/17 16:08:23 DaemonCore: No command port requested.
04/10/17 16:08:23 DAGMAN_USE_STRICT setting: 1
04/10/17 16:08:23 DAGMAN_VERBOSITY setting: 3
04/10/17 16:08:23 DAGMAN_DEBUG_CACHE_SIZE setting: 5242880
04/10/17 16:08:23 DAGMAN_DEBUG_CACHE_ENABLE setting: False
04/10/17 16:08:23 DAGMAN_SUBMIT_DELAY setting: 0
04/10/17 16:08:23 DAGMAN_MAX_SUBMIT_ATTEMPTS setting: 6
04/10/17 16:08:23 DAGMAN_STARTUP_CYCLE_DETECT setting: False
04/10/17 16:08:23 DAGMAN_MAX_SUBMITS_PER_INTERVAL setting: 5
04/10/17 16:08:23 DAGMAN_USER_LOG_SCAN_INTERVAL setting: 5
04/10/17 16:08:23 DAGMAN_DEFAULT_PRIORITY setting: 0
04/10/17 16:08:23 DAGMAN_SUPPRESS_NOTIFICATION setting: True
04/10/17 16:08:23 allow_events (DAGMAN_ALLOW_EVENTS) setting: 114
04/10/17 16:08:23 DAGMAN_RETRY_SUBMIT_FIRST setting: True
04/10/17 16:08:23 DAGMAN_RETRY_NODE_FIRST setting: False
04/10/17 16:08:23 DAGMAN_MAX_JOBS_IDLE setting: 1000
04/10/17 16:08:23 DAGMAN_MAX_JOBS_SUBMITTED setting: 0
04/10/17 16:08:23 DAGMAN_MAX_PRE_SCRIPTS setting: 20
04/10/17 16:08:23 DAGMAN_MAX_POST_SCRIPTS setting: 20
04/10/17 16:08:23 DAGMAN_MUNGE_NODE_NAMES setting: True
04/10/17 16:08:23 DAGMAN_PROHIBIT_MULTI_JOBS setting: False
04/10/17 16:08:23 DAGMAN_SUBMIT_DEPTH_FIRST setting: False
04/10/17 16:08:23 DAGMAN_ALWAYS_RUN_POST setting: False
04/10/17 16:08:23 DAGMAN_ABORT_DUPLICATES setting: True
04/10/17 16:08:23 DAGMAN_ABORT_ON_SCARY_SUBMIT setting: True
04/10/17 16:08:23 DAGMAN_PENDING_REPORT_INTERVAL setting: 600
04/10/17 16:08:23 DAGMAN_AUTO_RESCUE setting: True
04/10/17 16:08:23 DAGMAN_MAX_RESCUE_NUM setting: 100
04/10/17 16:08:23 DAGMAN_WRITE_PARTIAL_RESCUE setting: True
04/10/17 16:08:23 DAGMAN_DEFAULT_NODE_LOG setting: @(DAG_DIR)/@(DAG_FILE).nodes.log
04/10/17 16:08:23 DAGMAN_GENERATE_SUBDAG_SUBMITS setting: True
04/10/17 16:08:23 DAGMAN_MAX_JOB_HOLDS setting: 100
04/10/17 16:08:23 DAGMAN_HOLD_CLAIM_TIME setting: 20
04/10/17 16:08:23 ALL_DEBUG setting: 
04/10/17 16:08:23 DAGMAN_DEBUG setting: 
04/10/17 16:08:23 DAGMAN_SUPPRESS_JOB_LOGS setting: False
04/10/17 16:08:23 DAGMAN_REMOVE_NODE_JOBS setting: True
04/10/17 16:08:23 argv[0] == "condor_scheduniv_exec.9.0"
04/10/17 16:08:23 argv[1] == "-Lockfile"
04/10/17 16:08:23 argv[2] == "skipgram_gensim_64.dag.lock"
04/10/17 16:08:23 argv[3] == "-AutoRescue"
04/10/17 16:08:23 argv[4] == "1"
04/10/17 16:08:23 argv[5] == "-DoRescueFrom"
04/10/17 16:08:23 argv[6] == "0"
04/10/17 16:08:23 argv[7] == "-Dag"
04/10/17 16:08:23 argv[8] == "skipgram_gensim_64.dag"
04/10/17 16:08:23 argv[9] == "-Suppress_notification"
04/10/17 16:08:23 argv[10] == "-CsdVersion"
04/10/17 16:08:23 argv[11] == "$CondorVersion: 8.6.1 Mar 01 2017 BuildID: 398585 $"
04/10/17 16:08:23 argv[12] == "-Dagman"
04/10/17 16:08:23 argv[13] == "/usr/bin/condor_dagman"
04/10/17 16:08:23 Workflow batch-name: <skipgram_gensim_64.dag+9>
04/10/17 16:08:23 Workflow accounting_group: <>
04/10/17 16:08:23 Workflow accounting_group_user: <>
04/10/17 16:08:23 Warning: failed to get attribute DAGNodeName
04/10/17 16:08:23 DAGMAN_LOG_ON_NFS_IS_ERROR setting: False
04/10/17 16:08:23 Default node log file is: </esat/spchtemp/scratch/wboes/SpeechHub/embedding_experiments/python/jobdag/./skipgram_gensim_64.dag.nodes.log>
04/10/17 16:08:23 DAG Lockfile will be written to skipgram_gensim_64.dag.lock
04/10/17 16:08:23 DAG Input file is skipgram_gensim_64.dag
04/10/17 16:08:23 Parsing 1 dagfiles
04/10/17 16:08:23 Parsing skipgram_gensim_64.dag ...
04/10/17 16:08:23 Dag contains 1 total jobs
04/10/17 16:08:23 Sleeping for 3 seconds to ensure ProcessId uniqueness
04/10/17 16:08:26 Bootstrapping...
04/10/17 16:08:26 Number of pre-completed nodes: 0
04/10/17 16:08:26 MultiLogFiles: truncating log file /esat/spchtemp/scratch/wboes/SpeechHub/embedding_experiments/python/jobdag/./skipgram_gensim_64.dag.nodes.log
04/10/17 16:08:26 DAG status: 0 (DAG_STATUS_OK)
04/10/17 16:08:26 Of 1 nodes total:
04/10/17 16:08:26  Done     Pre   Queued    Post   Ready   Un-Ready   Failed
04/10/17 16:08:26   ===     ===      ===     ===     ===        ===      ===
04/10/17 16:08:26     0       0        0       0       1          0        0
04/10/17 16:08:26 0 job proc(s) currently held
04/10/17 16:08:26 Registering condor_event_timer...
04/10/17 16:08:27 Submitting HTCondor Node skipgram_gensim_64 job(s)...
04/10/17 16:08:27 Adding a DAGMan workflow log /esat/spchtemp/scratch/wboes/SpeechHub/embedding_experiments/python/jobdag/./skipgram_gensim_64.dag.nodes.log
04/10/17 16:08:27 Masking the events recorded in the DAGMAN workflow log
04/10/17 16:08:27 Mask for workflow log is 0,1,2,4,5,7,9,10,11,12,13,16,17,24,27
04/10/17 16:08:27 submitting: /usr/bin/condor_submit -a dag_node_name' '=' 'skipgram_gensim_64 -a +DAGManJobId' '=' '9 -a DAGManJobId' '=' '9 -batch-name skipgram_gensim_64.dag+9 -a submit_event_notes' '=' 'DAG' 'Node:' 'skipgram_gensim_64 -a dagman_log' '=' '/esat/spchtemp/scratch/wboes/SpeechHub/embedding_experiments/python/jobdag/./skipgram_gensim_64.dag.nodes.log -a +DAGManNodesMask' '=' '"0,1,2,4,5,7,9,10,11,12,13,16,17,24,27" -a DAG_STATUS' '=' '0 -a FAILED_COUNT' '=' '0 -a notification' '=' 'never -a +DAGParentNodeNames' '=' '"" jobdag/skipgram_gensim_64.job
04/10/17 16:08:27 From submit: Submitting job(s).
04/10/17 16:08:27 From submit: 1 job(s) submitted to cluster 10.
04/10/17 16:08:27 	assigned HTCondor ID (10.0.0)
04/10/17 16:08:27 Just submitted 1 job this cycle...
04/10/17 16:08:27 Currently monitoring 1 HTCondor log file(s)
04/10/17 16:08:27 Reassigning the id of job skipgram_gensim_64 from (10.0.0) to (10.0.0)
04/10/17 16:08:27 Event: ULOG_SUBMIT for HTCondor Node skipgram_gensim_64 (10.0.0) {04/10/17 16:08:27}
04/10/17 16:08:27 Number of idle job procs: 1
04/10/17 16:08:27 DAG status: 0 (DAG_STATUS_OK)
04/10/17 16:08:27 Of 1 nodes total:
04/10/17 16:08:27  Done     Pre   Queued    Post   Ready   Un-Ready   Failed
04/10/17 16:08:27   ===     ===      ===     ===     ===        ===      ===
04/10/17 16:08:27     0       0        1       0       0          0        0
04/10/17 16:08:27 0 job proc(s) currently held
04/10/17 16:08:37 Currently monitoring 1 HTCondor log file(s)
04/10/17 16:08:37 Event: ULOG_EXECUTE for HTCondor Node skipgram_gensim_64 (10.0.0) {04/10/17 16:08:34}
04/10/17 16:08:37 Number of idle job procs: 0
04/10/17 16:18:38 601 seconds since last log event
04/10/17 16:18:38 Pending DAG nodes:
04/10/17 16:18:38   Node skipgram_gensim_64, HTCondor ID 10, status STATUS_SUBMITTED
04/10/17 16:21:24 Currently monitoring 1 HTCondor log file(s)
04/10/17 16:21:24 Event: ULOG_JOB_TERMINATED for HTCondor Node skipgram_gensim_64 (10.0.0) {04/10/17 16:21:20}
04/10/17 16:21:24 Number of idle job procs: 0
04/10/17 16:21:24 Node skipgram_gensim_64 job proc (10.0.0) completed successfully.
04/10/17 16:21:24 Node skipgram_gensim_64 job completed
04/10/17 16:21:24 DAG status: 0 (DAG_STATUS_OK)
04/10/17 16:21:24 Of 1 nodes total:
04/10/17 16:21:24  Done     Pre   Queued    Post   Ready   Un-Ready   Failed
04/10/17 16:21:24   ===     ===      ===     ===     ===        ===      ===
04/10/17 16:21:24     1       0        0       0       0          0        0
04/10/17 16:21:24 0 job proc(s) currently held
04/10/17 16:21:24 All jobs Completed!
04/10/17 16:21:24 Note: 0 total job deferrals because of -MaxJobs limit (0)
04/10/17 16:21:24 Note: 0 total job deferrals because of -MaxIdle limit (1000)
04/10/17 16:21:24 Note: 0 total job deferrals because of node category throttles
04/10/17 16:21:24 Note: 0 total PRE script deferrals because of -MaxPre limit (20) or DEFER
04/10/17 16:21:24 Note: 0 total POST script deferrals because of -MaxPost limit (20) or DEFER
04/10/17 16:21:24 DAG status: 0 (DAG_STATUS_OK)
04/10/17 16:21:24 Of 1 nodes total:
04/10/17 16:21:24  Done     Pre   Queued    Post   Ready   Un-Ready   Failed
04/10/17 16:21:24   ===     ===      ===     ===     ===        ===      ===
04/10/17 16:21:24     1       0        0       0       0          0        0
04/10/17 16:21:24 0 job proc(s) currently held
04/10/17 16:21:24 Wrote metrics file skipgram_gensim_64.dag.metrics.
04/10/17 16:21:24 Metrics not sent because of PEGASUS_METRICS or CONDOR_DEVELOPERS setting.
04/10/17 16:21:24 **** condor_scheduniv_exec.9.0 (condor_DAGMAN) pid 8167 EXITING WITH STATUS 0
