000 (712.000.000) 04/07 16:03:38 Job submitted from host: <10.33.133.154:9618?addrs=10.33.133.154-9618+[--1]-9618&noUDP&sock=1370_48d6_3>
    DAG Node: skipgram_gensim_128
...
000 (713.000.000) 04/07 16:03:38 Job submitted from host: <10.33.133.154:9618?addrs=10.33.133.154-9618+[--1]-9618&noUDP&sock=1370_48d6_3>
    DAG Node: skipgram_gensim_200
...
000 (714.000.000) 04/07 16:03:39 Job submitted from host: <10.33.133.154:9618?addrs=10.33.133.154-9618+[--1]-9618&noUDP&sock=1370_48d6_3>
    DAG Node: skipgram_gensim_256
...
001 (712.000.000) 04/07 16:03:57 Job executing on host: <10.33.133.166:9618?addrs=10.33.133.166-9618+[--1]-9618&noUDP&sock=1099_66ac_3>
...
001 (714.000.000) 04/07 16:03:59 Job executing on host: <10.33.133.45:9618?addrs=10.33.133.45-9618+[--1]-9618&noUDP&sock=1389_5123_3>
...
001 (713.000.000) 04/07 16:04:00 Job executing on host: <10.33.133.83:9618?addrs=10.33.133.83-9618+[--1]-9618&noUDP&sock=1443_5b40_3>
...
005 (713.000.000) 04/07 16:32:09 Job terminated.
	(1) Normal termination (return value 0)
		Usr 0 01:24:20, Sys 0 00:00:11  -  Run Remote Usage
		Usr 0 00:00:00, Sys 0 00:00:00  -  Run Local Usage
		Usr 0 01:24:20, Sys 0 00:00:11  -  Total Remote Usage
		Usr 0 00:00:00, Sys 0 00:00:00  -  Total Local Usage
	0  -  Run Bytes Sent By Job
	0  -  Run Bytes Received By Job
	0  -  Total Bytes Sent By Job
	0  -  Total Bytes Received By Job
	Partitionable Resources :    Usage  Request Allocated
	   Cpus                 :                 1         1
	   Disk (KB)            :        7        7   3896250
	   Gpus                 :                           0
	   Memory (MB)          :      148    14336     14336
...
005 (714.000.000) 04/07 16:36:06 Job terminated.
	(1) Normal termination (return value 0)
		Usr 0 01:36:51, Sys 0 00:00:09  -  Run Remote Usage
		Usr 0 00:00:00, Sys 0 00:00:00  -  Run Local Usage
		Usr 0 01:36:51, Sys 0 00:00:09  -  Total Remote Usage
		Usr 0 00:00:00, Sys 0 00:00:00  -  Total Local Usage
	0  -  Run Bytes Sent By Job
	0  -  Run Bytes Received By Job
	0  -  Total Bytes Sent By Job
	0  -  Total Bytes Received By Job
	Partitionable Resources :    Usage  Request Allocated
	   Cpus                 :                 1         1
	   Disk (KB)            :        7        7   3896250
	   Gpus                 :                           0
	   Memory (MB)          :      170    14336     14336
...
005 (712.000.000) 04/07 17:41:26 Job terminated.
	(1) Normal termination (return value 0)
		Usr 0 04:52:42, Sys 0 00:00:59  -  Run Remote Usage
		Usr 0 00:00:00, Sys 0 00:00:00  -  Run Local Usage
		Usr 0 04:52:42, Sys 0 00:00:59  -  Total Remote Usage
		Usr 0 00:00:00, Sys 0 00:00:00  -  Total Local Usage
	0  -  Run Bytes Sent By Job
	0  -  Run Bytes Received By Job
	0  -  Total Bytes Sent By Job
	0  -  Total Bytes Received By Job
	Partitionable Resources :    Usage  Request Allocated
	   Cpus                 :                 1         1
	   Disk (KB)            :        7        7    705669
	   Gpus                 :                           0
	   Memory (MB)          :      121    14336     14336
...
