000 (1047.000.000) 05/05 10:11:18 Job submitted from host: <10.33.133.154:9618?addrs=10.33.133.154-9618+[--1]-9618&noUDP&sock=1383_3391_3>
    DAG Node: cbow_tfidf_lstm
...
001 (1047.000.000) 05/05 20:15:20 Job executing on host: <10.33.133.57:9618?addrs=10.33.133.57-9618+[--1]-9618&noUDP&sock=1311_d0c0_3>
...
006 (1047.000.000) 05/05 20:15:28 Image size of job updated: 85924
	66  -  MemoryUsage of job (MB)
	66564  -  ResidentSetSize of job (KB)
...
006 (1047.000.000) 05/05 20:20:28 Image size of job updated: 1298212
	1071  -  MemoryUsage of job (MB)
	1096248  -  ResidentSetSize of job (KB)
...
006 (1047.000.000) 05/05 20:25:29 Image size of job updated: 1307188
	1080  -  MemoryUsage of job (MB)
	1105224  -  ResidentSetSize of job (KB)
...
006 (1047.000.000) 05/05 20:30:30 Image size of job updated: 1307464
	1080  -  MemoryUsage of job (MB)
	1105500  -  ResidentSetSize of job (KB)
...
006 (1047.000.000) 05/05 20:35:31 Image size of job updated: 1315444
	1088  -  MemoryUsage of job (MB)
	1113480  -  ResidentSetSize of job (KB)
...
006 (1047.000.000) 05/05 20:40:31 Image size of job updated: 1315468
	1088  -  MemoryUsage of job (MB)
	1113504  -  ResidentSetSize of job (KB)
...
006 (1047.000.000) 05/05 20:45:31 Image size of job updated: 1315748
	1088  -  MemoryUsage of job (MB)
	1113784  -  ResidentSetSize of job (KB)
...
006 (1047.000.000) 05/05 20:50:32 Image size of job updated: 1315752
	1088  -  MemoryUsage of job (MB)
	1113788  -  ResidentSetSize of job (KB)
...
006 (1047.000.000) 05/05 20:55:33 Image size of job updated: 1323428
	1096  -  MemoryUsage of job (MB)
	1121464  -  ResidentSetSize of job (KB)
...
006 (1047.000.000) 05/05 21:00:33 Image size of job updated: 1331080
	1103  -  MemoryUsage of job (MB)
	1129116  -  ResidentSetSize of job (KB)
...
006 (1047.000.000) 05/05 21:05:33 Image size of job updated: 1338716
	1111  -  MemoryUsage of job (MB)
	1136752  -  ResidentSetSize of job (KB)
...
006 (1047.000.000) 05/05 21:10:33 Image size of job updated: 1338720
	1111  -  MemoryUsage of job (MB)
	1136756  -  ResidentSetSize of job (KB)
...
006 (1047.000.000) 05/05 21:20:35 Image size of job updated: 1338728
	1111  -  MemoryUsage of job (MB)
	1136764  -  ResidentSetSize of job (KB)
...
006 (1047.000.000) 05/05 21:45:38 Image size of job updated: 1338736
	1111  -  MemoryUsage of job (MB)
	1136772  -  ResidentSetSize of job (KB)
...
006 (1047.000.000) 05/05 21:55:39 Image size of job updated: 1338812
	1111  -  MemoryUsage of job (MB)
	1136848  -  ResidentSetSize of job (KB)
...
006 (1047.000.000) 05/05 22:40:43 Image size of job updated: 1338824
	1111  -  MemoryUsage of job (MB)
	1136860  -  ResidentSetSize of job (KB)
...
006 (1047.000.000) 05/05 22:50:44 Image size of job updated: 1338872
	1111  -  MemoryUsage of job (MB)
	1136884  -  ResidentSetSize of job (KB)
...
006 (1047.000.000) 05/05 22:55:44 Image size of job updated: 1340032
	1112  -  MemoryUsage of job (MB)
	1138044  -  ResidentSetSize of job (KB)
...
006 (1047.000.000) 05/05 23:00:44 Image size of job updated: 1347884
	1120  -  MemoryUsage of job (MB)
	1145896  -  ResidentSetSize of job (KB)
...
006 (1047.000.000) 05/06 03:56:56 Image size of job updated: 1434368
	1120  -  MemoryUsage of job (MB)
	1145896  -  ResidentSetSize of job (KB)
...
005 (1047.000.000) 05/06 03:56:56 Job terminated.
	(1) Normal termination (return value 0)
		Usr 0 10:35:37, Sys 0 01:10:54  -  Run Remote Usage
		Usr 0 00:00:00, Sys 0 00:00:00  -  Run Local Usage
		Usr 0 10:35:37, Sys 0 01:10:54  -  Total Remote Usage
		Usr 0 00:00:00, Sys 0 00:00:00  -  Total Local Usage
	0  -  Run Bytes Sent By Job
	0  -  Run Bytes Received By Job
	0  -  Total Bytes Sent By Job
	0  -  Total Bytes Received By Job
	Partitionable Resources :    Usage  Request Allocated
	   Cpus                 :                 1         1
	   Disk (KB)            :        7        7  35408038
	   Gpus                 :                 1         1
	   Memory (MB)          :     1120     8192      8192
...
