job started
Epoch: 1 Learning rate: 1.000
0.000 perplexity: 50053.975 speed: 872 wps
0.100 perplexity: 501.360 speed: 10784 wps
0.200 perplexity: 424.723 speed: 11274 wps
0.300 perplexity: 389.776 speed: 11324 wps
0.400 perplexity: 367.921 speed: 11344 wps
0.500 perplexity: 352.311 speed: 11356 wps
0.600 perplexity: 340.910 speed: 11435 wps
0.700 perplexity: 331.705 speed: 11464 wps
0.800 perplexity: 323.965 speed: 11459 wps
0.900 perplexity: 317.417 speed: 11452 wps
1.000 perplexity: 311.691 speed: 11473 wps
Epoch: 1 Train Perplexity: 311.691
with(perplexity: 255.097) speed: 19945 wps
Epoch: 1 Valid Perplexity: 255.097
Epoch: 2 Learning rate: 1.000
0.000 perplexity: 433.193 speed: 9314 wps
0.100 perplexity: 261.679 speed: 12175 wps
0.200 perplexity: 259.169 speed: 12062 wps
0.300 perplexity: 257.631 speed: 12023 wps
0.400 perplexity: 256.050 speed: 11997 wps
0.500 perplexity: 254.374 speed: 12052 wps
0.600 perplexity: 253.315 speed: 12082 wps
0.700 perplexity: 252.225 speed: 12070 wps
0.800 perplexity: 251.054 speed: 12054 wps
0.900 perplexity: 249.934 speed: 12043 wps
1.000 perplexity: 248.816 speed: 12079 wps
Epoch: 2 Train Perplexity: 248.817
with(perplexity: 230.376) speed: 21208 wps
Epoch: 2 Valid Perplexity: 230.376
Epoch: 3 Learning rate: 1.000
0.000 perplexity: 404.472 speed: 11999 wps
0.100 perplexity: 238.522 speed: 12307 wps
0.200 perplexity: 237.039 speed: 12212 wps
0.300 perplexity: 236.448 speed: 12179 wps
0.400 perplexity: 235.728 speed: 12148 wps
0.500 perplexity: 234.830 speed: 12131 wps
0.600 perplexity: 234.442 speed: 12193 wps
0.700 perplexity: 233.981 speed: 12233 wps
0.800 perplexity: 233.417 speed: 12216 wps
0.900 perplexity: 232.815 speed: 12218 wps
1.000 perplexity: 232.182 speed: 12218 wps
Epoch: 3 Train Perplexity: 232.183
with(perplexity: 218.841) speed: 20960 wps
Epoch: 3 Valid Perplexity: 218.841
with(perplexity: 232.518) speed: 399 wps
Test Perplexity: 232.518
Saving model to /esat/spchtemp/scratch/robbe/SpeechHub/untied_models_smallest/output/cbow_mean_soft_0/cbow_mean_soft_0.
hihi
