000 (1049.000.000) 05/05 10:11:24 Job submitted from host: <10.33.133.154:9618?addrs=10.33.133.154-9618+[--1]-9618&noUDP&sock=1383_3391_3>
    DAG Node: cbow_exp_soft
...
001 (1049.000.000) 05/06 02:39:44 Job executing on host: <10.33.133.71:9618?addrs=10.33.133.71-9618+[--1]-9618&noUDP&sock=1307_125f_3>
...
006 (1049.000.000) 05/06 02:39:53 Image size of job updated: 75544
	55  -  MemoryUsage of job (MB)
	56184  -  ResidentSetSize of job (KB)
...
006 (1049.000.000) 05/06 02:44:54 Image size of job updated: 1528896
	1296  -  MemoryUsage of job (MB)
	1326900  -  ResidentSetSize of job (KB)
...
006 (1049.000.000) 05/06 02:49:54 Image size of job updated: 1536360
	1304  -  MemoryUsage of job (MB)
	1334364  -  ResidentSetSize of job (KB)
...
006 (1049.000.000) 05/06 02:54:54 Image size of job updated: 1548744
	1316  -  MemoryUsage of job (MB)
	1346748  -  ResidentSetSize of job (KB)
...
006 (1049.000.000) 05/06 02:59:54 Image size of job updated: 1556112
	1323  -  MemoryUsage of job (MB)
	1354116  -  ResidentSetSize of job (KB)
...
006 (1049.000.000) 05/06 03:04:54 Image size of job updated: 1556116
	1323  -  MemoryUsage of job (MB)
	1354120  -  ResidentSetSize of job (KB)
...
006 (1049.000.000) 05/06 03:09:55 Image size of job updated: 1563508
	1330  -  MemoryUsage of job (MB)
	1361512  -  ResidentSetSize of job (KB)
...
006 (1049.000.000) 05/06 03:19:57 Image size of job updated: 1570892
	1337  -  MemoryUsage of job (MB)
	1368896  -  ResidentSetSize of job (KB)
...
006 (1049.000.000) 05/06 03:29:58 Image size of job updated: 1570952
	1337  -  MemoryUsage of job (MB)
	1368956  -  ResidentSetSize of job (KB)
...
006 (1049.000.000) 05/06 03:34:58 Image size of job updated: 1571016
	1337  -  MemoryUsage of job (MB)
	1369020  -  ResidentSetSize of job (KB)
...
006 (1049.000.000) 05/06 03:39:58 Image size of job updated: 1571080
	1337  -  MemoryUsage of job (MB)
	1369084  -  ResidentSetSize of job (KB)
...
006 (1049.000.000) 05/06 03:55:01 Image size of job updated: 1571144
	1338  -  MemoryUsage of job (MB)
	1369148  -  ResidentSetSize of job (KB)
...
006 (1049.000.000) 05/06 05:05:10 Image size of job updated: 1571148
	1338  -  MemoryUsage of job (MB)
	1369152  -  ResidentSetSize of job (KB)
...
006 (1049.000.000) 05/06 05:15:10 Image size of job updated: 1571156
	1338  -  MemoryUsage of job (MB)
	1369152  -  ResidentSetSize of job (KB)
...
006 (1049.000.000) 05/06 05:20:10 Image size of job updated: 1578712
	1345  -  MemoryUsage of job (MB)
	1376708  -  ResidentSetSize of job (KB)
...
006 (1049.000.000) 05/06 05:35:12 Image size of job updated: 1578712
	1345  -  MemoryUsage of job (MB)
	1376716  -  ResidentSetSize of job (KB)
...
006 (1049.000.000) 05/06 06:05:15 Image size of job updated: 1578840
	1345  -  MemoryUsage of job (MB)
	1376836  -  ResidentSetSize of job (KB)
...
006 (1049.000.000) 05/06 06:20:17 Image size of job updated: 1578856
	1345  -  MemoryUsage of job (MB)
	1376852  -  ResidentSetSize of job (KB)
...
006 (1049.000.000) 05/06 06:25:17 Image size of job updated: 1578960
	1345  -  MemoryUsage of job (MB)
	1376956  -  ResidentSetSize of job (KB)
...
006 (1049.000.000) 05/06 06:40:19 Image size of job updated: 1578980
	1345  -  MemoryUsage of job (MB)
	1376976  -  ResidentSetSize of job (KB)
...
006 (1049.000.000) 05/06 06:45:20 Image size of job updated: 1579160
	1345  -  MemoryUsage of job (MB)
	1377156  -  ResidentSetSize of job (KB)
...
006 (1049.000.000) 05/06 07:05:21 Image size of job updated: 1579236
	1345  -  MemoryUsage of job (MB)
	1377232  -  ResidentSetSize of job (KB)
...
006 (1049.000.000) 05/06 08:00:27 Image size of job updated: 1580260
	1346  -  MemoryUsage of job (MB)
	1378256  -  ResidentSetSize of job (KB)
...
006 (1049.000.000) 05/06 09:05:34 Image size of job updated: 1632204
	1397  -  MemoryUsage of job (MB)
	1430200  -  ResidentSetSize of job (KB)
...
005 (1049.000.000) 05/06 10:22:08 Job terminated.
	(1) Normal termination (return value 0)
		Usr 0 12:57:09, Sys 0 01:31:26  -  Run Remote Usage
		Usr 0 00:00:00, Sys 0 00:00:00  -  Run Local Usage
		Usr 0 12:57:09, Sys 0 01:31:26  -  Total Remote Usage
		Usr 0 00:00:00, Sys 0 00:00:00  -  Total Local Usage
	0  -  Run Bytes Sent By Job
	0  -  Run Bytes Received By Job
	0  -  Total Bytes Sent By Job
	0  -  Total Bytes Received By Job
	Partitionable Resources :    Usage  Request Allocated
	   Cpus                 :                 1         1
	   Disk (KB)            :        7        7  39050682
	   Gpus                 :                 1         1
	   Memory (MB)          :     1397     8192      8192
...
