000 (1041.000.000) 05/05 10:11:08 Job submitted from host: <10.33.133.154:9618?addrs=10.33.133.154-9618+[--1]-9618&noUDP&sock=1383_3391_3>
    DAG Node: cbow_mean_soft
...
001 (1041.000.000) 05/05 11:46:17 Job executing on host: <10.33.133.57:9618?addrs=10.33.133.57-9618+[--1]-9618&noUDP&sock=1311_d0c0_3>
...
005 (1041.000.000) 05/05 20:12:00 Job terminated.
	(1) Normal termination (return value 0)
		Usr 0 13:01:56, Sys 0 01:36:48  -  Run Remote Usage
		Usr 0 00:00:00, Sys 0 00:00:00  -  Run Local Usage
		Usr 0 13:01:56, Sys 0 01:36:48  -  Total Remote Usage
		Usr 0 00:00:00, Sys 0 00:00:00  -  Total Local Usage
	0  -  Run Bytes Sent By Job
	0  -  Run Bytes Received By Job
	0  -  Total Bytes Sent By Job
	0  -  Total Bytes Received By Job
	Partitionable Resources :    Usage  Request Allocated
	   Cpus                 :                 1         1
	   Disk (KB)            :        7        7  35497436
	   Gpus                 :                 1         1
	   Memory (MB)          :     1137     8192      8192
...
000 (1077.000.000) 05/05 20:12:09 Job submitted from host: <10.33.133.154:9618?addrs=10.33.133.154-9618+[--1]-9618&noUDP&sock=1383_3391_3>
    DAG Node: cbow_mean_soft_test
...
001 (1077.000.000) 05/07 06:56:50 Job executing on host: <10.33.133.115:9618?addrs=10.33.133.115-9618+[--1]-9618&noUDP&sock=1112_5167_3>
...
005 (1077.000.000) 05/07 06:59:01 Job terminated.
	(1) Normal termination (return value 0)
		Usr 0 00:01:54, Sys 0 00:00:01  -  Run Remote Usage
		Usr 0 00:00:00, Sys 0 00:00:00  -  Run Local Usage
		Usr 0 00:01:54, Sys 0 00:00:01  -  Total Remote Usage
		Usr 0 00:00:00, Sys 0 00:00:00  -  Total Local Usage
	0  -  Run Bytes Sent By Job
	0  -  Run Bytes Received By Job
	0  -  Total Bytes Sent By Job
	0  -  Total Bytes Received By Job
	Partitionable Resources :    Usage  Request Allocated
	   Cpus                 :                 1         1
	   Disk (KB)            :        7        7  17875240
	   Gpus                 :                 1         1
	   Memory (MB)          :       69     4096      4096
...
