05/05/17 10:11:04 ******************************************************
05/05/17 10:11:04 ** condor_scheduniv_exec.1039.0 (CONDOR_DAGMAN) STARTING UP
05/05/17 10:11:04 ** /usr/bin/condor_dagman
05/05/17 10:11:04 ** SubsystemInfo: name=DAGMAN type=DAGMAN(10) class=DAEMON(1)
05/05/17 10:11:04 ** Configuration: subsystem:DAGMAN local:<NONE> class:DAEMON
05/05/17 10:11:04 ** $CondorVersion: 8.6.2 Apr 23 2017 BuildID: 404257 $
05/05/17 10:11:04 ** $CondorPlatform: x86_64_RedHat7 $
05/05/17 10:11:04 ** PID = 24632
05/05/17 10:11:04 ** Log last touched time unavailable (No such file or directory)
05/05/17 10:11:04 ******************************************************
05/05/17 10:11:04 Using config source: /etc/condor/condor_config
05/05/17 10:11:04 Using local config sources: 
05/05/17 10:11:04    /etc/condor/config.d/00esat.config
05/05/17 10:11:04    /etc/condor/config.d/01java.config
05/05/17 10:11:04    /etc/condor/config.d/80optout_users.config
05/05/17 10:11:04    /etc/condor/condor_config.local
05/05/17 10:11:04 config Macros = 166, Sorted = 166, StringBytes = 6031, TablesBytes = 6048
05/05/17 10:11:04 CLASSAD_CACHING is ENABLED
05/05/17 10:11:04 Daemon Log is logging: D_ALWAYS D_ERROR
05/05/17 10:11:04 DaemonCore: No command port requested.
05/05/17 10:11:04 DAGMAN_USE_STRICT setting: 1
05/05/17 10:11:04 DAGMAN_VERBOSITY setting: 3
05/05/17 10:11:04 DAGMAN_DEBUG_CACHE_SIZE setting: 5242880
05/05/17 10:11:04 DAGMAN_DEBUG_CACHE_ENABLE setting: False
05/05/17 10:11:04 DAGMAN_SUBMIT_DELAY setting: 0
05/05/17 10:11:04 DAGMAN_MAX_SUBMIT_ATTEMPTS setting: 6
05/05/17 10:11:04 DAGMAN_STARTUP_CYCLE_DETECT setting: False
05/05/17 10:11:04 DAGMAN_MAX_SUBMITS_PER_INTERVAL setting: 5
05/05/17 10:11:04 DAGMAN_USER_LOG_SCAN_INTERVAL setting: 5
05/05/17 10:11:04 DAGMAN_DEFAULT_PRIORITY setting: 0
05/05/17 10:11:04 DAGMAN_SUPPRESS_NOTIFICATION setting: True
05/05/17 10:11:04 allow_events (DAGMAN_ALLOW_EVENTS) setting: 114
05/05/17 10:11:04 DAGMAN_RETRY_SUBMIT_FIRST setting: True
05/05/17 10:11:04 DAGMAN_RETRY_NODE_FIRST setting: False
05/05/17 10:11:04 DAGMAN_MAX_JOBS_IDLE setting: 1000
05/05/17 10:11:04 DAGMAN_MAX_JOBS_SUBMITTED setting: 0
05/05/17 10:11:04 DAGMAN_MAX_PRE_SCRIPTS setting: 20
05/05/17 10:11:04 DAGMAN_MAX_POST_SCRIPTS setting: 20
05/05/17 10:11:04 DAGMAN_MUNGE_NODE_NAMES setting: True
05/05/17 10:11:04 DAGMAN_PROHIBIT_MULTI_JOBS setting: False
05/05/17 10:11:04 DAGMAN_SUBMIT_DEPTH_FIRST setting: False
05/05/17 10:11:04 DAGMAN_ALWAYS_RUN_POST setting: False
05/05/17 10:11:04 DAGMAN_ABORT_DUPLICATES setting: True
05/05/17 10:11:04 DAGMAN_ABORT_ON_SCARY_SUBMIT setting: True
05/05/17 10:11:04 DAGMAN_PENDING_REPORT_INTERVAL setting: 600
05/05/17 10:11:04 DAGMAN_AUTO_RESCUE setting: True
05/05/17 10:11:04 DAGMAN_MAX_RESCUE_NUM setting: 100
05/05/17 10:11:04 DAGMAN_WRITE_PARTIAL_RESCUE setting: True
05/05/17 10:11:04 DAGMAN_DEFAULT_NODE_LOG setting: @(DAG_DIR)/@(DAG_FILE).nodes.log
05/05/17 10:11:04 DAGMAN_GENERATE_SUBDAG_SUBMITS setting: True
05/05/17 10:11:04 DAGMAN_MAX_JOB_HOLDS setting: 100
05/05/17 10:11:04 DAGMAN_HOLD_CLAIM_TIME setting: 20
05/05/17 10:11:04 ALL_DEBUG setting: 
05/05/17 10:11:04 DAGMAN_DEBUG setting: 
05/05/17 10:11:04 DAGMAN_SUPPRESS_JOB_LOGS setting: False
05/05/17 10:11:04 DAGMAN_REMOVE_NODE_JOBS setting: True
05/05/17 10:11:04 argv[0] == "condor_scheduniv_exec.1039.0"
05/05/17 10:11:04 argv[1] == "-Lockfile"
05/05/17 10:11:04 argv[2] == "ds_cbow_mean_lstm.dag.lock"
05/05/17 10:11:04 argv[3] == "-AutoRescue"
05/05/17 10:11:04 argv[4] == "1"
05/05/17 10:11:04 argv[5] == "-DoRescueFrom"
05/05/17 10:11:04 argv[6] == "0"
05/05/17 10:11:04 argv[7] == "-Dag"
05/05/17 10:11:04 argv[8] == "ds_cbow_mean_lstm.dag"
05/05/17 10:11:04 argv[9] == "-Suppress_notification"
05/05/17 10:11:04 argv[10] == "-CsdVersion"
05/05/17 10:11:04 argv[11] == "$CondorVersion: 8.6.2 Apr 23 2017 BuildID: 404257 $"
05/05/17 10:11:04 argv[12] == "-Dagman"
05/05/17 10:11:04 argv[13] == "/usr/bin/condor_dagman"
05/05/17 10:11:04 Workflow batch-name: <ds_cbow_mean_lstm.dag+1039>
05/05/17 10:11:04 Workflow accounting_group: <>
05/05/17 10:11:04 Workflow accounting_group_user: <>
05/05/17 10:11:04 Warning: failed to get attribute DAGNodeName
05/05/17 10:11:04 DAGMAN_LOG_ON_NFS_IS_ERROR setting: False
05/05/17 10:11:04 Default node log file is: </esat/spchtemp/scratch/robbe/SpeechHub/untied_models_smallest/python/jobdag/./ds_cbow_mean_lstm.dag.nodes.log>
05/05/17 10:11:04 DAG Lockfile will be written to ds_cbow_mean_lstm.dag.lock
05/05/17 10:11:04 DAG Input file is ds_cbow_mean_lstm.dag
05/05/17 10:11:04 Parsing 1 dagfiles
05/05/17 10:11:04 Parsing ds_cbow_mean_lstm.dag ...
05/05/17 10:11:04 Dag contains 2 total jobs
05/05/17 10:11:04 Sleeping for 3 seconds to ensure ProcessId uniqueness
05/05/17 10:11:07 Bootstrapping...
05/05/17 10:11:07 Number of pre-completed nodes: 0
05/05/17 10:11:07 MultiLogFiles: truncating log file /esat/spchtemp/scratch/robbe/SpeechHub/untied_models_smallest/python/jobdag/./ds_cbow_mean_lstm.dag.nodes.log
05/05/17 10:11:07 DAG status: 0 (DAG_STATUS_OK)
05/05/17 10:11:07 Of 2 nodes total:
05/05/17 10:11:07  Done     Pre   Queued    Post   Ready   Un-Ready   Failed
05/05/17 10:11:07   ===     ===      ===     ===     ===        ===      ===
05/05/17 10:11:07     0       0        0       0       1          1        0
05/05/17 10:11:07 0 job proc(s) currently held
05/05/17 10:11:07 Registering condor_event_timer...
05/05/17 10:11:08 Submitting HTCondor Node cbow_mean_lstm job(s)...
05/05/17 10:11:08 Adding a DAGMan workflow log /esat/spchtemp/scratch/robbe/SpeechHub/untied_models_smallest/python/jobdag/./ds_cbow_mean_lstm.dag.nodes.log
05/05/17 10:11:08 Masking the events recorded in the DAGMAN workflow log
05/05/17 10:11:08 Mask for workflow log is 0,1,2,4,5,7,9,10,11,12,13,16,17,24,27
05/05/17 10:11:08 submitting: /usr/bin/condor_submit -a dag_node_name' '=' 'cbow_mean_lstm -a +DAGManJobId' '=' '1039 -a DAGManJobId' '=' '1039 -batch-name ds_cbow_mean_lstm.dag+1039 -a submit_event_notes' '=' 'DAG' 'Node:' 'cbow_mean_lstm -a dagman_log' '=' '/esat/spchtemp/scratch/robbe/SpeechHub/untied_models_smallest/python/jobdag/./ds_cbow_mean_lstm.dag.nodes.log -a +DAGManNodesMask' '=' '"0,1,2,4,5,7,9,10,11,12,13,16,17,24,27" -a data_set' '=' 'ds -a test_name' '=' 'cbow_mean_lstm -a num_run' '=' '0 -a combination' '=' 'mean -a DAG_STATUS' '=' '0 -a FAILED_COUNT' '=' '0 -a +KeepClaimIdle' '=' '20 -a notification' '=' 'never -a +DAGParentNodeNames' '=' '"" jobdag/cbow_lstm.job
05/05/17 10:11:08 From submit: Submitting job(s).
05/05/17 10:11:08 From submit: 1 job(s) submitted to cluster 1042.
05/05/17 10:11:08 	assigned HTCondor ID (1042.0.0)
05/05/17 10:11:08 Just submitted 1 job this cycle...
05/05/17 10:11:08 Currently monitoring 1 HTCondor log file(s)
05/05/17 10:11:08 Reassigning the id of job cbow_mean_lstm from (1042.0.0) to (1042.0.0)
05/05/17 10:11:08 Event: ULOG_SUBMIT for HTCondor Node cbow_mean_lstm (1042.0.0) {05/05/17 10:11:08}
05/05/17 10:11:08 Number of idle job procs: 1
05/05/17 10:11:08 DAG status: 0 (DAG_STATUS_OK)
05/05/17 10:11:08 Of 2 nodes total:
05/05/17 10:11:08  Done     Pre   Queued    Post   Ready   Un-Ready   Failed
05/05/17 10:11:08   ===     ===      ===     ===     ===        ===      ===
05/05/17 10:11:08     0       0        1       0       0          1        0
05/05/17 10:11:08 0 job proc(s) currently held
05/05/17 10:21:11 603 seconds since last log event
05/05/17 10:21:11 Pending DAG nodes:
05/05/17 10:21:11   Node cbow_mean_lstm, HTCondor ID 1042, status STATUS_SUBMITTED
05/05/17 10:31:12 1204 seconds since last log event
05/05/17 10:31:12 Pending DAG nodes:
05/05/17 10:31:12   Node cbow_mean_lstm, HTCondor ID 1042, status STATUS_SUBMITTED
05/05/17 10:41:15 1807 seconds since last log event
05/05/17 10:41:15 Pending DAG nodes:
05/05/17 10:41:15   Node cbow_mean_lstm, HTCondor ID 1042, status STATUS_SUBMITTED
05/05/17 10:51:18 2410 seconds since last log event
05/05/17 10:51:18 Pending DAG nodes:
05/05/17 10:51:18   Node cbow_mean_lstm, HTCondor ID 1042, status STATUS_SUBMITTED
05/05/17 11:01:21 3013 seconds since last log event
05/05/17 11:01:21 Pending DAG nodes:
05/05/17 11:01:21   Node cbow_mean_lstm, HTCondor ID 1042, status STATUS_SUBMITTED
05/05/17 11:11:23 3615 seconds since last log event
05/05/17 11:11:23 Pending DAG nodes:
05/05/17 11:11:23   Node cbow_mean_lstm, HTCondor ID 1042, status STATUS_SUBMITTED
05/05/17 11:21:25 4217 seconds since last log event
05/05/17 11:21:25 Pending DAG nodes:
05/05/17 11:21:25   Node cbow_mean_lstm, HTCondor ID 1042, status STATUS_SUBMITTED
05/05/17 11:31:27 4819 seconds since last log event
05/05/17 11:31:27 Pending DAG nodes:
05/05/17 11:31:27   Node cbow_mean_lstm, HTCondor ID 1042, status STATUS_SUBMITTED
05/05/17 11:41:29 5421 seconds since last log event
05/05/17 11:41:29 Pending DAG nodes:
05/05/17 11:41:29   Node cbow_mean_lstm, HTCondor ID 1042, status STATUS_SUBMITTED
05/05/17 11:50:21 Currently monitoring 1 HTCondor log file(s)
05/05/17 11:50:21 Event: ULOG_EXECUTE for HTCondor Node cbow_mean_lstm (1042.0.0) {05/05/17 11:50:17}
05/05/17 11:50:21 Number of idle job procs: 0
05/05/17 12:00:23 602 seconds since last log event
05/05/17 12:00:23 Pending DAG nodes:
05/05/17 12:00:23   Node cbow_mean_lstm, HTCondor ID 1042, status STATUS_SUBMITTED
05/05/17 12:10:25 1204 seconds since last log event
05/05/17 12:10:25 Pending DAG nodes:
05/05/17 12:10:25   Node cbow_mean_lstm, HTCondor ID 1042, status STATUS_SUBMITTED
05/05/17 12:20:27 1806 seconds since last log event
05/05/17 12:20:27 Pending DAG nodes:
05/05/17 12:20:27   Node cbow_mean_lstm, HTCondor ID 1042, status STATUS_SUBMITTED
05/05/17 12:30:28 2407 seconds since last log event
05/05/17 12:30:28 Pending DAG nodes:
05/05/17 12:30:28   Node cbow_mean_lstm, HTCondor ID 1042, status STATUS_SUBMITTED
05/05/17 12:40:30 3009 seconds since last log event
05/05/17 12:40:30 Pending DAG nodes:
05/05/17 12:40:30   Node cbow_mean_lstm, HTCondor ID 1042, status STATUS_SUBMITTED
05/05/17 12:50:32 3611 seconds since last log event
05/05/17 12:50:32 Pending DAG nodes:
05/05/17 12:50:32   Node cbow_mean_lstm, HTCondor ID 1042, status STATUS_SUBMITTED
05/05/17 13:00:34 4213 seconds since last log event
05/05/17 13:00:34 Pending DAG nodes:
05/05/17 13:00:34   Node cbow_mean_lstm, HTCondor ID 1042, status STATUS_SUBMITTED
05/05/17 13:10:35 4814 seconds since last log event
05/05/17 13:10:35 Pending DAG nodes:
05/05/17 13:10:35   Node cbow_mean_lstm, HTCondor ID 1042, status STATUS_SUBMITTED
05/05/17 13:20:37 5416 seconds since last log event
05/05/17 13:20:37 Pending DAG nodes:
05/05/17 13:20:37   Node cbow_mean_lstm, HTCondor ID 1042, status STATUS_SUBMITTED
05/05/17 13:30:39 6018 seconds since last log event
05/05/17 13:30:39 Pending DAG nodes:
05/05/17 13:30:39   Node cbow_mean_lstm, HTCondor ID 1042, status STATUS_SUBMITTED
05/05/17 13:40:41 6620 seconds since last log event
05/05/17 13:40:41 Pending DAG nodes:
05/05/17 13:40:41   Node cbow_mean_lstm, HTCondor ID 1042, status STATUS_SUBMITTED
05/05/17 13:50:43 7222 seconds since last log event
05/05/17 13:50:43 Pending DAG nodes:
05/05/17 13:50:43   Node cbow_mean_lstm, HTCondor ID 1042, status STATUS_SUBMITTED
05/05/17 14:00:45 7824 seconds since last log event
05/05/17 14:00:45 Pending DAG nodes:
05/05/17 14:00:45   Node cbow_mean_lstm, HTCondor ID 1042, status STATUS_SUBMITTED
05/05/17 14:10:47 8426 seconds since last log event
05/05/17 14:10:47 Pending DAG nodes:
05/05/17 14:10:47   Node cbow_mean_lstm, HTCondor ID 1042, status STATUS_SUBMITTED
05/05/17 14:20:50 9029 seconds since last log event
05/05/17 14:20:50 Pending DAG nodes:
05/05/17 14:20:50   Node cbow_mean_lstm, HTCondor ID 1042, status STATUS_SUBMITTED
05/05/17 14:30:52 9631 seconds since last log event
05/05/17 14:30:52 Pending DAG nodes:
05/05/17 14:30:52   Node cbow_mean_lstm, HTCondor ID 1042, status STATUS_SUBMITTED
05/05/17 14:40:54 10233 seconds since last log event
05/05/17 14:40:54 Pending DAG nodes:
05/05/17 14:40:54   Node cbow_mean_lstm, HTCondor ID 1042, status STATUS_SUBMITTED
05/05/17 14:50:56 10835 seconds since last log event
05/05/17 14:50:56 Pending DAG nodes:
05/05/17 14:50:56   Node cbow_mean_lstm, HTCondor ID 1042, status STATUS_SUBMITTED
05/05/17 15:00:58 11437 seconds since last log event
05/05/17 15:00:58 Pending DAG nodes:
05/05/17 15:00:58   Node cbow_mean_lstm, HTCondor ID 1042, status STATUS_SUBMITTED
05/05/17 15:11:01 12040 seconds since last log event
05/05/17 15:11:01 Pending DAG nodes:
05/05/17 15:11:01   Node cbow_mean_lstm, HTCondor ID 1042, status STATUS_SUBMITTED
05/05/17 15:21:03 12642 seconds since last log event
05/05/17 15:21:03 Pending DAG nodes:
05/05/17 15:21:03   Node cbow_mean_lstm, HTCondor ID 1042, status STATUS_SUBMITTED
05/05/17 15:31:05 13244 seconds since last log event
05/05/17 15:31:05 Pending DAG nodes:
05/05/17 15:31:05   Node cbow_mean_lstm, HTCondor ID 1042, status STATUS_SUBMITTED
05/05/17 15:41:07 13846 seconds since last log event
05/05/17 15:41:07 Pending DAG nodes:
05/05/17 15:41:07   Node cbow_mean_lstm, HTCondor ID 1042, status STATUS_SUBMITTED
05/05/17 15:51:09 14448 seconds since last log event
05/05/17 15:51:09 Pending DAG nodes:
05/05/17 15:51:09   Node cbow_mean_lstm, HTCondor ID 1042, status STATUS_SUBMITTED
05/05/17 16:01:11 15050 seconds since last log event
05/05/17 16:01:11 Pending DAG nodes:
05/05/17 16:01:11   Node cbow_mean_lstm, HTCondor ID 1042, status STATUS_SUBMITTED
05/05/17 16:11:13 15652 seconds since last log event
05/05/17 16:11:13 Pending DAG nodes:
05/05/17 16:11:13   Node cbow_mean_lstm, HTCondor ID 1042, status STATUS_SUBMITTED
05/05/17 16:21:15 16254 seconds since last log event
05/05/17 16:21:15 Pending DAG nodes:
05/05/17 16:21:15   Node cbow_mean_lstm, HTCondor ID 1042, status STATUS_SUBMITTED
05/05/17 16:31:18 16857 seconds since last log event
05/05/17 16:31:18 Pending DAG nodes:
05/05/17 16:31:18   Node cbow_mean_lstm, HTCondor ID 1042, status STATUS_SUBMITTED
05/05/17 16:41:20 17459 seconds since last log event
05/05/17 16:41:20 Pending DAG nodes:
05/05/17 16:41:20   Node cbow_mean_lstm, HTCondor ID 1042, status STATUS_SUBMITTED
05/05/17 16:51:22 18061 seconds since last log event
05/05/17 16:51:22 Pending DAG nodes:
05/05/17 16:51:22   Node cbow_mean_lstm, HTCondor ID 1042, status STATUS_SUBMITTED
05/05/17 17:01:23 18662 seconds since last log event
05/05/17 17:01:23 Pending DAG nodes:
05/05/17 17:01:23   Node cbow_mean_lstm, HTCondor ID 1042, status STATUS_SUBMITTED
05/05/17 17:11:25 19264 seconds since last log event
05/05/17 17:11:25 Pending DAG nodes:
05/05/17 17:11:25   Node cbow_mean_lstm, HTCondor ID 1042, status STATUS_SUBMITTED
05/05/17 17:21:27 19866 seconds since last log event
05/05/17 17:21:27 Pending DAG nodes:
05/05/17 17:21:27   Node cbow_mean_lstm, HTCondor ID 1042, status STATUS_SUBMITTED
05/05/17 17:31:29 20468 seconds since last log event
05/05/17 17:31:29 Pending DAG nodes:
05/05/17 17:31:29   Node cbow_mean_lstm, HTCondor ID 1042, status STATUS_SUBMITTED
05/05/17 17:41:31 21070 seconds since last log event
05/05/17 17:41:31 Pending DAG nodes:
05/05/17 17:41:31   Node cbow_mean_lstm, HTCondor ID 1042, status STATUS_SUBMITTED
05/05/17 17:51:34 21673 seconds since last log event
05/05/17 17:51:34 Pending DAG nodes:
05/05/17 17:51:34   Node cbow_mean_lstm, HTCondor ID 1042, status STATUS_SUBMITTED
05/05/17 18:01:36 22275 seconds since last log event
05/05/17 18:01:36 Pending DAG nodes:
05/05/17 18:01:36   Node cbow_mean_lstm, HTCondor ID 1042, status STATUS_SUBMITTED
05/05/17 18:11:38 22877 seconds since last log event
05/05/17 18:11:38 Pending DAG nodes:
05/05/17 18:11:38   Node cbow_mean_lstm, HTCondor ID 1042, status STATUS_SUBMITTED
05/05/17 18:21:40 23479 seconds since last log event
05/05/17 18:21:40 Pending DAG nodes:
05/05/17 18:21:40   Node cbow_mean_lstm, HTCondor ID 1042, status STATUS_SUBMITTED
05/05/17 18:31:41 24080 seconds since last log event
05/05/17 18:31:41 Pending DAG nodes:
05/05/17 18:31:41   Node cbow_mean_lstm, HTCondor ID 1042, status STATUS_SUBMITTED
05/05/17 18:41:43 24682 seconds since last log event
05/05/17 18:41:43 Pending DAG nodes:
05/05/17 18:41:43   Node cbow_mean_lstm, HTCondor ID 1042, status STATUS_SUBMITTED
05/05/17 18:51:45 25284 seconds since last log event
05/05/17 18:51:45 Pending DAG nodes:
05/05/17 18:51:45   Node cbow_mean_lstm, HTCondor ID 1042, status STATUS_SUBMITTED
05/05/17 19:01:47 25886 seconds since last log event
05/05/17 19:01:47 Pending DAG nodes:
05/05/17 19:01:47   Node cbow_mean_lstm, HTCondor ID 1042, status STATUS_SUBMITTED
05/05/17 19:11:50 26489 seconds since last log event
05/05/17 19:11:50 Pending DAG nodes:
05/05/17 19:11:50   Node cbow_mean_lstm, HTCondor ID 1042, status STATUS_SUBMITTED
05/05/17 19:21:52 27091 seconds since last log event
05/05/17 19:21:52 Pending DAG nodes:
05/05/17 19:21:52   Node cbow_mean_lstm, HTCondor ID 1042, status STATUS_SUBMITTED
05/05/17 19:24:07 Currently monitoring 1 HTCondor log file(s)
05/05/17 19:24:07 Event: ULOG_JOB_TERMINATED for HTCondor Node cbow_mean_lstm (1042.0.0) {05/05/17 19:24:03}
05/05/17 19:24:07 Number of idle job procs: 0
05/05/17 19:24:07 Node cbow_mean_lstm job proc (1042.0.0) completed successfully.
05/05/17 19:24:07 Node cbow_mean_lstm job completed
05/05/17 19:24:07 DAG status: 0 (DAG_STATUS_OK)
05/05/17 19:24:07 Of 2 nodes total:
05/05/17 19:24:07  Done     Pre   Queued    Post   Ready   Un-Ready   Failed
05/05/17 19:24:07   ===     ===      ===     ===     ===        ===      ===
05/05/17 19:24:07     1       0        0       0       1          0        0
05/05/17 19:24:07 0 job proc(s) currently held
05/05/17 19:24:12 Submitting HTCondor Node cbow_mean_lstm_test job(s)...
05/05/17 19:24:12 Adding a DAGMan workflow log /esat/spchtemp/scratch/robbe/SpeechHub/untied_models_smallest/python/jobdag/./ds_cbow_mean_lstm.dag.nodes.log
05/05/17 19:24:12 Masking the events recorded in the DAGMAN workflow log
05/05/17 19:24:12 Mask for workflow log is 0,1,2,4,5,7,9,10,11,12,13,16,17,24,27
05/05/17 19:24:12 submitting: /usr/bin/condor_submit -a dag_node_name' '=' 'cbow_mean_lstm_test -a +DAGManJobId' '=' '1039 -a DAGManJobId' '=' '1039 -batch-name ds_cbow_mean_lstm.dag+1039 -a submit_event_notes' '=' 'DAG' 'Node:' 'cbow_mean_lstm_test -a dagman_log' '=' '/esat/spchtemp/scratch/robbe/SpeechHub/untied_models_smallest/python/jobdag/./ds_cbow_mean_lstm.dag.nodes.log -a +DAGManNodesMask' '=' '"0,1,2,4,5,7,9,10,11,12,13,16,17,24,27" -a data_set' '=' 'ds -a test_name' '=' 'cbow_mean_lstm -a num_run' '=' '0 -a DAG_STATUS' '=' '0 -a FAILED_COUNT' '=' '0 -a notification' '=' 'never -a +DAGParentNodeNames' '=' '"cbow_mean_lstm" jobdag/cbow_lstm_test.job
05/05/17 19:24:12 From submit: Submitting job(s).
05/05/17 19:24:12 From submit: 1 job(s) submitted to cluster 1066.
05/05/17 19:24:12 	assigned HTCondor ID (1066.0.0)
05/05/17 19:24:12 Just submitted 1 job this cycle...
05/05/17 19:24:12 Currently monitoring 1 HTCondor log file(s)
05/05/17 19:24:12 Reassigning the id of job cbow_mean_lstm_test from (1066.0.0) to (1066.0.0)
05/05/17 19:24:12 Event: ULOG_SUBMIT for HTCondor Node cbow_mean_lstm_test (1066.0.0) {05/05/17 19:24:12}
05/05/17 19:24:12 Number of idle job procs: 1
05/05/17 19:24:12 DAG status: 0 (DAG_STATUS_OK)
05/05/17 19:24:12 Of 2 nodes total:
05/05/17 19:24:12  Done     Pre   Queued    Post   Ready   Un-Ready   Failed
05/05/17 19:24:12   ===     ===      ===     ===     ===        ===      ===
05/05/17 19:24:12     1       0        1       0       0          0        0
05/05/17 19:24:12 0 job proc(s) currently held
05/05/17 19:34:15 603 seconds since last log event
05/05/17 19:34:15 Pending DAG nodes:
05/05/17 19:34:15   Node cbow_mean_lstm_test, HTCondor ID 1066, status STATUS_SUBMITTED
05/05/17 19:44:17 1205 seconds since last log event
05/05/17 19:44:17 Pending DAG nodes:
05/05/17 19:44:17   Node cbow_mean_lstm_test, HTCondor ID 1066, status STATUS_SUBMITTED
05/05/17 19:54:19 1807 seconds since last log event
05/05/17 19:54:19 Pending DAG nodes:
05/05/17 19:54:19   Node cbow_mean_lstm_test, HTCondor ID 1066, status STATUS_SUBMITTED
05/05/17 20:04:21 2409 seconds since last log event
05/05/17 20:04:21 Pending DAG nodes:
05/05/17 20:04:21   Node cbow_mean_lstm_test, HTCondor ID 1066, status STATUS_SUBMITTED
05/05/17 20:14:23 3011 seconds since last log event
05/05/17 20:14:23 Pending DAG nodes:
05/05/17 20:14:23   Node cbow_mean_lstm_test, HTCondor ID 1066, status STATUS_SUBMITTED
05/05/17 20:24:26 3614 seconds since last log event
05/05/17 20:24:26 Pending DAG nodes:
05/05/17 20:24:26   Node cbow_mean_lstm_test, HTCondor ID 1066, status STATUS_SUBMITTED
05/05/17 20:34:28 4216 seconds since last log event
05/05/17 20:34:28 Pending DAG nodes:
05/05/17 20:34:28   Node cbow_mean_lstm_test, HTCondor ID 1066, status STATUS_SUBMITTED
05/05/17 20:44:30 4818 seconds since last log event
05/05/17 20:44:30 Pending DAG nodes:
05/05/17 20:44:30   Node cbow_mean_lstm_test, HTCondor ID 1066, status STATUS_SUBMITTED
05/05/17 20:54:32 5420 seconds since last log event
05/05/17 20:54:32 Pending DAG nodes:
05/05/17 20:54:32   Node cbow_mean_lstm_test, HTCondor ID 1066, status STATUS_SUBMITTED
05/05/17 21:04:35 6023 seconds since last log event
05/05/17 21:04:35 Pending DAG nodes:
05/05/17 21:04:35   Node cbow_mean_lstm_test, HTCondor ID 1066, status STATUS_SUBMITTED
05/05/17 21:14:37 6625 seconds since last log event
05/05/17 21:14:37 Pending DAG nodes:
05/05/17 21:14:37   Node cbow_mean_lstm_test, HTCondor ID 1066, status STATUS_SUBMITTED
05/05/17 21:24:39 7227 seconds since last log event
05/05/17 21:24:39 Pending DAG nodes:
05/05/17 21:24:39   Node cbow_mean_lstm_test, HTCondor ID 1066, status STATUS_SUBMITTED
05/05/17 21:34:41 7829 seconds since last log event
05/05/17 21:34:41 Pending DAG nodes:
05/05/17 21:34:41   Node cbow_mean_lstm_test, HTCondor ID 1066, status STATUS_SUBMITTED
05/05/17 21:44:43 8431 seconds since last log event
05/05/17 21:44:43 Pending DAG nodes:
05/05/17 21:44:43   Node cbow_mean_lstm_test, HTCondor ID 1066, status STATUS_SUBMITTED
05/05/17 21:54:45 9033 seconds since last log event
05/05/17 21:54:45 Pending DAG nodes:
05/05/17 21:54:45   Node cbow_mean_lstm_test, HTCondor ID 1066, status STATUS_SUBMITTED
05/05/17 22:04:47 9635 seconds since last log event
05/05/17 22:04:47 Pending DAG nodes:
05/05/17 22:04:47   Node cbow_mean_lstm_test, HTCondor ID 1066, status STATUS_SUBMITTED
05/05/17 22:14:50 10238 seconds since last log event
05/05/17 22:14:50 Pending DAG nodes:
05/05/17 22:14:50   Node cbow_mean_lstm_test, HTCondor ID 1066, status STATUS_SUBMITTED
05/05/17 22:24:52 10840 seconds since last log event
05/05/17 22:24:52 Pending DAG nodes:
05/05/17 22:24:52   Node cbow_mean_lstm_test, HTCondor ID 1066, status STATUS_SUBMITTED
05/05/17 22:34:53 11441 seconds since last log event
05/05/17 22:34:53 Pending DAG nodes:
05/05/17 22:34:53   Node cbow_mean_lstm_test, HTCondor ID 1066, status STATUS_SUBMITTED
05/05/17 22:44:55 12043 seconds since last log event
05/05/17 22:44:55 Pending DAG nodes:
05/05/17 22:44:55   Node cbow_mean_lstm_test, HTCondor ID 1066, status STATUS_SUBMITTED
05/05/17 22:54:57 12645 seconds since last log event
05/05/17 22:54:57 Pending DAG nodes:
05/05/17 22:54:57   Node cbow_mean_lstm_test, HTCondor ID 1066, status STATUS_SUBMITTED
05/05/17 23:04:59 13247 seconds since last log event
05/05/17 23:04:59 Pending DAG nodes:
05/05/17 23:04:59   Node cbow_mean_lstm_test, HTCondor ID 1066, status STATUS_SUBMITTED
05/05/17 23:15:00 13848 seconds since last log event
05/05/17 23:15:00 Pending DAG nodes:
05/05/17 23:15:00   Node cbow_mean_lstm_test, HTCondor ID 1066, status STATUS_SUBMITTED
05/05/17 23:25:01 14449 seconds since last log event
05/05/17 23:25:01 Pending DAG nodes:
05/05/17 23:25:01   Node cbow_mean_lstm_test, HTCondor ID 1066, status STATUS_SUBMITTED
05/05/17 23:35:04 15052 seconds since last log event
05/05/17 23:35:04 Pending DAG nodes:
05/05/17 23:35:04   Node cbow_mean_lstm_test, HTCondor ID 1066, status STATUS_SUBMITTED
05/05/17 23:45:06 15654 seconds since last log event
05/05/17 23:45:06 Pending DAG nodes:
05/05/17 23:45:06   Node cbow_mean_lstm_test, HTCondor ID 1066, status STATUS_SUBMITTED
05/05/17 23:55:08 16256 seconds since last log event
05/05/17 23:55:08 Pending DAG nodes:
05/05/17 23:55:08   Node cbow_mean_lstm_test, HTCondor ID 1066, status STATUS_SUBMITTED
05/06/17 00:05:10 16858 seconds since last log event
05/06/17 00:05:10 Pending DAG nodes:
05/06/17 00:05:10   Node cbow_mean_lstm_test, HTCondor ID 1066, status STATUS_SUBMITTED
05/06/17 00:15:13 17461 seconds since last log event
05/06/17 00:15:13 Pending DAG nodes:
05/06/17 00:15:13   Node cbow_mean_lstm_test, HTCondor ID 1066, status STATUS_SUBMITTED
05/06/17 00:25:15 18063 seconds since last log event
05/06/17 00:25:15 Pending DAG nodes:
05/06/17 00:25:15   Node cbow_mean_lstm_test, HTCondor ID 1066, status STATUS_SUBMITTED
05/06/17 00:35:17 18665 seconds since last log event
05/06/17 00:35:17 Pending DAG nodes:
05/06/17 00:35:17   Node cbow_mean_lstm_test, HTCondor ID 1066, status STATUS_SUBMITTED
05/06/17 00:45:20 19268 seconds since last log event
05/06/17 00:45:20 Pending DAG nodes:
05/06/17 00:45:20   Node cbow_mean_lstm_test, HTCondor ID 1066, status STATUS_SUBMITTED
05/06/17 00:55:22 19870 seconds since last log event
05/06/17 00:55:22 Pending DAG nodes:
05/06/17 00:55:22   Node cbow_mean_lstm_test, HTCondor ID 1066, status STATUS_SUBMITTED
05/06/17 01:05:24 20472 seconds since last log event
05/06/17 01:05:24 Pending DAG nodes:
05/06/17 01:05:24   Node cbow_mean_lstm_test, HTCondor ID 1066, status STATUS_SUBMITTED
05/06/17 01:15:26 21074 seconds since last log event
05/06/17 01:15:26 Pending DAG nodes:
05/06/17 01:15:26   Node cbow_mean_lstm_test, HTCondor ID 1066, status STATUS_SUBMITTED
05/06/17 01:25:28 21676 seconds since last log event
05/06/17 01:25:28 Pending DAG nodes:
05/06/17 01:25:28   Node cbow_mean_lstm_test, HTCondor ID 1066, status STATUS_SUBMITTED
05/06/17 01:35:29 22277 seconds since last log event
05/06/17 01:35:29 Pending DAG nodes:
05/06/17 01:35:29   Node cbow_mean_lstm_test, HTCondor ID 1066, status STATUS_SUBMITTED
05/06/17 01:45:31 22879 seconds since last log event
05/06/17 01:45:31 Pending DAG nodes:
05/06/17 01:45:31   Node cbow_mean_lstm_test, HTCondor ID 1066, status STATUS_SUBMITTED
05/06/17 01:55:34 23482 seconds since last log event
05/06/17 01:55:34 Pending DAG nodes:
05/06/17 01:55:34   Node cbow_mean_lstm_test, HTCondor ID 1066, status STATUS_SUBMITTED
05/06/17 02:05:36 24084 seconds since last log event
05/06/17 02:05:36 Pending DAG nodes:
05/06/17 02:05:36   Node cbow_mean_lstm_test, HTCondor ID 1066, status STATUS_SUBMITTED
05/06/17 02:15:38 24686 seconds since last log event
05/06/17 02:15:38 Pending DAG nodes:
05/06/17 02:15:38   Node cbow_mean_lstm_test, HTCondor ID 1066, status STATUS_SUBMITTED
05/06/17 02:25:41 25289 seconds since last log event
05/06/17 02:25:41 Pending DAG nodes:
05/06/17 02:25:41   Node cbow_mean_lstm_test, HTCondor ID 1066, status STATUS_SUBMITTED
05/06/17 02:35:42 25890 seconds since last log event
05/06/17 02:35:42 Pending DAG nodes:
05/06/17 02:35:42   Node cbow_mean_lstm_test, HTCondor ID 1066, status STATUS_SUBMITTED
05/06/17 02:45:44 26492 seconds since last log event
05/06/17 02:45:44 Pending DAG nodes:
05/06/17 02:45:44   Node cbow_mean_lstm_test, HTCondor ID 1066, status STATUS_SUBMITTED
05/06/17 02:55:47 27095 seconds since last log event
05/06/17 02:55:47 Pending DAG nodes:
05/06/17 02:55:47   Node cbow_mean_lstm_test, HTCondor ID 1066, status STATUS_SUBMITTED
05/06/17 03:05:48 27696 seconds since last log event
05/06/17 03:05:48 Pending DAG nodes:
05/06/17 03:05:48   Node cbow_mean_lstm_test, HTCondor ID 1066, status STATUS_SUBMITTED
05/06/17 03:15:50 28298 seconds since last log event
05/06/17 03:15:50 Pending DAG nodes:
05/06/17 03:15:50   Node cbow_mean_lstm_test, HTCondor ID 1066, status STATUS_SUBMITTED
05/06/17 03:25:52 28900 seconds since last log event
05/06/17 03:25:52 Pending DAG nodes:
05/06/17 03:25:52   Node cbow_mean_lstm_test, HTCondor ID 1066, status STATUS_SUBMITTED
05/06/17 03:35:54 29502 seconds since last log event
05/06/17 03:35:54 Pending DAG nodes:
05/06/17 03:35:54   Node cbow_mean_lstm_test, HTCondor ID 1066, status STATUS_SUBMITTED
05/06/17 03:45:56 30104 seconds since last log event
05/06/17 03:45:56 Pending DAG nodes:
05/06/17 03:45:56   Node cbow_mean_lstm_test, HTCondor ID 1066, status STATUS_SUBMITTED
05/06/17 03:55:59 30707 seconds since last log event
05/06/17 03:55:59 Pending DAG nodes:
05/06/17 03:55:59   Node cbow_mean_lstm_test, HTCondor ID 1066, status STATUS_SUBMITTED
05/06/17 04:06:01 31309 seconds since last log event
05/06/17 04:06:01 Pending DAG nodes:
05/06/17 04:06:01   Node cbow_mean_lstm_test, HTCondor ID 1066, status STATUS_SUBMITTED
05/06/17 04:16:03 31911 seconds since last log event
05/06/17 04:16:03 Pending DAG nodes:
05/06/17 04:16:03   Node cbow_mean_lstm_test, HTCondor ID 1066, status STATUS_SUBMITTED
05/06/17 04:26:04 32512 seconds since last log event
05/06/17 04:26:04 Pending DAG nodes:
05/06/17 04:26:04   Node cbow_mean_lstm_test, HTCondor ID 1066, status STATUS_SUBMITTED
05/06/17 04:36:06 33114 seconds since last log event
05/06/17 04:36:06 Pending DAG nodes:
05/06/17 04:36:06   Node cbow_mean_lstm_test, HTCondor ID 1066, status STATUS_SUBMITTED
05/06/17 04:46:08 33716 seconds since last log event
05/06/17 04:46:08 Pending DAG nodes:
05/06/17 04:46:08   Node cbow_mean_lstm_test, HTCondor ID 1066, status STATUS_SUBMITTED
05/06/17 04:56:10 34318 seconds since last log event
05/06/17 04:56:10 Pending DAG nodes:
05/06/17 04:56:10   Node cbow_mean_lstm_test, HTCondor ID 1066, status STATUS_SUBMITTED
05/06/17 05:06:13 34921 seconds since last log event
05/06/17 05:06:13 Pending DAG nodes:
05/06/17 05:06:13   Node cbow_mean_lstm_test, HTCondor ID 1066, status STATUS_SUBMITTED
05/06/17 05:16:15 35523 seconds since last log event
05/06/17 05:16:15 Pending DAG nodes:
05/06/17 05:16:15   Node cbow_mean_lstm_test, HTCondor ID 1066, status STATUS_SUBMITTED
05/06/17 05:26:16 36124 seconds since last log event
05/06/17 05:26:16 Pending DAG nodes:
05/06/17 05:26:16   Node cbow_mean_lstm_test, HTCondor ID 1066, status STATUS_SUBMITTED
05/06/17 05:36:18 36726 seconds since last log event
05/06/17 05:36:18 Pending DAG nodes:
05/06/17 05:36:18   Node cbow_mean_lstm_test, HTCondor ID 1066, status STATUS_SUBMITTED
05/06/17 05:46:20 37328 seconds since last log event
05/06/17 05:46:20 Pending DAG nodes:
05/06/17 05:46:20   Node cbow_mean_lstm_test, HTCondor ID 1066, status STATUS_SUBMITTED
05/06/17 05:56:23 37931 seconds since last log event
05/06/17 05:56:23 Pending DAG nodes:
05/06/17 05:56:23   Node cbow_mean_lstm_test, HTCondor ID 1066, status STATUS_SUBMITTED
05/06/17 06:06:25 38533 seconds since last log event
05/06/17 06:06:25 Pending DAG nodes:
05/06/17 06:06:25   Node cbow_mean_lstm_test, HTCondor ID 1066, status STATUS_SUBMITTED
05/06/17 06:16:27 39135 seconds since last log event
05/06/17 06:16:27 Pending DAG nodes:
05/06/17 06:16:27   Node cbow_mean_lstm_test, HTCondor ID 1066, status STATUS_SUBMITTED
05/06/17 06:26:29 39737 seconds since last log event
05/06/17 06:26:29 Pending DAG nodes:
05/06/17 06:26:29   Node cbow_mean_lstm_test, HTCondor ID 1066, status STATUS_SUBMITTED
05/06/17 06:36:30 40338 seconds since last log event
05/06/17 06:36:30 Pending DAG nodes:
05/06/17 06:36:30   Node cbow_mean_lstm_test, HTCondor ID 1066, status STATUS_SUBMITTED
05/06/17 06:46:32 40940 seconds since last log event
05/06/17 06:46:32 Pending DAG nodes:
05/06/17 06:46:32   Node cbow_mean_lstm_test, HTCondor ID 1066, status STATUS_SUBMITTED
05/06/17 06:56:34 41542 seconds since last log event
05/06/17 06:56:34 Pending DAG nodes:
05/06/17 06:56:34   Node cbow_mean_lstm_test, HTCondor ID 1066, status STATUS_SUBMITTED
05/06/17 07:06:36 42144 seconds since last log event
05/06/17 07:06:36 Pending DAG nodes:
05/06/17 07:06:36   Node cbow_mean_lstm_test, HTCondor ID 1066, status STATUS_SUBMITTED
05/06/17 07:16:39 42747 seconds since last log event
05/06/17 07:16:39 Pending DAG nodes:
05/06/17 07:16:39   Node cbow_mean_lstm_test, HTCondor ID 1066, status STATUS_SUBMITTED
05/06/17 07:26:41 43349 seconds since last log event
05/06/17 07:26:41 Pending DAG nodes:
05/06/17 07:26:41   Node cbow_mean_lstm_test, HTCondor ID 1066, status STATUS_SUBMITTED
05/06/17 07:36:43 43951 seconds since last log event
05/06/17 07:36:43 Pending DAG nodes:
05/06/17 07:36:43   Node cbow_mean_lstm_test, HTCondor ID 1066, status STATUS_SUBMITTED
05/06/17 07:46:45 44553 seconds since last log event
05/06/17 07:46:45 Pending DAG nodes:
05/06/17 07:46:45   Node cbow_mean_lstm_test, HTCondor ID 1066, status STATUS_SUBMITTED
05/06/17 07:56:48 45156 seconds since last log event
05/06/17 07:56:48 Pending DAG nodes:
05/06/17 07:56:48   Node cbow_mean_lstm_test, HTCondor ID 1066, status STATUS_SUBMITTED
05/06/17 08:06:50 45758 seconds since last log event
05/06/17 08:06:50 Pending DAG nodes:
05/06/17 08:06:50   Node cbow_mean_lstm_test, HTCondor ID 1066, status STATUS_SUBMITTED
05/06/17 08:16:52 46360 seconds since last log event
05/06/17 08:16:52 Pending DAG nodes:
05/06/17 08:16:52   Node cbow_mean_lstm_test, HTCondor ID 1066, status STATUS_SUBMITTED
05/06/17 08:26:54 46962 seconds since last log event
05/06/17 08:26:54 Pending DAG nodes:
05/06/17 08:26:54   Node cbow_mean_lstm_test, HTCondor ID 1066, status STATUS_SUBMITTED
05/06/17 08:36:56 47564 seconds since last log event
05/06/17 08:36:56 Pending DAG nodes:
05/06/17 08:36:56   Node cbow_mean_lstm_test, HTCondor ID 1066, status STATUS_SUBMITTED
05/06/17 08:46:58 48166 seconds since last log event
05/06/17 08:46:58 Pending DAG nodes:
05/06/17 08:46:58   Node cbow_mean_lstm_test, HTCondor ID 1066, status STATUS_SUBMITTED
05/06/17 08:57:01 48769 seconds since last log event
05/06/17 08:57:01 Pending DAG nodes:
05/06/17 08:57:01   Node cbow_mean_lstm_test, HTCondor ID 1066, status STATUS_SUBMITTED
05/06/17 09:07:03 49371 seconds since last log event
05/06/17 09:07:03 Pending DAG nodes:
05/06/17 09:07:03   Node cbow_mean_lstm_test, HTCondor ID 1066, status STATUS_SUBMITTED
05/06/17 09:17:05 49973 seconds since last log event
05/06/17 09:17:05 Pending DAG nodes:
05/06/17 09:17:05   Node cbow_mean_lstm_test, HTCondor ID 1066, status STATUS_SUBMITTED
05/06/17 09:27:07 50575 seconds since last log event
05/06/17 09:27:07 Pending DAG nodes:
05/06/17 09:27:07   Node cbow_mean_lstm_test, HTCondor ID 1066, status STATUS_SUBMITTED
05/06/17 09:37:09 51177 seconds since last log event
05/06/17 09:37:09 Pending DAG nodes:
05/06/17 09:37:09   Node cbow_mean_lstm_test, HTCondor ID 1066, status STATUS_SUBMITTED
05/06/17 09:47:11 51779 seconds since last log event
05/06/17 09:47:11 Pending DAG nodes:
05/06/17 09:47:11   Node cbow_mean_lstm_test, HTCondor ID 1066, status STATUS_SUBMITTED
05/06/17 09:57:14 52382 seconds since last log event
05/06/17 09:57:14 Pending DAG nodes:
05/06/17 09:57:14   Node cbow_mean_lstm_test, HTCondor ID 1066, status STATUS_SUBMITTED
05/06/17 10:07:16 52984 seconds since last log event
05/06/17 10:07:16 Pending DAG nodes:
05/06/17 10:07:16   Node cbow_mean_lstm_test, HTCondor ID 1066, status STATUS_SUBMITTED
05/06/17 10:17:18 53586 seconds since last log event
05/06/17 10:17:18 Pending DAG nodes:
05/06/17 10:17:18   Node cbow_mean_lstm_test, HTCondor ID 1066, status STATUS_SUBMITTED
05/06/17 10:27:20 54188 seconds since last log event
05/06/17 10:27:20 Pending DAG nodes:
05/06/17 10:27:20   Node cbow_mean_lstm_test, HTCondor ID 1066, status STATUS_SUBMITTED
05/06/17 10:37:22 54790 seconds since last log event
05/06/17 10:37:22 Pending DAG nodes:
05/06/17 10:37:22   Node cbow_mean_lstm_test, HTCondor ID 1066, status STATUS_SUBMITTED
05/06/17 10:47:24 55392 seconds since last log event
05/06/17 10:47:24 Pending DAG nodes:
05/06/17 10:47:24   Node cbow_mean_lstm_test, HTCondor ID 1066, status STATUS_SUBMITTED
05/06/17 10:57:26 55994 seconds since last log event
05/06/17 10:57:26 Pending DAG nodes:
05/06/17 10:57:26   Node cbow_mean_lstm_test, HTCondor ID 1066, status STATUS_SUBMITTED
05/06/17 11:07:28 56596 seconds since last log event
05/06/17 11:07:28 Pending DAG nodes:
05/06/17 11:07:28   Node cbow_mean_lstm_test, HTCondor ID 1066, status STATUS_SUBMITTED
05/06/17 11:17:31 57199 seconds since last log event
05/06/17 11:17:31 Pending DAG nodes:
05/06/17 11:17:31   Node cbow_mean_lstm_test, HTCondor ID 1066, status STATUS_SUBMITTED
05/06/17 11:27:33 57801 seconds since last log event
05/06/17 11:27:33 Pending DAG nodes:
05/06/17 11:27:33   Node cbow_mean_lstm_test, HTCondor ID 1066, status STATUS_SUBMITTED
05/06/17 11:37:34 58402 seconds since last log event
05/06/17 11:37:34 Pending DAG nodes:
05/06/17 11:37:34   Node cbow_mean_lstm_test, HTCondor ID 1066, status STATUS_SUBMITTED
05/06/17 11:47:36 59004 seconds since last log event
05/06/17 11:47:36 Pending DAG nodes:
05/06/17 11:47:36   Node cbow_mean_lstm_test, HTCondor ID 1066, status STATUS_SUBMITTED
05/06/17 11:57:38 59606 seconds since last log event
05/06/17 11:57:38 Pending DAG nodes:
05/06/17 11:57:38   Node cbow_mean_lstm_test, HTCondor ID 1066, status STATUS_SUBMITTED
05/06/17 12:07:40 60208 seconds since last log event
05/06/17 12:07:40 Pending DAG nodes:
05/06/17 12:07:40   Node cbow_mean_lstm_test, HTCondor ID 1066, status STATUS_SUBMITTED
05/06/17 12:17:42 60810 seconds since last log event
05/06/17 12:17:42 Pending DAG nodes:
05/06/17 12:17:42   Node cbow_mean_lstm_test, HTCondor ID 1066, status STATUS_SUBMITTED
05/06/17 12:27:44 61412 seconds since last log event
05/06/17 12:27:44 Pending DAG nodes:
05/06/17 12:27:44   Node cbow_mean_lstm_test, HTCondor ID 1066, status STATUS_SUBMITTED
05/06/17 12:37:47 62015 seconds since last log event
05/06/17 12:37:47 Pending DAG nodes:
05/06/17 12:37:47   Node cbow_mean_lstm_test, HTCondor ID 1066, status STATUS_SUBMITTED
05/06/17 12:47:49 62617 seconds since last log event
05/06/17 12:47:49 Pending DAG nodes:
05/06/17 12:47:49   Node cbow_mean_lstm_test, HTCondor ID 1066, status STATUS_SUBMITTED
05/06/17 12:57:51 63219 seconds since last log event
05/06/17 12:57:51 Pending DAG nodes:
05/06/17 12:57:51   Node cbow_mean_lstm_test, HTCondor ID 1066, status STATUS_SUBMITTED
05/06/17 13:07:53 63821 seconds since last log event
05/06/17 13:07:53 Pending DAG nodes:
05/06/17 13:07:53   Node cbow_mean_lstm_test, HTCondor ID 1066, status STATUS_SUBMITTED
05/06/17 13:17:55 64423 seconds since last log event
05/06/17 13:17:55 Pending DAG nodes:
05/06/17 13:17:55   Node cbow_mean_lstm_test, HTCondor ID 1066, status STATUS_SUBMITTED
05/06/17 13:27:57 65025 seconds since last log event
05/06/17 13:27:57 Pending DAG nodes:
05/06/17 13:27:57   Node cbow_mean_lstm_test, HTCondor ID 1066, status STATUS_SUBMITTED
05/06/17 13:37:59 65627 seconds since last log event
05/06/17 13:37:59 Pending DAG nodes:
05/06/17 13:37:59   Node cbow_mean_lstm_test, HTCondor ID 1066, status STATUS_SUBMITTED
05/06/17 13:48:02 66230 seconds since last log event
05/06/17 13:48:02 Pending DAG nodes:
05/06/17 13:48:02   Node cbow_mean_lstm_test, HTCondor ID 1066, status STATUS_SUBMITTED
05/06/17 13:58:04 66832 seconds since last log event
05/06/17 13:58:04 Pending DAG nodes:
05/06/17 13:58:04   Node cbow_mean_lstm_test, HTCondor ID 1066, status STATUS_SUBMITTED
05/06/17 14:08:06 67434 seconds since last log event
05/06/17 14:08:06 Pending DAG nodes:
05/06/17 14:08:06   Node cbow_mean_lstm_test, HTCondor ID 1066, status STATUS_SUBMITTED
05/06/17 14:18:09 68037 seconds since last log event
05/06/17 14:18:09 Pending DAG nodes:
05/06/17 14:18:09   Node cbow_mean_lstm_test, HTCondor ID 1066, status STATUS_SUBMITTED
05/06/17 14:28:11 68639 seconds since last log event
05/06/17 14:28:11 Pending DAG nodes:
05/06/17 14:28:11   Node cbow_mean_lstm_test, HTCondor ID 1066, status STATUS_SUBMITTED
05/06/17 14:38:13 69241 seconds since last log event
05/06/17 14:38:13 Pending DAG nodes:
05/06/17 14:38:13   Node cbow_mean_lstm_test, HTCondor ID 1066, status STATUS_SUBMITTED
05/06/17 14:48:15 69843 seconds since last log event
05/06/17 14:48:15 Pending DAG nodes:
05/06/17 14:48:15   Node cbow_mean_lstm_test, HTCondor ID 1066, status STATUS_SUBMITTED
05/06/17 14:58:18 70446 seconds since last log event
05/06/17 14:58:18 Pending DAG nodes:
05/06/17 14:58:18   Node cbow_mean_lstm_test, HTCondor ID 1066, status STATUS_SUBMITTED
05/06/17 15:08:20 71048 seconds since last log event
05/06/17 15:08:20 Pending DAG nodes:
05/06/17 15:08:20   Node cbow_mean_lstm_test, HTCondor ID 1066, status STATUS_SUBMITTED
05/06/17 15:18:22 71650 seconds since last log event
05/06/17 15:18:22 Pending DAG nodes:
05/06/17 15:18:22   Node cbow_mean_lstm_test, HTCondor ID 1066, status STATUS_SUBMITTED
05/06/17 15:28:24 72252 seconds since last log event
05/06/17 15:28:24 Pending DAG nodes:
05/06/17 15:28:24   Node cbow_mean_lstm_test, HTCondor ID 1066, status STATUS_SUBMITTED
05/06/17 15:38:26 72854 seconds since last log event
05/06/17 15:38:26 Pending DAG nodes:
05/06/17 15:38:26   Node cbow_mean_lstm_test, HTCondor ID 1066, status STATUS_SUBMITTED
05/06/17 15:48:28 73456 seconds since last log event
05/06/17 15:48:28 Pending DAG nodes:
05/06/17 15:48:28   Node cbow_mean_lstm_test, HTCondor ID 1066, status STATUS_SUBMITTED
05/06/17 15:58:31 74059 seconds since last log event
05/06/17 15:58:31 Pending DAG nodes:
05/06/17 15:58:31   Node cbow_mean_lstm_test, HTCondor ID 1066, status STATUS_SUBMITTED
05/06/17 16:08:33 74661 seconds since last log event
05/06/17 16:08:33 Pending DAG nodes:
05/06/17 16:08:33   Node cbow_mean_lstm_test, HTCondor ID 1066, status STATUS_SUBMITTED
05/06/17 16:18:35 75263 seconds since last log event
05/06/17 16:18:35 Pending DAG nodes:
05/06/17 16:18:35   Node cbow_mean_lstm_test, HTCondor ID 1066, status STATUS_SUBMITTED
05/06/17 16:28:37 75865 seconds since last log event
05/06/17 16:28:37 Pending DAG nodes:
05/06/17 16:28:37   Node cbow_mean_lstm_test, HTCondor ID 1066, status STATUS_SUBMITTED
05/06/17 16:38:39 76467 seconds since last log event
05/06/17 16:38:39 Pending DAG nodes:
05/06/17 16:38:39   Node cbow_mean_lstm_test, HTCondor ID 1066, status STATUS_SUBMITTED
05/06/17 16:48:41 77069 seconds since last log event
05/06/17 16:48:41 Pending DAG nodes:
05/06/17 16:48:41   Node cbow_mean_lstm_test, HTCondor ID 1066, status STATUS_SUBMITTED
05/06/17 16:58:44 77672 seconds since last log event
05/06/17 16:58:44 Pending DAG nodes:
05/06/17 16:58:44   Node cbow_mean_lstm_test, HTCondor ID 1066, status STATUS_SUBMITTED
05/06/17 17:08:46 78274 seconds since last log event
05/06/17 17:08:46 Pending DAG nodes:
05/06/17 17:08:46   Node cbow_mean_lstm_test, HTCondor ID 1066, status STATUS_SUBMITTED
05/06/17 17:18:48 78876 seconds since last log event
05/06/17 17:18:48 Pending DAG nodes:
05/06/17 17:18:48   Node cbow_mean_lstm_test, HTCondor ID 1066, status STATUS_SUBMITTED
05/06/17 17:28:50 79478 seconds since last log event
05/06/17 17:28:50 Pending DAG nodes:
05/06/17 17:28:50   Node cbow_mean_lstm_test, HTCondor ID 1066, status STATUS_SUBMITTED
05/06/17 17:38:52 80080 seconds since last log event
05/06/17 17:38:52 Pending DAG nodes:
05/06/17 17:38:52   Node cbow_mean_lstm_test, HTCondor ID 1066, status STATUS_SUBMITTED
05/06/17 17:48:55 80683 seconds since last log event
05/06/17 17:48:55 Pending DAG nodes:
05/06/17 17:48:55   Node cbow_mean_lstm_test, HTCondor ID 1066, status STATUS_SUBMITTED
05/06/17 17:58:57 81285 seconds since last log event
05/06/17 17:58:57 Pending DAG nodes:
05/06/17 17:58:57   Node cbow_mean_lstm_test, HTCondor ID 1066, status STATUS_SUBMITTED
05/06/17 18:08:59 81887 seconds since last log event
05/06/17 18:08:59 Pending DAG nodes:
05/06/17 18:08:59   Node cbow_mean_lstm_test, HTCondor ID 1066, status STATUS_SUBMITTED
05/06/17 18:19:01 82489 seconds since last log event
05/06/17 18:19:01 Pending DAG nodes:
05/06/17 18:19:01   Node cbow_mean_lstm_test, HTCondor ID 1066, status STATUS_SUBMITTED
05/06/17 18:29:03 83091 seconds since last log event
05/06/17 18:29:03 Pending DAG nodes:
05/06/17 18:29:03   Node cbow_mean_lstm_test, HTCondor ID 1066, status STATUS_SUBMITTED
05/06/17 18:39:06 83694 seconds since last log event
05/06/17 18:39:06 Pending DAG nodes:
05/06/17 18:39:06   Node cbow_mean_lstm_test, HTCondor ID 1066, status STATUS_SUBMITTED
05/06/17 18:49:08 84296 seconds since last log event
05/06/17 18:49:08 Pending DAG nodes:
05/06/17 18:49:08   Node cbow_mean_lstm_test, HTCondor ID 1066, status STATUS_SUBMITTED
05/06/17 18:59:10 84898 seconds since last log event
05/06/17 18:59:10 Pending DAG nodes:
05/06/17 18:59:10   Node cbow_mean_lstm_test, HTCondor ID 1066, status STATUS_SUBMITTED
05/06/17 19:09:13 85501 seconds since last log event
05/06/17 19:09:13 Pending DAG nodes:
05/06/17 19:09:13   Node cbow_mean_lstm_test, HTCondor ID 1066, status STATUS_SUBMITTED
05/06/17 19:19:16 86104 seconds since last log event
05/06/17 19:19:16 Pending DAG nodes:
05/06/17 19:19:16   Node cbow_mean_lstm_test, HTCondor ID 1066, status STATUS_SUBMITTED
05/06/17 19:29:18 86706 seconds since last log event
05/06/17 19:29:18 Pending DAG nodes:
05/06/17 19:29:18   Node cbow_mean_lstm_test, HTCondor ID 1066, status STATUS_SUBMITTED
05/06/17 19:39:20 87308 seconds since last log event
05/06/17 19:39:20 Pending DAG nodes:
05/06/17 19:39:20   Node cbow_mean_lstm_test, HTCondor ID 1066, status STATUS_SUBMITTED
05/06/17 19:49:22 87910 seconds since last log event
05/06/17 19:49:22 Pending DAG nodes:
05/06/17 19:49:22   Node cbow_mean_lstm_test, HTCondor ID 1066, status STATUS_SUBMITTED
05/06/17 19:49:52 Currently monitoring 1 HTCondor log file(s)
05/06/17 19:49:52 Event: ULOG_EXECUTE for HTCondor Node cbow_mean_lstm_test (1066.0.0) {05/06/17 19:49:51}
05/06/17 19:49:52 Number of idle job procs: 0
05/06/17 19:50:07 Currently monitoring 1 HTCondor log file(s)
05/06/17 19:50:07 Event: ULOG_JOB_TERMINATED for HTCondor Node cbow_mean_lstm_test (1066.0.0) {05/06/17 19:50:05}
05/06/17 19:50:07 Number of idle job procs: 0
05/06/17 19:50:07 Node cbow_mean_lstm_test job proc (1066.0.0) completed successfully.
05/06/17 19:50:07 Node cbow_mean_lstm_test job completed
05/06/17 19:50:07 DAG status: 0 (DAG_STATUS_OK)
05/06/17 19:50:07 Of 2 nodes total:
05/06/17 19:50:07  Done     Pre   Queued    Post   Ready   Un-Ready   Failed
05/06/17 19:50:07   ===     ===      ===     ===     ===        ===      ===
05/06/17 19:50:07     2       0        0       0       0          0        0
05/06/17 19:50:07 0 job proc(s) currently held
05/06/17 19:50:08 All jobs Completed!
05/06/17 19:50:08 Note: 0 total job deferrals because of -MaxJobs limit (0)
05/06/17 19:50:08 Note: 0 total job deferrals because of -MaxIdle limit (1000)
05/06/17 19:50:08 Note: 0 total job deferrals because of node category throttles
05/06/17 19:50:08 Note: 0 total PRE script deferrals because of -MaxPre limit (20) or DEFER
05/06/17 19:50:08 Note: 0 total POST script deferrals because of -MaxPost limit (20) or DEFER
05/06/17 19:50:08 DAG status: 0 (DAG_STATUS_OK)
05/06/17 19:50:08 Of 2 nodes total:
05/06/17 19:50:08  Done     Pre   Queued    Post   Ready   Un-Ready   Failed
05/06/17 19:50:08   ===     ===      ===     ===     ===        ===      ===
05/06/17 19:50:08     2       0        0       0       0          0        0
05/06/17 19:50:08 0 job proc(s) currently held
05/06/17 19:50:08 Wrote metrics file ds_cbow_mean_lstm.dag.metrics.
05/06/17 19:50:08 Metrics not sent because of PEGASUS_METRICS or CONDOR_DEVELOPERS setting.
05/06/17 19:50:08 **** condor_scheduniv_exec.1039.0 (condor_DAGMAN) pid 24632 EXITING WITH STATUS 0
