job started
Epoch: 1 Learning rate: 1.000
0.000 perplexity: 49853.006 speed: 987 wps
0.100 perplexity: 488.991 speed: 12743 wps
0.200 perplexity: 414.815 speed: 12907 wps
0.300 perplexity: 380.655 speed: 13045 wps
0.400 perplexity: 358.931 speed: 13049 wps
0.500 perplexity: 343.332 speed: 13025 wps
0.600 perplexity: 331.862 speed: 13007 wps
0.700 perplexity: 322.524 speed: 13006 wps
0.800 perplexity: 314.633 speed: 12999 wps
0.900 perplexity: 307.890 speed: 12992 wps
1.000 perplexity: 302.013 speed: 13003 wps
Epoch: 1 Train Perplexity: 302.013
with(perplexity: 238.505) speed: 26348 wps
Epoch: 1 Valid Perplexity: 238.505
Epoch: 2 Learning rate: 1.000
0.000 perplexity: 406.345 speed: 7317 wps
0.100 perplexity: 251.077 speed: 13289 wps
0.200 perplexity: 248.723 speed: 13225 wps
0.300 perplexity: 247.191 speed: 13161 wps
0.400 perplexity: 245.774 speed: 13130 wps
0.500 perplexity: 244.278 speed: 13075 wps
0.600 perplexity: 243.363 speed: 13051 wps
0.700 perplexity: 242.424 speed: 13057 wps
0.800 perplexity: 241.410 speed: 13043 wps
0.900 perplexity: 240.443 speed: 13057 wps
1.000 perplexity: 239.491 speed: 13080 wps
Epoch: 2 Train Perplexity: 239.492
with(perplexity: 215.197) speed: 24239 wps
Epoch: 2 Valid Perplexity: 215.197
Epoch: 3 Learning rate: 1.000
0.000 perplexity: 415.054 speed: 13728 wps
0.100 perplexity: 230.927 speed: 12919 wps
0.200 perplexity: 229.687 speed: 12975 wps
0.300 perplexity: 229.202 speed: 12990 wps
0.400 perplexity: 228.674 speed: 12998 wps
0.500 perplexity: 227.960 speed: 12986 wps
0.600 perplexity: 227.740 speed: 12980 wps
0.700 perplexity: 227.434 speed: 12995 wps
0.800 perplexity: 227.011 speed: 13021 wps
0.900 perplexity: 226.573 speed: 13052 wps
1.000 perplexity: 226.103 speed: 13053 wps
Epoch: 3 Train Perplexity: 226.104
with(perplexity: 205.579) speed: 21457 wps
Epoch: 3 Valid Perplexity: 205.579
with(perplexity: 219.917) speed: 512 wps
Test Perplexity: 219.917
Saving model to /esat/spchtemp/scratch/robbe/SpeechHub/untied_models_smallest/output/cbow_tfidf_lstm_0/cbow_tfidf_lstm_0.
hihi
