job started
Epoch: 1 Learning rate: 1.000
0.000 perplexity: 8017.307 speed: 813 wps
0.100 perplexity: 1445.457 speed: 5728 wps
0.200 perplexity: 1181.675 speed: 5749 wps
0.300 perplexity: 1014.636 speed: 5764 wps
0.400 perplexity: 905.306 speed: 5764 wps
0.500 perplexity: 816.954 speed: 5757 wps
0.600 perplexity: 737.741 speed: 5754 wps
0.700 perplexity: 664.574 speed: 5759 wps
0.800 perplexity: 604.147 speed: 5760 wps
0.900 perplexity: 556.409 speed: 5760 wps
1.000 perplexity: 518.557 speed: 5760 wps
Epoch: 1 Train Perplexity: 518.550
with(perplexity: 266.908) speed: 14653 wps
Epoch: 1 Valid Perplexity: 266.908
Epoch: 2 Learning rate: 1.000
0.000 perplexity: 356.401 speed: 5672 wps
0.100 perplexity: 268.109 speed: 5740 wps
0.200 perplexity: 264.582 speed: 5763 wps
0.300 perplexity: 262.030 speed: 5768 wps
0.400 perplexity: 259.811 speed: 5767 wps
0.500 perplexity: 257.607 speed: 5760 wps
0.600 perplexity: 256.028 speed: 5758 wps
0.700 perplexity: 254.527 speed: 5764 wps
0.800 perplexity: 252.958 speed: 5764 wps
0.900 perplexity: 251.495 speed: 5763 wps
1.000 perplexity: 250.152 speed: 5763 wps
Epoch: 2 Train Perplexity: 250.153
with(perplexity: 226.098) speed: 14460 wps
Epoch: 2 Valid Perplexity: 226.098
Epoch: 3 Learning rate: 1.000
0.000 perplexity: 330.663 speed: 5653 wps
0.100 perplexity: 237.869 speed: 5740 wps
0.200 perplexity: 236.771 speed: 5734 wps
0.300 perplexity: 236.136 speed: 5757 wps
0.400 perplexity: 235.528 speed: 5758 wps
0.500 perplexity: 234.800 speed: 5755 wps
0.600 perplexity: 234.503 speed: 5753 wps
0.700 perplexity: 234.106 speed: 5756 wps
0.800 perplexity: 233.584 speed: 5761 wps
0.900 perplexity: 233.047 speed: 5760 wps
1.000 perplexity: 232.545 speed: 5761 wps
Epoch: 3 Train Perplexity: 232.546
with(perplexity: 214.586) speed: 14203 wps
Epoch: 3 Valid Perplexity: 214.586
with(perplexity: 229.015) speed: 111 wps
Test Perplexity: 229.015
Saving model to /esat/spchtemp/scratch/robbe/SpeechHub/untied_models_smallest/output/extended_topic_1_0/extended_topic_1_0.
