job started
Epoch: 1 Learning rate: 1.000
0.000 perplexity: 6753.961 speed: 707 wps
0.100 perplexity: 3186.594 speed: 7318 wps
0.200 perplexity: 3065.681 speed: 7332 wps
0.300 perplexity: 2988.697 speed: 7327 wps
0.400 perplexity: 2938.166 speed: 7324 wps
0.500 perplexity: 2900.785 speed: 7322 wps
0.600 perplexity: 2871.557 speed: 7324 wps
0.700 perplexity: 2847.697 speed: 7321 wps
0.800 perplexity: 2827.989 speed: 7319 wps
0.900 perplexity: 2813.176 speed: 7317 wps
1.000 perplexity: 2798.630 speed: 7317 wps
Epoch: 1 Train Perplexity: 2798.631
with(perplexity: 2638.314) speed: 10686 wps
Epoch: 1 Valid Perplexity: 2638.314
Epoch: 2 Learning rate: 1.000
0.000 perplexity: 2601.310 speed: 7432 wps
0.100 perplexity: 2638.622 speed: 7335 wps
0.200 perplexity: 2650.687 speed: 7345 wps
0.300 perplexity: 2644.532 speed: 7343 wps
0.400 perplexity: 2641.241 speed: 7344 wps
0.500 perplexity: 2638.080 speed: 7341 wps
0.600 perplexity: 2635.200 speed: 7343 wps
0.700 perplexity: 2632.253 speed: 7344 wps
0.800 perplexity: 2629.519 speed: 7342 wps
0.900 perplexity: 2628.928 speed: 7343 wps
1.000 perplexity: 2626.493 speed: 7342 wps
Epoch: 2 Train Perplexity: 2626.502
with(perplexity: 2561.817) speed: 11098 wps
Epoch: 2 Valid Perplexity: 2561.817
Epoch: 3 Learning rate: 1.000
0.000 perplexity: 2527.650 speed: 7173 wps
0.100 perplexity: 2579.206 speed: 7352 wps
0.200 perplexity: 2594.637 speed: 7340 wps
0.300 perplexity: 2591.319 speed: 7341 wps
0.400 perplexity: 2590.263 speed: 7339 wps
0.500 perplexity: 2589.287 speed: 7339 wps
0.600 perplexity: 2588.351 speed: 7337 wps
0.700 perplexity: 2587.214 speed: 7337 wps
0.800 perplexity: 2586.173 speed: 7336 wps
0.900 perplexity: 2587.023 speed: 7336 wps
1.000 perplexity: 2585.988 speed: 7337 wps
Epoch: 3 Train Perplexity: 2585.998
with(perplexity: 2529.925) speed: 7447 wps
Epoch: 3 Valid Perplexity: 2529.925
with(perplexity: 2935.455) speed: 130 wps
Test Perplexity: 2935.455
Saving model to /esat/spchtemp/scratch/robbe/SpeechHub/untied_models_smallest/output/topic_0/topic_0.
