000 (1149.000.000) 05/08 17:40:44 Job submitted from host: <10.33.133.154:9618?addrs=10.33.133.154-9618+[--1]-9618&noUDP&sock=1383_3391_3>
    DAG Node: cbow_exp_lstm
...
001 (1149.000.000) 05/11 08:50:15 Job executing on host: <10.33.133.90:9618?addrs=10.33.133.90-9618+[--1]-9618&noUDP&sock=1263_e434_3>
...
010 (1149.000.000) 05/11 09:39:07 Job was suspended.
	Number of processes actually suspended: 12
...
011 (1149.000.000) 05/11 09:54:08 Job was unsuspended.
...
004 (1149.000.000) 05/11 09:54:09 Job was evicted.
	(0) Job was not checkpointed.
		Usr 0 00:45:16, Sys 0 00:00:10  -  Run Remote Usage
		Usr 0 00:00:00, Sys 0 00:00:00  -  Run Local Usage
	0  -  Run Bytes Sent By Job
	0  -  Run Bytes Received By Job
	Partitionable Resources :    Usage  Request Allocated
	   Cpus                 :                 1         1
	   Disk (KB)            :        7        7  10051279
	   Gpus                 :                 1         1
	   Memory (MB)          :     1091     4096      4096
...
001 (1149.000.000) 05/11 22:15:31 Job executing on host: <10.33.133.102:9618?addrs=10.33.133.102-9618+[--1]-9618&noUDP&sock=1535_75f7_3>
...
005 (1149.000.000) 05/12 20:08:01 Job terminated.
	(1) Normal termination (return value 0)
		Usr 0 19:50:30, Sys 0 01:05:11  -  Run Remote Usage
		Usr 0 00:00:00, Sys 0 00:00:00  -  Run Local Usage
		Usr 0 19:50:30, Sys 0 01:05:11  -  Total Remote Usage
		Usr 0 00:00:00, Sys 0 00:00:00  -  Total Local Usage
	0  -  Run Bytes Sent By Job
	0  -  Run Bytes Received By Job
	0  -  Total Bytes Sent By Job
	0  -  Total Bytes Received By Job
	Partitionable Resources :    Usage  Request Allocated
	   Cpus                 :                 1         1
	   Disk (KB)            :        7        7   6722611
	   Gpus                 :                 1         1
	   Memory (MB)          :     1221     4096      4096
...
000 (1256.000.000) 05/12 20:08:06 Job submitted from host: <10.33.133.154:9618?addrs=10.33.133.154-9618+[--1]-9618&noUDP&sock=1383_3391_3>
    DAG Node: cbow_exp_lstm_test
...
009 (1256.000.000) 05/13 08:17:39 Job was aborted by the user.
	removed because <OtherJobRemoveRequirements = DAGManJobId =?= 1130> fired when job (1130.0) was removed
...
