job started
Epoch: 1 Learning rate: 1.000
0.000 perplexity: 49856.958 speed: 183 wps
0.100 perplexity: 487.969 speed: 6669 wps
0.200 perplexity: 413.325 speed: 6682 wps
0.300 perplexity: 379.312 speed: 6685 wps
0.400 perplexity: 358.280 speed: 6688 wps
0.500 perplexity: 343.536 speed: 6682 wps
0.600 perplexity: 332.931 speed: 6681 wps
0.700 perplexity: 324.450 speed: 6686 wps
0.800 perplexity: 317.369 speed: 6673 wps
0.900 perplexity: 311.498 speed: 6670 wps
1.000 perplexity: 306.463 speed: 6672 wps
Epoch: 1 Train Perplexity: 306.464
with(perplexity: 250.860) speed: 14585 wps
Epoch: 1 Valid Perplexity: 250.860
Epoch: 2 Learning rate: 1.000
0.000 perplexity: 375.074 speed: 6400 wps
0.100 perplexity: 262.646 speed: 6664 wps
0.200 perplexity: 260.686 speed: 6679 wps
0.300 perplexity: 259.409 speed: 6684 wps
0.400 perplexity: 258.132 speed: 6670 wps
0.500 perplexity: 256.891 speed: 6670 wps
0.600 perplexity: 256.196 speed: 6672 wps
0.700 perplexity: 255.399 speed: 6677 wps
0.800 perplexity: 254.504 speed: 6677 wps
0.900 perplexity: 253.700 speed: 6678 wps
1.000 perplexity: 252.926 speed: 6680 wps
Epoch: 2 Train Perplexity: 252.927
with(perplexity: 231.133) speed: 14778 wps
Epoch: 2 Valid Perplexity: 231.133
Epoch: 3 Learning rate: 1.000
0.000 perplexity: 365.942 speed: 6294 wps
0.100 perplexity: 245.887 speed: 6671 wps
0.200 perplexity: 244.816 speed: 6687 wps
0.300 perplexity: 244.261 speed: 6692 wps
0.400 perplexity: 243.681 speed: 6694 wps
0.500 perplexity: 243.043 speed: 6689 wps
0.600 perplexity: 242.846 speed: 6688 wps
0.700 perplexity: 242.540 speed: 6691 wps
0.800 perplexity: 242.105 speed: 6689 wps
0.900 perplexity: 241.711 speed: 6688 wps
1.000 perplexity: 241.316 speed: 6689 wps
Epoch: 3 Train Perplexity: 241.318
with(perplexity: 221.965) speed: 14783 wps
Epoch: 3 Valid Perplexity: 221.965
with(perplexity: 237.569) speed: 373 wps
Test Perplexity: 237.569
Saving model to /esat/spchtemp/scratch/robbe/SpeechHub/tied_models_smallest/output/cbow_tfidf_soft_0/cbow_tfidf_soft_0.
hihi
