job started
Epoch: 1 Learning rate: 1.000
0.000 perplexity: 49849.625 speed: 142 wps
0.100 perplexity: 467.191 speed: 6451 wps
0.200 perplexity: 390.363 speed: 6479 wps
0.300 perplexity: 355.723 speed: 6488 wps
0.400 perplexity: 334.381 speed: 6495 wps
0.500 perplexity: 319.493 speed: 6491 wps
0.600 perplexity: 308.853 speed: 6491 wps
0.700 perplexity: 300.404 speed: 6489 wps
0.800 perplexity: 293.438 speed: 6489 wps
0.900 perplexity: 287.675 speed: 6480 wps
1.000 perplexity: 282.729 speed: 6482 wps
Epoch: 1 Train Perplexity: 282.729
with(perplexity: 228.958) speed: 14382 wps
Epoch: 1 Valid Perplexity: 228.958
Epoch: 2 Learning rate: 1.000
0.000 perplexity: 353.092 speed: 6046 wps
0.100 perplexity: 240.077 speed: 6309 wps
0.200 perplexity: 238.216 speed: 6350 wps
0.300 perplexity: 237.038 speed: 6368 wps
0.400 perplexity: 235.884 speed: 6380 wps
0.500 perplexity: 234.710 speed: 6344 wps
0.600 perplexity: 234.053 speed: 6360 wps
0.700 perplexity: 233.323 speed: 6383 wps
0.800 perplexity: 232.512 speed: 6395 wps
0.900 perplexity: 231.766 speed: 6406 wps
1.000 perplexity: 231.048 speed: 6416 wps
Epoch: 2 Train Perplexity: 231.049
with(perplexity: 209.979) speed: 14599 wps
Epoch: 2 Valid Perplexity: 209.979
Epoch: 3 Learning rate: 1.000
0.000 perplexity: 341.160 speed: 6028 wps
0.100 perplexity: 224.553 speed: 6331 wps
0.200 perplexity: 223.570 speed: 6417 wps
0.300 perplexity: 223.051 speed: 6443 wps
0.400 perplexity: 222.564 speed: 6460 wps
0.500 perplexity: 221.954 speed: 6464 wps
0.600 perplexity: 221.796 speed: 6469 wps
0.700 perplexity: 221.534 speed: 6472 wps
0.800 perplexity: 221.166 speed: 6474 wps
0.900 perplexity: 220.814 speed: 6476 wps
1.000 perplexity: 220.452 speed: 6479 wps
Epoch: 3 Train Perplexity: 220.453
with(perplexity: 202.015) speed: 14597 wps
Epoch: 3 Valid Perplexity: 202.015
with(perplexity: 217.894) speed: 357 wps
Test Perplexity: 217.894
Saving model to /esat/spchtemp/scratch/robbe/SpeechHub/tied_models_smallest/output/cbow_tfidf_lstm_0/cbow_tfidf_lstm_0.
hihi
