I tensorflow/stream_executor/dso_loader.cc:128] successfully opened CUDA library libcublas.so locally
I tensorflow/stream_executor/dso_loader.cc:128] successfully opened CUDA library libcudnn.so locally
I tensorflow/stream_executor/dso_loader.cc:128] successfully opened CUDA library libcufft.so locally
I tensorflow/stream_executor/dso_loader.cc:128] successfully opened CUDA library libcuda.so.1 locally
I tensorflow/stream_executor/dso_loader.cc:128] successfully opened CUDA library libcurand.so locally
/users/start2014/r0364650/.local/lib/python2.7/site-packages/gensim/utils.py:1015: UserWarning: Pattern library is not installed, lemmatization won't be available.
  warnings.warn("Pattern library is not installed, lemmatization won't be available.")
I tensorflow/stream_executor/cuda/cuda_gpu_executor.cc:937] successful NUMA node read from SysFS had negative value (-1), but there must be at least one NUMA node, so returning NUMA node zero
I tensorflow/core/common_runtime/gpu/gpu_device.cc:885] Found device 0 with properties: 
name: GeForce GTX 980 Ti
major: 5 minor: 2 memoryClockRate (GHz) 1.19
pciBusID 0000:01:00.0
Total memory: 5.93GiB
Free memory: 5.84GiB
I tensorflow/core/common_runtime/gpu/gpu_device.cc:906] DMA: 0 
I tensorflow/core/common_runtime/gpu/gpu_device.cc:916] 0:   Y 
I tensorflow/core/common_runtime/gpu/gpu_device.cc:975] Creating TensorFlow device (/gpu:0) -> (device: 0, name: GeForce GTX 980 Ti, pci bus id: 0000:01:00.0)
I tensorflow/core/common_runtime/gpu/pool_allocator.cc:247] PoolAllocator: After 9089 get requests, put_count=9060 evicted_count=1000 eviction_rate=0.110375 and unsatisfied allocation rate=0.124216
I tensorflow/core/common_runtime/gpu/pool_allocator.cc:259] Raising pool_size_limit_ from 100 to 110
I tensorflow/core/common_runtime/gpu/pool_allocator.cc:247] PoolAllocator: After 820336 get requests, put_count=820339 evicted_count=1000 eviction_rate=0.00121901 and unsatisfied allocation rate=0.00124339
I tensorflow/core/common_runtime/gpu/pool_allocator.cc:247] PoolAllocator: After 7686756 get requests, put_count=7686759 evicted_count=11000 eviction_rate=0.00143103 and unsatisfied allocation rate=0.00143363
I tensorflow/core/common_runtime/gpu/pool_allocator.cc:247] PoolAllocator: After 13516074 get requests, put_count=13516078 evicted_count=21000 eviction_rate=0.00155371 and unsatisfied allocation rate=0.00155511
I tensorflow/core/common_runtime/gpu/pool_allocator.cc:247] PoolAllocator: After 18759994 get requests, put_count=18759995 evicted_count=31000 eviction_rate=0.00165245 and unsatisfied allocation rate=0.00165363
I tensorflow/core/common_runtime/gpu/pool_allocator.cc:247] PoolAllocator: After 24063622 get requests, put_count=24063626 evicted_count=41000 eviction_rate=0.00170382 and unsatisfied allocation rate=0.00170461
I tensorflow/core/common_runtime/gpu/pool_allocator.cc:247] PoolAllocator: After 29382826 get requests, put_count=29382828 evicted_count=51000 eviction_rate=0.00173571 and unsatisfied allocation rate=0.00173642
I tensorflow/core/common_runtime/gpu/pool_allocator.cc:247] PoolAllocator: After 34730586 get requests, put_count=34730588 evicted_count=61000 eviction_rate=0.00175638 and unsatisfied allocation rate=0.00175698
I tensorflow/core/common_runtime/gpu/pool_allocator.cc:247] PoolAllocator: After 40017340 get requests, put_count=40017343 evicted_count=71000 eviction_rate=0.00177423 and unsatisfied allocation rate=0.00177473
I tensorflow/core/common_runtime/gpu/pool_allocator.cc:247] PoolAllocator: After 45293710 get requests, put_count=45293712 evicted_count=81000 eviction_rate=0.00178833 and unsatisfied allocation rate=0.00178879
I tensorflow/core/common_runtime/gpu/pool_allocator.cc:247] PoolAllocator: After 50487008 get requests, put_count=50487011 evicted_count=91000 eviction_rate=0.00180244 and unsatisfied allocation rate=0.00180284
I tensorflow/core/common_runtime/gpu/pool_allocator.cc:247] PoolAllocator: After 55641366 get requests, put_count=55641368 evicted_count=101000 eviction_rate=0.0018152 and unsatisfied allocation rate=0.00181557
I tensorflow/core/common_runtime/gpu/pool_allocator.cc:247] PoolAllocator: After 60859326 get requests, put_count=60859330 evicted_count=111000 eviction_rate=0.00182388 and unsatisfied allocation rate=0.00182419
I tensorflow/core/common_runtime/gpu/pool_allocator.cc:247] PoolAllocator: After 66161656 get requests, put_count=66161657 evicted_count=121000 eviction_rate=0.00182885 and unsatisfied allocation rate=0.00182919
I tensorflow/core/common_runtime/gpu/pool_allocator.cc:247] PoolAllocator: After 71362742 get requests, put_count=71362744 evicted_count=131000 eviction_rate=0.00183569 and unsatisfied allocation rate=0.00183599
I tensorflow/core/common_runtime/gpu/pool_allocator.cc:247] PoolAllocator: After 76667668 get requests, put_count=76667669 evicted_count=141000 eviction_rate=0.00183911 and unsatisfied allocation rate=0.00183939
I tensorflow/core/common_runtime/gpu/pool_allocator.cc:247] PoolAllocator: After 81938846 get requests, put_count=81938850 evicted_count=151000 eviction_rate=0.00184284 and unsatisfied allocation rate=0.00184307
I tensorflow/core/common_runtime/gpu/pool_allocator.cc:247] PoolAllocator: After 87237282 get requests, put_count=87237283 evicted_count=161000 eviction_rate=0.00184554 and unsatisfied allocation rate=0.00184579
I tensorflow/core/common_runtime/gpu/pool_allocator.cc:247] PoolAllocator: After 92469520 get requests, put_count=92469523 evicted_count=171000 eviction_rate=0.00184926 and unsatisfied allocation rate=0.00184947
I tensorflow/core/common_runtime/gpu/pool_allocator.cc:247] PoolAllocator: After 97619984 get requests, put_count=97619985 evicted_count=181000 eviction_rate=0.00185413 and unsatisfied allocation rate=0.00185435
I tensorflow/core/common_runtime/gpu/pool_allocator.cc:247] PoolAllocator: After 102778236 get requests, put_count=102778240 evicted_count=191000 eviction_rate=0.00185837 and unsatisfied allocation rate=0.00185855
I tensorflow/core/common_runtime/gpu/pool_allocator.cc:247] PoolAllocator: After 108028646 get requests, put_count=108028648 evicted_count=201000 eviction_rate=0.00186062 and unsatisfied allocation rate=0.00186081
I tensorflow/core/common_runtime/gpu/pool_allocator.cc:247] PoolAllocator: After 113227136 get requests, put_count=113227139 evicted_count=211000 eviction_rate=0.00186351 and unsatisfied allocation rate=0.00186369
I tensorflow/core/common_runtime/gpu/pool_allocator.cc:247] PoolAllocator: After 118456778 get requests, put_count=118456779 evicted_count=221000 eviction_rate=0.00186566 and unsatisfied allocation rate=0.00186585
I tensorflow/core/common_runtime/gpu/pool_allocator.cc:247] PoolAllocator: After 123656566 get requests, put_count=123656567 evicted_count=231000 eviction_rate=0.00186808 and unsatisfied allocation rate=0.00186826
I tensorflow/core/common_runtime/gpu/pool_allocator.cc:247] PoolAllocator: After 128930340 get requests, put_count=128930341 evicted_count=241000 eviction_rate=0.00186923 and unsatisfied allocation rate=0.0018694
I tensorflow/core/common_runtime/gpu/pool_allocator.cc:247] PoolAllocator: After 134271610 get requests, put_count=134271613 evicted_count=251000 eviction_rate=0.00186935 and unsatisfied allocation rate=0.00186949
I tensorflow/core/common_runtime/gpu/pool_allocator.cc:247] PoolAllocator: After 139667396 get requests, put_count=139667397 evicted_count=261000 eviction_rate=0.00186873 and unsatisfied allocation rate=0.00186888
I tensorflow/core/common_runtime/gpu/pool_allocator.cc:247] PoolAllocator: After 145156638 get requests, put_count=145156639 evicted_count=271000 eviction_rate=0.00186695 and unsatisfied allocation rate=0.0018671
I tensorflow/core/common_runtime/gpu/pool_allocator.cc:247] PoolAllocator: After 150514782 get requests, put_count=150514786 evicted_count=281000 eviction_rate=0.00186693 and unsatisfied allocation rate=0.00186705
I tensorflow/core/common_runtime/gpu/pool_allocator.cc:247] PoolAllocator: After 155830092 get requests, put_count=155830094 evicted_count=291000 eviction_rate=0.00186742 and unsatisfied allocation rate=0.00186755
I tensorflow/core/common_runtime/gpu/pool_allocator.cc:247] PoolAllocator: After 161150594 get requests, put_count=161150598 evicted_count=301000 eviction_rate=0.00186782 and unsatisfied allocation rate=0.00186794
I tensorflow/core/common_runtime/gpu/pool_allocator.cc:247] PoolAllocator: After 166377640 get requests, put_count=166377643 evicted_count=311000 eviction_rate=0.00186924 and unsatisfied allocation rate=0.00186936
I tensorflow/core/common_runtime/gpu/pool_allocator.cc:247] PoolAllocator: After 171753956 get requests, put_count=171753957 evicted_count=321000 eviction_rate=0.00186895 and unsatisfied allocation rate=0.00186908
I tensorflow/core/common_runtime/gpu/pool_allocator.cc:247] PoolAllocator: After 177134166 get requests, put_count=177134168 evicted_count=331000 eviction_rate=0.00186864 and unsatisfied allocation rate=0.00186876
I tensorflow/core/common_runtime/gpu/pool_allocator.cc:247] PoolAllocator: After 182404046 get requests, put_count=182404049 evicted_count=341000 eviction_rate=0.00186948 and unsatisfied allocation rate=0.00186959
I tensorflow/core/common_runtime/gpu/pool_allocator.cc:247] PoolAllocator: After 187549318 get requests, put_count=187549319 evicted_count=351000 eviction_rate=0.00187151 and unsatisfied allocation rate=0.00187163
I tensorflow/core/common_runtime/gpu/pool_allocator.cc:247] PoolAllocator: After 192964574 get requests, put_count=192964577 evicted_count=361000 eviction_rate=0.00187081 and unsatisfied allocation rate=0.00187091
I tensorflow/core/common_runtime/gpu/pool_allocator.cc:247] PoolAllocator: After 198161766 get requests, put_count=198161770 evicted_count=371000 eviction_rate=0.00187221 and unsatisfied allocation rate=0.0018723
I tensorflow/core/common_runtime/gpu/pool_allocator.cc:247] PoolAllocator: After 203049700 get requests, put_count=203049701 evicted_count=381000 eviction_rate=0.00187639 and unsatisfied allocation rate=0.0018765
I tensorflow/core/common_runtime/gpu/pool_allocator.cc:247] PoolAllocator: After 207775718 get requests, put_count=207775722 evicted_count=391000 eviction_rate=0.00188184 and unsatisfied allocation rate=0.00188193
I tensorflow/core/common_runtime/gpu/pool_allocator.cc:247] PoolAllocator: After 212596490 get requests, put_count=212596494 evicted_count=401000 eviction_rate=0.0018862 and unsatisfied allocation rate=0.00188629
I tensorflow/core/common_runtime/gpu/pool_allocator.cc:247] PoolAllocator: After 217328998 get requests, put_count=217328999 evicted_count=411000 eviction_rate=0.00189114 and unsatisfied allocation rate=0.00189124
I tensorflow/core/common_runtime/gpu/pool_allocator.cc:247] PoolAllocator: After 222141982 get requests, put_count=222141983 evicted_count=421000 eviction_rate=0.00189518 and unsatisfied allocation rate=0.00189528
I tensorflow/core/common_runtime/gpu/pool_allocator.cc:247] PoolAllocator: After 226857616 get requests, put_count=226857620 evicted_count=431000 eviction_rate=0.00189987 and unsatisfied allocation rate=0.00189995
I tensorflow/core/common_runtime/gpu/pool_allocator.cc:247] PoolAllocator: After 231692666 get requests, put_count=231692668 evicted_count=441000 eviction_rate=0.00190338 and unsatisfied allocation rate=0.00190347
I tensorflow/core/common_runtime/gpu/pool_allocator.cc:247] PoolAllocator: After 236474498 get requests, put_count=236474499 evicted_count=451000 eviction_rate=0.00190718 and unsatisfied allocation rate=0.00190728
I tensorflow/core/common_runtime/gpu/pool_allocator.cc:247] PoolAllocator: After 241209602 get requests, put_count=241209604 evicted_count=461000 eviction_rate=0.0019112 and unsatisfied allocation rate=0.00191129
I tensorflow/core/common_runtime/gpu/pool_allocator.cc:247] PoolAllocator: After 245982348 get requests, put_count=245982351 evicted_count=471000 eviction_rate=0.00191477 and unsatisfied allocation rate=0.00191485
I tensorflow/core/common_runtime/gpu/pool_allocator.cc:247] PoolAllocator: After 250738220 get requests, put_count=250738224 evicted_count=481000 eviction_rate=0.00191834 and unsatisfied allocation rate=0.00191841
I tensorflow/core/common_runtime/gpu/pool_allocator.cc:247] PoolAllocator: After 255552502 get requests, put_count=255552505 evicted_count=491000 eviction_rate=0.00192133 and unsatisfied allocation rate=0.00192141
I tensorflow/core/common_runtime/gpu/pool_allocator.cc:247] PoolAllocator: After 260386254 get requests, put_count=260386255 evicted_count=501000 eviction_rate=0.00192406 and unsatisfied allocation rate=0.00192415
I tensorflow/core/common_runtime/gpu/pool_allocator.cc:247] PoolAllocator: After 265221304 get requests, put_count=265221305 evicted_count=511000 eviction_rate=0.00192669 and unsatisfied allocation rate=0.00192678
I tensorflow/core/common_runtime/gpu/pool_allocator.cc:247] PoolAllocator: After 269995348 get requests, put_count=269995349 evicted_count=521000 eviction_rate=0.00192966 and unsatisfied allocation rate=0.00192974
I tensorflow/core/common_runtime/gpu/pool_allocator.cc:247] PoolAllocator: After 274783670 get requests, put_count=274783671 evicted_count=531000 eviction_rate=0.00193243 and unsatisfied allocation rate=0.00193251
I tensorflow/core/common_runtime/gpu/pool_allocator.cc:247] PoolAllocator: After 279409742 get requests, put_count=279409743 evicted_count=541000 eviction_rate=0.00193622 and unsatisfied allocation rate=0.0019363
I tensorflow/core/common_runtime/gpu/pool_allocator.cc:247] PoolAllocator: After 284195468 get requests, put_count=284195470 evicted_count=551000 eviction_rate=0.00193881 and unsatisfied allocation rate=0.00193888
I tensorflow/core/common_runtime/gpu/pool_allocator.cc:247] PoolAllocator: After 288974704 get requests, put_count=288974708 evicted_count=561000 eviction_rate=0.00194135 and unsatisfied allocation rate=0.00194141
I tensorflow/core/common_runtime/gpu/pool_allocator.cc:247] PoolAllocator: After 293800668 get requests, put_count=293800670 evicted_count=571000 eviction_rate=0.00194349 and unsatisfied allocation rate=0.00194357
I tensorflow/core/common_runtime/gpu/pool_allocator.cc:247] PoolAllocator: After 298609758 get requests, put_count=298609761 evicted_count=581000 eviction_rate=0.00194568 and unsatisfied allocation rate=0.00194575
I tensorflow/core/common_runtime/gpu/pool_allocator.cc:247] PoolAllocator: After 303424040 get requests, put_count=303424044 evicted_count=591000 eviction_rate=0.00194777 and unsatisfied allocation rate=0.00194783
I tensorflow/core/common_runtime/gpu/pool_allocator.cc:247] PoolAllocator: After 308188998 get requests, put_count=308189002 evicted_count=601000 eviction_rate=0.0019501 and unsatisfied allocation rate=0.00195016
I tensorflow/core/common_runtime/gpu/pool_allocator.cc:247] PoolAllocator: After 312946168 get requests, put_count=312946170 evicted_count=611000 eviction_rate=0.00195241 and unsatisfied allocation rate=0.00195248
I tensorflow/core/common_runtime/gpu/pool_allocator.cc:247] PoolAllocator: After 317778622 get requests, put_count=317778625 evicted_count=621000 eviction_rate=0.00195419 and unsatisfied allocation rate=0.00195425
I tensorflow/core/common_runtime/gpu/pool_allocator.cc:247] PoolAllocator: After 322503342 get requests, put_count=322503346 evicted_count=631000 eviction_rate=0.00195657 and unsatisfied allocation rate=0.00195663
I tensorflow/core/common_runtime/gpu/pool_allocator.cc:247] PoolAllocator: After 327216380 get requests, put_count=327216384 evicted_count=641000 eviction_rate=0.00195895 and unsatisfied allocation rate=0.00195901
I tensorflow/core/common_runtime/gpu/pool_allocator.cc:247] PoolAllocator: After 332003404 get requests, put_count=332003405 evicted_count=651000 eviction_rate=0.00196082 and unsatisfied allocation rate=0.00196089
I tensorflow/core/common_runtime/gpu/pool_allocator.cc:247] PoolAllocator: After 336746296 get requests, put_count=336746298 evicted_count=661000 eviction_rate=0.0019629 and unsatisfied allocation rate=0.00196296
I tensorflow/core/common_runtime/gpu/pool_allocator.cc:247] PoolAllocator: After 341390540 get requests, put_count=341390541 evicted_count=671000 eviction_rate=0.00196549 and unsatisfied allocation rate=0.00196556
I tensorflow/core/common_runtime/gpu/pool_allocator.cc:247] PoolAllocator: After 346108770 get requests, put_count=346108774 evicted_count=681000 eviction_rate=0.00196759 and unsatisfied allocation rate=0.00196764
I tensorflow/core/common_runtime/gpu/pool_allocator.cc:247] PoolAllocator: After 350725756 get requests, put_count=350725760 evicted_count=691000 eviction_rate=0.0019702 and unsatisfied allocation rate=0.00197025
I tensorflow/core/common_runtime/gpu/pool_allocator.cc:247] PoolAllocator: After 355446582 get requests, put_count=355446586 evicted_count=701000 eviction_rate=0.00197217 and unsatisfied allocation rate=0.00197222
I tensorflow/core/common_runtime/gpu/pool_allocator.cc:247] PoolAllocator: After 360262162 get requests, put_count=360262166 evicted_count=711000 eviction_rate=0.00197356 and unsatisfied allocation rate=0.00197362
I tensorflow/core/common_runtime/gpu/pool_allocator.cc:247] PoolAllocator: After 365077742 get requests, put_count=365077745 evicted_count=721000 eviction_rate=0.00197492 and unsatisfied allocation rate=0.00197498
I tensorflow/core/common_runtime/gpu/pool_allocator.cc:247] PoolAllocator: After 369890726 get requests, put_count=369890727 evicted_count=731000 eviction_rate=0.00197626 and unsatisfied allocation rate=0.00197632
I tensorflow/core/common_runtime/gpu/pool_allocator.cc:247] PoolAllocator: After 374694624 get requests, put_count=374694628 evicted_count=741000 eviction_rate=0.00197761 and unsatisfied allocation rate=0.00197766
I tensorflow/core/common_runtime/gpu/pool_allocator.cc:247] PoolAllocator: After 379525780 get requests, put_count=379525781 evicted_count=751000 eviction_rate=0.00197879 and unsatisfied allocation rate=0.00197884
I tensorflow/core/common_runtime/gpu/pool_allocator.cc:247] PoolAllocator: After 384189494 get requests, put_count=384189495 evicted_count=761000 eviction_rate=0.00198079 and unsatisfied allocation rate=0.00198085
I tensorflow/core/common_runtime/gpu/pool_allocator.cc:247] PoolAllocator: After 388888254 get requests, put_count=388888258 evicted_count=771000 eviction_rate=0.00198257 and unsatisfied allocation rate=0.00198262
I tensorflow/core/common_runtime/gpu/pool_allocator.cc:247] PoolAllocator: After 393599994 get requests, put_count=393599996 evicted_count=781000 eviction_rate=0.00198425 and unsatisfied allocation rate=0.0019843
I tensorflow/core/common_runtime/gpu/pool_allocator.cc:247] PoolAllocator: After 398389614 get requests, put_count=398389616 evicted_count=791000 eviction_rate=0.00198549 and unsatisfied allocation rate=0.00198555
I tensorflow/core/common_runtime/gpu/pool_allocator.cc:247] PoolAllocator: After 403123086 get requests, put_count=403123087 evicted_count=801000 eviction_rate=0.00198699 and unsatisfied allocation rate=0.00198704
I tensorflow/core/common_runtime/gpu/pool_allocator.cc:247] PoolAllocator: After 407790694 get requests, put_count=407790695 evicted_count=811000 eviction_rate=0.00198877 and unsatisfied allocation rate=0.00198882
I tensorflow/core/common_runtime/gpu/pool_allocator.cc:247] PoolAllocator: After 412660790 get requests, put_count=412660792 evicted_count=821000 eviction_rate=0.00198953 and unsatisfied allocation rate=0.00198958
I tensorflow/core/common_runtime/gpu/pool_allocator.cc:247] PoolAllocator: After 417419258 get requests, put_count=417419260 evicted_count=831000 eviction_rate=0.0019908 and unsatisfied allocation rate=0.00199085
I tensorflow/core/common_runtime/gpu/pool_allocator.cc:247] PoolAllocator: After 422150468 get requests, put_count=422150470 evicted_count=841000 eviction_rate=0.00199218 and unsatisfied allocation rate=0.00199223
I tensorflow/core/common_runtime/gpu/pool_allocator.cc:247] PoolAllocator: After 426829758 get requests, put_count=426829762 evicted_count=851000 eviction_rate=0.00199377 and unsatisfied allocation rate=0.00199381
I tensorflow/core/common_runtime/gpu/pool_allocator.cc:247] PoolAllocator: After 431620676 get requests, put_count=431620680 evicted_count=861000 eviction_rate=0.00199481 and unsatisfied allocation rate=0.00199485
I tensorflow/core/common_runtime/gpu/pool_allocator.cc:247] PoolAllocator: After 436340204 get requests, put_count=436340208 evicted_count=871000 eviction_rate=0.00199615 and unsatisfied allocation rate=0.00199619
I tensorflow/core/common_runtime/gpu/pool_allocator.cc:247] PoolAllocator: After 441049348 get requests, put_count=441049350 evicted_count=881000 eviction_rate=0.00199751 and unsatisfied allocation rate=0.00199756
I tensorflow/core/common_runtime/gpu/pool_allocator.cc:247] PoolAllocator: After 445752002 get requests, put_count=445752004 evicted_count=891000 eviction_rate=0.00199887 and unsatisfied allocation rate=0.00199892
