000 (1269.000.000) 05/15 00:09:37 Job submitted from host: <10.33.133.154:9618?addrs=10.33.133.154-9618+[--1]-9618&noUDP&sock=1383_3391_3>
    DAG Node: cbow_exp_soft
...
001 (1269.000.000) 05/15 04:22:05 Job executing on host: <10.33.133.57:9618?addrs=10.33.133.57-9618+[--1]-9618&noUDP&sock=1311_d0c0_3>
...
010 (1269.000.000) 05/15 08:28:05 Job was suspended.
	Number of processes actually suspended: 26
...
011 (1269.000.000) 05/15 08:31:30 Job was unsuspended.
...
010 (1269.000.000) 05/15 08:41:01 Job was suspended.
	Number of processes actually suspended: 26
...
011 (1269.000.000) 05/15 08:43:51 Job was unsuspended.
...
010 (1269.000.000) 05/15 09:33:49 Job was suspended.
	Number of processes actually suspended: 26
...
011 (1269.000.000) 05/15 09:39:35 Job was unsuspended.
...
010 (1269.000.000) 05/15 09:55:17 Job was suspended.
	Number of processes actually suspended: 26
...
011 (1269.000.000) 05/15 09:57:51 Job was unsuspended.
...
010 (1269.000.000) 05/15 10:20:42 Job was suspended.
	Number of processes actually suspended: 26
...
011 (1269.000.000) 05/15 10:22:53 Job was unsuspended.
...
005 (1269.000.000) 05/15 12:09:11 Job terminated.
	(1) Normal termination (return value 0)
		Usr 0 12:45:40, Sys 0 01:33:59  -  Run Remote Usage
		Usr 0 00:00:00, Sys 0 00:00:00  -  Run Local Usage
		Usr 0 12:45:40, Sys 0 01:33:59  -  Total Remote Usage
		Usr 0 00:00:00, Sys 0 00:00:00  -  Total Local Usage
	0  -  Run Bytes Sent By Job
	0  -  Run Bytes Received By Job
	0  -  Total Bytes Sent By Job
	0  -  Total Bytes Received By Job
	Partitionable Resources :    Usage  Request Allocated
	   Cpus                 :                 1         1
	   Disk (KB)            :        7        7  30093245
	   Gpus                 :                 1         1
	   Memory (MB)          :     1230     4096      4096
...
000 (1310.000.000) 05/15 12:09:20 Job submitted from host: <10.33.133.154:9618?addrs=10.33.133.154-9618+[--1]-9618&noUDP&sock=1383_3391_3>
    DAG Node: cbow_exp_soft_test
...
