000 (636.000.000) 04/03 21:23:48 Job submitted from host: <10.33.133.154:9618?addrs=10.33.133.154-9618+[--1]-9618&noUDP&sock=1370_48d6_3>
    DAG Node: cbow_exp_soft
...
000 (637.000.000) 04/03 21:23:48 Job submitted from host: <10.33.133.154:9618?addrs=10.33.133.154-9618+[--1]-9618&noUDP&sock=1370_48d6_3>
    DAG Node: cbow_exp_soft_emb
...
001 (636.000.000) 04/04 11:08:14 Job executing on host: <10.33.133.236:9618?addrs=10.33.133.236-9618+[--1]-9618&noUDP&sock=1523_3ad4_3>
...
001 (637.000.000) 04/04 21:01:39 Job executing on host: <10.33.133.192:9618?addrs=10.33.133.192-9618+[--1]-9618&noUDP&sock=1307_125f_3>
...
005 (636.000.000) 04/05 23:13:53 Job terminated.
	(1) Normal termination (return value 0)
		Usr 1 07:22:33, Sys 0 00:31:43  -  Run Remote Usage
		Usr 0 00:00:00, Sys 0 00:00:00  -  Run Local Usage
		Usr 1 07:22:33, Sys 0 00:31:43  -  Total Remote Usage
		Usr 0 00:00:00, Sys 0 00:00:00  -  Total Local Usage
	0  -  Run Bytes Sent By Job
	0  -  Run Bytes Received By Job
	0  -  Total Bytes Sent By Job
	0  -  Total Bytes Received By Job
	Partitionable Resources :    Usage  Request Allocated
	   Cpus                 :                 1         1
	   Disk (KB)            :        7        7   3345052
	   Gpus                 :                 1         1
	   Memory (MB)          :     2091     4096      4096
...
000 (664.000.000) 04/05 23:14:04 Job submitted from host: <10.33.133.154:9618?addrs=10.33.133.154-9618+[--1]-9618&noUDP&sock=1370_48d6_3>
    DAG Node: cbow_exp_soft_test
...
001 (664.000.000) 04/06 09:17:18 Job executing on host: <10.33.133.236:9618?addrs=10.33.133.236-9618+[--1]-9618&noUDP&sock=1523_3ad4_3>
...
005 (664.000.000) 04/06 09:17:37 Job terminated.
	(1) Normal termination (return value 0)
		Usr 0 00:00:03, Sys 0 00:00:00  -  Run Remote Usage
		Usr 0 00:00:00, Sys 0 00:00:00  -  Run Local Usage
		Usr 0 00:00:03, Sys 0 00:00:00  -  Total Remote Usage
		Usr 0 00:00:00, Sys 0 00:00:00  -  Total Local Usage
	0  -  Run Bytes Sent By Job
	0  -  Run Bytes Received By Job
	0  -  Total Bytes Sent By Job
	0  -  Total Bytes Received By Job
	Partitionable Resources :    Usage  Request Allocated
	   Cpus                 :                 1         1
	   Disk (KB)            :        7        7   3345052
	   Gpus                 :                 1         1
	   Memory (MB)          :       38     4096      4096
...
005 (637.000.000) 04/06 13:19:13 Job terminated.
	(1) Normal termination (return value 0)
		Usr 2 16:04:42, Sys 0 11:04:18  -  Run Remote Usage
		Usr 0 00:00:00, Sys 0 00:00:00  -  Run Local Usage
		Usr 2 16:04:42, Sys 0 11:04:18  -  Total Remote Usage
		Usr 0 00:00:00, Sys 0 00:00:00  -  Total Local Usage
	0  -  Run Bytes Sent By Job
	0  -  Run Bytes Received By Job
	0  -  Total Bytes Sent By Job
	0  -  Total Bytes Received By Job
	Partitionable Resources :    Usage  Request Allocated
	   Cpus                 :                 1         1
	   Disk (KB)            :        7        7   3288953
	   Gpus                 :                 1         1
	   Memory (MB)          :     2528     4096      4096
...
000 (667.000.000) 04/06 13:19:19 Job submitted from host: <10.33.133.154:9618?addrs=10.33.133.154-9618+[--1]-9618&noUDP&sock=1370_48d6_3>
    DAG Node: cbow_exp_soft_emb_test
...
001 (667.000.000) 04/06 13:19:22 Job executing on host: <10.33.133.192:9618?addrs=10.33.133.192-9618+[--1]-9618&noUDP&sock=1307_125f_3>
...
005 (667.000.000) 04/06 13:19:38 Job terminated.
	(1) Normal termination (return value 0)
		Usr 0 00:00:04, Sys 0 00:00:00  -  Run Remote Usage
		Usr 0 00:00:00, Sys 0 00:00:00  -  Run Local Usage
		Usr 0 00:00:04, Sys 0 00:00:00  -  Total Remote Usage
		Usr 0 00:00:00, Sys 0 00:00:00  -  Total Local Usage
	0  -  Run Bytes Sent By Job
	0  -  Run Bytes Received By Job
	0  -  Total Bytes Sent By Job
	0  -  Total Bytes Received By Job
	Partitionable Resources :    Usage  Request Allocated
	   Cpus                 :                 1         1
	   Disk (KB)            :        7        7   3288953
	   Gpus                 :                 1         1
	   Memory (MB)          :       50     4096      4096
...
