000 (459.000.000) 03/29 09:32:40 Job submitted from host: <10.33.133.154:9618?addrs=10.33.133.154-9618+[--1]-9618&noUDP&sock=1370_48d6_3>
    DAG Node: cbow_tfidf_soft
...
001 (459.000.000) 03/29 09:32:58 Job executing on host: <10.33.133.236:9618?addrs=10.33.133.236-9618+[--1]-9618&noUDP&sock=1523_3ad4_3>
...
006 (459.000.000) 03/29 09:33:06 Image size of job updated: 139656
	137  -  MemoryUsage of job (MB)
	139656  -  ResidentSetSize of job (KB)
...
006 (459.000.000) 03/29 09:38:06 Image size of job updated: 1163996
	852  -  MemoryUsage of job (MB)
	872028  -  ResidentSetSize of job (KB)
...
006 (459.000.000) 03/29 09:43:07 Image size of job updated: 1174004
	862  -  MemoryUsage of job (MB)
	882036  -  ResidentSetSize of job (KB)
...
006 (459.000.000) 03/29 09:48:08 Image size of job updated: 1174244
	862  -  MemoryUsage of job (MB)
	882276  -  ResidentSetSize of job (KB)
...
006 (459.000.000) 03/29 10:08:10 Image size of job updated: 1174256
	862  -  MemoryUsage of job (MB)
	882288  -  ResidentSetSize of job (KB)
...
006 (459.000.000) 03/29 10:13:10 Image size of job updated: 1175292
	863  -  MemoryUsage of job (MB)
	883324  -  ResidentSetSize of job (KB)
...
006 (459.000.000) 03/29 10:38:11 Image size of job updated: 1175296
	863  -  MemoryUsage of job (MB)
	883328  -  ResidentSetSize of job (KB)
...
006 (459.000.000) 03/29 18:03:56 Image size of job updated: 1175516
	863  -  MemoryUsage of job (MB)
	883548  -  ResidentSetSize of job (KB)
...
006 (459.000.000) 03/29 18:49:01 Image size of job updated: 1206472
	894  -  MemoryUsage of job (MB)
	914504  -  ResidentSetSize of job (KB)
...
006 (459.000.000) 03/29 18:54:02 Image size of job updated: 1210936
	898  -  MemoryUsage of job (MB)
	918968  -  ResidentSetSize of job (KB)
...
006 (459.000.000) 03/29 19:04:02 Image size of job updated: 1231372
	918  -  MemoryUsage of job (MB)
	939404  -  ResidentSetSize of job (KB)
...
006 (459.000.000) 03/29 19:09:03 Image size of job updated: 1251008
	937  -  MemoryUsage of job (MB)
	959040  -  ResidentSetSize of job (KB)
...
006 (459.000.000) 03/29 19:29:05 Image size of job updated: 1253012
	939  -  MemoryUsage of job (MB)
	961044  -  ResidentSetSize of job (KB)
...
006 (459.000.000) 03/29 19:34:05 Image size of job updated: 1253012
	939  -  MemoryUsage of job (MB)
	961164  -  ResidentSetSize of job (KB)
...
006 (459.000.000) 03/29 19:39:05 Image size of job updated: 1257692
	944  -  MemoryUsage of job (MB)
	965724  -  ResidentSetSize of job (KB)
...
006 (459.000.000) 03/29 19:44:06 Image size of job updated: 1257704
	944  -  MemoryUsage of job (MB)
	965736  -  ResidentSetSize of job (KB)
...
006 (459.000.000) 03/29 19:49:07 Image size of job updated: 1257716
	944  -  MemoryUsage of job (MB)
	965748  -  ResidentSetSize of job (KB)
...
006 (459.000.000) 03/29 20:09:09 Image size of job updated: 1257736
	944  -  MemoryUsage of job (MB)
	965768  -  ResidentSetSize of job (KB)
...
006 (459.000.000) 03/29 20:19:09 Image size of job updated: 1257740
	944  -  MemoryUsage of job (MB)
	965772  -  ResidentSetSize of job (KB)
...
006 (459.000.000) 03/30 14:27:59 Image size of job updated: 1260144
	944  -  MemoryUsage of job (MB)
	965772  -  ResidentSetSize of job (KB)
...
005 (459.000.000) 03/30 14:27:59 Job terminated.
	(1) Normal termination (return value 0)
		Usr 1 01:45:13, Sys 0 00:10:51  -  Run Remote Usage
		Usr 0 00:00:00, Sys 0 00:00:00  -  Run Local Usage
		Usr 1 01:45:13, Sys 0 00:10:51  -  Total Remote Usage
		Usr 0 00:00:00, Sys 0 00:00:00  -  Total Local Usage
	0  -  Run Bytes Sent By Job
	0  -  Run Bytes Received By Job
	0  -  Total Bytes Sent By Job
	0  -  Total Bytes Received By Job
	Partitionable Resources :    Usage  Request Allocated
	   Cpus                 :                 1         1
	   Disk (KB)            :        7        7   3345052
	   Gpus                 :                 1         1
	   Memory (MB)          :      944     4096      4096
...
