I tensorflow/stream_executor/dso_loader.cc:128] successfully opened CUDA library libcublas.so locally
I tensorflow/stream_executor/dso_loader.cc:128] successfully opened CUDA library libcudnn.so locally
I tensorflow/stream_executor/dso_loader.cc:128] successfully opened CUDA library libcufft.so locally
I tensorflow/stream_executor/dso_loader.cc:128] successfully opened CUDA library libcuda.so.1 locally
I tensorflow/stream_executor/dso_loader.cc:128] successfully opened CUDA library libcurand.so locally
/users/start2014/r0364650/.local/lib/python2.7/site-packages/gensim/utils.py:1015: UserWarning: Pattern library is not installed, lemmatization won't be available.
  warnings.warn("Pattern library is not installed, lemmatization won't be available.")
I tensorflow/stream_executor/cuda/cuda_gpu_executor.cc:937] successful NUMA node read from SysFS had negative value (-1), but there must be at least one NUMA node, so returning NUMA node zero
I tensorflow/core/common_runtime/gpu/gpu_device.cc:885] Found device 0 with properties: 
name: GeForce GTX 960
major: 5 minor: 2 memoryClockRate (GHz) 1.253
pciBusID 0000:46:00.0
Total memory: 3.94GiB
Free memory: 3.90GiB
I tensorflow/core/common_runtime/gpu/gpu_device.cc:906] DMA: 0 
I tensorflow/core/common_runtime/gpu/gpu_device.cc:916] 0:   Y 
I tensorflow/core/common_runtime/gpu/gpu_device.cc:975] Creating TensorFlow device (/gpu:0) -> (device: 0, name: GeForce GTX 960, pci bus id: 0000:46:00.0)
I tensorflow/core/common_runtime/gpu/pool_allocator.cc:247] PoolAllocator: After 10385 get requests, put_count=10385 evicted_count=1000 eviction_rate=0.0962927 and unsatisfied allocation rate=0.105922
I tensorflow/core/common_runtime/gpu/pool_allocator.cc:259] Raising pool_size_limit_ from 100 to 110
I tensorflow/core/common_runtime/gpu/pool_allocator.cc:247] PoolAllocator: After 1652378 get requests, put_count=1652380 evicted_count=3000 eviction_rate=0.00181556 and unsatisfied allocation rate=0.00182585
I tensorflow/core/common_runtime/gpu/pool_allocator.cc:247] PoolAllocator: After 7193162 get requests, put_count=7193164 evicted_count=13000 eviction_rate=0.00180727 and unsatisfied allocation rate=0.00180964
I tensorflow/core/common_runtime/gpu/pool_allocator.cc:247] PoolAllocator: After 12745619 get requests, put_count=12745616 evicted_count=23000 eviction_rate=0.00180454 and unsatisfied allocation rate=0.00180627
I tensorflow/core/common_runtime/gpu/pool_allocator.cc:247] PoolAllocator: After 18352550 get requests, put_count=18352549 evicted_count=33000 eviction_rate=0.00179812 and unsatisfied allocation rate=0.00179921
I tensorflow/core/common_runtime/gpu/pool_allocator.cc:247] PoolAllocator: After 23859612 get requests, put_count=23859611 evicted_count=43000 eviction_rate=0.00180221 and unsatisfied allocation rate=0.00180305
I tensorflow/core/common_runtime/gpu/pool_allocator.cc:247] PoolAllocator: After 29440603 get requests, put_count=29440605 evicted_count=53000 eviction_rate=0.00180023 and unsatisfied allocation rate=0.00180081
I tensorflow/core/common_runtime/gpu/pool_allocator.cc:247] PoolAllocator: After 34867251 get requests, put_count=34867247 evicted_count=63000 eviction_rate=0.00180685 and unsatisfied allocation rate=0.00180751
I tensorflow/core/common_runtime/gpu/pool_allocator.cc:247] PoolAllocator: After 40395065 get requests, put_count=40395068 evicted_count=73000 eviction_rate=0.00180715 and unsatisfied allocation rate=0.00180755
I tensorflow/core/common_runtime/gpu/pool_allocator.cc:247] PoolAllocator: After 45978650 get requests, put_count=45978652 evicted_count=83000 eviction_rate=0.00180519 and unsatisfied allocation rate=0.00180556
I tensorflow/core/common_runtime/gpu/pool_allocator.cc:247] PoolAllocator: After 51493494 get requests, put_count=51493497 evicted_count=93000 eviction_rate=0.00180605 and unsatisfied allocation rate=0.00180636
I tensorflow/core/common_runtime/gpu/pool_allocator.cc:247] PoolAllocator: After 55887730 get requests, put_count=55887733 evicted_count=103000 eviction_rate=0.00184298 and unsatisfied allocation rate=0.00184327
I tensorflow/core/common_runtime/gpu/pool_allocator.cc:247] PoolAllocator: After 58979778 get requests, put_count=58979774 evicted_count=113000 eviction_rate=0.00191591 and unsatisfied allocation rate=0.0019163
I tensorflow/core/common_runtime/gpu/pool_allocator.cc:247] PoolAllocator: After 61910998 get requests, put_count=61910988 evicted_count=123000 eviction_rate=0.00198672 and unsatisfied allocation rate=0.00198719
