04/03/17 13:49:31 ******************************************************
04/03/17 13:49:31 ** condor_scheduniv_exec.621.0 (CONDOR_DAGMAN) STARTING UP
04/03/17 13:49:31 ** /usr/bin/condor_dagman
04/03/17 13:49:31 ** SubsystemInfo: name=DAGMAN type=DAGMAN(10) class=DAEMON(1)
04/03/17 13:49:31 ** Configuration: subsystem:DAGMAN local:<NONE> class:DAEMON
04/03/17 13:49:31 ** $CondorVersion: 8.6.1 Mar 01 2017 BuildID: 398585 $
04/03/17 13:49:31 ** $CondorPlatform: x86_64_RedHat7 $
04/03/17 13:49:31 ** PID = 7637
04/03/17 13:49:31 ** Log last touched time unavailable (No such file or directory)
04/03/17 13:49:31 ******************************************************
04/03/17 13:49:31 Using config source: /etc/condor/condor_config
04/03/17 13:49:31 Using local config sources: 
04/03/17 13:49:31    /etc/condor/config.d/00esat.config
04/03/17 13:49:31    /etc/condor/config.d/01java.config
04/03/17 13:49:31    /etc/condor/config.d/80optout_users.config
04/03/17 13:49:31    /etc/condor/condor_config.local
04/03/17 13:49:31 config Macros = 166, Sorted = 166, StringBytes = 6030, TablesBytes = 6048
04/03/17 13:49:31 CLASSAD_CACHING is ENABLED
04/03/17 13:49:31 Daemon Log is logging: D_ALWAYS D_ERROR
04/03/17 13:49:31 DaemonCore: No command port requested.
04/03/17 13:49:31 DAGMAN_USE_STRICT setting: 1
04/03/17 13:49:31 DAGMAN_VERBOSITY setting: 3
04/03/17 13:49:31 DAGMAN_DEBUG_CACHE_SIZE setting: 5242880
04/03/17 13:49:31 DAGMAN_DEBUG_CACHE_ENABLE setting: False
04/03/17 13:49:31 DAGMAN_SUBMIT_DELAY setting: 0
04/03/17 13:49:31 DAGMAN_MAX_SUBMIT_ATTEMPTS setting: 6
04/03/17 13:49:31 DAGMAN_STARTUP_CYCLE_DETECT setting: False
04/03/17 13:49:31 DAGMAN_MAX_SUBMITS_PER_INTERVAL setting: 5
04/03/17 13:49:31 DAGMAN_USER_LOG_SCAN_INTERVAL setting: 5
04/03/17 13:49:31 DAGMAN_DEFAULT_PRIORITY setting: 0
04/03/17 13:49:31 DAGMAN_SUPPRESS_NOTIFICATION setting: True
04/03/17 13:49:31 allow_events (DAGMAN_ALLOW_EVENTS) setting: 114
04/03/17 13:49:31 DAGMAN_RETRY_SUBMIT_FIRST setting: True
04/03/17 13:49:31 DAGMAN_RETRY_NODE_FIRST setting: False
04/03/17 13:49:31 DAGMAN_MAX_JOBS_IDLE setting: 1000
04/03/17 13:49:31 DAGMAN_MAX_JOBS_SUBMITTED setting: 0
04/03/17 13:49:31 DAGMAN_MAX_PRE_SCRIPTS setting: 20
04/03/17 13:49:31 DAGMAN_MAX_POST_SCRIPTS setting: 20
04/03/17 13:49:31 DAGMAN_MUNGE_NODE_NAMES setting: True
04/03/17 13:49:31 DAGMAN_PROHIBIT_MULTI_JOBS setting: False
04/03/17 13:49:31 DAGMAN_SUBMIT_DEPTH_FIRST setting: False
04/03/17 13:49:31 DAGMAN_ALWAYS_RUN_POST setting: False
04/03/17 13:49:31 DAGMAN_ABORT_DUPLICATES setting: True
04/03/17 13:49:31 DAGMAN_ABORT_ON_SCARY_SUBMIT setting: True
04/03/17 13:49:31 DAGMAN_PENDING_REPORT_INTERVAL setting: 600
04/03/17 13:49:31 DAGMAN_AUTO_RESCUE setting: True
04/03/17 13:49:31 DAGMAN_MAX_RESCUE_NUM setting: 100
04/03/17 13:49:31 DAGMAN_WRITE_PARTIAL_RESCUE setting: True
04/03/17 13:49:31 DAGMAN_DEFAULT_NODE_LOG setting: @(DAG_DIR)/@(DAG_FILE).nodes.log
04/03/17 13:49:31 DAGMAN_GENERATE_SUBDAG_SUBMITS setting: True
04/03/17 13:49:31 DAGMAN_MAX_JOB_HOLDS setting: 100
04/03/17 13:49:31 DAGMAN_HOLD_CLAIM_TIME setting: 20
04/03/17 13:49:31 ALL_DEBUG setting: 
04/03/17 13:49:31 DAGMAN_DEBUG setting: 
04/03/17 13:49:31 DAGMAN_SUPPRESS_JOB_LOGS setting: False
04/03/17 13:49:31 DAGMAN_REMOVE_NODE_JOBS setting: True
04/03/17 13:49:31 argv[0] == "condor_scheduniv_exec.621.0"
04/03/17 13:49:31 argv[1] == "-Lockfile"
04/03/17 13:49:31 argv[2] == "ds_cbow_exp_soft.dag.lock"
04/03/17 13:49:31 argv[3] == "-AutoRescue"
04/03/17 13:49:31 argv[4] == "1"
04/03/17 13:49:31 argv[5] == "-DoRescueFrom"
04/03/17 13:49:31 argv[6] == "0"
04/03/17 13:49:31 argv[7] == "-Dag"
04/03/17 13:49:31 argv[8] == "ds_cbow_exp_soft.dag"
04/03/17 13:49:31 argv[9] == "-Suppress_notification"
04/03/17 13:49:31 argv[10] == "-CsdVersion"
04/03/17 13:49:31 argv[11] == "$CondorVersion: 8.6.1 Mar 01 2017 BuildID: 398585 $"
04/03/17 13:49:31 argv[12] == "-Dagman"
04/03/17 13:49:31 argv[13] == "/usr/bin/condor_dagman"
04/03/17 13:49:31 Workflow batch-name: <ds_cbow_exp_soft.dag+621>
04/03/17 13:49:31 Workflow accounting_group: <>
04/03/17 13:49:31 Workflow accounting_group_user: <>
04/03/17 13:49:31 Warning: failed to get attribute DAGNodeName
04/03/17 13:49:31 DAGMAN_LOG_ON_NFS_IS_ERROR setting: False
04/03/17 13:49:31 Default node log file is: </esat/spchtemp/scratch/robbe/SpeechHub/pretrained_embedding-domain/python/jobdag/./ds_cbow_exp_soft.dag.nodes.log>
04/03/17 13:49:31 DAG Lockfile will be written to ds_cbow_exp_soft.dag.lock
04/03/17 13:49:31 DAG Input file is ds_cbow_exp_soft.dag
04/03/17 13:49:31 Parsing 1 dagfiles
04/03/17 13:49:31 Parsing ds_cbow_exp_soft.dag ...
04/03/17 13:49:31 Dag contains 4 total jobs
04/03/17 13:49:31 Sleeping for 3 seconds to ensure ProcessId uniqueness
04/03/17 13:49:34 Bootstrapping...
04/03/17 13:49:34 Number of pre-completed nodes: 0
04/03/17 13:49:34 MultiLogFiles: truncating log file /esat/spchtemp/scratch/robbe/SpeechHub/pretrained_embedding-domain/python/jobdag/./ds_cbow_exp_soft.dag.nodes.log
04/03/17 13:49:34 DAG status: 0 (DAG_STATUS_OK)
04/03/17 13:49:34 Of 4 nodes total:
04/03/17 13:49:34  Done     Pre   Queued    Post   Ready   Un-Ready   Failed
04/03/17 13:49:34   ===     ===      ===     ===     ===        ===      ===
04/03/17 13:49:34     0       0        0       0       2          2        0
04/03/17 13:49:34 0 job proc(s) currently held
04/03/17 13:49:34 Registering condor_event_timer...
04/03/17 13:49:35 Submitting HTCondor Node cbow_exp_soft job(s)...
04/03/17 13:49:35 Adding a DAGMan workflow log /esat/spchtemp/scratch/robbe/SpeechHub/pretrained_embedding-domain/python/jobdag/./ds_cbow_exp_soft.dag.nodes.log
04/03/17 13:49:35 Masking the events recorded in the DAGMAN workflow log
04/03/17 13:49:35 Mask for workflow log is 0,1,2,4,5,7,9,10,11,12,13,16,17,24,27
04/03/17 13:49:35 submitting: /usr/bin/condor_submit -a dag_node_name' '=' 'cbow_exp_soft -a +DAGManJobId' '=' '621 -a DAGManJobId' '=' '621 -batch-name ds_cbow_exp_soft.dag+621 -a submit_event_notes' '=' 'DAG' 'Node:' 'cbow_exp_soft -a dagman_log' '=' '/esat/spchtemp/scratch/robbe/SpeechHub/pretrained_embedding-domain/python/jobdag/./ds_cbow_exp_soft.dag.nodes.log -a +DAGManNodesMask' '=' '"0,1,2,4,5,7,9,10,11,12,13,16,17,24,27" -a data_set' '=' 'ds -a test_name' '=' 'cbow_exp_soft -a num_run' '=' '0 -a combination' '=' 'exp -a pretrained' '=' 'no -a DAG_STATUS' '=' '0 -a FAILED_COUNT' '=' '0 -a +KeepClaimIdle' '=' '20 -a notification' '=' 'never -a +DAGParentNodeNames' '=' '"" jobdag/cbow_soft.job
04/03/17 13:49:35 From submit: Submitting job(s).
04/03/17 13:49:35 From submit: 1 job(s) submitted to cluster 622.
04/03/17 13:49:35 	assigned HTCondor ID (622.0.0)
04/03/17 13:49:35 Submitting HTCondor Node cbow_exp_soft_emb job(s)...
04/03/17 13:49:35 Adding a DAGMan workflow log /esat/spchtemp/scratch/robbe/SpeechHub/pretrained_embedding-domain/python/jobdag/./ds_cbow_exp_soft.dag.nodes.log
04/03/17 13:49:35 Masking the events recorded in the DAGMAN workflow log
04/03/17 13:49:35 Mask for workflow log is 0,1,2,4,5,7,9,10,11,12,13,16,17,24,27
04/03/17 13:49:35 submitting: /usr/bin/condor_submit -a dag_node_name' '=' 'cbow_exp_soft_emb -a +DAGManJobId' '=' '621 -a DAGManJobId' '=' '621 -batch-name ds_cbow_exp_soft.dag+621 -a submit_event_notes' '=' 'DAG' 'Node:' 'cbow_exp_soft_emb -a dagman_log' '=' '/esat/spchtemp/scratch/robbe/SpeechHub/pretrained_embedding-domain/python/jobdag/./ds_cbow_exp_soft.dag.nodes.log -a +DAGManNodesMask' '=' '"0,1,2,4,5,7,9,10,11,12,13,16,17,24,27" -a data_set' '=' 'ds -a test_name' '=' 'cbow_exp_soft -a num_run' '=' '1 -a combination' '=' 'exp -a pretrained' '=' 'yes -a DAG_STATUS' '=' '0 -a FAILED_COUNT' '=' '0 -a +KeepClaimIdle' '=' '20 -a notification' '=' 'never -a +DAGParentNodeNames' '=' '"" jobdag/cbow_soft.job
04/03/17 13:49:35 From submit: Submitting job(s).
04/03/17 13:49:35 From submit: 1 job(s) submitted to cluster 623.
04/03/17 13:49:35 	assigned HTCondor ID (623.0.0)
04/03/17 13:49:35 Just submitted 2 jobs this cycle...
04/03/17 13:49:35 Currently monitoring 1 HTCondor log file(s)
04/03/17 13:49:35 Reassigning the id of job cbow_exp_soft from (622.0.0) to (622.0.0)
04/03/17 13:49:35 Event: ULOG_SUBMIT for HTCondor Node cbow_exp_soft (622.0.0) {04/03/17 13:49:35}
04/03/17 13:49:35 Number of idle job procs: 1
04/03/17 13:49:35 Reassigning the id of job cbow_exp_soft_emb from (623.0.0) to (623.0.0)
04/03/17 13:49:35 Event: ULOG_SUBMIT for HTCondor Node cbow_exp_soft_emb (623.0.0) {04/03/17 13:49:35}
04/03/17 13:49:35 Number of idle job procs: 2
04/03/17 13:49:35 DAG status: 0 (DAG_STATUS_OK)
04/03/17 13:49:35 Of 4 nodes total:
04/03/17 13:49:35  Done     Pre   Queued    Post   Ready   Un-Ready   Failed
04/03/17 13:49:35   ===     ===      ===     ===     ===        ===      ===
04/03/17 13:49:35     0       0        2       0       0          2        0
04/03/17 13:49:35 0 job proc(s) currently held
04/03/17 13:49:40 Currently monitoring 1 HTCondor log file(s)
04/03/17 13:49:40 Event: ULOG_EXECUTE for HTCondor Node cbow_exp_soft (622.0.0) {04/03/17 13:49:37}
04/03/17 13:49:40 Number of idle job procs: 1
04/03/17 13:50:40 Currently monitoring 1 HTCondor log file(s)
04/03/17 13:50:40 Event: ULOG_JOB_SUSPENDED for HTCondor Node cbow_exp_soft (622.0.0) {04/03/17 13:50:36}
04/03/17 13:50:40 Number of idle job procs: 2
04/03/17 13:55:39 Currently monitoring 1 HTCondor log file(s)
04/03/17 13:55:39 Event: ULOG_JOB_UNSUSPENDED for HTCondor Node cbow_exp_soft (622.0.0) {04/03/17 13:55:36}
04/03/17 13:55:39 Number of idle job procs: 1
04/03/17 14:05:43 604 seconds since last log event
04/03/17 14:05:44 Pending DAG nodes:
04/03/17 14:05:44   Node cbow_exp_soft, HTCondor ID 622, status STATUS_SUBMITTED
04/03/17 14:05:44   Node cbow_exp_soft_emb, HTCondor ID 623, status STATUS_SUBMITTED
04/03/17 14:15:44 1205 seconds since last log event
04/03/17 14:15:44 Pending DAG nodes:
04/03/17 14:15:44   Node cbow_exp_soft, HTCondor ID 622, status STATUS_SUBMITTED
04/03/17 14:15:44   Node cbow_exp_soft_emb, HTCondor ID 623, status STATUS_SUBMITTED
04/03/17 14:22:43 Currently monitoring 1 HTCondor log file(s)
04/03/17 14:22:43 Event: ULOG_JOB_SUSPENDED for HTCondor Node cbow_exp_soft (622.0.0) {04/03/17 14:22:39}
04/03/17 14:22:43 Number of idle job procs: 2
04/03/17 14:26:20 Currently monitoring 1 HTCondor log file(s)
04/03/17 14:26:20 Event: ULOG_JOB_UNSUSPENDED for HTCondor Node cbow_exp_soft (622.0.0) {04/03/17 14:26:19}
04/03/17 14:26:20 Number of idle job procs: 1
04/03/17 14:36:26 606 seconds since last log event
04/03/17 14:36:27 Pending DAG nodes:
04/03/17 14:36:27   Node cbow_exp_soft, HTCondor ID 622, status STATUS_SUBMITTED
04/03/17 14:36:27   Node cbow_exp_soft_emb, HTCondor ID 623, status STATUS_SUBMITTED
04/03/17 14:46:28 1208 seconds since last log event
04/03/17 14:46:28 Pending DAG nodes:
04/03/17 14:46:28   Node cbow_exp_soft, HTCondor ID 622, status STATUS_SUBMITTED
04/03/17 14:46:28   Node cbow_exp_soft_emb, HTCondor ID 623, status STATUS_SUBMITTED
04/03/17 14:56:28 1808 seconds since last log event
04/03/17 14:56:28 Pending DAG nodes:
04/03/17 14:56:28   Node cbow_exp_soft, HTCondor ID 622, status STATUS_SUBMITTED
04/03/17 14:56:28   Node cbow_exp_soft_emb, HTCondor ID 623, status STATUS_SUBMITTED
04/03/17 15:06:32 2412 seconds since last log event
04/03/17 15:06:32 Pending DAG nodes:
04/03/17 15:06:32   Node cbow_exp_soft, HTCondor ID 622, status STATUS_SUBMITTED
04/03/17 15:06:32   Node cbow_exp_soft_emb, HTCondor ID 623, status STATUS_SUBMITTED
04/03/17 15:16:36 3016 seconds since last log event
04/03/17 15:16:36 Pending DAG nodes:
04/03/17 15:16:36   Node cbow_exp_soft, HTCondor ID 622, status STATUS_SUBMITTED
04/03/17 15:16:36   Node cbow_exp_soft_emb, HTCondor ID 623, status STATUS_SUBMITTED
04/03/17 15:26:37 3617 seconds since last log event
04/03/17 15:26:45 Pending DAG nodes:
04/03/17 15:26:45   Node cbow_exp_soft, HTCondor ID 622, status STATUS_SUBMITTED
04/03/17 15:26:45   Node cbow_exp_soft_emb, HTCondor ID 623, status STATUS_SUBMITTED
04/03/17 15:36:41 4221 seconds since last log event
04/03/17 15:36:41 Pending DAG nodes:
04/03/17 15:36:41   Node cbow_exp_soft, HTCondor ID 622, status STATUS_SUBMITTED
04/03/17 15:36:41   Node cbow_exp_soft_emb, HTCondor ID 623, status STATUS_SUBMITTED
04/03/17 15:46:45 4825 seconds since last log event
04/03/17 15:46:45 Pending DAG nodes:
04/03/17 15:46:45   Node cbow_exp_soft, HTCondor ID 622, status STATUS_SUBMITTED
04/03/17 15:46:45   Node cbow_exp_soft_emb, HTCondor ID 623, status STATUS_SUBMITTED
04/03/17 15:56:48 5428 seconds since last log event
04/03/17 15:56:48 Pending DAG nodes:
04/03/17 15:56:48   Node cbow_exp_soft, HTCondor ID 622, status STATUS_SUBMITTED
04/03/17 15:56:48   Node cbow_exp_soft_emb, HTCondor ID 623, status STATUS_SUBMITTED
04/03/17 16:06:49 6029 seconds since last log event
04/03/17 16:06:49 Pending DAG nodes:
04/03/17 16:06:49   Node cbow_exp_soft, HTCondor ID 622, status STATUS_SUBMITTED
04/03/17 16:06:49   Node cbow_exp_soft_emb, HTCondor ID 623, status STATUS_SUBMITTED
04/03/17 16:16:49 6629 seconds since last log event
04/03/17 16:16:52 Pending DAG nodes:
04/03/17 16:16:52   Node cbow_exp_soft, HTCondor ID 622, status STATUS_SUBMITTED
04/03/17 16:16:52   Node cbow_exp_soft_emb, HTCondor ID 623, status STATUS_SUBMITTED
04/03/17 16:26:49 7229 seconds since last log event
04/03/17 16:26:49 Pending DAG nodes:
04/03/17 16:26:49   Node cbow_exp_soft, HTCondor ID 622, status STATUS_SUBMITTED
04/03/17 16:26:49   Node cbow_exp_soft_emb, HTCondor ID 623, status STATUS_SUBMITTED
04/03/17 16:36:55 7835 seconds since last log event
04/03/17 16:36:55 Pending DAG nodes:
04/03/17 16:36:55   Node cbow_exp_soft, HTCondor ID 622, status STATUS_SUBMITTED
04/03/17 16:36:55   Node cbow_exp_soft_emb, HTCondor ID 623, status STATUS_SUBMITTED
04/03/17 16:46:55 8435 seconds since last log event
04/03/17 16:46:55 Pending DAG nodes:
04/03/17 16:46:55   Node cbow_exp_soft, HTCondor ID 622, status STATUS_SUBMITTED
04/03/17 16:46:55   Node cbow_exp_soft_emb, HTCondor ID 623, status STATUS_SUBMITTED
04/03/17 16:56:55 9035 seconds since last log event
04/03/17 16:56:55 Pending DAG nodes:
04/03/17 16:56:55   Node cbow_exp_soft, HTCondor ID 622, status STATUS_SUBMITTED
04/03/17 16:56:55   Node cbow_exp_soft_emb, HTCondor ID 623, status STATUS_SUBMITTED
