job started
Epoch: 1 Learning rate: 1.000
0.000 perplexity: 49854.547 speed: 126 wps
0.100 perplexity: 464.420 speed: 2672 wps
0.200 perplexity: 390.680 speed: 2691 wps
0.300 perplexity: 357.283 speed: 2701 wps
0.400 perplexity: 336.845 speed: 2702 wps
0.500 perplexity: 322.509 speed: 2700 wps
0.600 perplexity: 312.208 speed: 2700 wps
0.700 perplexity: 304.000 speed: 2703 wps
0.800 perplexity: 297.228 speed: 2703 wps
0.900 perplexity: 291.601 speed: 2701 wps
1.000 perplexity: 286.772 speed: 2702 wps
Epoch: 1 Train Perplexity: 286.772
with(perplexity: 234.592) speed: 6538 wps
Epoch: 1 Valid Perplexity: 234.592
Epoch: 2 Learning rate: 1.000
0.000 perplexity: 355.609 speed: 3490 wps
0.100 perplexity: 245.149 speed: 2726 wps
0.200 perplexity: 243.288 speed: 2733 wps
0.300 perplexity: 242.115 speed: 2735 wps
0.400 perplexity: 241.019 speed: 2737 wps
0.500 perplexity: 239.866 speed: 2734 wps
0.600 perplexity: 239.220 speed: 2734 wps
0.700 perplexity: 238.511 speed: 2735 wps
0.800 perplexity: 237.732 speed: 2735 wps
0.900 perplexity: 236.994 speed: 2735 wps
1.000 perplexity: 236.273 speed: 2735 wps
Epoch: 2 Train Perplexity: 236.275
with(perplexity: 216.013) speed: 2954 wps
Epoch: 2 Valid Perplexity: 216.013
Epoch: 3 Learning rate: 1.000
0.000 perplexity: 328.444 speed: 3475 wps
0.100 perplexity: 229.980 speed: 2727 wps
0.200 perplexity: 228.891 speed: 2734 wps
0.300 perplexity: 228.379 speed: 2736 wps
0.400 perplexity: 227.855 speed: 2737 wps
0.500 perplexity: 227.257 speed: 2734 wps
0.600 perplexity: 227.080 speed: 2734 wps
0.700 perplexity: 226.800 speed: 2736 wps
0.800 perplexity: 226.416 speed: 2735 wps
0.900 perplexity: 226.049 speed: 2735 wps
1.000 perplexity: 225.678 speed: 2735 wps
Epoch: 3 Train Perplexity: 225.680
with(perplexity: 206.999) speed: 6652 wps
Epoch: 3 Valid Perplexity: 206.999
with(perplexity: 221.629) speed: 172 wps
Test Perplexity: 221.629
Saving model to /esat/spchtemp/scratch/robbe/SpeechHub/domain_adaptation_models/output/cbow_tfidf_lstm_0/cbow_tfidf_lstm_0.
hihi
