000 (458.000.000) 03/29 09:32:35 Job submitted from host: <10.33.133.154:9618?addrs=10.33.133.154-9618+[--1]-9618&noUDP&sock=1370_48d6_3>
    DAG Node: cbow_mean_lstm
...
001 (458.000.000) 03/29 09:32:56 Job executing on host: <10.33.133.102:9618?addrs=10.33.133.102-9618+[--1]-9618&noUDP&sock=1519_7c73_3>
...
006 (458.000.000) 03/29 09:33:05 Image size of job updated: 136556
	134  -  MemoryUsage of job (MB)
	136556  -  ResidentSetSize of job (KB)
...
006 (458.000.000) 03/29 09:33:06 Image size of job updated: 136560
	134  -  MemoryUsage of job (MB)
	136560  -  ResidentSetSize of job (KB)
...
005 (458.000.000) 03/29 09:33:06 Job terminated.
	(1) Normal termination (return value 0)
		Usr 0 00:00:08, Sys 0 00:00:00  -  Run Remote Usage
		Usr 0 00:00:00, Sys 0 00:00:00  -  Run Local Usage
		Usr 0 00:00:08, Sys 0 00:00:00  -  Total Remote Usage
		Usr 0 00:00:00, Sys 0 00:00:00  -  Total Local Usage
	0  -  Run Bytes Sent By Job
	0  -  Run Bytes Received By Job
	0  -  Total Bytes Sent By Job
	0  -  Total Bytes Received By Job
	Partitionable Resources :    Usage  Request Allocated
	   Cpus                 :                 1         1
	   Disk (KB)            :        7        7   6722611
	   Gpus                 :                 1         1
	   Memory (MB)          :      134     4096      4096
...
000 (470.000.000) 03/29 09:37:00 Job submitted from host: <10.33.133.154:9618?addrs=10.33.133.154-9618+[--1]-9618&noUDP&sock=1370_48d6_3>
    DAG Node: cbow_mean_lstm
...
001 (470.000.000) 03/29 09:37:19 Job executing on host: <10.33.133.124:9618?addrs=10.33.133.124-9618+[--1]-9618&noUDP&sock=1550_bfe2_3>
...
006 (470.000.000) 03/29 09:37:28 Image size of job updated: 269336
	216  -  MemoryUsage of job (MB)
	220556  -  ResidentSetSize of job (KB)
...
006 (470.000.000) 03/29 09:37:48 Image size of job updated: 1213184
	216  -  MemoryUsage of job (MB)
	220580  -  ResidentSetSize of job (KB)
...
005 (470.000.000) 03/29 09:37:48 Job terminated.
	(1) Normal termination (return value 0)
		Usr 0 00:00:21, Sys 0 00:00:00  -  Run Remote Usage
		Usr 0 00:00:00, Sys 0 00:00:00  -  Run Local Usage
		Usr 0 00:00:21, Sys 0 00:00:00  -  Total Remote Usage
		Usr 0 00:00:00, Sys 0 00:00:00  -  Total Local Usage
	0  -  Run Bytes Sent By Job
	0  -  Run Bytes Received By Job
	0  -  Total Bytes Sent By Job
	0  -  Total Bytes Received By Job
	Partitionable Resources :    Usage  Request Allocated
	   Cpus                 :                 1         1
	   Disk (KB)            :        7        7  23576586
	   Gpus                 :                 1         1
	   Memory (MB)          :      216     4096      4096
...
000 (480.000.000) 03/29 09:44:04 Job submitted from host: <10.33.133.154:9618?addrs=10.33.133.154-9618+[--1]-9618&noUDP&sock=1370_48d6_3>
    DAG Node: cbow_mean_lstm
...
001 (480.000.000) 03/29 09:44:12 Job executing on host: <10.33.133.192:9618?addrs=10.33.133.192-9618+[--1]-9618&noUDP&sock=1307_125f_3>
...
006 (480.000.000) 03/29 09:44:20 Image size of job updated: 69380
	49  -  MemoryUsage of job (MB)
	50024  -  ResidentSetSize of job (KB)
...
006 (480.000.000) 03/29 09:49:20 Image size of job updated: 1276504
	1082  -  MemoryUsage of job (MB)
	1107828  -  ResidentSetSize of job (KB)
...
006 (480.000.000) 03/29 09:54:21 Image size of job updated: 1499196
	1299  -  MemoryUsage of job (MB)
	1329176  -  ResidentSetSize of job (KB)
...
006 (480.000.000) 03/29 09:59:21 Image size of job updated: 1522356
	1321  -  MemoryUsage of job (MB)
	1352336  -  ResidentSetSize of job (KB)
...
006 (480.000.000) 03/29 10:04:21 Image size of job updated: 1530544
	1329  -  MemoryUsage of job (MB)
	1360524  -  ResidentSetSize of job (KB)
...
006 (480.000.000) 03/29 10:09:22 Image size of job updated: 1553720
	1352  -  MemoryUsage of job (MB)
	1383700  -  ResidentSetSize of job (KB)
...
006 (480.000.000) 03/29 10:14:23 Image size of job updated: 1560928
	1359  -  MemoryUsage of job (MB)
	1390908  -  ResidentSetSize of job (KB)
...
006 (480.000.000) 03/29 10:19:23 Image size of job updated: 1561324
	1359  -  MemoryUsage of job (MB)
	1391304  -  ResidentSetSize of job (KB)
...
006 (480.000.000) 03/29 10:29:24 Image size of job updated: 1585116
	1382  -  MemoryUsage of job (MB)
	1415096  -  ResidentSetSize of job (KB)
...
006 (480.000.000) 03/29 10:39:26 Image size of job updated: 1585168
	1382  -  MemoryUsage of job (MB)
	1415148  -  ResidentSetSize of job (KB)
...
006 (480.000.000) 03/29 10:44:26 Image size of job updated: 1585216
	1383  -  MemoryUsage of job (MB)
	1415196  -  ResidentSetSize of job (KB)
...
006 (480.000.000) 03/29 10:49:27 Image size of job updated: 1585224
	1383  -  MemoryUsage of job (MB)
	1415204  -  ResidentSetSize of job (KB)
...
006 (480.000.000) 03/29 10:54:28 Image size of job updated: 1586248
	1384  -  MemoryUsage of job (MB)
	1416228  -  ResidentSetSize of job (KB)
...
006 (480.000.000) 03/29 20:40:28 Image size of job updated: 1586916
	1384  -  MemoryUsage of job (MB)
	1416896  -  ResidentSetSize of job (KB)
...
006 (480.000.000) 03/30 06:46:28 Image size of job updated: 1587260
	1385  -  MemoryUsage of job (MB)
	1417232  -  ResidentSetSize of job (KB)
...
006 (480.000.000) 03/30 17:02:28 Image size of job updated: 1587436
	1385  -  MemoryUsage of job (MB)
	1417408  -  ResidentSetSize of job (KB)
...
006 (480.000.000) 03/31 02:13:28 Image size of job updated: 1587440
	1385  -  MemoryUsage of job (MB)
	1417412  -  ResidentSetSize of job (KB)
...
006 (480.000.000) 03/31 11:28:26 Image size of job updated: 1691264
	1385  -  MemoryUsage of job (MB)
	1417412  -  ResidentSetSize of job (KB)
...
005 (480.000.000) 03/31 11:28:26 Job terminated.
	(1) Normal termination (return value 0)
		Usr 2 21:25:25, Sys 0 14:42:16  -  Run Remote Usage
		Usr 0 00:00:00, Sys 0 00:00:00  -  Run Local Usage
		Usr 2 21:25:25, Sys 0 14:42:16  -  Total Remote Usage
		Usr 0 00:00:00, Sys 0 00:00:00  -  Total Local Usage
	0  -  Run Bytes Sent By Job
	0  -  Run Bytes Received By Job
	0  -  Total Bytes Sent By Job
	0  -  Total Bytes Received By Job
	Partitionable Resources :    Usage  Request Allocated
	   Cpus                 :                 1         1
	   Disk (KB)            :        7        7   3288953
	   Gpus                 :                 1         1
	   Memory (MB)          :     1385     4096      4096
...
