job started
Epoch: 1 Learning rate: 1.000
0.000 perplexity: 49883.787 speed: 233 wps
0.100 perplexity: 467.184 speed: 5665 wps
0.200 perplexity: 392.755 speed: 5697 wps
0.300 perplexity: 359.173 speed: 5233 wps
0.400 perplexity: 338.528 speed: 5347 wps
0.500 perplexity: 324.043 speed: 5418 wps
0.600 perplexity: 313.605 speed: 5467 wps
0.700 perplexity: 305.280 speed: 5506 wps
0.800 perplexity: 298.401 speed: 5436 wps
0.900 perplexity: 292.646 speed: 5465 wps
1.000 perplexity: 287.712 speed: 5492 wps
Epoch: 1 Train Perplexity: 287.712
with(perplexity: 234.532) speed: 10421 wps
Epoch: 1 Valid Perplexity: 234.532
Epoch: 2 Learning rate: 1.000
0.000 perplexity: 359.429 speed: 5470 wps
0.100 perplexity: 245.041 speed: 5747 wps
0.200 perplexity: 243.154 speed: 5758 wps
0.300 perplexity: 241.950 speed: 5762 wps
0.400 perplexity: 240.835 speed: 5764 wps
0.500 perplexity: 239.647 speed: 5761 wps
0.600 perplexity: 238.978 speed: 5761 wps
0.700 perplexity: 238.236 speed: 5763 wps
0.800 perplexity: 237.436 speed: 5762 wps
0.900 perplexity: 236.684 speed: 5761 wps
1.000 perplexity: 235.954 speed: 5762 wps
Epoch: 2 Train Perplexity: 235.955
with(perplexity: 215.233) speed: 10496 wps
Epoch: 2 Valid Perplexity: 215.233
Epoch: 3 Learning rate: 1.000
0.000 perplexity: 317.998 speed: 5328 wps
0.100 perplexity: 229.476 speed: 5737 wps
0.200 perplexity: 228.371 speed: 5748 wps
0.300 perplexity: 227.859 speed: 5754 wps
0.400 perplexity: 227.393 speed: 5756 wps
0.500 perplexity: 226.771 speed: 5751 wps
0.600 perplexity: 226.591 speed: 5750 wps
0.700 perplexity: 226.304 speed: 5752 wps
0.800 perplexity: 225.922 speed: 5751 wps
0.900 perplexity: 225.547 speed: 5750 wps
1.000 perplexity: 225.171 speed: 5751 wps
Epoch: 3 Train Perplexity: 225.172
with(perplexity: 206.621) speed: 10499 wps
Epoch: 3 Valid Perplexity: 206.621
with(perplexity: 242.727) speed: 152 wps
Test Perplexity: 242.727
Saving model to /esat/spchtemp/scratch/robbe/SpeechHub/domain_adaptation_models/output/topic_0/topic_0.
