03/23/17 16:57:07 ******************************************************
03/23/17 16:57:07 ** condor_scheduniv_exec.336.0 (CONDOR_DAGMAN) STARTING UP
03/23/17 16:57:07 ** /usr/bin/condor_dagman
03/23/17 16:57:07 ** SubsystemInfo: name=DAGMAN type=DAGMAN(10) class=DAEMON(1)
03/23/17 16:57:07 ** Configuration: subsystem:DAGMAN local:<NONE> class:DAEMON
03/23/17 16:57:07 ** $CondorVersion: 8.6.1 Mar 01 2017 BuildID: 398585 $
03/23/17 16:57:07 ** $CondorPlatform: x86_64_RedHat7 $
03/23/17 16:57:07 ** PID = 26074
03/23/17 16:57:07 ** Log last touched time unavailable (No such file or directory)
03/23/17 16:57:07 ******************************************************
03/23/17 16:57:07 Using config source: /etc/condor/condor_config
03/23/17 16:57:07 Using local config sources: 
03/23/17 16:57:07    /etc/condor/config.d/00esat.config
03/23/17 16:57:07    /etc/condor/config.d/01java.config
03/23/17 16:57:07    /etc/condor/config.d/80optout_users.config
03/23/17 16:57:07    /etc/condor/condor_config.local
03/23/17 16:57:07 config Macros = 166, Sorted = 166, StringBytes = 6016, TablesBytes = 6048
03/23/17 16:57:07 CLASSAD_CACHING is ENABLED
03/23/17 16:57:07 Daemon Log is logging: D_ALWAYS D_ERROR
03/23/17 16:57:07 DaemonCore: No command port requested.
03/23/17 16:57:07 DAGMAN_USE_STRICT setting: 1
03/23/17 16:57:07 DAGMAN_VERBOSITY setting: 3
03/23/17 16:57:07 DAGMAN_DEBUG_CACHE_SIZE setting: 5242880
03/23/17 16:57:07 DAGMAN_DEBUG_CACHE_ENABLE setting: False
03/23/17 16:57:07 DAGMAN_SUBMIT_DELAY setting: 0
03/23/17 16:57:07 DAGMAN_MAX_SUBMIT_ATTEMPTS setting: 6
03/23/17 16:57:07 DAGMAN_STARTUP_CYCLE_DETECT setting: False
03/23/17 16:57:07 DAGMAN_MAX_SUBMITS_PER_INTERVAL setting: 5
03/23/17 16:57:07 DAGMAN_USER_LOG_SCAN_INTERVAL setting: 5
03/23/17 16:57:07 DAGMAN_DEFAULT_PRIORITY setting: 0
03/23/17 16:57:07 DAGMAN_SUPPRESS_NOTIFICATION setting: True
03/23/17 16:57:07 allow_events (DAGMAN_ALLOW_EVENTS) setting: 114
03/23/17 16:57:07 DAGMAN_RETRY_SUBMIT_FIRST setting: True
03/23/17 16:57:07 DAGMAN_RETRY_NODE_FIRST setting: False
03/23/17 16:57:07 DAGMAN_MAX_JOBS_IDLE setting: 1000
03/23/17 16:57:07 DAGMAN_MAX_JOBS_SUBMITTED setting: 0
03/23/17 16:57:07 DAGMAN_MAX_PRE_SCRIPTS setting: 20
03/23/17 16:57:07 DAGMAN_MAX_POST_SCRIPTS setting: 20
03/23/17 16:57:07 DAGMAN_MUNGE_NODE_NAMES setting: True
03/23/17 16:57:07 DAGMAN_PROHIBIT_MULTI_JOBS setting: False
03/23/17 16:57:07 DAGMAN_SUBMIT_DEPTH_FIRST setting: False
03/23/17 16:57:07 DAGMAN_ALWAYS_RUN_POST setting: False
03/23/17 16:57:07 DAGMAN_ABORT_DUPLICATES setting: True
03/23/17 16:57:07 DAGMAN_ABORT_ON_SCARY_SUBMIT setting: True
03/23/17 16:57:07 DAGMAN_PENDING_REPORT_INTERVAL setting: 600
03/23/17 16:57:07 DAGMAN_AUTO_RESCUE setting: True
03/23/17 16:57:07 DAGMAN_MAX_RESCUE_NUM setting: 100
03/23/17 16:57:07 DAGMAN_WRITE_PARTIAL_RESCUE setting: True
03/23/17 16:57:07 DAGMAN_DEFAULT_NODE_LOG setting: @(DAG_DIR)/@(DAG_FILE).nodes.log
03/23/17 16:57:07 DAGMAN_GENERATE_SUBDAG_SUBMITS setting: True
03/23/17 16:57:07 DAGMAN_MAX_JOB_HOLDS setting: 100
03/23/17 16:57:07 DAGMAN_HOLD_CLAIM_TIME setting: 20
03/23/17 16:57:07 ALL_DEBUG setting: 
03/23/17 16:57:07 DAGMAN_DEBUG setting: 
03/23/17 16:57:07 DAGMAN_SUPPRESS_JOB_LOGS setting: False
03/23/17 16:57:07 DAGMAN_REMOVE_NODE_JOBS setting: True
03/23/17 16:57:07 argv[0] == "condor_scheduniv_exec.336.0"
03/23/17 16:57:07 argv[1] == "-Lockfile"
03/23/17 16:57:07 argv[2] == "skipgram.dag.lock"
03/23/17 16:57:07 argv[3] == "-AutoRescue"
03/23/17 16:57:07 argv[4] == "1"
03/23/17 16:57:07 argv[5] == "-DoRescueFrom"
03/23/17 16:57:07 argv[6] == "0"
03/23/17 16:57:07 argv[7] == "-Dag"
03/23/17 16:57:07 argv[8] == "skipgram.dag"
03/23/17 16:57:07 argv[9] == "-Suppress_notification"
03/23/17 16:57:07 argv[10] == "-CsdVersion"
03/23/17 16:57:07 argv[11] == "$CondorVersion: 8.6.1 Mar 01 2017 BuildID: 398585 $"
03/23/17 16:57:07 argv[12] == "-Dagman"
03/23/17 16:57:07 argv[13] == "/usr/bin/condor_dagman"
03/23/17 16:57:07 Workflow batch-name: <skipgram.dag+336>
03/23/17 16:57:07 Workflow accounting_group: <>
03/23/17 16:57:07 Workflow accounting_group_user: <>
03/23/17 16:57:07 Warning: failed to get attribute DAGNodeName
03/23/17 16:57:07 DAGMAN_LOG_ON_NFS_IS_ERROR setting: False
03/23/17 16:57:07 Default node log file is: </esat/spchtemp/scratch/wboes/SpeechHub/embedding_experiments/python/./skipgram.dag.nodes.log>
03/23/17 16:57:07 DAG Lockfile will be written to skipgram.dag.lock
03/23/17 16:57:07 DAG Input file is skipgram.dag
03/23/17 16:57:07 Parsing 1 dagfiles
03/23/17 16:57:07 Parsing skipgram.dag ...
03/23/17 16:57:07 Dag contains 1 total jobs
03/23/17 16:57:07 Sleeping for 3 seconds to ensure ProcessId uniqueness
03/23/17 16:57:10 Bootstrapping...
03/23/17 16:57:10 Number of pre-completed nodes: 0
03/23/17 16:57:10 MultiLogFiles: truncating log file /esat/spchtemp/scratch/wboes/SpeechHub/embedding_experiments/python/./skipgram.dag.nodes.log
03/23/17 16:57:10 DAG status: 0 (DAG_STATUS_OK)
03/23/17 16:57:10 Of 1 nodes total:
03/23/17 16:57:10  Done     Pre   Queued    Post   Ready   Un-Ready   Failed
03/23/17 16:57:10   ===     ===      ===     ===     ===        ===      ===
03/23/17 16:57:10     0       0        0       0       1          0        0
03/23/17 16:57:10 0 job proc(s) currently held
03/23/17 16:57:10 Registering condor_event_timer...
03/23/17 16:57:11 Submitting HTCondor Node skipgram job(s)...
03/23/17 16:57:11 Adding a DAGMan workflow log /esat/spchtemp/scratch/wboes/SpeechHub/embedding_experiments/python/./skipgram.dag.nodes.log
03/23/17 16:57:11 Masking the events recorded in the DAGMAN workflow log
03/23/17 16:57:11 Mask for workflow log is 0,1,2,4,5,7,9,10,11,12,13,16,17,24,27
03/23/17 16:57:11 submitting: /usr/bin/condor_submit -a dag_node_name' '=' 'skipgram -a +DAGManJobId' '=' '336 -a DAGManJobId' '=' '336 -batch-name skipgram.dag+336 -a submit_event_notes' '=' 'DAG' 'Node:' 'skipgram -a dagman_log' '=' '/esat/spchtemp/scratch/wboes/SpeechHub/embedding_experiments/python/./skipgram.dag.nodes.log -a +DAGManNodesMask' '=' '"0,1,2,4,5,7,9,10,11,12,13,16,17,24,27" -a DAG_STATUS' '=' '0 -a FAILED_COUNT' '=' '0 -a notification' '=' 'never -a +DAGParentNodeNames' '=' '"" skipgram.job
03/23/17 16:57:11 From submit: Submitting job(s).
03/23/17 16:57:11 From submit: 1 job(s) submitted to cluster 337.
03/23/17 16:57:11 	assigned HTCondor ID (337.0.0)
03/23/17 16:57:11 Just submitted 1 job this cycle...
03/23/17 16:57:11 Currently monitoring 1 HTCondor log file(s)
03/23/17 16:57:11 Reassigning the id of job skipgram from (337.0.0) to (337.0.0)
03/23/17 16:57:11 Event: ULOG_SUBMIT for HTCondor Node skipgram (337.0.0) {03/23/17 16:57:11}
03/23/17 16:57:11 Number of idle job procs: 1
03/23/17 16:57:11 DAG status: 0 (DAG_STATUS_OK)
03/23/17 16:57:11 Of 1 nodes total:
03/23/17 16:57:11  Done     Pre   Queued    Post   Ready   Un-Ready   Failed
03/23/17 16:57:11   ===     ===      ===     ===     ===        ===      ===
03/23/17 16:57:11     0       0        1       0       0          0        0
03/23/17 16:57:11 0 job proc(s) currently held
03/23/17 17:07:14 603 seconds since last log event
03/23/17 17:07:14 Pending DAG nodes:
03/23/17 17:07:14   Node skipgram, HTCondor ID 337, status STATUS_SUBMITTED
03/23/17 17:17:18 1207 seconds since last log event
03/23/17 17:17:18 Pending DAG nodes:
03/23/17 17:17:18   Node skipgram, HTCondor ID 337, status STATUS_SUBMITTED
03/23/17 17:27:21 1810 seconds since last log event
03/23/17 17:27:21 Pending DAG nodes:
03/23/17 17:27:21   Node skipgram, HTCondor ID 337, status STATUS_SUBMITTED
03/23/17 17:37:23 2412 seconds since last log event
03/23/17 17:37:23 Pending DAG nodes:
03/23/17 17:37:23   Node skipgram, HTCondor ID 337, status STATUS_SUBMITTED
03/23/17 17:47:27 3016 seconds since last log event
03/23/17 17:47:27 Pending DAG nodes:
03/23/17 17:47:27   Node skipgram, HTCondor ID 337, status STATUS_SUBMITTED
03/23/17 17:57:30 3619 seconds since last log event
03/23/17 17:57:30 Pending DAG nodes:
03/23/17 17:57:30   Node skipgram, HTCondor ID 337, status STATUS_SUBMITTED
03/23/17 17:57:50 Currently monitoring 1 HTCondor log file(s)
03/23/17 17:57:50 Event: ULOG_EXECUTE for HTCondor Node skipgram (337.0.0) {03/23/17 17:57:46}
03/23/17 17:57:50 Number of idle job procs: 0
03/23/17 17:59:05 Currently monitoring 1 HTCondor log file(s)
03/23/17 17:59:05 Event: ULOG_JOB_TERMINATED for HTCondor Node skipgram (337.0.0) {03/23/17 17:59:02}
03/23/17 17:59:05 Number of idle job procs: 0
03/23/17 17:59:05 Node skipgram job proc (337.0.0) failed with status 1.
03/23/17 17:59:05 DAG status: 2 (DAG_STATUS_NODE_FAILED)
03/23/17 17:59:05 Of 1 nodes total:
03/23/17 17:59:05  Done     Pre   Queued    Post   Ready   Un-Ready   Failed
03/23/17 17:59:05   ===     ===      ===     ===     ===        ===      ===
03/23/17 17:59:05     0       0        0       0       0          0        1
03/23/17 17:59:05 0 job proc(s) currently held
03/23/17 17:59:05 ERROR: the following job(s) failed:
03/23/17 17:59:05 ---------------------- Job ----------------------
03/23/17 17:59:05       Node Name: skipgram
03/23/17 17:59:05            Noop: false
03/23/17 17:59:05          NodeID: 0
03/23/17 17:59:05     Node Status: STATUS_ERROR    
03/23/17 17:59:05 Node return val: 1
03/23/17 17:59:05           Error: Job proc (337.0.0) failed with status 1
03/23/17 17:59:05 Job Submit File: skipgram.job
03/23/17 17:59:05  HTCondor Job ID: (337.0.0)
03/23/17 17:59:05       Q_PARENTS: <END>
03/23/17 17:59:05       Q_WAITING: <END>
03/23/17 17:59:05      Q_CHILDREN: <END>
03/23/17 17:59:05 ---------------------------------------	<END>
03/23/17 17:59:05 Aborting DAG...
03/23/17 17:59:05 Writing Rescue DAG to skipgram.dag.rescue001...
03/23/17 17:59:05 Removing submitted jobs...
03/23/17 17:59:05 Removing any/all submitted HTCondor jobs...
03/23/17 17:59:05 Running: /usr/bin/condor_rm -const DAGManJobId' '=?=' '336
03/23/17 17:59:05 Note: 0 total job deferrals because of -MaxJobs limit (0)
03/23/17 17:59:05 Note: 0 total job deferrals because of -MaxIdle limit (1000)
03/23/17 17:59:05 Note: 0 total job deferrals because of node category throttles
03/23/17 17:59:05 Note: 0 total PRE script deferrals because of -MaxPre limit (20) or DEFER
03/23/17 17:59:05 Note: 0 total POST script deferrals because of -MaxPost limit (20) or DEFER
03/23/17 17:59:05 DAG status: 2 (DAG_STATUS_NODE_FAILED)
03/23/17 17:59:05 Of 1 nodes total:
03/23/17 17:59:05  Done     Pre   Queued    Post   Ready   Un-Ready   Failed
03/23/17 17:59:05   ===     ===      ===     ===     ===        ===      ===
03/23/17 17:59:05     0       0        0       0       0          0        1
03/23/17 17:59:05 0 job proc(s) currently held
03/23/17 17:59:05 Wrote metrics file skipgram.dag.metrics.
03/23/17 17:59:05 Metrics not sent because of PEGASUS_METRICS or CONDOR_DEVELOPERS setting.
03/23/17 17:59:05 **** condor_scheduniv_exec.336.0 (condor_DAGMAN) pid 26074 EXITING WITH STATUS 1
