000 (113.000.000) 04/03 11:08:30 Job submitted from host: <10.33.133.65:9618?addrs=10.33.133.65-9618+[--1]-9618&noUDP&sock=18891_3bb2_4>
    DAG Node: skipgram_gensim
...
001 (113.000.000) 04/03 11:08:49 Job executing on host: <10.33.133.166:9618?addrs=10.33.133.166-9618+[--1]-9618&noUDP&sock=1099_66ac_3>
...
005 (113.000.000) 04/03 12:15:38 Job terminated.
	(1) Normal termination (return value 0)
		Usr 0 03:20:03, Sys 0 00:00:52  -  Run Remote Usage
		Usr 0 00:00:00, Sys 0 00:00:00  -  Run Local Usage
		Usr 0 03:20:03, Sys 0 00:00:52  -  Total Remote Usage
		Usr 0 00:00:00, Sys 0 00:00:00  -  Total Local Usage
	0  -  Run Bytes Sent By Job
	0  -  Run Bytes Received By Job
	0  -  Total Bytes Sent By Job
	0  -  Total Bytes Received By Job
	Partitionable Resources :    Usage  Request Allocated
	   Cpus                 :                 1         1
	   Disk (KB)            :        7        7    705669
	   Gpus                 :                           0
	   Memory (MB)          :      123    14336     14336
...
