000 (712.000.000) 04/07 16:03:38 Job submitted from host: <10.33.133.154:9618?addrs=10.33.133.154-9618+[--1]-9618&noUDP&sock=1370_48d6_3>
    DAG Node: skipgram_gensim_128
...
001 (712.000.000) 04/07 16:03:57 Job executing on host: <10.33.133.166:9618?addrs=10.33.133.166-9618+[--1]-9618&noUDP&sock=1099_66ac_3>
...
006 (712.000.000) 04/07 16:04:05 Image size of job updated: 45764
	43  -  MemoryUsage of job (MB)
	43188  -  ResidentSetSize of job (KB)
...
006 (712.000.000) 04/07 16:09:05 Image size of job updated: 125628
	121  -  MemoryUsage of job (MB)
	122952  -  ResidentSetSize of job (KB)
...
006 (712.000.000) 04/07 16:19:06 Image size of job updated: 125632
	121  -  MemoryUsage of job (MB)
	122956  -  ResidentSetSize of job (KB)
...
006 (712.000.000) 04/07 16:24:06 Image size of job updated: 125668
	121  -  MemoryUsage of job (MB)
	122992  -  ResidentSetSize of job (KB)
...
006 (712.000.000) 04/07 16:39:07 Image size of job updated: 125680
	121  -  MemoryUsage of job (MB)
	123004  -  ResidentSetSize of job (KB)
...
006 (712.000.000) 04/07 16:59:09 Image size of job updated: 125688
	121  -  MemoryUsage of job (MB)
	123012  -  ResidentSetSize of job (KB)
...
006 (712.000.000) 04/07 17:09:11 Image size of job updated: 125756
	121  -  MemoryUsage of job (MB)
	123080  -  ResidentSetSize of job (KB)
...
006 (712.000.000) 04/07 17:39:14 Image size of job updated: 125760
	121  -  MemoryUsage of job (MB)
	123084  -  ResidentSetSize of job (KB)
...
005 (712.000.000) 04/07 17:41:26 Job terminated.
	(1) Normal termination (return value 0)
		Usr 0 04:52:42, Sys 0 00:00:59  -  Run Remote Usage
		Usr 0 00:00:00, Sys 0 00:00:00  -  Run Local Usage
		Usr 0 04:52:42, Sys 0 00:00:59  -  Total Remote Usage
		Usr 0 00:00:00, Sys 0 00:00:00  -  Total Local Usage
	0  -  Run Bytes Sent By Job
	0  -  Run Bytes Received By Job
	0  -  Total Bytes Sent By Job
	0  -  Total Bytes Received By Job
	Partitionable Resources :    Usage  Request Allocated
	   Cpus                 :                 1         1
	   Disk (KB)            :        7        7    705669
	   Gpus                 :                           0
	   Memory (MB)          :      121    14336     14336
...
