000 (397.000.000) 03/25 21:09:43 Job submitted from host: <10.33.133.154:9618?addrs=10.33.133.154-9618+[--1]-9618&noUDP&sock=1370_48d6_3>
    DAG Node: skipgram
...
001 (397.000.000) 03/25 21:10:02 Job executing on host: <10.33.133.204:9618?addrs=10.33.133.204-9618+[--1]-9618&noUDP&sock=1582_b2ea_3>
...
006 (397.000.000) 03/25 21:10:11 Image size of job updated: 103828
	69  -  MemoryUsage of job (MB)
	70172  -  ResidentSetSize of job (KB)
...
006 (397.000.000) 03/25 21:15:12 Image size of job updated: 15664396
	13966  -  MemoryUsage of job (MB)
	14300840  -  ResidentSetSize of job (KB)
...
006 (397.000.000) 03/25 21:20:12 Image size of job updated: 15664396
	13966  -  MemoryUsage of job (MB)
	14300864  -  ResidentSetSize of job (KB)
...
010 (397.000.000) 03/25 21:23:43 Job was suspended.
	Number of processes actually suspended: 10
...
006 (397.000.000) 03/25 21:23:43 Image size of job updated: 15664396
	13966  -  MemoryUsage of job (MB)
	14300872  -  ResidentSetSize of job (KB)
...
011 (397.000.000) 03/25 21:28:40 Job was unsuspended.
...
006 (397.000.000) 03/25 21:30:13 Image size of job updated: 15664396
	13966  -  MemoryUsage of job (MB)
	14300884  -  ResidentSetSize of job (KB)
...
006 (397.000.000) 03/25 21:35:14 Image size of job updated: 15664396
	13966  -  MemoryUsage of job (MB)
	14300900  -  ResidentSetSize of job (KB)
...
006 (397.000.000) 03/25 21:40:15 Image size of job updated: 15664396
	13966  -  MemoryUsage of job (MB)
	14300920  -  ResidentSetSize of job (KB)
...
005 (397.000.000) 03/25 21:44:08 Job terminated.
	(1) Normal termination (return value 0)
		Usr 0 00:28:01, Sys 0 00:00:46  -  Run Remote Usage
		Usr 0 00:00:00, Sys 0 00:00:00  -  Run Local Usage
		Usr 0 00:28:01, Sys 0 00:00:46  -  Total Remote Usage
		Usr 0 00:00:00, Sys 0 00:00:00  -  Total Local Usage
	0  -  Run Bytes Sent By Job
	0  -  Run Bytes Received By Job
	0  -  Total Bytes Sent By Job
	0  -  Total Bytes Received By Job
	Partitionable Resources :    Usage  Request Allocated
	   Cpus                 :                 1         1
	   Disk (KB)            :        7        7   5349624
	   Gpus                 :                 1         1
	   Memory (MB)          :    13966    14336     14336
...
