04/26/17 13:45:16 ******************************************************
04/26/17 13:45:16 ** condor_scheduniv_exec.949.0 (CONDOR_DAGMAN) STARTING UP
04/26/17 13:45:16 ** /usr/bin/condor_dagman
04/26/17 13:45:16 ** SubsystemInfo: name=DAGMAN type=DAGMAN(10) class=DAEMON(1)
04/26/17 13:45:16 ** Configuration: subsystem:DAGMAN local:<NONE> class:DAEMON
04/26/17 13:45:16 ** $CondorVersion: 8.6.1 Mar 01 2017 BuildID: 398585 $
04/26/17 13:45:16 ** $CondorPlatform: x86_64_RedHat7 $
04/26/17 13:45:16 ** PID = 27963
04/26/17 13:45:16 ** Log last touched time unavailable (No such file or directory)
04/26/17 13:45:16 ******************************************************
04/26/17 13:45:16 Using config source: /etc/condor/condor_config
04/26/17 13:45:16 Using local config sources: 
04/26/17 13:45:16    /etc/condor/config.d/00esat.config
04/26/17 13:45:16    /etc/condor/config.d/01java.config
04/26/17 13:45:16    /etc/condor/config.d/80optout_users.config
04/26/17 13:45:16    /etc/condor/condor_config.local
04/26/17 13:45:16 config Macros = 166, Sorted = 166, StringBytes = 6019, TablesBytes = 6048
04/26/17 13:45:16 CLASSAD_CACHING is ENABLED
04/26/17 13:45:16 Daemon Log is logging: D_ALWAYS D_ERROR
04/26/17 13:45:16 DaemonCore: No command port requested.
04/26/17 13:45:16 DAGMAN_USE_STRICT setting: 1
04/26/17 13:45:16 DAGMAN_VERBOSITY setting: 3
04/26/17 13:45:16 DAGMAN_DEBUG_CACHE_SIZE setting: 5242880
04/26/17 13:45:16 DAGMAN_DEBUG_CACHE_ENABLE setting: False
04/26/17 13:45:16 DAGMAN_SUBMIT_DELAY setting: 0
04/26/17 13:45:16 DAGMAN_MAX_SUBMIT_ATTEMPTS setting: 6
04/26/17 13:45:16 DAGMAN_STARTUP_CYCLE_DETECT setting: False
04/26/17 13:45:16 DAGMAN_MAX_SUBMITS_PER_INTERVAL setting: 5
04/26/17 13:45:16 DAGMAN_USER_LOG_SCAN_INTERVAL setting: 5
04/26/17 13:45:16 DAGMAN_DEFAULT_PRIORITY setting: 0
04/26/17 13:45:16 DAGMAN_SUPPRESS_NOTIFICATION setting: True
04/26/17 13:45:16 allow_events (DAGMAN_ALLOW_EVENTS) setting: 114
04/26/17 13:45:16 DAGMAN_RETRY_SUBMIT_FIRST setting: True
04/26/17 13:45:16 DAGMAN_RETRY_NODE_FIRST setting: False
04/26/17 13:45:16 DAGMAN_MAX_JOBS_IDLE setting: 1000
04/26/17 13:45:16 DAGMAN_MAX_JOBS_SUBMITTED setting: 0
04/26/17 13:45:16 DAGMAN_MAX_PRE_SCRIPTS setting: 20
04/26/17 13:45:16 DAGMAN_MAX_POST_SCRIPTS setting: 20
04/26/17 13:45:16 DAGMAN_MUNGE_NODE_NAMES setting: True
04/26/17 13:45:16 DAGMAN_PROHIBIT_MULTI_JOBS setting: False
04/26/17 13:45:16 DAGMAN_SUBMIT_DEPTH_FIRST setting: False
04/26/17 13:45:16 DAGMAN_ALWAYS_RUN_POST setting: False
04/26/17 13:45:16 DAGMAN_ABORT_DUPLICATES setting: True
04/26/17 13:45:16 DAGMAN_ABORT_ON_SCARY_SUBMIT setting: True
04/26/17 13:45:16 DAGMAN_PENDING_REPORT_INTERVAL setting: 600
04/26/17 13:45:16 DAGMAN_AUTO_RESCUE setting: True
04/26/17 13:45:16 DAGMAN_MAX_RESCUE_NUM setting: 100
04/26/17 13:45:16 DAGMAN_WRITE_PARTIAL_RESCUE setting: True
04/26/17 13:45:16 DAGMAN_DEFAULT_NODE_LOG setting: @(DAG_DIR)/@(DAG_FILE).nodes.log
04/26/17 13:45:16 DAGMAN_GENERATE_SUBDAG_SUBMITS setting: True
04/26/17 13:45:16 DAGMAN_MAX_JOB_HOLDS setting: 100
04/26/17 13:45:16 DAGMAN_HOLD_CLAIM_TIME setting: 20
04/26/17 13:45:16 ALL_DEBUG setting: 
04/26/17 13:45:16 DAGMAN_DEBUG setting: 
04/26/17 13:45:16 DAGMAN_SUPPRESS_JOB_LOGS setting: False
04/26/17 13:45:16 DAGMAN_REMOVE_NODE_JOBS setting: True
04/26/17 13:45:16 argv[0] == "condor_scheduniv_exec.949.0"
04/26/17 13:45:16 argv[1] == "-Lockfile"
04/26/17 13:45:16 argv[2] == "ds_cbow_mean_soft.dag.lock"
04/26/17 13:45:16 argv[3] == "-AutoRescue"
04/26/17 13:45:16 argv[4] == "1"
04/26/17 13:45:16 argv[5] == "-DoRescueFrom"
04/26/17 13:45:16 argv[6] == "0"
04/26/17 13:45:16 argv[7] == "-Dag"
04/26/17 13:45:16 argv[8] == "ds_cbow_mean_soft.dag"
04/26/17 13:45:16 argv[9] == "-Suppress_notification"
04/26/17 13:45:16 argv[10] == "-CsdVersion"
04/26/17 13:45:16 argv[11] == "$CondorVersion: 8.6.1 Mar 01 2017 BuildID: 398585 $"
04/26/17 13:45:16 argv[12] == "-Dagman"
04/26/17 13:45:16 argv[13] == "/usr/bin/condor_dagman"
04/26/17 13:45:16 Workflow batch-name: <ds_cbow_mean_soft.dag+949>
04/26/17 13:45:16 Workflow accounting_group: <>
04/26/17 13:45:16 Workflow accounting_group_user: <>
04/26/17 13:45:16 Warning: failed to get attribute DAGNodeName
04/26/17 13:45:16 DAGMAN_LOG_ON_NFS_IS_ERROR setting: False
04/26/17 13:45:16 Default node log file is: </esat/spchtemp/scratch/robbe/SpeechHub/untied_models/python/jobdag/./ds_cbow_mean_soft.dag.nodes.log>
04/26/17 13:45:16 DAG Lockfile will be written to ds_cbow_mean_soft.dag.lock
04/26/17 13:45:16 DAG Input file is ds_cbow_mean_soft.dag
04/26/17 13:45:16 Parsing 1 dagfiles
04/26/17 13:45:16 Parsing ds_cbow_mean_soft.dag ...
04/26/17 13:45:16 Dag contains 2 total jobs
04/26/17 13:45:16 Sleeping for 3 seconds to ensure ProcessId uniqueness
04/26/17 13:45:19 Bootstrapping...
04/26/17 13:45:19 Number of pre-completed nodes: 0
04/26/17 13:45:19 MultiLogFiles: truncating log file /esat/spchtemp/scratch/robbe/SpeechHub/untied_models/python/jobdag/./ds_cbow_mean_soft.dag.nodes.log
04/26/17 13:45:19 DAG status: 0 (DAG_STATUS_OK)
04/26/17 13:45:19 Of 2 nodes total:
04/26/17 13:45:19  Done     Pre   Queued    Post   Ready   Un-Ready   Failed
04/26/17 13:45:19   ===     ===      ===     ===     ===        ===      ===
04/26/17 13:45:19     0       0        0       0       1          1        0
04/26/17 13:45:19 0 job proc(s) currently held
04/26/17 13:45:19 Registering condor_event_timer...
04/26/17 13:45:20 Submitting HTCondor Node cbow_mean_soft job(s)...
04/26/17 13:45:20 Adding a DAGMan workflow log /esat/spchtemp/scratch/robbe/SpeechHub/untied_models/python/jobdag/./ds_cbow_mean_soft.dag.nodes.log
04/26/17 13:45:20 Masking the events recorded in the DAGMAN workflow log
04/26/17 13:45:20 Mask for workflow log is 0,1,2,4,5,7,9,10,11,12,13,16,17,24,27
04/26/17 13:45:20 submitting: /usr/bin/condor_submit -a dag_node_name' '=' 'cbow_mean_soft -a +DAGManJobId' '=' '949 -a DAGManJobId' '=' '949 -batch-name ds_cbow_mean_soft.dag+949 -a submit_event_notes' '=' 'DAG' 'Node:' 'cbow_mean_soft -a dagman_log' '=' '/esat/spchtemp/scratch/robbe/SpeechHub/untied_models/python/jobdag/./ds_cbow_mean_soft.dag.nodes.log -a +DAGManNodesMask' '=' '"0,1,2,4,5,7,9,10,11,12,13,16,17,24,27" -a data_set' '=' 'ds -a test_name' '=' 'cbow_mean_soft -a num_run' '=' '0 -a combination' '=' 'mean -a DAG_STATUS' '=' '0 -a FAILED_COUNT' '=' '0 -a +KeepClaimIdle' '=' '20 -a notification' '=' 'never -a +DAGParentNodeNames' '=' '"" jobdag/cbow_soft.job
04/26/17 13:45:20 From submit: Submitting job(s).
04/26/17 13:45:20 From submit: 1 job(s) submitted to cluster 950.
04/26/17 13:45:20 	assigned HTCondor ID (950.0.0)
04/26/17 13:45:20 Just submitted 1 job this cycle...
04/26/17 13:45:20 Currently monitoring 1 HTCondor log file(s)
04/26/17 13:45:20 Reassigning the id of job cbow_mean_soft from (950.0.0) to (950.0.0)
04/26/17 13:45:20 Event: ULOG_SUBMIT for HTCondor Node cbow_mean_soft (950.0.0) {04/26/17 13:45:20}
04/26/17 13:45:20 Number of idle job procs: 1
04/26/17 13:45:20 DAG status: 0 (DAG_STATUS_OK)
04/26/17 13:45:20 Of 2 nodes total:
04/26/17 13:45:20  Done     Pre   Queued    Post   Ready   Un-Ready   Failed
04/26/17 13:45:20   ===     ===      ===     ===     ===        ===      ===
04/26/17 13:45:20     0       0        1       0       0          1        0
04/26/17 13:45:20 0 job proc(s) currently held
04/26/17 13:55:23 603 seconds since last log event
04/26/17 13:55:23 Pending DAG nodes:
04/26/17 13:55:23   Node cbow_mean_soft, HTCondor ID 950, status STATUS_SUBMITTED
04/26/17 14:05:26 1206 seconds since last log event
04/26/17 14:05:26 Pending DAG nodes:
04/26/17 14:05:26   Node cbow_mean_soft, HTCondor ID 950, status STATUS_SUBMITTED
04/26/17 14:15:26 1806 seconds since last log event
04/26/17 14:15:26 Pending DAG nodes:
04/26/17 14:15:26   Node cbow_mean_soft, HTCondor ID 950, status STATUS_SUBMITTED
04/26/17 14:25:29 2409 seconds since last log event
04/26/17 14:25:29 Pending DAG nodes:
04/26/17 14:25:29   Node cbow_mean_soft, HTCondor ID 950, status STATUS_SUBMITTED
04/26/17 14:35:31 3011 seconds since last log event
04/26/17 14:35:31 Pending DAG nodes:
04/26/17 14:35:31   Node cbow_mean_soft, HTCondor ID 950, status STATUS_SUBMITTED
04/26/17 14:45:33 3613 seconds since last log event
04/26/17 14:45:33 Pending DAG nodes:
04/26/17 14:45:33   Node cbow_mean_soft, HTCondor ID 950, status STATUS_SUBMITTED
04/26/17 14:55:36 4216 seconds since last log event
04/26/17 14:55:36 Pending DAG nodes:
04/26/17 14:55:36   Node cbow_mean_soft, HTCondor ID 950, status STATUS_SUBMITTED
04/26/17 15:05:39 4819 seconds since last log event
04/26/17 15:05:39 Pending DAG nodes:
04/26/17 15:05:39   Node cbow_mean_soft, HTCondor ID 950, status STATUS_SUBMITTED
04/26/17 15:15:41 5421 seconds since last log event
04/26/17 15:15:41 Pending DAG nodes:
04/26/17 15:15:41   Node cbow_mean_soft, HTCondor ID 950, status STATUS_SUBMITTED
04/26/17 15:25:41 6021 seconds since last log event
04/26/17 15:25:41 Pending DAG nodes:
04/26/17 15:25:41   Node cbow_mean_soft, HTCondor ID 950, status STATUS_SUBMITTED
04/26/17 15:35:43 6623 seconds since last log event
04/26/17 15:35:43 Pending DAG nodes:
04/26/17 15:35:43   Node cbow_mean_soft, HTCondor ID 950, status STATUS_SUBMITTED
04/26/17 15:45:46 7226 seconds since last log event
04/26/17 15:45:46 Pending DAG nodes:
04/26/17 15:45:46   Node cbow_mean_soft, HTCondor ID 950, status STATUS_SUBMITTED
04/26/17 15:55:47 7827 seconds since last log event
04/26/17 15:55:47 Pending DAG nodes:
04/26/17 15:55:47   Node cbow_mean_soft, HTCondor ID 950, status STATUS_SUBMITTED
04/26/17 16:05:50 8430 seconds since last log event
04/26/17 16:05:50 Pending DAG nodes:
04/26/17 16:05:50   Node cbow_mean_soft, HTCondor ID 950, status STATUS_SUBMITTED
04/26/17 16:15:54 9034 seconds since last log event
04/26/17 16:15:54 Pending DAG nodes:
04/26/17 16:15:54   Node cbow_mean_soft, HTCondor ID 950, status STATUS_SUBMITTED
04/26/17 16:25:56 9636 seconds since last log event
04/26/17 16:25:56 Pending DAG nodes:
04/26/17 16:25:56   Node cbow_mean_soft, HTCondor ID 950, status STATUS_SUBMITTED
04/26/17 16:35:58 10238 seconds since last log event
04/26/17 16:35:58 Pending DAG nodes:
04/26/17 16:35:58   Node cbow_mean_soft, HTCondor ID 950, status STATUS_SUBMITTED
04/26/17 16:46:01 10841 seconds since last log event
04/26/17 16:46:01 Pending DAG nodes:
04/26/17 16:46:01   Node cbow_mean_soft, HTCondor ID 950, status STATUS_SUBMITTED
04/26/17 16:56:04 11444 seconds since last log event
04/26/17 16:56:04 Pending DAG nodes:
04/26/17 16:56:04   Node cbow_mean_soft, HTCondor ID 950, status STATUS_SUBMITTED
04/26/17 17:06:06 12046 seconds since last log event
04/26/17 17:06:06 Pending DAG nodes:
04/26/17 17:06:06   Node cbow_mean_soft, HTCondor ID 950, status STATUS_SUBMITTED
04/26/17 17:16:08 12648 seconds since last log event
04/26/17 17:16:08 Pending DAG nodes:
04/26/17 17:16:08   Node cbow_mean_soft, HTCondor ID 950, status STATUS_SUBMITTED
04/26/17 17:26:11 13251 seconds since last log event
04/26/17 17:26:11 Pending DAG nodes:
04/26/17 17:26:11   Node cbow_mean_soft, HTCondor ID 950, status STATUS_SUBMITTED
04/26/17 17:36:13 13853 seconds since last log event
04/26/17 17:36:13 Pending DAG nodes:
04/26/17 17:36:13   Node cbow_mean_soft, HTCondor ID 950, status STATUS_SUBMITTED
04/26/17 17:46:16 14456 seconds since last log event
04/26/17 17:46:16 Pending DAG nodes:
04/26/17 17:46:16   Node cbow_mean_soft, HTCondor ID 950, status STATUS_SUBMITTED
04/26/17 17:56:19 15059 seconds since last log event
04/26/17 17:56:19 Pending DAG nodes:
04/26/17 17:56:19   Node cbow_mean_soft, HTCondor ID 950, status STATUS_SUBMITTED
04/26/17 18:06:21 15661 seconds since last log event
04/26/17 18:06:21 Pending DAG nodes:
04/26/17 18:06:21   Node cbow_mean_soft, HTCondor ID 950, status STATUS_SUBMITTED
04/26/17 18:16:23 16263 seconds since last log event
04/26/17 18:16:23 Pending DAG nodes:
04/26/17 18:16:23   Node cbow_mean_soft, HTCondor ID 950, status STATUS_SUBMITTED
04/26/17 18:26:26 16866 seconds since last log event
04/26/17 18:26:26 Pending DAG nodes:
04/26/17 18:26:26   Node cbow_mean_soft, HTCondor ID 950, status STATUS_SUBMITTED
04/26/17 18:36:28 17468 seconds since last log event
04/26/17 18:36:28 Pending DAG nodes:
04/26/17 18:36:28   Node cbow_mean_soft, HTCondor ID 950, status STATUS_SUBMITTED
04/26/17 18:46:30 18070 seconds since last log event
04/26/17 18:46:30 Pending DAG nodes:
04/26/17 18:46:30   Node cbow_mean_soft, HTCondor ID 950, status STATUS_SUBMITTED
04/26/17 18:56:33 18673 seconds since last log event
04/26/17 18:56:33 Pending DAG nodes:
04/26/17 18:56:33   Node cbow_mean_soft, HTCondor ID 950, status STATUS_SUBMITTED
04/26/17 19:06:34 19274 seconds since last log event
04/26/17 19:06:34 Pending DAG nodes:
04/26/17 19:06:34   Node cbow_mean_soft, HTCondor ID 950, status STATUS_SUBMITTED
04/26/17 19:16:37 19877 seconds since last log event
04/26/17 19:16:37 Pending DAG nodes:
04/26/17 19:16:37   Node cbow_mean_soft, HTCondor ID 950, status STATUS_SUBMITTED
04/26/17 19:26:40 20480 seconds since last log event
04/26/17 19:26:40 Pending DAG nodes:
04/26/17 19:26:40   Node cbow_mean_soft, HTCondor ID 950, status STATUS_SUBMITTED
04/26/17 19:36:43 21083 seconds since last log event
04/26/17 19:36:43 Pending DAG nodes:
04/26/17 19:36:43   Node cbow_mean_soft, HTCondor ID 950, status STATUS_SUBMITTED
04/26/17 19:46:46 21686 seconds since last log event
04/26/17 19:46:46 Pending DAG nodes:
04/26/17 19:46:46   Node cbow_mean_soft, HTCondor ID 950, status STATUS_SUBMITTED
04/26/17 19:56:49 22289 seconds since last log event
04/26/17 19:56:49 Pending DAG nodes:
04/26/17 19:56:49   Node cbow_mean_soft, HTCondor ID 950, status STATUS_SUBMITTED
04/26/17 20:06:52 22892 seconds since last log event
04/26/17 20:06:52 Pending DAG nodes:
04/26/17 20:06:52   Node cbow_mean_soft, HTCondor ID 950, status STATUS_SUBMITTED
04/26/17 20:16:54 23494 seconds since last log event
04/26/17 20:16:54 Pending DAG nodes:
04/26/17 20:16:54   Node cbow_mean_soft, HTCondor ID 950, status STATUS_SUBMITTED
04/26/17 20:26:56 24096 seconds since last log event
04/26/17 20:26:56 Pending DAG nodes:
04/26/17 20:26:56   Node cbow_mean_soft, HTCondor ID 950, status STATUS_SUBMITTED
04/26/17 20:36:59 24699 seconds since last log event
04/26/17 20:36:59 Pending DAG nodes:
04/26/17 20:36:59   Node cbow_mean_soft, HTCondor ID 950, status STATUS_SUBMITTED
04/26/17 20:47:02 25302 seconds since last log event
04/26/17 20:47:02 Pending DAG nodes:
04/26/17 20:47:02   Node cbow_mean_soft, HTCondor ID 950, status STATUS_SUBMITTED
04/26/17 20:57:04 25904 seconds since last log event
04/26/17 20:57:04 Pending DAG nodes:
04/26/17 20:57:04   Node cbow_mean_soft, HTCondor ID 950, status STATUS_SUBMITTED
04/26/17 21:07:07 26507 seconds since last log event
04/26/17 21:07:07 Pending DAG nodes:
04/26/17 21:07:07   Node cbow_mean_soft, HTCondor ID 950, status STATUS_SUBMITTED
04/26/17 21:17:09 27109 seconds since last log event
04/26/17 21:17:09 Pending DAG nodes:
04/26/17 21:17:09   Node cbow_mean_soft, HTCondor ID 950, status STATUS_SUBMITTED
04/26/17 21:27:12 27712 seconds since last log event
04/26/17 21:27:12 Pending DAG nodes:
04/26/17 21:27:12   Node cbow_mean_soft, HTCondor ID 950, status STATUS_SUBMITTED
04/26/17 21:37:15 28315 seconds since last log event
04/26/17 21:37:15 Pending DAG nodes:
04/26/17 21:37:15   Node cbow_mean_soft, HTCondor ID 950, status STATUS_SUBMITTED
04/26/17 21:47:18 28918 seconds since last log event
04/26/17 21:47:18 Pending DAG nodes:
04/26/17 21:47:18   Node cbow_mean_soft, HTCondor ID 950, status STATUS_SUBMITTED
04/26/17 21:57:19 29519 seconds since last log event
04/26/17 21:57:19 Pending DAG nodes:
04/26/17 21:57:19   Node cbow_mean_soft, HTCondor ID 950, status STATUS_SUBMITTED
04/26/17 22:07:22 30122 seconds since last log event
04/26/17 22:07:22 Pending DAG nodes:
04/26/17 22:07:22   Node cbow_mean_soft, HTCondor ID 950, status STATUS_SUBMITTED
04/26/17 22:17:25 30725 seconds since last log event
04/26/17 22:17:25 Pending DAG nodes:
04/26/17 22:17:25   Node cbow_mean_soft, HTCondor ID 950, status STATUS_SUBMITTED
04/26/17 22:27:28 31328 seconds since last log event
04/26/17 22:27:28 Pending DAG nodes:
04/26/17 22:27:28   Node cbow_mean_soft, HTCondor ID 950, status STATUS_SUBMITTED
04/26/17 22:37:29 31929 seconds since last log event
04/26/17 22:37:29 Pending DAG nodes:
04/26/17 22:37:29   Node cbow_mean_soft, HTCondor ID 950, status STATUS_SUBMITTED
04/26/17 22:47:31 32531 seconds since last log event
04/26/17 22:47:31 Pending DAG nodes:
04/26/17 22:47:31   Node cbow_mean_soft, HTCondor ID 950, status STATUS_SUBMITTED
04/26/17 22:57:33 33133 seconds since last log event
04/26/17 22:57:33 Pending DAG nodes:
04/26/17 22:57:33   Node cbow_mean_soft, HTCondor ID 950, status STATUS_SUBMITTED
04/26/17 23:07:36 33736 seconds since last log event
04/26/17 23:07:36 Pending DAG nodes:
04/26/17 23:07:36   Node cbow_mean_soft, HTCondor ID 950, status STATUS_SUBMITTED
04/26/17 23:17:38 34338 seconds since last log event
04/26/17 23:17:38 Pending DAG nodes:
04/26/17 23:17:38   Node cbow_mean_soft, HTCondor ID 950, status STATUS_SUBMITTED
04/26/17 23:27:40 34940 seconds since last log event
04/26/17 23:27:40 Pending DAG nodes:
04/26/17 23:27:40   Node cbow_mean_soft, HTCondor ID 950, status STATUS_SUBMITTED
04/26/17 23:37:41 35541 seconds since last log event
04/26/17 23:37:41 Pending DAG nodes:
04/26/17 23:37:41   Node cbow_mean_soft, HTCondor ID 950, status STATUS_SUBMITTED
04/26/17 23:47:44 36144 seconds since last log event
04/26/17 23:47:44 Pending DAG nodes:
04/26/17 23:47:44   Node cbow_mean_soft, HTCondor ID 950, status STATUS_SUBMITTED
04/26/17 23:57:46 36746 seconds since last log event
04/26/17 23:57:46 Pending DAG nodes:
04/26/17 23:57:46   Node cbow_mean_soft, HTCondor ID 950, status STATUS_SUBMITTED
04/27/17 00:07:48 37348 seconds since last log event
04/27/17 00:07:48 Pending DAG nodes:
04/27/17 00:07:48   Node cbow_mean_soft, HTCondor ID 950, status STATUS_SUBMITTED
04/27/17 00:17:51 37951 seconds since last log event
04/27/17 00:17:51 Pending DAG nodes:
04/27/17 00:17:51   Node cbow_mean_soft, HTCondor ID 950, status STATUS_SUBMITTED
04/27/17 00:27:54 38554 seconds since last log event
04/27/17 00:27:54 Pending DAG nodes:
04/27/17 00:27:54   Node cbow_mean_soft, HTCondor ID 950, status STATUS_SUBMITTED
04/27/17 00:37:57 39157 seconds since last log event
04/27/17 00:37:57 Pending DAG nodes:
04/27/17 00:37:57   Node cbow_mean_soft, HTCondor ID 950, status STATUS_SUBMITTED
04/27/17 00:47:59 39759 seconds since last log event
04/27/17 00:47:59 Pending DAG nodes:
04/27/17 00:47:59   Node cbow_mean_soft, HTCondor ID 950, status STATUS_SUBMITTED
04/27/17 00:58:02 40362 seconds since last log event
04/27/17 00:58:02 Pending DAG nodes:
04/27/17 00:58:02   Node cbow_mean_soft, HTCondor ID 950, status STATUS_SUBMITTED
04/27/17 01:08:03 40963 seconds since last log event
04/27/17 01:08:03 Pending DAG nodes:
04/27/17 01:08:03   Node cbow_mean_soft, HTCondor ID 950, status STATUS_SUBMITTED
04/27/17 01:18:06 41566 seconds since last log event
04/27/17 01:18:06 Pending DAG nodes:
04/27/17 01:18:06   Node cbow_mean_soft, HTCondor ID 950, status STATUS_SUBMITTED
04/27/17 01:28:08 42168 seconds since last log event
04/27/17 01:28:08 Pending DAG nodes:
04/27/17 01:28:08   Node cbow_mean_soft, HTCondor ID 950, status STATUS_SUBMITTED
04/27/17 01:38:11 42771 seconds since last log event
04/27/17 01:38:11 Pending DAG nodes:
04/27/17 01:38:11   Node cbow_mean_soft, HTCondor ID 950, status STATUS_SUBMITTED
04/27/17 01:48:14 43374 seconds since last log event
04/27/17 01:48:14 Pending DAG nodes:
04/27/17 01:48:14   Node cbow_mean_soft, HTCondor ID 950, status STATUS_SUBMITTED
04/27/17 01:58:16 43976 seconds since last log event
04/27/17 01:58:16 Pending DAG nodes:
04/27/17 01:58:16   Node cbow_mean_soft, HTCondor ID 950, status STATUS_SUBMITTED
04/27/17 02:08:17 44577 seconds since last log event
04/27/17 02:08:17 Pending DAG nodes:
04/27/17 02:08:17   Node cbow_mean_soft, HTCondor ID 950, status STATUS_SUBMITTED
04/27/17 02:18:20 45180 seconds since last log event
04/27/17 02:18:20 Pending DAG nodes:
04/27/17 02:18:20   Node cbow_mean_soft, HTCondor ID 950, status STATUS_SUBMITTED
04/27/17 02:28:23 45783 seconds since last log event
04/27/17 02:28:23 Pending DAG nodes:
04/27/17 02:28:23   Node cbow_mean_soft, HTCondor ID 950, status STATUS_SUBMITTED
04/27/17 02:38:25 46385 seconds since last log event
04/27/17 02:38:25 Pending DAG nodes:
04/27/17 02:38:25   Node cbow_mean_soft, HTCondor ID 950, status STATUS_SUBMITTED
04/27/17 02:48:28 46988 seconds since last log event
04/27/17 02:48:28 Pending DAG nodes:
04/27/17 02:48:28   Node cbow_mean_soft, HTCondor ID 950, status STATUS_SUBMITTED
04/27/17 02:58:31 47591 seconds since last log event
04/27/17 02:58:31 Pending DAG nodes:
04/27/17 02:58:31   Node cbow_mean_soft, HTCondor ID 950, status STATUS_SUBMITTED
04/27/17 03:08:33 48193 seconds since last log event
04/27/17 03:08:33 Pending DAG nodes:
04/27/17 03:08:33   Node cbow_mean_soft, HTCondor ID 950, status STATUS_SUBMITTED
04/27/17 03:18:36 48796 seconds since last log event
04/27/17 03:18:36 Pending DAG nodes:
04/27/17 03:18:36   Node cbow_mean_soft, HTCondor ID 950, status STATUS_SUBMITTED
04/27/17 03:28:39 49399 seconds since last log event
04/27/17 03:28:39 Pending DAG nodes:
04/27/17 03:28:39   Node cbow_mean_soft, HTCondor ID 950, status STATUS_SUBMITTED
04/27/17 03:38:42 50002 seconds since last log event
04/27/17 03:38:42 Pending DAG nodes:
04/27/17 03:38:42   Node cbow_mean_soft, HTCondor ID 950, status STATUS_SUBMITTED
04/27/17 03:48:45 50605 seconds since last log event
04/27/17 03:48:45 Pending DAG nodes:
04/27/17 03:48:45   Node cbow_mean_soft, HTCondor ID 950, status STATUS_SUBMITTED
04/27/17 03:58:47 51207 seconds since last log event
04/27/17 03:58:47 Pending DAG nodes:
04/27/17 03:58:47   Node cbow_mean_soft, HTCondor ID 950, status STATUS_SUBMITTED
04/27/17 04:08:50 51810 seconds since last log event
04/27/17 04:08:50 Pending DAG nodes:
04/27/17 04:08:50   Node cbow_mean_soft, HTCondor ID 950, status STATUS_SUBMITTED
04/27/17 04:18:52 52412 seconds since last log event
04/27/17 04:18:52 Pending DAG nodes:
04/27/17 04:18:52   Node cbow_mean_soft, HTCondor ID 950, status STATUS_SUBMITTED
04/27/17 04:28:54 53014 seconds since last log event
04/27/17 04:28:54 Pending DAG nodes:
04/27/17 04:28:54   Node cbow_mean_soft, HTCondor ID 950, status STATUS_SUBMITTED
04/27/17 04:38:57 53617 seconds since last log event
04/27/17 04:38:57 Pending DAG nodes:
04/27/17 04:38:57   Node cbow_mean_soft, HTCondor ID 950, status STATUS_SUBMITTED
04/27/17 04:49:00 54220 seconds since last log event
04/27/17 04:49:00 Pending DAG nodes:
04/27/17 04:49:00   Node cbow_mean_soft, HTCondor ID 950, status STATUS_SUBMITTED
04/27/17 04:59:01 54821 seconds since last log event
04/27/17 04:59:01 Pending DAG nodes:
04/27/17 04:59:01   Node cbow_mean_soft, HTCondor ID 950, status STATUS_SUBMITTED
04/27/17 05:09:04 55424 seconds since last log event
04/27/17 05:09:04 Pending DAG nodes:
04/27/17 05:09:04   Node cbow_mean_soft, HTCondor ID 950, status STATUS_SUBMITTED
04/27/17 05:19:07 56027 seconds since last log event
04/27/17 05:19:07 Pending DAG nodes:
04/27/17 05:19:07   Node cbow_mean_soft, HTCondor ID 950, status STATUS_SUBMITTED
04/27/17 05:29:10 56630 seconds since last log event
04/27/17 05:29:10 Pending DAG nodes:
04/27/17 05:29:10   Node cbow_mean_soft, HTCondor ID 950, status STATUS_SUBMITTED
04/27/17 05:39:12 57232 seconds since last log event
04/27/17 05:39:12 Pending DAG nodes:
04/27/17 05:39:12   Node cbow_mean_soft, HTCondor ID 950, status STATUS_SUBMITTED
04/27/17 05:49:15 57835 seconds since last log event
04/27/17 05:49:15 Pending DAG nodes:
04/27/17 05:49:15   Node cbow_mean_soft, HTCondor ID 950, status STATUS_SUBMITTED
04/27/17 05:59:17 58437 seconds since last log event
04/27/17 05:59:17 Pending DAG nodes:
04/27/17 05:59:17   Node cbow_mean_soft, HTCondor ID 950, status STATUS_SUBMITTED
04/27/17 06:09:20 59040 seconds since last log event
04/27/17 06:09:20 Pending DAG nodes:
04/27/17 06:09:20   Node cbow_mean_soft, HTCondor ID 950, status STATUS_SUBMITTED
04/27/17 06:19:23 59643 seconds since last log event
04/27/17 06:19:23 Pending DAG nodes:
04/27/17 06:19:23   Node cbow_mean_soft, HTCondor ID 950, status STATUS_SUBMITTED
04/27/17 06:29:25 60245 seconds since last log event
04/27/17 06:29:25 Pending DAG nodes:
04/27/17 06:29:25   Node cbow_mean_soft, HTCondor ID 950, status STATUS_SUBMITTED
04/27/17 06:39:28 60848 seconds since last log event
04/27/17 06:39:28 Pending DAG nodes:
04/27/17 06:39:28   Node cbow_mean_soft, HTCondor ID 950, status STATUS_SUBMITTED
04/27/17 06:49:31 61451 seconds since last log event
04/27/17 06:49:31 Pending DAG nodes:
04/27/17 06:49:31   Node cbow_mean_soft, HTCondor ID 950, status STATUS_SUBMITTED
04/27/17 06:59:34 62054 seconds since last log event
04/27/17 06:59:34 Pending DAG nodes:
04/27/17 06:59:34   Node cbow_mean_soft, HTCondor ID 950, status STATUS_SUBMITTED
04/27/17 07:09:37 62657 seconds since last log event
04/27/17 07:09:37 Pending DAG nodes:
04/27/17 07:09:37   Node cbow_mean_soft, HTCondor ID 950, status STATUS_SUBMITTED
04/27/17 07:19:39 63259 seconds since last log event
04/27/17 07:19:39 Pending DAG nodes:
04/27/17 07:19:39   Node cbow_mean_soft, HTCondor ID 950, status STATUS_SUBMITTED
04/27/17 07:29:41 63861 seconds since last log event
04/27/17 07:29:41 Pending DAG nodes:
04/27/17 07:29:41   Node cbow_mean_soft, HTCondor ID 950, status STATUS_SUBMITTED
04/27/17 07:39:43 64463 seconds since last log event
04/27/17 07:39:43 Pending DAG nodes:
04/27/17 07:39:43   Node cbow_mean_soft, HTCondor ID 950, status STATUS_SUBMITTED
04/27/17 07:49:46 65066 seconds since last log event
04/27/17 07:49:46 Pending DAG nodes:
04/27/17 07:49:46   Node cbow_mean_soft, HTCondor ID 950, status STATUS_SUBMITTED
04/27/17 07:59:49 65669 seconds since last log event
04/27/17 07:59:49 Pending DAG nodes:
04/27/17 07:59:49   Node cbow_mean_soft, HTCondor ID 950, status STATUS_SUBMITTED
04/27/17 08:09:51 66271 seconds since last log event
04/27/17 08:09:51 Pending DAG nodes:
04/27/17 08:09:51   Node cbow_mean_soft, HTCondor ID 950, status STATUS_SUBMITTED
04/27/17 08:19:54 66874 seconds since last log event
04/27/17 08:19:54 Pending DAG nodes:
04/27/17 08:19:54   Node cbow_mean_soft, HTCondor ID 950, status STATUS_SUBMITTED
04/27/17 08:29:56 67476 seconds since last log event
04/27/17 08:29:56 Pending DAG nodes:
04/27/17 08:29:56   Node cbow_mean_soft, HTCondor ID 950, status STATUS_SUBMITTED
04/27/17 08:39:58 68078 seconds since last log event
04/27/17 08:39:58 Pending DAG nodes:
04/27/17 08:39:58   Node cbow_mean_soft, HTCondor ID 950, status STATUS_SUBMITTED
04/27/17 08:50:01 68681 seconds since last log event
04/27/17 08:50:01 Pending DAG nodes:
04/27/17 08:50:01   Node cbow_mean_soft, HTCondor ID 950, status STATUS_SUBMITTED
04/27/17 09:00:03 69283 seconds since last log event
04/27/17 09:00:03 Pending DAG nodes:
04/27/17 09:00:03   Node cbow_mean_soft, HTCondor ID 950, status STATUS_SUBMITTED
04/27/17 09:10:04 69884 seconds since last log event
04/27/17 09:10:04 Pending DAG nodes:
04/27/17 09:10:04   Node cbow_mean_soft, HTCondor ID 950, status STATUS_SUBMITTED
04/27/17 09:20:05 70485 seconds since last log event
04/27/17 09:20:05 Pending DAG nodes:
04/27/17 09:20:05   Node cbow_mean_soft, HTCondor ID 950, status STATUS_SUBMITTED
04/27/17 09:30:08 71088 seconds since last log event
04/27/17 09:30:08 Pending DAG nodes:
04/27/17 09:30:08   Node cbow_mean_soft, HTCondor ID 950, status STATUS_SUBMITTED
04/27/17 09:40:11 71691 seconds since last log event
04/27/17 09:40:11 Pending DAG nodes:
04/27/17 09:40:11   Node cbow_mean_soft, HTCondor ID 950, status STATUS_SUBMITTED
04/27/17 09:50:14 72294 seconds since last log event
04/27/17 09:50:14 Pending DAG nodes:
04/27/17 09:50:14   Node cbow_mean_soft, HTCondor ID 950, status STATUS_SUBMITTED
04/27/17 10:00:16 72896 seconds since last log event
04/27/17 10:00:16 Pending DAG nodes:
04/27/17 10:00:16   Node cbow_mean_soft, HTCondor ID 950, status STATUS_SUBMITTED
04/27/17 10:10:19 73499 seconds since last log event
04/27/17 10:10:19 Pending DAG nodes:
04/27/17 10:10:19   Node cbow_mean_soft, HTCondor ID 950, status STATUS_SUBMITTED
04/27/17 10:20:22 74102 seconds since last log event
04/27/17 10:20:22 Pending DAG nodes:
04/27/17 10:20:22   Node cbow_mean_soft, HTCondor ID 950, status STATUS_SUBMITTED
04/27/17 10:30:25 74705 seconds since last log event
04/27/17 10:30:25 Pending DAG nodes:
04/27/17 10:30:25   Node cbow_mean_soft, HTCondor ID 950, status STATUS_SUBMITTED
04/27/17 10:40:27 75307 seconds since last log event
04/27/17 10:40:27 Pending DAG nodes:
04/27/17 10:40:27   Node cbow_mean_soft, HTCondor ID 950, status STATUS_SUBMITTED
04/27/17 10:50:29 75909 seconds since last log event
04/27/17 10:50:29 Pending DAG nodes:
04/27/17 10:50:29   Node cbow_mean_soft, HTCondor ID 950, status STATUS_SUBMITTED
04/27/17 11:00:30 76510 seconds since last log event
04/27/17 11:00:30 Pending DAG nodes:
04/27/17 11:00:30   Node cbow_mean_soft, HTCondor ID 950, status STATUS_SUBMITTED
