000 (620.000.000) 04/12 15:12:45 Job submitted from host: <10.33.133.163:9618?addrs=10.33.133.163-9618+[--1]-9618&noUDP&sock=1372_a807_4>
    DAG Node: cbow_tfidf_soft
...
001 (620.000.000) 04/12 19:35:54 Job executing on host: <10.33.133.57:9618?addrs=10.33.133.57-9618+[--1]-9618&noUDP&sock=1369_993e_3>
...
006 (620.000.000) 04/12 19:36:02 Image size of job updated: 165040
	142  -  MemoryUsage of job (MB)
	144760  -  ResidentSetSize of job (KB)
...
006 (620.000.000) 04/12 19:41:02 Image size of job updated: 1786752
	1164  -  MemoryUsage of job (MB)
	1191560  -  ResidentSetSize of job (KB)
...
006 (620.000.000) 04/12 19:46:02 Image size of job updated: 1797480
	1175  -  MemoryUsage of job (MB)
	1202288  -  ResidentSetSize of job (KB)
...
006 (620.000.000) 04/12 19:51:03 Image size of job updated: 1805656
	1183  -  MemoryUsage of job (MB)
	1210464  -  ResidentSetSize of job (KB)
...
006 (620.000.000) 04/12 19:56:04 Image size of job updated: 1806176
	1183  -  MemoryUsage of job (MB)
	1210984  -  ResidentSetSize of job (KB)
...
006 (620.000.000) 04/12 20:01:04 Image size of job updated: 1814336
	1191  -  MemoryUsage of job (MB)
	1219144  -  ResidentSetSize of job (KB)
...
006 (620.000.000) 04/12 20:06:04 Image size of job updated: 1814520
	1191  -  MemoryUsage of job (MB)
	1219328  -  ResidentSetSize of job (KB)
...
006 (620.000.000) 04/12 20:11:05 Image size of job updated: 1814540
	1191  -  MemoryUsage of job (MB)
	1219348  -  ResidentSetSize of job (KB)
...
006 (620.000.000) 04/12 20:31:07 Image size of job updated: 1822576
	1199  -  MemoryUsage of job (MB)
	1227384  -  ResidentSetSize of job (KB)
...
006 (620.000.000) 04/12 20:36:08 Image size of job updated: 1822652
	1199  -  MemoryUsage of job (MB)
	1227460  -  ResidentSetSize of job (KB)
...
006 (620.000.000) 04/12 20:51:10 Image size of job updated: 1830844
	1207  -  MemoryUsage of job (MB)
	1235652  -  ResidentSetSize of job (KB)
...
006 (620.000.000) 04/12 21:01:10 Image size of job updated: 1830984
	1207  -  MemoryUsage of job (MB)
	1235792  -  ResidentSetSize of job (KB)
...
006 (620.000.000) 04/12 21:26:13 Image size of job updated: 1838916
	1215  -  MemoryUsage of job (MB)
	1243724  -  ResidentSetSize of job (KB)
...
006 (620.000.000) 04/12 21:56:17 Image size of job updated: 1838920
	1215  -  MemoryUsage of job (MB)
	1243728  -  ResidentSetSize of job (KB)
...
006 (620.000.000) 04/12 22:16:18 Image size of job updated: 1839944
	1216  -  MemoryUsage of job (MB)
	1244752  -  ResidentSetSize of job (KB)
...
006 (620.000.000) 04/12 22:41:21 Image size of job updated: 1839948
	1216  -  MemoryUsage of job (MB)
	1244756  -  ResidentSetSize of job (KB)
...
006 (620.000.000) 04/13 02:21:44 Image size of job updated: 1839972
	1216  -  MemoryUsage of job (MB)
	1244780  -  ResidentSetSize of job (KB)
...
