000 (138.000.000) 04/09 18:13:07 Job submitted from host: <10.33.133.65:9618?addrs=10.33.133.65-9618+[--1]-9618&noUDP&sock=18891_3bb2_4>
    DAG Node: cbow_exp_soft
...
001 (138.000.000) 04/09 19:38:07 Job executing on host: <10.33.133.70:9618?addrs=10.33.133.70-9618+[--1]-9618&noUDP&sock=1350_90f1_3>
...
005 (138.000.000) 04/10 11:17:39 Job terminated.
	(1) Normal termination (return value 0)
		Usr 0 17:30:01, Sys 0 01:39:13  -  Run Remote Usage
		Usr 0 00:00:00, Sys 0 00:00:00  -  Run Local Usage
		Usr 0 17:30:01, Sys 0 01:39:13  -  Total Remote Usage
		Usr 0 00:00:00, Sys 0 00:00:00  -  Total Local Usage
	0  -  Run Bytes Sent By Job
	0  -  Run Bytes Received By Job
	0  -  Total Bytes Sent By Job
	0  -  Total Bytes Received By Job
	Partitionable Resources :    Usage  Request Allocated
	   Cpus                 :                 1         1
	   Disk (KB)            :        7        7  39037253
	   Gpus                 :                 1         1
	   Memory (MB)          :     2002     4096      4096
...
000 (145.000.000) 04/10 11:17:47 Job submitted from host: <10.33.133.65:9618?addrs=10.33.133.65-9618+[--1]-9618&noUDP&sock=18891_3bb2_4>
    DAG Node: cbow_exp_soft_test
...
001 (145.000.000) 04/11 05:15:18 Job executing on host: <10.33.133.109:9618?addrs=10.33.133.109-9618+[--1]-9618&noUDP&sock=6482_b0fa_3>
...
005 (145.000.000) 04/11 05:16:30 Job terminated.
	(1) Normal termination (return value 0)
		Usr 0 00:00:51, Sys 0 00:00:02  -  Run Remote Usage
		Usr 0 00:00:00, Sys 0 00:00:00  -  Run Local Usage
		Usr 0 00:00:51, Sys 0 00:00:02  -  Total Remote Usage
		Usr 0 00:00:00, Sys 0 00:00:00  -  Total Local Usage
	0  -  Run Bytes Sent By Job
	0  -  Run Bytes Received By Job
	0  -  Total Bytes Sent By Job
	0  -  Total Bytes Received By Job
	Partitionable Resources :    Usage  Request Allocated
	   Cpus                 :                 1         1
	   Disk (KB)            :        7        7   3745424
	   Gpus                 :                 1         1
	   Memory (MB)          :       56     4096      4096
...
