000 (092.000.000) 04/09 18:15:06 Job submitted from host: <10.33.133.160:9618?addrs=10.33.133.160-9618+[--1]-9618&noUDP&sock=22148_43a8_4>
    DAG Node: cbow_mean_soft
...
001 (092.000.000) 04/11 04:32:16 Job executing on host: <10.33.133.124:9618?addrs=10.33.133.124-9618+[--1]-9618&noUDP&sock=1541_9388_3>
...
006 (092.000.000) 04/11 04:32:24 Image size of job updated: 120584
	88  -  MemoryUsage of job (MB)
	89120  -  ResidentSetSize of job (KB)
...
006 (092.000.000) 04/11 04:37:24 Image size of job updated: 1576288
	927  -  MemoryUsage of job (MB)
	948808  -  ResidentSetSize of job (KB)
...
006 (092.000.000) 04/11 04:42:24 Image size of job updated: 1586276
	937  -  MemoryUsage of job (MB)
	958796  -  ResidentSetSize of job (KB)
...
006 (092.000.000) 04/11 04:47:25 Image size of job updated: 1586536
	937  -  MemoryUsage of job (MB)
	959056  -  ResidentSetSize of job (KB)
...
006 (092.000.000) 04/11 04:52:25 Image size of job updated: 1587056
	938  -  MemoryUsage of job (MB)
	959576  -  ResidentSetSize of job (KB)
...
006 (092.000.000) 04/11 05:02:26 Image size of job updated: 1587808
	938  -  MemoryUsage of job (MB)
	960328  -  ResidentSetSize of job (KB)
...
006 (092.000.000) 04/11 05:07:26 Image size of job updated: 1588092
	939  -  MemoryUsage of job (MB)
	960612  -  ResidentSetSize of job (KB)
...
006 (092.000.000) 04/11 07:42:43 Image size of job updated: 1588596
	939  -  MemoryUsage of job (MB)
	961116  -  ResidentSetSize of job (KB)
...
006 (092.000.000) 04/11 08:07:46 Image size of job updated: 1588844
	939  -  MemoryUsage of job (MB)
	961364  -  ResidentSetSize of job (KB)
...
006 (092.000.000) 04/11 08:17:47 Image size of job updated: 1609244
	959  -  MemoryUsage of job (MB)
	981764  -  ResidentSetSize of job (KB)
...
006 (092.000.000) 04/11 08:22:47 Image size of job updated: 1609244
	960  -  MemoryUsage of job (MB)
	982036  -  ResidentSetSize of job (KB)
...
006 (092.000.000) 04/11 08:27:47 Image size of job updated: 1638368
	988  -  MemoryUsage of job (MB)
	1010888  -  ResidentSetSize of job (KB)
...
006 (092.000.000) 04/11 08:32:48 Image size of job updated: 1672632
	1021  -  MemoryUsage of job (MB)
	1045152  -  ResidentSetSize of job (KB)
...
006 (092.000.000) 04/11 08:37:48 Image size of job updated: 1674764
	1023  -  MemoryUsage of job (MB)
	1047284  -  ResidentSetSize of job (KB)
...
006 (092.000.000) 04/11 08:42:49 Image size of job updated: 1676648
	1025  -  MemoryUsage of job (MB)
	1049168  -  ResidentSetSize of job (KB)
...
006 (092.000.000) 04/11 08:47:50 Image size of job updated: 1676652
	1025  -  MemoryUsage of job (MB)
	1049172  -  ResidentSetSize of job (KB)
...
010 (092.000.000) 04/11 09:22:07 Job was suspended.
	Number of processes actually suspended: 12
...
011 (092.000.000) 04/11 09:28:41 Job was unsuspended.
...
010 (092.000.000) 04/11 09:31:21 Job was suspended.
	Number of processes actually suspended: 12
...
011 (092.000.000) 04/11 09:44:15 Job was unsuspended.
...
010 (092.000.000) 04/11 09:46:51 Job was suspended.
	Number of processes actually suspended: 12
...
011 (092.000.000) 04/11 10:01:54 Job was unsuspended.
...
004 (092.000.000) 04/11 10:01:55 Job was evicted.
	(0) Job was not checkpointed.
		Usr 0 02:17:38, Sys 0 00:01:11  -  Run Remote Usage
		Usr 0 00:00:00, Sys 0 00:00:00  -  Run Local Usage
	0  -  Run Bytes Sent By Job
	0  -  Run Bytes Received By Job
	Partitionable Resources :    Usage  Request Allocated
	   Cpus                 :                 1         1
	   Disk (KB)            :        7        7  21715456
	   Gpus                 :                 1         1
	   Memory (MB)          :     1025     4096      4096
...
001 (092.000.000) 04/11 17:34:29 Job executing on host: <10.33.133.124:9618?addrs=10.33.133.124-9618+[--1]-9618&noUDP&sock=1541_9388_3>
...
010 (092.000.000) 04/11 17:51:47 Job was suspended.
	Number of processes actually suspended: 12
...
011 (092.000.000) 04/11 17:56:47 Job was unsuspended.
...
010 (092.000.000) 04/11 17:58:00 Job was suspended.
	Number of processes actually suspended: 12
...
011 (092.000.000) 04/11 17:59:25 Job was unsuspended.
...
010 (092.000.000) 04/12 09:15:18 Job was suspended.
	Number of processes actually suspended: 12
...
011 (092.000.000) 04/12 09:22:35 Job was unsuspended.
...
010 (092.000.000) 04/12 09:23:05 Job was suspended.
	Number of processes actually suspended: 12
...
011 (092.000.000) 04/12 09:38:06 Job was unsuspended.
...
004 (092.000.000) 04/12 09:38:06 Job was evicted.
	(0) Job was not checkpointed.
		Usr 0 07:35:11, Sys 0 00:03:56  -  Run Remote Usage
		Usr 0 00:00:00, Sys 0 00:00:00  -  Run Local Usage
	0  -  Run Bytes Sent By Job
	0  -  Run Bytes Received By Job
	Partitionable Resources :    Usage  Request Allocated
	   Cpus                 :                 1         1
	   Disk (KB)            :        7        7  21650810
	   Gpus                 :                 1         1
	   Memory (MB)          :     1221     4096      4096
...
001 (092.000.000) 04/13 14:05:23 Job executing on host: <10.33.133.10:9618?addrs=10.33.133.10-9618+[--1]-9618&noUDP&sock=17248_4597_22>
...
022 (092.000.000) 04/18 08:49:31 Job disconnected, attempting to reconnect
    Local schedd and job shadow died, schedd now running again
    Trying to reconnect to slot1@andromeda.esat.kuleuven.be <10.33.133.10:9618?addrs=10.33.133.10-9618+[--1]-9618&noUDP&sock=17248_4597_22>
...
023 (092.000.000) 04/18 08:53:32 Job reconnected to slot1@andromeda.esat.kuleuven.be
    startd address: <10.33.133.10:9618?addrs=10.33.133.10-9618+[--1]-9618&noUDP&sock=17248_4597_22>
    starter address: <10.33.133.10:9618?addrs=10.33.133.10-9618+[--1]-9618&noUDP&sock=34241_a1c9_87>
...
004 (092.000.000) 04/18 08:54:31 Job was evicted.
	(0) Job was not checkpointed.
		Usr 0 20:33:15, Sys 0 00:15:12  -  Run Remote Usage
		Usr 0 00:00:00, Sys 0 00:00:00  -  Run Local Usage
	0  -  Run Bytes Sent By Job
	0  -  Run Bytes Received By Job
	Partitionable Resources :    Usage  Request          
	   Cpus                 :                 1          
	   Disk (KB)            :        7        7          
	   Memory (MB)          :     1221     4096          
...
009 (092.000.000) 04/18 08:54:31 Job was aborted by the user.
	removed because <OtherJobRemoveRequirements = DAGManJobId =?= 90> fired when job (90.0) was removed
...
