000 (091.000.000) 04/09 18:15:00 Job submitted from host: <10.33.133.160:9618?addrs=10.33.133.160-9618+[--1]-9618&noUDP&sock=22148_43a8_4>
    DAG Node: cbow_mean_lstm
...
001 (091.000.000) 04/09 20:28:26 Job executing on host: <10.33.133.143:9618?addrs=10.33.133.143-9618+[--1]-9618&noUDP&sock=1532_672e_3>
...
006 (091.000.000) 04/09 20:28:35 Image size of job updated: 111476
	109  -  MemoryUsage of job (MB)
	111440  -  ResidentSetSize of job (KB)
...
006 (091.000.000) 04/09 20:33:36 Image size of job updated: 2244040
	1678  -  MemoryUsage of job (MB)
	1717656  -  ResidentSetSize of job (KB)
...
006 (091.000.000) 04/09 20:38:37 Image size of job updated: 2266456
	1700  -  MemoryUsage of job (MB)
	1740072  -  ResidentSetSize of job (KB)
...
006 (091.000.000) 04/09 20:43:37 Image size of job updated: 2296780
	1729  -  MemoryUsage of job (MB)
	1770396  -  ResidentSetSize of job (KB)
...
006 (091.000.000) 04/09 20:48:38 Image size of job updated: 2312308
	1745  -  MemoryUsage of job (MB)
	1785924  -  ResidentSetSize of job (KB)
...
006 (091.000.000) 04/09 20:53:39 Image size of job updated: 2343008
	1775  -  MemoryUsage of job (MB)
	1816624  -  ResidentSetSize of job (KB)
...
006 (091.000.000) 04/09 20:58:39 Image size of job updated: 2357644
	1789  -  MemoryUsage of job (MB)
	1831260  -  ResidentSetSize of job (KB)
...
006 (091.000.000) 04/09 21:03:39 Image size of job updated: 2373236
	1804  -  MemoryUsage of job (MB)
	1846852  -  ResidentSetSize of job (KB)
...
006 (091.000.000) 04/09 21:08:40 Image size of job updated: 2387956
	1818  -  MemoryUsage of job (MB)
	1861572  -  ResidentSetSize of job (KB)
...
006 (091.000.000) 04/09 21:23:42 Image size of job updated: 2388032
	1819  -  MemoryUsage of job (MB)
	1861648  -  ResidentSetSize of job (KB)
...
006 (091.000.000) 04/09 21:28:43 Image size of job updated: 2395236
	1826  -  MemoryUsage of job (MB)
	1868852  -  ResidentSetSize of job (KB)
...
006 (091.000.000) 04/09 21:33:43 Image size of job updated: 2403228
	1833  -  MemoryUsage of job (MB)
	1876844  -  ResidentSetSize of job (KB)
...
006 (091.000.000) 04/09 21:38:43 Image size of job updated: 2403664
	1834  -  MemoryUsage of job (MB)
	1877280  -  ResidentSetSize of job (KB)
...
006 (091.000.000) 04/09 21:43:44 Image size of job updated: 2411360
	1841  -  MemoryUsage of job (MB)
	1884976  -  ResidentSetSize of job (KB)
...
006 (091.000.000) 04/09 21:48:44 Image size of job updated: 2418508
	1848  -  MemoryUsage of job (MB)
	1892124  -  ResidentSetSize of job (KB)
...
006 (091.000.000) 04/09 21:58:45 Image size of job updated: 2425724
	1855  -  MemoryUsage of job (MB)
	1899340  -  ResidentSetSize of job (KB)
...
006 (091.000.000) 04/09 22:08:46 Image size of job updated: 2432984
	1862  -  MemoryUsage of job (MB)
	1906600  -  ResidentSetSize of job (KB)
...
006 (091.000.000) 04/09 22:23:48 Image size of job updated: 2433104
	1863  -  MemoryUsage of job (MB)
	1906720  -  ResidentSetSize of job (KB)
...
006 (091.000.000) 04/09 22:28:48 Image size of job updated: 2433156
	1863  -  MemoryUsage of job (MB)
	1906772  -  ResidentSetSize of job (KB)
...
006 (091.000.000) 04/09 22:33:49 Image size of job updated: 2433172
	1863  -  MemoryUsage of job (MB)
	1906788  -  ResidentSetSize of job (KB)
...
006 (091.000.000) 04/09 22:43:49 Image size of job updated: 2433324
	1863  -  MemoryUsage of job (MB)
	1906940  -  ResidentSetSize of job (KB)
...
006 (091.000.000) 04/09 22:48:50 Image size of job updated: 2433720
	1863  -  MemoryUsage of job (MB)
	1907336  -  ResidentSetSize of job (KB)
...
006 (091.000.000) 04/09 22:53:51 Image size of job updated: 2433756
	1863  -  MemoryUsage of job (MB)
	1907372  -  ResidentSetSize of job (KB)
...
006 (091.000.000) 04/09 23:13:52 Image size of job updated: 2433868
	1863  -  MemoryUsage of job (MB)
	1907484  -  ResidentSetSize of job (KB)
...
006 (091.000.000) 04/09 23:18:52 Image size of job updated: 2433948
	1863  -  MemoryUsage of job (MB)
	1907564  -  ResidentSetSize of job (KB)
...
006 (091.000.000) 04/09 23:48:55 Image size of job updated: 2434008
	1863  -  MemoryUsage of job (MB)
	1907624  -  ResidentSetSize of job (KB)
...
006 (091.000.000) 04/10 00:03:57 Image size of job updated: 2434032
	1863  -  MemoryUsage of job (MB)
	1907648  -  ResidentSetSize of job (KB)
...
006 (091.000.000) 04/10 00:13:58 Image size of job updated: 2434044
	1863  -  MemoryUsage of job (MB)
	1907660  -  ResidentSetSize of job (KB)
...
006 (091.000.000) 04/10 00:18:59 Image size of job updated: 2434064
	1863  -  MemoryUsage of job (MB)
	1907680  -  ResidentSetSize of job (KB)
...
006 (091.000.000) 04/10 00:28:59 Image size of job updated: 2434136
	1864  -  MemoryUsage of job (MB)
	1907752  -  ResidentSetSize of job (KB)
...
006 (091.000.000) 04/10 00:44:01 Image size of job updated: 2434152
	1864  -  MemoryUsage of job (MB)
	1907768  -  ResidentSetSize of job (KB)
...
006 (091.000.000) 04/10 00:49:02 Image size of job updated: 2434180
	1864  -  MemoryUsage of job (MB)
	1907796  -  ResidentSetSize of job (KB)
...
006 (091.000.000) 04/10 00:59:03 Image size of job updated: 2434200
	1864  -  MemoryUsage of job (MB)
	1907816  -  ResidentSetSize of job (KB)
...
006 (091.000.000) 04/10 01:14:05 Image size of job updated: 2434208
	1864  -  MemoryUsage of job (MB)
	1907824  -  ResidentSetSize of job (KB)
...
006 (091.000.000) 04/10 01:34:07 Image size of job updated: 2434236
	1864  -  MemoryUsage of job (MB)
	1907852  -  ResidentSetSize of job (KB)
...
006 (091.000.000) 04/10 02:04:11 Image size of job updated: 2434300
	1864  -  MemoryUsage of job (MB)
	1907916  -  ResidentSetSize of job (KB)
...
006 (091.000.000) 04/10 02:14:12 Image size of job updated: 2434312
	1864  -  MemoryUsage of job (MB)
	1907928  -  ResidentSetSize of job (KB)
...
006 (091.000.000) 04/10 02:24:13 Image size of job updated: 2434320
	1864  -  MemoryUsage of job (MB)
	1907936  -  ResidentSetSize of job (KB)
...
006 (091.000.000) 04/10 02:44:14 Image size of job updated: 2434336
	1864  -  MemoryUsage of job (MB)
	1907952  -  ResidentSetSize of job (KB)
...
006 (091.000.000) 04/10 02:49:15 Image size of job updated: 2434460
	1864  -  MemoryUsage of job (MB)
	1908076  -  ResidentSetSize of job (KB)
...
006 (091.000.000) 04/10 02:54:16 Image size of job updated: 2434472
	1864  -  MemoryUsage of job (MB)
	1908088  -  ResidentSetSize of job (KB)
...
006 (091.000.000) 04/10 03:14:18 Image size of job updated: 2434480
	1864  -  MemoryUsage of job (MB)
	1908096  -  ResidentSetSize of job (KB)
...
006 (091.000.000) 04/10 03:24:19 Image size of job updated: 2434484
	1864  -  MemoryUsage of job (MB)
	1908100  -  ResidentSetSize of job (KB)
...
006 (091.000.000) 04/10 03:29:20 Image size of job updated: 2434492
	1864  -  MemoryUsage of job (MB)
	1908108  -  ResidentSetSize of job (KB)
...
006 (091.000.000) 04/10 04:04:24 Image size of job updated: 2434500
	1864  -  MemoryUsage of job (MB)
	1908116  -  ResidentSetSize of job (KB)
...
006 (091.000.000) 04/10 04:39:28 Image size of job updated: 2434596
	1864  -  MemoryUsage of job (MB)
	1908212  -  ResidentSetSize of job (KB)
...
006 (091.000.000) 04/10 04:49:28 Image size of job updated: 2434604
	1864  -  MemoryUsage of job (MB)
	1908220  -  ResidentSetSize of job (KB)
...
006 (091.000.000) 04/10 05:04:29 Image size of job updated: 2435628
	1865  -  MemoryUsage of job (MB)
	1909244  -  ResidentSetSize of job (KB)
...
006 (091.000.000) 04/10 05:09:30 Image size of job updated: 2435772
	1865  -  MemoryUsage of job (MB)
	1909388  -  ResidentSetSize of job (KB)
...
