000 (622.000.000) 04/12 15:13:10 Job submitted from host: <10.33.133.163:9618?addrs=10.33.133.163-9618+[--1]-9618&noUDP&sock=1372_a807_4>
    DAG Node: cbow_tfidf_lstm
...
001 (622.000.000) 04/13 13:43:17 Job executing on host: <10.33.133.10:9618?addrs=10.33.133.10-9618+[--1]-9618&noUDP&sock=17248_4597_22>
...
005 (622.000.000) 04/13 13:43:40 Job terminated.
	(1) Normal termination (return value 0)
		Usr 0 00:00:13, Sys 0 00:00:00  -  Run Remote Usage
		Usr 0 00:00:00, Sys 0 00:00:00  -  Run Local Usage
		Usr 0 00:00:13, Sys 0 00:00:00  -  Total Remote Usage
		Usr 0 00:00:00, Sys 0 00:00:00  -  Total Local Usage
	0  -  Run Bytes Sent By Job
	0  -  Run Bytes Received By Job
	0  -  Total Bytes Sent By Job
	0  -  Total Bytes Received By Job
	Partitionable Resources :    Usage  Request Allocated
	   Cpus                 :                 1         1
	   Disk (KB)            :        7        7 192938864
	   Gpus                 :                 1         1
	   Memory (MB)          :       68     4096      4096
...
000 (627.000.000) 04/13 13:43:49 Job submitted from host: <10.33.133.163:9618?addrs=10.33.133.163-9618+[--1]-9618&noUDP&sock=1372_a807_4>
    DAG Node: cbow_tfidf_lstm_test
...
001 (627.000.000) 04/13 13:44:08 Job executing on host: <10.33.133.10:9618?addrs=10.33.133.10-9618+[--1]-9618&noUDP&sock=17248_4597_22>
...
005 (627.000.000) 04/13 13:44:09 Job terminated.
	(1) Normal termination (return value 0)
		Usr 0 00:00:01, Sys 0 00:00:00  -  Run Remote Usage
		Usr 0 00:00:00, Sys 0 00:00:00  -  Run Local Usage
		Usr 0 00:00:01, Sys 0 00:00:00  -  Total Remote Usage
		Usr 0 00:00:00, Sys 0 00:00:00  -  Total Local Usage
	0  -  Run Bytes Sent By Job
	0  -  Run Bytes Received By Job
	0  -  Total Bytes Sent By Job
	0  -  Total Bytes Received By Job
	Partitionable Resources :    Usage  Request Allocated
	   Cpus                 :                 1         1
	   Disk (KB)            :        7        7 192938864
	   Gpus                 :                 1         1
	   Memory (MB)          :        0     4096      4096
...
