job started
Epoch: 1 Learning rate: 1.000
0.000 perplexity: 50044.966 speed: 552 wps
0.100 perplexity: 391.816 speed: 4457 wps
0.200 perplexity: 308.789 speed: 4491 wps
0.300 perplexity: 270.677 speed: 4509 wps
0.400 perplexity: 246.959 speed: 4515 wps
0.500 perplexity: 230.363 speed: 4509 wps
0.600 perplexity: 218.347 speed: 4511 wps
0.700 perplexity: 208.721 speed: 4518 wps
0.800 perplexity: 200.915 speed: 4518 wps
0.900 perplexity: 194.362 speed: 4519 wps
1.000 perplexity: 188.726 speed: 4524 wps
Epoch: 1 Train Perplexity: 188.726
with(perplexity: 144.790) speed: 9667 wps
Epoch: 1 Valid Perplexity: 144.790
Epoch: 2 Learning rate: 1.000
0.000 perplexity: 280.976 speed: 6121 wps
0.100 perplexity: 142.656 speed: 4565 wps
0.200 perplexity: 140.711 speed: 4580 wps
0.300 perplexity: 139.541 speed: 4586 wps
0.400 perplexity: 138.427 speed: 4607 wps
0.500 perplexity: 137.267 speed: 4602 wps
0.600 perplexity: 136.533 speed: 4596 wps
0.700 perplexity: 135.700 speed: 4593 wps
0.800 perplexity: 134.902 speed: 4592 wps
0.900 perplexity: 134.106 speed: 4588 wps
1.000 perplexity: 133.308 speed: 4591 wps
Epoch: 2 Train Perplexity: 133.308
with(perplexity: 125.840) speed: 10671 wps
Epoch: 2 Valid Perplexity: 125.840
Epoch: 3 Learning rate: 1.000
0.000 perplexity: 263.509 speed: 432 wps
0.100 perplexity: 126.213 speed: 4538 wps
0.200 perplexity: 125.229 speed: 4564 wps
0.300 perplexity: 124.861 speed: 4565 wps
0.400 perplexity: 124.446 speed: 4571 wps
0.500 perplexity: 123.922 speed: 4571 wps
0.600 perplexity: 123.741 speed: 4568 wps
0.700 perplexity: 123.423 speed: 4573 wps
0.800 perplexity: 123.093 speed: 4571 wps
0.900 perplexity: 122.726 speed: 4567 wps
1.000 perplexity: 122.330 speed: 4575 wps
Epoch: 3 Train Perplexity: 122.330
with(perplexity: 117.919) speed: 12020 wps
Epoch: 3 Valid Perplexity: 117.919
with(perplexity: 132.320) speed: 221 wps
Test Perplexity: 132.320
Saving model to /esat/spchtemp/scratch/robbe/SpeechHub/untied_models/output/cbow_mean_lstm_0/cbow_mean_lstm_0.
hihi
