04/07/17 15:47:54 ******************************************************
04/07/17 15:47:54 ** condor_scheduniv_exec.70.0 (CONDOR_DAGMAN) STARTING UP
04/07/17 15:47:54 ** /usr/bin/condor_dagman
04/07/17 15:47:54 ** SubsystemInfo: name=DAGMAN type=DAGMAN(10) class=DAEMON(1)
04/07/17 15:47:54 ** Configuration: subsystem:DAGMAN local:<NONE> class:DAEMON
04/07/17 15:47:54 ** $CondorVersion: 8.6.1 Mar 01 2017 BuildID: 398585 $
04/07/17 15:47:54 ** $CondorPlatform: x86_64_RedHat7 $
04/07/17 15:47:54 ** PID = 13459
04/07/17 15:47:54 ** Log last touched time unavailable (No such file or directory)
04/07/17 15:47:54 ******************************************************
04/07/17 15:47:54 Using config source: /etc/condor/condor_config
04/07/17 15:47:54 Using local config sources: 
04/07/17 15:47:54    /etc/condor/config.d/00esat.config
04/07/17 15:47:54    /etc/condor/config.d/01java.config
04/07/17 15:47:54    /etc/condor/config.d/80optout_users.config
04/07/17 15:47:54    /etc/condor/condor_config.local
04/07/17 15:47:54 config Macros = 174, Sorted = 174, StringBytes = 6656, TablesBytes = 6336
04/07/17 15:47:54 CLASSAD_CACHING is ENABLED
04/07/17 15:47:54 Daemon Log is logging: D_ALWAYS D_ERROR
04/07/17 15:47:54 DaemonCore: No command port requested.
04/07/17 15:47:54 DAGMAN_USE_STRICT setting: 1
04/07/17 15:47:54 DAGMAN_VERBOSITY setting: 3
04/07/17 15:47:54 DAGMAN_DEBUG_CACHE_SIZE setting: 5242880
04/07/17 15:47:54 DAGMAN_DEBUG_CACHE_ENABLE setting: False
04/07/17 15:47:54 DAGMAN_SUBMIT_DELAY setting: 0
04/07/17 15:47:54 DAGMAN_MAX_SUBMIT_ATTEMPTS setting: 6
04/07/17 15:47:54 DAGMAN_STARTUP_CYCLE_DETECT setting: False
04/07/17 15:47:54 DAGMAN_MAX_SUBMITS_PER_INTERVAL setting: 5
04/07/17 15:47:54 DAGMAN_USER_LOG_SCAN_INTERVAL setting: 5
04/07/17 15:47:54 DAGMAN_DEFAULT_PRIORITY setting: 0
04/07/17 15:47:54 DAGMAN_SUPPRESS_NOTIFICATION setting: True
04/07/17 15:47:54 allow_events (DAGMAN_ALLOW_EVENTS) setting: 114
04/07/17 15:47:54 DAGMAN_RETRY_SUBMIT_FIRST setting: True
04/07/17 15:47:54 DAGMAN_RETRY_NODE_FIRST setting: False
04/07/17 15:47:54 DAGMAN_MAX_JOBS_IDLE setting: 1000
04/07/17 15:47:54 DAGMAN_MAX_JOBS_SUBMITTED setting: 0
04/07/17 15:47:54 DAGMAN_MAX_PRE_SCRIPTS setting: 20
04/07/17 15:47:54 DAGMAN_MAX_POST_SCRIPTS setting: 20
04/07/17 15:47:54 DAGMAN_MUNGE_NODE_NAMES setting: True
04/07/17 15:47:54 DAGMAN_PROHIBIT_MULTI_JOBS setting: False
04/07/17 15:47:54 DAGMAN_SUBMIT_DEPTH_FIRST setting: False
04/07/17 15:47:54 DAGMAN_ALWAYS_RUN_POST setting: False
04/07/17 15:47:54 DAGMAN_ABORT_DUPLICATES setting: True
04/07/17 15:47:54 DAGMAN_ABORT_ON_SCARY_SUBMIT setting: True
04/07/17 15:47:54 DAGMAN_PENDING_REPORT_INTERVAL setting: 600
04/07/17 15:47:54 DAGMAN_AUTO_RESCUE setting: True
04/07/17 15:47:54 DAGMAN_MAX_RESCUE_NUM setting: 100
04/07/17 15:47:54 DAGMAN_WRITE_PARTIAL_RESCUE setting: True
04/07/17 15:47:54 DAGMAN_DEFAULT_NODE_LOG setting: @(DAG_DIR)/@(DAG_FILE).nodes.log
04/07/17 15:47:54 DAGMAN_GENERATE_SUBDAG_SUBMITS setting: True
04/07/17 15:47:54 DAGMAN_MAX_JOB_HOLDS setting: 100
04/07/17 15:47:54 DAGMAN_HOLD_CLAIM_TIME setting: 20
04/07/17 15:47:54 ALL_DEBUG setting: 
04/07/17 15:47:54 DAGMAN_DEBUG setting: 
04/07/17 15:47:54 DAGMAN_SUPPRESS_JOB_LOGS setting: False
04/07/17 15:47:54 DAGMAN_REMOVE_NODE_JOBS setting: True
04/07/17 15:47:54 argv[0] == "condor_scheduniv_exec.70.0"
04/07/17 15:47:54 argv[1] == "-Lockfile"
04/07/17 15:47:54 argv[2] == "ds_original.dag.lock"
04/07/17 15:47:54 argv[3] == "-AutoRescue"
04/07/17 15:47:54 argv[4] == "1"
04/07/17 15:47:54 argv[5] == "-DoRescueFrom"
04/07/17 15:47:54 argv[6] == "0"
04/07/17 15:47:54 argv[7] == "-Dag"
04/07/17 15:47:54 argv[8] == "ds_original.dag"
04/07/17 15:47:54 argv[9] == "-Suppress_notification"
04/07/17 15:47:54 argv[10] == "-CsdVersion"
04/07/17 15:47:54 argv[11] == "$CondorVersion: 8.6.1 Mar 01 2017 BuildID: 398585 $"
04/07/17 15:47:54 argv[12] == "-Dagman"
04/07/17 15:47:54 argv[13] == "/usr/bin/condor_dagman"
04/07/17 15:47:54 Workflow batch-name: <ds_original.dag+70>
04/07/17 15:47:54 Workflow accounting_group: <>
04/07/17 15:47:54 Workflow accounting_group_user: <>
04/07/17 15:47:54 Warning: failed to get attribute DAGNodeName
04/07/17 15:47:54 DAGMAN_LOG_ON_NFS_IS_ERROR setting: False
04/07/17 15:47:54 Default node log file is: </esat/spchtemp/scratch/robbe/SpeechHub/untied_models/python/jobdag/./ds_original.dag.nodes.log>
04/07/17 15:47:54 DAG Lockfile will be written to ds_original.dag.lock
04/07/17 15:47:54 DAG Input file is ds_original.dag
04/07/17 15:47:54 Parsing 1 dagfiles
04/07/17 15:47:54 Parsing ds_original.dag ...
04/07/17 15:47:54 Dag contains 2 total jobs
04/07/17 15:47:54 Sleeping for 3 seconds to ensure ProcessId uniqueness
04/07/17 15:47:57 Bootstrapping...
04/07/17 15:47:57 Number of pre-completed nodes: 0
04/07/17 15:47:57 MultiLogFiles: truncating log file /esat/spchtemp/scratch/robbe/SpeechHub/untied_models/python/jobdag/./ds_original.dag.nodes.log
04/07/17 15:47:57 DAG status: 0 (DAG_STATUS_OK)
04/07/17 15:47:57 Of 2 nodes total:
04/07/17 15:47:57  Done     Pre   Queued    Post   Ready   Un-Ready   Failed
04/07/17 15:47:57   ===     ===      ===     ===     ===        ===      ===
04/07/17 15:47:57     0       0        0       0       1          1        0
04/07/17 15:47:57 0 job proc(s) currently held
04/07/17 15:47:57 Registering condor_event_timer...
04/07/17 15:47:58 Submitting HTCondor Node original job(s)...
04/07/17 15:47:58 Adding a DAGMan workflow log /esat/spchtemp/scratch/robbe/SpeechHub/untied_models/python/jobdag/./ds_original.dag.nodes.log
04/07/17 15:47:58 Masking the events recorded in the DAGMAN workflow log
04/07/17 15:47:58 Mask for workflow log is 0,1,2,4,5,7,9,10,11,12,13,16,17,24,27
04/07/17 15:47:58 submitting: /usr/bin/condor_submit -a dag_node_name' '=' 'original -a +DAGManJobId' '=' '70 -a DAGManJobId' '=' '70 -batch-name ds_original.dag+70 -a submit_event_notes' '=' 'DAG' 'Node:' 'original -a dagman_log' '=' '/esat/spchtemp/scratch/robbe/SpeechHub/untied_models/python/jobdag/./ds_original.dag.nodes.log -a +DAGManNodesMask' '=' '"0,1,2,4,5,7,9,10,11,12,13,16,17,24,27" -a data_set' '=' 'ds -a test_name' '=' 'original -a num_run' '=' '0 -a DAG_STATUS' '=' '0 -a FAILED_COUNT' '=' '0 -a +KeepClaimIdle' '=' '20 -a notification' '=' 'never -a +DAGParentNodeNames' '=' '"" jobdag/original.job
04/07/17 15:47:58 From submit: Submitting job(s).
04/07/17 15:47:58 From submit: 1 job(s) submitted to cluster 71.
04/07/17 15:47:58 	assigned HTCondor ID (71.0.0)
04/07/17 15:47:58 Just submitted 1 job this cycle...
04/07/17 15:47:58 Currently monitoring 1 HTCondor log file(s)
04/07/17 15:47:58 Reassigning the id of job original from (71.0.0) to (71.0.0)
04/07/17 15:47:58 Event: ULOG_SUBMIT for HTCondor Node original (71.0.0) {04/07/17 15:47:58}
04/07/17 15:47:58 Number of idle job procs: 1
04/07/17 15:47:58 DAG status: 0 (DAG_STATUS_OK)
04/07/17 15:47:58 Of 2 nodes total:
04/07/17 15:47:58  Done     Pre   Queued    Post   Ready   Un-Ready   Failed
04/07/17 15:47:58   ===     ===      ===     ===     ===        ===      ===
04/07/17 15:47:58     0       0        1       0       0          1        0
04/07/17 15:47:58 0 job proc(s) currently held
04/07/17 15:48:18 Currently monitoring 1 HTCondor log file(s)
04/07/17 15:48:18 Event: ULOG_EXECUTE for HTCondor Node original (71.0.0) {04/07/17 15:48:16}
04/07/17 15:48:18 Number of idle job procs: 0
04/07/17 15:58:20 602 seconds since last log event
04/07/17 15:58:20 Pending DAG nodes:
04/07/17 15:58:20   Node original, HTCondor ID 71, status STATUS_SUBMITTED
