04/08/17 19:24:15 ******************************************************
04/08/17 19:24:15 ** condor_scheduniv_exec.755.0 (CONDOR_DAGMAN) STARTING UP
04/08/17 19:24:15 ** /usr/bin/condor_dagman
04/08/17 19:24:15 ** SubsystemInfo: name=DAGMAN type=DAGMAN(10) class=DAEMON(1)
04/08/17 19:24:15 ** Configuration: subsystem:DAGMAN local:<NONE> class:DAEMON
04/08/17 19:24:15 ** $CondorVersion: 8.6.1 Mar 01 2017 BuildID: 398585 $
04/08/17 19:24:15 ** $CondorPlatform: x86_64_RedHat7 $
04/08/17 19:24:15 ** PID = 32071
04/08/17 19:24:15 ** Log last touched time unavailable (No such file or directory)
04/08/17 19:24:15 ******************************************************
04/08/17 19:24:15 Using config source: /etc/condor/condor_config
04/08/17 19:24:15 Using local config sources: 
04/08/17 19:24:15    /etc/condor/config.d/00esat.config
04/08/17 19:24:15    /etc/condor/config.d/01java.config
04/08/17 19:24:15    /etc/condor/config.d/80optout_users.config
04/08/17 19:24:15    /etc/condor/condor_config.local
04/08/17 19:24:15 config Macros = 166, Sorted = 166, StringBytes = 6010, TablesBytes = 6048
04/08/17 19:24:15 CLASSAD_CACHING is ENABLED
04/08/17 19:24:15 Daemon Log is logging: D_ALWAYS D_ERROR
04/08/17 19:24:15 DaemonCore: No command port requested.
04/08/17 19:24:15 DAGMAN_USE_STRICT setting: 1
04/08/17 19:24:15 DAGMAN_VERBOSITY setting: 3
04/08/17 19:24:15 DAGMAN_DEBUG_CACHE_SIZE setting: 5242880
04/08/17 19:24:15 DAGMAN_DEBUG_CACHE_ENABLE setting: False
04/08/17 19:24:15 DAGMAN_SUBMIT_DELAY setting: 0
04/08/17 19:24:15 DAGMAN_MAX_SUBMIT_ATTEMPTS setting: 6
04/08/17 19:24:15 DAGMAN_STARTUP_CYCLE_DETECT setting: False
04/08/17 19:24:15 DAGMAN_MAX_SUBMITS_PER_INTERVAL setting: 5
04/08/17 19:24:15 DAGMAN_USER_LOG_SCAN_INTERVAL setting: 5
04/08/17 19:24:15 DAGMAN_DEFAULT_PRIORITY setting: 0
04/08/17 19:24:15 DAGMAN_SUPPRESS_NOTIFICATION setting: True
04/08/17 19:24:15 allow_events (DAGMAN_ALLOW_EVENTS) setting: 114
04/08/17 19:24:15 DAGMAN_RETRY_SUBMIT_FIRST setting: True
04/08/17 19:24:15 DAGMAN_RETRY_NODE_FIRST setting: False
04/08/17 19:24:15 DAGMAN_MAX_JOBS_IDLE setting: 1000
04/08/17 19:24:15 DAGMAN_MAX_JOBS_SUBMITTED setting: 0
04/08/17 19:24:15 DAGMAN_MAX_PRE_SCRIPTS setting: 20
04/08/17 19:24:15 DAGMAN_MAX_POST_SCRIPTS setting: 20
04/08/17 19:24:15 DAGMAN_MUNGE_NODE_NAMES setting: True
04/08/17 19:24:15 DAGMAN_PROHIBIT_MULTI_JOBS setting: False
04/08/17 19:24:15 DAGMAN_SUBMIT_DEPTH_FIRST setting: False
04/08/17 19:24:15 DAGMAN_ALWAYS_RUN_POST setting: False
04/08/17 19:24:15 DAGMAN_ABORT_DUPLICATES setting: True
04/08/17 19:24:15 DAGMAN_ABORT_ON_SCARY_SUBMIT setting: True
04/08/17 19:24:15 DAGMAN_PENDING_REPORT_INTERVAL setting: 600
04/08/17 19:24:15 DAGMAN_AUTO_RESCUE setting: True
04/08/17 19:24:15 DAGMAN_MAX_RESCUE_NUM setting: 100
04/08/17 19:24:15 DAGMAN_WRITE_PARTIAL_RESCUE setting: True
04/08/17 19:24:15 DAGMAN_DEFAULT_NODE_LOG setting: @(DAG_DIR)/@(DAG_FILE).nodes.log
04/08/17 19:24:15 DAGMAN_GENERATE_SUBDAG_SUBMITS setting: True
04/08/17 19:24:15 DAGMAN_MAX_JOB_HOLDS setting: 100
04/08/17 19:24:15 DAGMAN_HOLD_CLAIM_TIME setting: 20
04/08/17 19:24:15 ALL_DEBUG setting: 
04/08/17 19:24:15 DAGMAN_DEBUG setting: 
04/08/17 19:24:15 DAGMAN_SUPPRESS_JOB_LOGS setting: False
04/08/17 19:24:15 DAGMAN_REMOVE_NODE_JOBS setting: True
04/08/17 19:24:15 argv[0] == "condor_scheduniv_exec.755.0"
04/08/17 19:24:15 argv[1] == "-Lockfile"
04/08/17 19:24:15 argv[2] == "ds_topic.dag.lock"
04/08/17 19:24:15 argv[3] == "-AutoRescue"
04/08/17 19:24:15 argv[4] == "1"
04/08/17 19:24:15 argv[5] == "-DoRescueFrom"
04/08/17 19:24:15 argv[6] == "0"
04/08/17 19:24:15 argv[7] == "-Dag"
04/08/17 19:24:15 argv[8] == "ds_topic.dag"
04/08/17 19:24:15 argv[9] == "-Suppress_notification"
04/08/17 19:24:15 argv[10] == "-CsdVersion"
04/08/17 19:24:15 argv[11] == "$CondorVersion: 8.6.1 Mar 01 2017 BuildID: 398585 $"
04/08/17 19:24:15 argv[12] == "-Dagman"
04/08/17 19:24:15 argv[13] == "/usr/bin/condor_dagman"
04/08/17 19:24:15 Workflow batch-name: <ds_topic.dag+755>
04/08/17 19:24:15 Workflow accounting_group: <>
04/08/17 19:24:15 Workflow accounting_group_user: <>
04/08/17 19:24:15 Warning: failed to get attribute DAGNodeName
04/08/17 19:24:15 DAGMAN_LOG_ON_NFS_IS_ERROR setting: False
04/08/17 19:24:15 Default node log file is: </esat/spchtemp/scratch/robbe/SpeechHub/untied_models/python/jobdag/./ds_topic.dag.nodes.log>
04/08/17 19:24:15 DAG Lockfile will be written to ds_topic.dag.lock
04/08/17 19:24:15 DAG Input file is ds_topic.dag
04/08/17 19:24:15 Parsing 1 dagfiles
04/08/17 19:24:15 Parsing ds_topic.dag ...
04/08/17 19:24:15 Dag contains 7 total jobs
04/08/17 19:24:15 Sleeping for 3 seconds to ensure ProcessId uniqueness
04/08/17 19:24:18 Bootstrapping...
04/08/17 19:24:18 Number of pre-completed nodes: 0
04/08/17 19:24:18 MultiLogFiles: truncating log file /esat/spchtemp/scratch/robbe/SpeechHub/untied_models/python/jobdag/./ds_topic.dag.nodes.log
04/08/17 19:24:18 DAG status: 0 (DAG_STATUS_OK)
04/08/17 19:24:18 Of 7 nodes total:
04/08/17 19:24:18  Done     Pre   Queued    Post   Ready   Un-Ready   Failed
04/08/17 19:24:18   ===     ===      ===     ===     ===        ===      ===
04/08/17 19:24:18     0       0        0       0       1          6        0
04/08/17 19:24:18 0 job proc(s) currently held
04/08/17 19:24:18 Registering condor_event_timer...
04/08/17 19:24:19 Submitting HTCondor Node topic_reg job(s)...
04/08/17 19:24:19 Adding a DAGMan workflow log /esat/spchtemp/scratch/robbe/SpeechHub/untied_models/python/jobdag/./ds_topic.dag.nodes.log
04/08/17 19:24:19 Masking the events recorded in the DAGMAN workflow log
04/08/17 19:24:19 Mask for workflow log is 0,1,2,4,5,7,9,10,11,12,13,16,17,24,27
04/08/17 19:24:19 submitting: /usr/bin/condor_submit -a dag_node_name' '=' 'topic_reg -a +DAGManJobId' '=' '755 -a DAGManJobId' '=' '755 -batch-name ds_topic.dag+755 -a submit_event_notes' '=' 'DAG' 'Node:' 'topic_reg -a dagman_log' '=' '/esat/spchtemp/scratch/robbe/SpeechHub/untied_models/python/jobdag/./ds_topic.dag.nodes.log -a +DAGManNodesMask' '=' '"0,1,2,4,5,7,9,10,11,12,13,16,17,24,27" -a data_set' '=' 'ds -a test_name' '=' 'topic -a num_run' '=' '0 -a mode' '=' 'reg -a DAG_STATUS' '=' '0 -a FAILED_COUNT' '=' '0 -a +KeepClaimIdle' '=' '20 -a notification' '=' 'never -a +DAGParentNodeNames' '=' '"" jobdag/topic.job
04/08/17 19:24:20 From submit: Submitting job(s).
04/08/17 19:24:20 From submit: 1 job(s) submitted to cluster 756.
04/08/17 19:24:20 	assigned HTCondor ID (756.0.0)
04/08/17 19:24:20 Just submitted 1 job this cycle...
04/08/17 19:24:20 Currently monitoring 1 HTCondor log file(s)
04/08/17 19:24:20 Reassigning the id of job topic_reg from (756.0.0) to (756.0.0)
04/08/17 19:24:20 Event: ULOG_SUBMIT for HTCondor Node topic_reg (756.0.0) {04/08/17 19:24:20}
04/08/17 19:24:20 Number of idle job procs: 1
04/08/17 19:24:20 DAG status: 0 (DAG_STATUS_OK)
04/08/17 19:24:20 Of 7 nodes total:
04/08/17 19:24:20  Done     Pre   Queued    Post   Ready   Un-Ready   Failed
04/08/17 19:24:20   ===     ===      ===     ===     ===        ===      ===
04/08/17 19:24:20     0       0        1       0       0          6        0
04/08/17 19:24:20 0 job proc(s) currently held
04/08/17 19:34:22 602 seconds since last log event
04/08/17 19:34:22 Pending DAG nodes:
04/08/17 19:34:22   Node topic_reg, HTCondor ID 756, status STATUS_SUBMITTED
04/08/17 19:36:43 Currently monitoring 1 HTCondor log file(s)
04/08/17 19:36:43 Event: ULOG_EXECUTE for HTCondor Node topic_reg (756.0.0) {04/08/17 19:36:39}
04/08/17 19:36:43 Number of idle job procs: 0
04/08/17 19:39:49 Currently monitoring 1 HTCondor log file(s)
04/08/17 19:39:49 Event: ULOG_JOB_SUSPENDED for HTCondor Node topic_reg (756.0.0) {04/08/17 19:39:45}
04/08/17 19:39:49 Number of idle job procs: 1
04/08/17 19:41:09 Currently monitoring 1 HTCondor log file(s)
04/08/17 19:41:09 Event: ULOG_JOB_UNSUSPENDED for HTCondor Node topic_reg (756.0.0) {04/08/17 19:41:05}
04/08/17 19:41:09 Number of idle job procs: 0
04/08/17 19:51:12 603 seconds since last log event
04/08/17 19:51:12 Pending DAG nodes:
04/08/17 19:51:12   Node topic_reg, HTCondor ID 756, status STATUS_SUBMITTED
04/08/17 20:01:15 1206 seconds since last log event
04/08/17 20:01:15 Pending DAG nodes:
04/08/17 20:01:15   Node topic_reg, HTCondor ID 756, status STATUS_SUBMITTED
04/08/17 20:11:18 1809 seconds since last log event
04/08/17 20:11:18 Pending DAG nodes:
04/08/17 20:11:18   Node topic_reg, HTCondor ID 756, status STATUS_SUBMITTED
04/08/17 20:21:20 2411 seconds since last log event
04/08/17 20:21:20 Pending DAG nodes:
04/08/17 20:21:20   Node topic_reg, HTCondor ID 756, status STATUS_SUBMITTED
04/08/17 20:31:22 3013 seconds since last log event
04/08/17 20:31:22 Pending DAG nodes:
04/08/17 20:31:22   Node topic_reg, HTCondor ID 756, status STATUS_SUBMITTED
04/08/17 20:41:25 3616 seconds since last log event
04/08/17 20:41:25 Pending DAG nodes:
04/08/17 20:41:25   Node topic_reg, HTCondor ID 756, status STATUS_SUBMITTED
04/08/17 20:51:27 4218 seconds since last log event
04/08/17 20:51:27 Pending DAG nodes:
04/08/17 20:51:27   Node topic_reg, HTCondor ID 756, status STATUS_SUBMITTED
04/08/17 21:01:29 4820 seconds since last log event
04/08/17 21:01:29 Pending DAG nodes:
04/08/17 21:01:29   Node topic_reg, HTCondor ID 756, status STATUS_SUBMITTED
04/08/17 21:11:32 5423 seconds since last log event
04/08/17 21:11:32 Pending DAG nodes:
04/08/17 21:11:32   Node topic_reg, HTCondor ID 756, status STATUS_SUBMITTED
04/08/17 21:21:35 6026 seconds since last log event
04/08/17 21:21:35 Pending DAG nodes:
04/08/17 21:21:35   Node topic_reg, HTCondor ID 756, status STATUS_SUBMITTED
04/08/17 21:31:37 6628 seconds since last log event
04/08/17 21:31:37 Pending DAG nodes:
04/08/17 21:31:37   Node topic_reg, HTCondor ID 756, status STATUS_SUBMITTED
04/08/17 21:41:40 7231 seconds since last log event
04/08/17 21:41:40 Pending DAG nodes:
04/08/17 21:41:40   Node topic_reg, HTCondor ID 756, status STATUS_SUBMITTED
04/08/17 21:51:43 7834 seconds since last log event
04/08/17 21:51:43 Pending DAG nodes:
04/08/17 21:51:43   Node topic_reg, HTCondor ID 756, status STATUS_SUBMITTED
04/08/17 22:01:43 8434 seconds since last log event
04/08/17 22:01:43 Pending DAG nodes:
04/08/17 22:01:43   Node topic_reg, HTCondor ID 756, status STATUS_SUBMITTED
04/08/17 22:11:46 9037 seconds since last log event
04/08/17 22:11:46 Pending DAG nodes:
04/08/17 22:11:46   Node topic_reg, HTCondor ID 756, status STATUS_SUBMITTED
04/08/17 22:21:48 9639 seconds since last log event
04/08/17 22:21:48 Pending DAG nodes:
04/08/17 22:21:48   Node topic_reg, HTCondor ID 756, status STATUS_SUBMITTED
04/08/17 22:31:51 10242 seconds since last log event
04/08/17 22:31:51 Pending DAG nodes:
04/08/17 22:31:51   Node topic_reg, HTCondor ID 756, status STATUS_SUBMITTED
04/08/17 22:41:53 10844 seconds since last log event
04/08/17 22:41:53 Pending DAG nodes:
04/08/17 22:41:53   Node topic_reg, HTCondor ID 756, status STATUS_SUBMITTED
04/08/17 22:51:56 11447 seconds since last log event
04/08/17 22:51:56 Pending DAG nodes:
04/08/17 22:51:56   Node topic_reg, HTCondor ID 756, status STATUS_SUBMITTED
04/08/17 23:01:59 12050 seconds since last log event
04/08/17 23:01:59 Pending DAG nodes:
04/08/17 23:01:59   Node topic_reg, HTCondor ID 756, status STATUS_SUBMITTED
04/08/17 23:12:02 12653 seconds since last log event
04/08/17 23:12:02 Pending DAG nodes:
04/08/17 23:12:02   Node topic_reg, HTCondor ID 756, status STATUS_SUBMITTED
04/08/17 23:22:04 13255 seconds since last log event
04/08/17 23:22:04 Pending DAG nodes:
04/08/17 23:22:04   Node topic_reg, HTCondor ID 756, status STATUS_SUBMITTED
04/08/17 23:32:06 13857 seconds since last log event
04/08/17 23:32:06 Pending DAG nodes:
04/08/17 23:32:06   Node topic_reg, HTCondor ID 756, status STATUS_SUBMITTED
04/08/17 23:42:09 14460 seconds since last log event
04/08/17 23:42:09 Pending DAG nodes:
04/08/17 23:42:09   Node topic_reg, HTCondor ID 756, status STATUS_SUBMITTED
04/08/17 23:52:12 15063 seconds since last log event
04/08/17 23:52:12 Pending DAG nodes:
04/08/17 23:52:12   Node topic_reg, HTCondor ID 756, status STATUS_SUBMITTED
04/09/17 00:02:15 15666 seconds since last log event
04/09/17 00:02:15 Pending DAG nodes:
04/09/17 00:02:15   Node topic_reg, HTCondor ID 756, status STATUS_SUBMITTED
04/09/17 00:12:17 16268 seconds since last log event
04/09/17 00:12:17 Pending DAG nodes:
04/09/17 00:12:17   Node topic_reg, HTCondor ID 756, status STATUS_SUBMITTED
04/09/17 00:22:20 16871 seconds since last log event
04/09/17 00:22:20 Pending DAG nodes:
04/09/17 00:22:20   Node topic_reg, HTCondor ID 756, status STATUS_SUBMITTED
04/09/17 00:32:23 17474 seconds since last log event
04/09/17 00:32:23 Pending DAG nodes:
04/09/17 00:32:23   Node topic_reg, HTCondor ID 756, status STATUS_SUBMITTED
04/09/17 00:42:26 18077 seconds since last log event
04/09/17 00:42:26 Pending DAG nodes:
04/09/17 00:42:26   Node topic_reg, HTCondor ID 756, status STATUS_SUBMITTED
04/09/17 00:52:29 18680 seconds since last log event
04/09/17 00:52:29 Pending DAG nodes:
04/09/17 00:52:29   Node topic_reg, HTCondor ID 756, status STATUS_SUBMITTED
04/09/17 01:02:31 19282 seconds since last log event
04/09/17 01:02:31 Pending DAG nodes:
04/09/17 01:02:31   Node topic_reg, HTCondor ID 756, status STATUS_SUBMITTED
04/09/17 01:12:34 19885 seconds since last log event
04/09/17 01:12:34 Pending DAG nodes:
04/09/17 01:12:34   Node topic_reg, HTCondor ID 756, status STATUS_SUBMITTED
04/09/17 01:22:37 20488 seconds since last log event
04/09/17 01:22:37 Pending DAG nodes:
04/09/17 01:22:37   Node topic_reg, HTCondor ID 756, status STATUS_SUBMITTED
04/09/17 01:32:40 21091 seconds since last log event
04/09/17 01:32:40 Pending DAG nodes:
04/09/17 01:32:40   Node topic_reg, HTCondor ID 756, status STATUS_SUBMITTED
04/09/17 01:42:42 21693 seconds since last log event
04/09/17 01:42:42 Pending DAG nodes:
04/09/17 01:42:42   Node topic_reg, HTCondor ID 756, status STATUS_SUBMITTED
04/09/17 01:52:44 22295 seconds since last log event
04/09/17 01:52:44 Pending DAG nodes:
04/09/17 01:52:44   Node topic_reg, HTCondor ID 756, status STATUS_SUBMITTED
04/09/17 02:02:47 22898 seconds since last log event
04/09/17 02:02:47 Pending DAG nodes:
04/09/17 02:02:47   Node topic_reg, HTCondor ID 756, status STATUS_SUBMITTED
04/09/17 02:12:50 23501 seconds since last log event
04/09/17 02:12:50 Pending DAG nodes:
04/09/17 02:12:50   Node topic_reg, HTCondor ID 756, status STATUS_SUBMITTED
04/09/17 02:22:52 24103 seconds since last log event
04/09/17 02:22:52 Pending DAG nodes:
04/09/17 02:22:52   Node topic_reg, HTCondor ID 756, status STATUS_SUBMITTED
04/09/17 02:32:55 24706 seconds since last log event
04/09/17 02:32:55 Pending DAG nodes:
04/09/17 02:32:55   Node topic_reg, HTCondor ID 756, status STATUS_SUBMITTED
04/09/17 02:42:58 25309 seconds since last log event
04/09/17 02:42:58 Pending DAG nodes:
04/09/17 02:42:58   Node topic_reg, HTCondor ID 756, status STATUS_SUBMITTED
04/09/17 02:53:00 25911 seconds since last log event
04/09/17 02:53:00 Pending DAG nodes:
04/09/17 02:53:00   Node topic_reg, HTCondor ID 756, status STATUS_SUBMITTED
04/09/17 03:03:02 26513 seconds since last log event
04/09/17 03:03:02 Pending DAG nodes:
04/09/17 03:03:02   Node topic_reg, HTCondor ID 756, status STATUS_SUBMITTED
04/09/17 03:13:05 27116 seconds since last log event
04/09/17 03:13:05 Pending DAG nodes:
04/09/17 03:13:05   Node topic_reg, HTCondor ID 756, status STATUS_SUBMITTED
04/09/17 03:23:08 27719 seconds since last log event
04/09/17 03:23:08 Pending DAG nodes:
04/09/17 03:23:08   Node topic_reg, HTCondor ID 756, status STATUS_SUBMITTED
04/09/17 03:33:11 28322 seconds since last log event
04/09/17 03:33:11 Pending DAG nodes:
04/09/17 03:33:11   Node topic_reg, HTCondor ID 756, status STATUS_SUBMITTED
04/09/17 03:43:13 28924 seconds since last log event
04/09/17 03:43:13 Pending DAG nodes:
04/09/17 03:43:13   Node topic_reg, HTCondor ID 756, status STATUS_SUBMITTED
04/09/17 03:53:15 29526 seconds since last log event
04/09/17 03:53:15 Pending DAG nodes:
04/09/17 03:53:15   Node topic_reg, HTCondor ID 756, status STATUS_SUBMITTED
04/09/17 04:03:18 30129 seconds since last log event
04/09/17 04:03:18 Pending DAG nodes:
04/09/17 04:03:18   Node topic_reg, HTCondor ID 756, status STATUS_SUBMITTED
04/09/17 04:13:21 30732 seconds since last log event
04/09/17 04:13:21 Pending DAG nodes:
04/09/17 04:13:21   Node topic_reg, HTCondor ID 756, status STATUS_SUBMITTED
04/09/17 04:23:24 31335 seconds since last log event
04/09/17 04:23:24 Pending DAG nodes:
04/09/17 04:23:24   Node topic_reg, HTCondor ID 756, status STATUS_SUBMITTED
04/09/17 04:33:27 31938 seconds since last log event
04/09/17 04:33:27 Pending DAG nodes:
04/09/17 04:33:27   Node topic_reg, HTCondor ID 756, status STATUS_SUBMITTED
04/09/17 04:43:29 32540 seconds since last log event
04/09/17 04:43:29 Pending DAG nodes:
04/09/17 04:43:29   Node topic_reg, HTCondor ID 756, status STATUS_SUBMITTED
04/09/17 04:53:32 33143 seconds since last log event
04/09/17 04:53:32 Pending DAG nodes:
04/09/17 04:53:32   Node topic_reg, HTCondor ID 756, status STATUS_SUBMITTED
04/09/17 05:03:35 33746 seconds since last log event
04/09/17 05:03:35 Pending DAG nodes:
04/09/17 05:03:35   Node topic_reg, HTCondor ID 756, status STATUS_SUBMITTED
04/09/17 05:13:38 34349 seconds since last log event
04/09/17 05:13:38 Pending DAG nodes:
04/09/17 05:13:38   Node topic_reg, HTCondor ID 756, status STATUS_SUBMITTED
04/09/17 05:23:41 34952 seconds since last log event
04/09/17 05:23:41 Pending DAG nodes:
04/09/17 05:23:41   Node topic_reg, HTCondor ID 756, status STATUS_SUBMITTED
04/09/17 05:33:44 35555 seconds since last log event
04/09/17 05:33:44 Pending DAG nodes:
04/09/17 05:33:44   Node topic_reg, HTCondor ID 756, status STATUS_SUBMITTED
04/09/17 05:43:46 36157 seconds since last log event
04/09/17 05:43:46 Pending DAG nodes:
04/09/17 05:43:46   Node topic_reg, HTCondor ID 756, status STATUS_SUBMITTED
04/09/17 05:53:49 36760 seconds since last log event
04/09/17 05:53:49 Pending DAG nodes:
04/09/17 05:53:49   Node topic_reg, HTCondor ID 756, status STATUS_SUBMITTED
04/09/17 06:03:52 37363 seconds since last log event
04/09/17 06:03:52 Pending DAG nodes:
04/09/17 06:03:52   Node topic_reg, HTCondor ID 756, status STATUS_SUBMITTED
04/09/17 06:13:55 37966 seconds since last log event
04/09/17 06:13:55 Pending DAG nodes:
04/09/17 06:13:55   Node topic_reg, HTCondor ID 756, status STATUS_SUBMITTED
04/09/17 06:23:58 38569 seconds since last log event
04/09/17 06:23:58 Pending DAG nodes:
04/09/17 06:23:58   Node topic_reg, HTCondor ID 756, status STATUS_SUBMITTED
04/09/17 06:34:00 39171 seconds since last log event
04/09/17 06:34:00 Pending DAG nodes:
04/09/17 06:34:00   Node topic_reg, HTCondor ID 756, status STATUS_SUBMITTED
04/09/17 06:44:03 39774 seconds since last log event
04/09/17 06:44:03 Pending DAG nodes:
04/09/17 06:44:03   Node topic_reg, HTCondor ID 756, status STATUS_SUBMITTED
04/09/17 06:54:06 40377 seconds since last log event
04/09/17 06:54:06 Pending DAG nodes:
04/09/17 06:54:06   Node topic_reg, HTCondor ID 756, status STATUS_SUBMITTED
04/09/17 07:04:09 40980 seconds since last log event
04/09/17 07:04:09 Pending DAG nodes:
04/09/17 07:04:09   Node topic_reg, HTCondor ID 756, status STATUS_SUBMITTED
04/09/17 07:14:11 41582 seconds since last log event
04/09/17 07:14:11 Pending DAG nodes:
04/09/17 07:14:11   Node topic_reg, HTCondor ID 756, status STATUS_SUBMITTED
04/09/17 07:24:13 42184 seconds since last log event
04/09/17 07:24:13 Pending DAG nodes:
04/09/17 07:24:13   Node topic_reg, HTCondor ID 756, status STATUS_SUBMITTED
04/09/17 07:34:16 42787 seconds since last log event
04/09/17 07:34:16 Pending DAG nodes:
04/09/17 07:34:16   Node topic_reg, HTCondor ID 756, status STATUS_SUBMITTED
04/09/17 07:44:19 43390 seconds since last log event
04/09/17 07:44:19 Pending DAG nodes:
04/09/17 07:44:19   Node topic_reg, HTCondor ID 756, status STATUS_SUBMITTED
04/09/17 07:54:22 43993 seconds since last log event
04/09/17 07:54:22 Pending DAG nodes:
04/09/17 07:54:22   Node topic_reg, HTCondor ID 756, status STATUS_SUBMITTED
04/09/17 08:04:25 44596 seconds since last log event
04/09/17 08:04:25 Pending DAG nodes:
04/09/17 08:04:25   Node topic_reg, HTCondor ID 756, status STATUS_SUBMITTED
04/09/17 08:14:27 45198 seconds since last log event
04/09/17 08:14:27 Pending DAG nodes:
04/09/17 08:14:27   Node topic_reg, HTCondor ID 756, status STATUS_SUBMITTED
04/09/17 08:24:29 45800 seconds since last log event
04/09/17 08:24:29 Pending DAG nodes:
04/09/17 08:24:29   Node topic_reg, HTCondor ID 756, status STATUS_SUBMITTED
04/09/17 08:34:32 46403 seconds since last log event
04/09/17 08:34:32 Pending DAG nodes:
04/09/17 08:34:32   Node topic_reg, HTCondor ID 756, status STATUS_SUBMITTED
04/09/17 08:44:34 47005 seconds since last log event
04/09/17 08:44:34 Pending DAG nodes:
04/09/17 08:44:34   Node topic_reg, HTCondor ID 756, status STATUS_SUBMITTED
04/09/17 08:54:37 47608 seconds since last log event
04/09/17 08:54:37 Pending DAG nodes:
04/09/17 08:54:37   Node topic_reg, HTCondor ID 756, status STATUS_SUBMITTED
04/09/17 09:04:38 48209 seconds since last log event
04/09/17 09:04:38 Pending DAG nodes:
04/09/17 09:04:38   Node topic_reg, HTCondor ID 756, status STATUS_SUBMITTED
04/09/17 09:14:41 48812 seconds since last log event
04/09/17 09:14:41 Pending DAG nodes:
04/09/17 09:14:41   Node topic_reg, HTCondor ID 756, status STATUS_SUBMITTED
04/09/17 09:24:43 49414 seconds since last log event
04/09/17 09:24:43 Pending DAG nodes:
04/09/17 09:24:43   Node topic_reg, HTCondor ID 756, status STATUS_SUBMITTED
04/09/17 09:34:45 50016 seconds since last log event
04/09/17 09:34:45 Pending DAG nodes:
04/09/17 09:34:45   Node topic_reg, HTCondor ID 756, status STATUS_SUBMITTED
04/09/17 09:39:37 Currently monitoring 1 HTCondor log file(s)
04/09/17 09:39:37 Event: ULOG_JOB_TERMINATED for HTCondor Node topic_reg (756.0.0) {04/09/17 09:39:35}
04/09/17 09:39:37 Number of idle job procs: 0
04/09/17 09:39:37 Node topic_reg job proc (756.0.0) completed successfully.
04/09/17 09:39:37 Node topic_reg job completed
04/09/17 09:39:37 DAG status: 0 (DAG_STATUS_OK)
04/09/17 09:39:37 Of 7 nodes total:
04/09/17 09:39:37  Done     Pre   Queued    Post   Ready   Un-Ready   Failed
04/09/17 09:39:37   ===     ===      ===     ===     ===        ===      ===
04/09/17 09:39:37     1       0        0       0       1          5        0
04/09/17 09:39:37 0 job proc(s) currently held
04/09/17 09:39:42 Submitting HTCondor Node topic_lda job(s)...
04/09/17 09:39:42 Adding a DAGMan workflow log /esat/spchtemp/scratch/robbe/SpeechHub/untied_models/python/jobdag/./ds_topic.dag.nodes.log
04/09/17 09:39:42 Masking the events recorded in the DAGMAN workflow log
04/09/17 09:39:42 Mask for workflow log is 0,1,2,4,5,7,9,10,11,12,13,16,17,24,27
04/09/17 09:39:42 submitting: /usr/bin/condor_submit -a dag_node_name' '=' 'topic_lda -a +DAGManJobId' '=' '755 -a DAGManJobId' '=' '755 -batch-name ds_topic.dag+755 -a submit_event_notes' '=' 'DAG' 'Node:' 'topic_lda -a dagman_log' '=' '/esat/spchtemp/scratch/robbe/SpeechHub/untied_models/python/jobdag/./ds_topic.dag.nodes.log -a +DAGManNodesMask' '=' '"0,1,2,4,5,7,9,10,11,12,13,16,17,24,27" -a data_set' '=' 'ds -a test_name' '=' 'topic -a num_run' '=' '0 -a mode' '=' 'lda -a DAG_STATUS' '=' '0 -a FAILED_COUNT' '=' '0 -a +KeepClaimIdle' '=' '20 -a notification' '=' 'never -a +DAGParentNodeNames' '=' '"topic_reg" jobdag/topic.job
04/09/17 09:39:42 From submit: Submitting job(s).
04/09/17 09:39:42 From submit: 1 job(s) submitted to cluster 783.
04/09/17 09:39:42 	assigned HTCondor ID (783.0.0)
04/09/17 09:39:42 Just submitted 1 job this cycle...
04/09/17 09:39:42 Currently monitoring 1 HTCondor log file(s)
04/09/17 09:39:42 Reassigning the id of job topic_lda from (783.0.0) to (783.0.0)
04/09/17 09:39:42 Event: ULOG_SUBMIT for HTCondor Node topic_lda (783.0.0) {04/09/17 09:39:42}
04/09/17 09:39:42 Number of idle job procs: 1
04/09/17 09:39:42 DAG status: 0 (DAG_STATUS_OK)
04/09/17 09:39:42 Of 7 nodes total:
04/09/17 09:39:42  Done     Pre   Queued    Post   Ready   Un-Ready   Failed
04/09/17 09:39:42   ===     ===      ===     ===     ===        ===      ===
04/09/17 09:39:42     1       0        1       0       0          5        0
04/09/17 09:39:42 0 job proc(s) currently held
04/09/17 09:49:45 603 seconds since last log event
04/09/17 09:49:45 Pending DAG nodes:
04/09/17 09:49:45   Node topic_lda, HTCondor ID 783, status STATUS_SUBMITTED
04/09/17 09:59:47 1205 seconds since last log event
04/09/17 09:59:47 Pending DAG nodes:
04/09/17 09:59:47   Node topic_lda, HTCondor ID 783, status STATUS_SUBMITTED
04/09/17 10:09:50 1808 seconds since last log event
04/09/17 10:09:50 Pending DAG nodes:
04/09/17 10:09:50   Node topic_lda, HTCondor ID 783, status STATUS_SUBMITTED
04/09/17 10:19:53 2411 seconds since last log event
04/09/17 10:19:53 Pending DAG nodes:
04/09/17 10:19:53   Node topic_lda, HTCondor ID 783, status STATUS_SUBMITTED
04/09/17 10:29:56 3014 seconds since last log event
04/09/17 10:29:56 Pending DAG nodes:
04/09/17 10:29:56   Node topic_lda, HTCondor ID 783, status STATUS_SUBMITTED
04/09/17 10:39:58 3616 seconds since last log event
04/09/17 10:39:58 Pending DAG nodes:
04/09/17 10:39:58   Node topic_lda, HTCondor ID 783, status STATUS_SUBMITTED
04/09/17 10:50:01 4219 seconds since last log event
04/09/17 10:50:01 Pending DAG nodes:
04/09/17 10:50:01   Node topic_lda, HTCondor ID 783, status STATUS_SUBMITTED
04/09/17 11:00:04 4822 seconds since last log event
04/09/17 11:00:04 Pending DAG nodes:
04/09/17 11:00:04   Node topic_lda, HTCondor ID 783, status STATUS_SUBMITTED
04/09/17 11:10:07 5425 seconds since last log event
04/09/17 11:10:07 Pending DAG nodes:
04/09/17 11:10:07   Node topic_lda, HTCondor ID 783, status STATUS_SUBMITTED
04/09/17 11:20:10 6028 seconds since last log event
04/09/17 11:20:10 Pending DAG nodes:
04/09/17 11:20:10   Node topic_lda, HTCondor ID 783, status STATUS_SUBMITTED
04/09/17 11:30:13 6631 seconds since last log event
04/09/17 11:30:13 Pending DAG nodes:
04/09/17 11:30:13   Node topic_lda, HTCondor ID 783, status STATUS_SUBMITTED
04/09/17 11:40:15 7233 seconds since last log event
04/09/17 11:40:15 Pending DAG nodes:
04/09/17 11:40:15   Node topic_lda, HTCondor ID 783, status STATUS_SUBMITTED
04/09/17 11:50:18 7836 seconds since last log event
04/09/17 11:50:18 Pending DAG nodes:
04/09/17 11:50:18   Node topic_lda, HTCondor ID 783, status STATUS_SUBMITTED
04/09/17 12:00:21 8439 seconds since last log event
04/09/17 12:00:21 Pending DAG nodes:
04/09/17 12:00:21   Node topic_lda, HTCondor ID 783, status STATUS_SUBMITTED
04/09/17 12:10:23 9041 seconds since last log event
04/09/17 12:10:23 Pending DAG nodes:
04/09/17 12:10:23   Node topic_lda, HTCondor ID 783, status STATUS_SUBMITTED
04/09/17 12:20:26 9644 seconds since last log event
04/09/17 12:20:26 Pending DAG nodes:
04/09/17 12:20:26   Node topic_lda, HTCondor ID 783, status STATUS_SUBMITTED
04/09/17 12:30:29 10247 seconds since last log event
04/09/17 12:30:29 Pending DAG nodes:
04/09/17 12:30:29   Node topic_lda, HTCondor ID 783, status STATUS_SUBMITTED
04/09/17 12:40:30 10848 seconds since last log event
04/09/17 12:40:30 Pending DAG nodes:
04/09/17 12:40:30   Node topic_lda, HTCondor ID 783, status STATUS_SUBMITTED
04/09/17 12:50:32 11450 seconds since last log event
04/09/17 12:50:32 Pending DAG nodes:
04/09/17 12:50:32   Node topic_lda, HTCondor ID 783, status STATUS_SUBMITTED
04/09/17 13:00:35 12053 seconds since last log event
04/09/17 13:00:35 Pending DAG nodes:
04/09/17 13:00:35   Node topic_lda, HTCondor ID 783, status STATUS_SUBMITTED
04/09/17 13:10:37 12655 seconds since last log event
04/09/17 13:10:37 Pending DAG nodes:
04/09/17 13:10:37   Node topic_lda, HTCondor ID 783, status STATUS_SUBMITTED
04/09/17 13:20:39 13257 seconds since last log event
04/09/17 13:20:39 Pending DAG nodes:
04/09/17 13:20:39   Node topic_lda, HTCondor ID 783, status STATUS_SUBMITTED
04/09/17 13:30:42 13860 seconds since last log event
04/09/17 13:30:42 Pending DAG nodes:
04/09/17 13:30:42   Node topic_lda, HTCondor ID 783, status STATUS_SUBMITTED
04/09/17 13:40:44 14462 seconds since last log event
04/09/17 13:40:44 Pending DAG nodes:
04/09/17 13:40:44   Node topic_lda, HTCondor ID 783, status STATUS_SUBMITTED
04/09/17 13:50:46 15064 seconds since last log event
04/09/17 13:50:46 Pending DAG nodes:
04/09/17 13:50:46   Node topic_lda, HTCondor ID 783, status STATUS_SUBMITTED
04/09/17 14:00:49 15667 seconds since last log event
04/09/17 14:00:49 Pending DAG nodes:
04/09/17 14:00:49   Node topic_lda, HTCondor ID 783, status STATUS_SUBMITTED
04/09/17 14:10:52 16270 seconds since last log event
04/09/17 14:10:52 Pending DAG nodes:
04/09/17 14:10:52   Node topic_lda, HTCondor ID 783, status STATUS_SUBMITTED
04/09/17 14:20:53 16871 seconds since last log event
04/09/17 14:20:53 Pending DAG nodes:
04/09/17 14:20:53   Node topic_lda, HTCondor ID 783, status STATUS_SUBMITTED
04/09/17 14:30:55 17473 seconds since last log event
04/09/17 14:30:55 Pending DAG nodes:
04/09/17 14:30:55   Node topic_lda, HTCondor ID 783, status STATUS_SUBMITTED
04/09/17 14:40:58 18076 seconds since last log event
04/09/17 14:40:58 Pending DAG nodes:
04/09/17 14:40:58   Node topic_lda, HTCondor ID 783, status STATUS_SUBMITTED
04/09/17 14:51:01 18679 seconds since last log event
04/09/17 14:51:01 Pending DAG nodes:
04/09/17 14:51:01   Node topic_lda, HTCondor ID 783, status STATUS_SUBMITTED
04/09/17 15:01:04 19282 seconds since last log event
04/09/17 15:01:04 Pending DAG nodes:
04/09/17 15:01:04   Node topic_lda, HTCondor ID 783, status STATUS_SUBMITTED
04/09/17 15:11:07 19885 seconds since last log event
04/09/17 15:11:07 Pending DAG nodes:
04/09/17 15:11:07   Node topic_lda, HTCondor ID 783, status STATUS_SUBMITTED
04/09/17 15:21:09 20487 seconds since last log event
04/09/17 15:21:09 Pending DAG nodes:
04/09/17 15:21:09   Node topic_lda, HTCondor ID 783, status STATUS_SUBMITTED
04/09/17 15:31:12 21090 seconds since last log event
04/09/17 15:31:12 Pending DAG nodes:
04/09/17 15:31:12   Node topic_lda, HTCondor ID 783, status STATUS_SUBMITTED
04/09/17 15:41:14 21692 seconds since last log event
04/09/17 15:41:14 Pending DAG nodes:
04/09/17 15:41:14   Node topic_lda, HTCondor ID 783, status STATUS_SUBMITTED
04/09/17 15:51:17 22295 seconds since last log event
04/09/17 15:51:17 Pending DAG nodes:
04/09/17 15:51:17   Node topic_lda, HTCondor ID 783, status STATUS_SUBMITTED
04/09/17 16:01:20 22898 seconds since last log event
04/09/17 16:01:20 Pending DAG nodes:
04/09/17 16:01:20   Node topic_lda, HTCondor ID 783, status STATUS_SUBMITTED
04/09/17 16:11:22 23500 seconds since last log event
04/09/17 16:11:22 Pending DAG nodes:
04/09/17 16:11:22   Node topic_lda, HTCondor ID 783, status STATUS_SUBMITTED
04/09/17 16:21:24 24102 seconds since last log event
04/09/17 16:21:24 Pending DAG nodes:
04/09/17 16:21:24   Node topic_lda, HTCondor ID 783, status STATUS_SUBMITTED
04/09/17 16:31:27 24705 seconds since last log event
04/09/17 16:31:27 Pending DAG nodes:
04/09/17 16:31:27   Node topic_lda, HTCondor ID 783, status STATUS_SUBMITTED
04/09/17 16:41:29 25307 seconds since last log event
04/09/17 16:41:29 Pending DAG nodes:
04/09/17 16:41:29   Node topic_lda, HTCondor ID 783, status STATUS_SUBMITTED
04/09/17 16:51:32 25910 seconds since last log event
04/09/17 16:51:32 Pending DAG nodes:
04/09/17 16:51:32   Node topic_lda, HTCondor ID 783, status STATUS_SUBMITTED
04/09/17 17:01:34 26512 seconds since last log event
04/09/17 17:01:34 Pending DAG nodes:
04/09/17 17:01:34   Node topic_lda, HTCondor ID 783, status STATUS_SUBMITTED
04/09/17 17:11:37 27115 seconds since last log event
04/09/17 17:11:37 Pending DAG nodes:
04/09/17 17:11:37   Node topic_lda, HTCondor ID 783, status STATUS_SUBMITTED
04/09/17 17:21:39 27717 seconds since last log event
04/09/17 17:21:39 Pending DAG nodes:
04/09/17 17:21:39   Node topic_lda, HTCondor ID 783, status STATUS_SUBMITTED
04/09/17 17:31:41 28319 seconds since last log event
04/09/17 17:31:41 Pending DAG nodes:
04/09/17 17:31:41   Node topic_lda, HTCondor ID 783, status STATUS_SUBMITTED
04/09/17 17:41:44 28922 seconds since last log event
04/09/17 17:41:44 Pending DAG nodes:
04/09/17 17:41:44   Node topic_lda, HTCondor ID 783, status STATUS_SUBMITTED
04/09/17 17:51:46 29524 seconds since last log event
04/09/17 17:51:46 Pending DAG nodes:
04/09/17 17:51:46   Node topic_lda, HTCondor ID 783, status STATUS_SUBMITTED
04/09/17 18:01:48 30126 seconds since last log event
04/09/17 18:01:48 Pending DAG nodes:
04/09/17 18:01:48   Node topic_lda, HTCondor ID 783, status STATUS_SUBMITTED
04/09/17 18:11:51 30729 seconds since last log event
04/09/17 18:11:51 Pending DAG nodes:
04/09/17 18:11:51   Node topic_lda, HTCondor ID 783, status STATUS_SUBMITTED
04/09/17 18:21:54 31332 seconds since last log event
04/09/17 18:21:54 Pending DAG nodes:
04/09/17 18:21:54   Node topic_lda, HTCondor ID 783, status STATUS_SUBMITTED
04/09/17 18:31:57 31935 seconds since last log event
04/09/17 18:31:57 Pending DAG nodes:
04/09/17 18:31:57   Node topic_lda, HTCondor ID 783, status STATUS_SUBMITTED
04/09/17 18:41:59 32537 seconds since last log event
04/09/17 18:41:59 Pending DAG nodes:
04/09/17 18:41:59   Node topic_lda, HTCondor ID 783, status STATUS_SUBMITTED
04/09/17 18:52:02 33140 seconds since last log event
04/09/17 18:52:02 Pending DAG nodes:
04/09/17 18:52:02   Node topic_lda, HTCondor ID 783, status STATUS_SUBMITTED
04/09/17 19:02:05 33743 seconds since last log event
04/09/17 19:02:05 Pending DAG nodes:
04/09/17 19:02:05   Node topic_lda, HTCondor ID 783, status STATUS_SUBMITTED
04/09/17 19:12:08 34346 seconds since last log event
04/09/17 19:12:08 Pending DAG nodes:
04/09/17 19:12:08   Node topic_lda, HTCondor ID 783, status STATUS_SUBMITTED
04/09/17 19:22:11 34949 seconds since last log event
04/09/17 19:22:11 Pending DAG nodes:
04/09/17 19:22:11   Node topic_lda, HTCondor ID 783, status STATUS_SUBMITTED
04/09/17 19:32:12 35550 seconds since last log event
04/09/17 19:32:12 Pending DAG nodes:
04/09/17 19:32:12   Node topic_lda, HTCondor ID 783, status STATUS_SUBMITTED
04/09/17 19:42:14 36152 seconds since last log event
04/09/17 19:42:14 Pending DAG nodes:
04/09/17 19:42:14   Node topic_lda, HTCondor ID 783, status STATUS_SUBMITTED
04/09/17 19:52:16 36754 seconds since last log event
04/09/17 19:52:16 Pending DAG nodes:
04/09/17 19:52:16   Node topic_lda, HTCondor ID 783, status STATUS_SUBMITTED
04/09/17 20:02:16 37354 seconds since last log event
04/09/17 20:02:16 Pending DAG nodes:
04/09/17 20:02:16   Node topic_lda, HTCondor ID 783, status STATUS_SUBMITTED
04/09/17 20:12:17 37955 seconds since last log event
04/09/17 20:12:17 Pending DAG nodes:
04/09/17 20:12:17   Node topic_lda, HTCondor ID 783, status STATUS_SUBMITTED
04/09/17 20:22:20 38558 seconds since last log event
04/09/17 20:22:20 Pending DAG nodes:
04/09/17 20:22:20   Node topic_lda, HTCondor ID 783, status STATUS_SUBMITTED
04/09/17 20:32:23 39161 seconds since last log event
04/09/17 20:32:23 Pending DAG nodes:
04/09/17 20:32:23   Node topic_lda, HTCondor ID 783, status STATUS_SUBMITTED
04/09/17 20:42:26 39764 seconds since last log event
04/09/17 20:42:26 Pending DAG nodes:
04/09/17 20:42:26   Node topic_lda, HTCondor ID 783, status STATUS_SUBMITTED
04/09/17 20:52:29 40367 seconds since last log event
04/09/17 20:52:29 Pending DAG nodes:
04/09/17 20:52:29   Node topic_lda, HTCondor ID 783, status STATUS_SUBMITTED
04/09/17 21:02:31 40969 seconds since last log event
04/09/17 21:02:31 Pending DAG nodes:
04/09/17 21:02:31   Node topic_lda, HTCondor ID 783, status STATUS_SUBMITTED
04/09/17 21:12:34 41572 seconds since last log event
04/09/17 21:12:34 Pending DAG nodes:
04/09/17 21:12:34   Node topic_lda, HTCondor ID 783, status STATUS_SUBMITTED
04/09/17 21:22:36 42174 seconds since last log event
04/09/17 21:22:36 Pending DAG nodes:
04/09/17 21:22:36   Node topic_lda, HTCondor ID 783, status STATUS_SUBMITTED
04/09/17 21:32:37 42775 seconds since last log event
04/09/17 21:32:37 Pending DAG nodes:
04/09/17 21:32:37   Node topic_lda, HTCondor ID 783, status STATUS_SUBMITTED
04/09/17 21:42:40 43378 seconds since last log event
04/09/17 21:42:40 Pending DAG nodes:
04/09/17 21:42:40   Node topic_lda, HTCondor ID 783, status STATUS_SUBMITTED
04/09/17 21:52:43 43981 seconds since last log event
04/09/17 21:52:43 Pending DAG nodes:
04/09/17 21:52:43   Node topic_lda, HTCondor ID 783, status STATUS_SUBMITTED
04/09/17 22:02:46 44584 seconds since last log event
04/09/17 22:02:46 Pending DAG nodes:
04/09/17 22:02:46   Node topic_lda, HTCondor ID 783, status STATUS_SUBMITTED
04/09/17 22:12:48 45186 seconds since last log event
04/09/17 22:12:48 Pending DAG nodes:
04/09/17 22:12:48   Node topic_lda, HTCondor ID 783, status STATUS_SUBMITTED
04/09/17 22:22:50 45788 seconds since last log event
04/09/17 22:22:50 Pending DAG nodes:
04/09/17 22:22:50   Node topic_lda, HTCondor ID 783, status STATUS_SUBMITTED
04/09/17 22:32:53 46391 seconds since last log event
04/09/17 22:32:53 Pending DAG nodes:
04/09/17 22:32:53   Node topic_lda, HTCondor ID 783, status STATUS_SUBMITTED
04/09/17 22:42:56 46994 seconds since last log event
04/09/17 22:42:56 Pending DAG nodes:
04/09/17 22:42:56   Node topic_lda, HTCondor ID 783, status STATUS_SUBMITTED
04/09/17 22:52:59 47597 seconds since last log event
04/09/17 22:52:59 Pending DAG nodes:
04/09/17 22:52:59   Node topic_lda, HTCondor ID 783, status STATUS_SUBMITTED
04/09/17 23:03:02 48200 seconds since last log event
04/09/17 23:03:02 Pending DAG nodes:
04/09/17 23:03:02   Node topic_lda, HTCondor ID 783, status STATUS_SUBMITTED
04/09/17 23:13:05 48803 seconds since last log event
04/09/17 23:13:05 Pending DAG nodes:
04/09/17 23:13:05   Node topic_lda, HTCondor ID 783, status STATUS_SUBMITTED
04/09/17 23:23:07 49405 seconds since last log event
04/09/17 23:23:07 Pending DAG nodes:
04/09/17 23:23:07   Node topic_lda, HTCondor ID 783, status STATUS_SUBMITTED
04/09/17 23:33:10 50008 seconds since last log event
04/09/17 23:33:10 Pending DAG nodes:
04/09/17 23:33:10   Node topic_lda, HTCondor ID 783, status STATUS_SUBMITTED
04/09/17 23:43:13 50611 seconds since last log event
04/09/17 23:43:13 Pending DAG nodes:
04/09/17 23:43:13   Node topic_lda, HTCondor ID 783, status STATUS_SUBMITTED
04/09/17 23:53:16 51214 seconds since last log event
04/09/17 23:53:16 Pending DAG nodes:
04/09/17 23:53:16   Node topic_lda, HTCondor ID 783, status STATUS_SUBMITTED
04/10/17 00:03:18 51816 seconds since last log event
04/10/17 00:03:18 Pending DAG nodes:
04/10/17 00:03:18   Node topic_lda, HTCondor ID 783, status STATUS_SUBMITTED
04/10/17 00:13:20 52418 seconds since last log event
04/10/17 00:13:20 Pending DAG nodes:
04/10/17 00:13:20   Node topic_lda, HTCondor ID 783, status STATUS_SUBMITTED
04/10/17 00:23:22 53020 seconds since last log event
04/10/17 00:23:22 Pending DAG nodes:
04/10/17 00:23:22   Node topic_lda, HTCondor ID 783, status STATUS_SUBMITTED
04/10/17 00:33:25 53623 seconds since last log event
04/10/17 00:33:25 Pending DAG nodes:
04/10/17 00:33:25   Node topic_lda, HTCondor ID 783, status STATUS_SUBMITTED
04/10/17 00:43:27 54225 seconds since last log event
04/10/17 00:43:27 Pending DAG nodes:
04/10/17 00:43:27   Node topic_lda, HTCondor ID 783, status STATUS_SUBMITTED
04/10/17 00:53:30 54828 seconds since last log event
04/10/17 00:53:30 Pending DAG nodes:
04/10/17 00:53:30   Node topic_lda, HTCondor ID 783, status STATUS_SUBMITTED
04/10/17 01:03:33 55431 seconds since last log event
04/10/17 01:03:33 Pending DAG nodes:
04/10/17 01:03:33   Node topic_lda, HTCondor ID 783, status STATUS_SUBMITTED
04/10/17 01:13:36 56034 seconds since last log event
04/10/17 01:13:36 Pending DAG nodes:
04/10/17 01:13:36   Node topic_lda, HTCondor ID 783, status STATUS_SUBMITTED
04/10/17 01:23:38 56636 seconds since last log event
04/10/17 01:23:38 Pending DAG nodes:
04/10/17 01:23:38   Node topic_lda, HTCondor ID 783, status STATUS_SUBMITTED
04/10/17 01:33:40 57238 seconds since last log event
04/10/17 01:33:40 Pending DAG nodes:
04/10/17 01:33:40   Node topic_lda, HTCondor ID 783, status STATUS_SUBMITTED
04/10/17 01:43:42 57840 seconds since last log event
04/10/17 01:43:42 Pending DAG nodes:
04/10/17 01:43:42   Node topic_lda, HTCondor ID 783, status STATUS_SUBMITTED
04/10/17 01:53:45 58443 seconds since last log event
04/10/17 01:53:45 Pending DAG nodes:
04/10/17 01:53:45   Node topic_lda, HTCondor ID 783, status STATUS_SUBMITTED
04/10/17 02:03:48 59046 seconds since last log event
04/10/17 02:03:48 Pending DAG nodes:
04/10/17 02:03:48   Node topic_lda, HTCondor ID 783, status STATUS_SUBMITTED
04/10/17 02:13:51 59649 seconds since last log event
04/10/17 02:13:51 Pending DAG nodes:
04/10/17 02:13:51   Node topic_lda, HTCondor ID 783, status STATUS_SUBMITTED
04/10/17 02:23:54 60252 seconds since last log event
04/10/17 02:23:54 Pending DAG nodes:
04/10/17 02:23:54   Node topic_lda, HTCondor ID 783, status STATUS_SUBMITTED
04/10/17 02:33:56 60854 seconds since last log event
04/10/17 02:33:56 Pending DAG nodes:
04/10/17 02:33:56   Node topic_lda, HTCondor ID 783, status STATUS_SUBMITTED
04/10/17 02:43:59 61457 seconds since last log event
04/10/17 02:43:59 Pending DAG nodes:
04/10/17 02:43:59   Node topic_lda, HTCondor ID 783, status STATUS_SUBMITTED
04/10/17 02:54:01 62059 seconds since last log event
04/10/17 02:54:01 Pending DAG nodes:
04/10/17 02:54:01   Node topic_lda, HTCondor ID 783, status STATUS_SUBMITTED
04/10/17 03:04:03 62661 seconds since last log event
04/10/17 03:04:03 Pending DAG nodes:
04/10/17 03:04:03   Node topic_lda, HTCondor ID 783, status STATUS_SUBMITTED
04/10/17 03:14:06 63264 seconds since last log event
04/10/17 03:14:06 Pending DAG nodes:
04/10/17 03:14:06   Node topic_lda, HTCondor ID 783, status STATUS_SUBMITTED
04/10/17 03:24:09 63867 seconds since last log event
04/10/17 03:24:09 Pending DAG nodes:
04/10/17 03:24:09   Node topic_lda, HTCondor ID 783, status STATUS_SUBMITTED
04/10/17 03:34:12 64470 seconds since last log event
04/10/17 03:34:12 Pending DAG nodes:
04/10/17 03:34:12   Node topic_lda, HTCondor ID 783, status STATUS_SUBMITTED
04/10/17 03:44:14 65072 seconds since last log event
04/10/17 03:44:14 Pending DAG nodes:
04/10/17 03:44:14   Node topic_lda, HTCondor ID 783, status STATUS_SUBMITTED
04/10/17 03:54:16 65674 seconds since last log event
04/10/17 03:54:16 Pending DAG nodes:
04/10/17 03:54:16   Node topic_lda, HTCondor ID 783, status STATUS_SUBMITTED
04/10/17 04:04:18 66276 seconds since last log event
04/10/17 04:04:18 Pending DAG nodes:
04/10/17 04:04:18   Node topic_lda, HTCondor ID 783, status STATUS_SUBMITTED
04/10/17 04:14:20 66878 seconds since last log event
04/10/17 04:14:20 Pending DAG nodes:
04/10/17 04:14:20   Node topic_lda, HTCondor ID 783, status STATUS_SUBMITTED
04/10/17 04:24:23 67481 seconds since last log event
04/10/17 04:24:23 Pending DAG nodes:
04/10/17 04:24:23   Node topic_lda, HTCondor ID 783, status STATUS_SUBMITTED
04/10/17 04:34:26 68084 seconds since last log event
04/10/17 04:34:26 Pending DAG nodes:
04/10/17 04:34:26   Node topic_lda, HTCondor ID 783, status STATUS_SUBMITTED
04/10/17 04:44:28 68686 seconds since last log event
04/10/17 04:44:28 Pending DAG nodes:
04/10/17 04:44:28   Node topic_lda, HTCondor ID 783, status STATUS_SUBMITTED
04/10/17 04:54:31 69289 seconds since last log event
04/10/17 04:54:31 Pending DAG nodes:
04/10/17 04:54:31   Node topic_lda, HTCondor ID 783, status STATUS_SUBMITTED
04/10/17 05:04:34 69892 seconds since last log event
04/10/17 05:04:34 Pending DAG nodes:
04/10/17 05:04:34   Node topic_lda, HTCondor ID 783, status STATUS_SUBMITTED
04/10/17 05:14:36 70494 seconds since last log event
04/10/17 05:14:36 Pending DAG nodes:
04/10/17 05:14:36   Node topic_lda, HTCondor ID 783, status STATUS_SUBMITTED
04/10/17 05:24:38 71096 seconds since last log event
04/10/17 05:24:38 Pending DAG nodes:
04/10/17 05:24:38   Node topic_lda, HTCondor ID 783, status STATUS_SUBMITTED
04/10/17 05:34:41 71699 seconds since last log event
04/10/17 05:34:41 Pending DAG nodes:
04/10/17 05:34:41   Node topic_lda, HTCondor ID 783, status STATUS_SUBMITTED
04/10/17 05:44:43 72301 seconds since last log event
04/10/17 05:44:43 Pending DAG nodes:
04/10/17 05:44:43   Node topic_lda, HTCondor ID 783, status STATUS_SUBMITTED
04/10/17 05:54:46 72904 seconds since last log event
04/10/17 05:54:46 Pending DAG nodes:
04/10/17 05:54:46   Node topic_lda, HTCondor ID 783, status STATUS_SUBMITTED
04/10/17 06:04:47 73505 seconds since last log event
04/10/17 06:04:47 Pending DAG nodes:
04/10/17 06:04:47   Node topic_lda, HTCondor ID 783, status STATUS_SUBMITTED
04/10/17 06:14:49 74107 seconds since last log event
04/10/17 06:14:49 Pending DAG nodes:
04/10/17 06:14:49   Node topic_lda, HTCondor ID 783, status STATUS_SUBMITTED
04/10/17 06:24:52 74710 seconds since last log event
04/10/17 06:24:52 Pending DAG nodes:
04/10/17 06:24:52   Node topic_lda, HTCondor ID 783, status STATUS_SUBMITTED
04/10/17 06:34:55 75313 seconds since last log event
04/10/17 06:34:55 Pending DAG nodes:
04/10/17 06:34:55   Node topic_lda, HTCondor ID 783, status STATUS_SUBMITTED
04/10/17 06:44:58 75916 seconds since last log event
04/10/17 06:44:58 Pending DAG nodes:
04/10/17 06:44:58   Node topic_lda, HTCondor ID 783, status STATUS_SUBMITTED
04/10/17 06:55:00 76518 seconds since last log event
04/10/17 06:55:00 Pending DAG nodes:
04/10/17 06:55:00   Node topic_lda, HTCondor ID 783, status STATUS_SUBMITTED
04/10/17 07:05:03 77121 seconds since last log event
04/10/17 07:05:03 Pending DAG nodes:
04/10/17 07:05:03   Node topic_lda, HTCondor ID 783, status STATUS_SUBMITTED
04/10/17 07:15:05 77723 seconds since last log event
04/10/17 07:15:05 Pending DAG nodes:
04/10/17 07:15:05   Node topic_lda, HTCondor ID 783, status STATUS_SUBMITTED
04/10/17 07:25:08 78326 seconds since last log event
04/10/17 07:25:08 Pending DAG nodes:
04/10/17 07:25:08   Node topic_lda, HTCondor ID 783, status STATUS_SUBMITTED
04/10/17 07:35:10 78928 seconds since last log event
04/10/17 07:35:10 Pending DAG nodes:
04/10/17 07:35:10   Node topic_lda, HTCondor ID 783, status STATUS_SUBMITTED
04/10/17 07:45:13 79531 seconds since last log event
04/10/17 07:45:13 Pending DAG nodes:
04/10/17 07:45:13   Node topic_lda, HTCondor ID 783, status STATUS_SUBMITTED
04/10/17 07:55:16 80134 seconds since last log event
04/10/17 07:55:16 Pending DAG nodes:
04/10/17 07:55:16   Node topic_lda, HTCondor ID 783, status STATUS_SUBMITTED
04/10/17 08:05:18 80736 seconds since last log event
04/10/17 08:05:18 Pending DAG nodes:
04/10/17 08:05:18   Node topic_lda, HTCondor ID 783, status STATUS_SUBMITTED
04/10/17 08:15:20 81338 seconds since last log event
04/10/17 08:15:20 Pending DAG nodes:
04/10/17 08:15:20   Node topic_lda, HTCondor ID 783, status STATUS_SUBMITTED
04/10/17 08:25:23 81941 seconds since last log event
04/10/17 08:25:23 Pending DAG nodes:
04/10/17 08:25:23   Node topic_lda, HTCondor ID 783, status STATUS_SUBMITTED
04/10/17 08:35:26 82544 seconds since last log event
04/10/17 08:35:26 Pending DAG nodes:
04/10/17 08:35:26   Node topic_lda, HTCondor ID 783, status STATUS_SUBMITTED
04/10/17 08:45:28 83146 seconds since last log event
04/10/17 08:45:28 Pending DAG nodes:
04/10/17 08:45:28   Node topic_lda, HTCondor ID 783, status STATUS_SUBMITTED
04/10/17 08:55:31 83749 seconds since last log event
04/10/17 08:55:31 Pending DAG nodes:
04/10/17 08:55:31   Node topic_lda, HTCondor ID 783, status STATUS_SUBMITTED
04/10/17 09:05:34 84352 seconds since last log event
04/10/17 09:05:34 Pending DAG nodes:
04/10/17 09:05:34   Node topic_lda, HTCondor ID 783, status STATUS_SUBMITTED
04/10/17 09:15:36 84954 seconds since last log event
04/10/17 09:15:36 Pending DAG nodes:
04/10/17 09:15:36   Node topic_lda, HTCondor ID 783, status STATUS_SUBMITTED
04/10/17 09:25:39 85557 seconds since last log event
04/10/17 09:25:39 Pending DAG nodes:
04/10/17 09:25:39   Node topic_lda, HTCondor ID 783, status STATUS_SUBMITTED
04/10/17 09:35:42 86160 seconds since last log event
04/10/17 09:35:42 Pending DAG nodes:
04/10/17 09:35:42   Node topic_lda, HTCondor ID 783, status STATUS_SUBMITTED
04/10/17 09:45:45 86763 seconds since last log event
04/10/17 09:45:45 Pending DAG nodes:
04/10/17 09:45:45   Node topic_lda, HTCondor ID 783, status STATUS_SUBMITTED
04/10/17 09:55:46 87364 seconds since last log event
04/10/17 09:55:46 Pending DAG nodes:
04/10/17 09:55:46   Node topic_lda, HTCondor ID 783, status STATUS_SUBMITTED
04/10/17 10:05:49 87967 seconds since last log event
04/10/17 10:05:49 Pending DAG nodes:
04/10/17 10:05:49   Node topic_lda, HTCondor ID 783, status STATUS_SUBMITTED
04/10/17 10:15:50 88568 seconds since last log event
04/10/17 10:15:50 Pending DAG nodes:
04/10/17 10:15:50   Node topic_lda, HTCondor ID 783, status STATUS_SUBMITTED
04/10/17 10:25:52 89170 seconds since last log event
04/10/17 10:25:52 Pending DAG nodes:
04/10/17 10:25:52   Node topic_lda, HTCondor ID 783, status STATUS_SUBMITTED
04/10/17 10:35:55 89773 seconds since last log event
04/10/17 10:35:55 Pending DAG nodes:
04/10/17 10:35:55   Node topic_lda, HTCondor ID 783, status STATUS_SUBMITTED
04/10/17 10:45:57 90375 seconds since last log event
04/10/17 10:45:57 Pending DAG nodes:
04/10/17 10:45:57   Node topic_lda, HTCondor ID 783, status STATUS_SUBMITTED
04/10/17 10:56:00 90978 seconds since last log event
04/10/17 10:56:00 Pending DAG nodes:
04/10/17 10:56:00   Node topic_lda, HTCondor ID 783, status STATUS_SUBMITTED
04/10/17 11:06:02 91580 seconds since last log event
04/10/17 11:06:02 Pending DAG nodes:
04/10/17 11:06:02   Node topic_lda, HTCondor ID 783, status STATUS_SUBMITTED
04/10/17 11:16:02 92180 seconds since last log event
04/10/17 11:16:02 Pending DAG nodes:
04/10/17 11:16:02   Node topic_lda, HTCondor ID 783, status STATUS_SUBMITTED
04/10/17 11:26:04 92782 seconds since last log event
04/10/17 11:26:04 Pending DAG nodes:
04/10/17 11:26:04   Node topic_lda, HTCondor ID 783, status STATUS_SUBMITTED
04/10/17 11:36:06 93384 seconds since last log event
04/10/17 11:36:06 Pending DAG nodes:
04/10/17 11:36:06   Node topic_lda, HTCondor ID 783, status STATUS_SUBMITTED
04/10/17 11:46:09 93987 seconds since last log event
04/10/17 11:46:09 Pending DAG nodes:
04/10/17 11:46:09   Node topic_lda, HTCondor ID 783, status STATUS_SUBMITTED
04/10/17 11:56:11 94589 seconds since last log event
04/10/17 11:56:11 Pending DAG nodes:
04/10/17 11:56:11   Node topic_lda, HTCondor ID 783, status STATUS_SUBMITTED
04/10/17 12:06:13 95191 seconds since last log event
04/10/17 12:06:13 Pending DAG nodes:
04/10/17 12:06:13   Node topic_lda, HTCondor ID 783, status STATUS_SUBMITTED
04/10/17 12:16:16 95794 seconds since last log event
04/10/17 12:16:16 Pending DAG nodes:
04/10/17 12:16:16   Node topic_lda, HTCondor ID 783, status STATUS_SUBMITTED
04/10/17 12:26:19 96397 seconds since last log event
04/10/17 12:26:19 Pending DAG nodes:
04/10/17 12:26:19   Node topic_lda, HTCondor ID 783, status STATUS_SUBMITTED
04/10/17 12:36:22 97000 seconds since last log event
04/10/17 12:36:22 Pending DAG nodes:
04/10/17 12:36:22   Node topic_lda, HTCondor ID 783, status STATUS_SUBMITTED
04/10/17 12:46:25 97603 seconds since last log event
04/10/17 12:46:25 Pending DAG nodes:
04/10/17 12:46:25   Node topic_lda, HTCondor ID 783, status STATUS_SUBMITTED
04/10/17 12:56:27 98205 seconds since last log event
04/10/17 12:56:27 Pending DAG nodes:
04/10/17 12:56:27   Node topic_lda, HTCondor ID 783, status STATUS_SUBMITTED
04/10/17 13:06:29 98807 seconds since last log event
04/10/17 13:06:29 Pending DAG nodes:
04/10/17 13:06:29   Node topic_lda, HTCondor ID 783, status STATUS_SUBMITTED
04/10/17 13:16:32 99410 seconds since last log event
04/10/17 13:16:32 Pending DAG nodes:
04/10/17 13:16:32   Node topic_lda, HTCondor ID 783, status STATUS_SUBMITTED
04/10/17 13:26:33 100011 seconds since last log event
04/10/17 13:26:33 Pending DAG nodes:
04/10/17 13:26:33   Node topic_lda, HTCondor ID 783, status STATUS_SUBMITTED
04/10/17 13:36:34 100612 seconds since last log event
04/10/17 13:36:34 Pending DAG nodes:
04/10/17 13:36:34   Node topic_lda, HTCondor ID 783, status STATUS_SUBMITTED
04/10/17 13:46:36 101214 seconds since last log event
04/10/17 13:46:36 Pending DAG nodes:
04/10/17 13:46:36   Node topic_lda, HTCondor ID 783, status STATUS_SUBMITTED
04/10/17 13:56:39 101817 seconds since last log event
04/10/17 13:56:39 Pending DAG nodes:
04/10/17 13:56:39   Node topic_lda, HTCondor ID 783, status STATUS_SUBMITTED
04/10/17 14:06:41 102419 seconds since last log event
04/10/17 14:06:41 Pending DAG nodes:
04/10/17 14:06:41   Node topic_lda, HTCondor ID 783, status STATUS_SUBMITTED
04/10/17 14:16:43 103021 seconds since last log event
04/10/17 14:16:43 Pending DAG nodes:
04/10/17 14:16:43   Node topic_lda, HTCondor ID 783, status STATUS_SUBMITTED
04/10/17 14:26:46 103624 seconds since last log event
04/10/17 14:26:46 Pending DAG nodes:
04/10/17 14:26:46   Node topic_lda, HTCondor ID 783, status STATUS_SUBMITTED
04/10/17 14:36:49 104227 seconds since last log event
04/10/17 14:36:49 Pending DAG nodes:
04/10/17 14:36:49   Node topic_lda, HTCondor ID 783, status STATUS_SUBMITTED
04/10/17 14:46:51 104829 seconds since last log event
04/10/17 14:46:51 Pending DAG nodes:
04/10/17 14:46:51   Node topic_lda, HTCondor ID 783, status STATUS_SUBMITTED
04/10/17 14:56:52 105430 seconds since last log event
04/10/17 14:56:52 Pending DAG nodes:
04/10/17 14:56:52   Node topic_lda, HTCondor ID 783, status STATUS_SUBMITTED
04/10/17 15:06:55 106033 seconds since last log event
04/10/17 15:06:55 Pending DAG nodes:
04/10/17 15:06:55   Node topic_lda, HTCondor ID 783, status STATUS_SUBMITTED
04/10/17 15:16:58 106636 seconds since last log event
04/10/17 15:16:58 Pending DAG nodes:
04/10/17 15:16:58   Node topic_lda, HTCondor ID 783, status STATUS_SUBMITTED
04/10/17 15:27:01 107239 seconds since last log event
04/10/17 15:27:01 Pending DAG nodes:
04/10/17 15:27:01   Node topic_lda, HTCondor ID 783, status STATUS_SUBMITTED
04/10/17 15:37:05 107843 seconds since last log event
04/10/17 15:37:05 Pending DAG nodes:
04/10/17 15:37:05   Node topic_lda, HTCondor ID 783, status STATUS_SUBMITTED
04/10/17 15:47:08 108446 seconds since last log event
04/10/17 15:47:08 Pending DAG nodes:
04/10/17 15:47:08   Node topic_lda, HTCondor ID 783, status STATUS_SUBMITTED
04/10/17 15:57:10 109048 seconds since last log event
04/10/17 15:57:10 Pending DAG nodes:
04/10/17 15:57:10   Node topic_lda, HTCondor ID 783, status STATUS_SUBMITTED
04/10/17 16:07:13 109651 seconds since last log event
04/10/17 16:07:13 Pending DAG nodes:
04/10/17 16:07:13   Node topic_lda, HTCondor ID 783, status STATUS_SUBMITTED
04/10/17 16:17:16 110254 seconds since last log event
04/10/17 16:17:16 Pending DAG nodes:
04/10/17 16:17:16   Node topic_lda, HTCondor ID 783, status STATUS_SUBMITTED
04/10/17 16:27:19 110857 seconds since last log event
04/10/17 16:27:19 Pending DAG nodes:
04/10/17 16:27:19   Node topic_lda, HTCondor ID 783, status STATUS_SUBMITTED
04/10/17 16:37:21 111459 seconds since last log event
04/10/17 16:37:21 Pending DAG nodes:
04/10/17 16:37:21   Node topic_lda, HTCondor ID 783, status STATUS_SUBMITTED
04/10/17 16:47:24 112062 seconds since last log event
04/10/17 16:47:24 Pending DAG nodes:
04/10/17 16:47:24   Node topic_lda, HTCondor ID 783, status STATUS_SUBMITTED
04/10/17 16:57:26 112664 seconds since last log event
04/10/17 16:57:26 Pending DAG nodes:
04/10/17 16:57:26   Node topic_lda, HTCondor ID 783, status STATUS_SUBMITTED
04/10/17 17:07:29 113267 seconds since last log event
04/10/17 17:07:29 Pending DAG nodes:
04/10/17 17:07:29   Node topic_lda, HTCondor ID 783, status STATUS_SUBMITTED
04/10/17 17:17:31 113869 seconds since last log event
04/10/17 17:17:31 Pending DAG nodes:
04/10/17 17:17:31   Node topic_lda, HTCondor ID 783, status STATUS_SUBMITTED
04/10/17 17:27:34 114472 seconds since last log event
04/10/17 17:27:34 Pending DAG nodes:
04/10/17 17:27:34   Node topic_lda, HTCondor ID 783, status STATUS_SUBMITTED
04/10/17 17:37:36 115074 seconds since last log event
04/10/17 17:37:36 Pending DAG nodes:
04/10/17 17:37:36   Node topic_lda, HTCondor ID 783, status STATUS_SUBMITTED
04/10/17 17:47:39 115677 seconds since last log event
04/10/17 17:47:39 Pending DAG nodes:
04/10/17 17:47:39   Node topic_lda, HTCondor ID 783, status STATUS_SUBMITTED
04/10/17 17:57:41 116279 seconds since last log event
04/10/17 17:57:41 Pending DAG nodes:
04/10/17 17:57:41   Node topic_lda, HTCondor ID 783, status STATUS_SUBMITTED
04/10/17 18:07:44 116882 seconds since last log event
04/10/17 18:07:44 Pending DAG nodes:
04/10/17 18:07:44   Node topic_lda, HTCondor ID 783, status STATUS_SUBMITTED
04/10/17 18:17:46 117484 seconds since last log event
04/10/17 18:17:46 Pending DAG nodes:
04/10/17 18:17:46   Node topic_lda, HTCondor ID 783, status STATUS_SUBMITTED
04/10/17 18:27:49 118087 seconds since last log event
04/10/17 18:27:49 Pending DAG nodes:
04/10/17 18:27:49   Node topic_lda, HTCondor ID 783, status STATUS_SUBMITTED
04/10/17 18:37:52 118690 seconds since last log event
04/10/17 18:37:52 Pending DAG nodes:
04/10/17 18:37:52   Node topic_lda, HTCondor ID 783, status STATUS_SUBMITTED
04/10/17 18:47:54 119292 seconds since last log event
04/10/17 18:47:54 Pending DAG nodes:
04/10/17 18:47:54   Node topic_lda, HTCondor ID 783, status STATUS_SUBMITTED
04/10/17 18:57:57 119895 seconds since last log event
04/10/17 18:57:57 Pending DAG nodes:
04/10/17 18:57:57   Node topic_lda, HTCondor ID 783, status STATUS_SUBMITTED
04/10/17 19:07:58 120496 seconds since last log event
04/10/17 19:07:58 Pending DAG nodes:
04/10/17 19:07:58   Node topic_lda, HTCondor ID 783, status STATUS_SUBMITTED
04/10/17 19:18:00 121098 seconds since last log event
04/10/17 19:18:00 Pending DAG nodes:
04/10/17 19:18:00   Node topic_lda, HTCondor ID 783, status STATUS_SUBMITTED
04/10/17 19:28:03 121701 seconds since last log event
04/10/17 19:28:03 Pending DAG nodes:
04/10/17 19:28:03   Node topic_lda, HTCondor ID 783, status STATUS_SUBMITTED
04/10/17 19:38:06 122304 seconds since last log event
04/10/17 19:38:06 Pending DAG nodes:
04/10/17 19:38:06   Node topic_lda, HTCondor ID 783, status STATUS_SUBMITTED
04/10/17 19:48:09 122907 seconds since last log event
04/10/17 19:48:09 Pending DAG nodes:
04/10/17 19:48:09   Node topic_lda, HTCondor ID 783, status STATUS_SUBMITTED
04/10/17 19:58:12 123510 seconds since last log event
04/10/17 19:58:12 Pending DAG nodes:
04/10/17 19:58:12   Node topic_lda, HTCondor ID 783, status STATUS_SUBMITTED
04/10/17 20:08:14 124112 seconds since last log event
04/10/17 20:08:14 Pending DAG nodes:
04/10/17 20:08:14   Node topic_lda, HTCondor ID 783, status STATUS_SUBMITTED
04/10/17 20:18:17 124715 seconds since last log event
04/10/17 20:18:17 Pending DAG nodes:
04/10/17 20:18:17   Node topic_lda, HTCondor ID 783, status STATUS_SUBMITTED
04/10/17 20:28:20 125318 seconds since last log event
04/10/17 20:28:20 Pending DAG nodes:
04/10/17 20:28:20   Node topic_lda, HTCondor ID 783, status STATUS_SUBMITTED
04/10/17 20:38:23 125921 seconds since last log event
04/10/17 20:38:23 Pending DAG nodes:
04/10/17 20:38:23   Node topic_lda, HTCondor ID 783, status STATUS_SUBMITTED
04/10/17 20:48:25 126523 seconds since last log event
04/10/17 20:48:25 Pending DAG nodes:
04/10/17 20:48:25   Node topic_lda, HTCondor ID 783, status STATUS_SUBMITTED
04/10/17 20:58:26 127124 seconds since last log event
04/10/17 20:58:26 Pending DAG nodes:
04/10/17 20:58:26   Node topic_lda, HTCondor ID 783, status STATUS_SUBMITTED
04/10/17 21:08:28 127726 seconds since last log event
04/10/17 21:08:28 Pending DAG nodes:
04/10/17 21:08:28   Node topic_lda, HTCondor ID 783, status STATUS_SUBMITTED
04/10/17 21:18:28 128326 seconds since last log event
04/10/17 21:18:28 Pending DAG nodes:
04/10/17 21:18:28   Node topic_lda, HTCondor ID 783, status STATUS_SUBMITTED
04/10/17 21:28:30 128928 seconds since last log event
04/10/17 21:28:30 Pending DAG nodes:
04/10/17 21:28:30   Node topic_lda, HTCondor ID 783, status STATUS_SUBMITTED
04/10/17 21:38:31 129529 seconds since last log event
04/10/17 21:38:31 Pending DAG nodes:
04/10/17 21:38:31   Node topic_lda, HTCondor ID 783, status STATUS_SUBMITTED
04/10/17 21:48:33 130131 seconds since last log event
04/10/17 21:48:33 Pending DAG nodes:
04/10/17 21:48:33   Node topic_lda, HTCondor ID 783, status STATUS_SUBMITTED
04/10/17 21:58:34 130732 seconds since last log event
04/10/17 21:58:35 Pending DAG nodes:
04/10/17 21:58:35   Node topic_lda, HTCondor ID 783, status STATUS_SUBMITTED
04/10/17 22:08:37 131335 seconds since last log event
04/10/17 22:08:37 Pending DAG nodes:
04/10/17 22:08:37   Node topic_lda, HTCondor ID 783, status STATUS_SUBMITTED
04/10/17 22:18:39 131937 seconds since last log event
04/10/17 22:18:39 Pending DAG nodes:
04/10/17 22:18:39   Node topic_lda, HTCondor ID 783, status STATUS_SUBMITTED
04/10/17 22:28:40 132538 seconds since last log event
04/10/17 22:28:40 Pending DAG nodes:
04/10/17 22:28:40   Node topic_lda, HTCondor ID 783, status STATUS_SUBMITTED
04/10/17 22:38:41 133139 seconds since last log event
04/10/17 22:38:41 Pending DAG nodes:
04/10/17 22:38:41   Node topic_lda, HTCondor ID 783, status STATUS_SUBMITTED
04/10/17 22:48:43 133741 seconds since last log event
04/10/17 22:48:43 Pending DAG nodes:
04/10/17 22:48:43   Node topic_lda, HTCondor ID 783, status STATUS_SUBMITTED
04/10/17 22:58:45 134343 seconds since last log event
04/10/17 22:58:45 Pending DAG nodes:
04/10/17 22:58:45   Node topic_lda, HTCondor ID 783, status STATUS_SUBMITTED
04/10/17 23:08:46 134944 seconds since last log event
04/10/17 23:08:46 Pending DAG nodes:
04/10/17 23:08:46   Node topic_lda, HTCondor ID 783, status STATUS_SUBMITTED
04/10/17 23:18:48 135546 seconds since last log event
04/10/17 23:18:48 Pending DAG nodes:
04/10/17 23:18:48   Node topic_lda, HTCondor ID 783, status STATUS_SUBMITTED
04/10/17 23:28:49 136147 seconds since last log event
04/10/17 23:28:49 Pending DAG nodes:
04/10/17 23:28:49   Node topic_lda, HTCondor ID 783, status STATUS_SUBMITTED
04/10/17 23:38:50 136748 seconds since last log event
04/10/17 23:38:50 Pending DAG nodes:
04/10/17 23:38:50   Node topic_lda, HTCondor ID 783, status STATUS_SUBMITTED
04/10/17 23:48:51 137349 seconds since last log event
04/10/17 23:48:51 Pending DAG nodes:
04/10/17 23:48:51   Node topic_lda, HTCondor ID 783, status STATUS_SUBMITTED
04/10/17 23:58:53 137951 seconds since last log event
04/10/17 23:58:53 Pending DAG nodes:
04/10/17 23:58:53   Node topic_lda, HTCondor ID 783, status STATUS_SUBMITTED
04/11/17 00:08:54 138552 seconds since last log event
04/11/17 00:08:54 Pending DAG nodes:
04/11/17 00:08:54   Node topic_lda, HTCondor ID 783, status STATUS_SUBMITTED
04/11/17 00:18:56 139154 seconds since last log event
04/11/17 00:18:56 Pending DAG nodes:
04/11/17 00:18:56   Node topic_lda, HTCondor ID 783, status STATUS_SUBMITTED
04/11/17 00:28:58 139756 seconds since last log event
04/11/17 00:28:58 Pending DAG nodes:
04/11/17 00:28:58   Node topic_lda, HTCondor ID 783, status STATUS_SUBMITTED
04/11/17 00:38:59 140357 seconds since last log event
04/11/17 00:38:59 Pending DAG nodes:
04/11/17 00:38:59   Node topic_lda, HTCondor ID 783, status STATUS_SUBMITTED
04/11/17 00:49:01 140959 seconds since last log event
04/11/17 00:49:01 Pending DAG nodes:
04/11/17 00:49:01   Node topic_lda, HTCondor ID 783, status STATUS_SUBMITTED
04/11/17 00:59:03 141561 seconds since last log event
04/11/17 00:59:03 Pending DAG nodes:
04/11/17 00:59:03   Node topic_lda, HTCondor ID 783, status STATUS_SUBMITTED
04/11/17 01:09:04 142162 seconds since last log event
04/11/17 01:09:04 Pending DAG nodes:
04/11/17 01:09:04   Node topic_lda, HTCondor ID 783, status STATUS_SUBMITTED
04/11/17 01:19:06 142764 seconds since last log event
04/11/17 01:19:06 Pending DAG nodes:
04/11/17 01:19:06   Node topic_lda, HTCondor ID 783, status STATUS_SUBMITTED
04/11/17 01:29:08 143366 seconds since last log event
04/11/17 01:29:08 Pending DAG nodes:
04/11/17 01:29:08   Node topic_lda, HTCondor ID 783, status STATUS_SUBMITTED
04/11/17 01:39:10 143968 seconds since last log event
04/11/17 01:39:10 Pending DAG nodes:
04/11/17 01:39:10   Node topic_lda, HTCondor ID 783, status STATUS_SUBMITTED
04/11/17 01:49:11 144569 seconds since last log event
04/11/17 01:49:11 Pending DAG nodes:
04/11/17 01:49:11   Node topic_lda, HTCondor ID 783, status STATUS_SUBMITTED
04/11/17 01:59:13 145171 seconds since last log event
04/11/17 01:59:13 Pending DAG nodes:
04/11/17 01:59:13   Node topic_lda, HTCondor ID 783, status STATUS_SUBMITTED
04/11/17 02:09:15 145773 seconds since last log event
04/11/17 02:09:15 Pending DAG nodes:
04/11/17 02:09:15   Node topic_lda, HTCondor ID 783, status STATUS_SUBMITTED
04/11/17 02:19:17 146375 seconds since last log event
04/11/17 02:19:17 Pending DAG nodes:
04/11/17 02:19:17   Node topic_lda, HTCondor ID 783, status STATUS_SUBMITTED
04/11/17 02:29:18 146976 seconds since last log event
04/11/17 02:29:18 Pending DAG nodes:
04/11/17 02:29:18   Node topic_lda, HTCondor ID 783, status STATUS_SUBMITTED
04/11/17 02:39:20 147578 seconds since last log event
04/11/17 02:39:20 Pending DAG nodes:
04/11/17 02:39:20   Node topic_lda, HTCondor ID 783, status STATUS_SUBMITTED
04/11/17 02:49:22 148180 seconds since last log event
04/11/17 02:49:22 Pending DAG nodes:
04/11/17 02:49:22   Node topic_lda, HTCondor ID 783, status STATUS_SUBMITTED
04/11/17 02:59:24 148782 seconds since last log event
04/11/17 02:59:24 Pending DAG nodes:
04/11/17 02:59:24   Node topic_lda, HTCondor ID 783, status STATUS_SUBMITTED
04/11/17 03:09:26 149384 seconds since last log event
04/11/17 03:09:26 Pending DAG nodes:
04/11/17 03:09:26   Node topic_lda, HTCondor ID 783, status STATUS_SUBMITTED
04/11/17 03:19:28 149986 seconds since last log event
04/11/17 03:19:28 Pending DAG nodes:
04/11/17 03:19:28   Node topic_lda, HTCondor ID 783, status STATUS_SUBMITTED
04/11/17 03:29:30 150588 seconds since last log event
04/11/17 03:29:30 Pending DAG nodes:
04/11/17 03:29:30   Node topic_lda, HTCondor ID 783, status STATUS_SUBMITTED
04/11/17 03:39:31 151189 seconds since last log event
04/11/17 03:39:31 Pending DAG nodes:
04/11/17 03:39:31   Node topic_lda, HTCondor ID 783, status STATUS_SUBMITTED
04/11/17 03:49:33 151791 seconds since last log event
04/11/17 03:49:33 Pending DAG nodes:
04/11/17 03:49:33   Node topic_lda, HTCondor ID 783, status STATUS_SUBMITTED
04/11/17 03:59:34 152392 seconds since last log event
04/11/17 03:59:34 Pending DAG nodes:
04/11/17 03:59:34   Node topic_lda, HTCondor ID 783, status STATUS_SUBMITTED
04/11/17 04:09:36 152994 seconds since last log event
04/11/17 04:09:36 Pending DAG nodes:
04/11/17 04:09:36   Node topic_lda, HTCondor ID 783, status STATUS_SUBMITTED
04/11/17 04:19:38 153596 seconds since last log event
04/11/17 04:19:38 Pending DAG nodes:
04/11/17 04:19:38   Node topic_lda, HTCondor ID 783, status STATUS_SUBMITTED
04/11/17 04:29:40 154198 seconds since last log event
04/11/17 04:29:40 Pending DAG nodes:
04/11/17 04:29:40   Node topic_lda, HTCondor ID 783, status STATUS_SUBMITTED
04/11/17 04:39:41 154799 seconds since last log event
04/11/17 04:39:41 Pending DAG nodes:
04/11/17 04:39:41   Node topic_lda, HTCondor ID 783, status STATUS_SUBMITTED
04/11/17 04:49:42 155400 seconds since last log event
04/11/17 04:49:42 Pending DAG nodes:
04/11/17 04:49:42   Node topic_lda, HTCondor ID 783, status STATUS_SUBMITTED
04/11/17 04:59:44 156002 seconds since last log event
04/11/17 04:59:44 Pending DAG nodes:
04/11/17 04:59:44   Node topic_lda, HTCondor ID 783, status STATUS_SUBMITTED
04/11/17 05:09:46 156604 seconds since last log event
04/11/17 05:09:46 Pending DAG nodes:
04/11/17 05:09:46   Node topic_lda, HTCondor ID 783, status STATUS_SUBMITTED
04/11/17 05:19:47 157205 seconds since last log event
04/11/17 05:19:47 Pending DAG nodes:
04/11/17 05:19:47   Node topic_lda, HTCondor ID 783, status STATUS_SUBMITTED
04/11/17 05:29:49 157807 seconds since last log event
04/11/17 05:29:49 Pending DAG nodes:
04/11/17 05:29:49   Node topic_lda, HTCondor ID 783, status STATUS_SUBMITTED
04/11/17 05:39:50 158408 seconds since last log event
04/11/17 05:39:50 Pending DAG nodes:
04/11/17 05:39:50   Node topic_lda, HTCondor ID 783, status STATUS_SUBMITTED
04/11/17 05:49:52 159010 seconds since last log event
04/11/17 05:49:52 Pending DAG nodes:
04/11/17 05:49:52   Node topic_lda, HTCondor ID 783, status STATUS_SUBMITTED
04/11/17 05:59:53 159611 seconds since last log event
04/11/17 05:59:53 Pending DAG nodes:
04/11/17 05:59:53   Node topic_lda, HTCondor ID 783, status STATUS_SUBMITTED
04/11/17 06:09:55 160213 seconds since last log event
04/11/17 06:09:55 Pending DAG nodes:
04/11/17 06:09:55   Node topic_lda, HTCondor ID 783, status STATUS_SUBMITTED
04/11/17 06:19:57 160815 seconds since last log event
04/11/17 06:19:57 Pending DAG nodes:
04/11/17 06:19:57   Node topic_lda, HTCondor ID 783, status STATUS_SUBMITTED
04/11/17 06:29:59 161417 seconds since last log event
04/11/17 06:29:59 Pending DAG nodes:
04/11/17 06:29:59   Node topic_lda, HTCondor ID 783, status STATUS_SUBMITTED
04/11/17 06:40:00 162018 seconds since last log event
04/11/17 06:40:00 Pending DAG nodes:
04/11/17 06:40:00   Node topic_lda, HTCondor ID 783, status STATUS_SUBMITTED
04/11/17 06:50:02 162620 seconds since last log event
04/11/17 06:50:02 Pending DAG nodes:
04/11/17 06:50:02   Node topic_lda, HTCondor ID 783, status STATUS_SUBMITTED
04/11/17 07:00:04 163222 seconds since last log event
04/11/17 07:00:04 Pending DAG nodes:
04/11/17 07:00:04   Node topic_lda, HTCondor ID 783, status STATUS_SUBMITTED
04/11/17 07:10:06 163824 seconds since last log event
04/11/17 07:10:06 Pending DAG nodes:
04/11/17 07:10:06   Node topic_lda, HTCondor ID 783, status STATUS_SUBMITTED
04/11/17 07:20:08 164426 seconds since last log event
04/11/17 07:20:08 Pending DAG nodes:
04/11/17 07:20:08   Node topic_lda, HTCondor ID 783, status STATUS_SUBMITTED
04/11/17 07:30:09 165027 seconds since last log event
04/11/17 07:30:09 Pending DAG nodes:
04/11/17 07:30:09   Node topic_lda, HTCondor ID 783, status STATUS_SUBMITTED
04/11/17 07:40:11 165629 seconds since last log event
04/11/17 07:40:11 Pending DAG nodes:
04/11/17 07:40:11   Node topic_lda, HTCondor ID 783, status STATUS_SUBMITTED
04/11/17 07:50:12 166230 seconds since last log event
04/11/17 07:50:12 Pending DAG nodes:
04/11/17 07:50:12   Node topic_lda, HTCondor ID 783, status STATUS_SUBMITTED
04/11/17 08:00:14 166832 seconds since last log event
04/11/17 08:00:14 Pending DAG nodes:
04/11/17 08:00:14   Node topic_lda, HTCondor ID 783, status STATUS_SUBMITTED
04/11/17 08:10:15 167433 seconds since last log event
04/11/17 08:10:15 Pending DAG nodes:
04/11/17 08:10:15   Node topic_lda, HTCondor ID 783, status STATUS_SUBMITTED
04/11/17 08:20:17 168035 seconds since last log event
04/11/17 08:20:17 Pending DAG nodes:
04/11/17 08:20:17   Node topic_lda, HTCondor ID 783, status STATUS_SUBMITTED
04/11/17 08:30:19 168637 seconds since last log event
04/11/17 08:30:19 Pending DAG nodes:
04/11/17 08:30:19   Node topic_lda, HTCondor ID 783, status STATUS_SUBMITTED
04/11/17 08:40:21 169239 seconds since last log event
04/11/17 08:40:21 Pending DAG nodes:
04/11/17 08:40:21   Node topic_lda, HTCondor ID 783, status STATUS_SUBMITTED
04/11/17 08:50:23 169841 seconds since last log event
04/11/17 08:50:23 Pending DAG nodes:
04/11/17 08:50:23   Node topic_lda, HTCondor ID 783, status STATUS_SUBMITTED
04/11/17 09:00:25 170443 seconds since last log event
04/11/17 09:00:25 Pending DAG nodes:
04/11/17 09:00:25   Node topic_lda, HTCondor ID 783, status STATUS_SUBMITTED
04/11/17 09:10:26 171044 seconds since last log event
04/11/17 09:10:26 Pending DAG nodes:
04/11/17 09:10:26   Node topic_lda, HTCondor ID 783, status STATUS_SUBMITTED
04/11/17 09:20:28 171646 seconds since last log event
04/11/17 09:20:28 Pending DAG nodes:
04/11/17 09:20:28   Node topic_lda, HTCondor ID 783, status STATUS_SUBMITTED
04/11/17 09:30:30 172248 seconds since last log event
04/11/17 09:30:30 Pending DAG nodes:
04/11/17 09:30:30   Node topic_lda, HTCondor ID 783, status STATUS_SUBMITTED
04/11/17 09:40:31 172849 seconds since last log event
04/11/17 09:40:31 Pending DAG nodes:
04/11/17 09:40:31   Node topic_lda, HTCondor ID 783, status STATUS_SUBMITTED
04/11/17 09:50:33 173451 seconds since last log event
04/11/17 09:50:33 Pending DAG nodes:
04/11/17 09:50:33   Node topic_lda, HTCondor ID 783, status STATUS_SUBMITTED
04/11/17 10:00:34 174052 seconds since last log event
04/11/17 10:00:34 Pending DAG nodes:
04/11/17 10:00:34   Node topic_lda, HTCondor ID 783, status STATUS_SUBMITTED
04/11/17 10:10:36 174654 seconds since last log event
04/11/17 10:10:36 Pending DAG nodes:
04/11/17 10:10:36   Node topic_lda, HTCondor ID 783, status STATUS_SUBMITTED
04/11/17 10:20:38 175256 seconds since last log event
04/11/17 10:20:38 Pending DAG nodes:
04/11/17 10:20:38   Node topic_lda, HTCondor ID 783, status STATUS_SUBMITTED
04/11/17 10:30:40 175858 seconds since last log event
04/11/17 10:30:40 Pending DAG nodes:
04/11/17 10:30:40   Node topic_lda, HTCondor ID 783, status STATUS_SUBMITTED
04/11/17 10:40:42 176460 seconds since last log event
04/11/17 10:40:42 Pending DAG nodes:
04/11/17 10:40:42   Node topic_lda, HTCondor ID 783, status STATUS_SUBMITTED
04/11/17 10:50:44 177062 seconds since last log event
04/11/17 10:50:44 Pending DAG nodes:
04/11/17 10:50:44   Node topic_lda, HTCondor ID 783, status STATUS_SUBMITTED
04/11/17 10:56:12 Currently monitoring 1 HTCondor log file(s)
04/11/17 10:56:12 Event: ULOG_EXECUTE for HTCondor Node topic_lda (783.0.0) {04/11/17 10:56:12}
04/11/17 10:56:12 Number of idle job procs: 0
04/11/17 11:06:15 603 seconds since last log event
04/11/17 11:06:15 Pending DAG nodes:
04/11/17 11:06:15   Node topic_lda, HTCondor ID 783, status STATUS_SUBMITTED
04/11/17 11:16:18 1206 seconds since last log event
04/11/17 11:16:18 Pending DAG nodes:
04/11/17 11:16:18   Node topic_lda, HTCondor ID 783, status STATUS_SUBMITTED
04/11/17 11:26:21 1809 seconds since last log event
04/11/17 11:26:21 Pending DAG nodes:
04/11/17 11:26:21   Node topic_lda, HTCondor ID 783, status STATUS_SUBMITTED
04/11/17 11:36:24 2412 seconds since last log event
04/11/17 11:36:24 Pending DAG nodes:
04/11/17 11:36:24   Node topic_lda, HTCondor ID 783, status STATUS_SUBMITTED
04/11/17 11:46:26 3014 seconds since last log event
04/11/17 11:46:26 Pending DAG nodes:
04/11/17 11:46:26   Node topic_lda, HTCondor ID 783, status STATUS_SUBMITTED
04/11/17 11:56:28 3616 seconds since last log event
04/11/17 11:56:28 Pending DAG nodes:
04/11/17 11:56:28   Node topic_lda, HTCondor ID 783, status STATUS_SUBMITTED
04/11/17 12:06:30 4218 seconds since last log event
04/11/17 12:06:30 Pending DAG nodes:
04/11/17 12:06:30   Node topic_lda, HTCondor ID 783, status STATUS_SUBMITTED
04/11/17 12:16:33 4821 seconds since last log event
04/11/17 12:16:33 Pending DAG nodes:
04/11/17 12:16:33   Node topic_lda, HTCondor ID 783, status STATUS_SUBMITTED
04/11/17 12:26:35 5423 seconds since last log event
04/11/17 12:26:35 Pending DAG nodes:
04/11/17 12:26:35   Node topic_lda, HTCondor ID 783, status STATUS_SUBMITTED
04/11/17 12:36:38 6026 seconds since last log event
04/11/17 12:36:38 Pending DAG nodes:
04/11/17 12:36:38   Node topic_lda, HTCondor ID 783, status STATUS_SUBMITTED
04/11/17 12:46:41 6629 seconds since last log event
04/11/17 12:46:41 Pending DAG nodes:
04/11/17 12:46:41   Node topic_lda, HTCondor ID 783, status STATUS_SUBMITTED
04/11/17 12:56:42 7230 seconds since last log event
04/11/17 12:56:42 Pending DAG nodes:
04/11/17 12:56:42   Node topic_lda, HTCondor ID 783, status STATUS_SUBMITTED
04/11/17 13:06:45 7833 seconds since last log event
04/11/17 13:06:45 Pending DAG nodes:
04/11/17 13:06:45   Node topic_lda, HTCondor ID 783, status STATUS_SUBMITTED
04/11/17 13:16:48 8436 seconds since last log event
04/11/17 13:16:48 Pending DAG nodes:
04/11/17 13:16:48   Node topic_lda, HTCondor ID 783, status STATUS_SUBMITTED
04/11/17 13:26:51 9039 seconds since last log event
04/11/17 13:26:51 Pending DAG nodes:
04/11/17 13:26:51   Node topic_lda, HTCondor ID 783, status STATUS_SUBMITTED
04/11/17 13:36:54 9642 seconds since last log event
04/11/17 13:36:54 Pending DAG nodes:
04/11/17 13:36:54   Node topic_lda, HTCondor ID 783, status STATUS_SUBMITTED
04/11/17 13:46:56 10244 seconds since last log event
04/11/17 13:46:56 Pending DAG nodes:
04/11/17 13:46:56   Node topic_lda, HTCondor ID 783, status STATUS_SUBMITTED
