000 (822.000.000) 04/12 01:03:37 Job submitted from host: <10.33.133.154:9618?addrs=10.33.133.154-9618+[--1]-9618&noUDP&sock=1370_48d6_3>
    DAG Node: topic_int
...
001 (822.000.000) 04/12 18:17:54 Job executing on host: <10.33.133.124:9618?addrs=10.33.133.124-9618+[--1]-9618&noUDP&sock=1541_9388_3>
...
006 (822.000.000) 04/12 18:18:02 Image size of job updated: 525200
	481  -  MemoryUsage of job (MB)
	492272  -  ResidentSetSize of job (KB)
...
006 (822.000.000) 04/12 18:23:02 Image size of job updated: 2185916
	1502  -  MemoryUsage of job (MB)
	1537028  -  ResidentSetSize of job (KB)
...
006 (822.000.000) 04/12 18:28:03 Image size of job updated: 2193612
	1509  -  MemoryUsage of job (MB)
	1544724  -  ResidentSetSize of job (KB)
...
006 (822.000.000) 04/12 18:33:03 Image size of job updated: 2194908
	1510  -  MemoryUsage of job (MB)
	1546020  -  ResidentSetSize of job (KB)
...
006 (822.000.000) 04/12 18:38:03 Image size of job updated: 2195164
	1511  -  MemoryUsage of job (MB)
	1546276  -  ResidentSetSize of job (KB)
...
006 (822.000.000) 04/12 18:43:04 Image size of job updated: 2195684
	1511  -  MemoryUsage of job (MB)
	1546796  -  ResidentSetSize of job (KB)
...
006 (822.000.000) 04/12 18:48:04 Image size of job updated: 2196200
	1512  -  MemoryUsage of job (MB)
	1547312  -  ResidentSetSize of job (KB)
...
006 (822.000.000) 04/12 18:53:05 Image size of job updated: 2196456
	1512  -  MemoryUsage of job (MB)
	1547568  -  ResidentSetSize of job (KB)
...
006 (822.000.000) 04/12 18:58:06 Image size of job updated: 2197224
	1513  -  MemoryUsage of job (MB)
	1548336  -  ResidentSetSize of job (KB)
...
006 (822.000.000) 04/12 19:08:06 Image size of job updated: 2197244
	1513  -  MemoryUsage of job (MB)
	1548356  -  ResidentSetSize of job (KB)
...
006 (822.000.000) 04/12 19:23:08 Image size of job updated: 2197788
	1513  -  MemoryUsage of job (MB)
	1548900  -  ResidentSetSize of job (KB)
...
006 (822.000.000) 04/12 19:28:09 Image size of job updated: 2198216
	1514  -  MemoryUsage of job (MB)
	1549328  -  ResidentSetSize of job (KB)
...
006 (822.000.000) 04/12 19:43:10 Image size of job updated: 2199320
	1515  -  MemoryUsage of job (MB)
	1550432  -  ResidentSetSize of job (KB)
...
006 (822.000.000) 04/12 19:48:10 Image size of job updated: 2199976
	1515  -  MemoryUsage of job (MB)
	1551088  -  ResidentSetSize of job (KB)
...
006 (822.000.000) 04/12 19:53:11 Image size of job updated: 2200912
	1516  -  MemoryUsage of job (MB)
	1552024  -  ResidentSetSize of job (KB)
...
006 (822.000.000) 04/12 19:58:11 Image size of job updated: 2201344
	1517  -  MemoryUsage of job (MB)
	1552456  -  ResidentSetSize of job (KB)
...
006 (822.000.000) 04/12 20:03:11 Image size of job updated: 2202280
	1517  -  MemoryUsage of job (MB)
	1553392  -  ResidentSetSize of job (KB)
...
006 (822.000.000) 04/12 20:28:13 Image size of job updated: 2202728
	1518  -  MemoryUsage of job (MB)
	1553840  -  ResidentSetSize of job (KB)
...
006 (822.000.000) 04/12 20:33:14 Image size of job updated: 2203200
	1518  -  MemoryUsage of job (MB)
	1554312  -  ResidentSetSize of job (KB)
...
006 (822.000.000) 04/12 20:38:14 Image size of job updated: 2203644
	1519  -  MemoryUsage of job (MB)
	1554756  -  ResidentSetSize of job (KB)
...
006 (822.000.000) 04/12 20:43:15 Image size of job updated: 2204880
	1520  -  MemoryUsage of job (MB)
	1555992  -  ResidentSetSize of job (KB)
...
006 (822.000.000) 04/12 20:53:16 Image size of job updated: 2205824
	1521  -  MemoryUsage of job (MB)
	1556936  -  ResidentSetSize of job (KB)
...
006 (822.000.000) 04/12 20:58:17 Image size of job updated: 2207060
	1522  -  MemoryUsage of job (MB)
	1558172  -  ResidentSetSize of job (KB)
...
006 (822.000.000) 04/12 21:08:17 Image size of job updated: 2207324
	1522  -  MemoryUsage of job (MB)
	1558436  -  ResidentSetSize of job (KB)
...
006 (822.000.000) 04/12 21:18:18 Image size of job updated: 2207560
	1523  -  MemoryUsage of job (MB)
	1558672  -  ResidentSetSize of job (KB)
...
006 (822.000.000) 04/12 21:23:19 Image size of job updated: 2208124
	1523  -  MemoryUsage of job (MB)
	1559236  -  ResidentSetSize of job (KB)
...
006 (822.000.000) 04/12 21:28:19 Image size of job updated: 2209592
	1525  -  MemoryUsage of job (MB)
	1560704  -  ResidentSetSize of job (KB)
...
006 (822.000.000) 04/12 21:33:19 Image size of job updated: 2210124
	1525  -  MemoryUsage of job (MB)
	1561236  -  ResidentSetSize of job (KB)
...
006 (822.000.000) 04/12 21:48:21 Image size of job updated: 2210672
	1526  -  MemoryUsage of job (MB)
	1561784  -  ResidentSetSize of job (KB)
...
006 (822.000.000) 04/12 21:53:21 Image size of job updated: 2212784
	1528  -  MemoryUsage of job (MB)
	1563896  -  ResidentSetSize of job (KB)
...
006 (822.000.000) 04/12 22:03:22 Image size of job updated: 2212884
	1528  -  MemoryUsage of job (MB)
	1563996  -  ResidentSetSize of job (KB)
...
006 (822.000.000) 04/12 22:08:22 Image size of job updated: 2213088
	1528  -  MemoryUsage of job (MB)
	1564200  -  ResidentSetSize of job (KB)
...
006 (822.000.000) 04/12 22:13:23 Image size of job updated: 2214884
	1530  -  MemoryUsage of job (MB)
	1565996  -  ResidentSetSize of job (KB)
...
006 (822.000.000) 04/12 22:23:24 Image size of job updated: 2216784
	1532  -  MemoryUsage of job (MB)
	1567896  -  ResidentSetSize of job (KB)
...
006 (822.000.000) 04/12 22:28:24 Image size of job updated: 2217584
	1532  -  MemoryUsage of job (MB)
	1568696  -  ResidentSetSize of job (KB)
...
006 (822.000.000) 04/12 22:48:27 Image size of job updated: 2218708
	1534  -  MemoryUsage of job (MB)
	1569820  -  ResidentSetSize of job (KB)
...
006 (822.000.000) 04/12 22:58:28 Image size of job updated: 2218764
	1534  -  MemoryUsage of job (MB)
	1569876  -  ResidentSetSize of job (KB)
...
006 (822.000.000) 04/12 23:03:29 Image size of job updated: 2219388
	1534  -  MemoryUsage of job (MB)
	1570500  -  ResidentSetSize of job (KB)
...
006 (822.000.000) 04/12 23:08:29 Image size of job updated: 2220412
	1535  -  MemoryUsage of job (MB)
	1571524  -  ResidentSetSize of job (KB)
...
006 (822.000.000) 04/12 23:13:30 Image size of job updated: 2221312
	1536  -  MemoryUsage of job (MB)
	1572424  -  ResidentSetSize of job (KB)
...
006 (822.000.000) 04/12 23:18:31 Image size of job updated: 2221856
	1537  -  MemoryUsage of job (MB)
	1572968  -  ResidentSetSize of job (KB)
...
006 (822.000.000) 04/12 23:23:31 Image size of job updated: 2222684
	1537  -  MemoryUsage of job (MB)
	1573796  -  ResidentSetSize of job (KB)
...
006 (822.000.000) 04/12 23:33:33 Image size of job updated: 2223064
	1538  -  MemoryUsage of job (MB)
	1574176  -  ResidentSetSize of job (KB)
...
006 (822.000.000) 04/12 23:38:33 Image size of job updated: 2223596
	1538  -  MemoryUsage of job (MB)
	1574708  -  ResidentSetSize of job (KB)
...
006 (822.000.000) 04/12 23:43:34 Image size of job updated: 2224532
	1539  -  MemoryUsage of job (MB)
	1575644  -  ResidentSetSize of job (KB)
...
006 (822.000.000) 04/13 00:53:41 Image size of job updated: 2232900
	1547  -  MemoryUsage of job (MB)
	1584012  -  ResidentSetSize of job (KB)
...
006 (822.000.000) 04/13 00:58:42 Image size of job updated: 2233952
	1548  -  MemoryUsage of job (MB)
	1585064  -  ResidentSetSize of job (KB)
...
006 (822.000.000) 04/13 01:03:42 Image size of job updated: 2234852
	1549  -  MemoryUsage of job (MB)
	1585964  -  ResidentSetSize of job (KB)
...
006 (822.000.000) 04/13 01:13:43 Image size of job updated: 2235288
	1550  -  MemoryUsage of job (MB)
	1586400  -  ResidentSetSize of job (KB)
...
006 (822.000.000) 04/13 01:23:44 Image size of job updated: 2235752
	1550  -  MemoryUsage of job (MB)
	1586864  -  ResidentSetSize of job (KB)
...
006 (822.000.000) 04/13 01:28:45 Image size of job updated: 2235844
	1550  -  MemoryUsage of job (MB)
	1586956  -  ResidentSetSize of job (KB)
...
005 (822.000.000) 04/13 01:28:56 Job terminated.
	(1) Normal termination (return value 0)
		Usr 0 02:47:34, Sys 0 00:11:27  -  Run Remote Usage
		Usr 0 00:00:00, Sys 0 00:00:00  -  Run Local Usage
		Usr 0 02:47:34, Sys 0 00:11:27  -  Total Remote Usage
		Usr 0 00:00:00, Sys 0 00:00:00  -  Total Local Usage
	0  -  Run Bytes Sent By Job
	0  -  Run Bytes Received By Job
	0  -  Total Bytes Sent By Job
	0  -  Total Bytes Received By Job
	Partitionable Resources :    Usage  Request Allocated
	   Cpus                 :                 1         1
	   Disk (KB)            :        7        7  21680074
	   Gpus                 :                 1         1
	   Memory (MB)          :     1550     4096      4096
...
