000 (716.000.000) 04/07 17:46:29 Job submitted from host: <10.33.133.154:9618?addrs=10.33.133.154-9618+[--1]-9618&noUDP&sock=1370_48d6_3>
    DAG Node: topic_lda
...
009 (716.000.000) 04/07 18:32:54 Job was aborted by the user.
	removed because <OtherJobRemoveRequirements = DAGManJobId =?= 691> fired when job (691.0) was removed
...
000 (746.000.000) 04/08 18:28:06 Job submitted from host: <10.33.133.154:9618?addrs=10.33.133.154-9618+[--1]-9618&noUDP&sock=1370_48d6_3>
    DAG Node: topic_lda
...
001 (746.000.000) 04/08 18:46:36 Job executing on host: <10.33.133.71:9618?addrs=10.33.133.71-9618+[--1]-9618&noUDP&sock=1561_4b6d_3>
...
006 (746.000.000) 04/08 18:46:45 Image size of job updated: 576956
	564  -  MemoryUsage of job (MB)
	576956  -  ResidentSetSize of job (KB)
...
006 (746.000.000) 04/08 18:51:46 Image size of job updated: 2198072
	1578  -  MemoryUsage of job (MB)
	1615428  -  ResidentSetSize of job (KB)
...
006 (746.000.000) 04/08 18:56:47 Image size of job updated: 2210492
	1590  -  MemoryUsage of job (MB)
	1627848  -  ResidentSetSize of job (KB)
...
006 (746.000.000) 04/08 19:01:48 Image size of job updated: 2222644
	1602  -  MemoryUsage of job (MB)
	1640000  -  ResidentSetSize of job (KB)
...
006 (746.000.000) 04/08 19:06:48 Image size of job updated: 2228900
	1608  -  MemoryUsage of job (MB)
	1646256  -  ResidentSetSize of job (KB)
...
006 (746.000.000) 04/08 19:11:48 Image size of job updated: 2239492
	1619  -  MemoryUsage of job (MB)
	1656848  -  ResidentSetSize of job (KB)
...
006 (746.000.000) 04/08 19:16:49 Image size of job updated: 2249328
	1628  -  MemoryUsage of job (MB)
	1666684  -  ResidentSetSize of job (KB)
...
006 (746.000.000) 04/08 19:21:51 Image size of job updated: 2253272
	1632  -  MemoryUsage of job (MB)
	1670628  -  ResidentSetSize of job (KB)
...
006 (746.000.000) 04/08 19:22:54 Image size of job updated: 2253784
	1632  -  MemoryUsage of job (MB)
	1670628  -  ResidentSetSize of job (KB)
...
004 (746.000.000) 04/08 19:22:54 Job was evicted.
	(0) Job was not checkpointed.
		Usr 0 00:24:30, Sys 0 00:03:30  -  Run Remote Usage
		Usr 0 00:00:00, Sys 0 00:00:00  -  Run Local Usage
	0  -  Run Bytes Sent By Job
	0  -  Run Bytes Received By Job
	Partitionable Resources :    Usage  Request Allocated
	   Cpus                 :                 1         1
	   Disk (KB)            :        7        7  39050682
	   Gpus                 :                 1         1
	   Memory (MB)          :     1632     4096      4096
...
009 (746.000.000) 04/08 19:22:54 Job was aborted by the user.
	removed because <OtherJobRemoveRequirements = DAGManJobId =?= 744> fired when job (744.0) was removed
...
000 (751.000.000) 04/08 19:23:16 Job submitted from host: <10.33.133.154:9618?addrs=10.33.133.154-9618+[--1]-9618&noUDP&sock=1370_48d6_3>
    DAG Node: topic_lda
...
009 (751.000.000) 04/08 19:23:42 Job was aborted by the user.
	removed because <OtherJobRemoveRequirements = DAGManJobId =?= 749> fired when job (749.0) was removed
...
000 (783.000.000) 04/09 09:39:42 Job submitted from host: <10.33.133.154:9618?addrs=10.33.133.154-9618+[--1]-9618&noUDP&sock=1370_48d6_3>
    DAG Node: topic_lda
...
001 (783.000.000) 04/11 10:56:12 Job executing on host: <10.33.133.203:9618?addrs=10.33.133.203-9618+[--1]-9618&noUDP&sock=1528_a8cd_3>
...
006 (783.000.000) 04/11 10:56:20 Image size of job updated: 548772
	536  -  MemoryUsage of job (MB)
	548772  -  ResidentSetSize of job (KB)
...
006 (783.000.000) 04/11 11:01:20 Image size of job updated: 2082412
	1500  -  MemoryUsage of job (MB)
	1535124  -  ResidentSetSize of job (KB)
...
006 (783.000.000) 04/11 11:06:21 Image size of job updated: 2091144
	1508  -  MemoryUsage of job (MB)
	1543856  -  ResidentSetSize of job (KB)
...
006 (783.000.000) 04/11 11:11:22 Image size of job updated: 2093212
	1510  -  MemoryUsage of job (MB)
	1545924  -  ResidentSetSize of job (KB)
...
006 (783.000.000) 04/11 11:21:23 Image size of job updated: 2093456
	1510  -  MemoryUsage of job (MB)
	1546168  -  ResidentSetSize of job (KB)
...
006 (783.000.000) 04/11 11:51:26 Image size of job updated: 2093948
	1511  -  MemoryUsage of job (MB)
	1546680  -  ResidentSetSize of job (KB)
...
006 (783.000.000) 04/11 12:01:27 Image size of job updated: 2093952
	1511  -  MemoryUsage of job (MB)
	1546684  -  ResidentSetSize of job (KB)
...
006 (783.000.000) 04/11 12:11:28 Image size of job updated: 2094464
	1511  -  MemoryUsage of job (MB)
	1547196  -  ResidentSetSize of job (KB)
...
