job started
Epoch: 1 Learning rate: 1.000
0.000 perplexity: 49884.189 speed: 910 wps
0.100 perplexity: 375.022 speed: 6834 wps
0.200 perplexity: 300.713 speed: 7007 wps
0.300 perplexity: 267.188 speed: 7070 wps
0.400 perplexity: 246.630 speed: 7099 wps
0.500 perplexity: 232.387 speed: 7110 wps
0.600 perplexity: 222.118 speed: 7122 wps
0.700 perplexity: 213.875 speed: 7132 wps
0.800 perplexity: 207.198 speed: 7137 wps
0.900 perplexity: 201.609 speed: 7139 wps
1.000 perplexity: 196.817 speed: 7145 wps
Epoch: 1 Train Perplexity: 196.817
with(perplexity: 157.010) speed: 14271 wps
Epoch: 1 Valid Perplexity: 157.010
Epoch: 2 Learning rate: 1.000
0.000 perplexity: 231.884 speed: 6667 wps
0.100 perplexity: 156.762 speed: 7140 wps
0.200 perplexity: 154.953 speed: 7079 wps
0.300 perplexity: 153.827 speed: 7104 wps
0.400 perplexity: 152.803 speed: 7062 wps
0.500 perplexity: 151.787 speed: 7033 wps
0.600 perplexity: 151.160 speed: 7063 wps
0.700 perplexity: 150.426 speed: 7087 wps
0.800 perplexity: 149.712 speed: 7102 wps
0.900 perplexity: 149.025 speed: 7113 wps
1.000 perplexity: 148.343 speed: 7123 wps
Epoch: 2 Train Perplexity: 148.344
with(perplexity: 140.120) speed: 14645 wps
Epoch: 2 Valid Perplexity: 140.120
Epoch: 3 Learning rate: 1.000
0.000 perplexity: 205.645 speed: 6097 wps
0.100 perplexity: 142.339 speed: 7203 wps
0.200 perplexity: 141.439 speed: 7173 wps
0.300 perplexity: 140.995 speed: 7184 wps
0.400 perplexity: 140.595 speed: 7131 wps
0.500 perplexity: 140.131 speed: 7117 wps
0.600 perplexity: 139.975 speed: 7133 wps
0.700 perplexity: 139.689 speed: 7147 wps
0.800 perplexity: 139.381 speed: 7150 wps
0.900 perplexity: 139.065 speed: 7151 wps
1.000 perplexity: 138.741 speed: 7154 wps
Epoch: 3 Train Perplexity: 138.742
with(perplexity: 133.443) speed: 14749 wps
Epoch: 3 Valid Perplexity: 133.443
with(perplexity: 149.590) speed: 303 wps
Test Perplexity: 149.590
Saving model to /esat/spchtemp/scratch/robbe/SpeechHub/untied_models/output/topic_0/topic_0.
