job started
Epoch: 1 Learning rate: 1.000
0.000 perplexity: 49872.765 speed: 94 wps
0.100 perplexity: 327.077 speed: 1763 wps
0.200 perplexity: 259.066 speed: 1762 wps
0.300 perplexity: 228.993 speed: 1757 wps
0.400 perplexity: 210.798 speed: 1759 wps
0.500 perplexity: 198.213 speed: 1755 wps
0.600 perplexity: 189.245 speed: 1753 wps
0.700 perplexity: 182.088 speed: 1753 wps
0.800 perplexity: 176.342 speed: 1752 wps
0.900 perplexity: 171.476 speed: 1756 wps
1.000 perplexity: 167.291 speed: 1759 wps
Epoch: 1 Train Perplexity: 167.291
with(perplexity: 128.868) speed: 5161 wps
Epoch: 1 Valid Perplexity: 128.868
Epoch: 2 Learning rate: 1.000
0.000 perplexity: 271.235 speed: 2527 wps
0.100 perplexity: 132.487 speed: 1806 wps
0.200 perplexity: 130.933 speed: 1810 wps
0.300 perplexity: 130.094 speed: 1812 wps
0.400 perplexity: 129.293 speed: 1813 wps
0.500 perplexity: 128.406 speed: 1810 wps
0.600 perplexity: 127.890 speed: 1810 wps
0.700 perplexity: 127.278 speed: 1811 wps
0.800 perplexity: 126.692 speed: 1810 wps
0.900 perplexity: 126.078 speed: 1808 wps
1.000 perplexity: 125.458 speed: 1809 wps
Epoch: 2 Train Perplexity: 125.459
with(perplexity: 115.667) speed: 2292 wps
Epoch: 2 Valid Perplexity: 115.667
Epoch: 3 Learning rate: 1.000
0.000 perplexity: 252.469 speed: 2533 wps
0.100 perplexity: 120.093 speed: 1686 wps
0.200 perplexity: 119.200 speed: 1654 wps
0.300 perplexity: 118.903 speed: 1636 wps
0.400 perplexity: 118.593 speed: 1577 wps
0.500 perplexity: 118.166 speed: 1523 wps
0.600 perplexity: 118.044 speed: 1533 wps
0.700 perplexity: 117.802 speed: 1508 wps
0.800 perplexity: 117.553 speed: 1515 wps
0.900 perplexity: 117.250 speed: 1508 wps
1.000 perplexity: 116.921 speed: 1530 wps
Epoch: 3 Train Perplexity: 116.922
with(perplexity: 109.997) speed: 2246 wps
Epoch: 3 Valid Perplexity: 109.997
with(perplexity: 122.162) speed: 97 wps
Test Perplexity: 122.162
Saving model to /esat/spchtemp/scratch/robbe/SpeechHub/pretrained_untied_models/output/cbow_mean_lstm_0/cbow_mean_lstm_0.
hihi
