I tensorflow/stream_executor/dso_loader.cc:128] successfully opened CUDA library libcublas.so locally
I tensorflow/stream_executor/dso_loader.cc:128] successfully opened CUDA library libcudnn.so locally
I tensorflow/stream_executor/dso_loader.cc:128] successfully opened CUDA library libcufft.so locally
I tensorflow/stream_executor/dso_loader.cc:128] successfully opened CUDA library libcuda.so.1 locally
I tensorflow/stream_executor/dso_loader.cc:128] successfully opened CUDA library libcurand.so locally
/users/start2014/r0364650/.local/lib/python2.7/site-packages/gensim/utils.py:1015: UserWarning: Pattern library is not installed, lemmatization won't be available.
  warnings.warn("Pattern library is not installed, lemmatization won't be available.")
I tensorflow/stream_executor/cuda/cuda_gpu_executor.cc:937] successful NUMA node read from SysFS had negative value (-1), but there must be at least one NUMA node, so returning NUMA node zero
I tensorflow/core/common_runtime/gpu/gpu_device.cc:885] Found device 0 with properties: 
name: TITAN X (Pascal)
major: 6 minor: 1 memoryClockRate (GHz) 1.531
pciBusID 0000:01:00.0
Total memory: 11.90GiB
Free memory: 11.52GiB
I tensorflow/core/common_runtime/gpu/gpu_device.cc:906] DMA: 0 
I tensorflow/core/common_runtime/gpu/gpu_device.cc:916] 0:   Y 
I tensorflow/core/common_runtime/gpu/gpu_device.cc:975] Creating TensorFlow device (/gpu:0) -> (device: 0, name: TITAN X (Pascal), pci bus id: 0000:01:00.0)
I tensorflow/core/common_runtime/gpu/pool_allocator.cc:247] PoolAllocator: After 10905 get requests, put_count=10818 evicted_count=1000 eviction_rate=0.0924385 and unsatisfied allocation rate=0.108849
I tensorflow/core/common_runtime/gpu/pool_allocator.cc:259] Raising pool_size_limit_ from 100 to 110
I tensorflow/core/common_runtime/gpu/pool_allocator.cc:247] PoolAllocator: After 4259752 get requests, put_count=4259752 evicted_count=3000 eviction_rate=0.000704266 and unsatisfied allocation rate=0.000708727
I tensorflow/core/common_runtime/gpu/pool_allocator.cc:247] PoolAllocator: After 16567642 get requests, put_count=16567642 evicted_count=13000 eviction_rate=0.000784662 and unsatisfied allocation rate=0.000785809
I tensorflow/core/common_runtime/gpu/pool_allocator.cc:247] PoolAllocator: After 28924165 get requests, put_count=28924165 evicted_count=23000 eviction_rate=0.000795183 and unsatisfied allocation rate=0.00079584
I tensorflow/core/common_runtime/gpu/pool_allocator.cc:247] PoolAllocator: After 41329321 get requests, put_count=41329321 evicted_count=33000 eviction_rate=0.000798465 and unsatisfied allocation rate=0.000798924
I tensorflow/core/common_runtime/gpu/pool_allocator.cc:247] PoolAllocator: After 53556156 get requests, put_count=53556156 evicted_count=43000 eviction_rate=0.000802896 and unsatisfied allocation rate=0.00080325
I tensorflow/core/common_runtime/gpu/pool_allocator.cc:247] PoolAllocator: After 65864046 get requests, put_count=65864046 evicted_count=53000 eviction_rate=0.000804688 and unsatisfied allocation rate=0.000804976
I tensorflow/core/common_runtime/gpu/pool_allocator.cc:247] PoolAllocator: After 78236780 get requests, put_count=78236780 evicted_count=63000 eviction_rate=0.000805248 and unsatisfied allocation rate=0.000805491
I tensorflow/core/common_runtime/gpu/pool_allocator.cc:247] PoolAllocator: After 90609514 get requests, put_count=90609514 evicted_count=73000 eviction_rate=0.000805655 and unsatisfied allocation rate=0.000805865
I tensorflow/core/common_runtime/gpu/pool_allocator.cc:247] PoolAllocator: After 102917404 get requests, put_count=102917404 evicted_count=83000 eviction_rate=0.000806472 and unsatisfied allocation rate=0.000806657
I tensorflow/core/common_runtime/gpu/pool_allocator.cc:247] PoolAllocator: After 115192872 get requests, put_count=115192872 evicted_count=93000 eviction_rate=0.000807342 and unsatisfied allocation rate=0.000807507
I tensorflow/core/common_runtime/gpu/pool_allocator.cc:247] PoolAllocator: After 127484551 get requests, put_count=127484551 evicted_count=103000 eviction_rate=0.000807941 and unsatisfied allocation rate=0.00080809
I tensorflow/core/common_runtime/gpu/pool_allocator.cc:247] PoolAllocator: After 139776230 get requests, put_count=139776230 evicted_count=113000 eviction_rate=0.000808435 and unsatisfied allocation rate=0.000808571
I tensorflow/core/common_runtime/gpu/pool_allocator.cc:247] PoolAllocator: After 152051698 get requests, put_count=152051698 evicted_count=123000 eviction_rate=0.000808935 and unsatisfied allocation rate=0.00080906
I tensorflow/core/common_runtime/gpu/pool_allocator.cc:247] PoolAllocator: After 164408221 get requests, put_count=164408221 evicted_count=133000 eviction_rate=0.000808962 and unsatisfied allocation rate=0.000809078
I tensorflow/core/common_runtime/gpu/pool_allocator.cc:247] PoolAllocator: After 176764744 get requests, put_count=176764744 evicted_count=143000 eviction_rate=0.000808985 and unsatisfied allocation rate=0.000809092
I tensorflow/core/common_runtime/gpu/pool_allocator.cc:247] PoolAllocator: After 189056423 get requests, put_count=189056423 evicted_count=153000 eviction_rate=0.000809282 and unsatisfied allocation rate=0.000809383
I tensorflow/core/common_runtime/gpu/pool_allocator.cc:247] PoolAllocator: After 203124118 get requests, put_count=203124118 evicted_count=163000 eviction_rate=0.000802465 and unsatisfied allocation rate=0.000802559
I tensorflow/core/common_runtime/gpu/pool_allocator.cc:247] PoolAllocator: After 215529274 get requests, put_count=215529274 evicted_count=173000 eviction_rate=0.000802675 and unsatisfied allocation rate=0.000802763
I tensorflow/core/common_runtime/gpu/pool_allocator.cc:247] PoolAllocator: After 227902008 get requests, put_count=227902008 evicted_count=183000 eviction_rate=0.000802977 and unsatisfied allocation rate=0.00080306
I tensorflow/core/common_runtime/gpu/pool_allocator.cc:247] PoolAllocator: After 240290953 get requests, put_count=240290953 evicted_count=193000 eviction_rate=0.000803193 and unsatisfied allocation rate=0.000803272
I tensorflow/core/common_runtime/gpu/pool_allocator.cc:247] PoolAllocator: After 252598843 get requests, put_count=252598843 evicted_count=203000 eviction_rate=0.000803646 and unsatisfied allocation rate=0.000803721
I tensorflow/core/common_runtime/gpu/pool_allocator.cc:247] PoolAllocator: After 264906733 get requests, put_count=264906733 evicted_count=213000 eviction_rate=0.000804057 and unsatisfied allocation rate=0.000804128
I tensorflow/core/common_runtime/gpu/pool_allocator.cc:247] PoolAllocator: After 277117357 get requests, put_count=277117357 evicted_count=223000 eviction_rate=0.000804713 and unsatisfied allocation rate=0.000804782
I tensorflow/core/common_runtime/gpu/pool_allocator.cc:247] PoolAllocator: After 289409036 get requests, put_count=289409036 evicted_count=233000 eviction_rate=0.000805089 and unsatisfied allocation rate=0.000805155
I tensorflow/core/common_runtime/gpu/pool_allocator.cc:247] PoolAllocator: After 301733137 get requests, put_count=301733137 evicted_count=243000 eviction_rate=0.000805347 and unsatisfied allocation rate=0.00080541
I tensorflow/core/common_runtime/gpu/pool_allocator.cc:247] PoolAllocator: After 314073449 get requests, put_count=314073449 evicted_count=253000 eviction_rate=0.000805544 and unsatisfied allocation rate=0.000805605
I tensorflow/core/common_runtime/gpu/pool_allocator.cc:247] PoolAllocator: After 326381339 get requests, put_count=326381339 evicted_count=263000 eviction_rate=0.000805806 and unsatisfied allocation rate=0.000805864
I tensorflow/core/common_runtime/gpu/pool_allocator.cc:247] PoolAllocator: After 338737862 get requests, put_count=338737862 evicted_count=273000 eviction_rate=0.000805933 and unsatisfied allocation rate=0.000805989
I tensorflow/core/common_runtime/gpu/pool_allocator.cc:247] PoolAllocator: After 351094385 get requests, put_count=351094385 evicted_count=283000 eviction_rate=0.000806051 and unsatisfied allocation rate=0.000806105
I tensorflow/core/common_runtime/gpu/pool_allocator.cc:247] PoolAllocator: After 363515752 get requests, put_count=363515752 evicted_count=293000 eviction_rate=0.000806017 and unsatisfied allocation rate=0.00080607
I tensorflow/core/common_runtime/gpu/pool_allocator.cc:247] PoolAllocator: After 375807431 get requests, put_count=375807431 evicted_count=303000 eviction_rate=0.000806264 and unsatisfied allocation rate=0.000806315
I tensorflow/core/common_runtime/gpu/pool_allocator.cc:247] PoolAllocator: After 389013449 get requests, put_count=389013449 evicted_count=313000 eviction_rate=0.000804599 and unsatisfied allocation rate=0.000804648
I tensorflow/core/common_runtime/gpu/pool_allocator.cc:247] PoolAllocator: After 401337550 get requests, put_count=401337550 evicted_count=323000 eviction_rate=0.000804809 and unsatisfied allocation rate=0.000804856
I tensorflow/core/common_runtime/gpu/pool_allocator.cc:247] PoolAllocator: After 413694073 get requests, put_count=413694073 evicted_count=333000 eviction_rate=0.000804943 and unsatisfied allocation rate=0.000804989
I tensorflow/core/common_runtime/gpu/pool_allocator.cc:247] PoolAllocator: After 426050596 get requests, put_count=426050596 evicted_count=343000 eviction_rate=0.000805069 and unsatisfied allocation rate=0.000805113
I tensorflow/core/common_runtime/gpu/pool_allocator.cc:247] PoolAllocator: After 438326064 get requests, put_count=438326064 evicted_count=353000 eviction_rate=0.000805337 and unsatisfied allocation rate=0.00080538
I tensorflow/core/common_runtime/gpu/pool_allocator.cc:247] PoolAllocator: After 450601532 get requests, put_count=450601532 evicted_count=363000 eviction_rate=0.00080559 and unsatisfied allocation rate=0.000805632
I tensorflow/core/common_runtime/gpu/pool_allocator.cc:247] PoolAllocator: After 462941844 get requests, put_count=462941844 evicted_count=373000 eviction_rate=0.000805717 and unsatisfied allocation rate=0.000805758
I tensorflow/core/common_runtime/gpu/pool_allocator.cc:247] PoolAllocator: After 475330789 get requests, put_count=475330789 evicted_count=383000 eviction_rate=0.000805755 and unsatisfied allocation rate=0.000805795
I tensorflow/core/common_runtime/gpu/pool_allocator.cc:247] PoolAllocator: After 487687312 get requests, put_count=487687312 evicted_count=393000 eviction_rate=0.000805844 and unsatisfied allocation rate=0.000805883
I tensorflow/core/common_runtime/gpu/pool_allocator.cc:247] PoolAllocator: After 499995202 get requests, put_count=499995202 evicted_count=403000 eviction_rate=0.000806008 and unsatisfied allocation rate=0.000806046
I tensorflow/core/common_runtime/gpu/pool_allocator.cc:247] PoolAllocator: After 512173404 get requests, put_count=512173404 evicted_count=413000 eviction_rate=0.000806368 and unsatisfied allocation rate=0.000806405
I tensorflow/core/common_runtime/gpu/pool_allocator.cc:247] PoolAllocator: After 524513716 get requests, put_count=524513716 evicted_count=423000 eviction_rate=0.000806461 and unsatisfied allocation rate=0.000806497
I tensorflow/core/common_runtime/gpu/pool_allocator.cc:247] PoolAllocator: After 536821606 get requests, put_count=536821606 evicted_count=433000 eviction_rate=0.000806599 and unsatisfied allocation rate=0.000806635
I tensorflow/core/common_runtime/gpu/pool_allocator.cc:247] PoolAllocator: After 549097074 get requests, put_count=549097074 evicted_count=443000 eviction_rate=0.000806779 and unsatisfied allocation rate=0.000806814
I tensorflow/core/common_runtime/gpu/pool_allocator.cc:247] PoolAllocator: After 561421175 get requests, put_count=561421175 evicted_count=453000 eviction_rate=0.000806881 and unsatisfied allocation rate=0.000806915
I tensorflow/core/common_runtime/gpu/pool_allocator.cc:247] PoolAllocator: After 573696643 get requests, put_count=573696643 evicted_count=463000 eviction_rate=0.000807047 and unsatisfied allocation rate=0.00080708
