000 (1098.000.000) 05/07 08:51:42 Job submitted from host: <10.33.133.154:9618?addrs=10.33.133.154-9618+[--1]-9618&noUDP&sock=1383_3391_3>
    DAG Node: cbow_tfidf_soft
...
001 (1098.000.000) 05/07 16:57:31 Job executing on host: <10.33.133.139:9618?addrs=10.33.133.139-9618+[--1]-9618&noUDP&sock=16932_85aa_3>
...
006 (1098.000.000) 05/07 16:57:40 Image size of job updated: 459520
	449  -  MemoryUsage of job (MB)
	459520  -  ResidentSetSize of job (KB)
...
006 (1098.000.000) 05/07 17:02:41 Image size of job updated: 2154268
	1590  -  MemoryUsage of job (MB)
	1627932  -  ResidentSetSize of job (KB)
...
010 (1098.000.000) 05/07 17:07:03 Job was suspended.
	Number of processes actually suspended: 12
...
006 (1098.000.000) 05/07 17:07:03 Image size of job updated: 2156328
	1592  -  MemoryUsage of job (MB)
	1629992  -  ResidentSetSize of job (KB)
...
011 (1098.000.000) 05/07 17:12:20 Job was unsuspended.
...
006 (1098.000.000) 05/07 17:17:43 Image size of job updated: 2156844
	1593  -  MemoryUsage of job (MB)
	1630508  -  ResidentSetSize of job (KB)
...
006 (1098.000.000) 05/07 17:32:45 Image size of job updated: 2157356
	1593  -  MemoryUsage of job (MB)
	1631020  -  ResidentSetSize of job (KB)
...
006 (1098.000.000) 05/07 18:12:49 Image size of job updated: 2157616
	1594  -  MemoryUsage of job (MB)
	1631280  -  ResidentSetSize of job (KB)
...
006 (1098.000.000) 05/07 18:42:52 Image size of job updated: 2157872
	1594  -  MemoryUsage of job (MB)
	1631536  -  ResidentSetSize of job (KB)
...
006 (1098.000.000) 05/07 19:47:56 Image size of job updated: 2158104
	1594  -  MemoryUsage of job (MB)
	1631768  -  ResidentSetSize of job (KB)
...
006 (1098.000.000) 05/07 20:43:04 Image size of job updated: 2158652
	1595  -  MemoryUsage of job (MB)
	1632316  -  ResidentSetSize of job (KB)
...
006 (1098.000.000) 05/08 00:38:32 Image size of job updated: 2159424
	1595  -  MemoryUsage of job (MB)
	1633088  -  ResidentSetSize of job (KB)
...
006 (1098.000.000) 05/08 01:26:37 Image size of job updated: 2370300
	1595  -  MemoryUsage of job (MB)
	1633088  -  ResidentSetSize of job (KB)
...
005 (1098.000.000) 05/08 01:26:38 Job terminated.
	(1) Normal termination (return value 0)
		Usr 0 06:02:06, Sys 0 00:02:43  -  Run Remote Usage
		Usr 0 00:00:00, Sys 0 00:00:00  -  Run Local Usage
		Usr 0 06:02:06, Sys 0 00:02:43  -  Total Remote Usage
		Usr 0 00:00:00, Sys 0 00:00:00  -  Total Local Usage
	0  -  Run Bytes Sent By Job
	0  -  Run Bytes Received By Job
	0  -  Total Bytes Sent By Job
	0  -  Total Bytes Received By Job
	Partitionable Resources :    Usage  Request Allocated
	   Cpus                 :                 1         1
	   Disk (KB)            :        7        7   2413918
	   Gpus                 :                 1         1
	   Memory (MB)          :     1595     4096      4096
...
