000 (1792.000.000) 04/07 18:42:10 Job submitted from host: <10.33.133.114:9618?addrs=10.33.133.114-9618+[--1]-9618&noUDP&sock=1395_6eb4_4>
    DAG Node: cbow_exp_lstm
...
001 (1792.000.000) 04/08 00:51:15 Job executing on host: <10.33.133.71:9618?addrs=10.33.133.71-9618+[--1]-9618&noUDP&sock=1561_4b6d_3>
...
006 (1792.000.000) 04/08 00:51:24 Image size of job updated: 273496
	248  -  MemoryUsage of job (MB)
	253300  -  ResidentSetSize of job (KB)
...
006 (1792.000.000) 04/08 00:56:25 Image size of job updated: 2513432
	1874  -  MemoryUsage of job (MB)
	1918280  -  ResidentSetSize of job (KB)
...
006 (1792.000.000) 04/08 01:01:26 Image size of job updated: 2529312
	1889  -  MemoryUsage of job (MB)
	1934160  -  ResidentSetSize of job (KB)
...
006 (1792.000.000) 04/08 01:06:27 Image size of job updated: 2530856
	1891  -  MemoryUsage of job (MB)
	1935704  -  ResidentSetSize of job (KB)
...
006 (1792.000.000) 04/08 01:11:27 Image size of job updated: 2539012
	1899  -  MemoryUsage of job (MB)
	1943860  -  ResidentSetSize of job (KB)
...
006 (1792.000.000) 04/08 01:16:27 Image size of job updated: 2539048
	1899  -  MemoryUsage of job (MB)
	1943896  -  ResidentSetSize of job (KB)
...
006 (1792.000.000) 04/08 01:26:28 Image size of job updated: 2539132
	1899  -  MemoryUsage of job (MB)
	1943980  -  ResidentSetSize of job (KB)
...
006 (1792.000.000) 04/08 01:31:29 Image size of job updated: 2546440
	1906  -  MemoryUsage of job (MB)
	1951288  -  ResidentSetSize of job (KB)
...
006 (1792.000.000) 04/08 01:41:30 Image size of job updated: 2546588
	1906  -  MemoryUsage of job (MB)
	1951436  -  ResidentSetSize of job (KB)
...
006 (1792.000.000) 04/08 01:46:30 Image size of job updated: 2546640
	1906  -  MemoryUsage of job (MB)
	1951488  -  ResidentSetSize of job (KB)
...
006 (1792.000.000) 04/08 02:01:32 Image size of job updated: 2546644
	1906  -  MemoryUsage of job (MB)
	1951492  -  ResidentSetSize of job (KB)
...
006 (1792.000.000) 04/08 02:06:32 Image size of job updated: 2546660
	1906  -  MemoryUsage of job (MB)
	1951508  -  ResidentSetSize of job (KB)
...
006 (1792.000.000) 04/08 02:16:32 Image size of job updated: 2546684
	1906  -  MemoryUsage of job (MB)
	1951532  -  ResidentSetSize of job (KB)
...
006 (1792.000.000) 04/08 02:21:33 Image size of job updated: 2547720
	1907  -  MemoryUsage of job (MB)
	1952568  -  ResidentSetSize of job (KB)
...
006 (1792.000.000) 04/08 02:36:35 Image size of job updated: 2547724
	1907  -  MemoryUsage of job (MB)
	1952572  -  ResidentSetSize of job (KB)
...
006 (1792.000.000) 04/08 03:16:40 Image size of job updated: 2698256
	2054  -  MemoryUsage of job (MB)
	2103104  -  ResidentSetSize of job (KB)
...
006 (1792.000.000) 04/08 03:21:41 Image size of job updated: 2698272
	2054  -  MemoryUsage of job (MB)
	2103120  -  ResidentSetSize of job (KB)
...
006 (1792.000.000) 04/08 03:36:41 Image size of job updated: 2726944
	2082  -  MemoryUsage of job (MB)
	2131792  -  ResidentSetSize of job (KB)
...
006 (1792.000.000) 04/08 03:41:42 Image size of job updated: 2802520
	2156  -  MemoryUsage of job (MB)
	2207368  -  ResidentSetSize of job (KB)
...
006 (1792.000.000) 04/08 03:46:43 Image size of job updated: 2802536
	2156  -  MemoryUsage of job (MB)
	2207384  -  ResidentSetSize of job (KB)
...
006 (1792.000.000) 04/08 13:47:42 Image size of job updated: 2802944
	2157  -  MemoryUsage of job (MB)
	2207788  -  ResidentSetSize of job (KB)
...
005 (1792.000.000) 04/08 18:40:13 Job terminated.
	(1) Normal termination (return value 0)
		Usr 0 18:10:09, Sys 0 02:02:39  -  Run Remote Usage
		Usr 0 00:00:00, Sys 0 00:00:00  -  Run Local Usage
		Usr 0 18:10:09, Sys 0 02:02:39  -  Total Remote Usage
		Usr 0 00:00:00, Sys 0 00:00:00  -  Total Local Usage
	0  -  Run Bytes Sent By Job
	0  -  Run Bytes Received By Job
	0  -  Total Bytes Sent By Job
	0  -  Total Bytes Received By Job
	Partitionable Resources :    Usage  Request Allocated
	   Cpus                 :                 1         1
	   Disk (KB)            :        7        7  39050682
	   Gpus                 :                 1         1
	   Memory (MB)          :     2157     4096      4096
...
