000 (775.000.000) 04/08 19:42:44 Job submitted from host: <10.33.133.154:9618?addrs=10.33.133.154-9618+[--1]-9618&noUDP&sock=1370_48d6_3>
    DAG Node: extended_topic_1
...
009 (135.000.000) 04/08 19:50:52 Job was aborted by the user.
	removed because <OtherJobRemoveRequirements = DAGManJobId =?= 134> fired when job (134.0) was removed
...
001 (775.000.000) 04/09 20:19:04 Job executing on host: <10.33.133.10:9618?addrs=10.33.133.10-9618+[--1]-9618&noUDP&sock=17248_4597_22>
...
005 (775.000.000) 04/11 18:57:12 Job terminated.
	(1) Normal termination (return value 0)
		Usr 0 21:38:02, Sys 0 01:57:30  -  Run Remote Usage
		Usr 0 00:00:00, Sys 0 00:00:00  -  Run Local Usage
		Usr 0 21:38:02, Sys 0 01:57:30  -  Total Remote Usage
		Usr 0 00:00:00, Sys 0 00:00:00  -  Total Local Usage
	0  -  Run Bytes Sent By Job
	0  -  Run Bytes Received By Job
	0  -  Total Bytes Sent By Job
	0  -  Total Bytes Received By Job
	Partitionable Resources :    Usage  Request Allocated
	   Cpus                 :                 1         1
	   Disk (KB)            :        7        7 193265868
	   Gpus                 :                 1         1
	   Memory (MB)          :     2057     4096      4096
...
000 (817.000.000) 04/11 18:57:18 Job submitted from host: <10.33.133.154:9618?addrs=10.33.133.154-9618+[--1]-9618&noUDP&sock=1370_48d6_3>
    DAG Node: extended_topic_1_test
...
001 (817.000.000) 04/11 21:25:43 Job executing on host: <10.33.133.10:9618?addrs=10.33.133.10-9618+[--1]-9618&noUDP&sock=17248_4597_22>
...
005 (817.000.000) 04/11 21:28:19 Job terminated.
	(1) Normal termination (return value 0)
		Usr 0 00:01:45, Sys 0 00:00:58  -  Run Remote Usage
		Usr 0 00:00:00, Sys 0 00:00:00  -  Run Local Usage
		Usr 0 00:01:45, Sys 0 00:00:58  -  Total Remote Usage
		Usr 0 00:00:00, Sys 0 00:00:00  -  Total Local Usage
	0  -  Run Bytes Sent By Job
	0  -  Run Bytes Received By Job
	0  -  Total Bytes Sent By Job
	0  -  Total Bytes Received By Job
	Partitionable Resources :    Usage  Request Allocated
	   Cpus                 :                 1         1
	   Disk (KB)            :        7        7 192943349
	   Gpus                 :                 1         1
	   Memory (MB)          :      556     4096      4096
...
