000 (128.000.000) 04/07 18:39:27 Job submitted from host: <10.33.133.65:9618?addrs=10.33.133.65-9618+[--1]-9618&noUDP&sock=18891_3bb2_4>
    DAG Node: original
...
001 (128.000.000) 04/07 21:34:58 Job executing on host: <10.33.133.204:9618?addrs=10.33.133.204-9618+[--1]-9618&noUDP&sock=1582_b2ea_3>
...
010 (128.000.000) 04/07 21:58:10 Job was suspended.
	Number of processes actually suspended: 12
...
011 (128.000.000) 04/07 22:03:12 Job was unsuspended.
...
010 (128.000.000) 04/07 23:04:49 Job was suspended.
	Number of processes actually suspended: 12
...
011 (128.000.000) 04/07 23:05:44 Job was unsuspended.
...
010 (128.000.000) 04/07 23:12:31 Job was suspended.
	Number of processes actually suspended: 12
...
011 (128.000.000) 04/07 23:27:36 Job was unsuspended.
...
004 (128.000.000) 04/07 23:27:36 Job was evicted.
	(0) Job was not checkpointed.
		Usr 0 00:40:17, Sys 0 00:00:24  -  Run Remote Usage
		Usr 0 00:00:00, Sys 0 00:00:00  -  Run Local Usage
	0  -  Run Bytes Sent By Job
	0  -  Run Bytes Received By Job
	Partitionable Resources :    Usage  Request Allocated
	   Cpus                 :                 1         1
	   Disk (KB)            :        7        7   4839283
	   Gpus                 :                 1         1
	   Memory (MB)          :      907     4096      4096
...
001 (128.000.000) 04/08 00:09:36 Job executing on host: <10.33.133.204:9618?addrs=10.33.133.204-9618+[--1]-9618&noUDP&sock=1582_b2ea_3>
...
010 (128.000.000) 04/08 00:21:44 Job was suspended.
	Number of processes actually suspended: 12
...
011 (128.000.000) 04/08 00:26:46 Job was unsuspended.
...
010 (128.000.000) 04/08 00:28:47 Job was suspended.
	Number of processes actually suspended: 12
...
011 (128.000.000) 04/08 00:42:15 Job was unsuspended.
...
010 (128.000.000) 04/08 00:44:16 Job was suspended.
	Number of processes actually suspended: 12
...
011 (128.000.000) 04/08 00:56:24 Job was unsuspended.
...
010 (128.000.000) 04/08 00:57:09 Job was suspended.
	Number of processes actually suspended: 12
...
011 (128.000.000) 04/08 01:02:30 Job was unsuspended.
...
010 (128.000.000) 04/08 01:04:15 Job was suspended.
	Number of processes actually suspended: 12
...
011 (128.000.000) 04/08 01:07:37 Job was unsuspended.
...
010 (128.000.000) 04/08 01:08:47 Job was suspended.
	Number of processes actually suspended: 12
...
011 (128.000.000) 04/08 01:16:18 Job was unsuspended.
...
010 (128.000.000) 04/08 01:20:34 Job was suspended.
	Number of processes actually suspended: 12
...
011 (128.000.000) 04/08 01:26:11 Job was unsuspended.
...
005 (128.000.000) 04/08 06:54:33 Job terminated.
	(1) Normal termination (return value 0)
		Usr 0 02:38:22, Sys 0 00:01:49  -  Run Remote Usage
		Usr 0 00:00:00, Sys 0 00:00:00  -  Run Local Usage
		Usr 0 02:38:22, Sys 0 00:01:49  -  Total Remote Usage
		Usr 0 00:00:00, Sys 0 00:00:00  -  Total Local Usage
	0  -  Run Bytes Sent By Job
	0  -  Run Bytes Received By Job
	0  -  Total Bytes Sent By Job
	0  -  Total Bytes Received By Job
	Partitionable Resources :    Usage  Request Allocated
	   Cpus                 :                 1         1
	   Disk (KB)            :        7        7   4837541
	   Gpus                 :                 1         1
	   Memory (MB)          :      977     4096      4096
...
000 (133.000.000) 04/08 06:54:43 Job submitted from host: <10.33.133.65:9618?addrs=10.33.133.65-9618+[--1]-9618&noUDP&sock=18891_3bb2_4>
    DAG Node: original_test
...
001 (133.000.000) 04/08 14:34:23 Job executing on host: <10.33.133.223:9618?addrs=10.33.133.223-9618+[--1]-9618&noUDP&sock=1298_e604_3>
...
005 (133.000.000) 04/08 14:40:09 Job terminated.
	(1) Normal termination (return value 0)
		Usr 0 00:06:06, Sys 0 00:00:28  -  Run Remote Usage
		Usr 0 00:00:00, Sys 0 00:00:00  -  Run Local Usage
		Usr 0 00:06:06, Sys 0 00:00:28  -  Total Remote Usage
		Usr 0 00:00:00, Sys 0 00:00:00  -  Total Local Usage
	0  -  Run Bytes Sent By Job
	0  -  Run Bytes Received By Job
	0  -  Total Bytes Sent By Job
	0  -  Total Bytes Received By Job
	Partitionable Resources :    Usage  Request Allocated
	   Cpus                 :                 1         1
	   Disk (KB)            :        7        7   3070292
	   Gpus                 :                 1         1
	   Memory (MB)          :      506     4096      4096
...
