I tensorflow/stream_executor/dso_loader.cc:128] successfully opened CUDA library libcublas.so locally
I tensorflow/stream_executor/dso_loader.cc:128] successfully opened CUDA library libcudnn.so locally
I tensorflow/stream_executor/dso_loader.cc:128] successfully opened CUDA library libcufft.so locally
I tensorflow/stream_executor/dso_loader.cc:128] successfully opened CUDA library libcuda.so.1 locally
I tensorflow/stream_executor/dso_loader.cc:128] successfully opened CUDA library libcurand.so locally
/users/start2014/r0364650/.local/lib/python2.7/site-packages/gensim/utils.py:1015: UserWarning: Pattern library is not installed, lemmatization won't be available.
  warnings.warn("Pattern library is not installed, lemmatization won't be available.")
I tensorflow/stream_executor/cuda/cuda_gpu_executor.cc:937] successful NUMA node read from SysFS had negative value (-1), but there must be at least one NUMA node, so returning NUMA node zero
I tensorflow/core/common_runtime/gpu/gpu_device.cc:885] Found device 0 with properties: 
name: GeForce GTX 1050 Ti
major: 6 minor: 1 memoryClockRate (GHz) 1.43
pciBusID 0000:01:00.0
Total memory: 3.94GiB
Free memory: 3.85GiB
I tensorflow/core/common_runtime/gpu/gpu_device.cc:906] DMA: 0 
I tensorflow/core/common_runtime/gpu/gpu_device.cc:916] 0:   Y 
I tensorflow/core/common_runtime/gpu/gpu_device.cc:975] Creating TensorFlow device (/gpu:0) -> (device: 0, name: GeForce GTX 1050 Ti, pci bus id: 0000:01:00.0)
lm_topic_ds_interpol.py:351: RuntimeWarning: invalid value encountered in double_scalars
  print("%.3f perplexity: %.3f speed: %.0f wps" % (step * 1.0 / model.input_continuous.epoch_size, np.exp(costs / iters),
Traceback (most recent call last):
  File "lm_topic_ds_interpol.py", line 401, in <module>
    tf.app.run()
  File "/users/start2014/r0364650/.local/lib/python2.7/site-packages/tensorflow/python/platform/app.py", line 43, in run
    sys.exit(main(sys.argv[:1] + flags_passthrough))
  File "lm_topic_ds_interpol.py", line 395, in main
    test_perplexity=  run_test_epoch(session, mtest)
  File "lm_topic_ds_interpol.py", line 354, in run_test_epoch
    f.write('0 zeroprobs, logprob='+ str(tot_logprob) + ' ppl=' + str(10**(-tot_logprob/(nb_words+nb_sentences-nb_unks))) + ' ppl1 ='+ str(10**(-tot_logprob/(nb_words-nb_unks))) +' \n') 
ZeroDivisionError: division by zero
