I tensorflow/stream_executor/dso_loader.cc:128] successfully opened CUDA library libcublas.so locally
I tensorflow/stream_executor/dso_loader.cc:128] successfully opened CUDA library libcudnn.so locally
I tensorflow/stream_executor/dso_loader.cc:128] successfully opened CUDA library libcufft.so locally
I tensorflow/stream_executor/dso_loader.cc:128] successfully opened CUDA library libcuda.so.1 locally
I tensorflow/stream_executor/dso_loader.cc:128] successfully opened CUDA library libcurand.so locally
/users/start2014/r0364650/.local/lib/python2.7/site-packages/gensim/utils.py:1015: UserWarning: Pattern library is not installed, lemmatization won't be available.
  warnings.warn("Pattern library is not installed, lemmatization won't be available.")
I tensorflow/core/common_runtime/gpu/gpu_device.cc:885] Found device 0 with properties: 
name: TITAN X (Pascal)
major: 6 minor: 1 memoryClockRate (GHz) 1.531
pciBusID 0000:42:00.0
Total memory: 11.90GiB
Free memory: 11.76GiB
I tensorflow/core/common_runtime/gpu/gpu_device.cc:906] DMA: 0 
I tensorflow/core/common_runtime/gpu/gpu_device.cc:916] 0:   Y 
I tensorflow/core/common_runtime/gpu/gpu_device.cc:975] Creating TensorFlow device (/gpu:0) -> (device: 0, name: TITAN X (Pascal), pci bus id: 0000:42:00.0)
I tensorflow/core/common_runtime/gpu/pool_allocator.cc:247] PoolAllocator: After 7884 get requests, put_count=7850 evicted_count=1000 eviction_rate=0.127389 and unsatisfied allocation rate=0.143836
I tensorflow/core/common_runtime/gpu/pool_allocator.cc:259] Raising pool_size_limit_ from 100 to 110
I tensorflow/core/common_runtime/gpu/pool_allocator.cc:247] PoolAllocator: After 8824788 get requests, put_count=8824789 evicted_count=1000 eviction_rate=0.000113317 and unsatisfied allocation rate=0.00011581
I tensorflow/core/common_runtime/gpu/pool_allocator.cc:247] PoolAllocator: After 67082137 get requests, put_count=67082137 evicted_count=11000 eviction_rate=0.000163978 and unsatisfied allocation rate=0.000164321
I tensorflow/core/common_runtime/gpu/pool_allocator.cc:247] PoolAllocator: After 110233327 get requests, put_count=110233326 evicted_count=21000 eviction_rate=0.000190505 and unsatisfied allocation rate=0.000190723
I tensorflow/core/common_runtime/gpu/pool_allocator.cc:247] PoolAllocator: After 157933096 get requests, put_count=157933097 evicted_count=31000 eviction_rate=0.000196286 and unsatisfied allocation rate=0.000196425
I tensorflow/core/common_runtime/gpu/pool_allocator.cc:247] PoolAllocator: After 206270689 get requests, put_count=206270690 evicted_count=41000 eviction_rate=0.000198768 and unsatisfied allocation rate=0.000198875
I tensorflow/core/common_runtime/gpu/pool_allocator.cc:247] PoolAllocator: After 242161273 get requests, put_count=242161273 evicted_count=51000 eviction_rate=0.000210603 and unsatisfied allocation rate=0.000210698
I tensorflow/core/common_runtime/gpu/pool_allocator.cc:247] PoolAllocator: After 268531877 get requests, put_count=268531878 evicted_count=61000 eviction_rate=0.000227161 and unsatisfied allocation rate=0.000227243
I tensorflow/core/common_runtime/gpu/pool_allocator.cc:247] PoolAllocator: After 295288987 get requests, put_count=295288987 evicted_count=71000 eviction_rate=0.000240442 and unsatisfied allocation rate=0.00024052
I tensorflow/core/common_runtime/gpu/pool_allocator.cc:247] PoolAllocator: After 319620707 get requests, put_count=319620705 evicted_count=81000 eviction_rate=0.000253425 and unsatisfied allocation rate=0.000253504
I tensorflow/core/common_runtime/gpu/pool_allocator.cc:247] PoolAllocator: After 344923880 get requests, put_count=344923881 evicted_count=91000 eviction_rate=0.000263826 and unsatisfied allocation rate=0.00026389
I tensorflow/core/common_runtime/gpu/pool_allocator.cc:247] PoolAllocator: After 370407336 get requests, put_count=370407337 evicted_count=101000 eviction_rate=0.000272673 and unsatisfied allocation rate=0.000272732
I tensorflow/core/common_runtime/gpu/pool_allocator.cc:247] PoolAllocator: After 397947834 get requests, put_count=397947835 evicted_count=111000 eviction_rate=0.000278931 and unsatisfied allocation rate=0.000278986
I tensorflow/core/common_runtime/gpu/pool_allocator.cc:247] PoolAllocator: After 467875289 get requests, put_count=467875290 evicted_count=121000 eviction_rate=0.000258616 and unsatisfied allocation rate=0.000258663
I tensorflow/core/common_runtime/gpu/pool_allocator.cc:247] PoolAllocator: After 514311780 get requests, put_count=514311778 evicted_count=131000 eviction_rate=0.000254709 and unsatisfied allocation rate=0.000254758
I tensorflow/core/common_runtime/gpu/pool_allocator.cc:247] PoolAllocator: After 540784847 get requests, put_count=540784848 evicted_count=141000 eviction_rate=0.000260732 and unsatisfied allocation rate=0.000260773
I tensorflow/core/common_runtime/gpu/pool_allocator.cc:247] PoolAllocator: After 566994623 get requests, put_count=566994622 evicted_count=151000 eviction_rate=0.000266316 and unsatisfied allocation rate=0.000266359
I tensorflow/core/common_runtime/gpu/pool_allocator.cc:247] PoolAllocator: After 592437872 get requests, put_count=592437873 evicted_count=161000 eviction_rate=0.000271758 and unsatisfied allocation rate=0.000271796
