000 (1010.000.000) 05/03 09:23:17 Job submitted from host: <10.33.133.154:9618?addrs=10.33.133.154-9618+[--1]-9618&noUDP&sock=1383_3391_3>
    DAG Node: cbow_exp_soft
...
001 (1010.000.000) 05/03 10:05:12 Job executing on host: <10.33.133.70:9618?addrs=10.33.133.70-9618+[--1]-9618&noUDP&sock=19079_2f80_3>
...
010 (1010.000.000) 05/03 10:47:38 Job was suspended.
	Number of processes actually suspended: 26
...
011 (1010.000.000) 05/03 10:49:49 Job was unsuspended.
...
010 (1010.000.000) 05/03 11:07:05 Job was suspended.
	Number of processes actually suspended: 26
...
011 (1010.000.000) 05/03 11:09:26 Job was unsuspended.
...
010 (1010.000.000) 05/03 11:25:31 Job was suspended.
	Number of processes actually suspended: 26
...
011 (1010.000.000) 05/03 11:27:52 Job was unsuspended.
...
010 (1010.000.000) 05/03 13:04:29 Job was suspended.
	Number of processes actually suspended: 26
...
011 (1010.000.000) 05/03 13:07:14 Job was unsuspended.
...
010 (1010.000.000) 05/03 16:37:05 Job was suspended.
	Number of processes actually suspended: 26
...
011 (1010.000.000) 05/03 16:45:02 Job was unsuspended.
...
010 (1010.000.000) 05/03 16:49:57 Job was suspended.
	Number of processes actually suspended: 26
...
011 (1010.000.000) 05/03 17:04:59 Job was unsuspended.
...
004 (1010.000.000) 05/03 17:04:59 Job was evicted.
	(0) Job was not checkpointed.
		Usr 0 08:45:33, Sys 0 00:56:10  -  Run Remote Usage
		Usr 0 00:00:00, Sys 0 00:00:00  -  Run Local Usage
	0  -  Run Bytes Sent By Job
	0  -  Run Bytes Received By Job
	Partitionable Resources :    Usage  Request Allocated
	   Cpus                 :                 1         1
	   Disk (KB)            :        7        7  39037248
	   Gpus                 :                 1         1
	   Memory (MB)          :     1533     4096      4096
...
001 (1010.000.000) 05/03 17:24:30 Job executing on host: <10.33.133.70:9618?addrs=10.33.133.70-9618+[--1]-9618&noUDP&sock=19079_2f80_3>
...
005 (1010.000.000) 05/03 23:20:14 Job terminated.
	(1) Normal termination (return value 0)
		Usr 0 06:18:47, Sys 0 00:35:05  -  Run Remote Usage
		Usr 0 00:00:00, Sys 0 00:00:00  -  Run Local Usage
		Usr 0 06:18:47, Sys 0 00:35:05  -  Total Remote Usage
		Usr 0 00:00:00, Sys 0 00:00:00  -  Total Local Usage
	0  -  Run Bytes Sent By Job
	0  -  Run Bytes Received By Job
	0  -  Total Bytes Sent By Job
	0  -  Total Bytes Received By Job
	Partitionable Resources :    Usage  Request Allocated
	   Cpus                 :                 1         1
	   Disk (KB)            :        7        7  39037242
	   Gpus                 :                 1         1
	   Memory (MB)          :     1709     4096      4096
...
000 (1023.000.000) 05/03 23:20:23 Job submitted from host: <10.33.133.154:9618?addrs=10.33.133.154-9618+[--1]-9618&noUDP&sock=1383_3391_3>
    DAG Node: cbow_exp_soft_test
...
001 (1023.000.000) 05/04 02:50:36 Job executing on host: <10.33.133.70:9618?addrs=10.33.133.70-9618+[--1]-9618&noUDP&sock=19079_2f80_3>
...
005 (1023.000.000) 05/04 02:50:55 Job terminated.
	(1) Normal termination (return value 0)
		Usr 0 00:00:23, Sys 0 00:00:01  -  Run Remote Usage
		Usr 0 00:00:00, Sys 0 00:00:00  -  Run Local Usage
		Usr 0 00:00:23, Sys 0 00:00:01  -  Total Remote Usage
		Usr 0 00:00:00, Sys 0 00:00:00  -  Total Local Usage
	0  -  Run Bytes Sent By Job
	0  -  Run Bytes Received By Job
	0  -  Total Bytes Sent By Job
	0  -  Total Bytes Received By Job
	Partitionable Resources :    Usage  Request Allocated
	   Cpus                 :                 1         1
	   Disk (KB)            :        7        7  39037253
	   Gpus                 :                 1         1
	   Memory (MB)          :      635     4096      4096
...
