I tensorflow/stream_executor/dso_loader.cc:128] successfully opened CUDA library libcublas.so locally
I tensorflow/stream_executor/dso_loader.cc:128] successfully opened CUDA library libcudnn.so locally
I tensorflow/stream_executor/dso_loader.cc:128] successfully opened CUDA library libcufft.so locally
I tensorflow/stream_executor/dso_loader.cc:128] successfully opened CUDA library libcuda.so.1 locally
I tensorflow/stream_executor/dso_loader.cc:128] successfully opened CUDA library libcurand.so locally
/users/start2014/r0364650/.local/lib/python2.7/site-packages/gensim/utils.py:1015: UserWarning: Pattern library is not installed, lemmatization won't be available.
  warnings.warn("Pattern library is not installed, lemmatization won't be available.")
I tensorflow/stream_executor/cuda/cuda_gpu_executor.cc:937] successful NUMA node read from SysFS had negative value (-1), but there must be at least one NUMA node, so returning NUMA node zero
I tensorflow/core/common_runtime/gpu/gpu_device.cc:885] Found device 0 with properties: 
name: GeForce GTX 980 Ti
major: 5 minor: 2 memoryClockRate (GHz) 1.19
pciBusID 0000:01:00.0
Total memory: 5.93GiB
Free memory: 5.84GiB
I tensorflow/core/common_runtime/gpu/gpu_device.cc:906] DMA: 0 
I tensorflow/core/common_runtime/gpu/gpu_device.cc:916] 0:   Y 
I tensorflow/core/common_runtime/gpu/gpu_device.cc:975] Creating TensorFlow device (/gpu:0) -> (device: 0, name: GeForce GTX 980 Ti, pci bus id: 0000:01:00.0)
I tensorflow/core/common_runtime/gpu/pool_allocator.cc:247] PoolAllocator: After 9013 get requests, put_count=8918 evicted_count=1000 eviction_rate=0.112133 and unsatisfied allocation rate=0.132586
I tensorflow/core/common_runtime/gpu/pool_allocator.cc:259] Raising pool_size_limit_ from 100 to 110
I tensorflow/core/common_runtime/gpu/pool_allocator.cc:247] PoolAllocator: After 1306079 get requests, put_count=1306098 evicted_count=1000 eviction_rate=0.000765639 and unsatisfied allocation rate=0.000768713
I tensorflow/core/common_runtime/gpu/pool_allocator.cc:247] PoolAllocator: After 8600407 get requests, put_count=8600426 evicted_count=11000 eviction_rate=0.00127901 and unsatisfied allocation rate=0.00127947
I tensorflow/core/common_runtime/gpu/pool_allocator.cc:247] PoolAllocator: After 15289036 get requests, put_count=15289055 evicted_count=21000 eviction_rate=0.00137353 and unsatisfied allocation rate=0.00137379
I tensorflow/core/common_runtime/gpu/pool_allocator.cc:247] PoolAllocator: After 21959507 get requests, put_count=21959526 evicted_count=31000 eviction_rate=0.00141169 and unsatisfied allocation rate=0.00141187
I tensorflow/core/common_runtime/gpu/pool_allocator.cc:247] PoolAllocator: After 28627384 get requests, put_count=28627403 evicted_count=41000 eviction_rate=0.00143219 and unsatisfied allocation rate=0.00143233
I tensorflow/core/common_runtime/gpu/pool_allocator.cc:247] PoolAllocator: After 35300449 get requests, put_count=35300468 evicted_count=51000 eviction_rate=0.00144474 and unsatisfied allocation rate=0.00144485
I tensorflow/core/common_runtime/gpu/pool_allocator.cc:247] PoolAllocator: After 41029298 get requests, put_count=41029317 evicted_count=61000 eviction_rate=0.00148674 and unsatisfied allocation rate=0.00148684
I tensorflow/core/common_runtime/gpu/pool_allocator.cc:247] PoolAllocator: After 45465038 get requests, put_count=45465055 evicted_count=71000 eviction_rate=0.00156164 and unsatisfied allocation rate=0.00156177
I tensorflow/core/common_runtime/gpu/pool_allocator.cc:247] PoolAllocator: After 49920233 get requests, put_count=49920251 evicted_count=81000 eviction_rate=0.00162259 and unsatisfied allocation rate=0.00162269
I tensorflow/core/common_runtime/gpu/pool_allocator.cc:247] PoolAllocator: After 54363755 get requests, put_count=54363774 evicted_count=91000 eviction_rate=0.00167391 and unsatisfied allocation rate=0.00167398
I tensorflow/core/common_runtime/gpu/pool_allocator.cc:247] PoolAllocator: After 58791713 get requests, put_count=58791730 evicted_count=101000 eviction_rate=0.00171793 and unsatisfied allocation rate=0.00171803
I tensorflow/core/common_runtime/gpu/pool_allocator.cc:247] PoolAllocator: After 63275442 get requests, put_count=63275460 evicted_count=111000 eviction_rate=0.00175423 and unsatisfied allocation rate=0.00175431
I tensorflow/core/common_runtime/gpu/pool_allocator.cc:247] PoolAllocator: After 67707291 get requests, put_count=67707310 evicted_count=121000 eviction_rate=0.0017871 and unsatisfied allocation rate=0.00178716
I tensorflow/core/common_runtime/gpu/pool_allocator.cc:247] PoolAllocator: After 72149516 get requests, put_count=72149533 evicted_count=131000 eviction_rate=0.00181567 and unsatisfied allocation rate=0.00181576
I tensorflow/core/common_runtime/gpu/pool_allocator.cc:247] PoolAllocator: After 76593038 get requests, put_count=76593056 evicted_count=141000 eviction_rate=0.0018409 and unsatisfied allocation rate=0.00184096
I tensorflow/core/common_runtime/gpu/pool_allocator.cc:247] PoolAllocator: After 81036560 get requests, put_count=81036579 evicted_count=151000 eviction_rate=0.00186336 and unsatisfied allocation rate=0.00186341
I tensorflow/core/common_runtime/gpu/pool_allocator.cc:247] PoolAllocator: After 85472300 get requests, put_count=85472317 evicted_count=161000 eviction_rate=0.00188365 and unsatisfied allocation rate=0.00188372
I tensorflow/core/common_runtime/gpu/pool_allocator.cc:247] PoolAllocator: After 89904149 get requests, put_count=89904167 evicted_count=171000 eviction_rate=0.00190203 and unsatisfied allocation rate=0.00190208
I tensorflow/core/common_runtime/gpu/pool_allocator.cc:247] PoolAllocator: After 94355453 get requests, put_count=94355472 evicted_count=181000 eviction_rate=0.00191828 and unsatisfied allocation rate=0.00191832
I tensorflow/core/common_runtime/gpu/pool_allocator.cc:247] PoolAllocator: After 98783411 get requests, put_count=98783428 evicted_count=191000 eviction_rate=0.00193352 and unsatisfied allocation rate=0.00193358
I tensorflow/core/common_runtime/gpu/pool_allocator.cc:247] PoolAllocator: After 103226933 get requests, put_count=103226951 evicted_count=201000 eviction_rate=0.00194717 and unsatisfied allocation rate=0.00194721
I tensorflow/core/common_runtime/gpu/pool_allocator.cc:247] PoolAllocator: After 107665267 get requests, put_count=107665286 evicted_count=211000 eviction_rate=0.00195978 and unsatisfied allocation rate=0.00195981
I tensorflow/core/common_runtime/gpu/pool_allocator.cc:247] PoolAllocator: After 112088037 get requests, put_count=112088054 evicted_count=221000 eviction_rate=0.00197166 and unsatisfied allocation rate=0.00197172
I tensorflow/core/common_runtime/gpu/pool_allocator.cc:247] PoolAllocator: After 116527668 get requests, put_count=116527686 evicted_count=231000 eviction_rate=0.00198236 and unsatisfied allocation rate=0.0019824
I tensorflow/core/common_runtime/gpu/pool_allocator.cc:247] PoolAllocator: After 120960814 get requests, put_count=120960833 evicted_count=241000 eviction_rate=0.00199238 and unsatisfied allocation rate=0.00199241
