05/03/17 09:24:00 ******************************************************
05/03/17 09:24:00 ** condor_scheduniv_exec.1013.0 (CONDOR_DAGMAN) STARTING UP
05/03/17 09:24:00 ** /usr/bin/condor_dagman
05/03/17 09:24:00 ** SubsystemInfo: name=DAGMAN type=DAGMAN(10) class=DAEMON(1)
05/03/17 09:24:00 ** Configuration: subsystem:DAGMAN local:<NONE> class:DAEMON
05/03/17 09:24:00 ** $CondorVersion: 8.6.2 Apr 23 2017 BuildID: 404257 $
05/03/17 09:24:00 ** $CondorPlatform: x86_64_RedHat7 $
05/03/17 09:24:00 ** PID = 26439
05/03/17 09:24:00 ** Log last touched time unavailable (No such file or directory)
05/03/17 09:24:00 ******************************************************
05/03/17 09:24:00 Using config source: /etc/condor/condor_config
05/03/17 09:24:00 Using local config sources: 
05/03/17 09:24:00    /etc/condor/config.d/00esat.config
05/03/17 09:24:00    /etc/condor/config.d/01java.config
05/03/17 09:24:00    /etc/condor/config.d/80optout_users.config
05/03/17 09:24:00    /etc/condor/condor_config.local
05/03/17 09:24:00 config Macros = 166, Sorted = 166, StringBytes = 6041, TablesBytes = 6048
05/03/17 09:24:00 CLASSAD_CACHING is ENABLED
05/03/17 09:24:00 Daemon Log is logging: D_ALWAYS D_ERROR
05/03/17 09:24:00 DaemonCore: No command port requested.
05/03/17 09:24:00 DAGMAN_USE_STRICT setting: 1
05/03/17 09:24:00 DAGMAN_VERBOSITY setting: 3
05/03/17 09:24:00 DAGMAN_DEBUG_CACHE_SIZE setting: 5242880
05/03/17 09:24:00 DAGMAN_DEBUG_CACHE_ENABLE setting: False
05/03/17 09:24:00 DAGMAN_SUBMIT_DELAY setting: 0
05/03/17 09:24:00 DAGMAN_MAX_SUBMIT_ATTEMPTS setting: 6
05/03/17 09:24:00 DAGMAN_STARTUP_CYCLE_DETECT setting: False
05/03/17 09:24:00 DAGMAN_MAX_SUBMITS_PER_INTERVAL setting: 5
05/03/17 09:24:00 DAGMAN_USER_LOG_SCAN_INTERVAL setting: 5
05/03/17 09:24:00 DAGMAN_DEFAULT_PRIORITY setting: 0
05/03/17 09:24:00 DAGMAN_SUPPRESS_NOTIFICATION setting: True
05/03/17 09:24:00 allow_events (DAGMAN_ALLOW_EVENTS) setting: 114
05/03/17 09:24:00 DAGMAN_RETRY_SUBMIT_FIRST setting: True
05/03/17 09:24:00 DAGMAN_RETRY_NODE_FIRST setting: False
05/03/17 09:24:00 DAGMAN_MAX_JOBS_IDLE setting: 1000
05/03/17 09:24:00 DAGMAN_MAX_JOBS_SUBMITTED setting: 0
05/03/17 09:24:00 DAGMAN_MAX_PRE_SCRIPTS setting: 20
05/03/17 09:24:00 DAGMAN_MAX_POST_SCRIPTS setting: 20
05/03/17 09:24:00 DAGMAN_MUNGE_NODE_NAMES setting: True
05/03/17 09:24:00 DAGMAN_PROHIBIT_MULTI_JOBS setting: False
05/03/17 09:24:00 DAGMAN_SUBMIT_DEPTH_FIRST setting: False
05/03/17 09:24:00 DAGMAN_ALWAYS_RUN_POST setting: False
05/03/17 09:24:00 DAGMAN_ABORT_DUPLICATES setting: True
05/03/17 09:24:00 DAGMAN_ABORT_ON_SCARY_SUBMIT setting: True
05/03/17 09:24:00 DAGMAN_PENDING_REPORT_INTERVAL setting: 600
05/03/17 09:24:00 DAGMAN_AUTO_RESCUE setting: True
05/03/17 09:24:00 DAGMAN_MAX_RESCUE_NUM setting: 100
05/03/17 09:24:00 DAGMAN_WRITE_PARTIAL_RESCUE setting: True
05/03/17 09:24:00 DAGMAN_DEFAULT_NODE_LOG setting: @(DAG_DIR)/@(DAG_FILE).nodes.log
05/03/17 09:24:00 DAGMAN_GENERATE_SUBDAG_SUBMITS setting: True
05/03/17 09:24:00 DAGMAN_MAX_JOB_HOLDS setting: 100
05/03/17 09:24:00 DAGMAN_HOLD_CLAIM_TIME setting: 20
05/03/17 09:24:00 ALL_DEBUG setting: 
05/03/17 09:24:00 DAGMAN_DEBUG setting: 
05/03/17 09:24:00 DAGMAN_SUPPRESS_JOB_LOGS setting: False
05/03/17 09:24:00 DAGMAN_REMOVE_NODE_JOBS setting: True
05/03/17 09:24:00 argv[0] == "condor_scheduniv_exec.1013.0"
05/03/17 09:24:00 argv[1] == "-Lockfile"
05/03/17 09:24:00 argv[2] == "ds_cbow_mean_lstm.dag.lock"
05/03/17 09:24:00 argv[3] == "-AutoRescue"
05/03/17 09:24:00 argv[4] == "1"
05/03/17 09:24:00 argv[5] == "-DoRescueFrom"
05/03/17 09:24:00 argv[6] == "0"
05/03/17 09:24:00 argv[7] == "-Dag"
05/03/17 09:24:00 argv[8] == "ds_cbow_mean_lstm.dag"
05/03/17 09:24:00 argv[9] == "-Suppress_notification"
05/03/17 09:24:00 argv[10] == "-CsdVersion"
05/03/17 09:24:00 argv[11] == "$CondorVersion: 8.6.2 Apr 23 2017 BuildID: 404257 $"
05/03/17 09:24:00 argv[12] == "-Dagman"
05/03/17 09:24:00 argv[13] == "/usr/bin/condor_dagman"
05/03/17 09:24:00 Workflow batch-name: <ds_cbow_mean_lstm.dag+1013>
05/03/17 09:24:00 Workflow accounting_group: <>
05/03/17 09:24:00 Workflow accounting_group_user: <>
05/03/17 09:24:00 Warning: failed to get attribute DAGNodeName
05/03/17 09:24:00 DAGMAN_LOG_ON_NFS_IS_ERROR setting: False
05/03/17 09:24:00 Default node log file is: </esat/spchtemp/scratch/robbe/SpeechHub/pretrained_untied_models_smaller/python/jobdag/./ds_cbow_mean_lstm.dag.nodes.log>
05/03/17 09:24:00 DAG Lockfile will be written to ds_cbow_mean_lstm.dag.lock
05/03/17 09:24:00 DAG Input file is ds_cbow_mean_lstm.dag
05/03/17 09:24:00 Parsing 1 dagfiles
05/03/17 09:24:00 Parsing ds_cbow_mean_lstm.dag ...
05/03/17 09:24:00 Dag contains 2 total jobs
05/03/17 09:24:00 Sleeping for 3 seconds to ensure ProcessId uniqueness
05/03/17 09:24:03 Bootstrapping...
05/03/17 09:24:03 Number of pre-completed nodes: 0
05/03/17 09:24:03 MultiLogFiles: truncating log file /esat/spchtemp/scratch/robbe/SpeechHub/pretrained_untied_models_smaller/python/jobdag/./ds_cbow_mean_lstm.dag.nodes.log
05/03/17 09:24:03 DAG status: 0 (DAG_STATUS_OK)
05/03/17 09:24:03 Of 2 nodes total:
05/03/17 09:24:03  Done     Pre   Queued    Post   Ready   Un-Ready   Failed
05/03/17 09:24:03   ===     ===      ===     ===     ===        ===      ===
05/03/17 09:24:03     0       0        0       0       1          1        0
05/03/17 09:24:03 0 job proc(s) currently held
05/03/17 09:24:03 Registering condor_event_timer...
05/03/17 09:24:04 Submitting HTCondor Node cbow_mean_lstm job(s)...
05/03/17 09:24:04 Adding a DAGMan workflow log /esat/spchtemp/scratch/robbe/SpeechHub/pretrained_untied_models_smaller/python/jobdag/./ds_cbow_mean_lstm.dag.nodes.log
05/03/17 09:24:04 Masking the events recorded in the DAGMAN workflow log
05/03/17 09:24:04 Mask for workflow log is 0,1,2,4,5,7,9,10,11,12,13,16,17,24,27
05/03/17 09:24:04 submitting: /usr/bin/condor_submit -a dag_node_name' '=' 'cbow_mean_lstm -a +DAGManJobId' '=' '1013 -a DAGManJobId' '=' '1013 -batch-name ds_cbow_mean_lstm.dag+1013 -a submit_event_notes' '=' 'DAG' 'Node:' 'cbow_mean_lstm -a dagman_log' '=' '/esat/spchtemp/scratch/robbe/SpeechHub/pretrained_untied_models_smaller/python/jobdag/./ds_cbow_mean_lstm.dag.nodes.log -a +DAGManNodesMask' '=' '"0,1,2,4,5,7,9,10,11,12,13,16,17,24,27" -a data_set' '=' 'ds -a test_name' '=' 'cbow_mean_lstm -a num_run' '=' '0 -a combination' '=' 'mean -a DAG_STATUS' '=' '0 -a FAILED_COUNT' '=' '0 -a +KeepClaimIdle' '=' '20 -a notification' '=' 'never -a +DAGParentNodeNames' '=' '"" jobdag/cbow_lstm.job
05/03/17 09:24:04 From submit: Submitting job(s).
05/03/17 09:24:04 From submit: 1 job(s) submitted to cluster 1014.
05/03/17 09:24:04 	assigned HTCondor ID (1014.0.0)
05/03/17 09:24:04 Just submitted 1 job this cycle...
05/03/17 09:24:04 Currently monitoring 1 HTCondor log file(s)
05/03/17 09:24:04 Reassigning the id of job cbow_mean_lstm from (1014.0.0) to (1014.0.0)
05/03/17 09:24:04 Event: ULOG_SUBMIT for HTCondor Node cbow_mean_lstm (1014.0.0) {05/03/17 09:24:04}
05/03/17 09:24:04 Number of idle job procs: 1
05/03/17 09:24:04 DAG status: 0 (DAG_STATUS_OK)
05/03/17 09:24:04 Of 2 nodes total:
05/03/17 09:24:04  Done     Pre   Queued    Post   Ready   Un-Ready   Failed
05/03/17 09:24:04   ===     ===      ===     ===     ===        ===      ===
05/03/17 09:24:04     0       0        1       0       0          1        0
05/03/17 09:24:04 0 job proc(s) currently held
05/03/17 09:34:07 603 seconds since last log event
05/03/17 09:34:07 Pending DAG nodes:
05/03/17 09:34:07   Node cbow_mean_lstm, HTCondor ID 1014, status STATUS_SUBMITTED
05/03/17 09:44:09 1205 seconds since last log event
05/03/17 09:44:09 Pending DAG nodes:
05/03/17 09:44:09   Node cbow_mean_lstm, HTCondor ID 1014, status STATUS_SUBMITTED
05/03/17 09:54:12 1808 seconds since last log event
05/03/17 09:54:12 Pending DAG nodes:
05/03/17 09:54:12   Node cbow_mean_lstm, HTCondor ID 1014, status STATUS_SUBMITTED
05/03/17 10:04:14 2410 seconds since last log event
05/03/17 10:04:14 Pending DAG nodes:
05/03/17 10:04:14   Node cbow_mean_lstm, HTCondor ID 1014, status STATUS_SUBMITTED
05/03/17 10:09:50 Currently monitoring 1 HTCondor log file(s)
05/03/17 10:09:50 Event: ULOG_EXECUTE for HTCondor Node cbow_mean_lstm (1014.0.0) {05/03/17 10:09:49}
05/03/17 10:09:50 Number of idle job procs: 0
05/03/17 10:19:52 602 seconds since last log event
05/03/17 10:19:52 Pending DAG nodes:
05/03/17 10:19:52   Node cbow_mean_lstm, HTCondor ID 1014, status STATUS_SUBMITTED
05/03/17 10:29:55 1205 seconds since last log event
05/03/17 10:29:55 Pending DAG nodes:
05/03/17 10:29:55   Node cbow_mean_lstm, HTCondor ID 1014, status STATUS_SUBMITTED
05/03/17 10:39:57 1807 seconds since last log event
05/03/17 10:39:57 Pending DAG nodes:
05/03/17 10:39:57   Node cbow_mean_lstm, HTCondor ID 1014, status STATUS_SUBMITTED
05/03/17 10:49:59 2409 seconds since last log event
05/03/17 10:49:59 Pending DAG nodes:
05/03/17 10:49:59   Node cbow_mean_lstm, HTCondor ID 1014, status STATUS_SUBMITTED
05/03/17 11:00:01 3011 seconds since last log event
05/03/17 11:00:01 Pending DAG nodes:
05/03/17 11:00:01   Node cbow_mean_lstm, HTCondor ID 1014, status STATUS_SUBMITTED
05/03/17 11:10:03 3613 seconds since last log event
05/03/17 11:10:03 Pending DAG nodes:
05/03/17 11:10:03   Node cbow_mean_lstm, HTCondor ID 1014, status STATUS_SUBMITTED
05/03/17 11:20:06 4216 seconds since last log event
05/03/17 11:20:06 Pending DAG nodes:
05/03/17 11:20:06   Node cbow_mean_lstm, HTCondor ID 1014, status STATUS_SUBMITTED
05/03/17 11:30:08 4818 seconds since last log event
05/03/17 11:30:08 Pending DAG nodes:
05/03/17 11:30:08   Node cbow_mean_lstm, HTCondor ID 1014, status STATUS_SUBMITTED
05/03/17 11:40:10 5420 seconds since last log event
05/03/17 11:40:10 Pending DAG nodes:
05/03/17 11:40:10   Node cbow_mean_lstm, HTCondor ID 1014, status STATUS_SUBMITTED
05/03/17 11:50:12 6022 seconds since last log event
05/03/17 11:50:12 Pending DAG nodes:
05/03/17 11:50:12   Node cbow_mean_lstm, HTCondor ID 1014, status STATUS_SUBMITTED
05/03/17 12:00:15 6625 seconds since last log event
05/03/17 12:00:15 Pending DAG nodes:
05/03/17 12:00:15   Node cbow_mean_lstm, HTCondor ID 1014, status STATUS_SUBMITTED
05/03/17 12:10:17 7227 seconds since last log event
05/03/17 12:10:17 Pending DAG nodes:
05/03/17 12:10:17   Node cbow_mean_lstm, HTCondor ID 1014, status STATUS_SUBMITTED
05/03/17 12:20:18 7828 seconds since last log event
05/03/17 12:20:18 Pending DAG nodes:
05/03/17 12:20:18   Node cbow_mean_lstm, HTCondor ID 1014, status STATUS_SUBMITTED
05/03/17 12:30:19 8429 seconds since last log event
05/03/17 12:30:19 Pending DAG nodes:
05/03/17 12:30:19   Node cbow_mean_lstm, HTCondor ID 1014, status STATUS_SUBMITTED
05/03/17 12:40:21 9031 seconds since last log event
05/03/17 12:40:21 Pending DAG nodes:
05/03/17 12:40:21   Node cbow_mean_lstm, HTCondor ID 1014, status STATUS_SUBMITTED
05/03/17 12:50:23 9633 seconds since last log event
05/03/17 12:50:23 Pending DAG nodes:
05/03/17 12:50:23   Node cbow_mean_lstm, HTCondor ID 1014, status STATUS_SUBMITTED
05/03/17 13:00:26 10236 seconds since last log event
05/03/17 13:00:26 Pending DAG nodes:
05/03/17 13:00:26   Node cbow_mean_lstm, HTCondor ID 1014, status STATUS_SUBMITTED
05/03/17 13:10:28 10838 seconds since last log event
05/03/17 13:10:28 Pending DAG nodes:
05/03/17 13:10:28   Node cbow_mean_lstm, HTCondor ID 1014, status STATUS_SUBMITTED
05/03/17 13:20:31 11441 seconds since last log event
05/03/17 13:20:31 Pending DAG nodes:
05/03/17 13:20:31   Node cbow_mean_lstm, HTCondor ID 1014, status STATUS_SUBMITTED
05/03/17 13:30:33 12043 seconds since last log event
05/03/17 13:30:33 Pending DAG nodes:
05/03/17 13:30:33   Node cbow_mean_lstm, HTCondor ID 1014, status STATUS_SUBMITTED
05/03/17 13:40:34 12644 seconds since last log event
05/03/17 13:40:34 Pending DAG nodes:
05/03/17 13:40:34   Node cbow_mean_lstm, HTCondor ID 1014, status STATUS_SUBMITTED
05/03/17 13:50:36 13246 seconds since last log event
05/03/17 13:50:36 Pending DAG nodes:
05/03/17 13:50:36   Node cbow_mean_lstm, HTCondor ID 1014, status STATUS_SUBMITTED
05/03/17 14:00:38 13848 seconds since last log event
05/03/17 14:00:38 Pending DAG nodes:
05/03/17 14:00:38   Node cbow_mean_lstm, HTCondor ID 1014, status STATUS_SUBMITTED
05/03/17 14:10:40 14450 seconds since last log event
05/03/17 14:10:40 Pending DAG nodes:
05/03/17 14:10:40   Node cbow_mean_lstm, HTCondor ID 1014, status STATUS_SUBMITTED
05/03/17 14:20:42 15052 seconds since last log event
05/03/17 14:20:42 Pending DAG nodes:
05/03/17 14:20:42   Node cbow_mean_lstm, HTCondor ID 1014, status STATUS_SUBMITTED
05/03/17 14:30:44 15654 seconds since last log event
05/03/17 14:30:44 Pending DAG nodes:
05/03/17 14:30:44   Node cbow_mean_lstm, HTCondor ID 1014, status STATUS_SUBMITTED
05/03/17 14:40:47 16257 seconds since last log event
05/03/17 14:40:47 Pending DAG nodes:
05/03/17 14:40:47   Node cbow_mean_lstm, HTCondor ID 1014, status STATUS_SUBMITTED
05/03/17 14:50:50 16860 seconds since last log event
05/03/17 14:50:50 Pending DAG nodes:
05/03/17 14:50:50   Node cbow_mean_lstm, HTCondor ID 1014, status STATUS_SUBMITTED
05/03/17 15:00:53 17463 seconds since last log event
05/03/17 15:00:53 Pending DAG nodes:
05/03/17 15:00:53   Node cbow_mean_lstm, HTCondor ID 1014, status STATUS_SUBMITTED
05/03/17 15:10:56 18066 seconds since last log event
05/03/17 15:10:56 Pending DAG nodes:
05/03/17 15:10:56   Node cbow_mean_lstm, HTCondor ID 1014, status STATUS_SUBMITTED
05/03/17 15:20:59 18669 seconds since last log event
05/03/17 15:20:59 Pending DAG nodes:
05/03/17 15:20:59   Node cbow_mean_lstm, HTCondor ID 1014, status STATUS_SUBMITTED
05/03/17 15:31:02 19272 seconds since last log event
05/03/17 15:31:02 Pending DAG nodes:
05/03/17 15:31:02   Node cbow_mean_lstm, HTCondor ID 1014, status STATUS_SUBMITTED
05/03/17 15:41:05 19875 seconds since last log event
05/03/17 15:41:05 Pending DAG nodes:
05/03/17 15:41:05   Node cbow_mean_lstm, HTCondor ID 1014, status STATUS_SUBMITTED
05/03/17 15:51:08 20478 seconds since last log event
05/03/17 15:51:08 Pending DAG nodes:
05/03/17 15:51:08   Node cbow_mean_lstm, HTCondor ID 1014, status STATUS_SUBMITTED
05/03/17 16:01:12 21082 seconds since last log event
05/03/17 16:01:12 Pending DAG nodes:
05/03/17 16:01:12   Node cbow_mean_lstm, HTCondor ID 1014, status STATUS_SUBMITTED
05/03/17 16:11:14 21684 seconds since last log event
05/03/17 16:11:14 Pending DAG nodes:
05/03/17 16:11:14   Node cbow_mean_lstm, HTCondor ID 1014, status STATUS_SUBMITTED
05/03/17 16:21:17 22287 seconds since last log event
05/03/17 16:21:17 Pending DAG nodes:
05/03/17 16:21:17   Node cbow_mean_lstm, HTCondor ID 1014, status STATUS_SUBMITTED
05/03/17 16:31:20 22890 seconds since last log event
05/03/17 16:31:20 Pending DAG nodes:
05/03/17 16:31:20   Node cbow_mean_lstm, HTCondor ID 1014, status STATUS_SUBMITTED
05/03/17 16:41:22 23492 seconds since last log event
05/03/17 16:41:22 Pending DAG nodes:
05/03/17 16:41:22   Node cbow_mean_lstm, HTCondor ID 1014, status STATUS_SUBMITTED
05/03/17 16:51:25 24095 seconds since last log event
05/03/17 16:51:25 Pending DAG nodes:
05/03/17 16:51:25   Node cbow_mean_lstm, HTCondor ID 1014, status STATUS_SUBMITTED
05/03/17 17:01:28 24698 seconds since last log event
05/03/17 17:01:28 Pending DAG nodes:
05/03/17 17:01:28   Node cbow_mean_lstm, HTCondor ID 1014, status STATUS_SUBMITTED
05/03/17 17:11:31 25301 seconds since last log event
05/03/17 17:11:31 Pending DAG nodes:
05/03/17 17:11:31   Node cbow_mean_lstm, HTCondor ID 1014, status STATUS_SUBMITTED
05/03/17 17:21:34 25904 seconds since last log event
05/03/17 17:21:34 Pending DAG nodes:
05/03/17 17:21:34   Node cbow_mean_lstm, HTCondor ID 1014, status STATUS_SUBMITTED
05/03/17 17:31:36 26506 seconds since last log event
05/03/17 17:31:36 Pending DAG nodes:
05/03/17 17:31:36   Node cbow_mean_lstm, HTCondor ID 1014, status STATUS_SUBMITTED
05/03/17 17:41:38 27108 seconds since last log event
05/03/17 17:41:38 Pending DAG nodes:
05/03/17 17:41:38   Node cbow_mean_lstm, HTCondor ID 1014, status STATUS_SUBMITTED
05/03/17 17:51:42 27712 seconds since last log event
05/03/17 17:51:42 Pending DAG nodes:
05/03/17 17:51:42   Node cbow_mean_lstm, HTCondor ID 1014, status STATUS_SUBMITTED
05/03/17 18:01:45 28315 seconds since last log event
05/03/17 18:01:45 Pending DAG nodes:
05/03/17 18:01:45   Node cbow_mean_lstm, HTCondor ID 1014, status STATUS_SUBMITTED
05/03/17 18:11:48 28918 seconds since last log event
05/03/17 18:11:48 Pending DAG nodes:
05/03/17 18:11:48   Node cbow_mean_lstm, HTCondor ID 1014, status STATUS_SUBMITTED
05/03/17 18:21:51 29521 seconds since last log event
05/03/17 18:21:51 Pending DAG nodes:
05/03/17 18:21:51   Node cbow_mean_lstm, HTCondor ID 1014, status STATUS_SUBMITTED
05/03/17 18:31:53 30123 seconds since last log event
05/03/17 18:31:53 Pending DAG nodes:
05/03/17 18:31:53   Node cbow_mean_lstm, HTCondor ID 1014, status STATUS_SUBMITTED
05/03/17 18:41:56 30726 seconds since last log event
05/03/17 18:41:56 Pending DAG nodes:
05/03/17 18:41:56   Node cbow_mean_lstm, HTCondor ID 1014, status STATUS_SUBMITTED
05/03/17 18:51:58 31328 seconds since last log event
05/03/17 18:51:58 Pending DAG nodes:
05/03/17 18:51:58   Node cbow_mean_lstm, HTCondor ID 1014, status STATUS_SUBMITTED
05/03/17 18:55:04 Currently monitoring 1 HTCondor log file(s)
05/03/17 18:55:04 Event: ULOG_JOB_TERMINATED for HTCondor Node cbow_mean_lstm (1014.0.0) {05/03/17 18:55:02}
05/03/17 18:55:04 Number of idle job procs: 0
05/03/17 18:55:04 Node cbow_mean_lstm job proc (1014.0.0) completed successfully.
05/03/17 18:55:04 Node cbow_mean_lstm job completed
05/03/17 18:55:04 DAG status: 0 (DAG_STATUS_OK)
05/03/17 18:55:04 Of 2 nodes total:
05/03/17 18:55:04  Done     Pre   Queued    Post   Ready   Un-Ready   Failed
05/03/17 18:55:04   ===     ===      ===     ===     ===        ===      ===
05/03/17 18:55:04     1       0        0       0       1          0        0
05/03/17 18:55:04 0 job proc(s) currently held
05/03/17 18:55:09 Submitting HTCondor Node cbow_mean_lstm_test job(s)...
05/03/17 18:55:09 Adding a DAGMan workflow log /esat/spchtemp/scratch/robbe/SpeechHub/pretrained_untied_models_smaller/python/jobdag/./ds_cbow_mean_lstm.dag.nodes.log
05/03/17 18:55:09 Masking the events recorded in the DAGMAN workflow log
05/03/17 18:55:09 Mask for workflow log is 0,1,2,4,5,7,9,10,11,12,13,16,17,24,27
05/03/17 18:55:09 submitting: /usr/bin/condor_submit -a dag_node_name' '=' 'cbow_mean_lstm_test -a +DAGManJobId' '=' '1013 -a DAGManJobId' '=' '1013 -batch-name ds_cbow_mean_lstm.dag+1013 -a submit_event_notes' '=' 'DAG' 'Node:' 'cbow_mean_lstm_test -a dagman_log' '=' '/esat/spchtemp/scratch/robbe/SpeechHub/pretrained_untied_models_smaller/python/jobdag/./ds_cbow_mean_lstm.dag.nodes.log -a +DAGManNodesMask' '=' '"0,1,2,4,5,7,9,10,11,12,13,16,17,24,27" -a data_set' '=' 'ds -a test_name' '=' 'cbow_mean_lstm -a num_run' '=' '0 -a DAG_STATUS' '=' '0 -a FAILED_COUNT' '=' '0 -a notification' '=' 'never -a +DAGParentNodeNames' '=' '"cbow_mean_lstm" jobdag/cbow_lstm_test.job
05/03/17 18:55:09 From submit: Submitting job(s).
05/03/17 18:55:09 From submit: 1 job(s) submitted to cluster 1021.
05/03/17 18:55:09 	assigned HTCondor ID (1021.0.0)
05/03/17 18:55:09 Just submitted 1 job this cycle...
05/03/17 18:55:09 Currently monitoring 1 HTCondor log file(s)
05/03/17 18:55:09 Reassigning the id of job cbow_mean_lstm_test from (1021.0.0) to (1021.0.0)
05/03/17 18:55:09 Event: ULOG_SUBMIT for HTCondor Node cbow_mean_lstm_test (1021.0.0) {05/03/17 18:55:09}
05/03/17 18:55:09 Number of idle job procs: 1
05/03/17 18:55:09 DAG status: 0 (DAG_STATUS_OK)
05/03/17 18:55:09 Of 2 nodes total:
05/03/17 18:55:09  Done     Pre   Queued    Post   Ready   Un-Ready   Failed
05/03/17 18:55:09   ===     ===      ===     ===     ===        ===      ===
05/03/17 18:55:09     1       0        1       0       0          0        0
05/03/17 18:55:09 0 job proc(s) currently held
05/03/17 19:05:11 602 seconds since last log event
05/03/17 19:05:11 Pending DAG nodes:
05/03/17 19:05:11   Node cbow_mean_lstm_test, HTCondor ID 1021, status STATUS_SUBMITTED
05/03/17 19:15:13 1204 seconds since last log event
05/03/17 19:15:13 Pending DAG nodes:
05/03/17 19:15:13   Node cbow_mean_lstm_test, HTCondor ID 1021, status STATUS_SUBMITTED
05/03/17 19:25:15 1806 seconds since last log event
05/03/17 19:25:15 Pending DAG nodes:
05/03/17 19:25:15   Node cbow_mean_lstm_test, HTCondor ID 1021, status STATUS_SUBMITTED
05/03/17 19:35:18 2409 seconds since last log event
05/03/17 19:35:18 Pending DAG nodes:
05/03/17 19:35:18   Node cbow_mean_lstm_test, HTCondor ID 1021, status STATUS_SUBMITTED
05/03/17 19:45:21 3012 seconds since last log event
05/03/17 19:45:21 Pending DAG nodes:
05/03/17 19:45:21   Node cbow_mean_lstm_test, HTCondor ID 1021, status STATUS_SUBMITTED
05/03/17 19:55:23 3614 seconds since last log event
05/03/17 19:55:23 Pending DAG nodes:
05/03/17 19:55:23   Node cbow_mean_lstm_test, HTCondor ID 1021, status STATUS_SUBMITTED
05/03/17 20:05:26 4217 seconds since last log event
05/03/17 20:05:26 Pending DAG nodes:
05/03/17 20:05:26   Node cbow_mean_lstm_test, HTCondor ID 1021, status STATUS_SUBMITTED
05/03/17 20:15:28 4819 seconds since last log event
05/03/17 20:15:28 Pending DAG nodes:
05/03/17 20:15:28   Node cbow_mean_lstm_test, HTCondor ID 1021, status STATUS_SUBMITTED
05/03/17 20:25:31 5422 seconds since last log event
05/03/17 20:25:31 Pending DAG nodes:
05/03/17 20:25:31   Node cbow_mean_lstm_test, HTCondor ID 1021, status STATUS_SUBMITTED
05/03/17 20:35:33 6024 seconds since last log event
05/03/17 20:35:33 Pending DAG nodes:
05/03/17 20:35:33   Node cbow_mean_lstm_test, HTCondor ID 1021, status STATUS_SUBMITTED
05/03/17 20:45:35 6626 seconds since last log event
05/03/17 20:45:35 Pending DAG nodes:
05/03/17 20:45:35   Node cbow_mean_lstm_test, HTCondor ID 1021, status STATUS_SUBMITTED
05/03/17 20:55:37 7228 seconds since last log event
05/03/17 20:55:37 Pending DAG nodes:
05/03/17 20:55:37   Node cbow_mean_lstm_test, HTCondor ID 1021, status STATUS_SUBMITTED
05/03/17 21:05:40 7831 seconds since last log event
05/03/17 21:05:40 Pending DAG nodes:
05/03/17 21:05:40   Node cbow_mean_lstm_test, HTCondor ID 1021, status STATUS_SUBMITTED
05/03/17 21:15:43 8434 seconds since last log event
05/03/17 21:15:43 Pending DAG nodes:
05/03/17 21:15:43   Node cbow_mean_lstm_test, HTCondor ID 1021, status STATUS_SUBMITTED
05/03/17 21:25:45 9036 seconds since last log event
05/03/17 21:25:45 Pending DAG nodes:
05/03/17 21:25:45   Node cbow_mean_lstm_test, HTCondor ID 1021, status STATUS_SUBMITTED
05/03/17 21:35:48 9639 seconds since last log event
05/03/17 21:35:48 Pending DAG nodes:
05/03/17 21:35:48   Node cbow_mean_lstm_test, HTCondor ID 1021, status STATUS_SUBMITTED
05/03/17 21:45:50 10241 seconds since last log event
05/03/17 21:45:50 Pending DAG nodes:
05/03/17 21:45:50   Node cbow_mean_lstm_test, HTCondor ID 1021, status STATUS_SUBMITTED
05/03/17 21:55:52 10843 seconds since last log event
05/03/17 21:55:52 Pending DAG nodes:
05/03/17 21:55:52   Node cbow_mean_lstm_test, HTCondor ID 1021, status STATUS_SUBMITTED
05/03/17 22:05:55 11446 seconds since last log event
05/03/17 22:05:55 Pending DAG nodes:
05/03/17 22:05:55   Node cbow_mean_lstm_test, HTCondor ID 1021, status STATUS_SUBMITTED
05/03/17 22:15:56 12047 seconds since last log event
05/03/17 22:15:56 Pending DAG nodes:
05/03/17 22:15:56   Node cbow_mean_lstm_test, HTCondor ID 1021, status STATUS_SUBMITTED
05/03/17 22:25:58 12649 seconds since last log event
05/03/17 22:25:58 Pending DAG nodes:
05/03/17 22:25:58   Node cbow_mean_lstm_test, HTCondor ID 1021, status STATUS_SUBMITTED
05/03/17 22:36:01 13252 seconds since last log event
05/03/17 22:36:01 Pending DAG nodes:
05/03/17 22:36:01   Node cbow_mean_lstm_test, HTCondor ID 1021, status STATUS_SUBMITTED
05/03/17 22:46:04 13855 seconds since last log event
05/03/17 22:46:04 Pending DAG nodes:
05/03/17 22:46:04   Node cbow_mean_lstm_test, HTCondor ID 1021, status STATUS_SUBMITTED
05/03/17 22:56:07 14458 seconds since last log event
05/03/17 22:56:07 Pending DAG nodes:
05/03/17 22:56:07   Node cbow_mean_lstm_test, HTCondor ID 1021, status STATUS_SUBMITTED
05/03/17 23:06:10 15061 seconds since last log event
05/03/17 23:06:10 Pending DAG nodes:
05/03/17 23:06:10   Node cbow_mean_lstm_test, HTCondor ID 1021, status STATUS_SUBMITTED
05/03/17 23:16:11 15662 seconds since last log event
05/03/17 23:16:11 Pending DAG nodes:
05/03/17 23:16:11   Node cbow_mean_lstm_test, HTCondor ID 1021, status STATUS_SUBMITTED
05/03/17 23:26:13 16264 seconds since last log event
05/03/17 23:26:13 Pending DAG nodes:
05/03/17 23:26:13   Node cbow_mean_lstm_test, HTCondor ID 1021, status STATUS_SUBMITTED
05/03/17 23:36:16 16867 seconds since last log event
05/03/17 23:36:16 Pending DAG nodes:
05/03/17 23:36:16   Node cbow_mean_lstm_test, HTCondor ID 1021, status STATUS_SUBMITTED
05/03/17 23:46:18 17469 seconds since last log event
05/03/17 23:46:18 Pending DAG nodes:
05/03/17 23:46:18   Node cbow_mean_lstm_test, HTCondor ID 1021, status STATUS_SUBMITTED
05/03/17 23:56:19 18070 seconds since last log event
05/03/17 23:56:19 Pending DAG nodes:
05/03/17 23:56:19   Node cbow_mean_lstm_test, HTCondor ID 1021, status STATUS_SUBMITTED
05/04/17 00:06:21 18672 seconds since last log event
05/04/17 00:06:21 Pending DAG nodes:
05/04/17 00:06:21   Node cbow_mean_lstm_test, HTCondor ID 1021, status STATUS_SUBMITTED
05/04/17 00:16:23 19274 seconds since last log event
05/04/17 00:16:23 Pending DAG nodes:
05/04/17 00:16:23   Node cbow_mean_lstm_test, HTCondor ID 1021, status STATUS_SUBMITTED
05/04/17 00:26:26 19877 seconds since last log event
05/04/17 00:26:26 Pending DAG nodes:
05/04/17 00:26:26   Node cbow_mean_lstm_test, HTCondor ID 1021, status STATUS_SUBMITTED
05/04/17 00:36:27 20478 seconds since last log event
05/04/17 00:36:27 Pending DAG nodes:
05/04/17 00:36:27   Node cbow_mean_lstm_test, HTCondor ID 1021, status STATUS_SUBMITTED
05/04/17 00:46:30 21081 seconds since last log event
05/04/17 00:46:30 Pending DAG nodes:
05/04/17 00:46:30   Node cbow_mean_lstm_test, HTCondor ID 1021, status STATUS_SUBMITTED
05/04/17 00:56:31 21682 seconds since last log event
05/04/17 00:56:31 Pending DAG nodes:
05/04/17 00:56:31   Node cbow_mean_lstm_test, HTCondor ID 1021, status STATUS_SUBMITTED
05/04/17 01:06:33 22284 seconds since last log event
05/04/17 01:06:33 Pending DAG nodes:
05/04/17 01:06:33   Node cbow_mean_lstm_test, HTCondor ID 1021, status STATUS_SUBMITTED
05/04/17 01:16:34 22885 seconds since last log event
05/04/17 01:16:34 Pending DAG nodes:
05/04/17 01:16:34   Node cbow_mean_lstm_test, HTCondor ID 1021, status STATUS_SUBMITTED
05/04/17 01:26:36 23487 seconds since last log event
05/04/17 01:26:36 Pending DAG nodes:
05/04/17 01:26:36   Node cbow_mean_lstm_test, HTCondor ID 1021, status STATUS_SUBMITTED
05/04/17 01:36:38 24089 seconds since last log event
05/04/17 01:36:38 Pending DAG nodes:
05/04/17 01:36:38   Node cbow_mean_lstm_test, HTCondor ID 1021, status STATUS_SUBMITTED
05/04/17 01:46:40 24691 seconds since last log event
05/04/17 01:46:40 Pending DAG nodes:
05/04/17 01:46:40   Node cbow_mean_lstm_test, HTCondor ID 1021, status STATUS_SUBMITTED
05/04/17 01:56:41 25292 seconds since last log event
05/04/17 01:56:41 Pending DAG nodes:
05/04/17 01:56:41   Node cbow_mean_lstm_test, HTCondor ID 1021, status STATUS_SUBMITTED
05/04/17 02:06:43 25894 seconds since last log event
05/04/17 02:06:43 Pending DAG nodes:
05/04/17 02:06:43   Node cbow_mean_lstm_test, HTCondor ID 1021, status STATUS_SUBMITTED
05/04/17 02:16:45 26496 seconds since last log event
05/04/17 02:16:45 Pending DAG nodes:
05/04/17 02:16:45   Node cbow_mean_lstm_test, HTCondor ID 1021, status STATUS_SUBMITTED
05/04/17 02:26:48 27099 seconds since last log event
05/04/17 02:26:48 Pending DAG nodes:
05/04/17 02:26:48   Node cbow_mean_lstm_test, HTCondor ID 1021, status STATUS_SUBMITTED
05/04/17 02:36:49 27700 seconds since last log event
05/04/17 02:36:49 Pending DAG nodes:
05/04/17 02:36:49   Node cbow_mean_lstm_test, HTCondor ID 1021, status STATUS_SUBMITTED
05/04/17 02:46:51 28302 seconds since last log event
05/04/17 02:46:51 Pending DAG nodes:
05/04/17 02:46:51   Node cbow_mean_lstm_test, HTCondor ID 1021, status STATUS_SUBMITTED
05/04/17 02:49:47 Currently monitoring 1 HTCondor log file(s)
05/04/17 02:49:47 Event: ULOG_EXECUTE for HTCondor Node cbow_mean_lstm_test (1021.0.0) {05/04/17 02:49:45}
05/04/17 02:49:47 Number of idle job procs: 0
05/04/17 02:50:17 Currently monitoring 1 HTCondor log file(s)
05/04/17 02:50:17 Event: ULOG_JOB_TERMINATED for HTCondor Node cbow_mean_lstm_test (1021.0.0) {05/04/17 02:50:16}
05/04/17 02:50:17 Number of idle job procs: 0
05/04/17 02:50:17 Node cbow_mean_lstm_test job proc (1021.0.0) completed successfully.
05/04/17 02:50:17 Node cbow_mean_lstm_test job completed
05/04/17 02:50:17 DAG status: 0 (DAG_STATUS_OK)
05/04/17 02:50:17 Of 2 nodes total:
05/04/17 02:50:17  Done     Pre   Queued    Post   Ready   Un-Ready   Failed
05/04/17 02:50:17   ===     ===      ===     ===     ===        ===      ===
05/04/17 02:50:17     2       0        0       0       0          0        0
05/04/17 02:50:17 0 job proc(s) currently held
05/04/17 02:50:17 All jobs Completed!
05/04/17 02:50:17 Note: 0 total job deferrals because of -MaxJobs limit (0)
05/04/17 02:50:17 Note: 0 total job deferrals because of -MaxIdle limit (1000)
05/04/17 02:50:17 Note: 0 total job deferrals because of node category throttles
05/04/17 02:50:17 Note: 0 total PRE script deferrals because of -MaxPre limit (20) or DEFER
05/04/17 02:50:17 Note: 0 total POST script deferrals because of -MaxPost limit (20) or DEFER
05/04/17 02:50:17 DAG status: 0 (DAG_STATUS_OK)
05/04/17 02:50:17 Of 2 nodes total:
05/04/17 02:50:17  Done     Pre   Queued    Post   Ready   Un-Ready   Failed
05/04/17 02:50:17   ===     ===      ===     ===     ===        ===      ===
05/04/17 02:50:17     2       0        0       0       0          0        0
05/04/17 02:50:17 0 job proc(s) currently held
05/04/17 02:50:17 Wrote metrics file ds_cbow_mean_lstm.dag.metrics.
05/04/17 02:50:17 Metrics not sent because of PEGASUS_METRICS or CONDOR_DEVELOPERS setting.
05/04/17 02:50:17 **** condor_scheduniv_exec.1013.0 (condor_DAGMAN) pid 26439 EXITING WITH STATUS 0
