job started
Epoch: 1 Learning rate: 1.000
0.000 perplexity: 50401.544 speed: 395 wps
0.100 perplexity: 368.675 speed: 7846 wps
0.200 perplexity: 310.883 speed: 7959 wps
0.300 perplexity: 284.267 speed: 8012 wps
0.400 perplexity: 267.515 speed: 8055 wps
0.500 perplexity: 255.575 speed: 8053 wps
0.600 perplexity: 246.916 speed: 8054 wps
0.700 perplexity: 239.883 speed: 8072 wps
0.800 perplexity: 234.057 speed: 8071 wps
0.900 perplexity: 229.067 speed: 8084 wps
1.000 perplexity: 224.720 speed: 8094 wps
Epoch: 1 Train Perplexity: 224.720
with(perplexity: 179.470) speed: 17474 wps
Epoch: 1 Valid Perplexity: 179.470
Epoch: 2 Learning rate: 1.000
0.000 perplexity: 331.163 speed: 7932 wps
0.100 perplexity: 187.274 speed: 8184 wps
0.200 perplexity: 185.346 speed: 8231 wps
0.300 perplexity: 184.232 speed: 8257 wps
0.400 perplexity: 183.163 speed: 8240 wps
0.500 perplexity: 181.982 speed: 8228 wps
0.600 perplexity: 181.250 speed: 8223 wps
0.700 perplexity: 180.441 speed: 8233 wps
0.800 perplexity: 179.631 speed: 8225 wps
0.900 perplexity: 178.800 speed: 8226 wps
1.000 perplexity: 177.961 speed: 8229 wps
Epoch: 2 Train Perplexity: 177.962
with(perplexity: 163.071) speed: 16776 wps
Epoch: 2 Valid Perplexity: 163.071
Epoch: 3 Learning rate: 1.000
0.000 perplexity: 336.762 speed: 8515 wps
0.100 perplexity: 170.435 speed: 8140 wps
0.200 perplexity: 169.288 speed: 8189 wps
0.300 perplexity: 168.846 speed: 8216 wps
0.400 perplexity: 168.370 speed: 8225 wps
0.500 perplexity: 167.731 speed: 8218 wps
0.600 perplexity: 167.487 speed: 8222 wps
0.700 perplexity: 167.123 speed: 8241 wps
0.800 perplexity: 166.736 speed: 8237 wps
0.900 perplexity: 166.289 speed: 8236 wps
1.000 perplexity: 165.810 speed: 8237 wps
Epoch: 3 Train Perplexity: 165.811
with(perplexity: 155.194) speed: 16182 wps
Epoch: 3 Valid Perplexity: 155.194
with(perplexity: 167.739) speed: 274 wps
Test Perplexity: 167.739
Saving model to /esat/spchtemp/scratch/robbe/SpeechHub/pretrained_untied_models_smaller/output/cbow_mean_soft_0/cbow_mean_soft_0.
hihi
