job started
Epoch: 1 Learning rate: 1.000
0.000 perplexity: 6732.698 speed: 280 wps
0.100 perplexity: 2945.898 speed: 4827 wps
0.200 perplexity: 2852.679 speed: 4892 wps
0.300 perplexity: 2793.587 speed: 4905 wps
0.400 perplexity: 2756.590 speed: 4899 wps
0.500 perplexity: 2729.461 speed: 4906 wps
0.600 perplexity: 2708.587 speed: 4908 wps
0.700 perplexity: 2691.336 speed: 4911 wps
0.800 perplexity: 2676.924 speed: 4916 wps
0.900 perplexity: 2666.559 speed: 4919 wps
1.000 perplexity: 2655.782 speed: 4922 wps
Epoch: 1 Train Perplexity: 2655.786
with(perplexity: 2520.190) speed: 6731 wps
Epoch: 1 Valid Perplexity: 2520.190
Epoch: 2 Learning rate: 1.000
0.000 perplexity: 2474.918 speed: 5026 wps
0.100 perplexity: 2530.044 speed: 4932 wps
0.200 perplexity: 2544.234 speed: 4935 wps
0.300 perplexity: 2539.770 speed: 4933 wps
0.400 perplexity: 2537.836 speed: 4933 wps
0.500 perplexity: 2535.630 speed: 4930 wps
0.600 perplexity: 2533.632 speed: 4927 wps
0.700 perplexity: 2531.521 speed: 4929 wps
0.800 perplexity: 2529.475 speed: 4930 wps
0.900 perplexity: 2529.338 speed: 4930 wps
1.000 perplexity: 2527.348 speed: 4928 wps
Epoch: 2 Train Perplexity: 2527.358
with(perplexity: 2464.667) speed: 7400 wps
Epoch: 2 Valid Perplexity: 2464.667
Epoch: 3 Learning rate: 1.000
0.000 perplexity: 2423.886 speed: 4996 wps
0.100 perplexity: 2483.833 speed: 4923 wps
0.200 perplexity: 2500.182 speed: 4918 wps
0.300 perplexity: 2497.294 speed: 4917 wps
0.400 perplexity: 2496.980 speed: 4911 wps
0.500 perplexity: 2496.244 speed: 4914 wps
0.600 perplexity: 2495.753 speed: 4914 wps
0.700 perplexity: 2494.898 speed: 4912 wps
0.800 perplexity: 2494.029 speed: 4910 wps
0.900 perplexity: 2494.880 speed: 4912 wps
1.000 perplexity: 2493.880 speed: 4913 wps
Epoch: 3 Train Perplexity: 2493.890
with(perplexity: 2435.772) speed: 7393 wps
Epoch: 3 Valid Perplexity: 2435.772
with(perplexity: 2830.163) speed: 82 wps
Test Perplexity: 2830.163
Saving model to /esat/spchtemp/scratch/wboes/SpeechHub/pretrained_untied_models_smaller/output/topic_0/topic_0.
