000 (1288.000.000) 04/13 19:50:42 Job submitted from host: <10.33.133.83:9618?addrs=10.33.133.83-9618+[--1]-9618&noUDP&sock=1443_5b40_4>
    DAG Node: topic_lda
...
001 (1288.000.000) 04/13 22:25:32 Job executing on host: <10.33.133.102:9618?addrs=10.33.133.102-9618+[--1]-9618&noUDP&sock=1519_7c73_3>
...
006 (1288.000.000) 04/13 22:25:40 Image size of job updated: 236616
	232  -  MemoryUsage of job (MB)
	236616  -  ResidentSetSize of job (KB)
...
006 (1288.000.000) 04/13 22:30:40 Image size of job updated: 1830964
	1514  -  MemoryUsage of job (MB)
	1549832  -  ResidentSetSize of job (KB)
...
006 (1288.000.000) 04/13 22:35:41 Image size of job updated: 1851112
	1534  -  MemoryUsage of job (MB)
	1569980  -  ResidentSetSize of job (KB)
...
006 (1288.000.000) 04/13 22:40:42 Image size of job updated: 1864088
	1546  -  MemoryUsage of job (MB)
	1582956  -  ResidentSetSize of job (KB)
...
006 (1288.000.000) 04/13 22:45:42 Image size of job updated: 1868964
	1551  -  MemoryUsage of job (MB)
	1587832  -  ResidentSetSize of job (KB)
...
006 (1288.000.000) 04/13 22:50:43 Image size of job updated: 1889508
	1571  -  MemoryUsage of job (MB)
	1608376  -  ResidentSetSize of job (KB)
...
006 (1288.000.000) 04/13 22:55:43 Image size of job updated: 1901752
	1583  -  MemoryUsage of job (MB)
	1620620  -  ResidentSetSize of job (KB)
...
006 (1288.000.000) 04/13 23:00:44 Image size of job updated: 1914592
	1596  -  MemoryUsage of job (MB)
	1633460  -  ResidentSetSize of job (KB)
...
006 (1288.000.000) 04/13 23:05:44 Image size of job updated: 1927844
	1609  -  MemoryUsage of job (MB)
	1646712  -  ResidentSetSize of job (KB)
...
006 (1288.000.000) 04/13 23:10:44 Image size of job updated: 1932452
	1613  -  MemoryUsage of job (MB)
	1651320  -  ResidentSetSize of job (KB)
...
006 (1288.000.000) 04/13 23:15:45 Image size of job updated: 1952444
	1633  -  MemoryUsage of job (MB)
	1671312  -  ResidentSetSize of job (KB)
...
006 (1288.000.000) 04/13 23:20:45 Image size of job updated: 1964740
	1645  -  MemoryUsage of job (MB)
	1683608  -  ResidentSetSize of job (KB)
...
006 (1288.000.000) 04/13 23:25:46 Image size of job updated: 1977160
	1657  -  MemoryUsage of job (MB)
	1696028  -  ResidentSetSize of job (KB)
...
006 (1288.000.000) 04/13 23:30:47 Image size of job updated: 1989152
	1668  -  MemoryUsage of job (MB)
	1708020  -  ResidentSetSize of job (KB)
...
006 (1288.000.000) 04/13 23:35:47 Image size of job updated: 2002100
	1681  -  MemoryUsage of job (MB)
	1720968  -  ResidentSetSize of job (KB)
...
006 (1288.000.000) 04/13 23:40:48 Image size of job updated: 2014376
	1693  -  MemoryUsage of job (MB)
	1733244  -  ResidentSetSize of job (KB)
...
006 (1288.000.000) 04/13 23:45:49 Image size of job updated: 2026712
	1705  -  MemoryUsage of job (MB)
	1745580  -  ResidentSetSize of job (KB)
...
006 (1288.000.000) 04/13 23:50:49 Image size of job updated: 2039408
	1718  -  MemoryUsage of job (MB)
	1758276  -  ResidentSetSize of job (KB)
...
006 (1288.000.000) 04/13 23:55:50 Image size of job updated: 2052456
	1730  -  MemoryUsage of job (MB)
	1771324  -  ResidentSetSize of job (KB)
...
006 (1288.000.000) 04/14 00:00:51 Image size of job updated: 2065924
	1743  -  MemoryUsage of job (MB)
	1784792  -  ResidentSetSize of job (KB)
...
006 (1288.000.000) 04/14 00:05:51 Image size of job updated: 2070340
	1748  -  MemoryUsage of job (MB)
	1789208  -  ResidentSetSize of job (KB)
...
006 (1288.000.000) 04/14 00:10:52 Image size of job updated: 2089740
	1767  -  MemoryUsage of job (MB)
	1808608  -  ResidentSetSize of job (KB)
...
006 (1288.000.000) 04/14 00:15:53 Image size of job updated: 2103424
	1780  -  MemoryUsage of job (MB)
	1822292  -  ResidentSetSize of job (KB)
...
006 (1288.000.000) 04/14 00:20:53 Image size of job updated: 2114736
	1791  -  MemoryUsage of job (MB)
	1833604  -  ResidentSetSize of job (KB)
...
006 (1288.000.000) 04/14 00:25:54 Image size of job updated: 2125712
	1802  -  MemoryUsage of job (MB)
	1844580  -  ResidentSetSize of job (KB)
...
006 (1288.000.000) 04/14 00:30:55 Image size of job updated: 2132388
	1808  -  MemoryUsage of job (MB)
	1851256  -  ResidentSetSize of job (KB)
...
006 (1288.000.000) 04/14 00:35:55 Image size of job updated: 2151960
	1827  -  MemoryUsage of job (MB)
	1870828  -  ResidentSetSize of job (KB)
...
006 (1288.000.000) 04/14 00:40:56 Image size of job updated: 2163744
	1839  -  MemoryUsage of job (MB)
	1882612  -  ResidentSetSize of job (KB)
...
006 (1288.000.000) 04/14 00:45:56 Image size of job updated: 2174564
	1850  -  MemoryUsage of job (MB)
	1893432  -  ResidentSetSize of job (KB)
...
006 (1288.000.000) 04/14 00:50:57 Image size of job updated: 2187304
	1862  -  MemoryUsage of job (MB)
	1906172  -  ResidentSetSize of job (KB)
...
006 (1288.000.000) 04/14 00:55:58 Image size of job updated: 2199964
	1874  -  MemoryUsage of job (MB)
	1918832  -  ResidentSetSize of job (KB)
...
006 (1288.000.000) 04/14 01:00:58 Image size of job updated: 2212584
	1887  -  MemoryUsage of job (MB)
	1931452  -  ResidentSetSize of job (KB)
...
006 (1288.000.000) 04/14 01:05:59 Image size of job updated: 2224044
	1898  -  MemoryUsage of job (MB)
	1942912  -  ResidentSetSize of job (KB)
...
006 (1288.000.000) 04/14 01:10:59 Image size of job updated: 2236108
	1910  -  MemoryUsage of job (MB)
	1954976  -  ResidentSetSize of job (KB)
...
006 (1288.000.000) 04/14 01:16:00 Image size of job updated: 2247872
	1921  -  MemoryUsage of job (MB)
	1966740  -  ResidentSetSize of job (KB)
...
006 (1288.000.000) 04/14 01:21:01 Image size of job updated: 2259736
	1933  -  MemoryUsage of job (MB)
	1978604  -  ResidentSetSize of job (KB)
...
006 (1288.000.000) 04/14 01:26:01 Image size of job updated: 2265976
	1939  -  MemoryUsage of job (MB)
	1984844  -  ResidentSetSize of job (KB)
...
006 (1288.000.000) 04/14 01:31:02 Image size of job updated: 2285648
	1958  -  MemoryUsage of job (MB)
	2004516  -  ResidentSetSize of job (KB)
...
006 (1288.000.000) 04/14 01:36:03 Image size of job updated: 2298644
	1971  -  MemoryUsage of job (MB)
	2017512  -  ResidentSetSize of job (KB)
...
006 (1288.000.000) 04/14 01:41:03 Image size of job updated: 2312072
	1984  -  MemoryUsage of job (MB)
	2030940  -  ResidentSetSize of job (KB)
...
006 (1288.000.000) 04/14 01:46:04 Image size of job updated: 2322768
	1994  -  MemoryUsage of job (MB)
	2041636  -  ResidentSetSize of job (KB)
...
006 (1288.000.000) 04/14 01:51:05 Image size of job updated: 2328640
	2000  -  MemoryUsage of job (MB)
	2047508  -  ResidentSetSize of job (KB)
...
006 (1288.000.000) 04/14 01:56:05 Image size of job updated: 2347860
	2019  -  MemoryUsage of job (MB)
	2066728  -  ResidentSetSize of job (KB)
...
006 (1288.000.000) 04/14 02:01:06 Image size of job updated: 2360508
	2031  -  MemoryUsage of job (MB)
	2079376  -  ResidentSetSize of job (KB)
...
006 (1288.000.000) 04/14 02:06:07 Image size of job updated: 2370756
	2041  -  MemoryUsage of job (MB)
	2089624  -  ResidentSetSize of job (KB)
...
006 (1288.000.000) 04/14 02:11:07 Image size of job updated: 2383936
	2054  -  MemoryUsage of job (MB)
	2102804  -  ResidentSetSize of job (KB)
...
006 (1288.000.000) 04/14 02:16:08 Image size of job updated: 2396380
	2066  -  MemoryUsage of job (MB)
	2115248  -  ResidentSetSize of job (KB)
...
006 (1288.000.000) 04/14 02:21:10 Image size of job updated: 2408544
	2078  -  MemoryUsage of job (MB)
	2127412  -  ResidentSetSize of job (KB)
...
006 (1288.000.000) 04/14 02:26:10 Image size of job updated: 2420572
	2090  -  MemoryUsage of job (MB)
	2139440  -  ResidentSetSize of job (KB)
...
006 (1288.000.000) 04/14 02:31:11 Image size of job updated: 2433192
	2102  -  MemoryUsage of job (MB)
	2152060  -  ResidentSetSize of job (KB)
...
006 (1288.000.000) 04/14 02:36:12 Image size of job updated: 2445472
	2114  -  MemoryUsage of job (MB)
	2164340  -  ResidentSetSize of job (KB)
...
006 (1288.000.000) 04/14 02:41:12 Image size of job updated: 2458804
	2127  -  MemoryUsage of job (MB)
	2177672  -  ResidentSetSize of job (KB)
...
006 (1288.000.000) 04/14 02:46:13 Image size of job updated: 2463768
	2132  -  MemoryUsage of job (MB)
	2182636  -  ResidentSetSize of job (KB)
...
006 (1288.000.000) 04/14 02:51:14 Image size of job updated: 2482256
	2150  -  MemoryUsage of job (MB)
	2201124  -  ResidentSetSize of job (KB)
...
006 (1288.000.000) 04/14 02:56:14 Image size of job updated: 2495036
	2163  -  MemoryUsage of job (MB)
	2213904  -  ResidentSetSize of job (KB)
...
006 (1288.000.000) 04/14 03:01:15 Image size of job updated: 2507236
	2174  -  MemoryUsage of job (MB)
	2226104  -  ResidentSetSize of job (KB)
...
006 (1288.000.000) 04/14 03:06:16 Image size of job updated: 2519896
	2187  -  MemoryUsage of job (MB)
	2238764  -  ResidentSetSize of job (KB)
...
006 (1288.000.000) 04/14 03:11:16 Image size of job updated: 2527076
	2194  -  MemoryUsage of job (MB)
	2245944  -  ResidentSetSize of job (KB)
...
006 (1288.000.000) 04/14 03:16:17 Image size of job updated: 2545316
	2212  -  MemoryUsage of job (MB)
	2264184  -  ResidentSetSize of job (KB)
...
006 (1288.000.000) 04/14 03:21:17 Image size of job updated: 2557364
	2223  -  MemoryUsage of job (MB)
	2276232  -  ResidentSetSize of job (KB)
...
006 (1288.000.000) 04/14 03:26:18 Image size of job updated: 2569580
	2235  -  MemoryUsage of job (MB)
	2288448  -  ResidentSetSize of job (KB)
...
006 (1288.000.000) 04/14 03:31:20 Image size of job updated: 2581788
	2247  -  MemoryUsage of job (MB)
	2300656  -  ResidentSetSize of job (KB)
...
006 (1288.000.000) 04/14 03:36:20 Image size of job updated: 2589228
	2254  -  MemoryUsage of job (MB)
	2308096  -  ResidentSetSize of job (KB)
...
006 (1288.000.000) 04/14 03:41:21 Image size of job updated: 2606460
	2271  -  MemoryUsage of job (MB)
	2325328  -  ResidentSetSize of job (KB)
...
006 (1288.000.000) 04/14 03:46:22 Image size of job updated: 2619120
	2284  -  MemoryUsage of job (MB)
	2337988  -  ResidentSetSize of job (KB)
...
006 (1288.000.000) 04/14 03:51:22 Image size of job updated: 2632292
	2297  -  MemoryUsage of job (MB)
	2351160  -  ResidentSetSize of job (KB)
...
006 (1288.000.000) 04/14 03:56:23 Image size of job updated: 2645044
	2309  -  MemoryUsage of job (MB)
	2363912  -  ResidentSetSize of job (KB)
...
006 (1288.000.000) 04/14 04:01:23 Image size of job updated: 2656728
	2320  -  MemoryUsage of job (MB)
	2375596  -  ResidentSetSize of job (KB)
...
006 (1288.000.000) 04/14 04:06:24 Image size of job updated: 2668264
	2332  -  MemoryUsage of job (MB)
	2387132  -  ResidentSetSize of job (KB)
...
006 (1288.000.000) 04/14 04:11:25 Image size of job updated: 2680520
	2344  -  MemoryUsage of job (MB)
	2399388  -  ResidentSetSize of job (KB)
...
006 (1288.000.000) 04/14 04:16:26 Image size of job updated: 2693716
	2357  -  MemoryUsage of job (MB)
	2412584  -  ResidentSetSize of job (KB)
...
006 (1288.000.000) 04/14 04:21:26 Image size of job updated: 2707628
	2370  -  MemoryUsage of job (MB)
	2426496  -  ResidentSetSize of job (KB)
...
006 (1288.000.000) 04/14 04:26:27 Image size of job updated: 2719584
	2382  -  MemoryUsage of job (MB)
	2438452  -  ResidentSetSize of job (KB)
...
006 (1288.000.000) 04/14 04:31:27 Image size of job updated: 2726672
	2389  -  MemoryUsage of job (MB)
	2445540  -  ResidentSetSize of job (KB)
...
006 (1288.000.000) 04/14 04:36:27 Image size of job updated: 2744504
	2406  -  MemoryUsage of job (MB)
	2463372  -  ResidentSetSize of job (KB)
...
006 (1288.000.000) 04/14 04:41:28 Image size of job updated: 2757184
	2419  -  MemoryUsage of job (MB)
	2476052  -  ResidentSetSize of job (KB)
...
006 (1288.000.000) 04/14 04:46:29 Image size of job updated: 2768652
	2430  -  MemoryUsage of job (MB)
	2487520  -  ResidentSetSize of job (KB)
...
006 (1288.000.000) 04/14 04:51:29 Image size of job updated: 2781372
	2442  -  MemoryUsage of job (MB)
	2500240  -  ResidentSetSize of job (KB)
...
006 (1288.000.000) 04/14 04:56:30 Image size of job updated: 2789000
	2450  -  MemoryUsage of job (MB)
	2507868  -  ResidentSetSize of job (KB)
...
006 (1288.000.000) 04/14 05:01:31 Image size of job updated: 2807056
	2467  -  MemoryUsage of job (MB)
	2525924  -  ResidentSetSize of job (KB)
...
006 (1288.000.000) 04/14 05:06:32 Image size of job updated: 2818620
	2479  -  MemoryUsage of job (MB)
	2537488  -  ResidentSetSize of job (KB)
...
006 (1288.000.000) 04/14 05:11:32 Image size of job updated: 2831504
	2491  -  MemoryUsage of job (MB)
	2550372  -  ResidentSetSize of job (KB)
...
006 (1288.000.000) 04/14 05:16:33 Image size of job updated: 2844580
	2504  -  MemoryUsage of job (MB)
	2563448  -  ResidentSetSize of job (KB)
...
006 (1288.000.000) 04/14 05:21:34 Image size of job updated: 2852096
	2511  -  MemoryUsage of job (MB)
	2570964  -  ResidentSetSize of job (KB)
...
006 (1288.000.000) 04/14 05:26:34 Image size of job updated: 2869200
	2528  -  MemoryUsage of job (MB)
	2588068  -  ResidentSetSize of job (KB)
...
006 (1288.000.000) 04/14 05:31:35 Image size of job updated: 2880736
	2539  -  MemoryUsage of job (MB)
	2599604  -  ResidentSetSize of job (KB)
...
006 (1288.000.000) 04/14 05:36:36 Image size of job updated: 2894456
	2553  -  MemoryUsage of job (MB)
	2613324  -  ResidentSetSize of job (KB)
...
006 (1288.000.000) 04/14 05:41:36 Image size of job updated: 2906088
	2564  -  MemoryUsage of job (MB)
	2624956  -  ResidentSetSize of job (KB)
...
006 (1288.000.000) 04/14 05:46:37 Image size of job updated: 2917744
	2575  -  MemoryUsage of job (MB)
	2636612  -  ResidentSetSize of job (KB)
...
006 (1288.000.000) 04/14 05:51:38 Image size of job updated: 2930780
	2588  -  MemoryUsage of job (MB)
	2649648  -  ResidentSetSize of job (KB)
...
006 (1288.000.000) 04/14 05:56:38 Image size of job updated: 2943412
	2600  -  MemoryUsage of job (MB)
	2662280  -  ResidentSetSize of job (KB)
...
006 (1288.000.000) 04/14 06:01:39 Image size of job updated: 2956248
	2613  -  MemoryUsage of job (MB)
	2675116  -  ResidentSetSize of job (KB)
...
006 (1288.000.000) 04/14 06:06:40 Image size of job updated: 2967768
	2624  -  MemoryUsage of job (MB)
	2686636  -  ResidentSetSize of job (KB)
...
006 (1288.000.000) 04/14 06:11:40 Image size of job updated: 2981524
	2638  -  MemoryUsage of job (MB)
	2700392  -  ResidentSetSize of job (KB)
...
006 (1288.000.000) 04/14 06:16:41 Image size of job updated: 2990500
	2646  -  MemoryUsage of job (MB)
	2709368  -  ResidentSetSize of job (KB)
...
006 (1288.000.000) 04/14 06:21:42 Image size of job updated: 3007508
	2663  -  MemoryUsage of job (MB)
	2726376  -  ResidentSetSize of job (KB)
...
006 (1288.000.000) 04/14 06:26:43 Image size of job updated: 3019004
	2674  -  MemoryUsage of job (MB)
	2737872  -  ResidentSetSize of job (KB)
...
006 (1288.000.000) 04/14 06:31:43 Image size of job updated: 3032256
	2687  -  MemoryUsage of job (MB)
	2751124  -  ResidentSetSize of job (KB)
...
006 (1288.000.000) 04/14 06:36:44 Image size of job updated: 3044816
	2699  -  MemoryUsage of job (MB)
	2763684  -  ResidentSetSize of job (KB)
...
006 (1288.000.000) 04/14 06:41:44 Image size of job updated: 3053504
	2708  -  MemoryUsage of job (MB)
	2772372  -  ResidentSetSize of job (KB)
...
006 (1288.000.000) 04/14 06:46:45 Image size of job updated: 3069972
	2724  -  MemoryUsage of job (MB)
	2788840  -  ResidentSetSize of job (KB)
...
006 (1288.000.000) 04/14 06:51:45 Image size of job updated: 3083068
	2737  -  MemoryUsage of job (MB)
	2801936  -  ResidentSetSize of job (KB)
...
006 (1288.000.000) 04/14 06:56:46 Image size of job updated: 3095576
	2749  -  MemoryUsage of job (MB)
	2814444  -  ResidentSetSize of job (KB)
...
006 (1288.000.000) 04/14 07:01:47 Image size of job updated: 3108668
	2762  -  MemoryUsage of job (MB)
	2827536  -  ResidentSetSize of job (KB)
...
006 (1288.000.000) 04/14 07:06:47 Image size of job updated: 3115720
	2769  -  MemoryUsage of job (MB)
	2834588  -  ResidentSetSize of job (KB)
...
006 (1288.000.000) 04/14 07:11:48 Image size of job updated: 3132732
	2785  -  MemoryUsage of job (MB)
	2851600  -  ResidentSetSize of job (KB)
...
006 (1288.000.000) 04/14 07:16:48 Image size of job updated: 3145716
	2798  -  MemoryUsage of job (MB)
	2864584  -  ResidentSetSize of job (KB)
...
006 (1288.000.000) 04/14 07:21:49 Image size of job updated: 3158560
	2810  -  MemoryUsage of job (MB)
	2877428  -  ResidentSetSize of job (KB)
...
006 (1288.000.000) 04/14 07:26:49 Image size of job updated: 3170032
	2822  -  MemoryUsage of job (MB)
	2888900  -  ResidentSetSize of job (KB)
...
006 (1288.000.000) 04/14 07:31:50 Image size of job updated: 3179032
	2830  -  MemoryUsage of job (MB)
	2897900  -  ResidentSetSize of job (KB)
...
006 (1288.000.000) 04/14 07:36:50 Image size of job updated: 3196836
	2848  -  MemoryUsage of job (MB)
	2915704  -  ResidentSetSize of job (KB)
...
006 (1288.000.000) 04/14 07:41:50 Image size of job updated: 3210184
	2861  -  MemoryUsage of job (MB)
	2929052  -  ResidentSetSize of job (KB)
...
006 (1288.000.000) 04/14 07:46:51 Image size of job updated: 3221424
	2872  -  MemoryUsage of job (MB)
	2940292  -  ResidentSetSize of job (KB)
...
006 (1288.000.000) 04/14 07:51:53 Image size of job updated: 3235300
	2885  -  MemoryUsage of job (MB)
	2954168  -  ResidentSetSize of job (KB)
...
006 (1288.000.000) 04/14 07:56:53 Image size of job updated: 3247964
	2898  -  MemoryUsage of job (MB)
	2966832  -  ResidentSetSize of job (KB)
...
006 (1288.000.000) 04/14 08:01:54 Image size of job updated: 3260756
	2910  -  MemoryUsage of job (MB)
	2979624  -  ResidentSetSize of job (KB)
...
006 (1288.000.000) 04/14 08:06:54 Image size of job updated: 3271992
	2921  -  MemoryUsage of job (MB)
	2990860  -  ResidentSetSize of job (KB)
...
006 (1288.000.000) 04/14 08:11:55 Image size of job updated: 3285864
	2935  -  MemoryUsage of job (MB)
	3004732  -  ResidentSetSize of job (KB)
...
006 (1288.000.000) 04/14 08:16:55 Image size of job updated: 3299140
	2948  -  MemoryUsage of job (MB)
	3018008  -  ResidentSetSize of job (KB)
...
006 (1288.000.000) 04/14 08:21:56 Image size of job updated: 3311620
	2960  -  MemoryUsage of job (MB)
	3030488  -  ResidentSetSize of job (KB)
...
006 (1288.000.000) 04/14 08:26:57 Image size of job updated: 3322936
	2971  -  MemoryUsage of job (MB)
	3041804  -  ResidentSetSize of job (KB)
...
006 (1288.000.000) 04/14 08:31:57 Image size of job updated: 3334976
	2983  -  MemoryUsage of job (MB)
	3053844  -  ResidentSetSize of job (KB)
...
006 (1288.000.000) 04/14 08:36:58 Image size of job updated: 3348164
	2996  -  MemoryUsage of job (MB)
	3067032  -  ResidentSetSize of job (KB)
...
006 (1288.000.000) 04/14 08:41:59 Image size of job updated: 3361056
	3008  -  MemoryUsage of job (MB)
	3079924  -  ResidentSetSize of job (KB)
...
006 (1288.000.000) 04/14 08:46:59 Image size of job updated: 3372876
	3020  -  MemoryUsage of job (MB)
	3091744  -  ResidentSetSize of job (KB)
...
006 (1288.000.000) 04/14 08:52:00 Image size of job updated: 3381840
	3029  -  MemoryUsage of job (MB)
	3100708  -  ResidentSetSize of job (KB)
...
006 (1288.000.000) 04/14 08:57:00 Image size of job updated: 3399392
	3046  -  MemoryUsage of job (MB)
	3118260  -  ResidentSetSize of job (KB)
...
006 (1288.000.000) 04/14 09:02:00 Image size of job updated: 3411808
	3058  -  MemoryUsage of job (MB)
	3130676  -  ResidentSetSize of job (KB)
...
006 (1288.000.000) 04/14 09:07:01 Image size of job updated: 3423656
	3069  -  MemoryUsage of job (MB)
	3142524  -  ResidentSetSize of job (KB)
...
006 (1288.000.000) 04/14 09:12:01 Image size of job updated: 3436876
	3082  -  MemoryUsage of job (MB)
	3155744  -  ResidentSetSize of job (KB)
...
006 (1288.000.000) 04/14 09:17:02 Image size of job updated: 3446172
	3091  -  MemoryUsage of job (MB)
	3165040  -  ResidentSetSize of job (KB)
...
006 (1288.000.000) 04/14 09:22:02 Image size of job updated: 3462184
	3107  -  MemoryUsage of job (MB)
	3181052  -  ResidentSetSize of job (KB)
...
006 (1288.000.000) 04/14 09:27:03 Image size of job updated: 3473096
	3118  -  MemoryUsage of job (MB)
	3191964  -  ResidentSetSize of job (KB)
...
006 (1288.000.000) 04/14 09:32:04 Image size of job updated: 3486436
	3131  -  MemoryUsage of job (MB)
	3205304  -  ResidentSetSize of job (KB)
...
006 (1288.000.000) 04/14 09:37:04 Image size of job updated: 3499992
	3144  -  MemoryUsage of job (MB)
	3218860  -  ResidentSetSize of job (KB)
...
006 (1288.000.000) 04/14 09:42:05 Image size of job updated: 3509688
	3153  -  MemoryUsage of job (MB)
	3228556  -  ResidentSetSize of job (KB)
...
006 (1288.000.000) 04/14 09:47:06 Image size of job updated: 3525468
	3169  -  MemoryUsage of job (MB)
	3244336  -  ResidentSetSize of job (KB)
...
006 (1288.000.000) 04/14 09:52:07 Image size of job updated: 3537088
	3180  -  MemoryUsage of job (MB)
	3255956  -  ResidentSetSize of job (KB)
...
006 (1288.000.000) 04/14 09:57:08 Image size of job updated: 3550564
	3193  -  MemoryUsage of job (MB)
	3269432  -  ResidentSetSize of job (KB)
...
006 (1288.000.000) 04/14 10:02:08 Image size of job updated: 3562316
	3205  -  MemoryUsage of job (MB)
	3281184  -  ResidentSetSize of job (KB)
...
006 (1288.000.000) 04/14 10:07:09 Image size of job updated: 3574384
	3217  -  MemoryUsage of job (MB)
	3293252  -  ResidentSetSize of job (KB)
...
006 (1288.000.000) 04/14 10:12:09 Image size of job updated: 3587224
	3229  -  MemoryUsage of job (MB)
	3306092  -  ResidentSetSize of job (KB)
...
006 (1288.000.000) 04/14 10:17:10 Image size of job updated: 3600328
	3242  -  MemoryUsage of job (MB)
	3319196  -  ResidentSetSize of job (KB)
...
006 (1288.000.000) 04/14 10:22:10 Image size of job updated: 3612676
	3254  -  MemoryUsage of job (MB)
	3331544  -  ResidentSetSize of job (KB)
...
006 (1288.000.000) 04/14 10:27:10 Image size of job updated: 3625144
	3266  -  MemoryUsage of job (MB)
	3344012  -  ResidentSetSize of job (KB)
...
006 (1288.000.000) 04/14 10:32:11 Image size of job updated: 3637492
	3278  -  MemoryUsage of job (MB)
	3356360  -  ResidentSetSize of job (KB)
...
006 (1288.000.000) 04/14 10:37:12 Image size of job updated: 3647456
	3288  -  MemoryUsage of job (MB)
	3366324  -  ResidentSetSize of job (KB)
...
006 (1288.000.000) 04/14 10:42:13 Image size of job updated: 3662920
	3303  -  MemoryUsage of job (MB)
	3381788  -  ResidentSetSize of job (KB)
...
006 (1288.000.000) 04/14 10:47:13 Image size of job updated: 3674440
	3314  -  MemoryUsage of job (MB)
	3393308  -  ResidentSetSize of job (KB)
...
006 (1288.000.000) 04/14 10:52:14 Image size of job updated: 3687516
	3327  -  MemoryUsage of job (MB)
	3406384  -  ResidentSetSize of job (KB)
...
006 (1288.000.000) 04/14 10:57:14 Image size of job updated: 3700956
	3340  -  MemoryUsage of job (MB)
	3419824  -  ResidentSetSize of job (KB)
...
006 (1288.000.000) 04/14 11:02:15 Image size of job updated: 3709796
	3349  -  MemoryUsage of job (MB)
	3428664  -  ResidentSetSize of job (KB)
...
006 (1288.000.000) 04/14 11:07:15 Image size of job updated: 3725840
	3364  -  MemoryUsage of job (MB)
	3444708  -  ResidentSetSize of job (KB)
...
006 (1288.000.000) 04/14 11:12:16 Image size of job updated: 3737996
	3376  -  MemoryUsage of job (MB)
	3456864  -  ResidentSetSize of job (KB)
...
006 (1288.000.000) 04/14 11:17:16 Image size of job updated: 3738448
	3377  -  MemoryUsage of job (MB)
	3457316  -  ResidentSetSize of job (KB)
...
005 (1288.000.000) 04/14 19:01:23 Job terminated.
	(1) Normal termination (return value 0)
		Usr 0 07:53:09, Sys 0 00:41:34  -  Run Remote Usage
		Usr 0 00:00:00, Sys 0 00:00:00  -  Run Local Usage
		Usr 0 07:53:09, Sys 0 00:41:34  -  Total Remote Usage
		Usr 0 00:00:00, Sys 0 00:00:00  -  Total Local Usage
	0  -  Run Bytes Sent By Job
	0  -  Run Bytes Received By Job
	0  -  Total Bytes Sent By Job
	0  -  Total Bytes Received By Job
	Partitionable Resources :    Usage  Request Allocated
	   Cpus                 :                 1         1
	   Disk (KB)            :        7        7   6722611
	   Gpus                 :                 1         1
	   Memory (MB)          :     3377     4096      4096
...
