job started
Epoch: 1 Learning rate: 1.000
0.000 perplexity: 50116.443 speed: 468 wps
0.100 perplexity: 377.640 speed: 6607 wps
0.200 perplexity: 318.693 speed: 6896 wps
0.300 perplexity: 291.498 speed: 7008 wps
0.400 perplexity: 274.629 speed: 7072 wps
0.500 perplexity: 262.787 speed: 7107 wps
0.600 perplexity: 254.274 speed: 7140 wps
0.700 perplexity: 247.420 speed: 7162 wps
0.800 perplexity: 241.790 speed: 7179 wps
0.900 perplexity: 237.077 speed: 7184 wps
1.000 perplexity: 232.994 speed: 7193 wps
Epoch: 1 Train Perplexity: 232.994
with(perplexity: 184.573) speed: 14040 wps
Epoch: 1 Valid Perplexity: 184.573
Epoch: 2 Learning rate: 1.000
0.000 perplexity: 286.199 speed: 5946 wps
0.100 perplexity: 197.950 speed: 6851 wps
0.200 perplexity: 196.280 speed: 7170 wps
0.300 perplexity: 195.256 speed: 7203 wps
0.400 perplexity: 194.349 speed: 7242 wps
0.500 perplexity: 193.387 speed: 7253 wps
0.600 perplexity: 192.865 speed: 7272 wps
0.700 perplexity: 192.245 speed: 7282 wps
0.800 perplexity: 191.584 speed: 7285 wps
0.900 perplexity: 190.944 speed: 7283 wps
1.000 perplexity: 190.315 speed: 7292 wps
Epoch: 2 Train Perplexity: 190.316
with(perplexity: 170.920) speed: 15961 wps
Epoch: 2 Valid Perplexity: 170.920
Epoch: 3 Learning rate: 1.000
0.000 perplexity: 263.878 speed: 6486 wps
0.100 perplexity: 184.881 speed: 6734 wps
0.200 perplexity: 183.842 speed: 7035 wps
0.300 perplexity: 183.427 speed: 7114 wps
0.400 perplexity: 183.053 speed: 7192 wps
0.500 perplexity: 182.550 speed: 7263 wps
0.600 perplexity: 182.431 speed: 7307 wps
0.700 perplexity: 182.173 speed: 7353 wps
0.800 perplexity: 181.865 speed: 7383 wps
0.900 perplexity: 181.548 speed: 7409 wps
1.000 perplexity: 181.215 speed: 7429 wps
Epoch: 3 Train Perplexity: 181.216
with(perplexity: 164.561) speed: 16982 wps
Epoch: 3 Valid Perplexity: 164.561
with(perplexity: 180.980) speed: 217 wps
Test Perplexity: 180.980
Saving model to /esat/spchtemp/scratch/wboes/SpeechHub/pretrained_untied_models_smaller/output/topic_0/topic_0.
