000 (1293.000.000) 04/17 09:15:19 Job submitted from host: <10.33.133.83:9618?addrs=10.33.133.83-9618+[--1]-9618&noUDP&sock=1443_5b40_4>
    DAG Node: topic_ds_interpol_0
...
001 (1293.000.000) 04/17 09:57:52 Job executing on host: <10.33.133.107:9618?addrs=10.33.133.107-9618+[--1]-9618&noUDP&sock=1529_5865_3>
...
006 (1293.000.000) 04/17 09:58:00 Image size of job updated: 589776
	576  -  MemoryUsage of job (MB)
	589776  -  ResidentSetSize of job (KB)
...
006 (1293.000.000) 04/17 10:03:00 Image size of job updated: 1583100
	1290  -  MemoryUsage of job (MB)
	1320956  -  ResidentSetSize of job (KB)
...
006 (1293.000.000) 04/17 10:08:01 Image size of job updated: 1590648
	1298  -  MemoryUsage of job (MB)
	1328504  -  ResidentSetSize of job (KB)
...
006 (1293.000.000) 04/17 10:13:02 Image size of job updated: 1598200
	1305  -  MemoryUsage of job (MB)
	1336056  -  ResidentSetSize of job (KB)
...
006 (1293.000.000) 04/17 10:18:02 Image size of job updated: 1605776
	1313  -  MemoryUsage of job (MB)
	1343632  -  ResidentSetSize of job (KB)
...
006 (1293.000.000) 04/17 10:23:03 Image size of job updated: 1613312
	1320  -  MemoryUsage of job (MB)
	1351168  -  ResidentSetSize of job (KB)
...
006 (1293.000.000) 04/17 10:23:11 Image size of job updated: 1613416
	1320  -  MemoryUsage of job (MB)
	1351168  -  ResidentSetSize of job (KB)
...
005 (1293.000.000) 04/17 10:23:11 Job terminated.
	(1) Normal termination (return value 0)
		Usr 0 00:16:07, Sys 0 00:02:32  -  Run Remote Usage
		Usr 0 00:00:00, Sys 0 00:00:00  -  Run Local Usage
		Usr 0 00:16:07, Sys 0 00:02:32  -  Total Remote Usage
		Usr 0 00:00:00, Sys 0 00:00:00  -  Total Local Usage
	0  -  Run Bytes Sent By Job
	0  -  Run Bytes Received By Job
	0  -  Total Bytes Sent By Job
	0  -  Total Bytes Received By Job
	Partitionable Resources :    Usage  Request Allocated
	   Cpus                 :                 1         1
	   Disk (KB)            :        7        7   6729810
	   Gpus                 :                 1         1
	   Memory (MB)          :     1320     4096      4096
...
