100 topics are generated based on documents of 66 sentences long
Topic number 0:
six
brent
platenindustrie
gewaardeerde
uitpakt
dille
legalisering
proms
ongebonden
mississippi
onopvallende
patton
soloplaat
plopsaland
mai
pira
piraten
oliekartel
flags
kieskeurig

Topic number 1:
muziek
plaat
songs
jazz
muzikanten
cd
opera
concert
orkest
the
muzikale
pianist
gitaar
drummer
nummers
zingt
cd's
zanger
dirigent
piano

Topic number 2:
chrysler
flesje
impe
condoom
finnen
onderzoekscentrum
rozen
meegewerkt
dufer
arbeidsongeval
leefomgeving
ouderschapsverlof
voortplanting
l'alpe
optimistischer
