10 topics are generated based on documents of 66 sentences long
Topic number 0:
ik
we
duizend
Vlaamse
euro
minister
regering
Europese
punt
je
zegt
procent
negentien
De
komma
wij
Amerikaanse
u
Van
zal

Topic number 1:
klonen
virus
ABX
schapen
ID
Madonna
Florida
bejaarden
immigranten
Carter
Aarde
albums
Sting
Reagan
Slangen
besturen
ingevoerd
rusthuis
baby's
sigaret

Topic number 2:
club
Anderlecht
seizoen
wedstrijd
spelers
ploeg
trainer
voetbal
Club
Standard
Genk
bondscoach
League
nul
Brugge
Champions
bal
clubs
Duivels
punten

Topic number 3:
ik
je
mijn
punt
muziek
me
heb
film
boek
The
ben
haar
mij
leven
u
nul
verhaal
the
roman
kunst

Topic number 4:
Mitiska
Kuifje
Tempelberg
Koizumi
Seghers
Philippaerts
