000 (308.000.000) 03/23 14:48:34 Job submitted from host: <10.33.133.154:9618?addrs=10.33.133.154-9618+[--1]-9618&noUDP&sock=29983_6c2f_3>
    DAG Node: topic_generation7
...
001 (308.000.000) 03/23 14:48:58 Job executing on host: <10.33.133.55:9618?addrs=10.33.133.55-9618+[--1]-9618&noUDP&sock=1245_8b7f_3>
...
006 (308.000.000) 03/23 14:49:07 Image size of job updated: 61660
	48  -  MemoryUsage of job (MB)
	49000  -  ResidentSetSize of job (KB)
...
006 (308.000.000) 03/23 14:54:08 Image size of job updated: 13681008
	13347  -  MemoryUsage of job (MB)
	13667012  -  ResidentSetSize of job (KB)
...
006 (308.000.000) 03/23 14:59:08 Image size of job updated: 13715768
	13381  -  MemoryUsage of job (MB)
	13701772  -  ResidentSetSize of job (KB)
...
006 (308.000.000) 03/23 15:04:08 Image size of job updated: 13727340
	13392  -  MemoryUsage of job (MB)
	13713344  -  ResidentSetSize of job (KB)
...
006 (308.000.000) 03/23 15:09:09 Image size of job updated: 13738896
	13404  -  MemoryUsage of job (MB)
	13724900  -  ResidentSetSize of job (KB)
...
006 (308.000.000) 03/23 15:14:10 Image size of job updated: 13750308
	13415  -  MemoryUsage of job (MB)
	13736312  -  ResidentSetSize of job (KB)
...
006 (308.000.000) 03/23 15:19:10 Image size of job updated: 13758012
	13422  -  MemoryUsage of job (MB)
	13744016  -  ResidentSetSize of job (KB)
...
006 (308.000.000) 03/23 15:34:12 Image size of job updated: 13758024
	13422  -  MemoryUsage of job (MB)
	13744028  -  ResidentSetSize of job (KB)
...
006 (308.000.000) 03/23 15:39:12 Image size of job updated: 13758064
	13422  -  MemoryUsage of job (MB)
	13744068  -  ResidentSetSize of job (KB)
...
006 (308.000.000) 03/23 15:49:14 Image size of job updated: 13759228
	13422  -  MemoryUsage of job (MB)
	13744068  -  ResidentSetSize of job (KB)
...
006 (308.000.000) 03/23 16:09:16 Image size of job updated: 13817548
	13422  -  MemoryUsage of job (MB)
	13744068  -  ResidentSetSize of job (KB)
...
006 (308.000.000) 03/23 16:14:16 Image size of job updated: 13971548
	13422  -  MemoryUsage of job (MB)
	13744068  -  ResidentSetSize of job (KB)
...
004 (308.000.000) 03/23 16:18:45 Job was evicted.
	(0) Job was not checkpointed.
		Usr 0 01:27:31, Sys 0 00:01:42  -  Run Remote Usage
		Usr 0 00:00:00, Sys 0 00:00:00  -  Run Local Usage
	0  -  Run Bytes Sent By Job
	0  -  Run Bytes Received By Job
	Partitionable Resources :    Usage  Request Allocated
	   Cpus                 :                 1         1
	   Disk (KB)            :        7        7   1444972
	   Memory (MB)          :    13422    15360     15360
...
001 (308.000.000) 03/23 16:21:06 Job executing on host: <10.33.133.55:9618?addrs=10.33.133.55-9618+[--1]-9618&noUDP&sock=1245_8b7f_3>
...
004 (308.000.000) 03/23 17:05:51 Job was evicted.
	(0) Job was not checkpointed.
		Usr 0 00:43:39, Sys 0 00:01:00  -  Run Remote Usage
		Usr 0 00:00:00, Sys 0 00:00:00  -  Run Local Usage
	0  -  Run Bytes Sent By Job
	0  -  Run Bytes Received By Job
	Partitionable Resources :    Usage  Request Allocated
	   Cpus                 :                 1         1
	   Disk (KB)            :        7        7   1444972
	   Memory (MB)          :    14649    15360     15360
...
001 (308.000.000) 03/23 17:07:54 Job executing on host: <10.33.133.197:9618?addrs=10.33.133.197-9618+[--1]-9618&noUDP&sock=1243_2c4f_3>
...
