000 (053.000.000) 03/10 19:05:54 Job submitted from host: <10.33.133.65:9618?addrs=10.33.133.65-9618+[--1]-9618&noUDP&sock=18891_3bb2_4>
    DAG Node: topic_generation2
...
001 (053.000.000) 03/10 19:06:17 Job executing on host: <10.33.133.85:9618?addrs=10.33.133.85-9618+[--1]-9618&noUDP&sock=1702_0247_3>
...
006 (053.000.000) 03/10 19:06:25 Image size of job updated: 167808
	119  -  MemoryUsage of job (MB)
	121704  -  ResidentSetSize of job (KB)
...
006 (053.000.000) 03/10 19:11:25 Image size of job updated: 13495644
	8050  -  MemoryUsage of job (MB)
	8243172  -  ResidentSetSize of job (KB)
...
006 (053.000.000) 03/10 19:16:25 Image size of job updated: 13495784
	8050  -  MemoryUsage of job (MB)
	8243172  -  ResidentSetSize of job (KB)
...
006 (053.000.000) 03/10 19:21:26 Image size of job updated: 13495796
	8163  -  MemoryUsage of job (MB)
	8358232  -  ResidentSetSize of job (KB)
...
006 (053.000.000) 03/10 19:26:27 Image size of job updated: 13649076
	8163  -  MemoryUsage of job (MB)
	8358248  -  ResidentSetSize of job (KB)
...
005 (053.000.000) 03/10 19:27:34 Job terminated.
	(1) Normal termination (return value 0)
		Usr 0 00:19:27, Sys 0 00:01:28  -  Run Remote Usage
		Usr 0 00:00:00, Sys 0 00:00:00  -  Run Local Usage
		Usr 0 00:19:27, Sys 0 00:01:28  -  Total Remote Usage
		Usr 0 00:00:00, Sys 0 00:00:00  -  Total Local Usage
	0  -  Run Bytes Sent By Job
	0  -  Run Bytes Received By Job
	0  -  Total Bytes Sent By Job
	0  -  Total Bytes Received By Job
	Partitionable Resources :    Usage  Request Allocated
	   Cpus                 :                 1         1
	   Disk (KB)            :        7        7  19675001
	   Gpus                 :                 1         1
	   Memory (MB)          :     8163     8192      8192
...
