000 (051.000.000) 03/10 19:05:54 Job submitted from host: <10.33.133.65:9618?addrs=10.33.133.65-9618+[--1]-9618&noUDP&sock=18891_3bb2_4>
    DAG Node: topic_generation0
...
001 (051.000.000) 03/10 19:06:13 Job executing on host: <10.33.133.77:9618?addrs=10.33.133.77-9618+[--1]-9618&noUDP&sock=1497_655d_3>
...
006 (051.000.000) 03/10 19:06:21 Image size of job updated: 68168
	37  -  MemoryUsage of job (MB)
	37448  -  ResidentSetSize of job (KB)
...
006 (051.000.000) 03/10 19:11:21 Image size of job updated: 13517288
	8138  -  MemoryUsage of job (MB)
	8333188  -  ResidentSetSize of job (KB)
...
006 (051.000.000) 03/10 19:16:21 Image size of job updated: 13517308
	8138  -  MemoryUsage of job (MB)
	8333236  -  ResidentSetSize of job (KB)
...
006 (051.000.000) 03/10 19:21:22 Image size of job updated: 13517892
	8138  -  MemoryUsage of job (MB)
	8333236  -  ResidentSetSize of job (KB)
...
006 (051.000.000) 03/10 19:41:24 Image size of job updated: 13517892
	8163  -  MemoryUsage of job (MB)
	8358680  -  ResidentSetSize of job (KB)
...
006 (051.000.000) 03/10 19:46:25 Image size of job updated: 13558204
	8163  -  MemoryUsage of job (MB)
	8358724  -  ResidentSetSize of job (KB)
...
006 (051.000.000) 03/10 19:51:25 Image size of job updated: 13561192
	8163  -  MemoryUsage of job (MB)
	8358724  -  ResidentSetSize of job (KB)
...
006 (051.000.000) 03/10 19:56:26 Image size of job updated: 13568228
	8163  -  MemoryUsage of job (MB)
	8358724  -  ResidentSetSize of job (KB)
...
006 (051.000.000) 03/10 20:01:27 Image size of job updated: 13574868
	8163  -  MemoryUsage of job (MB)
	8358724  -  ResidentSetSize of job (KB)
...
005 (051.000.000) 03/10 20:06:34 Job terminated.
	(1) Normal termination (return value 0)
		Usr 0 00:55:47, Sys 0 00:02:41  -  Run Remote Usage
		Usr 0 00:00:00, Sys 0 00:00:00  -  Run Local Usage
		Usr 0 00:55:47, Sys 0 00:02:41  -  Total Remote Usage
		Usr 0 00:00:00, Sys 0 00:00:00  -  Total Local Usage
	0  -  Run Bytes Sent By Job
	0  -  Run Bytes Received By Job
	0  -  Total Bytes Sent By Job
	0  -  Total Bytes Received By Job
	Partitionable Resources :    Usage  Request Allocated
	   Cpus                 :                 1         1
	   Disk (KB)            :        7        7   6838990
	   Gpus                 :                 1         1
	   Memory (MB)          :     8163     8192      8192
...
