000 (310.000.000) 03/23 14:48:35 Job submitted from host: <10.33.133.154:9618?addrs=10.33.133.154-9618+[--1]-9618&noUDP&sock=29983_6c2f_3>
    DAG Node: topic_generation9
...
001 (310.000.000) 03/23 14:49:00 Job executing on host: <10.33.133.197:9618?addrs=10.33.133.197-9618+[--1]-9618&noUDP&sock=1243_2c4f_3>
...
006 (310.000.000) 03/23 14:49:09 Image size of job updated: 117928
	105  -  MemoryUsage of job (MB)
	107368  -  ResidentSetSize of job (KB)
...
006 (310.000.000) 03/23 14:54:10 Image size of job updated: 13495724
	13170  -  MemoryUsage of job (MB)
	13485080  -  ResidentSetSize of job (KB)
...
006 (310.000.000) 03/23 14:59:10 Image size of job updated: 13495768
	13170  -  MemoryUsage of job (MB)
	13485124  -  ResidentSetSize of job (KB)
...
006 (310.000.000) 03/23 15:14:11 Image size of job updated: 13495780
	13170  -  MemoryUsage of job (MB)
	13485136  -  ResidentSetSize of job (KB)
...
006 (310.000.000) 03/23 15:24:12 Image size of job updated: 13495780
	13170  -  MemoryUsage of job (MB)
	13485184  -  ResidentSetSize of job (KB)
...
006 (310.000.000) 03/23 15:29:13 Image size of job updated: 13495780
	13170  -  MemoryUsage of job (MB)
	13485212  -  ResidentSetSize of job (KB)
...
006 (310.000.000) 03/23 15:49:16 Image size of job updated: 13539064
	13170  -  MemoryUsage of job (MB)
	13485212  -  ResidentSetSize of job (KB)
...
006 (310.000.000) 03/23 15:54:17 Image size of job updated: 13740220
	13311  -  MemoryUsage of job (MB)
	13629928  -  ResidentSetSize of job (KB)
...
006 (310.000.000) 03/23 15:59:17 Image size of job updated: 13740220
	13311  -  MemoryUsage of job (MB)
	13630040  -  ResidentSetSize of job (KB)
...
006 (310.000.000) 03/23 16:04:18 Image size of job updated: 13803008
	13470  -  MemoryUsage of job (MB)
	13792736  -  ResidentSetSize of job (KB)
...
006 (310.000.000) 03/23 16:09:18 Image size of job updated: 13803008
	13471  -  MemoryUsage of job (MB)
	13793884  -  ResidentSetSize of job (KB)
...
004 (310.000.000) 03/23 16:19:45 Job was evicted.
	(0) Job was not checkpointed.
		Usr 0 01:27:49, Sys 0 00:02:16  -  Run Remote Usage
		Usr 0 00:00:00, Sys 0 00:00:00  -  Run Local Usage
	0  -  Run Bytes Sent By Job
	0  -  Run Bytes Received By Job
	Partitionable Resources :    Usage  Request Allocated
	   Cpus                 :                 1         1
	   Disk (KB)            :        7        7   1414612
	   Memory (MB)          :    13471    15360     15360
...
001 (310.000.000) 03/23 16:21:10 Job executing on host: <10.33.133.197:9618?addrs=10.33.133.197-9618+[--1]-9618&noUDP&sock=1243_2c4f_3>
...
004 (310.000.000) 03/23 17:32:47 Job was evicted.
	(0) Job was not checkpointed.
		Usr 0 01:09:55, Sys 0 00:01:25  -  Run Remote Usage
		Usr 0 00:00:00, Sys 0 00:00:00  -  Run Local Usage
	0  -  Run Bytes Sent By Job
	0  -  Run Bytes Received By Job
	Partitionable Resources :    Usage  Request Allocated
	   Cpus                 :                 1         1
	   Disk (KB)            :        7        7   1414612
	   Memory (MB)          :    14649    15360     15360
...
001 (310.000.000) 03/23 17:38:06 Job executing on host: <10.33.133.50:9618?addrs=10.33.133.50-9618+[--1]-9618&noUDP&sock=1251_a911_3>
...
004 (310.000.000) 03/23 18:05:05 Job was evicted.
	(0) Job was not checkpointed.
		Usr 0 00:26:00, Sys 0 00:00:34  -  Run Remote Usage
		Usr 0 00:00:00, Sys 0 00:00:00  -  Run Local Usage
	0  -  Run Bytes Sent By Job
	0  -  Run Bytes Received By Job
	Partitionable Resources :    Usage  Request Allocated
	   Cpus                 :                 1         1
	   Disk (KB)            :        7        7   1351991
	   Memory (MB)          :    14649    15360     15360
...
001 (310.000.000) 03/23 18:06:06 Job executing on host: <10.33.133.166:9618?addrs=10.33.133.166-9618+[--1]-9618&noUDP&sock=29604_75ca_3>
...
005 (310.000.000) 03/23 20:12:16 Job terminated.
	(1) Normal termination (return value 0)
		Usr 0 01:59:23, Sys 0 00:05:25  -  Run Remote Usage
		Usr 0 00:00:00, Sys 0 00:00:00  -  Run Local Usage
		Usr 0 01:59:23, Sys 0 00:05:25  -  Total Remote Usage
		Usr 0 00:00:00, Sys 0 00:00:00  -  Total Local Usage
	0  -  Run Bytes Sent By Job
	0  -  Run Bytes Received By Job
	0  -  Total Bytes Sent By Job
	0  -  Total Bytes Received By Job
	Partitionable Resources :    Usage  Request Allocated
	   Cpus                 :                 1         1
	   Disk (KB)            :        7        7    705669
	   Gpus                 :                           0
	   Memory (MB)          :    14649    15360     15360
...
000 (362.000.000) 03/24 12:49:31 Job submitted from host: <10.33.133.154:9618?addrs=10.33.133.154-9618+[--1]-9618&noUDP&sock=29983_6c2f_3>
    DAG Node: topic_generation9
...
001 (362.000.000) 03/24 12:50:06 Job executing on host: <10.33.133.50:9618?addrs=10.33.133.50-9618+[--1]-9618&noUDP&sock=1251_a911_3>
...
006 (362.000.000) 03/24 12:50:14 Image size of job updated: 583528
	570  -  MemoryUsage of job (MB)
	583528  -  ResidentSetSize of job (KB)
...
006 (362.000.000) 03/24 12:55:15 Image size of job updated: 13485080
	13170  -  MemoryUsage of job (MB)
	13485080  -  ResidentSetSize of job (KB)
...
006 (362.000.000) 03/24 13:00:15 Image size of job updated: 13485124
	13170  -  MemoryUsage of job (MB)
	13485124  -  ResidentSetSize of job (KB)
...
006 (362.000.000) 03/24 13:15:16 Image size of job updated: 13485136
	13170  -  MemoryUsage of job (MB)
	13485136  -  ResidentSetSize of job (KB)
...
006 (362.000.000) 03/24 13:25:17 Image size of job updated: 13485184
	13170  -  MemoryUsage of job (MB)
	13485184  -  ResidentSetSize of job (KB)
...
006 (362.000.000) 03/24 13:30:18 Image size of job updated: 13485212
	13170  -  MemoryUsage of job (MB)
	13485212  -  ResidentSetSize of job (KB)
...
006 (362.000.000) 03/24 13:50:21 Image size of job updated: 13539840
	13203  -  MemoryUsage of job (MB)
	13518896  -  ResidentSetSize of job (KB)
...
006 (362.000.000) 03/24 13:55:21 Image size of job updated: 13635268
	13269  -  MemoryUsage of job (MB)
	13586820  -  ResidentSetSize of job (KB)
...
006 (362.000.000) 03/24 14:00:22 Image size of job updated: 13640772
	13275  -  MemoryUsage of job (MB)
	13592824  -  ResidentSetSize of job (KB)
...
006 (362.000.000) 03/24 14:05:22 Image size of job updated: 13693112
	13360  -  MemoryUsage of job (MB)
	13680148  -  ResidentSetSize of job (KB)
...
006 (362.000.000) 03/24 14:15:23 Image size of job updated: 13744756
	13411  -  MemoryUsage of job (MB)
	13731976  -  ResidentSetSize of job (KB)
...
006 (362.000.000) 03/24 14:20:23 Image size of job updated: 13744756
	13411  -  MemoryUsage of job (MB)
	13731984  -  ResidentSetSize of job (KB)
...
004 (362.000.000) 03/24 14:26:07 Job was evicted.
	(0) Job was not checkpointed.
		Usr 0 01:33:19, Sys 0 00:02:22  -  Run Remote Usage
		Usr 0 00:00:00, Sys 0 00:00:00  -  Run Local Usage
	0  -  Run Bytes Sent By Job
	0  -  Run Bytes Received By Job
	Partitionable Resources :    Usage  Request Allocated
	   Cpus                 :                 1         1
	   Disk (KB)            :        7        7   1351991
	   Memory (MB)          :    13411    15360     15360
...
001 (362.000.000) 03/24 14:28:09 Job executing on host: <10.33.133.55:9618?addrs=10.33.133.55-9618+[--1]-9618&noUDP&sock=1245_8b7f_3>
...
004 (362.000.000) 03/24 14:35:08 Job was evicted.
	(0) Job was not checkpointed.
		Usr 0 00:06:36, Sys 0 00:00:20  -  Run Remote Usage
		Usr 0 00:00:00, Sys 0 00:00:00  -  Run Local Usage
	0  -  Run Bytes Sent By Job
	0  -  Run Bytes Received By Job
	Partitionable Resources :    Usage  Request Allocated
	   Cpus                 :                 1         1
	   Disk (KB)            :        7        7   1444972
	   Memory (MB)          :    14649    15360     15360
...
001 (362.000.000) 03/24 14:35:28 Job executing on host: <10.33.133.50:9618?addrs=10.33.133.50-9618+[--1]-9618&noUDP&sock=1251_a911_3>
...
004 (362.000.000) 03/24 14:41:32 Job was evicted.
	(0) Job was not checkpointed.
		Usr 0 00:05:36, Sys 0 00:00:22  -  Run Remote Usage
		Usr 0 00:00:00, Sys 0 00:00:00  -  Run Local Usage
	0  -  Run Bytes Sent By Job
	0  -  Run Bytes Received By Job
	Partitionable Resources :    Usage  Request Allocated
	   Cpus                 :                 1         1
	   Disk (KB)            :        7        7   1351990
	   Memory (MB)          :    14649    15360     15360
...
001 (362.000.000) 03/24 14:46:19 Job executing on host: <10.33.133.113:9618?addrs=10.33.133.113-9618+[--1]-9618&noUDP&sock=31609_b92d_3>
...
010 (362.000.000) 03/24 15:16:26 Job was suspended.
	Number of processes actually suspended: 2
...
011 (362.000.000) 03/24 15:28:17 Job was unsuspended.
...
010 (362.000.000) 03/24 15:28:47 Job was suspended.
	Number of processes actually suspended: 2
...
011 (362.000.000) 03/24 15:40:13 Job was unsuspended.
...
005 (362.000.000) 03/24 15:44:34 Job terminated.
	(1) Normal termination (return value 0)
		Usr 0 00:32:39, Sys 0 00:01:57  -  Run Remote Usage
		Usr 0 00:00:00, Sys 0 00:00:00  -  Run Local Usage
		Usr 0 00:32:39, Sys 0 00:01:57  -  Total Remote Usage
		Usr 0 00:00:00, Sys 0 00:00:00  -  Total Local Usage
	0  -  Run Bytes Sent By Job
	0  -  Run Bytes Received By Job
	0  -  Total Bytes Sent By Job
	0  -  Total Bytes Received By Job
	Partitionable Resources :    Usage  Request Allocated
	   Cpus                 :                 1         1
	   Disk (KB)            :        7        7   3896250
	   Gpus                 :                           0
	   Memory (MB)          :    14649    15360     15360
...
