000 (201.000.000) 03/15 11:36:06 Job submitted from host: <10.33.133.154:9618?addrs=10.33.133.154-9618+[--1]-9618&noUDP&sock=29983_6c2f_3>
    DAG Node: topic_generation5
...
001 (201.000.000) 03/15 11:36:29 Job executing on host: <10.33.133.83:9618?addrs=10.33.133.83-9618+[--1]-9618&noUDP&sock=1422_f3c3_3>
...
006 (201.000.000) 03/15 11:36:37 Image size of job updated: 488328
	472  -  MemoryUsage of job (MB)
	482308  -  ResidentSetSize of job (KB)
...
010 (201.000.000) 03/15 11:40:59 Job was suspended.
	Number of processes actually suspended: 2
...
006 (201.000.000) 03/15 11:40:59 Image size of job updated: 13508016
	10489  -  MemoryUsage of job (MB)
	10739960  -  ResidentSetSize of job (KB)
...
011 (201.000.000) 03/15 11:43:29 Job was unsuspended.
...
010 (201.000.000) 03/15 11:43:35 Job was suspended.
	Number of processes actually suspended: 2
...
006 (201.000.000) 03/15 11:43:35 Image size of job updated: 13508032
	10489  -  MemoryUsage of job (MB)
	10739960  -  ResidentSetSize of job (KB)
...
011 (201.000.000) 03/15 11:49:24 Job was unsuspended.
...
010 (201.000.000) 03/15 11:51:49 Job was suspended.
	Number of processes actually suspended: 2
...
011 (201.000.000) 03/15 12:25:34 Job was unsuspended.
...
006 (201.000.000) 03/15 12:26:43 Image size of job updated: 13511744
	10489  -  MemoryUsage of job (MB)
	10739960  -  ResidentSetSize of job (KB)
...
006 (201.000.000) 03/15 12:31:43 Image size of job updated: 13516080
	10489  -  MemoryUsage of job (MB)
	10739960  -  ResidentSetSize of job (KB)
...
006 (201.000.000) 03/15 12:36:44 Image size of job updated: 13520896
	10489  -  MemoryUsage of job (MB)
	10739960  -  ResidentSetSize of job (KB)
...
006 (201.000.000) 03/15 12:41:45 Image size of job updated: 13893076
	10696  -  MemoryUsage of job (MB)
	10952508  -  ResidentSetSize of job (KB)
...
006 (201.000.000) 03/15 12:46:45 Image size of job updated: 13893076
	10838  -  MemoryUsage of job (MB)
	11097736  -  ResidentSetSize of job (KB)
...
006 (201.000.000) 03/15 12:48:11 Image size of job updated: 13893076
	10838  -  MemoryUsage of job (MB)
	11097740  -  ResidentSetSize of job (KB)
...
005 (201.000.000) 03/15 12:48:11 Job terminated.
	(1) Normal termination (return value 0)
		Usr 0 00:23:31, Sys 0 00:00:45  -  Run Remote Usage
		Usr 0 00:00:00, Sys 0 00:00:00  -  Run Local Usage
		Usr 0 00:23:31, Sys 0 00:00:45  -  Total Remote Usage
		Usr 0 00:00:00, Sys 0 00:00:00  -  Total Local Usage
	0  -  Run Bytes Sent By Job
	0  -  Run Bytes Received By Job
	0  -  Total Bytes Sent By Job
	0  -  Total Bytes Received By Job
	Partitionable Resources :    Usage  Request Allocated
	   Cpus                 :                 1         1
	   Disk (KB)            :        7        7   3896250
	   Gpus                 :                           0
	   Memory (MB)          :    10838    14336     14336
...
