000 (200.000.000) 03/15 11:36:01 Job submitted from host: <10.33.133.154:9618?addrs=10.33.133.154-9618+[--1]-9618&noUDP&sock=29983_6c2f_3>
    DAG Node: topic_generation4
...
001 (200.000.000) 03/15 11:36:20 Job executing on host: <10.33.133.113:9618?addrs=10.33.133.113-9618+[--1]-9618&noUDP&sock=31609_b92d_3>
...
006 (200.000.000) 03/15 11:36:29 Image size of job updated: 402816
	389  -  MemoryUsage of job (MB)
	397344  -  ResidentSetSize of job (KB)
...
010 (200.000.000) 03/15 11:38:37 Job was suspended.
	Number of processes actually suspended: 2
...
006 (200.000.000) 03/15 11:38:37 Image size of job updated: 11780580
	10506  -  MemoryUsage of job (MB)
	10757316  -  ResidentSetSize of job (KB)
...
011 (200.000.000) 03/15 11:43:22 Job was unsuspended.
...
010 (200.000.000) 03/15 11:44:57 Job was suspended.
	Number of processes actually suspended: 2
...
006 (200.000.000) 03/15 11:44:57 Image size of job updated: 13514148
	10688  -  MemoryUsage of job (MB)
	10943944  -  ResidentSetSize of job (KB)
...
011 (200.000.000) 03/15 11:50:47 Job was unsuspended.
...
006 (200.000.000) 03/15 11:51:31 Image size of job updated: 13514148
	11281  -  MemoryUsage of job (MB)
	11551716  -  ResidentSetSize of job (KB)
...
010 (200.000.000) 03/15 11:54:54 Job was suspended.
	Number of processes actually suspended: 2
...
006 (200.000.000) 03/15 11:54:54 Image size of job updated: 13516520
	11281  -  MemoryUsage of job (MB)
	11551716  -  ResidentSetSize of job (KB)
...
011 (200.000.000) 03/15 12:07:25 Job was unsuspended.
...
006 (200.000.000) 03/15 12:11:33 Image size of job updated: 13524624
	11281  -  MemoryUsage of job (MB)
	11551716  -  ResidentSetSize of job (KB)
...
006 (200.000.000) 03/15 12:16:34 Image size of job updated: 13524656
	11281  -  MemoryUsage of job (MB)
	11551716  -  ResidentSetSize of job (KB)
...
006 (200.000.000) 03/15 12:21:34 Image size of job updated: 13856492
	11281  -  MemoryUsage of job (MB)
	11551716  -  ResidentSetSize of job (KB)
...
