100 topics are generated based on documents of 100 sentences long
Topic number 0:
juncker
maison
mode
gormley
meubel
wedstrijdlijn
monk
gezelle
richter
veronique
arbeidsrechtbank
beirendonck
dansaertstraat
schenker
grieks-cyprioten
severen
branquinho
margiela
afgewacht
ingesloten

Topic number 1:
machinist
mgm
safeway
toots
hardy
cols
suzanne
ellington
tennisster
bouwvakker
jimtv
grasveld
dauwen
laurel
maesschalck
sainsbury
horse
aardschok
vist
bemiddelt

Topic number 2:
spector
bomans
hengelhoef
proms
kohl
werbrouck
scherpere
rbg
spotjes
exportsubsidies
kissinger
tampere
borsato
citrus
bratislava
nieuwsprogramma's
ontglippen
marketingmensen
krot
lomba

Topic number 3:
huisartsen
boon
klonen
big
mode
voeding
kippen
cia
abortus
golfoorlog
eeuwen
laura
telindus
trendy
hulpverleners
qaeda
tuinen
misbruik
merknaam
eieren

Topic number 4:
anderlecht
club
wijn
spelers
standard
trainer
wijnen
voetbal
seizoen
clubs
league
champions
wedstrijd
ploeg
beveren
bondscoach
anthuenis
doelman
lokeren
thuisploeg

Topic number 5:
noord-korea
noord-koreaanse
gelatine
pyongyang
esa
soft
philippaerts
geschenken
glass
beschrijf
zuid-korea
jumping
metropolis
tgv
passies
