000 (208.000.000) 03/15 11:36:12 Job submitted from host: <10.33.133.154:9618?addrs=10.33.133.154-9618+[--1]-9618&noUDP&sock=29983_6c2f_3>
    DAG Node: topic_generation12
...
001 (208.000.000) 03/15 11:36:47 Job executing on host: <10.33.133.192:9618?addrs=10.33.133.192-9618+[--1]-9618&noUDP&sock=1307_125f_3>
...
006 (208.000.000) 03/15 11:36:56 Image size of job updated: 264944
	259  -  MemoryUsage of job (MB)
	264740  -  ResidentSetSize of job (KB)
...
006 (208.000.000) 03/15 11:41:57 Image size of job updated: 13540032
	13223  -  MemoryUsage of job (MB)
	13539828  -  ResidentSetSize of job (KB)
...
006 (208.000.000) 03/15 11:46:57 Image size of job updated: 13543684
	13227  -  MemoryUsage of job (MB)
	13543480  -  ResidentSetSize of job (KB)
...
006 (208.000.000) 03/15 11:51:57 Image size of job updated: 13544300
	13227  -  MemoryUsage of job (MB)
	13544096  -  ResidentSetSize of job (KB)
...
006 (208.000.000) 03/15 11:56:58 Image size of job updated: 13546048
	13229  -  MemoryUsage of job (MB)
	13545844  -  ResidentSetSize of job (KB)
...
006 (208.000.000) 03/15 12:01:59 Image size of job updated: 13549268
	13232  -  MemoryUsage of job (MB)
	13549064  -  ResidentSetSize of job (KB)
...
006 (208.000.000) 03/15 12:12:00 Image size of job updated: 13553368
	13232  -  MemoryUsage of job (MB)
	13549064  -  ResidentSetSize of job (KB)
...
