000 (318.000.000) 03/23 14:48:45 Job submitted from host: <10.33.133.154:9618?addrs=10.33.133.154-9618+[--1]-9618&noUDP&sock=29983_6c2f_3>
    DAG Node: topic_generation17
...
001 (318.000.000) 03/23 14:49:27 Job executing on host: <10.33.133.135:9618?addrs=10.33.133.135-9618+[--1]-9618&noUDP&sock=1249_49e0_3>
...
006 (318.000.000) 03/23 14:49:35 Image size of job updated: 509800
	498  -  MemoryUsage of job (MB)
	509800  -  ResidentSetSize of job (KB)
...
006 (318.000.000) 03/23 14:54:35 Image size of job updated: 13463548
	13148  -  MemoryUsage of job (MB)
	13463548  -  ResidentSetSize of job (KB)
...
006 (318.000.000) 03/23 14:59:36 Image size of job updated: 13463608
	13149  -  MemoryUsage of job (MB)
	13463608  -  ResidentSetSize of job (KB)
...
006 (318.000.000) 03/23 15:09:36 Image size of job updated: 13463616
	13149  -  MemoryUsage of job (MB)
	13463616  -  ResidentSetSize of job (KB)
...
006 (318.000.000) 03/23 15:19:38 Image size of job updated: 13463668
	13149  -  MemoryUsage of job (MB)
	13463668  -  ResidentSetSize of job (KB)
...
006 (318.000.000) 03/23 15:24:38 Image size of job updated: 13463708
	13149  -  MemoryUsage of job (MB)
	13463708  -  ResidentSetSize of job (KB)
...
006 (318.000.000) 03/23 15:34:40 Image size of job updated: 13463720
	13149  -  MemoryUsage of job (MB)
	13463708  -  ResidentSetSize of job (KB)
...
006 (318.000.000) 03/23 15:44:41 Image size of job updated: 13628340
	13309  -  MemoryUsage of job (MB)
	13628196  -  ResidentSetSize of job (KB)
...
006 (318.000.000) 03/23 15:49:41 Image size of job updated: 14071152
	13742  -  MemoryUsage of job (MB)
	14071008  -  ResidentSetSize of job (KB)
...
006 (318.000.000) 03/23 15:54:41 Image size of job updated: 14071152
	13742  -  MemoryUsage of job (MB)
	14071024  -  ResidentSetSize of job (KB)
...
006 (318.000.000) 03/23 16:14:43 Image size of job updated: 14120720
	13790  -  MemoryUsage of job (MB)
	14120352  -  ResidentSetSize of job (KB)
...
005 (318.000.000) 03/23 17:16:34 Job terminated.
	(1) Normal termination (return value 0)
		Usr 0 02:21:14, Sys 0 00:05:25  -  Run Remote Usage
		Usr 0 00:00:00, Sys 0 00:00:00  -  Run Local Usage
		Usr 0 02:21:14, Sys 0 00:05:25  -  Total Remote Usage
		Usr 0 00:00:00, Sys 0 00:00:00  -  Total Local Usage
	0  -  Run Bytes Sent By Job
	0  -  Run Bytes Received By Job
	0  -  Total Bytes Sent By Job
	0  -  Total Bytes Received By Job
	Partitionable Resources :    Usage  Request Allocated
	   Cpus                 :                 1         1
	   Disk (KB)            :        7        7   1510129
	   Memory (MB)          :    13790    15360     15360
...
000 (370.000.000) 03/24 12:49:42 Job submitted from host: <10.33.133.154:9618?addrs=10.33.133.154-9618+[--1]-9618&noUDP&sock=29983_6c2f_3>
    DAG Node: topic_generation17
...
001 (370.000.000) 03/24 12:50:17 Job executing on host: <10.33.133.199:9618?addrs=10.33.133.199-9618+[--1]-9618&noUDP&sock=1257_c6a2_3>
...
006 (370.000.000) 03/24 12:50:26 Image size of job updated: 272404
	266  -  MemoryUsage of job (MB)
	272216  -  ResidentSetSize of job (KB)
...
006 (370.000.000) 03/24 12:55:27 Image size of job updated: 13463704
	13148  -  MemoryUsage of job (MB)
	13463516  -  ResidentSetSize of job (KB)
...
006 (370.000.000) 03/24 13:00:28 Image size of job updated: 13463768
	13149  -  MemoryUsage of job (MB)
	13463580  -  ResidentSetSize of job (KB)
...
006 (370.000.000) 03/24 13:10:29 Image size of job updated: 13463780
	13149  -  MemoryUsage of job (MB)
	13463592  -  ResidentSetSize of job (KB)
...
006 (370.000.000) 03/24 13:20:30 Image size of job updated: 13463828
	13149  -  MemoryUsage of job (MB)
	13463640  -  ResidentSetSize of job (KB)
...
006 (370.000.000) 03/24 13:25:31 Image size of job updated: 13463872
	13149  -  MemoryUsage of job (MB)
	13463684  -  ResidentSetSize of job (KB)
...
006 (370.000.000) 03/24 13:45:33 Image size of job updated: 13612620
	13292  -  MemoryUsage of job (MB)
	13610680  -  ResidentSetSize of job (KB)
...
006 (370.000.000) 03/24 13:50:33 Image size of job updated: 13717136
	13299  -  MemoryUsage of job (MB)
	13618036  -  ResidentSetSize of job (KB)
...
006 (370.000.000) 03/24 13:55:34 Image size of job updated: 13719620
	13302  -  MemoryUsage of job (MB)
	13620568  -  ResidentSetSize of job (KB)
...
006 (370.000.000) 03/24 14:00:35 Image size of job updated: 13720436
	13303  -  MemoryUsage of job (MB)
	13621716  -  ResidentSetSize of job (KB)
...
006 (370.000.000) 03/24 14:05:35 Image size of job updated: 13824136
	13404  -  MemoryUsage of job (MB)
	13725512  -  ResidentSetSize of job (KB)
...
006 (370.000.000) 03/24 14:10:36 Image size of job updated: 13923516
	13501  -  MemoryUsage of job (MB)
	13824956  -  ResidentSetSize of job (KB)
...
006 (370.000.000) 03/24 14:20:36 Image size of job updated: 13925904
	13586  -  MemoryUsage of job (MB)
	13911680  -  ResidentSetSize of job (KB)
...
004 (370.000.000) 03/24 14:32:28 Job was evicted.
	(0) Job was not checkpointed.
		Usr 0 01:38:46, Sys 0 00:02:14  -  Run Remote Usage
		Usr 0 00:00:00, Sys 0 00:00:00  -  Run Local Usage
	0  -  Run Bytes Sent By Job
	0  -  Run Bytes Received By Job
	Partitionable Resources :    Usage  Request Allocated
	   Cpus                 :                 1         1
	   Disk (KB)            :        7        7   1495563
	   Memory (MB)          :    13586    15360     15360
...
001 (370.000.000) 03/24 14:35:33 Job executing on host: <10.33.133.194:9618?addrs=10.33.133.194-9618+[--1]-9618&noUDP&sock=1242_7cb7_3>
...
004 (370.000.000) 03/24 14:46:15 Job was evicted.
	(0) Job was not checkpointed.
		Usr 0 00:10:04, Sys 0 00:00:21  -  Run Remote Usage
		Usr 0 00:00:00, Sys 0 00:00:00  -  Run Local Usage
	0  -  Run Bytes Sent By Job
	0  -  Run Bytes Received By Job
	Partitionable Resources :    Usage  Request Allocated
	   Cpus                 :                 1         1
	   Disk (KB)            :        7        7   1495563
	   Memory (MB)          :    14649    15360     15360
...
001 (370.000.000) 03/24 14:47:17 Job executing on host: <10.33.133.165:9618?addrs=10.33.133.165-9618+[--1]-9618&noUDP&sock=1294_27a3_3>
...
004 (370.000.000) 03/24 15:27:23 Job was evicted.
	(0) Job was not checkpointed.
		Usr 0 00:39:25, Sys 0 00:00:20  -  Run Remote Usage
		Usr 0 00:00:00, Sys 0 00:00:00  -  Run Local Usage
	0  -  Run Bytes Sent By Job
	0  -  Run Bytes Received By Job
	Partitionable Resources :    Usage  Request Allocated
	   Cpus                 :                 1         1
	   Disk (KB)            :        7        7    936563
	   Memory (MB)          :    14649    15360     15360
...
001 (370.000.000) 03/24 15:29:50 Job executing on host: <10.33.133.135:9618?addrs=10.33.133.135-9618+[--1]-9618&noUDP&sock=1249_49e0_3>
...
004 (370.000.000) 03/24 15:33:08 Job was evicted.
	(0) Job was not checkpointed.
		Usr 0 00:02:56, Sys 0 00:00:18  -  Run Remote Usage
		Usr 0 00:00:00, Sys 0 00:00:00  -  Run Local Usage
	0  -  Run Bytes Sent By Job
	0  -  Run Bytes Received By Job
	Partitionable Resources :    Usage  Request Allocated
	   Cpus                 :                 1         1
	   Disk (KB)            :        7        7   1510128
	   Memory (MB)          :    14649    15360     15360
...
001 (370.000.000) 03/24 15:35:55 Job executing on host: <10.33.133.135:9618?addrs=10.33.133.135-9618+[--1]-9618&noUDP&sock=1249_49e0_3>
...
004 (370.000.000) 03/24 15:43:48 Job was evicted.
	(0) Job was not checkpointed.
		Usr 0 00:07:29, Sys 0 00:00:22  -  Run Remote Usage
		Usr 0 00:00:00, Sys 0 00:00:00  -  Run Local Usage
	0  -  Run Bytes Sent By Job
	0  -  Run Bytes Received By Job
	Partitionable Resources :    Usage  Request Allocated
	   Cpus                 :                 1         1
	   Disk (KB)            :        7        7   1510128
	   Memory (MB)          :    14649    15360     15360
...
001 (370.000.000) 03/24 15:46:34 Job executing on host: <10.33.133.57:9618?addrs=10.33.133.57-9618+[--1]-9618&noUDP&sock=1385_92c2_3>
...
005 (370.000.000) 03/24 16:31:04 Job terminated.
	(1) Normal termination (return value 0)
		Usr 0 00:34:56, Sys 0 00:09:13  -  Run Remote Usage
		Usr 0 00:00:00, Sys 0 00:00:00  -  Run Local Usage
		Usr 0 00:34:56, Sys 0 00:09:13  -  Total Remote Usage
		Usr 0 00:00:00, Sys 0 00:00:00  -  Total Local Usage
	0  -  Run Bytes Sent By Job
	0  -  Run Bytes Received By Job
	0  -  Total Bytes Sent By Job
	0  -  Total Bytes Received By Job
	Partitionable Resources :    Usage  Request Allocated
	   Cpus                 :                 1         1
	   Disk (KB)            :        7        7  36201318
	   Gpus                 :                           0
	   Memory (MB)          :    14649    15360     15360
...
