000 (316.000.000) 03/23 14:48:45 Job submitted from host: <10.33.133.154:9618?addrs=10.33.133.154-9618+[--1]-9618&noUDP&sock=29983_6c2f_3>
    DAG Node: topic_generation15
...
001 (316.000.000) 03/23 14:49:25 Job executing on host: <10.33.133.6:9618?addrs=10.33.133.6-9618+[--1]-9618&noUDP&sock=1231_f12c_3>
...
006 (316.000.000) 03/23 14:49:33 Image size of job updated: 338176
	331  -  MemoryUsage of job (MB)
	338176  -  ResidentSetSize of job (KB)
...
006 (316.000.000) 03/23 14:54:33 Image size of job updated: 13550792
	13234  -  MemoryUsage of job (MB)
	13550792  -  ResidentSetSize of job (KB)
...
006 (316.000.000) 03/23 14:59:34 Image size of job updated: 13550828
	13234  -  MemoryUsage of job (MB)
	13550828  -  ResidentSetSize of job (KB)
...
006 (316.000.000) 03/23 15:14:36 Image size of job updated: 13556812
	13240  -  MemoryUsage of job (MB)
	13556812  -  ResidentSetSize of job (KB)
...
006 (316.000.000) 03/23 15:19:36 Image size of job updated: 13556844
	13240  -  MemoryUsage of job (MB)
	13556844  -  ResidentSetSize of job (KB)
...
006 (316.000.000) 03/23 15:29:38 Image size of job updated: 13556856
	13240  -  MemoryUsage of job (MB)
	13556856  -  ResidentSetSize of job (KB)
...
006 (316.000.000) 03/23 15:34:38 Image size of job updated: 13556904
	13240  -  MemoryUsage of job (MB)
	13556904  -  ResidentSetSize of job (KB)
...
006 (316.000.000) 03/23 15:49:40 Image size of job updated: 13561032
	13244  -  MemoryUsage of job (MB)
	13561032  -  ResidentSetSize of job (KB)
...
006 (316.000.000) 03/23 15:54:41 Image size of job updated: 13562396
	13245  -  MemoryUsage of job (MB)
	13561980  -  ResidentSetSize of job (KB)
...
006 (316.000.000) 03/23 15:59:41 Image size of job updated: 13606804
	13288  -  MemoryUsage of job (MB)
	13606388  -  ResidentSetSize of job (KB)
...
006 (316.000.000) 03/23 16:04:42 Image size of job updated: 13782284
	13457  -  MemoryUsage of job (MB)
	13779716  -  ResidentSetSize of job (KB)
...
006 (316.000.000) 03/23 16:09:42 Image size of job updated: 13805624
	13457  -  MemoryUsage of job (MB)
	13779716  -  ResidentSetSize of job (KB)
...
006 (316.000.000) 03/23 16:14:42 Image size of job updated: 14122496
	13676  -  MemoryUsage of job (MB)
	14004068  -  ResidentSetSize of job (KB)
...
006 (316.000.000) 03/23 16:19:43 Image size of job updated: 14122496
	13676  -  MemoryUsage of job (MB)
	14004140  -  ResidentSetSize of job (KB)
...
006 (316.000.000) 03/23 16:34:45 Image size of job updated: 14160012
	13705  -  MemoryUsage of job (MB)
	14033116  -  ResidentSetSize of job (KB)
...
006 (316.000.000) 03/23 16:39:45 Image size of job updated: 14160012
	13705  -  MemoryUsage of job (MB)
	14033192  -  ResidentSetSize of job (KB)
...
006 (316.000.000) 03/23 16:49:46 Image size of job updated: 14163468
	13708  -  MemoryUsage of job (MB)
	14036672  -  ResidentSetSize of job (KB)
...
006 (316.000.000) 03/23 16:54:47 Image size of job updated: 14186732
	13731  -  MemoryUsage of job (MB)
	14059952  -  ResidentSetSize of job (KB)
...
006 (316.000.000) 03/23 16:59:47 Image size of job updated: 14186732
	13731  -  MemoryUsage of job (MB)
	14060044  -  ResidentSetSize of job (KB)
...
006 (316.000.000) 03/23 17:24:50 Image size of job updated: 14272200
	13922  -  MemoryUsage of job (MB)
	14255788  -  ResidentSetSize of job (KB)
...
006 (316.000.000) 03/23 17:49:53 Image size of job updated: 14272200
	13925  -  MemoryUsage of job (MB)
	14258232  -  ResidentSetSize of job (KB)
...
004 (316.000.000) 03/23 19:06:20 Job was evicted.
	(0) Job was not checkpointed.
		Usr 0 04:02:21, Sys 0 00:13:50  -  Run Remote Usage
		Usr 0 00:00:00, Sys 0 00:00:00  -  Run Local Usage
	0  -  Run Bytes Sent By Job
	0  -  Run Bytes Received By Job
	Partitionable Resources :    Usage  Request Allocated
	   Cpus                 :                 1         1
	   Disk (KB)            :        7        7   1501591
	   Memory (MB)          :    13925    15360     15360
...
001 (316.000.000) 03/23 19:07:22 Job executing on host: <10.33.133.71:9618?addrs=10.33.133.71-9618+[--1]-9618&noUDP&sock=1576_9559_3>
...
005 (316.000.000) 03/23 20:12:19 Job terminated.
	(1) Normal termination (return value 0)
		Usr 0 01:03:42, Sys 0 00:01:08  -  Run Remote Usage
		Usr 0 00:00:00, Sys 0 00:00:00  -  Run Local Usage
		Usr 0 01:03:42, Sys 0 00:01:08  -  Total Remote Usage
		Usr 0 00:00:00, Sys 0 00:00:00  -  Total Local Usage
	0  -  Run Bytes Sent By Job
	0  -  Run Bytes Received By Job
	0  -  Total Bytes Sent By Job
	0  -  Total Bytes Received By Job
	Partitionable Resources :    Usage  Request Allocated
	   Cpus                 :                 1         1
	   Disk (KB)            :        7        7  39050682
	   Gpus                 :                           0
	   Memory (MB)          :    14649    15360     15360
...
000 (368.000.000) 03/24 12:49:42 Job submitted from host: <10.33.133.154:9618?addrs=10.33.133.154-9618+[--1]-9618&noUDP&sock=29983_6c2f_3>
    DAG Node: topic_generation15
...
001 (368.000.000) 03/24 12:50:17 Job executing on host: <10.33.133.135:9618?addrs=10.33.133.135-9618+[--1]-9618&noUDP&sock=1249_49e0_3>
...
006 (368.000.000) 03/24 12:50:25 Image size of job updated: 564068
	551  -  MemoryUsage of job (MB)
	564068  -  ResidentSetSize of job (KB)
...
006 (368.000.000) 03/24 12:55:25 Image size of job updated: 13550792
	13234  -  MemoryUsage of job (MB)
	13550792  -  ResidentSetSize of job (KB)
...
006 (368.000.000) 03/24 13:05:27 Image size of job updated: 13550828
	13234  -  MemoryUsage of job (MB)
	13550828  -  ResidentSetSize of job (KB)
...
006 (368.000.000) 03/24 13:20:30 Image size of job updated: 13556848
	13240  -  MemoryUsage of job (MB)
	13556848  -  ResidentSetSize of job (KB)
...
006 (368.000.000) 03/24 13:30:31 Image size of job updated: 13556860
	13240  -  MemoryUsage of job (MB)
	13556860  -  ResidentSetSize of job (KB)
...
006 (368.000.000) 03/24 13:35:31 Image size of job updated: 13556908
	13240  -  MemoryUsage of job (MB)
	13556908  -  ResidentSetSize of job (KB)
...
006 (368.000.000) 03/24 13:50:33 Image size of job updated: 13560972
	13244  -  MemoryUsage of job (MB)
	13560972  -  ResidentSetSize of job (KB)
...
006 (368.000.000) 03/24 13:55:34 Image size of job updated: 13561924
	13245  -  MemoryUsage of job (MB)
	13561924  -  ResidentSetSize of job (KB)
...
006 (368.000.000) 03/24 14:00:34 Image size of job updated: 13562868
	13245  -  MemoryUsage of job (MB)
	13562868  -  ResidentSetSize of job (KB)
...
006 (368.000.000) 03/24 14:05:35 Image size of job updated: 13756884
	13432  -  MemoryUsage of job (MB)
	13754296  -  ResidentSetSize of job (KB)
...
006 (368.000.000) 03/24 14:10:35 Image size of job updated: 13988392
	13593  -  MemoryUsage of job (MB)
	13918688  -  ResidentSetSize of job (KB)
...
006 (368.000.000) 03/24 14:15:36 Image size of job updated: 14009568
	13619  -  MemoryUsage of job (MB)
	13945840  -  ResidentSetSize of job (KB)
...
006 (368.000.000) 03/24 14:20:36 Image size of job updated: 14009568
	13621  -  MemoryUsage of job (MB)
	13947508  -  ResidentSetSize of job (KB)
...
006 (368.000.000) 03/24 14:55:39 Image size of job updated: 14177728
	13784  -  MemoryUsage of job (MB)
	14114676  -  ResidentSetSize of job (KB)
...
006 (368.000.000) 03/24 15:00:39 Image size of job updated: 14177728
	13784  -  MemoryUsage of job (MB)
	14114772  -  ResidentSetSize of job (KB)
...
006 (368.000.000) 03/24 15:10:40 Image size of job updated: 14257016
	13861  -  MemoryUsage of job (MB)
	14193660  -  ResidentSetSize of job (KB)
...
006 (368.000.000) 03/24 15:15:40 Image size of job updated: 14257016
	13863  -  MemoryUsage of job (MB)
	14195060  -  ResidentSetSize of job (KB)
...
004 (368.000.000) 03/24 15:43:48 Job was evicted.
	(0) Job was not checkpointed.
		Usr 0 02:46:53, Sys 0 00:06:08  -  Run Remote Usage
		Usr 0 00:00:00, Sys 0 00:00:00  -  Run Local Usage
	0  -  Run Bytes Sent By Job
	0  -  Run Bytes Received By Job
	Partitionable Resources :    Usage  Request Allocated
	   Cpus                 :                 1         1
	   Disk (KB)            :        7        7   1510129
	   Memory (MB)          :    13863    15360     15360
...
001 (368.000.000) 03/24 15:46:32 Job executing on host: <10.33.133.93:9618?addrs=10.33.133.93-9618+[--1]-9618&noUDP&sock=1707_7041_3>
...
005 (368.000.000) 03/24 19:10:51 Job terminated.
	(1) Normal termination (return value 0)
		Usr 0 03:16:37, Sys 0 00:06:27  -  Run Remote Usage
		Usr 0 00:00:00, Sys 0 00:00:00  -  Run Local Usage
		Usr 0 03:16:37, Sys 0 00:06:27  -  Total Remote Usage
		Usr 0 00:00:00, Sys 0 00:00:00  -  Total Local Usage
	0  -  Run Bytes Sent By Job
	0  -  Run Bytes Received By Job
	0  -  Total Bytes Sent By Job
	0  -  Total Bytes Received By Job
	Partitionable Resources :    Usage  Request Allocated
	   Cpus                 :                 1         1
	   Disk (KB)            :        7        7 118219612
	   Memory (MB)          :    14649    15360     15360
...
