000 (315.000.000) 03/23 14:48:40 Job submitted from host: <10.33.133.154:9618?addrs=10.33.133.154-9618+[--1]-9618&noUDP&sock=29983_6c2f_3>
    DAG Node: topic_generation14
...
001 (315.000.000) 03/23 14:49:22 Job executing on host: <10.33.133.194:9618?addrs=10.33.133.194-9618+[--1]-9618&noUDP&sock=1242_7cb7_3>
...
006 (315.000.000) 03/23 14:49:31 Image size of job updated: 580456
	567  -  MemoryUsage of job (MB)
	580456  -  ResidentSetSize of job (KB)
...
006 (315.000.000) 03/23 14:54:32 Image size of job updated: 13667004
	13347  -  MemoryUsage of job (MB)
	13667004  -  ResidentSetSize of job (KB)
...
006 (315.000.000) 03/23 14:59:32 Image size of job updated: 13701348
	13381  -  MemoryUsage of job (MB)
	13701348  -  ResidentSetSize of job (KB)
...
006 (315.000.000) 03/23 15:04:32 Image size of job updated: 13712380
	13391  -  MemoryUsage of job (MB)
	13712380  -  ResidentSetSize of job (KB)
...
006 (315.000.000) 03/23 15:09:33 Image size of job updated: 13723540
	13402  -  MemoryUsage of job (MB)
	13723540  -  ResidentSetSize of job (KB)
...
006 (315.000.000) 03/23 15:14:33 Image size of job updated: 13734608
	13413  -  MemoryUsage of job (MB)
	13734608  -  ResidentSetSize of job (KB)
...
006 (315.000.000) 03/23 15:19:34 Image size of job updated: 13744012
	13422  -  MemoryUsage of job (MB)
	13744012  -  ResidentSetSize of job (KB)
...
006 (315.000.000) 03/23 15:34:35 Image size of job updated: 13744392
	13422  -  MemoryUsage of job (MB)
	13744024  -  ResidentSetSize of job (KB)
...
006 (315.000.000) 03/23 15:39:36 Image size of job updated: 13744464
	13422  -  MemoryUsage of job (MB)
	13744024  -  ResidentSetSize of job (KB)
...
006 (315.000.000) 03/23 15:44:36 Image size of job updated: 13745380
	13423  -  MemoryUsage of job (MB)
	13744520  -  ResidentSetSize of job (KB)
...
006 (315.000.000) 03/23 15:49:37 Image size of job updated: 13747008
	13424  -  MemoryUsage of job (MB)
	13746148  -  ResidentSetSize of job (KB)
...
006 (315.000.000) 03/23 15:54:38 Image size of job updated: 13748640
	13426  -  MemoryUsage of job (MB)
	13747780  -  ResidentSetSize of job (KB)
...
006 (315.000.000) 03/23 15:59:38 Image size of job updated: 13750236
	13428  -  MemoryUsage of job (MB)
	13749396  -  ResidentSetSize of job (KB)
...
006 (315.000.000) 03/23 16:04:38 Image size of job updated: 13751872
	13429  -  MemoryUsage of job (MB)
	13751032  -  ResidentSetSize of job (KB)
...
006 (315.000.000) 03/23 16:09:39 Image size of job updated: 13753508
	13431  -  MemoryUsage of job (MB)
	13752668  -  ResidentSetSize of job (KB)
...
006 (315.000.000) 03/23 16:14:40 Image size of job updated: 13946140
	13619  -  MemoryUsage of job (MB)
	13945300  -  ResidentSetSize of job (KB)
...
006 (315.000.000) 03/23 16:19:40 Image size of job updated: 14315244
	13979  -  MemoryUsage of job (MB)
	14314340  -  ResidentSetSize of job (KB)
...
006 (315.000.000) 03/23 16:24:41 Image size of job updated: 14315244
	13979  -  MemoryUsage of job (MB)
	14314372  -  ResidentSetSize of job (KB)
...
006 (315.000.000) 03/23 16:39:42 Image size of job updated: 14338156
	13992  -  MemoryUsage of job (MB)
	14327332  -  ResidentSetSize of job (KB)
...
006 (315.000.000) 03/23 16:44:43 Image size of job updated: 14338156
	13992  -  MemoryUsage of job (MB)
	14327388  -  ResidentSetSize of job (KB)
...
006 (315.000.000) 03/23 16:59:45 Image size of job updated: 14371840
	13992  -  MemoryUsage of job (MB)
	14327388  -  ResidentSetSize of job (KB)
...
006 (315.000.000) 03/23 18:04:50 Image size of job updated: 14447884
	14090  -  MemoryUsage of job (MB)
	14427872  -  ResidentSetSize of job (KB)
...
004 (315.000.000) 03/23 18:27:23 Job was evicted.
	(0) Job was not checkpointed.
		Usr 0 03:27:24, Sys 0 00:09:44  -  Run Remote Usage
		Usr 0 00:00:00, Sys 0 00:00:00  -  Run Local Usage
	0  -  Run Bytes Sent By Job
	0  -  Run Bytes Received By Job
	Partitionable Resources :    Usage  Request Allocated
	   Cpus                 :                 1         1
	   Disk (KB)            :        7        7   1495563
	   Memory (MB)          :    14090    15360     15360
...
001 (315.000.000) 03/23 18:32:24 Job executing on host: <10.33.133.197:9618?addrs=10.33.133.197-9618+[--1]-9618&noUDP&sock=1243_2c4f_3>
...
004 (315.000.000) 03/23 18:56:55 Job was evicted.
	(0) Job was not checkpointed.
		Usr 0 00:23:30, Sys 0 00:00:34  -  Run Remote Usage
		Usr 0 00:00:00, Sys 0 00:00:00  -  Run Local Usage
	0  -  Run Bytes Sent By Job
	0  -  Run Bytes Received By Job
	Partitionable Resources :    Usage  Request Allocated
	   Cpus                 :                 1         1
	   Disk (KB)            :        7        7   1414612
	   Memory (MB)          :    14649    15360     15360
...
001 (315.000.000) 03/23 18:59:56 Job executing on host: <10.33.133.197:9618?addrs=10.33.133.197-9618+[--1]-9618&noUDP&sock=1243_2c4f_3>
...
004 (315.000.000) 03/23 19:01:41 Job was evicted.
	(0) Job was not checkpointed.
		Usr 0 00:01:21, Sys 0 00:00:17  -  Run Remote Usage
		Usr 0 00:00:00, Sys 0 00:00:00  -  Run Local Usage
	0  -  Run Bytes Sent By Job
	0  -  Run Bytes Received By Job
	Partitionable Resources :    Usage  Request Allocated
	   Cpus                 :                 1         1
	   Disk (KB)            :        7        7   1414612
	   Memory (MB)          :    14649    15360     15360
...
001 (315.000.000) 03/23 19:06:26 Job executing on host: <10.33.133.83:9618?addrs=10.33.133.83-9618+[--1]-9618&noUDP&sock=1390_00bb_3>
...
005 (315.000.000) 03/23 20:40:42 Job terminated.
	(1) Normal termination (return value 0)
		Usr 0 01:20:13, Sys 0 00:07:35  -  Run Remote Usage
		Usr 0 00:00:00, Sys 0 00:00:00  -  Run Local Usage
		Usr 0 01:20:13, Sys 0 00:07:35  -  Total Remote Usage
		Usr 0 00:00:00, Sys 0 00:00:00  -  Total Local Usage
	0  -  Run Bytes Sent By Job
	0  -  Run Bytes Received By Job
	0  -  Total Bytes Sent By Job
	0  -  Total Bytes Received By Job
	Partitionable Resources :    Usage  Request Allocated
	   Cpus                 :                 1         1
	   Disk (KB)            :        7        7   3896250
	   Gpus                 :                           0
	   Memory (MB)          :    14649    15360     15360
...
