000 (317.000.000) 03/23 14:48:45 Job submitted from host: <10.33.133.154:9618?addrs=10.33.133.154-9618+[--1]-9618&noUDP&sock=29983_6c2f_3>
    DAG Node: topic_generation16
...
001 (317.000.000) 03/23 14:49:11 Job executing on host: <10.33.133.6:9618?addrs=10.33.133.6-9618+[--1]-9618&noUDP&sock=1231_f12c_3>
...
006 (317.000.000) 03/23 14:49:20 Image size of job updated: 55912
	45  -  MemoryUsage of job (MB)
	45228  -  ResidentSetSize of job (KB)
...
006 (317.000.000) 03/23 14:54:21 Image size of job updated: 13496596
	13170  -  MemoryUsage of job (MB)
	13485088  -  ResidentSetSize of job (KB)
...
006 (317.000.000) 03/23 14:59:21 Image size of job updated: 13496640
	13170  -  MemoryUsage of job (MB)
	13485132  -  ResidentSetSize of job (KB)
...
006 (317.000.000) 03/23 15:14:23 Image size of job updated: 13496652
	13170  -  MemoryUsage of job (MB)
	13485144  -  ResidentSetSize of job (KB)
...
006 (317.000.000) 03/23 15:24:25 Image size of job updated: 13496700
	13170  -  MemoryUsage of job (MB)
	13485192  -  ResidentSetSize of job (KB)
...
006 (317.000.000) 03/23 15:29:25 Image size of job updated: 13496700
	13170  -  MemoryUsage of job (MB)
	13485220  -  ResidentSetSize of job (KB)
...
006 (317.000.000) 03/23 15:49:28 Image size of job updated: 13614884
	13283  -  MemoryUsage of job (MB)
	13601284  -  ResidentSetSize of job (KB)
...
006 (317.000.000) 03/23 15:54:28 Image size of job updated: 13722588
	13314  -  MemoryUsage of job (MB)
	13632712  -  ResidentSetSize of job (KB)
...
006 (317.000.000) 03/23 15:59:29 Image size of job updated: 13835168
	13424  -  MemoryUsage of job (MB)
	13745380  -  ResidentSetSize of job (KB)
...
006 (317.000.000) 03/23 16:04:29 Image size of job updated: 13857412
	13446  -  MemoryUsage of job (MB)
	13767740  -  ResidentSetSize of job (KB)
...
006 (317.000.000) 03/23 16:09:30 Image size of job updated: 13857412
	13447  -  MemoryUsage of job (MB)
	13768784  -  ResidentSetSize of job (KB)
...
004 (317.000.000) 03/23 16:20:44 Job was evicted.
	(0) Job was not checkpointed.
		Usr 0 01:28:57, Sys 0 00:01:59  -  Run Remote Usage
		Usr 0 00:00:00, Sys 0 00:00:00  -  Run Local Usage
	0  -  Run Bytes Sent By Job
	0  -  Run Bytes Received By Job
	Partitionable Resources :    Usage  Request Allocated
	   Cpus                 :                 1         1
	   Disk (KB)            :        7        7   1501591
	   Memory (MB)          :    13447    15360     15360
...
001 (317.000.000) 03/23 16:21:08 Job executing on host: <10.33.133.50:9618?addrs=10.33.133.50-9618+[--1]-9618&noUDP&sock=1251_a911_3>
...
