000 (321.000.000) 03/23 14:48:51 Job submitted from host: <10.33.133.154:9618?addrs=10.33.133.154-9618+[--1]-9618&noUDP&sock=29983_6c2f_3>
    DAG Node: topic_generation20
...
001 (321.000.000) 03/23 14:49:30 Job executing on host: <10.33.133.199:9618?addrs=10.33.133.199-9618+[--1]-9618&noUDP&sock=1257_c6a2_3>
...
006 (321.000.000) 03/23 14:49:39 Image size of job updated: 524076
	512  -  MemoryUsage of job (MB)
	524076  -  ResidentSetSize of job (KB)
...
006 (321.000.000) 03/23 14:54:40 Image size of job updated: 13444416
	13130  -  MemoryUsage of job (MB)
	13444416  -  ResidentSetSize of job (KB)
...
006 (321.000.000) 03/23 14:59:40 Image size of job updated: 13444476
	13130  -  MemoryUsage of job (MB)
	13444476  -  ResidentSetSize of job (KB)
...
006 (321.000.000) 03/23 15:14:41 Image size of job updated: 13444848
	13130  -  MemoryUsage of job (MB)
	13444848  -  ResidentSetSize of job (KB)
...
006 (321.000.000) 03/23 15:29:43 Image size of job updated: 13547720
	13231  -  MemoryUsage of job (MB)
	13547652  -  ResidentSetSize of job (KB)
...
006 (321.000.000) 03/23 15:34:44 Image size of job updated: 14280644
	13945  -  MemoryUsage of job (MB)
	14278896  -  ResidentSetSize of job (KB)
...
006 (321.000.000) 03/23 15:39:45 Image size of job updated: 14562584
	14220  -  MemoryUsage of job (MB)
	14560548  -  ResidentSetSize of job (KB)
...
006 (321.000.000) 03/23 15:49:45 Image size of job updated: 14568392
	14225  -  MemoryUsage of job (MB)
	14566228  -  ResidentSetSize of job (KB)
...
005 (321.000.000) 03/23 16:16:48 Job terminated.
	(1) Normal termination (return value 0)
		Usr 0 01:24:34, Sys 0 00:02:14  -  Run Remote Usage
		Usr 0 00:00:00, Sys 0 00:00:00  -  Run Local Usage
		Usr 0 01:24:34, Sys 0 00:02:14  -  Total Remote Usage
		Usr 0 00:00:00, Sys 0 00:00:00  -  Total Local Usage
	0  -  Run Bytes Sent By Job
	0  -  Run Bytes Received By Job
	0  -  Total Bytes Sent By Job
	0  -  Total Bytes Received By Job
	Partitionable Resources :    Usage  Request Allocated
	   Cpus                 :                 1         1
	   Disk (KB)            :        7        7   1495563
	   Memory (MB)          :    14225    15360     15360
...
000 (373.000.000) 03/24 12:49:48 Job submitted from host: <10.33.133.154:9618?addrs=10.33.133.154-9618+[--1]-9618&noUDP&sock=29983_6c2f_3>
    DAG Node: topic_generation20
...
001 (373.000.000) 03/24 12:50:22 Job executing on host: <10.33.133.19:9618?addrs=10.33.133.19-9618+[--1]-9618&noUDP&sock=1244_dbe7_3>
...
006 (373.000.000) 03/24 12:50:30 Image size of job updated: 78716
	67  -  MemoryUsage of job (MB)
	68452  -  ResidentSetSize of job (KB)
...
006 (373.000.000) 03/24 12:55:30 Image size of job updated: 13455520
	13130  -  MemoryUsage of job (MB)
	13444464  -  ResidentSetSize of job (KB)
...
006 (373.000.000) 03/24 13:00:31 Image size of job updated: 13455580
	13130  -  MemoryUsage of job (MB)
	13444524  -  ResidentSetSize of job (KB)
...
006 (373.000.000) 03/24 13:05:31 Image size of job updated: 13455588
	13130  -  MemoryUsage of job (MB)
	13444524  -  ResidentSetSize of job (KB)
...
006 (373.000.000) 03/24 13:15:32 Image size of job updated: 13455928
	13130  -  MemoryUsage of job (MB)
	13444864  -  ResidentSetSize of job (KB)
...
006 (373.000.000) 03/24 13:30:34 Image size of job updated: 13558768
	13231  -  MemoryUsage of job (MB)
	13547704  -  ResidentSetSize of job (KB)
...
006 (373.000.000) 03/24 13:35:34 Image size of job updated: 14298816
	13953  -  MemoryUsage of job (MB)
	14287624  -  ResidentSetSize of job (KB)
...
006 (373.000.000) 03/24 13:40:35 Image size of job updated: 14557184
	14000  -  MemoryUsage of job (MB)
	14335084  -  ResidentSetSize of job (KB)
...
006 (373.000.000) 03/24 13:45:35 Image size of job updated: 14562464
	14000  -  MemoryUsage of job (MB)
	14335084  -  ResidentSetSize of job (KB)
...
006 (373.000.000) 03/24 13:50:36 Image size of job updated: 14567228
	14158  -  MemoryUsage of job (MB)
	14496892  -  ResidentSetSize of job (KB)
...
006 (373.000.000) 03/24 14:00:36 Image size of job updated: 14570624
	14158  -  MemoryUsage of job (MB)
	14496892  -  ResidentSetSize of job (KB)
...
005 (373.000.000) 03/24 14:16:21 Job terminated.
	(1) Normal termination (return value 0)
		Usr 0 01:23:12, Sys 0 00:02:11  -  Run Remote Usage
		Usr 0 00:00:00, Sys 0 00:00:00  -  Run Local Usage
		Usr 0 01:23:12, Sys 0 00:02:11  -  Total Remote Usage
		Usr 0 00:00:00, Sys 0 00:00:00  -  Total Local Usage
	0  -  Run Bytes Sent By Job
	0  -  Run Bytes Received By Job
	0  -  Total Bytes Sent By Job
	0  -  Total Bytes Received By Job
	Partitionable Resources :    Usage  Request Allocated
	   Cpus                 :                 1         1
	   Disk (KB)            :        7        7   1508240
	   Memory (MB)          :    14158    15360     15360
...
