000 (204.000.000) 03/15 11:36:07 Job submitted from host: <10.33.133.154:9618?addrs=10.33.133.154-9618+[--1]-9618&noUDP&sock=29983_6c2f_3>
    DAG Node: topic_generation8
...
001 (204.000.000) 03/15 11:36:37 Job executing on host: <10.33.137.131:9618?addrs=10.33.137.131-9618+[--1]-9618&noUDP&sock=27299_6bfd_3>
...
006 (204.000.000) 03/15 11:36:45 Image size of job updated: 6336064
	6188  -  MemoryUsage of job (MB)
	6336064  -  ResidentSetSize of job (KB)
...
006 (204.000.000) 03/15 11:41:45 Image size of job updated: 13511052
	13195  -  MemoryUsage of job (MB)
	13511052  -  ResidentSetSize of job (KB)
...
006 (204.000.000) 03/15 11:46:46 Image size of job updated: 13515244
	13199  -  MemoryUsage of job (MB)
	13515244  -  ResidentSetSize of job (KB)
...
006 (204.000.000) 03/15 11:51:47 Image size of job updated: 14396960
	13725  -  MemoryUsage of job (MB)
	14053808  -  ResidentSetSize of job (KB)
...
006 (204.000.000) 03/15 11:56:47 Image size of job updated: 14425888
	13824  -  MemoryUsage of job (MB)
	14155548  -  ResidentSetSize of job (KB)
...
006 (204.000.000) 03/15 12:01:47 Image size of job updated: 14431924
	13824  -  MemoryUsage of job (MB)
	14155548  -  ResidentSetSize of job (KB)
...
005 (204.000.000) 03/15 12:10:01 Job terminated.
	(1) Normal termination (return value 0)
		Usr 0 00:32:59, Sys 0 00:00:18  -  Run Remote Usage
		Usr 0 00:00:00, Sys 0 00:00:00  -  Run Local Usage
		Usr 0 00:32:59, Sys 0 00:00:18  -  Total Remote Usage
		Usr 0 00:00:00, Sys 0 00:00:00  -  Total Local Usage
	0  -  Run Bytes Sent By Job
	0  -  Run Bytes Received By Job
	0  -  Total Bytes Sent By Job
	0  -  Total Bytes Received By Job
	Partitionable Resources :    Usage  Request Allocated
	   Cpus                 :                 1         1
	   Disk (KB)            :        7        7   2932085
	   Gpus                 :                           0
	   Memory (MB)          :    13824    14336     14336
...
