000 (327.000.000) 03/23 14:48:56 Job submitted from host: <10.33.133.154:9618?addrs=10.33.133.154-9618+[--1]-9618&noUDP&sock=29983_6c2f_3>
    DAG Node: topic_generation26
...
001 (327.000.000) 03/23 14:49:51 Job executing on host: <10.33.133.195:9618?addrs=10.33.133.195-9618+[--1]-9618&noUDP&sock=1249_49e0_3>
...
006 (327.000.000) 03/23 14:49:59 Image size of job updated: 267316
	261  -  MemoryUsage of job (MB)
	267084  -  ResidentSetSize of job (KB)
...
006 (327.000.000) 03/23 14:54:59 Image size of job updated: 13453204
	13138  -  MemoryUsage of job (MB)
	13452972  -  ResidentSetSize of job (KB)
...
006 (327.000.000) 03/23 14:59:59 Image size of job updated: 13453240
	13138  -  MemoryUsage of job (MB)
	13453008  -  ResidentSetSize of job (KB)
...
006 (327.000.000) 03/23 15:10:00 Image size of job updated: 13453248
	13138  -  MemoryUsage of job (MB)
	13453016  -  ResidentSetSize of job (KB)
...
006 (327.000.000) 03/23 15:20:01 Image size of job updated: 13453356
	13138  -  MemoryUsage of job (MB)
	13453124  -  ResidentSetSize of job (KB)
...
006 (327.000.000) 03/23 15:25:02 Image size of job updated: 13453384
	13138  -  MemoryUsage of job (MB)
	13453152  -  ResidentSetSize of job (KB)
...
006 (327.000.000) 03/23 15:40:03 Image size of job updated: 13730496
	13408  -  MemoryUsage of job (MB)
	13728904  -  ResidentSetSize of job (KB)
...
006 (327.000.000) 03/23 15:45:04 Image size of job updated: 13837764
	13512  -  MemoryUsage of job (MB)
	13836172  -  ResidentSetSize of job (KB)
...
006 (327.000.000) 03/23 15:50:04 Image size of job updated: 13985824
	13643  -  MemoryUsage of job (MB)
	13969972  -  ResidentSetSize of job (KB)
...
006 (327.000.000) 03/23 15:55:04 Image size of job updated: 13996060
	13653  -  MemoryUsage of job (MB)
	13980208  -  ResidentSetSize of job (KB)
...
006 (327.000.000) 03/23 16:00:05 Image size of job updated: 14000468
	13657  -  MemoryUsage of job (MB)
	13984616  -  ResidentSetSize of job (KB)
...
006 (327.000.000) 03/23 16:05:06 Image size of job updated: 14216868
	13869  -  MemoryUsage of job (MB)
	14201016  -  ResidentSetSize of job (KB)
...
006 (327.000.000) 03/23 16:10:06 Image size of job updated: 14218000
	13870  -  MemoryUsage of job (MB)
	14202148  -  ResidentSetSize of job (KB)
...
006 (327.000.000) 03/23 16:15:06 Image size of job updated: 14218008
	13870  -  MemoryUsage of job (MB)
	14202156  -  ResidentSetSize of job (KB)
...
006 (327.000.000) 03/23 16:20:07 Image size of job updated: 14220660
	13872  -  MemoryUsage of job (MB)
	14204808  -  ResidentSetSize of job (KB)
...
006 (327.000.000) 03/23 16:30:09 Image size of job updated: 14397400
	14045  -  MemoryUsage of job (MB)
	14381644  -  ResidentSetSize of job (KB)
...
006 (327.000.000) 03/23 16:40:10 Image size of job updated: 14689124
	14330  -  MemoryUsage of job (MB)
	14673368  -  ResidentSetSize of job (KB)
...
006 (327.000.000) 03/23 16:45:10 Image size of job updated: 14689124
	14330  -  MemoryUsage of job (MB)
	14673444  -  ResidentSetSize of job (KB)
...
006 (327.000.000) 03/23 18:00:20 Image size of job updated: 14783540
	14330  -  MemoryUsage of job (MB)
	14673444  -  ResidentSetSize of job (KB)
...
005 (327.000.000) 03/23 18:46:37 Job terminated.
	(1) Normal termination (return value 0)
		Usr 0 03:51:10, Sys 0 00:04:59  -  Run Remote Usage
		Usr 0 00:00:00, Sys 0 00:00:00  -  Run Local Usage
		Usr 0 03:51:10, Sys 0 00:04:59  -  Total Remote Usage
		Usr 0 00:00:00, Sys 0 00:00:00  -  Total Local Usage
	0  -  Run Bytes Sent By Job
	0  -  Run Bytes Received By Job
	0  -  Total Bytes Sent By Job
	0  -  Total Bytes Received By Job
	Partitionable Resources :    Usage  Request Allocated
	   Cpus                 :                 1         1
	   Disk (KB)            :        7        7   1507483
	   Memory (MB)          :    14330    15360     15360
...
