000 (324.000.000) 03/23 14:48:51 Job submitted from host: <10.33.133.154:9618?addrs=10.33.133.154-9618+[--1]-9618&noUDP&sock=29983_6c2f_3>
    DAG Node: topic_generation23
...
001 (324.000.000) 03/23 14:49:34 Job executing on host: <10.33.133.19:9618?addrs=10.33.133.19-9618+[--1]-9618&noUDP&sock=1244_dbe7_3>
...
006 (324.000.000) 03/23 14:49:43 Image size of job updated: 100488
	88  -  MemoryUsage of job (MB)
	89968  -  ResidentSetSize of job (KB)
...
006 (324.000.000) 03/23 14:54:44 Image size of job updated: 13496184
	13170  -  MemoryUsage of job (MB)
	13485096  -  ResidentSetSize of job (KB)
...
006 (324.000.000) 03/23 14:59:44 Image size of job updated: 13496228
	13170  -  MemoryUsage of job (MB)
	13485140  -  ResidentSetSize of job (KB)
...
006 (324.000.000) 03/23 15:14:46 Image size of job updated: 13496240
	13170  -  MemoryUsage of job (MB)
	13485152  -  ResidentSetSize of job (KB)
...
006 (324.000.000) 03/23 15:24:46 Image size of job updated: 13496288
	13170  -  MemoryUsage of job (MB)
	13485200  -  ResidentSetSize of job (KB)
...
006 (324.000.000) 03/23 15:29:47 Image size of job updated: 13496288
	13170  -  MemoryUsage of job (MB)
	13485228  -  ResidentSetSize of job (KB)
...
006 (324.000.000) 03/23 15:49:49 Image size of job updated: 13721832
	13243  -  MemoryUsage of job (MB)
	13560688  -  ResidentSetSize of job (KB)
...
006 (324.000.000) 03/23 15:54:49 Image size of job updated: 13831928
	13293  -  MemoryUsage of job (MB)
	13611112  -  ResidentSetSize of job (KB)
...
006 (324.000.000) 03/23 15:59:50 Image size of job updated: 14115788
	13369  -  MemoryUsage of job (MB)
	13689260  -  ResidentSetSize of job (KB)
...
006 (324.000.000) 03/23 16:04:51 Image size of job updated: 14122112
	13381  -  MemoryUsage of job (MB)
	13701924  -  ResidentSetSize of job (KB)
...
006 (324.000.000) 03/23 16:09:51 Image size of job updated: 14124324
	13381  -  MemoryUsage of job (MB)
	13701924  -  ResidentSetSize of job (KB)
...
006 (324.000.000) 03/23 16:14:52 Image size of job updated: 14125344
	13381  -  MemoryUsage of job (MB)
	13701924  -  ResidentSetSize of job (KB)
...
006 (324.000.000) 03/23 16:19:52 Image size of job updated: 14125696
	13381  -  MemoryUsage of job (MB)
	13701924  -  ResidentSetSize of job (KB)
...
006 (324.000.000) 03/23 16:24:53 Image size of job updated: 14127204
	13381  -  MemoryUsage of job (MB)
	13701924  -  ResidentSetSize of job (KB)
...
006 (324.000.000) 03/23 16:34:54 Image size of job updated: 14127596
	13381  -  MemoryUsage of job (MB)
	13701924  -  ResidentSetSize of job (KB)
...
006 (324.000.000) 03/23 16:39:54 Image size of job updated: 14128336
	13787  -  MemoryUsage of job (MB)
	14117564  -  ResidentSetSize of job (KB)
...
006 (324.000.000) 03/23 16:49:56 Image size of job updated: 14329580
	13787  -  MemoryUsage of job (MB)
	14117564  -  ResidentSetSize of job (KB)
...
006 (324.000.000) 03/23 16:54:56 Image size of job updated: 14498704
	13827  -  MemoryUsage of job (MB)
	14158696  -  ResidentSetSize of job (KB)
...
006 (324.000.000) 03/23 16:59:56 Image size of job updated: 14498704
	13829  -  MemoryUsage of job (MB)
	14160144  -  ResidentSetSize of job (KB)
...
004 (324.000.000) 03/23 18:54:00 Job was evicted.
	(0) Job was not checkpointed.
		Usr 0 03:56:15, Sys 0 00:07:34  -  Run Remote Usage
		Usr 0 00:00:00, Sys 0 00:00:00  -  Run Local Usage
	0  -  Run Bytes Sent By Job
	0  -  Run Bytes Received By Job
	Partitionable Resources :    Usage  Request Allocated
	   Cpus                 :                 1         1
	   Disk (KB)            :        7        7   1508240
	   Memory (MB)          :    13829    15360     15360
...
001 (324.000.000) 03/23 18:59:58 Job executing on host: <10.33.133.6:9618?addrs=10.33.133.6-9618+[--1]-9618&noUDP&sock=1231_f12c_3>
...
004 (324.000.000) 03/23 19:05:32 Job was evicted.
	(0) Job was not checkpointed.
		Usr 0 00:04:54, Sys 0 00:00:20  -  Run Remote Usage
		Usr 0 00:00:00, Sys 0 00:00:00  -  Run Local Usage
	0  -  Run Bytes Sent By Job
	0  -  Run Bytes Received By Job
	Partitionable Resources :    Usage  Request Allocated
	   Cpus                 :                 1         1
	   Disk (KB)            :        7        7   1501590
	   Memory (MB)          :    14649    15360     15360
...
001 (324.000.000) 03/23 19:06:23 Job executing on host: <10.33.133.70:9618?addrs=10.33.133.70-9618+[--1]-9618&noUDP&sock=1350_90f1_3>
...
005 (324.000.000) 03/23 20:00:48 Job terminated.
	(1) Normal termination (return value 0)
		Usr 0 00:53:20, Sys 0 00:00:43  -  Run Remote Usage
		Usr 0 00:00:00, Sys 0 00:00:00  -  Run Local Usage
		Usr 0 00:53:20, Sys 0 00:00:43  -  Total Remote Usage
		Usr 0 00:00:00, Sys 0 00:00:00  -  Total Local Usage
	0  -  Run Bytes Sent By Job
	0  -  Run Bytes Received By Job
	0  -  Total Bytes Sent By Job
	0  -  Total Bytes Received By Job
	Partitionable Resources :    Usage  Request Allocated
	   Cpus                 :                 1         1
	   Disk (KB)            :        7        7  39037235
	   Gpus                 :                           0
	   Memory (MB)          :    14649    15360     15360
...
000 (376.000.000) 03/24 12:49:48 Job submitted from host: <10.33.133.154:9618?addrs=10.33.133.154-9618+[--1]-9618&noUDP&sock=29983_6c2f_3>
    DAG Node: topic_generation23
...
001 (376.000.000) 03/24 12:50:26 Job executing on host: <10.33.133.195:9618?addrs=10.33.133.195-9618+[--1]-9618&noUDP&sock=1249_49e0_3>
...
006 (376.000.000) 03/24 12:50:35 Image size of job updated: 121500
	113  -  MemoryUsage of job (MB)
	115548  -  ResidentSetSize of job (KB)
...
006 (376.000.000) 03/24 12:55:36 Image size of job updated: 13491012
	13169  -  MemoryUsage of job (MB)
	13485044  -  ResidentSetSize of job (KB)
...
006 (376.000.000) 03/24 13:00:36 Image size of job updated: 13491060
	13170  -  MemoryUsage of job (MB)
	13485092  -  ResidentSetSize of job (KB)
...
006 (376.000.000) 03/24 13:15:38 Image size of job updated: 13491068
	13170  -  MemoryUsage of job (MB)
	13485100  -  ResidentSetSize of job (KB)
...
006 (376.000.000) 03/24 13:25:40 Image size of job updated: 13491116
	13170  -  MemoryUsage of job (MB)
	13485148  -  ResidentSetSize of job (KB)
...
006 (376.000.000) 03/24 13:30:40 Image size of job updated: 13491144
	13170  -  MemoryUsage of job (MB)
	13485176  -  ResidentSetSize of job (KB)
...
006 (376.000.000) 03/24 13:50:43 Image size of job updated: 13713340
	13170  -  MemoryUsage of job (MB)
	13485176  -  ResidentSetSize of job (KB)
...
006 (376.000.000) 03/24 13:55:44 Image size of job updated: 13819872
	13170  -  MemoryUsage of job (MB)
	13485176  -  ResidentSetSize of job (KB)
...
006 (376.000.000) 03/24 14:00:44 Image size of job updated: 13918872
	13170  -  MemoryUsage of job (MB)
	13485176  -  ResidentSetSize of job (KB)
...
006 (376.000.000) 03/24 14:05:45 Image size of job updated: 13924696
	13170  -  MemoryUsage of job (MB)
	13485176  -  ResidentSetSize of job (KB)
...
006 (376.000.000) 03/24 14:10:46 Image size of job updated: 13927416
	13170  -  MemoryUsage of job (MB)
	13485176  -  ResidentSetSize of job (KB)
...
006 (376.000.000) 03/24 14:15:47 Image size of job updated: 14328768
	13246  -  MemoryUsage of job (MB)
	13562956  -  ResidentSetSize of job (KB)
...
006 (376.000.000) 03/24 14:40:49 Image size of job updated: 14328768
	13726  -  MemoryUsage of job (MB)
	14055020  -  ResidentSetSize of job (KB)
...
006 (376.000.000) 03/24 14:55:51 Image size of job updated: 14328768
	13733  -  MemoryUsage of job (MB)
	14061812  -  ResidentSetSize of job (KB)
...
004 (376.000.000) 03/24 14:57:09 Job was evicted.
	(0) Job was not checkpointed.
		Usr 0 02:02:47, Sys 0 00:03:13  -  Run Remote Usage
		Usr 0 00:00:00, Sys 0 00:00:00  -  Run Local Usage
	0  -  Run Bytes Sent By Job
	0  -  Run Bytes Received By Job
	Partitionable Resources :    Usage  Request Allocated
	   Cpus                 :                 1         1
	   Disk (KB)            :        7        7   1507483
	   Memory (MB)          :    13733    15360     15360
...
001 (376.000.000) 03/24 15:00:50 Job executing on host: <10.33.133.197:9618?addrs=10.33.133.197-9618+[--1]-9618&noUDP&sock=1243_2c4f_3>
...
004 (376.000.000) 03/24 15:22:27 Job was evicted.
	(0) Job was not checkpointed.
		Usr 0 00:20:37, Sys 0 00:00:31  -  Run Remote Usage
		Usr 0 00:00:00, Sys 0 00:00:00  -  Run Local Usage
	0  -  Run Bytes Sent By Job
	0  -  Run Bytes Received By Job
	Partitionable Resources :    Usage  Request Allocated
	   Cpus                 :                 1         1
	   Disk (KB)            :        7        7   1414612
	   Memory (MB)          :    14649    15360     15360
...
001 (376.000.000) 03/24 15:23:13 Job executing on host: <10.33.133.6:9618?addrs=10.33.133.6-9618+[--1]-9618&noUDP&sock=1231_f12c_3>
...
004 (376.000.000) 03/24 15:32:28 Job was evicted.
	(0) Job was not checkpointed.
		Usr 0 00:05:30, Sys 0 00:00:20  -  Run Remote Usage
		Usr 0 00:00:00, Sys 0 00:00:00  -  Run Local Usage
	0  -  Run Bytes Sent By Job
	0  -  Run Bytes Received By Job
	Partitionable Resources :    Usage  Request Allocated
	   Cpus                 :                 1         1
	   Disk (KB)            :        7        7   1501591
	   Memory (MB)          :    14649    15360     15360
...
001 (376.000.000) 03/24 15:35:53 Job executing on host: <10.33.133.50:9618?addrs=10.33.133.50-9618+[--1]-9618&noUDP&sock=1251_a911_3>
...
004 (376.000.000) 03/24 17:20:44 Job was evicted.
	(0) Job was not checkpointed.
		Usr 0 00:17:37, Sys 0 00:00:36  -  Run Remote Usage
		Usr 0 00:00:00, Sys 0 00:00:00  -  Run Local Usage
	0  -  Run Bytes Sent By Job
	0  -  Run Bytes Received By Job
	Partitionable Resources :    Usage  Request Allocated
	   Cpus                 :                 1         1
	   Disk (KB)            :        7        7   1351991
	   Memory (MB)          :    14649    15360     15360
...
001 (376.000.000) 03/24 17:22:45 Job executing on host: <10.33.137.117:9618?addrs=10.33.137.117-9618+[--1]-9618&noUDP&sock=1601_bb37_3>
...
005 (376.000.000) 03/24 18:21:50 Job terminated.
	(1) Normal termination (return value 0)
		Usr 0 00:57:27, Sys 0 00:01:15  -  Run Remote Usage
		Usr 0 00:00:00, Sys 0 00:00:00  -  Run Local Usage
		Usr 0 00:57:27, Sys 0 00:01:15  -  Total Remote Usage
		Usr 0 00:00:00, Sys 0 00:00:00  -  Total Local Usage
	0  -  Run Bytes Sent By Job
	0  -  Run Bytes Received By Job
	0  -  Total Bytes Sent By Job
	0  -  Total Bytes Received By Job
	Partitionable Resources :    Usage  Request Allocated
	   Cpus                 :                 1         1
	   Disk (KB)            :        7        7   2163671
	   Gpus                 :                           0
	   Memory (MB)          :    14649    15360     15360
...
