000 (322.000.000) 03/23 14:48:51 Job submitted from host: <10.33.133.154:9618?addrs=10.33.133.154-9618+[--1]-9618&noUDP&sock=29983_6c2f_3>
    DAG Node: topic_generation21
...
001 (322.000.000) 03/23 14:49:32 Job executing on host: <10.33.133.196:9618?addrs=10.33.133.196-9618+[--1]-9618&noUDP&sock=1257_c6a2_3>
...
006 (322.000.000) 03/23 14:49:41 Image size of job updated: 100308
	88  -  MemoryUsage of job (MB)
	89956  -  ResidentSetSize of job (KB)
...
006 (322.000.000) 03/23 14:54:42 Image size of job updated: 13678644
	13347  -  MemoryUsage of job (MB)
	13666996  -  ResidentSetSize of job (KB)
...
006 (322.000.000) 03/23 14:59:43 Image size of job updated: 13713008
	13381  -  MemoryUsage of job (MB)
	13701360  -  ResidentSetSize of job (KB)
...
006 (322.000.000) 03/23 15:04:43 Image size of job updated: 13724248
	13392  -  MemoryUsage of job (MB)
	13712600  -  ResidentSetSize of job (KB)
...
006 (322.000.000) 03/23 15:09:44 Image size of job updated: 13735532
	13403  -  MemoryUsage of job (MB)
	13723884  -  ResidentSetSize of job (KB)
...
006 (322.000.000) 03/23 15:14:44 Image size of job updated: 13745412
	13414  -  MemoryUsage of job (MB)
	13735060  -  ResidentSetSize of job (KB)
...
006 (322.000.000) 03/23 15:19:45 Image size of job updated: 13745412
	13422  -  MemoryUsage of job (MB)
	13744000  -  ResidentSetSize of job (KB)
...
006 (322.000.000) 03/23 15:34:46 Image size of job updated: 13745412
	13422  -  MemoryUsage of job (MB)
	13744012  -  ResidentSetSize of job (KB)
...
006 (322.000.000) 03/23 15:44:47 Image size of job updated: 13745980
	13423  -  MemoryUsage of job (MB)
	13744360  -  ResidentSetSize of job (KB)
...
006 (322.000.000) 03/23 15:49:47 Image size of job updated: 13747592
	13423  -  MemoryUsage of job (MB)
	13744948  -  ResidentSetSize of job (KB)
...
006 (322.000.000) 03/23 15:54:48 Image size of job updated: 13749208
	13423  -  MemoryUsage of job (MB)
	13744948  -  ResidentSetSize of job (KB)
...
006 (322.000.000) 03/23 15:59:48 Image size of job updated: 13750824
	13423  -  MemoryUsage of job (MB)
	13744948  -  ResidentSetSize of job (KB)
...
006 (322.000.000) 03/23 16:04:49 Image size of job updated: 13752452
	13423  -  MemoryUsage of job (MB)
	13744948  -  ResidentSetSize of job (KB)
...
006 (322.000.000) 03/23 16:09:50 Image size of job updated: 13754316
	13423  -  MemoryUsage of job (MB)
	13744948  -  ResidentSetSize of job (KB)
...
006 (322.000.000) 03/23 16:14:50 Image size of job updated: 14051652
	13621  -  MemoryUsage of job (MB)
	13947660  -  ResidentSetSize of job (KB)
...
006 (322.000.000) 03/23 16:19:51 Image size of job updated: 14158028
	13738  -  MemoryUsage of job (MB)
	14067324  -  ResidentSetSize of job (KB)
...
006 (322.000.000) 03/23 16:24:52 Image size of job updated: 15163980
	13953  -  MemoryUsage of job (MB)
	14287088  -  ResidentSetSize of job (KB)
...
006 (322.000.000) 03/23 16:29:52 Image size of job updated: 15163980
	13953  -  MemoryUsage of job (MB)
	14287872  -  ResidentSetSize of job (KB)
...
004 (322.000.000) 03/23 18:24:02 Job was evicted.
	(0) Job was not checkpointed.
		Usr 0 03:23:17, Sys 0 00:10:18  -  Run Remote Usage
		Usr 0 00:00:00, Sys 0 00:00:00  -  Run Local Usage
	0  -  Run Bytes Sent By Job
	0  -  Run Bytes Received By Job
	Partitionable Resources :    Usage  Request Allocated
	   Cpus                 :                 1         1
	   Disk (KB)            :        7        7   1495563
	   Memory (MB)          :    13953    15360     15360
...
001 (322.000.000) 03/23 18:25:03 Job executing on host: <10.33.133.6:9618?addrs=10.33.133.6-9618+[--1]-9618&noUDP&sock=1231_f12c_3>
...
004 (322.000.000) 03/23 18:52:19 Job was evicted.
	(0) Job was not checkpointed.
		Usr 0 00:26:33, Sys 0 00:00:41  -  Run Remote Usage
		Usr 0 00:00:00, Sys 0 00:00:00  -  Run Local Usage
	0  -  Run Bytes Sent By Job
	0  -  Run Bytes Received By Job
	Partitionable Resources :    Usage  Request Allocated
	   Cpus                 :                 1         1
	   Disk (KB)            :        7        7   1501590
	   Memory (MB)          :    14649    15360     15360
...
001 (322.000.000) 03/23 18:54:02 Job executing on host: <10.33.133.196:9618?addrs=10.33.133.196-9618+[--1]-9618&noUDP&sock=1257_c6a2_3>
...
004 (322.000.000) 03/23 19:05:58 Job was evicted.
	(0) Job was not checkpointed.
		Usr 0 00:11:24, Sys 0 00:00:25  -  Run Remote Usage
		Usr 0 00:00:00, Sys 0 00:00:00  -  Run Local Usage
	0  -  Run Bytes Sent By Job
	0  -  Run Bytes Received By Job
	Partitionable Resources :    Usage  Request Allocated
	   Cpus                 :                 1         1
	   Disk (KB)            :        7        7   1495563
	   Memory (MB)          :    14649    15360     15360
...
001 (322.000.000) 03/23 19:06:21 Job executing on host: <10.33.133.70:9618?addrs=10.33.133.70-9618+[--1]-9618&noUDP&sock=1350_90f1_3>
...
006 (322.000.000) 03/23 19:36:32 Image size of job updated: 17500000
	14669  -  MemoryUsage of job (MB)
	15020504  -  ResidentSetSize of job (KB)
...
006 (322.000.000) 03/23 19:41:33 Image size of job updated: 17500000
	14671  -  MemoryUsage of job (MB)
	15022552  -  ResidentSetSize of job (KB)
...
006 (322.000.000) 03/23 20:06:36 Image size of job updated: 17500000
	14761  -  MemoryUsage of job (MB)
	15114712  -  ResidentSetSize of job (KB)
...
006 (322.000.000) 03/23 20:36:39 Image size of job updated: 17500000
	14771  -  MemoryUsage of job (MB)
	15124952  -  ResidentSetSize of job (KB)
...
005 (322.000.000) 03/23 20:52:44 Job terminated.
	(1) Normal termination (return value 0)
		Usr 0 01:42:41, Sys 0 00:03:00  -  Run Remote Usage
		Usr 0 00:00:00, Sys 0 00:00:00  -  Run Local Usage
		Usr 0 01:42:41, Sys 0 00:03:00  -  Total Remote Usage
		Usr 0 00:00:00, Sys 0 00:00:00  -  Total Local Usage
	0  -  Run Bytes Sent By Job
	0  -  Run Bytes Received By Job
	0  -  Total Bytes Sent By Job
	0  -  Total Bytes Received By Job
	Partitionable Resources :    Usage  Request Allocated
	   Cpus                 :                 1         1
	   Disk (KB)            :        7        7  39037235
	   Gpus                 :                           0
	   Memory (MB)          :    14771    15360     15360
...
