000 (301.000.000) 03/23 14:48:29 Job submitted from host: <10.33.133.154:9618?addrs=10.33.133.154-9618+[--1]-9618&noUDP&sock=29983_6c2f_3>
    DAG Node: topic_generation0
...
001 (301.000.000) 03/23 14:48:49 Job executing on host: <10.33.133.166:9618?addrs=10.33.133.166-9618+[--1]-9618&noUDP&sock=29604_75ca_3>
...
006 (301.000.000) 03/23 14:48:57 Image size of job updated: 27392
	22  -  MemoryUsage of job (MB)
	21648  -  ResidentSetSize of job (KB)
...
006 (301.000.000) 03/23 14:53:57 Image size of job updated: 13797740
	13468  -  MemoryUsage of job (MB)
	13790236  -  ResidentSetSize of job (KB)
...
006 (301.000.000) 03/23 14:58:57 Image size of job updated: 13851948
	13520  -  MemoryUsage of job (MB)
	13844444  -  ResidentSetSize of job (KB)
...
006 (301.000.000) 03/23 15:03:58 Image size of job updated: 13862132
	13530  -  MemoryUsage of job (MB)
	13854628  -  ResidentSetSize of job (KB)
...
006 (301.000.000) 03/23 15:08:58 Image size of job updated: 13872260
	13540  -  MemoryUsage of job (MB)
	13864756  -  ResidentSetSize of job (KB)
...
006 (301.000.000) 03/23 15:13:58 Image size of job updated: 13882016
	13550  -  MemoryUsage of job (MB)
	13874808  -  ResidentSetSize of job (KB)
...
006 (301.000.000) 03/23 15:18:58 Image size of job updated: 13892136
	13560  -  MemoryUsage of job (MB)
	13884928  -  ResidentSetSize of job (KB)
...
006 (301.000.000) 03/23 15:23:59 Image size of job updated: 13904344
	13572  -  MemoryUsage of job (MB)
	13897100  -  ResidentSetSize of job (KB)
...
006 (301.000.000) 03/23 16:24:06 Image size of job updated: 14013652
	13601  -  MemoryUsage of job (MB)
	13927268  -  ResidentSetSize of job (KB)
...
006 (301.000.000) 03/23 16:29:07 Image size of job updated: 14056152
	13643  -  MemoryUsage of job (MB)
	13969768  -  ResidentSetSize of job (KB)
...
006 (301.000.000) 03/23 16:34:08 Image size of job updated: 14056152
	13646  -  MemoryUsage of job (MB)
	13973276  -  ResidentSetSize of job (KB)
...
006 (301.000.000) 03/23 16:49:09 Image size of job updated: 14060768
	13647  -  MemoryUsage of job (MB)
	13974384  -  ResidentSetSize of job (KB)
...
006 (301.000.000) 03/23 16:54:09 Image size of job updated: 14060768
	13649  -  MemoryUsage of job (MB)
	13976444  -  ResidentSetSize of job (KB)
...
005 (301.000.000) 03/23 17:50:08 Job terminated.
	(1) Normal termination (return value 0)
		Usr 0 02:53:25, Sys 0 00:05:50  -  Run Remote Usage
		Usr 0 00:00:00, Sys 0 00:00:00  -  Run Local Usage
		Usr 0 02:53:25, Sys 0 00:05:50  -  Total Remote Usage
		Usr 0 00:00:00, Sys 0 00:00:00  -  Total Local Usage
	0  -  Run Bytes Sent By Job
	0  -  Run Bytes Received By Job
	0  -  Total Bytes Sent By Job
	0  -  Total Bytes Received By Job
	Partitionable Resources :    Usage  Request Allocated
	   Cpus                 :                 1         1
	   Disk (KB)            :        7        7    705669
	   Gpus                 :                           0
	   Memory (MB)          :    13649    15360     15360
...
