000 (304.000.000) 03/23 14:48:29 Job submitted from host: <10.33.133.154:9618?addrs=10.33.133.154-9618+[--1]-9618&noUDP&sock=29983_6c2f_3>
    DAG Node: topic_generation3
...
001 (304.000.000) 03/23 14:49:27 Job executing on host: <10.33.133.114:9618?addrs=10.33.133.114-9618+[--1]-9618&noUDP&sock=3728_ad28_3>
...
006 (304.000.000) 03/23 14:49:36 Image size of job updated: 760660
	737  -  MemoryUsage of job (MB)
	754620  -  ResidentSetSize of job (KB)
...
010 (304.000.000) 03/23 14:53:40 Job was suspended.
	Number of processes actually suspended: 2
...
006 (304.000.000) 03/23 14:53:41 Image size of job updated: 9678344
	8870  -  MemoryUsage of job (MB)
	9081900  -  ResidentSetSize of job (KB)
...
011 (304.000.000) 03/23 15:18:07 Job was unsuspended.
...
010 (304.000.000) 03/23 15:19:15 Job was suspended.
	Number of processes actually suspended: 2
...
006 (304.000.000) 03/23 15:19:15 Image size of job updated: 10242284
	8870  -  MemoryUsage of job (MB)
	9081900  -  ResidentSetSize of job (KB)
...
006 (304.000.000) 03/23 15:19:39 Image size of job updated: 10242288
	8870  -  MemoryUsage of job (MB)
	9081900  -  ResidentSetSize of job (KB)
...
011 (304.000.000) 03/23 16:11:50 Job was unsuspended.
...
006 (304.000.000) 03/23 16:12:01 Image size of job updated: 10242320
	8870  -  MemoryUsage of job (MB)
	9081900  -  ResidentSetSize of job (KB)
...
006 (304.000.000) 03/23 16:14:44 Image size of job updated: 13014884
	9173  -  MemoryUsage of job (MB)
	9392220  -  ResidentSetSize of job (KB)
...
006 (304.000.000) 03/23 16:19:44 Image size of job updated: 13523620
	9337  -  MemoryUsage of job (MB)
	9560868  -  ResidentSetSize of job (KB)
...
006 (304.000.000) 03/23 16:24:44 Image size of job updated: 13523620
	10260  -  MemoryUsage of job (MB)
	10505520  -  ResidentSetSize of job (KB)
...
010 (304.000.000) 03/23 16:25:14 Job was suspended.
	Number of processes actually suspended: 2
...
011 (304.000.000) 03/23 16:29:25 Job was unsuspended.
...
006 (304.000.000) 03/23 16:29:45 Image size of job updated: 13523620
	10288  -  MemoryUsage of job (MB)
	10534636  -  ResidentSetSize of job (KB)
...
006 (304.000.000) 03/23 16:34:46 Image size of job updated: 13526864
	11561  -  MemoryUsage of job (MB)
	11837972  -  ResidentSetSize of job (KB)
...
006 (304.000.000) 03/23 16:39:47 Image size of job updated: 13526896
	11561  -  MemoryUsage of job (MB)
	11837972  -  ResidentSetSize of job (KB)
...
006 (304.000.000) 03/23 16:44:48 Image size of job updated: 13531168
	11561  -  MemoryUsage of job (MB)
	11837972  -  ResidentSetSize of job (KB)
...
006 (304.000.000) 03/23 16:49:49 Image size of job updated: 13829712
	11561  -  MemoryUsage of job (MB)
	11837972  -  ResidentSetSize of job (KB)
...
010 (304.000.000) 03/23 16:52:00 Job was suspended.
	Number of processes actually suspended: 2
...
006 (304.000.000) 03/23 16:52:00 Image size of job updated: 13846508
	11561  -  MemoryUsage of job (MB)
	11837972  -  ResidentSetSize of job (KB)
...
006 (304.000.000) 03/23 16:54:49 Image size of job updated: 13846512
	11561  -  MemoryUsage of job (MB)
	11837972  -  ResidentSetSize of job (KB)
...
011 (304.000.000) 03/23 16:59:13 Job was unsuspended.
...
005 (304.000.000) 03/23 17:06:08 Job terminated.
	(1) Normal termination (return value 0)
		Usr 0 00:23:29, Sys 0 00:00:36  -  Run Remote Usage
		Usr 0 00:00:00, Sys 0 00:00:00  -  Run Local Usage
		Usr 0 00:23:29, Sys 0 00:00:36  -  Total Remote Usage
		Usr 0 00:00:00, Sys 0 00:00:00  -  Total Local Usage
	0  -  Run Bytes Sent By Job
	0  -  Run Bytes Received By Job
	0  -  Total Bytes Sent By Job
	0  -  Total Bytes Received By Job
	Partitionable Resources :    Usage  Request Allocated
	   Cpus                 :                 1         1
	   Disk (KB)            :        7        7   3894472
	   Gpus                 :                           0
	   Memory (MB)          :    11561    15360     15360
...
000 (356.000.000) 03/24 12:49:26 Job submitted from host: <10.33.133.154:9618?addrs=10.33.133.154-9618+[--1]-9618&noUDP&sock=29983_6c2f_3>
    DAG Node: topic_generation3
...
001 (356.000.000) 03/24 12:49:45 Job executing on host: <10.33.133.165:9618?addrs=10.33.133.165-9618+[--1]-9618&noUDP&sock=1294_27a3_3>
...
006 (356.000.000) 03/24 12:49:53 Image size of job updated: 114548
	107  -  MemoryUsage of job (MB)
	109408  -  ResidentSetSize of job (KB)
...
006 (356.000.000) 03/24 12:54:53 Image size of job updated: 13468672
	13148  -  MemoryUsage of job (MB)
	13463532  -  ResidentSetSize of job (KB)
...
006 (356.000.000) 03/24 12:59:53 Image size of job updated: 13468736
	13149  -  MemoryUsage of job (MB)
	13463596  -  ResidentSetSize of job (KB)
...
006 (356.000.000) 03/24 13:14:55 Image size of job updated: 13468744
	13149  -  MemoryUsage of job (MB)
	13463604  -  ResidentSetSize of job (KB)
...
006 (356.000.000) 03/24 13:24:56 Image size of job updated: 13468832
	13149  -  MemoryUsage of job (MB)
	13463692  -  ResidentSetSize of job (KB)
...
006 (356.000.000) 03/24 13:29:56 Image size of job updated: 13468836
	13149  -  MemoryUsage of job (MB)
	13463696  -  ResidentSetSize of job (KB)
...
006 (356.000.000) 03/24 13:39:57 Image size of job updated: 13468864
	13149  -  MemoryUsage of job (MB)
	13463696  -  ResidentSetSize of job (KB)
...
006 (356.000.000) 03/24 13:44:57 Image size of job updated: 13473076
	13152  -  MemoryUsage of job (MB)
	13467068  -  ResidentSetSize of job (KB)
...
006 (356.000.000) 03/24 13:49:58 Image size of job updated: 13635000
	13310  -  MemoryUsage of job (MB)
	13628592  -  ResidentSetSize of job (KB)
...
006 (356.000.000) 03/24 13:54:58 Image size of job updated: 13651984
	13326  -  MemoryUsage of job (MB)
	13645536  -  ResidentSetSize of job (KB)
...
006 (356.000.000) 03/24 13:59:59 Image size of job updated: 13651984
	13326  -  MemoryUsage of job (MB)
	13645564  -  ResidentSetSize of job (KB)
...
005 (356.000.000) 03/24 14:28:02 Job terminated.
	(1) Normal termination (return value 0)
		Usr 0 01:37:19, Sys 0 00:00:35  -  Run Remote Usage
		Usr 0 00:00:00, Sys 0 00:00:00  -  Run Local Usage
		Usr 0 01:37:19, Sys 0 00:00:35  -  Total Remote Usage
		Usr 0 00:00:00, Sys 0 00:00:00  -  Total Local Usage
	0  -  Run Bytes Sent By Job
	0  -  Run Bytes Received By Job
	0  -  Total Bytes Sent By Job
	0  -  Total Bytes Received By Job
	Partitionable Resources :    Usage  Request Allocated
	   Cpus                 :                 1         1
	   Disk (KB)            :        7        7    936563
	   Memory (MB)          :    13326    15360     15360
...
