000 (306.000.000) 03/23 14:48:34 Job submitted from host: <10.33.133.154:9618?addrs=10.33.133.154-9618+[--1]-9618&noUDP&sock=29983_6c2f_3>
    DAG Node: topic_generation5
...
001 (306.000.000) 03/23 14:49:02 Job executing on host: <10.33.137.117:9618?addrs=10.33.137.117-9618+[--1]-9618&noUDP&sock=10168_fb11_3>
...
006 (306.000.000) 03/23 14:49:11 Image size of job updated: 539860
	522  -  MemoryUsage of job (MB)
	534468  -  ResidentSetSize of job (KB)
...
010 (306.000.000) 03/23 14:53:43 Job was suspended.
	Number of processes actually suspended: 2
...
006 (306.000.000) 03/23 14:53:43 Image size of job updated: 13507708
	11730  -  MemoryUsage of job (MB)
	12011380  -  ResidentSetSize of job (KB)
...
011 (306.000.000) 03/23 15:01:53 Job was unsuspended.
...
006 (306.000.000) 03/23 15:04:13 Image size of job updated: 13511740
	11730  -  MemoryUsage of job (MB)
	12011380  -  ResidentSetSize of job (KB)
...
006 (306.000.000) 03/23 15:09:15 Image size of job updated: 13515856
	11730  -  MemoryUsage of job (MB)
	12011380  -  ResidentSetSize of job (KB)
...
006 (306.000.000) 03/23 15:14:15 Image size of job updated: 13975848
	11730  -  MemoryUsage of job (MB)
	12011380  -  ResidentSetSize of job (KB)
...
005 (306.000.000) 03/23 15:20:59 Job terminated.
	(1) Normal termination (return value 0)
		Usr 0 00:20:03, Sys 0 00:00:25  -  Run Remote Usage
		Usr 0 00:00:00, Sys 0 00:00:00  -  Run Local Usage
		Usr 0 00:20:03, Sys 0 00:00:25  -  Total Remote Usage
		Usr 0 00:00:00, Sys 0 00:00:00  -  Total Local Usage
	0  -  Run Bytes Sent By Job
	0  -  Run Bytes Received By Job
	0  -  Total Bytes Sent By Job
	0  -  Total Bytes Received By Job
	Partitionable Resources :    Usage  Request Allocated
	   Cpus                 :                 1         1
	   Disk (KB)            :        7        7   2163671
	   Gpus                 :                           0
	   Memory (MB)          :    11730    15360     15360
...
