000 (581.000.000) 03/30 13:26:16 Job submitted from host: <10.33.133.154:9618?addrs=10.33.133.154-9618+[--1]-9618&noUDP&sock=1370_48d6_3>
    DAG Node: topic_generation18b
...
001 (581.000.000) 03/30 16:52:03 Job executing on host: <10.33.133.57:9618?addrs=10.33.133.57-9618+[--1]-9618&noUDP&sock=1384_e32a_3>
...
006 (581.000.000) 03/30 16:52:11 Image size of job updated: 267320
	244  -  MemoryUsage of job (MB)
	248904  -  ResidentSetSize of job (KB)
...
006 (581.000.000) 03/30 16:57:11 Image size of job updated: 1598292
	1247  -  MemoryUsage of job (MB)
	1276544  -  ResidentSetSize of job (KB)
...
006 (581.000.000) 03/30 17:02:11 Image size of job updated: 1606708
	1255  -  MemoryUsage of job (MB)
	1284960  -  ResidentSetSize of job (KB)
...
006 (581.000.000) 03/30 17:07:12 Image size of job updated: 1614384
	1263  -  MemoryUsage of job (MB)
	1292636  -  ResidentSetSize of job (KB)
...
006 (581.000.000) 03/30 17:12:13 Image size of job updated: 1614764
	1263  -  MemoryUsage of job (MB)
	1293016  -  ResidentSetSize of job (KB)
...
006 (581.000.000) 03/30 17:17:13 Image size of job updated: 1615232
	1264  -  MemoryUsage of job (MB)
	1293484  -  ResidentSetSize of job (KB)
...
006 (581.000.000) 03/30 17:22:13 Image size of job updated: 1615380
	1264  -  MemoryUsage of job (MB)
	1293624  -  ResidentSetSize of job (KB)
...
006 (581.000.000) 03/30 17:27:13 Image size of job updated: 1615400
	1264  -  MemoryUsage of job (MB)
	1293644  -  ResidentSetSize of job (KB)
...
006 (581.000.000) 03/30 17:32:14 Image size of job updated: 1615404
	1264  -  MemoryUsage of job (MB)
	1293648  -  ResidentSetSize of job (KB)
...
006 (581.000.000) 03/30 17:42:15 Image size of job updated: 1623060
	1271  -  MemoryUsage of job (MB)
	1301304  -  ResidentSetSize of job (KB)
...
006 (581.000.000) 03/30 17:47:15 Image size of job updated: 1623132
	1271  -  MemoryUsage of job (MB)
	1301376  -  ResidentSetSize of job (KB)
...
006 (581.000.000) 03/30 17:52:15 Image size of job updated: 1623144
	1271  -  MemoryUsage of job (MB)
	1301388  -  ResidentSetSize of job (KB)
...
006 (581.000.000) 03/30 17:57:16 Image size of job updated: 1623340
	1272  -  MemoryUsage of job (MB)
	1301584  -  ResidentSetSize of job (KB)
...
006 (581.000.000) 03/30 18:02:17 Image size of job updated: 1630868
	1279  -  MemoryUsage of job (MB)
	1309112  -  ResidentSetSize of job (KB)
...
005 (581.000.000) 03/30 18:06:47 Job terminated.
	(1) Normal termination (return value 0)
		Usr 0 00:51:40, Sys 0 00:05:50  -  Run Remote Usage
		Usr 0 00:00:00, Sys 0 00:00:00  -  Run Local Usage
		Usr 0 00:51:40, Sys 0 00:05:50  -  Total Remote Usage
		Usr 0 00:00:00, Sys 0 00:00:00  -  Total Local Usage
	0  -  Run Bytes Sent By Job
	0  -  Run Bytes Received By Job
	0  -  Total Bytes Sent By Job
	0  -  Total Bytes Received By Job
	Partitionable Resources :    Usage  Request Allocated
	   Cpus                 :                 1         1
	   Disk (KB)            :        7        7  35755233
	   Gpus                 :                 1         1
	   Memory (MB)          :     1279    14336     14336
...
