000 (600.000.000) 03/30 20:36:32 Job submitted from host: <10.33.133.154:9618?addrs=10.33.133.154-9618+[--1]-9618&noUDP&sock=1370_48d6_3>
    DAG Node: topic_generation22b
...
001 (600.000.000) 03/31 00:15:52 Job executing on host: <10.33.133.236:9618?addrs=10.33.133.236-9618+[--1]-9618&noUDP&sock=1523_3ad4_3>
...
006 (600.000.000) 03/31 00:16:01 Image size of job updated: 289808
	284  -  MemoryUsage of job (MB)
	289808  -  ResidentSetSize of job (KB)
...
006 (600.000.000) 03/31 00:21:02 Image size of job updated: 1785660
	1487  -  MemoryUsage of job (MB)
	1522492  -  ResidentSetSize of job (KB)
...
006 (600.000.000) 03/31 00:26:02 Image size of job updated: 1795144
	1497  -  MemoryUsage of job (MB)
	1531976  -  ResidentSetSize of job (KB)
...
006 (600.000.000) 03/31 00:31:03 Image size of job updated: 1795160
	1497  -  MemoryUsage of job (MB)
	1531992  -  ResidentSetSize of job (KB)
...
006 (600.000.000) 03/31 00:36:04 Image size of job updated: 1795936
	1497  -  MemoryUsage of job (MB)
	1532768  -  ResidentSetSize of job (KB)
...
006 (600.000.000) 03/31 00:41:04 Image size of job updated: 1796708
	1498  -  MemoryUsage of job (MB)
	1533540  -  ResidentSetSize of job (KB)
...
006 (600.000.000) 03/31 00:56:06 Image size of job updated: 1796820
	1498  -  MemoryUsage of job (MB)
	1533652  -  ResidentSetSize of job (KB)
...
006 (600.000.000) 03/31 01:11:07 Image size of job updated: 1797076
	1498  -  MemoryUsage of job (MB)
	1533908  -  ResidentSetSize of job (KB)
...
006 (600.000.000) 03/31 01:16:08 Image size of job updated: 1797600
	1499  -  MemoryUsage of job (MB)
	1534432  -  ResidentSetSize of job (KB)
...
006 (600.000.000) 03/31 01:21:08 Image size of job updated: 1797860
	1499  -  MemoryUsage of job (MB)
	1534692  -  ResidentSetSize of job (KB)
...
006 (600.000.000) 03/31 01:31:10 Image size of job updated: 1798380
	1500  -  MemoryUsage of job (MB)
	1535212  -  ResidentSetSize of job (KB)
...
006 (600.000.000) 03/31 02:01:12 Image size of job updated: 1798944
	1500  -  MemoryUsage of job (MB)
	1535776  -  ResidentSetSize of job (KB)
...
006 (600.000.000) 03/31 02:16:13 Image size of job updated: 1799700
	1501  -  MemoryUsage of job (MB)
	1536532  -  ResidentSetSize of job (KB)
...
006 (600.000.000) 03/31 02:31:14 Image size of job updated: 1799996
	1501  -  MemoryUsage of job (MB)
	1536828  -  ResidentSetSize of job (KB)
...
006 (600.000.000) 03/31 02:41:15 Image size of job updated: 1801244
	1503  -  MemoryUsage of job (MB)
	1538076  -  ResidentSetSize of job (KB)
...
006 (600.000.000) 03/31 02:51:16 Image size of job updated: 1802196
	1503  -  MemoryUsage of job (MB)
	1539028  -  ResidentSetSize of job (KB)
...
006 (600.000.000) 03/31 02:56:15 Image size of job updated: 1938680
	1503  -  MemoryUsage of job (MB)
	1539028  -  ResidentSetSize of job (KB)
...
005 (600.000.000) 03/31 02:56:15 Job terminated.
	(1) Normal termination (return value 0)
		Usr 0 01:38:08, Sys 0 00:10:02  -  Run Remote Usage
		Usr 0 00:00:00, Sys 0 00:00:00  -  Run Local Usage
		Usr 0 01:38:08, Sys 0 00:10:02  -  Total Remote Usage
		Usr 0 00:00:00, Sys 0 00:00:00  -  Total Local Usage
	0  -  Run Bytes Sent By Job
	0  -  Run Bytes Received By Job
	0  -  Total Bytes Sent By Job
	0  -  Total Bytes Received By Job
	Partitionable Resources :    Usage  Request Allocated
	   Cpus                 :                 1         1
	   Disk (KB)            :        7        7   3345052
	   Gpus                 :                 1         1
	   Memory (MB)          :     1503    14336     14336
...
