000 (571.000.000) 03/30 12:14:57 Job submitted from host: <10.33.133.154:9618?addrs=10.33.133.154-9618+[--1]-9618&noUDP&sock=1370_48d6_3>
    DAG Node: topic_generation2b
...
001 (571.000.000) 03/30 13:31:59 Job executing on host: <10.33.133.111:9618?addrs=10.33.133.111-9618+[--1]-9618&noUDP&sock=1205_1bb6_3>
...
006 (571.000.000) 03/30 13:32:08 Image size of job updated: 96508
	64  -  MemoryUsage of job (MB)
	64756  -  ResidentSetSize of job (KB)
...
006 (571.000.000) 03/30 13:37:09 Image size of job updated: 1244196
	857  -  MemoryUsage of job (MB)
	877424  -  ResidentSetSize of job (KB)
...
006 (571.000.000) 03/30 13:42:09 Image size of job updated: 1253988
	867  -  MemoryUsage of job (MB)
	887216  -  ResidentSetSize of job (KB)
...
006 (571.000.000) 03/30 13:47:10 Image size of job updated: 1256648
	870  -  MemoryUsage of job (MB)
	889876  -  ResidentSetSize of job (KB)
...
006 (571.000.000) 03/30 13:52:10 Image size of job updated: 1259260
	872  -  MemoryUsage of job (MB)
	892488  -  ResidentSetSize of job (KB)
...
006 (571.000.000) 03/30 13:57:11 Image size of job updated: 1261532
	874  -  MemoryUsage of job (MB)
	894760  -  ResidentSetSize of job (KB)
...
006 (571.000.000) 03/30 14:02:12 Image size of job updated: 1263532
	876  -  MemoryUsage of job (MB)
	896760  -  ResidentSetSize of job (KB)
...
006 (571.000.000) 03/30 14:07:12 Image size of job updated: 1266320
	879  -  MemoryUsage of job (MB)
	899548  -  ResidentSetSize of job (KB)
...
006 (571.000.000) 03/30 14:12:13 Image size of job updated: 1266740
	879  -  MemoryUsage of job (MB)
	899968  -  ResidentSetSize of job (KB)
...
005 (571.000.000) 03/30 14:50:59 Job terminated.
	(1) Normal termination (return value 0)
		Usr 0 00:22:13, Sys 0 00:00:33  -  Run Remote Usage
		Usr 0 00:00:00, Sys 0 00:00:00  -  Run Local Usage
		Usr 0 00:22:13, Sys 0 00:00:33  -  Total Remote Usage
		Usr 0 00:00:00, Sys 0 00:00:00  -  Total Local Usage
	0  -  Run Bytes Sent By Job
	0  -  Run Bytes Received By Job
	0  -  Total Bytes Sent By Job
	0  -  Total Bytes Received By Job
	Partitionable Resources :    Usage  Request Allocated
	   Cpus                 :                 1         1
	   Disk (KB)            :        7        7  15768451
	   Gpus                 :                 1         1
	   Memory (MB)          :      879    14336     14336
...
