job started
Epoch: 1 Learning rate: 1.000
0.000 perplexity: 13482.287 speed: 932 wps
0.100 perplexity: 5782.061 speed: 16448 wps
0.200 perplexity: 5400.722 speed: 16668 wps
0.300 perplexity: 5141.770 speed: 16665 wps
0.400 perplexity: 4971.165 speed: 16455 wps
0.499 perplexity: 4843.961 speed: 16446 wps
0.599 perplexity: 4744.153 speed: 16431 wps
0.699 perplexity: 4665.609 speed: 16310 wps
0.799 perplexity: 4596.656 speed: 16321 wps
0.899 perplexity: 4537.049 speed: 16323 wps
0.999 perplexity: 4489.336 speed: 16249 wps
Epoch: 1 Train Perplexity: 4488.963
with(perplexity: 4531.296) speed: 20798 wps
Epoch: 1 Valid Perplexity: 4531.296
Epoch: 2 Learning rate: 1.000
0.000 perplexity: 4201.556 speed: 16726 wps
0.100 perplexity: 4035.430 speed: 16299 wps
0.200 perplexity: 4008.204 speed: 16310 wps
0.300 perplexity: 3997.192 speed: 16103 wps
0.400 perplexity: 3991.329 speed: 16156 wps
0.499 perplexity: 3983.026 speed: 16171 wps
0.599 perplexity: 3971.671 speed: 15737 wps
0.699 perplexity: 3961.927 speed: 15813 wps
0.799 perplexity: 3948.473 speed: 15876 wps
0.899 perplexity: 3934.649 speed: 15744 wps
0.999 perplexity: 3925.113 speed: 15792 wps
Epoch: 2 Train Perplexity: 3925.072
with(perplexity: 4253.608) speed: 24864 wps
Epoch: 2 Valid Perplexity: 4253.608
Epoch: 3 Learning rate: 1.000
0.000 perplexity: 3997.543 speed: 16652 wps
0.100 perplexity: 3808.878 speed: 16330 wps
0.200 perplexity: 3791.323 speed: 16011 wps
0.300 perplexity: 3788.767 speed: 16131 wps
0.400 perplexity: 3788.707 speed: 16193 wps
0.499 perplexity: 3787.069 speed: 16081 wps
0.599 perplexity: 3782.126 speed: 16127 wps
0.699 perplexity: 3778.361 speed: 16152 wps
0.799 perplexity: 3770.622 speed: 16159 wps
0.899 perplexity: 3762.251 speed: 16097 wps
0.999 perplexity: 3757.640 speed: 16113 wps
Epoch: 3 Train Perplexity: 3757.630
with(perplexity: 4115.637) speed: 25082 wps
Epoch: 3 Valid Perplexity: 4115.637
with(perplexity: 4126.096) speed: 267 wps
Test Perplexity: 4126.096
Saving model to /esat/spchtemp/scratch/wboes/SpeechHub/topic_experiments/output/topic_30/topic_30.
