000 (583.000.000) 03/30 13:40:01 Job submitted from host: <10.33.133.154:9618?addrs=10.33.133.154-9618+[--1]-9618&noUDP&sock=1370_48d6_3>
    DAG Node: topic_generation17b
...
001 (583.000.000) 03/30 20:08:20 Job executing on host: <10.33.133.139:9618?addrs=10.33.133.139-9618+[--1]-9618&noUDP&sock=1532_672e_3>
...
006 (583.000.000) 03/30 20:08:29 Image size of job updated: 142912
	103  -  MemoryUsage of job (MB)
	105048  -  ResidentSetSize of job (KB)
...
006 (583.000.000) 03/30 20:13:30 Image size of job updated: 1807564
	1414  -  MemoryUsage of job (MB)
	1447696  -  ResidentSetSize of job (KB)
...
006 (583.000.000) 03/30 20:18:30 Image size of job updated: 1807576
	1414  -  MemoryUsage of job (MB)
	1447708  -  ResidentSetSize of job (KB)
...
006 (583.000.000) 03/30 20:23:31 Image size of job updated: 1808352
	1415  -  MemoryUsage of job (MB)
	1448484  -  ResidentSetSize of job (KB)
...
006 (583.000.000) 03/30 20:28:31 Image size of job updated: 1809396
	1416  -  MemoryUsage of job (MB)
	1449528  -  ResidentSetSize of job (KB)
...
006 (583.000.000) 03/30 20:38:33 Image size of job updated: 1809736
	1416  -  MemoryUsage of job (MB)
	1449868  -  ResidentSetSize of job (KB)
...
006 (583.000.000) 03/30 20:43:34 Image size of job updated: 1810012
	1417  -  MemoryUsage of job (MB)
	1450144  -  ResidentSetSize of job (KB)
...
006 (583.000.000) 03/30 20:48:29 Image size of job updated: 1885836
	1417  -  MemoryUsage of job (MB)
	1450144  -  ResidentSetSize of job (KB)
...
005 (583.000.000) 03/30 20:48:29 Job terminated.
	(1) Normal termination (return value 0)
		Usr 0 00:21:17, Sys 0 00:01:27  -  Run Remote Usage
		Usr 0 00:00:00, Sys 0 00:00:00  -  Run Local Usage
		Usr 0 00:21:17, Sys 0 00:01:27  -  Total Remote Usage
		Usr 0 00:00:00, Sys 0 00:00:00  -  Total Local Usage
	0  -  Run Bytes Sent By Job
	0  -  Run Bytes Received By Job
	0  -  Total Bytes Sent By Job
	0  -  Total Bytes Received By Job
	Partitionable Resources :    Usage  Request Allocated
	   Cpus                 :                 1         1
	   Disk (KB)            :        7        7   2450979
	   Gpus                 :                 1         1
	   Memory (MB)          :     1417    14336     14336
...
