000 (585.000.000) 03/30 13:52:42 Job submitted from host: <10.33.133.154:9618?addrs=10.33.133.154-9618+[--1]-9618&noUDP&sock=1370_48d6_3>
    DAG Node: topic_generation1b
...
001 (585.000.000) 03/30 21:01:28 Job executing on host: <10.33.133.61:9618?addrs=10.33.133.61-9618+[--1]-9618&noUDP&sock=1175_87de_3>
...
006 (585.000.000) 03/30 21:01:36 Image size of job updated: 246904
	205  -  MemoryUsage of job (MB)
	209588  -  ResidentSetSize of job (KB)
...
006 (585.000.000) 03/30 21:06:36 Image size of job updated: 1343968
	962  -  MemoryUsage of job (MB)
	984452  -  ResidentSetSize of job (KB)
...
006 (585.000.000) 03/30 21:11:37 Image size of job updated: 1344732
	963  -  MemoryUsage of job (MB)
	985216  -  ResidentSetSize of job (KB)
...
006 (585.000.000) 03/30 21:16:37 Image size of job updated: 1345020
	963  -  MemoryUsage of job (MB)
	985504  -  ResidentSetSize of job (KB)
...
006 (585.000.000) 03/30 21:21:37 Image size of job updated: 1346300
	964  -  MemoryUsage of job (MB)
	986784  -  ResidentSetSize of job (KB)
...
006 (585.000.000) 03/30 21:56:40 Image size of job updated: 1346684
	965  -  MemoryUsage of job (MB)
	987168  -  ResidentSetSize of job (KB)
...
006 (585.000.000) 03/30 22:06:42 Image size of job updated: 1347460
	965  -  MemoryUsage of job (MB)
	987944  -  ResidentSetSize of job (KB)
...
005 (585.000.000) 03/30 22:21:29 Job terminated.
	(1) Normal termination (return value 0)
		Usr 0 00:44:45, Sys 0 00:01:18  -  Run Remote Usage
		Usr 0 00:00:00, Sys 0 00:00:00  -  Run Local Usage
		Usr 0 00:44:45, Sys 0 00:01:18  -  Total Remote Usage
		Usr 0 00:00:00, Sys 0 00:00:00  -  Total Local Usage
	0  -  Run Bytes Sent By Job
	0  -  Run Bytes Received By Job
	0  -  Total Bytes Sent By Job
	0  -  Total Bytes Received By Job
	Partitionable Resources :    Usage  Request Allocated
	   Cpus                 :                 1         1
	   Disk (KB)            :        7        7   9573783
	   Gpus                 :                 1         1
	   Memory (MB)          :      965    14336     14336
...
