000 (582.000.000) 03/30 13:36:45 Job submitted from host: <10.33.133.154:9618?addrs=10.33.133.154-9618+[--1]-9618&noUDP&sock=1370_48d6_3>
    DAG Node: topic_generation9b
...
001 (582.000.000) 03/30 19:48:20 Job executing on host: <10.33.133.204:9618?addrs=10.33.133.204-9618+[--1]-9618&noUDP&sock=1582_b2ea_3>
...
006 (582.000.000) 03/30 19:48:28 Image size of job updated: 291400
	248  -  MemoryUsage of job (MB)
	252952  -  ResidentSetSize of job (KB)
...
006 (582.000.000) 03/30 19:53:28 Image size of job updated: 1511644
	1090  -  MemoryUsage of job (MB)
	1116084  -  ResidentSetSize of job (KB)
...
006 (582.000.000) 03/30 19:58:29 Image size of job updated: 1517880
	1097  -  MemoryUsage of job (MB)
	1122320  -  ResidentSetSize of job (KB)
...
006 (582.000.000) 03/30 20:03:29 Image size of job updated: 1519252
	1098  -  MemoryUsage of job (MB)
	1123692  -  ResidentSetSize of job (KB)
...
006 (582.000.000) 03/30 20:13:30 Image size of job updated: 1519776
	1098  -  MemoryUsage of job (MB)
	1124216  -  ResidentSetSize of job (KB)
...
006 (582.000.000) 03/30 20:18:31 Image size of job updated: 1520220
	1099  -  MemoryUsage of job (MB)
	1124660  -  ResidentSetSize of job (KB)
...
010 (582.000.000) 03/30 20:23:13 Job was suspended.
	Number of processes actually suspended: 13
...
006 (582.000.000) 03/30 20:23:13 Image size of job updated: 1521320
	1100  -  MemoryUsage of job (MB)
	1125760  -  ResidentSetSize of job (KB)
...
011 (582.000.000) 03/30 20:28:15 Job was unsuspended.
...
010 (582.000.000) 03/30 20:40:48 Job was suspended.
	Number of processes actually suspended: 0
...
011 (582.000.000) 03/30 20:47:11 Job was unsuspended.
...
010 (582.000.000) 03/30 20:49:41 Job was suspended.
	Number of processes actually suspended: 0
...
011 (582.000.000) 03/30 20:54:48 Job was unsuspended.
...
005 (582.000.000) 03/30 21:14:29 Job terminated.
	(1) Normal termination (return value 0)
		Usr 0 00:14:41, Sys 0 00:00:59  -  Run Remote Usage
		Usr 0 00:00:00, Sys 0 00:00:00  -  Run Local Usage
		Usr 0 00:14:41, Sys 0 00:00:59  -  Total Remote Usage
		Usr 0 00:00:00, Sys 0 00:00:00  -  Total Local Usage
	0  -  Run Bytes Sent By Job
	0  -  Run Bytes Received By Job
	0  -  Total Bytes Sent By Job
	0  -  Total Bytes Received By Job
	Partitionable Resources :    Usage  Request Allocated
	   Cpus                 :                 1         1
	   Disk (KB)            :        7        7   5298188
	   Gpus                 :                 1         1
	   Memory (MB)          :     1100    14336     14336
...
