job started
Epoch: 1 Learning rate: 1.000
0.000 perplexity: 51398.851 speed: 466 wps
0.100 perplexity: 25207.738 speed: 4293 wps
0.200 perplexity: 23956.675 speed: 4402 wps
0.300 perplexity: 23385.160 speed: 4444 wps
0.400 perplexity: 23096.298 speed: 4470 wps
0.499 perplexity: 22889.295 speed: 4480 wps
0.599 perplexity: 22750.681 speed: 4517 wps
0.699 perplexity: 22632.792 speed: 4500 wps
0.799 perplexity: 22526.265 speed: 4505 wps
0.899 perplexity: 22429.682 speed: 4492 wps
0.999 perplexity: 22344.910 speed: 4511 wps
Epoch: 1 Train Perplexity: 22344.492
with(perplexity: 22356.235) speed: 6324 wps
Epoch: 1 Valid Perplexity: 22356.235
Epoch: 2 Learning rate: 1.000
0.000 perplexity: 22130.891 speed: 7015 wps
0.100 perplexity: 21550.748 speed: 4971 wps
0.200 perplexity: 21488.706 speed: 4719 wps
0.300 perplexity: 21444.723 speed: 4682 wps
0.400 perplexity: 21442.708 speed: 4689 wps
0.499 perplexity: 21424.110 speed: 4688 wps
0.599 perplexity: 21421.084 speed: 4677 wps
0.699 perplexity: 21405.891 speed: 4720 wps
0.799 perplexity: 21383.444 speed: 4708 wps
0.899 perplexity: 21358.465 speed: 4695 wps
0.999 perplexity: 21337.355 speed: 4685 wps
Epoch: 2 Train Perplexity: 21337.518
with(perplexity: 21857.649) speed: 7404 wps
Epoch: 2 Valid Perplexity: 21857.649
Epoch: 3 Learning rate: 1.000
0.000 perplexity: 21655.942 speed: 9244 wps
0.100 perplexity: 21141.018 speed: 4795 wps
0.200 perplexity: 21105.504 speed: 4753 wps
0.300 perplexity: 21078.362 speed: 4684 wps
0.400 perplexity: 21089.030 speed: 4721 wps
0.499 perplexity: 21084.125 speed: 4740 wps
0.599 perplexity: 21093.930 speed: 4675 wps
0.699 perplexity: 21090.788 speed: 4686 wps
0.799 perplexity: 21077.252 speed: 4668 wps
0.899 perplexity: 21061.753 speed: 4661 wps
0.999 perplexity: 21049.679 speed: 4670 wps
Epoch: 3 Train Perplexity: 21049.858
with(perplexity: 21670.390) speed: 6867 wps
Epoch: 3 Valid Perplexity: 21670.390
with(perplexity: 21777.160) speed: 54 wps
Test Perplexity: 21777.160
Saving model to /esat/spchtemp/scratch/wboes/SpeechHub/topic_experiments/output/topic_27/topic_27.
