000 (597.000.000) 03/30 17:24:15 Job submitted from host: <10.33.133.154:9618?addrs=10.33.133.154-9618+[--1]-9618&noUDP&sock=1370_48d6_3>
    DAG Node: topic_generation23b
...
001 (597.000.000) 03/30 23:46:49 Job executing on host: <10.33.133.111:9618?addrs=10.33.133.111-9618+[--1]-9618&noUDP&sock=1205_1bb6_3>
...
006 (597.000.000) 03/30 23:46:58 Image size of job updated: 259480
	217  -  MemoryUsage of job (MB)
	222168  -  ResidentSetSize of job (KB)
...
006 (597.000.000) 03/30 23:51:59 Image size of job updated: 1975900
	1579  -  MemoryUsage of job (MB)
	1615880  -  ResidentSetSize of job (KB)
...
006 (597.000.000) 03/30 23:57:00 Image size of job updated: 1976444
	1579  -  MemoryUsage of job (MB)
	1616424  -  ResidentSetSize of job (KB)
...
006 (597.000.000) 03/31 00:02:00 Image size of job updated: 1977728
	1580  -  MemoryUsage of job (MB)
	1617708  -  ResidentSetSize of job (KB)
...
006 (597.000.000) 03/31 00:17:02 Image size of job updated: 1978348
	1581  -  MemoryUsage of job (MB)
	1618328  -  ResidentSetSize of job (KB)
...
006 (597.000.000) 03/31 00:22:03 Image size of job updated: 1978352
	1581  -  MemoryUsage of job (MB)
	1618332  -  ResidentSetSize of job (KB)
...
006 (597.000.000) 03/31 00:27:04 Image size of job updated: 1978864
	1581  -  MemoryUsage of job (MB)
	1618844  -  ResidentSetSize of job (KB)
...
006 (597.000.000) 03/31 00:37:05 Image size of job updated: 1978872
	1581  -  MemoryUsage of job (MB)
	1618852  -  ResidentSetSize of job (KB)
...
006 (597.000.000) 03/31 00:42:05 Image size of job updated: 1979384
	1582  -  MemoryUsage of job (MB)
	1619364  -  ResidentSetSize of job (KB)
...
006 (597.000.000) 03/31 01:12:09 Image size of job updated: 1979404
	1582  -  MemoryUsage of job (MB)
	1619384  -  ResidentSetSize of job (KB)
...
006 (597.000.000) 03/31 01:32:11 Image size of job updated: 1979664
	1582  -  MemoryUsage of job (MB)
	1619644  -  ResidentSetSize of job (KB)
...
006 (597.000.000) 03/31 01:40:27 Image size of job updated: 1980552
	1582  -  MemoryUsage of job (MB)
	1619644  -  ResidentSetSize of job (KB)
...
005 (597.000.000) 03/31 01:40:28 Job terminated.
	(1) Normal termination (return value 0)
		Usr 0 01:04:57, Sys 0 00:07:31  -  Run Remote Usage
		Usr 0 00:00:00, Sys 0 00:00:00  -  Run Local Usage
		Usr 0 01:04:57, Sys 0 00:07:31  -  Total Remote Usage
		Usr 0 00:00:00, Sys 0 00:00:00  -  Total Local Usage
	0  -  Run Bytes Sent By Job
	0  -  Run Bytes Received By Job
	0  -  Total Bytes Sent By Job
	0  -  Total Bytes Received By Job
	Partitionable Resources :    Usage  Request Allocated
	   Cpus                 :                 1         1
	   Disk (KB)            :        7        7  15768451
	   Gpus                 :                 1         1
	   Memory (MB)          :     1582    14336     14336
...
