job started
Epoch: 1 Learning rate: 1.000
0.000 perplexity: 103236.216 speed: 2490 wps
0.100 perplexity: 13488.253 speed: 7267 wps
0.200 perplexity: 12841.863 speed: 7238 wps
0.300 perplexity: 12554.425 speed: 7248 wps
0.400 perplexity: 12402.458 speed: 7305 wps
0.499 perplexity: 12274.361 speed: 7282 wps
0.599 perplexity: 12179.206 speed: 7291 wps
0.699 perplexity: 12097.440 speed: 7272 wps
0.799 perplexity: 12035.298 speed: 7245 wps
0.899 perplexity: 11973.679 speed: 7234 wps
0.999 perplexity: 11918.342 speed: 7196 wps
Epoch: 1 Train Perplexity: 11917.974
with(perplexity: 11076.955) speed: 9256 wps
Epoch: 1 Valid Perplexity: 11076.955
Epoch: 2 Learning rate: 1.000
0.000 perplexity: 11661.969 speed: 7531 wps
0.100 perplexity: 11426.798 speed: 7530 wps
0.200 perplexity: 11382.078 speed: 7400 wps
0.300 perplexity: 11360.876 speed: 7352 wps
0.400 perplexity: 11368.886 speed: 7335 wps
0.499 perplexity: 11357.842 speed: 7345 wps
0.599 perplexity: 11348.768 speed: 7318 wps
0.699 perplexity: 11335.392 speed: 7307 wps
0.799 perplexity: 11326.839 speed: 7368 wps
0.899 perplexity: 11310.058 speed: 7408 wps
0.999 perplexity: 11294.240 speed: 7447 wps
Epoch: 2 Train Perplexity: 11294.203
with(perplexity: 10795.914) speed: 11521 wps
Epoch: 2 Valid Perplexity: 10795.914
Epoch: 3 Learning rate: 1.000
0.000 perplexity: 11534.813 speed: 7757 wps
0.100 perplexity: 11146.837 speed: 7903 wps
0.200 perplexity: 11113.162 speed: 7855 wps
0.300 perplexity: 11102.349 speed: 7844 wps
0.400 perplexity: 11117.396 speed: 7855 wps
0.499 perplexity: 11114.733 speed: 7838 wps
0.599 perplexity: 11112.780 speed: 7840 wps
0.699 perplexity: 11106.189 speed: 7830 wps
0.799 perplexity: 11103.451 speed: 7817 wps
0.899 perplexity: 11093.134 speed: 7817 wps
0.999 perplexity: 11083.482 speed: 7808 wps
Epoch: 3 Train Perplexity: 11083.496
with(perplexity: 10642.373) speed: 11448 wps
Epoch: 3 Valid Perplexity: 10642.373
with(perplexity: 10873.547) speed: 191 wps
Test Perplexity: 10873.547
Saving model to /esat/spchtemp/scratch/wboes/SpeechHub/topic_experiments/output/topic_26/topic_26.
