000 (586.000.000) 03/30 14:25:37 Job submitted from host: <10.33.133.154:9618?addrs=10.33.133.154-9618+[--1]-9618&noUDP&sock=1370_48d6_3>
    DAG Node: topic_generation16b
...
001 (586.000.000) 03/30 21:22:31 Job executing on host: <10.33.133.204:9618?addrs=10.33.133.204-9618+[--1]-9618&noUDP&sock=1582_b2ea_3>
...
010 (586.000.000) 03/30 21:22:36 Job was suspended.
	Number of processes actually suspended: 3
...
006 (586.000.000) 03/30 21:22:36 Image size of job updated: 382080
	374  -  MemoryUsage of job (MB)
	381968  -  ResidentSetSize of job (KB)
...
011 (586.000.000) 03/30 21:37:40 Job was unsuspended.
...
006 (586.000.000) 03/30 21:37:40 Image size of job updated: 382452
	374  -  MemoryUsage of job (MB)
	382340  -  ResidentSetSize of job (KB)
...
004 (586.000.000) 03/30 21:37:40 Job was evicted.
	(0) Job was not checkpointed.
		Usr 0 00:00:01, Sys 0 00:00:00  -  Run Remote Usage
		Usr 0 00:00:00, Sys 0 00:00:00  -  Run Local Usage
	0  -  Run Bytes Sent By Job
	0  -  Run Bytes Received By Job
	Partitionable Resources :    Usage  Request Allocated
	   Cpus                 :                 1         1
	   Disk (KB)            :        7        7   5298188
	   Gpus                 :                 1         1
	   Memory (MB)          :      374    14336     14336
...
001 (586.000.000) 03/30 22:12:38 Job executing on host: <10.33.133.111:9618?addrs=10.33.133.111-9618+[--1]-9618&noUDP&sock=1205_1bb6_3>
...
006 (586.000.000) 03/30 22:17:46 Image size of job updated: 1655216
	1266  -  MemoryUsage of job (MB)
	1295428  -  ResidentSetSize of job (KB)
...
006 (586.000.000) 03/30 22:22:47 Image size of job updated: 1656028
	1266  -  MemoryUsage of job (MB)
	1296240  -  ResidentSetSize of job (KB)
...
006 (586.000.000) 03/30 22:27:47 Image size of job updated: 1656292
	1267  -  MemoryUsage of job (MB)
	1296504  -  ResidentSetSize of job (KB)
...
006 (586.000.000) 03/30 22:32:48 Image size of job updated: 1657320
	1268  -  MemoryUsage of job (MB)
	1297532  -  ResidentSetSize of job (KB)
...
006 (586.000.000) 03/30 22:37:48 Image size of job updated: 1658100
	1268  -  MemoryUsage of job (MB)
	1298312  -  ResidentSetSize of job (KB)
...
006 (586.000.000) 03/30 22:47:49 Image size of job updated: 1658208
	1268  -  MemoryUsage of job (MB)
	1298420  -  ResidentSetSize of job (KB)
...
006 (586.000.000) 03/30 22:57:50 Image size of job updated: 1658464
	1269  -  MemoryUsage of job (MB)
	1298676  -  ResidentSetSize of job (KB)
...
010 (586.000.000) 03/30 22:59:11 Job was suspended.
	Number of processes actually suspended: 13
...
011 (586.000.000) 03/30 23:14:16 Job was unsuspended.
...
004 (586.000.000) 03/30 23:14:16 Job was evicted.
	(0) Job was not checkpointed.
		Usr 0 00:26:33, Sys 0 00:02:04  -  Run Remote Usage
		Usr 0 00:00:00, Sys 0 00:00:00  -  Run Local Usage
	0  -  Run Bytes Sent By Job
	0  -  Run Bytes Received By Job
	Partitionable Resources :    Usage  Request Allocated
	   Cpus                 :                 1         1
	   Disk (KB)            :        7        7  15768451
	   Gpus                 :                 1         1
	   Memory (MB)          :     1269    14336     14336
...
001 (586.000.000) 03/30 23:32:48 Job executing on host: <10.33.133.70:9618?addrs=10.33.133.70-9618+[--1]-9618&noUDP&sock=1350_90f1_3>
...
005 (586.000.000) 03/31 00:44:31 Job terminated.
	(1) Normal termination (return value 0)
		Usr 0 00:51:04, Sys 0 00:05:41  -  Run Remote Usage
		Usr 0 00:00:00, Sys 0 00:00:00  -  Run Local Usage
		Usr 0 00:51:04, Sys 0 00:05:41  -  Total Remote Usage
		Usr 0 00:00:00, Sys 0 00:00:00  -  Total Local Usage
	0  -  Run Bytes Sent By Job
	0  -  Run Bytes Received By Job
	0  -  Total Bytes Sent By Job
	0  -  Total Bytes Received By Job
	Partitionable Resources :    Usage  Request Allocated
	   Cpus                 :                 1         1
	   Disk (KB)            :        7        7  39037253
	   Gpus                 :                 1         1
	   Memory (MB)          :     1465    14336     14336
...
