job started
Epoch: 1 Learning rate: 1.000
0.000 perplexity: 59122.428 speed: 1251 wps
0.100 perplexity: 10831.961 speed: 21339 wps
0.200 perplexity: 10294.363 speed: 21616 wps
0.300 perplexity: 10002.661 speed: 21710 wps
0.400 perplexity: 9839.387 speed: 21741 wps
0.499 perplexity: 9712.091 speed: 21595 wps
0.599 perplexity: 9602.318 speed: 21618 wps
0.699 perplexity: 9510.338 speed: 21637 wps
0.799 perplexity: 9422.308 speed: 21651 wps
0.899 perplexity: 9345.485 speed: 21561 wps
0.999 perplexity: 9283.475 speed: 21580 wps
Epoch: 1 Train Perplexity: 9283.003
with(perplexity: 9859.378) speed: 28598 wps
Epoch: 1 Valid Perplexity: 9859.378
Epoch: 2 Learning rate: 1.000
0.000 perplexity: 8964.428 speed: 21121 wps
0.100 perplexity: 8644.245 speed: 21751 wps
0.200 perplexity: 8621.170 speed: 21754 wps
0.300 perplexity: 8600.710 speed: 21505 wps
0.400 perplexity: 8597.136 speed: 21568 wps
0.499 perplexity: 8590.166 speed: 21600 wps
0.599 perplexity: 8577.687 speed: 21620 wps
0.699 perplexity: 8566.234 speed: 21519 wps
0.799 perplexity: 8547.166 speed: 21550 wps
0.899 perplexity: 8528.782 speed: 21569 wps
0.999 perplexity: 8517.579 speed: 21586 wps
Epoch: 2 Train Perplexity: 8517.550
with(perplexity: 9476.145) speed: 30460 wps
Epoch: 2 Valid Perplexity: 9476.145
Epoch: 3 Learning rate: 1.000
0.000 perplexity: 8639.824 speed: 20977 wps
0.100 perplexity: 8341.683 speed: 20887 wps
0.200 perplexity: 8333.533 speed: 21310 wps
0.300 perplexity: 8322.220 speed: 21450 wps
0.400 perplexity: 8327.216 speed: 21508 wps
0.499 perplexity: 8328.134 speed: 21552 wps
0.599 perplexity: 8323.144 speed: 21446 wps
0.699 perplexity: 8319.349 speed: 21481 wps
0.799 perplexity: 8306.807 speed: 21507 wps
0.899 perplexity: 8294.650 speed: 21527 wps
0.999 perplexity: 8289.531 speed: 21462 wps
Epoch: 3 Train Perplexity: 8289.583
with(perplexity: 9284.365) speed: 30285 wps
Epoch: 3 Valid Perplexity: 9284.365
with(perplexity: 9242.690) speed: 305 wps
Test Perplexity: 9242.690
Saving model to /esat/spchtemp/scratch/wboes/SpeechHub/topic_experiments/output/topic_17/topic_17.
