job started
Epoch: 1 Learning rate: 1.000
0.000 perplexity: 117148.044 speed: 805 wps
0.100 perplexity: 14498.058 speed: 9678 wps
0.200 perplexity: 13987.916 speed: 9673 wps
0.300 perplexity: 13778.803 speed: 9735 wps
0.400 perplexity: 13674.899 speed: 9710 wps
0.499 perplexity: 13588.411 speed: 9741 wps
0.599 perplexity: 13538.974 speed: 9722 wps
0.699 perplexity: 13474.018 speed: 9741 wps
0.799 perplexity: 13418.373 speed: 9731 wps
0.899 perplexity: 13337.595 speed: 9744 wps
0.999 perplexity: 13266.390 speed: 9732 wps
Epoch: 1 Train Perplexity: 13265.941
with(perplexity: 10177.094) speed: 13503 wps
Epoch: 1 Valid Perplexity: 10177.094
Epoch: 2 Learning rate: 1.000
0.000 perplexity: 12824.939 speed: 9992 wps
0.100 perplexity: 12641.420 speed: 9868 wps
0.200 perplexity: 12554.368 speed: 9765 wps
0.300 perplexity: 12536.772 speed: 9799 wps
0.400 perplexity: 12521.997 speed: 9763 wps
0.499 perplexity: 12520.145 speed: 9781 wps
0.599 perplexity: 12529.924 speed: 9757 wps
0.699 perplexity: 12509.484 speed: 9772 wps
0.799 perplexity: 12509.044 speed: 9754 wps
0.899 perplexity: 12495.014 speed: 9740 wps
0.999 perplexity: 12480.420 speed: 9751 wps
Epoch: 2 Train Perplexity: 12480.443
with(perplexity: 9990.872) speed: 13658 wps
Epoch: 2 Valid Perplexity: 9990.872
Epoch: 3 Learning rate: 1.000
0.000 perplexity: 12525.226 speed: 9858 wps
0.100 perplexity: 12324.904 speed: 9625 wps
0.200 perplexity: 12254.816 speed: 9742 wps
0.300 perplexity: 12242.088 speed: 9710 wps
0.400 perplexity: 12223.472 speed: 9742 wps
0.499 perplexity: 12221.917 speed: 9720 wps
0.599 perplexity: 12231.579 speed: 9739 wps
0.699 perplexity: 12215.647 speed: 9724 wps
0.799 perplexity: 12216.886 speed: 9738 wps
0.899 perplexity: 12207.789 speed: 9725 wps
0.999 perplexity: 12199.047 speed: 9736 wps
Epoch: 3 Train Perplexity: 12199.103
with(perplexity: 9821.774) speed: 13625 wps
Epoch: 3 Valid Perplexity: 9821.774
with(perplexity: 11225.792) speed: 156 wps
Test Perplexity: 11225.792
Saving model to /esat/spchtemp/scratch/wboes/SpeechHub/topic_experiments/output/topic_11/topic_11.
