000 (570.000.000) 03/30 12:14:01 Job submitted from host: <10.33.133.154:9618?addrs=10.33.133.154-9618+[--1]-9618&noUDP&sock=1370_48d6_3>
    DAG Node: topic_generation26b
...
001 (570.000.000) 03/30 12:14:13 Job executing on host: <10.33.133.10:9618?addrs=10.33.133.10-9618+[--1]-9618&noUDP&sock=17248_4597_3>
...
006 (570.000.000) 03/30 12:14:22 Image size of job updated: 406944
	366  -  MemoryUsage of job (MB)
	373940  -  ResidentSetSize of job (KB)
...
006 (570.000.000) 03/30 12:19:22 Image size of job updated: 2004920
	1590  -  MemoryUsage of job (MB)
	1627564  -  ResidentSetSize of job (KB)
...
006 (570.000.000) 03/30 12:24:23 Image size of job updated: 2015464
	1600  -  MemoryUsage of job (MB)
	1638108  -  ResidentSetSize of job (KB)
...
006 (570.000.000) 03/30 12:29:24 Image size of job updated: 2024368
	1609  -  MemoryUsage of job (MB)
	1647012  -  ResidentSetSize of job (KB)
...
006 (570.000.000) 03/30 12:34:24 Image size of job updated: 2032880
	1617  -  MemoryUsage of job (MB)
	1655524  -  ResidentSetSize of job (KB)
...
006 (570.000.000) 03/30 12:39:25 Image size of job updated: 2043528
	1628  -  MemoryUsage of job (MB)
	1666172  -  ResidentSetSize of job (KB)
...
006 (570.000.000) 03/30 12:49:26 Image size of job updated: 2052276
	1636  -  MemoryUsage of job (MB)
	1674920  -  ResidentSetSize of job (KB)
...
006 (570.000.000) 03/30 12:54:27 Image size of job updated: 2052620
	1636  -  MemoryUsage of job (MB)
	1675264  -  ResidentSetSize of job (KB)
...
006 (570.000.000) 03/30 12:59:27 Image size of job updated: 2061284
	1645  -  MemoryUsage of job (MB)
	1683928  -  ResidentSetSize of job (KB)
...
006 (570.000.000) 03/30 13:04:28 Image size of job updated: 2068952
	1652  -  MemoryUsage of job (MB)
	1691596  -  ResidentSetSize of job (KB)
...
006 (570.000.000) 03/30 13:09:28 Image size of job updated: 2079544
	1663  -  MemoryUsage of job (MB)
	1702188  -  ResidentSetSize of job (KB)
...
006 (570.000.000) 03/30 13:14:29 Image size of job updated: 2087972
	1671  -  MemoryUsage of job (MB)
	1710616  -  ResidentSetSize of job (KB)
...
006 (570.000.000) 03/30 13:19:30 Image size of job updated: 2095932
	1679  -  MemoryUsage of job (MB)
	1718576  -  ResidentSetSize of job (KB)
...
006 (570.000.000) 03/30 13:24:30 Image size of job updated: 2104952
	1688  -  MemoryUsage of job (MB)
	1727596  -  ResidentSetSize of job (KB)
...
006 (570.000.000) 03/30 13:34:31 Image size of job updated: 2112436
	1695  -  MemoryUsage of job (MB)
	1735080  -  ResidentSetSize of job (KB)
...
006 (570.000.000) 03/30 13:44:32 Image size of job updated: 2119804
	1702  -  MemoryUsage of job (MB)
	1742448  -  ResidentSetSize of job (KB)
...
006 (570.000.000) 03/30 13:49:33 Image size of job updated: 2129900
	1712  -  MemoryUsage of job (MB)
	1752544  -  ResidentSetSize of job (KB)
...
006 (570.000.000) 03/30 13:59:34 Image size of job updated: 2138488
	1720  -  MemoryUsage of job (MB)
	1761132  -  ResidentSetSize of job (KB)
...
006 (570.000.000) 03/30 14:03:13 Image size of job updated: 2262576
	1720  -  MemoryUsage of job (MB)
	1761132  -  ResidentSetSize of job (KB)
...
005 (570.000.000) 03/30 14:03:13 Job terminated.
	(1) Normal termination (return value 0)
		Usr 0 01:45:14, Sys 0 00:11:25  -  Run Remote Usage
		Usr 0 00:00:00, Sys 0 00:00:00  -  Run Local Usage
		Usr 0 01:45:14, Sys 0 00:11:25  -  Total Remote Usage
		Usr 0 00:00:00, Sys 0 00:00:00  -  Total Local Usage
	0  -  Run Bytes Sent By Job
	0  -  Run Bytes Received By Job
	0  -  Total Bytes Sent By Job
	0  -  Total Bytes Received By Job
	Partitionable Resources :    Usage  Request Allocated
	   Cpus                 :                 1         1
	   Disk (KB)            :        7        7 200621383
	   Gpus                 :                 1         1
	   Memory (MB)          :     1720    14336     14336
...
