job started
Epoch: 1 Learning rate: 1.000
0.000 perplexity: 13793.074 speed: 1018 wps
0.100 perplexity: 9181.152 speed: 10024 wps
0.200 perplexity: 8874.912 speed: 9944 wps
0.300 perplexity: 8677.597 speed: 9986 wps
0.400 perplexity: 8551.762 speed: 9978 wps
0.499 perplexity: 8429.404 speed: 10018 wps
0.599 perplexity: 8326.767 speed: 9995 wps
0.699 perplexity: 8239.222 speed: 10018 wps
0.799 perplexity: 8161.033 speed: 10011 wps
0.899 perplexity: 8095.219 speed: 10031 wps
0.999 perplexity: 8039.888 speed: 10025 wps
Epoch: 1 Train Perplexity: 8039.550
with(perplexity: 8320.998) speed: 12228 wps
Epoch: 1 Valid Perplexity: 8320.998
Epoch: 2 Learning rate: 1.000
0.000 perplexity: 8150.180 speed: 10340 wps
0.100 perplexity: 7484.640 speed: 10202 wps
0.200 perplexity: 7449.553 speed: 10075 wps
0.300 perplexity: 7433.320 speed: 10110 wps
0.400 perplexity: 7440.258 speed: 10073 wps
0.499 perplexity: 7432.243 speed: 10095 wps
0.599 perplexity: 7422.687 speed: 10073 wps
0.699 perplexity: 7410.818 speed: 10088 wps
0.799 perplexity: 7396.351 speed: 10070 wps
0.899 perplexity: 7382.980 speed: 10083 wps
0.999 perplexity: 7372.848 speed: 10069 wps
Epoch: 2 Train Perplexity: 7372.920
with(perplexity: 7955.161) speed: 12400 wps
Epoch: 2 Valid Perplexity: 7955.161
Epoch: 3 Learning rate: 1.000
0.000 perplexity: 8000.300 speed: 10190 wps
0.100 perplexity: 7229.059 speed: 10163 wps
0.200 perplexity: 7201.344 speed: 10053 wps
0.300 perplexity: 7194.771 speed: 10092 wps
0.400 perplexity: 7208.157 speed: 10064 wps
0.499 perplexity: 7207.267 speed: 10085 wps
0.599 perplexity: 7205.004 speed: 10062 wps
0.699 perplexity: 7199.656 speed: 10079 wps
0.799 perplexity: 7191.424 speed: 10064 wps
0.899 perplexity: 7183.984 speed: 10076 wps
0.999 perplexity: 7179.182 speed: 8278 wps
Epoch: 3 Train Perplexity: 7179.303
with(perplexity: 7768.558) speed: 12442 wps
Epoch: 3 Valid Perplexity: 7768.558
with(perplexity: 7994.726) speed: 161 wps
Test Perplexity: 7994.726
Saving model to /esat/spchtemp/scratch/wboes/SpeechHub/topic_experiments/output/topic_7/topic_7.
