job started
Epoch: 1 Learning rate: 1.000
0.000 perplexity: 46314.201 speed: 3035 wps
0.100 perplexity: 25263.094 speed: 11949 wps
0.200 perplexity: 24781.171 speed: 12008 wps
0.300 perplexity: 24529.436 speed: 11982 wps
0.400 perplexity: 24380.053 speed: 11982 wps
0.499 perplexity: 24247.563 speed: 11966 wps
0.599 perplexity: 24154.959 speed: 11970 wps
0.699 perplexity: 24075.498 speed: 11979 wps
0.799 perplexity: 23996.395 speed: 11969 wps
0.899 perplexity: 23923.867 speed: 11973 wps
0.999 perplexity: 23860.712 speed: 11965 wps
Epoch: 1 Train Perplexity: 23860.477
with(perplexity: 23902.300) speed: 13789 wps
Epoch: 1 Valid Perplexity: 23902.300
Epoch: 2 Learning rate: 1.000
0.000 perplexity: 23276.311 speed: 9999 wps
0.100 perplexity: 23323.822 speed: 12035 wps
0.200 perplexity: 23270.409 speed: 11977 wps
0.300 perplexity: 23241.788 speed: 11988 wps
0.400 perplexity: 23247.648 speed: 11966 wps
0.499 perplexity: 23236.278 speed: 11981 wps
0.599 perplexity: 23237.075 speed: 11989 wps
0.699 perplexity: 23232.068 speed: 11980 wps
0.799 perplexity: 23215.084 speed: 11985 wps
0.899 perplexity: 23194.183 speed: 11981 wps
0.999 perplexity: 23174.833 speed: 11988 wps
Epoch: 2 Train Perplexity: 23175.030
with(perplexity: 23584.329) speed: 13944 wps
Epoch: 2 Valid Perplexity: 23584.329
Epoch: 3 Learning rate: 1.000
0.000 perplexity: 23198.991 speed: 10687 wps
0.100 perplexity: 23034.411 speed: 11906 wps
0.200 perplexity: 22990.699 speed: 11974 wps
0.300 perplexity: 22967.584 speed: 11989 wps
0.400 perplexity: 22978.768 speed: 11974 wps
0.499 perplexity: 22972.356 speed: 11987 wps
0.599 perplexity: 22979.706 speed: 11979 wps
0.699 perplexity: 22979.438 speed: 11987 wps
0.799 perplexity: 22967.307 speed: 11979 wps
0.899 perplexity: 22950.433 speed: 11985 wps
0.999 perplexity: 22936.129 speed: 11990 wps
Epoch: 3 Train Perplexity: 22936.389
with(perplexity: 23375.394) speed: 13893 wps
Epoch: 3 Valid Perplexity: 23375.394
with(perplexity: 23435.527) speed: 391 wps
Test Perplexity: 23435.527
Saving model to /esat/spchtemp/scratch/wboes/SpeechHub/topic_experiments/output/topic_13/topic_13.
