job started
Epoch: 1 Learning rate: 1.000
0.000 perplexity: 160594.697 speed: 716 wps
0.100 perplexity: 12517.810 speed: 7241 wps
0.200 perplexity: 11801.720 speed: 7236 wps
0.300 perplexity: 11551.513 speed: 7229 wps
0.400 perplexity: 11433.420 speed: 7260 wps
0.499 perplexity: 11332.681 speed: 7247 wps
0.599 perplexity: 11264.844 speed: 7243 wps
0.699 perplexity: 11191.703 speed: 7258 wps
0.799 perplexity: 11103.636 speed: 7251 wps
0.899 perplexity: 10998.727 speed: 7246 wps
0.999 perplexity: 10905.529 speed: 7243 wps
Epoch: 1 Train Perplexity: 10904.902
with(perplexity: 8304.473) speed: 10422 wps
Epoch: 1 Valid Perplexity: 8304.473
Epoch: 2 Learning rate: 1.000
0.000 perplexity: 10222.616 speed: 7271 wps
0.100 perplexity: 10036.255 speed: 7344 wps
0.200 perplexity: 9956.992 speed: 7279 wps
0.300 perplexity: 9946.474 speed: 7256 wps
0.400 perplexity: 9930.374 speed: 7278 wps
0.499 perplexity: 9930.210 speed: 7262 wps
0.599 perplexity: 9933.989 speed: 7254 wps
0.699 perplexity: 9911.054 speed: 7247 wps
0.799 perplexity: 9901.852 speed: 7260 wps
0.899 perplexity: 9884.508 speed: 7254 wps
0.999 perplexity: 9871.762 speed: 7249 wps
Epoch: 2 Train Perplexity: 9871.829
with(perplexity: 8108.007) speed: 10958 wps
Epoch: 2 Valid Perplexity: 8108.007
Epoch: 3 Learning rate: 1.000
0.000 perplexity: 10008.287 speed: 7253 wps
0.100 perplexity: 9691.077 speed: 7341 wps
0.200 perplexity: 9645.166 speed: 7269 wps
0.300 perplexity: 9648.282 speed: 7245 wps
0.400 perplexity: 9636.993 speed: 7236 wps
0.499 perplexity: 9646.611 speed: 7256 wps
0.599 perplexity: 9655.304 speed: 7248 wps
0.699 perplexity: 9640.150 speed: 7242 wps
0.799 perplexity: 9635.283 speed: 7256 wps
0.899 perplexity: 9624.238 speed: 7251 wps
0.999 perplexity: 9617.100 speed: 7245 wps
Epoch: 3 Train Perplexity: 9617.195
with(perplexity: 7975.369) speed: 10974 wps
Epoch: 3 Valid Perplexity: 7975.369
with(perplexity: 9235.226) speed: 135 wps
Test Perplexity: 9235.226
Saving model to /esat/spchtemp/scratch/wboes/SpeechHub/topic_experiments/output/topic_25/topic_25.
