job started
Epoch: 1 Learning rate: 1.000
0.000 perplexity: 6853.115 speed: 2964 wps
0.100 perplexity: 6486.823 speed: 11140 wps
0.200 perplexity: 6455.459 speed: 11188 wps
0.300 perplexity: 6443.651 speed: 11147 wps
0.400 perplexity: 6445.013 speed: 11159 wps
0.499 perplexity: 6445.571 speed: 11143 wps
0.599 perplexity: 6444.473 speed: 11151 wps
0.699 perplexity: 6440.315 speed: 11143 wps
0.799 perplexity: 6432.545 speed: 11150 wps
0.899 perplexity: 6421.721 speed: 11142 wps
0.999 perplexity: 6415.134 speed: 11148 wps
Epoch: 1 Train Perplexity: 6415.124
with(perplexity: 6949.354) speed: 13517 wps
Epoch: 1 Valid Perplexity: 6949.354
Epoch: 2 Learning rate: 1.000
0.000 perplexity: 6691.388 speed: 9193 wps
0.100 perplexity: 6326.426 speed: 11096 wps
0.200 perplexity: 6299.364 speed: 11175 wps
0.300 perplexity: 6292.341 speed: 11194 wps
0.400 perplexity: 6296.383 speed: 11174 wps
0.499 perplexity: 6301.649 speed: 11188 wps
0.599 perplexity: 6305.030 speed: 11182 wps
0.699 perplexity: 6304.882 speed: 11191 wps
0.799 perplexity: 6301.122 speed: 11185 wps
0.899 perplexity: 6293.736 speed: 11192 wps
0.999 perplexity: 6290.633 speed: 11185 wps
Epoch: 2 Train Perplexity: 6290.677
with(perplexity: 6835.936) speed: 13680 wps
Epoch: 2 Valid Perplexity: 6835.936
Epoch: 3 Learning rate: 1.000
0.000 perplexity: 6665.420 speed: 8544 wps
0.100 perplexity: 6237.519 speed: 11226 wps
0.200 perplexity: 6214.309 speed: 11193 wps
0.300 perplexity: 6208.523 speed: 11216 wps
0.400 perplexity: 6213.278 speed: 11193 wps
0.499 perplexity: 6217.672 speed: 11204 wps
0.599 perplexity: 6221.359 speed: 11210 wps
0.699 perplexity: 6222.046 speed: 11198 wps
0.799 perplexity: 6218.614 speed: 11204 wps
0.899 perplexity: 6212.009 speed: 11198 wps
0.999 perplexity: 6209.703 speed: 11203 wps
Epoch: 3 Train Perplexity: 6209.758
with(perplexity: 6749.806) speed: 13721 wps
Epoch: 3 Valid Perplexity: 6749.806
with(perplexity: 6686.638) speed: 404 wps
Test Perplexity: 6686.638
Saving model to /esat/spchtemp/scratch/wboes/SpeechHub/topic_experiments/output/topic_16/topic_16.
