000 (584.000.000) 03/30 13:46:29 Job submitted from host: <10.33.133.154:9618?addrs=10.33.133.154-9618+[--1]-9618&noUDP&sock=1370_48d6_3>
    DAG Node: topic_generation31b
...
001 (584.000.000) 03/30 20:32:44 Job executing on host: <10.33.133.70:9618?addrs=10.33.133.70-9618+[--1]-9618&noUDP&sock=1350_90f1_3>
...
006 (584.000.000) 03/30 20:32:53 Image size of job updated: 503804
	471  -  MemoryUsage of job (MB)
	481456  -  ResidentSetSize of job (KB)
...
006 (584.000.000) 03/30 20:37:54 Image size of job updated: 3070716
	2404  -  MemoryUsage of job (MB)
	2460932  -  ResidentSetSize of job (KB)
...
006 (584.000.000) 03/30 20:42:54 Image size of job updated: 3078612
	2411  -  MemoryUsage of job (MB)
	2468828  -  ResidentSetSize of job (KB)
...
006 (584.000.000) 03/30 20:47:54 Image size of job updated: 3086484
	2419  -  MemoryUsage of job (MB)
	2476700  -  ResidentSetSize of job (KB)
...
006 (584.000.000) 03/30 20:52:55 Image size of job updated: 3086500
	2419  -  MemoryUsage of job (MB)
	2476716  -  ResidentSetSize of job (KB)
...
006 (584.000.000) 03/30 20:57:56 Image size of job updated: 3094544
	2427  -  MemoryUsage of job (MB)
	2484760  -  ResidentSetSize of job (KB)
...
006 (584.000.000) 03/30 21:02:56 Image size of job updated: 3094668
	2427  -  MemoryUsage of job (MB)
	2484876  -  ResidentSetSize of job (KB)
...
006 (584.000.000) 03/30 21:07:56 Image size of job updated: 3094672
	2427  -  MemoryUsage of job (MB)
	2484880  -  ResidentSetSize of job (KB)
...
006 (584.000.000) 03/30 21:12:57 Image size of job updated: 3095104
	2428  -  MemoryUsage of job (MB)
	2485300  -  ResidentSetSize of job (KB)
...
006 (584.000.000) 03/30 21:17:58 Image size of job updated: 3095120
	2428  -  MemoryUsage of job (MB)
	2485316  -  ResidentSetSize of job (KB)
...
006 (584.000.000) 03/30 21:22:59 Image size of job updated: 3095124
	2428  -  MemoryUsage of job (MB)
	2485320  -  ResidentSetSize of job (KB)
...
006 (584.000.000) 03/30 21:27:59 Image size of job updated: 3102920
	2435  -  MemoryUsage of job (MB)
	2493116  -  ResidentSetSize of job (KB)
...
006 (584.000.000) 03/30 21:43:01 Image size of job updated: 3102936
	2435  -  MemoryUsage of job (MB)
	2493132  -  ResidentSetSize of job (KB)
...
006 (584.000.000) 03/30 21:48:01 Image size of job updated: 3102960
	2435  -  MemoryUsage of job (MB)
	2493156  -  ResidentSetSize of job (KB)
...
006 (584.000.000) 03/30 21:53:01 Image size of job updated: 3110560
	2443  -  MemoryUsage of job (MB)
	2500756  -  ResidentSetSize of job (KB)
...
006 (584.000.000) 03/30 21:58:02 Image size of job updated: 3110568
	2443  -  MemoryUsage of job (MB)
	2500764  -  ResidentSetSize of job (KB)
...
006 (584.000.000) 03/30 22:08:03 Image size of job updated: 3110600
	2443  -  MemoryUsage of job (MB)
	2500796  -  ResidentSetSize of job (KB)
...
006 (584.000.000) 03/30 22:18:04 Image size of job updated: 3110616
	2443  -  MemoryUsage of job (MB)
	2500804  -  ResidentSetSize of job (KB)
...
006 (584.000.000) 03/30 22:18:41 Image size of job updated: 3318976
	2443  -  MemoryUsage of job (MB)
	2500804  -  ResidentSetSize of job (KB)
...
005 (584.000.000) 03/30 22:18:41 Job terminated.
	(1) Normal termination (return value 0)
		Usr 0 01:11:37, Sys 0 00:15:38  -  Run Remote Usage
		Usr 0 00:00:00, Sys 0 00:00:00  -  Run Local Usage
		Usr 0 01:11:37, Sys 0 00:15:38  -  Total Remote Usage
		Usr 0 00:00:00, Sys 0 00:00:00  -  Total Local Usage
	0  -  Run Bytes Sent By Job
	0  -  Run Bytes Received By Job
	0  -  Total Bytes Sent By Job
	0  -  Total Bytes Received By Job
	Partitionable Resources :    Usage  Request Allocated
	   Cpus                 :                 1         1
	   Disk (KB)            :        7        7  39037253
	   Gpus                 :                 1         1
	   Memory (MB)          :     2443    14336     14336
...
