job started
Epoch: 1 Learning rate: 1.000
0.000 perplexity: 26690.070 speed: 789 wps
0.100 perplexity: 11663.389 speed: 10548 wps
0.200 perplexity: 11311.942 speed: 10646 wps
0.300 perplexity: 11106.922 speed: 10596 wps
0.400 perplexity: 10999.734 speed: 10628 wps
0.499 perplexity: 10899.017 speed: 10595 wps
0.599 perplexity: 10820.942 speed: 10616 wps
0.699 perplexity: 10752.592 speed: 10599 wps
0.799 perplexity: 10691.935 speed: 10614 wps
0.899 perplexity: 10635.485 speed: 10600 wps
0.999 perplexity: 10585.216 speed: 10610 wps
Epoch: 1 Train Perplexity: 10585.101
with(perplexity: 11010.297) speed: 13949 wps
Epoch: 1 Valid Perplexity: 11010.297
Epoch: 2 Learning rate: 1.000
0.000 perplexity: 10116.559 speed: 10630 wps
0.100 perplexity: 10097.683 speed: 10453 wps
0.200 perplexity: 10061.028 speed: 10580 wps
0.300 perplexity: 10024.737 speed: 10549 wps
0.400 perplexity: 10023.871 speed: 10587 wps
0.499 perplexity: 10007.441 speed: 10560 wps
0.599 perplexity: 9997.239 speed: 10582 wps
0.699 perplexity: 9985.963 speed: 10564 wps
0.799 perplexity: 9974.058 speed: 10580 wps
0.899 perplexity: 9960.439 speed: 10564 wps
0.999 perplexity: 9947.569 speed: 10576 wps
Epoch: 2 Train Perplexity: 9947.752
with(perplexity: 10640.201) speed: 14007 wps
Epoch: 2 Valid Perplexity: 10640.201
Epoch: 3 Learning rate: 1.000
0.000 perplexity: 9781.152 speed: 10770 wps
0.100 perplexity: 9803.079 speed: 10450 wps
0.200 perplexity: 9779.092 speed: 10569 wps
0.300 perplexity: 9755.402 speed: 10525 wps
0.400 perplexity: 9762.992 speed: 10566 wps
0.499 perplexity: 9755.465 speed: 10544 wps
0.599 perplexity: 9752.618 speed: 10567 wps
0.699 perplexity: 9749.289 speed: 10546 wps
0.799 perplexity: 9743.493 speed: 10563 wps
0.899 perplexity: 9735.887 speed: 10547 wps
0.999 perplexity: 9728.577 speed: 10560 wps
Epoch: 3 Train Perplexity: 9728.818
with(perplexity: 10441.276) speed: 14006 wps
Epoch: 3 Valid Perplexity: 10441.276
with(perplexity: 10569.595) speed: 156 wps
Test Perplexity: 10569.595
Saving model to /esat/spchtemp/scratch/wboes/SpeechHub/topic_experiments/output/topic_1/topic_1.
