000 (196.000.000) 03/15 11:36:01 Job submitted from host: <10.33.133.154:9618?addrs=10.33.133.154-9618+[--1]-9618&noUDP&sock=29983_6c2f_3>
    DAG Node: topic_generation0
...
000 (197.000.000) 03/15 11:36:01 Job submitted from host: <10.33.133.154:9618?addrs=10.33.133.154-9618+[--1]-9618&noUDP&sock=29983_6c2f_3>
    DAG Node: topic_generation1
...
000 (198.000.000) 03/15 11:36:01 Job submitted from host: <10.33.133.154:9618?addrs=10.33.133.154-9618+[--1]-9618&noUDP&sock=29983_6c2f_3>
    DAG Node: topic_generation2
...
000 (199.000.000) 03/15 11:36:01 Job submitted from host: <10.33.133.154:9618?addrs=10.33.133.154-9618+[--1]-9618&noUDP&sock=29983_6c2f_3>
    DAG Node: topic_generation3
...
000 (200.000.000) 03/15 11:36:01 Job submitted from host: <10.33.133.154:9618?addrs=10.33.133.154-9618+[--1]-9618&noUDP&sock=29983_6c2f_3>
    DAG Node: topic_generation4
...
000 (201.000.000) 03/15 11:36:06 Job submitted from host: <10.33.133.154:9618?addrs=10.33.133.154-9618+[--1]-9618&noUDP&sock=29983_6c2f_3>
    DAG Node: topic_generation5
...
000 (202.000.000) 03/15 11:36:06 Job submitted from host: <10.33.133.154:9618?addrs=10.33.133.154-9618+[--1]-9618&noUDP&sock=29983_6c2f_3>
    DAG Node: topic_generation6
...
000 (203.000.000) 03/15 11:36:06 Job submitted from host: <10.33.133.154:9618?addrs=10.33.133.154-9618+[--1]-9618&noUDP&sock=29983_6c2f_3>
    DAG Node: topic_generation7
...
000 (204.000.000) 03/15 11:36:07 Job submitted from host: <10.33.133.154:9618?addrs=10.33.133.154-9618+[--1]-9618&noUDP&sock=29983_6c2f_3>
    DAG Node: topic_generation8
...
000 (205.000.000) 03/15 11:36:07 Job submitted from host: <10.33.133.154:9618?addrs=10.33.133.154-9618+[--1]-9618&noUDP&sock=29983_6c2f_3>
    DAG Node: topic_generation9
...
000 (206.000.000) 03/15 11:36:12 Job submitted from host: <10.33.133.154:9618?addrs=10.33.133.154-9618+[--1]-9618&noUDP&sock=29983_6c2f_3>
    DAG Node: topic_generation10
...
000 (207.000.000) 03/15 11:36:12 Job submitted from host: <10.33.133.154:9618?addrs=10.33.133.154-9618+[--1]-9618&noUDP&sock=29983_6c2f_3>
    DAG Node: topic_generation11
...
000 (208.000.000) 03/15 11:36:12 Job submitted from host: <10.33.133.154:9618?addrs=10.33.133.154-9618+[--1]-9618&noUDP&sock=29983_6c2f_3>
    DAG Node: topic_generation12
...
000 (209.000.000) 03/15 11:36:12 Job submitted from host: <10.33.133.154:9618?addrs=10.33.133.154-9618+[--1]-9618&noUDP&sock=29983_6c2f_3>
    DAG Node: topic_generation13
...
000 (210.000.000) 03/15 11:36:12 Job submitted from host: <10.33.133.154:9618?addrs=10.33.133.154-9618+[--1]-9618&noUDP&sock=29983_6c2f_3>
    DAG Node: topic_generation14
...
001 (200.000.000) 03/15 11:36:20 Job executing on host: <10.33.133.113:9618?addrs=10.33.133.113-9618+[--1]-9618&noUDP&sock=31609_b92d_3>
...
001 (196.000.000) 03/15 11:36:22 Job executing on host: <10.33.133.102:9618?addrs=10.33.133.102-9618+[--1]-9618&noUDP&sock=1512_af49_3>
...
001 (203.000.000) 03/15 11:36:24 Job executing on host: <10.33.137.131:9618?addrs=10.33.137.131-9618+[--1]-9618&noUDP&sock=27299_6bfd_3>
...
001 (199.000.000) 03/15 11:36:26 Job executing on host: <10.33.133.166:9618?addrs=10.33.133.166-9618+[--1]-9618&noUDP&sock=29604_75ca_3>
...
001 (201.000.000) 03/15 11:36:29 Job executing on host: <10.33.133.83:9618?addrs=10.33.133.83-9618+[--1]-9618&noUDP&sock=1422_f3c3_3>
...
001 (205.000.000) 03/15 11:36:31 Job executing on host: <10.33.137.136:9618?addrs=10.33.137.136-9618+[--1]-9618&noUDP&sock=29033_cd36_3>
...
001 (197.000.000) 03/15 11:36:33 Job executing on host: <10.33.133.236:9618?addrs=10.33.133.236-9618+[--1]-9618&noUDP&sock=1529_5865_3>
...
001 (202.000.000) 03/15 11:36:35 Job executing on host: <10.33.133.47:9618?addrs=10.33.133.47-9618+[--1]-9618&noUDP&sock=5248_451c_3>
...
001 (204.000.000) 03/15 11:36:37 Job executing on host: <10.33.137.131:9618?addrs=10.33.137.131-9618+[--1]-9618&noUDP&sock=27299_6bfd_3>
...
001 (206.000.000) 03/15 11:36:39 Job executing on host: <10.33.137.136:9618?addrs=10.33.137.136-9618+[--1]-9618&noUDP&sock=29033_cd36_3>
...
001 (198.000.000) 03/15 11:36:41 Job executing on host: <10.33.133.109:9618?addrs=10.33.133.109-9618+[--1]-9618&noUDP&sock=1552_1f13_3>
...
001 (207.000.000) 03/15 11:36:43 Job executing on host: <10.33.133.192:9618?addrs=10.33.133.192-9618+[--1]-9618&noUDP&sock=1307_125f_3>
...
001 (209.000.000) 03/15 11:36:45 Job executing on host: <10.33.133.192:9618?addrs=10.33.133.192-9618+[--1]-9618&noUDP&sock=1307_125f_3>
...
001 (208.000.000) 03/15 11:36:47 Job executing on host: <10.33.133.192:9618?addrs=10.33.133.192-9618+[--1]-9618&noUDP&sock=1307_125f_3>
...
001 (210.000.000) 03/15 11:36:50 Job executing on host: <10.33.133.192:9618?addrs=10.33.133.192-9618+[--1]-9618&noUDP&sock=1307_125f_3>
...
010 (200.000.000) 03/15 11:38:37 Job was suspended.
	Number of processes actually suspended: 2
...
007 (202.000.000) 03/15 11:40:02 Shadow exception!
	Error from slot1@integra.esat.kuleuven.be: Job has gone over memory limit of 14336 megabytes. Peak usage: 13238 megabytes.
	0  -  Run Bytes Sent By Job
	0  -  Run Bytes Received By Job
...
012 (202.000.000) 03/15 11:40:02 Job was held.
	Error from slot1@integra.esat.kuleuven.be: Job has gone over memory limit of 14336 megabytes. Peak usage: 13238 megabytes.
	Code 34 Subcode 0
...
010 (201.000.000) 03/15 11:40:59 Job was suspended.
	Number of processes actually suspended: 2
...
011 (200.000.000) 03/15 11:43:22 Job was unsuspended.
...
011 (201.000.000) 03/15 11:43:29 Job was unsuspended.
...
010 (201.000.000) 03/15 11:43:35 Job was suspended.
	Number of processes actually suspended: 2
...
010 (200.000.000) 03/15 11:44:57 Job was suspended.
	Number of processes actually suspended: 2
...
011 (201.000.000) 03/15 11:49:24 Job was unsuspended.
...
011 (200.000.000) 03/15 11:50:47 Job was unsuspended.
...
010 (201.000.000) 03/15 11:51:49 Job was suspended.
	Number of processes actually suspended: 2
...
010 (200.000.000) 03/15 11:54:54 Job was suspended.
	Number of processes actually suspended: 2
...
011 (200.000.000) 03/15 12:07:25 Job was unsuspended.
...
005 (204.000.000) 03/15 12:10:01 Job terminated.
	(1) Normal termination (return value 0)
		Usr 0 00:32:59, Sys 0 00:00:18  -  Run Remote Usage
		Usr 0 00:00:00, Sys 0 00:00:00  -  Run Local Usage
		Usr 0 00:32:59, Sys 0 00:00:18  -  Total Remote Usage
		Usr 0 00:00:00, Sys 0 00:00:00  -  Total Local Usage
	0  -  Run Bytes Sent By Job
	0  -  Run Bytes Received By Job
	0  -  Total Bytes Sent By Job
	0  -  Total Bytes Received By Job
	Partitionable Resources :    Usage  Request Allocated
	   Cpus                 :                 1         1
	   Disk (KB)            :        7        7   2932085
	   Gpus                 :                           0
	   Memory (MB)          :    13824    14336     14336
...
005 (203.000.000) 03/15 12:14:13 Job terminated.
	(1) Normal termination (return value 0)
		Usr 0 00:37:00, Sys 0 00:00:21  -  Run Remote Usage
		Usr 0 00:00:00, Sys 0 00:00:00  -  Run Local Usage
		Usr 0 00:37:00, Sys 0 00:00:21  -  Total Remote Usage
		Usr 0 00:00:00, Sys 0 00:00:00  -  Total Local Usage
	0  -  Run Bytes Sent By Job
	0  -  Run Bytes Received By Job
	0  -  Total Bytes Sent By Job
	0  -  Total Bytes Received By Job
	Partitionable Resources :    Usage  Request Allocated
	   Cpus                 :                 1         1
	   Disk (KB)            :        7        7   2932085
	   Gpus                 :                           0
	   Memory (MB)          :    13579    14336     14336
...
011 (201.000.000) 03/15 12:25:34 Job was unsuspended.
...
005 (200.000.000) 03/15 12:29:12 Job terminated.
	(1) Normal termination (return value 0)
		Usr 0 00:25:28, Sys 0 00:00:48  -  Run Remote Usage
		Usr 0 00:00:00, Sys 0 00:00:00  -  Run Local Usage
		Usr 0 00:25:28, Sys 0 00:00:48  -  Total Remote Usage
		Usr 0 00:00:00, Sys 0 00:00:00  -  Total Local Usage
	0  -  Run Bytes Sent By Job
	0  -  Run Bytes Received By Job
	0  -  Total Bytes Sent By Job
	0  -  Total Bytes Received By Job
	Partitionable Resources :    Usage  Request Allocated
	   Cpus                 :                 1         1
	   Disk (KB)            :        7        7   3896250
	   Gpus                 :                           0
	   Memory (MB)          :    11281    14336     14336
...
005 (206.000.000) 03/15 12:32:11 Job terminated.
	(1) Normal termination (return value 0)
		Usr 0 00:54:21, Sys 0 00:00:59  -  Run Remote Usage
		Usr 0 00:00:00, Sys 0 00:00:00  -  Run Local Usage
		Usr 0 00:54:21, Sys 0 00:00:59  -  Total Remote Usage
		Usr 0 00:00:00, Sys 0 00:00:00  -  Total Local Usage
	0  -  Run Bytes Sent By Job
	0  -  Run Bytes Received By Job
	0  -  Total Bytes Sent By Job
	0  -  Total Bytes Received By Job
	Partitionable Resources :    Usage  Request Allocated
	   Cpus                 :                 1         1
	   Disk (KB)            :        7        7   3633276
	   Gpus                 :                           0
	   Memory (MB)          :    13213    14336     14336
...
005 (198.000.000) 03/15 12:39:46 Job terminated.
	(1) Normal termination (return value 0)
		Usr 0 01:01:56, Sys 0 00:00:24  -  Run Remote Usage
		Usr 0 00:00:00, Sys 0 00:00:00  -  Run Local Usage
		Usr 0 01:01:56, Sys 0 00:00:24  -  Total Remote Usage
		Usr 0 00:00:00, Sys 0 00:00:00  -  Total Local Usage
	0  -  Run Bytes Sent By Job
	0  -  Run Bytes Received By Job
	0  -  Total Bytes Sent By Job
	0  -  Total Bytes Received By Job
	Partitionable Resources :    Usage  Request Allocated
	   Cpus                 :                 1         1
	   Disk (KB)            :        7        7   3745539
	   Gpus                 :                           0
	   Memory (MB)          :    13320    14336     14336
...
005 (205.000.000) 03/15 12:44:42 Job terminated.
	(1) Normal termination (return value 0)
		Usr 0 01:06:33, Sys 0 00:01:20  -  Run Remote Usage
		Usr 0 00:00:00, Sys 0 00:00:00  -  Run Local Usage
		Usr 0 01:06:33, Sys 0 00:01:20  -  Total Remote Usage
		Usr 0 00:00:00, Sys 0 00:00:00  -  Total Local Usage
	0  -  Run Bytes Sent By Job
	0  -  Run Bytes Received By Job
	0  -  Total Bytes Sent By Job
	0  -  Total Bytes Received By Job
	Partitionable Resources :    Usage  Request Allocated
	   Cpus                 :                 1         1
	   Disk (KB)            :        7        7   3633276
	   Gpus                 :                           0
	   Memory (MB)          :    13232    14336     14336
...
005 (201.000.000) 03/15 12:48:11 Job terminated.
	(1) Normal termination (return value 0)
		Usr 0 00:23:31, Sys 0 00:00:45  -  Run Remote Usage
		Usr 0 00:00:00, Sys 0 00:00:00  -  Run Local Usage
		Usr 0 00:23:31, Sys 0 00:00:45  -  Total Remote Usage
		Usr 0 00:00:00, Sys 0 00:00:00  -  Total Local Usage
	0  -  Run Bytes Sent By Job
	0  -  Run Bytes Received By Job
	0  -  Total Bytes Sent By Job
	0  -  Total Bytes Received By Job
	Partitionable Resources :    Usage  Request Allocated
	   Cpus                 :                 1         1
	   Disk (KB)            :        7        7   3896250
	   Gpus                 :                           0
	   Memory (MB)          :    10838    14336     14336
...
005 (197.000.000) 03/15 12:48:14 Job terminated.
	(1) Normal termination (return value 0)
		Usr 0 01:10:23, Sys 0 00:00:24  -  Run Remote Usage
		Usr 0 00:00:00, Sys 0 00:00:00  -  Run Local Usage
		Usr 0 01:10:23, Sys 0 00:00:24  -  Total Remote Usage
		Usr 0 00:00:00, Sys 0 00:00:00  -  Total Local Usage
	0  -  Run Bytes Sent By Job
	0  -  Run Bytes Received By Job
	0  -  Total Bytes Sent By Job
	0  -  Total Bytes Received By Job
	Partitionable Resources :    Usage  Request Allocated
	   Cpus                 :                 1         1
	   Disk (KB)            :        7        7   3345051
	   Gpus                 :                           0
	   Memory (MB)          :    13273    14336     14336
...
005 (196.000.000) 03/15 13:01:02 Job terminated.
	(1) Normal termination (return value 0)
		Usr 0 01:23:22, Sys 0 00:00:24  -  Run Remote Usage
		Usr 0 00:00:00, Sys 0 00:00:00  -  Run Local Usage
		Usr 0 01:23:22, Sys 0 00:00:24  -  Total Remote Usage
		Usr 0 00:00:00, Sys 0 00:00:00  -  Total Local Usage
	0  -  Run Bytes Sent By Job
	0  -  Run Bytes Received By Job
	0  -  Total Bytes Sent By Job
	0  -  Total Bytes Received By Job
	Partitionable Resources :    Usage  Request Allocated
	   Cpus                 :                 1         1
	   Disk (KB)            :        7        7   6722609
	   Gpus                 :                           0
	   Memory (MB)          :    13223    14336     14336
...
005 (210.000.000) 03/15 13:18:59 Job terminated.
	(1) Normal termination (return value 0)
		Usr 0 01:37:34, Sys 0 00:04:05  -  Run Remote Usage
		Usr 0 00:00:00, Sys 0 00:00:00  -  Run Local Usage
		Usr 0 01:37:34, Sys 0 00:04:05  -  Total Remote Usage
		Usr 0 00:00:00, Sys 0 00:00:00  -  Total Local Usage
	0  -  Run Bytes Sent By Job
	0  -  Run Bytes Received By Job
	0  -  Total Bytes Sent By Job
	0  -  Total Bytes Received By Job
	Partitionable Resources :    Usage  Request Allocated
	   Cpus                 :                 1         1
	   Disk (KB)            :        7        7   3288953
	   Gpus                 :                           0
	   Memory (MB)          :    14139    14336     14336
...
005 (209.000.000) 03/15 13:26:42 Job terminated.
	(1) Normal termination (return value 0)
		Usr 0 01:45:44, Sys 0 00:03:43  -  Run Remote Usage
		Usr 0 00:00:00, Sys 0 00:00:00  -  Run Local Usage
		Usr 0 01:45:44, Sys 0 00:03:43  -  Total Remote Usage
		Usr 0 00:00:00, Sys 0 00:00:00  -  Total Local Usage
	0  -  Run Bytes Sent By Job
	0  -  Run Bytes Received By Job
	0  -  Total Bytes Sent By Job
	0  -  Total Bytes Received By Job
	Partitionable Resources :    Usage  Request Allocated
	   Cpus                 :                 1         1
	   Disk (KB)            :        7        7   3288953
	   Gpus                 :                           0
	   Memory (MB)          :    13785    14336     14336
...
005 (199.000.000) 03/15 13:33:47 Job terminated.
	(1) Normal termination (return value 0)
		Usr 0 01:51:52, Sys 0 00:04:17  -  Run Remote Usage
		Usr 0 00:00:00, Sys 0 00:00:00  -  Run Local Usage
		Usr 0 01:51:52, Sys 0 00:04:17  -  Total Remote Usage
		Usr 0 00:00:00, Sys 0 00:00:00  -  Total Local Usage
	0  -  Run Bytes Sent By Job
	0  -  Run Bytes Received By Job
	0  -  Total Bytes Sent By Job
	0  -  Total Bytes Received By Job
	Partitionable Resources :    Usage  Request Allocated
	   Cpus                 :                 1         1
	   Disk (KB)            :        7        7    705669
	   Gpus                 :                           0
	   Memory (MB)          :    13479    14336     14336
...
005 (208.000.000) 03/15 13:57:28 Job terminated.
	(1) Normal termination (return value 0)
		Usr 0 02:13:42, Sys 0 00:06:11  -  Run Remote Usage
		Usr 0 00:00:00, Sys 0 00:00:00  -  Run Local Usage
		Usr 0 02:13:42, Sys 0 00:06:11  -  Total Remote Usage
		Usr 0 00:00:00, Sys 0 00:00:00  -  Total Local Usage
	0  -  Run Bytes Sent By Job
	0  -  Run Bytes Received By Job
	0  -  Total Bytes Sent By Job
	0  -  Total Bytes Received By Job
	Partitionable Resources :    Usage  Request Allocated
	   Cpus                 :                 1         1
	   Disk (KB)            :        7        7   3288953
	   Gpus                 :                           0
	   Memory (MB)          :    13863    14336     14336
...
005 (207.000.000) 03/15 15:04:15 Job terminated.
	(1) Normal termination (return value 0)
		Usr 0 03:18:00, Sys 0 00:08:48  -  Run Remote Usage
		Usr 0 00:00:00, Sys 0 00:00:00  -  Run Local Usage
		Usr 0 03:18:00, Sys 0 00:08:48  -  Total Remote Usage
		Usr 0 00:00:00, Sys 0 00:00:00  -  Total Local Usage
	0  -  Run Bytes Sent By Job
	0  -  Run Bytes Received By Job
	0  -  Total Bytes Sent By Job
	0  -  Total Bytes Received By Job
	Partitionable Resources :    Usage  Request Allocated
	   Cpus                 :                 1         1
	   Disk (KB)            :        7        7   3288953
	   Gpus                 :                           0
	   Memory (MB)          :    14279    14336     14336
...
013 (202.000.000) 03/16 14:33:15 Job was released.
	via condor_release (by user r0364650)
...
001 (202.000.000) 03/16 14:33:23 Job executing on host: <10.33.133.166:9618?addrs=10.33.133.166-9618+[--1]-9618&noUDP&sock=29604_75ca_3>
...
005 (202.000.000) 03/16 19:23:24 Job terminated.
	(1) Normal termination (return value 0)
		Usr 0 04:33:23, Sys 0 00:13:42  -  Run Remote Usage
		Usr 0 00:00:00, Sys 0 00:00:00  -  Run Local Usage
		Usr 0 04:33:23, Sys 0 00:13:42  -  Total Remote Usage
		Usr 0 00:00:00, Sys 0 00:00:00  -  Total Local Usage
	0  -  Run Bytes Sent By Job
	0  -  Run Bytes Received By Job
	0  -  Total Bytes Sent By Job
	0  -  Total Bytes Received By Job
	Partitionable Resources :    Usage  Request Allocated
	   Cpus                 :                 1         1
	   Disk (KB)            :        7        7    705669
	   Gpus                 :                           0
	   Memory (MB)          :    14649    14336     14336
...
