job started
Epoch: 1 Learning rate: 1.000
0.000 perplexity: 50094.232 speed: 921 wps
0.100 perplexity: 330.466 speed: 7856 wps
0.200 perplexity: 268.741 speed: 7892 wps
0.300 perplexity: 241.055 speed: 7904 wps
0.400 perplexity: 224.211 speed: 7910 wps
0.500 perplexity: 212.580 speed: 7907 wps
0.600 perplexity: 204.283 speed: 7907 wps
0.700 perplexity: 197.635 speed: 7912 wps
0.800 perplexity: 192.237 speed: 7910 wps
0.900 perplexity: 187.719 speed: 7909 wps
1.000 perplexity: 183.834 speed: 7912 wps
Epoch: 1 Train Perplexity: 183.835
with(perplexity: 146.799) speed: 16376 wps
Epoch: 1 Valid Perplexity: 146.799
Epoch: 2 Learning rate: 1.000
0.000 perplexity: 222.944 speed: 7566 wps
0.100 perplexity: 150.959 speed: 6550 wps
0.200 perplexity: 149.376 speed: 7191 wps
0.300 perplexity: 148.495 speed: 7430 wps
0.400 perplexity: 147.653 speed: 7558 wps
0.500 perplexity: 146.808 speed: 7629 wps
0.600 perplexity: 146.339 speed: 7680 wps
0.700 perplexity: 145.755 speed: 7722 wps
0.800 perplexity: 145.163 speed: 7748 wps
0.900 perplexity: 144.587 speed: 7769 wps
1.000 perplexity: 144.016 speed: 7789 wps
Epoch: 2 Train Perplexity: 144.017
with(perplexity: 134.758) speed: 16700 wps
Epoch: 2 Valid Perplexity: 134.758
Epoch: 3 Learning rate: 1.000
0.000 perplexity: 204.846 speed: 7302 wps
0.100 perplexity: 138.953 speed: 7931 wps
0.200 perplexity: 138.062 speed: 7950 wps
0.300 perplexity: 137.716 speed: 7954 wps
0.400 perplexity: 137.367 speed: 7955 wps
0.500 perplexity: 136.962 speed: 7947 wps
0.600 perplexity: 136.860 speed: 7946 wps
0.700 perplexity: 136.620 speed: 7945 wps
0.800 perplexity: 136.348 speed: 7944 wps
0.900 perplexity: 136.064 speed: 7944 wps
1.000 perplexity: 135.764 speed: 7946 wps
Epoch: 3 Train Perplexity: 135.765
with(perplexity: 128.807) speed: 16705 wps
Epoch: 3 Valid Perplexity: 128.807
with(perplexity: 144.579) speed: 529 wps
Test Perplexity: 144.579
Saving model to /esat/spchtemp/scratch/robbe/SpeechHub/pretrained_tied_models/output/cbow_mean_soft_0/cbow_mean_soft_0.
hihi
