04/18/17 18:17:34 ******************************************************
04/18/17 18:17:34 ** condor_scheduniv_exec.1300.0 (CONDOR_DAGMAN) STARTING UP
04/18/17 18:17:34 ** /usr/bin/condor_dagman
04/18/17 18:17:34 ** SubsystemInfo: name=DAGMAN type=DAGMAN(10) class=DAEMON(1)
04/18/17 18:17:34 ** Configuration: subsystem:DAGMAN local:<NONE> class:DAEMON
04/18/17 18:17:34 ** $CondorVersion: 8.6.1 Mar 01 2017 BuildID: 398585 $
04/18/17 18:17:34 ** $CondorPlatform: x86_64_RedHat7 $
04/18/17 18:17:34 ** PID = 22765
04/18/17 18:17:34 ** Log last touched time unavailable (No such file or directory)
04/18/17 18:17:34 ******************************************************
04/18/17 18:17:34 Using config source: /etc/condor/condor_config
04/18/17 18:17:34 Using local config sources: 
04/18/17 18:17:34    /etc/condor/config.d/00esat.config
04/18/17 18:17:34    /etc/condor/config.d/01java.config
04/18/17 18:17:34    /etc/condor/config.d/80optout_users.config
04/18/17 18:17:34    /etc/condor/condor_config.local
04/18/17 18:17:34 config Macros = 174, Sorted = 174, StringBytes = 6668, TablesBytes = 6336
04/18/17 18:17:34 CLASSAD_CACHING is ENABLED
04/18/17 18:17:34 Daemon Log is logging: D_ALWAYS D_ERROR
04/18/17 18:17:34 DaemonCore: No command port requested.
04/18/17 18:17:34 DAGMAN_USE_STRICT setting: 1
04/18/17 18:17:34 DAGMAN_VERBOSITY setting: 3
04/18/17 18:17:34 DAGMAN_DEBUG_CACHE_SIZE setting: 5242880
04/18/17 18:17:34 DAGMAN_DEBUG_CACHE_ENABLE setting: False
04/18/17 18:17:34 DAGMAN_SUBMIT_DELAY setting: 0
04/18/17 18:17:34 DAGMAN_MAX_SUBMIT_ATTEMPTS setting: 6
04/18/17 18:17:34 DAGMAN_STARTUP_CYCLE_DETECT setting: False
04/18/17 18:17:34 DAGMAN_MAX_SUBMITS_PER_INTERVAL setting: 5
04/18/17 18:17:34 DAGMAN_USER_LOG_SCAN_INTERVAL setting: 5
04/18/17 18:17:34 DAGMAN_DEFAULT_PRIORITY setting: 0
04/18/17 18:17:34 DAGMAN_SUPPRESS_NOTIFICATION setting: True
04/18/17 18:17:34 allow_events (DAGMAN_ALLOW_EVENTS) setting: 114
04/18/17 18:17:34 DAGMAN_RETRY_SUBMIT_FIRST setting: True
04/18/17 18:17:34 DAGMAN_RETRY_NODE_FIRST setting: False
04/18/17 18:17:34 DAGMAN_MAX_JOBS_IDLE setting: 1000
04/18/17 18:17:34 DAGMAN_MAX_JOBS_SUBMITTED setting: 0
04/18/17 18:17:34 DAGMAN_MAX_PRE_SCRIPTS setting: 20
04/18/17 18:17:34 DAGMAN_MAX_POST_SCRIPTS setting: 20
04/18/17 18:17:34 DAGMAN_MUNGE_NODE_NAMES setting: True
04/18/17 18:17:34 DAGMAN_PROHIBIT_MULTI_JOBS setting: False
04/18/17 18:17:34 DAGMAN_SUBMIT_DEPTH_FIRST setting: False
04/18/17 18:17:34 DAGMAN_ALWAYS_RUN_POST setting: False
04/18/17 18:17:34 DAGMAN_ABORT_DUPLICATES setting: True
04/18/17 18:17:34 DAGMAN_ABORT_ON_SCARY_SUBMIT setting: True
04/18/17 18:17:34 DAGMAN_PENDING_REPORT_INTERVAL setting: 600
04/18/17 18:17:34 DAGMAN_AUTO_RESCUE setting: True
04/18/17 18:17:34 DAGMAN_MAX_RESCUE_NUM setting: 100
04/18/17 18:17:34 DAGMAN_WRITE_PARTIAL_RESCUE setting: True
04/18/17 18:17:34 DAGMAN_DEFAULT_NODE_LOG setting: @(DAG_DIR)/@(DAG_FILE).nodes.log
04/18/17 18:17:34 DAGMAN_GENERATE_SUBDAG_SUBMITS setting: True
04/18/17 18:17:34 DAGMAN_MAX_JOB_HOLDS setting: 100
04/18/17 18:17:34 DAGMAN_HOLD_CLAIM_TIME setting: 20
04/18/17 18:17:34 ALL_DEBUG setting: 
04/18/17 18:17:34 DAGMAN_DEBUG setting: 
04/18/17 18:17:34 DAGMAN_SUPPRESS_JOB_LOGS setting: False
04/18/17 18:17:34 DAGMAN_REMOVE_NODE_JOBS setting: True
04/18/17 18:17:34 argv[0] == "condor_scheduniv_exec.1300.0"
04/18/17 18:17:34 argv[1] == "-Lockfile"
04/18/17 18:17:34 argv[2] == "ds_cbow_mean_lstm.dag.lock"
04/18/17 18:17:34 argv[3] == "-AutoRescue"
04/18/17 18:17:34 argv[4] == "1"
04/18/17 18:17:34 argv[5] == "-DoRescueFrom"
04/18/17 18:17:34 argv[6] == "0"
04/18/17 18:17:34 argv[7] == "-Dag"
04/18/17 18:17:34 argv[8] == "ds_cbow_mean_lstm.dag"
04/18/17 18:17:34 argv[9] == "-Suppress_notification"
04/18/17 18:17:34 argv[10] == "-CsdVersion"
04/18/17 18:17:34 argv[11] == "$CondorVersion: 8.6.1 Mar 01 2017 BuildID: 398585 $"
04/18/17 18:17:34 argv[12] == "-Dagman"
04/18/17 18:17:34 argv[13] == "/usr/bin/condor_dagman"
04/18/17 18:17:34 Workflow batch-name: <ds_cbow_mean_lstm.dag+1300>
04/18/17 18:17:34 Workflow accounting_group: <>
04/18/17 18:17:34 Workflow accounting_group_user: <>
04/18/17 18:17:34 Warning: failed to get attribute DAGNodeName
04/18/17 18:17:34 DAGMAN_LOG_ON_NFS_IS_ERROR setting: False
04/18/17 18:17:34 Default node log file is: </esat/spchtemp/scratch/robbe/SpeechHub/pretrained_tied_models/python/jobdag/./ds_cbow_mean_lstm.dag.nodes.log>
04/18/17 18:17:34 DAG Lockfile will be written to ds_cbow_mean_lstm.dag.lock
04/18/17 18:17:34 DAG Input file is ds_cbow_mean_lstm.dag
04/18/17 18:17:34 Parsing 1 dagfiles
04/18/17 18:17:34 Parsing ds_cbow_mean_lstm.dag ...
04/18/17 18:17:34 Dag contains 2 total jobs
04/18/17 18:17:34 Sleeping for 3 seconds to ensure ProcessId uniqueness
04/18/17 18:17:37 Bootstrapping...
04/18/17 18:17:37 Number of pre-completed nodes: 0
04/18/17 18:17:37 MultiLogFiles: truncating log file /esat/spchtemp/scratch/robbe/SpeechHub/pretrained_tied_models/python/jobdag/./ds_cbow_mean_lstm.dag.nodes.log
04/18/17 18:17:37 DAG status: 0 (DAG_STATUS_OK)
04/18/17 18:17:37 Of 2 nodes total:
04/18/17 18:17:37  Done     Pre   Queued    Post   Ready   Un-Ready   Failed
04/18/17 18:17:37   ===     ===      ===     ===     ===        ===      ===
04/18/17 18:17:37     0       0        0       0       1          1        0
04/18/17 18:17:37 0 job proc(s) currently held
04/18/17 18:17:37 Registering condor_event_timer...
04/18/17 18:17:38 Submitting HTCondor Node cbow_mean_lstm job(s)...
04/18/17 18:17:38 Adding a DAGMan workflow log /esat/spchtemp/scratch/robbe/SpeechHub/pretrained_tied_models/python/jobdag/./ds_cbow_mean_lstm.dag.nodes.log
04/18/17 18:17:38 Masking the events recorded in the DAGMAN workflow log
04/18/17 18:17:38 Mask for workflow log is 0,1,2,4,5,7,9,10,11,12,13,16,17,24,27
04/18/17 18:17:38 submitting: /usr/bin/condor_submit -a dag_node_name' '=' 'cbow_mean_lstm -a +DAGManJobId' '=' '1300 -a DAGManJobId' '=' '1300 -batch-name ds_cbow_mean_lstm.dag+1300 -a submit_event_notes' '=' 'DAG' 'Node:' 'cbow_mean_lstm -a dagman_log' '=' '/esat/spchtemp/scratch/robbe/SpeechHub/pretrained_tied_models/python/jobdag/./ds_cbow_mean_lstm.dag.nodes.log -a +DAGManNodesMask' '=' '"0,1,2,4,5,7,9,10,11,12,13,16,17,24,27" -a data_set' '=' 'ds -a test_name' '=' 'cbow_mean_lstm -a num_run' '=' '0 -a combination' '=' 'mean -a DAG_STATUS' '=' '0 -a FAILED_COUNT' '=' '0 -a +KeepClaimIdle' '=' '20 -a notification' '=' 'never -a +DAGParentNodeNames' '=' '"" jobdag/cbow_lstm.job
04/18/17 18:17:38 From submit: Submitting job(s).
04/18/17 18:17:38 From submit: 1 job(s) submitted to cluster 1301.
04/18/17 18:17:38 	assigned HTCondor ID (1301.0.0)
04/18/17 18:17:38 Just submitted 1 job this cycle...
04/18/17 18:17:38 Currently monitoring 1 HTCondor log file(s)
04/18/17 18:17:38 Reassigning the id of job cbow_mean_lstm from (1301.0.0) to (1301.0.0)
04/18/17 18:17:38 Event: ULOG_SUBMIT for HTCondor Node cbow_mean_lstm (1301.0.0) {04/18/17 18:17:38}
04/18/17 18:17:38 Number of idle job procs: 1
04/18/17 18:17:38 DAG status: 0 (DAG_STATUS_OK)
04/18/17 18:17:38 Of 2 nodes total:
04/18/17 18:17:38  Done     Pre   Queued    Post   Ready   Un-Ready   Failed
04/18/17 18:17:38   ===     ===      ===     ===     ===        ===      ===
04/18/17 18:17:38     0       0        1       0       0          1        0
04/18/17 18:17:38 0 job proc(s) currently held
04/18/17 18:27:41 603 seconds since last log event
04/18/17 18:27:41 Pending DAG nodes:
04/18/17 18:27:41   Node cbow_mean_lstm, HTCondor ID 1301, status STATUS_SUBMITTED
04/18/17 18:37:44 1206 seconds since last log event
04/18/17 18:37:44 Pending DAG nodes:
04/18/17 18:37:44   Node cbow_mean_lstm, HTCondor ID 1301, status STATUS_SUBMITTED
04/18/17 18:47:47 1809 seconds since last log event
04/18/17 18:47:47 Pending DAG nodes:
04/18/17 18:47:47   Node cbow_mean_lstm, HTCondor ID 1301, status STATUS_SUBMITTED
04/18/17 18:57:50 2412 seconds since last log event
04/18/17 18:57:50 Pending DAG nodes:
04/18/17 18:57:50   Node cbow_mean_lstm, HTCondor ID 1301, status STATUS_SUBMITTED
04/18/17 19:07:53 3015 seconds since last log event
04/18/17 19:07:53 Pending DAG nodes:
04/18/17 19:07:53   Node cbow_mean_lstm, HTCondor ID 1301, status STATUS_SUBMITTED
04/18/17 19:17:56 3618 seconds since last log event
04/18/17 19:17:56 Pending DAG nodes:
04/18/17 19:17:56   Node cbow_mean_lstm, HTCondor ID 1301, status STATUS_SUBMITTED
04/18/17 19:27:59 4221 seconds since last log event
04/18/17 19:27:59 Pending DAG nodes:
04/18/17 19:27:59   Node cbow_mean_lstm, HTCondor ID 1301, status STATUS_SUBMITTED
04/18/17 19:38:02 4824 seconds since last log event
04/18/17 19:38:02 Pending DAG nodes:
04/18/17 19:38:02   Node cbow_mean_lstm, HTCondor ID 1301, status STATUS_SUBMITTED
04/18/17 19:48:05 5427 seconds since last log event
04/18/17 19:48:05 Pending DAG nodes:
04/18/17 19:48:05   Node cbow_mean_lstm, HTCondor ID 1301, status STATUS_SUBMITTED
04/18/17 19:58:08 6030 seconds since last log event
04/18/17 19:58:08 Pending DAG nodes:
04/18/17 19:58:08   Node cbow_mean_lstm, HTCondor ID 1301, status STATUS_SUBMITTED
04/18/17 20:08:11 6633 seconds since last log event
04/18/17 20:08:11 Pending DAG nodes:
04/18/17 20:08:11   Node cbow_mean_lstm, HTCondor ID 1301, status STATUS_SUBMITTED
04/18/17 20:18:14 7236 seconds since last log event
04/18/17 20:18:14 Pending DAG nodes:
04/18/17 20:18:14   Node cbow_mean_lstm, HTCondor ID 1301, status STATUS_SUBMITTED
04/18/17 20:28:17 7839 seconds since last log event
04/18/17 20:28:17 Pending DAG nodes:
04/18/17 20:28:17   Node cbow_mean_lstm, HTCondor ID 1301, status STATUS_SUBMITTED
04/18/17 20:38:20 8442 seconds since last log event
04/18/17 20:38:20 Pending DAG nodes:
04/18/17 20:38:20   Node cbow_mean_lstm, HTCondor ID 1301, status STATUS_SUBMITTED
04/18/17 20:48:23 9045 seconds since last log event
04/18/17 20:48:23 Pending DAG nodes:
04/18/17 20:48:23   Node cbow_mean_lstm, HTCondor ID 1301, status STATUS_SUBMITTED
04/18/17 20:58:26 9648 seconds since last log event
04/18/17 20:58:26 Pending DAG nodes:
04/18/17 20:58:26   Node cbow_mean_lstm, HTCondor ID 1301, status STATUS_SUBMITTED
04/18/17 21:08:29 10251 seconds since last log event
04/18/17 21:08:29 Pending DAG nodes:
04/18/17 21:08:29   Node cbow_mean_lstm, HTCondor ID 1301, status STATUS_SUBMITTED
04/18/17 21:18:32 10854 seconds since last log event
04/18/17 21:18:32 Pending DAG nodes:
04/18/17 21:18:32   Node cbow_mean_lstm, HTCondor ID 1301, status STATUS_SUBMITTED
04/18/17 21:28:35 11457 seconds since last log event
04/18/17 21:28:35 Pending DAG nodes:
04/18/17 21:28:35   Node cbow_mean_lstm, HTCondor ID 1301, status STATUS_SUBMITTED
04/18/17 21:38:37 12059 seconds since last log event
04/18/17 21:38:37 Pending DAG nodes:
04/18/17 21:38:37   Node cbow_mean_lstm, HTCondor ID 1301, status STATUS_SUBMITTED
04/18/17 21:48:40 12662 seconds since last log event
04/18/17 21:48:40 Pending DAG nodes:
04/18/17 21:48:40   Node cbow_mean_lstm, HTCondor ID 1301, status STATUS_SUBMITTED
04/18/17 21:58:43 13265 seconds since last log event
04/18/17 21:58:43 Pending DAG nodes:
04/18/17 21:58:43   Node cbow_mean_lstm, HTCondor ID 1301, status STATUS_SUBMITTED
04/18/17 22:08:46 13868 seconds since last log event
04/18/17 22:08:46 Pending DAG nodes:
04/18/17 22:08:46   Node cbow_mean_lstm, HTCondor ID 1301, status STATUS_SUBMITTED
04/18/17 22:18:49 14471 seconds since last log event
04/18/17 22:18:49 Pending DAG nodes:
04/18/17 22:18:49   Node cbow_mean_lstm, HTCondor ID 1301, status STATUS_SUBMITTED
04/18/17 22:28:52 15074 seconds since last log event
04/18/17 22:28:52 Pending DAG nodes:
04/18/17 22:28:52   Node cbow_mean_lstm, HTCondor ID 1301, status STATUS_SUBMITTED
04/18/17 22:38:55 15677 seconds since last log event
04/18/17 22:38:55 Pending DAG nodes:
04/18/17 22:38:55   Node cbow_mean_lstm, HTCondor ID 1301, status STATUS_SUBMITTED
04/18/17 22:48:58 16280 seconds since last log event
04/18/17 22:48:58 Pending DAG nodes:
04/18/17 22:48:58   Node cbow_mean_lstm, HTCondor ID 1301, status STATUS_SUBMITTED
04/18/17 22:59:00 16882 seconds since last log event
04/18/17 22:59:00 Pending DAG nodes:
04/18/17 22:59:00   Node cbow_mean_lstm, HTCondor ID 1301, status STATUS_SUBMITTED
04/18/17 23:09:03 17485 seconds since last log event
04/18/17 23:09:03 Pending DAG nodes:
04/18/17 23:09:03   Node cbow_mean_lstm, HTCondor ID 1301, status STATUS_SUBMITTED
04/18/17 23:19:06 18088 seconds since last log event
04/18/17 23:19:06 Pending DAG nodes:
04/18/17 23:19:06   Node cbow_mean_lstm, HTCondor ID 1301, status STATUS_SUBMITTED
04/18/17 23:29:09 18691 seconds since last log event
04/18/17 23:29:09 Pending DAG nodes:
04/18/17 23:29:09   Node cbow_mean_lstm, HTCondor ID 1301, status STATUS_SUBMITTED
04/18/17 23:39:12 19294 seconds since last log event
04/18/17 23:39:12 Pending DAG nodes:
04/18/17 23:39:12   Node cbow_mean_lstm, HTCondor ID 1301, status STATUS_SUBMITTED
04/18/17 23:49:15 19897 seconds since last log event
04/18/17 23:49:15 Pending DAG nodes:
04/18/17 23:49:15   Node cbow_mean_lstm, HTCondor ID 1301, status STATUS_SUBMITTED
04/18/17 23:59:18 20500 seconds since last log event
04/18/17 23:59:18 Pending DAG nodes:
04/18/17 23:59:18   Node cbow_mean_lstm, HTCondor ID 1301, status STATUS_SUBMITTED
04/19/17 00:09:21 21103 seconds since last log event
04/19/17 00:09:21 Pending DAG nodes:
04/19/17 00:09:21   Node cbow_mean_lstm, HTCondor ID 1301, status STATUS_SUBMITTED
04/19/17 00:19:23 21705 seconds since last log event
04/19/17 00:19:23 Pending DAG nodes:
04/19/17 00:19:23   Node cbow_mean_lstm, HTCondor ID 1301, status STATUS_SUBMITTED
04/19/17 00:29:26 22308 seconds since last log event
04/19/17 00:29:26 Pending DAG nodes:
04/19/17 00:29:26   Node cbow_mean_lstm, HTCondor ID 1301, status STATUS_SUBMITTED
04/19/17 00:39:29 22911 seconds since last log event
04/19/17 00:39:29 Pending DAG nodes:
04/19/17 00:39:29   Node cbow_mean_lstm, HTCondor ID 1301, status STATUS_SUBMITTED
04/19/17 00:49:32 23514 seconds since last log event
04/19/17 00:49:32 Pending DAG nodes:
04/19/17 00:49:32   Node cbow_mean_lstm, HTCondor ID 1301, status STATUS_SUBMITTED
04/19/17 00:59:35 24117 seconds since last log event
04/19/17 00:59:35 Pending DAG nodes:
04/19/17 00:59:35   Node cbow_mean_lstm, HTCondor ID 1301, status STATUS_SUBMITTED
04/19/17 01:09:38 24720 seconds since last log event
04/19/17 01:09:38 Pending DAG nodes:
04/19/17 01:09:38   Node cbow_mean_lstm, HTCondor ID 1301, status STATUS_SUBMITTED
04/19/17 01:19:41 25323 seconds since last log event
04/19/17 01:19:41 Pending DAG nodes:
04/19/17 01:19:41   Node cbow_mean_lstm, HTCondor ID 1301, status STATUS_SUBMITTED
04/19/17 01:29:43 25925 seconds since last log event
04/19/17 01:29:43 Pending DAG nodes:
04/19/17 01:29:43   Node cbow_mean_lstm, HTCondor ID 1301, status STATUS_SUBMITTED
04/19/17 01:39:46 26528 seconds since last log event
04/19/17 01:39:46 Pending DAG nodes:
04/19/17 01:39:46   Node cbow_mean_lstm, HTCondor ID 1301, status STATUS_SUBMITTED
04/19/17 01:49:49 27131 seconds since last log event
04/19/17 01:49:49 Pending DAG nodes:
04/19/17 01:49:49   Node cbow_mean_lstm, HTCondor ID 1301, status STATUS_SUBMITTED
04/19/17 01:59:51 27733 seconds since last log event
04/19/17 01:59:51 Pending DAG nodes:
04/19/17 01:59:51   Node cbow_mean_lstm, HTCondor ID 1301, status STATUS_SUBMITTED
04/19/17 02:09:52 28334 seconds since last log event
04/19/17 02:09:52 Pending DAG nodes:
04/19/17 02:09:52   Node cbow_mean_lstm, HTCondor ID 1301, status STATUS_SUBMITTED
04/19/17 02:19:55 28937 seconds since last log event
04/19/17 02:19:55 Pending DAG nodes:
04/19/17 02:19:55   Node cbow_mean_lstm, HTCondor ID 1301, status STATUS_SUBMITTED
04/19/17 02:29:57 29539 seconds since last log event
04/19/17 02:29:57 Pending DAG nodes:
04/19/17 02:29:57   Node cbow_mean_lstm, HTCondor ID 1301, status STATUS_SUBMITTED
04/19/17 02:40:00 30142 seconds since last log event
04/19/17 02:40:00 Pending DAG nodes:
04/19/17 02:40:00   Node cbow_mean_lstm, HTCondor ID 1301, status STATUS_SUBMITTED
04/19/17 02:50:02 30744 seconds since last log event
04/19/17 02:50:02 Pending DAG nodes:
04/19/17 02:50:02   Node cbow_mean_lstm, HTCondor ID 1301, status STATUS_SUBMITTED
04/19/17 03:00:05 31347 seconds since last log event
04/19/17 03:00:05 Pending DAG nodes:
04/19/17 03:00:05   Node cbow_mean_lstm, HTCondor ID 1301, status STATUS_SUBMITTED
04/19/17 03:10:08 31950 seconds since last log event
04/19/17 03:10:08 Pending DAG nodes:
04/19/17 03:10:08   Node cbow_mean_lstm, HTCondor ID 1301, status STATUS_SUBMITTED
04/19/17 03:20:11 32553 seconds since last log event
04/19/17 03:20:11 Pending DAG nodes:
04/19/17 03:20:11   Node cbow_mean_lstm, HTCondor ID 1301, status STATUS_SUBMITTED
04/19/17 03:30:14 33156 seconds since last log event
04/19/17 03:30:14 Pending DAG nodes:
04/19/17 03:30:14   Node cbow_mean_lstm, HTCondor ID 1301, status STATUS_SUBMITTED
04/19/17 03:40:16 33758 seconds since last log event
04/19/17 03:40:16 Pending DAG nodes:
04/19/17 03:40:16   Node cbow_mean_lstm, HTCondor ID 1301, status STATUS_SUBMITTED
04/19/17 03:50:19 34361 seconds since last log event
04/19/17 03:50:19 Pending DAG nodes:
04/19/17 03:50:19   Node cbow_mean_lstm, HTCondor ID 1301, status STATUS_SUBMITTED
04/19/17 04:00:22 34964 seconds since last log event
04/19/17 04:00:22 Pending DAG nodes:
04/19/17 04:00:22   Node cbow_mean_lstm, HTCondor ID 1301, status STATUS_SUBMITTED
04/19/17 04:10:24 35566 seconds since last log event
04/19/17 04:10:24 Pending DAG nodes:
04/19/17 04:10:24   Node cbow_mean_lstm, HTCondor ID 1301, status STATUS_SUBMITTED
04/19/17 04:20:27 36169 seconds since last log event
04/19/17 04:20:27 Pending DAG nodes:
04/19/17 04:20:27   Node cbow_mean_lstm, HTCondor ID 1301, status STATUS_SUBMITTED
04/19/17 04:30:29 36771 seconds since last log event
04/19/17 04:30:29 Pending DAG nodes:
04/19/17 04:30:29   Node cbow_mean_lstm, HTCondor ID 1301, status STATUS_SUBMITTED
04/19/17 04:40:32 37374 seconds since last log event
04/19/17 04:40:32 Pending DAG nodes:
04/19/17 04:40:32   Node cbow_mean_lstm, HTCondor ID 1301, status STATUS_SUBMITTED
04/19/17 04:50:35 37977 seconds since last log event
04/19/17 04:50:35 Pending DAG nodes:
04/19/17 04:50:35   Node cbow_mean_lstm, HTCondor ID 1301, status STATUS_SUBMITTED
04/19/17 05:00:36 38578 seconds since last log event
04/19/17 05:00:36 Pending DAG nodes:
04/19/17 05:00:36   Node cbow_mean_lstm, HTCondor ID 1301, status STATUS_SUBMITTED
04/19/17 05:10:39 39181 seconds since last log event
04/19/17 05:10:39 Pending DAG nodes:
04/19/17 05:10:39   Node cbow_mean_lstm, HTCondor ID 1301, status STATUS_SUBMITTED
04/19/17 05:20:42 39784 seconds since last log event
04/19/17 05:20:42 Pending DAG nodes:
04/19/17 05:20:42   Node cbow_mean_lstm, HTCondor ID 1301, status STATUS_SUBMITTED
04/19/17 05:30:45 40387 seconds since last log event
04/19/17 05:30:45 Pending DAG nodes:
04/19/17 05:30:45   Node cbow_mean_lstm, HTCondor ID 1301, status STATUS_SUBMITTED
04/19/17 05:40:48 40990 seconds since last log event
04/19/17 05:40:48 Pending DAG nodes:
04/19/17 05:40:48   Node cbow_mean_lstm, HTCondor ID 1301, status STATUS_SUBMITTED
04/19/17 05:50:51 41593 seconds since last log event
04/19/17 05:50:51 Pending DAG nodes:
04/19/17 05:50:51   Node cbow_mean_lstm, HTCondor ID 1301, status STATUS_SUBMITTED
04/19/17 06:00:53 42195 seconds since last log event
04/19/17 06:00:53 Pending DAG nodes:
04/19/17 06:00:53   Node cbow_mean_lstm, HTCondor ID 1301, status STATUS_SUBMITTED
04/19/17 06:10:56 42798 seconds since last log event
04/19/17 06:10:56 Pending DAG nodes:
04/19/17 06:10:56   Node cbow_mean_lstm, HTCondor ID 1301, status STATUS_SUBMITTED
04/19/17 06:20:59 43401 seconds since last log event
04/19/17 06:20:59 Pending DAG nodes:
04/19/17 06:20:59   Node cbow_mean_lstm, HTCondor ID 1301, status STATUS_SUBMITTED
04/19/17 06:31:02 44004 seconds since last log event
04/19/17 06:31:02 Pending DAG nodes:
04/19/17 06:31:02   Node cbow_mean_lstm, HTCondor ID 1301, status STATUS_SUBMITTED
04/19/17 06:41:05 44607 seconds since last log event
04/19/17 06:41:05 Pending DAG nodes:
04/19/17 06:41:05   Node cbow_mean_lstm, HTCondor ID 1301, status STATUS_SUBMITTED
04/19/17 06:51:07 45209 seconds since last log event
04/19/17 06:51:07 Pending DAG nodes:
04/19/17 06:51:07   Node cbow_mean_lstm, HTCondor ID 1301, status STATUS_SUBMITTED
04/19/17 07:01:10 45812 seconds since last log event
04/19/17 07:01:10 Pending DAG nodes:
04/19/17 07:01:10   Node cbow_mean_lstm, HTCondor ID 1301, status STATUS_SUBMITTED
04/19/17 07:11:12 46414 seconds since last log event
04/19/17 07:11:12 Pending DAG nodes:
04/19/17 07:11:12   Node cbow_mean_lstm, HTCondor ID 1301, status STATUS_SUBMITTED
04/19/17 07:21:15 47017 seconds since last log event
04/19/17 07:21:15 Pending DAG nodes:
04/19/17 07:21:15   Node cbow_mean_lstm, HTCondor ID 1301, status STATUS_SUBMITTED
04/19/17 07:31:17 47619 seconds since last log event
04/19/17 07:31:17 Pending DAG nodes:
04/19/17 07:31:17   Node cbow_mean_lstm, HTCondor ID 1301, status STATUS_SUBMITTED
04/19/17 07:41:19 48221 seconds since last log event
04/19/17 07:41:19 Pending DAG nodes:
04/19/17 07:41:19   Node cbow_mean_lstm, HTCondor ID 1301, status STATUS_SUBMITTED
04/19/17 07:51:22 48824 seconds since last log event
04/19/17 07:51:22 Pending DAG nodes:
04/19/17 07:51:22   Node cbow_mean_lstm, HTCondor ID 1301, status STATUS_SUBMITTED
04/19/17 08:01:25 49427 seconds since last log event
04/19/17 08:01:25 Pending DAG nodes:
04/19/17 08:01:25   Node cbow_mean_lstm, HTCondor ID 1301, status STATUS_SUBMITTED
04/19/17 08:11:27 50029 seconds since last log event
04/19/17 08:11:27 Pending DAG nodes:
04/19/17 08:11:27   Node cbow_mean_lstm, HTCondor ID 1301, status STATUS_SUBMITTED
04/19/17 08:21:30 50632 seconds since last log event
04/19/17 08:21:30 Pending DAG nodes:
04/19/17 08:21:30   Node cbow_mean_lstm, HTCondor ID 1301, status STATUS_SUBMITTED
04/19/17 08:31:33 51235 seconds since last log event
04/19/17 08:31:33 Pending DAG nodes:
04/19/17 08:31:33   Node cbow_mean_lstm, HTCondor ID 1301, status STATUS_SUBMITTED
04/19/17 08:41:36 51838 seconds since last log event
04/19/17 08:41:36 Pending DAG nodes:
04/19/17 08:41:36   Node cbow_mean_lstm, HTCondor ID 1301, status STATUS_SUBMITTED
04/19/17 08:51:39 52441 seconds since last log event
04/19/17 08:51:39 Pending DAG nodes:
04/19/17 08:51:39   Node cbow_mean_lstm, HTCondor ID 1301, status STATUS_SUBMITTED
04/19/17 09:01:42 53044 seconds since last log event
04/19/17 09:01:42 Pending DAG nodes:
04/19/17 09:01:42   Node cbow_mean_lstm, HTCondor ID 1301, status STATUS_SUBMITTED
04/19/17 09:11:45 53647 seconds since last log event
04/19/17 09:11:45 Pending DAG nodes:
04/19/17 09:11:45   Node cbow_mean_lstm, HTCondor ID 1301, status STATUS_SUBMITTED
04/19/17 09:21:47 54249 seconds since last log event
04/19/17 09:21:47 Pending DAG nodes:
04/19/17 09:21:47   Node cbow_mean_lstm, HTCondor ID 1301, status STATUS_SUBMITTED
04/19/17 09:31:50 54852 seconds since last log event
04/19/17 09:31:50 Pending DAG nodes:
04/19/17 09:31:50   Node cbow_mean_lstm, HTCondor ID 1301, status STATUS_SUBMITTED
04/19/17 09:41:53 55455 seconds since last log event
04/19/17 09:41:53 Pending DAG nodes:
04/19/17 09:41:53   Node cbow_mean_lstm, HTCondor ID 1301, status STATUS_SUBMITTED
04/19/17 09:51:56 56058 seconds since last log event
04/19/17 09:51:56 Pending DAG nodes:
04/19/17 09:51:56   Node cbow_mean_lstm, HTCondor ID 1301, status STATUS_SUBMITTED
04/19/17 10:01:59 56661 seconds since last log event
04/19/17 10:01:59 Pending DAG nodes:
04/19/17 10:01:59   Node cbow_mean_lstm, HTCondor ID 1301, status STATUS_SUBMITTED
04/19/17 10:12:01 57263 seconds since last log event
04/19/17 10:12:01 Pending DAG nodes:
04/19/17 10:12:01   Node cbow_mean_lstm, HTCondor ID 1301, status STATUS_SUBMITTED
04/19/17 10:22:04 57866 seconds since last log event
04/19/17 10:22:04 Pending DAG nodes:
04/19/17 10:22:04   Node cbow_mean_lstm, HTCondor ID 1301, status STATUS_SUBMITTED
04/19/17 10:32:07 58469 seconds since last log event
04/19/17 10:32:07 Pending DAG nodes:
04/19/17 10:32:07   Node cbow_mean_lstm, HTCondor ID 1301, status STATUS_SUBMITTED
04/19/17 10:42:10 59072 seconds since last log event
04/19/17 10:42:10 Pending DAG nodes:
04/19/17 10:42:10   Node cbow_mean_lstm, HTCondor ID 1301, status STATUS_SUBMITTED
04/19/17 10:52:13 59675 seconds since last log event
04/19/17 10:52:13 Pending DAG nodes:
04/19/17 10:52:13   Node cbow_mean_lstm, HTCondor ID 1301, status STATUS_SUBMITTED
04/19/17 11:02:15 60277 seconds since last log event
04/19/17 11:02:15 Pending DAG nodes:
04/19/17 11:02:15   Node cbow_mean_lstm, HTCondor ID 1301, status STATUS_SUBMITTED
04/19/17 11:12:18 60880 seconds since last log event
04/19/17 11:12:18 Pending DAG nodes:
04/19/17 11:12:18   Node cbow_mean_lstm, HTCondor ID 1301, status STATUS_SUBMITTED
04/19/17 11:22:20 61482 seconds since last log event
04/19/17 11:22:20 Pending DAG nodes:
04/19/17 11:22:20   Node cbow_mean_lstm, HTCondor ID 1301, status STATUS_SUBMITTED
04/19/17 11:32:23 62085 seconds since last log event
04/19/17 11:32:23 Pending DAG nodes:
04/19/17 11:32:23   Node cbow_mean_lstm, HTCondor ID 1301, status STATUS_SUBMITTED
04/19/17 11:42:26 62688 seconds since last log event
04/19/17 11:42:26 Pending DAG nodes:
04/19/17 11:42:26   Node cbow_mean_lstm, HTCondor ID 1301, status STATUS_SUBMITTED
04/19/17 11:52:28 63290 seconds since last log event
04/19/17 11:52:28 Pending DAG nodes:
04/19/17 11:52:28   Node cbow_mean_lstm, HTCondor ID 1301, status STATUS_SUBMITTED
04/19/17 12:02:31 63893 seconds since last log event
04/19/17 12:02:31 Pending DAG nodes:
04/19/17 12:02:31   Node cbow_mean_lstm, HTCondor ID 1301, status STATUS_SUBMITTED
04/19/17 12:12:34 64496 seconds since last log event
04/19/17 12:12:34 Pending DAG nodes:
04/19/17 12:12:34   Node cbow_mean_lstm, HTCondor ID 1301, status STATUS_SUBMITTED
04/19/17 12:22:36 65098 seconds since last log event
04/19/17 12:22:36 Pending DAG nodes:
04/19/17 12:22:36   Node cbow_mean_lstm, HTCondor ID 1301, status STATUS_SUBMITTED
04/19/17 12:32:39 65701 seconds since last log event
04/19/17 12:32:39 Pending DAG nodes:
04/19/17 12:32:39   Node cbow_mean_lstm, HTCondor ID 1301, status STATUS_SUBMITTED
04/19/17 12:42:42 66304 seconds since last log event
04/19/17 12:42:42 Pending DAG nodes:
04/19/17 12:42:42   Node cbow_mean_lstm, HTCondor ID 1301, status STATUS_SUBMITTED
04/19/17 12:52:44 66906 seconds since last log event
04/19/17 12:52:44 Pending DAG nodes:
04/19/17 12:52:44   Node cbow_mean_lstm, HTCondor ID 1301, status STATUS_SUBMITTED
04/19/17 13:02:47 67509 seconds since last log event
04/19/17 13:02:47 Pending DAG nodes:
04/19/17 13:02:47   Node cbow_mean_lstm, HTCondor ID 1301, status STATUS_SUBMITTED
04/19/17 13:12:49 68111 seconds since last log event
04/19/17 13:12:49 Pending DAG nodes:
04/19/17 13:12:49   Node cbow_mean_lstm, HTCondor ID 1301, status STATUS_SUBMITTED
04/19/17 13:22:51 68713 seconds since last log event
04/19/17 13:22:51 Pending DAG nodes:
04/19/17 13:22:51   Node cbow_mean_lstm, HTCondor ID 1301, status STATUS_SUBMITTED
04/19/17 13:32:54 69316 seconds since last log event
04/19/17 13:32:54 Pending DAG nodes:
04/19/17 13:32:54   Node cbow_mean_lstm, HTCondor ID 1301, status STATUS_SUBMITTED
04/19/17 13:42:56 69918 seconds since last log event
04/19/17 13:42:56 Pending DAG nodes:
04/19/17 13:42:56   Node cbow_mean_lstm, HTCondor ID 1301, status STATUS_SUBMITTED
04/19/17 13:52:58 70520 seconds since last log event
04/19/17 13:52:58 Pending DAG nodes:
04/19/17 13:52:58   Node cbow_mean_lstm, HTCondor ID 1301, status STATUS_SUBMITTED
04/19/17 14:03:00 71122 seconds since last log event
04/19/17 14:03:00 Pending DAG nodes:
04/19/17 14:03:00   Node cbow_mean_lstm, HTCondor ID 1301, status STATUS_SUBMITTED
04/19/17 14:13:03 71725 seconds since last log event
04/19/17 14:13:03 Pending DAG nodes:
04/19/17 14:13:03   Node cbow_mean_lstm, HTCondor ID 1301, status STATUS_SUBMITTED
04/19/17 14:23:05 72327 seconds since last log event
04/19/17 14:23:05 Pending DAG nodes:
04/19/17 14:23:05   Node cbow_mean_lstm, HTCondor ID 1301, status STATUS_SUBMITTED
04/19/17 14:33:08 72930 seconds since last log event
04/19/17 14:33:08 Pending DAG nodes:
04/19/17 14:33:08   Node cbow_mean_lstm, HTCondor ID 1301, status STATUS_SUBMITTED
04/19/17 14:43:10 73532 seconds since last log event
04/19/17 14:43:10 Pending DAG nodes:
04/19/17 14:43:10   Node cbow_mean_lstm, HTCondor ID 1301, status STATUS_SUBMITTED
04/19/17 14:53:12 74134 seconds since last log event
04/19/17 14:53:12 Pending DAG nodes:
04/19/17 14:53:12   Node cbow_mean_lstm, HTCondor ID 1301, status STATUS_SUBMITTED
04/19/17 15:03:15 74737 seconds since last log event
04/19/17 15:03:15 Pending DAG nodes:
04/19/17 15:03:15   Node cbow_mean_lstm, HTCondor ID 1301, status STATUS_SUBMITTED
04/19/17 15:13:17 75339 seconds since last log event
04/19/17 15:13:17 Pending DAG nodes:
04/19/17 15:13:17   Node cbow_mean_lstm, HTCondor ID 1301, status STATUS_SUBMITTED
04/19/17 15:23:19 75941 seconds since last log event
04/19/17 15:23:19 Pending DAG nodes:
04/19/17 15:23:19   Node cbow_mean_lstm, HTCondor ID 1301, status STATUS_SUBMITTED
04/19/17 15:33:21 76543 seconds since last log event
04/19/17 15:33:21 Pending DAG nodes:
04/19/17 15:33:21   Node cbow_mean_lstm, HTCondor ID 1301, status STATUS_SUBMITTED
04/19/17 15:43:24 77146 seconds since last log event
04/19/17 15:43:24 Pending DAG nodes:
04/19/17 15:43:24   Node cbow_mean_lstm, HTCondor ID 1301, status STATUS_SUBMITTED
04/19/17 15:53:27 77749 seconds since last log event
04/19/17 15:53:27 Pending DAG nodes:
04/19/17 15:53:27   Node cbow_mean_lstm, HTCondor ID 1301, status STATUS_SUBMITTED
04/19/17 16:03:30 78352 seconds since last log event
04/19/17 16:03:30 Pending DAG nodes:
04/19/17 16:03:30   Node cbow_mean_lstm, HTCondor ID 1301, status STATUS_SUBMITTED
04/19/17 16:13:33 78955 seconds since last log event
04/19/17 16:13:33 Pending DAG nodes:
04/19/17 16:13:33   Node cbow_mean_lstm, HTCondor ID 1301, status STATUS_SUBMITTED
04/19/17 16:23:35 79557 seconds since last log event
04/19/17 16:23:35 Pending DAG nodes:
04/19/17 16:23:35   Node cbow_mean_lstm, HTCondor ID 1301, status STATUS_SUBMITTED
04/19/17 16:33:38 80160 seconds since last log event
04/19/17 16:33:38 Pending DAG nodes:
04/19/17 16:33:38   Node cbow_mean_lstm, HTCondor ID 1301, status STATUS_SUBMITTED
04/19/17 16:43:41 80763 seconds since last log event
04/19/17 16:43:41 Pending DAG nodes:
04/19/17 16:43:41   Node cbow_mean_lstm, HTCondor ID 1301, status STATUS_SUBMITTED
04/19/17 16:53:44 81366 seconds since last log event
04/19/17 16:53:44 Pending DAG nodes:
04/19/17 16:53:44   Node cbow_mean_lstm, HTCondor ID 1301, status STATUS_SUBMITTED
04/19/17 17:03:47 81969 seconds since last log event
04/19/17 17:03:47 Pending DAG nodes:
04/19/17 17:03:47   Node cbow_mean_lstm, HTCondor ID 1301, status STATUS_SUBMITTED
04/19/17 17:13:50 82572 seconds since last log event
04/19/17 17:13:50 Pending DAG nodes:
04/19/17 17:13:50   Node cbow_mean_lstm, HTCondor ID 1301, status STATUS_SUBMITTED
04/19/17 17:23:53 83175 seconds since last log event
04/19/17 17:23:53 Pending DAG nodes:
04/19/17 17:23:53   Node cbow_mean_lstm, HTCondor ID 1301, status STATUS_SUBMITTED
04/19/17 17:33:56 83778 seconds since last log event
04/19/17 17:33:56 Pending DAG nodes:
04/19/17 17:33:56   Node cbow_mean_lstm, HTCondor ID 1301, status STATUS_SUBMITTED
04/19/17 17:43:59 84381 seconds since last log event
04/19/17 17:43:59 Pending DAG nodes:
04/19/17 17:43:59   Node cbow_mean_lstm, HTCondor ID 1301, status STATUS_SUBMITTED
04/19/17 17:54:01 84983 seconds since last log event
04/19/17 17:54:01 Pending DAG nodes:
04/19/17 17:54:01   Node cbow_mean_lstm, HTCondor ID 1301, status STATUS_SUBMITTED
04/19/17 18:04:04 85586 seconds since last log event
04/19/17 18:04:04 Pending DAG nodes:
04/19/17 18:04:04   Node cbow_mean_lstm, HTCondor ID 1301, status STATUS_SUBMITTED
04/19/17 18:14:06 86188 seconds since last log event
04/19/17 18:14:06 Pending DAG nodes:
04/19/17 18:14:06   Node cbow_mean_lstm, HTCondor ID 1301, status STATUS_SUBMITTED
04/19/17 18:24:08 86790 seconds since last log event
04/19/17 18:24:08 Pending DAG nodes:
04/19/17 18:24:08   Node cbow_mean_lstm, HTCondor ID 1301, status STATUS_SUBMITTED
04/19/17 18:34:10 87392 seconds since last log event
04/19/17 18:34:10 Pending DAG nodes:
04/19/17 18:34:10   Node cbow_mean_lstm, HTCondor ID 1301, status STATUS_SUBMITTED
04/19/17 18:44:13 87995 seconds since last log event
04/19/17 18:44:13 Pending DAG nodes:
04/19/17 18:44:13   Node cbow_mean_lstm, HTCondor ID 1301, status STATUS_SUBMITTED
04/19/17 18:54:15 88597 seconds since last log event
04/19/17 18:54:15 Pending DAG nodes:
04/19/17 18:54:15   Node cbow_mean_lstm, HTCondor ID 1301, status STATUS_SUBMITTED
04/19/17 19:04:18 89200 seconds since last log event
04/19/17 19:04:18 Pending DAG nodes:
04/19/17 19:04:18   Node cbow_mean_lstm, HTCondor ID 1301, status STATUS_SUBMITTED
04/19/17 19:14:21 89803 seconds since last log event
04/19/17 19:14:21 Pending DAG nodes:
04/19/17 19:14:21   Node cbow_mean_lstm, HTCondor ID 1301, status STATUS_SUBMITTED
04/19/17 19:24:23 90405 seconds since last log event
04/19/17 19:24:23 Pending DAG nodes:
04/19/17 19:24:23   Node cbow_mean_lstm, HTCondor ID 1301, status STATUS_SUBMITTED
04/19/17 19:34:26 91008 seconds since last log event
04/19/17 19:34:26 Pending DAG nodes:
04/19/17 19:34:26   Node cbow_mean_lstm, HTCondor ID 1301, status STATUS_SUBMITTED
04/19/17 19:44:29 91611 seconds since last log event
04/19/17 19:44:29 Pending DAG nodes:
04/19/17 19:44:29   Node cbow_mean_lstm, HTCondor ID 1301, status STATUS_SUBMITTED
04/19/17 19:54:32 92214 seconds since last log event
04/19/17 19:54:32 Pending DAG nodes:
04/19/17 19:54:32   Node cbow_mean_lstm, HTCondor ID 1301, status STATUS_SUBMITTED
04/19/17 20:04:34 92816 seconds since last log event
04/19/17 20:04:34 Pending DAG nodes:
04/19/17 20:04:34   Node cbow_mean_lstm, HTCondor ID 1301, status STATUS_SUBMITTED
04/19/17 20:14:37 93419 seconds since last log event
04/19/17 20:14:37 Pending DAG nodes:
04/19/17 20:14:37   Node cbow_mean_lstm, HTCondor ID 1301, status STATUS_SUBMITTED
04/19/17 20:24:40 94022 seconds since last log event
04/19/17 20:24:40 Pending DAG nodes:
04/19/17 20:24:40   Node cbow_mean_lstm, HTCondor ID 1301, status STATUS_SUBMITTED
04/19/17 20:34:43 94625 seconds since last log event
04/19/17 20:34:43 Pending DAG nodes:
04/19/17 20:34:43   Node cbow_mean_lstm, HTCondor ID 1301, status STATUS_SUBMITTED
04/19/17 20:44:46 95228 seconds since last log event
04/19/17 20:44:46 Pending DAG nodes:
04/19/17 20:44:46   Node cbow_mean_lstm, HTCondor ID 1301, status STATUS_SUBMITTED
04/19/17 20:54:48 95830 seconds since last log event
04/19/17 20:54:48 Pending DAG nodes:
04/19/17 20:54:48   Node cbow_mean_lstm, HTCondor ID 1301, status STATUS_SUBMITTED
04/19/17 21:04:51 96433 seconds since last log event
04/19/17 21:04:51 Pending DAG nodes:
04/19/17 21:04:51   Node cbow_mean_lstm, HTCondor ID 1301, status STATUS_SUBMITTED
04/19/17 21:14:53 97035 seconds since last log event
04/19/17 21:14:53 Pending DAG nodes:
04/19/17 21:14:53   Node cbow_mean_lstm, HTCondor ID 1301, status STATUS_SUBMITTED
04/19/17 21:24:55 97637 seconds since last log event
04/19/17 21:24:55 Pending DAG nodes:
04/19/17 21:24:55   Node cbow_mean_lstm, HTCondor ID 1301, status STATUS_SUBMITTED
04/19/17 21:34:58 98240 seconds since last log event
04/19/17 21:34:58 Pending DAG nodes:
04/19/17 21:34:58   Node cbow_mean_lstm, HTCondor ID 1301, status STATUS_SUBMITTED
04/19/17 21:45:01 98843 seconds since last log event
04/19/17 21:45:01 Pending DAG nodes:
04/19/17 21:45:01   Node cbow_mean_lstm, HTCondor ID 1301, status STATUS_SUBMITTED
04/19/17 21:55:04 99446 seconds since last log event
04/19/17 21:55:04 Pending DAG nodes:
04/19/17 21:55:04   Node cbow_mean_lstm, HTCondor ID 1301, status STATUS_SUBMITTED
04/19/17 22:05:07 100049 seconds since last log event
04/19/17 22:05:07 Pending DAG nodes:
04/19/17 22:05:07   Node cbow_mean_lstm, HTCondor ID 1301, status STATUS_SUBMITTED
04/19/17 22:15:10 100652 seconds since last log event
04/19/17 22:15:10 Pending DAG nodes:
04/19/17 22:15:10   Node cbow_mean_lstm, HTCondor ID 1301, status STATUS_SUBMITTED
04/19/17 22:25:13 101255 seconds since last log event
04/19/17 22:25:13 Pending DAG nodes:
04/19/17 22:25:13   Node cbow_mean_lstm, HTCondor ID 1301, status STATUS_SUBMITTED
04/19/17 22:35:16 101858 seconds since last log event
04/19/17 22:35:16 Pending DAG nodes:
04/19/17 22:35:16   Node cbow_mean_lstm, HTCondor ID 1301, status STATUS_SUBMITTED
04/19/17 22:45:19 102461 seconds since last log event
04/19/17 22:45:19 Pending DAG nodes:
04/19/17 22:45:19   Node cbow_mean_lstm, HTCondor ID 1301, status STATUS_SUBMITTED
04/19/17 22:55:22 103064 seconds since last log event
04/19/17 22:55:22 Pending DAG nodes:
04/19/17 22:55:22   Node cbow_mean_lstm, HTCondor ID 1301, status STATUS_SUBMITTED
04/19/17 23:05:25 103667 seconds since last log event
04/19/17 23:05:25 Pending DAG nodes:
04/19/17 23:05:25   Node cbow_mean_lstm, HTCondor ID 1301, status STATUS_SUBMITTED
04/19/17 23:15:27 104269 seconds since last log event
04/19/17 23:15:27 Pending DAG nodes:
04/19/17 23:15:27   Node cbow_mean_lstm, HTCondor ID 1301, status STATUS_SUBMITTED
04/19/17 23:25:30 104872 seconds since last log event
04/19/17 23:25:30 Pending DAG nodes:
04/19/17 23:25:30   Node cbow_mean_lstm, HTCondor ID 1301, status STATUS_SUBMITTED
04/19/17 23:35:33 105475 seconds since last log event
04/19/17 23:35:33 Pending DAG nodes:
04/19/17 23:35:33   Node cbow_mean_lstm, HTCondor ID 1301, status STATUS_SUBMITTED
04/19/17 23:45:36 106078 seconds since last log event
04/19/17 23:45:36 Pending DAG nodes:
04/19/17 23:45:36   Node cbow_mean_lstm, HTCondor ID 1301, status STATUS_SUBMITTED
04/19/17 23:55:39 106681 seconds since last log event
04/19/17 23:55:39 Pending DAG nodes:
04/19/17 23:55:39   Node cbow_mean_lstm, HTCondor ID 1301, status STATUS_SUBMITTED
04/20/17 00:05:41 107283 seconds since last log event
04/20/17 00:05:41 Pending DAG nodes:
04/20/17 00:05:41   Node cbow_mean_lstm, HTCondor ID 1301, status STATUS_SUBMITTED
04/20/17 00:15:44 107886 seconds since last log event
04/20/17 00:15:44 Pending DAG nodes:
04/20/17 00:15:44   Node cbow_mean_lstm, HTCondor ID 1301, status STATUS_SUBMITTED
04/20/17 00:25:47 108489 seconds since last log event
04/20/17 00:25:47 Pending DAG nodes:
04/20/17 00:25:47   Node cbow_mean_lstm, HTCondor ID 1301, status STATUS_SUBMITTED
04/20/17 00:35:50 109092 seconds since last log event
04/20/17 00:35:50 Pending DAG nodes:
04/20/17 00:35:50   Node cbow_mean_lstm, HTCondor ID 1301, status STATUS_SUBMITTED
04/20/17 00:45:53 109695 seconds since last log event
04/20/17 00:45:53 Pending DAG nodes:
04/20/17 00:45:53   Node cbow_mean_lstm, HTCondor ID 1301, status STATUS_SUBMITTED
04/20/17 00:55:56 110298 seconds since last log event
04/20/17 00:55:56 Pending DAG nodes:
04/20/17 00:55:56   Node cbow_mean_lstm, HTCondor ID 1301, status STATUS_SUBMITTED
04/20/17 01:05:59 110901 seconds since last log event
04/20/17 01:05:59 Pending DAG nodes:
04/20/17 01:05:59   Node cbow_mean_lstm, HTCondor ID 1301, status STATUS_SUBMITTED
04/20/17 01:16:02 111504 seconds since last log event
04/20/17 01:16:02 Pending DAG nodes:
04/20/17 01:16:02   Node cbow_mean_lstm, HTCondor ID 1301, status STATUS_SUBMITTED
04/20/17 01:26:05 112107 seconds since last log event
04/20/17 01:26:05 Pending DAG nodes:
04/20/17 01:26:05   Node cbow_mean_lstm, HTCondor ID 1301, status STATUS_SUBMITTED
04/20/17 01:36:07 112709 seconds since last log event
04/20/17 01:36:07 Pending DAG nodes:
04/20/17 01:36:07   Node cbow_mean_lstm, HTCondor ID 1301, status STATUS_SUBMITTED
04/20/17 01:46:09 113311 seconds since last log event
04/20/17 01:46:09 Pending DAG nodes:
04/20/17 01:46:09   Node cbow_mean_lstm, HTCondor ID 1301, status STATUS_SUBMITTED
04/20/17 01:56:12 113914 seconds since last log event
04/20/17 01:56:12 Pending DAG nodes:
04/20/17 01:56:12   Node cbow_mean_lstm, HTCondor ID 1301, status STATUS_SUBMITTED
04/20/17 02:06:15 114517 seconds since last log event
04/20/17 02:06:15 Pending DAG nodes:
04/20/17 02:06:15   Node cbow_mean_lstm, HTCondor ID 1301, status STATUS_SUBMITTED
04/20/17 02:16:18 115120 seconds since last log event
04/20/17 02:16:18 Pending DAG nodes:
04/20/17 02:16:18   Node cbow_mean_lstm, HTCondor ID 1301, status STATUS_SUBMITTED
04/20/17 02:26:21 115723 seconds since last log event
04/20/17 02:26:21 Pending DAG nodes:
04/20/17 02:26:21   Node cbow_mean_lstm, HTCondor ID 1301, status STATUS_SUBMITTED
04/20/17 02:36:24 116326 seconds since last log event
04/20/17 02:36:24 Pending DAG nodes:
04/20/17 02:36:24   Node cbow_mean_lstm, HTCondor ID 1301, status STATUS_SUBMITTED
04/20/17 02:46:27 116929 seconds since last log event
04/20/17 02:46:27 Pending DAG nodes:
04/20/17 02:46:27   Node cbow_mean_lstm, HTCondor ID 1301, status STATUS_SUBMITTED
04/20/17 02:56:30 117532 seconds since last log event
04/20/17 02:56:30 Pending DAG nodes:
04/20/17 02:56:30   Node cbow_mean_lstm, HTCondor ID 1301, status STATUS_SUBMITTED
04/20/17 03:06:33 118135 seconds since last log event
04/20/17 03:06:33 Pending DAG nodes:
04/20/17 03:06:33   Node cbow_mean_lstm, HTCondor ID 1301, status STATUS_SUBMITTED
04/20/17 03:16:36 118738 seconds since last log event
04/20/17 03:16:36 Pending DAG nodes:
04/20/17 03:16:36   Node cbow_mean_lstm, HTCondor ID 1301, status STATUS_SUBMITTED
04/20/17 03:26:39 119341 seconds since last log event
04/20/17 03:26:39 Pending DAG nodes:
04/20/17 03:26:39   Node cbow_mean_lstm, HTCondor ID 1301, status STATUS_SUBMITTED
04/20/17 03:36:42 119944 seconds since last log event
04/20/17 03:36:42 Pending DAG nodes:
04/20/17 03:36:42   Node cbow_mean_lstm, HTCondor ID 1301, status STATUS_SUBMITTED
04/20/17 03:46:44 120546 seconds since last log event
04/20/17 03:46:44 Pending DAG nodes:
04/20/17 03:46:44   Node cbow_mean_lstm, HTCondor ID 1301, status STATUS_SUBMITTED
04/20/17 03:56:47 121149 seconds since last log event
04/20/17 03:56:47 Pending DAG nodes:
04/20/17 03:56:47   Node cbow_mean_lstm, HTCondor ID 1301, status STATUS_SUBMITTED
04/20/17 04:06:50 121752 seconds since last log event
04/20/17 04:06:50 Pending DAG nodes:
04/20/17 04:06:50   Node cbow_mean_lstm, HTCondor ID 1301, status STATUS_SUBMITTED
04/20/17 04:16:52 122354 seconds since last log event
04/20/17 04:16:52 Pending DAG nodes:
04/20/17 04:16:52   Node cbow_mean_lstm, HTCondor ID 1301, status STATUS_SUBMITTED
04/20/17 04:26:55 122957 seconds since last log event
04/20/17 04:26:55 Pending DAG nodes:
04/20/17 04:26:55   Node cbow_mean_lstm, HTCondor ID 1301, status STATUS_SUBMITTED
04/20/17 04:36:58 123560 seconds since last log event
04/20/17 04:36:58 Pending DAG nodes:
04/20/17 04:36:58   Node cbow_mean_lstm, HTCondor ID 1301, status STATUS_SUBMITTED
04/20/17 04:47:01 124163 seconds since last log event
04/20/17 04:47:01 Pending DAG nodes:
04/20/17 04:47:01   Node cbow_mean_lstm, HTCondor ID 1301, status STATUS_SUBMITTED
04/20/17 04:57:04 124766 seconds since last log event
04/20/17 04:57:04 Pending DAG nodes:
04/20/17 04:57:04   Node cbow_mean_lstm, HTCondor ID 1301, status STATUS_SUBMITTED
04/20/17 05:07:06 125368 seconds since last log event
04/20/17 05:07:06 Pending DAG nodes:
04/20/17 05:07:06   Node cbow_mean_lstm, HTCondor ID 1301, status STATUS_SUBMITTED
04/20/17 05:17:07 125969 seconds since last log event
04/20/17 05:17:07 Pending DAG nodes:
04/20/17 05:17:07   Node cbow_mean_lstm, HTCondor ID 1301, status STATUS_SUBMITTED
04/20/17 05:27:08 126570 seconds since last log event
04/20/17 05:27:08 Pending DAG nodes:
04/20/17 05:27:08   Node cbow_mean_lstm, HTCondor ID 1301, status STATUS_SUBMITTED
04/20/17 05:37:11 127173 seconds since last log event
04/20/17 05:37:11 Pending DAG nodes:
04/20/17 05:37:11   Node cbow_mean_lstm, HTCondor ID 1301, status STATUS_SUBMITTED
04/20/17 05:47:14 127776 seconds since last log event
04/20/17 05:47:14 Pending DAG nodes:
04/20/17 05:47:14   Node cbow_mean_lstm, HTCondor ID 1301, status STATUS_SUBMITTED
04/20/17 05:57:17 128379 seconds since last log event
04/20/17 05:57:17 Pending DAG nodes:
04/20/17 05:57:17   Node cbow_mean_lstm, HTCondor ID 1301, status STATUS_SUBMITTED
04/20/17 06:07:20 128982 seconds since last log event
04/20/17 06:07:20 Pending DAG nodes:
04/20/17 06:07:20   Node cbow_mean_lstm, HTCondor ID 1301, status STATUS_SUBMITTED
04/20/17 06:17:23 129585 seconds since last log event
04/20/17 06:17:23 Pending DAG nodes:
04/20/17 06:17:23   Node cbow_mean_lstm, HTCondor ID 1301, status STATUS_SUBMITTED
04/20/17 06:27:26 130188 seconds since last log event
04/20/17 06:27:26 Pending DAG nodes:
04/20/17 06:27:26   Node cbow_mean_lstm, HTCondor ID 1301, status STATUS_SUBMITTED
04/20/17 06:37:29 130791 seconds since last log event
04/20/17 06:37:29 Pending DAG nodes:
04/20/17 06:37:29   Node cbow_mean_lstm, HTCondor ID 1301, status STATUS_SUBMITTED
04/20/17 06:47:31 131393 seconds since last log event
04/20/17 06:47:31 Pending DAG nodes:
04/20/17 06:47:31   Node cbow_mean_lstm, HTCondor ID 1301, status STATUS_SUBMITTED
04/20/17 06:57:33 131995 seconds since last log event
04/20/17 06:57:33 Pending DAG nodes:
04/20/17 06:57:33   Node cbow_mean_lstm, HTCondor ID 1301, status STATUS_SUBMITTED
04/20/17 07:07:36 132598 seconds since last log event
04/20/17 07:07:36 Pending DAG nodes:
04/20/17 07:07:36   Node cbow_mean_lstm, HTCondor ID 1301, status STATUS_SUBMITTED
04/20/17 07:17:39 133201 seconds since last log event
04/20/17 07:17:39 Pending DAG nodes:
04/20/17 07:17:39   Node cbow_mean_lstm, HTCondor ID 1301, status STATUS_SUBMITTED
04/20/17 07:27:41 133803 seconds since last log event
04/20/17 07:27:41 Pending DAG nodes:
04/20/17 07:27:41   Node cbow_mean_lstm, HTCondor ID 1301, status STATUS_SUBMITTED
04/20/17 07:37:44 134406 seconds since last log event
04/20/17 07:37:44 Pending DAG nodes:
04/20/17 07:37:44   Node cbow_mean_lstm, HTCondor ID 1301, status STATUS_SUBMITTED
04/20/17 07:47:47 135009 seconds since last log event
04/20/17 07:47:47 Pending DAG nodes:
04/20/17 07:47:47   Node cbow_mean_lstm, HTCondor ID 1301, status STATUS_SUBMITTED
04/20/17 07:57:49 135611 seconds since last log event
04/20/17 07:57:49 Pending DAG nodes:
04/20/17 07:57:49   Node cbow_mean_lstm, HTCondor ID 1301, status STATUS_SUBMITTED
04/20/17 08:07:52 136214 seconds since last log event
04/20/17 08:07:52 Pending DAG nodes:
04/20/17 08:07:52   Node cbow_mean_lstm, HTCondor ID 1301, status STATUS_SUBMITTED
04/20/17 08:17:55 136817 seconds since last log event
04/20/17 08:17:55 Pending DAG nodes:
04/20/17 08:17:55   Node cbow_mean_lstm, HTCondor ID 1301, status STATUS_SUBMITTED
04/20/17 08:27:57 137419 seconds since last log event
04/20/17 08:27:57 Pending DAG nodes:
04/20/17 08:27:57   Node cbow_mean_lstm, HTCondor ID 1301, status STATUS_SUBMITTED
04/20/17 08:38:00 138022 seconds since last log event
04/20/17 08:38:00 Pending DAG nodes:
04/20/17 08:38:00   Node cbow_mean_lstm, HTCondor ID 1301, status STATUS_SUBMITTED
04/20/17 08:48:03 138625 seconds since last log event
04/20/17 08:48:03 Pending DAG nodes:
04/20/17 08:48:03   Node cbow_mean_lstm, HTCondor ID 1301, status STATUS_SUBMITTED
04/20/17 08:58:06 139228 seconds since last log event
04/20/17 08:58:06 Pending DAG nodes:
04/20/17 08:58:06   Node cbow_mean_lstm, HTCondor ID 1301, status STATUS_SUBMITTED
04/20/17 09:08:09 139831 seconds since last log event
04/20/17 09:08:09 Pending DAG nodes:
04/20/17 09:08:09   Node cbow_mean_lstm, HTCondor ID 1301, status STATUS_SUBMITTED
04/20/17 09:18:12 140434 seconds since last log event
04/20/17 09:18:12 Pending DAG nodes:
04/20/17 09:18:12   Node cbow_mean_lstm, HTCondor ID 1301, status STATUS_SUBMITTED
04/20/17 09:28:15 141037 seconds since last log event
04/20/17 09:28:15 Pending DAG nodes:
04/20/17 09:28:15   Node cbow_mean_lstm, HTCondor ID 1301, status STATUS_SUBMITTED
04/20/17 09:38:18 141640 seconds since last log event
04/20/17 09:38:18 Pending DAG nodes:
04/20/17 09:38:18   Node cbow_mean_lstm, HTCondor ID 1301, status STATUS_SUBMITTED
04/20/17 09:48:21 142243 seconds since last log event
04/20/17 09:48:21 Pending DAG nodes:
04/20/17 09:48:21   Node cbow_mean_lstm, HTCondor ID 1301, status STATUS_SUBMITTED
04/20/17 09:58:23 142845 seconds since last log event
04/20/17 09:58:23 Pending DAG nodes:
04/20/17 09:58:23   Node cbow_mean_lstm, HTCondor ID 1301, status STATUS_SUBMITTED
04/20/17 10:08:25 143447 seconds since last log event
04/20/17 10:08:25 Pending DAG nodes:
04/20/17 10:08:25   Node cbow_mean_lstm, HTCondor ID 1301, status STATUS_SUBMITTED
04/20/17 10:18:28 144050 seconds since last log event
04/20/17 10:18:28 Pending DAG nodes:
04/20/17 10:18:28   Node cbow_mean_lstm, HTCondor ID 1301, status STATUS_SUBMITTED
04/20/17 10:28:30 144652 seconds since last log event
04/20/17 10:28:30 Pending DAG nodes:
04/20/17 10:28:30   Node cbow_mean_lstm, HTCondor ID 1301, status STATUS_SUBMITTED
04/20/17 10:38:31 145253 seconds since last log event
04/20/17 10:38:31 Pending DAG nodes:
04/20/17 10:38:31   Node cbow_mean_lstm, HTCondor ID 1301, status STATUS_SUBMITTED
04/20/17 10:48:33 145855 seconds since last log event
04/20/17 10:48:33 Pending DAG nodes:
04/20/17 10:48:33   Node cbow_mean_lstm, HTCondor ID 1301, status STATUS_SUBMITTED
04/20/17 10:58:36 146458 seconds since last log event
04/20/17 10:58:36 Pending DAG nodes:
04/20/17 10:58:36   Node cbow_mean_lstm, HTCondor ID 1301, status STATUS_SUBMITTED
04/20/17 11:08:39 147061 seconds since last log event
04/20/17 11:08:39 Pending DAG nodes:
04/20/17 11:08:39   Node cbow_mean_lstm, HTCondor ID 1301, status STATUS_SUBMITTED
04/20/17 11:18:42 147664 seconds since last log event
04/20/17 11:18:42 Pending DAG nodes:
04/20/17 11:18:42   Node cbow_mean_lstm, HTCondor ID 1301, status STATUS_SUBMITTED
04/20/17 11:28:44 148266 seconds since last log event
04/20/17 11:28:44 Pending DAG nodes:
04/20/17 11:28:44   Node cbow_mean_lstm, HTCondor ID 1301, status STATUS_SUBMITTED
04/20/17 11:38:46 148868 seconds since last log event
04/20/17 11:38:46 Pending DAG nodes:
04/20/17 11:38:46   Node cbow_mean_lstm, HTCondor ID 1301, status STATUS_SUBMITTED
04/20/17 11:48:49 149471 seconds since last log event
04/20/17 11:48:49 Pending DAG nodes:
04/20/17 11:48:49   Node cbow_mean_lstm, HTCondor ID 1301, status STATUS_SUBMITTED
04/20/17 11:58:51 150073 seconds since last log event
04/20/17 11:58:51 Pending DAG nodes:
04/20/17 11:58:51   Node cbow_mean_lstm, HTCondor ID 1301, status STATUS_SUBMITTED
04/20/17 12:08:54 150676 seconds since last log event
04/20/17 12:08:54 Pending DAG nodes:
04/20/17 12:08:54   Node cbow_mean_lstm, HTCondor ID 1301, status STATUS_SUBMITTED
04/20/17 12:18:57 151279 seconds since last log event
04/20/17 12:18:57 Pending DAG nodes:
04/20/17 12:18:57   Node cbow_mean_lstm, HTCondor ID 1301, status STATUS_SUBMITTED
04/20/17 12:29:00 151882 seconds since last log event
04/20/17 12:29:00 Pending DAG nodes:
04/20/17 12:29:00   Node cbow_mean_lstm, HTCondor ID 1301, status STATUS_SUBMITTED
04/20/17 12:39:02 152484 seconds since last log event
04/20/17 12:39:02 Pending DAG nodes:
04/20/17 12:39:02   Node cbow_mean_lstm, HTCondor ID 1301, status STATUS_SUBMITTED
04/20/17 12:49:05 153087 seconds since last log event
04/20/17 12:49:05 Pending DAG nodes:
04/20/17 12:49:05   Node cbow_mean_lstm, HTCondor ID 1301, status STATUS_SUBMITTED
04/20/17 12:59:07 153689 seconds since last log event
04/20/17 12:59:07 Pending DAG nodes:
04/20/17 12:59:07   Node cbow_mean_lstm, HTCondor ID 1301, status STATUS_SUBMITTED
04/20/17 13:09:09 154291 seconds since last log event
04/20/17 13:09:09 Pending DAG nodes:
04/20/17 13:09:09   Node cbow_mean_lstm, HTCondor ID 1301, status STATUS_SUBMITTED
04/20/17 13:19:11 154893 seconds since last log event
04/20/17 13:19:11 Pending DAG nodes:
04/20/17 13:19:11   Node cbow_mean_lstm, HTCondor ID 1301, status STATUS_SUBMITTED
04/20/17 13:29:14 155496 seconds since last log event
04/20/17 13:29:14 Pending DAG nodes:
04/20/17 13:29:14   Node cbow_mean_lstm, HTCondor ID 1301, status STATUS_SUBMITTED
04/20/17 13:39:16 156098 seconds since last log event
04/20/17 13:39:16 Pending DAG nodes:
04/20/17 13:39:16   Node cbow_mean_lstm, HTCondor ID 1301, status STATUS_SUBMITTED
04/20/17 13:49:18 156700 seconds since last log event
04/20/17 13:49:18 Pending DAG nodes:
04/20/17 13:49:18   Node cbow_mean_lstm, HTCondor ID 1301, status STATUS_SUBMITTED
04/20/17 13:59:20 157302 seconds since last log event
04/20/17 13:59:20 Pending DAG nodes:
04/20/17 13:59:20   Node cbow_mean_lstm, HTCondor ID 1301, status STATUS_SUBMITTED
04/20/17 14:09:23 157905 seconds since last log event
04/20/17 14:09:23 Pending DAG nodes:
04/20/17 14:09:23   Node cbow_mean_lstm, HTCondor ID 1301, status STATUS_SUBMITTED
04/20/17 14:19:25 158507 seconds since last log event
04/20/17 14:19:25 Pending DAG nodes:
04/20/17 14:19:25   Node cbow_mean_lstm, HTCondor ID 1301, status STATUS_SUBMITTED
04/20/17 14:29:28 159110 seconds since last log event
04/20/17 14:29:28 Pending DAG nodes:
04/20/17 14:29:28   Node cbow_mean_lstm, HTCondor ID 1301, status STATUS_SUBMITTED
04/20/17 14:39:31 159713 seconds since last log event
04/20/17 14:39:31 Pending DAG nodes:
04/20/17 14:39:31   Node cbow_mean_lstm, HTCondor ID 1301, status STATUS_SUBMITTED
04/20/17 14:49:34 160316 seconds since last log event
04/20/17 14:49:34 Pending DAG nodes:
04/20/17 14:49:34   Node cbow_mean_lstm, HTCondor ID 1301, status STATUS_SUBMITTED
04/20/17 14:59:36 160918 seconds since last log event
04/20/17 14:59:36 Pending DAG nodes:
04/20/17 14:59:36   Node cbow_mean_lstm, HTCondor ID 1301, status STATUS_SUBMITTED
04/20/17 15:09:38 161520 seconds since last log event
04/20/17 15:09:38 Pending DAG nodes:
04/20/17 15:09:38   Node cbow_mean_lstm, HTCondor ID 1301, status STATUS_SUBMITTED
04/20/17 15:19:41 162123 seconds since last log event
04/20/17 15:19:41 Pending DAG nodes:
04/20/17 15:19:41   Node cbow_mean_lstm, HTCondor ID 1301, status STATUS_SUBMITTED
04/20/17 15:29:44 162726 seconds since last log event
04/20/17 15:29:44 Pending DAG nodes:
04/20/17 15:29:44   Node cbow_mean_lstm, HTCondor ID 1301, status STATUS_SUBMITTED
04/20/17 15:39:47 163329 seconds since last log event
04/20/17 15:39:47 Pending DAG nodes:
04/20/17 15:39:47   Node cbow_mean_lstm, HTCondor ID 1301, status STATUS_SUBMITTED
04/20/17 15:49:50 163932 seconds since last log event
04/20/17 15:49:50 Pending DAG nodes:
04/20/17 15:49:50   Node cbow_mean_lstm, HTCondor ID 1301, status STATUS_SUBMITTED
04/20/17 15:59:52 164534 seconds since last log event
04/20/17 15:59:52 Pending DAG nodes:
04/20/17 15:59:52   Node cbow_mean_lstm, HTCondor ID 1301, status STATUS_SUBMITTED
04/20/17 16:09:55 165137 seconds since last log event
04/20/17 16:09:55 Pending DAG nodes:
04/20/17 16:09:55   Node cbow_mean_lstm, HTCondor ID 1301, status STATUS_SUBMITTED
04/20/17 16:19:57 165739 seconds since last log event
04/20/17 16:19:57 Pending DAG nodes:
04/20/17 16:19:57   Node cbow_mean_lstm, HTCondor ID 1301, status STATUS_SUBMITTED
04/20/17 16:29:59 166341 seconds since last log event
04/20/17 16:29:59 Pending DAG nodes:
04/20/17 16:29:59   Node cbow_mean_lstm, HTCondor ID 1301, status STATUS_SUBMITTED
04/20/17 16:40:01 166943 seconds since last log event
04/20/17 16:40:01 Pending DAG nodes:
04/20/17 16:40:01   Node cbow_mean_lstm, HTCondor ID 1301, status STATUS_SUBMITTED
04/20/17 16:50:04 167546 seconds since last log event
04/20/17 16:50:04 Pending DAG nodes:
04/20/17 16:50:04   Node cbow_mean_lstm, HTCondor ID 1301, status STATUS_SUBMITTED
04/20/17 17:00:07 168149 seconds since last log event
04/20/17 17:00:07 Pending DAG nodes:
04/20/17 17:00:07   Node cbow_mean_lstm, HTCondor ID 1301, status STATUS_SUBMITTED
04/20/17 17:10:10 168752 seconds since last log event
04/20/17 17:10:10 Pending DAG nodes:
04/20/17 17:10:10   Node cbow_mean_lstm, HTCondor ID 1301, status STATUS_SUBMITTED
04/20/17 17:20:12 169354 seconds since last log event
04/20/17 17:20:12 Pending DAG nodes:
04/20/17 17:20:12   Node cbow_mean_lstm, HTCondor ID 1301, status STATUS_SUBMITTED
04/20/17 17:30:14 169956 seconds since last log event
04/20/17 17:30:14 Pending DAG nodes:
04/20/17 17:30:14   Node cbow_mean_lstm, HTCondor ID 1301, status STATUS_SUBMITTED
