000 (126.000.000) 04/07 18:38:33 Job submitted from host: <10.33.133.65:9618?addrs=10.33.133.65-9618+[--1]-9618&noUDP&sock=18891_3bb2_4>
    DAG Node: cbow_tfidf_soft
...
001 (126.000.000) 04/07 21:28:58 Job executing on host: <10.33.133.109:9618?addrs=10.33.133.109-9618+[--1]-9618&noUDP&sock=6482_b0fa_3>
...
005 (126.000.000) 04/09 10:17:14 Job terminated.
	(1) Normal termination (return value 0)
		Usr 1 06:33:44, Sys 0 00:19:35  -  Run Remote Usage
		Usr 0 00:00:00, Sys 0 00:00:00  -  Run Local Usage
		Usr 1 06:33:44, Sys 0 00:19:35  -  Total Remote Usage
		Usr 0 00:00:00, Sys 0 00:00:00  -  Total Local Usage
	0  -  Run Bytes Sent By Job
	0  -  Run Bytes Received By Job
	0  -  Total Bytes Sent By Job
	0  -  Total Bytes Received By Job
	Partitionable Resources :    Usage  Request Allocated
	   Cpus                 :                 1         1
	   Disk (KB)            :        7        7   3745424
	   Gpus                 :                 1         1
	   Memory (MB)          :     1138     4096      4096
...
000 (136.000.000) 04/09 10:17:19 Job submitted from host: <10.33.133.65:9618?addrs=10.33.133.65-9618+[--1]-9618&noUDP&sock=18891_3bb2_4>
    DAG Node: cbow_tfidf_soft_test
...
001 (136.000.000) 04/09 19:37:58 Job executing on host: <10.33.133.70:9618?addrs=10.33.133.70-9618+[--1]-9618&noUDP&sock=1350_90f1_3>
...
005 (136.000.000) 04/09 19:38:07 Job terminated.
	(1) Normal termination (return value 0)
		Usr 0 00:00:02, Sys 0 00:00:00  -  Run Remote Usage
		Usr 0 00:00:00, Sys 0 00:00:00  -  Run Local Usage
		Usr 0 00:00:02, Sys 0 00:00:00  -  Total Remote Usage
		Usr 0 00:00:00, Sys 0 00:00:00  -  Total Local Usage
	0  -  Run Bytes Sent By Job
	0  -  Run Bytes Received By Job
	0  -  Total Bytes Sent By Job
	0  -  Total Bytes Received By Job
	Partitionable Resources :    Usage  Request Allocated
	   Cpus                 :                 1         1
	   Disk (KB)            :        7        7  39037253
	   Gpus                 :                 1         1
	   Memory (MB)          :      126     4096      4096
...
