04/18/17 18:18:53 ******************************************************
04/18/17 18:18:53 ** condor_scheduniv_exec.40.0 (CONDOR_DAGMAN) STARTING UP
04/18/17 18:18:53 ** /usr/bin/condor_dagman
04/18/17 18:18:53 ** SubsystemInfo: name=DAGMAN type=DAGMAN(10) class=DAEMON(1)
04/18/17 18:18:53 ** Configuration: subsystem:DAGMAN local:<NONE> class:DAEMON
04/18/17 18:18:53 ** $CondorVersion: 8.6.1 Mar 01 2017 BuildID: 398585 $
04/18/17 18:18:53 ** $CondorPlatform: x86_64_RedHat7 $
04/18/17 18:18:53 ** PID = 18374
04/18/17 18:18:53 ** Log last touched time unavailable (No such file or directory)
04/18/17 18:18:53 ******************************************************
04/18/17 18:18:53 Using config source: /etc/condor/condor_config
04/18/17 18:18:53 Using local config sources: 
04/18/17 18:18:53    /etc/condor/config.d/00esat.config
04/18/17 18:18:53    /etc/condor/config.d/01java.config
04/18/17 18:18:53    /etc/condor/config.d/80optout_users.config
04/18/17 18:18:53    /etc/condor/condor_config.local
04/18/17 18:18:53 config Macros = 174, Sorted = 174, StringBytes = 6662, TablesBytes = 6336
04/18/17 18:18:53 CLASSAD_CACHING is ENABLED
04/18/17 18:18:53 Daemon Log is logging: D_ALWAYS D_ERROR
04/18/17 18:18:53 DaemonCore: No command port requested.
04/18/17 18:18:53 DAGMAN_USE_STRICT setting: 1
04/18/17 18:18:53 DAGMAN_VERBOSITY setting: 3
04/18/17 18:18:53 DAGMAN_DEBUG_CACHE_SIZE setting: 5242880
04/18/17 18:18:53 DAGMAN_DEBUG_CACHE_ENABLE setting: False
04/18/17 18:18:53 DAGMAN_SUBMIT_DELAY setting: 0
04/18/17 18:18:53 DAGMAN_MAX_SUBMIT_ATTEMPTS setting: 6
04/18/17 18:18:53 DAGMAN_STARTUP_CYCLE_DETECT setting: False
04/18/17 18:18:53 DAGMAN_MAX_SUBMITS_PER_INTERVAL setting: 5
04/18/17 18:18:53 DAGMAN_USER_LOG_SCAN_INTERVAL setting: 5
04/18/17 18:18:53 DAGMAN_DEFAULT_PRIORITY setting: 0
04/18/17 18:18:53 DAGMAN_SUPPRESS_NOTIFICATION setting: True
04/18/17 18:18:53 allow_events (DAGMAN_ALLOW_EVENTS) setting: 114
04/18/17 18:18:53 DAGMAN_RETRY_SUBMIT_FIRST setting: True
04/18/17 18:18:53 DAGMAN_RETRY_NODE_FIRST setting: False
04/18/17 18:18:53 DAGMAN_MAX_JOBS_IDLE setting: 1000
04/18/17 18:18:53 DAGMAN_MAX_JOBS_SUBMITTED setting: 0
04/18/17 18:18:53 DAGMAN_MAX_PRE_SCRIPTS setting: 20
04/18/17 18:18:53 DAGMAN_MAX_POST_SCRIPTS setting: 20
04/18/17 18:18:53 DAGMAN_MUNGE_NODE_NAMES setting: True
04/18/17 18:18:53 DAGMAN_PROHIBIT_MULTI_JOBS setting: False
04/18/17 18:18:53 DAGMAN_SUBMIT_DEPTH_FIRST setting: False
04/18/17 18:18:53 DAGMAN_ALWAYS_RUN_POST setting: False
04/18/17 18:18:53 DAGMAN_ABORT_DUPLICATES setting: True
04/18/17 18:18:53 DAGMAN_ABORT_ON_SCARY_SUBMIT setting: True
04/18/17 18:18:53 DAGMAN_PENDING_REPORT_INTERVAL setting: 600
04/18/17 18:18:53 DAGMAN_AUTO_RESCUE setting: True
04/18/17 18:18:53 DAGMAN_MAX_RESCUE_NUM setting: 100
04/18/17 18:18:53 DAGMAN_WRITE_PARTIAL_RESCUE setting: True
04/18/17 18:18:53 DAGMAN_DEFAULT_NODE_LOG setting: @(DAG_DIR)/@(DAG_FILE).nodes.log
04/18/17 18:18:53 DAGMAN_GENERATE_SUBDAG_SUBMITS setting: True
04/18/17 18:18:53 DAGMAN_MAX_JOB_HOLDS setting: 100
04/18/17 18:18:53 DAGMAN_HOLD_CLAIM_TIME setting: 20
04/18/17 18:18:53 ALL_DEBUG setting: 
04/18/17 18:18:53 DAGMAN_DEBUG setting: 
04/18/17 18:18:53 DAGMAN_SUPPRESS_JOB_LOGS setting: False
04/18/17 18:18:53 DAGMAN_REMOVE_NODE_JOBS setting: True
04/18/17 18:18:53 argv[0] == "condor_scheduniv_exec.40.0"
04/18/17 18:18:53 argv[1] == "-Lockfile"
04/18/17 18:18:53 argv[2] == "ds_cbow_exp_soft.dag.lock"
04/18/17 18:18:53 argv[3] == "-AutoRescue"
04/18/17 18:18:53 argv[4] == "1"
04/18/17 18:18:53 argv[5] == "-DoRescueFrom"
04/18/17 18:18:53 argv[6] == "0"
04/18/17 18:18:53 argv[7] == "-Dag"
04/18/17 18:18:53 argv[8] == "ds_cbow_exp_soft.dag"
04/18/17 18:18:53 argv[9] == "-Suppress_notification"
04/18/17 18:18:53 argv[10] == "-CsdVersion"
04/18/17 18:18:53 argv[11] == "$CondorVersion: 8.6.1 Mar 01 2017 BuildID: 398585 $"
04/18/17 18:18:53 argv[12] == "-Dagman"
04/18/17 18:18:53 argv[13] == "/usr/bin/condor_dagman"
04/18/17 18:18:53 Workflow batch-name: <ds_cbow_exp_soft.dag+40>
04/18/17 18:18:53 Workflow accounting_group: <>
04/18/17 18:18:53 Workflow accounting_group_user: <>
04/18/17 18:18:53 Warning: failed to get attribute DAGNodeName
04/18/17 18:18:53 DAGMAN_LOG_ON_NFS_IS_ERROR setting: False
04/18/17 18:18:53 Default node log file is: </esat/spchtemp/scratch/robbe/SpeechHub/pretrained_tied_models/python/jobdag/./ds_cbow_exp_soft.dag.nodes.log>
04/18/17 18:18:53 DAG Lockfile will be written to ds_cbow_exp_soft.dag.lock
04/18/17 18:18:53 DAG Input file is ds_cbow_exp_soft.dag
04/18/17 18:18:53 Parsing 1 dagfiles
04/18/17 18:18:53 Parsing ds_cbow_exp_soft.dag ...
04/18/17 18:18:53 Dag contains 2 total jobs
04/18/17 18:18:53 Sleeping for 3 seconds to ensure ProcessId uniqueness
04/18/17 18:18:56 Bootstrapping...
04/18/17 18:18:56 Number of pre-completed nodes: 0
04/18/17 18:18:56 MultiLogFiles: truncating log file /esat/spchtemp/scratch/robbe/SpeechHub/pretrained_tied_models/python/jobdag/./ds_cbow_exp_soft.dag.nodes.log
04/18/17 18:18:56 DAG status: 0 (DAG_STATUS_OK)
04/18/17 18:18:56 Of 2 nodes total:
04/18/17 18:18:56  Done     Pre   Queued    Post   Ready   Un-Ready   Failed
04/18/17 18:18:56   ===     ===      ===     ===     ===        ===      ===
04/18/17 18:18:56     0       0        0       0       1          1        0
04/18/17 18:18:56 0 job proc(s) currently held
04/18/17 18:18:56 Registering condor_event_timer...
04/18/17 18:18:57 Submitting HTCondor Node cbow_exp_soft job(s)...
04/18/17 18:18:57 Adding a DAGMan workflow log /esat/spchtemp/scratch/robbe/SpeechHub/pretrained_tied_models/python/jobdag/./ds_cbow_exp_soft.dag.nodes.log
04/18/17 18:18:57 Masking the events recorded in the DAGMAN workflow log
04/18/17 18:18:57 Mask for workflow log is 0,1,2,4,5,7,9,10,11,12,13,16,17,24,27
04/18/17 18:18:57 submitting: /usr/bin/condor_submit -a dag_node_name' '=' 'cbow_exp_soft -a +DAGManJobId' '=' '40 -a DAGManJobId' '=' '40 -batch-name ds_cbow_exp_soft.dag+40 -a submit_event_notes' '=' 'DAG' 'Node:' 'cbow_exp_soft -a dagman_log' '=' '/esat/spchtemp/scratch/robbe/SpeechHub/pretrained_tied_models/python/jobdag/./ds_cbow_exp_soft.dag.nodes.log -a +DAGManNodesMask' '=' '"0,1,2,4,5,7,9,10,11,12,13,16,17,24,27" -a data_set' '=' 'ds -a test_name' '=' 'cbow_exp_soft -a num_run' '=' '0 -a combination' '=' 'exp -a DAG_STATUS' '=' '0 -a FAILED_COUNT' '=' '0 -a +KeepClaimIdle' '=' '20 -a notification' '=' 'never -a +DAGParentNodeNames' '=' '"" jobdag/cbow_soft.job
04/18/17 18:18:57 From submit: Submitting job(s).
04/18/17 18:18:57 From submit: 1 job(s) submitted to cluster 41.
04/18/17 18:18:57 	assigned HTCondor ID (41.0.0)
04/18/17 18:18:57 Just submitted 1 job this cycle...
04/18/17 18:18:57 Currently monitoring 1 HTCondor log file(s)
04/18/17 18:18:57 Reassigning the id of job cbow_exp_soft from (41.0.0) to (41.0.0)
04/18/17 18:18:57 Event: ULOG_SUBMIT for HTCondor Node cbow_exp_soft (41.0.0) {04/18/17 18:18:57}
04/18/17 18:18:57 Number of idle job procs: 1
04/18/17 18:18:57 DAG status: 0 (DAG_STATUS_OK)
04/18/17 18:18:57 Of 2 nodes total:
04/18/17 18:18:57  Done     Pre   Queued    Post   Ready   Un-Ready   Failed
04/18/17 18:18:57   ===     ===      ===     ===     ===        ===      ===
04/18/17 18:18:57     0       0        1       0       0          1        0
04/18/17 18:18:57 0 job proc(s) currently held
04/18/17 18:29:00 603 seconds since last log event
04/18/17 18:29:00 Pending DAG nodes:
04/18/17 18:29:00   Node cbow_exp_soft, HTCondor ID 41, status STATUS_SUBMITTED
04/18/17 18:39:03 1206 seconds since last log event
04/18/17 18:39:03 Pending DAG nodes:
04/18/17 18:39:03   Node cbow_exp_soft, HTCondor ID 41, status STATUS_SUBMITTED
04/18/17 18:49:06 1809 seconds since last log event
04/18/17 18:49:06 Pending DAG nodes:
04/18/17 18:49:06   Node cbow_exp_soft, HTCondor ID 41, status STATUS_SUBMITTED
04/18/17 18:59:07 2410 seconds since last log event
04/18/17 18:59:07 Pending DAG nodes:
04/18/17 18:59:07   Node cbow_exp_soft, HTCondor ID 41, status STATUS_SUBMITTED
04/18/17 19:09:10 3013 seconds since last log event
04/18/17 19:09:10 Pending DAG nodes:
04/18/17 19:09:10   Node cbow_exp_soft, HTCondor ID 41, status STATUS_SUBMITTED
04/18/17 19:19:13 3616 seconds since last log event
04/18/17 19:19:13 Pending DAG nodes:
04/18/17 19:19:13   Node cbow_exp_soft, HTCondor ID 41, status STATUS_SUBMITTED
04/18/17 19:29:15 4218 seconds since last log event
04/18/17 19:29:15 Pending DAG nodes:
04/18/17 19:29:15   Node cbow_exp_soft, HTCondor ID 41, status STATUS_SUBMITTED
04/18/17 19:39:17 4820 seconds since last log event
04/18/17 19:39:17 Pending DAG nodes:
04/18/17 19:39:17   Node cbow_exp_soft, HTCondor ID 41, status STATUS_SUBMITTED
04/18/17 19:49:20 5423 seconds since last log event
04/18/17 19:49:20 Pending DAG nodes:
04/18/17 19:49:20   Node cbow_exp_soft, HTCondor ID 41, status STATUS_SUBMITTED
04/18/17 19:59:23 6026 seconds since last log event
04/18/17 19:59:23 Pending DAG nodes:
04/18/17 19:59:23   Node cbow_exp_soft, HTCondor ID 41, status STATUS_SUBMITTED
04/18/17 20:09:25 6628 seconds since last log event
04/18/17 20:09:25 Pending DAG nodes:
04/18/17 20:09:25   Node cbow_exp_soft, HTCondor ID 41, status STATUS_SUBMITTED
04/18/17 20:19:28 7231 seconds since last log event
04/18/17 20:19:28 Pending DAG nodes:
04/18/17 20:19:28   Node cbow_exp_soft, HTCondor ID 41, status STATUS_SUBMITTED
04/18/17 20:29:31 7834 seconds since last log event
04/18/17 20:29:31 Pending DAG nodes:
04/18/17 20:29:31   Node cbow_exp_soft, HTCondor ID 41, status STATUS_SUBMITTED
04/18/17 20:39:34 8437 seconds since last log event
04/18/17 20:39:34 Pending DAG nodes:
04/18/17 20:39:34   Node cbow_exp_soft, HTCondor ID 41, status STATUS_SUBMITTED
04/18/17 20:49:37 9040 seconds since last log event
04/18/17 20:49:37 Pending DAG nodes:
04/18/17 20:49:37   Node cbow_exp_soft, HTCondor ID 41, status STATUS_SUBMITTED
04/18/17 20:59:39 9642 seconds since last log event
04/18/17 20:59:39 Pending DAG nodes:
04/18/17 20:59:39   Node cbow_exp_soft, HTCondor ID 41, status STATUS_SUBMITTED
04/18/17 21:09:42 10245 seconds since last log event
04/18/17 21:09:42 Pending DAG nodes:
04/18/17 21:09:42   Node cbow_exp_soft, HTCondor ID 41, status STATUS_SUBMITTED
04/18/17 21:19:44 10847 seconds since last log event
04/18/17 21:19:44 Pending DAG nodes:
04/18/17 21:19:44   Node cbow_exp_soft, HTCondor ID 41, status STATUS_SUBMITTED
04/18/17 21:29:47 11450 seconds since last log event
04/18/17 21:29:47 Pending DAG nodes:
04/18/17 21:29:47   Node cbow_exp_soft, HTCondor ID 41, status STATUS_SUBMITTED
04/18/17 21:39:50 12053 seconds since last log event
04/18/17 21:39:50 Pending DAG nodes:
04/18/17 21:39:50   Node cbow_exp_soft, HTCondor ID 41, status STATUS_SUBMITTED
04/18/17 21:49:53 12656 seconds since last log event
04/18/17 21:49:53 Pending DAG nodes:
04/18/17 21:49:53   Node cbow_exp_soft, HTCondor ID 41, status STATUS_SUBMITTED
04/18/17 21:59:56 13259 seconds since last log event
04/18/17 21:59:56 Pending DAG nodes:
04/18/17 21:59:56   Node cbow_exp_soft, HTCondor ID 41, status STATUS_SUBMITTED
04/18/17 22:09:58 13861 seconds since last log event
04/18/17 22:09:58 Pending DAG nodes:
04/18/17 22:09:58   Node cbow_exp_soft, HTCondor ID 41, status STATUS_SUBMITTED
04/18/17 22:20:01 14464 seconds since last log event
04/18/17 22:20:01 Pending DAG nodes:
04/18/17 22:20:01   Node cbow_exp_soft, HTCondor ID 41, status STATUS_SUBMITTED
04/18/17 22:30:03 15066 seconds since last log event
04/18/17 22:30:03 Pending DAG nodes:
04/18/17 22:30:03   Node cbow_exp_soft, HTCondor ID 41, status STATUS_SUBMITTED
04/18/17 22:40:06 15669 seconds since last log event
04/18/17 22:40:06 Pending DAG nodes:
04/18/17 22:40:06   Node cbow_exp_soft, HTCondor ID 41, status STATUS_SUBMITTED
04/18/17 22:50:09 16272 seconds since last log event
04/18/17 22:50:09 Pending DAG nodes:
04/18/17 22:50:09   Node cbow_exp_soft, HTCondor ID 41, status STATUS_SUBMITTED
04/18/17 23:00:12 16875 seconds since last log event
04/18/17 23:00:12 Pending DAG nodes:
04/18/17 23:00:12   Node cbow_exp_soft, HTCondor ID 41, status STATUS_SUBMITTED
04/18/17 23:10:15 17478 seconds since last log event
04/18/17 23:10:15 Pending DAG nodes:
04/18/17 23:10:15   Node cbow_exp_soft, HTCondor ID 41, status STATUS_SUBMITTED
04/18/17 23:20:18 18081 seconds since last log event
04/18/17 23:20:18 Pending DAG nodes:
04/18/17 23:20:18   Node cbow_exp_soft, HTCondor ID 41, status STATUS_SUBMITTED
04/18/17 23:30:21 18684 seconds since last log event
04/18/17 23:30:21 Pending DAG nodes:
04/18/17 23:30:21   Node cbow_exp_soft, HTCondor ID 41, status STATUS_SUBMITTED
04/18/17 23:40:23 19286 seconds since last log event
04/18/17 23:40:23 Pending DAG nodes:
04/18/17 23:40:23   Node cbow_exp_soft, HTCondor ID 41, status STATUS_SUBMITTED
04/18/17 23:50:25 19888 seconds since last log event
04/18/17 23:50:25 Pending DAG nodes:
04/18/17 23:50:25   Node cbow_exp_soft, HTCondor ID 41, status STATUS_SUBMITTED
04/19/17 00:00:28 20491 seconds since last log event
04/19/17 00:00:28 Pending DAG nodes:
04/19/17 00:00:28   Node cbow_exp_soft, HTCondor ID 41, status STATUS_SUBMITTED
04/19/17 00:10:31 21094 seconds since last log event
04/19/17 00:10:31 Pending DAG nodes:
04/19/17 00:10:31   Node cbow_exp_soft, HTCondor ID 41, status STATUS_SUBMITTED
04/19/17 00:20:34 21697 seconds since last log event
04/19/17 00:20:34 Pending DAG nodes:
04/19/17 00:20:34   Node cbow_exp_soft, HTCondor ID 41, status STATUS_SUBMITTED
04/19/17 00:30:36 22299 seconds since last log event
04/19/17 00:30:36 Pending DAG nodes:
04/19/17 00:30:36   Node cbow_exp_soft, HTCondor ID 41, status STATUS_SUBMITTED
04/19/17 00:40:39 22902 seconds since last log event
04/19/17 00:40:39 Pending DAG nodes:
04/19/17 00:40:39   Node cbow_exp_soft, HTCondor ID 41, status STATUS_SUBMITTED
04/19/17 00:50:42 23505 seconds since last log event
04/19/17 00:50:42 Pending DAG nodes:
04/19/17 00:50:42   Node cbow_exp_soft, HTCondor ID 41, status STATUS_SUBMITTED
04/19/17 01:00:45 24108 seconds since last log event
04/19/17 01:00:45 Pending DAG nodes:
04/19/17 01:00:45   Node cbow_exp_soft, HTCondor ID 41, status STATUS_SUBMITTED
04/19/17 01:10:48 24711 seconds since last log event
04/19/17 01:10:48 Pending DAG nodes:
04/19/17 01:10:48   Node cbow_exp_soft, HTCondor ID 41, status STATUS_SUBMITTED
04/19/17 01:20:50 25313 seconds since last log event
04/19/17 01:20:50 Pending DAG nodes:
04/19/17 01:20:50   Node cbow_exp_soft, HTCondor ID 41, status STATUS_SUBMITTED
04/19/17 01:30:53 25916 seconds since last log event
04/19/17 01:30:53 Pending DAG nodes:
04/19/17 01:30:53   Node cbow_exp_soft, HTCondor ID 41, status STATUS_SUBMITTED
04/19/17 01:40:56 26519 seconds since last log event
04/19/17 01:40:56 Pending DAG nodes:
04/19/17 01:40:56   Node cbow_exp_soft, HTCondor ID 41, status STATUS_SUBMITTED
04/19/17 01:50:57 27120 seconds since last log event
04/19/17 01:50:57 Pending DAG nodes:
04/19/17 01:50:57   Node cbow_exp_soft, HTCondor ID 41, status STATUS_SUBMITTED
04/19/17 02:01:00 27723 seconds since last log event
04/19/17 02:01:00 Pending DAG nodes:
04/19/17 02:01:00   Node cbow_exp_soft, HTCondor ID 41, status STATUS_SUBMITTED
04/19/17 02:11:03 28326 seconds since last log event
04/19/17 02:11:03 Pending DAG nodes:
04/19/17 02:11:03   Node cbow_exp_soft, HTCondor ID 41, status STATUS_SUBMITTED
04/19/17 02:21:06 28929 seconds since last log event
04/19/17 02:21:06 Pending DAG nodes:
04/19/17 02:21:06   Node cbow_exp_soft, HTCondor ID 41, status STATUS_SUBMITTED
04/19/17 02:31:09 29532 seconds since last log event
04/19/17 02:31:09 Pending DAG nodes:
04/19/17 02:31:09   Node cbow_exp_soft, HTCondor ID 41, status STATUS_SUBMITTED
04/19/17 02:41:12 30135 seconds since last log event
04/19/17 02:41:12 Pending DAG nodes:
04/19/17 02:41:12   Node cbow_exp_soft, HTCondor ID 41, status STATUS_SUBMITTED
04/19/17 02:51:15 30738 seconds since last log event
04/19/17 02:51:15 Pending DAG nodes:
04/19/17 02:51:15   Node cbow_exp_soft, HTCondor ID 41, status STATUS_SUBMITTED
04/19/17 03:01:18 31341 seconds since last log event
04/19/17 03:01:18 Pending DAG nodes:
04/19/17 03:01:18   Node cbow_exp_soft, HTCondor ID 41, status STATUS_SUBMITTED
04/19/17 03:11:21 31944 seconds since last log event
04/19/17 03:11:21 Pending DAG nodes:
04/19/17 03:11:21   Node cbow_exp_soft, HTCondor ID 41, status STATUS_SUBMITTED
04/19/17 03:21:23 32546 seconds since last log event
04/19/17 03:21:23 Pending DAG nodes:
04/19/17 03:21:23   Node cbow_exp_soft, HTCondor ID 41, status STATUS_SUBMITTED
04/19/17 03:31:25 33148 seconds since last log event
04/19/17 03:31:25 Pending DAG nodes:
04/19/17 03:31:25   Node cbow_exp_soft, HTCondor ID 41, status STATUS_SUBMITTED
04/19/17 03:41:28 33751 seconds since last log event
04/19/17 03:41:28 Pending DAG nodes:
04/19/17 03:41:28   Node cbow_exp_soft, HTCondor ID 41, status STATUS_SUBMITTED
04/19/17 03:51:30 34353 seconds since last log event
04/19/17 03:51:30 Pending DAG nodes:
04/19/17 03:51:30   Node cbow_exp_soft, HTCondor ID 41, status STATUS_SUBMITTED
04/19/17 04:01:33 34956 seconds since last log event
04/19/17 04:01:33 Pending DAG nodes:
04/19/17 04:01:33   Node cbow_exp_soft, HTCondor ID 41, status STATUS_SUBMITTED
04/19/17 04:11:35 35558 seconds since last log event
04/19/17 04:11:35 Pending DAG nodes:
04/19/17 04:11:35   Node cbow_exp_soft, HTCondor ID 41, status STATUS_SUBMITTED
04/19/17 04:21:37 36160 seconds since last log event
04/19/17 04:21:37 Pending DAG nodes:
04/19/17 04:21:37   Node cbow_exp_soft, HTCondor ID 41, status STATUS_SUBMITTED
04/19/17 04:31:40 36763 seconds since last log event
04/19/17 04:31:40 Pending DAG nodes:
04/19/17 04:31:40   Node cbow_exp_soft, HTCondor ID 41, status STATUS_SUBMITTED
04/19/17 04:41:42 37365 seconds since last log event
04/19/17 04:41:42 Pending DAG nodes:
04/19/17 04:41:42   Node cbow_exp_soft, HTCondor ID 41, status STATUS_SUBMITTED
04/19/17 04:51:45 37968 seconds since last log event
04/19/17 04:51:45 Pending DAG nodes:
04/19/17 04:51:45   Node cbow_exp_soft, HTCondor ID 41, status STATUS_SUBMITTED
04/19/17 05:01:48 38571 seconds since last log event
04/19/17 05:01:48 Pending DAG nodes:
04/19/17 05:01:48   Node cbow_exp_soft, HTCondor ID 41, status STATUS_SUBMITTED
04/19/17 05:11:50 39173 seconds since last log event
04/19/17 05:11:50 Pending DAG nodes:
04/19/17 05:11:50   Node cbow_exp_soft, HTCondor ID 41, status STATUS_SUBMITTED
04/19/17 05:21:51 39774 seconds since last log event
04/19/17 05:21:51 Pending DAG nodes:
04/19/17 05:21:51   Node cbow_exp_soft, HTCondor ID 41, status STATUS_SUBMITTED
04/19/17 05:31:54 40377 seconds since last log event
04/19/17 05:31:54 Pending DAG nodes:
04/19/17 05:31:54   Node cbow_exp_soft, HTCondor ID 41, status STATUS_SUBMITTED
04/19/17 05:41:57 40980 seconds since last log event
04/19/17 05:41:57 Pending DAG nodes:
04/19/17 05:41:57   Node cbow_exp_soft, HTCondor ID 41, status STATUS_SUBMITTED
04/19/17 05:52:00 41583 seconds since last log event
04/19/17 05:52:00 Pending DAG nodes:
04/19/17 05:52:00   Node cbow_exp_soft, HTCondor ID 41, status STATUS_SUBMITTED
04/19/17 06:02:03 42186 seconds since last log event
04/19/17 06:02:03 Pending DAG nodes:
04/19/17 06:02:03   Node cbow_exp_soft, HTCondor ID 41, status STATUS_SUBMITTED
04/19/17 06:12:06 42789 seconds since last log event
04/19/17 06:12:06 Pending DAG nodes:
04/19/17 06:12:06   Node cbow_exp_soft, HTCondor ID 41, status STATUS_SUBMITTED
04/19/17 06:22:08 43391 seconds since last log event
04/19/17 06:22:08 Pending DAG nodes:
04/19/17 06:22:08   Node cbow_exp_soft, HTCondor ID 41, status STATUS_SUBMITTED
04/19/17 06:32:11 43994 seconds since last log event
04/19/17 06:32:11 Pending DAG nodes:
04/19/17 06:32:11   Node cbow_exp_soft, HTCondor ID 41, status STATUS_SUBMITTED
04/19/17 06:42:14 44597 seconds since last log event
04/19/17 06:42:14 Pending DAG nodes:
04/19/17 06:42:14   Node cbow_exp_soft, HTCondor ID 41, status STATUS_SUBMITTED
04/19/17 06:52:17 45200 seconds since last log event
04/19/17 06:52:17 Pending DAG nodes:
04/19/17 06:52:17   Node cbow_exp_soft, HTCondor ID 41, status STATUS_SUBMITTED
04/19/17 07:02:19 45802 seconds since last log event
04/19/17 07:02:19 Pending DAG nodes:
04/19/17 07:02:19   Node cbow_exp_soft, HTCondor ID 41, status STATUS_SUBMITTED
04/19/17 07:12:22 46405 seconds since last log event
04/19/17 07:12:22 Pending DAG nodes:
04/19/17 07:12:22   Node cbow_exp_soft, HTCondor ID 41, status STATUS_SUBMITTED
04/19/17 07:22:25 47008 seconds since last log event
04/19/17 07:22:25 Pending DAG nodes:
04/19/17 07:22:25   Node cbow_exp_soft, HTCondor ID 41, status STATUS_SUBMITTED
04/19/17 07:32:28 47611 seconds since last log event
04/19/17 07:32:28 Pending DAG nodes:
04/19/17 07:32:28   Node cbow_exp_soft, HTCondor ID 41, status STATUS_SUBMITTED
04/19/17 07:42:31 48214 seconds since last log event
04/19/17 07:42:31 Pending DAG nodes:
04/19/17 07:42:31   Node cbow_exp_soft, HTCondor ID 41, status STATUS_SUBMITTED
04/19/17 07:52:34 48817 seconds since last log event
04/19/17 07:52:34 Pending DAG nodes:
04/19/17 07:52:34   Node cbow_exp_soft, HTCondor ID 41, status STATUS_SUBMITTED
04/19/17 08:02:37 49420 seconds since last log event
04/19/17 08:02:37 Pending DAG nodes:
04/19/17 08:02:37   Node cbow_exp_soft, HTCondor ID 41, status STATUS_SUBMITTED
04/19/17 08:12:40 50023 seconds since last log event
04/19/17 08:12:40 Pending DAG nodes:
04/19/17 08:12:40   Node cbow_exp_soft, HTCondor ID 41, status STATUS_SUBMITTED
04/19/17 08:22:43 50626 seconds since last log event
04/19/17 08:22:43 Pending DAG nodes:
04/19/17 08:22:43   Node cbow_exp_soft, HTCondor ID 41, status STATUS_SUBMITTED
04/19/17 08:32:46 51229 seconds since last log event
04/19/17 08:32:46 Pending DAG nodes:
04/19/17 08:32:46   Node cbow_exp_soft, HTCondor ID 41, status STATUS_SUBMITTED
04/19/17 08:42:49 51832 seconds since last log event
04/19/17 08:42:49 Pending DAG nodes:
04/19/17 08:42:49   Node cbow_exp_soft, HTCondor ID 41, status STATUS_SUBMITTED
04/19/17 08:52:51 52434 seconds since last log event
04/19/17 08:52:51 Pending DAG nodes:
04/19/17 08:52:51   Node cbow_exp_soft, HTCondor ID 41, status STATUS_SUBMITTED
04/19/17 09:02:54 53037 seconds since last log event
04/19/17 09:02:54 Pending DAG nodes:
04/19/17 09:02:54   Node cbow_exp_soft, HTCondor ID 41, status STATUS_SUBMITTED
04/19/17 09:12:57 53640 seconds since last log event
04/19/17 09:12:57 Pending DAG nodes:
04/19/17 09:12:57   Node cbow_exp_soft, HTCondor ID 41, status STATUS_SUBMITTED
04/19/17 09:23:00 54243 seconds since last log event
04/19/17 09:23:00 Pending DAG nodes:
04/19/17 09:23:00   Node cbow_exp_soft, HTCondor ID 41, status STATUS_SUBMITTED
04/19/17 09:33:03 54846 seconds since last log event
04/19/17 09:33:03 Pending DAG nodes:
04/19/17 09:33:03   Node cbow_exp_soft, HTCondor ID 41, status STATUS_SUBMITTED
04/19/17 09:43:06 55449 seconds since last log event
04/19/17 09:43:06 Pending DAG nodes:
04/19/17 09:43:06   Node cbow_exp_soft, HTCondor ID 41, status STATUS_SUBMITTED
04/19/17 09:53:08 56051 seconds since last log event
04/19/17 09:53:08 Pending DAG nodes:
04/19/17 09:53:08   Node cbow_exp_soft, HTCondor ID 41, status STATUS_SUBMITTED
04/19/17 10:03:10 56653 seconds since last log event
04/19/17 10:03:10 Pending DAG nodes:
04/19/17 10:03:10   Node cbow_exp_soft, HTCondor ID 41, status STATUS_SUBMITTED
04/19/17 10:13:13 57256 seconds since last log event
04/19/17 10:13:13 Pending DAG nodes:
04/19/17 10:13:13   Node cbow_exp_soft, HTCondor ID 41, status STATUS_SUBMITTED
04/19/17 10:23:15 57858 seconds since last log event
04/19/17 10:23:15 Pending DAG nodes:
04/19/17 10:23:15   Node cbow_exp_soft, HTCondor ID 41, status STATUS_SUBMITTED
04/19/17 10:33:18 58461 seconds since last log event
04/19/17 10:33:18 Pending DAG nodes:
04/19/17 10:33:18   Node cbow_exp_soft, HTCondor ID 41, status STATUS_SUBMITTED
04/19/17 10:43:21 59064 seconds since last log event
04/19/17 10:43:21 Pending DAG nodes:
04/19/17 10:43:21   Node cbow_exp_soft, HTCondor ID 41, status STATUS_SUBMITTED
04/19/17 10:53:24 59667 seconds since last log event
04/19/17 10:53:24 Pending DAG nodes:
04/19/17 10:53:24   Node cbow_exp_soft, HTCondor ID 41, status STATUS_SUBMITTED
04/19/17 11:03:27 60270 seconds since last log event
04/19/17 11:03:27 Pending DAG nodes:
04/19/17 11:03:27   Node cbow_exp_soft, HTCondor ID 41, status STATUS_SUBMITTED
04/19/17 11:13:30 60873 seconds since last log event
04/19/17 11:13:30 Pending DAG nodes:
04/19/17 11:13:30   Node cbow_exp_soft, HTCondor ID 41, status STATUS_SUBMITTED
04/19/17 11:23:33 61476 seconds since last log event
04/19/17 11:23:33 Pending DAG nodes:
04/19/17 11:23:33   Node cbow_exp_soft, HTCondor ID 41, status STATUS_SUBMITTED
04/19/17 11:33:36 62079 seconds since last log event
04/19/17 11:33:36 Pending DAG nodes:
04/19/17 11:33:36   Node cbow_exp_soft, HTCondor ID 41, status STATUS_SUBMITTED
04/19/17 11:43:39 62682 seconds since last log event
04/19/17 11:43:39 Pending DAG nodes:
04/19/17 11:43:39   Node cbow_exp_soft, HTCondor ID 41, status STATUS_SUBMITTED
04/19/17 11:53:42 63285 seconds since last log event
04/19/17 11:53:42 Pending DAG nodes:
04/19/17 11:53:42   Node cbow_exp_soft, HTCondor ID 41, status STATUS_SUBMITTED
04/19/17 12:03:45 63888 seconds since last log event
04/19/17 12:03:45 Pending DAG nodes:
04/19/17 12:03:45   Node cbow_exp_soft, HTCondor ID 41, status STATUS_SUBMITTED
04/19/17 12:13:47 64490 seconds since last log event
04/19/17 12:13:47 Pending DAG nodes:
04/19/17 12:13:47   Node cbow_exp_soft, HTCondor ID 41, status STATUS_SUBMITTED
04/19/17 12:23:49 65092 seconds since last log event
04/19/17 12:23:49 Pending DAG nodes:
04/19/17 12:23:49   Node cbow_exp_soft, HTCondor ID 41, status STATUS_SUBMITTED
04/19/17 12:33:52 65695 seconds since last log event
04/19/17 12:33:52 Pending DAG nodes:
04/19/17 12:33:52   Node cbow_exp_soft, HTCondor ID 41, status STATUS_SUBMITTED
04/19/17 12:43:55 66298 seconds since last log event
04/19/17 12:43:55 Pending DAG nodes:
04/19/17 12:43:55   Node cbow_exp_soft, HTCondor ID 41, status STATUS_SUBMITTED
04/19/17 12:53:58 66901 seconds since last log event
04/19/17 12:53:58 Pending DAG nodes:
04/19/17 12:53:58   Node cbow_exp_soft, HTCondor ID 41, status STATUS_SUBMITTED
04/19/17 13:04:02 67505 seconds since last log event
04/19/17 13:04:02 Pending DAG nodes:
04/19/17 13:04:02   Node cbow_exp_soft, HTCondor ID 41, status STATUS_SUBMITTED
04/19/17 13:14:04 68107 seconds since last log event
04/19/17 13:14:04 Pending DAG nodes:
04/19/17 13:14:04   Node cbow_exp_soft, HTCondor ID 41, status STATUS_SUBMITTED
04/19/17 13:24:07 68710 seconds since last log event
04/19/17 13:24:07 Pending DAG nodes:
04/19/17 13:24:07   Node cbow_exp_soft, HTCondor ID 41, status STATUS_SUBMITTED
04/19/17 13:34:10 69313 seconds since last log event
04/19/17 13:34:10 Pending DAG nodes:
04/19/17 13:34:10   Node cbow_exp_soft, HTCondor ID 41, status STATUS_SUBMITTED
04/19/17 13:44:13 69916 seconds since last log event
04/19/17 13:44:13 Pending DAG nodes:
04/19/17 13:44:13   Node cbow_exp_soft, HTCondor ID 41, status STATUS_SUBMITTED
04/19/17 13:54:16 70519 seconds since last log event
04/19/17 13:54:16 Pending DAG nodes:
04/19/17 13:54:16   Node cbow_exp_soft, HTCondor ID 41, status STATUS_SUBMITTED
04/19/17 14:04:19 71122 seconds since last log event
04/19/17 14:04:19 Pending DAG nodes:
04/19/17 14:04:19   Node cbow_exp_soft, HTCondor ID 41, status STATUS_SUBMITTED
04/19/17 14:14:22 71725 seconds since last log event
04/19/17 14:14:22 Pending DAG nodes:
04/19/17 14:14:22   Node cbow_exp_soft, HTCondor ID 41, status STATUS_SUBMITTED
04/19/17 14:24:25 72328 seconds since last log event
04/19/17 14:24:25 Pending DAG nodes:
04/19/17 14:24:25   Node cbow_exp_soft, HTCondor ID 41, status STATUS_SUBMITTED
04/19/17 14:34:28 72931 seconds since last log event
04/19/17 14:34:28 Pending DAG nodes:
04/19/17 14:34:28   Node cbow_exp_soft, HTCondor ID 41, status STATUS_SUBMITTED
04/19/17 14:44:31 73534 seconds since last log event
04/19/17 14:44:31 Pending DAG nodes:
04/19/17 14:44:31   Node cbow_exp_soft, HTCondor ID 41, status STATUS_SUBMITTED
