000 (785.000.000) 04/09 13:41:23 Job submitted from host: <10.33.133.154:9618?addrs=10.33.133.154-9618+[--1]-9618&noUDP&sock=1370_48d6_3>
    DAG Node: original
...
001 (785.000.000) 04/11 12:15:56 Job executing on host: <10.33.133.57:9618?addrs=10.33.133.57-9618+[--1]-9618&noUDP&sock=1369_993e_3>
...
010 (785.000.000) 04/11 18:47:54 Job was suspended.
	Number of processes actually suspended: 26
...
011 (785.000.000) 04/11 18:52:53 Job was unsuspended.
...
005 (785.000.000) 04/11 19:23:43 Job terminated.
	(1) Normal termination (return value 0)
		Usr 0 05:00:33, Sys 0 00:24:25  -  Run Remote Usage
		Usr 0 00:00:00, Sys 0 00:00:00  -  Run Local Usage
		Usr 0 05:00:33, Sys 0 00:24:25  -  Total Remote Usage
		Usr 0 00:00:00, Sys 0 00:00:00  -  Total Local Usage
	0  -  Run Bytes Sent By Job
	0  -  Run Bytes Received By Job
	0  -  Total Bytes Sent By Job
	0  -  Total Bytes Received By Job
	Partitionable Resources :    Usage  Request Allocated
	   Cpus                 :                 1         1
	   Disk (KB)            :        7        7  35561006
	   Gpus                 :                 1         1
	   Memory (MB)          :      866     4096      4096
...
000 (818.000.000) 04/11 19:23:52 Job submitted from host: <10.33.133.154:9618?addrs=10.33.133.154-9618+[--1]-9618&noUDP&sock=1370_48d6_3>
    DAG Node: original_test
...
009 (818.000.000) 04/18 18:07:55 Job was aborted by the user.
	removed because <OtherJobRemoveRequirements = DAGManJobId =?= 784> fired when job (784.0) was removed
...
