job started
Epoch: 1 Learning rate: 1.000
0.000 perplexity: 6749.076 speed: 364 wps
0.100 perplexity: 2821.908 speed: 4398 wps
0.200 perplexity: 2718.494 speed: 4431 wps
0.300 perplexity: 2652.034 speed: 4445 wps
0.400 perplexity: 2609.775 speed: 4459 wps
0.500 perplexity: 2578.887 speed: 4460 wps
0.600 perplexity: 2555.081 speed: 4461 wps
0.700 perplexity: 2535.599 speed: 4455 wps
0.800 perplexity: 2519.288 speed: 4450 wps
0.900 perplexity: 2507.186 speed: 4452 wps
1.000 perplexity: 2495.104 speed: 4451 wps
Epoch: 1 Train Perplexity: 2495.106
with(perplexity: 2360.265) speed: 5638 wps
Epoch: 1 Valid Perplexity: 2360.265
Epoch: 2 Learning rate: 1.000
0.000 perplexity: 2279.976 speed: 4539 wps
0.100 perplexity: 2357.982 speed: 4442 wps
0.200 perplexity: 2371.555 speed: 4444 wps
0.300 perplexity: 2366.689 speed: 4449 wps
0.400 perplexity: 2364.447 speed: 4453 wps
0.500 perplexity: 2361.950 speed: 4456 wps
0.600 perplexity: 2359.768 speed: 4461 wps
0.700 perplexity: 2357.439 speed: 4462 wps
0.800 perplexity: 2355.044 speed: 4462 wps
0.900 perplexity: 2354.535 speed: 4463 wps
1.000 perplexity: 2352.354 speed: 4465 wps
Epoch: 2 Train Perplexity: 2352.360
with(perplexity: 2296.217) speed: 6957 wps
Epoch: 2 Valid Perplexity: 2296.217
Epoch: 3 Learning rate: 1.000
0.000 perplexity: 2216.783 speed: 4542 wps
0.100 perplexity: 2307.324 speed: 4467 wps
0.200 perplexity: 2323.315 speed: 4462 wps
0.300 perplexity: 2320.722 speed: 4463 wps
0.400 perplexity: 2320.473 speed: 4463 wps
0.500 perplexity: 2319.733 speed: 4462 wps
0.600 perplexity: 2319.088 speed: 4464 wps
0.700 perplexity: 2318.242 speed: 4456 wps
0.800 perplexity: 2317.123 speed: 4457 wps
0.900 perplexity: 2317.852 speed: 4456 wps
1.000 perplexity: 2316.814 speed: 4455 wps
Epoch: 3 Train Perplexity: 2316.822
with(perplexity: 2268.816) speed: 6945 wps
Epoch: 3 Valid Perplexity: 2268.816
with(perplexity: 2635.928) speed: 79 wps
Test Perplexity: 2635.928
Saving model to /esat/spchtemp/scratch/robbe/SpeechHub/pretrained_tied_models/output/topic_0/topic_0.
