04/08/17 19:32:42 ******************************************************
04/08/17 19:32:42 ** condor_scheduniv_exec.761.0 (CONDOR_DAGMAN) STARTING UP
04/08/17 19:32:42 ** /usr/bin/condor_dagman
04/08/17 19:32:42 ** SubsystemInfo: name=DAGMAN type=DAGMAN(10) class=DAEMON(1)
04/08/17 19:32:42 ** Configuration: subsystem:DAGMAN local:<NONE> class:DAEMON
04/08/17 19:32:42 ** $CondorVersion: 8.6.1 Mar 01 2017 BuildID: 398585 $
04/08/17 19:32:42 ** $CondorPlatform: x86_64_RedHat7 $
04/08/17 19:32:42 ** PID = 924
04/08/17 19:32:42 ** Log last touched time unavailable (No such file or directory)
04/08/17 19:32:42 ******************************************************
04/08/17 19:32:42 Using config source: /etc/condor/condor_config
04/08/17 19:32:42 Using local config sources: 
04/08/17 19:32:42    /etc/condor/config.d/00esat.config
04/08/17 19:32:42    /etc/condor/config.d/01java.config
04/08/17 19:32:42    /etc/condor/config.d/80optout_users.config
04/08/17 19:32:42    /etc/condor/condor_config.local
04/08/17 19:32:42 config Macros = 166, Sorted = 166, StringBytes = 6015, TablesBytes = 6048
04/08/17 19:32:42 CLASSAD_CACHING is ENABLED
04/08/17 19:32:42 Daemon Log is logging: D_ALWAYS D_ERROR
04/08/17 19:32:42 DaemonCore: No command port requested.
04/08/17 19:32:42 DAGMAN_USE_STRICT setting: 1
04/08/17 19:32:42 DAGMAN_VERBOSITY setting: 3
04/08/17 19:32:42 DAGMAN_DEBUG_CACHE_SIZE setting: 5242880
04/08/17 19:32:42 DAGMAN_DEBUG_CACHE_ENABLE setting: False
04/08/17 19:32:42 DAGMAN_SUBMIT_DELAY setting: 0
04/08/17 19:32:42 DAGMAN_MAX_SUBMIT_ATTEMPTS setting: 6
04/08/17 19:32:42 DAGMAN_STARTUP_CYCLE_DETECT setting: False
04/08/17 19:32:42 DAGMAN_MAX_SUBMITS_PER_INTERVAL setting: 5
04/08/17 19:32:42 DAGMAN_USER_LOG_SCAN_INTERVAL setting: 5
04/08/17 19:32:42 DAGMAN_DEFAULT_PRIORITY setting: 0
04/08/17 19:32:42 DAGMAN_SUPPRESS_NOTIFICATION setting: True
04/08/17 19:32:42 allow_events (DAGMAN_ALLOW_EVENTS) setting: 114
04/08/17 19:32:42 DAGMAN_RETRY_SUBMIT_FIRST setting: True
04/08/17 19:32:42 DAGMAN_RETRY_NODE_FIRST setting: False
04/08/17 19:32:42 DAGMAN_MAX_JOBS_IDLE setting: 1000
04/08/17 19:32:42 DAGMAN_MAX_JOBS_SUBMITTED setting: 0
04/08/17 19:32:42 DAGMAN_MAX_PRE_SCRIPTS setting: 20
04/08/17 19:32:42 DAGMAN_MAX_POST_SCRIPTS setting: 20
04/08/17 19:32:42 DAGMAN_MUNGE_NODE_NAMES setting: True
04/08/17 19:32:42 DAGMAN_PROHIBIT_MULTI_JOBS setting: False
04/08/17 19:32:42 DAGMAN_SUBMIT_DEPTH_FIRST setting: False
04/08/17 19:32:42 DAGMAN_ALWAYS_RUN_POST setting: False
04/08/17 19:32:42 DAGMAN_ABORT_DUPLICATES setting: True
04/08/17 19:32:42 DAGMAN_ABORT_ON_SCARY_SUBMIT setting: True
04/08/17 19:32:42 DAGMAN_PENDING_REPORT_INTERVAL setting: 600
04/08/17 19:32:42 DAGMAN_AUTO_RESCUE setting: True
04/08/17 19:32:42 DAGMAN_MAX_RESCUE_NUM setting: 100
04/08/17 19:32:42 DAGMAN_WRITE_PARTIAL_RESCUE setting: True
04/08/17 19:32:42 DAGMAN_DEFAULT_NODE_LOG setting: @(DAG_DIR)/@(DAG_FILE).nodes.log
04/08/17 19:32:42 DAGMAN_GENERATE_SUBDAG_SUBMITS setting: True
04/08/17 19:32:42 DAGMAN_MAX_JOB_HOLDS setting: 100
04/08/17 19:32:42 DAGMAN_HOLD_CLAIM_TIME setting: 20
04/08/17 19:32:42 ALL_DEBUG setting: 
04/08/17 19:32:42 DAGMAN_DEBUG setting: 
04/08/17 19:32:42 DAGMAN_SUPPRESS_JOB_LOGS setting: False
04/08/17 19:32:42 DAGMAN_REMOVE_NODE_JOBS setting: True
04/08/17 19:32:42 argv[0] == "condor_scheduniv_exec.761.0"
04/08/17 19:32:42 argv[1] == "-Lockfile"
04/08/17 19:32:42 argv[2] == "ds_topic.dag.lock"
04/08/17 19:32:42 argv[3] == "-AutoRescue"
04/08/17 19:32:42 argv[4] == "1"
04/08/17 19:32:42 argv[5] == "-DoRescueFrom"
04/08/17 19:32:42 argv[6] == "0"
04/08/17 19:32:42 argv[7] == "-Dag"
04/08/17 19:32:42 argv[8] == "ds_topic.dag"
04/08/17 19:32:42 argv[9] == "-Suppress_notification"
04/08/17 19:32:42 argv[10] == "-CsdVersion"
04/08/17 19:32:42 argv[11] == "$CondorVersion: 8.6.1 Mar 01 2017 BuildID: 398585 $"
04/08/17 19:32:42 argv[12] == "-Dagman"
04/08/17 19:32:42 argv[13] == "/usr/bin/condor_dagman"
04/08/17 19:32:42 Workflow batch-name: <ds_topic.dag+761>
04/08/17 19:32:42 Workflow accounting_group: <>
04/08/17 19:32:42 Workflow accounting_group_user: <>
04/08/17 19:32:42 Warning: failed to get attribute DAGNodeName
04/08/17 19:32:42 DAGMAN_LOG_ON_NFS_IS_ERROR setting: False
04/08/17 19:32:42 Default node log file is: </esat/spchtemp/scratch/robbe/SpeechHub/pretrained_tied_models/python/jobdag/./ds_topic.dag.nodes.log>
04/08/17 19:32:42 DAG Lockfile will be written to ds_topic.dag.lock
04/08/17 19:32:42 DAG Input file is ds_topic.dag
04/08/17 19:32:42 Parsing 1 dagfiles
04/08/17 19:32:42 Parsing ds_topic.dag ...
04/08/17 19:32:42 Dag contains 7 total jobs
04/08/17 19:32:42 Sleeping for 3 seconds to ensure ProcessId uniqueness
04/08/17 19:32:45 Bootstrapping...
04/08/17 19:32:45 Number of pre-completed nodes: 0
04/08/17 19:32:45 MultiLogFiles: truncating log file /esat/spchtemp/scratch/robbe/SpeechHub/pretrained_tied_models/python/jobdag/./ds_topic.dag.nodes.log
04/08/17 19:32:45 DAG status: 0 (DAG_STATUS_OK)
04/08/17 19:32:45 Of 7 nodes total:
04/08/17 19:32:45  Done     Pre   Queued    Post   Ready   Un-Ready   Failed
04/08/17 19:32:45   ===     ===      ===     ===     ===        ===      ===
04/08/17 19:32:45     0       0        0       0       1          6        0
04/08/17 19:32:45 0 job proc(s) currently held
04/08/17 19:32:45 Registering condor_event_timer...
04/08/17 19:32:46 Submitting HTCondor Node topic_reg job(s)...
04/08/17 19:32:46 Adding a DAGMan workflow log /esat/spchtemp/scratch/robbe/SpeechHub/pretrained_tied_models/python/jobdag/./ds_topic.dag.nodes.log
04/08/17 19:32:46 Masking the events recorded in the DAGMAN workflow log
04/08/17 19:32:46 Mask for workflow log is 0,1,2,4,5,7,9,10,11,12,13,16,17,24,27
04/08/17 19:32:46 submitting: /usr/bin/condor_submit -a dag_node_name' '=' 'topic_reg -a +DAGManJobId' '=' '761 -a DAGManJobId' '=' '761 -batch-name ds_topic.dag+761 -a submit_event_notes' '=' 'DAG' 'Node:' 'topic_reg -a dagman_log' '=' '/esat/spchtemp/scratch/robbe/SpeechHub/pretrained_tied_models/python/jobdag/./ds_topic.dag.nodes.log -a +DAGManNodesMask' '=' '"0,1,2,4,5,7,9,10,11,12,13,16,17,24,27" -a data_set' '=' 'ds -a test_name' '=' 'topic -a num_run' '=' '0 -a mode' '=' 'reg -a DAG_STATUS' '=' '0 -a FAILED_COUNT' '=' '0 -a +KeepClaimIdle' '=' '20 -a notification' '=' 'never -a +DAGParentNodeNames' '=' '"" jobdag/topic.job
04/08/17 19:32:46 From submit: Submitting job(s).
04/08/17 19:32:46 From submit: 1 job(s) submitted to cluster 763.
04/08/17 19:32:46 	assigned HTCondor ID (763.0.0)
04/08/17 19:32:46 Just submitted 1 job this cycle...
04/08/17 19:32:46 Currently monitoring 1 HTCondor log file(s)
04/08/17 19:32:46 Reassigning the id of job topic_reg from (763.0.0) to (763.0.0)
04/08/17 19:32:46 Event: ULOG_SUBMIT for HTCondor Node topic_reg (763.0.0) {04/08/17 19:32:46}
04/08/17 19:32:46 Number of idle job procs: 1
04/08/17 19:32:46 DAG status: 0 (DAG_STATUS_OK)
04/08/17 19:32:46 Of 7 nodes total:
04/08/17 19:32:46  Done     Pre   Queued    Post   Ready   Un-Ready   Failed
04/08/17 19:32:46   ===     ===      ===     ===     ===        ===      ===
04/08/17 19:32:46     0       0        1       0       0          6        0
04/08/17 19:32:46 0 job proc(s) currently held
04/08/17 19:42:49 603 seconds since last log event
04/08/17 19:42:49 Pending DAG nodes:
04/08/17 19:42:49   Node topic_reg, HTCondor ID 763, status STATUS_SUBMITTED
04/08/17 19:52:52 1206 seconds since last log event
04/08/17 19:52:52 Pending DAG nodes:
04/08/17 19:52:52   Node topic_reg, HTCondor ID 763, status STATUS_SUBMITTED
04/08/17 20:02:55 1809 seconds since last log event
04/08/17 20:02:55 Pending DAG nodes:
04/08/17 20:02:55   Node topic_reg, HTCondor ID 763, status STATUS_SUBMITTED
04/08/17 20:12:57 2411 seconds since last log event
04/08/17 20:12:57 Pending DAG nodes:
04/08/17 20:12:57   Node topic_reg, HTCondor ID 763, status STATUS_SUBMITTED
04/08/17 20:23:00 3014 seconds since last log event
04/08/17 20:23:00 Pending DAG nodes:
04/08/17 20:23:00   Node topic_reg, HTCondor ID 763, status STATUS_SUBMITTED
04/08/17 20:33:03 3617 seconds since last log event
04/08/17 20:33:03 Pending DAG nodes:
04/08/17 20:33:03   Node topic_reg, HTCondor ID 763, status STATUS_SUBMITTED
04/08/17 20:43:05 4219 seconds since last log event
04/08/17 20:43:05 Pending DAG nodes:
04/08/17 20:43:05   Node topic_reg, HTCondor ID 763, status STATUS_SUBMITTED
04/08/17 20:53:07 4821 seconds since last log event
04/08/17 20:53:07 Pending DAG nodes:
04/08/17 20:53:07   Node topic_reg, HTCondor ID 763, status STATUS_SUBMITTED
04/08/17 21:03:10 5424 seconds since last log event
04/08/17 21:03:10 Pending DAG nodes:
04/08/17 21:03:10   Node topic_reg, HTCondor ID 763, status STATUS_SUBMITTED
04/08/17 21:13:13 6027 seconds since last log event
04/08/17 21:13:13 Pending DAG nodes:
04/08/17 21:13:13   Node topic_reg, HTCondor ID 763, status STATUS_SUBMITTED
04/08/17 21:23:16 6630 seconds since last log event
04/08/17 21:23:16 Pending DAG nodes:
04/08/17 21:23:16   Node topic_reg, HTCondor ID 763, status STATUS_SUBMITTED
04/08/17 21:33:19 7233 seconds since last log event
04/08/17 21:33:19 Pending DAG nodes:
04/08/17 21:33:19   Node topic_reg, HTCondor ID 763, status STATUS_SUBMITTED
04/08/17 21:43:22 7836 seconds since last log event
04/08/17 21:43:22 Pending DAG nodes:
04/08/17 21:43:22   Node topic_reg, HTCondor ID 763, status STATUS_SUBMITTED
04/08/17 21:53:24 8438 seconds since last log event
04/08/17 21:53:24 Pending DAG nodes:
04/08/17 21:53:24   Node topic_reg, HTCondor ID 763, status STATUS_SUBMITTED
04/08/17 22:03:25 9039 seconds since last log event
04/08/17 22:03:25 Pending DAG nodes:
04/08/17 22:03:25   Node topic_reg, HTCondor ID 763, status STATUS_SUBMITTED
04/08/17 22:13:28 9642 seconds since last log event
04/08/17 22:13:28 Pending DAG nodes:
04/08/17 22:13:28   Node topic_reg, HTCondor ID 763, status STATUS_SUBMITTED
04/08/17 22:23:30 10244 seconds since last log event
04/08/17 22:23:30 Pending DAG nodes:
04/08/17 22:23:30   Node topic_reg, HTCondor ID 763, status STATUS_SUBMITTED
04/08/17 22:33:32 10846 seconds since last log event
04/08/17 22:33:32 Pending DAG nodes:
04/08/17 22:33:32   Node topic_reg, HTCondor ID 763, status STATUS_SUBMITTED
04/08/17 22:43:34 11448 seconds since last log event
04/08/17 22:43:34 Pending DAG nodes:
04/08/17 22:43:34   Node topic_reg, HTCondor ID 763, status STATUS_SUBMITTED
04/08/17 22:53:37 12051 seconds since last log event
04/08/17 22:53:37 Pending DAG nodes:
04/08/17 22:53:37   Node topic_reg, HTCondor ID 763, status STATUS_SUBMITTED
04/08/17 23:03:40 12654 seconds since last log event
04/08/17 23:03:40 Pending DAG nodes:
04/08/17 23:03:40   Node topic_reg, HTCondor ID 763, status STATUS_SUBMITTED
04/08/17 23:13:42 13256 seconds since last log event
04/08/17 23:13:42 Pending DAG nodes:
04/08/17 23:13:42   Node topic_reg, HTCondor ID 763, status STATUS_SUBMITTED
04/08/17 23:23:44 13858 seconds since last log event
04/08/17 23:23:44 Pending DAG nodes:
04/08/17 23:23:44   Node topic_reg, HTCondor ID 763, status STATUS_SUBMITTED
04/08/17 23:33:47 14461 seconds since last log event
04/08/17 23:33:47 Pending DAG nodes:
04/08/17 23:33:47   Node topic_reg, HTCondor ID 763, status STATUS_SUBMITTED
04/08/17 23:43:51 15065 seconds since last log event
04/08/17 23:43:51 Pending DAG nodes:
04/08/17 23:43:51   Node topic_reg, HTCondor ID 763, status STATUS_SUBMITTED
04/08/17 23:53:53 15667 seconds since last log event
04/08/17 23:53:53 Pending DAG nodes:
04/08/17 23:53:53   Node topic_reg, HTCondor ID 763, status STATUS_SUBMITTED
04/09/17 00:03:56 16270 seconds since last log event
04/09/17 00:03:56 Pending DAG nodes:
04/09/17 00:03:56   Node topic_reg, HTCondor ID 763, status STATUS_SUBMITTED
04/09/17 00:13:57 16871 seconds since last log event
04/09/17 00:13:57 Pending DAG nodes:
04/09/17 00:13:57   Node topic_reg, HTCondor ID 763, status STATUS_SUBMITTED
04/09/17 00:23:59 17473 seconds since last log event
04/09/17 00:23:59 Pending DAG nodes:
04/09/17 00:23:59   Node topic_reg, HTCondor ID 763, status STATUS_SUBMITTED
04/09/17 00:34:02 18076 seconds since last log event
04/09/17 00:34:02 Pending DAG nodes:
04/09/17 00:34:02   Node topic_reg, HTCondor ID 763, status STATUS_SUBMITTED
04/09/17 00:44:06 18680 seconds since last log event
04/09/17 00:44:06 Pending DAG nodes:
04/09/17 00:44:06   Node topic_reg, HTCondor ID 763, status STATUS_SUBMITTED
04/09/17 00:54:08 19282 seconds since last log event
04/09/17 00:54:08 Pending DAG nodes:
04/09/17 00:54:08   Node topic_reg, HTCondor ID 763, status STATUS_SUBMITTED
04/09/17 01:04:09 19883 seconds since last log event
04/09/17 01:04:09 Pending DAG nodes:
04/09/17 01:04:09   Node topic_reg, HTCondor ID 763, status STATUS_SUBMITTED
04/09/17 01:14:12 20486 seconds since last log event
04/09/17 01:14:12 Pending DAG nodes:
04/09/17 01:14:12   Node topic_reg, HTCondor ID 763, status STATUS_SUBMITTED
04/09/17 01:24:00 Currently monitoring 1 HTCondor log file(s)
04/09/17 01:24:00 Event: ULOG_EXECUTE for HTCondor Node topic_reg (763.0.0) {04/09/17 01:23:59}
04/09/17 01:24:00 Number of idle job procs: 0
04/09/17 01:34:02 602 seconds since last log event
04/09/17 01:34:02 Pending DAG nodes:
04/09/17 01:34:02   Node topic_reg, HTCondor ID 763, status STATUS_SUBMITTED
04/09/17 01:44:05 1205 seconds since last log event
04/09/17 01:44:05 Pending DAG nodes:
04/09/17 01:44:05   Node topic_reg, HTCondor ID 763, status STATUS_SUBMITTED
04/09/17 01:54:08 1808 seconds since last log event
04/09/17 01:54:08 Pending DAG nodes:
04/09/17 01:54:08   Node topic_reg, HTCondor ID 763, status STATUS_SUBMITTED
04/09/17 02:04:10 2410 seconds since last log event
04/09/17 02:04:10 Pending DAG nodes:
04/09/17 02:04:10   Node topic_reg, HTCondor ID 763, status STATUS_SUBMITTED
04/09/17 02:14:13 3013 seconds since last log event
04/09/17 02:14:13 Pending DAG nodes:
04/09/17 02:14:13   Node topic_reg, HTCondor ID 763, status STATUS_SUBMITTED
04/09/17 02:24:15 3615 seconds since last log event
04/09/17 02:24:15 Pending DAG nodes:
04/09/17 02:24:15   Node topic_reg, HTCondor ID 763, status STATUS_SUBMITTED
04/09/17 02:34:18 4218 seconds since last log event
04/09/17 02:34:18 Pending DAG nodes:
04/09/17 02:34:18   Node topic_reg, HTCondor ID 763, status STATUS_SUBMITTED
04/09/17 02:44:21 4821 seconds since last log event
04/09/17 02:44:21 Pending DAG nodes:
04/09/17 02:44:21   Node topic_reg, HTCondor ID 763, status STATUS_SUBMITTED
04/09/17 02:54:24 5424 seconds since last log event
04/09/17 02:54:24 Pending DAG nodes:
04/09/17 02:54:24   Node topic_reg, HTCondor ID 763, status STATUS_SUBMITTED
04/09/17 03:04:27 6027 seconds since last log event
04/09/17 03:04:27 Pending DAG nodes:
04/09/17 03:04:27   Node topic_reg, HTCondor ID 763, status STATUS_SUBMITTED
04/09/17 03:14:28 6628 seconds since last log event
04/09/17 03:14:28 Pending DAG nodes:
04/09/17 03:14:28   Node topic_reg, HTCondor ID 763, status STATUS_SUBMITTED
04/09/17 03:24:30 7230 seconds since last log event
04/09/17 03:24:30 Pending DAG nodes:
04/09/17 03:24:30   Node topic_reg, HTCondor ID 763, status STATUS_SUBMITTED
04/09/17 03:34:33 7833 seconds since last log event
04/09/17 03:34:33 Pending DAG nodes:
04/09/17 03:34:33   Node topic_reg, HTCondor ID 763, status STATUS_SUBMITTED
04/09/17 03:44:35 8435 seconds since last log event
04/09/17 03:44:35 Pending DAG nodes:
04/09/17 03:44:35   Node topic_reg, HTCondor ID 763, status STATUS_SUBMITTED
04/09/17 03:54:38 9038 seconds since last log event
04/09/17 03:54:38 Pending DAG nodes:
04/09/17 03:54:38   Node topic_reg, HTCondor ID 763, status STATUS_SUBMITTED
04/09/17 04:04:39 9639 seconds since last log event
04/09/17 04:04:39 Pending DAG nodes:
04/09/17 04:04:39   Node topic_reg, HTCondor ID 763, status STATUS_SUBMITTED
04/09/17 04:14:42 10242 seconds since last log event
04/09/17 04:14:42 Pending DAG nodes:
04/09/17 04:14:42   Node topic_reg, HTCondor ID 763, status STATUS_SUBMITTED
04/09/17 04:24:44 10844 seconds since last log event
04/09/17 04:24:44 Pending DAG nodes:
04/09/17 04:24:44   Node topic_reg, HTCondor ID 763, status STATUS_SUBMITTED
04/09/17 04:34:47 11447 seconds since last log event
04/09/17 04:34:47 Pending DAG nodes:
04/09/17 04:34:47   Node topic_reg, HTCondor ID 763, status STATUS_SUBMITTED
04/09/17 04:44:50 12050 seconds since last log event
04/09/17 04:44:50 Pending DAG nodes:
04/09/17 04:44:50   Node topic_reg, HTCondor ID 763, status STATUS_SUBMITTED
04/09/17 04:54:51 12651 seconds since last log event
04/09/17 04:54:51 Pending DAG nodes:
04/09/17 04:54:51   Node topic_reg, HTCondor ID 763, status STATUS_SUBMITTED
04/09/17 05:04:54 13254 seconds since last log event
04/09/17 05:04:54 Pending DAG nodes:
04/09/17 05:04:54   Node topic_reg, HTCondor ID 763, status STATUS_SUBMITTED
04/09/17 05:14:57 13857 seconds since last log event
04/09/17 05:14:57 Pending DAG nodes:
04/09/17 05:14:57   Node topic_reg, HTCondor ID 763, status STATUS_SUBMITTED
04/09/17 05:24:59 14459 seconds since last log event
04/09/17 05:24:59 Pending DAG nodes:
04/09/17 05:24:59   Node topic_reg, HTCondor ID 763, status STATUS_SUBMITTED
04/09/17 05:35:02 15062 seconds since last log event
04/09/17 05:35:02 Pending DAG nodes:
04/09/17 05:35:02   Node topic_reg, HTCondor ID 763, status STATUS_SUBMITTED
04/09/17 05:45:05 15665 seconds since last log event
04/09/17 05:45:05 Pending DAG nodes:
04/09/17 05:45:05   Node topic_reg, HTCondor ID 763, status STATUS_SUBMITTED
04/09/17 05:55:07 16267 seconds since last log event
04/09/17 05:55:07 Pending DAG nodes:
04/09/17 05:55:07   Node topic_reg, HTCondor ID 763, status STATUS_SUBMITTED
04/09/17 06:05:10 16870 seconds since last log event
04/09/17 06:05:10 Pending DAG nodes:
04/09/17 06:05:10   Node topic_reg, HTCondor ID 763, status STATUS_SUBMITTED
04/09/17 06:15:13 17473 seconds since last log event
04/09/17 06:15:13 Pending DAG nodes:
04/09/17 06:15:13   Node topic_reg, HTCondor ID 763, status STATUS_SUBMITTED
04/09/17 06:25:16 18076 seconds since last log event
04/09/17 06:25:16 Pending DAG nodes:
04/09/17 06:25:16   Node topic_reg, HTCondor ID 763, status STATUS_SUBMITTED
04/09/17 06:35:18 18678 seconds since last log event
04/09/17 06:35:18 Pending DAG nodes:
04/09/17 06:35:18   Node topic_reg, HTCondor ID 763, status STATUS_SUBMITTED
04/09/17 06:45:21 19281 seconds since last log event
04/09/17 06:45:21 Pending DAG nodes:
04/09/17 06:45:21   Node topic_reg, HTCondor ID 763, status STATUS_SUBMITTED
04/09/17 06:55:24 19884 seconds since last log event
04/09/17 06:55:24 Pending DAG nodes:
04/09/17 06:55:24   Node topic_reg, HTCondor ID 763, status STATUS_SUBMITTED
04/09/17 07:05:26 20486 seconds since last log event
04/09/17 07:05:26 Pending DAG nodes:
04/09/17 07:05:26   Node topic_reg, HTCondor ID 763, status STATUS_SUBMITTED
04/09/17 07:15:29 21089 seconds since last log event
04/09/17 07:15:29 Pending DAG nodes:
04/09/17 07:15:29   Node topic_reg, HTCondor ID 763, status STATUS_SUBMITTED
04/09/17 07:25:31 21691 seconds since last log event
04/09/17 07:25:31 Pending DAG nodes:
04/09/17 07:25:31   Node topic_reg, HTCondor ID 763, status STATUS_SUBMITTED
04/09/17 07:35:33 22293 seconds since last log event
04/09/17 07:35:33 Pending DAG nodes:
04/09/17 07:35:33   Node topic_reg, HTCondor ID 763, status STATUS_SUBMITTED
04/09/17 07:45:36 22896 seconds since last log event
04/09/17 07:45:36 Pending DAG nodes:
04/09/17 07:45:36   Node topic_reg, HTCondor ID 763, status STATUS_SUBMITTED
04/09/17 07:55:38 23498 seconds since last log event
04/09/17 07:55:38 Pending DAG nodes:
04/09/17 07:55:38   Node topic_reg, HTCondor ID 763, status STATUS_SUBMITTED
04/09/17 08:05:41 24101 seconds since last log event
04/09/17 08:05:41 Pending DAG nodes:
04/09/17 08:05:41   Node topic_reg, HTCondor ID 763, status STATUS_SUBMITTED
04/09/17 08:15:43 24703 seconds since last log event
04/09/17 08:15:43 Pending DAG nodes:
04/09/17 08:15:43   Node topic_reg, HTCondor ID 763, status STATUS_SUBMITTED
04/09/17 08:25:46 25306 seconds since last log event
04/09/17 08:25:46 Pending DAG nodes:
04/09/17 08:25:46   Node topic_reg, HTCondor ID 763, status STATUS_SUBMITTED
04/09/17 08:35:48 25908 seconds since last log event
04/09/17 08:35:48 Pending DAG nodes:
04/09/17 08:35:48   Node topic_reg, HTCondor ID 763, status STATUS_SUBMITTED
04/09/17 08:45:51 26511 seconds since last log event
04/09/17 08:45:51 Pending DAG nodes:
04/09/17 08:45:51   Node topic_reg, HTCondor ID 763, status STATUS_SUBMITTED
04/09/17 08:55:54 27114 seconds since last log event
04/09/17 08:55:54 Pending DAG nodes:
04/09/17 08:55:54   Node topic_reg, HTCondor ID 763, status STATUS_SUBMITTED
04/09/17 09:05:56 27716 seconds since last log event
04/09/17 09:05:56 Pending DAG nodes:
04/09/17 09:05:56   Node topic_reg, HTCondor ID 763, status STATUS_SUBMITTED
04/09/17 09:15:59 28319 seconds since last log event
04/09/17 09:15:59 Pending DAG nodes:
04/09/17 09:15:59   Node topic_reg, HTCondor ID 763, status STATUS_SUBMITTED
04/09/17 09:26:00 28920 seconds since last log event
04/09/17 09:26:00 Pending DAG nodes:
04/09/17 09:26:00   Node topic_reg, HTCondor ID 763, status STATUS_SUBMITTED
04/09/17 09:36:03 29523 seconds since last log event
04/09/17 09:36:03 Pending DAG nodes:
04/09/17 09:36:03   Node topic_reg, HTCondor ID 763, status STATUS_SUBMITTED
04/09/17 09:46:06 30126 seconds since last log event
04/09/17 09:46:06 Pending DAG nodes:
04/09/17 09:46:06   Node topic_reg, HTCondor ID 763, status STATUS_SUBMITTED
04/09/17 09:56:09 30729 seconds since last log event
04/09/17 09:56:09 Pending DAG nodes:
04/09/17 09:56:09   Node topic_reg, HTCondor ID 763, status STATUS_SUBMITTED
04/09/17 10:06:11 31331 seconds since last log event
04/09/17 10:06:11 Pending DAG nodes:
04/09/17 10:06:11   Node topic_reg, HTCondor ID 763, status STATUS_SUBMITTED
04/09/17 10:16:13 31933 seconds since last log event
04/09/17 10:16:13 Pending DAG nodes:
04/09/17 10:16:13   Node topic_reg, HTCondor ID 763, status STATUS_SUBMITTED
04/09/17 10:26:15 32535 seconds since last log event
04/09/17 10:26:15 Pending DAG nodes:
04/09/17 10:26:15   Node topic_reg, HTCondor ID 763, status STATUS_SUBMITTED
04/09/17 10:36:18 33138 seconds since last log event
04/09/17 10:36:18 Pending DAG nodes:
04/09/17 10:36:18   Node topic_reg, HTCondor ID 763, status STATUS_SUBMITTED
04/09/17 10:46:20 33740 seconds since last log event
04/09/17 10:46:20 Pending DAG nodes:
04/09/17 10:46:20   Node topic_reg, HTCondor ID 763, status STATUS_SUBMITTED
04/09/17 10:56:23 34343 seconds since last log event
04/09/17 10:56:23 Pending DAG nodes:
04/09/17 10:56:23   Node topic_reg, HTCondor ID 763, status STATUS_SUBMITTED
04/09/17 11:06:26 34946 seconds since last log event
04/09/17 11:06:26 Pending DAG nodes:
04/09/17 11:06:26   Node topic_reg, HTCondor ID 763, status STATUS_SUBMITTED
04/09/17 11:16:29 35549 seconds since last log event
04/09/17 11:16:29 Pending DAG nodes:
04/09/17 11:16:29   Node topic_reg, HTCondor ID 763, status STATUS_SUBMITTED
04/09/17 11:26:30 36150 seconds since last log event
04/09/17 11:26:30 Pending DAG nodes:
04/09/17 11:26:30   Node topic_reg, HTCondor ID 763, status STATUS_SUBMITTED
04/09/17 11:36:33 36753 seconds since last log event
04/09/17 11:36:33 Pending DAG nodes:
04/09/17 11:36:33   Node topic_reg, HTCondor ID 763, status STATUS_SUBMITTED
04/09/17 11:46:35 37355 seconds since last log event
04/09/17 11:46:35 Pending DAG nodes:
04/09/17 11:46:35   Node topic_reg, HTCondor ID 763, status STATUS_SUBMITTED
04/09/17 11:56:37 37957 seconds since last log event
04/09/17 11:56:37 Pending DAG nodes:
04/09/17 11:56:37   Node topic_reg, HTCondor ID 763, status STATUS_SUBMITTED
04/09/17 12:06:38 38558 seconds since last log event
04/09/17 12:06:38 Pending DAG nodes:
04/09/17 12:06:38   Node topic_reg, HTCondor ID 763, status STATUS_SUBMITTED
04/09/17 12:16:41 39161 seconds since last log event
04/09/17 12:16:41 Pending DAG nodes:
04/09/17 12:16:41   Node topic_reg, HTCondor ID 763, status STATUS_SUBMITTED
04/09/17 12:26:44 39764 seconds since last log event
04/09/17 12:26:44 Pending DAG nodes:
04/09/17 12:26:44   Node topic_reg, HTCondor ID 763, status STATUS_SUBMITTED
04/09/17 12:36:47 40367 seconds since last log event
04/09/17 12:36:47 Pending DAG nodes:
04/09/17 12:36:47   Node topic_reg, HTCondor ID 763, status STATUS_SUBMITTED
04/09/17 12:46:49 40969 seconds since last log event
04/09/17 12:46:49 Pending DAG nodes:
04/09/17 12:46:49   Node topic_reg, HTCondor ID 763, status STATUS_SUBMITTED
04/09/17 12:56:52 41572 seconds since last log event
04/09/17 12:56:52 Pending DAG nodes:
04/09/17 12:56:52   Node topic_reg, HTCondor ID 763, status STATUS_SUBMITTED
04/09/17 13:06:54 42174 seconds since last log event
04/09/17 13:06:54 Pending DAG nodes:
04/09/17 13:06:54   Node topic_reg, HTCondor ID 763, status STATUS_SUBMITTED
04/09/17 13:16:57 42777 seconds since last log event
04/09/17 13:16:57 Pending DAG nodes:
04/09/17 13:16:57   Node topic_reg, HTCondor ID 763, status STATUS_SUBMITTED
04/09/17 13:27:00 43380 seconds since last log event
04/09/17 13:27:00 Pending DAG nodes:
04/09/17 13:27:00   Node topic_reg, HTCondor ID 763, status STATUS_SUBMITTED
04/09/17 13:37:03 43983 seconds since last log event
04/09/17 13:37:03 Pending DAG nodes:
04/09/17 13:37:03   Node topic_reg, HTCondor ID 763, status STATUS_SUBMITTED
04/09/17 13:47:06 44586 seconds since last log event
04/09/17 13:47:06 Pending DAG nodes:
04/09/17 13:47:06   Node topic_reg, HTCondor ID 763, status STATUS_SUBMITTED
04/09/17 13:57:08 45188 seconds since last log event
04/09/17 13:57:08 Pending DAG nodes:
04/09/17 13:57:08   Node topic_reg, HTCondor ID 763, status STATUS_SUBMITTED
04/09/17 14:07:11 45791 seconds since last log event
04/09/17 14:07:11 Pending DAG nodes:
04/09/17 14:07:11   Node topic_reg, HTCondor ID 763, status STATUS_SUBMITTED
04/09/17 14:17:14 46394 seconds since last log event
04/09/17 14:17:14 Pending DAG nodes:
04/09/17 14:17:14   Node topic_reg, HTCondor ID 763, status STATUS_SUBMITTED
04/09/17 14:27:16 46996 seconds since last log event
04/09/17 14:27:16 Pending DAG nodes:
04/09/17 14:27:16   Node topic_reg, HTCondor ID 763, status STATUS_SUBMITTED
04/09/17 14:37:19 47599 seconds since last log event
04/09/17 14:37:19 Pending DAG nodes:
04/09/17 14:37:19   Node topic_reg, HTCondor ID 763, status STATUS_SUBMITTED
04/09/17 14:47:22 48202 seconds since last log event
04/09/17 14:47:22 Pending DAG nodes:
04/09/17 14:47:22   Node topic_reg, HTCondor ID 763, status STATUS_SUBMITTED
04/09/17 14:57:25 48805 seconds since last log event
04/09/17 14:57:25 Pending DAG nodes:
04/09/17 14:57:25   Node topic_reg, HTCondor ID 763, status STATUS_SUBMITTED
04/09/17 15:07:27 49407 seconds since last log event
04/09/17 15:07:27 Pending DAG nodes:
04/09/17 15:07:27   Node topic_reg, HTCondor ID 763, status STATUS_SUBMITTED
04/09/17 15:17:29 50009 seconds since last log event
04/09/17 15:17:29 Pending DAG nodes:
04/09/17 15:17:29   Node topic_reg, HTCondor ID 763, status STATUS_SUBMITTED
04/09/17 15:27:30 50610 seconds since last log event
04/09/17 15:27:30 Pending DAG nodes:
04/09/17 15:27:30   Node topic_reg, HTCondor ID 763, status STATUS_SUBMITTED
04/09/17 15:37:33 51213 seconds since last log event
04/09/17 15:37:33 Pending DAG nodes:
04/09/17 15:37:33   Node topic_reg, HTCondor ID 763, status STATUS_SUBMITTED
04/09/17 15:47:36 51816 seconds since last log event
04/09/17 15:47:36 Pending DAG nodes:
04/09/17 15:47:36   Node topic_reg, HTCondor ID 763, status STATUS_SUBMITTED
04/09/17 15:57:39 52419 seconds since last log event
04/09/17 15:57:39 Pending DAG nodes:
04/09/17 15:57:39   Node topic_reg, HTCondor ID 763, status STATUS_SUBMITTED
04/09/17 16:07:41 53021 seconds since last log event
04/09/17 16:07:41 Pending DAG nodes:
04/09/17 16:07:41   Node topic_reg, HTCondor ID 763, status STATUS_SUBMITTED
04/09/17 16:17:44 53624 seconds since last log event
04/09/17 16:17:44 Pending DAG nodes:
04/09/17 16:17:44   Node topic_reg, HTCondor ID 763, status STATUS_SUBMITTED
04/09/17 16:27:47 54227 seconds since last log event
04/09/17 16:27:47 Pending DAG nodes:
04/09/17 16:27:47   Node topic_reg, HTCondor ID 763, status STATUS_SUBMITTED
04/09/17 16:37:50 54830 seconds since last log event
04/09/17 16:37:50 Pending DAG nodes:
04/09/17 16:37:50   Node topic_reg, HTCondor ID 763, status STATUS_SUBMITTED
04/09/17 16:47:52 55432 seconds since last log event
04/09/17 16:47:52 Pending DAG nodes:
04/09/17 16:47:52   Node topic_reg, HTCondor ID 763, status STATUS_SUBMITTED
04/09/17 16:57:55 56035 seconds since last log event
04/09/17 16:57:55 Pending DAG nodes:
04/09/17 16:57:55   Node topic_reg, HTCondor ID 763, status STATUS_SUBMITTED
04/09/17 17:07:58 56638 seconds since last log event
04/09/17 17:07:58 Pending DAG nodes:
04/09/17 17:07:58   Node topic_reg, HTCondor ID 763, status STATUS_SUBMITTED
04/09/17 17:18:01 57241 seconds since last log event
04/09/17 17:18:01 Pending DAG nodes:
04/09/17 17:18:01   Node topic_reg, HTCondor ID 763, status STATUS_SUBMITTED
04/09/17 17:28:04 57844 seconds since last log event
04/09/17 17:28:04 Pending DAG nodes:
04/09/17 17:28:04   Node topic_reg, HTCondor ID 763, status STATUS_SUBMITTED
04/09/17 17:38:06 58446 seconds since last log event
04/09/17 17:38:06 Pending DAG nodes:
04/09/17 17:38:06   Node topic_reg, HTCondor ID 763, status STATUS_SUBMITTED
04/09/17 17:48:09 59049 seconds since last log event
04/09/17 17:48:09 Pending DAG nodes:
04/09/17 17:48:09   Node topic_reg, HTCondor ID 763, status STATUS_SUBMITTED
04/09/17 17:58:12 59652 seconds since last log event
04/09/17 17:58:12 Pending DAG nodes:
04/09/17 17:58:12   Node topic_reg, HTCondor ID 763, status STATUS_SUBMITTED
04/09/17 18:08:14 60254 seconds since last log event
04/09/17 18:08:14 Pending DAG nodes:
04/09/17 18:08:14   Node topic_reg, HTCondor ID 763, status STATUS_SUBMITTED
04/09/17 18:18:17 60857 seconds since last log event
04/09/17 18:18:17 Pending DAG nodes:
04/09/17 18:18:17   Node topic_reg, HTCondor ID 763, status STATUS_SUBMITTED
04/09/17 18:28:18 61458 seconds since last log event
04/09/17 18:28:18 Pending DAG nodes:
04/09/17 18:28:18   Node topic_reg, HTCondor ID 763, status STATUS_SUBMITTED
04/09/17 18:38:21 62061 seconds since last log event
04/09/17 18:38:21 Pending DAG nodes:
04/09/17 18:38:21   Node topic_reg, HTCondor ID 763, status STATUS_SUBMITTED
04/09/17 18:48:24 62664 seconds since last log event
04/09/17 18:48:24 Pending DAG nodes:
04/09/17 18:48:24   Node topic_reg, HTCondor ID 763, status STATUS_SUBMITTED
04/09/17 18:58:27 63267 seconds since last log event
04/09/17 18:58:27 Pending DAG nodes:
04/09/17 18:58:27   Node topic_reg, HTCondor ID 763, status STATUS_SUBMITTED
04/09/17 19:08:29 63869 seconds since last log event
04/09/17 19:08:29 Pending DAG nodes:
04/09/17 19:08:29   Node topic_reg, HTCondor ID 763, status STATUS_SUBMITTED
04/09/17 19:18:32 64472 seconds since last log event
04/09/17 19:18:32 Pending DAG nodes:
04/09/17 19:18:32   Node topic_reg, HTCondor ID 763, status STATUS_SUBMITTED
04/09/17 19:28:34 65074 seconds since last log event
04/09/17 19:28:34 Pending DAG nodes:
04/09/17 19:28:34   Node topic_reg, HTCondor ID 763, status STATUS_SUBMITTED
04/09/17 19:38:36 65676 seconds since last log event
04/09/17 19:38:36 Pending DAG nodes:
04/09/17 19:38:36   Node topic_reg, HTCondor ID 763, status STATUS_SUBMITTED
04/09/17 19:48:39 66279 seconds since last log event
04/09/17 19:48:39 Pending DAG nodes:
04/09/17 19:48:39   Node topic_reg, HTCondor ID 763, status STATUS_SUBMITTED
04/09/17 19:58:42 66882 seconds since last log event
04/09/17 19:58:42 Pending DAG nodes:
04/09/17 19:58:42   Node topic_reg, HTCondor ID 763, status STATUS_SUBMITTED
04/09/17 20:08:45 67485 seconds since last log event
04/09/17 20:08:45 Pending DAG nodes:
04/09/17 20:08:45   Node topic_reg, HTCondor ID 763, status STATUS_SUBMITTED
04/09/17 20:18:48 68088 seconds since last log event
04/09/17 20:18:48 Pending DAG nodes:
04/09/17 20:18:48   Node topic_reg, HTCondor ID 763, status STATUS_SUBMITTED
04/09/17 20:28:01 Currently monitoring 1 HTCondor log file(s)
04/09/17 20:28:01 Event: ULOG_JOB_TERMINATED for HTCondor Node topic_reg (763.0.0) {04/09/17 20:28:01}
04/09/17 20:28:01 Number of idle job procs: 0
04/09/17 20:28:01 Node topic_reg job proc (763.0.0) completed successfully.
04/09/17 20:28:01 Node topic_reg job completed
04/09/17 20:28:01 DAG status: 0 (DAG_STATUS_OK)
04/09/17 20:28:01 Of 7 nodes total:
04/09/17 20:28:01  Done     Pre   Queued    Post   Ready   Un-Ready   Failed
04/09/17 20:28:01   ===     ===      ===     ===     ===        ===      ===
04/09/17 20:28:01     1       0        0       0       1          5        0
04/09/17 20:28:01 0 job proc(s) currently held
04/09/17 20:28:06 Submitting HTCondor Node topic_lda job(s)...
04/09/17 20:28:06 Adding a DAGMan workflow log /esat/spchtemp/scratch/robbe/SpeechHub/pretrained_tied_models/python/jobdag/./ds_topic.dag.nodes.log
04/09/17 20:28:06 Masking the events recorded in the DAGMAN workflow log
04/09/17 20:28:06 Mask for workflow log is 0,1,2,4,5,7,9,10,11,12,13,16,17,24,27
04/09/17 20:28:06 submitting: /usr/bin/condor_submit -a dag_node_name' '=' 'topic_lda -a +DAGManJobId' '=' '761 -a DAGManJobId' '=' '761 -batch-name ds_topic.dag+761 -a submit_event_notes' '=' 'DAG' 'Node:' 'topic_lda -a dagman_log' '=' '/esat/spchtemp/scratch/robbe/SpeechHub/pretrained_tied_models/python/jobdag/./ds_topic.dag.nodes.log -a +DAGManNodesMask' '=' '"0,1,2,4,5,7,9,10,11,12,13,16,17,24,27" -a data_set' '=' 'ds -a test_name' '=' 'topic -a num_run' '=' '0 -a mode' '=' 'lda -a DAG_STATUS' '=' '0 -a FAILED_COUNT' '=' '0 -a +KeepClaimIdle' '=' '20 -a notification' '=' 'never -a +DAGParentNodeNames' '=' '"topic_reg" jobdag/topic.job
04/09/17 20:28:06 From submit: Submitting job(s).
04/09/17 20:28:06 From submit: 1 job(s) submitted to cluster 791.
04/09/17 20:28:06 	assigned HTCondor ID (791.0.0)
04/09/17 20:28:06 Just submitted 1 job this cycle...
04/09/17 20:28:06 Currently monitoring 1 HTCondor log file(s)
04/09/17 20:28:06 Reassigning the id of job topic_lda from (791.0.0) to (791.0.0)
04/09/17 20:28:06 Event: ULOG_SUBMIT for HTCondor Node topic_lda (791.0.0) {04/09/17 20:28:06}
04/09/17 20:28:06 Number of idle job procs: 1
04/09/17 20:28:06 DAG status: 0 (DAG_STATUS_OK)
04/09/17 20:28:06 Of 7 nodes total:
04/09/17 20:28:06  Done     Pre   Queued    Post   Ready   Un-Ready   Failed
04/09/17 20:28:06   ===     ===      ===     ===     ===        ===      ===
04/09/17 20:28:06     1       0        1       0       0          5        0
04/09/17 20:28:06 0 job proc(s) currently held
04/09/17 20:38:09 603 seconds since last log event
04/09/17 20:38:09 Pending DAG nodes:
04/09/17 20:38:09   Node topic_lda, HTCondor ID 791, status STATUS_SUBMITTED
04/09/17 20:48:12 1206 seconds since last log event
04/09/17 20:48:12 Pending DAG nodes:
04/09/17 20:48:12   Node topic_lda, HTCondor ID 791, status STATUS_SUBMITTED
04/09/17 20:58:16 1810 seconds since last log event
04/09/17 20:58:16 Pending DAG nodes:
04/09/17 20:58:16   Node topic_lda, HTCondor ID 791, status STATUS_SUBMITTED
04/09/17 21:08:18 2412 seconds since last log event
04/09/17 21:08:18 Pending DAG nodes:
04/09/17 21:08:18   Node topic_lda, HTCondor ID 791, status STATUS_SUBMITTED
04/09/17 21:18:21 3015 seconds since last log event
04/09/17 21:18:21 Pending DAG nodes:
04/09/17 21:18:21   Node topic_lda, HTCondor ID 791, status STATUS_SUBMITTED
04/09/17 21:28:24 3618 seconds since last log event
04/09/17 21:28:24 Pending DAG nodes:
04/09/17 21:28:24   Node topic_lda, HTCondor ID 791, status STATUS_SUBMITTED
04/09/17 21:38:27 4221 seconds since last log event
04/09/17 21:38:27 Pending DAG nodes:
04/09/17 21:38:27   Node topic_lda, HTCondor ID 791, status STATUS_SUBMITTED
04/09/17 21:48:30 4824 seconds since last log event
04/09/17 21:48:30 Pending DAG nodes:
04/09/17 21:48:30   Node topic_lda, HTCondor ID 791, status STATUS_SUBMITTED
04/09/17 21:58:32 5426 seconds since last log event
04/09/17 21:58:32 Pending DAG nodes:
04/09/17 21:58:32   Node topic_lda, HTCondor ID 791, status STATUS_SUBMITTED
04/09/17 22:08:35 6029 seconds since last log event
04/09/17 22:08:35 Pending DAG nodes:
04/09/17 22:08:35   Node topic_lda, HTCondor ID 791, status STATUS_SUBMITTED
04/09/17 22:18:38 6632 seconds since last log event
04/09/17 22:18:38 Pending DAG nodes:
04/09/17 22:18:38   Node topic_lda, HTCondor ID 791, status STATUS_SUBMITTED
04/09/17 22:28:41 7235 seconds since last log event
04/09/17 22:28:41 Pending DAG nodes:
04/09/17 22:28:41   Node topic_lda, HTCondor ID 791, status STATUS_SUBMITTED
04/09/17 22:38:44 7838 seconds since last log event
04/09/17 22:38:44 Pending DAG nodes:
04/09/17 22:38:44   Node topic_lda, HTCondor ID 791, status STATUS_SUBMITTED
04/09/17 22:48:46 8440 seconds since last log event
04/09/17 22:48:46 Pending DAG nodes:
04/09/17 22:48:46   Node topic_lda, HTCondor ID 791, status STATUS_SUBMITTED
04/09/17 22:58:49 9043 seconds since last log event
04/09/17 22:58:49 Pending DAG nodes:
04/09/17 22:58:49   Node topic_lda, HTCondor ID 791, status STATUS_SUBMITTED
04/09/17 23:08:52 9646 seconds since last log event
04/09/17 23:08:52 Pending DAG nodes:
04/09/17 23:08:52   Node topic_lda, HTCondor ID 791, status STATUS_SUBMITTED
04/09/17 23:18:55 10249 seconds since last log event
04/09/17 23:18:55 Pending DAG nodes:
04/09/17 23:18:55   Node topic_lda, HTCondor ID 791, status STATUS_SUBMITTED
04/09/17 23:28:57 10851 seconds since last log event
04/09/17 23:28:57 Pending DAG nodes:
04/09/17 23:28:57   Node topic_lda, HTCondor ID 791, status STATUS_SUBMITTED
04/09/17 23:39:00 11454 seconds since last log event
04/09/17 23:39:00 Pending DAG nodes:
04/09/17 23:39:00   Node topic_lda, HTCondor ID 791, status STATUS_SUBMITTED
04/09/17 23:49:03 12057 seconds since last log event
04/09/17 23:49:03 Pending DAG nodes:
04/09/17 23:49:03   Node topic_lda, HTCondor ID 791, status STATUS_SUBMITTED
04/09/17 23:59:06 12660 seconds since last log event
04/09/17 23:59:06 Pending DAG nodes:
04/09/17 23:59:06   Node topic_lda, HTCondor ID 791, status STATUS_SUBMITTED
04/10/17 00:09:09 13263 seconds since last log event
04/10/17 00:09:09 Pending DAG nodes:
04/10/17 00:09:09   Node topic_lda, HTCondor ID 791, status STATUS_SUBMITTED
04/10/17 00:19:12 13866 seconds since last log event
04/10/17 00:19:12 Pending DAG nodes:
04/10/17 00:19:12   Node topic_lda, HTCondor ID 791, status STATUS_SUBMITTED
04/10/17 00:29:14 14468 seconds since last log event
04/10/17 00:29:14 Pending DAG nodes:
04/10/17 00:29:14   Node topic_lda, HTCondor ID 791, status STATUS_SUBMITTED
04/10/17 00:39:16 15070 seconds since last log event
04/10/17 00:39:16 Pending DAG nodes:
04/10/17 00:39:16   Node topic_lda, HTCondor ID 791, status STATUS_SUBMITTED
04/10/17 00:49:18 15672 seconds since last log event
04/10/17 00:49:18 Pending DAG nodes:
04/10/17 00:49:18   Node topic_lda, HTCondor ID 791, status STATUS_SUBMITTED
04/10/17 00:59:20 16274 seconds since last log event
04/10/17 00:59:20 Pending DAG nodes:
04/10/17 00:59:20   Node topic_lda, HTCondor ID 791, status STATUS_SUBMITTED
04/10/17 01:09:22 16876 seconds since last log event
04/10/17 01:09:22 Pending DAG nodes:
04/10/17 01:09:22   Node topic_lda, HTCondor ID 791, status STATUS_SUBMITTED
04/10/17 01:19:25 17479 seconds since last log event
04/10/17 01:19:25 Pending DAG nodes:
04/10/17 01:19:25   Node topic_lda, HTCondor ID 791, status STATUS_SUBMITTED
04/10/17 01:29:28 18082 seconds since last log event
04/10/17 01:29:28 Pending DAG nodes:
04/10/17 01:29:28   Node topic_lda, HTCondor ID 791, status STATUS_SUBMITTED
04/10/17 01:39:30 18684 seconds since last log event
04/10/17 01:39:30 Pending DAG nodes:
04/10/17 01:39:30   Node topic_lda, HTCondor ID 791, status STATUS_SUBMITTED
04/10/17 01:49:33 19287 seconds since last log event
04/10/17 01:49:33 Pending DAG nodes:
04/10/17 01:49:33   Node topic_lda, HTCondor ID 791, status STATUS_SUBMITTED
04/10/17 01:59:36 19890 seconds since last log event
04/10/17 01:59:36 Pending DAG nodes:
04/10/17 01:59:36   Node topic_lda, HTCondor ID 791, status STATUS_SUBMITTED
04/10/17 02:09:39 20493 seconds since last log event
04/10/17 02:09:39 Pending DAG nodes:
04/10/17 02:09:39   Node topic_lda, HTCondor ID 791, status STATUS_SUBMITTED
04/10/17 02:19:41 21095 seconds since last log event
04/10/17 02:19:41 Pending DAG nodes:
04/10/17 02:19:41   Node topic_lda, HTCondor ID 791, status STATUS_SUBMITTED
04/10/17 02:29:44 21698 seconds since last log event
04/10/17 02:29:44 Pending DAG nodes:
04/10/17 02:29:44   Node topic_lda, HTCondor ID 791, status STATUS_SUBMITTED
04/10/17 02:39:47 22301 seconds since last log event
04/10/17 02:39:47 Pending DAG nodes:
04/10/17 02:39:47   Node topic_lda, HTCondor ID 791, status STATUS_SUBMITTED
04/10/17 02:49:50 22904 seconds since last log event
04/10/17 02:49:50 Pending DAG nodes:
04/10/17 02:49:50   Node topic_lda, HTCondor ID 791, status STATUS_SUBMITTED
04/10/17 02:59:53 23507 seconds since last log event
04/10/17 02:59:53 Pending DAG nodes:
04/10/17 02:59:53   Node topic_lda, HTCondor ID 791, status STATUS_SUBMITTED
04/10/17 03:09:55 24109 seconds since last log event
04/10/17 03:09:55 Pending DAG nodes:
04/10/17 03:09:55   Node topic_lda, HTCondor ID 791, status STATUS_SUBMITTED
04/10/17 03:19:58 24712 seconds since last log event
04/10/17 03:19:58 Pending DAG nodes:
04/10/17 03:19:58   Node topic_lda, HTCondor ID 791, status STATUS_SUBMITTED
04/10/17 03:30:00 25314 seconds since last log event
04/10/17 03:30:00 Pending DAG nodes:
04/10/17 03:30:00   Node topic_lda, HTCondor ID 791, status STATUS_SUBMITTED
04/10/17 03:40:03 25917 seconds since last log event
04/10/17 03:40:03 Pending DAG nodes:
04/10/17 03:40:03   Node topic_lda, HTCondor ID 791, status STATUS_SUBMITTED
04/10/17 03:50:05 26519 seconds since last log event
04/10/17 03:50:05 Pending DAG nodes:
04/10/17 03:50:05   Node topic_lda, HTCondor ID 791, status STATUS_SUBMITTED
04/10/17 04:00:07 27121 seconds since last log event
04/10/17 04:00:07 Pending DAG nodes:
04/10/17 04:00:07   Node topic_lda, HTCondor ID 791, status STATUS_SUBMITTED
04/10/17 04:10:10 27724 seconds since last log event
04/10/17 04:10:10 Pending DAG nodes:
04/10/17 04:10:10   Node topic_lda, HTCondor ID 791, status STATUS_SUBMITTED
04/10/17 04:20:13 28327 seconds since last log event
04/10/17 04:20:13 Pending DAG nodes:
04/10/17 04:20:13   Node topic_lda, HTCondor ID 791, status STATUS_SUBMITTED
04/10/17 04:30:16 28930 seconds since last log event
04/10/17 04:30:16 Pending DAG nodes:
04/10/17 04:30:16   Node topic_lda, HTCondor ID 791, status STATUS_SUBMITTED
04/10/17 04:40:18 29532 seconds since last log event
04/10/17 04:40:18 Pending DAG nodes:
04/10/17 04:40:18   Node topic_lda, HTCondor ID 791, status STATUS_SUBMITTED
04/10/17 04:50:20 30134 seconds since last log event
04/10/17 04:50:20 Pending DAG nodes:
04/10/17 04:50:20   Node topic_lda, HTCondor ID 791, status STATUS_SUBMITTED
04/10/17 05:00:23 30737 seconds since last log event
04/10/17 05:00:23 Pending DAG nodes:
04/10/17 05:00:23   Node topic_lda, HTCondor ID 791, status STATUS_SUBMITTED
04/10/17 05:10:24 31338 seconds since last log event
04/10/17 05:10:24 Pending DAG nodes:
04/10/17 05:10:24   Node topic_lda, HTCondor ID 791, status STATUS_SUBMITTED
04/10/17 05:20:27 31941 seconds since last log event
04/10/17 05:20:27 Pending DAG nodes:
04/10/17 05:20:27   Node topic_lda, HTCondor ID 791, status STATUS_SUBMITTED
04/10/17 05:30:30 32544 seconds since last log event
04/10/17 05:30:30 Pending DAG nodes:
04/10/17 05:30:30   Node topic_lda, HTCondor ID 791, status STATUS_SUBMITTED
04/10/17 05:40:32 33146 seconds since last log event
04/10/17 05:40:32 Pending DAG nodes:
04/10/17 05:40:32   Node topic_lda, HTCondor ID 791, status STATUS_SUBMITTED
04/10/17 05:50:35 33749 seconds since last log event
04/10/17 05:50:35 Pending DAG nodes:
04/10/17 05:50:35   Node topic_lda, HTCondor ID 791, status STATUS_SUBMITTED
04/10/17 06:00:37 34351 seconds since last log event
04/10/17 06:00:37 Pending DAG nodes:
04/10/17 06:00:37   Node topic_lda, HTCondor ID 791, status STATUS_SUBMITTED
04/10/17 06:10:40 34954 seconds since last log event
04/10/17 06:10:40 Pending DAG nodes:
04/10/17 06:10:40   Node topic_lda, HTCondor ID 791, status STATUS_SUBMITTED
04/10/17 06:20:42 35556 seconds since last log event
04/10/17 06:20:42 Pending DAG nodes:
04/10/17 06:20:42   Node topic_lda, HTCondor ID 791, status STATUS_SUBMITTED
04/10/17 06:30:45 36159 seconds since last log event
04/10/17 06:30:45 Pending DAG nodes:
04/10/17 06:30:45   Node topic_lda, HTCondor ID 791, status STATUS_SUBMITTED
04/10/17 06:40:47 36761 seconds since last log event
04/10/17 06:40:47 Pending DAG nodes:
04/10/17 06:40:47   Node topic_lda, HTCondor ID 791, status STATUS_SUBMITTED
04/10/17 06:50:50 37364 seconds since last log event
04/10/17 06:50:50 Pending DAG nodes:
04/10/17 06:50:50   Node topic_lda, HTCondor ID 791, status STATUS_SUBMITTED
04/10/17 07:00:53 37967 seconds since last log event
04/10/17 07:00:53 Pending DAG nodes:
04/10/17 07:00:53   Node topic_lda, HTCondor ID 791, status STATUS_SUBMITTED
04/10/17 07:10:56 38570 seconds since last log event
04/10/17 07:10:56 Pending DAG nodes:
04/10/17 07:10:56   Node topic_lda, HTCondor ID 791, status STATUS_SUBMITTED
04/10/17 07:20:59 39173 seconds since last log event
04/10/17 07:20:59 Pending DAG nodes:
04/10/17 07:20:59   Node topic_lda, HTCondor ID 791, status STATUS_SUBMITTED
04/10/17 07:31:00 39774 seconds since last log event
04/10/17 07:31:00 Pending DAG nodes:
04/10/17 07:31:00   Node topic_lda, HTCondor ID 791, status STATUS_SUBMITTED
04/10/17 07:41:03 40377 seconds since last log event
04/10/17 07:41:03 Pending DAG nodes:
04/10/17 07:41:03   Node topic_lda, HTCondor ID 791, status STATUS_SUBMITTED
04/10/17 07:51:06 40980 seconds since last log event
04/10/17 07:51:06 Pending DAG nodes:
04/10/17 07:51:06   Node topic_lda, HTCondor ID 791, status STATUS_SUBMITTED
04/10/17 08:01:08 41582 seconds since last log event
04/10/17 08:01:08 Pending DAG nodes:
04/10/17 08:01:08   Node topic_lda, HTCondor ID 791, status STATUS_SUBMITTED
04/10/17 08:11:10 42184 seconds since last log event
04/10/17 08:11:10 Pending DAG nodes:
04/10/17 08:11:10   Node topic_lda, HTCondor ID 791, status STATUS_SUBMITTED
04/10/17 08:21:13 42787 seconds since last log event
04/10/17 08:21:13 Pending DAG nodes:
04/10/17 08:21:13   Node topic_lda, HTCondor ID 791, status STATUS_SUBMITTED
04/10/17 08:31:16 43390 seconds since last log event
04/10/17 08:31:16 Pending DAG nodes:
04/10/17 08:31:16   Node topic_lda, HTCondor ID 791, status STATUS_SUBMITTED
04/10/17 08:41:18 43992 seconds since last log event
04/10/17 08:41:18 Pending DAG nodes:
04/10/17 08:41:18   Node topic_lda, HTCondor ID 791, status STATUS_SUBMITTED
04/10/17 08:51:21 44595 seconds since last log event
04/10/17 08:51:21 Pending DAG nodes:
04/10/17 08:51:21   Node topic_lda, HTCondor ID 791, status STATUS_SUBMITTED
04/10/17 09:01:23 45197 seconds since last log event
04/10/17 09:01:23 Pending DAG nodes:
04/10/17 09:01:23   Node topic_lda, HTCondor ID 791, status STATUS_SUBMITTED
04/10/17 09:11:26 45800 seconds since last log event
04/10/17 09:11:26 Pending DAG nodes:
04/10/17 09:11:26   Node topic_lda, HTCondor ID 791, status STATUS_SUBMITTED
04/10/17 09:21:28 46402 seconds since last log event
04/10/17 09:21:28 Pending DAG nodes:
04/10/17 09:21:28   Node topic_lda, HTCondor ID 791, status STATUS_SUBMITTED
04/10/17 09:31:31 47005 seconds since last log event
04/10/17 09:31:31 Pending DAG nodes:
04/10/17 09:31:31   Node topic_lda, HTCondor ID 791, status STATUS_SUBMITTED
04/10/17 09:41:34 47608 seconds since last log event
04/10/17 09:41:34 Pending DAG nodes:
04/10/17 09:41:34   Node topic_lda, HTCondor ID 791, status STATUS_SUBMITTED
04/10/17 09:51:36 48210 seconds since last log event
04/10/17 09:51:37 Pending DAG nodes:
04/10/17 09:51:37   Node topic_lda, HTCondor ID 791, status STATUS_SUBMITTED
04/10/17 10:01:39 48813 seconds since last log event
04/10/17 10:01:39 Pending DAG nodes:
04/10/17 10:01:39   Node topic_lda, HTCondor ID 791, status STATUS_SUBMITTED
04/10/17 10:11:42 49416 seconds since last log event
04/10/17 10:11:42 Pending DAG nodes:
04/10/17 10:11:42   Node topic_lda, HTCondor ID 791, status STATUS_SUBMITTED
04/10/17 10:21:43 50017 seconds since last log event
04/10/17 10:21:43 Pending DAG nodes:
04/10/17 10:21:43   Node topic_lda, HTCondor ID 791, status STATUS_SUBMITTED
04/10/17 10:31:46 50620 seconds since last log event
04/10/17 10:31:46 Pending DAG nodes:
04/10/17 10:31:46   Node topic_lda, HTCondor ID 791, status STATUS_SUBMITTED
04/10/17 10:41:49 51223 seconds since last log event
04/10/17 10:41:49 Pending DAG nodes:
04/10/17 10:41:49   Node topic_lda, HTCondor ID 791, status STATUS_SUBMITTED
04/10/17 10:51:52 51826 seconds since last log event
04/10/17 10:51:52 Pending DAG nodes:
04/10/17 10:51:52   Node topic_lda, HTCondor ID 791, status STATUS_SUBMITTED
04/10/17 11:01:55 52429 seconds since last log event
04/10/17 11:01:55 Pending DAG nodes:
04/10/17 11:01:55   Node topic_lda, HTCondor ID 791, status STATUS_SUBMITTED
04/10/17 11:11:56 53030 seconds since last log event
04/10/17 11:11:56 Pending DAG nodes:
04/10/17 11:11:56   Node topic_lda, HTCondor ID 791, status STATUS_SUBMITTED
04/10/17 11:21:59 53633 seconds since last log event
04/10/17 11:21:59 Pending DAG nodes:
04/10/17 11:21:59   Node topic_lda, HTCondor ID 791, status STATUS_SUBMITTED
04/10/17 11:32:01 54235 seconds since last log event
04/10/17 11:32:01 Pending DAG nodes:
04/10/17 11:32:01   Node topic_lda, HTCondor ID 791, status STATUS_SUBMITTED
04/10/17 11:42:05 54839 seconds since last log event
04/10/17 11:42:05 Pending DAG nodes:
04/10/17 11:42:05   Node topic_lda, HTCondor ID 791, status STATUS_SUBMITTED
04/10/17 11:52:08 55442 seconds since last log event
04/10/17 11:52:08 Pending DAG nodes:
04/10/17 11:52:08   Node topic_lda, HTCondor ID 791, status STATUS_SUBMITTED
04/10/17 12:02:10 56044 seconds since last log event
04/10/17 12:02:10 Pending DAG nodes:
04/10/17 12:02:10   Node topic_lda, HTCondor ID 791, status STATUS_SUBMITTED
04/10/17 12:12:13 56647 seconds since last log event
04/10/17 12:12:13 Pending DAG nodes:
04/10/17 12:12:13   Node topic_lda, HTCondor ID 791, status STATUS_SUBMITTED
04/10/17 12:22:16 57250 seconds since last log event
04/10/17 12:22:16 Pending DAG nodes:
04/10/17 12:22:16   Node topic_lda, HTCondor ID 791, status STATUS_SUBMITTED
04/10/17 12:32:18 57852 seconds since last log event
04/10/17 12:32:18 Pending DAG nodes:
04/10/17 12:32:18   Node topic_lda, HTCondor ID 791, status STATUS_SUBMITTED
04/10/17 12:42:21 58455 seconds since last log event
04/10/17 12:42:21 Pending DAG nodes:
04/10/17 12:42:21   Node topic_lda, HTCondor ID 791, status STATUS_SUBMITTED
04/10/17 12:52:22 59056 seconds since last log event
04/10/17 12:52:22 Pending DAG nodes:
04/10/17 12:52:22   Node topic_lda, HTCondor ID 791, status STATUS_SUBMITTED
04/10/17 13:02:25 59659 seconds since last log event
04/10/17 13:02:25 Pending DAG nodes:
04/10/17 13:02:25   Node topic_lda, HTCondor ID 791, status STATUS_SUBMITTED
04/10/17 13:12:28 60262 seconds since last log event
04/10/17 13:12:28 Pending DAG nodes:
04/10/17 13:12:28   Node topic_lda, HTCondor ID 791, status STATUS_SUBMITTED
04/10/17 13:22:30 60864 seconds since last log event
04/10/17 13:22:30 Pending DAG nodes:
04/10/17 13:22:30   Node topic_lda, HTCondor ID 791, status STATUS_SUBMITTED
04/10/17 13:32:33 61467 seconds since last log event
04/10/17 13:32:33 Pending DAG nodes:
04/10/17 13:32:33   Node topic_lda, HTCondor ID 791, status STATUS_SUBMITTED
04/10/17 13:42:35 62069 seconds since last log event
04/10/17 13:42:35 Pending DAG nodes:
04/10/17 13:42:35   Node topic_lda, HTCondor ID 791, status STATUS_SUBMITTED
04/10/17 13:52:37 62671 seconds since last log event
04/10/17 13:52:37 Pending DAG nodes:
04/10/17 13:52:37   Node topic_lda, HTCondor ID 791, status STATUS_SUBMITTED
04/10/17 14:02:40 63274 seconds since last log event
04/10/17 14:02:40 Pending DAG nodes:
04/10/17 14:02:40   Node topic_lda, HTCondor ID 791, status STATUS_SUBMITTED
04/10/17 14:12:43 63877 seconds since last log event
04/10/17 14:12:43 Pending DAG nodes:
04/10/17 14:12:43   Node topic_lda, HTCondor ID 791, status STATUS_SUBMITTED
04/10/17 14:22:46 64480 seconds since last log event
04/10/17 14:22:46 Pending DAG nodes:
04/10/17 14:22:46   Node topic_lda, HTCondor ID 791, status STATUS_SUBMITTED
04/10/17 14:32:48 65082 seconds since last log event
04/10/17 14:32:48 Pending DAG nodes:
04/10/17 14:32:48   Node topic_lda, HTCondor ID 791, status STATUS_SUBMITTED
04/10/17 14:42:51 65685 seconds since last log event
04/10/17 14:42:51 Pending DAG nodes:
04/10/17 14:42:51   Node topic_lda, HTCondor ID 791, status STATUS_SUBMITTED
04/10/17 14:52:53 66287 seconds since last log event
04/10/17 14:52:53 Pending DAG nodes:
04/10/17 14:52:53   Node topic_lda, HTCondor ID 791, status STATUS_SUBMITTED
04/10/17 15:02:56 66890 seconds since last log event
04/10/17 15:02:56 Pending DAG nodes:
04/10/17 15:02:56   Node topic_lda, HTCondor ID 791, status STATUS_SUBMITTED
04/10/17 15:12:59 67493 seconds since last log event
04/10/17 15:12:59 Pending DAG nodes:
04/10/17 15:12:59   Node topic_lda, HTCondor ID 791, status STATUS_SUBMITTED
04/10/17 15:23:02 68096 seconds since last log event
04/10/17 15:23:02 Pending DAG nodes:
04/10/17 15:23:02   Node topic_lda, HTCondor ID 791, status STATUS_SUBMITTED
04/10/17 15:33:05 68699 seconds since last log event
04/10/17 15:33:05 Pending DAG nodes:
04/10/17 15:33:05   Node topic_lda, HTCondor ID 791, status STATUS_SUBMITTED
04/10/17 15:43:07 69301 seconds since last log event
04/10/17 15:43:07 Pending DAG nodes:
04/10/17 15:43:07   Node topic_lda, HTCondor ID 791, status STATUS_SUBMITTED
04/10/17 15:53:10 69904 seconds since last log event
04/10/17 15:53:10 Pending DAG nodes:
04/10/17 15:53:10   Node topic_lda, HTCondor ID 791, status STATUS_SUBMITTED
04/10/17 16:03:13 70507 seconds since last log event
04/10/17 16:03:13 Pending DAG nodes:
04/10/17 16:03:13   Node topic_lda, HTCondor ID 791, status STATUS_SUBMITTED
04/10/17 16:13:15 71109 seconds since last log event
04/10/17 16:13:15 Pending DAG nodes:
04/10/17 16:13:15   Node topic_lda, HTCondor ID 791, status STATUS_SUBMITTED
04/10/17 16:23:18 71712 seconds since last log event
04/10/17 16:23:18 Pending DAG nodes:
04/10/17 16:23:18   Node topic_lda, HTCondor ID 791, status STATUS_SUBMITTED
04/10/17 16:33:20 72314 seconds since last log event
04/10/17 16:33:20 Pending DAG nodes:
04/10/17 16:33:20   Node topic_lda, HTCondor ID 791, status STATUS_SUBMITTED
04/10/17 16:43:22 72916 seconds since last log event
04/10/17 16:43:22 Pending DAG nodes:
04/10/17 16:43:22   Node topic_lda, HTCondor ID 791, status STATUS_SUBMITTED
04/10/17 16:53:25 73519 seconds since last log event
04/10/17 16:53:25 Pending DAG nodes:
04/10/17 16:53:25   Node topic_lda, HTCondor ID 791, status STATUS_SUBMITTED
04/10/17 17:03:28 74122 seconds since last log event
04/10/17 17:03:28 Pending DAG nodes:
04/10/17 17:03:28   Node topic_lda, HTCondor ID 791, status STATUS_SUBMITTED
04/10/17 17:13:30 74724 seconds since last log event
04/10/17 17:13:30 Pending DAG nodes:
04/10/17 17:13:30   Node topic_lda, HTCondor ID 791, status STATUS_SUBMITTED
04/10/17 17:23:33 75327 seconds since last log event
04/10/17 17:23:33 Pending DAG nodes:
04/10/17 17:23:33   Node topic_lda, HTCondor ID 791, status STATUS_SUBMITTED
04/10/17 17:33:36 75930 seconds since last log event
04/10/17 17:33:36 Pending DAG nodes:
04/10/17 17:33:36   Node topic_lda, HTCondor ID 791, status STATUS_SUBMITTED
04/10/17 17:43:38 76532 seconds since last log event
04/10/17 17:43:38 Pending DAG nodes:
04/10/17 17:43:38   Node topic_lda, HTCondor ID 791, status STATUS_SUBMITTED
04/10/17 17:53:41 77135 seconds since last log event
04/10/17 17:53:41 Pending DAG nodes:
04/10/17 17:53:41   Node topic_lda, HTCondor ID 791, status STATUS_SUBMITTED
04/10/17 18:03:44 77738 seconds since last log event
04/10/17 18:03:44 Pending DAG nodes:
04/10/17 18:03:44   Node topic_lda, HTCondor ID 791, status STATUS_SUBMITTED
04/10/17 18:13:46 78340 seconds since last log event
04/10/17 18:13:46 Pending DAG nodes:
04/10/17 18:13:46   Node topic_lda, HTCondor ID 791, status STATUS_SUBMITTED
04/10/17 18:23:49 78943 seconds since last log event
04/10/17 18:23:49 Pending DAG nodes:
04/10/17 18:23:49   Node topic_lda, HTCondor ID 791, status STATUS_SUBMITTED
04/10/17 18:33:51 79545 seconds since last log event
04/10/17 18:33:51 Pending DAG nodes:
04/10/17 18:33:51   Node topic_lda, HTCondor ID 791, status STATUS_SUBMITTED
04/10/17 18:43:53 80147 seconds since last log event
04/10/17 18:43:53 Pending DAG nodes:
04/10/17 18:43:53   Node topic_lda, HTCondor ID 791, status STATUS_SUBMITTED
04/10/17 18:53:56 80750 seconds since last log event
04/10/17 18:53:56 Pending DAG nodes:
04/10/17 18:53:56   Node topic_lda, HTCondor ID 791, status STATUS_SUBMITTED
04/10/17 19:03:59 81353 seconds since last log event
04/10/17 19:03:59 Pending DAG nodes:
04/10/17 19:03:59   Node topic_lda, HTCondor ID 791, status STATUS_SUBMITTED
04/10/17 19:14:01 81955 seconds since last log event
04/10/17 19:14:01 Pending DAG nodes:
04/10/17 19:14:01   Node topic_lda, HTCondor ID 791, status STATUS_SUBMITTED
04/10/17 19:24:03 82557 seconds since last log event
04/10/17 19:24:03 Pending DAG nodes:
04/10/17 19:24:03   Node topic_lda, HTCondor ID 791, status STATUS_SUBMITTED
04/10/17 19:34:06 83160 seconds since last log event
04/10/17 19:34:06 Pending DAG nodes:
04/10/17 19:34:06   Node topic_lda, HTCondor ID 791, status STATUS_SUBMITTED
04/10/17 19:44:08 83762 seconds since last log event
04/10/17 19:44:08 Pending DAG nodes:
04/10/17 19:44:08   Node topic_lda, HTCondor ID 791, status STATUS_SUBMITTED
04/10/17 19:54:11 84365 seconds since last log event
04/10/17 19:54:11 Pending DAG nodes:
04/10/17 19:54:11   Node topic_lda, HTCondor ID 791, status STATUS_SUBMITTED
04/10/17 20:04:14 84968 seconds since last log event
04/10/17 20:04:14 Pending DAG nodes:
04/10/17 20:04:14   Node topic_lda, HTCondor ID 791, status STATUS_SUBMITTED
04/10/17 20:14:17 85571 seconds since last log event
04/10/17 20:14:17 Pending DAG nodes:
04/10/17 20:14:17   Node topic_lda, HTCondor ID 791, status STATUS_SUBMITTED
04/10/17 20:24:18 86172 seconds since last log event
04/10/17 20:24:18 Pending DAG nodes:
04/10/17 20:24:18   Node topic_lda, HTCondor ID 791, status STATUS_SUBMITTED
04/10/17 20:34:20 86774 seconds since last log event
04/10/17 20:34:20 Pending DAG nodes:
04/10/17 20:34:20   Node topic_lda, HTCondor ID 791, status STATUS_SUBMITTED
04/10/17 20:44:21 87375 seconds since last log event
04/10/17 20:44:21 Pending DAG nodes:
04/10/17 20:44:21   Node topic_lda, HTCondor ID 791, status STATUS_SUBMITTED
04/10/17 20:54:23 87977 seconds since last log event
04/10/17 20:54:23 Pending DAG nodes:
04/10/17 20:54:23   Node topic_lda, HTCondor ID 791, status STATUS_SUBMITTED
04/10/17 21:04:25 88579 seconds since last log event
04/10/17 21:04:25 Pending DAG nodes:
04/10/17 21:04:25   Node topic_lda, HTCondor ID 791, status STATUS_SUBMITTED
04/10/17 21:14:26 89180 seconds since last log event
04/10/17 21:14:26 Pending DAG nodes:
04/10/17 21:14:26   Node topic_lda, HTCondor ID 791, status STATUS_SUBMITTED
04/10/17 21:24:28 89782 seconds since last log event
04/10/17 21:24:28 Pending DAG nodes:
04/10/17 21:24:28   Node topic_lda, HTCondor ID 791, status STATUS_SUBMITTED
04/10/17 21:34:30 90384 seconds since last log event
04/10/17 21:34:30 Pending DAG nodes:
04/10/17 21:34:30   Node topic_lda, HTCondor ID 791, status STATUS_SUBMITTED
04/10/17 21:44:31 90985 seconds since last log event
04/10/17 21:44:31 Pending DAG nodes:
04/10/17 21:44:31   Node topic_lda, HTCondor ID 791, status STATUS_SUBMITTED
04/10/17 21:54:32 91586 seconds since last log event
04/10/17 21:54:32 Pending DAG nodes:
04/10/17 21:54:32   Node topic_lda, HTCondor ID 791, status STATUS_SUBMITTED
04/10/17 22:04:34 92188 seconds since last log event
04/10/17 22:04:34 Pending DAG nodes:
04/10/17 22:04:34   Node topic_lda, HTCondor ID 791, status STATUS_SUBMITTED
04/10/17 22:14:36 92790 seconds since last log event
04/10/17 22:14:36 Pending DAG nodes:
04/10/17 22:14:36   Node topic_lda, HTCondor ID 791, status STATUS_SUBMITTED
04/10/17 22:24:37 93391 seconds since last log event
04/10/17 22:24:37 Pending DAG nodes:
04/10/17 22:24:37   Node topic_lda, HTCondor ID 791, status STATUS_SUBMITTED
04/10/17 22:34:39 93993 seconds since last log event
04/10/17 22:34:39 Pending DAG nodes:
04/10/17 22:34:39   Node topic_lda, HTCondor ID 791, status STATUS_SUBMITTED
04/10/17 22:44:40 94594 seconds since last log event
04/10/17 22:44:40 Pending DAG nodes:
04/10/17 22:44:40   Node topic_lda, HTCondor ID 791, status STATUS_SUBMITTED
04/10/17 22:54:41 95195 seconds since last log event
04/10/17 22:54:41 Pending DAG nodes:
04/10/17 22:54:41   Node topic_lda, HTCondor ID 791, status STATUS_SUBMITTED
04/10/17 23:04:42 95796 seconds since last log event
04/10/17 23:04:42 Pending DAG nodes:
04/10/17 23:04:42   Node topic_lda, HTCondor ID 791, status STATUS_SUBMITTED
04/10/17 23:14:44 96398 seconds since last log event
04/10/17 23:14:44 Pending DAG nodes:
04/10/17 23:14:44   Node topic_lda, HTCondor ID 791, status STATUS_SUBMITTED
04/10/17 23:24:45 96999 seconds since last log event
04/10/17 23:24:45 Pending DAG nodes:
04/10/17 23:24:45   Node topic_lda, HTCondor ID 791, status STATUS_SUBMITTED
04/10/17 23:34:47 97601 seconds since last log event
04/10/17 23:34:47 Pending DAG nodes:
04/10/17 23:34:47   Node topic_lda, HTCondor ID 791, status STATUS_SUBMITTED
04/10/17 23:44:49 98203 seconds since last log event
04/10/17 23:44:49 Pending DAG nodes:
04/10/17 23:44:49   Node topic_lda, HTCondor ID 791, status STATUS_SUBMITTED
04/10/17 23:54:50 98804 seconds since last log event
04/10/17 23:54:50 Pending DAG nodes:
04/10/17 23:54:50   Node topic_lda, HTCondor ID 791, status STATUS_SUBMITTED
04/11/17 00:04:51 99405 seconds since last log event
04/11/17 00:04:51 Pending DAG nodes:
04/11/17 00:04:51   Node topic_lda, HTCondor ID 791, status STATUS_SUBMITTED
04/11/17 00:14:53 100007 seconds since last log event
04/11/17 00:14:53 Pending DAG nodes:
04/11/17 00:14:53   Node topic_lda, HTCondor ID 791, status STATUS_SUBMITTED
04/11/17 00:24:55 100609 seconds since last log event
04/11/17 00:24:55 Pending DAG nodes:
04/11/17 00:24:55   Node topic_lda, HTCondor ID 791, status STATUS_SUBMITTED
04/11/17 00:34:57 101211 seconds since last log event
04/11/17 00:34:57 Pending DAG nodes:
04/11/17 00:34:57   Node topic_lda, HTCondor ID 791, status STATUS_SUBMITTED
04/11/17 00:44:58 101812 seconds since last log event
04/11/17 00:44:58 Pending DAG nodes:
04/11/17 00:44:58   Node topic_lda, HTCondor ID 791, status STATUS_SUBMITTED
04/11/17 00:54:59 102413 seconds since last log event
04/11/17 00:54:59 Pending DAG nodes:
04/11/17 00:54:59   Node topic_lda, HTCondor ID 791, status STATUS_SUBMITTED
04/11/17 01:05:01 103015 seconds since last log event
04/11/17 01:05:01 Pending DAG nodes:
04/11/17 01:05:01   Node topic_lda, HTCondor ID 791, status STATUS_SUBMITTED
04/11/17 01:15:02 103616 seconds since last log event
04/11/17 01:15:02 Pending DAG nodes:
04/11/17 01:15:02   Node topic_lda, HTCondor ID 791, status STATUS_SUBMITTED
04/11/17 01:25:04 104218 seconds since last log event
04/11/17 01:25:04 Pending DAG nodes:
04/11/17 01:25:04   Node topic_lda, HTCondor ID 791, status STATUS_SUBMITTED
04/11/17 01:35:06 104820 seconds since last log event
04/11/17 01:35:06 Pending DAG nodes:
04/11/17 01:35:06   Node topic_lda, HTCondor ID 791, status STATUS_SUBMITTED
04/11/17 01:45:07 105421 seconds since last log event
04/11/17 01:45:07 Pending DAG nodes:
04/11/17 01:45:07   Node topic_lda, HTCondor ID 791, status STATUS_SUBMITTED
04/11/17 01:55:09 106023 seconds since last log event
04/11/17 01:55:09 Pending DAG nodes:
04/11/17 01:55:09   Node topic_lda, HTCondor ID 791, status STATUS_SUBMITTED
04/11/17 02:05:11 106625 seconds since last log event
04/11/17 02:05:11 Pending DAG nodes:
04/11/17 02:05:11   Node topic_lda, HTCondor ID 791, status STATUS_SUBMITTED
04/11/17 02:15:13 107227 seconds since last log event
04/11/17 02:15:13 Pending DAG nodes:
04/11/17 02:15:13   Node topic_lda, HTCondor ID 791, status STATUS_SUBMITTED
04/11/17 02:25:14 107828 seconds since last log event
04/11/17 02:25:14 Pending DAG nodes:
04/11/17 02:25:14   Node topic_lda, HTCondor ID 791, status STATUS_SUBMITTED
04/11/17 02:35:16 108430 seconds since last log event
04/11/17 02:35:16 Pending DAG nodes:
04/11/17 02:35:16   Node topic_lda, HTCondor ID 791, status STATUS_SUBMITTED
04/11/17 02:45:18 109032 seconds since last log event
04/11/17 02:45:18 Pending DAG nodes:
04/11/17 02:45:18   Node topic_lda, HTCondor ID 791, status STATUS_SUBMITTED
04/11/17 02:55:19 109633 seconds since last log event
04/11/17 02:55:19 Pending DAG nodes:
04/11/17 02:55:19   Node topic_lda, HTCondor ID 791, status STATUS_SUBMITTED
04/11/17 03:05:20 110234 seconds since last log event
04/11/17 03:05:20 Pending DAG nodes:
04/11/17 03:05:20   Node topic_lda, HTCondor ID 791, status STATUS_SUBMITTED
04/11/17 03:15:22 110836 seconds since last log event
04/11/17 03:15:22 Pending DAG nodes:
04/11/17 03:15:22   Node topic_lda, HTCondor ID 791, status STATUS_SUBMITTED
04/11/17 03:25:24 111438 seconds since last log event
04/11/17 03:25:24 Pending DAG nodes:
04/11/17 03:25:24   Node topic_lda, HTCondor ID 791, status STATUS_SUBMITTED
04/11/17 03:35:25 112039 seconds since last log event
04/11/17 03:35:25 Pending DAG nodes:
04/11/17 03:35:25   Node topic_lda, HTCondor ID 791, status STATUS_SUBMITTED
04/11/17 03:45:27 112641 seconds since last log event
04/11/17 03:45:27 Pending DAG nodes:
04/11/17 03:45:27   Node topic_lda, HTCondor ID 791, status STATUS_SUBMITTED
04/11/17 03:55:28 113242 seconds since last log event
04/11/17 03:55:28 Pending DAG nodes:
04/11/17 03:55:28   Node topic_lda, HTCondor ID 791, status STATUS_SUBMITTED
04/11/17 04:05:30 113844 seconds since last log event
04/11/17 04:05:30 Pending DAG nodes:
04/11/17 04:05:30   Node topic_lda, HTCondor ID 791, status STATUS_SUBMITTED
04/11/17 04:15:32 114446 seconds since last log event
04/11/17 04:15:32 Pending DAG nodes:
04/11/17 04:15:32   Node topic_lda, HTCondor ID 791, status STATUS_SUBMITTED
04/11/17 04:25:34 115048 seconds since last log event
04/11/17 04:25:34 Pending DAG nodes:
04/11/17 04:25:34   Node topic_lda, HTCondor ID 791, status STATUS_SUBMITTED
04/11/17 04:35:36 115650 seconds since last log event
04/11/17 04:35:36 Pending DAG nodes:
04/11/17 04:35:36   Node topic_lda, HTCondor ID 791, status STATUS_SUBMITTED
04/11/17 04:45:38 116252 seconds since last log event
04/11/17 04:45:38 Pending DAG nodes:
04/11/17 04:45:38   Node topic_lda, HTCondor ID 791, status STATUS_SUBMITTED
04/11/17 04:55:40 116854 seconds since last log event
04/11/17 04:55:40 Pending DAG nodes:
04/11/17 04:55:40   Node topic_lda, HTCondor ID 791, status STATUS_SUBMITTED
04/11/17 05:05:42 117456 seconds since last log event
04/11/17 05:05:42 Pending DAG nodes:
04/11/17 05:05:42   Node topic_lda, HTCondor ID 791, status STATUS_SUBMITTED
04/11/17 05:15:44 118058 seconds since last log event
04/11/17 05:15:44 Pending DAG nodes:
04/11/17 05:15:44   Node topic_lda, HTCondor ID 791, status STATUS_SUBMITTED
04/11/17 05:25:45 118659 seconds since last log event
04/11/17 05:25:45 Pending DAG nodes:
04/11/17 05:25:45   Node topic_lda, HTCondor ID 791, status STATUS_SUBMITTED
04/11/17 05:35:47 119261 seconds since last log event
04/11/17 05:35:47 Pending DAG nodes:
04/11/17 05:35:47   Node topic_lda, HTCondor ID 791, status STATUS_SUBMITTED
04/11/17 05:45:48 119862 seconds since last log event
04/11/17 05:45:48 Pending DAG nodes:
04/11/17 05:45:48   Node topic_lda, HTCondor ID 791, status STATUS_SUBMITTED
04/11/17 05:55:49 120463 seconds since last log event
04/11/17 05:55:49 Pending DAG nodes:
04/11/17 05:55:49   Node topic_lda, HTCondor ID 791, status STATUS_SUBMITTED
04/11/17 06:05:50 121064 seconds since last log event
04/11/17 06:05:50 Pending DAG nodes:
04/11/17 06:05:50   Node topic_lda, HTCondor ID 791, status STATUS_SUBMITTED
04/11/17 06:15:51 121665 seconds since last log event
04/11/17 06:15:51 Pending DAG nodes:
04/11/17 06:15:51   Node topic_lda, HTCondor ID 791, status STATUS_SUBMITTED
04/11/17 06:25:53 122267 seconds since last log event
04/11/17 06:25:53 Pending DAG nodes:
04/11/17 06:25:53   Node topic_lda, HTCondor ID 791, status STATUS_SUBMITTED
04/11/17 06:35:55 122869 seconds since last log event
04/11/17 06:35:55 Pending DAG nodes:
04/11/17 06:35:55   Node topic_lda, HTCondor ID 791, status STATUS_SUBMITTED
04/11/17 06:45:56 123470 seconds since last log event
04/11/17 06:45:56 Pending DAG nodes:
04/11/17 06:45:56   Node topic_lda, HTCondor ID 791, status STATUS_SUBMITTED
04/11/17 06:55:58 124072 seconds since last log event
04/11/17 06:55:58 Pending DAG nodes:
04/11/17 06:55:58   Node topic_lda, HTCondor ID 791, status STATUS_SUBMITTED
04/11/17 07:05:59 124673 seconds since last log event
04/11/17 07:05:59 Pending DAG nodes:
04/11/17 07:05:59   Node topic_lda, HTCondor ID 791, status STATUS_SUBMITTED
04/11/17 07:16:00 125274 seconds since last log event
04/11/17 07:16:00 Pending DAG nodes:
04/11/17 07:16:00   Node topic_lda, HTCondor ID 791, status STATUS_SUBMITTED
04/11/17 07:26:02 125876 seconds since last log event
04/11/17 07:26:02 Pending DAG nodes:
04/11/17 07:26:02   Node topic_lda, HTCondor ID 791, status STATUS_SUBMITTED
04/11/17 07:36:04 126478 seconds since last log event
04/11/17 07:36:04 Pending DAG nodes:
04/11/17 07:36:04   Node topic_lda, HTCondor ID 791, status STATUS_SUBMITTED
04/11/17 07:46:06 127080 seconds since last log event
04/11/17 07:46:06 Pending DAG nodes:
04/11/17 07:46:06   Node topic_lda, HTCondor ID 791, status STATUS_SUBMITTED
04/11/17 07:56:08 127682 seconds since last log event
04/11/17 07:56:08 Pending DAG nodes:
04/11/17 07:56:08   Node topic_lda, HTCondor ID 791, status STATUS_SUBMITTED
04/11/17 08:06:09 128283 seconds since last log event
04/11/17 08:06:09 Pending DAG nodes:
04/11/17 08:06:09   Node topic_lda, HTCondor ID 791, status STATUS_SUBMITTED
04/11/17 08:16:10 128884 seconds since last log event
04/11/17 08:16:10 Pending DAG nodes:
04/11/17 08:16:10   Node topic_lda, HTCondor ID 791, status STATUS_SUBMITTED
04/11/17 08:26:11 129485 seconds since last log event
04/11/17 08:26:11 Pending DAG nodes:
04/11/17 08:26:11   Node topic_lda, HTCondor ID 791, status STATUS_SUBMITTED
04/11/17 08:36:13 130087 seconds since last log event
04/11/17 08:36:13 Pending DAG nodes:
04/11/17 08:36:13   Node topic_lda, HTCondor ID 791, status STATUS_SUBMITTED
04/11/17 08:46:14 130688 seconds since last log event
04/11/17 08:46:14 Pending DAG nodes:
04/11/17 08:46:14   Node topic_lda, HTCondor ID 791, status STATUS_SUBMITTED
04/11/17 08:56:16 131290 seconds since last log event
04/11/17 08:56:16 Pending DAG nodes:
04/11/17 08:56:16   Node topic_lda, HTCondor ID 791, status STATUS_SUBMITTED
04/11/17 09:06:18 131892 seconds since last log event
04/11/17 09:06:18 Pending DAG nodes:
04/11/17 09:06:18   Node topic_lda, HTCondor ID 791, status STATUS_SUBMITTED
04/11/17 09:16:20 132494 seconds since last log event
04/11/17 09:16:20 Pending DAG nodes:
04/11/17 09:16:20   Node topic_lda, HTCondor ID 791, status STATUS_SUBMITTED
04/11/17 09:26:22 133096 seconds since last log event
04/11/17 09:26:22 Pending DAG nodes:
04/11/17 09:26:22   Node topic_lda, HTCondor ID 791, status STATUS_SUBMITTED
04/11/17 09:36:23 133697 seconds since last log event
04/11/17 09:36:23 Pending DAG nodes:
04/11/17 09:36:23   Node topic_lda, HTCondor ID 791, status STATUS_SUBMITTED
04/11/17 09:46:25 134299 seconds since last log event
04/11/17 09:46:25 Pending DAG nodes:
04/11/17 09:46:25   Node topic_lda, HTCondor ID 791, status STATUS_SUBMITTED
04/11/17 09:56:26 134900 seconds since last log event
04/11/17 09:56:26 Pending DAG nodes:
04/11/17 09:56:26   Node topic_lda, HTCondor ID 791, status STATUS_SUBMITTED
04/11/17 10:06:26 135500 seconds since last log event
04/11/17 10:06:26 Pending DAG nodes:
04/11/17 10:06:26   Node topic_lda, HTCondor ID 791, status STATUS_SUBMITTED
04/11/17 10:16:28 136102 seconds since last log event
04/11/17 10:16:28 Pending DAG nodes:
04/11/17 10:16:28   Node topic_lda, HTCondor ID 791, status STATUS_SUBMITTED
04/11/17 10:26:30 136704 seconds since last log event
04/11/17 10:26:30 Pending DAG nodes:
04/11/17 10:26:30   Node topic_lda, HTCondor ID 791, status STATUS_SUBMITTED
04/11/17 10:36:32 137306 seconds since last log event
04/11/17 10:36:32 Pending DAG nodes:
04/11/17 10:36:32   Node topic_lda, HTCondor ID 791, status STATUS_SUBMITTED
04/11/17 10:46:33 137907 seconds since last log event
04/11/17 10:46:33 Pending DAG nodes:
04/11/17 10:46:33   Node topic_lda, HTCondor ID 791, status STATUS_SUBMITTED
04/11/17 10:56:36 138510 seconds since last log event
04/11/17 10:56:36 Pending DAG nodes:
04/11/17 10:56:36   Node topic_lda, HTCondor ID 791, status STATUS_SUBMITTED
04/11/17 11:06:38 139112 seconds since last log event
04/11/17 11:06:38 Pending DAG nodes:
04/11/17 11:06:38   Node topic_lda, HTCondor ID 791, status STATUS_SUBMITTED
04/11/17 11:16:41 139715 seconds since last log event
04/11/17 11:16:41 Pending DAG nodes:
04/11/17 11:16:41   Node topic_lda, HTCondor ID 791, status STATUS_SUBMITTED
04/11/17 11:26:44 140318 seconds since last log event
04/11/17 11:26:44 Pending DAG nodes:
04/11/17 11:26:44   Node topic_lda, HTCondor ID 791, status STATUS_SUBMITTED
04/11/17 11:36:46 140920 seconds since last log event
04/11/17 11:36:46 Pending DAG nodes:
04/11/17 11:36:46   Node topic_lda, HTCondor ID 791, status STATUS_SUBMITTED
04/11/17 11:46:48 141522 seconds since last log event
04/11/17 11:46:48 Pending DAG nodes:
04/11/17 11:46:48   Node topic_lda, HTCondor ID 791, status STATUS_SUBMITTED
04/11/17 11:56:51 142125 seconds since last log event
04/11/17 11:56:51 Pending DAG nodes:
04/11/17 11:56:51   Node topic_lda, HTCondor ID 791, status STATUS_SUBMITTED
04/11/17 12:06:52 142726 seconds since last log event
04/11/17 12:06:52 Pending DAG nodes:
04/11/17 12:06:52   Node topic_lda, HTCondor ID 791, status STATUS_SUBMITTED
04/11/17 12:16:55 143329 seconds since last log event
04/11/17 12:16:55 Pending DAG nodes:
04/11/17 12:16:55   Node topic_lda, HTCondor ID 791, status STATUS_SUBMITTED
04/11/17 12:26:58 143932 seconds since last log event
04/11/17 12:26:58 Pending DAG nodes:
04/11/17 12:26:58   Node topic_lda, HTCondor ID 791, status STATUS_SUBMITTED
04/11/17 12:37:01 144535 seconds since last log event
04/11/17 12:37:01 Pending DAG nodes:
04/11/17 12:37:01   Node topic_lda, HTCondor ID 791, status STATUS_SUBMITTED
04/11/17 12:47:04 145138 seconds since last log event
04/11/17 12:47:04 Pending DAG nodes:
04/11/17 12:47:04   Node topic_lda, HTCondor ID 791, status STATUS_SUBMITTED
04/11/17 12:57:07 145741 seconds since last log event
04/11/17 12:57:07 Pending DAG nodes:
04/11/17 12:57:07   Node topic_lda, HTCondor ID 791, status STATUS_SUBMITTED
04/11/17 13:07:09 146343 seconds since last log event
04/11/17 13:07:09 Pending DAG nodes:
04/11/17 13:07:09   Node topic_lda, HTCondor ID 791, status STATUS_SUBMITTED
04/11/17 13:17:11 146945 seconds since last log event
04/11/17 13:17:11 Pending DAG nodes:
04/11/17 13:17:11   Node topic_lda, HTCondor ID 791, status STATUS_SUBMITTED
04/11/17 13:27:11 147545 seconds since last log event
04/11/17 13:27:11 Pending DAG nodes:
04/11/17 13:27:11   Node topic_lda, HTCondor ID 791, status STATUS_SUBMITTED
04/11/17 13:37:14 148148 seconds since last log event
04/11/17 13:37:14 Pending DAG nodes:
04/11/17 13:37:14   Node topic_lda, HTCondor ID 791, status STATUS_SUBMITTED
04/11/17 13:47:17 148751 seconds since last log event
04/11/17 13:47:18 Pending DAG nodes:
04/11/17 13:47:18   Node topic_lda, HTCondor ID 791, status STATUS_SUBMITTED
