I tensorflow/stream_executor/dso_loader.cc:128] successfully opened CUDA library libcublas.so locally
I tensorflow/stream_executor/dso_loader.cc:128] successfully opened CUDA library libcudnn.so locally
I tensorflow/stream_executor/dso_loader.cc:128] successfully opened CUDA library libcufft.so locally
I tensorflow/stream_executor/dso_loader.cc:128] successfully opened CUDA library libcuda.so.1 locally
I tensorflow/stream_executor/dso_loader.cc:128] successfully opened CUDA library libcurand.so locally
/users/start2014/r0364650/.local/lib/python2.7/site-packages/gensim/utils.py:1015: UserWarning: Pattern library is not installed, lemmatization won't be available.
  warnings.warn("Pattern library is not installed, lemmatization won't be available.")
/users/start2014/r0364650/.local/lib/python2.7/site-packages/tensorflow/python/ops/gradients_impl.py:91: UserWarning: Converting sparse IndexedSlices to a dense Tensor of unknown shape. This may consume a large amount of memory.
  "Converting sparse IndexedSlices to a dense Tensor of unknown shape. "
I tensorflow/core/common_runtime/gpu/gpu_device.cc:885] Found device 0 with properties: 
name: TITAN X (Pascal)
major: 6 minor: 1 memoryClockRate (GHz) 1.531
pciBusID 0000:42:00.0
Total memory: 11.90GiB
Free memory: 11.76GiB
I tensorflow/core/common_runtime/gpu/gpu_device.cc:906] DMA: 0 
I tensorflow/core/common_runtime/gpu/gpu_device.cc:916] 0:   Y 
I tensorflow/core/common_runtime/gpu/gpu_device.cc:975] Creating TensorFlow device (/gpu:0) -> (device: 0, name: TITAN X (Pascal), pci bus id: 0000:42:00.0)
I tensorflow/core/common_runtime/gpu/pool_allocator.cc:247] PoolAllocator: After 9515 get requests, put_count=9357 evicted_count=1000 eviction_rate=0.106872 and unsatisfied allocation rate=0.132212
I tensorflow/core/common_runtime/gpu/pool_allocator.cc:259] Raising pool_size_limit_ from 100 to 110
I tensorflow/core/common_runtime/gpu/pool_allocator.cc:247] PoolAllocator: After 16872 get requests, put_count=16968 evicted_count=1000 eviction_rate=0.0589345 and unsatisfied allocation rate=0.0549431
I tensorflow/core/common_runtime/gpu/pool_allocator.cc:259] Raising pool_size_limit_ from 256 to 281
I tensorflow/core/common_runtime/gpu/pool_allocator.cc:247] PoolAllocator: After 7610400 get requests, put_count=7610412 evicted_count=6000 eviction_rate=0.000788394 and unsatisfied allocation rate=0.00079168
I tensorflow/core/common_runtime/gpu/pool_allocator.cc:247] PoolAllocator: After 20232000 get requests, put_count=20232012 evicted_count=16000 eviction_rate=0.000790826 and unsatisfied allocation rate=0.000792062
I tensorflow/core/common_runtime/gpu/pool_allocator.cc:247] PoolAllocator: After 32853600 get requests, put_count=32853612 evicted_count=26000 eviction_rate=0.000791389 and unsatisfied allocation rate=0.000792151
I tensorflow/core/common_runtime/gpu/pool_allocator.cc:247] PoolAllocator: After 45453600 get requests, put_count=45453612 evicted_count=36000 eviction_rate=0.000792016 and unsatisfied allocation rate=0.000792566
I tensorflow/core/common_runtime/gpu/pool_allocator.cc:247] PoolAllocator: After 58104000 get requests, put_count=58104012 evicted_count=46000 eviction_rate=0.000791684 and unsatisfied allocation rate=0.000792114
I tensorflow/core/common_runtime/gpu/pool_allocator.cc:247] PoolAllocator: After 70792800 get requests, put_count=70792812 evicted_count=56000 eviction_rate=0.000791041 and unsatisfied allocation rate=0.000791394
I tensorflow/core/common_runtime/gpu/pool_allocator.cc:247] PoolAllocator: After 83416800 get requests, put_count=83416812 evicted_count=66000 eviction_rate=0.000791207 and unsatisfied allocation rate=0.000791507
I tensorflow/core/common_runtime/gpu/pool_allocator.cc:247] PoolAllocator: After 96031200 get requests, put_count=96031212 evicted_count=76000 eviction_rate=0.000791409 and unsatisfied allocation rate=0.00079167
I tensorflow/core/common_runtime/gpu/pool_allocator.cc:247] PoolAllocator: After 108681600 get requests, put_count=108681612 evicted_count=86000 eviction_rate=0.000791302 and unsatisfied allocation rate=0.000791532
I tensorflow/core/common_runtime/gpu/pool_allocator.cc:247] PoolAllocator: After 121320000 get requests, put_count=121320012 evicted_count=96000 eviction_rate=0.000791296 and unsatisfied allocation rate=0.000791502
I tensorflow/core/common_runtime/gpu/pool_allocator.cc:247] PoolAllocator: After 133922400 get requests, put_count=133922412 evicted_count=106000 eviction_rate=0.000791503 and unsatisfied allocation rate=0.00079169
I tensorflow/core/common_runtime/gpu/pool_allocator.cc:247] PoolAllocator: After 146584800 get requests, put_count=146584812 evicted_count=116000 eviction_rate=0.000791351 and unsatisfied allocation rate=0.000791521
I tensorflow/core/common_runtime/gpu/pool_allocator.cc:247] PoolAllocator: After 159321600 get requests, put_count=159321612 evicted_count=126000 eviction_rate=0.000790853 and unsatisfied allocation rate=0.00079101
I tensorflow/core/common_runtime/gpu/pool_allocator.cc:247] PoolAllocator: After 171998400 get requests, put_count=171998412 evicted_count=136000 eviction_rate=0.000790705 and unsatisfied allocation rate=0.00079085
I tensorflow/core/common_runtime/gpu/pool_allocator.cc:247] PoolAllocator: After 184629600 get requests, put_count=184629612 evicted_count=146000 eviction_rate=0.000790772 and unsatisfied allocation rate=0.000790908
I tensorflow/core/common_runtime/gpu/pool_allocator.cc:247] PoolAllocator: After 197316000 get requests, put_count=197316012 evicted_count=156000 eviction_rate=0.00079061 and unsatisfied allocation rate=0.000790737
I tensorflow/core/common_runtime/gpu/pool_allocator.cc:247] PoolAllocator: After 209954400 get requests, put_count=209954412 evicted_count=166000 eviction_rate=0.000790648 and unsatisfied allocation rate=0.000790767
I tensorflow/core/common_runtime/gpu/pool_allocator.cc:247] PoolAllocator: After 222645600 get requests, put_count=222645612 evicted_count=176000 eviction_rate=0.000790494 and unsatisfied allocation rate=0.000790606
I tensorflow/core/common_runtime/gpu/pool_allocator.cc:247] PoolAllocator: After 235291200 get requests, put_count=235291212 evicted_count=186000 eviction_rate=0.00079051 and unsatisfied allocation rate=0.000790616
I tensorflow/core/common_runtime/gpu/pool_allocator.cc:247] PoolAllocator: After 247965600 get requests, put_count=247965612 evicted_count=196000 eviction_rate=0.000790432 and unsatisfied allocation rate=0.000790533
I tensorflow/core/common_runtime/gpu/pool_allocator.cc:247] PoolAllocator: After 260560800 get requests, put_count=260560812 evicted_count=206000 eviction_rate=0.000790602 and unsatisfied allocation rate=0.000790698
I tensorflow/core/common_runtime/gpu/pool_allocator.cc:247] PoolAllocator: After 273177600 get requests, put_count=273177612 evicted_count=216000 eviction_rate=0.000790694 and unsatisfied allocation rate=0.000790786
I tensorflow/core/common_runtime/gpu/pool_allocator.cc:247] PoolAllocator: After 285820800 get requests, put_count=285820812 evicted_count=226000 eviction_rate=0.000790705 and unsatisfied allocation rate=0.000790793
I tensorflow/core/common_runtime/gpu/pool_allocator.cc:247] PoolAllocator: After 298440000 get requests, put_count=298440012 evicted_count=236000 eviction_rate=0.000790779 and unsatisfied allocation rate=0.000790862
I tensorflow/core/common_runtime/gpu/pool_allocator.cc:247] PoolAllocator: After 311061600 get requests, put_count=311061612 evicted_count=246000 eviction_rate=0.00079084 and unsatisfied allocation rate=0.000790921
I tensorflow/core/common_runtime/gpu/pool_allocator.cc:247] PoolAllocator: After 323676000 get requests, put_count=323676012 evicted_count=256000 eviction_rate=0.000790914 and unsatisfied allocation rate=0.000790992
I tensorflow/core/common_runtime/gpu/pool_allocator.cc:247] PoolAllocator: After 336348000 get requests, put_count=336348012 evicted_count=266000 eviction_rate=0.000790848 and unsatisfied allocation rate=0.000790922
I tensorflow/core/common_runtime/gpu/pool_allocator.cc:247] PoolAllocator: After 348950400 get requests, put_count=348950412 evicted_count=276000 eviction_rate=0.000790943 and unsatisfied allocation rate=0.000791015
I tensorflow/core/common_runtime/gpu/pool_allocator.cc:247] PoolAllocator: After 361634400 get requests, put_count=361634412 evicted_count=286000 eviction_rate=0.000790854 and unsatisfied allocation rate=0.000790923
I tensorflow/core/common_runtime/gpu/pool_allocator.cc:247] PoolAllocator: After 374012806 get requests, put_count=374012818 evicted_count=296000 eviction_rate=0.000791417 and unsatisfied allocation rate=0.000791484
I tensorflow/core/common_runtime/gpu/pool_allocator.cc:247] PoolAllocator: After 386646406 get requests, put_count=386646418 evicted_count=306000 eviction_rate=0.000791421 and unsatisfied allocation rate=0.000791485
I tensorflow/core/common_runtime/gpu/pool_allocator.cc:247] PoolAllocator: After 399239206 get requests, put_count=399239218 evicted_count=316000 eviction_rate=0.000791505 and unsatisfied allocation rate=0.000791568
I tensorflow/core/common_runtime/gpu/pool_allocator.cc:247] PoolAllocator: After 411834406 get requests, put_count=411834418 evicted_count=326000 eviction_rate=0.00079158 and unsatisfied allocation rate=0.000791641
I tensorflow/core/common_runtime/gpu/pool_allocator.cc:247] PoolAllocator: After 424513606 get requests, put_count=424513618 evicted_count=336000 eviction_rate=0.000791494 and unsatisfied allocation rate=0.000791553
I tensorflow/core/common_runtime/gpu/pool_allocator.cc:247] PoolAllocator: After 437173606 get requests, put_count=437173618 evicted_count=346000 eviction_rate=0.000791448 and unsatisfied allocation rate=0.000791505
I tensorflow/core/common_runtime/gpu/pool_allocator.cc:247] PoolAllocator: After 449809606 get requests, put_count=449809618 evicted_count=356000 eviction_rate=0.000791446 and unsatisfied allocation rate=0.000791502
I tensorflow/core/common_runtime/gpu/pool_allocator.cc:247] PoolAllocator: After 462436006 get requests, put_count=462436018 evicted_count=366000 eviction_rate=0.000791461 and unsatisfied allocation rate=0.000791515
I tensorflow/core/common_runtime/gpu/pool_allocator.cc:247] PoolAllocator: After 475086406 get requests, put_count=475086418 evicted_count=376000 eviction_rate=0.000791435 and unsatisfied allocation rate=0.000791488
I tensorflow/core/common_runtime/gpu/pool_allocator.cc:247] PoolAllocator: After 487698406 get requests, put_count=487698418 evicted_count=386000 eviction_rate=0.000791473 and unsatisfied allocation rate=0.000791524
I tensorflow/core/common_runtime/gpu/pool_allocator.cc:247] PoolAllocator: After 500344006 get requests, put_count=500344018 evicted_count=396000 eviction_rate=0.000791455 and unsatisfied allocation rate=0.000791505
I tensorflow/core/common_runtime/gpu/pool_allocator.cc:247] PoolAllocator: After 513006406 get requests, put_count=513006418 evicted_count=406000 eviction_rate=0.000791413 and unsatisfied allocation rate=0.000791462
I tensorflow/core/common_runtime/gpu/pool_allocator.cc:247] PoolAllocator: After 525676006 get requests, put_count=525676018 evicted_count=416000 eviction_rate=0.000791362 and unsatisfied allocation rate=0.00079141
I tensorflow/core/common_runtime/gpu/pool_allocator.cc:247] PoolAllocator: After 538393606 get requests, put_count=538393618 evicted_count=426000 eviction_rate=0.000791243 and unsatisfied allocation rate=0.000791289
I tensorflow/core/common_runtime/gpu/pool_allocator.cc:247] PoolAllocator: After 551029606 get requests, put_count=551029618 evicted_count=436000 eviction_rate=0.000791246 and unsatisfied allocation rate=0.000791291
I tensorflow/core/common_runtime/gpu/pool_allocator.cc:247] PoolAllocator: After 563708806 get requests, put_count=563708818 evicted_count=446000 eviction_rate=0.000791189 and unsatisfied allocation rate=0.000791233
I tensorflow/core/common_runtime/gpu/pool_allocator.cc:247] PoolAllocator: After 576359206 get requests, put_count=576359218 evicted_count=456000 eviction_rate=0.000791173 and unsatisfied allocation rate=0.000791217
I tensorflow/core/common_runtime/gpu/pool_allocator.cc:247] PoolAllocator: After 589069606 get requests, put_count=589069618 evicted_count=466000 eviction_rate=0.000791078 and unsatisfied allocation rate=0.00079112
I tensorflow/core/common_runtime/gpu/pool_allocator.cc:247] PoolAllocator: After 601732006 get requests, put_count=601732018 evicted_count=476000 eviction_rate=0.00079105 and unsatisfied allocation rate=0.000791091
I tensorflow/core/common_runtime/gpu/pool_allocator.cc:247] PoolAllocator: After 614344006 get requests, put_count=614344018 evicted_count=486000 eviction_rate=0.000791088 and unsatisfied allocation rate=0.000791128
I tensorflow/core/common_runtime/gpu/pool_allocator.cc:247] PoolAllocator: After 626963206 get requests, put_count=626963218 evicted_count=496000 eviction_rate=0.000791115 and unsatisfied allocation rate=0.000791155
I tensorflow/core/common_runtime/gpu/pool_allocator.cc:247] PoolAllocator: After 639592006 get requests, put_count=639592018 evicted_count=506000 eviction_rate=0.000791129 and unsatisfied allocation rate=0.000791168
I tensorflow/core/common_runtime/gpu/pool_allocator.cc:247] PoolAllocator: After 652220806 get requests, put_count=652220818 evicted_count=516000 eviction_rate=0.000791143 and unsatisfied allocation rate=0.000791181
I tensorflow/core/common_runtime/gpu/pool_allocator.cc:247] PoolAllocator: After 664876006 get requests, put_count=664876018 evicted_count=526000 eviction_rate=0.000791125 and unsatisfied allocation rate=0.000791163
I tensorflow/core/common_runtime/gpu/pool_allocator.cc:247] PoolAllocator: After 677432806 get requests, put_count=677432818 evicted_count=536000 eviction_rate=0.000791222 and unsatisfied allocation rate=0.000791259
I tensorflow/core/common_runtime/gpu/pool_allocator.cc:247] PoolAllocator: After 690044806 get requests, put_count=690044818 evicted_count=546000 eviction_rate=0.000791253 and unsatisfied allocation rate=0.000791289
I tensorflow/core/common_runtime/gpu/pool_allocator.cc:247] PoolAllocator: After 702767206 get requests, put_count=702767218 evicted_count=556000 eviction_rate=0.000791158 and unsatisfied allocation rate=0.000791194
I tensorflow/core/common_runtime/gpu/pool_allocator.cc:247] PoolAllocator: After 715367206 get requests, put_count=715367218 evicted_count=566000 eviction_rate=0.000791202 and unsatisfied allocation rate=0.000791237
I tensorflow/core/common_runtime/gpu/pool_allocator.cc:247] PoolAllocator: After 728024806 get requests, put_count=728024818 evicted_count=576000 eviction_rate=0.000791182 and unsatisfied allocation rate=0.000791216
I tensorflow/core/common_runtime/gpu/pool_allocator.cc:247] PoolAllocator: After 740417612 get requests, put_count=740417624 evicted_count=586000 eviction_rate=0.000791445 and unsatisfied allocation rate=0.000791479
I tensorflow/core/common_runtime/gpu/pool_allocator.cc:247] PoolAllocator: After 753077612 get requests, put_count=753077624 evicted_count=596000 eviction_rate=0.000791419 and unsatisfied allocation rate=0.000791452
I tensorflow/core/common_runtime/gpu/pool_allocator.cc:247] PoolAllocator: After 765639212 get requests, put_count=765639224 evicted_count=606000 eviction_rate=0.000791495 and unsatisfied allocation rate=0.000791528
I tensorflow/core/common_runtime/gpu/pool_allocator.cc:247] PoolAllocator: After 778277612 get requests, put_count=778277624 evicted_count=616000 eviction_rate=0.000791491 and unsatisfied allocation rate=0.000791523
I tensorflow/core/common_runtime/gpu/pool_allocator.cc:247] PoolAllocator: After 790896812 get requests, put_count=790896824 evicted_count=626000 eviction_rate=0.000791507 and unsatisfied allocation rate=0.000791538
I tensorflow/core/common_runtime/gpu/pool_allocator.cc:247] PoolAllocator: After 803556812 get requests, put_count=803556824 evicted_count=636000 eviction_rate=0.000791481 and unsatisfied allocation rate=0.000791512
I tensorflow/core/common_runtime/gpu/pool_allocator.cc:247] PoolAllocator: After 816224012 get requests, put_count=816224024 evicted_count=646000 eviction_rate=0.000791449 and unsatisfied allocation rate=0.00079148
I tensorflow/core/common_runtime/gpu/pool_allocator.cc:247] PoolAllocator: After 828876812 get requests, put_count=828876824 evicted_count=656000 eviction_rate=0.000791432 and unsatisfied allocation rate=0.000791463
I tensorflow/core/common_runtime/gpu/pool_allocator.cc:247] PoolAllocator: After 841474412 get requests, put_count=841474424 evicted_count=666000 eviction_rate=0.000791468 and unsatisfied allocation rate=0.000791498
I tensorflow/core/common_runtime/gpu/pool_allocator.cc:247] PoolAllocator: After 854112812 get requests, put_count=854112824 evicted_count=676000 eviction_rate=0.000791465 and unsatisfied allocation rate=0.000791494
I tensorflow/core/common_runtime/gpu/pool_allocator.cc:247] PoolAllocator: After 866751212 get requests, put_count=866751224 evicted_count=686000 eviction_rate=0.000791461 and unsatisfied allocation rate=0.00079149
I tensorflow/core/common_runtime/gpu/pool_allocator.cc:247] PoolAllocator: After 879377612 get requests, put_count=879377624 evicted_count=696000 eviction_rate=0.000791469 and unsatisfied allocation rate=0.000791497
I tensorflow/core/common_runtime/gpu/pool_allocator.cc:247] PoolAllocator: After 892076012 get requests, put_count=892076024 evicted_count=706000 eviction_rate=0.000791412 and unsatisfied allocation rate=0.00079144
I tensorflow/core/common_runtime/gpu/pool_allocator.cc:247] PoolAllocator: After 904762412 get requests, put_count=904762424 evicted_count=716000 eviction_rate=0.000791368 and unsatisfied allocation rate=0.000791396
I tensorflow/core/common_runtime/gpu/pool_allocator.cc:247] PoolAllocator: After 917432012 get requests, put_count=917432024 evicted_count=726000 eviction_rate=0.000791339 and unsatisfied allocation rate=0.000791367
I tensorflow/core/common_runtime/gpu/pool_allocator.cc:247] PoolAllocator: After 930082412 get requests, put_count=930082424 evicted_count=736000 eviction_rate=0.000791328 and unsatisfied allocation rate=0.000791355
I tensorflow/core/common_runtime/gpu/pool_allocator.cc:247] PoolAllocator: After 942759212 get requests, put_count=942759224 evicted_count=746000 eviction_rate=0.000791294 and unsatisfied allocation rate=0.000791321
I tensorflow/core/common_runtime/gpu/pool_allocator.cc:247] PoolAllocator: After 955428812 get requests, put_count=955428824 evicted_count=756000 eviction_rate=0.000791268 and unsatisfied allocation rate=0.000791294
I tensorflow/core/common_runtime/gpu/pool_allocator.cc:247] PoolAllocator: After 968086412 get requests, put_count=968086424 evicted_count=766000 eviction_rate=0.000791252 and unsatisfied allocation rate=0.000791278
I tensorflow/core/common_runtime/gpu/pool_allocator.cc:247] PoolAllocator: After 980729612 get requests, put_count=980729624 evicted_count=776000 eviction_rate=0.000791248 and unsatisfied allocation rate=0.000791273
I tensorflow/core/common_runtime/gpu/pool_allocator.cc:247] PoolAllocator: After 993375212 get requests, put_count=993375224 evicted_count=786000 eviction_rate=0.000791242 and unsatisfied allocation rate=0.000791267
I tensorflow/core/common_runtime/gpu/pool_allocator.cc:247] PoolAllocator: After 1006013612 get requests, put_count=1006013624 evicted_count=796000 eviction_rate=0.000791242 and unsatisfied allocation rate=0.000791267
I tensorflow/core/common_runtime/gpu/pool_allocator.cc:247] PoolAllocator: After 1018630412 get requests, put_count=1018630424 evicted_count=806000 eviction_rate=0.000791259 and unsatisfied allocation rate=0.000791283
I tensorflow/core/common_runtime/gpu/pool_allocator.cc:247] PoolAllocator: After 1031276012 get requests, put_count=1031276024 evicted_count=816000 eviction_rate=0.000791253 and unsatisfied allocation rate=0.000791277
I tensorflow/core/common_runtime/gpu/pool_allocator.cc:247] PoolAllocator: After 1043818412 get requests, put_count=1043818424 evicted_count=826000 eviction_rate=0.000791325 and unsatisfied allocation rate=0.000791349
I tensorflow/core/common_runtime/gpu/pool_allocator.cc:247] PoolAllocator: After 1056461612 get requests, put_count=1056461624 evicted_count=836000 eviction_rate=0.000791321 and unsatisfied allocation rate=0.000791344
I tensorflow/core/common_runtime/gpu/pool_allocator.cc:247] PoolAllocator: After 1069196012 get requests, put_count=1069196024 evicted_count=846000 eviction_rate=0.000791249 and unsatisfied allocation rate=0.000791272
I tensorflow/core/common_runtime/gpu/pool_allocator.cc:247] PoolAllocator: After 1081779212 get requests, put_count=1081779224 evicted_count=856000 eviction_rate=0.000791289 and unsatisfied allocation rate=0.000791312
