000 (763.000.000) 04/08 19:32:46 Job submitted from host: <10.33.133.154:9618?addrs=10.33.133.154-9618+[--1]-9618&noUDP&sock=1370_48d6_3>
    DAG Node: topic_reg
...
001 (763.000.000) 04/09 01:23:59 Job executing on host: <10.33.133.143:9618?addrs=10.33.133.143-9618+[--1]-9618&noUDP&sock=1532_672e_3>
...
006 (763.000.000) 04/09 01:24:07 Image size of job updated: 75024
	70  -  MemoryUsage of job (MB)
	71224  -  ResidentSetSize of job (KB)
...
006 (763.000.000) 04/09 01:29:07 Image size of job updated: 2779164
	2178  -  MemoryUsage of job (MB)
	2229460  -  ResidentSetSize of job (KB)
...
006 (763.000.000) 04/09 01:34:08 Image size of job updated: 2788844
	2188  -  MemoryUsage of job (MB)
	2239664  -  ResidentSetSize of job (KB)
...
006 (763.000.000) 04/09 01:39:09 Image size of job updated: 2796892
	2196  -  MemoryUsage of job (MB)
	2247712  -  ResidentSetSize of job (KB)
...
006 (763.000.000) 04/09 01:44:09 Image size of job updated: 2804660
	2203  -  MemoryUsage of job (MB)
	2255480  -  ResidentSetSize of job (KB)
...
006 (763.000.000) 04/09 01:49:10 Image size of job updated: 2812088
	2210  -  MemoryUsage of job (MB)
	2262944  -  ResidentSetSize of job (KB)
...
006 (763.000.000) 04/09 01:54:11 Image size of job updated: 2819460
	2218  -  MemoryUsage of job (MB)
	2270324  -  ResidentSetSize of job (KB)
...
006 (763.000.000) 04/09 01:59:11 Image size of job updated: 2826828
	2225  -  MemoryUsage of job (MB)
	2277692  -  ResidentSetSize of job (KB)
...
006 (763.000.000) 04/09 02:04:11 Image size of job updated: 2834044
	2232  -  MemoryUsage of job (MB)
	2284908  -  ResidentSetSize of job (KB)
...
006 (763.000.000) 04/09 02:09:12 Image size of job updated: 2841256
	2239  -  MemoryUsage of job (MB)
	2292120  -  ResidentSetSize of job (KB)
...
006 (763.000.000) 04/09 02:14:12 Image size of job updated: 2848484
	2246  -  MemoryUsage of job (MB)
	2299348  -  ResidentSetSize of job (KB)
...
006 (763.000.000) 04/09 02:19:12 Image size of job updated: 2848664
	2246  -  MemoryUsage of job (MB)
	2299528  -  ResidentSetSize of job (KB)
...
006 (763.000.000) 04/09 02:24:13 Image size of job updated: 2848772
	2246  -  MemoryUsage of job (MB)
	2299636  -  ResidentSetSize of job (KB)
...
006 (763.000.000) 04/09 02:29:14 Image size of job updated: 2848816
	2246  -  MemoryUsage of job (MB)
	2299680  -  ResidentSetSize of job (KB)
...
006 (763.000.000) 04/09 02:34:14 Image size of job updated: 2856576
	2254  -  MemoryUsage of job (MB)
	2307440  -  ResidentSetSize of job (KB)
...
006 (763.000.000) 04/09 02:39:15 Image size of job updated: 2856696
	2254  -  MemoryUsage of job (MB)
	2307560  -  ResidentSetSize of job (KB)
...
006 (763.000.000) 04/09 02:44:16 Image size of job updated: 2863852
	2261  -  MemoryUsage of job (MB)
	2314716  -  ResidentSetSize of job (KB)
...
006 (763.000.000) 04/09 02:49:16 Image size of job updated: 2870688
	2268  -  MemoryUsage of job (MB)
	2321552  -  ResidentSetSize of job (KB)
...
006 (763.000.000) 04/09 02:54:16 Image size of job updated: 2877748
	2275  -  MemoryUsage of job (MB)
	2328612  -  ResidentSetSize of job (KB)
...
006 (763.000.000) 04/09 02:59:17 Image size of job updated: 2878228
	2275  -  MemoryUsage of job (MB)
	2329092  -  ResidentSetSize of job (KB)
...
006 (763.000.000) 04/09 03:04:17 Image size of job updated: 2885032
	2282  -  MemoryUsage of job (MB)
	2335896  -  ResidentSetSize of job (KB)
...
006 (763.000.000) 04/09 03:09:17 Image size of job updated: 2891844
	2288  -  MemoryUsage of job (MB)
	2342708  -  ResidentSetSize of job (KB)
...
006 (763.000.000) 04/09 03:14:18 Image size of job updated: 2898856
	2295  -  MemoryUsage of job (MB)
	2349720  -  ResidentSetSize of job (KB)
...
006 (763.000.000) 04/09 03:19:19 Image size of job updated: 2905904
	2302  -  MemoryUsage of job (MB)
	2356768  -  ResidentSetSize of job (KB)
...
006 (763.000.000) 04/09 03:24:19 Image size of job updated: 2912908
	2309  -  MemoryUsage of job (MB)
	2363772  -  ResidentSetSize of job (KB)
...
006 (763.000.000) 04/09 03:29:20 Image size of job updated: 2913088
	2309  -  MemoryUsage of job (MB)
	2363952  -  ResidentSetSize of job (KB)
...
006 (763.000.000) 04/09 03:34:21 Image size of job updated: 2913116
	2309  -  MemoryUsage of job (MB)
	2363980  -  ResidentSetSize of job (KB)
...
006 (763.000.000) 04/09 03:39:21 Image size of job updated: 2913132
	2309  -  MemoryUsage of job (MB)
	2363996  -  ResidentSetSize of job (KB)
...
006 (763.000.000) 04/09 03:44:21 Image size of job updated: 2913156
	2309  -  MemoryUsage of job (MB)
	2364020  -  ResidentSetSize of job (KB)
...
006 (763.000.000) 04/09 03:49:22 Image size of job updated: 2913172
	2309  -  MemoryUsage of job (MB)
	2364036  -  ResidentSetSize of job (KB)
...
006 (763.000.000) 04/09 03:54:22 Image size of job updated: 2919924
	2316  -  MemoryUsage of job (MB)
	2370788  -  ResidentSetSize of job (KB)
...
006 (763.000.000) 04/09 03:59:22 Image size of job updated: 2926768
	2322  -  MemoryUsage of job (MB)
	2377632  -  ResidentSetSize of job (KB)
...
006 (763.000.000) 04/09 04:04:23 Image size of job updated: 2933412
	2329  -  MemoryUsage of job (MB)
	2384276  -  ResidentSetSize of job (KB)
...
006 (763.000.000) 04/09 04:09:24 Image size of job updated: 2940072
	2335  -  MemoryUsage of job (MB)
	2390936  -  ResidentSetSize of job (KB)
...
006 (763.000.000) 04/09 04:14:24 Image size of job updated: 2940164
	2335  -  MemoryUsage of job (MB)
	2391028  -  ResidentSetSize of job (KB)
...
006 (763.000.000) 04/09 04:19:24 Image size of job updated: 2940180
	2336  -  MemoryUsage of job (MB)
	2391044  -  ResidentSetSize of job (KB)
...
006 (763.000.000) 04/09 04:24:25 Image size of job updated: 2947584
	2343  -  MemoryUsage of job (MB)
	2398448  -  ResidentSetSize of job (KB)
...
006 (763.000.000) 04/09 04:29:26 Image size of job updated: 2947700
	2343  -  MemoryUsage of job (MB)
	2398564  -  ResidentSetSize of job (KB)
...
006 (763.000.000) 04/09 04:34:26 Image size of job updated: 2947736
	2343  -  MemoryUsage of job (MB)
	2398600  -  ResidentSetSize of job (KB)
...
006 (763.000.000) 04/09 04:39:26 Image size of job updated: 2947776
	2343  -  MemoryUsage of job (MB)
	2398640  -  ResidentSetSize of job (KB)
...
006 (763.000.000) 04/09 04:44:27 Image size of job updated: 2947784
	2343  -  MemoryUsage of job (MB)
	2398648  -  ResidentSetSize of job (KB)
...
006 (763.000.000) 04/09 04:49:27 Image size of job updated: 2947792
	2343  -  MemoryUsage of job (MB)
	2398656  -  ResidentSetSize of job (KB)
...
006 (763.000.000) 04/09 04:54:27 Image size of job updated: 2947800
	2343  -  MemoryUsage of job (MB)
	2398664  -  ResidentSetSize of job (KB)
...
006 (763.000.000) 04/09 04:59:28 Image size of job updated: 2947804
	2343  -  MemoryUsage of job (MB)
	2398668  -  ResidentSetSize of job (KB)
...
006 (763.000.000) 04/09 05:04:29 Image size of job updated: 2947968
	2343  -  MemoryUsage of job (MB)
	2398832  -  ResidentSetSize of job (KB)
...
006 (763.000.000) 04/09 05:09:29 Image size of job updated: 2954876
	2350  -  MemoryUsage of job (MB)
	2405740  -  ResidentSetSize of job (KB)
...
006 (763.000.000) 04/09 05:19:30 Image size of job updated: 2961884
	2357  -  MemoryUsage of job (MB)
	2412748  -  ResidentSetSize of job (KB)
...
006 (763.000.000) 04/09 05:24:30 Image size of job updated: 2961888
	2357  -  MemoryUsage of job (MB)
	2412752  -  ResidentSetSize of job (KB)
...
006 (763.000.000) 04/09 05:34:31 Image size of job updated: 2961920
	2357  -  MemoryUsage of job (MB)
	2412784  -  ResidentSetSize of job (KB)
...
006 (763.000.000) 04/09 05:44:32 Image size of job updated: 2961968
	2357  -  MemoryUsage of job (MB)
	2412832  -  ResidentSetSize of job (KB)
...
006 (763.000.000) 04/09 05:54:34 Image size of job updated: 2961972
	2357  -  MemoryUsage of job (MB)
	2412836  -  ResidentSetSize of job (KB)
...
006 (763.000.000) 04/09 06:09:35 Image size of job updated: 2961976
	2357  -  MemoryUsage of job (MB)
	2412840  -  ResidentSetSize of job (KB)
...
006 (763.000.000) 04/09 06:14:36 Image size of job updated: 2962132
	2357  -  MemoryUsage of job (MB)
	2412996  -  ResidentSetSize of job (KB)
...
006 (763.000.000) 04/09 06:24:36 Image size of job updated: 2962136
	2357  -  MemoryUsage of job (MB)
	2413000  -  ResidentSetSize of job (KB)
...
006 (763.000.000) 04/09 06:34:38 Image size of job updated: 2962140
	2357  -  MemoryUsage of job (MB)
	2413004  -  ResidentSetSize of job (KB)
...
006 (763.000.000) 04/09 06:49:39 Image size of job updated: 2962144
	2357  -  MemoryUsage of job (MB)
	2413008  -  ResidentSetSize of job (KB)
...
006 (763.000.000) 04/09 06:59:40 Image size of job updated: 2962148
	2357  -  MemoryUsage of job (MB)
	2413012  -  ResidentSetSize of job (KB)
...
006 (763.000.000) 04/09 07:04:40 Image size of job updated: 2962152
	2357  -  MemoryUsage of job (MB)
	2413016  -  ResidentSetSize of job (KB)
...
006 (763.000.000) 04/09 07:09:41 Image size of job updated: 2962160
	2357  -  MemoryUsage of job (MB)
	2413024  -  ResidentSetSize of job (KB)
...
006 (763.000.000) 04/09 07:14:41 Image size of job updated: 2962288
	2357  -  MemoryUsage of job (MB)
	2413152  -  ResidentSetSize of job (KB)
...
006 (763.000.000) 04/09 07:19:41 Image size of job updated: 2962392
	2357  -  MemoryUsage of job (MB)
	2413256  -  ResidentSetSize of job (KB)
...
006 (763.000.000) 04/09 07:24:43 Image size of job updated: 2962780
	2358  -  MemoryUsage of job (MB)
	2413644  -  ResidentSetSize of job (KB)
...
006 (763.000.000) 04/09 07:29:43 Image size of job updated: 2962784
	2358  -  MemoryUsage of job (MB)
	2413648  -  ResidentSetSize of job (KB)
...
006 (763.000.000) 04/09 07:34:43 Image size of job updated: 2969708
	2364  -  MemoryUsage of job (MB)
	2420572  -  ResidentSetSize of job (KB)
...
006 (763.000.000) 04/09 07:44:45 Image size of job updated: 2969964
	2365  -  MemoryUsage of job (MB)
	2420828  -  ResidentSetSize of job (KB)
...
006 (763.000.000) 04/09 07:54:45 Image size of job updated: 2970208
	2365  -  MemoryUsage of job (MB)
	2421072  -  ResidentSetSize of job (KB)
...
006 (763.000.000) 04/09 07:59:46 Image size of job updated: 2970220
	2365  -  MemoryUsage of job (MB)
	2421084  -  ResidentSetSize of job (KB)
...
006 (763.000.000) 04/09 08:04:46 Image size of job updated: 2970376
	2365  -  MemoryUsage of job (MB)
	2421240  -  ResidentSetSize of job (KB)
...
006 (763.000.000) 04/09 08:09:46 Image size of job updated: 2977296
	2372  -  MemoryUsage of job (MB)
	2428160  -  ResidentSetSize of job (KB)
...
006 (763.000.000) 04/09 08:34:50 Image size of job updated: 2977492
	2372  -  MemoryUsage of job (MB)
	2428356  -  ResidentSetSize of job (KB)
...
006 (763.000.000) 04/09 08:39:50 Image size of job updated: 2977692
	2372  -  MemoryUsage of job (MB)
	2428556  -  ResidentSetSize of job (KB)
...
006 (763.000.000) 04/09 08:49:51 Image size of job updated: 2977748
	2372  -  MemoryUsage of job (MB)
	2428612  -  ResidentSetSize of job (KB)
...
006 (763.000.000) 04/09 08:54:52 Image size of job updated: 2978016
	2372  -  MemoryUsage of job (MB)
	2428880  -  ResidentSetSize of job (KB)
...
006 (763.000.000) 04/09 09:09:53 Image size of job updated: 2978348
	2373  -  MemoryUsage of job (MB)
	2429212  -  ResidentSetSize of job (KB)
...
006 (763.000.000) 04/09 09:19:54 Image size of job updated: 2978392
	2373  -  MemoryUsage of job (MB)
	2429256  -  ResidentSetSize of job (KB)
...
006 (763.000.000) 04/09 09:39:56 Image size of job updated: 2978464
	2373  -  MemoryUsage of job (MB)
	2429328  -  ResidentSetSize of job (KB)
...
006 (763.000.000) 04/09 09:49:58 Image size of job updated: 2978768
	2373  -  MemoryUsage of job (MB)
	2429632  -  ResidentSetSize of job (KB)
...
006 (763.000.000) 04/09 09:54:58 Image size of job updated: 2986080
	2380  -  MemoryUsage of job (MB)
	2436944  -  ResidentSetSize of job (KB)
...
006 (763.000.000) 04/09 10:05:00 Image size of job updated: 2986084
	2380  -  MemoryUsage of job (MB)
	2436948  -  ResidentSetSize of job (KB)
...
006 (763.000.000) 04/09 10:20:03 Image size of job updated: 2986188
	2380  -  MemoryUsage of job (MB)
	2437052  -  ResidentSetSize of job (KB)
...
006 (763.000.000) 04/09 10:45:05 Image size of job updated: 2986444
	2381  -  MemoryUsage of job (MB)
	2437308  -  ResidentSetSize of job (KB)
...
006 (763.000.000) 04/09 11:20:09 Image size of job updated: 2994636
	2389  -  MemoryUsage of job (MB)
	2445500  -  ResidentSetSize of job (KB)
...
006 (763.000.000) 04/09 11:35:10 Image size of job updated: 2994640
	2389  -  MemoryUsage of job (MB)
	2445504  -  ResidentSetSize of job (KB)
...
006 (763.000.000) 04/09 11:55:12 Image size of job updated: 2994916
	2389  -  MemoryUsage of job (MB)
	2445780  -  ResidentSetSize of job (KB)
...
006 (763.000.000) 04/09 13:10:18 Image size of job updated: 2995244
	2389  -  MemoryUsage of job (MB)
	2446108  -  ResidentSetSize of job (KB)
...
006 (763.000.000) 04/09 14:05:24 Image size of job updated: 2995452
	2389  -  MemoryUsage of job (MB)
	2446316  -  ResidentSetSize of job (KB)
...
006 (763.000.000) 04/09 14:10:25 Image size of job updated: 2995456
	2389  -  MemoryUsage of job (MB)
	2446320  -  ResidentSetSize of job (KB)
...
006 (763.000.000) 04/09 14:20:26 Image size of job updated: 3002800
	2397  -  MemoryUsage of job (MB)
	2453664  -  ResidentSetSize of job (KB)
...
006 (763.000.000) 04/09 14:45:29 Image size of job updated: 3002864
	2397  -  MemoryUsage of job (MB)
	2453728  -  ResidentSetSize of job (KB)
...
006 (763.000.000) 04/09 14:55:30 Image size of job updated: 3003328
	2397  -  MemoryUsage of job (MB)
	2454192  -  ResidentSetSize of job (KB)
...
006 (763.000.000) 04/09 15:20:32 Image size of job updated: 3003448
	2397  -  MemoryUsage of job (MB)
	2454312  -  ResidentSetSize of job (KB)
...
006 (763.000.000) 04/09 17:35:45 Image size of job updated: 3003452
	2397  -  MemoryUsage of job (MB)
	2454316  -  ResidentSetSize of job (KB)
...
