000 (791.000.000) 04/09 20:28:06 Job submitted from host: <10.33.133.154:9618?addrs=10.33.133.154-9618+[--1]-9618&noUDP&sock=1370_48d6_3>
    DAG Node: topic_lda
...
001 (791.000.000) 04/11 20:22:38 Job executing on host: <10.33.133.107:9618?addrs=10.33.133.107-9618+[--1]-9618&noUDP&sock=1529_5865_3>
...
006 (791.000.000) 04/11 20:22:46 Image size of job updated: 74184
	43  -  MemoryUsage of job (MB)
	43184  -  ResidentSetSize of job (KB)
...
006 (791.000.000) 04/11 20:27:47 Image size of job updated: 2445708
	1755  -  MemoryUsage of job (MB)
	1796364  -  ResidentSetSize of job (KB)
...
005 (791.000.000) 04/12 19:06:50 Job terminated.
	(1) Normal termination (return value 0)
		Usr 0 08:28:27, Sys 0 00:52:15  -  Run Remote Usage
		Usr 0 00:00:00, Sys 0 00:00:00  -  Run Local Usage
		Usr 0 08:28:27, Sys 0 00:52:15  -  Total Remote Usage
		Usr 0 00:00:00, Sys 0 00:00:00  -  Total Local Usage
	0  -  Run Bytes Sent By Job
	0  -  Run Bytes Received By Job
	0  -  Total Bytes Sent By Job
	0  -  Total Bytes Received By Job
	Partitionable Resources :    Usage  Request Allocated
	   Cpus                 :                 1         1
	   Disk (KB)            :        7        7   6729810
	   Gpus                 :                 1         1
	   Memory (MB)          :     1755     4096      4096
...
