000 (982.000.000) 05/01 10:14:02 Job submitted from host: <10.33.133.154:9618?addrs=10.33.133.154-9618+[--1]-9618&noUDP&sock=1383_3391_3>
    DAG Node: cbow_tfidf_soft
...
001 (982.000.000) 05/01 10:14:18 Job executing on host: <10.33.133.192:9618?addrs=10.33.133.192-9618+[--1]-9618&noUDP&sock=1293_780b_3>
...
006 (982.000.000) 05/01 10:14:26 Image size of job updated: 61324
	39  -  MemoryUsage of job (MB)
	38980  -  ResidentSetSize of job (KB)
...
006 (982.000.000) 05/01 10:19:26 Image size of job updated: 986888
	856  -  MemoryUsage of job (MB)
	875716  -  ResidentSetSize of job (KB)
...
006 (982.000.000) 05/01 10:24:27 Image size of job updated: 1508192
	1159  -  MemoryUsage of job (MB)
	1186132  -  ResidentSetSize of job (KB)
...
006 (982.000.000) 05/01 10:29:28 Image size of job updated: 1518168
	1169  -  MemoryUsage of job (MB)
	1196108  -  ResidentSetSize of job (KB)
...
006 (982.000.000) 05/01 10:34:28 Image size of job updated: 1518752
	1169  -  MemoryUsage of job (MB)
	1196692  -  ResidentSetSize of job (KB)
...
006 (982.000.000) 05/01 10:39:28 Image size of job updated: 1526888
	1177  -  MemoryUsage of job (MB)
	1204828  -  ResidentSetSize of job (KB)
...
006 (982.000.000) 05/01 10:44:29 Image size of job updated: 1535020
	1185  -  MemoryUsage of job (MB)
	1212960  -  ResidentSetSize of job (KB)
...
006 (982.000.000) 05/01 10:49:30 Image size of job updated: 1543004
	1193  -  MemoryUsage of job (MB)
	1220944  -  ResidentSetSize of job (KB)
...
006 (982.000.000) 05/01 10:54:30 Image size of job updated: 1550792
	1200  -  MemoryUsage of job (MB)
	1228732  -  ResidentSetSize of job (KB)
...
006 (982.000.000) 05/01 10:59:30 Image size of job updated: 1558700
	1208  -  MemoryUsage of job (MB)
	1236640  -  ResidentSetSize of job (KB)
...
006 (982.000.000) 05/01 11:04:31 Image size of job updated: 1558712
	1208  -  MemoryUsage of job (MB)
	1236652  -  ResidentSetSize of job (KB)
...
006 (982.000.000) 05/01 11:09:32 Image size of job updated: 1566500
	1216  -  MemoryUsage of job (MB)
	1244440  -  ResidentSetSize of job (KB)
...
006 (982.000.000) 05/01 11:14:32 Image size of job updated: 1574244
	1223  -  MemoryUsage of job (MB)
	1252184  -  ResidentSetSize of job (KB)
...
006 (982.000.000) 05/01 11:19:33 Image size of job updated: 1575044
	1224  -  MemoryUsage of job (MB)
	1252984  -  ResidentSetSize of job (KB)
...
006 (982.000.000) 05/01 11:24:34 Image size of job updated: 1575268
	1224  -  MemoryUsage of job (MB)
	1253208  -  ResidentSetSize of job (KB)
...
006 (982.000.000) 05/01 11:34:35 Image size of job updated: 1575272
	1224  -  MemoryUsage of job (MB)
	1253212  -  ResidentSetSize of job (KB)
...
006 (982.000.000) 05/01 11:59:37 Image size of job updated: 1582136
	1231  -  MemoryUsage of job (MB)
	1260076  -  ResidentSetSize of job (KB)
...
006 (982.000.000) 05/01 12:04:38 Image size of job updated: 1589928
	1239  -  MemoryUsage of job (MB)
	1267868  -  ResidentSetSize of job (KB)
...
006 (982.000.000) 05/01 12:39:41 Image size of job updated: 1597728
	1246  -  MemoryUsage of job (MB)
	1275668  -  ResidentSetSize of job (KB)
...
006 (982.000.000) 05/01 13:14:44 Image size of job updated: 1605532
	1254  -  MemoryUsage of job (MB)
	1283472  -  ResidentSetSize of job (KB)
...
006 (982.000.000) 05/01 13:24:45 Image size of job updated: 1605544
	1254  -  MemoryUsage of job (MB)
	1283484  -  ResidentSetSize of job (KB)
...
006 (982.000.000) 05/01 13:29:46 Image size of job updated: 1605764
	1254  -  MemoryUsage of job (MB)
	1283704  -  ResidentSetSize of job (KB)
...
006 (982.000.000) 05/01 14:14:50 Image size of job updated: 1605768
	1254  -  MemoryUsage of job (MB)
	1283708  -  ResidentSetSize of job (KB)
...
006 (982.000.000) 05/01 14:19:50 Image size of job updated: 1605864
	1254  -  MemoryUsage of job (MB)
	1283804  -  ResidentSetSize of job (KB)
...
006 (982.000.000) 05/01 14:24:50 Image size of job updated: 1605928
	1254  -  MemoryUsage of job (MB)
	1283868  -  ResidentSetSize of job (KB)
...
006 (982.000.000) 05/01 14:54:53 Image size of job updated: 1606028
	1254  -  MemoryUsage of job (MB)
	1283968  -  ResidentSetSize of job (KB)
...
006 (982.000.000) 05/01 15:14:54 Image size of job updated: 1612936
	1261  -  MemoryUsage of job (MB)
	1290876  -  ResidentSetSize of job (KB)
...
006 (982.000.000) 05/01 15:49:58 Image size of job updated: 1612980
	1261  -  MemoryUsage of job (MB)
	1290920  -  ResidentSetSize of job (KB)
...
006 (982.000.000) 05/01 16:45:04 Image size of job updated: 1612980
	1261  -  MemoryUsage of job (MB)
	1290924  -  ResidentSetSize of job (KB)
...
006 (982.000.000) 05/01 17:20:07 Image size of job updated: 1613076
	1261  -  MemoryUsage of job (MB)
	1291016  -  ResidentSetSize of job (KB)
...
006 (982.000.000) 05/01 18:15:14 Image size of job updated: 1613136
	1261  -  MemoryUsage of job (MB)
	1291076  -  ResidentSetSize of job (KB)
...
006 (982.000.000) 05/01 19:15:19 Image size of job updated: 1613140
	1261  -  MemoryUsage of job (MB)
	1291080  -  ResidentSetSize of job (KB)
...
006 (982.000.000) 05/01 19:40:23 Image size of job updated: 1613148
	1261  -  MemoryUsage of job (MB)
	1291088  -  ResidentSetSize of job (KB)
...
006 (982.000.000) 05/01 20:05:26 Image size of job updated: 1613232
	1261  -  MemoryUsage of job (MB)
	1291148  -  ResidentSetSize of job (KB)
...
006 (982.000.000) 05/01 20:10:26 Image size of job updated: 1613236
	1261  -  MemoryUsage of job (MB)
	1291152  -  ResidentSetSize of job (KB)
...
006 (982.000.000) 05/01 20:30:28 Image size of job updated: 1613244
	1261  -  MemoryUsage of job (MB)
	1291160  -  ResidentSetSize of job (KB)
...
006 (982.000.000) 05/01 20:50:31 Image size of job updated: 1613244
	1261  -  MemoryUsage of job (MB)
	1291164  -  ResidentSetSize of job (KB)
...
006 (982.000.000) 05/01 21:40:35 Image size of job updated: 1613440
	1262  -  MemoryUsage of job (MB)
	1291356  -  ResidentSetSize of job (KB)
...
006 (982.000.000) 05/01 22:55:44 Image size of job updated: 1613484
	1262  -  MemoryUsage of job (MB)
	1291400  -  ResidentSetSize of job (KB)
...
006 (982.000.000) 05/02 00:00:51 Image size of job updated: 1613492
	1262  -  MemoryUsage of job (MB)
	1291408  -  ResidentSetSize of job (KB)
...
006 (982.000.000) 05/02 00:15:52 Image size of job updated: 1613500
	1262  -  MemoryUsage of job (MB)
	1291416  -  ResidentSetSize of job (KB)
...
006 (982.000.000) 05/02 01:46:00 Image size of job updated: 1613660
	1262  -  MemoryUsage of job (MB)
	1291576  -  ResidentSetSize of job (KB)
...
006 (982.000.000) 05/02 02:11:02 Image size of job updated: 1613852
	1262  -  MemoryUsage of job (MB)
	1291768  -  ResidentSetSize of job (KB)
...
006 (982.000.000) 05/02 05:06:18 Image size of job updated: 1613972
	1262  -  MemoryUsage of job (MB)
	1291888  -  ResidentSetSize of job (KB)
...
006 (982.000.000) 05/02 07:31:37 Image size of job updated: 1614032
	1262  -  MemoryUsage of job (MB)
	1291948  -  ResidentSetSize of job (KB)
...
006 (982.000.000) 05/02 07:56:39 Image size of job updated: 1614248
	1262  -  MemoryUsage of job (MB)
	1292164  -  ResidentSetSize of job (KB)
...
006 (982.000.000) 05/02 09:51:52 Image size of job updated: 1614256
	1262  -  MemoryUsage of job (MB)
	1292172  -  ResidentSetSize of job (KB)
...
006 (982.000.000) 05/02 10:11:54 Image size of job updated: 1614576
	1263  -  MemoryUsage of job (MB)
	1292492  -  ResidentSetSize of job (KB)
...
006 (982.000.000) 05/02 10:26:57 Image size of job updated: 1614596
	1263  -  MemoryUsage of job (MB)
	1292512  -  ResidentSetSize of job (KB)
...
006 (982.000.000) 05/02 14:32:23 Image size of job updated: 1614600
	1263  -  MemoryUsage of job (MB)
	1292516  -  ResidentSetSize of job (KB)
...
006 (982.000.000) 05/02 15:27:29 Image size of job updated: 1614648
	1263  -  MemoryUsage of job (MB)
	1292524  -  ResidentSetSize of job (KB)
...
006 (982.000.000) 05/02 15:31:54 Image size of job updated: 1701404
	1263  -  MemoryUsage of job (MB)
	1292524  -  ResidentSetSize of job (KB)
...
005 (982.000.000) 05/02 15:31:54 Job terminated.
	(1) Normal termination (return value 0)
		Usr 1 23:17:34, Sys 0 06:18:01  -  Run Remote Usage
		Usr 0 00:00:00, Sys 0 00:00:00  -  Run Local Usage
		Usr 1 23:17:34, Sys 0 06:18:01  -  Total Remote Usage
		Usr 0 00:00:00, Sys 0 00:00:00  -  Total Local Usage
	0  -  Run Bytes Sent By Job
	0  -  Run Bytes Received By Job
	0  -  Total Bytes Sent By Job
	0  -  Total Bytes Received By Job
	Partitionable Resources :    Usage  Request Allocated
	   Cpus                 :                 1         1
	   Disk (KB)            :        7        7   3288953
	   Gpus                 :                 1         1
	   Memory (MB)          :     1263     8192      8192
...
