000 (977.000.000) 05/01 10:13:50 Job submitted from host: <10.33.133.154:9618?addrs=10.33.133.154-9618+[--1]-9618&noUDP&sock=1383_3391_3>
    DAG Node: cbow_exp_lstm
...
001 (977.000.000) 05/01 10:13:55 Job executing on host: <10.33.133.70:9618?addrs=10.33.133.70-9618+[--1]-9618&noUDP&sock=19079_2f80_3>
...
006 (977.000.000) 05/01 10:14:04 Image size of job updated: 173648
	150  -  MemoryUsage of job (MB)
	153460  -  ResidentSetSize of job (KB)
...
006 (977.000.000) 05/01 10:19:05 Image size of job updated: 1763528
	1432  -  MemoryUsage of job (MB)
	1466216  -  ResidentSetSize of job (KB)
...
006 (977.000.000) 05/01 10:24:05 Image size of job updated: 1764800
	1434  -  MemoryUsage of job (MB)
	1467488  -  ResidentSetSize of job (KB)
...
006 (977.000.000) 05/01 10:29:05 Image size of job updated: 1772988
	1442  -  MemoryUsage of job (MB)
	1475676  -  ResidentSetSize of job (KB)
...
006 (977.000.000) 05/01 10:34:05 Image size of job updated: 1772992
	1442  -  MemoryUsage of job (MB)
	1475680  -  ResidentSetSize of job (KB)
...
006 (977.000.000) 05/01 10:39:05 Image size of job updated: 1773280
	1442  -  MemoryUsage of job (MB)
	1475968  -  ResidentSetSize of job (KB)
...
006 (977.000.000) 05/01 10:44:06 Image size of job updated: 1773412
	1442  -  MemoryUsage of job (MB)
	1476100  -  ResidentSetSize of job (KB)
...
006 (977.000.000) 05/01 10:54:08 Image size of job updated: 1773424
	1442  -  MemoryUsage of job (MB)
	1476112  -  ResidentSetSize of job (KB)
...
006 (977.000.000) 05/01 10:59:08 Image size of job updated: 1780896
	1449  -  MemoryUsage of job (MB)
	1483584  -  ResidentSetSize of job (KB)
...
006 (977.000.000) 05/01 11:09:08 Image size of job updated: 1788836
	1457  -  MemoryUsage of job (MB)
	1491524  -  ResidentSetSize of job (KB)
...
006 (977.000.000) 05/01 11:14:09 Image size of job updated: 1788844
	1457  -  MemoryUsage of job (MB)
	1491532  -  ResidentSetSize of job (KB)
...
006 (977.000.000) 05/01 11:19:10 Image size of job updated: 1788848
	1457  -  MemoryUsage of job (MB)
	1491536  -  ResidentSetSize of job (KB)
...
010 (977.000.000) 05/01 11:20:50 Job was suspended.
	Number of processes actually suspended: 26
...
006 (977.000.000) 05/01 11:20:50 Image size of job updated: 1796780
	1465  -  MemoryUsage of job (MB)
	1499468  -  ResidentSetSize of job (KB)
...
011 (977.000.000) 05/01 11:23:26 Job was unsuspended.
...
006 (977.000.000) 05/01 11:29:11 Image size of job updated: 1804112
	1472  -  MemoryUsage of job (MB)
	1506800  -  ResidentSetSize of job (KB)
...
006 (977.000.000) 05/01 11:39:12 Image size of job updated: 1804140
	1472  -  MemoryUsage of job (MB)
	1506828  -  ResidentSetSize of job (KB)
...
006 (977.000.000) 05/01 11:49:14 Image size of job updated: 1804204
	1472  -  MemoryUsage of job (MB)
	1506892  -  ResidentSetSize of job (KB)
...
006 (977.000.000) 05/01 12:19:17 Image size of job updated: 1804208
	1472  -  MemoryUsage of job (MB)
	1506896  -  ResidentSetSize of job (KB)
...
006 (977.000.000) 05/01 12:24:18 Image size of job updated: 1804212
	1472  -  MemoryUsage of job (MB)
	1506900  -  ResidentSetSize of job (KB)
...
006 (977.000.000) 05/01 12:39:18 Image size of job updated: 1804220
	1472  -  MemoryUsage of job (MB)
	1506908  -  ResidentSetSize of job (KB)
...
006 (977.000.000) 05/01 12:44:18 Image size of job updated: 1804328
	1472  -  MemoryUsage of job (MB)
	1507016  -  ResidentSetSize of job (KB)
...
006 (977.000.000) 05/01 12:54:20 Image size of job updated: 1804340
	1472  -  MemoryUsage of job (MB)
	1507028  -  ResidentSetSize of job (KB)
...
006 (977.000.000) 05/01 13:04:22 Image size of job updated: 1804344
	1472  -  MemoryUsage of job (MB)
	1507032  -  ResidentSetSize of job (KB)
...
006 (977.000.000) 05/01 13:29:23 Image size of job updated: 1804348
	1472  -  MemoryUsage of job (MB)
	1507036  -  ResidentSetSize of job (KB)
...
006 (977.000.000) 05/01 13:44:26 Image size of job updated: 1804356
	1472  -  MemoryUsage of job (MB)
	1507036  -  ResidentSetSize of job (KB)
...
006 (977.000.000) 05/01 14:54:33 Image size of job updated: 1804404
	1472  -  MemoryUsage of job (MB)
	1507084  -  ResidentSetSize of job (KB)
...
006 (977.000.000) 05/01 15:09:35 Image size of job updated: 1804420
	1472  -  MemoryUsage of job (MB)
	1507100  -  ResidentSetSize of job (KB)
...
006 (977.000.000) 05/01 15:14:35 Image size of job updated: 1804580
	1472  -  MemoryUsage of job (MB)
	1507260  -  ResidentSetSize of job (KB)
...
006 (977.000.000) 05/01 15:29:36 Image size of job updated: 1804584
	1472  -  MemoryUsage of job (MB)
	1507264  -  ResidentSetSize of job (KB)
...
006 (977.000.000) 05/01 15:44:38 Image size of job updated: 1804588
	1472  -  MemoryUsage of job (MB)
	1507268  -  ResidentSetSize of job (KB)
...
006 (977.000.000) 05/01 15:49:38 Image size of job updated: 1804620
	1472  -  MemoryUsage of job (MB)
	1507300  -  ResidentSetSize of job (KB)
...
006 (977.000.000) 05/01 16:14:41 Image size of job updated: 1804624
	1472  -  MemoryUsage of job (MB)
	1507304  -  ResidentSetSize of job (KB)
...
006 (977.000.000) 05/01 16:54:45 Image size of job updated: 1804632
	1472  -  MemoryUsage of job (MB)
	1507312  -  ResidentSetSize of job (KB)
...
006 (977.000.000) 05/01 16:59:46 Image size of job updated: 1805648
	1473  -  MemoryUsage of job (MB)
	1508328  -  ResidentSetSize of job (KB)
...
006 (977.000.000) 05/01 17:14:47 Image size of job updated: 1805656
	1473  -  MemoryUsage of job (MB)
	1508336  -  ResidentSetSize of job (KB)
...
010 (977.000.000) 05/01 18:13:35 Job was suspended.
	Number of processes actually suspended: 26
...
011 (977.000.000) 05/01 18:18:35 Job was unsuspended.
...
006 (977.000.000) 05/01 18:19:54 Image size of job updated: 1860768
	1527  -  MemoryUsage of job (MB)
	1563448  -  ResidentSetSize of job (KB)
...
006 (977.000.000) 05/01 18:24:54 Image size of job updated: 1860768
	1528  -  MemoryUsage of job (MB)
	1563652  -  ResidentSetSize of job (KB)
...
006 (977.000.000) 05/01 18:29:54 Image size of job updated: 1907036
	1572  -  MemoryUsage of job (MB)
	1609716  -  ResidentSetSize of job (KB)
...
006 (977.000.000) 05/01 18:34:54 Image size of job updated: 1909084
	1574  -  MemoryUsage of job (MB)
	1611764  -  ResidentSetSize of job (KB)
...
010 (977.000.000) 05/01 21:24:09 Job was suspended.
	Number of processes actually suspended: 26
...
011 (977.000.000) 05/01 21:26:19 Job was unsuspended.
...
010 (977.000.000) 05/01 22:19:36 Job was suspended.
	Number of processes actually suspended: 26
...
011 (977.000.000) 05/01 22:21:28 Job was unsuspended.
...
005 (977.000.000) 05/02 01:19:19 Job terminated.
	(1) Normal termination (return value 0)
		Usr 0 15:15:03, Sys 0 01:28:19  -  Run Remote Usage
		Usr 0 00:00:00, Sys 0 00:00:00  -  Run Local Usage
		Usr 0 15:15:03, Sys 0 01:28:19  -  Total Remote Usage
		Usr 0 00:00:00, Sys 0 00:00:00  -  Total Local Usage
	0  -  Run Bytes Sent By Job
	0  -  Run Bytes Received By Job
	0  -  Total Bytes Sent By Job
	0  -  Total Bytes Received By Job
	Partitionable Resources :    Usage  Request Allocated
	   Cpus                 :                 1         1
	   Disk (KB)            :        7        7  39037253
	   Gpus                 :                 1         2
	   Memory (MB)          :     1574     8192      8192
...
