000 (973.000.000) 05/01 10:13:40 Job submitted from host: <10.33.133.154:9618?addrs=10.33.133.154-9618+[--1]-9618&noUDP&sock=1383_3391_3>
    DAG Node: cbow_mean_lstm
...
001 (973.000.000) 05/01 10:13:54 Job executing on host: <10.33.133.204:9618?addrs=10.33.133.204-9618+[--1]-9618&noUDP&sock=31369_1a72_3>
...
010 (973.000.000) 05/01 10:29:53 Job was suspended.
	Number of processes actually suspended: 12
...
011 (973.000.000) 05/01 10:36:14 Job was unsuspended.
...
010 (973.000.000) 05/01 10:38:34 Job was suspended.
	Number of processes actually suspended: 12
...
011 (973.000.000) 05/01 10:44:29 Job was unsuspended.
...
010 (973.000.000) 05/01 10:54:15 Job was suspended.
	Number of processes actually suspended: 12
...
011 (973.000.000) 05/01 11:09:17 Job was unsuspended.
...
004 (973.000.000) 05/01 11:09:17 Job was evicted.
	(0) Job was not checkpointed.
		Usr 0 00:20:15, Sys 0 00:00:08  -  Run Remote Usage
		Usr 0 00:00:00, Sys 0 00:00:00  -  Run Local Usage
	0  -  Run Bytes Sent By Job
	0  -  Run Bytes Received By Job
	Partitionable Resources :    Usage  Request Allocated
	   Cpus                 :                 1         1
	   Disk (KB)            :        7        7   4013615
	   Gpus                 :                 1         1
	   Memory (MB)          :     1008     8192      8192
...
001 (973.000.000) 05/01 11:55:01 Job executing on host: <10.33.133.57:9618?addrs=10.33.133.57-9618+[--1]-9618&noUDP&sock=1311_d0c0_3>
...
010 (973.000.000) 05/01 11:55:26 Job was suspended.
	Number of processes actually suspended: 26
...
011 (973.000.000) 05/01 12:01:17 Job was unsuspended.
...
010 (973.000.000) 05/01 14:03:45 Job was suspended.
	Number of processes actually suspended: 26
...
011 (973.000.000) 05/01 14:14:41 Job was unsuspended.
...
010 (973.000.000) 05/01 14:38:03 Job was suspended.
	Number of processes actually suspended: 26
...
011 (973.000.000) 05/01 14:43:49 Job was unsuspended.
...
010 (973.000.000) 05/01 18:19:40 Job was suspended.
	Number of processes actually suspended: 26
...
011 (973.000.000) 05/01 18:21:30 Job was unsuspended.
...
005 (973.000.000) 05/01 20:40:57 Job terminated.
	(1) Normal termination (return value 0)
		Usr 0 12:17:48, Sys 0 01:24:07  -  Run Remote Usage
		Usr 0 00:00:00, Sys 0 00:00:00  -  Run Local Usage
		Usr 0 12:17:48, Sys 0 01:24:07  -  Total Remote Usage
		Usr 0 00:00:00, Sys 0 00:00:00  -  Total Local Usage
	0  -  Run Bytes Sent By Job
	0  -  Run Bytes Received By Job
	0  -  Total Bytes Sent By Job
	0  -  Total Bytes Received By Job
	Partitionable Resources :    Usage  Request Allocated
	   Cpus                 :                 1         1
	   Disk (KB)            :        7        7  35476075
	   Gpus                 :                 1         1
	   Memory (MB)          :     1221     8192      8192
...
000 (991.000.000) 05/01 20:41:06 Job submitted from host: <10.33.133.154:9618?addrs=10.33.133.154-9618+[--1]-9618&noUDP&sock=1383_3391_3>
    DAG Node: cbow_mean_lstm_test
...
001 (991.000.000) 05/01 20:41:25 Job executing on host: <10.33.133.111:9618?addrs=10.33.133.111-9618+[--1]-9618&noUDP&sock=1377_1600_3>
...
010 (991.000.000) 05/01 20:42:27 Job was suspended.
	Number of processes actually suspended: 11
...
011 (991.000.000) 05/01 20:47:29 Job was unsuspended.
...
005 (991.000.000) 05/01 20:48:55 Job terminated.
	(1) Normal termination (return value 0)
		Usr 0 00:02:11, Sys 0 00:00:01  -  Run Remote Usage
		Usr 0 00:00:00, Sys 0 00:00:00  -  Run Local Usage
		Usr 0 00:02:11, Sys 0 00:00:01  -  Total Remote Usage
		Usr 0 00:00:00, Sys 0 00:00:00  -  Total Local Usage
	0  -  Run Bytes Sent By Job
	0  -  Run Bytes Received By Job
	0  -  Total Bytes Sent By Job
	0  -  Total Bytes Received By Job
	Partitionable Resources :    Usage  Request Allocated
	   Cpus                 :                 1         1
	   Disk (KB)            :        7        7  12407916
	   Gpus                 :                 1         1
	   Memory (MB)          :      639     4096      4096
...
