job started
Epoch: 1 Learning rate: 1.000
0.200 perplexity: 270.985 speed: 7820 wps
0.300 perplexity: 255.472 speed: 9574 wps
0.400 perplexity: 244.055 speed: 10197 wps
0.500 perplexity: 235.296 speed: 10490 wps
0.600 perplexity: 228.926 speed: 10681 wps
0.700 perplexity: 223.560 speed: 10812 wps
0.800 perplexity: 218.963 speed: 10905 wps
0.900 perplexity: 214.963 speed: 10168 wps
1.000 perplexity: 211.419 speed: 9958 wps
Epoch: 1 Train Perplexity: 211.419
with(perplexity: 179.254) speed: 22471 wps
Epoch: 1 Valid Perplexity: 179.254
Epoch: 2 Learning rate: 1.000
0.000 perplexity: 340.597 speed: 9977 wps
0.100 perplexity: 183.981 speed: 11387 wps
0.200 perplexity: 181.990 speed: 11434 wps
0.300 perplexity: 180.861 speed: 11481 wps
0.400 perplexity: 179.769 speed: 11506 wps
0.500 perplexity: 178.592 speed: 11499 wps
0.600 perplexity: 177.899 speed: 11508 wps
0.700 perplexity: 177.119 speed: 11515 wps
0.800 perplexity: 176.330 speed: 11518 wps
0.900 perplexity: 175.538 speed: 11515 wps
1.000 perplexity: 174.747 speed: 11522 wps
Epoch: 2 Train Perplexity: 174.748
with(perplexity: 161.025) speed: 23102 wps
Epoch: 2 Valid Perplexity: 161.025
Epoch: 3 Learning rate: 1.000
0.000 perplexity: 316.325 speed: 9713 wps
0.100 perplexity: 167.740 speed: 11476 wps
0.200 perplexity: 166.671 speed: 11522 wps
0.300 perplexity: 166.288 speed: 11133 wps
0.400 perplexity: 165.863 speed: 11244 wps
0.500 perplexity: 165.293 speed: 11287 wps
0.600 perplexity: 165.134 speed: 11329 wps
0.700 perplexity: 164.836 speed: 11361 wps
0.800 perplexity: 164.500 speed: 11382 wps
0.900 perplexity: 164.123 speed: 11395 wps
1.000 perplexity: 163.710 speed: 11413 wps
Epoch: 3 Train Perplexity: 163.711
with(perplexity: 153.132) speed: 23222 wps
Epoch: 3 Valid Perplexity: 153.132
with(perplexity: 166.261) speed: 473 wps
Test Perplexity: 166.261
Saving model to /esat/spchtemp/scratch/robbe/SpeechHub/untied_models_smaller/output/cbow_mean_lstm_0/cbow_mean_lstm_0.
hihi
