job started
Epoch: 1 Learning rate: 1.000
0.000 perplexity: 49962.348 speed: 754 wps
0.100 perplexity: 413.271 speed: 7675 wps
0.200 perplexity: 337.243 speed: 6649 wps
0.300 perplexity: 302.352 speed: 6269 wps
0.400 perplexity: 280.667 speed: 6237 wps
0.500 perplexity: 265.435 speed: 6192 wps
0.600 perplexity: 254.465 speed: 6161 wps
0.700 perplexity: 245.677 speed: 6140 wps
0.800 perplexity: 238.506 speed: 6123 wps
0.900 perplexity: 232.466 speed: 6111 wps
1.000 perplexity: 227.273 speed: 6100 wps
Epoch: 1 Train Perplexity: 227.273
with(perplexity: 180.187) speed: 13324 wps
Epoch: 1 Valid Perplexity: 180.187
Epoch: 2 Learning rate: 1.000
0.000 perplexity: 313.233 speed: 6365 wps
0.100 perplexity: 183.473 speed: 5973 wps
0.200 perplexity: 181.495 speed: 6008 wps
0.300 perplexity: 180.355 speed: 6018 wps
0.400 perplexity: 179.284 speed: 6023 wps
0.500 perplexity: 178.130 speed: 5868 wps
0.600 perplexity: 177.441 speed: 5878 wps
0.700 perplexity: 176.667 speed: 5905 wps
0.800 perplexity: 175.882 speed: 5921 wps
0.900 perplexity: 175.096 speed: 5956 wps
1.000 perplexity: 174.305 speed: 6219 wps
Epoch: 2 Train Perplexity: 174.305
with(perplexity: 161.468) speed: 20893 wps
Epoch: 2 Valid Perplexity: 161.468
Epoch: 3 Learning rate: 1.000
0.000 perplexity: 312.829 speed: 8972 wps
0.100 perplexity: 167.199 speed: 10239 wps
0.200 perplexity: 166.153 speed: 9774 wps
0.300 perplexity: 165.785 speed: 9944 wps
0.400 perplexity: 165.403 speed: 9793 wps
0.500 perplexity: 164.828 speed: 9608 wps
0.600 perplexity: 164.661 speed: 8777 wps
0.700 perplexity: 164.363 speed: 8428 wps
0.800 perplexity: 164.031 speed: 8187 wps
0.900 perplexity: 163.653 speed: 8011 wps
1.000 perplexity: 163.237 speed: 7881 wps
Epoch: 3 Train Perplexity: 163.238
with(perplexity: 153.040) speed: 14495 wps
Epoch: 3 Valid Perplexity: 153.040
with(perplexity: 167.723) speed: 406 wps
Test Perplexity: 167.723
Saving model to /esat/spchtemp/scratch/robbe/SpeechHub/untied_models_smaller/output/cbow_exp_lstm_0/cbow_exp_lstm_0.
hihi
