I tensorflow/stream_executor/dso_loader.cc:128] successfully opened CUDA library libcublas.so locally
I tensorflow/stream_executor/dso_loader.cc:128] successfully opened CUDA library libcudnn.so locally
I tensorflow/stream_executor/dso_loader.cc:128] successfully opened CUDA library libcufft.so locally
I tensorflow/stream_executor/dso_loader.cc:128] successfully opened CUDA library libcuda.so.1 locally
I tensorflow/stream_executor/dso_loader.cc:128] successfully opened CUDA library libcurand.so locally
/users/start2014/r0385169/.local/lib/python2.7/site-packages/gensim/utils.py:1015: UserWarning: Pattern library is not installed, lemmatization won't be available.
  warnings.warn("Pattern library is not installed, lemmatization won't be available.")
/users/start2014/r0385169/.local/lib/python2.7/site-packages/tensorflow/python/ops/gradients_impl.py:91: UserWarning: Converting sparse IndexedSlices to a dense Tensor of unknown shape. This may consume a large amount of memory.
  "Converting sparse IndexedSlices to a dense Tensor of unknown shape. "
I tensorflow/core/common_runtime/gpu/gpu_device.cc:885] Found device 0 with properties: 
name: Tesla K80
major: 3 minor: 7 memoryClockRate (GHz) 0.8235
pciBusID 0000:06:00.0
Total memory: 11.17GiB
Free memory: 11.11GiB
I tensorflow/core/common_runtime/gpu/gpu_device.cc:906] DMA: 0 
I tensorflow/core/common_runtime/gpu/gpu_device.cc:916] 0:   Y 
I tensorflow/core/common_runtime/gpu/gpu_device.cc:975] Creating TensorFlow device (/gpu:0) -> (device: 0, name: Tesla K80, pci bus id: 0000:06:00.0)
I tensorflow/core/common_runtime/gpu/pool_allocator.cc:247] PoolAllocator: After 7533 get requests, put_count=7465 evicted_count=1000 eviction_rate=0.133958 and unsatisfied allocation rate=0.155051
I tensorflow/core/common_runtime/gpu/pool_allocator.cc:259] Raising pool_size_limit_ from 100 to 110
I tensorflow/core/common_runtime/gpu/pool_allocator.cc:247] PoolAllocator: After 11147 get requests, put_count=11036 evicted_count=1000 eviction_rate=0.0906125 and unsatisfied allocation rate=0.101731
I tensorflow/core/common_runtime/gpu/pool_allocator.cc:259] Raising pool_size_limit_ from 256 to 281
I tensorflow/core/common_runtime/gpu/pool_allocator.cc:247] PoolAllocator: After 2008390 get requests, put_count=2008410 evicted_count=1000 eviction_rate=0.000497906 and unsatisfied allocation rate=0.00051733
I tensorflow/core/common_runtime/gpu/pool_allocator.cc:247] PoolAllocator: After 21690612 get requests, put_count=21690631 evicted_count=11000 eviction_rate=0.000507131 and unsatisfied allocation rate=0.000508976
I tensorflow/core/common_runtime/gpu/pool_allocator.cc:247] PoolAllocator: After 41185134 get requests, put_count=41185153 evicted_count=21000 eviction_rate=0.000509892 and unsatisfied allocation rate=0.000510864
I tensorflow/core/common_runtime/gpu/pool_allocator.cc:247] PoolAllocator: After 60833570 get requests, put_count=60833590 evicted_count=31000 eviction_rate=0.000509587 and unsatisfied allocation rate=0.000510228
I tensorflow/core/common_runtime/gpu/pool_allocator.cc:247] PoolAllocator: After 80444466 get requests, put_count=80444486 evicted_count=41000 eviction_rate=0.000509668 and unsatisfied allocation rate=0.000510153
I tensorflow/core/common_runtime/gpu/pool_allocator.cc:247] PoolAllocator: After 100070378 get requests, put_count=100070398 evicted_count=51000 eviction_rate=0.000509641 and unsatisfied allocation rate=0.000510031
I tensorflow/core/common_runtime/gpu/pool_allocator.cc:247] PoolAllocator: After 119726322 get requests, put_count=119726341 evicted_count=61000 eviction_rate=0.000509495 and unsatisfied allocation rate=0.000509829
I tensorflow/core/common_runtime/gpu/pool_allocator.cc:247] PoolAllocator: After 139386020 get requests, put_count=139386039 evicted_count=71000 eviction_rate=0.000509377 and unsatisfied allocation rate=0.000509664
I tensorflow/core/common_runtime/gpu/pool_allocator.cc:247] PoolAllocator: After 158966884 get requests, put_count=158966903 evicted_count=81000 eviction_rate=0.00050954 and unsatisfied allocation rate=0.000509792
I tensorflow/core/common_runtime/gpu/pool_allocator.cc:247] PoolAllocator: After 178562764 get requests, put_count=178562783 evicted_count=91000 eviction_rate=0.000509625 and unsatisfied allocation rate=0.000509849
I tensorflow/core/common_runtime/gpu/pool_allocator.cc:247] PoolAllocator: After 198151136 get requests, put_count=198151155 evicted_count=101000 eviction_rate=0.000509712 and unsatisfied allocation rate=0.000509914
I tensorflow/core/common_runtime/gpu/pool_allocator.cc:247] PoolAllocator: After 217705722 get requests, put_count=217705741 evicted_count=111000 eviction_rate=0.000509863 and unsatisfied allocation rate=0.000510046
I tensorflow/core/common_runtime/gpu/pool_allocator.cc:247] PoolAllocator: After 237406714 get requests, put_count=237406733 evicted_count=121000 eviction_rate=0.000509674 and unsatisfied allocation rate=0.000509842
I tensorflow/core/common_runtime/gpu/pool_allocator.cc:247] PoolAllocator: After 257118968 get requests, put_count=257118988 evicted_count=131000 eviction_rate=0.000509492 and unsatisfied allocation rate=0.000509643
I tensorflow/core/common_runtime/gpu/pool_allocator.cc:247] PoolAllocator: After 276771158 get requests, put_count=276771177 evicted_count=141000 eviction_rate=0.000509446 and unsatisfied allocation rate=0.000509591
I tensorflow/core/common_runtime/gpu/pool_allocator.cc:247] PoolAllocator: After 296367038 get requests, put_count=296367057 evicted_count=151000 eviction_rate=0.000509503 and unsatisfied allocation rate=0.000509638
I tensorflow/core/common_runtime/gpu/pool_allocator.cc:247] PoolAllocator: After 316007966 get requests, put_count=316007986 evicted_count=161000 eviction_rate=0.000509481 and unsatisfied allocation rate=0.000509604
I tensorflow/core/common_runtime/gpu/pool_allocator.cc:247] PoolAllocator: After 335667664 get requests, put_count=335667683 evicted_count=171000 eviction_rate=0.000509432 and unsatisfied allocation rate=0.000509552
I tensorflow/core/common_runtime/gpu/pool_allocator.cc:247] PoolAllocator: After 355383672 get requests, put_count=355383691 evicted_count=181000 eviction_rate=0.000509309 and unsatisfied allocation rate=0.000509421
I tensorflow/core/common_runtime/gpu/pool_allocator.cc:247] PoolAllocator: After 375050878 get requests, put_count=375050898 evicted_count=191000 eviction_rate=0.000509264 and unsatisfied allocation rate=0.000509368
I tensorflow/core/common_runtime/gpu/pool_allocator.cc:247] PoolAllocator: After 394635496 get requests, put_count=394635515 evicted_count=201000 eviction_rate=0.000509331 and unsatisfied allocation rate=0.000509432
I tensorflow/core/common_runtime/gpu/pool_allocator.cc:247] PoolAllocator: After 414242638 get requests, put_count=414242657 evicted_count=211000 eviction_rate=0.000509363 and unsatisfied allocation rate=0.00050946
I tensorflow/core/common_runtime/gpu/pool_allocator.cc:247] PoolAllocator: After 433785962 get requests, put_count=433785982 evicted_count=221000 eviction_rate=0.000509468 and unsatisfied allocation rate=0.000509558
I tensorflow/core/common_runtime/gpu/pool_allocator.cc:247] PoolAllocator: After 453430644 get requests, put_count=453430663 evicted_count=231000 eviction_rate=0.000509449 and unsatisfied allocation rate=0.000509538
I tensorflow/core/common_runtime/gpu/pool_allocator.cc:247] PoolAllocator: After 472977722 get requests, put_count=472977742 evicted_count=241000 eviction_rate=0.000509538 and unsatisfied allocation rate=0.00050962
I tensorflow/core/common_runtime/gpu/pool_allocator.cc:247] PoolAllocator: After 492569848 get requests, put_count=492569867 evicted_count=251000 eviction_rate=0.000509572 and unsatisfied allocation rate=0.000509654
I tensorflow/core/common_runtime/gpu/pool_allocator.cc:247] PoolAllocator: After 512285856 get requests, put_count=512285876 evicted_count=261000 eviction_rate=0.000509481 and unsatisfied allocation rate=0.000509557
I tensorflow/core/common_runtime/gpu/pool_allocator.cc:247] PoolAllocator: After 531859212 get requests, put_count=531859232 evicted_count=271000 eviction_rate=0.000509533 and unsatisfied allocation rate=0.000509607
I tensorflow/core/common_runtime/gpu/pool_allocator.cc:247] PoolAllocator: After 551421306 get requests, put_count=551421325 evicted_count=281000 eviction_rate=0.000509592 and unsatisfied allocation rate=0.000509665
I tensorflow/core/common_runtime/gpu/pool_allocator.cc:247] PoolAllocator: After 571111036 get requests, put_count=571111055 evicted_count=291000 eviction_rate=0.000509533 and unsatisfied allocation rate=0.000509603
I tensorflow/core/common_runtime/gpu/pool_allocator.cc:247] PoolAllocator: After 590268782 get requests, put_count=590268802 evicted_count=301000 eviction_rate=0.000509937 and unsatisfied allocation rate=0.000510003
I tensorflow/core/common_runtime/gpu/pool_allocator.cc:247] PoolAllocator: After 609883432 get requests, put_count=609883452 evicted_count=311000 eviction_rate=0.000509933 and unsatisfied allocation rate=0.000509997
I tensorflow/core/common_runtime/gpu/pool_allocator.cc:247] PoolAllocator: After 629535622 get requests, put_count=629535642 evicted_count=321000 eviction_rate=0.0005099 and unsatisfied allocation rate=0.000509962
I tensorflow/core/common_runtime/gpu/pool_allocator.cc:247] PoolAllocator: After 649202828 get requests, put_count=649202848 evicted_count=331000 eviction_rate=0.000509856 and unsatisfied allocation rate=0.000509916
I tensorflow/core/common_runtime/gpu/pool_allocator.cc:247] PoolAllocator: After 668851264 get requests, put_count=668851284 evicted_count=341000 eviction_rate=0.000509829 and unsatisfied allocation rate=0.000509888
I tensorflow/core/common_runtime/gpu/pool_allocator.cc:247] PoolAllocator: After 688544748 get requests, put_count=688544767 evicted_count=351000 eviction_rate=0.000509771 and unsatisfied allocation rate=0.000509829
I tensorflow/core/common_runtime/gpu/pool_allocator.cc:247] PoolAllocator: After 708133120 get requests, put_count=708133140 evicted_count=361000 eviction_rate=0.000509791 and unsatisfied allocation rate=0.000509846
I tensorflow/core/common_runtime/gpu/pool_allocator.cc:247] PoolAllocator: After 727751524 get requests, put_count=727751544 evicted_count=371000 eviction_rate=0.000509789 and unsatisfied allocation rate=0.000509843
I tensorflow/core/common_runtime/gpu/pool_allocator.cc:247] PoolAllocator: After 747351158 get requests, put_count=747351178 evicted_count=381000 eviction_rate=0.0005098 and unsatisfied allocation rate=0.000509853
I tensorflow/core/common_runtime/gpu/pool_allocator.cc:247] PoolAllocator: After 766992086 get requests, put_count=766992105 evicted_count=391000 eviction_rate=0.000509784 and unsatisfied allocation rate=0.000509836
I tensorflow/core/common_runtime/gpu/pool_allocator.cc:247] PoolAllocator: After 786524148 get requests, put_count=786524168 evicted_count=401000 eviction_rate=0.000509838 and unsatisfied allocation rate=0.000509888
I tensorflow/core/common_runtime/gpu/pool_allocator.cc:247] PoolAllocator: After 806176338 get requests, put_count=806176358 evicted_count=411000 eviction_rate=0.000509814 and unsatisfied allocation rate=0.000509862
I tensorflow/core/common_runtime/gpu/pool_allocator.cc:247] PoolAllocator: After 825888592 get requests, put_count=825888612 evicted_count=421000 eviction_rate=0.000509754 and unsatisfied allocation rate=0.000509801
I tensorflow/core/common_runtime/gpu/pool_allocator.cc:247] PoolAllocator: After 845574568 get requests, put_count=845574588 evicted_count=431000 eviction_rate=0.000509713 and unsatisfied allocation rate=0.000509759
I tensorflow/core/common_runtime/gpu/pool_allocator.cc:247] PoolAllocator: After 865185464 get requests, put_count=865185483 evicted_count=441000 eviction_rate=0.000509717 and unsatisfied allocation rate=0.000509764
I tensorflow/core/common_runtime/gpu/pool_allocator.cc:247] PoolAllocator: After 884852670 get requests, put_count=884852689 evicted_count=451000 eviction_rate=0.000509689 and unsatisfied allocation rate=0.000509735
I tensorflow/core/common_runtime/gpu/pool_allocator.cc:247] PoolAllocator: After 904493598 get requests, put_count=904493617 evicted_count=461000 eviction_rate=0.000509677 and unsatisfied allocation rate=0.000509722
I tensorflow/core/common_runtime/gpu/pool_allocator.cc:247] PoolAllocator: After 924209606 get requests, put_count=924209626 evicted_count=471000 eviction_rate=0.000509625 and unsatisfied allocation rate=0.000509667
I tensorflow/core/common_runtime/gpu/pool_allocator.cc:247] PoolAllocator: After 943888074 get requests, put_count=943888094 evicted_count=481000 eviction_rate=0.000509594 and unsatisfied allocation rate=0.000509636
I tensorflow/core/common_runtime/gpu/pool_allocator.cc:247] PoolAllocator: After 963480200 get requests, put_count=963480220 evicted_count=491000 eviction_rate=0.000509611 and unsatisfied allocation rate=0.000509651
I tensorflow/core/common_runtime/gpu/pool_allocator.cc:247] PoolAllocator: After 983023524 get requests, put_count=983023544 evicted_count=501000 eviction_rate=0.000509652 and unsatisfied allocation rate=0.000509692
I tensorflow/core/common_runtime/gpu/pool_allocator.cc:247] PoolAllocator: After 1002608142 get requests, put_count=1002608162 evicted_count=511000 eviction_rate=0.000509671 and unsatisfied allocation rate=0.00050971
I tensorflow/core/common_runtime/gpu/pool_allocator.cc:247] PoolAllocator: After 1022222792 get requests, put_count=1022222812 evicted_count=521000 eviction_rate=0.000509674 and unsatisfied allocation rate=0.000509712
I tensorflow/core/common_runtime/gpu/pool_allocator.cc:247] PoolAllocator: After 1041829934 get requests, put_count=1041829953 evicted_count=531000 eviction_rate=0.00050968 and unsatisfied allocation rate=0.000509719
I tensorflow/core/common_runtime/gpu/pool_allocator.cc:247] PoolAllocator: After 1061369504 get requests, put_count=1061369524 evicted_count=541000 eviction_rate=0.000509719 and unsatisfied allocation rate=0.000509756
I tensorflow/core/common_runtime/gpu/pool_allocator.cc:247] PoolAllocator: After 1080957876 get requests, put_count=1080957895 evicted_count=551000 eviction_rate=0.000509733 and unsatisfied allocation rate=0.00050977
I tensorflow/core/common_runtime/gpu/pool_allocator.cc:247] PoolAllocator: After 1100670130 get requests, put_count=1100670149 evicted_count=561000 eviction_rate=0.000509689 and unsatisfied allocation rate=0.000509726
I tensorflow/core/common_runtime/gpu/pool_allocator.cc:247] PoolAllocator: After 1120247240 get requests, put_count=1120247259 evicted_count=571000 eviction_rate=0.000509709 and unsatisfied allocation rate=0.000509745
I tensorflow/core/common_runtime/gpu/pool_allocator.cc:247] PoolAllocator: After 1139921954 get requests, put_count=1139921973 evicted_count=581000 eviction_rate=0.000509684 and unsatisfied allocation rate=0.000509719
I tensorflow/core/common_runtime/gpu/pool_allocator.cc:247] PoolAllocator: After 1159075946 get requests, put_count=1159075966 evicted_count=591000 eviction_rate=0.000509889 and unsatisfied allocation rate=0.000509923
I tensorflow/core/common_runtime/gpu/pool_allocator.cc:247] PoolAllocator: After 1178765676 get requests, put_count=1178765696 evicted_count=601000 eviction_rate=0.000509855 and unsatisfied allocation rate=0.000509888
I tensorflow/core/common_runtime/gpu/pool_allocator.cc:247] PoolAllocator: After 1198331524 get requests, put_count=1198331544 evicted_count=611000 eviction_rate=0.000509876 and unsatisfied allocation rate=0.000509908
I tensorflow/core/common_runtime/gpu/pool_allocator.cc:247] PoolAllocator: After 1217983714 get requests, put_count=1217983734 evicted_count=621000 eviction_rate=0.000509859 and unsatisfied allocation rate=0.000509891
I tensorflow/core/common_runtime/gpu/pool_allocator.cc:247] PoolAllocator: After 1237647166 get requests, put_count=1237647185 evicted_count=631000 eviction_rate=0.000509838 and unsatisfied allocation rate=0.000509871
I tensorflow/core/common_runtime/gpu/pool_allocator.cc:247] PoolAllocator: After 1257273078 get requests, put_count=1257273097 evicted_count=641000 eviction_rate=0.000509834 and unsatisfied allocation rate=0.000509865
I tensorflow/core/common_runtime/gpu/pool_allocator.cc:247] PoolAllocator: After 1276898990 get requests, put_count=1276899010 evicted_count=651000 eviction_rate=0.000509829 and unsatisfied allocation rate=0.000509859
I tensorflow/core/common_runtime/gpu/pool_allocator.cc:247] PoolAllocator: After 1296569950 get requests, put_count=1296569969 evicted_count=661000 eviction_rate=0.000509807 and unsatisfied allocation rate=0.000509838
I tensorflow/core/common_runtime/gpu/pool_allocator.cc:247] PoolAllocator: After 1315054646 get requests, put_count=1315054663 evicted_count=671000 eviction_rate=0.000510245 and unsatisfied allocation rate=0.000510277
I tensorflow/core/common_runtime/gpu/pool_allocator.cc:247] PoolAllocator: After 1322562646 get requests, put_count=1322562663 evicted_count=681000 eviction_rate=0.000514909 and unsatisfied allocation rate=0.000514941
I tensorflow/core/common_runtime/gpu/pool_allocator.cc:247] PoolAllocator: After 1330070646 get requests, put_count=1330070663 evicted_count=691000 eviction_rate=0.000519521 and unsatisfied allocation rate=0.000519553
I tensorflow/core/common_runtime/gpu/pool_allocator.cc:247] PoolAllocator: After 1337578646 get requests, put_count=1337578663 evicted_count=701000 eviction_rate=0.000524081 and unsatisfied allocation rate=0.000524113
I tensorflow/core/common_runtime/gpu/pool_allocator.cc:247] PoolAllocator: After 1345086646 get requests, put_count=1345086663 evicted_count=711000 eviction_rate=0.00052859 and unsatisfied allocation rate=0.000528622
I tensorflow/core/common_runtime/gpu/pool_allocator.cc:247] PoolAllocator: After 1352594646 get requests, put_count=1352594663 evicted_count=721000 eviction_rate=0.00053305 and unsatisfied allocation rate=0.000533081
I tensorflow/core/common_runtime/gpu/pool_allocator.cc:247] PoolAllocator: After 1360102646 get requests, put_count=1360102663 evicted_count=731000 eviction_rate=0.000537459 and unsatisfied allocation rate=0.00053749
I tensorflow/core/common_runtime/gpu/pool_allocator.cc:247] PoolAllocator: After 1367606892 get requests, put_count=1367606911 evicted_count=741000 eviction_rate=0.000541822 and unsatisfied allocation rate=0.000541852
I tensorflow/core/common_runtime/gpu/pool_allocator.cc:247] PoolAllocator: After 1375114892 get requests, put_count=1375114911 evicted_count=751000 eviction_rate=0.000546136 and unsatisfied allocation rate=0.000546165
I tensorflow/core/common_runtime/gpu/pool_allocator.cc:247] PoolAllocator: After 1382622892 get requests, put_count=1382622911 evicted_count=761000 eviction_rate=0.000550403 and unsatisfied allocation rate=0.000550432
I tensorflow/core/common_runtime/gpu/pool_allocator.cc:247] PoolAllocator: After 1390130892 get requests, put_count=1390130911 evicted_count=771000 eviction_rate=0.000554624 and unsatisfied allocation rate=0.000554653
I tensorflow/core/common_runtime/gpu/pool_allocator.cc:247] PoolAllocator: After 1397638892 get requests, put_count=1397638911 evicted_count=781000 eviction_rate=0.0005588 and unsatisfied allocation rate=0.000558828
I tensorflow/core/common_runtime/gpu/pool_allocator.cc:247] PoolAllocator: After 1405146892 get requests, put_count=1405146911 evicted_count=791000 eviction_rate=0.00056293 and unsatisfied allocation rate=0.000562959
I tensorflow/core/common_runtime/gpu/pool_allocator.cc:247] PoolAllocator: After 1412654892 get requests, put_count=1412654911 evicted_count=801000 eviction_rate=0.000567017 and unsatisfied allocation rate=0.000567046
I tensorflow/core/common_runtime/gpu/pool_allocator.cc:247] PoolAllocator: After 1420162892 get requests, put_count=1420162911 evicted_count=811000 eviction_rate=0.000571061 and unsatisfied allocation rate=0.000571089
I tensorflow/core/common_runtime/gpu/pool_allocator.cc:247] PoolAllocator: After 1427670892 get requests, put_count=1427670910 evicted_count=821000 eviction_rate=0.000575062 and unsatisfied allocation rate=0.000575091
I tensorflow/core/common_runtime/gpu/pool_allocator.cc:247] PoolAllocator: After 1435178892 get requests, put_count=1435178910 evicted_count=831000 eviction_rate=0.000579022 and unsatisfied allocation rate=0.00057905
I tensorflow/core/common_runtime/gpu/pool_allocator.cc:247] PoolAllocator: After 1442686892 get requests, put_count=1442686910 evicted_count=841000 eviction_rate=0.00058294 and unsatisfied allocation rate=0.000582968
I tensorflow/core/common_runtime/gpu/pool_allocator.cc:247] PoolAllocator: After 1450194892 get requests, put_count=1450194910 evicted_count=851000 eviction_rate=0.000586818 and unsatisfied allocation rate=0.000586846
I tensorflow/core/common_runtime/gpu/pool_allocator.cc:247] PoolAllocator: After 1457702892 get requests, put_count=1457702910 evicted_count=861000 eviction_rate=0.000590655 and unsatisfied allocation rate=0.000590683
I tensorflow/core/common_runtime/gpu/pool_allocator.cc:247] PoolAllocator: After 1465210892 get requests, put_count=1465210910 evicted_count=871000 eviction_rate=0.000594454 and unsatisfied allocation rate=0.000594482
I tensorflow/core/common_runtime/gpu/pool_allocator.cc:247] PoolAllocator: After 1472718892 get requests, put_count=1472718910 evicted_count=881000 eviction_rate=0.000598213 and unsatisfied allocation rate=0.000598241
I tensorflow/core/common_runtime/gpu/pool_allocator.cc:247] PoolAllocator: After 1480226892 get requests, put_count=1480226910 evicted_count=891000 eviction_rate=0.000601935 and unsatisfied allocation rate=0.000601962
I tensorflow/core/common_runtime/gpu/pool_allocator.cc:247] PoolAllocator: After 1487734892 get requests, put_count=1487734910 evicted_count=901000 eviction_rate=0.000605619 and unsatisfied allocation rate=0.000605646
I tensorflow/core/common_runtime/gpu/pool_allocator.cc:247] PoolAllocator: After 1495242892 get requests, put_count=1495242910 evicted_count=911000 eviction_rate=0.000609266 and unsatisfied allocation rate=0.000609293
I tensorflow/core/common_runtime/gpu/pool_allocator.cc:247] PoolAllocator: After 1502750892 get requests, put_count=1502750910 evicted_count=921000 eviction_rate=0.000612876 and unsatisfied allocation rate=0.000612903
I tensorflow/core/common_runtime/gpu/pool_allocator.cc:247] PoolAllocator: After 1510258892 get requests, put_count=1510258910 evicted_count=931000 eviction_rate=0.000616451 and unsatisfied allocation rate=0.000616478
I tensorflow/core/common_runtime/gpu/pool_allocator.cc:247] PoolAllocator: After 1517766892 get requests, put_count=1517766910 evicted_count=941000 eviction_rate=0.00061999 and unsatisfied allocation rate=0.000620017
I tensorflow/core/common_runtime/gpu/pool_allocator.cc:247] PoolAllocator: After 1525274892 get requests, put_count=1525274910 evicted_count=951000 eviction_rate=0.000623494 and unsatisfied allocation rate=0.000623521
I tensorflow/core/common_runtime/gpu/pool_allocator.cc:247] PoolAllocator: After 1532782892 get requests, put_count=1532782910 evicted_count=961000 eviction_rate=0.000626964 and unsatisfied allocation rate=0.000626991
I tensorflow/core/common_runtime/gpu/pool_allocator.cc:247] PoolAllocator: After 1540290892 get requests, put_count=1540290910 evicted_count=971000 eviction_rate=0.0006304 and unsatisfied allocation rate=0.000630427
I tensorflow/core/common_runtime/gpu/pool_allocator.cc:247] PoolAllocator: After 1547798892 get requests, put_count=1547798910 evicted_count=981000 eviction_rate=0.000633803 and unsatisfied allocation rate=0.00063383
I tensorflow/core/common_runtime/gpu/pool_allocator.cc:247] PoolAllocator: After 1555306892 get requests, put_count=1555306910 evicted_count=991000 eviction_rate=0.000637173 and unsatisfied allocation rate=0.0006372
I tensorflow/core/common_runtime/gpu/pool_allocator.cc:247] PoolAllocator: After 1562814892 get requests, put_count=1562814910 evicted_count=1001000 eviction_rate=0.000640511 and unsatisfied allocation rate=0.000640537
I tensorflow/core/common_runtime/gpu/pool_allocator.cc:247] PoolAllocator: After 1570322892 get requests, put_count=1570322910 evicted_count=1011000 eviction_rate=0.000643817 and unsatisfied allocation rate=0.000643843
I tensorflow/core/common_runtime/gpu/pool_allocator.cc:247] PoolAllocator: After 1577830892 get requests, put_count=1577830910 evicted_count=1021000 eviction_rate=0.000647091 and unsatisfied allocation rate=0.000647117
I tensorflow/core/common_runtime/gpu/pool_allocator.cc:247] PoolAllocator: After 1585338892 get requests, put_count=1585338910 evicted_count=1031000 eviction_rate=0.000650334 and unsatisfied allocation rate=0.00065036
I tensorflow/core/common_runtime/gpu/pool_allocator.cc:247] PoolAllocator: After 1592846892 get requests, put_count=1592846910 evicted_count=1041000 eviction_rate=0.000653547 and unsatisfied allocation rate=0.000653573
I tensorflow/core/common_runtime/gpu/pool_allocator.cc:247] PoolAllocator: After 1600354892 get requests, put_count=1600354910 evicted_count=1051000 eviction_rate=0.000656729 and unsatisfied allocation rate=0.000656755
I tensorflow/core/common_runtime/gpu/pool_allocator.cc:247] PoolAllocator: After 1607862892 get requests, put_count=1607862910 evicted_count=1061000 eviction_rate=0.000659882 and unsatisfied allocation rate=0.000659908
I tensorflow/core/common_runtime/gpu/pool_allocator.cc:247] PoolAllocator: After 1615370892 get requests, put_count=1615370910 evicted_count=1071000 eviction_rate=0.000663006 and unsatisfied allocation rate=0.000663031
I tensorflow/core/common_runtime/gpu/pool_allocator.cc:247] PoolAllocator: After 1622878892 get requests, put_count=1622878910 evicted_count=1081000 eviction_rate=0.0006661 and unsatisfied allocation rate=0.000666125
I tensorflow/core/common_runtime/gpu/pool_allocator.cc:247] PoolAllocator: After 1630386892 get requests, put_count=1630386910 evicted_count=1091000 eviction_rate=0.000669166 and unsatisfied allocation rate=0.000669191
I tensorflow/core/common_runtime/gpu/pool_allocator.cc:247] PoolAllocator: After 1637894892 get requests, put_count=1637894910 evicted_count=1101000 eviction_rate=0.000672204 and unsatisfied allocation rate=0.000672229
I tensorflow/core/common_runtime/gpu/pool_allocator.cc:247] PoolAllocator: After 1645402892 get requests, put_count=1645402910 evicted_count=1111000 eviction_rate=0.000675215 and unsatisfied allocation rate=0.000675239
I tensorflow/core/common_runtime/gpu/pool_allocator.cc:247] PoolAllocator: After 1652910892 get requests, put_count=1652910910 evicted_count=1121000 eviction_rate=0.000678197 and unsatisfied allocation rate=0.000678222
I tensorflow/core/common_runtime/gpu/pool_allocator.cc:247] PoolAllocator: After 1660418892 get requests, put_count=1660418910 evicted_count=1131000 eviction_rate=0.000681153 and unsatisfied allocation rate=0.000681178
I tensorflow/core/common_runtime/gpu/pool_allocator.cc:247] PoolAllocator: After 1667926892 get requests, put_count=1667926910 evicted_count=1141000 eviction_rate=0.000684083 and unsatisfied allocation rate=0.000684107
I tensorflow/core/common_runtime/gpu/pool_allocator.cc:247] PoolAllocator: After 1675434892 get requests, put_count=1675434910 evicted_count=1151000 eviction_rate=0.000686986 and unsatisfied allocation rate=0.00068701
I tensorflow/core/common_runtime/gpu/pool_allocator.cc:247] PoolAllocator: After 1682942892 get requests, put_count=1682942910 evicted_count=1161000 eviction_rate=0.000689863 and unsatisfied allocation rate=0.000689887
I tensorflow/core/common_runtime/gpu/pool_allocator.cc:247] PoolAllocator: After 1690450892 get requests, put_count=1690450910 evicted_count=1171000 eviction_rate=0.000692715 and unsatisfied allocation rate=0.000692739
I tensorflow/core/common_runtime/gpu/pool_allocator.cc:247] PoolAllocator: After 1697958892 get requests, put_count=1697958910 evicted_count=1181000 eviction_rate=0.000695541 and unsatisfied allocation rate=0.000695565
I tensorflow/core/common_runtime/gpu/pool_allocator.cc:247] PoolAllocator: After 1705466892 get requests, put_count=1705466910 evicted_count=1191000 eviction_rate=0.000698342 and unsatisfied allocation rate=0.000698367
I tensorflow/core/common_runtime/gpu/pool_allocator.cc:247] PoolAllocator: After 1712974892 get requests, put_count=1712974910 evicted_count=1201000 eviction_rate=0.000701119 and unsatisfied allocation rate=0.000701143
I tensorflow/core/common_runtime/gpu/pool_allocator.cc:247] PoolAllocator: After 1720482892 get requests, put_count=1720482910 evicted_count=1211000 eviction_rate=0.000703872 and unsatisfied allocation rate=0.000703896
I tensorflow/core/common_runtime/gpu/pool_allocator.cc:247] PoolAllocator: After 1727990892 get requests, put_count=1727990910 evicted_count=1221000 eviction_rate=0.000706601 and unsatisfied allocation rate=0.000706625
