I tensorflow/stream_executor/dso_loader.cc:128] successfully opened CUDA library libcublas.so locally
I tensorflow/stream_executor/dso_loader.cc:128] successfully opened CUDA library libcudnn.so locally
I tensorflow/stream_executor/dso_loader.cc:128] successfully opened CUDA library libcufft.so locally
I tensorflow/stream_executor/dso_loader.cc:128] successfully opened CUDA library libcuda.so.1 locally
I tensorflow/stream_executor/dso_loader.cc:128] successfully opened CUDA library libcurand.so locally
/users/start2014/r0385169/.local/lib/python2.7/site-packages/gensim/utils.py:1015: UserWarning: Pattern library is not installed, lemmatization won't be available.
  warnings.warn("Pattern library is not installed, lemmatization won't be available.")
I tensorflow/stream_executor/cuda/cuda_gpu_executor.cc:937] successful NUMA node read from SysFS had negative value (-1), but there must be at least one NUMA node, so returning NUMA node zero
I tensorflow/core/common_runtime/gpu/gpu_device.cc:885] Found device 0 with properties: 
name: GeForce GTX TITAN X
major: 5 minor: 2 memoryClockRate (GHz) 1.076
pciBusID 0000:01:00.0
Total memory: 11.92GiB
Free memory: 11.77GiB
I tensorflow/core/common_runtime/gpu/gpu_device.cc:906] DMA: 0 
I tensorflow/core/common_runtime/gpu/gpu_device.cc:916] 0:   Y 
I tensorflow/core/common_runtime/gpu/gpu_device.cc:975] Creating TensorFlow device (/gpu:0) -> (device: 0, name: GeForce GTX TITAN X, pci bus id: 0000:01:00.0)
I tensorflow/core/common_runtime/gpu/pool_allocator.cc:247] PoolAllocator: After 10878 get requests, put_count=10782 evicted_count=1000 eviction_rate=0.0927472 and unsatisfied allocation rate=0.109947
I tensorflow/core/common_runtime/gpu/pool_allocator.cc:259] Raising pool_size_limit_ from 100 to 110
I tensorflow/core/common_runtime/gpu/pool_allocator.cc:247] PoolAllocator: After 3432465 get requests, put_count=3432474 evicted_count=3000 eviction_rate=0.000874005 and unsatisfied allocation rate=0.000876921
I tensorflow/core/common_runtime/gpu/pool_allocator.cc:247] PoolAllocator: After 14836665 get requests, put_count=14836674 evicted_count=13000 eviction_rate=0.000876207 and unsatisfied allocation rate=0.000876882
I tensorflow/core/common_runtime/gpu/pool_allocator.cc:247] PoolAllocator: After 26255805 get requests, put_count=26255814 evicted_count=23000 eviction_rate=0.000875996 and unsatisfied allocation rate=0.000876378
I tensorflow/core/common_runtime/gpu/pool_allocator.cc:247] PoolAllocator: After 37480725 get requests, put_count=37480734 evicted_count=33000 eviction_rate=0.000880452 and unsatisfied allocation rate=0.000880719
I tensorflow/core/common_runtime/gpu/pool_allocator.cc:247] PoolAllocator: After 48855045 get requests, put_count=48855054 evicted_count=43000 eviction_rate=0.000880155 and unsatisfied allocation rate=0.000880359
I tensorflow/core/common_runtime/gpu/pool_allocator.cc:247] PoolAllocator: After 60501003 get requests, put_count=60501012 evicted_count=53000 eviction_rate=0.000876018 and unsatisfied allocation rate=0.000876184
I tensorflow/core/common_runtime/gpu/pool_allocator.cc:247] PoolAllocator: After 72009783 get requests, put_count=72009792 evicted_count=63000 eviction_rate=0.000874881 and unsatisfied allocation rate=0.00087502
I tensorflow/core/common_runtime/gpu/pool_allocator.cc:247] PoolAllocator: After 83667963 get requests, put_count=83667972 evicted_count=73000 eviction_rate=0.000872496 and unsatisfied allocation rate=0.000872616
I tensorflow/core/common_runtime/gpu/pool_allocator.cc:247] PoolAllocator: After 95327388 get requests, put_count=95327396 evicted_count=83000 eviction_rate=0.000870684 and unsatisfied allocation rate=0.000870799
I tensorflow/core/common_runtime/gpu/pool_allocator.cc:247] PoolAllocator: After 107148663 get requests, put_count=107148672 evicted_count=93000 eviction_rate=0.000867953 and unsatisfied allocation rate=0.000868046
I tensorflow/core/common_runtime/gpu/pool_allocator.cc:247] PoolAllocator: After 118821783 get requests, put_count=118821792 evicted_count=103000 eviction_rate=0.000866844 and unsatisfied allocation rate=0.000866929
I tensorflow/core/common_runtime/gpu/pool_allocator.cc:247] PoolAllocator: After 130496376 get requests, put_count=130496385 evicted_count=113000 eviction_rate=0.000865924 and unsatisfied allocation rate=0.000866001
I tensorflow/core/common_runtime/gpu/pool_allocator.cc:247] PoolAllocator: After 142244196 get requests, put_count=142244205 evicted_count=123000 eviction_rate=0.00086471 and unsatisfied allocation rate=0.00086478
I tensorflow/core/common_runtime/gpu/pool_allocator.cc:247] PoolAllocator: After 153797796 get requests, put_count=153797805 evicted_count=133000 eviction_rate=0.000864772 and unsatisfied allocation rate=0.000864837
I tensorflow/core/common_runtime/gpu/pool_allocator.cc:247] PoolAllocator: After 165455976 get requests, put_count=165455985 evicted_count=143000 eviction_rate=0.000864278 and unsatisfied allocation rate=0.000864339
I tensorflow/core/common_runtime/gpu/pool_allocator.cc:247] PoolAllocator: After 177129096 get requests, put_count=177129105 evicted_count=153000 eviction_rate=0.000863777 and unsatisfied allocation rate=0.000863833
