000 (1817.000.000) 04/09 22:46:57 Job submitted from host: <10.33.133.114:9618?addrs=10.33.133.114-9618+[--1]-9618&noUDP&sock=1395_6eb4_4>
    DAG Node: original
...
001 (1817.000.000) 04/11 22:50:40 Job executing on host: <10.33.133.110:9618?addrs=10.33.133.110-9618+[--1]-9618&noUDP&sock=1139_d676_3>
...
006 (1817.000.000) 04/11 22:50:48 Image size of job updated: 99664
	67  -  MemoryUsage of job (MB)
	67952  -  ResidentSetSize of job (KB)
...
010 (1817.000.000) 04/11 22:54:45 Job was suspended.
	Number of processes actually suspended: 12
...
006 (1817.000.000) 04/11 22:54:45 Image size of job updated: 1041988
	653  -  MemoryUsage of job (MB)
	667704  -  ResidentSetSize of job (KB)
...
011 (1817.000.000) 04/11 22:59:46 Job was unsuspended.
...
006 (1817.000.000) 04/11 23:00:48 Image size of job updated: 1051960
	662  -  MemoryUsage of job (MB)
	677676  -  ResidentSetSize of job (KB)
...
006 (1817.000.000) 04/11 23:05:49 Image size of job updated: 1052468
	663  -  MemoryUsage of job (MB)
	678184  -  ResidentSetSize of job (KB)
...
006 (1817.000.000) 04/11 23:10:50 Image size of job updated: 1052732
	663  -  MemoryUsage of job (MB)
	678448  -  ResidentSetSize of job (KB)
...
006 (1817.000.000) 04/11 23:20:50 Image size of job updated: 1053240
	664  -  MemoryUsage of job (MB)
	678956  -  ResidentSetSize of job (KB)
...
006 (1817.000.000) 04/11 23:25:50 Image size of job updated: 1054008
	664  -  MemoryUsage of job (MB)
	679724  -  ResidentSetSize of job (KB)
...
006 (1817.000.000) 04/11 23:45:52 Image size of job updated: 1054012
	664  -  MemoryUsage of job (MB)
	679728  -  ResidentSetSize of job (KB)
...
006 (1817.000.000) 04/11 23:55:54 Image size of job updated: 1054292
	665  -  MemoryUsage of job (MB)
	680008  -  ResidentSetSize of job (KB)
...
006 (1817.000.000) 04/12 00:00:54 Image size of job updated: 1054544
	665  -  MemoryUsage of job (MB)
	680260  -  ResidentSetSize of job (KB)
...
006 (1817.000.000) 04/12 00:10:55 Image size of job updated: 1054816
	665  -  MemoryUsage of job (MB)
	680532  -  ResidentSetSize of job (KB)
...
006 (1817.000.000) 04/12 00:35:58 Image size of job updated: 1062244
	672  -  MemoryUsage of job (MB)
	687960  -  ResidentSetSize of job (KB)
...
006 (1817.000.000) 04/12 00:45:59 Image size of job updated: 1062396
	672  -  MemoryUsage of job (MB)
	687984  -  ResidentSetSize of job (KB)
...
005 (1817.000.000) 04/12 04:23:08 Job terminated.
	(1) Normal termination (return value 0)
		Usr 0 03:52:42, Sys 0 00:01:44  -  Run Remote Usage
		Usr 0 00:00:00, Sys 0 00:00:00  -  Run Local Usage
		Usr 0 03:52:42, Sys 0 00:01:44  -  Total Remote Usage
		Usr 0 00:00:00, Sys 0 00:00:00  -  Total Local Usage
	0  -  Run Bytes Sent By Job
	0  -  Run Bytes Received By Job
	0  -  Total Bytes Sent By Job
	0  -  Total Bytes Received By Job
	Partitionable Resources :    Usage  Request Allocated
	   Cpus                 :                 1         1
	   Disk (KB)            :        7        7    952337
	   Gpus                 :                 1         1
	   Memory (MB)          :      672     4096      4096
...
