000 (096.000.000) 04/09 22:51:07 Job submitted from host: <10.33.133.160:9618?addrs=10.33.133.160-9618+[--1]-9618&noUDP&sock=22148_43a8_4>
    DAG Node: cbow_exp_lstm
...
001 (096.000.000) 04/09 23:02:35 Job executing on host: <10.33.133.236:9618?addrs=10.33.133.236-9618+[--1]-9618&noUDP&sock=1523_3ad4_3>
...
005 (096.000.000) 04/11 23:33:48 Job terminated.
	(1) Normal termination (return value 0)
		Usr 0 10:08:56, Sys 0 00:09:17  -  Run Remote Usage
		Usr 0 00:00:00, Sys 0 00:00:00  -  Run Local Usage
		Usr 0 10:08:56, Sys 0 00:09:17  -  Total Remote Usage
		Usr 0 00:00:00, Sys 0 00:00:00  -  Total Local Usage
	0  -  Run Bytes Sent By Job
	0  -  Run Bytes Received By Job
	0  -  Total Bytes Sent By Job
	0  -  Total Bytes Received By Job
	Partitionable Resources :    Usage  Request Allocated
	   Cpus                 :                 1         1
	   Disk (KB)            :        7        7   3345052
	   Gpus                 :                 1         1
	   Memory (MB)          :     1562     4096      4096
...
000 (103.000.000) 04/11 23:33:58 Job submitted from host: <10.33.133.160:9618?addrs=10.33.133.160-9618+[--1]-9618&noUDP&sock=22148_43a8_4>
    DAG Node: cbow_exp_lstm_test
...
001 (103.000.000) 04/12 02:44:40 Job executing on host: <10.33.133.10:9618?addrs=10.33.133.10-9618+[--1]-9618&noUDP&sock=17248_4597_22>
...
005 (103.000.000) 04/12 02:44:43 Job terminated.
	(1) Normal termination (return value 0)
		Usr 0 00:00:02, Sys 0 00:00:00  -  Run Remote Usage
		Usr 0 00:00:00, Sys 0 00:00:00  -  Run Local Usage
		Usr 0 00:00:02, Sys 0 00:00:00  -  Total Remote Usage
		Usr 0 00:00:00, Sys 0 00:00:00  -  Total Local Usage
	0  -  Run Bytes Sent By Job
	0  -  Run Bytes Received By Job
	0  -  Total Bytes Sent By Job
	0  -  Total Bytes Received By Job
	Partitionable Resources :    Usage  Request Allocated
	   Cpus                 :                 1         1
	   Disk (KB)            :        7        7 192939868
	   Gpus                 :                 1         1
	   Memory (MB)          :        0     4096      4096
...
