I tensorflow/stream_executor/dso_loader.cc:128] successfully opened CUDA library libcublas.so locally
I tensorflow/stream_executor/dso_loader.cc:128] successfully opened CUDA library libcudnn.so locally
I tensorflow/stream_executor/dso_loader.cc:128] successfully opened CUDA library libcufft.so locally
I tensorflow/stream_executor/dso_loader.cc:128] successfully opened CUDA library libcuda.so.1 locally
I tensorflow/stream_executor/dso_loader.cc:128] successfully opened CUDA library libcurand.so locally
/users/start2014/r0385169/.local/lib/python2.7/site-packages/gensim/utils.py:1015: UserWarning: Pattern library is not installed, lemmatization won't be available.
  warnings.warn("Pattern library is not installed, lemmatization won't be available.")
I tensorflow/stream_executor/cuda/cuda_gpu_executor.cc:937] successful NUMA node read from SysFS had negative value (-1), but there must be at least one NUMA node, so returning NUMA node zero
I tensorflow/core/common_runtime/gpu/gpu_device.cc:885] Found device 0 with properties: 
name: GeForce GTX 960
major: 5 minor: 2 memoryClockRate (GHz) 1.253
pciBusID 0000:01:00.0
Total memory: 3.94GiB
Free memory: 3.88GiB
I tensorflow/core/common_runtime/gpu/gpu_device.cc:906] DMA: 0 
I tensorflow/core/common_runtime/gpu/gpu_device.cc:916] 0:   Y 
I tensorflow/core/common_runtime/gpu/gpu_device.cc:975] Creating TensorFlow device (/gpu:0) -> (device: 0, name: GeForce GTX 960, pci bus id: 0000:01:00.0)
I tensorflow/core/common_runtime/gpu/pool_allocator.cc:247] PoolAllocator: After 11357 get requests, put_count=11259 evicted_count=1000 eviction_rate=0.0888178 and unsatisfied allocation rate=0.105486
I tensorflow/core/common_runtime/gpu/pool_allocator.cc:259] Raising pool_size_limit_ from 100 to 110
I tensorflow/core/common_runtime/gpu/pool_allocator.cc:247] PoolAllocator: After 2039158 get requests, put_count=2039162 evicted_count=3000 eviction_rate=0.00147119 and unsatisfied allocation rate=0.00147855
I tensorflow/core/common_runtime/gpu/pool_allocator.cc:247] PoolAllocator: After 8256578 get requests, put_count=8256582 evicted_count=13000 eviction_rate=0.0015745 and unsatisfied allocation rate=0.00157632
I tensorflow/core/common_runtime/gpu/pool_allocator.cc:247] PoolAllocator: After 14564858 get requests, put_count=14564862 evicted_count=23000 eviction_rate=0.00157914 and unsatisfied allocation rate=0.00158017
I tensorflow/core/common_runtime/gpu/pool_allocator.cc:247] PoolAllocator: After 20818622 get requests, put_count=20818626 evicted_count=33000 eviction_rate=0.00158512 and unsatisfied allocation rate=0.00158584
I tensorflow/core/common_runtime/gpu/pool_allocator.cc:247] PoolAllocator: After 26917924 get requests, put_count=26917928 evicted_count=43000 eviction_rate=0.00159745 and unsatisfied allocation rate=0.00159801
I tensorflow/core/common_runtime/gpu/pool_allocator.cc:247] PoolAllocator: After 33153516 get requests, put_count=33153520 evicted_count=53000 eviction_rate=0.00159862 and unsatisfied allocation rate=0.00159908
I tensorflow/core/common_runtime/gpu/pool_allocator.cc:247] PoolAllocator: After 39307334 get requests, put_count=39307338 evicted_count=63000 eviction_rate=0.00160275 and unsatisfied allocation rate=0.00160314
I tensorflow/core/common_runtime/gpu/pool_allocator.cc:247] PoolAllocator: After 45397550 get requests, put_count=45397554 evicted_count=73000 eviction_rate=0.00160802 and unsatisfied allocation rate=0.00160835
I tensorflow/core/common_runtime/gpu/pool_allocator.cc:247] PoolAllocator: After 51587712 get requests, put_count=51587716 evicted_count=83000 eviction_rate=0.00160891 and unsatisfied allocation rate=0.0016092
I tensorflow/core/common_runtime/gpu/pool_allocator.cc:247] PoolAllocator: After 57823304 get requests, put_count=57823308 evicted_count=93000 eviction_rate=0.00160835 and unsatisfied allocation rate=0.00160861
I tensorflow/core/common_runtime/gpu/pool_allocator.cc:247] PoolAllocator: After 64010870 get requests, put_count=64010873 evicted_count=103000 eviction_rate=0.0016091 and unsatisfied allocation rate=0.00160935
I tensorflow/core/common_runtime/gpu/pool_allocator.cc:247] PoolAllocator: After 70110172 get requests, put_count=70110175 evicted_count=113000 eviction_rate=0.00161175 and unsatisfied allocation rate=0.00161198
I tensorflow/core/common_runtime/gpu/pool_allocator.cc:247] PoolAllocator: After 76345764 get requests, put_count=76345767 evicted_count=123000 eviction_rate=0.00161109 and unsatisfied allocation rate=0.0016113
I tensorflow/core/common_runtime/gpu/pool_allocator.cc:247] PoolAllocator: After 82490496 get requests, put_count=82490499 evicted_count=133000 eviction_rate=0.00161231 and unsatisfied allocation rate=0.0016125
I tensorflow/core/common_runtime/gpu/pool_allocator.cc:247] PoolAllocator: After 88726088 get requests, put_count=88726091 evicted_count=143000 eviction_rate=0.0016117 and unsatisfied allocation rate=0.00161188
I tensorflow/core/common_runtime/gpu/pool_allocator.cc:247] PoolAllocator: After 94916250 get requests, put_count=94916253 evicted_count=153000 eviction_rate=0.00161195 and unsatisfied allocation rate=0.00161212
I tensorflow/core/common_runtime/gpu/pool_allocator.cc:247] PoolAllocator: After 101106412 get requests, put_count=101106415 evicted_count=163000 eviction_rate=0.00161216 and unsatisfied allocation rate=0.00161232
I tensorflow/core/common_runtime/gpu/pool_allocator.cc:247] PoolAllocator: After 107305660 get requests, put_count=107305663 evicted_count=173000 eviction_rate=0.00161222 and unsatisfied allocation rate=0.00161237
I tensorflow/core/common_runtime/gpu/pool_allocator.cc:247] PoolAllocator: After 113468564 get requests, put_count=113468567 evicted_count=183000 eviction_rate=0.00161278 and unsatisfied allocation rate=0.00161292
I tensorflow/core/common_runtime/gpu/pool_allocator.cc:247] PoolAllocator: After 119676898 get requests, put_count=119676901 evicted_count=193000 eviction_rate=0.00161268 and unsatisfied allocation rate=0.00161281
I tensorflow/core/common_runtime/gpu/pool_allocator.cc:247] PoolAllocator: After 125921576 get requests, put_count=125921579 evicted_count=203000 eviction_rate=0.00161211 and unsatisfied allocation rate=0.00161224
I tensorflow/core/common_runtime/gpu/pool_allocator.cc:247] PoolAllocator: After 132102652 get requests, put_count=132102655 evicted_count=213000 eviction_rate=0.00161238 and unsatisfied allocation rate=0.0016125
I tensorflow/core/common_runtime/gpu/pool_allocator.cc:247] PoolAllocator: After 138310986 get requests, put_count=138310989 evicted_count=223000 eviction_rate=0.00161231 and unsatisfied allocation rate=0.00161242
I tensorflow/core/common_runtime/gpu/pool_allocator.cc:247] PoolAllocator: After 144501148 get requests, put_count=144501151 evicted_count=233000 eviction_rate=0.00161244 and unsatisfied allocation rate=0.00161255
I tensorflow/core/common_runtime/gpu/pool_allocator.cc:247] PoolAllocator: After 150691310 get requests, put_count=150691313 evicted_count=243000 eviction_rate=0.00161257 and unsatisfied allocation rate=0.00161267
I tensorflow/core/common_runtime/gpu/pool_allocator.cc:247] PoolAllocator: After 156902240 get requests, put_count=156902239 evicted_count=253000 eviction_rate=0.00161247 and unsatisfied allocation rate=0.0016126
I tensorflow/core/common_runtime/gpu/pool_allocator.cc:247] PoolAllocator: After 163071634 get requests, put_count=163071637 evicted_count=263000 eviction_rate=0.00161279 and unsatisfied allocation rate=0.00161289
I tensorflow/core/common_runtime/gpu/pool_allocator.cc:247] PoolAllocator: After 169243624 get requests, put_count=169243627 evicted_count=273000 eviction_rate=0.00161306 and unsatisfied allocation rate=0.00161315
I tensorflow/core/common_runtime/gpu/pool_allocator.cc:247] PoolAllocator: After 175497388 get requests, put_count=175497391 evicted_count=283000 eviction_rate=0.00161256 and unsatisfied allocation rate=0.00161265
I tensorflow/core/common_runtime/gpu/pool_allocator.cc:247] PoolAllocator: After 181751152 get requests, put_count=181751155 evicted_count=293000 eviction_rate=0.00161209 and unsatisfied allocation rate=0.00161218
I tensorflow/core/common_runtime/gpu/pool_allocator.cc:247] PoolAllocator: After 187968572 get requests, put_count=187968575 evicted_count=303000 eviction_rate=0.00161197 and unsatisfied allocation rate=0.00161206
I tensorflow/core/common_runtime/gpu/pool_allocator.cc:247] PoolAllocator: After 194213250 get requests, put_count=194213253 evicted_count=313000 eviction_rate=0.00161163 and unsatisfied allocation rate=0.00161171
I tensorflow/core/common_runtime/gpu/pool_allocator.cc:247] PoolAllocator: After 200421250 get requests, put_count=200421253 evicted_count=323000 eviction_rate=0.00161161 and unsatisfied allocation rate=0.00161169
I tensorflow/core/common_runtime/gpu/pool_allocator.cc:247] PoolAllocator: After 206502380 get requests, put_count=206502383 evicted_count=333000 eviction_rate=0.00161257 and unsatisfied allocation rate=0.00161265
I tensorflow/core/common_runtime/gpu/pool_allocator.cc:247] PoolAllocator: After 212710714 get requests, put_count=212710717 evicted_count=343000 eviction_rate=0.00161252 and unsatisfied allocation rate=0.00161259
I tensorflow/core/common_runtime/gpu/pool_allocator.cc:247] PoolAllocator: After 218900876 get requests, put_count=218900879 evicted_count=353000 eviction_rate=0.0016126 and unsatisfied allocation rate=0.00161268
I tensorflow/core/common_runtime/gpu/pool_allocator.cc:247] PoolAllocator: After 225054694 get requests, put_count=225054697 evicted_count=363000 eviction_rate=0.00161294 and unsatisfied allocation rate=0.00161301
I tensorflow/core/common_runtime/gpu/pool_allocator.cc:247] PoolAllocator: After 231222790 get requests, put_count=231222785 evicted_count=373000 eviction_rate=0.00161316 and unsatisfied allocation rate=0.00161327
I tensorflow/core/common_runtime/gpu/pool_allocator.cc:247] PoolAllocator: After 237398674 get requests, put_count=237398677 evicted_count=383000 eviction_rate=0.00161332 and unsatisfied allocation rate=0.00161339
I tensorflow/core/common_runtime/gpu/pool_allocator.cc:247] PoolAllocator: After 243734212 get requests, put_count=243734215 evicted_count=393000 eviction_rate=0.00161241 and unsatisfied allocation rate=0.00161248
I tensorflow/core/common_runtime/gpu/pool_allocator.cc:247] PoolAllocator: After 249897116 get requests, put_count=249897119 evicted_count=403000 eviction_rate=0.00161266 and unsatisfied allocation rate=0.00161273
I tensorflow/core/common_runtime/gpu/pool_allocator.cc:247] PoolAllocator: After 256087278 get requests, put_count=256087281 evicted_count=413000 eviction_rate=0.00161273 and unsatisfied allocation rate=0.00161279
I tensorflow/core/common_runtime/gpu/pool_allocator.cc:247] PoolAllocator: After 262295612 get requests, put_count=262295615 evicted_count=423000 eviction_rate=0.00161268 and unsatisfied allocation rate=0.00161275
I tensorflow/core/common_runtime/gpu/pool_allocator.cc:247] PoolAllocator: After 268494860 get requests, put_count=268494863 evicted_count=433000 eviction_rate=0.00161269 and unsatisfied allocation rate=0.00161275
I tensorflow/core/common_runtime/gpu/pool_allocator.cc:247] PoolAllocator: After 274694108 get requests, put_count=274694111 evicted_count=443000 eviction_rate=0.0016127 and unsatisfied allocation rate=0.00161276
I tensorflow/core/common_runtime/gpu/pool_allocator.cc:247] PoolAllocator: After 280875184 get requests, put_count=280875187 evicted_count=453000 eviction_rate=0.00161282 and unsatisfied allocation rate=0.00161287
I tensorflow/core/common_runtime/gpu/pool_allocator.cc:247] PoolAllocator: After 287092604 get requests, put_count=287092607 evicted_count=463000 eviction_rate=0.00161272 and unsatisfied allocation rate=0.00161278
I tensorflow/core/common_runtime/gpu/pool_allocator.cc:247] PoolAllocator: After 293358050 get requests, put_count=293358049 evicted_count=473000 eviction_rate=0.00161236 and unsatisfied allocation rate=0.00161243
I tensorflow/core/common_runtime/gpu/pool_allocator.cc:247] PoolAllocator: After 299600132 get requests, put_count=299600135 evicted_count=483000 eviction_rate=0.00161215 and unsatisfied allocation rate=0.0016122
I tensorflow/core/common_runtime/gpu/pool_allocator.cc:247] PoolAllocator: After 305799380 get requests, put_count=305799383 evicted_count=493000 eviction_rate=0.00161217 and unsatisfied allocation rate=0.00161222
I tensorflow/core/common_runtime/gpu/pool_allocator.cc:247] PoolAllocator: After 312007714 get requests, put_count=312007717 evicted_count=503000 eviction_rate=0.00161214 and unsatisfied allocation rate=0.00161219
I tensorflow/core/common_runtime/gpu/pool_allocator.cc:247] PoolAllocator: After 318234220 get requests, put_count=318234223 evicted_count=513000 eviction_rate=0.00161202 and unsatisfied allocation rate=0.00161207
I tensorflow/core/common_runtime/gpu/pool_allocator.cc:247] PoolAllocator: After 324406210 get requests, put_count=324406213 evicted_count=523000 eviction_rate=0.00161218 and unsatisfied allocation rate=0.00161223
I tensorflow/core/common_runtime/gpu/pool_allocator.cc:247] PoolAllocator: After 330623630 get requests, put_count=330623633 evicted_count=533000 eviction_rate=0.0016121 and unsatisfied allocation rate=0.00161215
I tensorflow/core/common_runtime/gpu/pool_allocator.cc:247] PoolAllocator: After 336859222 get requests, put_count=336859225 evicted_count=543000 eviction_rate=0.00161195 and unsatisfied allocation rate=0.001612
I tensorflow/core/common_runtime/gpu/pool_allocator.cc:247] PoolAllocator: After 342994868 get requests, put_count=342994871 evicted_count=553000 eviction_rate=0.00161227 and unsatisfied allocation rate=0.00161232
I tensorflow/core/common_runtime/gpu/pool_allocator.cc:247] PoolAllocator: After 349204500 get requests, put_count=349204501 evicted_count=563000 eviction_rate=0.00161224 and unsatisfied allocation rate=0.00161229
I tensorflow/core/common_runtime/gpu/pool_allocator.cc:247] PoolAllocator: After 355384278 get requests, put_count=355384281 evicted_count=573000 eviction_rate=0.00161234 and unsatisfied allocation rate=0.00161238
I tensorflow/core/common_runtime/gpu/pool_allocator.cc:247] PoolAllocator: After 361583526 get requests, put_count=361583529 evicted_count=583000 eviction_rate=0.00161235 and unsatisfied allocation rate=0.0016124
I tensorflow/core/common_runtime/gpu/pool_allocator.cc:247] PoolAllocator: After 367891806 get requests, put_count=367891809 evicted_count=593000 eviction_rate=0.00161189 and unsatisfied allocation rate=0.00161193
I tensorflow/core/common_runtime/gpu/pool_allocator.cc:247] PoolAllocator: After 374127398 get requests, put_count=374127401 evicted_count=603000 eviction_rate=0.00161175 and unsatisfied allocation rate=0.00161179
I tensorflow/core/common_runtime/gpu/pool_allocator.cc:247] PoolAllocator: After 380347414 get requests, put_count=380347413 evicted_count=613000 eviction_rate=0.00161168 and unsatisfied allocation rate=0.00161174
I tensorflow/core/common_runtime/gpu/pool_allocator.cc:247] PoolAllocator: After 386544066 get requests, put_count=386544069 evicted_count=623000 eviction_rate=0.00161172 and unsatisfied allocation rate=0.00161176
I tensorflow/core/common_runtime/gpu/pool_allocator.cc:247] PoolAllocator: After 392816002 get requests, put_count=392816005 evicted_count=633000 eviction_rate=0.00161144 and unsatisfied allocation rate=0.00161148
I tensorflow/core/common_runtime/gpu/pool_allocator.cc:247] PoolAllocator: After 399069766 get requests, put_count=399069769 evicted_count=643000 eviction_rate=0.00161125 and unsatisfied allocation rate=0.00161129
I tensorflow/core/common_runtime/gpu/pool_allocator.cc:247] PoolAllocator: After 405293342 get requests, put_count=405293345 evicted_count=653000 eviction_rate=0.00161118 and unsatisfied allocation rate=0.00161122
I tensorflow/core/common_runtime/gpu/pool_allocator.cc:247] PoolAllocator: After 411501676 get requests, put_count=411501679 evicted_count=663000 eviction_rate=0.00161117 and unsatisfied allocation rate=0.00161121
I tensorflow/core/common_runtime/gpu/pool_allocator.cc:247] PoolAllocator: After 417719096 get requests, put_count=417719099 evicted_count=673000 eviction_rate=0.00161113 and unsatisfied allocation rate=0.00161117
I tensorflow/core/common_runtime/gpu/pool_allocator.cc:247] PoolAllocator: After 423882000 get requests, put_count=423882003 evicted_count=683000 eviction_rate=0.0016113 and unsatisfied allocation rate=0.00161134
I tensorflow/core/common_runtime/gpu/pool_allocator.cc:247] PoolAllocator: After 430172108 get requests, put_count=430172111 evicted_count=693000 eviction_rate=0.00161098 and unsatisfied allocation rate=0.00161102
I tensorflow/core/common_runtime/gpu/pool_allocator.cc:247] PoolAllocator: After 436353184 get requests, put_count=436353187 evicted_count=703000 eviction_rate=0.00161108 and unsatisfied allocation rate=0.00161112
I tensorflow/core/common_runtime/gpu/pool_allocator.cc:247] PoolAllocator: After 442553730 get requests, put_count=442553731 evicted_count=713000 eviction_rate=0.0016111 and unsatisfied allocation rate=0.00161114
I tensorflow/core/common_runtime/gpu/pool_allocator.cc:247] PoolAllocator: After 448797110 get requests, put_count=448797113 evicted_count=723000 eviction_rate=0.00161097 and unsatisfied allocation rate=0.00161101
I tensorflow/core/common_runtime/gpu/pool_allocator.cc:247] PoolAllocator: After 455105390 get requests, put_count=455105393 evicted_count=733000 eviction_rate=0.00161062 and unsatisfied allocation rate=0.00161065
I tensorflow/core/common_runtime/gpu/pool_allocator.cc:247] PoolAllocator: After 461331896 get requests, put_count=461331899 evicted_count=743000 eviction_rate=0.00161055 and unsatisfied allocation rate=0.00161059
I tensorflow/core/common_runtime/gpu/pool_allocator.cc:247] PoolAllocator: After 467622004 get requests, put_count=467622007 evicted_count=753000 eviction_rate=0.00161027 and unsatisfied allocation rate=0.00161031
I tensorflow/core/common_runtime/gpu/pool_allocator.cc:247] PoolAllocator: After 473821252 get requests, put_count=473821255 evicted_count=763000 eviction_rate=0.00161031 and unsatisfied allocation rate=0.00161035
I tensorflow/core/common_runtime/gpu/pool_allocator.cc:247] PoolAllocator: After 479994540 get requests, put_count=479994541 evicted_count=773000 eviction_rate=0.00161043 and unsatisfied allocation rate=0.00161047
I tensorflow/core/common_runtime/gpu/pool_allocator.cc:247] PoolAllocator: After 486274264 get requests, put_count=486274267 evicted_count=783000 eviction_rate=0.0016102 and unsatisfied allocation rate=0.00161024
I tensorflow/core/common_runtime/gpu/pool_allocator.cc:247] PoolAllocator: After 492491684 get requests, put_count=492491687 evicted_count=793000 eviction_rate=0.00161018 and unsatisfied allocation rate=0.00161021
I tensorflow/core/common_runtime/gpu/pool_allocator.cc:247] PoolAllocator: After 498701316 get requests, put_count=498701317 evicted_count=803000 eviction_rate=0.00161018 and unsatisfied allocation rate=0.00161022
I tensorflow/core/common_runtime/gpu/pool_allocator.cc:247] PoolAllocator: After 504926524 get requests, put_count=504926527 evicted_count=813000 eviction_rate=0.00161014 and unsatisfied allocation rate=0.00161017
I tensorflow/core/common_runtime/gpu/pool_allocator.cc:247] PoolAllocator: After 511180288 get requests, put_count=511180291 evicted_count=823000 eviction_rate=0.00161 and unsatisfied allocation rate=0.00161003
I tensorflow/core/common_runtime/gpu/pool_allocator.cc:247] PoolAllocator: After 517370450 get requests, put_count=517370453 evicted_count=833000 eviction_rate=0.00161006 and unsatisfied allocation rate=0.0016101
I tensorflow/core/common_runtime/gpu/pool_allocator.cc:247] PoolAllocator: After 523524268 get requests, put_count=523524271 evicted_count=843000 eviction_rate=0.00161024 and unsatisfied allocation rate=0.00161027
I tensorflow/core/common_runtime/gpu/pool_allocator.cc:247] PoolAllocator: After 529732602 get requests, put_count=529732605 evicted_count=853000 eviction_rate=0.00161025 and unsatisfied allocation rate=0.00161028
I tensorflow/core/common_runtime/gpu/pool_allocator.cc:247] PoolAllocator: After 535977280 get requests, put_count=535977283 evicted_count=863000 eviction_rate=0.00161014 and unsatisfied allocation rate=0.00161017
I tensorflow/core/common_runtime/gpu/pool_allocator.cc:247] PoolAllocator: After 542221958 get requests, put_count=542221961 evicted_count=873000 eviction_rate=0.00161004 and unsatisfied allocation rate=0.00161007
I tensorflow/core/common_runtime/gpu/pool_allocator.cc:247] PoolAllocator: After 548448464 get requests, put_count=548448467 evicted_count=883000 eviction_rate=0.00161 and unsatisfied allocation rate=0.00161003
I tensorflow/core/common_runtime/gpu/pool_allocator.cc:247] PoolAllocator: After 554620454 get requests, put_count=554620457 evicted_count=893000 eviction_rate=0.00161011 and unsatisfied allocation rate=0.00161014
I tensorflow/core/common_runtime/gpu/pool_allocator.cc:247] PoolAllocator: After 560865132 get requests, put_count=560865135 evicted_count=903000 eviction_rate=0.00161001 and unsatisfied allocation rate=0.00161004
I tensorflow/core/common_runtime/gpu/pool_allocator.cc:247] PoolAllocator: After 567082552 get requests, put_count=567082555 evicted_count=913000 eviction_rate=0.00160999 and unsatisfied allocation rate=0.00161002
I tensorflow/core/common_runtime/gpu/pool_allocator.cc:247] PoolAllocator: After 573336316 get requests, put_count=573336319 evicted_count=923000 eviction_rate=0.00160988 and unsatisfied allocation rate=0.0016099
I tensorflow/core/common_runtime/gpu/pool_allocator.cc:247] PoolAllocator: After 579487538 get requests, put_count=579487531 evicted_count=933000 eviction_rate=0.00161004 and unsatisfied allocation rate=0.00161009
I tensorflow/core/common_runtime/gpu/pool_allocator.cc:247] PoolAllocator: After 585680296 get requests, put_count=585680299 evicted_count=943000 eviction_rate=0.00161009 and unsatisfied allocation rate=0.00161012
I tensorflow/core/common_runtime/gpu/pool_allocator.cc:247] PoolAllocator: After 591943146 get requests, put_count=591943149 evicted_count=953000 eviction_rate=0.00160995 and unsatisfied allocation rate=0.00160998
I tensorflow/core/common_runtime/gpu/pool_allocator.cc:247] PoolAllocator: After 598142394 get requests, put_count=598142397 evicted_count=963000 eviction_rate=0.00160998 and unsatisfied allocation rate=0.00161001
