job started
Epoch: 1 Learning rate: 1.000
0.000 perplexity: 49961.207 speed: 206 wps
0.100 perplexity: 436.223 speed: 4874 wps
0.200 perplexity: 361.123 speed: 4875 wps
0.300 perplexity: 327.262 speed: 4839 wps
0.400 perplexity: 306.482 speed: 4813 wps
0.500 perplexity: 291.921 speed: 4819 wps
0.600 perplexity: 281.460 speed: 4829 wps
0.700 perplexity: 273.094 speed: 4845 wps
0.800 perplexity: 266.193 speed: 4837 wps
0.900 perplexity: 260.461 speed: 4790 wps
1.000 perplexity: 255.537 speed: 4762 wps
Epoch: 1 Train Perplexity: 255.537
with(perplexity: 206.437) speed: 7679 wps
Epoch: 1 Valid Perplexity: 206.437
Epoch: 2 Learning rate: 1.000
0.000 perplexity: 324.823 speed: 4218 wps
0.100 perplexity: 213.396 speed: 4647 wps
0.200 perplexity: 211.547 speed: 4764 wps
0.300 perplexity: 210.388 speed: 4809 wps
0.400 perplexity: 209.289 speed: 4832 wps
0.500 perplexity: 208.158 speed: 4841 wps
0.600 perplexity: 207.503 speed: 4850 wps
0.700 perplexity: 206.764 speed: 4859 wps
0.800 perplexity: 205.980 speed: 4863 wps
0.900 perplexity: 205.229 speed: 4867 wps
1.000 perplexity: 204.495 speed: 4871 wps
Epoch: 2 Train Perplexity: 204.496
with(perplexity: 187.938) speed: 4279 wps
Epoch: 2 Valid Perplexity: 187.938
Epoch: 3 Learning rate: 1.000
0.000 perplexity: 290.083 speed: 4130 wps
0.100 perplexity: 197.910 speed: 4867 wps
0.200 perplexity: 196.824 speed: 4876 wps
0.300 perplexity: 196.361 speed: 4872 wps
0.400 perplexity: 195.878 speed: 4877 wps
0.500 perplexity: 195.285 speed: 4867 wps
0.600 perplexity: 195.112 speed: 4869 wps
0.700 perplexity: 194.811 speed: 4877 wps
0.800 perplexity: 194.444 speed: 4877 wps
0.900 perplexity: 194.084 speed: 4877 wps
1.000 perplexity: 193.717 speed: 4881 wps
Epoch: 3 Train Perplexity: 193.718
with(perplexity: 179.747) speed: 8095 wps
Epoch: 3 Valid Perplexity: 179.747
with(perplexity: 196.139) speed: 289 wps
Test Perplexity: 196.139
Saving model to /esat/spchtemp/scratch/wboes/SpeechHub/tied_models_smaller/output/cbow_exp_soft_0/cbow_exp_soft_0.
hihi
