04/12/17 15:13:49 ******************************************************
04/12/17 15:13:49 ** condor_scheduniv_exec.832.0 (CONDOR_DAGMAN) STARTING UP
04/12/17 15:13:49 ** /usr/bin/condor_dagman
04/12/17 15:13:49 ** SubsystemInfo: name=DAGMAN type=DAGMAN(10) class=DAEMON(1)
04/12/17 15:13:49 ** Configuration: subsystem:DAGMAN local:<NONE> class:DAEMON
04/12/17 15:13:49 ** $CondorVersion: 8.6.1 Mar 01 2017 BuildID: 398585 $
04/12/17 15:13:49 ** $CondorPlatform: x86_64_RedHat7 $
04/12/17 15:13:49 ** PID = 16659
04/12/17 15:13:49 ** Log last touched time unavailable (No such file or directory)
04/12/17 15:13:49 ******************************************************
04/12/17 15:13:49 Using config source: /etc/condor/condor_config
04/12/17 15:13:49 Using local config sources: 
04/12/17 15:13:49    /etc/condor/config.d/00esat.config
04/12/17 15:13:49    /etc/condor/config.d/01java.config
04/12/17 15:13:49    /etc/condor/config.d/80optout_users.config
04/12/17 15:13:49    /etc/condor/condor_config.local
04/12/17 15:13:49 config Macros = 166, Sorted = 166, StringBytes = 6026, TablesBytes = 6048
04/12/17 15:13:49 CLASSAD_CACHING is ENABLED
04/12/17 15:13:49 Daemon Log is logging: D_ALWAYS D_ERROR
04/12/17 15:13:49 DaemonCore: No command port requested.
04/12/17 15:13:49 DAGMAN_USE_STRICT setting: 1
04/12/17 15:13:49 DAGMAN_VERBOSITY setting: 3
04/12/17 15:13:49 DAGMAN_DEBUG_CACHE_SIZE setting: 5242880
04/12/17 15:13:49 DAGMAN_DEBUG_CACHE_ENABLE setting: False
04/12/17 15:13:49 DAGMAN_SUBMIT_DELAY setting: 0
04/12/17 15:13:49 DAGMAN_MAX_SUBMIT_ATTEMPTS setting: 6
04/12/17 15:13:49 DAGMAN_STARTUP_CYCLE_DETECT setting: False
04/12/17 15:13:49 DAGMAN_MAX_SUBMITS_PER_INTERVAL setting: 5
04/12/17 15:13:49 DAGMAN_USER_LOG_SCAN_INTERVAL setting: 5
04/12/17 15:13:49 DAGMAN_DEFAULT_PRIORITY setting: 0
04/12/17 15:13:49 DAGMAN_SUPPRESS_NOTIFICATION setting: True
04/12/17 15:13:49 allow_events (DAGMAN_ALLOW_EVENTS) setting: 114
04/12/17 15:13:49 DAGMAN_RETRY_SUBMIT_FIRST setting: True
04/12/17 15:13:49 DAGMAN_RETRY_NODE_FIRST setting: False
04/12/17 15:13:49 DAGMAN_MAX_JOBS_IDLE setting: 1000
04/12/17 15:13:49 DAGMAN_MAX_JOBS_SUBMITTED setting: 0
04/12/17 15:13:49 DAGMAN_MAX_PRE_SCRIPTS setting: 20
04/12/17 15:13:49 DAGMAN_MAX_POST_SCRIPTS setting: 20
04/12/17 15:13:49 DAGMAN_MUNGE_NODE_NAMES setting: True
04/12/17 15:13:49 DAGMAN_PROHIBIT_MULTI_JOBS setting: False
04/12/17 15:13:49 DAGMAN_SUBMIT_DEPTH_FIRST setting: False
04/12/17 15:13:49 DAGMAN_ALWAYS_RUN_POST setting: False
04/12/17 15:13:49 DAGMAN_ABORT_DUPLICATES setting: True
04/12/17 15:13:49 DAGMAN_ABORT_ON_SCARY_SUBMIT setting: True
04/12/17 15:13:49 DAGMAN_PENDING_REPORT_INTERVAL setting: 600
04/12/17 15:13:49 DAGMAN_AUTO_RESCUE setting: True
04/12/17 15:13:49 DAGMAN_MAX_RESCUE_NUM setting: 100
04/12/17 15:13:49 DAGMAN_WRITE_PARTIAL_RESCUE setting: True
04/12/17 15:13:49 DAGMAN_DEFAULT_NODE_LOG setting: @(DAG_DIR)/@(DAG_FILE).nodes.log
04/12/17 15:13:49 DAGMAN_GENERATE_SUBDAG_SUBMITS setting: True
04/12/17 15:13:49 DAGMAN_MAX_JOB_HOLDS setting: 100
04/12/17 15:13:49 DAGMAN_HOLD_CLAIM_TIME setting: 20
04/12/17 15:13:49 ALL_DEBUG setting: 
04/12/17 15:13:49 DAGMAN_DEBUG setting: 
04/12/17 15:13:49 DAGMAN_SUPPRESS_JOB_LOGS setting: False
04/12/17 15:13:49 DAGMAN_REMOVE_NODE_JOBS setting: True
04/12/17 15:13:49 argv[0] == "condor_scheduniv_exec.832.0"
04/12/17 15:13:49 argv[1] == "-Lockfile"
04/12/17 15:13:49 argv[2] == "ds_cbow_tfidf_soft.dag.lock"
04/12/17 15:13:49 argv[3] == "-AutoRescue"
04/12/17 15:13:49 argv[4] == "1"
04/12/17 15:13:49 argv[5] == "-DoRescueFrom"
04/12/17 15:13:49 argv[6] == "0"
04/12/17 15:13:49 argv[7] == "-Dag"
04/12/17 15:13:49 argv[8] == "ds_cbow_tfidf_soft.dag"
04/12/17 15:13:49 argv[9] == "-Suppress_notification"
04/12/17 15:13:49 argv[10] == "-CsdVersion"
04/12/17 15:13:49 argv[11] == "$CondorVersion: 8.6.1 Mar 01 2017 BuildID: 398585 $"
04/12/17 15:13:49 argv[12] == "-Dagman"
04/12/17 15:13:49 argv[13] == "/usr/bin/condor_dagman"
04/12/17 15:13:49 Workflow batch-name: <ds_cbow_tfidf_soft.dag+832>
04/12/17 15:13:49 Workflow accounting_group: <>
04/12/17 15:13:49 Workflow accounting_group_user: <>
04/12/17 15:13:49 Warning: failed to get attribute DAGNodeName
04/12/17 15:13:49 DAGMAN_LOG_ON_NFS_IS_ERROR setting: False
04/12/17 15:13:49 Default node log file is: </esat/spchtemp/scratch/wboes/SpeechHub/tied_models_smaller/python/jobdag/./ds_cbow_tfidf_soft.dag.nodes.log>
04/12/17 15:13:49 DAG Lockfile will be written to ds_cbow_tfidf_soft.dag.lock
04/12/17 15:13:49 DAG Input file is ds_cbow_tfidf_soft.dag
04/12/17 15:13:49 Parsing 1 dagfiles
04/12/17 15:13:49 Parsing ds_cbow_tfidf_soft.dag ...
04/12/17 15:13:49 Dag contains 2 total jobs
04/12/17 15:13:49 Sleeping for 3 seconds to ensure ProcessId uniqueness
04/12/17 15:13:52 Bootstrapping...
04/12/17 15:13:52 Number of pre-completed nodes: 0
04/12/17 15:13:52 MultiLogFiles: truncating log file /esat/spchtemp/scratch/wboes/SpeechHub/tied_models_smaller/python/jobdag/./ds_cbow_tfidf_soft.dag.nodes.log
04/12/17 15:13:52 DAG status: 0 (DAG_STATUS_OK)
04/12/17 15:13:52 Of 2 nodes total:
04/12/17 15:13:52  Done     Pre   Queued    Post   Ready   Un-Ready   Failed
04/12/17 15:13:52   ===     ===      ===     ===     ===        ===      ===
04/12/17 15:13:52     0       0        0       0       1          1        0
04/12/17 15:13:52 0 job proc(s) currently held
04/12/17 15:13:52 Registering condor_event_timer...
04/12/17 15:13:53 Submitting HTCondor Node cbow_tfidf_soft job(s)...
04/12/17 15:13:53 Adding a DAGMan workflow log /esat/spchtemp/scratch/wboes/SpeechHub/tied_models_smaller/python/jobdag/./ds_cbow_tfidf_soft.dag.nodes.log
04/12/17 15:13:53 Masking the events recorded in the DAGMAN workflow log
04/12/17 15:13:53 Mask for workflow log is 0,1,2,4,5,7,9,10,11,12,13,16,17,24,27
04/12/17 15:13:53 submitting: /usr/bin/condor_submit -a dag_node_name' '=' 'cbow_tfidf_soft -a +DAGManJobId' '=' '832 -a DAGManJobId' '=' '832 -batch-name ds_cbow_tfidf_soft.dag+832 -a submit_event_notes' '=' 'DAG' 'Node:' 'cbow_tfidf_soft -a dagman_log' '=' '/esat/spchtemp/scratch/wboes/SpeechHub/tied_models_smaller/python/jobdag/./ds_cbow_tfidf_soft.dag.nodes.log -a +DAGManNodesMask' '=' '"0,1,2,4,5,7,9,10,11,12,13,16,17,24,27" -a data_set' '=' 'ds -a test_name' '=' 'cbow_tfidf_soft -a num_run' '=' '0 -a combination' '=' 'tfidf -a DAG_STATUS' '=' '0 -a FAILED_COUNT' '=' '0 -a +KeepClaimIdle' '=' '20 -a notification' '=' 'never -a +DAGParentNodeNames' '=' '"" jobdag/cbow_soft.job
04/12/17 15:13:53 From submit: Submitting job(s).
04/12/17 15:13:53 From submit: 1 job(s) submitted to cluster 833.
04/12/17 15:13:53 	assigned HTCondor ID (833.0.0)
04/12/17 15:13:53 Just submitted 1 job this cycle...
04/12/17 15:13:53 Currently monitoring 1 HTCondor log file(s)
04/12/17 15:13:53 Reassigning the id of job cbow_tfidf_soft from (833.0.0) to (833.0.0)
04/12/17 15:13:53 Event: ULOG_SUBMIT for HTCondor Node cbow_tfidf_soft (833.0.0) {04/12/17 15:13:53}
04/12/17 15:13:53 Number of idle job procs: 1
04/12/17 15:13:53 DAG status: 0 (DAG_STATUS_OK)
04/12/17 15:13:53 Of 2 nodes total:
04/12/17 15:13:53  Done     Pre   Queued    Post   Ready   Un-Ready   Failed
04/12/17 15:13:53   ===     ===      ===     ===     ===        ===      ===
04/12/17 15:13:53     0       0        1       0       0          1        0
04/12/17 15:13:53 0 job proc(s) currently held
04/12/17 15:23:56 603 seconds since last log event
04/12/17 15:23:56 Pending DAG nodes:
04/12/17 15:23:56   Node cbow_tfidf_soft, HTCondor ID 833, status STATUS_SUBMITTED
04/12/17 15:33:59 1206 seconds since last log event
04/12/17 15:33:59 Pending DAG nodes:
04/12/17 15:33:59   Node cbow_tfidf_soft, HTCondor ID 833, status STATUS_SUBMITTED
04/12/17 15:44:01 1808 seconds since last log event
04/12/17 15:44:01 Pending DAG nodes:
04/12/17 15:44:01   Node cbow_tfidf_soft, HTCondor ID 833, status STATUS_SUBMITTED
04/12/17 15:54:04 2411 seconds since last log event
04/12/17 15:54:04 Pending DAG nodes:
04/12/17 15:54:04   Node cbow_tfidf_soft, HTCondor ID 833, status STATUS_SUBMITTED
04/12/17 16:04:06 3013 seconds since last log event
04/12/17 16:04:06 Pending DAG nodes:
04/12/17 16:04:06   Node cbow_tfidf_soft, HTCondor ID 833, status STATUS_SUBMITTED
04/12/17 16:14:10 3617 seconds since last log event
04/12/17 16:14:10 Pending DAG nodes:
04/12/17 16:14:10   Node cbow_tfidf_soft, HTCondor ID 833, status STATUS_SUBMITTED
04/12/17 16:24:13 4220 seconds since last log event
04/12/17 16:24:13 Pending DAG nodes:
04/12/17 16:24:13   Node cbow_tfidf_soft, HTCondor ID 833, status STATUS_SUBMITTED
04/12/17 16:34:16 4823 seconds since last log event
04/12/17 16:34:16 Pending DAG nodes:
04/12/17 16:34:16   Node cbow_tfidf_soft, HTCondor ID 833, status STATUS_SUBMITTED
04/12/17 16:44:20 5427 seconds since last log event
04/12/17 16:44:20 Pending DAG nodes:
04/12/17 16:44:20   Node cbow_tfidf_soft, HTCondor ID 833, status STATUS_SUBMITTED
04/12/17 16:54:22 6029 seconds since last log event
04/12/17 16:54:22 Pending DAG nodes:
04/12/17 16:54:22   Node cbow_tfidf_soft, HTCondor ID 833, status STATUS_SUBMITTED
04/12/17 17:04:25 6632 seconds since last log event
04/12/17 17:04:25 Pending DAG nodes:
04/12/17 17:04:25   Node cbow_tfidf_soft, HTCondor ID 833, status STATUS_SUBMITTED
04/12/17 17:14:28 7235 seconds since last log event
04/12/17 17:14:28 Pending DAG nodes:
04/12/17 17:14:28   Node cbow_tfidf_soft, HTCondor ID 833, status STATUS_SUBMITTED
04/12/17 17:24:30 7837 seconds since last log event
04/12/17 17:24:30 Pending DAG nodes:
04/12/17 17:24:30   Node cbow_tfidf_soft, HTCondor ID 833, status STATUS_SUBMITTED
04/12/17 17:34:33 8440 seconds since last log event
04/12/17 17:34:33 Pending DAG nodes:
04/12/17 17:34:33   Node cbow_tfidf_soft, HTCondor ID 833, status STATUS_SUBMITTED
04/12/17 17:44:35 9042 seconds since last log event
04/12/17 17:44:35 Pending DAG nodes:
04/12/17 17:44:35   Node cbow_tfidf_soft, HTCondor ID 833, status STATUS_SUBMITTED
04/12/17 17:54:38 9645 seconds since last log event
04/12/17 17:54:38 Pending DAG nodes:
04/12/17 17:54:38   Node cbow_tfidf_soft, HTCondor ID 833, status STATUS_SUBMITTED
04/12/17 18:04:41 10248 seconds since last log event
04/12/17 18:04:41 Pending DAG nodes:
04/12/17 18:04:41   Node cbow_tfidf_soft, HTCondor ID 833, status STATUS_SUBMITTED
04/12/17 18:14:44 10851 seconds since last log event
04/12/17 18:14:44 Pending DAG nodes:
04/12/17 18:14:44   Node cbow_tfidf_soft, HTCondor ID 833, status STATUS_SUBMITTED
04/12/17 18:24:47 11454 seconds since last log event
04/12/17 18:24:47 Pending DAG nodes:
04/12/17 18:24:47   Node cbow_tfidf_soft, HTCondor ID 833, status STATUS_SUBMITTED
04/12/17 18:34:50 12057 seconds since last log event
04/12/17 18:34:50 Pending DAG nodes:
04/12/17 18:34:50   Node cbow_tfidf_soft, HTCondor ID 833, status STATUS_SUBMITTED
04/12/17 18:44:53 12660 seconds since last log event
04/12/17 18:44:53 Pending DAG nodes:
04/12/17 18:44:53   Node cbow_tfidf_soft, HTCondor ID 833, status STATUS_SUBMITTED
04/12/17 18:54:55 13262 seconds since last log event
04/12/17 18:54:55 Pending DAG nodes:
04/12/17 18:54:55   Node cbow_tfidf_soft, HTCondor ID 833, status STATUS_SUBMITTED
04/12/17 19:04:57 13864 seconds since last log event
04/12/17 19:04:57 Pending DAG nodes:
04/12/17 19:04:57   Node cbow_tfidf_soft, HTCondor ID 833, status STATUS_SUBMITTED
04/12/17 19:14:59 14466 seconds since last log event
04/12/17 19:14:59 Pending DAG nodes:
04/12/17 19:14:59   Node cbow_tfidf_soft, HTCondor ID 833, status STATUS_SUBMITTED
04/12/17 19:25:02 15069 seconds since last log event
04/12/17 19:25:02 Pending DAG nodes:
04/12/17 19:25:02   Node cbow_tfidf_soft, HTCondor ID 833, status STATUS_SUBMITTED
04/12/17 19:35:05 15672 seconds since last log event
04/12/17 19:35:05 Pending DAG nodes:
04/12/17 19:35:05   Node cbow_tfidf_soft, HTCondor ID 833, status STATUS_SUBMITTED
04/12/17 19:45:08 16275 seconds since last log event
04/12/17 19:45:08 Pending DAG nodes:
04/12/17 19:45:08   Node cbow_tfidf_soft, HTCondor ID 833, status STATUS_SUBMITTED
04/12/17 19:55:11 16878 seconds since last log event
04/12/17 19:55:11 Pending DAG nodes:
04/12/17 19:55:11   Node cbow_tfidf_soft, HTCondor ID 833, status STATUS_SUBMITTED
04/12/17 20:05:14 17481 seconds since last log event
04/12/17 20:05:14 Pending DAG nodes:
04/12/17 20:05:14   Node cbow_tfidf_soft, HTCondor ID 833, status STATUS_SUBMITTED
04/12/17 20:15:17 18084 seconds since last log event
04/12/17 20:15:17 Pending DAG nodes:
04/12/17 20:15:17   Node cbow_tfidf_soft, HTCondor ID 833, status STATUS_SUBMITTED
04/12/17 20:25:20 18687 seconds since last log event
04/12/17 20:25:20 Pending DAG nodes:
04/12/17 20:25:20   Node cbow_tfidf_soft, HTCondor ID 833, status STATUS_SUBMITTED
04/12/17 20:35:23 19290 seconds since last log event
04/12/17 20:35:23 Pending DAG nodes:
04/12/17 20:35:23   Node cbow_tfidf_soft, HTCondor ID 833, status STATUS_SUBMITTED
04/12/17 20:45:26 19893 seconds since last log event
04/12/17 20:45:26 Pending DAG nodes:
04/12/17 20:45:26   Node cbow_tfidf_soft, HTCondor ID 833, status STATUS_SUBMITTED
04/12/17 20:55:29 20496 seconds since last log event
04/12/17 20:55:29 Pending DAG nodes:
04/12/17 20:55:29   Node cbow_tfidf_soft, HTCondor ID 833, status STATUS_SUBMITTED
04/12/17 21:05:32 21099 seconds since last log event
04/12/17 21:05:32 Pending DAG nodes:
04/12/17 21:05:32   Node cbow_tfidf_soft, HTCondor ID 833, status STATUS_SUBMITTED
04/12/17 21:15:34 21701 seconds since last log event
04/12/17 21:15:34 Pending DAG nodes:
04/12/17 21:15:34   Node cbow_tfidf_soft, HTCondor ID 833, status STATUS_SUBMITTED
04/12/17 21:25:37 22304 seconds since last log event
04/12/17 21:25:37 Pending DAG nodes:
04/12/17 21:25:37   Node cbow_tfidf_soft, HTCondor ID 833, status STATUS_SUBMITTED
04/12/17 21:35:40 22907 seconds since last log event
04/12/17 21:35:40 Pending DAG nodes:
04/12/17 21:35:40   Node cbow_tfidf_soft, HTCondor ID 833, status STATUS_SUBMITTED
04/12/17 21:45:43 23510 seconds since last log event
04/12/17 21:45:43 Pending DAG nodes:
04/12/17 21:45:43   Node cbow_tfidf_soft, HTCondor ID 833, status STATUS_SUBMITTED
04/12/17 21:55:45 24112 seconds since last log event
04/12/17 21:55:45 Pending DAG nodes:
04/12/17 21:55:45   Node cbow_tfidf_soft, HTCondor ID 833, status STATUS_SUBMITTED
04/12/17 22:05:48 24715 seconds since last log event
04/12/17 22:05:48 Pending DAG nodes:
04/12/17 22:05:48   Node cbow_tfidf_soft, HTCondor ID 833, status STATUS_SUBMITTED
04/12/17 22:15:51 25318 seconds since last log event
04/12/17 22:15:51 Pending DAG nodes:
04/12/17 22:15:51   Node cbow_tfidf_soft, HTCondor ID 833, status STATUS_SUBMITTED
04/12/17 22:25:54 25921 seconds since last log event
04/12/17 22:25:54 Pending DAG nodes:
04/12/17 22:25:54   Node cbow_tfidf_soft, HTCondor ID 833, status STATUS_SUBMITTED
04/12/17 22:35:57 26524 seconds since last log event
04/12/17 22:35:57 Pending DAG nodes:
04/12/17 22:35:57   Node cbow_tfidf_soft, HTCondor ID 833, status STATUS_SUBMITTED
04/12/17 22:45:59 27126 seconds since last log event
04/12/17 22:45:59 Pending DAG nodes:
04/12/17 22:45:59   Node cbow_tfidf_soft, HTCondor ID 833, status STATUS_SUBMITTED
04/12/17 22:56:01 27728 seconds since last log event
04/12/17 22:56:01 Pending DAG nodes:
04/12/17 22:56:01   Node cbow_tfidf_soft, HTCondor ID 833, status STATUS_SUBMITTED
04/12/17 23:06:04 28331 seconds since last log event
04/12/17 23:06:04 Pending DAG nodes:
04/12/17 23:06:04   Node cbow_tfidf_soft, HTCondor ID 833, status STATUS_SUBMITTED
04/12/17 23:16:07 28934 seconds since last log event
04/12/17 23:16:07 Pending DAG nodes:
04/12/17 23:16:07   Node cbow_tfidf_soft, HTCondor ID 833, status STATUS_SUBMITTED
04/12/17 23:26:10 29537 seconds since last log event
04/12/17 23:26:10 Pending DAG nodes:
04/12/17 23:26:10   Node cbow_tfidf_soft, HTCondor ID 833, status STATUS_SUBMITTED
04/12/17 23:36:12 30139 seconds since last log event
04/12/17 23:36:12 Pending DAG nodes:
04/12/17 23:36:12   Node cbow_tfidf_soft, HTCondor ID 833, status STATUS_SUBMITTED
04/12/17 23:46:15 30742 seconds since last log event
04/12/17 23:46:15 Pending DAG nodes:
04/12/17 23:46:15   Node cbow_tfidf_soft, HTCondor ID 833, status STATUS_SUBMITTED
04/12/17 23:56:18 31345 seconds since last log event
04/12/17 23:56:18 Pending DAG nodes:
04/12/17 23:56:18   Node cbow_tfidf_soft, HTCondor ID 833, status STATUS_SUBMITTED
04/13/17 00:06:21 31948 seconds since last log event
04/13/17 00:06:21 Pending DAG nodes:
04/13/17 00:06:21   Node cbow_tfidf_soft, HTCondor ID 833, status STATUS_SUBMITTED
04/13/17 00:16:24 32551 seconds since last log event
04/13/17 00:16:24 Pending DAG nodes:
04/13/17 00:16:24   Node cbow_tfidf_soft, HTCondor ID 833, status STATUS_SUBMITTED
04/13/17 00:26:27 33154 seconds since last log event
04/13/17 00:26:27 Pending DAG nodes:
04/13/17 00:26:27   Node cbow_tfidf_soft, HTCondor ID 833, status STATUS_SUBMITTED
04/13/17 00:36:30 33757 seconds since last log event
04/13/17 00:36:30 Pending DAG nodes:
04/13/17 00:36:30   Node cbow_tfidf_soft, HTCondor ID 833, status STATUS_SUBMITTED
04/13/17 00:46:32 34359 seconds since last log event
04/13/17 00:46:32 Pending DAG nodes:
04/13/17 00:46:32   Node cbow_tfidf_soft, HTCondor ID 833, status STATUS_SUBMITTED
04/13/17 00:56:34 34961 seconds since last log event
04/13/17 00:56:34 Pending DAG nodes:
04/13/17 00:56:34   Node cbow_tfidf_soft, HTCondor ID 833, status STATUS_SUBMITTED
04/13/17 01:06:38 35565 seconds since last log event
04/13/17 01:06:38 Pending DAG nodes:
04/13/17 01:06:38   Node cbow_tfidf_soft, HTCondor ID 833, status STATUS_SUBMITTED
04/13/17 01:16:41 36168 seconds since last log event
04/13/17 01:16:41 Pending DAG nodes:
04/13/17 01:16:41   Node cbow_tfidf_soft, HTCondor ID 833, status STATUS_SUBMITTED
04/13/17 01:26:44 36771 seconds since last log event
04/13/17 01:26:44 Pending DAG nodes:
04/13/17 01:26:44   Node cbow_tfidf_soft, HTCondor ID 833, status STATUS_SUBMITTED
04/13/17 01:36:46 37373 seconds since last log event
04/13/17 01:36:46 Pending DAG nodes:
04/13/17 01:36:46   Node cbow_tfidf_soft, HTCondor ID 833, status STATUS_SUBMITTED
04/13/17 01:46:48 37975 seconds since last log event
04/13/17 01:46:48 Pending DAG nodes:
04/13/17 01:46:48   Node cbow_tfidf_soft, HTCondor ID 833, status STATUS_SUBMITTED
04/13/17 01:56:51 38578 seconds since last log event
04/13/17 01:56:51 Pending DAG nodes:
04/13/17 01:56:51   Node cbow_tfidf_soft, HTCondor ID 833, status STATUS_SUBMITTED
04/13/17 02:06:54 39181 seconds since last log event
04/13/17 02:06:54 Pending DAG nodes:
04/13/17 02:06:54   Node cbow_tfidf_soft, HTCondor ID 833, status STATUS_SUBMITTED
04/13/17 02:16:57 39784 seconds since last log event
04/13/17 02:16:57 Pending DAG nodes:
04/13/17 02:16:57   Node cbow_tfidf_soft, HTCondor ID 833, status STATUS_SUBMITTED
04/13/17 02:27:00 40387 seconds since last log event
04/13/17 02:27:00 Pending DAG nodes:
04/13/17 02:27:00   Node cbow_tfidf_soft, HTCondor ID 833, status STATUS_SUBMITTED
04/13/17 02:37:02 40989 seconds since last log event
04/13/17 02:37:02 Pending DAG nodes:
04/13/17 02:37:02   Node cbow_tfidf_soft, HTCondor ID 833, status STATUS_SUBMITTED
04/13/17 02:47:05 41592 seconds since last log event
04/13/17 02:47:05 Pending DAG nodes:
04/13/17 02:47:05   Node cbow_tfidf_soft, HTCondor ID 833, status STATUS_SUBMITTED
04/13/17 02:57:08 42195 seconds since last log event
04/13/17 02:57:08 Pending DAG nodes:
04/13/17 02:57:08   Node cbow_tfidf_soft, HTCondor ID 833, status STATUS_SUBMITTED
04/13/17 03:07:11 42798 seconds since last log event
04/13/17 03:07:11 Pending DAG nodes:
04/13/17 03:07:11   Node cbow_tfidf_soft, HTCondor ID 833, status STATUS_SUBMITTED
04/13/17 03:17:14 43401 seconds since last log event
04/13/17 03:17:14 Pending DAG nodes:
04/13/17 03:17:14   Node cbow_tfidf_soft, HTCondor ID 833, status STATUS_SUBMITTED
04/13/17 03:27:16 44003 seconds since last log event
04/13/17 03:27:16 Pending DAG nodes:
04/13/17 03:27:16   Node cbow_tfidf_soft, HTCondor ID 833, status STATUS_SUBMITTED
04/13/17 03:37:18 44605 seconds since last log event
04/13/17 03:37:18 Pending DAG nodes:
04/13/17 03:37:18   Node cbow_tfidf_soft, HTCondor ID 833, status STATUS_SUBMITTED
04/13/17 03:47:21 45208 seconds since last log event
04/13/17 03:47:21 Pending DAG nodes:
04/13/17 03:47:21   Node cbow_tfidf_soft, HTCondor ID 833, status STATUS_SUBMITTED
04/13/17 03:57:22 45809 seconds since last log event
04/13/17 03:57:22 Pending DAG nodes:
04/13/17 03:57:22   Node cbow_tfidf_soft, HTCondor ID 833, status STATUS_SUBMITTED
04/13/17 04:07:25 46412 seconds since last log event
04/13/17 04:07:25 Pending DAG nodes:
04/13/17 04:07:25   Node cbow_tfidf_soft, HTCondor ID 833, status STATUS_SUBMITTED
04/13/17 04:17:27 47014 seconds since last log event
04/13/17 04:17:27 Pending DAG nodes:
04/13/17 04:17:27   Node cbow_tfidf_soft, HTCondor ID 833, status STATUS_SUBMITTED
04/13/17 04:27:30 47617 seconds since last log event
04/13/17 04:27:30 Pending DAG nodes:
04/13/17 04:27:30   Node cbow_tfidf_soft, HTCondor ID 833, status STATUS_SUBMITTED
04/13/17 04:37:32 48219 seconds since last log event
04/13/17 04:37:32 Pending DAG nodes:
04/13/17 04:37:32   Node cbow_tfidf_soft, HTCondor ID 833, status STATUS_SUBMITTED
04/13/17 04:47:34 48821 seconds since last log event
04/13/17 04:47:34 Pending DAG nodes:
04/13/17 04:47:34   Node cbow_tfidf_soft, HTCondor ID 833, status STATUS_SUBMITTED
04/13/17 04:57:37 49424 seconds since last log event
04/13/17 04:57:37 Pending DAG nodes:
04/13/17 04:57:37   Node cbow_tfidf_soft, HTCondor ID 833, status STATUS_SUBMITTED
04/13/17 05:07:40 50027 seconds since last log event
04/13/17 05:07:40 Pending DAG nodes:
04/13/17 05:07:40   Node cbow_tfidf_soft, HTCondor ID 833, status STATUS_SUBMITTED
04/13/17 05:17:43 50630 seconds since last log event
04/13/17 05:17:43 Pending DAG nodes:
04/13/17 05:17:43   Node cbow_tfidf_soft, HTCondor ID 833, status STATUS_SUBMITTED
04/13/17 05:27:46 51233 seconds since last log event
04/13/17 05:27:46 Pending DAG nodes:
04/13/17 05:27:46   Node cbow_tfidf_soft, HTCondor ID 833, status STATUS_SUBMITTED
04/13/17 05:37:49 51836 seconds since last log event
04/13/17 05:37:49 Pending DAG nodes:
04/13/17 05:37:49   Node cbow_tfidf_soft, HTCondor ID 833, status STATUS_SUBMITTED
04/13/17 05:47:51 52438 seconds since last log event
04/13/17 05:47:51 Pending DAG nodes:
04/13/17 05:47:51   Node cbow_tfidf_soft, HTCondor ID 833, status STATUS_SUBMITTED
04/13/17 05:57:54 53041 seconds since last log event
04/13/17 05:57:54 Pending DAG nodes:
04/13/17 05:57:54   Node cbow_tfidf_soft, HTCondor ID 833, status STATUS_SUBMITTED
04/13/17 06:07:56 53643 seconds since last log event
04/13/17 06:07:56 Pending DAG nodes:
04/13/17 06:07:56   Node cbow_tfidf_soft, HTCondor ID 833, status STATUS_SUBMITTED
04/13/17 06:17:58 54245 seconds since last log event
04/13/17 06:17:58 Pending DAG nodes:
04/13/17 06:17:58   Node cbow_tfidf_soft, HTCondor ID 833, status STATUS_SUBMITTED
04/13/17 06:28:01 54848 seconds since last log event
04/13/17 06:28:01 Pending DAG nodes:
04/13/17 06:28:01   Node cbow_tfidf_soft, HTCondor ID 833, status STATUS_SUBMITTED
04/13/17 06:38:03 55450 seconds since last log event
04/13/17 06:38:03 Pending DAG nodes:
04/13/17 06:38:03   Node cbow_tfidf_soft, HTCondor ID 833, status STATUS_SUBMITTED
04/13/17 06:48:06 56053 seconds since last log event
04/13/17 06:48:06 Pending DAG nodes:
04/13/17 06:48:06   Node cbow_tfidf_soft, HTCondor ID 833, status STATUS_SUBMITTED
04/13/17 06:58:09 56656 seconds since last log event
04/13/17 06:58:09 Pending DAG nodes:
04/13/17 06:58:09   Node cbow_tfidf_soft, HTCondor ID 833, status STATUS_SUBMITTED
04/13/17 07:08:12 57259 seconds since last log event
04/13/17 07:08:12 Pending DAG nodes:
04/13/17 07:08:12   Node cbow_tfidf_soft, HTCondor ID 833, status STATUS_SUBMITTED
04/13/17 07:18:14 57861 seconds since last log event
04/13/17 07:18:14 Pending DAG nodes:
04/13/17 07:18:14   Node cbow_tfidf_soft, HTCondor ID 833, status STATUS_SUBMITTED
04/13/17 07:28:17 58464 seconds since last log event
04/13/17 07:28:17 Pending DAG nodes:
04/13/17 07:28:17   Node cbow_tfidf_soft, HTCondor ID 833, status STATUS_SUBMITTED
04/13/17 07:38:20 59067 seconds since last log event
04/13/17 07:38:20 Pending DAG nodes:
04/13/17 07:38:20   Node cbow_tfidf_soft, HTCondor ID 833, status STATUS_SUBMITTED
04/13/17 07:48:22 59669 seconds since last log event
04/13/17 07:48:22 Pending DAG nodes:
04/13/17 07:48:22   Node cbow_tfidf_soft, HTCondor ID 833, status STATUS_SUBMITTED
04/13/17 07:58:25 60272 seconds since last log event
04/13/17 07:58:25 Pending DAG nodes:
04/13/17 07:58:25   Node cbow_tfidf_soft, HTCondor ID 833, status STATUS_SUBMITTED
04/13/17 08:08:28 60875 seconds since last log event
04/13/17 08:08:28 Pending DAG nodes:
04/13/17 08:08:28   Node cbow_tfidf_soft, HTCondor ID 833, status STATUS_SUBMITTED
04/13/17 08:18:31 61478 seconds since last log event
04/13/17 08:18:31 Pending DAG nodes:
04/13/17 08:18:31   Node cbow_tfidf_soft, HTCondor ID 833, status STATUS_SUBMITTED
04/13/17 08:28:33 62080 seconds since last log event
04/13/17 08:28:33 Pending DAG nodes:
04/13/17 08:28:33   Node cbow_tfidf_soft, HTCondor ID 833, status STATUS_SUBMITTED
04/13/17 08:38:36 62683 seconds since last log event
04/13/17 08:38:36 Pending DAG nodes:
04/13/17 08:38:36   Node cbow_tfidf_soft, HTCondor ID 833, status STATUS_SUBMITTED
04/13/17 08:48:39 63286 seconds since last log event
04/13/17 08:48:39 Pending DAG nodes:
04/13/17 08:48:39   Node cbow_tfidf_soft, HTCondor ID 833, status STATUS_SUBMITTED
04/13/17 08:58:42 63889 seconds since last log event
04/13/17 08:58:42 Pending DAG nodes:
04/13/17 08:58:42   Node cbow_tfidf_soft, HTCondor ID 833, status STATUS_SUBMITTED
04/13/17 09:08:44 64491 seconds since last log event
04/13/17 09:08:44 Pending DAG nodes:
04/13/17 09:08:44   Node cbow_tfidf_soft, HTCondor ID 833, status STATUS_SUBMITTED
04/13/17 09:18:47 65094 seconds since last log event
04/13/17 09:18:47 Pending DAG nodes:
04/13/17 09:18:47   Node cbow_tfidf_soft, HTCondor ID 833, status STATUS_SUBMITTED
04/13/17 09:28:50 65697 seconds since last log event
04/13/17 09:28:50 Pending DAG nodes:
04/13/17 09:28:50   Node cbow_tfidf_soft, HTCondor ID 833, status STATUS_SUBMITTED
04/13/17 09:38:52 66299 seconds since last log event
04/13/17 09:38:52 Pending DAG nodes:
04/13/17 09:38:52   Node cbow_tfidf_soft, HTCondor ID 833, status STATUS_SUBMITTED
04/13/17 09:48:54 66901 seconds since last log event
04/13/17 09:48:54 Pending DAG nodes:
04/13/17 09:48:54   Node cbow_tfidf_soft, HTCondor ID 833, status STATUS_SUBMITTED
04/13/17 09:58:57 67504 seconds since last log event
04/13/17 09:58:57 Pending DAG nodes:
04/13/17 09:58:57   Node cbow_tfidf_soft, HTCondor ID 833, status STATUS_SUBMITTED
04/13/17 10:08:59 68106 seconds since last log event
04/13/17 10:08:59 Pending DAG nodes:
04/13/17 10:08:59   Node cbow_tfidf_soft, HTCondor ID 833, status STATUS_SUBMITTED
04/13/17 10:19:01 68708 seconds since last log event
04/13/17 10:19:01 Pending DAG nodes:
04/13/17 10:19:01   Node cbow_tfidf_soft, HTCondor ID 833, status STATUS_SUBMITTED
04/13/17 10:29:01 69308 seconds since last log event
04/13/17 10:29:01 Pending DAG nodes:
04/13/17 10:29:01   Node cbow_tfidf_soft, HTCondor ID 833, status STATUS_SUBMITTED
04/13/17 10:39:04 69911 seconds since last log event
04/13/17 10:39:04 Pending DAG nodes:
04/13/17 10:39:04   Node cbow_tfidf_soft, HTCondor ID 833, status STATUS_SUBMITTED
04/13/17 10:49:07 70514 seconds since last log event
04/13/17 10:49:07 Pending DAG nodes:
04/13/17 10:49:07   Node cbow_tfidf_soft, HTCondor ID 833, status STATUS_SUBMITTED
04/13/17 10:59:10 71117 seconds since last log event
04/13/17 10:59:10 Pending DAG nodes:
04/13/17 10:59:10   Node cbow_tfidf_soft, HTCondor ID 833, status STATUS_SUBMITTED
04/13/17 11:09:13 71720 seconds since last log event
04/13/17 11:09:13 Pending DAG nodes:
04/13/17 11:09:13   Node cbow_tfidf_soft, HTCondor ID 833, status STATUS_SUBMITTED
04/13/17 11:19:15 72322 seconds since last log event
04/13/17 11:19:15 Pending DAG nodes:
04/13/17 11:19:15   Node cbow_tfidf_soft, HTCondor ID 833, status STATUS_SUBMITTED
04/13/17 11:29:19 72926 seconds since last log event
04/13/17 11:29:19 Pending DAG nodes:
04/13/17 11:29:19   Node cbow_tfidf_soft, HTCondor ID 833, status STATUS_SUBMITTED
04/13/17 11:39:21 73528 seconds since last log event
04/13/17 11:39:21 Pending DAG nodes:
04/13/17 11:39:21   Node cbow_tfidf_soft, HTCondor ID 833, status STATUS_SUBMITTED
04/13/17 11:49:24 74131 seconds since last log event
04/13/17 11:49:24 Pending DAG nodes:
04/13/17 11:49:24   Node cbow_tfidf_soft, HTCondor ID 833, status STATUS_SUBMITTED
04/13/17 11:59:27 74734 seconds since last log event
04/13/17 11:59:27 Pending DAG nodes:
04/13/17 11:59:27   Node cbow_tfidf_soft, HTCondor ID 833, status STATUS_SUBMITTED
04/13/17 12:09:30 75337 seconds since last log event
04/13/17 12:09:30 Pending DAG nodes:
04/13/17 12:09:30   Node cbow_tfidf_soft, HTCondor ID 833, status STATUS_SUBMITTED
04/13/17 12:19:32 75939 seconds since last log event
04/13/17 12:19:32 Pending DAG nodes:
04/13/17 12:19:32   Node cbow_tfidf_soft, HTCondor ID 833, status STATUS_SUBMITTED
04/13/17 12:29:35 76542 seconds since last log event
04/13/17 12:29:35 Pending DAG nodes:
04/13/17 12:29:35   Node cbow_tfidf_soft, HTCondor ID 833, status STATUS_SUBMITTED
04/13/17 12:39:37 77144 seconds since last log event
04/13/17 12:39:37 Pending DAG nodes:
04/13/17 12:39:37   Node cbow_tfidf_soft, HTCondor ID 833, status STATUS_SUBMITTED
04/13/17 12:49:38 77745 seconds since last log event
04/13/17 12:49:38 Pending DAG nodes:
04/13/17 12:49:38   Node cbow_tfidf_soft, HTCondor ID 833, status STATUS_SUBMITTED
04/13/17 12:59:41 78348 seconds since last log event
04/13/17 12:59:41 Pending DAG nodes:
04/13/17 12:59:41   Node cbow_tfidf_soft, HTCondor ID 833, status STATUS_SUBMITTED
04/13/17 13:09:44 78951 seconds since last log event
04/13/17 13:09:44 Pending DAG nodes:
04/13/17 13:09:44   Node cbow_tfidf_soft, HTCondor ID 833, status STATUS_SUBMITTED
04/13/17 13:19:46 79553 seconds since last log event
04/13/17 13:19:46 Pending DAG nodes:
04/13/17 13:19:46   Node cbow_tfidf_soft, HTCondor ID 833, status STATUS_SUBMITTED
