000 (800.000.000) 04/11 11:57:26 Job submitted from host: <10.33.133.154:9618?addrs=10.33.133.154-9618+[--1]-9618&noUDP&sock=1370_48d6_3>
    DAG Node: extended_topic_1
...
001 (800.000.000) 04/12 05:53:13 Job executing on host: <10.33.133.70:9618?addrs=10.33.133.70-9618+[--1]-9618&noUDP&sock=1350_90f1_3>
...
006 (800.000.000) 04/12 05:53:21 Image size of job updated: 95528
	73  -  MemoryUsage of job (MB)
	74536  -  ResidentSetSize of job (KB)
...
006 (800.000.000) 04/12 05:58:21 Image size of job updated: 2291408
	1643  -  MemoryUsage of job (MB)
	1681592  -  ResidentSetSize of job (KB)
...
006 (800.000.000) 04/12 06:03:21 Image size of job updated: 2299072
	1650  -  MemoryUsage of job (MB)
	1689256  -  ResidentSetSize of job (KB)
...
006 (800.000.000) 04/12 06:08:22 Image size of job updated: 2306528
	1657  -  MemoryUsage of job (MB)
	1696712  -  ResidentSetSize of job (KB)
...
006 (800.000.000) 04/12 06:13:23 Image size of job updated: 2307072
	1658  -  MemoryUsage of job (MB)
	1697256  -  ResidentSetSize of job (KB)
...
006 (800.000.000) 04/12 06:18:24 Image size of job updated: 2307120
	1658  -  MemoryUsage of job (MB)
	1697304  -  ResidentSetSize of job (KB)
...
006 (800.000.000) 04/12 06:23:24 Image size of job updated: 2314568
	1665  -  MemoryUsage of job (MB)
	1704744  -  ResidentSetSize of job (KB)
...
006 (800.000.000) 04/12 06:28:24 Image size of job updated: 2314572
	1665  -  MemoryUsage of job (MB)
	1704748  -  ResidentSetSize of job (KB)
...
006 (800.000.000) 04/12 06:33:24 Image size of job updated: 2321784
	1672  -  MemoryUsage of job (MB)
	1711960  -  ResidentSetSize of job (KB)
...
006 (800.000.000) 04/12 06:38:25 Image size of job updated: 2321828
	1672  -  MemoryUsage of job (MB)
	1712004  -  ResidentSetSize of job (KB)
...
006 (800.000.000) 04/12 06:43:26 Image size of job updated: 2329064
	1679  -  MemoryUsage of job (MB)
	1719240  -  ResidentSetSize of job (KB)
...
006 (800.000.000) 04/12 06:48:27 Image size of job updated: 2330320
	1681  -  MemoryUsage of job (MB)
	1720496  -  ResidentSetSize of job (KB)
...
006 (800.000.000) 04/12 06:58:27 Image size of job updated: 2337664
	1688  -  MemoryUsage of job (MB)
	1727840  -  ResidentSetSize of job (KB)
...
006 (800.000.000) 04/12 07:08:27 Image size of job updated: 2337668
	1688  -  MemoryUsage of job (MB)
	1727844  -  ResidentSetSize of job (KB)
...
006 (800.000.000) 04/12 07:23:29 Image size of job updated: 2337672
	1688  -  MemoryUsage of job (MB)
	1727848  -  ResidentSetSize of job (KB)
...
006 (800.000.000) 04/12 10:48:51 Image size of job updated: 2337672
	1688  -  MemoryUsage of job (MB)
	1727852  -  ResidentSetSize of job (KB)
...
006 (800.000.000) 04/12 11:48:58 Image size of job updated: 2337672
	1688  -  MemoryUsage of job (MB)
	1727860  -  ResidentSetSize of job (KB)
...
006 (800.000.000) 04/12 12:49:05 Image size of job updated: 2338672
	1689  -  MemoryUsage of job (MB)
	1728884  -  ResidentSetSize of job (KB)
...
006 (800.000.000) 04/12 13:14:08 Image size of job updated: 2437704
	1786  -  MemoryUsage of job (MB)
	1827916  -  ResidentSetSize of job (KB)
...
006 (800.000.000) 04/12 13:19:08 Image size of job updated: 2437764
	1786  -  MemoryUsage of job (MB)
	1827976  -  ResidentSetSize of job (KB)
...
006 (800.000.000) 04/12 13:24:09 Image size of job updated: 2438920
	1787  -  MemoryUsage of job (MB)
	1829132  -  ResidentSetSize of job (KB)
...
