I tensorflow/stream_executor/dso_loader.cc:128] successfully opened CUDA library libcublas.so locally
I tensorflow/stream_executor/dso_loader.cc:128] successfully opened CUDA library libcudnn.so locally
I tensorflow/stream_executor/dso_loader.cc:128] successfully opened CUDA library libcufft.so locally
I tensorflow/stream_executor/dso_loader.cc:128] successfully opened CUDA library libcuda.so.1 locally
I tensorflow/stream_executor/dso_loader.cc:128] successfully opened CUDA library libcurand.so locally
/users/start2014/r0385169/.local/lib/python2.7/site-packages/gensim/utils.py:1015: UserWarning: Pattern library is not installed, lemmatization won't be available.
  warnings.warn("Pattern library is not installed, lemmatization won't be available.")
/users/start2014/r0385169/.local/lib/python2.7/site-packages/tensorflow/python/ops/gradients_impl.py:91: UserWarning: Converting sparse IndexedSlices to a dense Tensor of unknown shape. This may consume a large amount of memory.
  "Converting sparse IndexedSlices to a dense Tensor of unknown shape. "
I tensorflow/stream_executor/cuda/cuda_gpu_executor.cc:937] successful NUMA node read from SysFS had negative value (-1), but there must be at least one NUMA node, so returning NUMA node zero
I tensorflow/core/common_runtime/gpu/gpu_device.cc:885] Found device 0 with properties: 
name: GeForce GTX 980 Ti
major: 5 minor: 2 memoryClockRate (GHz) 1.19
pciBusID 0000:01:00.0
Total memory: 5.93GiB
Free memory: 5.84GiB
I tensorflow/core/common_runtime/gpu/gpu_device.cc:906] DMA: 0 
I tensorflow/core/common_runtime/gpu/gpu_device.cc:916] 0:   Y 
I tensorflow/core/common_runtime/gpu/gpu_device.cc:975] Creating TensorFlow device (/gpu:0) -> (device: 0, name: GeForce GTX 980 Ti, pci bus id: 0000:01:00.0)
I tensorflow/core/common_runtime/gpu/pool_allocator.cc:247] PoolAllocator: After 9515 get requests, put_count=9356 evicted_count=1000 eviction_rate=0.106883 and unsatisfied allocation rate=0.132317
I tensorflow/core/common_runtime/gpu/pool_allocator.cc:259] Raising pool_size_limit_ from 100 to 110
I tensorflow/core/common_runtime/gpu/pool_allocator.cc:247] PoolAllocator: After 16872 get requests, put_count=16958 evicted_count=1000 eviction_rate=0.0589692 and unsatisfied allocation rate=0.0555358
I tensorflow/core/common_runtime/gpu/pool_allocator.cc:259] Raising pool_size_limit_ from 256 to 281
I tensorflow/core/common_runtime/gpu/pool_allocator.cc:247] PoolAllocator: After 7644000 get requests, put_count=7644003 evicted_count=6000 eviction_rate=0.000784929 and unsatisfied allocation rate=0.000789377
I tensorflow/core/common_runtime/gpu/pool_allocator.cc:247] PoolAllocator: After 20311200 get requests, put_count=20311203 evicted_count=16000 eviction_rate=0.000787743 and unsatisfied allocation rate=0.000789417
I tensorflow/core/common_runtime/gpu/pool_allocator.cc:247] PoolAllocator: After 32964000 get requests, put_count=32964003 evicted_count=26000 eviction_rate=0.000788739 and unsatisfied allocation rate=0.000789771
I tensorflow/core/common_runtime/gpu/pool_allocator.cc:247] PoolAllocator: After 45602400 get requests, put_count=45602402 evicted_count=36000 eviction_rate=0.000789432 and unsatisfied allocation rate=0.0007902
I tensorflow/core/common_runtime/gpu/pool_allocator.cc:247] PoolAllocator: After 58281600 get requests, put_count=58281603 evicted_count=46000 eviction_rate=0.000789271 and unsatisfied allocation rate=0.000789855
I tensorflow/core/common_runtime/gpu/pool_allocator.cc:247] PoolAllocator: After 71004000 get requests, put_count=71004003 evicted_count=56000 eviction_rate=0.000788688 and unsatisfied allocation rate=0.000789167
I tensorflow/core/common_runtime/gpu/pool_allocator.cc:247] PoolAllocator: After 83676000 get requests, put_count=83676003 evicted_count=66000 eviction_rate=0.000788757 and unsatisfied allocation rate=0.000789163
I tensorflow/core/common_runtime/gpu/pool_allocator.cc:247] PoolAllocator: After 96345600 get requests, put_count=96345602 evicted_count=76000 eviction_rate=0.000788827 and unsatisfied allocation rate=0.00078919
I tensorflow/core/common_runtime/gpu/pool_allocator.cc:247] PoolAllocator: After 109012800 get requests, put_count=109012802 evicted_count=86000 eviction_rate=0.000788898 and unsatisfied allocation rate=0.000789219
I tensorflow/core/common_runtime/gpu/pool_allocator.cc:247] PoolAllocator: After 121713600 get requests, put_count=121713602 evicted_count=96000 eviction_rate=0.000788737 and unsatisfied allocation rate=0.000789024
I tensorflow/core/common_runtime/gpu/pool_allocator.cc:247] PoolAllocator: After 134337600 get requests, put_count=134337602 evicted_count=106000 eviction_rate=0.000789057 and unsatisfied allocation rate=0.000789317
I tensorflow/core/common_runtime/gpu/pool_allocator.cc:247] PoolAllocator: After 147045600 get requests, put_count=147045602 evicted_count=116000 eviction_rate=0.000788871 and unsatisfied allocation rate=0.000789109
I tensorflow/core/common_runtime/gpu/pool_allocator.cc:247] PoolAllocator: After 159801600 get requests, put_count=159801602 evicted_count=126000 eviction_rate=0.000788478 and unsatisfied allocation rate=0.000788697
I tensorflow/core/common_runtime/gpu/pool_allocator.cc:247] PoolAllocator: After 172526400 get requests, put_count=172526402 evicted_count=136000 eviction_rate=0.000788285 and unsatisfied allocation rate=0.000788488
I tensorflow/core/common_runtime/gpu/pool_allocator.cc:247] PoolAllocator: After 185193600 get requests, put_count=185193602 evicted_count=146000 eviction_rate=0.000788364 and unsatisfied allocation rate=0.000788553
I tensorflow/core/common_runtime/gpu/pool_allocator.cc:247] PoolAllocator: After 197892000 get requests, put_count=197892003 evicted_count=156000 eviction_rate=0.000788309 and unsatisfied allocation rate=0.000788481
I tensorflow/core/common_runtime/gpu/pool_allocator.cc:247] PoolAllocator: After 210573600 get requests, put_count=210573603 evicted_count=166000 eviction_rate=0.000788323 and unsatisfied allocation rate=0.000788484
I tensorflow/core/common_runtime/gpu/pool_allocator.cc:247] PoolAllocator: After 223303200 get requests, put_count=223303203 evicted_count=176000 eviction_rate=0.000788166 and unsatisfied allocation rate=0.000788318
I tensorflow/core/common_runtime/gpu/pool_allocator.cc:247] PoolAllocator: After 235989600 get requests, put_count=235989602 evicted_count=186000 eviction_rate=0.00078817 and unsatisfied allocation rate=0.000788319
I tensorflow/core/common_runtime/gpu/pool_allocator.cc:247] PoolAllocator: After 248690400 get requests, put_count=248690403 evicted_count=196000 eviction_rate=0.000788129 and unsatisfied allocation rate=0.000788265
I tensorflow/core/common_runtime/gpu/pool_allocator.cc:247] PoolAllocator: After 261328800 get requests, put_count=261328803 evicted_count=206000 eviction_rate=0.000788279 and unsatisfied allocation rate=0.000788409
I tensorflow/core/common_runtime/gpu/pool_allocator.cc:247] PoolAllocator: After 273957600 get requests, put_count=273957603 evicted_count=216000 eviction_rate=0.000788443 and unsatisfied allocation rate=0.000788567
I tensorflow/core/common_runtime/gpu/pool_allocator.cc:247] PoolAllocator: After 286663200 get requests, put_count=286663203 evicted_count=226000 eviction_rate=0.000788382 and unsatisfied allocation rate=0.0007885
I tensorflow/core/common_runtime/gpu/pool_allocator.cc:247] PoolAllocator: After 299311200 get requests, put_count=299311203 evicted_count=236000 eviction_rate=0.000788477 and unsatisfied allocation rate=0.000788591
I tensorflow/core/common_runtime/gpu/pool_allocator.cc:247] PoolAllocator: After 311968800 get requests, put_count=311968802 evicted_count=246000 eviction_rate=0.00078854 and unsatisfied allocation rate=0.000788653
I tensorflow/core/common_runtime/gpu/pool_allocator.cc:247] PoolAllocator: After 324657600 get requests, put_count=324657603 evicted_count=256000 eviction_rate=0.000788523 and unsatisfied allocation rate=0.000788628
I tensorflow/core/common_runtime/gpu/pool_allocator.cc:247] PoolAllocator: After 337322400 get requests, put_count=337322403 evicted_count=266000 eviction_rate=0.000788563 and unsatisfied allocation rate=0.000788664
I tensorflow/core/common_runtime/gpu/pool_allocator.cc:247] PoolAllocator: After 349953600 get requests, put_count=349953603 evicted_count=276000 eviction_rate=0.000788676 and unsatisfied allocation rate=0.000788773
I tensorflow/core/common_runtime/gpu/pool_allocator.cc:247] PoolAllocator: After 362692800 get requests, put_count=362692803 evicted_count=286000 eviction_rate=0.000788546 and unsatisfied allocation rate=0.00078864
I tensorflow/core/common_runtime/gpu/pool_allocator.cc:247] PoolAllocator: After 375107206 get requests, put_count=375107208 evicted_count=296000 eviction_rate=0.000789108 and unsatisfied allocation rate=0.000789201
I tensorflow/core/common_runtime/gpu/pool_allocator.cc:247] PoolAllocator: After 387762406 get requests, put_count=387762409 evicted_count=306000 eviction_rate=0.000789143 and unsatisfied allocation rate=0.000789231
I tensorflow/core/common_runtime/gpu/pool_allocator.cc:247] PoolAllocator: After 400415206 get requests, put_count=400415209 evicted_count=316000 eviction_rate=0.000789181 and unsatisfied allocation rate=0.000789266
I tensorflow/core/common_runtime/gpu/pool_allocator.cc:247] PoolAllocator: After 413063206 get requests, put_count=413063209 evicted_count=326000 eviction_rate=0.000789225 and unsatisfied allocation rate=0.000789308
I tensorflow/core/common_runtime/gpu/pool_allocator.cc:247] PoolAllocator: After 425740006 get requests, put_count=425740008 evicted_count=336000 eviction_rate=0.000789214 and unsatisfied allocation rate=0.000789296
I tensorflow/core/common_runtime/gpu/pool_allocator.cc:247] PoolAllocator: After 438457606 get requests, put_count=438457609 evicted_count=346000 eviction_rate=0.00078913 and unsatisfied allocation rate=0.000789207
I tensorflow/core/common_runtime/gpu/pool_allocator.cc:247] PoolAllocator: After 451134406 get requests, put_count=451134409 evicted_count=356000 eviction_rate=0.000789122 and unsatisfied allocation rate=0.000789197
I tensorflow/core/common_runtime/gpu/pool_allocator.cc:247] PoolAllocator: After 463784806 get requests, put_count=463784809 evicted_count=366000 eviction_rate=0.000789159 and unsatisfied allocation rate=0.000789232
I tensorflow/core/common_runtime/gpu/pool_allocator.cc:247] PoolAllocator: After 476483206 get requests, put_count=476483208 evicted_count=376000 eviction_rate=0.000789115 and unsatisfied allocation rate=0.000789188
I tensorflow/core/common_runtime/gpu/pool_allocator.cc:247] PoolAllocator: After 489172006 get requests, put_count=489172008 evicted_count=386000 eviction_rate=0.000789088 and unsatisfied allocation rate=0.00078916
I tensorflow/core/common_runtime/gpu/pool_allocator.cc:247] PoolAllocator: After 501812806 get requests, put_count=501812808 evicted_count=396000 eviction_rate=0.000789139 and unsatisfied allocation rate=0.000789209
I tensorflow/core/common_runtime/gpu/pool_allocator.cc:247] PoolAllocator: After 514492006 get requests, put_count=514492009 evicted_count=406000 eviction_rate=0.000789128 and unsatisfied allocation rate=0.000789194
I tensorflow/core/common_runtime/gpu/pool_allocator.cc:247] PoolAllocator: After 527248006 get requests, put_count=527248008 evicted_count=416000 eviction_rate=0.000789003 and unsatisfied allocation rate=0.000789069
I tensorflow/core/common_runtime/gpu/pool_allocator.cc:247] PoolAllocator: After 539987206 get requests, put_count=539987209 evicted_count=426000 eviction_rate=0.000788908 and unsatisfied allocation rate=0.000788971
I tensorflow/core/common_runtime/gpu/pool_allocator.cc:247] PoolAllocator: After 552644806 get requests, put_count=552644809 evicted_count=436000 eviction_rate=0.000788933 and unsatisfied allocation rate=0.000788995
I tensorflow/core/common_runtime/gpu/pool_allocator.cc:247] PoolAllocator: After 565348006 get requests, put_count=565348009 evicted_count=446000 eviction_rate=0.000788895 and unsatisfied allocation rate=0.000788955
I tensorflow/core/common_runtime/gpu/pool_allocator.cc:247] PoolAllocator: After 578044006 get requests, put_count=578044008 evicted_count=456000 eviction_rate=0.000788867 and unsatisfied allocation rate=0.000788928
I tensorflow/core/common_runtime/gpu/pool_allocator.cc:247] PoolAllocator: After 590792806 get requests, put_count=590792808 evicted_count=466000 eviction_rate=0.000788771 and unsatisfied allocation rate=0.00078883
I tensorflow/core/common_runtime/gpu/pool_allocator.cc:247] PoolAllocator: After 603457606 get requests, put_count=603457609 evicted_count=476000 eviction_rate=0.000788788 and unsatisfied allocation rate=0.000788844
I tensorflow/core/common_runtime/gpu/pool_allocator.cc:247] PoolAllocator: After 616141606 get requests, put_count=616141608 evicted_count=486000 eviction_rate=0.00078878 and unsatisfied allocation rate=0.000788837
I tensorflow/core/common_runtime/gpu/pool_allocator.cc:247] PoolAllocator: After 628789606 get requests, put_count=628789608 evicted_count=496000 eviction_rate=0.000788817 and unsatisfied allocation rate=0.000788873
I tensorflow/core/common_runtime/gpu/pool_allocator.cc:247] PoolAllocator: After 641425606 get requests, put_count=641425608 evicted_count=506000 eviction_rate=0.000788868 and unsatisfied allocation rate=0.000788922
I tensorflow/core/common_runtime/gpu/pool_allocator.cc:247] PoolAllocator: After 654119206 get requests, put_count=654119209 evicted_count=516000 eviction_rate=0.000788847 and unsatisfied allocation rate=0.000788899
I tensorflow/core/common_runtime/gpu/pool_allocator.cc:247] PoolAllocator: After 666760006 get requests, put_count=666760008 evicted_count=526000 eviction_rate=0.00078889 and unsatisfied allocation rate=0.000788942
I tensorflow/core/common_runtime/gpu/pool_allocator.cc:247] PoolAllocator: After 679379206 get requests, put_count=679379208 evicted_count=536000 eviction_rate=0.000788956 and unsatisfied allocation rate=0.000789007
I tensorflow/core/common_runtime/gpu/pool_allocator.cc:247] PoolAllocator: After 691969606 get requests, put_count=691969608 evicted_count=546000 eviction_rate=0.000789052 and unsatisfied allocation rate=0.000789103
I tensorflow/core/common_runtime/gpu/pool_allocator.cc:247] PoolAllocator: After 704656006 get requests, put_count=704656008 evicted_count=556000 eviction_rate=0.000789037 and unsatisfied allocation rate=0.000789087
I tensorflow/core/common_runtime/gpu/pool_allocator.cc:247] PoolAllocator: After 717265606 get requests, put_count=717265608 evicted_count=566000 eviction_rate=0.000789108 and unsatisfied allocation rate=0.000789157
I tensorflow/core/common_runtime/gpu/pool_allocator.cc:247] PoolAllocator: After 729952006 get requests, put_count=729952008 evicted_count=576000 eviction_rate=0.000789093 and unsatisfied allocation rate=0.000789141
I tensorflow/core/common_runtime/gpu/pool_allocator.cc:247] PoolAllocator: After 742328012 get requests, put_count=742328014 evicted_count=586000 eviction_rate=0.000789408 and unsatisfied allocation rate=0.000789456
I tensorflow/core/common_runtime/gpu/pool_allocator.cc:247] PoolAllocator: After 754983212 get requests, put_count=754983214 evicted_count=596000 eviction_rate=0.000789422 and unsatisfied allocation rate=0.000789468
I tensorflow/core/common_runtime/gpu/pool_allocator.cc:247] PoolAllocator: After 767547212 get requests, put_count=767547214 evicted_count=606000 eviction_rate=0.000789528 and unsatisfied allocation rate=0.000789574
I tensorflow/core/common_runtime/gpu/pool_allocator.cc:247] PoolAllocator: After 780161612 get requests, put_count=780161614 evicted_count=616000 eviction_rate=0.00078958 and unsatisfied allocation rate=0.000789625
I tensorflow/core/common_runtime/gpu/pool_allocator.cc:247] PoolAllocator: After 792831212 get requests, put_count=792831214 evicted_count=626000 eviction_rate=0.000789575 and unsatisfied allocation rate=0.00078962
I tensorflow/core/common_runtime/gpu/pool_allocator.cc:247] PoolAllocator: After 805488812 get requests, put_count=805488814 evicted_count=636000 eviction_rate=0.000789583 and unsatisfied allocation rate=0.000789626
I tensorflow/core/common_runtime/gpu/pool_allocator.cc:247] PoolAllocator: After 818132012 get requests, put_count=818132014 evicted_count=646000 eviction_rate=0.000789604 and unsatisfied allocation rate=0.000789646
I tensorflow/core/common_runtime/gpu/pool_allocator.cc:247] PoolAllocator: After 830768012 get requests, put_count=830768014 evicted_count=656000 eviction_rate=0.000789631 and unsatisfied allocation rate=0.000789673
I tensorflow/core/common_runtime/gpu/pool_allocator.cc:247] PoolAllocator: After 843420812 get requests, put_count=843420814 evicted_count=666000 eviction_rate=0.000789641 and unsatisfied allocation rate=0.000789683
I tensorflow/core/common_runtime/gpu/pool_allocator.cc:247] PoolAllocator: After 855999212 get requests, put_count=855999214 evicted_count=676000 eviction_rate=0.00078972 and unsatisfied allocation rate=0.000789761
I tensorflow/core/common_runtime/gpu/pool_allocator.cc:247] PoolAllocator: After 868644812 get requests, put_count=868644814 evicted_count=686000 eviction_rate=0.000789736 and unsatisfied allocation rate=0.000789776
I tensorflow/core/common_runtime/gpu/pool_allocator.cc:247] PoolAllocator: After 881300012 get requests, put_count=881300014 evicted_count=696000 eviction_rate=0.000789742 and unsatisfied allocation rate=0.000789782
I tensorflow/core/common_runtime/gpu/pool_allocator.cc:247] PoolAllocator: After 893974412 get requests, put_count=893974414 evicted_count=706000 eviction_rate=0.000789732 and unsatisfied allocation rate=0.000789771
I tensorflow/core/common_runtime/gpu/pool_allocator.cc:247] PoolAllocator: After 906692012 get requests, put_count=906692014 evicted_count=716000 eviction_rate=0.000789684 and unsatisfied allocation rate=0.000789722
I tensorflow/core/common_runtime/gpu/pool_allocator.cc:247] PoolAllocator: After 919344812 get requests, put_count=919344814 evicted_count=726000 eviction_rate=0.000789693 and unsatisfied allocation rate=0.000789731
I tensorflow/core/common_runtime/gpu/pool_allocator.cc:247] PoolAllocator: After 932009612 get requests, put_count=932009614 evicted_count=736000 eviction_rate=0.000789691 and unsatisfied allocation rate=0.000789729
I tensorflow/core/common_runtime/gpu/pool_allocator.cc:247] PoolAllocator: After 944676812 get requests, put_count=944676814 evicted_count=746000 eviction_rate=0.000789688 and unsatisfied allocation rate=0.000789725
I tensorflow/core/common_runtime/gpu/pool_allocator.cc:247] PoolAllocator: After 957360812 get requests, put_count=957360814 evicted_count=756000 eviction_rate=0.000789671 and unsatisfied allocation rate=0.000789707
I tensorflow/core/common_runtime/gpu/pool_allocator.cc:247] PoolAllocator: After 970035212 get requests, put_count=970035214 evicted_count=766000 eviction_rate=0.000789662 and unsatisfied allocation rate=0.000789698
I tensorflow/core/common_runtime/gpu/pool_allocator.cc:247] PoolAllocator: After 982656812 get requests, put_count=982656814 evicted_count=776000 eviction_rate=0.000789696 and unsatisfied allocation rate=0.000789731
I tensorflow/core/common_runtime/gpu/pool_allocator.cc:247] PoolAllocator: After 995266412 get requests, put_count=995266414 evicted_count=786000 eviction_rate=0.000789738 and unsatisfied allocation rate=0.000789773
I tensorflow/core/common_runtime/gpu/pool_allocator.cc:247] PoolAllocator: After 1007912012 get requests, put_count=1007912014 evicted_count=796000 eviction_rate=0.000789751 and unsatisfied allocation rate=0.000789786
I tensorflow/core/common_runtime/gpu/pool_allocator.cc:247] PoolAllocator: After 1020533612 get requests, put_count=1020533614 evicted_count=806000 eviction_rate=0.000789783 and unsatisfied allocation rate=0.000789817
I tensorflow/core/common_runtime/gpu/pool_allocator.cc:247] PoolAllocator: After 1033198412 get requests, put_count=1033198414 evicted_count=816000 eviction_rate=0.000789781 and unsatisfied allocation rate=0.000789814
I tensorflow/core/common_runtime/gpu/pool_allocator.cc:247] PoolAllocator: After 1045745612 get requests, put_count=1045745614 evicted_count=826000 eviction_rate=0.000789867 and unsatisfied allocation rate=0.000789901
I tensorflow/core/common_runtime/gpu/pool_allocator.cc:247] PoolAllocator: After 1058343212 get requests, put_count=1058343214 evicted_count=836000 eviction_rate=0.000789914 and unsatisfied allocation rate=0.000789947
I tensorflow/core/common_runtime/gpu/pool_allocator.cc:247] PoolAllocator: After 1071099212 get requests, put_count=1071099214 evicted_count=846000 eviction_rate=0.000789843 and unsatisfied allocation rate=0.000789875
I tensorflow/core/common_runtime/gpu/pool_allocator.cc:247] PoolAllocator: After 1083689612 get requests, put_count=1083689614 evicted_count=856000 eviction_rate=0.000789894 and unsatisfied allocation rate=0.000789926
I tensorflow/core/common_runtime/gpu/pool_allocator.cc:247] PoolAllocator: After 1096349612 get requests, put_count=1096349614 evicted_count=866000 eviction_rate=0.000789894 and unsatisfied allocation rate=0.000789926
