I tensorflow/stream_executor/dso_loader.cc:128] successfully opened CUDA library libcublas.so locally
I tensorflow/stream_executor/dso_loader.cc:128] successfully opened CUDA library libcudnn.so locally
I tensorflow/stream_executor/dso_loader.cc:128] successfully opened CUDA library libcufft.so locally
I tensorflow/stream_executor/dso_loader.cc:128] successfully opened CUDA library libcuda.so.1 locally
I tensorflow/stream_executor/dso_loader.cc:128] successfully opened CUDA library libcurand.so locally
/users/start2014/r0364650/.local/lib/python2.7/site-packages/gensim/utils.py:1015: UserWarning: Pattern library is not installed, lemmatization won't be available.
  warnings.warn("Pattern library is not installed, lemmatization won't be available.")
I tensorflow/stream_executor/cuda/cuda_gpu_executor.cc:937] successful NUMA node read from SysFS had negative value (-1), but there must be at least one NUMA node, so returning NUMA node zero
I tensorflow/core/common_runtime/gpu/gpu_device.cc:885] Found device 0 with properties: 
name: GeForce GTX 980
major: 5 minor: 2 memoryClockRate (GHz) 1.253
pciBusID 0000:01:00.0
Total memory: 3.94GiB
Free memory: 3.83GiB
I tensorflow/core/common_runtime/gpu/gpu_device.cc:906] DMA: 0 
I tensorflow/core/common_runtime/gpu/gpu_device.cc:916] 0:   Y 
I tensorflow/core/common_runtime/gpu/gpu_device.cc:975] Creating TensorFlow device (/gpu:0) -> (device: 0, name: GeForce GTX 980, pci bus id: 0000:01:00.0)
I tensorflow/core/common_runtime/gpu/pool_allocator.cc:247] PoolAllocator: After 11367 get requests, put_count=11278 evicted_count=1000 eviction_rate=0.0886682 and unsatisfied allocation rate=0.104601
I tensorflow/core/common_runtime/gpu/pool_allocator.cc:259] Raising pool_size_limit_ from 100 to 110
I tensorflow/core/common_runtime/gpu/pool_allocator.cc:247] PoolAllocator: After 3347542 get requests, put_count=3347550 evicted_count=3000 eviction_rate=0.000896178 and unsatisfied allocation rate=0.000899466
I tensorflow/core/common_runtime/gpu/pool_allocator.cc:247] PoolAllocator: After 9764854 get requests, put_count=9764862 evicted_count=13000 eviction_rate=0.0013313 and unsatisfied allocation rate=0.00133243
I tensorflow/core/common_runtime/gpu/pool_allocator.cc:247] PoolAllocator: After 16236682 get requests, put_count=16236690 evicted_count=23000 eviction_rate=0.00141654 and unsatisfied allocation rate=0.00141722
I tensorflow/core/common_runtime/gpu/pool_allocator.cc:247] PoolAllocator: After 22699424 get requests, put_count=22699432 evicted_count=33000 eviction_rate=0.00145378 and unsatisfied allocation rate=0.00145427
I tensorflow/core/common_runtime/gpu/pool_allocator.cc:247] PoolAllocator: After 29171252 get requests, put_count=29171260 evicted_count=43000 eviction_rate=0.00147405 and unsatisfied allocation rate=0.00147443
I tensorflow/core/common_runtime/gpu/pool_allocator.cc:247] PoolAllocator: After 35615822 get requests, put_count=35615830 evicted_count=53000 eviction_rate=0.0014881 and unsatisfied allocation rate=0.00148841
