job started
Epoch: 1 Learning rate: 1.000
0.000 perplexity: 50249.138 speed: 908 wps
0.100 perplexity: 432.026 speed: 11848 wps
0.200 perplexity: 371.861 speed: 11987 wps
0.300 perplexity: 343.457 speed: 12086 wps
0.400 perplexity: 325.540 speed: 12127 wps
0.500 perplexity: 312.718 speed: 12143 wps
0.600 perplexity: 303.445 speed: 12177 wps
0.700 perplexity: 295.932 speed: 12200 wps
0.800 perplexity: 289.647 speed: 12200 wps
0.900 perplexity: 284.387 speed: 12193 wps
1.000 perplexity: 279.816 speed: 12198 wps
Epoch: 1 Train Perplexity: 279.817
with(perplexity: 222.075) speed: 24698 wps
Epoch: 1 Valid Perplexity: 222.075
Epoch: 2 Learning rate: 1.000
0.000 perplexity: 335.874 speed: 11943 wps
0.100 perplexity: 239.980 speed: 12577 wps
0.200 perplexity: 238.091 speed: 12566 wps
0.300 perplexity: 236.930 speed: 12591 wps
0.400 perplexity: 235.859 speed: 12505 wps
0.500 perplexity: 234.709 speed: 12411 wps
0.600 perplexity: 234.073 speed: 12400 wps
0.700 perplexity: 233.350 speed: 12425 wps
0.800 perplexity: 232.560 speed: 12444 wps
0.900 perplexity: 231.815 speed: 12462 wps
1.000 perplexity: 231.087 speed: 12441 wps
Epoch: 2 Train Perplexity: 231.088
with(perplexity: 205.828) speed: 24578 wps
Epoch: 2 Valid Perplexity: 205.828
Epoch: 3 Learning rate: 1.000
0.000 perplexity: 322.037 speed: 11839 wps
0.100 perplexity: 224.428 speed: 12396 wps
0.200 perplexity: 223.397 speed: 12444 wps
0.300 perplexity: 222.942 speed: 12505 wps
0.400 perplexity: 222.477 speed: 12491 wps
0.500 perplexity: 221.895 speed: 12432 wps
0.600 perplexity: 221.746 speed: 12447 wps
0.700 perplexity: 221.463 speed: 12473 wps
0.800 perplexity: 221.108 speed: 12488 wps
0.900 perplexity: 220.751 speed: 12499 wps
1.000 perplexity: 220.370 speed: 12509 wps
Epoch: 3 Train Perplexity: 220.372
with(perplexity: 198.569) speed: 26337 wps
Epoch: 3 Valid Perplexity: 198.569
with(perplexity: 213.987) speed: 602 wps
Test Perplexity: 213.987
Saving model to /esat/spchtemp/scratch/robbe/SpeechHub/pretrained_tied_models_small/output/cbow_tfidf_lstm_0/cbow_tfidf_lstm_0.
hihi
