job started
Epoch: 1 Learning rate: 1.000
0.000 perplexity: 50167.228 speed: 796 wps
0.100 perplexity: 430.343 speed: 8742 wps
0.200 perplexity: 369.648 speed: 8919 wps
0.300 perplexity: 340.977 speed: 8651 wps
0.400 perplexity: 323.009 speed: 8662 wps
0.500 perplexity: 310.260 speed: 8552 wps
0.600 perplexity: 301.121 speed: 8571 wps
0.700 perplexity: 293.743 speed: 8503 wps
0.800 perplexity: 287.626 speed: 8509 wps
0.900 perplexity: 282.504 speed: 8443 wps
1.000 perplexity: 278.070 speed: 8436 wps
Epoch: 1 Train Perplexity: 278.070
with(perplexity: 221.303) speed: 17239 wps
Epoch: 1 Valid Perplexity: 221.303
Epoch: 2 Learning rate: 1.000
0.000 perplexity: 328.704 speed: 8386 wps
0.100 perplexity: 239.368 speed: 8533 wps
0.200 perplexity: 237.582 speed: 8316 wps
0.300 perplexity: 236.462 speed: 8172 wps
0.400 perplexity: 235.354 speed: 8270 wps
0.500 perplexity: 234.192 speed: 8223 wps
0.600 perplexity: 233.554 speed: 8223 wps
0.700 perplexity: 232.825 speed: 8284 wps
0.800 perplexity: 232.027 speed: 8326 wps
0.900 perplexity: 231.278 speed: 8374 wps
1.000 perplexity: 230.538 speed: 8404 wps
Epoch: 2 Train Perplexity: 230.539
with(perplexity: 204.480) speed: 16660 wps
Epoch: 2 Valid Perplexity: 204.480
Epoch: 3 Learning rate: 1.000
0.000 perplexity: 327.635 speed: 7874 wps
0.100 perplexity: 223.925 speed: 8721 wps
0.200 perplexity: 222.844 speed: 8537 wps
0.300 perplexity: 222.408 speed: 8703 wps
0.400 perplexity: 221.902 speed: 8586 wps
0.500 perplexity: 221.272 speed: 8626 wps
0.600 perplexity: 221.125 speed: 8554 wps
0.700 perplexity: 220.834 speed: 8606 wps
0.800 perplexity: 220.454 speed: 8544 wps
0.900 perplexity: 220.089 speed: 8589 wps
1.000 perplexity: 219.712 speed: 8543 wps
Epoch: 3 Train Perplexity: 219.713
with(perplexity: 197.037) speed: 18111 wps
Epoch: 3 Valid Perplexity: 197.037
with(perplexity: 213.210) speed: 451 wps
Test Perplexity: 213.210
Saving model to /esat/spchtemp/scratch/robbe/SpeechHub/pretrained_tied_models_small/output/cbow_mean_lstm_0/cbow_mean_lstm_0.
hihi
