000 (1327.000.000) 05/16 20:31:55 Job submitted from host: <10.33.133.154:9618?addrs=10.33.133.154-9618+[--1]-9618&noUDP&sock=1383_3391_3>
    DAG Node: cbow_exp_lstm
...
001 (1327.000.000) 05/20 12:55:05 Job executing on host: <10.33.133.57:9618?addrs=10.33.133.57-9618+[--1]-9618&noUDP&sock=1510_5018_3>
...
006 (1327.000.000) 05/20 12:55:13 Image size of job updated: 282188
	276  -  MemoryUsage of job (MB)
	282188  -  ResidentSetSize of job (KB)
...
006 (1327.000.000) 05/20 13:00:13 Image size of job updated: 1361356
	1201  -  MemoryUsage of job (MB)
	1229244  -  ResidentSetSize of job (KB)
...
006 (1327.000.000) 05/20 13:05:13 Image size of job updated: 1368684
	1208  -  MemoryUsage of job (MB)
	1236572  -  ResidentSetSize of job (KB)
...
006 (1327.000.000) 05/20 13:10:14 Image size of job updated: 1376780
	1216  -  MemoryUsage of job (MB)
	1244668  -  ResidentSetSize of job (KB)
...
006 (1327.000.000) 05/20 13:15:15 Image size of job updated: 1384988
	1224  -  MemoryUsage of job (MB)
	1252876  -  ResidentSetSize of job (KB)
...
006 (1327.000.000) 05/20 13:20:16 Image size of job updated: 1385240
	1224  -  MemoryUsage of job (MB)
	1253128  -  ResidentSetSize of job (KB)
...
006 (1327.000.000) 05/20 13:25:16 Image size of job updated: 1392368
	1231  -  MemoryUsage of job (MB)
	1260256  -  ResidentSetSize of job (KB)
...
006 (1327.000.000) 05/20 13:30:16 Image size of job updated: 1392372
	1231  -  MemoryUsage of job (MB)
	1260260  -  ResidentSetSize of job (KB)
...
006 (1327.000.000) 05/20 13:40:17 Image size of job updated: 1400524
	1239  -  MemoryUsage of job (MB)
	1268412  -  ResidentSetSize of job (KB)
...
006 (1327.000.000) 05/20 14:00:20 Image size of job updated: 1408348
	1247  -  MemoryUsage of job (MB)
	1276236  -  ResidentSetSize of job (KB)
...
006 (1327.000.000) 05/20 14:25:23 Image size of job updated: 1408816
	1247  -  MemoryUsage of job (MB)
	1276704  -  ResidentSetSize of job (KB)
...
006 (1327.000.000) 05/20 14:30:24 Image size of job updated: 1416268
	1255  -  MemoryUsage of job (MB)
	1284156  -  ResidentSetSize of job (KB)
...
006 (1327.000.000) 05/20 14:40:24 Image size of job updated: 1416272
	1255  -  MemoryUsage of job (MB)
	1284160  -  ResidentSetSize of job (KB)
...
006 (1327.000.000) 05/20 14:55:27 Image size of job updated: 1416316
	1255  -  MemoryUsage of job (MB)
	1284204  -  ResidentSetSize of job (KB)
...
006 (1327.000.000) 05/20 15:15:27 Image size of job updated: 1416620
	1255  -  MemoryUsage of job (MB)
	1284508  -  ResidentSetSize of job (KB)
...
006 (1327.000.000) 05/20 15:20:28 Image size of job updated: 1416624
	1255  -  MemoryUsage of job (MB)
	1284512  -  ResidentSetSize of job (KB)
...
006 (1327.000.000) 05/20 15:25:29 Image size of job updated: 1417648
	1256  -  MemoryUsage of job (MB)
	1285536  -  ResidentSetSize of job (KB)
...
006 (1327.000.000) 05/20 15:30:30 Image size of job updated: 1417660
	1256  -  MemoryUsage of job (MB)
	1285548  -  ResidentSetSize of job (KB)
...
006 (1327.000.000) 05/20 16:25:35 Image size of job updated: 1430836
	1269  -  MemoryUsage of job (MB)
	1298724  -  ResidentSetSize of job (KB)
...
006 (1327.000.000) 05/20 16:30:36 Image size of job updated: 1432116
	1270  -  MemoryUsage of job (MB)
	1300004  -  ResidentSetSize of job (KB)
...
006 (1327.000.000) 05/20 16:40:37 Image size of job updated: 1448524
	1286  -  MemoryUsage of job (MB)
	1316412  -  ResidentSetSize of job (KB)
...
006 (1327.000.000) 05/20 16:45:37 Image size of job updated: 1448604
	1286  -  MemoryUsage of job (MB)
	1316492  -  ResidentSetSize of job (KB)
...
006 (1327.000.000) 05/20 21:32:51 Image size of job updated: 1532924
	1286  -  MemoryUsage of job (MB)
	1316492  -  ResidentSetSize of job (KB)
...
005 (1327.000.000) 05/20 21:32:51 Job terminated.
	(1) Normal termination (return value 0)
		Usr 0 12:57:15, Sys 0 01:25:53  -  Run Remote Usage
		Usr 0 00:00:00, Sys 0 00:00:00  -  Run Local Usage
		Usr 0 12:57:15, Sys 0 01:25:53  -  Total Remote Usage
		Usr 0 00:00:00, Sys 0 00:00:00  -  Total Local Usage
	0  -  Run Bytes Sent By Job
	0  -  Run Bytes Received By Job
	0  -  Total Bytes Sent By Job
	0  -  Total Bytes Received By Job
	Partitionable Resources :    Usage  Request Allocated
	   Cpus                 :                 1         1
	   Disk (KB)            :        7        7  32503720
	   Gpus                 :                 1         1
	   Memory (MB)          :     1286     4096      4096
...
