job started
Epoch: 1 Learning rate: 1.000
0.000 perplexity: 49745.474 speed: 797 wps
0.100 perplexity: 437.147 speed: 11586 wps
0.200 perplexity: 374.712 speed: 11629 wps
0.300 perplexity: 345.851 speed: 11627 wps
0.400 perplexity: 327.642 speed: 11636 wps
0.500 perplexity: 314.639 speed: 11616 wps
0.600 perplexity: 305.231 speed: 11622 wps
0.700 perplexity: 297.610 speed: 11629 wps
0.800 perplexity: 291.257 speed: 11632 wps
0.900 perplexity: 285.929 speed: 11624 wps
1.000 perplexity: 281.310 speed: 11612 wps
Epoch: 1 Train Perplexity: 281.310
with(perplexity: 222.539) speed: 21214 wps
Epoch: 1 Valid Perplexity: 222.539
Epoch: 2 Learning rate: 1.000
0.000 perplexity: 334.573 speed: 11113 wps
0.100 perplexity: 241.106 speed: 11569 wps
0.200 perplexity: 239.226 speed: 11582 wps
0.300 perplexity: 238.085 speed: 11605 wps
0.400 perplexity: 236.977 speed: 11615 wps
0.500 perplexity: 235.777 speed: 11610 wps
0.600 perplexity: 235.133 speed: 11608 wps
0.700 perplexity: 234.395 speed: 11624 wps
0.800 perplexity: 233.596 speed: 11621 wps
0.900 perplexity: 232.840 speed: 11619 wps
1.000 perplexity: 232.095 speed: 11624 wps
Epoch: 2 Train Perplexity: 232.096
with(perplexity: 206.705) speed: 20814 wps
Epoch: 2 Valid Perplexity: 206.705
Epoch: 3 Learning rate: 1.000
0.000 perplexity: 326.018 speed: 10912 wps
0.100 perplexity: 225.485 speed: 11556 wps
0.200 perplexity: 224.393 speed: 11626 wps
0.300 perplexity: 223.963 speed: 11619 wps
0.400 perplexity: 223.478 speed: 11646 wps
0.500 perplexity: 222.854 speed: 11644 wps
0.600 perplexity: 222.702 speed: 11638 wps
0.700 perplexity: 222.430 speed: 11647 wps
0.800 perplexity: 222.056 speed: 11621 wps
0.900 perplexity: 221.686 speed: 11637 wps
1.000 perplexity: 221.313 speed: 11652 wps
Epoch: 3 Train Perplexity: 221.315
with(perplexity: 199.055) speed: 22530 wps
Epoch: 3 Valid Perplexity: 199.055
with(perplexity: 215.865) speed: 472 wps
Test Perplexity: 215.865
Saving model to /esat/spchtemp/scratch/robbe/SpeechHub/pretrained_tied_models_small/output/cbow_exp_lstm_0/cbow_exp_lstm_0.
hihi
