05/16/17 20:31:33 ******************************************************
05/16/17 20:31:33 ** condor_scheduniv_exec.1316.0 (CONDOR_DAGMAN) STARTING UP
05/16/17 20:31:33 ** /usr/bin/condor_dagman
05/16/17 20:31:33 ** SubsystemInfo: name=DAGMAN type=DAGMAN(10) class=DAEMON(1)
05/16/17 20:31:33 ** Configuration: subsystem:DAGMAN local:<NONE> class:DAEMON
05/16/17 20:31:33 ** $CondorVersion: 8.6.2 Apr 23 2017 BuildID: 404257 $
05/16/17 20:31:33 ** $CondorPlatform: x86_64_RedHat7 $
05/16/17 20:31:33 ** PID = 19265
05/16/17 20:31:33 ** Log last touched time unavailable (No such file or directory)
05/16/17 20:31:33 ******************************************************
05/16/17 20:31:33 Using config source: /etc/condor/condor_config
05/16/17 20:31:33 Using local config sources: 
05/16/17 20:31:33    /etc/condor/config.d/00esat.config
05/16/17 20:31:33    /etc/condor/config.d/01java.config
05/16/17 20:31:33    /etc/condor/config.d/80optout_users.config
05/16/17 20:31:33    /etc/condor/condor_config.local
05/16/17 20:31:33 config Macros = 166, Sorted = 166, StringBytes = 6038, TablesBytes = 6048
05/16/17 20:31:33 CLASSAD_CACHING is ENABLED
05/16/17 20:31:33 Daemon Log is logging: D_ALWAYS D_ERROR
05/16/17 20:31:33 DaemonCore: No command port requested.
05/16/17 20:31:33 DAGMAN_USE_STRICT setting: 1
05/16/17 20:31:33 DAGMAN_VERBOSITY setting: 3
05/16/17 20:31:33 DAGMAN_DEBUG_CACHE_SIZE setting: 5242880
05/16/17 20:31:33 DAGMAN_DEBUG_CACHE_ENABLE setting: False
05/16/17 20:31:33 DAGMAN_SUBMIT_DELAY setting: 0
05/16/17 20:31:33 DAGMAN_MAX_SUBMIT_ATTEMPTS setting: 6
05/16/17 20:31:33 DAGMAN_STARTUP_CYCLE_DETECT setting: False
05/16/17 20:31:33 DAGMAN_MAX_SUBMITS_PER_INTERVAL setting: 5
05/16/17 20:31:33 DAGMAN_USER_LOG_SCAN_INTERVAL setting: 5
05/16/17 20:31:33 DAGMAN_DEFAULT_PRIORITY setting: 0
05/16/17 20:31:33 DAGMAN_SUPPRESS_NOTIFICATION setting: True
05/16/17 20:31:33 allow_events (DAGMAN_ALLOW_EVENTS) setting: 114
05/16/17 20:31:33 DAGMAN_RETRY_SUBMIT_FIRST setting: True
05/16/17 20:31:33 DAGMAN_RETRY_NODE_FIRST setting: False
05/16/17 20:31:33 DAGMAN_MAX_JOBS_IDLE setting: 1000
05/16/17 20:31:33 DAGMAN_MAX_JOBS_SUBMITTED setting: 0
05/16/17 20:31:33 DAGMAN_MAX_PRE_SCRIPTS setting: 20
05/16/17 20:31:33 DAGMAN_MAX_POST_SCRIPTS setting: 20
05/16/17 20:31:33 DAGMAN_MUNGE_NODE_NAMES setting: True
05/16/17 20:31:33 DAGMAN_PROHIBIT_MULTI_JOBS setting: False
05/16/17 20:31:33 DAGMAN_SUBMIT_DEPTH_FIRST setting: False
05/16/17 20:31:33 DAGMAN_ALWAYS_RUN_POST setting: False
05/16/17 20:31:33 DAGMAN_ABORT_DUPLICATES setting: True
05/16/17 20:31:33 DAGMAN_ABORT_ON_SCARY_SUBMIT setting: True
05/16/17 20:31:33 DAGMAN_PENDING_REPORT_INTERVAL setting: 600
05/16/17 20:31:33 DAGMAN_AUTO_RESCUE setting: True
05/16/17 20:31:33 DAGMAN_MAX_RESCUE_NUM setting: 100
05/16/17 20:31:33 DAGMAN_WRITE_PARTIAL_RESCUE setting: True
05/16/17 20:31:33 DAGMAN_DEFAULT_NODE_LOG setting: @(DAG_DIR)/@(DAG_FILE).nodes.log
05/16/17 20:31:33 DAGMAN_GENERATE_SUBDAG_SUBMITS setting: True
05/16/17 20:31:33 DAGMAN_MAX_JOB_HOLDS setting: 100
05/16/17 20:31:33 DAGMAN_HOLD_CLAIM_TIME setting: 20
05/16/17 20:31:33 ALL_DEBUG setting: 
05/16/17 20:31:33 DAGMAN_DEBUG setting: 
05/16/17 20:31:33 DAGMAN_SUPPRESS_JOB_LOGS setting: False
05/16/17 20:31:33 DAGMAN_REMOVE_NODE_JOBS setting: True
05/16/17 20:31:33 argv[0] == "condor_scheduniv_exec.1316.0"
05/16/17 20:31:33 argv[1] == "-Lockfile"
05/16/17 20:31:33 argv[2] == "ds_cbow_tfidf_lstm.dag.lock"
05/16/17 20:31:33 argv[3] == "-AutoRescue"
05/16/17 20:31:33 argv[4] == "1"
05/16/17 20:31:33 argv[5] == "-DoRescueFrom"
05/16/17 20:31:33 argv[6] == "0"
05/16/17 20:31:33 argv[7] == "-Dag"
05/16/17 20:31:33 argv[8] == "ds_cbow_tfidf_lstm.dag"
05/16/17 20:31:33 argv[9] == "-Suppress_notification"
05/16/17 20:31:33 argv[10] == "-CsdVersion"
05/16/17 20:31:33 argv[11] == "$CondorVersion: 8.6.2 Apr 23 2017 BuildID: 404257 $"
05/16/17 20:31:33 argv[12] == "-Dagman"
05/16/17 20:31:33 argv[13] == "/usr/bin/condor_dagman"
05/16/17 20:31:33 Workflow batch-name: <ds_cbow_tfidf_lstm.dag+1316>
05/16/17 20:31:33 Workflow accounting_group: <>
05/16/17 20:31:33 Workflow accounting_group_user: <>
05/16/17 20:31:33 Warning: failed to get attribute DAGNodeName
05/16/17 20:31:33 DAGMAN_LOG_ON_NFS_IS_ERROR setting: False
05/16/17 20:31:33 Default node log file is: </esat/spchtemp/scratch/robbe/SpeechHub/pretrained_tied_models_small/python/jobdag/./ds_cbow_tfidf_lstm.dag.nodes.log>
05/16/17 20:31:33 DAG Lockfile will be written to ds_cbow_tfidf_lstm.dag.lock
05/16/17 20:31:33 DAG Input file is ds_cbow_tfidf_lstm.dag
05/16/17 20:31:33 Parsing 1 dagfiles
05/16/17 20:31:33 Parsing ds_cbow_tfidf_lstm.dag ...
05/16/17 20:31:33 Dag contains 2 total jobs
05/16/17 20:31:33 Sleeping for 3 seconds to ensure ProcessId uniqueness
05/16/17 20:31:36 Bootstrapping...
05/16/17 20:31:36 Number of pre-completed nodes: 0
05/16/17 20:31:36 MultiLogFiles: truncating log file /esat/spchtemp/scratch/robbe/SpeechHub/pretrained_tied_models_small/python/jobdag/./ds_cbow_tfidf_lstm.dag.nodes.log
05/16/17 20:31:36 DAG status: 0 (DAG_STATUS_OK)
05/16/17 20:31:36 Of 2 nodes total:
05/16/17 20:31:36  Done     Pre   Queued    Post   Ready   Un-Ready   Failed
05/16/17 20:31:36   ===     ===      ===     ===     ===        ===      ===
05/16/17 20:31:36     0       0        0       0       1          1        0
05/16/17 20:31:36 0 job proc(s) currently held
05/16/17 20:31:36 Registering condor_event_timer...
05/16/17 20:31:37 Submitting HTCondor Node cbow_tfidf_lstm job(s)...
05/16/17 20:31:37 Adding a DAGMan workflow log /esat/spchtemp/scratch/robbe/SpeechHub/pretrained_tied_models_small/python/jobdag/./ds_cbow_tfidf_lstm.dag.nodes.log
05/16/17 20:31:37 Masking the events recorded in the DAGMAN workflow log
05/16/17 20:31:37 Mask for workflow log is 0,1,2,4,5,7,9,10,11,12,13,16,17,24,27
05/16/17 20:31:37 submitting: /usr/bin/condor_submit -a dag_node_name' '=' 'cbow_tfidf_lstm -a +DAGManJobId' '=' '1316 -a DAGManJobId' '=' '1316 -batch-name ds_cbow_tfidf_lstm.dag+1316 -a submit_event_notes' '=' 'DAG' 'Node:' 'cbow_tfidf_lstm -a dagman_log' '=' '/esat/spchtemp/scratch/robbe/SpeechHub/pretrained_tied_models_small/python/jobdag/./ds_cbow_tfidf_lstm.dag.nodes.log -a +DAGManNodesMask' '=' '"0,1,2,4,5,7,9,10,11,12,13,16,17,24,27" -a data_set' '=' 'ds -a test_name' '=' 'cbow_tfidf_lstm -a num_run' '=' '0 -a combination' '=' 'tfidf -a DAG_STATUS' '=' '0 -a FAILED_COUNT' '=' '0 -a +KeepClaimIdle' '=' '20 -a notification' '=' 'never -a +DAGParentNodeNames' '=' '"" jobdag/cbow_lstm.job
05/16/17 20:31:37 From submit: Submitting job(s).
05/16/17 20:31:37 From submit: 1 job(s) submitted to cluster 1318.
05/16/17 20:31:37 	assigned HTCondor ID (1318.0.0)
05/16/17 20:31:37 Just submitted 1 job this cycle...
05/16/17 20:31:37 Currently monitoring 1 HTCondor log file(s)
05/16/17 20:31:37 Reassigning the id of job cbow_tfidf_lstm from (1318.0.0) to (1318.0.0)
05/16/17 20:31:37 Event: ULOG_SUBMIT for HTCondor Node cbow_tfidf_lstm (1318.0.0) {05/16/17 20:31:37}
05/16/17 20:31:37 Number of idle job procs: 1
05/16/17 20:31:37 DAG status: 0 (DAG_STATUS_OK)
05/16/17 20:31:37 Of 2 nodes total:
05/16/17 20:31:37  Done     Pre   Queued    Post   Ready   Un-Ready   Failed
05/16/17 20:31:37   ===     ===      ===     ===     ===        ===      ===
05/16/17 20:31:37     0       0        1       0       0          1        0
05/16/17 20:31:37 0 job proc(s) currently held
05/16/17 20:41:39 602 seconds since last log event
05/16/17 20:41:39 Pending DAG nodes:
05/16/17 20:41:39   Node cbow_tfidf_lstm, HTCondor ID 1318, status STATUS_SUBMITTED
05/16/17 20:51:41 1204 seconds since last log event
05/16/17 20:51:41 Pending DAG nodes:
05/16/17 20:51:41   Node cbow_tfidf_lstm, HTCondor ID 1318, status STATUS_SUBMITTED
05/16/17 21:01:43 1806 seconds since last log event
05/16/17 21:01:43 Pending DAG nodes:
05/16/17 21:01:43   Node cbow_tfidf_lstm, HTCondor ID 1318, status STATUS_SUBMITTED
05/16/17 21:11:45 2408 seconds since last log event
05/16/17 21:11:45 Pending DAG nodes:
05/16/17 21:11:45   Node cbow_tfidf_lstm, HTCondor ID 1318, status STATUS_SUBMITTED
05/16/17 21:21:46 3009 seconds since last log event
05/16/17 21:21:46 Pending DAG nodes:
05/16/17 21:21:46   Node cbow_tfidf_lstm, HTCondor ID 1318, status STATUS_SUBMITTED
05/16/17 21:31:48 3611 seconds since last log event
05/16/17 21:31:48 Pending DAG nodes:
05/16/17 21:31:48   Node cbow_tfidf_lstm, HTCondor ID 1318, status STATUS_SUBMITTED
05/16/17 21:41:50 4213 seconds since last log event
05/16/17 21:41:50 Pending DAG nodes:
05/16/17 21:41:50   Node cbow_tfidf_lstm, HTCondor ID 1318, status STATUS_SUBMITTED
05/16/17 21:51:51 4814 seconds since last log event
05/16/17 21:51:51 Pending DAG nodes:
05/16/17 21:51:51   Node cbow_tfidf_lstm, HTCondor ID 1318, status STATUS_SUBMITTED
05/16/17 22:01:52 5415 seconds since last log event
05/16/17 22:01:52 Pending DAG nodes:
05/16/17 22:01:52   Node cbow_tfidf_lstm, HTCondor ID 1318, status STATUS_SUBMITTED
05/16/17 22:11:54 6017 seconds since last log event
05/16/17 22:11:54 Pending DAG nodes:
05/16/17 22:11:54   Node cbow_tfidf_lstm, HTCondor ID 1318, status STATUS_SUBMITTED
05/16/17 22:21:56 6619 seconds since last log event
05/16/17 22:21:56 Pending DAG nodes:
05/16/17 22:21:56   Node cbow_tfidf_lstm, HTCondor ID 1318, status STATUS_SUBMITTED
05/16/17 22:31:58 7221 seconds since last log event
05/16/17 22:31:58 Pending DAG nodes:
05/16/17 22:31:58   Node cbow_tfidf_lstm, HTCondor ID 1318, status STATUS_SUBMITTED
05/16/17 22:41:59 7822 seconds since last log event
05/16/17 22:41:59 Pending DAG nodes:
05/16/17 22:41:59   Node cbow_tfidf_lstm, HTCondor ID 1318, status STATUS_SUBMITTED
05/16/17 22:52:01 8424 seconds since last log event
05/16/17 22:52:01 Pending DAG nodes:
05/16/17 22:52:01   Node cbow_tfidf_lstm, HTCondor ID 1318, status STATUS_SUBMITTED
05/16/17 23:02:01 9024 seconds since last log event
05/16/17 23:02:01 Pending DAG nodes:
05/16/17 23:02:01   Node cbow_tfidf_lstm, HTCondor ID 1318, status STATUS_SUBMITTED
05/16/17 23:12:03 9626 seconds since last log event
05/16/17 23:12:03 Pending DAG nodes:
05/16/17 23:12:03   Node cbow_tfidf_lstm, HTCondor ID 1318, status STATUS_SUBMITTED
05/16/17 23:22:05 10228 seconds since last log event
05/16/17 23:22:05 Pending DAG nodes:
05/16/17 23:22:05   Node cbow_tfidf_lstm, HTCondor ID 1318, status STATUS_SUBMITTED
05/16/17 23:32:07 10830 seconds since last log event
05/16/17 23:32:07 Pending DAG nodes:
05/16/17 23:32:07   Node cbow_tfidf_lstm, HTCondor ID 1318, status STATUS_SUBMITTED
05/16/17 23:42:08 11431 seconds since last log event
05/16/17 23:42:08 Pending DAG nodes:
05/16/17 23:42:08   Node cbow_tfidf_lstm, HTCondor ID 1318, status STATUS_SUBMITTED
05/16/17 23:52:10 12033 seconds since last log event
05/16/17 23:52:10 Pending DAG nodes:
05/16/17 23:52:10   Node cbow_tfidf_lstm, HTCondor ID 1318, status STATUS_SUBMITTED
05/17/17 00:02:12 12635 seconds since last log event
05/17/17 00:02:12 Pending DAG nodes:
05/17/17 00:02:12   Node cbow_tfidf_lstm, HTCondor ID 1318, status STATUS_SUBMITTED
05/17/17 00:12:13 13236 seconds since last log event
05/17/17 00:12:13 Pending DAG nodes:
05/17/17 00:12:13   Node cbow_tfidf_lstm, HTCondor ID 1318, status STATUS_SUBMITTED
05/17/17 00:22:15 13838 seconds since last log event
05/17/17 00:22:15 Pending DAG nodes:
05/17/17 00:22:15   Node cbow_tfidf_lstm, HTCondor ID 1318, status STATUS_SUBMITTED
05/17/17 00:32:16 14439 seconds since last log event
05/17/17 00:32:16 Pending DAG nodes:
05/17/17 00:32:16   Node cbow_tfidf_lstm, HTCondor ID 1318, status STATUS_SUBMITTED
05/17/17 00:42:18 15041 seconds since last log event
05/17/17 00:42:18 Pending DAG nodes:
05/17/17 00:42:18   Node cbow_tfidf_lstm, HTCondor ID 1318, status STATUS_SUBMITTED
05/17/17 00:52:20 15643 seconds since last log event
05/17/17 00:52:20 Pending DAG nodes:
05/17/17 00:52:20   Node cbow_tfidf_lstm, HTCondor ID 1318, status STATUS_SUBMITTED
05/17/17 01:02:21 16244 seconds since last log event
05/17/17 01:02:21 Pending DAG nodes:
05/17/17 01:02:21   Node cbow_tfidf_lstm, HTCondor ID 1318, status STATUS_SUBMITTED
05/17/17 01:12:23 16846 seconds since last log event
05/17/17 01:12:23 Pending DAG nodes:
05/17/17 01:12:23   Node cbow_tfidf_lstm, HTCondor ID 1318, status STATUS_SUBMITTED
05/17/17 01:22:25 17448 seconds since last log event
05/17/17 01:22:25 Pending DAG nodes:
05/17/17 01:22:25   Node cbow_tfidf_lstm, HTCondor ID 1318, status STATUS_SUBMITTED
05/17/17 01:32:26 18049 seconds since last log event
05/17/17 01:32:26 Pending DAG nodes:
05/17/17 01:32:26   Node cbow_tfidf_lstm, HTCondor ID 1318, status STATUS_SUBMITTED
05/17/17 01:42:27 18650 seconds since last log event
05/17/17 01:42:27 Pending DAG nodes:
05/17/17 01:42:27   Node cbow_tfidf_lstm, HTCondor ID 1318, status STATUS_SUBMITTED
05/17/17 01:52:29 19252 seconds since last log event
05/17/17 01:52:29 Pending DAG nodes:
05/17/17 01:52:29   Node cbow_tfidf_lstm, HTCondor ID 1318, status STATUS_SUBMITTED
05/17/17 02:02:31 19854 seconds since last log event
05/17/17 02:02:31 Pending DAG nodes:
05/17/17 02:02:31   Node cbow_tfidf_lstm, HTCondor ID 1318, status STATUS_SUBMITTED
05/17/17 02:12:32 20455 seconds since last log event
05/17/17 02:12:32 Pending DAG nodes:
05/17/17 02:12:32   Node cbow_tfidf_lstm, HTCondor ID 1318, status STATUS_SUBMITTED
05/17/17 02:22:33 21056 seconds since last log event
05/17/17 02:22:33 Pending DAG nodes:
05/17/17 02:22:33   Node cbow_tfidf_lstm, HTCondor ID 1318, status STATUS_SUBMITTED
05/17/17 02:32:35 21658 seconds since last log event
05/17/17 02:32:35 Pending DAG nodes:
05/17/17 02:32:35   Node cbow_tfidf_lstm, HTCondor ID 1318, status STATUS_SUBMITTED
05/17/17 02:42:37 22260 seconds since last log event
05/17/17 02:42:37 Pending DAG nodes:
05/17/17 02:42:37   Node cbow_tfidf_lstm, HTCondor ID 1318, status STATUS_SUBMITTED
05/17/17 02:52:38 22861 seconds since last log event
05/17/17 02:52:38 Pending DAG nodes:
05/17/17 02:52:38   Node cbow_tfidf_lstm, HTCondor ID 1318, status STATUS_SUBMITTED
05/17/17 03:02:40 23463 seconds since last log event
05/17/17 03:02:40 Pending DAG nodes:
05/17/17 03:02:40   Node cbow_tfidf_lstm, HTCondor ID 1318, status STATUS_SUBMITTED
05/17/17 03:12:42 24065 seconds since last log event
05/17/17 03:12:42 Pending DAG nodes:
05/17/17 03:12:42   Node cbow_tfidf_lstm, HTCondor ID 1318, status STATUS_SUBMITTED
05/17/17 03:22:44 24667 seconds since last log event
05/17/17 03:22:44 Pending DAG nodes:
05/17/17 03:22:44   Node cbow_tfidf_lstm, HTCondor ID 1318, status STATUS_SUBMITTED
05/17/17 03:32:46 25269 seconds since last log event
05/17/17 03:32:46 Pending DAG nodes:
05/17/17 03:32:46   Node cbow_tfidf_lstm, HTCondor ID 1318, status STATUS_SUBMITTED
05/17/17 03:42:47 25870 seconds since last log event
05/17/17 03:42:47 Pending DAG nodes:
05/17/17 03:42:47   Node cbow_tfidf_lstm, HTCondor ID 1318, status STATUS_SUBMITTED
05/17/17 03:52:49 26472 seconds since last log event
05/17/17 03:52:49 Pending DAG nodes:
05/17/17 03:52:49   Node cbow_tfidf_lstm, HTCondor ID 1318, status STATUS_SUBMITTED
05/17/17 04:02:51 27074 seconds since last log event
05/17/17 04:02:51 Pending DAG nodes:
05/17/17 04:02:51   Node cbow_tfidf_lstm, HTCondor ID 1318, status STATUS_SUBMITTED
05/17/17 04:12:53 27676 seconds since last log event
05/17/17 04:12:53 Pending DAG nodes:
05/17/17 04:12:53   Node cbow_tfidf_lstm, HTCondor ID 1318, status STATUS_SUBMITTED
05/17/17 04:22:55 28278 seconds since last log event
05/17/17 04:22:55 Pending DAG nodes:
05/17/17 04:22:55   Node cbow_tfidf_lstm, HTCondor ID 1318, status STATUS_SUBMITTED
05/17/17 04:32:56 28879 seconds since last log event
05/17/17 04:32:56 Pending DAG nodes:
05/17/17 04:32:56   Node cbow_tfidf_lstm, HTCondor ID 1318, status STATUS_SUBMITTED
05/17/17 04:42:58 29481 seconds since last log event
05/17/17 04:42:58 Pending DAG nodes:
05/17/17 04:42:58   Node cbow_tfidf_lstm, HTCondor ID 1318, status STATUS_SUBMITTED
05/17/17 04:53:00 30083 seconds since last log event
05/17/17 04:53:00 Pending DAG nodes:
05/17/17 04:53:00   Node cbow_tfidf_lstm, HTCondor ID 1318, status STATUS_SUBMITTED
05/17/17 05:03:02 30685 seconds since last log event
05/17/17 05:03:02 Pending DAG nodes:
05/17/17 05:03:02   Node cbow_tfidf_lstm, HTCondor ID 1318, status STATUS_SUBMITTED
05/17/17 05:13:02 31285 seconds since last log event
05/17/17 05:13:02 Pending DAG nodes:
05/17/17 05:13:02   Node cbow_tfidf_lstm, HTCondor ID 1318, status STATUS_SUBMITTED
05/17/17 05:23:04 31887 seconds since last log event
05/17/17 05:23:04 Pending DAG nodes:
05/17/17 05:23:04   Node cbow_tfidf_lstm, HTCondor ID 1318, status STATUS_SUBMITTED
05/17/17 05:33:06 32489 seconds since last log event
05/17/17 05:33:06 Pending DAG nodes:
05/17/17 05:33:06   Node cbow_tfidf_lstm, HTCondor ID 1318, status STATUS_SUBMITTED
05/17/17 05:43:07 33090 seconds since last log event
05/17/17 05:43:07 Pending DAG nodes:
05/17/17 05:43:07   Node cbow_tfidf_lstm, HTCondor ID 1318, status STATUS_SUBMITTED
05/17/17 05:53:08 33691 seconds since last log event
05/17/17 05:53:08 Pending DAG nodes:
05/17/17 05:53:08   Node cbow_tfidf_lstm, HTCondor ID 1318, status STATUS_SUBMITTED
05/17/17 06:03:10 34293 seconds since last log event
05/17/17 06:03:10 Pending DAG nodes:
05/17/17 06:03:10   Node cbow_tfidf_lstm, HTCondor ID 1318, status STATUS_SUBMITTED
05/17/17 06:13:12 34895 seconds since last log event
05/17/17 06:13:12 Pending DAG nodes:
05/17/17 06:13:12   Node cbow_tfidf_lstm, HTCondor ID 1318, status STATUS_SUBMITTED
05/17/17 06:23:14 35497 seconds since last log event
05/17/17 06:23:14 Pending DAG nodes:
05/17/17 06:23:14   Node cbow_tfidf_lstm, HTCondor ID 1318, status STATUS_SUBMITTED
05/17/17 06:33:16 36099 seconds since last log event
05/17/17 06:33:16 Pending DAG nodes:
05/17/17 06:33:16   Node cbow_tfidf_lstm, HTCondor ID 1318, status STATUS_SUBMITTED
05/17/17 06:43:18 36701 seconds since last log event
05/17/17 06:43:18 Pending DAG nodes:
05/17/17 06:43:18   Node cbow_tfidf_lstm, HTCondor ID 1318, status STATUS_SUBMITTED
05/17/17 06:53:20 37303 seconds since last log event
05/17/17 06:53:20 Pending DAG nodes:
05/17/17 06:53:20   Node cbow_tfidf_lstm, HTCondor ID 1318, status STATUS_SUBMITTED
05/17/17 07:03:21 37904 seconds since last log event
05/17/17 07:03:21 Pending DAG nodes:
05/17/17 07:03:21   Node cbow_tfidf_lstm, HTCondor ID 1318, status STATUS_SUBMITTED
05/17/17 07:13:23 38506 seconds since last log event
05/17/17 07:13:23 Pending DAG nodes:
05/17/17 07:13:23   Node cbow_tfidf_lstm, HTCondor ID 1318, status STATUS_SUBMITTED
05/17/17 07:23:24 39107 seconds since last log event
05/17/17 07:23:24 Pending DAG nodes:
05/17/17 07:23:24   Node cbow_tfidf_lstm, HTCondor ID 1318, status STATUS_SUBMITTED
05/17/17 07:33:25 39708 seconds since last log event
05/17/17 07:33:25 Pending DAG nodes:
05/17/17 07:33:25   Node cbow_tfidf_lstm, HTCondor ID 1318, status STATUS_SUBMITTED
05/17/17 07:43:27 40310 seconds since last log event
05/17/17 07:43:27 Pending DAG nodes:
05/17/17 07:43:27   Node cbow_tfidf_lstm, HTCondor ID 1318, status STATUS_SUBMITTED
05/17/17 07:53:28 40911 seconds since last log event
05/17/17 07:53:28 Pending DAG nodes:
05/17/17 07:53:28   Node cbow_tfidf_lstm, HTCondor ID 1318, status STATUS_SUBMITTED
05/17/17 08:03:30 41513 seconds since last log event
05/17/17 08:03:30 Pending DAG nodes:
05/17/17 08:03:30   Node cbow_tfidf_lstm, HTCondor ID 1318, status STATUS_SUBMITTED
05/17/17 08:13:32 42115 seconds since last log event
05/17/17 08:13:32 Pending DAG nodes:
05/17/17 08:13:32   Node cbow_tfidf_lstm, HTCondor ID 1318, status STATUS_SUBMITTED
05/17/17 08:23:34 42717 seconds since last log event
05/17/17 08:23:34 Pending DAG nodes:
05/17/17 08:23:34   Node cbow_tfidf_lstm, HTCondor ID 1318, status STATUS_SUBMITTED
05/17/17 08:33:36 43319 seconds since last log event
05/17/17 08:33:36 Pending DAG nodes:
05/17/17 08:33:36   Node cbow_tfidf_lstm, HTCondor ID 1318, status STATUS_SUBMITTED
05/17/17 08:43:38 43921 seconds since last log event
05/17/17 08:43:38 Pending DAG nodes:
05/17/17 08:43:38   Node cbow_tfidf_lstm, HTCondor ID 1318, status STATUS_SUBMITTED
05/17/17 08:53:40 44523 seconds since last log event
05/17/17 08:53:40 Pending DAG nodes:
05/17/17 08:53:40   Node cbow_tfidf_lstm, HTCondor ID 1318, status STATUS_SUBMITTED
05/17/17 09:03:42 45125 seconds since last log event
05/17/17 09:03:42 Pending DAG nodes:
05/17/17 09:03:42   Node cbow_tfidf_lstm, HTCondor ID 1318, status STATUS_SUBMITTED
05/17/17 09:13:44 45727 seconds since last log event
05/17/17 09:13:44 Pending DAG nodes:
05/17/17 09:13:44   Node cbow_tfidf_lstm, HTCondor ID 1318, status STATUS_SUBMITTED
05/17/17 09:23:46 46329 seconds since last log event
05/17/17 09:23:46 Pending DAG nodes:
05/17/17 09:23:46   Node cbow_tfidf_lstm, HTCondor ID 1318, status STATUS_SUBMITTED
05/17/17 09:33:48 46931 seconds since last log event
05/17/17 09:33:48 Pending DAG nodes:
05/17/17 09:33:48   Node cbow_tfidf_lstm, HTCondor ID 1318, status STATUS_SUBMITTED
05/17/17 09:43:50 47533 seconds since last log event
05/17/17 09:43:50 Pending DAG nodes:
05/17/17 09:43:50   Node cbow_tfidf_lstm, HTCondor ID 1318, status STATUS_SUBMITTED
05/17/17 09:53:51 48134 seconds since last log event
05/17/17 09:53:51 Pending DAG nodes:
05/17/17 09:53:51   Node cbow_tfidf_lstm, HTCondor ID 1318, status STATUS_SUBMITTED
05/17/17 10:03:53 48736 seconds since last log event
05/17/17 10:03:53 Pending DAG nodes:
05/17/17 10:03:53   Node cbow_tfidf_lstm, HTCondor ID 1318, status STATUS_SUBMITTED
05/17/17 10:13:55 49338 seconds since last log event
05/17/17 10:13:55 Pending DAG nodes:
05/17/17 10:13:55   Node cbow_tfidf_lstm, HTCondor ID 1318, status STATUS_SUBMITTED
05/17/17 10:23:56 49939 seconds since last log event
05/17/17 10:23:56 Pending DAG nodes:
05/17/17 10:23:56   Node cbow_tfidf_lstm, HTCondor ID 1318, status STATUS_SUBMITTED
05/17/17 10:33:57 50540 seconds since last log event
05/17/17 10:33:57 Pending DAG nodes:
05/17/17 10:33:57   Node cbow_tfidf_lstm, HTCondor ID 1318, status STATUS_SUBMITTED
05/17/17 10:43:59 51142 seconds since last log event
05/17/17 10:43:59 Pending DAG nodes:
05/17/17 10:43:59   Node cbow_tfidf_lstm, HTCondor ID 1318, status STATUS_SUBMITTED
05/17/17 10:54:01 51744 seconds since last log event
05/17/17 10:54:01 Pending DAG nodes:
05/17/17 10:54:01   Node cbow_tfidf_lstm, HTCondor ID 1318, status STATUS_SUBMITTED
05/17/17 11:04:03 52346 seconds since last log event
05/17/17 11:04:03 Pending DAG nodes:
05/17/17 11:04:03   Node cbow_tfidf_lstm, HTCondor ID 1318, status STATUS_SUBMITTED
05/17/17 11:14:03 52946 seconds since last log event
05/17/17 11:14:03 Pending DAG nodes:
05/17/17 11:14:03   Node cbow_tfidf_lstm, HTCondor ID 1318, status STATUS_SUBMITTED
05/17/17 11:24:05 53548 seconds since last log event
05/17/17 11:24:05 Pending DAG nodes:
05/17/17 11:24:05   Node cbow_tfidf_lstm, HTCondor ID 1318, status STATUS_SUBMITTED
05/17/17 11:34:07 54150 seconds since last log event
05/17/17 11:34:07 Pending DAG nodes:
05/17/17 11:34:07   Node cbow_tfidf_lstm, HTCondor ID 1318, status STATUS_SUBMITTED
05/17/17 11:44:08 54751 seconds since last log event
05/17/17 11:44:08 Pending DAG nodes:
05/17/17 11:44:08   Node cbow_tfidf_lstm, HTCondor ID 1318, status STATUS_SUBMITTED
05/17/17 11:54:10 55353 seconds since last log event
05/17/17 11:54:10 Pending DAG nodes:
05/17/17 11:54:10   Node cbow_tfidf_lstm, HTCondor ID 1318, status STATUS_SUBMITTED
05/17/17 12:04:11 55954 seconds since last log event
05/17/17 12:04:11 Pending DAG nodes:
05/17/17 12:04:11   Node cbow_tfidf_lstm, HTCondor ID 1318, status STATUS_SUBMITTED
05/17/17 12:14:13 56556 seconds since last log event
05/17/17 12:14:13 Pending DAG nodes:
05/17/17 12:14:13   Node cbow_tfidf_lstm, HTCondor ID 1318, status STATUS_SUBMITTED
05/17/17 12:24:15 57158 seconds since last log event
05/17/17 12:24:15 Pending DAG nodes:
05/17/17 12:24:15   Node cbow_tfidf_lstm, HTCondor ID 1318, status STATUS_SUBMITTED
05/17/17 12:34:17 57760 seconds since last log event
05/17/17 12:34:17 Pending DAG nodes:
05/17/17 12:34:17   Node cbow_tfidf_lstm, HTCondor ID 1318, status STATUS_SUBMITTED
05/17/17 12:44:19 58362 seconds since last log event
05/17/17 12:44:19 Pending DAG nodes:
05/17/17 12:44:19   Node cbow_tfidf_lstm, HTCondor ID 1318, status STATUS_SUBMITTED
05/17/17 12:54:20 58963 seconds since last log event
05/17/17 12:54:20 Pending DAG nodes:
05/17/17 12:54:20   Node cbow_tfidf_lstm, HTCondor ID 1318, status STATUS_SUBMITTED
05/17/17 13:04:22 59565 seconds since last log event
05/17/17 13:04:22 Pending DAG nodes:
05/17/17 13:04:22   Node cbow_tfidf_lstm, HTCondor ID 1318, status STATUS_SUBMITTED
05/17/17 13:14:24 60167 seconds since last log event
05/17/17 13:14:24 Pending DAG nodes:
05/17/17 13:14:24   Node cbow_tfidf_lstm, HTCondor ID 1318, status STATUS_SUBMITTED
05/17/17 13:24:26 60769 seconds since last log event
05/17/17 13:24:26 Pending DAG nodes:
05/17/17 13:24:26   Node cbow_tfidf_lstm, HTCondor ID 1318, status STATUS_SUBMITTED
05/17/17 13:34:28 61371 seconds since last log event
05/17/17 13:34:28 Pending DAG nodes:
05/17/17 13:34:28   Node cbow_tfidf_lstm, HTCondor ID 1318, status STATUS_SUBMITTED
05/17/17 13:44:30 61973 seconds since last log event
05/17/17 13:44:30 Pending DAG nodes:
05/17/17 13:44:30   Node cbow_tfidf_lstm, HTCondor ID 1318, status STATUS_SUBMITTED
05/17/17 13:54:31 62574 seconds since last log event
05/17/17 13:54:31 Pending DAG nodes:
05/17/17 13:54:31   Node cbow_tfidf_lstm, HTCondor ID 1318, status STATUS_SUBMITTED
05/17/17 14:04:32 63175 seconds since last log event
05/17/17 14:04:32 Pending DAG nodes:
05/17/17 14:04:32   Node cbow_tfidf_lstm, HTCondor ID 1318, status STATUS_SUBMITTED
05/17/17 14:14:34 63777 seconds since last log event
05/17/17 14:14:34 Pending DAG nodes:
05/17/17 14:14:34   Node cbow_tfidf_lstm, HTCondor ID 1318, status STATUS_SUBMITTED
05/17/17 14:24:35 64378 seconds since last log event
05/17/17 14:24:35 Pending DAG nodes:
05/17/17 14:24:35   Node cbow_tfidf_lstm, HTCondor ID 1318, status STATUS_SUBMITTED
05/17/17 14:34:37 64980 seconds since last log event
05/17/17 14:34:37 Pending DAG nodes:
05/17/17 14:34:37   Node cbow_tfidf_lstm, HTCondor ID 1318, status STATUS_SUBMITTED
05/17/17 14:44:39 65582 seconds since last log event
05/17/17 14:44:39 Pending DAG nodes:
05/17/17 14:44:39   Node cbow_tfidf_lstm, HTCondor ID 1318, status STATUS_SUBMITTED
05/17/17 14:54:40 66183 seconds since last log event
05/17/17 14:54:40 Pending DAG nodes:
05/17/17 14:54:40   Node cbow_tfidf_lstm, HTCondor ID 1318, status STATUS_SUBMITTED
05/17/17 15:04:42 66785 seconds since last log event
05/17/17 15:04:42 Pending DAG nodes:
05/17/17 15:04:42   Node cbow_tfidf_lstm, HTCondor ID 1318, status STATUS_SUBMITTED
05/17/17 15:14:43 67386 seconds since last log event
05/17/17 15:14:43 Pending DAG nodes:
05/17/17 15:14:43   Node cbow_tfidf_lstm, HTCondor ID 1318, status STATUS_SUBMITTED
05/17/17 15:24:44 67987 seconds since last log event
05/17/17 15:24:44 Pending DAG nodes:
05/17/17 15:24:44   Node cbow_tfidf_lstm, HTCondor ID 1318, status STATUS_SUBMITTED
05/17/17 15:34:46 68589 seconds since last log event
05/17/17 15:34:46 Pending DAG nodes:
05/17/17 15:34:46   Node cbow_tfidf_lstm, HTCondor ID 1318, status STATUS_SUBMITTED
05/17/17 15:44:48 69191 seconds since last log event
05/17/17 15:44:48 Pending DAG nodes:
05/17/17 15:44:48   Node cbow_tfidf_lstm, HTCondor ID 1318, status STATUS_SUBMITTED
05/17/17 15:54:51 69794 seconds since last log event
05/17/17 15:54:51 Pending DAG nodes:
05/17/17 15:54:51   Node cbow_tfidf_lstm, HTCondor ID 1318, status STATUS_SUBMITTED
05/17/17 16:04:53 70396 seconds since last log event
05/17/17 16:04:53 Pending DAG nodes:
05/17/17 16:04:53   Node cbow_tfidf_lstm, HTCondor ID 1318, status STATUS_SUBMITTED
05/17/17 16:14:56 70999 seconds since last log event
05/17/17 16:14:56 Pending DAG nodes:
05/17/17 16:14:56   Node cbow_tfidf_lstm, HTCondor ID 1318, status STATUS_SUBMITTED
05/17/17 16:24:58 71601 seconds since last log event
05/17/17 16:24:58 Pending DAG nodes:
05/17/17 16:24:58   Node cbow_tfidf_lstm, HTCondor ID 1318, status STATUS_SUBMITTED
05/17/17 16:35:01 72204 seconds since last log event
05/17/17 16:35:01 Pending DAG nodes:
05/17/17 16:35:01   Node cbow_tfidf_lstm, HTCondor ID 1318, status STATUS_SUBMITTED
05/17/17 16:45:04 72807 seconds since last log event
05/17/17 16:45:04 Pending DAG nodes:
05/17/17 16:45:04   Node cbow_tfidf_lstm, HTCondor ID 1318, status STATUS_SUBMITTED
05/17/17 16:55:05 73408 seconds since last log event
05/17/17 16:55:05 Pending DAG nodes:
05/17/17 16:55:05   Node cbow_tfidf_lstm, HTCondor ID 1318, status STATUS_SUBMITTED
05/17/17 17:05:08 74011 seconds since last log event
05/17/17 17:05:08 Pending DAG nodes:
05/17/17 17:05:08   Node cbow_tfidf_lstm, HTCondor ID 1318, status STATUS_SUBMITTED
05/17/17 17:15:11 74614 seconds since last log event
05/17/17 17:15:11 Pending DAG nodes:
05/17/17 17:15:11   Node cbow_tfidf_lstm, HTCondor ID 1318, status STATUS_SUBMITTED
05/17/17 17:25:14 75217 seconds since last log event
05/17/17 17:25:14 Pending DAG nodes:
05/17/17 17:25:14   Node cbow_tfidf_lstm, HTCondor ID 1318, status STATUS_SUBMITTED
05/17/17 17:35:16 75819 seconds since last log event
05/17/17 17:35:16 Pending DAG nodes:
05/17/17 17:35:16   Node cbow_tfidf_lstm, HTCondor ID 1318, status STATUS_SUBMITTED
05/17/17 17:45:19 76422 seconds since last log event
05/17/17 17:45:19 Pending DAG nodes:
05/17/17 17:45:19   Node cbow_tfidf_lstm, HTCondor ID 1318, status STATUS_SUBMITTED
05/17/17 17:55:21 77024 seconds since last log event
05/17/17 17:55:21 Pending DAG nodes:
05/17/17 17:55:21   Node cbow_tfidf_lstm, HTCondor ID 1318, status STATUS_SUBMITTED
05/17/17 18:05:24 77627 seconds since last log event
05/17/17 18:05:24 Pending DAG nodes:
05/17/17 18:05:24   Node cbow_tfidf_lstm, HTCondor ID 1318, status STATUS_SUBMITTED
05/17/17 18:15:26 78229 seconds since last log event
05/17/17 18:15:26 Pending DAG nodes:
05/17/17 18:15:26   Node cbow_tfidf_lstm, HTCondor ID 1318, status STATUS_SUBMITTED
05/17/17 18:25:29 78832 seconds since last log event
05/17/17 18:25:29 Pending DAG nodes:
05/17/17 18:25:29   Node cbow_tfidf_lstm, HTCondor ID 1318, status STATUS_SUBMITTED
05/17/17 18:35:31 79434 seconds since last log event
05/17/17 18:35:31 Pending DAG nodes:
05/17/17 18:35:31   Node cbow_tfidf_lstm, HTCondor ID 1318, status STATUS_SUBMITTED
05/17/17 18:45:33 80036 seconds since last log event
05/17/17 18:45:33 Pending DAG nodes:
05/17/17 18:45:33   Node cbow_tfidf_lstm, HTCondor ID 1318, status STATUS_SUBMITTED
05/17/17 18:55:36 80639 seconds since last log event
05/17/17 18:55:36 Pending DAG nodes:
05/17/17 18:55:36   Node cbow_tfidf_lstm, HTCondor ID 1318, status STATUS_SUBMITTED
05/17/17 19:05:38 81241 seconds since last log event
05/17/17 19:05:38 Pending DAG nodes:
05/17/17 19:05:38   Node cbow_tfidf_lstm, HTCondor ID 1318, status STATUS_SUBMITTED
05/17/17 19:15:41 81844 seconds since last log event
05/17/17 19:15:41 Pending DAG nodes:
05/17/17 19:15:41   Node cbow_tfidf_lstm, HTCondor ID 1318, status STATUS_SUBMITTED
05/17/17 19:25:43 82446 seconds since last log event
05/17/17 19:25:43 Pending DAG nodes:
05/17/17 19:25:43   Node cbow_tfidf_lstm, HTCondor ID 1318, status STATUS_SUBMITTED
05/17/17 19:35:45 83048 seconds since last log event
05/17/17 19:35:45 Pending DAG nodes:
05/17/17 19:35:45   Node cbow_tfidf_lstm, HTCondor ID 1318, status STATUS_SUBMITTED
05/17/17 19:45:48 83651 seconds since last log event
05/17/17 19:45:48 Pending DAG nodes:
05/17/17 19:45:48   Node cbow_tfidf_lstm, HTCondor ID 1318, status STATUS_SUBMITTED
05/17/17 19:55:49 84252 seconds since last log event
05/17/17 19:55:49 Pending DAG nodes:
05/17/17 19:55:49   Node cbow_tfidf_lstm, HTCondor ID 1318, status STATUS_SUBMITTED
05/17/17 20:05:52 84855 seconds since last log event
05/17/17 20:05:52 Pending DAG nodes:
05/17/17 20:05:52   Node cbow_tfidf_lstm, HTCondor ID 1318, status STATUS_SUBMITTED
05/17/17 20:15:54 85457 seconds since last log event
05/17/17 20:15:54 Pending DAG nodes:
05/17/17 20:15:54   Node cbow_tfidf_lstm, HTCondor ID 1318, status STATUS_SUBMITTED
05/17/17 20:25:56 86059 seconds since last log event
05/17/17 20:25:56 Pending DAG nodes:
05/17/17 20:25:56   Node cbow_tfidf_lstm, HTCondor ID 1318, status STATUS_SUBMITTED
05/17/17 20:35:59 86662 seconds since last log event
05/17/17 20:35:59 Pending DAG nodes:
05/17/17 20:35:59   Node cbow_tfidf_lstm, HTCondor ID 1318, status STATUS_SUBMITTED
05/17/17 20:46:00 87263 seconds since last log event
05/17/17 20:46:00 Pending DAG nodes:
05/17/17 20:46:00   Node cbow_tfidf_lstm, HTCondor ID 1318, status STATUS_SUBMITTED
05/17/17 20:56:03 87866 seconds since last log event
05/17/17 20:56:03 Pending DAG nodes:
05/17/17 20:56:03   Node cbow_tfidf_lstm, HTCondor ID 1318, status STATUS_SUBMITTED
05/17/17 21:06:05 88468 seconds since last log event
05/17/17 21:06:05 Pending DAG nodes:
05/17/17 21:06:05   Node cbow_tfidf_lstm, HTCondor ID 1318, status STATUS_SUBMITTED
05/17/17 21:16:08 89071 seconds since last log event
05/17/17 21:16:08 Pending DAG nodes:
05/17/17 21:16:08   Node cbow_tfidf_lstm, HTCondor ID 1318, status STATUS_SUBMITTED
05/17/17 21:26:10 89673 seconds since last log event
05/17/17 21:26:10 Pending DAG nodes:
05/17/17 21:26:10   Node cbow_tfidf_lstm, HTCondor ID 1318, status STATUS_SUBMITTED
05/17/17 21:36:13 90276 seconds since last log event
05/17/17 21:36:13 Pending DAG nodes:
05/17/17 21:36:13   Node cbow_tfidf_lstm, HTCondor ID 1318, status STATUS_SUBMITTED
05/17/17 21:46:15 90878 seconds since last log event
05/17/17 21:46:15 Pending DAG nodes:
05/17/17 21:46:15   Node cbow_tfidf_lstm, HTCondor ID 1318, status STATUS_SUBMITTED
05/17/17 21:56:18 91481 seconds since last log event
05/17/17 21:56:18 Pending DAG nodes:
05/17/17 21:56:18   Node cbow_tfidf_lstm, HTCondor ID 1318, status STATUS_SUBMITTED
05/17/17 22:06:19 92082 seconds since last log event
05/17/17 22:06:19 Pending DAG nodes:
05/17/17 22:06:19   Node cbow_tfidf_lstm, HTCondor ID 1318, status STATUS_SUBMITTED
05/17/17 22:16:22 92685 seconds since last log event
05/17/17 22:16:22 Pending DAG nodes:
05/17/17 22:16:22   Node cbow_tfidf_lstm, HTCondor ID 1318, status STATUS_SUBMITTED
05/17/17 22:26:24 93287 seconds since last log event
05/17/17 22:26:24 Pending DAG nodes:
05/17/17 22:26:24   Node cbow_tfidf_lstm, HTCondor ID 1318, status STATUS_SUBMITTED
05/17/17 22:36:27 93890 seconds since last log event
05/17/17 22:36:27 Pending DAG nodes:
05/17/17 22:36:27   Node cbow_tfidf_lstm, HTCondor ID 1318, status STATUS_SUBMITTED
05/17/17 22:46:29 94492 seconds since last log event
05/17/17 22:46:29 Pending DAG nodes:
05/17/17 22:46:29   Node cbow_tfidf_lstm, HTCondor ID 1318, status STATUS_SUBMITTED
05/17/17 22:56:32 95095 seconds since last log event
05/17/17 22:56:32 Pending DAG nodes:
05/17/17 22:56:32   Node cbow_tfidf_lstm, HTCondor ID 1318, status STATUS_SUBMITTED
05/17/17 23:06:34 95697 seconds since last log event
05/17/17 23:06:34 Pending DAG nodes:
05/17/17 23:06:34   Node cbow_tfidf_lstm, HTCondor ID 1318, status STATUS_SUBMITTED
05/17/17 23:16:37 96300 seconds since last log event
05/17/17 23:16:37 Pending DAG nodes:
05/17/17 23:16:37   Node cbow_tfidf_lstm, HTCondor ID 1318, status STATUS_SUBMITTED
05/17/17 23:26:39 96902 seconds since last log event
05/17/17 23:26:39 Pending DAG nodes:
05/17/17 23:26:39   Node cbow_tfidf_lstm, HTCondor ID 1318, status STATUS_SUBMITTED
05/17/17 23:36:42 97505 seconds since last log event
05/17/17 23:36:42 Pending DAG nodes:
05/17/17 23:36:42   Node cbow_tfidf_lstm, HTCondor ID 1318, status STATUS_SUBMITTED
05/17/17 23:46:44 98107 seconds since last log event
05/17/17 23:46:44 Pending DAG nodes:
05/17/17 23:46:44   Node cbow_tfidf_lstm, HTCondor ID 1318, status STATUS_SUBMITTED
05/17/17 23:56:46 98709 seconds since last log event
05/17/17 23:56:46 Pending DAG nodes:
05/17/17 23:56:46   Node cbow_tfidf_lstm, HTCondor ID 1318, status STATUS_SUBMITTED
05/18/17 00:06:49 99312 seconds since last log event
05/18/17 00:06:49 Pending DAG nodes:
05/18/17 00:06:49   Node cbow_tfidf_lstm, HTCondor ID 1318, status STATUS_SUBMITTED
05/18/17 00:16:51 99914 seconds since last log event
05/18/17 00:16:51 Pending DAG nodes:
05/18/17 00:16:51   Node cbow_tfidf_lstm, HTCondor ID 1318, status STATUS_SUBMITTED
05/18/17 00:26:54 100517 seconds since last log event
05/18/17 00:26:54 Pending DAG nodes:
05/18/17 00:26:54   Node cbow_tfidf_lstm, HTCondor ID 1318, status STATUS_SUBMITTED
05/18/17 00:36:56 101119 seconds since last log event
05/18/17 00:36:56 Pending DAG nodes:
05/18/17 00:36:56   Node cbow_tfidf_lstm, HTCondor ID 1318, status STATUS_SUBMITTED
05/18/17 00:46:59 101722 seconds since last log event
05/18/17 00:46:59 Pending DAG nodes:
05/18/17 00:46:59   Node cbow_tfidf_lstm, HTCondor ID 1318, status STATUS_SUBMITTED
05/18/17 00:57:00 102323 seconds since last log event
05/18/17 00:57:00 Pending DAG nodes:
05/18/17 00:57:00   Node cbow_tfidf_lstm, HTCondor ID 1318, status STATUS_SUBMITTED
05/18/17 01:07:02 102925 seconds since last log event
05/18/17 01:07:02 Pending DAG nodes:
05/18/17 01:07:02   Node cbow_tfidf_lstm, HTCondor ID 1318, status STATUS_SUBMITTED
05/18/17 01:17:05 103528 seconds since last log event
05/18/17 01:17:05 Pending DAG nodes:
05/18/17 01:17:05   Node cbow_tfidf_lstm, HTCondor ID 1318, status STATUS_SUBMITTED
05/18/17 01:27:07 104130 seconds since last log event
05/18/17 01:27:07 Pending DAG nodes:
05/18/17 01:27:07   Node cbow_tfidf_lstm, HTCondor ID 1318, status STATUS_SUBMITTED
05/18/17 01:37:10 104733 seconds since last log event
05/18/17 01:37:10 Pending DAG nodes:
05/18/17 01:37:10   Node cbow_tfidf_lstm, HTCondor ID 1318, status STATUS_SUBMITTED
05/18/17 01:47:12 105335 seconds since last log event
05/18/17 01:47:12 Pending DAG nodes:
05/18/17 01:47:12   Node cbow_tfidf_lstm, HTCondor ID 1318, status STATUS_SUBMITTED
05/18/17 01:57:13 105936 seconds since last log event
05/18/17 01:57:13 Pending DAG nodes:
05/18/17 01:57:13   Node cbow_tfidf_lstm, HTCondor ID 1318, status STATUS_SUBMITTED
05/18/17 02:07:15 106538 seconds since last log event
05/18/17 02:07:15 Pending DAG nodes:
05/18/17 02:07:15   Node cbow_tfidf_lstm, HTCondor ID 1318, status STATUS_SUBMITTED
05/18/17 02:17:16 107139 seconds since last log event
05/18/17 02:17:16 Pending DAG nodes:
05/18/17 02:17:16   Node cbow_tfidf_lstm, HTCondor ID 1318, status STATUS_SUBMITTED
05/18/17 02:27:17 107740 seconds since last log event
05/18/17 02:27:17 Pending DAG nodes:
05/18/17 02:27:17   Node cbow_tfidf_lstm, HTCondor ID 1318, status STATUS_SUBMITTED
05/18/17 02:37:20 108343 seconds since last log event
05/18/17 02:37:20 Pending DAG nodes:
05/18/17 02:37:20   Node cbow_tfidf_lstm, HTCondor ID 1318, status STATUS_SUBMITTED
05/18/17 02:47:22 108945 seconds since last log event
05/18/17 02:47:22 Pending DAG nodes:
05/18/17 02:47:22   Node cbow_tfidf_lstm, HTCondor ID 1318, status STATUS_SUBMITTED
05/18/17 02:57:25 109548 seconds since last log event
05/18/17 02:57:25 Pending DAG nodes:
05/18/17 02:57:25   Node cbow_tfidf_lstm, HTCondor ID 1318, status STATUS_SUBMITTED
05/18/17 03:07:27 110150 seconds since last log event
05/18/17 03:07:27 Pending DAG nodes:
05/18/17 03:07:27   Node cbow_tfidf_lstm, HTCondor ID 1318, status STATUS_SUBMITTED
05/18/17 03:17:29 110752 seconds since last log event
05/18/17 03:17:29 Pending DAG nodes:
05/18/17 03:17:29   Node cbow_tfidf_lstm, HTCondor ID 1318, status STATUS_SUBMITTED
05/18/17 03:27:30 111353 seconds since last log event
05/18/17 03:27:30 Pending DAG nodes:
05/18/17 03:27:30   Node cbow_tfidf_lstm, HTCondor ID 1318, status STATUS_SUBMITTED
05/18/17 03:37:32 111955 seconds since last log event
05/18/17 03:37:32 Pending DAG nodes:
05/18/17 03:37:32   Node cbow_tfidf_lstm, HTCondor ID 1318, status STATUS_SUBMITTED
05/18/17 03:47:33 112556 seconds since last log event
05/18/17 03:47:33 Pending DAG nodes:
05/18/17 03:47:33   Node cbow_tfidf_lstm, HTCondor ID 1318, status STATUS_SUBMITTED
05/18/17 03:57:35 113158 seconds since last log event
05/18/17 03:57:35 Pending DAG nodes:
05/18/17 03:57:35   Node cbow_tfidf_lstm, HTCondor ID 1318, status STATUS_SUBMITTED
05/18/17 04:07:36 113759 seconds since last log event
05/18/17 04:07:36 Pending DAG nodes:
05/18/17 04:07:36   Node cbow_tfidf_lstm, HTCondor ID 1318, status STATUS_SUBMITTED
05/18/17 04:17:38 114361 seconds since last log event
05/18/17 04:17:38 Pending DAG nodes:
05/18/17 04:17:38   Node cbow_tfidf_lstm, HTCondor ID 1318, status STATUS_SUBMITTED
05/18/17 04:27:41 114964 seconds since last log event
05/18/17 04:27:41 Pending DAG nodes:
05/18/17 04:27:41   Node cbow_tfidf_lstm, HTCondor ID 1318, status STATUS_SUBMITTED
05/18/17 04:37:42 115565 seconds since last log event
05/18/17 04:37:42 Pending DAG nodes:
05/18/17 04:37:42   Node cbow_tfidf_lstm, HTCondor ID 1318, status STATUS_SUBMITTED
05/18/17 04:47:44 116167 seconds since last log event
05/18/17 04:47:44 Pending DAG nodes:
05/18/17 04:47:44   Node cbow_tfidf_lstm, HTCondor ID 1318, status STATUS_SUBMITTED
05/18/17 04:57:46 116769 seconds since last log event
05/18/17 04:57:46 Pending DAG nodes:
05/18/17 04:57:46   Node cbow_tfidf_lstm, HTCondor ID 1318, status STATUS_SUBMITTED
05/18/17 05:07:47 117370 seconds since last log event
05/18/17 05:07:47 Pending DAG nodes:
05/18/17 05:07:47   Node cbow_tfidf_lstm, HTCondor ID 1318, status STATUS_SUBMITTED
05/18/17 05:17:48 117971 seconds since last log event
05/18/17 05:17:48 Pending DAG nodes:
05/18/17 05:17:48   Node cbow_tfidf_lstm, HTCondor ID 1318, status STATUS_SUBMITTED
05/18/17 05:27:49 118572 seconds since last log event
05/18/17 05:27:49 Pending DAG nodes:
05/18/17 05:27:49   Node cbow_tfidf_lstm, HTCondor ID 1318, status STATUS_SUBMITTED
05/18/17 05:37:50 119173 seconds since last log event
05/18/17 05:37:50 Pending DAG nodes:
05/18/17 05:37:50   Node cbow_tfidf_lstm, HTCondor ID 1318, status STATUS_SUBMITTED
05/18/17 05:47:51 119774 seconds since last log event
05/18/17 05:47:51 Pending DAG nodes:
05/18/17 05:47:51   Node cbow_tfidf_lstm, HTCondor ID 1318, status STATUS_SUBMITTED
05/18/17 05:57:53 120376 seconds since last log event
05/18/17 05:57:53 Pending DAG nodes:
05/18/17 05:57:53   Node cbow_tfidf_lstm, HTCondor ID 1318, status STATUS_SUBMITTED
05/18/17 06:07:54 120977 seconds since last log event
05/18/17 06:07:54 Pending DAG nodes:
05/18/17 06:07:54   Node cbow_tfidf_lstm, HTCondor ID 1318, status STATUS_SUBMITTED
05/18/17 06:17:56 121579 seconds since last log event
05/18/17 06:17:56 Pending DAG nodes:
05/18/17 06:17:56   Node cbow_tfidf_lstm, HTCondor ID 1318, status STATUS_SUBMITTED
05/18/17 06:27:57 122180 seconds since last log event
05/18/17 06:27:57 Pending DAG nodes:
05/18/17 06:27:57   Node cbow_tfidf_lstm, HTCondor ID 1318, status STATUS_SUBMITTED
05/18/17 06:37:58 122781 seconds since last log event
05/18/17 06:37:58 Pending DAG nodes:
05/18/17 06:37:58   Node cbow_tfidf_lstm, HTCondor ID 1318, status STATUS_SUBMITTED
05/18/17 06:48:00 123383 seconds since last log event
05/18/17 06:48:00 Pending DAG nodes:
05/18/17 06:48:00   Node cbow_tfidf_lstm, HTCondor ID 1318, status STATUS_SUBMITTED
05/18/17 06:58:01 123984 seconds since last log event
05/18/17 06:58:01 Pending DAG nodes:
05/18/17 06:58:01   Node cbow_tfidf_lstm, HTCondor ID 1318, status STATUS_SUBMITTED
05/18/17 07:08:02 124585 seconds since last log event
05/18/17 07:08:02 Pending DAG nodes:
05/18/17 07:08:02   Node cbow_tfidf_lstm, HTCondor ID 1318, status STATUS_SUBMITTED
05/18/17 07:18:03 125186 seconds since last log event
05/18/17 07:18:03 Pending DAG nodes:
05/18/17 07:18:03   Node cbow_tfidf_lstm, HTCondor ID 1318, status STATUS_SUBMITTED
05/18/17 07:28:05 125788 seconds since last log event
05/18/17 07:28:05 Pending DAG nodes:
05/18/17 07:28:05   Node cbow_tfidf_lstm, HTCondor ID 1318, status STATUS_SUBMITTED
05/18/17 07:38:06 126389 seconds since last log event
05/18/17 07:38:06 Pending DAG nodes:
05/18/17 07:38:06   Node cbow_tfidf_lstm, HTCondor ID 1318, status STATUS_SUBMITTED
05/18/17 07:48:08 126991 seconds since last log event
05/18/17 07:48:08 Pending DAG nodes:
05/18/17 07:48:08   Node cbow_tfidf_lstm, HTCondor ID 1318, status STATUS_SUBMITTED
05/18/17 07:58:10 127593 seconds since last log event
05/18/17 07:58:10 Pending DAG nodes:
05/18/17 07:58:10   Node cbow_tfidf_lstm, HTCondor ID 1318, status STATUS_SUBMITTED
05/18/17 08:08:12 128195 seconds since last log event
05/18/17 08:08:12 Pending DAG nodes:
05/18/17 08:08:12   Node cbow_tfidf_lstm, HTCondor ID 1318, status STATUS_SUBMITTED
05/18/17 08:18:13 128796 seconds since last log event
05/18/17 08:18:13 Pending DAG nodes:
05/18/17 08:18:13   Node cbow_tfidf_lstm, HTCondor ID 1318, status STATUS_SUBMITTED
05/18/17 08:28:14 129397 seconds since last log event
05/18/17 08:28:14 Pending DAG nodes:
05/18/17 08:28:14   Node cbow_tfidf_lstm, HTCondor ID 1318, status STATUS_SUBMITTED
05/18/17 08:38:15 129998 seconds since last log event
05/18/17 08:38:15 Pending DAG nodes:
05/18/17 08:38:15   Node cbow_tfidf_lstm, HTCondor ID 1318, status STATUS_SUBMITTED
05/18/17 08:48:16 130599 seconds since last log event
05/18/17 08:48:16 Pending DAG nodes:
05/18/17 08:48:16   Node cbow_tfidf_lstm, HTCondor ID 1318, status STATUS_SUBMITTED
05/18/17 08:58:18 131201 seconds since last log event
05/18/17 08:58:18 Pending DAG nodes:
05/18/17 08:58:18   Node cbow_tfidf_lstm, HTCondor ID 1318, status STATUS_SUBMITTED
05/18/17 09:08:19 131802 seconds since last log event
05/18/17 09:08:19 Pending DAG nodes:
05/18/17 09:08:19   Node cbow_tfidf_lstm, HTCondor ID 1318, status STATUS_SUBMITTED
05/18/17 09:18:22 132405 seconds since last log event
05/18/17 09:18:22 Pending DAG nodes:
05/18/17 09:18:22   Node cbow_tfidf_lstm, HTCondor ID 1318, status STATUS_SUBMITTED
05/18/17 09:28:25 133008 seconds since last log event
05/18/17 09:28:25 Pending DAG nodes:
05/18/17 09:28:25   Node cbow_tfidf_lstm, HTCondor ID 1318, status STATUS_SUBMITTED
05/18/17 09:38:26 133609 seconds since last log event
05/18/17 09:38:26 Pending DAG nodes:
05/18/17 09:38:26   Node cbow_tfidf_lstm, HTCondor ID 1318, status STATUS_SUBMITTED
05/18/17 09:48:29 134212 seconds since last log event
05/18/17 09:48:29 Pending DAG nodes:
05/18/17 09:48:29   Node cbow_tfidf_lstm, HTCondor ID 1318, status STATUS_SUBMITTED
05/18/17 09:58:32 134815 seconds since last log event
05/18/17 09:58:32 Pending DAG nodes:
05/18/17 09:58:32   Node cbow_tfidf_lstm, HTCondor ID 1318, status STATUS_SUBMITTED
05/18/17 10:08:35 135418 seconds since last log event
05/18/17 10:08:35 Pending DAG nodes:
05/18/17 10:08:35   Node cbow_tfidf_lstm, HTCondor ID 1318, status STATUS_SUBMITTED
05/18/17 10:18:37 136020 seconds since last log event
05/18/17 10:18:37 Pending DAG nodes:
05/18/17 10:18:37   Node cbow_tfidf_lstm, HTCondor ID 1318, status STATUS_SUBMITTED
05/18/17 10:28:39 136622 seconds since last log event
05/18/17 10:28:39 Pending DAG nodes:
05/18/17 10:28:39   Node cbow_tfidf_lstm, HTCondor ID 1318, status STATUS_SUBMITTED
05/18/17 10:38:41 137224 seconds since last log event
05/18/17 10:38:41 Pending DAG nodes:
05/18/17 10:38:41   Node cbow_tfidf_lstm, HTCondor ID 1318, status STATUS_SUBMITTED
05/18/17 10:48:44 137827 seconds since last log event
05/18/17 10:48:44 Pending DAG nodes:
05/18/17 10:48:44   Node cbow_tfidf_lstm, HTCondor ID 1318, status STATUS_SUBMITTED
05/18/17 10:58:47 138430 seconds since last log event
05/18/17 10:58:47 Pending DAG nodes:
05/18/17 10:58:47   Node cbow_tfidf_lstm, HTCondor ID 1318, status STATUS_SUBMITTED
05/18/17 11:08:50 139033 seconds since last log event
05/18/17 11:08:50 Pending DAG nodes:
05/18/17 11:08:50   Node cbow_tfidf_lstm, HTCondor ID 1318, status STATUS_SUBMITTED
05/18/17 11:18:53 139636 seconds since last log event
05/18/17 11:18:53 Pending DAG nodes:
05/18/17 11:18:53   Node cbow_tfidf_lstm, HTCondor ID 1318, status STATUS_SUBMITTED
05/18/17 11:28:56 140239 seconds since last log event
05/18/17 11:28:56 Pending DAG nodes:
05/18/17 11:28:56   Node cbow_tfidf_lstm, HTCondor ID 1318, status STATUS_SUBMITTED
05/18/17 11:38:59 140842 seconds since last log event
05/18/17 11:38:59 Pending DAG nodes:
05/18/17 11:38:59   Node cbow_tfidf_lstm, HTCondor ID 1318, status STATUS_SUBMITTED
05/18/17 11:49:03 141446 seconds since last log event
05/18/17 11:49:03 Pending DAG nodes:
05/18/17 11:49:03   Node cbow_tfidf_lstm, HTCondor ID 1318, status STATUS_SUBMITTED
05/18/17 11:59:06 142049 seconds since last log event
05/18/17 11:59:06 Pending DAG nodes:
05/18/17 11:59:06   Node cbow_tfidf_lstm, HTCondor ID 1318, status STATUS_SUBMITTED
05/18/17 12:09:08 142651 seconds since last log event
05/18/17 12:09:08 Pending DAG nodes:
05/18/17 12:09:08   Node cbow_tfidf_lstm, HTCondor ID 1318, status STATUS_SUBMITTED
05/18/17 12:19:12 143255 seconds since last log event
05/18/17 12:19:12 Pending DAG nodes:
05/18/17 12:19:12   Node cbow_tfidf_lstm, HTCondor ID 1318, status STATUS_SUBMITTED
05/18/17 12:29:15 143858 seconds since last log event
05/18/17 12:29:15 Pending DAG nodes:
05/18/17 12:29:15   Node cbow_tfidf_lstm, HTCondor ID 1318, status STATUS_SUBMITTED
05/18/17 12:39:18 144461 seconds since last log event
05/18/17 12:39:18 Pending DAG nodes:
05/18/17 12:39:18   Node cbow_tfidf_lstm, HTCondor ID 1318, status STATUS_SUBMITTED
05/18/17 12:49:21 145064 seconds since last log event
05/18/17 12:49:21 Pending DAG nodes:
05/18/17 12:49:21   Node cbow_tfidf_lstm, HTCondor ID 1318, status STATUS_SUBMITTED
05/18/17 12:59:24 145667 seconds since last log event
05/18/17 12:59:24 Pending DAG nodes:
05/18/17 12:59:24   Node cbow_tfidf_lstm, HTCondor ID 1318, status STATUS_SUBMITTED
05/18/17 13:09:27 146270 seconds since last log event
05/18/17 13:09:27 Pending DAG nodes:
05/18/17 13:09:27   Node cbow_tfidf_lstm, HTCondor ID 1318, status STATUS_SUBMITTED
05/18/17 13:19:30 146873 seconds since last log event
05/18/17 13:19:30 Pending DAG nodes:
05/18/17 13:19:30   Node cbow_tfidf_lstm, HTCondor ID 1318, status STATUS_SUBMITTED
05/18/17 13:29:33 147476 seconds since last log event
05/18/17 13:29:33 Pending DAG nodes:
05/18/17 13:29:33   Node cbow_tfidf_lstm, HTCondor ID 1318, status STATUS_SUBMITTED
05/18/17 13:39:35 148078 seconds since last log event
05/18/17 13:39:35 Pending DAG nodes:
05/18/17 13:39:35   Node cbow_tfidf_lstm, HTCondor ID 1318, status STATUS_SUBMITTED
05/18/17 13:49:38 148681 seconds since last log event
05/18/17 13:49:38 Pending DAG nodes:
05/18/17 13:49:38   Node cbow_tfidf_lstm, HTCondor ID 1318, status STATUS_SUBMITTED
05/18/17 13:59:40 149283 seconds since last log event
05/18/17 13:59:40 Pending DAG nodes:
05/18/17 13:59:40   Node cbow_tfidf_lstm, HTCondor ID 1318, status STATUS_SUBMITTED
05/18/17 14:09:43 149886 seconds since last log event
05/18/17 14:09:43 Pending DAG nodes:
05/18/17 14:09:43   Node cbow_tfidf_lstm, HTCondor ID 1318, status STATUS_SUBMITTED
05/18/17 14:19:45 150488 seconds since last log event
05/18/17 14:19:45 Pending DAG nodes:
05/18/17 14:19:45   Node cbow_tfidf_lstm, HTCondor ID 1318, status STATUS_SUBMITTED
05/18/17 14:29:48 151091 seconds since last log event
05/18/17 14:29:48 Pending DAG nodes:
05/18/17 14:29:48   Node cbow_tfidf_lstm, HTCondor ID 1318, status STATUS_SUBMITTED
05/18/17 14:39:50 151693 seconds since last log event
05/18/17 14:39:50 Pending DAG nodes:
05/18/17 14:39:50   Node cbow_tfidf_lstm, HTCondor ID 1318, status STATUS_SUBMITTED
05/18/17 14:49:54 152297 seconds since last log event
05/18/17 14:49:54 Pending DAG nodes:
05/18/17 14:49:54   Node cbow_tfidf_lstm, HTCondor ID 1318, status STATUS_SUBMITTED
05/18/17 14:59:57 152900 seconds since last log event
05/18/17 14:59:57 Pending DAG nodes:
05/18/17 14:59:57   Node cbow_tfidf_lstm, HTCondor ID 1318, status STATUS_SUBMITTED
05/18/17 15:10:00 153503 seconds since last log event
05/18/17 15:10:00 Pending DAG nodes:
05/18/17 15:10:00   Node cbow_tfidf_lstm, HTCondor ID 1318, status STATUS_SUBMITTED
05/18/17 15:20:03 154106 seconds since last log event
05/18/17 15:20:03 Pending DAG nodes:
05/18/17 15:20:03   Node cbow_tfidf_lstm, HTCondor ID 1318, status STATUS_SUBMITTED
05/18/17 15:30:07 154710 seconds since last log event
05/18/17 15:30:07 Pending DAG nodes:
05/18/17 15:30:07   Node cbow_tfidf_lstm, HTCondor ID 1318, status STATUS_SUBMITTED
05/18/17 15:40:10 155313 seconds since last log event
05/18/17 15:40:10 Pending DAG nodes:
05/18/17 15:40:10   Node cbow_tfidf_lstm, HTCondor ID 1318, status STATUS_SUBMITTED
05/18/17 15:50:14 155917 seconds since last log event
05/18/17 15:50:14 Pending DAG nodes:
05/18/17 15:50:14   Node cbow_tfidf_lstm, HTCondor ID 1318, status STATUS_SUBMITTED
05/18/17 16:00:18 156521 seconds since last log event
05/18/17 16:00:18 Pending DAG nodes:
05/18/17 16:00:18   Node cbow_tfidf_lstm, HTCondor ID 1318, status STATUS_SUBMITTED
05/18/17 16:10:21 157124 seconds since last log event
05/18/17 16:10:21 Pending DAG nodes:
05/18/17 16:10:21   Node cbow_tfidf_lstm, HTCondor ID 1318, status STATUS_SUBMITTED
05/18/17 16:20:24 157727 seconds since last log event
05/18/17 16:20:24 Pending DAG nodes:
05/18/17 16:20:24   Node cbow_tfidf_lstm, HTCondor ID 1318, status STATUS_SUBMITTED
05/18/17 16:30:27 158330 seconds since last log event
05/18/17 16:30:27 Pending DAG nodes:
05/18/17 16:30:27   Node cbow_tfidf_lstm, HTCondor ID 1318, status STATUS_SUBMITTED
05/18/17 16:40:30 158933 seconds since last log event
05/18/17 16:40:30 Pending DAG nodes:
05/18/17 16:40:30   Node cbow_tfidf_lstm, HTCondor ID 1318, status STATUS_SUBMITTED
05/18/17 16:50:33 159536 seconds since last log event
05/18/17 16:50:33 Pending DAG nodes:
05/18/17 16:50:33   Node cbow_tfidf_lstm, HTCondor ID 1318, status STATUS_SUBMITTED
05/18/17 17:00:35 160138 seconds since last log event
05/18/17 17:00:35 Pending DAG nodes:
05/18/17 17:00:35   Node cbow_tfidf_lstm, HTCondor ID 1318, status STATUS_SUBMITTED
05/18/17 17:10:38 160741 seconds since last log event
05/18/17 17:10:38 Pending DAG nodes:
05/18/17 17:10:38   Node cbow_tfidf_lstm, HTCondor ID 1318, status STATUS_SUBMITTED
05/18/17 17:20:41 161344 seconds since last log event
05/18/17 17:20:41 Pending DAG nodes:
05/18/17 17:20:41   Node cbow_tfidf_lstm, HTCondor ID 1318, status STATUS_SUBMITTED
05/18/17 17:30:44 161947 seconds since last log event
05/18/17 17:30:44 Pending DAG nodes:
05/18/17 17:30:44   Node cbow_tfidf_lstm, HTCondor ID 1318, status STATUS_SUBMITTED
05/18/17 17:40:47 162550 seconds since last log event
05/18/17 17:40:47 Pending DAG nodes:
05/18/17 17:40:47   Node cbow_tfidf_lstm, HTCondor ID 1318, status STATUS_SUBMITTED
05/18/17 17:50:50 163153 seconds since last log event
05/18/17 17:50:50 Pending DAG nodes:
05/18/17 17:50:50   Node cbow_tfidf_lstm, HTCondor ID 1318, status STATUS_SUBMITTED
05/18/17 18:00:53 163756 seconds since last log event
05/18/17 18:00:53 Pending DAG nodes:
05/18/17 18:00:53   Node cbow_tfidf_lstm, HTCondor ID 1318, status STATUS_SUBMITTED
05/18/17 18:10:56 164359 seconds since last log event
05/18/17 18:10:56 Pending DAG nodes:
05/18/17 18:10:56   Node cbow_tfidf_lstm, HTCondor ID 1318, status STATUS_SUBMITTED
05/18/17 18:20:58 164961 seconds since last log event
05/18/17 18:20:58 Pending DAG nodes:
05/18/17 18:20:58   Node cbow_tfidf_lstm, HTCondor ID 1318, status STATUS_SUBMITTED
05/18/17 18:31:01 165564 seconds since last log event
05/18/17 18:31:01 Pending DAG nodes:
05/18/17 18:31:01   Node cbow_tfidf_lstm, HTCondor ID 1318, status STATUS_SUBMITTED
05/18/17 18:41:03 166166 seconds since last log event
05/18/17 18:41:03 Pending DAG nodes:
05/18/17 18:41:03   Node cbow_tfidf_lstm, HTCondor ID 1318, status STATUS_SUBMITTED
05/18/17 18:51:05 166768 seconds since last log event
05/18/17 18:51:05 Pending DAG nodes:
05/18/17 18:51:05   Node cbow_tfidf_lstm, HTCondor ID 1318, status STATUS_SUBMITTED
05/18/17 19:01:08 167371 seconds since last log event
05/18/17 19:01:08 Pending DAG nodes:
05/18/17 19:01:08   Node cbow_tfidf_lstm, HTCondor ID 1318, status STATUS_SUBMITTED
05/18/17 19:11:10 167973 seconds since last log event
05/18/17 19:11:10 Pending DAG nodes:
05/18/17 19:11:10   Node cbow_tfidf_lstm, HTCondor ID 1318, status STATUS_SUBMITTED
05/18/17 19:21:11 168574 seconds since last log event
05/18/17 19:21:11 Pending DAG nodes:
05/18/17 19:21:11   Node cbow_tfidf_lstm, HTCondor ID 1318, status STATUS_SUBMITTED
05/18/17 19:31:13 169176 seconds since last log event
05/18/17 19:31:13 Pending DAG nodes:
05/18/17 19:31:13   Node cbow_tfidf_lstm, HTCondor ID 1318, status STATUS_SUBMITTED
05/18/17 19:41:15 169778 seconds since last log event
05/18/17 19:41:15 Pending DAG nodes:
05/18/17 19:41:15   Node cbow_tfidf_lstm, HTCondor ID 1318, status STATUS_SUBMITTED
05/18/17 19:51:18 170381 seconds since last log event
05/18/17 19:51:18 Pending DAG nodes:
05/18/17 19:51:18   Node cbow_tfidf_lstm, HTCondor ID 1318, status STATUS_SUBMITTED
05/18/17 20:01:20 170983 seconds since last log event
05/18/17 20:01:20 Pending DAG nodes:
05/18/17 20:01:20   Node cbow_tfidf_lstm, HTCondor ID 1318, status STATUS_SUBMITTED
05/18/17 20:11:23 171586 seconds since last log event
05/18/17 20:11:23 Pending DAG nodes:
05/18/17 20:11:23   Node cbow_tfidf_lstm, HTCondor ID 1318, status STATUS_SUBMITTED
05/18/17 20:21:25 172188 seconds since last log event
05/18/17 20:21:25 Pending DAG nodes:
05/18/17 20:21:25   Node cbow_tfidf_lstm, HTCondor ID 1318, status STATUS_SUBMITTED
05/18/17 20:31:27 172790 seconds since last log event
05/18/17 20:31:27 Pending DAG nodes:
05/18/17 20:31:27   Node cbow_tfidf_lstm, HTCondor ID 1318, status STATUS_SUBMITTED
05/18/17 20:41:29 173392 seconds since last log event
05/18/17 20:41:29 Pending DAG nodes:
05/18/17 20:41:29   Node cbow_tfidf_lstm, HTCondor ID 1318, status STATUS_SUBMITTED
05/18/17 20:51:31 173994 seconds since last log event
05/18/17 20:51:31 Pending DAG nodes:
05/18/17 20:51:31   Node cbow_tfidf_lstm, HTCondor ID 1318, status STATUS_SUBMITTED
05/18/17 21:01:34 174597 seconds since last log event
05/18/17 21:01:34 Pending DAG nodes:
05/18/17 21:01:34   Node cbow_tfidf_lstm, HTCondor ID 1318, status STATUS_SUBMITTED
05/18/17 21:11:37 175200 seconds since last log event
05/18/17 21:11:37 Pending DAG nodes:
05/18/17 21:11:37   Node cbow_tfidf_lstm, HTCondor ID 1318, status STATUS_SUBMITTED
05/18/17 21:21:39 175802 seconds since last log event
05/18/17 21:21:39 Pending DAG nodes:
05/18/17 21:21:39   Node cbow_tfidf_lstm, HTCondor ID 1318, status STATUS_SUBMITTED
05/18/17 21:31:42 176405 seconds since last log event
05/18/17 21:31:42 Pending DAG nodes:
05/18/17 21:31:42   Node cbow_tfidf_lstm, HTCondor ID 1318, status STATUS_SUBMITTED
05/18/17 21:32:12 Currently monitoring 1 HTCondor log file(s)
05/18/17 21:32:12 Event: ULOG_EXECUTE for HTCondor Node cbow_tfidf_lstm (1318.0.0) {05/18/17 21:32:08}
05/18/17 21:32:12 Number of idle job procs: 0
05/18/17 21:42:14 602 seconds since last log event
05/18/17 21:42:14 Pending DAG nodes:
05/18/17 21:42:14   Node cbow_tfidf_lstm, HTCondor ID 1318, status STATUS_SUBMITTED
05/18/17 21:52:16 1204 seconds since last log event
05/18/17 21:52:16 Pending DAG nodes:
05/18/17 21:52:16   Node cbow_tfidf_lstm, HTCondor ID 1318, status STATUS_SUBMITTED
05/18/17 22:02:18 1806 seconds since last log event
05/18/17 22:02:18 Pending DAG nodes:
05/18/17 22:02:18   Node cbow_tfidf_lstm, HTCondor ID 1318, status STATUS_SUBMITTED
05/18/17 22:12:19 2407 seconds since last log event
05/18/17 22:12:19 Pending DAG nodes:
05/18/17 22:12:19   Node cbow_tfidf_lstm, HTCondor ID 1318, status STATUS_SUBMITTED
05/18/17 22:22:20 3008 seconds since last log event
05/18/17 22:22:20 Pending DAG nodes:
05/18/17 22:22:20   Node cbow_tfidf_lstm, HTCondor ID 1318, status STATUS_SUBMITTED
05/18/17 22:32:22 3610 seconds since last log event
05/18/17 22:32:22 Pending DAG nodes:
05/18/17 22:32:22   Node cbow_tfidf_lstm, HTCondor ID 1318, status STATUS_SUBMITTED
05/18/17 22:42:24 4212 seconds since last log event
05/18/17 22:42:24 Pending DAG nodes:
05/18/17 22:42:24   Node cbow_tfidf_lstm, HTCondor ID 1318, status STATUS_SUBMITTED
05/18/17 22:52:24 4812 seconds since last log event
05/18/17 22:52:24 Pending DAG nodes:
05/18/17 22:52:24   Node cbow_tfidf_lstm, HTCondor ID 1318, status STATUS_SUBMITTED
05/18/17 23:02:26 5414 seconds since last log event
05/18/17 23:02:26 Pending DAG nodes:
05/18/17 23:02:26   Node cbow_tfidf_lstm, HTCondor ID 1318, status STATUS_SUBMITTED
05/18/17 23:12:28 6016 seconds since last log event
05/18/17 23:12:28 Pending DAG nodes:
05/18/17 23:12:28   Node cbow_tfidf_lstm, HTCondor ID 1318, status STATUS_SUBMITTED
05/18/17 23:22:28 6616 seconds since last log event
05/18/17 23:22:28 Pending DAG nodes:
05/18/17 23:22:28   Node cbow_tfidf_lstm, HTCondor ID 1318, status STATUS_SUBMITTED
05/18/17 23:32:30 7218 seconds since last log event
05/18/17 23:32:30 Pending DAG nodes:
05/18/17 23:32:30   Node cbow_tfidf_lstm, HTCondor ID 1318, status STATUS_SUBMITTED
05/18/17 23:42:32 7820 seconds since last log event
05/18/17 23:42:32 Pending DAG nodes:
05/18/17 23:42:32   Node cbow_tfidf_lstm, HTCondor ID 1318, status STATUS_SUBMITTED
05/18/17 23:52:34 8422 seconds since last log event
05/18/17 23:52:34 Pending DAG nodes:
05/18/17 23:52:34   Node cbow_tfidf_lstm, HTCondor ID 1318, status STATUS_SUBMITTED
05/19/17 00:02:36 9024 seconds since last log event
05/19/17 00:02:36 Pending DAG nodes:
05/19/17 00:02:36   Node cbow_tfidf_lstm, HTCondor ID 1318, status STATUS_SUBMITTED
05/19/17 00:12:38 9626 seconds since last log event
05/19/17 00:12:38 Pending DAG nodes:
05/19/17 00:12:38   Node cbow_tfidf_lstm, HTCondor ID 1318, status STATUS_SUBMITTED
05/19/17 00:22:40 10228 seconds since last log event
05/19/17 00:22:40 Pending DAG nodes:
05/19/17 00:22:40   Node cbow_tfidf_lstm, HTCondor ID 1318, status STATUS_SUBMITTED
05/19/17 00:32:42 10830 seconds since last log event
05/19/17 00:32:42 Pending DAG nodes:
05/19/17 00:32:42   Node cbow_tfidf_lstm, HTCondor ID 1318, status STATUS_SUBMITTED
05/19/17 00:42:44 11432 seconds since last log event
05/19/17 00:42:44 Pending DAG nodes:
05/19/17 00:42:44   Node cbow_tfidf_lstm, HTCondor ID 1318, status STATUS_SUBMITTED
05/19/17 00:52:45 12033 seconds since last log event
05/19/17 00:52:45 Pending DAG nodes:
05/19/17 00:52:45   Node cbow_tfidf_lstm, HTCondor ID 1318, status STATUS_SUBMITTED
05/19/17 01:02:47 12635 seconds since last log event
05/19/17 01:02:47 Pending DAG nodes:
05/19/17 01:02:47   Node cbow_tfidf_lstm, HTCondor ID 1318, status STATUS_SUBMITTED
05/19/17 01:12:48 13236 seconds since last log event
05/19/17 01:12:48 Pending DAG nodes:
05/19/17 01:12:48   Node cbow_tfidf_lstm, HTCondor ID 1318, status STATUS_SUBMITTED
05/19/17 01:22:50 13838 seconds since last log event
05/19/17 01:22:50 Pending DAG nodes:
05/19/17 01:22:50   Node cbow_tfidf_lstm, HTCondor ID 1318, status STATUS_SUBMITTED
05/19/17 01:32:51 14439 seconds since last log event
05/19/17 01:32:51 Pending DAG nodes:
05/19/17 01:32:51   Node cbow_tfidf_lstm, HTCondor ID 1318, status STATUS_SUBMITTED
05/19/17 01:42:52 15040 seconds since last log event
05/19/17 01:42:52 Pending DAG nodes:
05/19/17 01:42:52   Node cbow_tfidf_lstm, HTCondor ID 1318, status STATUS_SUBMITTED
05/19/17 01:52:53 15641 seconds since last log event
05/19/17 01:52:53 Pending DAG nodes:
05/19/17 01:52:53   Node cbow_tfidf_lstm, HTCondor ID 1318, status STATUS_SUBMITTED
05/19/17 02:02:54 16242 seconds since last log event
05/19/17 02:02:54 Pending DAG nodes:
05/19/17 02:02:54   Node cbow_tfidf_lstm, HTCondor ID 1318, status STATUS_SUBMITTED
05/19/17 02:12:56 16844 seconds since last log event
05/19/17 02:12:56 Pending DAG nodes:
05/19/17 02:12:56   Node cbow_tfidf_lstm, HTCondor ID 1318, status STATUS_SUBMITTED
05/19/17 02:22:58 17446 seconds since last log event
05/19/17 02:22:58 Pending DAG nodes:
05/19/17 02:22:58   Node cbow_tfidf_lstm, HTCondor ID 1318, status STATUS_SUBMITTED
05/19/17 02:33:00 18048 seconds since last log event
05/19/17 02:33:00 Pending DAG nodes:
05/19/17 02:33:00   Node cbow_tfidf_lstm, HTCondor ID 1318, status STATUS_SUBMITTED
05/19/17 02:43:00 18648 seconds since last log event
05/19/17 02:43:00 Pending DAG nodes:
05/19/17 02:43:00   Node cbow_tfidf_lstm, HTCondor ID 1318, status STATUS_SUBMITTED
05/19/17 02:53:01 19249 seconds since last log event
05/19/17 02:53:01 Pending DAG nodes:
05/19/17 02:53:01   Node cbow_tfidf_lstm, HTCondor ID 1318, status STATUS_SUBMITTED
05/19/17 03:03:02 19850 seconds since last log event
05/19/17 03:03:02 Pending DAG nodes:
05/19/17 03:03:02   Node cbow_tfidf_lstm, HTCondor ID 1318, status STATUS_SUBMITTED
05/19/17 03:13:03 20451 seconds since last log event
05/19/17 03:13:03 Pending DAG nodes:
05/19/17 03:13:03   Node cbow_tfidf_lstm, HTCondor ID 1318, status STATUS_SUBMITTED
05/19/17 03:23:05 21053 seconds since last log event
05/19/17 03:23:05 Pending DAG nodes:
05/19/17 03:23:05   Node cbow_tfidf_lstm, HTCondor ID 1318, status STATUS_SUBMITTED
05/19/17 03:33:07 21655 seconds since last log event
05/19/17 03:33:07 Pending DAG nodes:
05/19/17 03:33:07   Node cbow_tfidf_lstm, HTCondor ID 1318, status STATUS_SUBMITTED
05/19/17 03:43:08 22256 seconds since last log event
05/19/17 03:43:08 Pending DAG nodes:
05/19/17 03:43:08   Node cbow_tfidf_lstm, HTCondor ID 1318, status STATUS_SUBMITTED
05/19/17 03:53:09 22857 seconds since last log event
05/19/17 03:53:10 Pending DAG nodes:
05/19/17 03:53:10   Node cbow_tfidf_lstm, HTCondor ID 1318, status STATUS_SUBMITTED
05/19/17 04:03:11 23459 seconds since last log event
05/19/17 04:03:11 Pending DAG nodes:
05/19/17 04:03:11   Node cbow_tfidf_lstm, HTCondor ID 1318, status STATUS_SUBMITTED
05/19/17 04:13:13 24061 seconds since last log event
05/19/17 04:13:13 Pending DAG nodes:
05/19/17 04:13:13   Node cbow_tfidf_lstm, HTCondor ID 1318, status STATUS_SUBMITTED
05/19/17 04:23:14 24662 seconds since last log event
05/19/17 04:23:14 Pending DAG nodes:
05/19/17 04:23:14   Node cbow_tfidf_lstm, HTCondor ID 1318, status STATUS_SUBMITTED
05/19/17 04:33:16 25264 seconds since last log event
05/19/17 04:33:16 Pending DAG nodes:
05/19/17 04:33:16   Node cbow_tfidf_lstm, HTCondor ID 1318, status STATUS_SUBMITTED
05/19/17 04:43:17 25865 seconds since last log event
05/19/17 04:43:17 Pending DAG nodes:
05/19/17 04:43:17   Node cbow_tfidf_lstm, HTCondor ID 1318, status STATUS_SUBMITTED
05/19/17 04:53:19 26467 seconds since last log event
05/19/17 04:53:19 Pending DAG nodes:
05/19/17 04:53:19   Node cbow_tfidf_lstm, HTCondor ID 1318, status STATUS_SUBMITTED
05/19/17 05:03:21 27069 seconds since last log event
05/19/17 05:03:21 Pending DAG nodes:
05/19/17 05:03:21   Node cbow_tfidf_lstm, HTCondor ID 1318, status STATUS_SUBMITTED
05/19/17 05:13:23 27671 seconds since last log event
05/19/17 05:13:23 Pending DAG nodes:
05/19/17 05:13:23   Node cbow_tfidf_lstm, HTCondor ID 1318, status STATUS_SUBMITTED
05/19/17 05:23:25 28273 seconds since last log event
05/19/17 05:23:25 Pending DAG nodes:
05/19/17 05:23:25   Node cbow_tfidf_lstm, HTCondor ID 1318, status STATUS_SUBMITTED
05/19/17 05:33:26 28874 seconds since last log event
05/19/17 05:33:26 Pending DAG nodes:
05/19/17 05:33:26   Node cbow_tfidf_lstm, HTCondor ID 1318, status STATUS_SUBMITTED
05/19/17 05:38:12 Currently monitoring 1 HTCondor log file(s)
05/19/17 05:38:12 Event: ULOG_JOB_TERMINATED for HTCondor Node cbow_tfidf_lstm (1318.0.0) {05/19/17 05:38:10}
05/19/17 05:38:12 Number of idle job procs: 0
05/19/17 05:38:12 Node cbow_tfidf_lstm job proc (1318.0.0) completed successfully.
05/19/17 05:38:12 Node cbow_tfidf_lstm job completed
05/19/17 05:38:12 DAG status: 0 (DAG_STATUS_OK)
05/19/17 05:38:12 Of 2 nodes total:
05/19/17 05:38:12  Done     Pre   Queued    Post   Ready   Un-Ready   Failed
05/19/17 05:38:12   ===     ===      ===     ===     ===        ===      ===
05/19/17 05:38:12     1       0        0       0       1          0        0
05/19/17 05:38:12 0 job proc(s) currently held
05/19/17 05:38:17 Submitting HTCondor Node cbow_tfidf_lstm_test job(s)...
05/19/17 05:38:17 Adding a DAGMan workflow log /esat/spchtemp/scratch/robbe/SpeechHub/pretrained_tied_models_small/python/jobdag/./ds_cbow_tfidf_lstm.dag.nodes.log
05/19/17 05:38:17 Masking the events recorded in the DAGMAN workflow log
05/19/17 05:38:17 Mask for workflow log is 0,1,2,4,5,7,9,10,11,12,13,16,17,24,27
05/19/17 05:38:17 submitting: /usr/bin/condor_submit -a dag_node_name' '=' 'cbow_tfidf_lstm_test -a +DAGManJobId' '=' '1316 -a DAGManJobId' '=' '1316 -batch-name ds_cbow_tfidf_lstm.dag+1316 -a submit_event_notes' '=' 'DAG' 'Node:' 'cbow_tfidf_lstm_test -a dagman_log' '=' '/esat/spchtemp/scratch/robbe/SpeechHub/pretrained_tied_models_small/python/jobdag/./ds_cbow_tfidf_lstm.dag.nodes.log -a +DAGManNodesMask' '=' '"0,1,2,4,5,7,9,10,11,12,13,16,17,24,27" -a data_set' '=' 'ds -a test_name' '=' 'cbow_tfidf_lstm -a num_run' '=' '0 -a DAG_STATUS' '=' '0 -a FAILED_COUNT' '=' '0 -a notification' '=' 'never -a +DAGParentNodeNames' '=' '"cbow_tfidf_lstm" jobdag/cbow_lstm_test.job
05/19/17 05:38:18 From submit: Submitting job(s).
05/19/17 05:38:18 From submit: 1 job(s) submitted to cluster 1345.
05/19/17 05:38:18 	assigned HTCondor ID (1345.0.0)
05/19/17 05:38:18 Just submitted 1 job this cycle...
05/19/17 05:38:18 Currently monitoring 1 HTCondor log file(s)
05/19/17 05:38:18 Reassigning the id of job cbow_tfidf_lstm_test from (1345.0.0) to (1345.0.0)
05/19/17 05:38:18 Event: ULOG_SUBMIT for HTCondor Node cbow_tfidf_lstm_test (1345.0.0) {05/19/17 05:38:18}
05/19/17 05:38:18 Number of idle job procs: 1
05/19/17 05:38:18 DAG status: 0 (DAG_STATUS_OK)
05/19/17 05:38:18 Of 2 nodes total:
05/19/17 05:38:18  Done     Pre   Queued    Post   Ready   Un-Ready   Failed
05/19/17 05:38:18   ===     ===      ===     ===     ===        ===      ===
05/19/17 05:38:18     1       0        1       0       0          0        0
05/19/17 05:38:18 0 job proc(s) currently held
05/19/17 05:48:19 601 seconds since last log event
05/19/17 05:48:19 Pending DAG nodes:
05/19/17 05:48:19   Node cbow_tfidf_lstm_test, HTCondor ID 1345, status STATUS_SUBMITTED
05/19/17 05:58:21 1203 seconds since last log event
05/19/17 05:58:21 Pending DAG nodes:
05/19/17 05:58:21   Node cbow_tfidf_lstm_test, HTCondor ID 1345, status STATUS_SUBMITTED
05/19/17 06:08:22 1804 seconds since last log event
05/19/17 06:08:22 Pending DAG nodes:
05/19/17 06:08:22   Node cbow_tfidf_lstm_test, HTCondor ID 1345, status STATUS_SUBMITTED
05/19/17 06:18:24 2406 seconds since last log event
05/19/17 06:18:24 Pending DAG nodes:
05/19/17 06:18:24   Node cbow_tfidf_lstm_test, HTCondor ID 1345, status STATUS_SUBMITTED
05/19/17 06:28:25 3007 seconds since last log event
05/19/17 06:28:25 Pending DAG nodes:
05/19/17 06:28:25   Node cbow_tfidf_lstm_test, HTCondor ID 1345, status STATUS_SUBMITTED
05/19/17 06:38:26 3608 seconds since last log event
05/19/17 06:38:26 Pending DAG nodes:
05/19/17 06:38:26   Node cbow_tfidf_lstm_test, HTCondor ID 1345, status STATUS_SUBMITTED
05/19/17 06:48:28 4210 seconds since last log event
05/19/17 06:48:28 Pending DAG nodes:
05/19/17 06:48:28   Node cbow_tfidf_lstm_test, HTCondor ID 1345, status STATUS_SUBMITTED
05/19/17 06:58:29 4811 seconds since last log event
05/19/17 06:58:29 Pending DAG nodes:
05/19/17 06:58:29   Node cbow_tfidf_lstm_test, HTCondor ID 1345, status STATUS_SUBMITTED
05/19/17 07:08:31 5413 seconds since last log event
05/19/17 07:08:31 Pending DAG nodes:
05/19/17 07:08:31   Node cbow_tfidf_lstm_test, HTCondor ID 1345, status STATUS_SUBMITTED
05/19/17 07:18:32 6014 seconds since last log event
05/19/17 07:18:32 Pending DAG nodes:
05/19/17 07:18:32   Node cbow_tfidf_lstm_test, HTCondor ID 1345, status STATUS_SUBMITTED
05/19/17 07:28:34 6616 seconds since last log event
05/19/17 07:28:34 Pending DAG nodes:
05/19/17 07:28:34   Node cbow_tfidf_lstm_test, HTCondor ID 1345, status STATUS_SUBMITTED
05/19/17 07:38:36 7218 seconds since last log event
05/19/17 07:38:36 Pending DAG nodes:
05/19/17 07:38:36   Node cbow_tfidf_lstm_test, HTCondor ID 1345, status STATUS_SUBMITTED
05/19/17 07:48:38 7820 seconds since last log event
05/19/17 07:48:38 Pending DAG nodes:
05/19/17 07:48:38   Node cbow_tfidf_lstm_test, HTCondor ID 1345, status STATUS_SUBMITTED
05/19/17 07:58:40 8422 seconds since last log event
05/19/17 07:58:40 Pending DAG nodes:
05/19/17 07:58:40   Node cbow_tfidf_lstm_test, HTCondor ID 1345, status STATUS_SUBMITTED
05/19/17 08:08:41 9023 seconds since last log event
05/19/17 08:08:41 Pending DAG nodes:
05/19/17 08:08:41   Node cbow_tfidf_lstm_test, HTCondor ID 1345, status STATUS_SUBMITTED
05/19/17 08:18:43 9625 seconds since last log event
05/19/17 08:18:43 Pending DAG nodes:
05/19/17 08:18:43   Node cbow_tfidf_lstm_test, HTCondor ID 1345, status STATUS_SUBMITTED
05/19/17 08:28:45 10227 seconds since last log event
05/19/17 08:28:45 Pending DAG nodes:
05/19/17 08:28:45   Node cbow_tfidf_lstm_test, HTCondor ID 1345, status STATUS_SUBMITTED
05/19/17 08:38:47 10829 seconds since last log event
05/19/17 08:38:47 Pending DAG nodes:
05/19/17 08:38:47   Node cbow_tfidf_lstm_test, HTCondor ID 1345, status STATUS_SUBMITTED
