000 (1331.000.000) 05/16 20:32:07 Job submitted from host: <10.33.133.154:9618?addrs=10.33.133.154-9618+[--1]-9618&noUDP&sock=1383_3391_3>
    DAG Node: extended_topic_1
...
001 (1331.000.000) 05/20 16:04:33 Job executing on host: <10.33.133.71:9618?addrs=10.33.133.71-9618+[--1]-9618&noUDP&sock=1510_5018_3>
...
006 (1331.000.000) 05/20 16:04:42 Image size of job updated: 768280
	751  -  MemoryUsage of job (MB)
	768280  -  ResidentSetSize of job (KB)
...
006 (1331.000.000) 05/20 16:09:43 Image size of job updated: 1950040
	1634  -  MemoryUsage of job (MB)
	1672980  -  ResidentSetSize of job (KB)
...
006 (1331.000.000) 05/20 16:14:44 Image size of job updated: 1957448
	1642  -  MemoryUsage of job (MB)
	1680388  -  ResidentSetSize of job (KB)
...
006 (1331.000.000) 05/20 16:19:44 Image size of job updated: 1958364
	1642  -  MemoryUsage of job (MB)
	1681304  -  ResidentSetSize of job (KB)
...
006 (1331.000.000) 05/20 16:24:44 Image size of job updated: 1965608
	1649  -  MemoryUsage of job (MB)
	1688548  -  ResidentSetSize of job (KB)
...
006 (1331.000.000) 05/20 16:29:44 Image size of job updated: 1965828
	1650  -  MemoryUsage of job (MB)
	1688768  -  ResidentSetSize of job (KB)
...
006 (1331.000.000) 05/20 16:34:44 Image size of job updated: 1974180
	1658  -  MemoryUsage of job (MB)
	1697120  -  ResidentSetSize of job (KB)
...
006 (1331.000.000) 05/20 16:39:44 Image size of job updated: 1981656
	1665  -  MemoryUsage of job (MB)
	1704596  -  ResidentSetSize of job (KB)
...
006 (1331.000.000) 05/20 16:44:44 Image size of job updated: 1989040
	1672  -  MemoryUsage of job (MB)
	1711980  -  ResidentSetSize of job (KB)
...
006 (1331.000.000) 05/20 16:59:47 Image size of job updated: 1996288
	1679  -  MemoryUsage of job (MB)
	1719228  -  ResidentSetSize of job (KB)
...
006 (1331.000.000) 05/20 17:09:47 Image size of job updated: 1996300
	1679  -  MemoryUsage of job (MB)
	1719240  -  ResidentSetSize of job (KB)
...
006 (1331.000.000) 05/20 17:24:49 Image size of job updated: 1996680
	1680  -  MemoryUsage of job (MB)
	1719620  -  ResidentSetSize of job (KB)
...
006 (1331.000.000) 05/20 17:29:50 Image size of job updated: 2003672
	1687  -  MemoryUsage of job (MB)
	1726612  -  ResidentSetSize of job (KB)
...
006 (1331.000.000) 05/20 17:59:51 Image size of job updated: 2003680
	1687  -  MemoryUsage of job (MB)
	1726620  -  ResidentSetSize of job (KB)
...
006 (1331.000.000) 05/20 18:09:53 Image size of job updated: 2003700
	1687  -  MemoryUsage of job (MB)
	1726640  -  ResidentSetSize of job (KB)
...
006 (1331.000.000) 05/20 18:59:59 Image size of job updated: 2003716
	1687  -  MemoryUsage of job (MB)
	1726656  -  ResidentSetSize of job (KB)
...
006 (1331.000.000) 05/20 19:15:01 Image size of job updated: 2003756
	1687  -  MemoryUsage of job (MB)
	1726696  -  ResidentSetSize of job (KB)
...
006 (1331.000.000) 05/20 21:50:16 Image size of job updated: 2003756
	1687  -  MemoryUsage of job (MB)
	1726820  -  ResidentSetSize of job (KB)
...
006 (1331.000.000) 05/20 22:05:18 Image size of job updated: 2003756
	1687  -  MemoryUsage of job (MB)
	1727140  -  ResidentSetSize of job (KB)
...
006 (1331.000.000) 05/20 22:20:20 Image size of job updated: 2003756
	1687  -  MemoryUsage of job (MB)
	1727148  -  ResidentSetSize of job (KB)
...
006 (1331.000.000) 05/21 00:15:32 Image size of job updated: 2117600
	1798  -  MemoryUsage of job (MB)
	1841132  -  ResidentSetSize of job (KB)
...
