job started
Epoch: 1 Learning rate: 1.000
0.000 perplexity: 49995.930 speed: 3510 wps
0.100 perplexity: 550.566 speed: 24385 wps
0.200 perplexity: 459.097 speed: 21489 wps
0.300 perplexity: 413.338 speed: 20796 wps
0.400 perplexity: 385.327 speed: 20859 wps
0.500 perplexity: 365.759 speed: 20956 wps
0.600 perplexity: 351.058 speed: 20630 wps
0.700 perplexity: 339.218 speed: 20359 wps
0.800 perplexity: 329.570 speed: 20488 wps
0.900 perplexity: 321.593 speed: 20646 wps
1.000 perplexity: 314.634 speed: 20638 wps
Epoch: 1 Train Perplexity: 314.629
with(perplexity: 240.916) speed: 38557 wps
Epoch: 1 Valid Perplexity: 240.916
Epoch: 2 Learning rate: 1.000
0.000 perplexity: 240.656 speed: 19645 wps
0.100 perplexity: 251.608 speed: 18549 wps
0.200 perplexity: 251.379 speed: 18841 wps
0.300 perplexity: 249.333 speed: 19658 wps
0.400 perplexity: 247.767 speed: 20191 wps
0.500 perplexity: 246.334 speed: 20101 wps
0.600 perplexity: 245.057 speed: 19806 wps
0.700 perplexity: 243.704 speed: 19968 wps
0.800 perplexity: 242.510 speed: 20206 wps
0.900 perplexity: 241.492 speed: 20324 wps
1.000 perplexity: 240.436 speed: 20185 wps
Epoch: 2 Train Perplexity: 240.435
with(perplexity: 213.794) speed: 35760 wps
Epoch: 2 Valid Perplexity: 213.794
Epoch: 3 Learning rate: 1.000
0.000 perplexity: 212.766 speed: 17124 wps
0.100 perplexity: 227.539 speed: 19563 wps
0.200 perplexity: 228.471 speed: 20650 wps
0.300 perplexity: 227.496 speed: 21093 wps
0.400 perplexity: 226.907 speed: 20727 wps
0.500 perplexity: 226.358 speed: 20228 wps
0.600 perplexity: 225.879 speed: 20339 wps
0.700 perplexity: 225.258 speed: 20543 wps
0.800 perplexity: 224.730 speed: 20623 wps
0.900 perplexity: 224.303 speed: 20407 wps
1.000 perplexity: 223.821 speed: 20232 wps
Epoch: 3 Train Perplexity: 223.821
with(perplexity: 202.502) speed: 41610 wps
Epoch: 3 Valid Perplexity: 202.502
with(perplexity: 217.007) speed: 402 wps
Test Perplexity: 217.007
Saving model to /esat/spchtemp/scratch/robbe/SpeechHub/pretrained_tied_models_small/output/original_0/original_0.
