000 (1374.000.000) 05/21 05:47:39 Job submitted from host: <10.33.133.154:9618?addrs=10.33.133.154-9618+[--1]-9618&noUDP&sock=1383_3391_3>
    DAG Node: topic_lda
...
001 (1374.000.000) 05/21 05:52:46 Job executing on host: <10.33.133.70:9618?addrs=10.33.133.70-9618+[--1]-9618&noUDP&sock=19079_2f80_3>
...
006 (1374.000.000) 05/21 05:52:55 Image size of job updated: 758728
	741  -  MemoryUsage of job (MB)
	758728  -  ResidentSetSize of job (KB)
...
006 (1374.000.000) 05/21 05:57:56 Image size of job updated: 1940168
	1639  -  MemoryUsage of job (MB)
	1678024  -  ResidentSetSize of job (KB)
...
006 (1374.000.000) 05/21 06:02:57 Image size of job updated: 1948288
	1647  -  MemoryUsage of job (MB)
	1686144  -  ResidentSetSize of job (KB)
...
006 (1374.000.000) 05/21 06:07:58 Image size of job updated: 1956752
	1655  -  MemoryUsage of job (MB)
	1694608  -  ResidentSetSize of job (KB)
...
006 (1374.000.000) 05/21 06:12:59 Image size of job updated: 1957536
	1656  -  MemoryUsage of job (MB)
	1695392  -  ResidentSetSize of job (KB)
...
006 (1374.000.000) 05/21 06:18:01 Image size of job updated: 1957752
	1656  -  MemoryUsage of job (MB)
	1695608  -  ResidentSetSize of job (KB)
...
006 (1374.000.000) 05/21 06:23:01 Image size of job updated: 1965748
	1664  -  MemoryUsage of job (MB)
	1703604  -  ResidentSetSize of job (KB)
...
006 (1374.000.000) 05/21 06:28:01 Image size of job updated: 1965800
	1664  -  MemoryUsage of job (MB)
	1703656  -  ResidentSetSize of job (KB)
...
006 (1374.000.000) 05/21 06:33:01 Image size of job updated: 1965804
	1664  -  MemoryUsage of job (MB)
	1703660  -  ResidentSetSize of job (KB)
...
006 (1374.000.000) 05/21 06:38:01 Image size of job updated: 1965828
	1664  -  MemoryUsage of job (MB)
	1703684  -  ResidentSetSize of job (KB)
...
006 (1374.000.000) 05/21 06:43:01 Image size of job updated: 1965872
	1664  -  MemoryUsage of job (MB)
	1703728  -  ResidentSetSize of job (KB)
...
006 (1374.000.000) 05/21 06:48:02 Image size of job updated: 1965876
	1664  -  MemoryUsage of job (MB)
	1703732  -  ResidentSetSize of job (KB)
...
006 (1374.000.000) 05/21 06:53:03 Image size of job updated: 1965880
	1664  -  MemoryUsage of job (MB)
	1703736  -  ResidentSetSize of job (KB)
...
006 (1374.000.000) 05/21 06:58:04 Image size of job updated: 1965916
	1664  -  MemoryUsage of job (MB)
	1703772  -  ResidentSetSize of job (KB)
...
006 (1374.000.000) 05/21 07:03:04 Image size of job updated: 1973652
	1672  -  MemoryUsage of job (MB)
	1711508  -  ResidentSetSize of job (KB)
...
006 (1374.000.000) 05/21 07:13:04 Image size of job updated: 1981412
	1679  -  MemoryUsage of job (MB)
	1719268  -  ResidentSetSize of job (KB)
...
006 (1374.000.000) 05/21 07:23:05 Image size of job updated: 1981416
	1679  -  MemoryUsage of job (MB)
	1719272  -  ResidentSetSize of job (KB)
...
006 (1374.000.000) 05/21 08:18:11 Image size of job updated: 1981480
	1680  -  MemoryUsage of job (MB)
	1719336  -  ResidentSetSize of job (KB)
...
006 (1374.000.000) 05/21 08:38:13 Image size of job updated: 1981508
	1680  -  MemoryUsage of job (MB)
	1719364  -  ResidentSetSize of job (KB)
...
006 (1374.000.000) 05/21 09:03:15 Image size of job updated: 1981512
	1680  -  MemoryUsage of job (MB)
	1719368  -  ResidentSetSize of job (KB)
...
006 (1374.000.000) 05/21 09:58:22 Image size of job updated: 1981592
	1680  -  MemoryUsage of job (MB)
	1719448  -  ResidentSetSize of job (KB)
...
006 (1374.000.000) 05/21 11:13:30 Image size of job updated: 1981760
	1680  -  MemoryUsage of job (MB)
	1719616  -  ResidentSetSize of job (KB)
...
006 (1374.000.000) 05/21 11:23:30 Image size of job updated: 1981820
	1680  -  MemoryUsage of job (MB)
	1719676  -  ResidentSetSize of job (KB)
...
006 (1374.000.000) 05/21 11:43:33 Image size of job updated: 1982844
	1681  -  MemoryUsage of job (MB)
	1720700  -  ResidentSetSize of job (KB)
...
006 (1374.000.000) 05/21 12:13:36 Image size of job updated: 2095708
	1791  -  MemoryUsage of job (MB)
	1833564  -  ResidentSetSize of job (KB)
...
005 (1374.000.000) 05/21 17:26:53 Job terminated.
	(1) Normal termination (return value 0)
		Usr 0 07:30:11, Sys 0 01:09:05  -  Run Remote Usage
		Usr 0 00:00:00, Sys 0 00:00:00  -  Run Local Usage
		Usr 0 07:30:11, Sys 0 01:09:05  -  Total Remote Usage
		Usr 0 00:00:00, Sys 0 00:00:00  -  Total Local Usage
	0  -  Run Bytes Sent By Job
	0  -  Run Bytes Received By Job
	0  -  Total Bytes Sent By Job
	0  -  Total Bytes Received By Job
	Partitionable Resources :    Usage  Request Allocated
	   Cpus                 :                 1         1
	   Disk (KB)            :        7        7  39037242
	   Gpus                 :                 1         1
	   Memory (MB)          :     1791     4096      4096
...
