I tensorflow/stream_executor/dso_loader.cc:128] successfully opened CUDA library libcublas.so locally
I tensorflow/stream_executor/dso_loader.cc:128] successfully opened CUDA library libcudnn.so locally
I tensorflow/stream_executor/dso_loader.cc:128] successfully opened CUDA library libcufft.so locally
I tensorflow/stream_executor/dso_loader.cc:128] successfully opened CUDA library libcuda.so.1 locally
I tensorflow/stream_executor/dso_loader.cc:128] successfully opened CUDA library libcurand.so locally
/users/start2014/r0364650/.local/lib/python2.7/site-packages/gensim/utils.py:1015: UserWarning: Pattern library is not installed, lemmatization won't be available.
  warnings.warn("Pattern library is not installed, lemmatization won't be available.")
/users/start2014/r0364650/.local/lib/python2.7/site-packages/tensorflow/python/ops/gradients_impl.py:91: UserWarning: Converting sparse IndexedSlices to a dense Tensor of unknown shape. This may consume a large amount of memory.
  "Converting sparse IndexedSlices to a dense Tensor of unknown shape. "
I tensorflow/stream_executor/cuda/cuda_gpu_executor.cc:937] successful NUMA node read from SysFS had negative value (-1), but there must be at least one NUMA node, so returning NUMA node zero
I tensorflow/core/common_runtime/gpu/gpu_device.cc:885] Found device 0 with properties: 
name: GeForce GTX 980 Ti
major: 5 minor: 2 memoryClockRate (GHz) 1.19
pciBusID 0000:02:00.0
Total memory: 5.94GiB
Free memory: 5.83GiB
I tensorflow/core/common_runtime/gpu/gpu_device.cc:906] DMA: 0 
I tensorflow/core/common_runtime/gpu/gpu_device.cc:916] 0:   Y 
I tensorflow/core/common_runtime/gpu/gpu_device.cc:975] Creating TensorFlow device (/gpu:0) -> (device: 0, name: GeForce GTX 980 Ti, pci bus id: 0000:02:00.0)
I tensorflow/core/common_runtime/gpu/pool_allocator.cc:247] PoolAllocator: After 9515 get requests, put_count=9357 evicted_count=1000 eviction_rate=0.106872 and unsatisfied allocation rate=0.132212
I tensorflow/core/common_runtime/gpu/pool_allocator.cc:259] Raising pool_size_limit_ from 100 to 110
I tensorflow/core/common_runtime/gpu/pool_allocator.cc:247] PoolAllocator: After 16871 get requests, put_count=16960 evicted_count=1000 eviction_rate=0.0589623 and unsatisfied allocation rate=0.0553613
I tensorflow/core/common_runtime/gpu/pool_allocator.cc:259] Raising pool_size_limit_ from 256 to 281
I tensorflow/core/common_runtime/gpu/pool_allocator.cc:247] PoolAllocator: After 7603200 get requests, put_count=7603206 evicted_count=6000 eviction_rate=0.000789141 and unsatisfied allocation rate=0.000793219
I tensorflow/core/common_runtime/gpu/pool_allocator.cc:247] PoolAllocator: After 20148000 get requests, put_count=20148006 evicted_count=16000 eviction_rate=0.000794123 and unsatisfied allocation rate=0.000795662
I tensorflow/core/common_runtime/gpu/pool_allocator.cc:247] PoolAllocator: After 32714400 get requests, put_count=32714406 evicted_count=26000 eviction_rate=0.000794757 and unsatisfied allocation rate=0.000795705
I tensorflow/core/common_runtime/gpu/pool_allocator.cc:247] PoolAllocator: After 45280800 get requests, put_count=45280806 evicted_count=36000 eviction_rate=0.000795039 and unsatisfied allocation rate=0.000795724
I tensorflow/core/common_runtime/gpu/pool_allocator.cc:247] PoolAllocator: After 57847200 get requests, put_count=57847206 evicted_count=46000 eviction_rate=0.000795198 and unsatisfied allocation rate=0.000795734
I tensorflow/core/common_runtime/gpu/pool_allocator.cc:247] PoolAllocator: After 70449600 get requests, put_count=70449606 evicted_count=56000 eviction_rate=0.000794894 and unsatisfied allocation rate=0.000795335
I tensorflow/core/common_runtime/gpu/pool_allocator.cc:247] PoolAllocator: After 82999200 get requests, put_count=82999206 evicted_count=66000 eviction_rate=0.000795188 and unsatisfied allocation rate=0.000795562
I tensorflow/core/common_runtime/gpu/pool_allocator.cc:247] PoolAllocator: After 95529600 get requests, put_count=95529606 evicted_count=76000 eviction_rate=0.000795565 and unsatisfied allocation rate=0.000795889
I tensorflow/core/common_runtime/gpu/pool_allocator.cc:247] PoolAllocator: After 108067200 get requests, put_count=108067205 evicted_count=86000 eviction_rate=0.000795801 and unsatisfied allocation rate=0.000796097
I tensorflow/core/common_runtime/gpu/pool_allocator.cc:247] PoolAllocator: After 120628800 get requests, put_count=120628805 evicted_count=96000 eviction_rate=0.00079583 and unsatisfied allocation rate=0.000796095
I tensorflow/core/common_runtime/gpu/pool_allocator.cc:247] PoolAllocator: After 133113600 get requests, put_count=133113605 evicted_count=106000 eviction_rate=0.000796312 and unsatisfied allocation rate=0.000796553
I tensorflow/core/common_runtime/gpu/pool_allocator.cc:247] PoolAllocator: After 145665600 get requests, put_count=145665606 evicted_count=116000 eviction_rate=0.000796344 and unsatisfied allocation rate=0.000796557
I tensorflow/core/common_runtime/gpu/pool_allocator.cc:247] PoolAllocator: After 158277600 get requests, put_count=158277606 evicted_count=126000 eviction_rate=0.00079607 and unsatisfied allocation rate=0.000796266
I tensorflow/core/common_runtime/gpu/pool_allocator.cc:247] PoolAllocator: After 170865600 get requests, put_count=170865606 evicted_count=136000 eviction_rate=0.000795947 and unsatisfied allocation rate=0.000796129
I tensorflow/core/common_runtime/gpu/pool_allocator.cc:247] PoolAllocator: After 183393600 get requests, put_count=183393606 evicted_count=146000 eviction_rate=0.000796102 and unsatisfied allocation rate=0.000796271
I tensorflow/core/common_runtime/gpu/pool_allocator.cc:247] PoolAllocator: After 195974400 get requests, put_count=195974405 evicted_count=156000 eviction_rate=0.000796022 and unsatisfied allocation rate=0.000796186
I tensorflow/core/common_runtime/gpu/pool_allocator.cc:247] PoolAllocator: After 208524000 get requests, put_count=208524005 evicted_count=166000 eviction_rate=0.000796071 and unsatisfied allocation rate=0.000796225
I tensorflow/core/common_runtime/gpu/pool_allocator.cc:247] PoolAllocator: After 221145600 get requests, put_count=221145605 evicted_count=176000 eviction_rate=0.000795856 and unsatisfied allocation rate=0.000796
I tensorflow/core/common_runtime/gpu/pool_allocator.cc:247] PoolAllocator: After 233712000 get requests, put_count=233712006 evicted_count=186000 eviction_rate=0.000795851 and unsatisfied allocation rate=0.000795984
I tensorflow/core/common_runtime/gpu/pool_allocator.cc:247] PoolAllocator: After 246240000 get requests, put_count=246240006 evicted_count=196000 eviction_rate=0.000795971 and unsatisfied allocation rate=0.000796097
I tensorflow/core/common_runtime/gpu/pool_allocator.cc:247] PoolAllocator: After 258739200 get requests, put_count=258739206 evicted_count=206000 eviction_rate=0.000796168 and unsatisfied allocation rate=0.000796288
I tensorflow/core/common_runtime/gpu/pool_allocator.cc:247] PoolAllocator: After 271262400 get requests, put_count=271262405 evicted_count=216000 eviction_rate=0.000796277 and unsatisfied allocation rate=0.000796395
I tensorflow/core/common_runtime/gpu/pool_allocator.cc:247] PoolAllocator: After 283783200 get requests, put_count=283783205 evicted_count=226000 eviction_rate=0.000796383 and unsatisfied allocation rate=0.000796495
I tensorflow/core/common_runtime/gpu/pool_allocator.cc:247] PoolAllocator: After 296328000 get requests, put_count=296328005 evicted_count=236000 eviction_rate=0.000796415 and unsatisfied allocation rate=0.000796523
I tensorflow/core/common_runtime/gpu/pool_allocator.cc:247] PoolAllocator: After 308824800 get requests, put_count=308824806 evicted_count=246000 eviction_rate=0.000796568 and unsatisfied allocation rate=0.000796669
I tensorflow/core/common_runtime/gpu/pool_allocator.cc:247] PoolAllocator: After 321343200 get requests, put_count=321343206 evicted_count=256000 eviction_rate=0.000796656 and unsatisfied allocation rate=0.000796753
I tensorflow/core/common_runtime/gpu/pool_allocator.cc:247] PoolAllocator: After 333948000 get requests, put_count=333948005 evicted_count=266000 eviction_rate=0.000796531 and unsatisfied allocation rate=0.000796627
I tensorflow/core/common_runtime/gpu/pool_allocator.cc:247] PoolAllocator: After 346464000 get requests, put_count=346464005 evicted_count=276000 eviction_rate=0.00079662 and unsatisfied allocation rate=0.000796712
I tensorflow/core/common_runtime/gpu/pool_allocator.cc:247] PoolAllocator: After 359037600 get requests, put_count=359037605 evicted_count=286000 eviction_rate=0.000796574 and unsatisfied allocation rate=0.000796663
I tensorflow/core/common_runtime/gpu/pool_allocator.cc:247] PoolAllocator: After 371329606 get requests, put_count=371329612 evicted_count=296000 eviction_rate=0.000797135 and unsatisfied allocation rate=0.000797219
I tensorflow/core/common_runtime/gpu/pool_allocator.cc:247] PoolAllocator: After 383903206 get requests, put_count=383903212 evicted_count=306000 eviction_rate=0.000797076 and unsatisfied allocation rate=0.000797157
I tensorflow/core/common_runtime/gpu/pool_allocator.cc:247] PoolAllocator: After 396368806 get requests, put_count=396368811 evicted_count=316000 eviction_rate=0.000797237 and unsatisfied allocation rate=0.000797318
I tensorflow/core/common_runtime/gpu/pool_allocator.cc:247] PoolAllocator: After 408918406 get requests, put_count=408918411 evicted_count=326000 eviction_rate=0.000797225 and unsatisfied allocation rate=0.000797303
I tensorflow/core/common_runtime/gpu/pool_allocator.cc:247] PoolAllocator: After 421451206 get requests, put_count=421451211 evicted_count=336000 eviction_rate=0.000797245 and unsatisfied allocation rate=0.000797321
I tensorflow/core/common_runtime/gpu/pool_allocator.cc:247] PoolAllocator: After 434008006 get requests, put_count=434008011 evicted_count=346000 eviction_rate=0.00079722 and unsatisfied allocation rate=0.000797294
I tensorflow/core/common_runtime/gpu/pool_allocator.cc:247] PoolAllocator: After 446567206 get requests, put_count=446567212 evicted_count=356000 eviction_rate=0.000797192 and unsatisfied allocation rate=0.000797262
I tensorflow/core/common_runtime/gpu/pool_allocator.cc:247] PoolAllocator: After 459138406 get requests, put_count=459138411 evicted_count=366000 eviction_rate=0.000797145 and unsatisfied allocation rate=0.000797215
I tensorflow/core/common_runtime/gpu/pool_allocator.cc:247] PoolAllocator: After 471661606 get requests, put_count=471661611 evicted_count=376000 eviction_rate=0.000797182 and unsatisfied allocation rate=0.00079725
I tensorflow/core/common_runtime/gpu/pool_allocator.cc:247] PoolAllocator: After 484182406 get requests, put_count=484182411 evicted_count=386000 eviction_rate=0.00079722 and unsatisfied allocation rate=0.000797286
I tensorflow/core/common_runtime/gpu/pool_allocator.cc:247] PoolAllocator: After 496703206 get requests, put_count=496703212 evicted_count=396000 eviction_rate=0.000797257 and unsatisfied allocation rate=0.000797319
I tensorflow/core/common_runtime/gpu/pool_allocator.cc:247] PoolAllocator: After 509233606 get requests, put_count=509233612 evicted_count=406000 eviction_rate=0.000797277 and unsatisfied allocation rate=0.000797337
I tensorflow/core/common_runtime/gpu/pool_allocator.cc:247] PoolAllocator: After 521800006 get requests, put_count=521800012 evicted_count=416000 eviction_rate=0.00079724 and unsatisfied allocation rate=0.0007973
I tensorflow/core/common_runtime/gpu/pool_allocator.cc:247] PoolAllocator: After 534397606 get requests, put_count=534397611 evicted_count=426000 eviction_rate=0.000797159 and unsatisfied allocation rate=0.000797219
I tensorflow/core/common_runtime/gpu/pool_allocator.cc:247] PoolAllocator: After 546964006 get requests, put_count=546964011 evicted_count=436000 eviction_rate=0.000797127 and unsatisfied allocation rate=0.000797186
I tensorflow/core/common_runtime/gpu/pool_allocator.cc:247] PoolAllocator: After 559499206 get requests, put_count=559499211 evicted_count=446000 eviction_rate=0.000797141 and unsatisfied allocation rate=0.000797199
I tensorflow/core/common_runtime/gpu/pool_allocator.cc:247] PoolAllocator: After 572070406 get requests, put_count=572070411 evicted_count=456000 eviction_rate=0.000797105 and unsatisfied allocation rate=0.000797161
I tensorflow/core/common_runtime/gpu/pool_allocator.cc:247] PoolAllocator: After 584624806 get requests, put_count=584624812 evicted_count=466000 eviction_rate=0.000797092 and unsatisfied allocation rate=0.000797145
I tensorflow/core/common_runtime/gpu/pool_allocator.cc:247] PoolAllocator: After 597172006 get requests, put_count=597172012 evicted_count=476000 eviction_rate=0.00079709 and unsatisfied allocation rate=0.000797142
I tensorflow/core/common_runtime/gpu/pool_allocator.cc:247] PoolAllocator: After 609683206 get requests, put_count=609683211 evicted_count=486000 eviction_rate=0.000797135 and unsatisfied allocation rate=0.000797188
I tensorflow/core/common_runtime/gpu/pool_allocator.cc:247] PoolAllocator: After 622127206 get requests, put_count=622127211 evicted_count=496000 eviction_rate=0.000797265 and unsatisfied allocation rate=0.000797316
I tensorflow/core/common_runtime/gpu/pool_allocator.cc:247] PoolAllocator: After 634614406 get requests, put_count=634614411 evicted_count=506000 eviction_rate=0.000797335 and unsatisfied allocation rate=0.000797385
I tensorflow/core/common_runtime/gpu/pool_allocator.cc:247] PoolAllocator: After 647048806 get requests, put_count=647048811 evicted_count=516000 eviction_rate=0.000797467 and unsatisfied allocation rate=0.000797516
I tensorflow/core/common_runtime/gpu/pool_allocator.cc:247] PoolAllocator: After 659521606 get requests, put_count=659521611 evicted_count=526000 eviction_rate=0.000797548 and unsatisfied allocation rate=0.000797596
I tensorflow/core/common_runtime/gpu/pool_allocator.cc:247] PoolAllocator: After 671948806 get requests, put_count=671948812 evicted_count=536000 eviction_rate=0.00079768 and unsatisfied allocation rate=0.000797726
I tensorflow/core/common_runtime/gpu/pool_allocator.cc:247] PoolAllocator: After 684404806 get requests, put_count=684404811 evicted_count=546000 eviction_rate=0.000797773 and unsatisfied allocation rate=0.00079782
I tensorflow/core/common_runtime/gpu/pool_allocator.cc:247] PoolAllocator: After 696964006 get requests, put_count=696964011 evicted_count=556000 eviction_rate=0.000797746 and unsatisfied allocation rate=0.000797792
I tensorflow/core/common_runtime/gpu/pool_allocator.cc:247] PoolAllocator: After 709405606 get requests, put_count=709405611 evicted_count=566000 eviction_rate=0.000797851 and unsatisfied allocation rate=0.000797896
I tensorflow/core/common_runtime/gpu/pool_allocator.cc:247] PoolAllocator: After 721835206 get requests, put_count=721835211 evicted_count=576000 eviction_rate=0.000797966 and unsatisfied allocation rate=0.00079801
I tensorflow/core/common_runtime/gpu/pool_allocator.cc:247] PoolAllocator: After 734365606 get requests, put_count=734365612 evicted_count=586000 eviction_rate=0.000797968 and unsatisfied allocation rate=0.00079801
I tensorflow/core/common_runtime/gpu/pool_allocator.cc:247] PoolAllocator: After 746578412 get requests, put_count=746578417 evicted_count=596000 eviction_rate=0.000798309 and unsatisfied allocation rate=0.000798352
I tensorflow/core/common_runtime/gpu/pool_allocator.cc:247] PoolAllocator: After 758981612 get requests, put_count=758981617 evicted_count=606000 eviction_rate=0.000798438 and unsatisfied allocation rate=0.00079848
I tensorflow/core/common_runtime/gpu/pool_allocator.cc:247] PoolAllocator: After 771200012 get requests, put_count=771200017 evicted_count=616000 eviction_rate=0.000798755 and unsatisfied allocation rate=0.000798797
I tensorflow/core/common_runtime/gpu/pool_allocator.cc:247] PoolAllocator: After 783387212 get requests, put_count=783387217 evicted_count=626000 eviction_rate=0.000799094 and unsatisfied allocation rate=0.000799135
I tensorflow/core/common_runtime/gpu/pool_allocator.cc:247] PoolAllocator: After 795610412 get requests, put_count=795610417 evicted_count=636000 eviction_rate=0.000799386 and unsatisfied allocation rate=0.000799426
I tensorflow/core/common_runtime/gpu/pool_allocator.cc:247] PoolAllocator: After 807814412 get requests, put_count=807814417 evicted_count=646000 eviction_rate=0.000799689 and unsatisfied allocation rate=0.000799728
I tensorflow/core/common_runtime/gpu/pool_allocator.cc:247] PoolAllocator: After 819984812 get requests, put_count=819984817 evicted_count=656000 eviction_rate=0.000800015 and unsatisfied allocation rate=0.000800054
I tensorflow/core/common_runtime/gpu/pool_allocator.cc:247] PoolAllocator: After 832176812 get requests, put_count=832176817 evicted_count=666000 eviction_rate=0.000800311 and unsatisfied allocation rate=0.000800349
I tensorflow/core/common_runtime/gpu/pool_allocator.cc:247] PoolAllocator: After 844373612 get requests, put_count=844373617 evicted_count=676000 eviction_rate=0.000800593 and unsatisfied allocation rate=0.000800631
I tensorflow/core/common_runtime/gpu/pool_allocator.cc:247] PoolAllocator: After 856503212 get requests, put_count=856503217 evicted_count=686000 eviction_rate=0.000800931 and unsatisfied allocation rate=0.000800968
I tensorflow/core/common_runtime/gpu/pool_allocator.cc:247] PoolAllocator: After 868671212 get requests, put_count=868671217 evicted_count=696000 eviction_rate=0.000801224 and unsatisfied allocation rate=0.000801261
I tensorflow/core/common_runtime/gpu/pool_allocator.cc:247] PoolAllocator: After 880848812 get requests, put_count=880848817 evicted_count=706000 eviction_rate=0.0008015 and unsatisfied allocation rate=0.000801536
I tensorflow/core/common_runtime/gpu/pool_allocator.cc:247] PoolAllocator: After 893036012 get requests, put_count=893036017 evicted_count=716000 eviction_rate=0.000801759 and unsatisfied allocation rate=0.000801795
I tensorflow/core/common_runtime/gpu/pool_allocator.cc:247] PoolAllocator: After 905235212 get requests, put_count=905235217 evicted_count=726000 eviction_rate=0.000802001 and unsatisfied allocation rate=0.000802037
I tensorflow/core/common_runtime/gpu/pool_allocator.cc:247] PoolAllocator: After 917422412 get requests, put_count=917422417 evicted_count=736000 eviction_rate=0.000802248 and unsatisfied allocation rate=0.000802283
I tensorflow/core/common_runtime/gpu/pool_allocator.cc:247] PoolAllocator: After 929600012 get requests, put_count=929600017 evicted_count=746000 eviction_rate=0.000802496 and unsatisfied allocation rate=0.00080253
I tensorflow/core/common_runtime/gpu/pool_allocator.cc:247] PoolAllocator: After 941792012 get requests, put_count=941792017 evicted_count=756000 eviction_rate=0.000802725 and unsatisfied allocation rate=0.000802759
I tensorflow/core/common_runtime/gpu/pool_allocator.cc:247] PoolAllocator: After 953979212 get requests, put_count=953979217 evicted_count=766000 eviction_rate=0.000802953 and unsatisfied allocation rate=0.000802986
I tensorflow/core/common_runtime/gpu/pool_allocator.cc:247] PoolAllocator: After 966226412 get requests, put_count=966226417 evicted_count=776000 eviction_rate=0.000803124 and unsatisfied allocation rate=0.000803158
I tensorflow/core/common_runtime/gpu/pool_allocator.cc:247] PoolAllocator: After 978418412 get requests, put_count=978418417 evicted_count=786000 eviction_rate=0.000803337 and unsatisfied allocation rate=0.00080337
I tensorflow/core/common_runtime/gpu/pool_allocator.cc:247] PoolAllocator: After 990584012 get requests, put_count=990584017 evicted_count=796000 eviction_rate=0.000803566 and unsatisfied allocation rate=0.000803599
I tensorflow/core/common_runtime/gpu/pool_allocator.cc:247] PoolAllocator: After 1002749612 get requests, put_count=1002749617 evicted_count=806000 eviction_rate=0.00080379 and unsatisfied allocation rate=0.000803822
I tensorflow/core/common_runtime/gpu/pool_allocator.cc:247] PoolAllocator: After 1014927212 get requests, put_count=1014927217 evicted_count=816000 eviction_rate=0.000803999 and unsatisfied allocation rate=0.00080403
I tensorflow/core/common_runtime/gpu/pool_allocator.cc:247] PoolAllocator: After 1027104812 get requests, put_count=1027104817 evicted_count=826000 eviction_rate=0.000804202 and unsatisfied allocation rate=0.000804233
I tensorflow/core/common_runtime/gpu/pool_allocator.cc:247] PoolAllocator: After 1039299212 get requests, put_count=1039299217 evicted_count=836000 eviction_rate=0.000804388 and unsatisfied allocation rate=0.000804419
I tensorflow/core/common_runtime/gpu/pool_allocator.cc:247] PoolAllocator: After 1051455212 get requests, put_count=1051455217 evicted_count=846000 eviction_rate=0.000804599 and unsatisfied allocation rate=0.00080463
I tensorflow/core/common_runtime/gpu/pool_allocator.cc:247] PoolAllocator: After 1063652012 get requests, put_count=1063652017 evicted_count=856000 eviction_rate=0.000804774 and unsatisfied allocation rate=0.000804805
I tensorflow/core/common_runtime/gpu/pool_allocator.cc:247] PoolAllocator: After 1075846412 get requests, put_count=1075846417 evicted_count=866000 eviction_rate=0.000804948 and unsatisfied allocation rate=0.000804977
I tensorflow/core/common_runtime/gpu/pool_allocator.cc:247] PoolAllocator: After 1088014412 get requests, put_count=1088014417 evicted_count=876000 eviction_rate=0.000805136 and unsatisfied allocation rate=0.000805166
I tensorflow/core/common_runtime/gpu/pool_allocator.cc:247] PoolAllocator: After 1100216012 get requests, put_count=1100216017 evicted_count=886000 eviction_rate=0.000805296 and unsatisfied allocation rate=0.000805325
