000 (1330.000.000) 05/16 20:32:00 Job submitted from host: <10.33.133.154:9618?addrs=10.33.133.154-9618+[--1]-9618&noUDP&sock=1383_3391_3>
    DAG Node: topic_reg
...
001 (1330.000.000) 05/20 15:49:35 Job executing on host: <10.33.133.70:9618?addrs=10.33.133.70-9618+[--1]-9618&noUDP&sock=19079_2f80_3>
...
006 (1330.000.000) 05/20 15:49:44 Image size of job updated: 300580
	293  -  MemoryUsage of job (MB)
	299208  -  ResidentSetSize of job (KB)
...
006 (1330.000.000) 05/20 15:54:45 Image size of job updated: 1962560
	1645  -  MemoryUsage of job (MB)
	1683640  -  ResidentSetSize of job (KB)
...
006 (1330.000.000) 05/20 15:59:45 Image size of job updated: 1970032
	1652  -  MemoryUsage of job (MB)
	1691112  -  ResidentSetSize of job (KB)
...
006 (1330.000.000) 05/20 16:04:45 Image size of job updated: 1977228
	1659  -  MemoryUsage of job (MB)
	1698308  -  ResidentSetSize of job (KB)
...
006 (1330.000.000) 05/20 16:09:45 Image size of job updated: 1984740
	1666  -  MemoryUsage of job (MB)
	1705820  -  ResidentSetSize of job (KB)
...
006 (1330.000.000) 05/20 16:14:45 Image size of job updated: 1985404
	1667  -  MemoryUsage of job (MB)
	1706484  -  ResidentSetSize of job (KB)
...
006 (1330.000.000) 05/20 16:19:45 Image size of job updated: 1991028
	1672  -  MemoryUsage of job (MB)
	1712108  -  ResidentSetSize of job (KB)
...
006 (1330.000.000) 05/20 16:24:46 Image size of job updated: 1998008
	1679  -  MemoryUsage of job (MB)
	1719088  -  ResidentSetSize of job (KB)
...
006 (1330.000.000) 05/20 16:29:47 Image size of job updated: 1998012
	1679  -  MemoryUsage of job (MB)
	1719092  -  ResidentSetSize of job (KB)
...
006 (1330.000.000) 05/20 16:34:48 Image size of job updated: 1998020
	1679  -  MemoryUsage of job (MB)
	1719100  -  ResidentSetSize of job (KB)
...
006 (1330.000.000) 05/20 16:39:48 Image size of job updated: 2004992
	1686  -  MemoryUsage of job (MB)
	1726072  -  ResidentSetSize of job (KB)
...
006 (1330.000.000) 05/20 16:44:48 Image size of job updated: 2005172
	1686  -  MemoryUsage of job (MB)
	1726252  -  ResidentSetSize of job (KB)
...
006 (1330.000.000) 05/20 16:49:48 Image size of job updated: 2005188
	1686  -  MemoryUsage of job (MB)
	1726268  -  ResidentSetSize of job (KB)
...
006 (1330.000.000) 05/20 16:54:49 Image size of job updated: 2012204
	1693  -  MemoryUsage of job (MB)
	1733284  -  ResidentSetSize of job (KB)
...
006 (1330.000.000) 05/20 17:19:51 Image size of job updated: 2012288
	1693  -  MemoryUsage of job (MB)
	1733368  -  ResidentSetSize of job (KB)
...
006 (1330.000.000) 05/20 17:44:53 Image size of job updated: 2012292
	1693  -  MemoryUsage of job (MB)
	1733372  -  ResidentSetSize of job (KB)
...
006 (1330.000.000) 05/20 17:54:53 Image size of job updated: 2012324
	1693  -  MemoryUsage of job (MB)
	1733404  -  ResidentSetSize of job (KB)
...
006 (1330.000.000) 05/20 18:04:54 Image size of job updated: 2012328
	1693  -  MemoryUsage of job (MB)
	1733408  -  ResidentSetSize of job (KB)
...
006 (1330.000.000) 05/20 18:50:00 Image size of job updated: 2012336
	1693  -  MemoryUsage of job (MB)
	1733416  -  ResidentSetSize of job (KB)
...
006 (1330.000.000) 05/20 19:20:02 Image size of job updated: 2012416
	1693  -  MemoryUsage of job (MB)
	1733496  -  ResidentSetSize of job (KB)
...
006 (1330.000.000) 05/20 19:30:03 Image size of job updated: 2012452
	1693  -  MemoryUsage of job (MB)
	1733532  -  ResidentSetSize of job (KB)
...
006 (1330.000.000) 05/20 19:45:03 Image size of job updated: 2012480
	1693  -  MemoryUsage of job (MB)
	1733560  -  ResidentSetSize of job (KB)
...
006 (1330.000.000) 05/20 20:00:06 Image size of job updated: 2012488
	1693  -  MemoryUsage of job (MB)
	1733568  -  ResidentSetSize of job (KB)
...
006 (1330.000.000) 05/20 20:15:06 Image size of job updated: 2012568
	1694  -  MemoryUsage of job (MB)
	1733648  -  ResidentSetSize of job (KB)
...
006 (1330.000.000) 05/20 20:50:10 Image size of job updated: 2012572
	1694  -  MemoryUsage of job (MB)
	1733652  -  ResidentSetSize of job (KB)
...
006 (1330.000.000) 05/20 21:40:14 Image size of job updated: 2012576
	1694  -  MemoryUsage of job (MB)
	1733656  -  ResidentSetSize of job (KB)
...
006 (1330.000.000) 05/20 23:10:23 Image size of job updated: 2012584
	1694  -  MemoryUsage of job (MB)
	1733664  -  ResidentSetSize of job (KB)
...
006 (1330.000.000) 05/20 23:50:27 Image size of job updated: 2012588
	1694  -  MemoryUsage of job (MB)
	1733668  -  ResidentSetSize of job (KB)
...
006 (1330.000.000) 05/21 00:05:27 Image size of job updated: 2012596
	1694  -  MemoryUsage of job (MB)
	1733676  -  ResidentSetSize of job (KB)
...
006 (1330.000.000) 05/21 01:00:35 Image size of job updated: 2012596
	1694  -  MemoryUsage of job (MB)
	1733680  -  ResidentSetSize of job (KB)
...
006 (1330.000.000) 05/21 01:30:36 Image size of job updated: 2238708
	1914  -  MemoryUsage of job (MB)
	1959872  -  ResidentSetSize of job (KB)
...
006 (1330.000.000) 05/21 01:35:37 Image size of job updated: 2238708
	1915  -  MemoryUsage of job (MB)
	1960208  -  ResidentSetSize of job (KB)
...
006 (1330.000.000) 05/21 05:47:31 Image size of job updated: 2242672
	1915  -  MemoryUsage of job (MB)
	1960208  -  ResidentSetSize of job (KB)
...
005 (1330.000.000) 05/21 05:47:31 Job terminated.
	(1) Normal termination (return value 0)
		Usr 0 17:56:21, Sys 0 02:25:06  -  Run Remote Usage
		Usr 0 00:00:00, Sys 0 00:00:00  -  Run Local Usage
		Usr 0 17:56:21, Sys 0 02:25:06  -  Total Remote Usage
		Usr 0 00:00:00, Sys 0 00:00:00  -  Total Local Usage
	0  -  Run Bytes Sent By Job
	0  -  Run Bytes Received By Job
	0  -  Total Bytes Sent By Job
	0  -  Total Bytes Received By Job
	Partitionable Resources :    Usage  Request Allocated
	   Cpus                 :                 1         1
	   Disk (KB)            :        7        7  39037253
	   Gpus                 :                 1         1
	   Memory (MB)          :     1915     4096      4096
...
