job started
Epoch: 1 Learning rate: 1.000
0.000 perplexity: 6748.860 speed: 2003 wps
0.100 perplexity: 2915.357 speed: 8491 wps
0.200 perplexity: 2838.059 speed: 8479 wps
0.300 perplexity: 2789.682 speed: 8521 wps
0.400 perplexity: 2761.241 speed: 8522 wps
0.500 perplexity: 2741.477 speed: 8530 wps
0.600 perplexity: 2726.633 speed: 8533 wps
0.700 perplexity: 2714.718 speed: 8528 wps
0.800 perplexity: 2705.095 speed: 8462 wps
0.900 perplexity: 2698.994 speed: 8441 wps
1.000 perplexity: 2692.286 speed: 8450 wps
Epoch: 1 Train Perplexity: 2692.291
with(perplexity: 2568.296) speed: 11862 wps
Epoch: 1 Valid Perplexity: 2568.296
Epoch: 2 Learning rate: 1.000
0.000 perplexity: 2560.942 speed: 9106 wps
0.100 perplexity: 2607.743 speed: 8733 wps
0.200 perplexity: 2622.637 speed: 8744 wps
0.300 perplexity: 2619.478 speed: 8800 wps
0.400 perplexity: 2618.628 speed: 8816 wps
0.500 perplexity: 2617.911 speed: 8820 wps
0.600 perplexity: 2617.283 speed: 8824 wps
0.700 perplexity: 2616.367 speed: 8827 wps
0.800 perplexity: 2615.577 speed: 8830 wps
0.900 perplexity: 2616.684 speed: 8830 wps
1.000 perplexity: 2616.024 speed: 8831 wps
Epoch: 2 Train Perplexity: 2616.036
with(perplexity: 2538.913) speed: 11919 wps
Epoch: 2 Valid Perplexity: 2538.913
Epoch: 3 Learning rate: 1.000
0.000 perplexity: 2545.268 speed: 8922 wps
0.100 perplexity: 2587.589 speed: 8850 wps
0.200 perplexity: 2603.858 speed: 8851 wps
0.300 perplexity: 2601.614 speed: 8850 wps
0.400 perplexity: 2601.659 speed: 8846 wps
0.500 perplexity: 2601.631 speed: 8846 wps
0.600 perplexity: 2601.578 speed: 8848 wps
0.700 perplexity: 2601.299 speed: 8847 wps
0.800 perplexity: 2601.034 speed: 8846 wps
0.900 perplexity: 2602.624 speed: 8846 wps
1.000 perplexity: 2602.468 speed: 8844 wps
Epoch: 3 Train Perplexity: 2602.479
with(perplexity: 2529.419) speed: 11927 wps
Epoch: 3 Valid Perplexity: 2529.419
with(perplexity: 2919.361) speed: 309 wps
Test Perplexity: 2919.361
Saving model to /esat/spchtemp/scratch/robbe/SpeechHub/pretrained_tied_models_small/output/topic_0/topic_0.
