job started
with(perplexity: 202.044) speed: 261 wps
Interpolation factor = 0.000 : valid perplexity = 202.044
with(perplexity: 202.907) speed: 309 wps
Interpolation factor = 0.020 : valid perplexity = 202.907
with(perplexity: 204.363) speed: 307 wps
Interpolation factor = 0.041 : valid perplexity = 204.363
with(perplexity: 206.124) speed: 306 wps
Interpolation factor = 0.061 : valid perplexity = 206.124
with(perplexity: 208.112) speed: 307 wps
Interpolation factor = 0.082 : valid perplexity = 208.112
with(perplexity: 210.294) speed: 309 wps
Interpolation factor = 0.102 : valid perplexity = 210.294
with(perplexity: 212.654) speed: 308 wps
Interpolation factor = 0.122 : valid perplexity = 212.654
with(perplexity: 215.181) speed: 309 wps
Interpolation factor = 0.143 : valid perplexity = 215.181
with(perplexity: 217.873) speed: 309 wps
Interpolation factor = 0.163 : valid perplexity = 217.873
with(perplexity: 220.729) speed: 310 wps
Interpolation factor = 0.184 : valid perplexity = 220.729
with(perplexity: 223.751) speed: 311 wps
Interpolation factor = 0.204 : valid perplexity = 223.751
with(perplexity: 226.943) speed: 312 wps
Interpolation factor = 0.224 : valid perplexity = 226.943
with(perplexity: 230.310) speed: 312 wps
Interpolation factor = 0.245 : valid perplexity = 230.310
with(perplexity: 233.860) speed: 313 wps
Interpolation factor = 0.265 : valid perplexity = 233.860
with(perplexity: 237.602) speed: 308 wps
Interpolation factor = 0.286 : valid perplexity = 237.602
with(perplexity: 241.545) speed: 310 wps
Interpolation factor = 0.306 : valid perplexity = 241.545
with(perplexity: 245.702) speed: 338 wps
Interpolation factor = 0.327 : valid perplexity = 245.702
with(perplexity: 250.085) speed: 309 wps
Interpolation factor = 0.347 : valid perplexity = 250.085
with(perplexity: 254.711) speed: 256 wps
Interpolation factor = 0.367 : valid perplexity = 254.711
with(perplexity: 259.595) speed: 270 wps
Interpolation factor = 0.388 : valid perplexity = 259.595
with(perplexity: 264.758) speed: 265 wps
Interpolation factor = 0.408 : valid perplexity = 264.758
with(perplexity: 270.221) speed: 255 wps
Interpolation factor = 0.429 : valid perplexity = 270.221
with(perplexity: 276.009) speed: 260 wps
Interpolation factor = 0.449 : valid perplexity = 276.009
with(perplexity: 282.150) speed: 257 wps
Interpolation factor = 0.469 : valid perplexity = 282.150
with(perplexity: 288.675) speed: 259 wps
Interpolation factor = 0.490 : valid perplexity = 288.675
with(perplexity: 295.621) speed: 201 wps
Interpolation factor = 0.510 : valid perplexity = 295.621
with(perplexity: 303.029) speed: 193 wps
Interpolation factor = 0.531 : valid perplexity = 303.029
with(perplexity: 310.947) speed: 242 wps
Interpolation factor = 0.551 : valid perplexity = 310.947
with(perplexity: 319.430) speed: 225 wps
Interpolation factor = 0.571 : valid perplexity = 319.430
with(perplexity: 328.542) speed: 235 wps
Interpolation factor = 0.592 : valid perplexity = 328.542
with(perplexity: 338.356) speed: 248 wps
Interpolation factor = 0.612 : valid perplexity = 338.356
with(perplexity: 348.962) speed: 226 wps
Interpolation factor = 0.633 : valid perplexity = 348.962
with(perplexity: 360.463) speed: 221 wps
Interpolation factor = 0.653 : valid perplexity = 360.463
with(perplexity: 372.983) speed: 249 wps
Interpolation factor = 0.673 : valid perplexity = 372.983
with(perplexity: 386.675) speed: 228 wps
Interpolation factor = 0.694 : valid perplexity = 386.675
with(perplexity: 401.721) speed: 225 wps
Interpolation factor = 0.714 : valid perplexity = 401.721
with(perplexity: 418.349) speed: 249 wps
Interpolation factor = 0.735 : valid perplexity = 418.349
with(perplexity: 436.844) speed: 223 wps
Interpolation factor = 0.755 : valid perplexity = 436.844
with(perplexity: 457.571) speed: 228 wps
Interpolation factor = 0.776 : valid perplexity = 457.571
with(perplexity: 481.001) speed: 248 wps
Interpolation factor = 0.796 : valid perplexity = 481.001
with(perplexity: 507.763) speed: 234 wps
Interpolation factor = 0.816 : valid perplexity = 507.763
with(perplexity: 538.711) speed: 229 wps
Interpolation factor = 0.837 : valid perplexity = 538.711
with(perplexity: 575.053) speed: 248 wps
Interpolation factor = 0.857 : valid perplexity = 575.053
with(perplexity: 618.558) speed: 229 wps
Interpolation factor = 0.878 : valid perplexity = 618.558
with(perplexity: 671.967) speed: 227 wps
Interpolation factor = 0.898 : valid perplexity = 671.967
with(perplexity: 739.831) speed: 248 wps
Interpolation factor = 0.918 : valid perplexity = 739.831
with(perplexity: 830.512) speed: 226 wps
Interpolation factor = 0.939 : valid perplexity = 830.512
with(perplexity: 962.039) speed: 226 wps
Interpolation factor = 0.959 : valid perplexity = 962.039
with(perplexity: 1187.007) speed: 243 wps
Interpolation factor = 0.980 : valid perplexity = 1187.007
with(perplexity: 2529.683) speed: 226 wps
Interpolation factor = 1.000 : valid perplexity = 2529.683
Best interpolation factor = 0.000
with(perplexity: 217.437) speed: 237 wps
Test Perplexity: 217.437
Saving model to /esat/spchtemp/scratch/robbe/SpeechHub/pretrained_tied_models_small/output/topic_0/topic_0.
