000 (219.000.000) 03/09 11:49:37 Job submitted from host: <10.33.133.71:9618?addrs=10.33.133.71-9618+[--1]-9618&noUDP&sock=19378_4651_4>
    DAG Node: original
...
000 (220.000.000) 03/09 11:49:37 Job submitted from host: <10.33.133.71:9618?addrs=10.33.133.71-9618+[--1]-9618&noUDP&sock=19378_4651_4>
    DAG Node: cbow_mean_soft
...
000 (221.000.000) 03/09 11:49:37 Job submitted from host: <10.33.133.71:9618?addrs=10.33.133.71-9618+[--1]-9618&noUDP&sock=19378_4651_4>
    DAG Node: cbow_exp_soft
...
000 (222.000.000) 03/09 11:49:37 Job submitted from host: <10.33.133.71:9618?addrs=10.33.133.71-9618+[--1]-9618&noUDP&sock=19378_4651_4>
    DAG Node: cbow_mean_lstm
...
000 (223.000.000) 03/09 11:49:37 Job submitted from host: <10.33.133.71:9618?addrs=10.33.133.71-9618+[--1]-9618&noUDP&sock=19378_4651_4>
    DAG Node: cbow_exp_lstm
...
000 (224.000.000) 03/09 11:49:42 Job submitted from host: <10.33.133.71:9618?addrs=10.33.133.71-9618+[--1]-9618&noUDP&sock=19378_4651_4>
    DAG Node: topic_generation
...
000 (225.000.000) 03/09 11:49:42 Job submitted from host: <10.33.133.71:9618?addrs=10.33.133.71-9618+[--1]-9618&noUDP&sock=19378_4651_4>
    DAG Node: cbow_exp_lstm_test
...
001 (219.000.000) 03/09 11:53:46 Job executing on host: <10.33.133.191:9618?addrs=10.33.133.191-9618+[--1]-9618&noUDP&sock=29411_1403_3>
...
001 (220.000.000) 03/09 13:11:47 Job executing on host: <10.33.133.182:9618?addrs=10.33.133.182-9618+[--1]-9618&noUDP&sock=1161_ed8b_3>
...
001 (221.000.000) 03/09 14:34:10 Job executing on host: <10.33.133.178:9618?addrs=10.33.133.178-9618+[--1]-9618&noUDP&sock=3530_dd67_3>
...
024 (222.000.000) 03/09 15:07:27 Job reconnection failed
    Job not found at execution machine
    Can not reconnect to slot1@izar.esat.kuleuven.be, rescheduling job
...
024 (222.000.000) 03/09 15:08:26 Job reconnection failed
    Job not found at execution machine
    Can not reconnect to slot1@izar.esat.kuleuven.be, rescheduling job
...
024 (222.000.000) 03/09 15:09:27 Job reconnection failed
    Job not found at execution machine
    Can not reconnect to slot1@izar.esat.kuleuven.be, rescheduling job
...
024 (222.000.000) 03/09 15:10:27 Job reconnection failed
    Job not found at execution machine
    Can not reconnect to slot1@izar.esat.kuleuven.be, rescheduling job
...
024 (222.000.000) 03/09 15:11:26 Job reconnection failed
    Job not found at execution machine
    Can not reconnect to slot1@izar.esat.kuleuven.be, rescheduling job
...
024 (222.000.000) 03/09 15:12:27 Job reconnection failed
    Job not found at execution machine
    Can not reconnect to slot1@izar.esat.kuleuven.be, rescheduling job
...
024 (222.000.000) 03/09 15:13:27 Job reconnection failed
    Job not found at execution machine
    Can not reconnect to slot1@izar.esat.kuleuven.be, rescheduling job
...
024 (222.000.000) 03/09 15:14:26 Job reconnection failed
    Job not found at execution machine
    Can not reconnect to slot1@izar.esat.kuleuven.be, rescheduling job
...
001 (222.000.000) 03/09 15:15:27 Job executing on host: <10.33.133.183:9618?addrs=10.33.133.183-9618+[--1]-9618&noUDP&sock=1105_843d_3>
...
024 (223.000.000) 03/09 15:15:29 Job reconnection failed
    Job not found at execution machine
    Can not reconnect to slot1@izar.esat.kuleuven.be, rescheduling job
...
024 (223.000.000) 03/09 15:16:26 Job reconnection failed
    Job not found at execution machine
    Can not reconnect to slot1@izar.esat.kuleuven.be, rescheduling job
...
024 (223.000.000) 03/09 15:17:27 Job reconnection failed
    Job not found at execution machine
    Can not reconnect to slot1@izar.esat.kuleuven.be, rescheduling job
...
024 (223.000.000) 03/09 15:19:51 Job reconnection failed
    Job not found at execution machine
    Can not reconnect to slot1@izar.esat.kuleuven.be, rescheduling job
...
024 (223.000.000) 03/09 15:20:50 Job reconnection failed
    Job not found at execution machine
    Can not reconnect to slot1@izar.esat.kuleuven.be, rescheduling job
...
024 (223.000.000) 03/09 15:22:11 Job reconnection failed
    Job not found at execution machine
    Can not reconnect to slot1@izar.esat.kuleuven.be, rescheduling job
...
001 (223.000.000) 03/09 15:23:10 Job executing on host: <10.33.133.132:9618?addrs=10.33.133.132-9618+[--1]-9618&noUDP&sock=1546_0181_3>
...
024 (224.000.000) 03/09 15:23:12 Job reconnection failed
    Job not found at execution machine
    Can not reconnect to slot1@izar.esat.kuleuven.be, rescheduling job
...
001 (225.000.000) 03/09 15:23:15 Job executing on host: <10.33.133.72:9618?addrs=10.33.133.72-9618+[--1]-9618&noUDP&sock=1253_0841_3>
...
005 (225.000.000) 03/09 15:23:23 Job terminated.
	(1) Normal termination (return value 0)
		Usr 0 00:00:02, Sys 0 00:00:00  -  Run Remote Usage
		Usr 0 00:00:00, Sys 0 00:00:00  -  Run Local Usage
		Usr 0 00:00:02, Sys 0 00:00:00  -  Total Remote Usage
		Usr 0 00:00:00, Sys 0 00:00:00  -  Total Local Usage
	0  -  Run Bytes Sent By Job
	0  -  Run Bytes Received By Job
	0  -  Total Bytes Sent By Job
	0  -  Total Bytes Received By Job
	Partitionable Resources :    Usage  Request Allocated
	   Cpus                 :                 1         1
	   Disk (KB)            :        7        7   4251662
	   Gpus                 :                 1         1
	   Memory (MB)          :        0     2048      2048
...
024 (224.000.000) 03/09 15:24:11 Job reconnection failed
    Job not found at execution machine
    Can not reconnect to slot1@izar.esat.kuleuven.be, rescheduling job
...
024 (224.000.000) 03/09 15:25:10 Job reconnection failed
    Job not found at execution machine
    Can not reconnect to slot1@izar.esat.kuleuven.be, rescheduling job
...
024 (224.000.000) 03/09 15:27:30 Job reconnection failed
    Job not found at execution machine
    Can not reconnect to slot1@izar.esat.kuleuven.be, rescheduling job
...
024 (224.000.000) 03/09 15:28:09 Job reconnection failed
    Job not found at execution machine
    Can not reconnect to slot1@izar.esat.kuleuven.be, rescheduling job
...
024 (224.000.000) 03/09 15:29:10 Job reconnection failed
    Job not found at execution machine
    Can not reconnect to slot1@izar.esat.kuleuven.be, rescheduling job
...
024 (224.000.000) 03/09 15:30:10 Job reconnection failed
    Job not found at execution machine
    Can not reconnect to slot1@izar.esat.kuleuven.be, rescheduling job
...
024 (224.000.000) 03/09 15:31:09 Job reconnection failed
    Job not found at execution machine
    Can not reconnect to slot1@izar.esat.kuleuven.be, rescheduling job
...
024 (224.000.000) 03/09 15:32:10 Job reconnection failed
    Job not found at execution machine
    Can not reconnect to slot1@izar.esat.kuleuven.be, rescheduling job
...
024 (224.000.000) 03/09 15:33:09 Job reconnection failed
    Job not found at execution machine
    Can not reconnect to slot1@izar.esat.kuleuven.be, rescheduling job
...
024 (224.000.000) 03/09 15:33:43 Job reconnection failed
    Job not found at execution machine
    Can not reconnect to slot1@izar.esat.kuleuven.be, rescheduling job
...
024 (224.000.000) 03/09 15:34:42 Job reconnection failed
    Job not found at execution machine
    Can not reconnect to slot1@izar.esat.kuleuven.be, rescheduling job
...
012 (224.000.000) 03/09 15:36:40 Job was held.
	Too many restart attempts
	Code 26 Subcode 0
...
010 (219.000.000) 03/09 17:31:14 Job was suspended.
	Number of processes actually suspended: 0
...
011 (219.000.000) 03/09 20:09:20 Job was unsuspended.
...
005 (223.000.000) 03/10 09:46:54 Job terminated.
	(1) Normal termination (return value 0)
		Usr 0 02:33:18, Sys 0 00:02:16  -  Run Remote Usage
		Usr 0 00:00:00, Sys 0 00:00:00  -  Run Local Usage
		Usr 0 02:33:18, Sys 0 00:02:16  -  Total Remote Usage
		Usr 0 00:00:00, Sys 0 00:00:00  -  Total Local Usage
	0  -  Run Bytes Sent By Job
	0  -  Run Bytes Received By Job
	0  -  Total Bytes Sent By Job
	0  -  Total Bytes Received By Job
	Partitionable Resources :    Usage  Request Allocated
	   Cpus                 :                 1         1
	   Disk (KB)            :        7        7  12032879
	   Gpus                 :                 1         1
	   Memory (MB)          :     1311     2048      2048
...
012 (222.000.000) 03/10 09:57:42 Job was held.
	Too many restart attempts
	Code 26 Subcode 0
...
005 (219.000.000) 03/10 11:12:15 Job terminated.
	(1) Normal termination (return value 0)
		Usr 0 02:21:25, Sys 0 00:13:26  -  Run Remote Usage
		Usr 0 00:00:00, Sys 0 00:00:00  -  Run Local Usage
		Usr 0 02:21:25, Sys 0 00:13:26  -  Total Remote Usage
		Usr 0 00:00:00, Sys 0 00:00:00  -  Total Local Usage
	0  -  Run Bytes Sent By Job
	0  -  Run Bytes Received By Job
	0  -  Total Bytes Sent By Job
	0  -  Total Bytes Received By Job
	Partitionable Resources :    Usage  Request          
	   Cpus                 :                 1          
	   Disk (KB)            :        7        7          
	   Memory (MB)          :     1221     2048          
...
005 (220.000.000) 03/12 23:35:33 Job terminated.
	(1) Normal termination (return value 0)
		Usr 0 00:15:11, Sys 0 00:01:20  -  Run Remote Usage
		Usr 0 00:00:00, Sys 0 00:00:00  -  Run Local Usage
		Usr 0 00:15:11, Sys 0 00:01:20  -  Total Remote Usage
		Usr 0 00:00:00, Sys 0 00:00:00  -  Total Local Usage
	0  -  Run Bytes Sent By Job
	0  -  Run Bytes Received By Job
	0  -  Total Bytes Sent By Job
	0  -  Total Bytes Received By Job
	Partitionable Resources :    Usage  Request          
	   Cpus                 :                 1          
	   Disk (KB)            :        7        7          
	   Memory (MB)          :     1221     2048          
...
005 (221.000.000) 03/13 06:20:05 Job terminated.
	(1) Normal termination (return value 0)
		Usr 0 00:23:44, Sys 0 00:00:28  -  Run Remote Usage
		Usr 0 00:00:00, Sys 0 00:00:00  -  Run Local Usage
		Usr 0 00:23:44, Sys 0 00:00:28  -  Total Remote Usage
		Usr 0 00:00:00, Sys 0 00:00:00  -  Total Local Usage
	0  -  Run Bytes Sent By Job
	0  -  Run Bytes Received By Job
	0  -  Total Bytes Sent By Job
	0  -  Total Bytes Received By Job
	Partitionable Resources :    Usage  Request          
	   Cpus                 :                 1          
	   Disk (KB)            :        7        7          
	   Memory (MB)          :     1954     2048          
...
009 (222.000.000) 03/13 10:41:07 Job was aborted by the user.
	via condor_rm (by user r0364650)
...
009 (224.000.000) 03/13 10:41:09 Job was aborted by the user.
	via condor_rm (by user r0364650)
...
