I tensorflow/stream_executor/dso_loader.cc:128] successfully opened CUDA library libcublas.so locally
I tensorflow/stream_executor/dso_loader.cc:128] successfully opened CUDA library libcudnn.so locally
I tensorflow/stream_executor/dso_loader.cc:128] successfully opened CUDA library libcufft.so locally
I tensorflow/stream_executor/dso_loader.cc:128] successfully opened CUDA library libcuda.so.1 locally
I tensorflow/stream_executor/dso_loader.cc:128] successfully opened CUDA library libcurand.so locally
/users/start2014/r0364650/.local/lib/python2.7/site-packages/gensim/utils.py:1015: UserWarning: Pattern library is not installed, lemmatization won't be available.
  warnings.warn("Pattern library is not installed, lemmatization won't be available.")
I tensorflow/stream_executor/cuda/cuda_gpu_executor.cc:937] successful NUMA node read from SysFS had negative value (-1), but there must be at least one NUMA node, so returning NUMA node zero
I tensorflow/core/common_runtime/gpu/gpu_device.cc:885] Found device 0 with properties: 
name: GeForce GT 630
major: 3 minor: 5 memoryClockRate (GHz) 0.9015
pciBusID 0000:01:00.0
Total memory: 1.95GiB
Free memory: 1.93GiB
I tensorflow/core/common_runtime/gpu/gpu_device.cc:906] DMA: 0 
I tensorflow/core/common_runtime/gpu/gpu_device.cc:916] 0:   Y 
I tensorflow/core/common_runtime/gpu/gpu_device.cc:975] Creating TensorFlow device (/gpu:0) -> (device: 0, name: GeForce GT 630, pci bus id: 0000:01:00.0)
I tensorflow/core/common_runtime/gpu/pool_allocator.cc:247] PoolAllocator: After 10385 get requests, put_count=10385 evicted_count=1000 eviction_rate=0.0962927 and unsatisfied allocation rate=0.105922
I tensorflow/core/common_runtime/gpu/pool_allocator.cc:259] Raising pool_size_limit_ from 100 to 110
I tensorflow/core/common_runtime/gpu/pool_allocator.cc:247] PoolAllocator: After 1966252 get requests, put_count=1966254 evicted_count=3000 eviction_rate=0.00152574 and unsatisfied allocation rate=0.00153439
I tensorflow/core/common_runtime/gpu/pool_allocator.cc:247] PoolAllocator: After 8012866 get requests, put_count=8012868 evicted_count=13000 eviction_rate=0.00162239 and unsatisfied allocation rate=0.00162451
I tensorflow/core/common_runtime/gpu/pool_allocator.cc:247] PoolAllocator: After 14093202 get requests, put_count=14093204 evicted_count=23000 eviction_rate=0.00163199 and unsatisfied allocation rate=0.0016332
I tensorflow/core/common_runtime/gpu/pool_allocator.cc:247] PoolAllocator: After 20308426 get requests, put_count=20308428 evicted_count=33000 eviction_rate=0.00162494 and unsatisfied allocation rate=0.00162578
I tensorflow/core/common_runtime/gpu/pool_allocator.cc:247] PoolAllocator: After 26422484 get requests, put_count=26422486 evicted_count=43000 eviction_rate=0.0016274 and unsatisfied allocation rate=0.00162805
I tensorflow/core/common_runtime/gpu/pool_allocator.cc:247] PoolAllocator: After 32587125 get requests, put_count=32587127 evicted_count=53000 eviction_rate=0.00162641 and unsatisfied allocation rate=0.00162693
I tensorflow/core/common_runtime/gpu/pool_allocator.cc:247] PoolAllocator: After 38607799 get requests, put_count=38607802 evicted_count=63000 eviction_rate=0.00163179 and unsatisfied allocation rate=0.00163221
I tensorflow/core/common_runtime/gpu/pool_allocator.cc:247] PoolAllocator: After 44620691 get requests, put_count=44620694 evicted_count=73000 eviction_rate=0.00163601 and unsatisfied allocation rate=0.00163637
I tensorflow/core/common_runtime/gpu/pool_allocator.cc:247] PoolAllocator: After 50802193 get requests, put_count=50802196 evicted_count=83000 eviction_rate=0.00163379 and unsatisfied allocation rate=0.0016341
I tensorflow/core/common_runtime/gpu/pool_allocator.cc:247] PoolAllocator: After 56790442 get requests, put_count=56790444 evicted_count=93000 eviction_rate=0.0016376 and unsatisfied allocation rate=0.0016379
I tensorflow/core/common_runtime/gpu/pool_allocator.cc:247] PoolAllocator: After 62929143 get requests, put_count=62929146 evicted_count=103000 eviction_rate=0.00163676 and unsatisfied allocation rate=0.00163702
I tensorflow/core/common_runtime/gpu/pool_allocator.cc:247] PoolAllocator: After 68984836 get requests, put_count=68984838 evicted_count=113000 eviction_rate=0.00163804 and unsatisfied allocation rate=0.00163829
I tensorflow/core/common_runtime/gpu/pool_allocator.cc:247] PoolAllocator: After 75048311 get requests, put_count=75048313 evicted_count=123000 eviction_rate=0.00163894 and unsatisfied allocation rate=0.00163917
I tensorflow/core/common_runtime/gpu/pool_allocator.cc:247] PoolAllocator: After 81162369 get requests, put_count=81162358 evicted_count=133000 eviction_rate=0.00163869 and unsatisfied allocation rate=0.00163906
I tensorflow/core/common_runtime/gpu/pool_allocator.cc:247] PoolAllocator: After 87199904 get requests, put_count=87199907 evicted_count=143000 eviction_rate=0.00163991 and unsatisfied allocation rate=0.00164009
I tensorflow/core/common_runtime/gpu/pool_allocator.cc:247] PoolAllocator: After 93323041 get requests, put_count=93323043 evicted_count=153000 eviction_rate=0.00163947 and unsatisfied allocation rate=0.00163965
I tensorflow/core/common_runtime/gpu/pool_allocator.cc:247] PoolAllocator: After 99512325 get requests, put_count=99512328 evicted_count=163000 eviction_rate=0.00163799 and unsatisfied allocation rate=0.00163815
I tensorflow/core/common_runtime/gpu/pool_allocator.cc:247] PoolAllocator: After 105626383 get requests, put_count=105626386 evicted_count=173000 eviction_rate=0.00163785 and unsatisfied allocation rate=0.001638
I tensorflow/core/common_runtime/gpu/pool_allocator.cc:247] PoolAllocator: After 111702828 get requests, put_count=111702824 evicted_count=183000 eviction_rate=0.00163828 and unsatisfied allocation rate=0.00163848
I tensorflow/core/common_runtime/gpu/pool_allocator.cc:247] PoolAllocator: After 117745551 get requests, put_count=117745553 evicted_count=193000 eviction_rate=0.00163913 and unsatisfied allocation rate=0.00163927
I tensorflow/core/common_runtime/gpu/pool_allocator.cc:247] PoolAllocator: After 123893331 get requests, put_count=123893333 evicted_count=203000 eviction_rate=0.00163851 and unsatisfied allocation rate=0.00163864
I tensorflow/core/common_runtime/gpu/pool_allocator.cc:247] PoolAllocator: After 129947727 get requests, put_count=129947730 evicted_count=213000 eviction_rate=0.00163912 and unsatisfied allocation rate=0.00163924
I tensorflow/core/common_runtime/gpu/pool_allocator.cc:247] PoolAllocator: After 136044924 get requests, put_count=136044927 evicted_count=223000 eviction_rate=0.00163916 and unsatisfied allocation rate=0.00163928
I tensorflow/core/common_runtime/gpu/pool_allocator.cc:247] PoolAllocator: After 142201783 get requests, put_count=142201785 evicted_count=233000 eviction_rate=0.00163852 and unsatisfied allocation rate=0.00163864
I tensorflow/core/common_runtime/gpu/pool_allocator.cc:247] PoolAllocator: After 148391067 get requests, put_count=148391070 evicted_count=243000 eviction_rate=0.00163756 and unsatisfied allocation rate=0.00163767
