000 (222.000.000) 03/09 11:49:37 Job submitted from host: <10.33.133.71:9618?addrs=10.33.133.71-9618+[--1]-9618&noUDP&sock=19378_4651_4>
    DAG Node: cbow_mean_lstm
...
022 (222.000.000) 03/09 15:07:27 Job disconnected, attempting to reconnect
    Socket between submit and execute hosts closed unexpectedly
    Trying to reconnect to slot1@izar.esat.kuleuven.be <10.33.133.43:9618?addrs=10.33.133.43-9618+[--1]-9618&noUDP&sock=348_470c_3>
...
024 (222.000.000) 03/09 15:07:27 Job reconnection failed
    Job not found at execution machine
    Can not reconnect to slot1@izar.esat.kuleuven.be, rescheduling job
...
022 (222.000.000) 03/09 15:08:26 Job disconnected, attempting to reconnect
    Socket between submit and execute hosts closed unexpectedly
    Trying to reconnect to slot1@izar.esat.kuleuven.be <10.33.133.43:9618?addrs=10.33.133.43-9618+[--1]-9618&noUDP&sock=348_470c_3>
...
024 (222.000.000) 03/09 15:08:26 Job reconnection failed
    Job not found at execution machine
    Can not reconnect to slot1@izar.esat.kuleuven.be, rescheduling job
...
022 (222.000.000) 03/09 15:09:27 Job disconnected, attempting to reconnect
    Socket between submit and execute hosts closed unexpectedly
    Trying to reconnect to slot1@izar.esat.kuleuven.be <10.33.133.43:9618?addrs=10.33.133.43-9618+[--1]-9618&noUDP&sock=348_470c_3>
...
024 (222.000.000) 03/09 15:09:27 Job reconnection failed
    Job not found at execution machine
    Can not reconnect to slot1@izar.esat.kuleuven.be, rescheduling job
...
022 (222.000.000) 03/09 15:10:27 Job disconnected, attempting to reconnect
    Socket between submit and execute hosts closed unexpectedly
    Trying to reconnect to slot1@izar.esat.kuleuven.be <10.33.133.43:9618?addrs=10.33.133.43-9618+[--1]-9618&noUDP&sock=348_470c_3>
...
024 (222.000.000) 03/09 15:10:27 Job reconnection failed
    Job not found at execution machine
    Can not reconnect to slot1@izar.esat.kuleuven.be, rescheduling job
...
022 (222.000.000) 03/09 15:11:26 Job disconnected, attempting to reconnect
    Socket between submit and execute hosts closed unexpectedly
    Trying to reconnect to slot1@izar.esat.kuleuven.be <10.33.133.43:9618?addrs=10.33.133.43-9618+[--1]-9618&noUDP&sock=348_470c_3>
...
024 (222.000.000) 03/09 15:11:26 Job reconnection failed
    Job not found at execution machine
    Can not reconnect to slot1@izar.esat.kuleuven.be, rescheduling job
...
022 (222.000.000) 03/09 15:12:27 Job disconnected, attempting to reconnect
    Socket between submit and execute hosts closed unexpectedly
    Trying to reconnect to slot1@izar.esat.kuleuven.be <10.33.133.43:9618?addrs=10.33.133.43-9618+[--1]-9618&noUDP&sock=348_470c_3>
...
024 (222.000.000) 03/09 15:12:27 Job reconnection failed
    Job not found at execution machine
    Can not reconnect to slot1@izar.esat.kuleuven.be, rescheduling job
...
022 (222.000.000) 03/09 15:13:27 Job disconnected, attempting to reconnect
    Socket between submit and execute hosts closed unexpectedly
    Trying to reconnect to slot1@izar.esat.kuleuven.be <10.33.133.43:9618?addrs=10.33.133.43-9618+[--1]-9618&noUDP&sock=348_470c_3>
...
024 (222.000.000) 03/09 15:13:27 Job reconnection failed
    Job not found at execution machine
    Can not reconnect to slot1@izar.esat.kuleuven.be, rescheduling job
...
022 (222.000.000) 03/09 15:14:26 Job disconnected, attempting to reconnect
    Socket between submit and execute hosts closed unexpectedly
    Trying to reconnect to slot1@izar.esat.kuleuven.be <10.33.133.43:9618?addrs=10.33.133.43-9618+[--1]-9618&noUDP&sock=348_470c_3>
...
024 (222.000.000) 03/09 15:14:26 Job reconnection failed
    Job not found at execution machine
    Can not reconnect to slot1@izar.esat.kuleuven.be, rescheduling job
...
001 (222.000.000) 03/09 15:15:27 Job executing on host: <10.33.133.183:9618?addrs=10.33.133.183-9618+[--1]-9618&noUDP&sock=1105_843d_3>
...
006 (222.000.000) 03/09 15:15:35 Image size of job updated: 101736
	69  -  MemoryUsage of job (MB)
	70440  -  ResidentSetSize of job (KB)
...
006 (222.000.000) 03/09 15:20:35 Image size of job updated: 1036116
	663  -  MemoryUsage of job (MB)
	678580  -  ResidentSetSize of job (KB)
...
006 (222.000.000) 03/09 15:25:36 Image size of job updated: 1036340
	663  -  MemoryUsage of job (MB)
	678804  -  ResidentSetSize of job (KB)
...
006 (222.000.000) 03/09 15:30:36 Image size of job updated: 1037108
	664  -  MemoryUsage of job (MB)
	679572  -  ResidentSetSize of job (KB)
...
006 (222.000.000) 03/09 15:35:36 Image size of job updated: 1037312
	664  -  MemoryUsage of job (MB)
	679776  -  ResidentSetSize of job (KB)
...
006 (222.000.000) 03/09 16:15:41 Image size of job updated: 1038344
	665  -  MemoryUsage of job (MB)
	680808  -  ResidentSetSize of job (KB)
...
006 (222.000.000) 03/09 16:25:42 Image size of job updated: 1038456
	665  -  MemoryUsage of job (MB)
	680920  -  ResidentSetSize of job (KB)
...
006 (222.000.000) 03/09 16:30:42 Image size of job updated: 1038712
	666  -  MemoryUsage of job (MB)
	681176  -  ResidentSetSize of job (KB)
...
006 (222.000.000) 03/09 18:55:59 Image size of job updated: 1038968
	666  -  MemoryUsage of job (MB)
	681432  -  ResidentSetSize of job (KB)
...
006 (222.000.000) 03/09 21:46:17 Image size of job updated: 1039992
	667  -  MemoryUsage of job (MB)
	682456  -  ResidentSetSize of job (KB)
...
006 (222.000.000) 03/09 21:51:18 Image size of job updated: 1040036
	667  -  MemoryUsage of job (MB)
	682500  -  ResidentSetSize of job (KB)
...
006 (222.000.000) 03/09 21:56:19 Image size of job updated: 1072316
	699  -  MemoryUsage of job (MB)
	714780  -  ResidentSetSize of job (KB)
...
006 (222.000.000) 03/09 22:01:19 Image size of job updated: 1094932
	721  -  MemoryUsage of job (MB)
	737396  -  ResidentSetSize of job (KB)
...
006 (222.000.000) 03/09 22:06:20 Image size of job updated: 1107288
	733  -  MemoryUsage of job (MB)
	749752  -  ResidentSetSize of job (KB)
...
006 (222.000.000) 03/09 22:21:21 Image size of job updated: 1108552
	734  -  MemoryUsage of job (MB)
	751016  -  ResidentSetSize of job (KB)
...
022 (222.000.000) 03/10 09:56:44 Job disconnected, attempting to reconnect
    Local schedd and job shadow died, schedd now running again
    Trying to reconnect to slot1@nereid.esat.kuleuven.be <10.33.133.183:9618?addrs=10.33.133.183-9618+[--1]-9618&noUDP&sock=1105_843d_3>
...
023 (222.000.000) 03/10 09:56:48 Job reconnected to slot1@nereid.esat.kuleuven.be
    startd address: <10.33.133.183:9618?addrs=10.33.133.183-9618+[--1]-9618&noUDP&sock=1105_843d_3>
    starter address: <10.33.133.183:9618?addrs=10.33.133.183-9618+[--1]-9618&noUDP&sock=1321_838f_1001>
...
012 (222.000.000) 03/10 09:57:42 Job was held.
	Too many restart attempts
	Code 26 Subcode 0
...
009 (222.000.000) 03/13 10:41:07 Job was aborted by the user.
	via condor_rm (by user r0364650)
...
