job started
Epoch: 1 Learning rate: 1.000
0.000 perplexity: 50046.411 speed: 91 wps
0.100 perplexity: 484.025 speed: 4104 wps
0.200 perplexity: 411.291 speed: 4284 wps
0.300 perplexity: 378.311 speed: 4364 wps
0.400 perplexity: 357.745 speed: 4326 wps
0.500 perplexity: 343.261 speed: 4330 wps
0.600 perplexity: 332.818 speed: 4339 wps
0.700 perplexity: 324.398 speed: 4367 wps
0.800 perplexity: 317.350 speed: 4364 wps
0.900 perplexity: 311.462 speed: 4364 wps
1.000 perplexity: 306.395 speed: 4364 wps
Epoch: 1 Train Perplexity: 306.395
with(perplexity: 250.806) speed: 8771 wps
Epoch: 1 Valid Perplexity: 250.806
Epoch: 2 Learning rate: 1.000
0.000 perplexity: 367.443 speed: 4178 wps
0.100 perplexity: 262.154 speed: 4371 wps
0.200 perplexity: 260.270 speed: 4385 wps
0.300 perplexity: 258.988 speed: 4390 wps
0.400 perplexity: 257.702 speed: 4387 wps
0.500 perplexity: 256.458 speed: 4383 wps
0.600 perplexity: 255.744 speed: 4383 wps
0.700 perplexity: 254.942 speed: 4386 wps
0.800 perplexity: 254.066 speed: 4385 wps
0.900 perplexity: 253.257 speed: 4384 wps
1.000 perplexity: 252.482 speed: 4386 wps
Epoch: 2 Train Perplexity: 252.483
with(perplexity: 230.401) speed: 9056 wps
Epoch: 2 Valid Perplexity: 230.401
Epoch: 3 Learning rate: 1.000
0.000 perplexity: 356.116 speed: 4109 wps
0.100 perplexity: 245.524 speed: 4375 wps
0.200 perplexity: 244.433 speed: 4387 wps
0.300 perplexity: 243.880 speed: 4380 wps
0.400 perplexity: 243.282 speed: 4384 wps
0.500 perplexity: 242.661 speed: 4382 wps
0.600 perplexity: 242.493 speed: 4382 wps
0.700 perplexity: 242.207 speed: 4385 wps
0.800 perplexity: 241.787 speed: 4384 wps
0.900 perplexity: 241.408 speed: 4387 wps
1.000 perplexity: 241.035 speed: 4167 wps
Epoch: 3 Train Perplexity: 241.036
with(perplexity: 221.707) speed: 5153 wps
Epoch: 3 Valid Perplexity: 221.707
with(perplexity: 237.219) speed: 85 wps
Test Perplexity: 237.219
Saving model to /esat/spchtemp/scratch/robbe/SpeechHub/tied_models_smallest/output/cbow_mean_soft_0/cbow_mean_soft_0.
hihi
