job started
Epoch: 1 Learning rate: 1.000
0.000 perplexity: 50047.352 speed: 956 wps
0.100 perplexity: 465.417 speed: 13293 wps
0.200 perplexity: 390.098 speed: 13385 wps
0.300 perplexity: 355.849 speed: 13386 wps
0.400 perplexity: 334.825 speed: 13282 wps
0.500 perplexity: 320.196 speed: 13264 wps
0.600 perplexity: 309.750 speed: 13300 wps
0.700 perplexity: 301.371 speed: 13274 wps
0.800 perplexity: 294.419 speed: 13202 wps
0.900 perplexity: 288.640 speed: 13078 wps
1.000 perplexity: 283.661 speed: 13043 wps
Epoch: 1 Train Perplexity: 283.661
with(perplexity: 230.028) speed: 24620 wps
Epoch: 1 Valid Perplexity: 230.028
Epoch: 2 Learning rate: 1.000
0.000 perplexity: 356.888 speed: 12558 wps
0.100 perplexity: 240.703 speed: 13553 wps
0.200 perplexity: 238.869 speed: 13573 wps
0.300 perplexity: 237.728 speed: 13585 wps
0.400 perplexity: 236.574 speed: 13583 wps
0.500 perplexity: 235.408 speed: 13576 wps
0.600 perplexity: 234.779 speed: 13577 wps
0.700 perplexity: 234.050 speed: 13589 wps
0.800 perplexity: 233.238 speed: 13586 wps
0.900 perplexity: 232.507 speed: 13584 wps
1.000 perplexity: 231.784 speed: 13584 wps
Epoch: 2 Train Perplexity: 231.785
with(perplexity: 211.424) speed: 26254 wps
Epoch: 2 Valid Perplexity: 211.424
Epoch: 3 Learning rate: 1.000
0.000 perplexity: 348.290 speed: 8957 wps
0.100 perplexity: 225.368 speed: 13570 wps
0.200 perplexity: 224.243 speed: 13575 wps
0.300 perplexity: 223.744 speed: 13582 wps
0.400 perplexity: 223.247 speed: 13582 wps
0.500 perplexity: 222.614 speed: 13571 wps
0.600 perplexity: 222.450 speed: 13565 wps
0.700 perplexity: 222.164 speed: 13573 wps
0.800 perplexity: 221.768 speed: 13569 wps
0.900 perplexity: 221.414 speed: 13567 wps
1.000 perplexity: 221.034 speed: 13570 wps
Epoch: 3 Train Perplexity: 221.035
with(perplexity: 203.198) speed: 26329 wps
Epoch: 3 Valid Perplexity: 203.198
with(perplexity: 218.263) speed: 550 wps
Test Perplexity: 218.263
Saving model to /esat/spchtemp/scratch/robbe/SpeechHub/tied_models_smallest/output/cbow_mean_lstm_0/cbow_mean_lstm_0.
hihi
