000 (1126.000.000) 05/07 22:54:38 Job submitted from host: <10.33.133.154:9618?addrs=10.33.133.154-9618+[--1]-9618&noUDP&sock=1383_3391_3>
    DAG Node: cbow_mean_lstm
...
001 (1126.000.000) 05/08 14:05:22 Job executing on host: <10.33.133.71:9618?addrs=10.33.133.71-9618+[--1]-9618&noUDP&sock=1307_125f_3>
...
006 (1126.000.000) 05/08 14:05:30 Image size of job updated: 254540
	229  -  MemoryUsage of job (MB)
	234252  -  ResidentSetSize of job (KB)
...
006 (1126.000.000) 05/08 14:10:30 Image size of job updated: 1298160
	1071  -  MemoryUsage of job (MB)
	1096196  -  ResidentSetSize of job (KB)
...
006 (1126.000.000) 05/08 14:15:31 Image size of job updated: 1306508
	1079  -  MemoryUsage of job (MB)
	1104544  -  ResidentSetSize of job (KB)
...
006 (1126.000.000) 05/08 14:20:32 Image size of job updated: 1314180
	1087  -  MemoryUsage of job (MB)
	1112216  -  ResidentSetSize of job (KB)
...
006 (1126.000.000) 05/08 14:25:33 Image size of job updated: 1321560
	1094  -  MemoryUsage of job (MB)
	1119596  -  ResidentSetSize of job (KB)
...
006 (1126.000.000) 05/08 14:30:33 Image size of job updated: 1328816
	1101  -  MemoryUsage of job (MB)
	1126852  -  ResidentSetSize of job (KB)
...
006 (1126.000.000) 05/08 14:40:34 Image size of job updated: 1336436
	1108  -  MemoryUsage of job (MB)
	1134472  -  ResidentSetSize of job (KB)
...
006 (1126.000.000) 05/08 14:45:35 Image size of job updated: 1336500
	1108  -  MemoryUsage of job (MB)
	1134536  -  ResidentSetSize of job (KB)
...
006 (1126.000.000) 05/08 14:50:36 Image size of job updated: 1336516
	1108  -  MemoryUsage of job (MB)
	1134552  -  ResidentSetSize of job (KB)
...
006 (1126.000.000) 05/08 14:55:36 Image size of job updated: 1344708
	1116  -  MemoryUsage of job (MB)
	1142744  -  ResidentSetSize of job (KB)
...
