job started
Epoch: 1 Learning rate: 1.000
0.000 perplexity: 319.937 speed: 729 wps
0.100 perplexity: 209.551 speed: 3251 wps
0.200 perplexity: 209.060 speed: 3259 wps
0.300 perplexity: 210.473 speed: 3259 wps
0.400 perplexity: 211.309 speed: 3246 wps
0.500 perplexity: 211.548 speed: 3228 wps
0.600 perplexity: 212.384 speed: 3225 wps
0.700 perplexity: 212.811 speed: 3222 wps
0.800 perplexity: 213.023 speed: 3214 wps
0.900 perplexity: 213.125 speed: 3210 wps
1.000 perplexity: 213.137 speed: 3207 wps
Epoch: 1 Train Perplexity: 213.138
with(perplexity: 197.113) speed: 8338 wps
Epoch: 1 Valid Perplexity: 197.113
Epoch: 2 Learning rate: 1.000
0.000 perplexity: 301.854 speed: 3003 wps
0.100 perplexity: 212.137 speed: 3205 wps
0.200 perplexity: 211.438 speed: 3231 wps
0.300 perplexity: 211.387 speed: 3238 wps
0.400 perplexity: 211.294 speed: 3241 wps
0.500 perplexity: 211.022 speed: 3239 wps
0.600 perplexity: 211.167 speed: 3240 wps
0.700 perplexity: 211.130 speed: 3243 wps
0.800 perplexity: 211.029 speed: 3242 wps
0.900 perplexity: 210.894 speed: 3240 wps
1.000 perplexity: 210.745 speed: 3240 wps
Epoch: 2 Train Perplexity: 210.746
with(perplexity: 193.177) speed: 8450 wps
Epoch: 2 Valid Perplexity: 193.177
Epoch: 3 Learning rate: 1.000
0.000 perplexity: 295.801 speed: 2805 wps
0.100 perplexity: 209.204 speed: 3223 wps
0.200 perplexity: 208.502 speed: 3232 wps
0.300 perplexity: 208.422 speed: 3236 wps
0.400 perplexity: 208.348 speed: 3237 wps
0.500 perplexity: 208.093 speed: 3233 wps
0.600 perplexity: 208.273 speed: 3233 wps
0.700 perplexity: 208.296 speed: 3234 wps
0.800 perplexity: 208.321 speed: 3234 wps
0.900 perplexity: 208.298 speed: 3233 wps
1.000 perplexity: 208.242 speed: 3234 wps
Epoch: 3 Train Perplexity: 208.243
with(perplexity: 190.751) speed: 8541 wps
Epoch: 3 Valid Perplexity: 190.751
with(perplexity: 205.930) speed: 153 wps
Test Perplexity: 205.930
Saving model to /esat/spchtemp/scratch/robbe/SpeechHub/tied_models_smallest/output/extended_topic_1_0/extended_topic_1_0.
