000 (1128.000.000) 05/07 22:54:54 Job submitted from host: <10.33.133.154:9618?addrs=10.33.133.154-9618+[--1]-9618&noUDP&sock=1383_3391_3>
    DAG Node: extended_topic_1
...
001 (1128.000.000) 05/08 17:44:47 Job executing on host: <10.33.133.57:9618?addrs=10.33.133.57-9618+[--1]-9618&noUDP&sock=1311_d0c0_3>
...
006 (1128.000.000) 05/08 17:44:55 Image size of job updated: 76436
	56  -  MemoryUsage of job (MB)
	57076  -  ResidentSetSize of job (KB)
...
006 (1128.000.000) 05/08 17:49:55 Image size of job updated: 1980812
	1596  -  MemoryUsage of job (MB)
	1633900  -  ResidentSetSize of job (KB)
...
006 (1128.000.000) 05/08 17:54:56 Image size of job updated: 1982288
	1598  -  MemoryUsage of job (MB)
	1635376  -  ResidentSetSize of job (KB)
...
006 (1128.000.000) 05/08 17:59:57 Image size of job updated: 1990116
	1605  -  MemoryUsage of job (MB)
	1643204  -  ResidentSetSize of job (KB)
...
006 (1128.000.000) 05/08 18:04:58 Image size of job updated: 1990152
	1605  -  MemoryUsage of job (MB)
	1643240  -  ResidentSetSize of job (KB)
...
006 (1128.000.000) 05/08 18:09:58 Image size of job updated: 1990196
	1605  -  MemoryUsage of job (MB)
	1643284  -  ResidentSetSize of job (KB)
...
006 (1128.000.000) 05/08 18:14:58 Image size of job updated: 1997584
	1612  -  MemoryUsage of job (MB)
	1650664  -  ResidentSetSize of job (KB)
...
006 (1128.000.000) 05/08 18:19:58 Image size of job updated: 1997728
	1613  -  MemoryUsage of job (MB)
	1650808  -  ResidentSetSize of job (KB)
...
006 (1128.000.000) 05/08 18:24:59 Image size of job updated: 2004396
	1619  -  MemoryUsage of job (MB)
	1657476  -  ResidentSetSize of job (KB)
...
006 (1128.000.000) 05/08 18:30:00 Image size of job updated: 2004416
	1619  -  MemoryUsage of job (MB)
	1657496  -  ResidentSetSize of job (KB)
...
006 (1128.000.000) 05/08 18:35:00 Image size of job updated: 2011292
	1626  -  MemoryUsage of job (MB)
	1664372  -  ResidentSetSize of job (KB)
...
006 (1128.000.000) 05/08 18:45:01 Image size of job updated: 2018460
	1633  -  MemoryUsage of job (MB)
	1671540  -  ResidentSetSize of job (KB)
...
006 (1128.000.000) 05/08 18:50:02 Image size of job updated: 2018464
	1633  -  MemoryUsage of job (MB)
	1671544  -  ResidentSetSize of job (KB)
...
006 (1128.000.000) 05/08 18:55:03 Image size of job updated: 2018472
	1633  -  MemoryUsage of job (MB)
	1671552  -  ResidentSetSize of job (KB)
...
006 (1128.000.000) 05/08 19:00:04 Image size of job updated: 2018568
	1633  -  MemoryUsage of job (MB)
	1671648  -  ResidentSetSize of job (KB)
...
006 (1128.000.000) 05/08 19:10:04 Image size of job updated: 2018700
	1633  -  MemoryUsage of job (MB)
	1671780  -  ResidentSetSize of job (KB)
...
006 (1128.000.000) 05/08 19:15:05 Image size of job updated: 2018704
	1633  -  MemoryUsage of job (MB)
	1671784  -  ResidentSetSize of job (KB)
...
006 (1128.000.000) 05/08 19:20:07 Image size of job updated: 2025892
	1640  -  MemoryUsage of job (MB)
	1678972  -  ResidentSetSize of job (KB)
...
006 (1128.000.000) 05/08 19:35:07 Image size of job updated: 2025908
	1640  -  MemoryUsage of job (MB)
	1678988  -  ResidentSetSize of job (KB)
...
006 (1128.000.000) 05/08 19:50:10 Image size of job updated: 2026036
	1640  -  MemoryUsage of job (MB)
	1679116  -  ResidentSetSize of job (KB)
...
006 (1128.000.000) 05/08 19:55:10 Image size of job updated: 2033268
	1647  -  MemoryUsage of job (MB)
	1686348  -  ResidentSetSize of job (KB)
...
006 (1128.000.000) 05/08 20:00:10 Image size of job updated: 2033320
	1647  -  MemoryUsage of job (MB)
	1686400  -  ResidentSetSize of job (KB)
...
006 (1128.000.000) 05/08 20:10:11 Image size of job updated: 2033336
	1647  -  MemoryUsage of job (MB)
	1686416  -  ResidentSetSize of job (KB)
...
006 (1128.000.000) 05/08 20:40:15 Image size of job updated: 2033356
	1647  -  MemoryUsage of job (MB)
	1686436  -  ResidentSetSize of job (KB)
...
006 (1128.000.000) 05/08 20:45:16 Image size of job updated: 2033824
	1648  -  MemoryUsage of job (MB)
	1686904  -  ResidentSetSize of job (KB)
...
