05/07/17 22:54:50 ******************************************************
05/07/17 22:54:50 ** condor_scheduniv_exec.1127.0 (CONDOR_DAGMAN) STARTING UP
05/07/17 22:54:50 ** /usr/bin/condor_dagman
05/07/17 22:54:50 ** SubsystemInfo: name=DAGMAN type=DAGMAN(10) class=DAEMON(1)
05/07/17 22:54:50 ** Configuration: subsystem:DAGMAN local:<NONE> class:DAEMON
05/07/17 22:54:50 ** $CondorVersion: 8.6.2 Apr 23 2017 BuildID: 404257 $
05/07/17 22:54:50 ** $CondorPlatform: x86_64_RedHat7 $
05/07/17 22:54:50 ** PID = 31289
05/07/17 22:54:50 ** Log last touched time unavailable (No such file or directory)
05/07/17 22:54:50 ******************************************************
05/07/17 22:54:50 Using config source: /etc/condor/condor_config
05/07/17 22:54:50 Using local config sources: 
05/07/17 22:54:50    /etc/condor/config.d/00esat.config
05/07/17 22:54:50    /etc/condor/config.d/01java.config
05/07/17 22:54:50    /etc/condor/config.d/80optout_users.config
05/07/17 22:54:50    /etc/condor/condor_config.local
05/07/17 22:54:50 config Macros = 166, Sorted = 166, StringBytes = 6031, TablesBytes = 6048
05/07/17 22:54:50 CLASSAD_CACHING is ENABLED
05/07/17 22:54:50 Daemon Log is logging: D_ALWAYS D_ERROR
05/07/17 22:54:50 DaemonCore: No command port requested.
05/07/17 22:54:50 DAGMAN_USE_STRICT setting: 1
05/07/17 22:54:50 DAGMAN_VERBOSITY setting: 3
05/07/17 22:54:50 DAGMAN_DEBUG_CACHE_SIZE setting: 5242880
05/07/17 22:54:50 DAGMAN_DEBUG_CACHE_ENABLE setting: False
05/07/17 22:54:50 DAGMAN_SUBMIT_DELAY setting: 0
05/07/17 22:54:50 DAGMAN_MAX_SUBMIT_ATTEMPTS setting: 6
05/07/17 22:54:50 DAGMAN_STARTUP_CYCLE_DETECT setting: False
05/07/17 22:54:50 DAGMAN_MAX_SUBMITS_PER_INTERVAL setting: 5
05/07/17 22:54:50 DAGMAN_USER_LOG_SCAN_INTERVAL setting: 5
05/07/17 22:54:50 DAGMAN_DEFAULT_PRIORITY setting: 0
05/07/17 22:54:50 DAGMAN_SUPPRESS_NOTIFICATION setting: True
05/07/17 22:54:50 allow_events (DAGMAN_ALLOW_EVENTS) setting: 114
05/07/17 22:54:50 DAGMAN_RETRY_SUBMIT_FIRST setting: True
05/07/17 22:54:50 DAGMAN_RETRY_NODE_FIRST setting: False
05/07/17 22:54:50 DAGMAN_MAX_JOBS_IDLE setting: 1000
05/07/17 22:54:50 DAGMAN_MAX_JOBS_SUBMITTED setting: 0
05/07/17 22:54:50 DAGMAN_MAX_PRE_SCRIPTS setting: 20
05/07/17 22:54:50 DAGMAN_MAX_POST_SCRIPTS setting: 20
05/07/17 22:54:50 DAGMAN_MUNGE_NODE_NAMES setting: True
05/07/17 22:54:50 DAGMAN_PROHIBIT_MULTI_JOBS setting: False
05/07/17 22:54:50 DAGMAN_SUBMIT_DEPTH_FIRST setting: False
05/07/17 22:54:50 DAGMAN_ALWAYS_RUN_POST setting: False
05/07/17 22:54:50 DAGMAN_ABORT_DUPLICATES setting: True
05/07/17 22:54:50 DAGMAN_ABORT_ON_SCARY_SUBMIT setting: True
05/07/17 22:54:50 DAGMAN_PENDING_REPORT_INTERVAL setting: 600
05/07/17 22:54:50 DAGMAN_AUTO_RESCUE setting: True
05/07/17 22:54:50 DAGMAN_MAX_RESCUE_NUM setting: 100
05/07/17 22:54:50 DAGMAN_WRITE_PARTIAL_RESCUE setting: True
05/07/17 22:54:50 DAGMAN_DEFAULT_NODE_LOG setting: @(DAG_DIR)/@(DAG_FILE).nodes.log
05/07/17 22:54:50 DAGMAN_GENERATE_SUBDAG_SUBMITS setting: True
05/07/17 22:54:50 DAGMAN_MAX_JOB_HOLDS setting: 100
05/07/17 22:54:50 DAGMAN_HOLD_CLAIM_TIME setting: 20
05/07/17 22:54:50 ALL_DEBUG setting: 
05/07/17 22:54:50 DAGMAN_DEBUG setting: 
05/07/17 22:54:50 DAGMAN_SUPPRESS_JOB_LOGS setting: False
05/07/17 22:54:50 DAGMAN_REMOVE_NODE_JOBS setting: True
05/07/17 22:54:50 argv[0] == "condor_scheduniv_exec.1127.0"
05/07/17 22:54:50 argv[1] == "-Lockfile"
05/07/17 22:54:50 argv[2] == "ds_extended_topic_1.dag.lock"
05/07/17 22:54:50 argv[3] == "-AutoRescue"
05/07/17 22:54:50 argv[4] == "1"
05/07/17 22:54:50 argv[5] == "-DoRescueFrom"
05/07/17 22:54:50 argv[6] == "0"
05/07/17 22:54:50 argv[7] == "-Dag"
05/07/17 22:54:50 argv[8] == "ds_extended_topic_1.dag"
05/07/17 22:54:50 argv[9] == "-Suppress_notification"
05/07/17 22:54:50 argv[10] == "-CsdVersion"
05/07/17 22:54:50 argv[11] == "$CondorVersion: 8.6.2 Apr 23 2017 BuildID: 404257 $"
05/07/17 22:54:50 argv[12] == "-Dagman"
05/07/17 22:54:50 argv[13] == "/usr/bin/condor_dagman"
05/07/17 22:54:50 Workflow batch-name: <ds_extended_topic_1.dag+1127>
05/07/17 22:54:50 Workflow accounting_group: <>
05/07/17 22:54:50 Workflow accounting_group_user: <>
05/07/17 22:54:50 Warning: failed to get attribute DAGNodeName
05/07/17 22:54:50 DAGMAN_LOG_ON_NFS_IS_ERROR setting: False
05/07/17 22:54:50 Default node log file is: </esat/spchtemp/scratch/robbe/SpeechHub/tied_models_smallest/python/jobdag/./ds_extended_topic_1.dag.nodes.log>
05/07/17 22:54:50 DAG Lockfile will be written to ds_extended_topic_1.dag.lock
05/07/17 22:54:50 DAG Input file is ds_extended_topic_1.dag
05/07/17 22:54:50 Parsing 1 dagfiles
05/07/17 22:54:50 Parsing ds_extended_topic_1.dag ...
05/07/17 22:54:50 Dag contains 2 total jobs
05/07/17 22:54:50 Sleeping for 3 seconds to ensure ProcessId uniqueness
05/07/17 22:54:53 Bootstrapping...
05/07/17 22:54:53 Number of pre-completed nodes: 0
05/07/17 22:54:53 MultiLogFiles: truncating log file /esat/spchtemp/scratch/robbe/SpeechHub/tied_models_smallest/python/jobdag/./ds_extended_topic_1.dag.nodes.log
05/07/17 22:54:53 DAG status: 0 (DAG_STATUS_OK)
05/07/17 22:54:53 Of 2 nodes total:
05/07/17 22:54:53  Done     Pre   Queued    Post   Ready   Un-Ready   Failed
05/07/17 22:54:53   ===     ===      ===     ===     ===        ===      ===
05/07/17 22:54:53     0       0        0       0       1          1        0
05/07/17 22:54:53 0 job proc(s) currently held
05/07/17 22:54:53 Registering condor_event_timer...
05/07/17 22:54:54 Submitting HTCondor Node extended_topic_1 job(s)...
05/07/17 22:54:54 Adding a DAGMan workflow log /esat/spchtemp/scratch/robbe/SpeechHub/tied_models_smallest/python/jobdag/./ds_extended_topic_1.dag.nodes.log
05/07/17 22:54:54 Masking the events recorded in the DAGMAN workflow log
05/07/17 22:54:54 Mask for workflow log is 0,1,2,4,5,7,9,10,11,12,13,16,17,24,27
05/07/17 22:54:54 submitting: /usr/bin/condor_submit -a dag_node_name' '=' 'extended_topic_1 -a +DAGManJobId' '=' '1127 -a DAGManJobId' '=' '1127 -batch-name ds_extended_topic_1.dag+1127 -a submit_event_notes' '=' 'DAG' 'Node:' 'extended_topic_1 -a dagman_log' '=' '/esat/spchtemp/scratch/robbe/SpeechHub/tied_models_smallest/python/jobdag/./ds_extended_topic_1.dag.nodes.log -a +DAGManNodesMask' '=' '"0,1,2,4,5,7,9,10,11,12,13,16,17,24,27" -a data_set' '=' 'ds -a test_name' '=' 'extended_topic_1 -a num_run' '=' '0 -a DAG_STATUS' '=' '0 -a FAILED_COUNT' '=' '0 -a +KeepClaimIdle' '=' '20 -a notification' '=' 'never -a +DAGParentNodeNames' '=' '"" jobdag/extended_topic_1.job
05/07/17 22:54:54 From submit: Submitting job(s).
05/07/17 22:54:54 From submit: 1 job(s) submitted to cluster 1128.
05/07/17 22:54:54 	assigned HTCondor ID (1128.0.0)
05/07/17 22:54:54 Just submitted 1 job this cycle...
05/07/17 22:54:54 Currently monitoring 1 HTCondor log file(s)
05/07/17 22:54:54 Reassigning the id of job extended_topic_1 from (1128.0.0) to (1128.0.0)
05/07/17 22:54:54 Event: ULOG_SUBMIT for HTCondor Node extended_topic_1 (1128.0.0) {05/07/17 22:54:54}
05/07/17 22:54:54 Number of idle job procs: 1
05/07/17 22:54:54 DAG status: 0 (DAG_STATUS_OK)
05/07/17 22:54:54 Of 2 nodes total:
05/07/17 22:54:54  Done     Pre   Queued    Post   Ready   Un-Ready   Failed
05/07/17 22:54:54   ===     ===      ===     ===     ===        ===      ===
05/07/17 22:54:54     0       0        1       0       0          1        0
05/07/17 22:54:54 0 job proc(s) currently held
05/07/17 23:04:57 603 seconds since last log event
05/07/17 23:04:57 Pending DAG nodes:
05/07/17 23:04:57   Node extended_topic_1, HTCondor ID 1128, status STATUS_SUBMITTED
05/07/17 23:14:59 1205 seconds since last log event
05/07/17 23:14:59 Pending DAG nodes:
05/07/17 23:14:59   Node extended_topic_1, HTCondor ID 1128, status STATUS_SUBMITTED
05/07/17 23:25:01 1807 seconds since last log event
05/07/17 23:25:01 Pending DAG nodes:
05/07/17 23:25:01   Node extended_topic_1, HTCondor ID 1128, status STATUS_SUBMITTED
05/07/17 23:35:03 2409 seconds since last log event
05/07/17 23:35:03 Pending DAG nodes:
05/07/17 23:35:03   Node extended_topic_1, HTCondor ID 1128, status STATUS_SUBMITTED
05/07/17 23:45:05 3011 seconds since last log event
05/07/17 23:45:05 Pending DAG nodes:
05/07/17 23:45:05   Node extended_topic_1, HTCondor ID 1128, status STATUS_SUBMITTED
05/07/17 23:55:07 3613 seconds since last log event
05/07/17 23:55:07 Pending DAG nodes:
05/07/17 23:55:07   Node extended_topic_1, HTCondor ID 1128, status STATUS_SUBMITTED
05/08/17 00:05:09 4215 seconds since last log event
05/08/17 00:05:09 Pending DAG nodes:
05/08/17 00:05:09   Node extended_topic_1, HTCondor ID 1128, status STATUS_SUBMITTED
05/08/17 00:15:11 4817 seconds since last log event
05/08/17 00:15:11 Pending DAG nodes:
05/08/17 00:15:11   Node extended_topic_1, HTCondor ID 1128, status STATUS_SUBMITTED
05/08/17 00:25:13 5419 seconds since last log event
05/08/17 00:25:13 Pending DAG nodes:
05/08/17 00:25:13   Node extended_topic_1, HTCondor ID 1128, status STATUS_SUBMITTED
05/08/17 00:35:15 6021 seconds since last log event
05/08/17 00:35:15 Pending DAG nodes:
05/08/17 00:35:15   Node extended_topic_1, HTCondor ID 1128, status STATUS_SUBMITTED
05/08/17 00:45:16 6622 seconds since last log event
05/08/17 00:45:16 Pending DAG nodes:
05/08/17 00:45:16   Node extended_topic_1, HTCondor ID 1128, status STATUS_SUBMITTED
05/08/17 00:55:18 7224 seconds since last log event
05/08/17 00:55:18 Pending DAG nodes:
05/08/17 00:55:18   Node extended_topic_1, HTCondor ID 1128, status STATUS_SUBMITTED
05/08/17 01:05:20 7826 seconds since last log event
05/08/17 01:05:20 Pending DAG nodes:
05/08/17 01:05:20   Node extended_topic_1, HTCondor ID 1128, status STATUS_SUBMITTED
05/08/17 01:15:22 8428 seconds since last log event
05/08/17 01:15:22 Pending DAG nodes:
05/08/17 01:15:22   Node extended_topic_1, HTCondor ID 1128, status STATUS_SUBMITTED
05/08/17 01:25:24 9030 seconds since last log event
05/08/17 01:25:24 Pending DAG nodes:
05/08/17 01:25:24   Node extended_topic_1, HTCondor ID 1128, status STATUS_SUBMITTED
05/08/17 01:35:26 9632 seconds since last log event
05/08/17 01:35:26 Pending DAG nodes:
05/08/17 01:35:26   Node extended_topic_1, HTCondor ID 1128, status STATUS_SUBMITTED
05/08/17 01:45:29 10235 seconds since last log event
05/08/17 01:45:29 Pending DAG nodes:
05/08/17 01:45:29   Node extended_topic_1, HTCondor ID 1128, status STATUS_SUBMITTED
05/08/17 01:55:32 10838 seconds since last log event
05/08/17 01:55:32 Pending DAG nodes:
05/08/17 01:55:32   Node extended_topic_1, HTCondor ID 1128, status STATUS_SUBMITTED
05/08/17 02:05:34 11440 seconds since last log event
05/08/17 02:05:34 Pending DAG nodes:
05/08/17 02:05:34   Node extended_topic_1, HTCondor ID 1128, status STATUS_SUBMITTED
05/08/17 02:15:36 12042 seconds since last log event
05/08/17 02:15:36 Pending DAG nodes:
05/08/17 02:15:36   Node extended_topic_1, HTCondor ID 1128, status STATUS_SUBMITTED
05/08/17 02:25:38 12644 seconds since last log event
05/08/17 02:25:38 Pending DAG nodes:
05/08/17 02:25:38   Node extended_topic_1, HTCondor ID 1128, status STATUS_SUBMITTED
05/08/17 02:35:40 13246 seconds since last log event
05/08/17 02:35:40 Pending DAG nodes:
05/08/17 02:35:40   Node extended_topic_1, HTCondor ID 1128, status STATUS_SUBMITTED
05/08/17 02:45:41 13847 seconds since last log event
05/08/17 02:45:41 Pending DAG nodes:
05/08/17 02:45:41   Node extended_topic_1, HTCondor ID 1128, status STATUS_SUBMITTED
05/08/17 02:55:44 14450 seconds since last log event
05/08/17 02:55:44 Pending DAG nodes:
05/08/17 02:55:44   Node extended_topic_1, HTCondor ID 1128, status STATUS_SUBMITTED
05/08/17 03:05:45 15051 seconds since last log event
05/08/17 03:05:45 Pending DAG nodes:
05/08/17 03:05:45   Node extended_topic_1, HTCondor ID 1128, status STATUS_SUBMITTED
05/08/17 03:15:48 15654 seconds since last log event
05/08/17 03:15:48 Pending DAG nodes:
05/08/17 03:15:48   Node extended_topic_1, HTCondor ID 1128, status STATUS_SUBMITTED
05/08/17 03:25:49 16255 seconds since last log event
05/08/17 03:25:49 Pending DAG nodes:
05/08/17 03:25:49   Node extended_topic_1, HTCondor ID 1128, status STATUS_SUBMITTED
05/08/17 03:35:51 16857 seconds since last log event
05/08/17 03:35:51 Pending DAG nodes:
05/08/17 03:35:51   Node extended_topic_1, HTCondor ID 1128, status STATUS_SUBMITTED
05/08/17 03:45:53 17459 seconds since last log event
05/08/17 03:45:53 Pending DAG nodes:
05/08/17 03:45:53   Node extended_topic_1, HTCondor ID 1128, status STATUS_SUBMITTED
05/08/17 03:55:55 18061 seconds since last log event
05/08/17 03:55:55 Pending DAG nodes:
05/08/17 03:55:55   Node extended_topic_1, HTCondor ID 1128, status STATUS_SUBMITTED
05/08/17 04:05:58 18664 seconds since last log event
05/08/17 04:05:58 Pending DAG nodes:
05/08/17 04:05:58   Node extended_topic_1, HTCondor ID 1128, status STATUS_SUBMITTED
05/08/17 04:16:00 19266 seconds since last log event
05/08/17 04:16:00 Pending DAG nodes:
05/08/17 04:16:00   Node extended_topic_1, HTCondor ID 1128, status STATUS_SUBMITTED
05/08/17 04:26:02 19868 seconds since last log event
05/08/17 04:26:02 Pending DAG nodes:
05/08/17 04:26:02   Node extended_topic_1, HTCondor ID 1128, status STATUS_SUBMITTED
05/08/17 04:36:04 20470 seconds since last log event
05/08/17 04:36:04 Pending DAG nodes:
05/08/17 04:36:04   Node extended_topic_1, HTCondor ID 1128, status STATUS_SUBMITTED
05/08/17 04:46:07 21073 seconds since last log event
05/08/17 04:46:07 Pending DAG nodes:
05/08/17 04:46:07   Node extended_topic_1, HTCondor ID 1128, status STATUS_SUBMITTED
05/08/17 04:56:09 21675 seconds since last log event
05/08/17 04:56:09 Pending DAG nodes:
05/08/17 04:56:09   Node extended_topic_1, HTCondor ID 1128, status STATUS_SUBMITTED
05/08/17 05:06:11 22277 seconds since last log event
05/08/17 05:06:11 Pending DAG nodes:
05/08/17 05:06:11   Node extended_topic_1, HTCondor ID 1128, status STATUS_SUBMITTED
05/08/17 05:16:14 22880 seconds since last log event
05/08/17 05:16:14 Pending DAG nodes:
05/08/17 05:16:14   Node extended_topic_1, HTCondor ID 1128, status STATUS_SUBMITTED
05/08/17 05:26:17 23483 seconds since last log event
05/08/17 05:26:17 Pending DAG nodes:
05/08/17 05:26:17   Node extended_topic_1, HTCondor ID 1128, status STATUS_SUBMITTED
05/08/17 05:36:19 24085 seconds since last log event
05/08/17 05:36:19 Pending DAG nodes:
05/08/17 05:36:19   Node extended_topic_1, HTCondor ID 1128, status STATUS_SUBMITTED
05/08/17 05:46:21 24687 seconds since last log event
05/08/17 05:46:21 Pending DAG nodes:
05/08/17 05:46:21   Node extended_topic_1, HTCondor ID 1128, status STATUS_SUBMITTED
05/08/17 05:56:23 25289 seconds since last log event
05/08/17 05:56:23 Pending DAG nodes:
05/08/17 05:56:23   Node extended_topic_1, HTCondor ID 1128, status STATUS_SUBMITTED
05/08/17 06:06:25 25891 seconds since last log event
05/08/17 06:06:25 Pending DAG nodes:
05/08/17 06:06:25   Node extended_topic_1, HTCondor ID 1128, status STATUS_SUBMITTED
05/08/17 06:16:27 26493 seconds since last log event
05/08/17 06:16:27 Pending DAG nodes:
05/08/17 06:16:27   Node extended_topic_1, HTCondor ID 1128, status STATUS_SUBMITTED
05/08/17 06:26:29 27095 seconds since last log event
05/08/17 06:26:29 Pending DAG nodes:
05/08/17 06:26:29   Node extended_topic_1, HTCondor ID 1128, status STATUS_SUBMITTED
05/08/17 06:36:32 27698 seconds since last log event
05/08/17 06:36:32 Pending DAG nodes:
05/08/17 06:36:32   Node extended_topic_1, HTCondor ID 1128, status STATUS_SUBMITTED
05/08/17 06:46:34 28300 seconds since last log event
05/08/17 06:46:34 Pending DAG nodes:
05/08/17 06:46:34   Node extended_topic_1, HTCondor ID 1128, status STATUS_SUBMITTED
05/08/17 06:56:36 28902 seconds since last log event
05/08/17 06:56:36 Pending DAG nodes:
05/08/17 06:56:36   Node extended_topic_1, HTCondor ID 1128, status STATUS_SUBMITTED
05/08/17 07:06:38 29504 seconds since last log event
05/08/17 07:06:38 Pending DAG nodes:
05/08/17 07:06:38   Node extended_topic_1, HTCondor ID 1128, status STATUS_SUBMITTED
05/08/17 07:16:41 30107 seconds since last log event
05/08/17 07:16:41 Pending DAG nodes:
05/08/17 07:16:41   Node extended_topic_1, HTCondor ID 1128, status STATUS_SUBMITTED
05/08/17 07:26:43 30709 seconds since last log event
05/08/17 07:26:43 Pending DAG nodes:
05/08/17 07:26:43   Node extended_topic_1, HTCondor ID 1128, status STATUS_SUBMITTED
05/08/17 07:36:45 31311 seconds since last log event
05/08/17 07:36:45 Pending DAG nodes:
05/08/17 07:36:45   Node extended_topic_1, HTCondor ID 1128, status STATUS_SUBMITTED
05/08/17 07:46:48 31914 seconds since last log event
05/08/17 07:46:48 Pending DAG nodes:
05/08/17 07:46:48   Node extended_topic_1, HTCondor ID 1128, status STATUS_SUBMITTED
05/08/17 07:56:50 32516 seconds since last log event
05/08/17 07:56:50 Pending DAG nodes:
05/08/17 07:56:50   Node extended_topic_1, HTCondor ID 1128, status STATUS_SUBMITTED
05/08/17 08:06:53 33119 seconds since last log event
05/08/17 08:06:53 Pending DAG nodes:
05/08/17 08:06:53   Node extended_topic_1, HTCondor ID 1128, status STATUS_SUBMITTED
05/08/17 08:16:55 33721 seconds since last log event
05/08/17 08:16:55 Pending DAG nodes:
05/08/17 08:16:55   Node extended_topic_1, HTCondor ID 1128, status STATUS_SUBMITTED
05/08/17 08:26:58 34324 seconds since last log event
05/08/17 08:26:58 Pending DAG nodes:
05/08/17 08:26:58   Node extended_topic_1, HTCondor ID 1128, status STATUS_SUBMITTED
05/08/17 08:37:01 34927 seconds since last log event
05/08/17 08:37:01 Pending DAG nodes:
05/08/17 08:37:01   Node extended_topic_1, HTCondor ID 1128, status STATUS_SUBMITTED
05/08/17 08:47:03 35529 seconds since last log event
05/08/17 08:47:03 Pending DAG nodes:
05/08/17 08:47:03   Node extended_topic_1, HTCondor ID 1128, status STATUS_SUBMITTED
05/08/17 08:57:05 36131 seconds since last log event
05/08/17 08:57:05 Pending DAG nodes:
05/08/17 08:57:05   Node extended_topic_1, HTCondor ID 1128, status STATUS_SUBMITTED
05/08/17 09:07:08 36734 seconds since last log event
05/08/17 09:07:08 Pending DAG nodes:
05/08/17 09:07:08   Node extended_topic_1, HTCondor ID 1128, status STATUS_SUBMITTED
05/08/17 09:17:10 37336 seconds since last log event
05/08/17 09:17:10 Pending DAG nodes:
05/08/17 09:17:10   Node extended_topic_1, HTCondor ID 1128, status STATUS_SUBMITTED
05/08/17 09:27:13 37939 seconds since last log event
05/08/17 09:27:13 Pending DAG nodes:
05/08/17 09:27:13   Node extended_topic_1, HTCondor ID 1128, status STATUS_SUBMITTED
05/08/17 09:37:15 38541 seconds since last log event
05/08/17 09:37:15 Pending DAG nodes:
05/08/17 09:37:15   Node extended_topic_1, HTCondor ID 1128, status STATUS_SUBMITTED
05/08/17 09:47:17 39143 seconds since last log event
05/08/17 09:47:17 Pending DAG nodes:
05/08/17 09:47:17   Node extended_topic_1, HTCondor ID 1128, status STATUS_SUBMITTED
05/08/17 09:57:20 39746 seconds since last log event
05/08/17 09:57:20 Pending DAG nodes:
05/08/17 09:57:20   Node extended_topic_1, HTCondor ID 1128, status STATUS_SUBMITTED
05/08/17 10:07:22 40348 seconds since last log event
05/08/17 10:07:22 Pending DAG nodes:
05/08/17 10:07:22   Node extended_topic_1, HTCondor ID 1128, status STATUS_SUBMITTED
05/08/17 10:17:24 40950 seconds since last log event
05/08/17 10:17:24 Pending DAG nodes:
05/08/17 10:17:24   Node extended_topic_1, HTCondor ID 1128, status STATUS_SUBMITTED
05/08/17 10:27:26 41552 seconds since last log event
05/08/17 10:27:26 Pending DAG nodes:
05/08/17 10:27:26   Node extended_topic_1, HTCondor ID 1128, status STATUS_SUBMITTED
05/08/17 10:37:27 42153 seconds since last log event
05/08/17 10:37:27 Pending DAG nodes:
05/08/17 10:37:27   Node extended_topic_1, HTCondor ID 1128, status STATUS_SUBMITTED
05/08/17 10:47:29 42755 seconds since last log event
05/08/17 10:47:29 Pending DAG nodes:
05/08/17 10:47:29   Node extended_topic_1, HTCondor ID 1128, status STATUS_SUBMITTED
05/08/17 10:57:31 43357 seconds since last log event
05/08/17 10:57:31 Pending DAG nodes:
05/08/17 10:57:31   Node extended_topic_1, HTCondor ID 1128, status STATUS_SUBMITTED
05/08/17 11:07:33 43959 seconds since last log event
05/08/17 11:07:33 Pending DAG nodes:
05/08/17 11:07:33   Node extended_topic_1, HTCondor ID 1128, status STATUS_SUBMITTED
05/08/17 11:17:37 44563 seconds since last log event
05/08/17 11:17:37 Pending DAG nodes:
05/08/17 11:17:37   Node extended_topic_1, HTCondor ID 1128, status STATUS_SUBMITTED
05/08/17 11:27:41 45167 seconds since last log event
05/08/17 11:27:41 Pending DAG nodes:
05/08/17 11:27:41   Node extended_topic_1, HTCondor ID 1128, status STATUS_SUBMITTED
05/08/17 11:37:45 45771 seconds since last log event
05/08/17 11:37:46 Pending DAG nodes:
05/08/17 11:37:46   Node extended_topic_1, HTCondor ID 1128, status STATUS_SUBMITTED
05/08/17 11:47:45 46371 seconds since last log event
05/08/17 11:47:45 Pending DAG nodes:
05/08/17 11:47:45   Node extended_topic_1, HTCondor ID 1128, status STATUS_SUBMITTED
05/08/17 11:57:46 46972 seconds since last log event
05/08/17 11:57:46 Pending DAG nodes:
05/08/17 11:57:46   Node extended_topic_1, HTCondor ID 1128, status STATUS_SUBMITTED
05/08/17 12:07:49 47575 seconds since last log event
05/08/17 12:07:49 Pending DAG nodes:
05/08/17 12:07:49   Node extended_topic_1, HTCondor ID 1128, status STATUS_SUBMITTED
05/08/17 12:17:52 48178 seconds since last log event
05/08/17 12:17:52 Pending DAG nodes:
05/08/17 12:17:52   Node extended_topic_1, HTCondor ID 1128, status STATUS_SUBMITTED
05/08/17 12:27:54 48780 seconds since last log event
05/08/17 12:27:54 Pending DAG nodes:
05/08/17 12:27:54   Node extended_topic_1, HTCondor ID 1128, status STATUS_SUBMITTED
05/08/17 12:37:56 49382 seconds since last log event
05/08/17 12:37:56 Pending DAG nodes:
05/08/17 12:37:56   Node extended_topic_1, HTCondor ID 1128, status STATUS_SUBMITTED
05/08/17 12:47:59 49985 seconds since last log event
05/08/17 12:47:59 Pending DAG nodes:
05/08/17 12:47:59   Node extended_topic_1, HTCondor ID 1128, status STATUS_SUBMITTED
05/08/17 12:58:02 50588 seconds since last log event
05/08/17 12:58:02 Pending DAG nodes:
05/08/17 12:58:02   Node extended_topic_1, HTCondor ID 1128, status STATUS_SUBMITTED
05/08/17 13:08:03 51189 seconds since last log event
05/08/17 13:08:03 Pending DAG nodes:
05/08/17 13:08:03   Node extended_topic_1, HTCondor ID 1128, status STATUS_SUBMITTED
05/08/17 13:18:06 51792 seconds since last log event
05/08/17 13:18:06 Pending DAG nodes:
05/08/17 13:18:06   Node extended_topic_1, HTCondor ID 1128, status STATUS_SUBMITTED
05/08/17 13:28:10 52396 seconds since last log event
05/08/17 13:28:10 Pending DAG nodes:
05/08/17 13:28:10   Node extended_topic_1, HTCondor ID 1128, status STATUS_SUBMITTED
05/08/17 13:38:13 52999 seconds since last log event
05/08/17 13:38:13 Pending DAG nodes:
05/08/17 13:38:13   Node extended_topic_1, HTCondor ID 1128, status STATUS_SUBMITTED
05/08/17 13:48:16 53602 seconds since last log event
05/08/17 13:48:16 Pending DAG nodes:
05/08/17 13:48:16   Node extended_topic_1, HTCondor ID 1128, status STATUS_SUBMITTED
05/08/17 13:58:19 54205 seconds since last log event
05/08/17 13:58:19 Pending DAG nodes:
05/08/17 13:58:19   Node extended_topic_1, HTCondor ID 1128, status STATUS_SUBMITTED
05/08/17 14:08:22 54808 seconds since last log event
05/08/17 14:08:22 Pending DAG nodes:
05/08/17 14:08:22   Node extended_topic_1, HTCondor ID 1128, status STATUS_SUBMITTED
05/08/17 14:18:25 55411 seconds since last log event
05/08/17 14:18:25 Pending DAG nodes:
05/08/17 14:18:25   Node extended_topic_1, HTCondor ID 1128, status STATUS_SUBMITTED
05/08/17 14:28:28 56014 seconds since last log event
05/08/17 14:28:28 Pending DAG nodes:
05/08/17 14:28:28   Node extended_topic_1, HTCondor ID 1128, status STATUS_SUBMITTED
05/08/17 14:38:31 56617 seconds since last log event
05/08/17 14:38:31 Pending DAG nodes:
05/08/17 14:38:31   Node extended_topic_1, HTCondor ID 1128, status STATUS_SUBMITTED
05/08/17 14:48:34 57220 seconds since last log event
05/08/17 14:48:34 Pending DAG nodes:
05/08/17 14:48:34   Node extended_topic_1, HTCondor ID 1128, status STATUS_SUBMITTED
