000 (1143.000.000) 05/08 12:12:38 Job submitted from host: <10.33.133.154:9618?addrs=10.33.133.154-9618+[--1]-9618&noUDP&sock=1383_3391_3>
    DAG Node: topic_reg
...
001 (1143.000.000) 05/08 18:58:59 Job executing on host: <10.33.133.70:9618?addrs=10.33.133.70-9618+[--1]-9618&noUDP&sock=19079_2f80_3>
...
006 (1143.000.000) 05/08 18:59:07 Image size of job updated: 74036
	54  -  MemoryUsage of job (MB)
	54676  -  ResidentSetSize of job (KB)
...
006 (1143.000.000) 05/08 19:04:07 Image size of job updated: 2005712
	1620  -  MemoryUsage of job (MB)
	1658828  -  ResidentSetSize of job (KB)
...
006 (1143.000.000) 05/08 19:09:08 Image size of job updated: 2013120
	1628  -  MemoryUsage of job (MB)
	1666236  -  ResidentSetSize of job (KB)
...
006 (1143.000.000) 05/08 19:14:09 Image size of job updated: 2020332
	1635  -  MemoryUsage of job (MB)
	1673448  -  ResidentSetSize of job (KB)
...
006 (1143.000.000) 05/08 19:19:10 Image size of job updated: 2027836
	1642  -  MemoryUsage of job (MB)
	1680952  -  ResidentSetSize of job (KB)
...
006 (1143.000.000) 05/08 19:24:10 Image size of job updated: 2034788
	1649  -  MemoryUsage of job (MB)
	1687904  -  ResidentSetSize of job (KB)
...
006 (1143.000.000) 05/08 19:29:10 Image size of job updated: 2034924
	1649  -  MemoryUsage of job (MB)
	1688032  -  ResidentSetSize of job (KB)
...
006 (1143.000.000) 05/08 19:34:10 Image size of job updated: 2034928
	1649  -  MemoryUsage of job (MB)
	1688036  -  ResidentSetSize of job (KB)
...
006 (1143.000.000) 05/08 19:39:10 Image size of job updated: 2034944
	1649  -  MemoryUsage of job (MB)
	1688052  -  ResidentSetSize of job (KB)
...
006 (1143.000.000) 05/08 19:44:11 Image size of job updated: 2034952
	1649  -  MemoryUsage of job (MB)
	1688060  -  ResidentSetSize of job (KB)
...
006 (1143.000.000) 05/08 19:49:12 Image size of job updated: 2041992
	1656  -  MemoryUsage of job (MB)
	1695100  -  ResidentSetSize of job (KB)
...
006 (1143.000.000) 05/08 19:54:12 Image size of job updated: 2049060
	1663  -  MemoryUsage of job (MB)
	1702168  -  ResidentSetSize of job (KB)
...
006 (1143.000.000) 05/08 19:59:12 Image size of job updated: 2049280
	1663  -  MemoryUsage of job (MB)
	1702388  -  ResidentSetSize of job (KB)
...
006 (1143.000.000) 05/08 20:04:13 Image size of job updated: 2049764
	1663  -  MemoryUsage of job (MB)
	1702872  -  ResidentSetSize of job (KB)
...
006 (1143.000.000) 05/08 20:09:14 Image size of job updated: 2049992
	1664  -  MemoryUsage of job (MB)
	1703100  -  ResidentSetSize of job (KB)
...
006 (1143.000.000) 05/08 20:14:15 Image size of job updated: 2050068
	1664  -  MemoryUsage of job (MB)
	1703176  -  ResidentSetSize of job (KB)
...
006 (1143.000.000) 05/08 20:34:17 Image size of job updated: 2050080
	1664  -  MemoryUsage of job (MB)
	1703188  -  ResidentSetSize of job (KB)
...
006 (1143.000.000) 05/08 20:44:18 Image size of job updated: 2050100
	1664  -  MemoryUsage of job (MB)
	1703208  -  ResidentSetSize of job (KB)
...
006 (1143.000.000) 05/08 20:59:20 Image size of job updated: 2050196
	1664  -  MemoryUsage of job (MB)
	1703304  -  ResidentSetSize of job (KB)
...
006 (1143.000.000) 05/08 21:19:22 Image size of job updated: 2050460
	1664  -  MemoryUsage of job (MB)
	1703568  -  ResidentSetSize of job (KB)
...
