05/08/17 12:12:34 ******************************************************
05/08/17 12:12:34 ** condor_scheduniv_exec.1129.0 (CONDOR_DAGMAN) STARTING UP
05/08/17 12:12:34 ** /usr/bin/condor_dagman
05/08/17 12:12:34 ** SubsystemInfo: name=DAGMAN type=DAGMAN(10) class=DAEMON(1)
05/08/17 12:12:34 ** Configuration: subsystem:DAGMAN local:<NONE> class:DAEMON
05/08/17 12:12:34 ** $CondorVersion: 8.6.2 Apr 23 2017 BuildID: 404257 $
05/08/17 12:12:34 ** $CondorPlatform: x86_64_RedHat7 $
05/08/17 12:12:34 ** PID = 17970
05/08/17 12:12:34 ** Log last touched time unavailable (No such file or directory)
05/08/17 12:12:34 ******************************************************
05/08/17 12:12:34 Using config source: /etc/condor/condor_config
05/08/17 12:12:34 Using local config sources: 
05/08/17 12:12:34    /etc/condor/config.d/00esat.config
05/08/17 12:12:34    /etc/condor/config.d/01java.config
05/08/17 12:12:34    /etc/condor/config.d/80optout_users.config
05/08/17 12:12:34    /etc/condor/condor_config.local
05/08/17 12:12:34 config Macros = 166, Sorted = 166, StringBytes = 6020, TablesBytes = 6048
05/08/17 12:12:34 CLASSAD_CACHING is ENABLED
05/08/17 12:12:34 Daemon Log is logging: D_ALWAYS D_ERROR
05/08/17 12:12:34 DaemonCore: No command port requested.
05/08/17 12:12:34 DAGMAN_USE_STRICT setting: 1
05/08/17 12:12:34 DAGMAN_VERBOSITY setting: 3
05/08/17 12:12:34 DAGMAN_DEBUG_CACHE_SIZE setting: 5242880
05/08/17 12:12:34 DAGMAN_DEBUG_CACHE_ENABLE setting: False
05/08/17 12:12:34 DAGMAN_SUBMIT_DELAY setting: 0
05/08/17 12:12:34 DAGMAN_MAX_SUBMIT_ATTEMPTS setting: 6
05/08/17 12:12:34 DAGMAN_STARTUP_CYCLE_DETECT setting: False
05/08/17 12:12:34 DAGMAN_MAX_SUBMITS_PER_INTERVAL setting: 5
05/08/17 12:12:34 DAGMAN_USER_LOG_SCAN_INTERVAL setting: 5
05/08/17 12:12:34 DAGMAN_DEFAULT_PRIORITY setting: 0
05/08/17 12:12:34 DAGMAN_SUPPRESS_NOTIFICATION setting: True
05/08/17 12:12:34 allow_events (DAGMAN_ALLOW_EVENTS) setting: 114
05/08/17 12:12:34 DAGMAN_RETRY_SUBMIT_FIRST setting: True
05/08/17 12:12:34 DAGMAN_RETRY_NODE_FIRST setting: False
05/08/17 12:12:34 DAGMAN_MAX_JOBS_IDLE setting: 1000
05/08/17 12:12:34 DAGMAN_MAX_JOBS_SUBMITTED setting: 0
05/08/17 12:12:34 DAGMAN_MAX_PRE_SCRIPTS setting: 20
05/08/17 12:12:34 DAGMAN_MAX_POST_SCRIPTS setting: 20
05/08/17 12:12:34 DAGMAN_MUNGE_NODE_NAMES setting: True
05/08/17 12:12:34 DAGMAN_PROHIBIT_MULTI_JOBS setting: False
05/08/17 12:12:34 DAGMAN_SUBMIT_DEPTH_FIRST setting: False
05/08/17 12:12:34 DAGMAN_ALWAYS_RUN_POST setting: False
05/08/17 12:12:34 DAGMAN_ABORT_DUPLICATES setting: True
05/08/17 12:12:34 DAGMAN_ABORT_ON_SCARY_SUBMIT setting: True
05/08/17 12:12:34 DAGMAN_PENDING_REPORT_INTERVAL setting: 600
05/08/17 12:12:34 DAGMAN_AUTO_RESCUE setting: True
05/08/17 12:12:34 DAGMAN_MAX_RESCUE_NUM setting: 100
05/08/17 12:12:34 DAGMAN_WRITE_PARTIAL_RESCUE setting: True
05/08/17 12:12:34 DAGMAN_DEFAULT_NODE_LOG setting: @(DAG_DIR)/@(DAG_FILE).nodes.log
05/08/17 12:12:34 DAGMAN_GENERATE_SUBDAG_SUBMITS setting: True
05/08/17 12:12:34 DAGMAN_MAX_JOB_HOLDS setting: 100
05/08/17 12:12:34 DAGMAN_HOLD_CLAIM_TIME setting: 20
05/08/17 12:12:34 ALL_DEBUG setting: 
05/08/17 12:12:34 DAGMAN_DEBUG setting: 
05/08/17 12:12:34 DAGMAN_SUPPRESS_JOB_LOGS setting: False
05/08/17 12:12:34 DAGMAN_REMOVE_NODE_JOBS setting: True
05/08/17 12:12:34 argv[0] == "condor_scheduniv_exec.1129.0"
05/08/17 12:12:34 argv[1] == "-Lockfile"
05/08/17 12:12:34 argv[2] == "ds_topic.dag.lock"
05/08/17 12:12:34 argv[3] == "-AutoRescue"
05/08/17 12:12:34 argv[4] == "1"
05/08/17 12:12:34 argv[5] == "-DoRescueFrom"
05/08/17 12:12:34 argv[6] == "0"
05/08/17 12:12:34 argv[7] == "-Dag"
05/08/17 12:12:34 argv[8] == "ds_topic.dag"
05/08/17 12:12:34 argv[9] == "-Suppress_notification"
05/08/17 12:12:34 argv[10] == "-CsdVersion"
05/08/17 12:12:34 argv[11] == "$CondorVersion: 8.6.2 Apr 23 2017 BuildID: 404257 $"
05/08/17 12:12:34 argv[12] == "-Dagman"
05/08/17 12:12:34 argv[13] == "/usr/bin/condor_dagman"
05/08/17 12:12:34 Workflow batch-name: <ds_topic.dag+1129>
05/08/17 12:12:34 Workflow accounting_group: <>
05/08/17 12:12:34 Workflow accounting_group_user: <>
05/08/17 12:12:34 Warning: failed to get attribute DAGNodeName
05/08/17 12:12:34 DAGMAN_LOG_ON_NFS_IS_ERROR setting: False
05/08/17 12:12:34 Default node log file is: </esat/spchtemp/scratch/robbe/SpeechHub/tied_models_smallest/python/jobdag/./ds_topic.dag.nodes.log>
05/08/17 12:12:34 DAG Lockfile will be written to ds_topic.dag.lock
05/08/17 12:12:34 DAG Input file is ds_topic.dag
05/08/17 12:12:34 Parsing 1 dagfiles
05/08/17 12:12:34 Parsing ds_topic.dag ...
05/08/17 12:12:34 Dag contains 7 total jobs
05/08/17 12:12:34 Sleeping for 3 seconds to ensure ProcessId uniqueness
05/08/17 12:12:37 Bootstrapping...
05/08/17 12:12:37 Number of pre-completed nodes: 0
05/08/17 12:12:37 MultiLogFiles: truncating log file /esat/spchtemp/scratch/robbe/SpeechHub/tied_models_smallest/python/jobdag/./ds_topic.dag.nodes.log
05/08/17 12:12:37 DAG status: 0 (DAG_STATUS_OK)
05/08/17 12:12:37 Of 7 nodes total:
05/08/17 12:12:37  Done     Pre   Queued    Post   Ready   Un-Ready   Failed
05/08/17 12:12:37   ===     ===      ===     ===     ===        ===      ===
05/08/17 12:12:37     0       0        0       0       1          6        0
05/08/17 12:12:37 0 job proc(s) currently held
05/08/17 12:12:37 Registering condor_event_timer...
05/08/17 12:12:38 Submitting HTCondor Node topic_reg job(s)...
05/08/17 12:12:38 Adding a DAGMan workflow log /esat/spchtemp/scratch/robbe/SpeechHub/tied_models_smallest/python/jobdag/./ds_topic.dag.nodes.log
05/08/17 12:12:38 Masking the events recorded in the DAGMAN workflow log
05/08/17 12:12:38 Mask for workflow log is 0,1,2,4,5,7,9,10,11,12,13,16,17,24,27
05/08/17 12:12:38 submitting: /usr/bin/condor_submit -a dag_node_name' '=' 'topic_reg -a +DAGManJobId' '=' '1129 -a DAGManJobId' '=' '1129 -batch-name ds_topic.dag+1129 -a submit_event_notes' '=' 'DAG' 'Node:' 'topic_reg -a dagman_log' '=' '/esat/spchtemp/scratch/robbe/SpeechHub/tied_models_smallest/python/jobdag/./ds_topic.dag.nodes.log -a +DAGManNodesMask' '=' '"0,1,2,4,5,7,9,10,11,12,13,16,17,24,27" -a data_set' '=' 'ds -a test_name' '=' 'topic -a num_run' '=' '0 -a mode' '=' 'reg -a DAG_STATUS' '=' '0 -a FAILED_COUNT' '=' '0 -a +KeepClaimIdle' '=' '20 -a notification' '=' 'never -a +DAGParentNodeNames' '=' '"" jobdag/topic.job
05/08/17 12:12:38 From submit: Submitting job(s).
05/08/17 12:12:38 From submit: 1 job(s) submitted to cluster 1143.
05/08/17 12:12:38 	assigned HTCondor ID (1143.0.0)
05/08/17 12:12:38 Just submitted 1 job this cycle...
05/08/17 12:12:38 Currently monitoring 1 HTCondor log file(s)
05/08/17 12:12:38 Reassigning the id of job topic_reg from (1143.0.0) to (1143.0.0)
05/08/17 12:12:38 Event: ULOG_SUBMIT for HTCondor Node topic_reg (1143.0.0) {05/08/17 12:12:38}
05/08/17 12:12:38 Number of idle job procs: 1
05/08/17 12:12:38 DAG status: 0 (DAG_STATUS_OK)
05/08/17 12:12:38 Of 7 nodes total:
05/08/17 12:12:38  Done     Pre   Queued    Post   Ready   Un-Ready   Failed
05/08/17 12:12:38   ===     ===      ===     ===     ===        ===      ===
05/08/17 12:12:38     0       0        1       0       0          6        0
05/08/17 12:12:38 0 job proc(s) currently held
05/08/17 12:22:41 603 seconds since last log event
05/08/17 12:22:41 Pending DAG nodes:
05/08/17 12:22:41   Node topic_reg, HTCondor ID 1143, status STATUS_SUBMITTED
05/08/17 12:32:44 1206 seconds since last log event
05/08/17 12:32:44 Pending DAG nodes:
05/08/17 12:32:44   Node topic_reg, HTCondor ID 1143, status STATUS_SUBMITTED
05/08/17 12:42:46 1808 seconds since last log event
05/08/17 12:42:46 Pending DAG nodes:
05/08/17 12:42:46   Node topic_reg, HTCondor ID 1143, status STATUS_SUBMITTED
05/08/17 12:52:49 2411 seconds since last log event
05/08/17 12:52:49 Pending DAG nodes:
05/08/17 12:52:49   Node topic_reg, HTCondor ID 1143, status STATUS_SUBMITTED
05/08/17 13:02:52 3014 seconds since last log event
05/08/17 13:02:52 Pending DAG nodes:
05/08/17 13:02:52   Node topic_reg, HTCondor ID 1143, status STATUS_SUBMITTED
05/08/17 13:12:55 3617 seconds since last log event
05/08/17 13:12:55 Pending DAG nodes:
05/08/17 13:12:55   Node topic_reg, HTCondor ID 1143, status STATUS_SUBMITTED
05/08/17 13:22:58 4220 seconds since last log event
05/08/17 13:22:58 Pending DAG nodes:
05/08/17 13:22:58   Node topic_reg, HTCondor ID 1143, status STATUS_SUBMITTED
05/08/17 13:33:01 4823 seconds since last log event
05/08/17 13:33:01 Pending DAG nodes:
05/08/17 13:33:01   Node topic_reg, HTCondor ID 1143, status STATUS_SUBMITTED
05/08/17 13:43:04 5426 seconds since last log event
05/08/17 13:43:04 Pending DAG nodes:
05/08/17 13:43:04   Node topic_reg, HTCondor ID 1143, status STATUS_SUBMITTED
05/08/17 13:53:07 6029 seconds since last log event
05/08/17 13:53:07 Pending DAG nodes:
05/08/17 13:53:07   Node topic_reg, HTCondor ID 1143, status STATUS_SUBMITTED
05/08/17 14:03:10 6632 seconds since last log event
05/08/17 14:03:10 Pending DAG nodes:
05/08/17 14:03:10   Node topic_reg, HTCondor ID 1143, status STATUS_SUBMITTED
05/08/17 14:13:14 7236 seconds since last log event
05/08/17 14:13:14 Pending DAG nodes:
05/08/17 14:13:14   Node topic_reg, HTCondor ID 1143, status STATUS_SUBMITTED
05/08/17 14:23:15 7837 seconds since last log event
05/08/17 14:23:15 Pending DAG nodes:
05/08/17 14:23:15   Node topic_reg, HTCondor ID 1143, status STATUS_SUBMITTED
05/08/17 14:33:18 8440 seconds since last log event
05/08/17 14:33:18 Pending DAG nodes:
05/08/17 14:33:18   Node topic_reg, HTCondor ID 1143, status STATUS_SUBMITTED
05/08/17 14:43:21 9043 seconds since last log event
05/08/17 14:43:21 Pending DAG nodes:
05/08/17 14:43:21   Node topic_reg, HTCondor ID 1143, status STATUS_SUBMITTED
05/08/17 14:53:23 9645 seconds since last log event
05/08/17 14:53:23 Pending DAG nodes:
05/08/17 14:53:23   Node topic_reg, HTCondor ID 1143, status STATUS_SUBMITTED
05/08/17 15:03:26 10248 seconds since last log event
05/08/17 15:03:26 Pending DAG nodes:
05/08/17 15:03:26   Node topic_reg, HTCondor ID 1143, status STATUS_SUBMITTED
05/08/17 15:13:28 10850 seconds since last log event
05/08/17 15:13:28 Pending DAG nodes:
05/08/17 15:13:28   Node topic_reg, HTCondor ID 1143, status STATUS_SUBMITTED
05/08/17 15:23:30 11452 seconds since last log event
05/08/17 15:23:30 Pending DAG nodes:
05/08/17 15:23:30   Node topic_reg, HTCondor ID 1143, status STATUS_SUBMITTED
05/08/17 15:33:33 12055 seconds since last log event
05/08/17 15:33:33 Pending DAG nodes:
05/08/17 15:33:33   Node topic_reg, HTCondor ID 1143, status STATUS_SUBMITTED
05/08/17 15:43:35 12657 seconds since last log event
05/08/17 15:43:35 Pending DAG nodes:
05/08/17 15:43:35   Node topic_reg, HTCondor ID 1143, status STATUS_SUBMITTED
05/08/17 15:53:38 13260 seconds since last log event
05/08/17 15:53:38 Pending DAG nodes:
05/08/17 15:53:38   Node topic_reg, HTCondor ID 1143, status STATUS_SUBMITTED
05/08/17 16:03:40 13862 seconds since last log event
05/08/17 16:03:40 Pending DAG nodes:
05/08/17 16:03:40   Node topic_reg, HTCondor ID 1143, status STATUS_SUBMITTED
05/08/17 16:13:42 14464 seconds since last log event
05/08/17 16:13:42 Pending DAG nodes:
05/08/17 16:13:42   Node topic_reg, HTCondor ID 1143, status STATUS_SUBMITTED
05/08/17 16:23:44 15066 seconds since last log event
05/08/17 16:23:44 Pending DAG nodes:
05/08/17 16:23:44   Node topic_reg, HTCondor ID 1143, status STATUS_SUBMITTED
05/08/17 16:33:46 15668 seconds since last log event
05/08/17 16:33:46 Pending DAG nodes:
05/08/17 16:33:46   Node topic_reg, HTCondor ID 1143, status STATUS_SUBMITTED
05/08/17 16:43:49 16271 seconds since last log event
05/08/17 16:43:49 Pending DAG nodes:
05/08/17 16:43:49   Node topic_reg, HTCondor ID 1143, status STATUS_SUBMITTED
05/08/17 16:53:51 16873 seconds since last log event
05/08/17 16:53:51 Pending DAG nodes:
05/08/17 16:53:51   Node topic_reg, HTCondor ID 1143, status STATUS_SUBMITTED
05/08/17 17:03:53 17475 seconds since last log event
05/08/17 17:03:53 Pending DAG nodes:
05/08/17 17:03:53   Node topic_reg, HTCondor ID 1143, status STATUS_SUBMITTED
05/08/17 17:13:55 18077 seconds since last log event
05/08/17 17:13:55 Pending DAG nodes:
05/08/17 17:13:55   Node topic_reg, HTCondor ID 1143, status STATUS_SUBMITTED
05/08/17 17:23:58 18680 seconds since last log event
05/08/17 17:23:58 Pending DAG nodes:
05/08/17 17:23:58   Node topic_reg, HTCondor ID 1143, status STATUS_SUBMITTED
05/08/17 17:34:00 19282 seconds since last log event
05/08/17 17:34:00 Pending DAG nodes:
05/08/17 17:34:00   Node topic_reg, HTCondor ID 1143, status STATUS_SUBMITTED
05/08/17 17:44:03 19885 seconds since last log event
05/08/17 17:44:03 Pending DAG nodes:
05/08/17 17:44:03   Node topic_reg, HTCondor ID 1143, status STATUS_SUBMITTED
05/08/17 17:54:06 20488 seconds since last log event
05/08/17 17:54:06 Pending DAG nodes:
05/08/17 17:54:06   Node topic_reg, HTCondor ID 1143, status STATUS_SUBMITTED
05/08/17 18:04:08 21090 seconds since last log event
05/08/17 18:04:08 Pending DAG nodes:
05/08/17 18:04:08   Node topic_reg, HTCondor ID 1143, status STATUS_SUBMITTED
05/08/17 18:14:10 21692 seconds since last log event
05/08/17 18:14:10 Pending DAG nodes:
05/08/17 18:14:10   Node topic_reg, HTCondor ID 1143, status STATUS_SUBMITTED
05/08/17 18:24:11 22293 seconds since last log event
05/08/17 18:24:11 Pending DAG nodes:
05/08/17 18:24:11   Node topic_reg, HTCondor ID 1143, status STATUS_SUBMITTED
05/08/17 18:34:13 22895 seconds since last log event
05/08/17 18:34:13 Pending DAG nodes:
05/08/17 18:34:13   Node topic_reg, HTCondor ID 1143, status STATUS_SUBMITTED
05/08/17 18:44:16 23498 seconds since last log event
05/08/17 18:44:16 Pending DAG nodes:
05/08/17 18:44:16   Node topic_reg, HTCondor ID 1143, status STATUS_SUBMITTED
05/08/17 18:54:18 24100 seconds since last log event
05/08/17 18:54:18 Pending DAG nodes:
05/08/17 18:54:18   Node topic_reg, HTCondor ID 1143, status STATUS_SUBMITTED
05/08/17 18:59:03 Currently monitoring 1 HTCondor log file(s)
05/08/17 18:59:03 Event: ULOG_EXECUTE for HTCondor Node topic_reg (1143.0.0) {05/08/17 18:58:59}
05/08/17 18:59:03 Number of idle job procs: 0
05/08/17 19:09:05 602 seconds since last log event
05/08/17 19:09:05 Pending DAG nodes:
05/08/17 19:09:05   Node topic_reg, HTCondor ID 1143, status STATUS_SUBMITTED
05/08/17 19:19:08 1205 seconds since last log event
05/08/17 19:19:08 Pending DAG nodes:
05/08/17 19:19:08   Node topic_reg, HTCondor ID 1143, status STATUS_SUBMITTED
05/08/17 19:29:10 1807 seconds since last log event
05/08/17 19:29:10 Pending DAG nodes:
05/08/17 19:29:10   Node topic_reg, HTCondor ID 1143, status STATUS_SUBMITTED
05/08/17 19:39:12 2409 seconds since last log event
05/08/17 19:39:12 Pending DAG nodes:
05/08/17 19:39:12   Node topic_reg, HTCondor ID 1143, status STATUS_SUBMITTED
05/08/17 19:49:14 3011 seconds since last log event
05/08/17 19:49:14 Pending DAG nodes:
05/08/17 19:49:14   Node topic_reg, HTCondor ID 1143, status STATUS_SUBMITTED
05/08/17 19:59:17 3614 seconds since last log event
05/08/17 19:59:17 Pending DAG nodes:
05/08/17 19:59:17   Node topic_reg, HTCondor ID 1143, status STATUS_SUBMITTED
05/08/17 20:09:19 4216 seconds since last log event
05/08/17 20:09:19 Pending DAG nodes:
05/08/17 20:09:19   Node topic_reg, HTCondor ID 1143, status STATUS_SUBMITTED
05/08/17 20:19:21 4818 seconds since last log event
05/08/17 20:19:21 Pending DAG nodes:
05/08/17 20:19:21   Node topic_reg, HTCondor ID 1143, status STATUS_SUBMITTED
05/08/17 20:29:23 5420 seconds since last log event
05/08/17 20:29:23 Pending DAG nodes:
05/08/17 20:29:23   Node topic_reg, HTCondor ID 1143, status STATUS_SUBMITTED
05/08/17 20:39:24 6021 seconds since last log event
05/08/17 20:39:24 Pending DAG nodes:
05/08/17 20:39:24   Node topic_reg, HTCondor ID 1143, status STATUS_SUBMITTED
05/08/17 20:49:26 6623 seconds since last log event
05/08/17 20:49:26 Pending DAG nodes:
05/08/17 20:49:26   Node topic_reg, HTCondor ID 1143, status STATUS_SUBMITTED
05/08/17 20:59:28 7225 seconds since last log event
05/08/17 20:59:28 Pending DAG nodes:
05/08/17 20:59:28   Node topic_reg, HTCondor ID 1143, status STATUS_SUBMITTED
05/08/17 21:09:31 7828 seconds since last log event
05/08/17 21:09:31 Pending DAG nodes:
05/08/17 21:09:31   Node topic_reg, HTCondor ID 1143, status STATUS_SUBMITTED
05/08/17 21:19:32 8429 seconds since last log event
05/08/17 21:19:32 Pending DAG nodes:
05/08/17 21:19:32   Node topic_reg, HTCondor ID 1143, status STATUS_SUBMITTED
05/08/17 21:29:35 9032 seconds since last log event
05/08/17 21:29:35 Pending DAG nodes:
05/08/17 21:29:35   Node topic_reg, HTCondor ID 1143, status STATUS_SUBMITTED
05/08/17 21:39:37 9634 seconds since last log event
05/08/17 21:39:37 Pending DAG nodes:
05/08/17 21:39:37   Node topic_reg, HTCondor ID 1143, status STATUS_SUBMITTED
05/08/17 21:49:40 10237 seconds since last log event
05/08/17 21:49:40 Pending DAG nodes:
05/08/17 21:49:40   Node topic_reg, HTCondor ID 1143, status STATUS_SUBMITTED
05/08/17 21:59:42 10839 seconds since last log event
05/08/17 21:59:42 Pending DAG nodes:
05/08/17 21:59:42   Node topic_reg, HTCondor ID 1143, status STATUS_SUBMITTED
05/08/17 22:09:45 11442 seconds since last log event
05/08/17 22:09:45 Pending DAG nodes:
05/08/17 22:09:45   Node topic_reg, HTCondor ID 1143, status STATUS_SUBMITTED
05/08/17 22:19:47 12044 seconds since last log event
05/08/17 22:19:47 Pending DAG nodes:
05/08/17 22:19:47   Node topic_reg, HTCondor ID 1143, status STATUS_SUBMITTED
05/08/17 22:29:49 12646 seconds since last log event
05/08/17 22:29:49 Pending DAG nodes:
05/08/17 22:29:49   Node topic_reg, HTCondor ID 1143, status STATUS_SUBMITTED
05/08/17 22:39:51 13248 seconds since last log event
05/08/17 22:39:51 Pending DAG nodes:
05/08/17 22:39:51   Node topic_reg, HTCondor ID 1143, status STATUS_SUBMITTED
05/08/17 22:49:54 13851 seconds since last log event
05/08/17 22:49:54 Pending DAG nodes:
05/08/17 22:49:54   Node topic_reg, HTCondor ID 1143, status STATUS_SUBMITTED
05/08/17 22:59:55 14452 seconds since last log event
05/08/17 22:59:55 Pending DAG nodes:
05/08/17 22:59:55   Node topic_reg, HTCondor ID 1143, status STATUS_SUBMITTED
05/08/17 23:09:58 15055 seconds since last log event
05/08/17 23:09:58 Pending DAG nodes:
05/08/17 23:09:58   Node topic_reg, HTCondor ID 1143, status STATUS_SUBMITTED
05/08/17 23:19:59 15656 seconds since last log event
05/08/17 23:19:59 Pending DAG nodes:
05/08/17 23:19:59   Node topic_reg, HTCondor ID 1143, status STATUS_SUBMITTED
05/08/17 23:30:02 16259 seconds since last log event
05/08/17 23:30:02 Pending DAG nodes:
05/08/17 23:30:02   Node topic_reg, HTCondor ID 1143, status STATUS_SUBMITTED
05/08/17 23:40:04 16861 seconds since last log event
05/08/17 23:40:04 Pending DAG nodes:
05/08/17 23:40:04   Node topic_reg, HTCondor ID 1143, status STATUS_SUBMITTED
05/08/17 23:50:06 17463 seconds since last log event
05/08/17 23:50:06 Pending DAG nodes:
05/08/17 23:50:06   Node topic_reg, HTCondor ID 1143, status STATUS_SUBMITTED
05/09/17 00:00:09 18066 seconds since last log event
05/09/17 00:00:09 Pending DAG nodes:
05/09/17 00:00:09   Node topic_reg, HTCondor ID 1143, status STATUS_SUBMITTED
05/09/17 00:10:11 18668 seconds since last log event
05/09/17 00:10:11 Pending DAG nodes:
05/09/17 00:10:11   Node topic_reg, HTCondor ID 1143, status STATUS_SUBMITTED
05/09/17 00:20:14 19271 seconds since last log event
05/09/17 00:20:14 Pending DAG nodes:
05/09/17 00:20:14   Node topic_reg, HTCondor ID 1143, status STATUS_SUBMITTED
05/09/17 00:30:15 19872 seconds since last log event
05/09/17 00:30:15 Pending DAG nodes:
05/09/17 00:30:15   Node topic_reg, HTCondor ID 1143, status STATUS_SUBMITTED
05/09/17 00:40:18 20475 seconds since last log event
05/09/17 00:40:18 Pending DAG nodes:
05/09/17 00:40:18   Node topic_reg, HTCondor ID 1143, status STATUS_SUBMITTED
05/09/17 00:50:21 21078 seconds since last log event
05/09/17 00:50:21 Pending DAG nodes:
05/09/17 00:50:21   Node topic_reg, HTCondor ID 1143, status STATUS_SUBMITTED
05/09/17 01:00:23 21680 seconds since last log event
05/09/17 01:00:23 Pending DAG nodes:
05/09/17 01:00:23   Node topic_reg, HTCondor ID 1143, status STATUS_SUBMITTED
05/09/17 01:10:25 22282 seconds since last log event
05/09/17 01:10:25 Pending DAG nodes:
05/09/17 01:10:25   Node topic_reg, HTCondor ID 1143, status STATUS_SUBMITTED
05/09/17 01:20:28 22885 seconds since last log event
05/09/17 01:20:28 Pending DAG nodes:
05/09/17 01:20:28   Node topic_reg, HTCondor ID 1143, status STATUS_SUBMITTED
05/09/17 01:30:30 23487 seconds since last log event
05/09/17 01:30:30 Pending DAG nodes:
05/09/17 01:30:30   Node topic_reg, HTCondor ID 1143, status STATUS_SUBMITTED
05/09/17 01:40:33 24090 seconds since last log event
05/09/17 01:40:33 Pending DAG nodes:
05/09/17 01:40:33   Node topic_reg, HTCondor ID 1143, status STATUS_SUBMITTED
05/09/17 01:50:35 24692 seconds since last log event
05/09/17 01:50:35 Pending DAG nodes:
05/09/17 01:50:35   Node topic_reg, HTCondor ID 1143, status STATUS_SUBMITTED
05/09/17 02:00:37 25294 seconds since last log event
05/09/17 02:00:37 Pending DAG nodes:
05/09/17 02:00:37   Node topic_reg, HTCondor ID 1143, status STATUS_SUBMITTED
05/09/17 02:10:38 25895 seconds since last log event
05/09/17 02:10:38 Pending DAG nodes:
05/09/17 02:10:38   Node topic_reg, HTCondor ID 1143, status STATUS_SUBMITTED
05/09/17 02:20:41 26498 seconds since last log event
05/09/17 02:20:41 Pending DAG nodes:
05/09/17 02:20:41   Node topic_reg, HTCondor ID 1143, status STATUS_SUBMITTED
05/09/17 02:30:43 27100 seconds since last log event
05/09/17 02:30:43 Pending DAG nodes:
05/09/17 02:30:43   Node topic_reg, HTCondor ID 1143, status STATUS_SUBMITTED
05/09/17 02:40:44 27701 seconds since last log event
05/09/17 02:40:44 Pending DAG nodes:
05/09/17 02:40:44   Node topic_reg, HTCondor ID 1143, status STATUS_SUBMITTED
05/09/17 02:50:45 28302 seconds since last log event
05/09/17 02:50:45 Pending DAG nodes:
05/09/17 02:50:45   Node topic_reg, HTCondor ID 1143, status STATUS_SUBMITTED
05/09/17 03:00:47 28904 seconds since last log event
05/09/17 03:00:47 Pending DAG nodes:
05/09/17 03:00:47   Node topic_reg, HTCondor ID 1143, status STATUS_SUBMITTED
05/09/17 03:10:48 29505 seconds since last log event
05/09/17 03:10:48 Pending DAG nodes:
05/09/17 03:10:48   Node topic_reg, HTCondor ID 1143, status STATUS_SUBMITTED
05/09/17 03:20:50 30107 seconds since last log event
05/09/17 03:20:50 Pending DAG nodes:
05/09/17 03:20:50   Node topic_reg, HTCondor ID 1143, status STATUS_SUBMITTED
05/09/17 03:30:52 30709 seconds since last log event
05/09/17 03:30:52 Pending DAG nodes:
05/09/17 03:30:52   Node topic_reg, HTCondor ID 1143, status STATUS_SUBMITTED
05/09/17 03:40:54 31311 seconds since last log event
05/09/17 03:40:54 Pending DAG nodes:
05/09/17 03:40:54   Node topic_reg, HTCondor ID 1143, status STATUS_SUBMITTED
05/09/17 03:50:56 31913 seconds since last log event
05/09/17 03:50:56 Pending DAG nodes:
05/09/17 03:50:56   Node topic_reg, HTCondor ID 1143, status STATUS_SUBMITTED
05/09/17 04:00:58 32515 seconds since last log event
05/09/17 04:00:58 Pending DAG nodes:
05/09/17 04:00:58   Node topic_reg, HTCondor ID 1143, status STATUS_SUBMITTED
05/09/17 04:11:00 33117 seconds since last log event
05/09/17 04:11:00 Pending DAG nodes:
05/09/17 04:11:00   Node topic_reg, HTCondor ID 1143, status STATUS_SUBMITTED
05/09/17 04:21:02 33719 seconds since last log event
05/09/17 04:21:02 Pending DAG nodes:
05/09/17 04:21:02   Node topic_reg, HTCondor ID 1143, status STATUS_SUBMITTED
05/09/17 04:31:04 34321 seconds since last log event
05/09/17 04:31:04 Pending DAG nodes:
05/09/17 04:31:04   Node topic_reg, HTCondor ID 1143, status STATUS_SUBMITTED
05/09/17 04:41:06 34923 seconds since last log event
05/09/17 04:41:06 Pending DAG nodes:
05/09/17 04:41:06   Node topic_reg, HTCondor ID 1143, status STATUS_SUBMITTED
05/09/17 04:51:08 35525 seconds since last log event
05/09/17 04:51:08 Pending DAG nodes:
05/09/17 04:51:08   Node topic_reg, HTCondor ID 1143, status STATUS_SUBMITTED
05/09/17 05:01:10 36127 seconds since last log event
05/09/17 05:01:10 Pending DAG nodes:
05/09/17 05:01:10   Node topic_reg, HTCondor ID 1143, status STATUS_SUBMITTED
05/09/17 05:11:13 36730 seconds since last log event
05/09/17 05:11:13 Pending DAG nodes:
05/09/17 05:11:13   Node topic_reg, HTCondor ID 1143, status STATUS_SUBMITTED
05/09/17 05:21:14 37331 seconds since last log event
05/09/17 05:21:14 Pending DAG nodes:
05/09/17 05:21:14   Node topic_reg, HTCondor ID 1143, status STATUS_SUBMITTED
05/09/17 05:31:16 37933 seconds since last log event
05/09/17 05:31:16 Pending DAG nodes:
05/09/17 05:31:16   Node topic_reg, HTCondor ID 1143, status STATUS_SUBMITTED
05/09/17 05:41:18 38535 seconds since last log event
05/09/17 05:41:18 Pending DAG nodes:
05/09/17 05:41:18   Node topic_reg, HTCondor ID 1143, status STATUS_SUBMITTED
05/09/17 05:51:19 39136 seconds since last log event
05/09/17 05:51:19 Pending DAG nodes:
05/09/17 05:51:19   Node topic_reg, HTCondor ID 1143, status STATUS_SUBMITTED
05/09/17 06:01:21 39738 seconds since last log event
05/09/17 06:01:21 Pending DAG nodes:
05/09/17 06:01:21   Node topic_reg, HTCondor ID 1143, status STATUS_SUBMITTED
05/09/17 06:11:22 40339 seconds since last log event
05/09/17 06:11:22 Pending DAG nodes:
05/09/17 06:11:22   Node topic_reg, HTCondor ID 1143, status STATUS_SUBMITTED
05/09/17 06:21:24 40941 seconds since last log event
05/09/17 06:21:24 Pending DAG nodes:
05/09/17 06:21:24   Node topic_reg, HTCondor ID 1143, status STATUS_SUBMITTED
05/09/17 06:31:25 41542 seconds since last log event
05/09/17 06:31:25 Pending DAG nodes:
05/09/17 06:31:25   Node topic_reg, HTCondor ID 1143, status STATUS_SUBMITTED
05/09/17 06:41:27 42144 seconds since last log event
05/09/17 06:41:27 Pending DAG nodes:
05/09/17 06:41:27   Node topic_reg, HTCondor ID 1143, status STATUS_SUBMITTED
05/09/17 06:51:28 42745 seconds since last log event
05/09/17 06:51:28 Pending DAG nodes:
05/09/17 06:51:28   Node topic_reg, HTCondor ID 1143, status STATUS_SUBMITTED
05/09/17 07:01:29 43346 seconds since last log event
05/09/17 07:01:29 Pending DAG nodes:
05/09/17 07:01:29   Node topic_reg, HTCondor ID 1143, status STATUS_SUBMITTED
05/09/17 07:11:31 43948 seconds since last log event
05/09/17 07:11:31 Pending DAG nodes:
05/09/17 07:11:31   Node topic_reg, HTCondor ID 1143, status STATUS_SUBMITTED
05/09/17 07:21:33 44550 seconds since last log event
05/09/17 07:21:33 Pending DAG nodes:
05/09/17 07:21:33   Node topic_reg, HTCondor ID 1143, status STATUS_SUBMITTED
05/09/17 07:31:34 45151 seconds since last log event
05/09/17 07:31:34 Pending DAG nodes:
05/09/17 07:31:34   Node topic_reg, HTCondor ID 1143, status STATUS_SUBMITTED
05/09/17 07:41:36 45753 seconds since last log event
05/09/17 07:41:36 Pending DAG nodes:
05/09/17 07:41:36   Node topic_reg, HTCondor ID 1143, status STATUS_SUBMITTED
05/09/17 07:51:36 46353 seconds since last log event
05/09/17 07:51:36 Pending DAG nodes:
05/09/17 07:51:36   Node topic_reg, HTCondor ID 1143, status STATUS_SUBMITTED
05/09/17 08:01:38 46955 seconds since last log event
05/09/17 08:01:38 Pending DAG nodes:
05/09/17 08:01:38   Node topic_reg, HTCondor ID 1143, status STATUS_SUBMITTED
05/09/17 08:11:40 47557 seconds since last log event
05/09/17 08:11:40 Pending DAG nodes:
05/09/17 08:11:40   Node topic_reg, HTCondor ID 1143, status STATUS_SUBMITTED
05/09/17 08:21:41 48158 seconds since last log event
05/09/17 08:21:41 Pending DAG nodes:
05/09/17 08:21:41   Node topic_reg, HTCondor ID 1143, status STATUS_SUBMITTED
05/09/17 08:31:43 48760 seconds since last log event
05/09/17 08:31:43 Pending DAG nodes:
05/09/17 08:31:43   Node topic_reg, HTCondor ID 1143, status STATUS_SUBMITTED
05/09/17 08:41:45 49362 seconds since last log event
05/09/17 08:41:45 Pending DAG nodes:
05/09/17 08:41:45   Node topic_reg, HTCondor ID 1143, status STATUS_SUBMITTED
05/09/17 08:51:47 49964 seconds since last log event
05/09/17 08:51:47 Pending DAG nodes:
05/09/17 08:51:47   Node topic_reg, HTCondor ID 1143, status STATUS_SUBMITTED
05/09/17 09:01:49 50566 seconds since last log event
05/09/17 09:01:49 Pending DAG nodes:
05/09/17 09:01:49   Node topic_reg, HTCondor ID 1143, status STATUS_SUBMITTED
05/09/17 09:11:51 51168 seconds since last log event
05/09/17 09:11:51 Pending DAG nodes:
05/09/17 09:11:51   Node topic_reg, HTCondor ID 1143, status STATUS_SUBMITTED
05/09/17 09:21:54 51771 seconds since last log event
05/09/17 09:21:54 Pending DAG nodes:
05/09/17 09:21:54   Node topic_reg, HTCondor ID 1143, status STATUS_SUBMITTED
05/09/17 09:31:56 52373 seconds since last log event
05/09/17 09:31:56 Pending DAG nodes:
05/09/17 09:31:56   Node topic_reg, HTCondor ID 1143, status STATUS_SUBMITTED
05/09/17 09:41:58 52975 seconds since last log event
05/09/17 09:41:58 Pending DAG nodes:
05/09/17 09:41:58   Node topic_reg, HTCondor ID 1143, status STATUS_SUBMITTED
05/09/17 09:52:00 53577 seconds since last log event
05/09/17 09:52:00 Pending DAG nodes:
05/09/17 09:52:00   Node topic_reg, HTCondor ID 1143, status STATUS_SUBMITTED
05/09/17 10:02:01 54178 seconds since last log event
05/09/17 10:02:01 Pending DAG nodes:
05/09/17 10:02:01   Node topic_reg, HTCondor ID 1143, status STATUS_SUBMITTED
05/09/17 10:12:04 54781 seconds since last log event
05/09/17 10:12:04 Pending DAG nodes:
05/09/17 10:12:04   Node topic_reg, HTCondor ID 1143, status STATUS_SUBMITTED
05/09/17 10:22:06 55383 seconds since last log event
05/09/17 10:22:06 Pending DAG nodes:
05/09/17 10:22:06   Node topic_reg, HTCondor ID 1143, status STATUS_SUBMITTED
05/09/17 10:32:08 55985 seconds since last log event
05/09/17 10:32:08 Pending DAG nodes:
05/09/17 10:32:08   Node topic_reg, HTCondor ID 1143, status STATUS_SUBMITTED
05/09/17 10:42:10 56587 seconds since last log event
05/09/17 10:42:10 Pending DAG nodes:
05/09/17 10:42:10   Node topic_reg, HTCondor ID 1143, status STATUS_SUBMITTED
05/09/17 10:52:13 57190 seconds since last log event
05/09/17 10:52:13 Pending DAG nodes:
05/09/17 10:52:13   Node topic_reg, HTCondor ID 1143, status STATUS_SUBMITTED
05/09/17 11:02:16 57793 seconds since last log event
05/09/17 11:02:16 Pending DAG nodes:
05/09/17 11:02:16   Node topic_reg, HTCondor ID 1143, status STATUS_SUBMITTED
05/09/17 11:12:17 58394 seconds since last log event
05/09/17 11:12:17 Pending DAG nodes:
05/09/17 11:12:17   Node topic_reg, HTCondor ID 1143, status STATUS_SUBMITTED
05/09/17 11:22:20 58997 seconds since last log event
05/09/17 11:22:20 Pending DAG nodes:
05/09/17 11:22:20   Node topic_reg, HTCondor ID 1143, status STATUS_SUBMITTED
05/09/17 11:32:23 59600 seconds since last log event
05/09/17 11:32:23 Pending DAG nodes:
05/09/17 11:32:23   Node topic_reg, HTCondor ID 1143, status STATUS_SUBMITTED
05/09/17 11:42:26 60203 seconds since last log event
05/09/17 11:42:26 Pending DAG nodes:
05/09/17 11:42:26   Node topic_reg, HTCondor ID 1143, status STATUS_SUBMITTED
05/09/17 11:52:28 60805 seconds since last log event
05/09/17 11:52:28 Pending DAG nodes:
05/09/17 11:52:28   Node topic_reg, HTCondor ID 1143, status STATUS_SUBMITTED
05/09/17 12:02:31 61408 seconds since last log event
05/09/17 12:02:31 Pending DAG nodes:
05/09/17 12:02:31   Node topic_reg, HTCondor ID 1143, status STATUS_SUBMITTED
05/09/17 12:12:33 62010 seconds since last log event
05/09/17 12:12:33 Pending DAG nodes:
05/09/17 12:12:33   Node topic_reg, HTCondor ID 1143, status STATUS_SUBMITTED
05/09/17 12:18:50 Currently monitoring 1 HTCondor log file(s)
05/09/17 12:18:50 Event: ULOG_JOB_TERMINATED for HTCondor Node topic_reg (1143.0.0) {05/09/17 12:18:50}
05/09/17 12:18:50 Number of idle job procs: 0
05/09/17 12:18:50 Node topic_reg job proc (1143.0.0) completed successfully.
05/09/17 12:18:50 Node topic_reg job completed
05/09/17 12:18:50 DAG status: 0 (DAG_STATUS_OK)
05/09/17 12:18:50 Of 7 nodes total:
05/09/17 12:18:50  Done     Pre   Queued    Post   Ready   Un-Ready   Failed
05/09/17 12:18:50   ===     ===      ===     ===     ===        ===      ===
05/09/17 12:18:50     1       0        0       0       1          5        0
05/09/17 12:18:50 0 job proc(s) currently held
05/09/17 12:18:55 Submitting HTCondor Node topic_lda job(s)...
05/09/17 12:18:55 Adding a DAGMan workflow log /esat/spchtemp/scratch/robbe/SpeechHub/tied_models_smallest/python/jobdag/./ds_topic.dag.nodes.log
05/09/17 12:18:55 Masking the events recorded in the DAGMAN workflow log
05/09/17 12:18:55 Mask for workflow log is 0,1,2,4,5,7,9,10,11,12,13,16,17,24,27
05/09/17 12:18:55 submitting: /usr/bin/condor_submit -a dag_node_name' '=' 'topic_lda -a +DAGManJobId' '=' '1129 -a DAGManJobId' '=' '1129 -batch-name ds_topic.dag+1129 -a submit_event_notes' '=' 'DAG' 'Node:' 'topic_lda -a dagman_log' '=' '/esat/spchtemp/scratch/robbe/SpeechHub/tied_models_smallest/python/jobdag/./ds_topic.dag.nodes.log -a +DAGManNodesMask' '=' '"0,1,2,4,5,7,9,10,11,12,13,16,17,24,27" -a data_set' '=' 'ds -a test_name' '=' 'topic -a num_run' '=' '0 -a mode' '=' 'lda -a DAG_STATUS' '=' '0 -a FAILED_COUNT' '=' '0 -a +KeepClaimIdle' '=' '20 -a notification' '=' 'never -a +DAGParentNodeNames' '=' '"topic_reg" jobdag/topic.job
05/09/17 12:18:55 From submit: Submitting job(s).
05/09/17 12:18:55 From submit: 1 job(s) submitted to cluster 1169.
05/09/17 12:18:55 	assigned HTCondor ID (1169.0.0)
05/09/17 12:18:55 Just submitted 1 job this cycle...
05/09/17 12:18:55 Currently monitoring 1 HTCondor log file(s)
05/09/17 12:18:55 Reassigning the id of job topic_lda from (1169.0.0) to (1169.0.0)
05/09/17 12:18:55 Event: ULOG_SUBMIT for HTCondor Node topic_lda (1169.0.0) {05/09/17 12:18:55}
05/09/17 12:18:55 Number of idle job procs: 1
05/09/17 12:18:55 DAG status: 0 (DAG_STATUS_OK)
05/09/17 12:18:55 Of 7 nodes total:
05/09/17 12:18:55  Done     Pre   Queued    Post   Ready   Un-Ready   Failed
05/09/17 12:18:55   ===     ===      ===     ===     ===        ===      ===
05/09/17 12:18:55     1       0        1       0       0          5        0
05/09/17 12:18:55 0 job proc(s) currently held
05/09/17 12:28:58 603 seconds since last log event
05/09/17 12:28:58 Pending DAG nodes:
05/09/17 12:28:58   Node topic_lda, HTCondor ID 1169, status STATUS_SUBMITTED
05/09/17 12:39:00 1205 seconds since last log event
05/09/17 12:39:00 Pending DAG nodes:
05/09/17 12:39:00   Node topic_lda, HTCondor ID 1169, status STATUS_SUBMITTED
05/09/17 12:49:03 1808 seconds since last log event
05/09/17 12:49:03 Pending DAG nodes:
05/09/17 12:49:03   Node topic_lda, HTCondor ID 1169, status STATUS_SUBMITTED
05/09/17 12:59:05 2410 seconds since last log event
05/09/17 12:59:05 Pending DAG nodes:
05/09/17 12:59:05   Node topic_lda, HTCondor ID 1169, status STATUS_SUBMITTED
05/09/17 13:09:08 3013 seconds since last log event
05/09/17 13:09:08 Pending DAG nodes:
05/09/17 13:09:08   Node topic_lda, HTCondor ID 1169, status STATUS_SUBMITTED
05/09/17 13:19:10 3615 seconds since last log event
05/09/17 13:19:10 Pending DAG nodes:
05/09/17 13:19:10   Node topic_lda, HTCondor ID 1169, status STATUS_SUBMITTED
05/09/17 13:29:13 4218 seconds since last log event
05/09/17 13:29:13 Pending DAG nodes:
05/09/17 13:29:13   Node topic_lda, HTCondor ID 1169, status STATUS_SUBMITTED
05/09/17 13:39:16 4821 seconds since last log event
05/09/17 13:39:16 Pending DAG nodes:
05/09/17 13:39:16   Node topic_lda, HTCondor ID 1169, status STATUS_SUBMITTED
05/09/17 13:49:19 5424 seconds since last log event
05/09/17 13:49:19 Pending DAG nodes:
05/09/17 13:49:19   Node topic_lda, HTCondor ID 1169, status STATUS_SUBMITTED
05/09/17 13:59:22 6027 seconds since last log event
05/09/17 13:59:22 Pending DAG nodes:
05/09/17 13:59:22   Node topic_lda, HTCondor ID 1169, status STATUS_SUBMITTED
05/09/17 14:09:24 6629 seconds since last log event
05/09/17 14:09:24 Pending DAG nodes:
05/09/17 14:09:24   Node topic_lda, HTCondor ID 1169, status STATUS_SUBMITTED
05/09/17 14:19:27 7232 seconds since last log event
05/09/17 14:19:27 Pending DAG nodes:
05/09/17 14:19:27   Node topic_lda, HTCondor ID 1169, status STATUS_SUBMITTED
05/09/17 14:29:31 7836 seconds since last log event
05/09/17 14:29:31 Pending DAG nodes:
05/09/17 14:29:31   Node topic_lda, HTCondor ID 1169, status STATUS_SUBMITTED
05/09/17 14:39:35 8440 seconds since last log event
05/09/17 14:39:36 Pending DAG nodes:
05/09/17 14:39:36   Node topic_lda, HTCondor ID 1169, status STATUS_SUBMITTED
05/09/17 14:49:35 9040 seconds since last log event
05/09/17 14:49:35 Pending DAG nodes:
05/09/17 14:49:35   Node topic_lda, HTCondor ID 1169, status STATUS_SUBMITTED
05/09/17 14:59:38 9643 seconds since last log event
05/09/17 14:59:38 Pending DAG nodes:
05/09/17 14:59:38   Node topic_lda, HTCondor ID 1169, status STATUS_SUBMITTED
05/09/17 15:09:41 10246 seconds since last log event
05/09/17 15:09:41 Pending DAG nodes:
05/09/17 15:09:41   Node topic_lda, HTCondor ID 1169, status STATUS_SUBMITTED
05/09/17 15:19:43 10848 seconds since last log event
05/09/17 15:19:43 Pending DAG nodes:
05/09/17 15:19:43   Node topic_lda, HTCondor ID 1169, status STATUS_SUBMITTED
05/09/17 15:29:46 11451 seconds since last log event
05/09/17 15:29:46 Pending DAG nodes:
05/09/17 15:29:46   Node topic_lda, HTCondor ID 1169, status STATUS_SUBMITTED
05/09/17 15:39:48 12053 seconds since last log event
05/09/17 15:39:48 Pending DAG nodes:
05/09/17 15:39:48   Node topic_lda, HTCondor ID 1169, status STATUS_SUBMITTED
05/09/17 15:49:51 12656 seconds since last log event
05/09/17 15:49:51 Pending DAG nodes:
05/09/17 15:49:51   Node topic_lda, HTCondor ID 1169, status STATUS_SUBMITTED
05/09/17 15:59:53 13258 seconds since last log event
05/09/17 15:59:53 Pending DAG nodes:
05/09/17 15:59:53   Node topic_lda, HTCondor ID 1169, status STATUS_SUBMITTED
05/09/17 16:09:55 13860 seconds since last log event
05/09/17 16:09:55 Pending DAG nodes:
05/09/17 16:09:55   Node topic_lda, HTCondor ID 1169, status STATUS_SUBMITTED
05/09/17 16:19:59 14464 seconds since last log event
05/09/17 16:19:59 Pending DAG nodes:
05/09/17 16:19:59   Node topic_lda, HTCondor ID 1169, status STATUS_SUBMITTED
05/09/17 16:30:02 15067 seconds since last log event
05/09/17 16:30:02 Pending DAG nodes:
05/09/17 16:30:02   Node topic_lda, HTCondor ID 1169, status STATUS_SUBMITTED
05/09/17 16:40:02 15667 seconds since last log event
05/09/17 16:40:02 Pending DAG nodes:
05/09/17 16:40:02   Node topic_lda, HTCondor ID 1169, status STATUS_SUBMITTED
05/09/17 16:50:05 16270 seconds since last log event
05/09/17 16:50:05 Pending DAG nodes:
05/09/17 16:50:05   Node topic_lda, HTCondor ID 1169, status STATUS_SUBMITTED
05/09/17 17:00:06 16871 seconds since last log event
05/09/17 17:00:06 Pending DAG nodes:
05/09/17 17:00:06   Node topic_lda, HTCondor ID 1169, status STATUS_SUBMITTED
05/09/17 17:10:09 17474 seconds since last log event
05/09/17 17:10:09 Pending DAG nodes:
05/09/17 17:10:09   Node topic_lda, HTCondor ID 1169, status STATUS_SUBMITTED
05/09/17 17:20:12 18077 seconds since last log event
05/09/17 17:20:12 Pending DAG nodes:
05/09/17 17:20:12   Node topic_lda, HTCondor ID 1169, status STATUS_SUBMITTED
05/09/17 17:30:14 18679 seconds since last log event
05/09/17 17:30:14 Pending DAG nodes:
05/09/17 17:30:14   Node topic_lda, HTCondor ID 1169, status STATUS_SUBMITTED
05/09/17 17:40:17 19282 seconds since last log event
05/09/17 17:40:17 Pending DAG nodes:
05/09/17 17:40:17   Node topic_lda, HTCondor ID 1169, status STATUS_SUBMITTED
05/09/17 17:50:19 19884 seconds since last log event
05/09/17 17:50:20 Pending DAG nodes:
05/09/17 17:50:20   Node topic_lda, HTCondor ID 1169, status STATUS_SUBMITTED
