I tensorflow/stream_executor/dso_loader.cc:128] successfully opened CUDA library libcublas.so locally
I tensorflow/stream_executor/dso_loader.cc:128] successfully opened CUDA library libcudnn.so locally
I tensorflow/stream_executor/dso_loader.cc:128] successfully opened CUDA library libcufft.so locally
I tensorflow/stream_executor/dso_loader.cc:128] successfully opened CUDA library libcuda.so.1 locally
I tensorflow/stream_executor/dso_loader.cc:128] successfully opened CUDA library libcurand.so locally
/users/start2014/r0364650/.local/lib/python2.7/site-packages/gensim/utils.py:1015: UserWarning: Pattern library is not installed, lemmatization won't be available.
  warnings.warn("Pattern library is not installed, lemmatization won't be available.")
/users/start2014/r0364650/.local/lib/python2.7/site-packages/tensorflow/python/ops/gradients_impl.py:91: UserWarning: Converting sparse IndexedSlices to a dense Tensor of unknown shape. This may consume a large amount of memory.
  "Converting sparse IndexedSlices to a dense Tensor of unknown shape. "
I tensorflow/stream_executor/cuda/cuda_gpu_executor.cc:937] successful NUMA node read from SysFS had negative value (-1), but there must be at least one NUMA node, so returning NUMA node zero
I tensorflow/core/common_runtime/gpu/gpu_device.cc:885] Found device 0 with properties: 
name: GeForce GTX 980 Ti
major: 5 minor: 2 memoryClockRate (GHz) 1.19
pciBusID 0000:02:00.0
Total memory: 5.94GiB
Free memory: 5.83GiB
I tensorflow/core/common_runtime/gpu/gpu_device.cc:906] DMA: 0 
I tensorflow/core/common_runtime/gpu/gpu_device.cc:916] 0:   Y 
I tensorflow/core/common_runtime/gpu/gpu_device.cc:975] Creating TensorFlow device (/gpu:0) -> (device: 0, name: GeForce GTX 980 Ti, pci bus id: 0000:02:00.0)
I tensorflow/core/common_runtime/gpu/pool_allocator.cc:247] PoolAllocator: After 9516 get requests, put_count=9360 evicted_count=1000 eviction_rate=0.106838 and unsatisfied allocation rate=0.131988
I tensorflow/core/common_runtime/gpu/pool_allocator.cc:259] Raising pool_size_limit_ from 100 to 110
I tensorflow/core/common_runtime/gpu/pool_allocator.cc:247] PoolAllocator: After 16878 get requests, put_count=16965 evicted_count=1000 eviction_rate=0.0589449 and unsatisfied allocation rate=0.0554568
I tensorflow/core/common_runtime/gpu/pool_allocator.cc:259] Raising pool_size_limit_ from 256 to 281
I tensorflow/core/common_runtime/gpu/pool_allocator.cc:247] PoolAllocator: After 7603200 get requests, put_count=7603203 evicted_count=6000 eviction_rate=0.000789141 and unsatisfied allocation rate=0.000793613
I tensorflow/core/common_runtime/gpu/pool_allocator.cc:247] PoolAllocator: After 20215200 get requests, put_count=20215202 evicted_count=16000 eviction_rate=0.000791484 and unsatisfied allocation rate=0.000793215
I tensorflow/core/common_runtime/gpu/pool_allocator.cc:247] PoolAllocator: After 32808000 get requests, put_count=32808002 evicted_count=26000 eviction_rate=0.00079249 and unsatisfied allocation rate=0.000793556
I tensorflow/core/common_runtime/gpu/pool_allocator.cc:247] PoolAllocator: After 45391200 get requests, put_count=45391202 evicted_count=36000 eviction_rate=0.000793105 and unsatisfied allocation rate=0.000793876
I tensorflow/core/common_runtime/gpu/pool_allocator.cc:247] PoolAllocator: After 57969600 get requests, put_count=57969603 evicted_count=46000 eviction_rate=0.000793519 and unsatisfied allocation rate=0.000794106
I tensorflow/core/common_runtime/gpu/pool_allocator.cc:247] PoolAllocator: After 70536000 get requests, put_count=70536002 evicted_count=56000 eviction_rate=0.000793921 and unsatisfied allocation rate=0.000794417
I tensorflow/core/common_runtime/gpu/pool_allocator.cc:247] PoolAllocator: After 82941600 get requests, put_count=82941602 evicted_count=66000 eviction_rate=0.000795741 and unsatisfied allocation rate=0.000796163
I tensorflow/core/common_runtime/gpu/pool_allocator.cc:247] PoolAllocator: After 95234400 get requests, put_count=95234402 evicted_count=76000 eviction_rate=0.000798031 and unsatisfied allocation rate=0.000798398
I tensorflow/core/common_runtime/gpu/pool_allocator.cc:247] PoolAllocator: After 107496000 get requests, put_count=107496003 evicted_count=86000 eviction_rate=0.00080003 and unsatisfied allocation rate=0.000800346
I tensorflow/core/common_runtime/gpu/pool_allocator.cc:247] PoolAllocator: After 119772000 get requests, put_count=119772003 evicted_count=96000 eviction_rate=0.000801523 and unsatisfied allocation rate=0.000801807
I tensorflow/core/common_runtime/gpu/pool_allocator.cc:247] PoolAllocator: After 132031200 get requests, put_count=132031202 evicted_count=106000 eviction_rate=0.000802841 and unsatisfied allocation rate=0.000803106
I tensorflow/core/common_runtime/gpu/pool_allocator.cc:247] PoolAllocator: After 144225600 get requests, put_count=144225603 evicted_count=116000 eviction_rate=0.000804295 and unsatisfied allocation rate=0.000804531
