04/12/17 15:16:21 ******************************************************
04/12/17 15:16:21 ** condor_scheduniv_exec.152.0 (CONDOR_DAGMAN) STARTING UP
04/12/17 15:16:21 ** /usr/bin/condor_dagman
04/12/17 15:16:21 ** SubsystemInfo: name=DAGMAN type=DAGMAN(10) class=DAEMON(1)
04/12/17 15:16:21 ** Configuration: subsystem:DAGMAN local:<NONE> class:DAEMON
04/12/17 15:16:21 ** $CondorVersion: 8.6.1 Mar 01 2017 BuildID: 398585 $
04/12/17 15:16:21 ** $CondorPlatform: x86_64_RedHat7 $
04/12/17 15:16:21 ** PID = 18625
04/12/17 15:16:21 ** Log last touched time unavailable (No such file or directory)
04/12/17 15:16:21 ******************************************************
04/12/17 15:16:21 Using config source: /etc/condor/condor_config
04/12/17 15:16:21 Using local config sources: 
04/12/17 15:16:21    /etc/condor/config.d/00esat.config
04/12/17 15:16:21    /etc/condor/config.d/01java.config
04/12/17 15:16:21    /etc/condor/config.d/80optout_users.config
04/12/17 15:16:21    /etc/condor/condor_config.local
04/12/17 15:16:21 config Macros = 174, Sorted = 174, StringBytes = 6665, TablesBytes = 6336
04/12/17 15:16:21 CLASSAD_CACHING is ENABLED
04/12/17 15:16:21 Daemon Log is logging: D_ALWAYS D_ERROR
04/12/17 15:16:21 DaemonCore: No command port requested.
04/12/17 15:16:21 DAGMAN_USE_STRICT setting: 1
04/12/17 15:16:21 DAGMAN_VERBOSITY setting: 3
04/12/17 15:16:21 DAGMAN_DEBUG_CACHE_SIZE setting: 5242880
04/12/17 15:16:21 DAGMAN_DEBUG_CACHE_ENABLE setting: False
04/12/17 15:16:21 DAGMAN_SUBMIT_DELAY setting: 0
04/12/17 15:16:21 DAGMAN_MAX_SUBMIT_ATTEMPTS setting: 6
04/12/17 15:16:21 DAGMAN_STARTUP_CYCLE_DETECT setting: False
04/12/17 15:16:21 DAGMAN_MAX_SUBMITS_PER_INTERVAL setting: 5
04/12/17 15:16:21 DAGMAN_USER_LOG_SCAN_INTERVAL setting: 5
04/12/17 15:16:21 DAGMAN_DEFAULT_PRIORITY setting: 0
04/12/17 15:16:21 DAGMAN_SUPPRESS_NOTIFICATION setting: True
04/12/17 15:16:21 allow_events (DAGMAN_ALLOW_EVENTS) setting: 114
04/12/17 15:16:21 DAGMAN_RETRY_SUBMIT_FIRST setting: True
04/12/17 15:16:21 DAGMAN_RETRY_NODE_FIRST setting: False
04/12/17 15:16:21 DAGMAN_MAX_JOBS_IDLE setting: 1000
04/12/17 15:16:21 DAGMAN_MAX_JOBS_SUBMITTED setting: 0
04/12/17 15:16:21 DAGMAN_MAX_PRE_SCRIPTS setting: 20
04/12/17 15:16:21 DAGMAN_MAX_POST_SCRIPTS setting: 20
04/12/17 15:16:21 DAGMAN_MUNGE_NODE_NAMES setting: True
04/12/17 15:16:21 DAGMAN_PROHIBIT_MULTI_JOBS setting: False
04/12/17 15:16:21 DAGMAN_SUBMIT_DEPTH_FIRST setting: False
04/12/17 15:16:21 DAGMAN_ALWAYS_RUN_POST setting: False
04/12/17 15:16:21 DAGMAN_ABORT_DUPLICATES setting: True
04/12/17 15:16:21 DAGMAN_ABORT_ON_SCARY_SUBMIT setting: True
04/12/17 15:16:21 DAGMAN_PENDING_REPORT_INTERVAL setting: 600
04/12/17 15:16:21 DAGMAN_AUTO_RESCUE setting: True
04/12/17 15:16:21 DAGMAN_MAX_RESCUE_NUM setting: 100
04/12/17 15:16:21 DAGMAN_WRITE_PARTIAL_RESCUE setting: True
04/12/17 15:16:21 DAGMAN_DEFAULT_NODE_LOG setting: @(DAG_DIR)/@(DAG_FILE).nodes.log
04/12/17 15:16:21 DAGMAN_GENERATE_SUBDAG_SUBMITS setting: True
04/12/17 15:16:21 DAGMAN_MAX_JOB_HOLDS setting: 100
04/12/17 15:16:21 DAGMAN_HOLD_CLAIM_TIME setting: 20
04/12/17 15:16:21 ALL_DEBUG setting: 
04/12/17 15:16:21 DAGMAN_DEBUG setting: 
04/12/17 15:16:21 DAGMAN_SUPPRESS_JOB_LOGS setting: False
04/12/17 15:16:21 DAGMAN_REMOVE_NODE_JOBS setting: True
04/12/17 15:16:21 argv[0] == "condor_scheduniv_exec.152.0"
04/12/17 15:16:21 argv[1] == "-Lockfile"
04/12/17 15:16:21 argv[2] == "ds_cbow_tfidf_soft.dag.lock"
04/12/17 15:16:21 argv[3] == "-AutoRescue"
04/12/17 15:16:21 argv[4] == "1"
04/12/17 15:16:21 argv[5] == "-DoRescueFrom"
04/12/17 15:16:21 argv[6] == "0"
04/12/17 15:16:21 argv[7] == "-Dag"
04/12/17 15:16:21 argv[8] == "ds_cbow_tfidf_soft.dag"
04/12/17 15:16:21 argv[9] == "-Suppress_notification"
04/12/17 15:16:21 argv[10] == "-CsdVersion"
04/12/17 15:16:21 argv[11] == "$CondorVersion: 8.6.1 Mar 01 2017 BuildID: 398585 $"
04/12/17 15:16:21 argv[12] == "-Dagman"
04/12/17 15:16:21 argv[13] == "/usr/bin/condor_dagman"
04/12/17 15:16:21 Workflow batch-name: <ds_cbow_tfidf_soft.dag+152>
04/12/17 15:16:21 Workflow accounting_group: <>
04/12/17 15:16:21 Workflow accounting_group_user: <>
04/12/17 15:16:21 Warning: failed to get attribute DAGNodeName
04/12/17 15:16:21 DAGMAN_LOG_ON_NFS_IS_ERROR setting: False
04/12/17 15:16:21 Default node log file is: </esat/spchtemp/scratch/robbe/SpeechHub/pretrained_untied_models/python/jobdag/./ds_cbow_tfidf_soft.dag.nodes.log>
04/12/17 15:16:21 DAG Lockfile will be written to ds_cbow_tfidf_soft.dag.lock
04/12/17 15:16:21 DAG Input file is ds_cbow_tfidf_soft.dag
04/12/17 15:16:21 Parsing 1 dagfiles
04/12/17 15:16:21 Parsing ds_cbow_tfidf_soft.dag ...
04/12/17 15:16:21 Dag contains 2 total jobs
04/12/17 15:16:21 Sleeping for 3 seconds to ensure ProcessId uniqueness
04/12/17 15:16:24 Bootstrapping...
04/12/17 15:16:24 Number of pre-completed nodes: 0
04/12/17 15:16:24 MultiLogFiles: truncating log file /esat/spchtemp/scratch/robbe/SpeechHub/pretrained_untied_models/python/jobdag/./ds_cbow_tfidf_soft.dag.nodes.log
04/12/17 15:16:24 DAG status: 0 (DAG_STATUS_OK)
04/12/17 15:16:24 Of 2 nodes total:
04/12/17 15:16:24  Done     Pre   Queued    Post   Ready   Un-Ready   Failed
04/12/17 15:16:24   ===     ===      ===     ===     ===        ===      ===
04/12/17 15:16:24     0       0        0       0       1          1        0
04/12/17 15:16:24 0 job proc(s) currently held
04/12/17 15:16:24 Registering condor_event_timer...
04/12/17 15:16:25 Submitting HTCondor Node cbow_tfidf_soft job(s)...
04/12/17 15:16:25 Adding a DAGMan workflow log /esat/spchtemp/scratch/robbe/SpeechHub/pretrained_untied_models/python/jobdag/./ds_cbow_tfidf_soft.dag.nodes.log
04/12/17 15:16:25 Masking the events recorded in the DAGMAN workflow log
04/12/17 15:16:25 Mask for workflow log is 0,1,2,4,5,7,9,10,11,12,13,16,17,24,27
04/12/17 15:16:25 submitting: /usr/bin/condor_submit -a dag_node_name' '=' 'cbow_tfidf_soft -a +DAGManJobId' '=' '152 -a DAGManJobId' '=' '152 -batch-name ds_cbow_tfidf_soft.dag+152 -a submit_event_notes' '=' 'DAG' 'Node:' 'cbow_tfidf_soft -a dagman_log' '=' '/esat/spchtemp/scratch/robbe/SpeechHub/pretrained_untied_models/python/jobdag/./ds_cbow_tfidf_soft.dag.nodes.log -a +DAGManNodesMask' '=' '"0,1,2,4,5,7,9,10,11,12,13,16,17,24,27" -a data_set' '=' 'ds -a test_name' '=' 'cbow_tfidf_soft -a num_run' '=' '0 -a combination' '=' 'tfidf -a DAG_STATUS' '=' '0 -a FAILED_COUNT' '=' '0 -a +KeepClaimIdle' '=' '20 -a notification' '=' 'never -a +DAGParentNodeNames' '=' '"" jobdag/cbow_soft.job
04/12/17 15:16:25 From submit: Submitting job(s).
04/12/17 15:16:25 From submit: 1 job(s) submitted to cluster 153.
04/12/17 15:16:25 	assigned HTCondor ID (153.0.0)
04/12/17 15:16:25 Just submitted 1 job this cycle...
04/12/17 15:16:25 Currently monitoring 1 HTCondor log file(s)
04/12/17 15:16:25 Reassigning the id of job cbow_tfidf_soft from (153.0.0) to (153.0.0)
04/12/17 15:16:25 Event: ULOG_SUBMIT for HTCondor Node cbow_tfidf_soft (153.0.0) {04/12/17 15:16:25}
04/12/17 15:16:25 Number of idle job procs: 1
04/12/17 15:16:25 DAG status: 0 (DAG_STATUS_OK)
04/12/17 15:16:25 Of 2 nodes total:
04/12/17 15:16:25  Done     Pre   Queued    Post   Ready   Un-Ready   Failed
04/12/17 15:16:25   ===     ===      ===     ===     ===        ===      ===
04/12/17 15:16:25     0       0        1       0       0          1        0
04/12/17 15:16:25 0 job proc(s) currently held
04/12/17 15:26:27 602 seconds since last log event
04/12/17 15:26:27 Pending DAG nodes:
04/12/17 15:26:27   Node cbow_tfidf_soft, HTCondor ID 153, status STATUS_SUBMITTED
04/12/17 15:36:29 1204 seconds since last log event
04/12/17 15:36:29 Pending DAG nodes:
04/12/17 15:36:29   Node cbow_tfidf_soft, HTCondor ID 153, status STATUS_SUBMITTED
04/12/17 15:46:32 1807 seconds since last log event
04/12/17 15:46:32 Pending DAG nodes:
04/12/17 15:46:32   Node cbow_tfidf_soft, HTCondor ID 153, status STATUS_SUBMITTED
04/12/17 15:56:35 2410 seconds since last log event
04/12/17 15:56:35 Pending DAG nodes:
04/12/17 15:56:35   Node cbow_tfidf_soft, HTCondor ID 153, status STATUS_SUBMITTED
04/12/17 16:06:37 3012 seconds since last log event
04/12/17 16:06:37 Pending DAG nodes:
04/12/17 16:06:37   Node cbow_tfidf_soft, HTCondor ID 153, status STATUS_SUBMITTED
04/12/17 16:16:40 3615 seconds since last log event
04/12/17 16:16:40 Pending DAG nodes:
04/12/17 16:16:40   Node cbow_tfidf_soft, HTCondor ID 153, status STATUS_SUBMITTED
04/12/17 16:26:42 4217 seconds since last log event
04/12/17 16:26:42 Pending DAG nodes:
04/12/17 16:26:42   Node cbow_tfidf_soft, HTCondor ID 153, status STATUS_SUBMITTED
04/12/17 16:36:44 4819 seconds since last log event
04/12/17 16:36:44 Pending DAG nodes:
04/12/17 16:36:44   Node cbow_tfidf_soft, HTCondor ID 153, status STATUS_SUBMITTED
04/12/17 16:46:46 5421 seconds since last log event
04/12/17 16:46:46 Pending DAG nodes:
04/12/17 16:46:46   Node cbow_tfidf_soft, HTCondor ID 153, status STATUS_SUBMITTED
04/12/17 16:56:47 6022 seconds since last log event
04/12/17 16:56:47 Pending DAG nodes:
04/12/17 16:56:47   Node cbow_tfidf_soft, HTCondor ID 153, status STATUS_SUBMITTED
04/12/17 17:06:48 6623 seconds since last log event
04/12/17 17:06:48 Pending DAG nodes:
04/12/17 17:06:48   Node cbow_tfidf_soft, HTCondor ID 153, status STATUS_SUBMITTED
04/12/17 17:16:51 7226 seconds since last log event
04/12/17 17:16:51 Pending DAG nodes:
04/12/17 17:16:51   Node cbow_tfidf_soft, HTCondor ID 153, status STATUS_SUBMITTED
04/12/17 17:26:53 7828 seconds since last log event
04/12/17 17:26:53 Pending DAG nodes:
04/12/17 17:26:53   Node cbow_tfidf_soft, HTCondor ID 153, status STATUS_SUBMITTED
04/12/17 17:36:54 8429 seconds since last log event
04/12/17 17:36:54 Pending DAG nodes:
04/12/17 17:36:54   Node cbow_tfidf_soft, HTCondor ID 153, status STATUS_SUBMITTED
04/12/17 17:46:57 9032 seconds since last log event
04/12/17 17:46:57 Pending DAG nodes:
04/12/17 17:46:57   Node cbow_tfidf_soft, HTCondor ID 153, status STATUS_SUBMITTED
04/12/17 17:56:59 9634 seconds since last log event
04/12/17 17:56:59 Pending DAG nodes:
04/12/17 17:56:59   Node cbow_tfidf_soft, HTCondor ID 153, status STATUS_SUBMITTED
04/12/17 18:07:02 10237 seconds since last log event
04/12/17 18:07:02 Pending DAG nodes:
04/12/17 18:07:02   Node cbow_tfidf_soft, HTCondor ID 153, status STATUS_SUBMITTED
04/12/17 18:15:59 Currently monitoring 1 HTCondor log file(s)
04/12/17 18:15:59 Event: ULOG_EXECUTE for HTCondor Node cbow_tfidf_soft (153.0.0) {04/12/17 18:15:55}
04/12/17 18:15:59 Number of idle job procs: 0
04/12/17 18:26:02 603 seconds since last log event
04/12/17 18:26:02 Pending DAG nodes:
04/12/17 18:26:02   Node cbow_tfidf_soft, HTCondor ID 153, status STATUS_SUBMITTED
04/12/17 18:36:04 1205 seconds since last log event
04/12/17 18:36:04 Pending DAG nodes:
04/12/17 18:36:04   Node cbow_tfidf_soft, HTCondor ID 153, status STATUS_SUBMITTED
04/12/17 18:46:07 1808 seconds since last log event
04/12/17 18:46:07 Pending DAG nodes:
04/12/17 18:46:07   Node cbow_tfidf_soft, HTCondor ID 153, status STATUS_SUBMITTED
04/12/17 18:56:09 2410 seconds since last log event
04/12/17 18:56:09 Pending DAG nodes:
04/12/17 18:56:09   Node cbow_tfidf_soft, HTCondor ID 153, status STATUS_SUBMITTED
04/12/17 19:06:12 3013 seconds since last log event
04/12/17 19:06:12 Pending DAG nodes:
04/12/17 19:06:12   Node cbow_tfidf_soft, HTCondor ID 153, status STATUS_SUBMITTED
04/12/17 19:16:14 3615 seconds since last log event
04/12/17 19:16:14 Pending DAG nodes:
04/12/17 19:16:14   Node cbow_tfidf_soft, HTCondor ID 153, status STATUS_SUBMITTED
04/12/17 19:26:17 4218 seconds since last log event
04/12/17 19:26:17 Pending DAG nodes:
04/12/17 19:26:17   Node cbow_tfidf_soft, HTCondor ID 153, status STATUS_SUBMITTED
04/12/17 19:36:18 4819 seconds since last log event
04/12/17 19:36:18 Pending DAG nodes:
04/12/17 19:36:18   Node cbow_tfidf_soft, HTCondor ID 153, status STATUS_SUBMITTED
04/12/17 19:46:21 5422 seconds since last log event
04/12/17 19:46:21 Pending DAG nodes:
04/12/17 19:46:21   Node cbow_tfidf_soft, HTCondor ID 153, status STATUS_SUBMITTED
04/12/17 19:56:24 6025 seconds since last log event
04/12/17 19:56:24 Pending DAG nodes:
04/12/17 19:56:24   Node cbow_tfidf_soft, HTCondor ID 153, status STATUS_SUBMITTED
04/12/17 20:06:26 6627 seconds since last log event
04/12/17 20:06:26 Pending DAG nodes:
04/12/17 20:06:26   Node cbow_tfidf_soft, HTCondor ID 153, status STATUS_SUBMITTED
04/12/17 20:16:29 7230 seconds since last log event
04/12/17 20:16:29 Pending DAG nodes:
04/12/17 20:16:29   Node cbow_tfidf_soft, HTCondor ID 153, status STATUS_SUBMITTED
04/12/17 20:26:31 7832 seconds since last log event
04/12/17 20:26:31 Pending DAG nodes:
04/12/17 20:26:31   Node cbow_tfidf_soft, HTCondor ID 153, status STATUS_SUBMITTED
04/12/17 20:36:33 8434 seconds since last log event
04/12/17 20:36:33 Pending DAG nodes:
04/12/17 20:36:33   Node cbow_tfidf_soft, HTCondor ID 153, status STATUS_SUBMITTED
04/12/17 20:46:36 9037 seconds since last log event
04/12/17 20:46:36 Pending DAG nodes:
04/12/17 20:46:36   Node cbow_tfidf_soft, HTCondor ID 153, status STATUS_SUBMITTED
04/12/17 20:56:38 9639 seconds since last log event
04/12/17 20:56:38 Pending DAG nodes:
04/12/17 20:56:38   Node cbow_tfidf_soft, HTCondor ID 153, status STATUS_SUBMITTED
04/12/17 21:06:41 10242 seconds since last log event
04/12/17 21:06:41 Pending DAG nodes:
04/12/17 21:06:41   Node cbow_tfidf_soft, HTCondor ID 153, status STATUS_SUBMITTED
04/12/17 21:16:43 10844 seconds since last log event
04/12/17 21:16:43 Pending DAG nodes:
04/12/17 21:16:43   Node cbow_tfidf_soft, HTCondor ID 153, status STATUS_SUBMITTED
04/12/17 21:26:46 11447 seconds since last log event
04/12/17 21:26:46 Pending DAG nodes:
04/12/17 21:26:46   Node cbow_tfidf_soft, HTCondor ID 153, status STATUS_SUBMITTED
04/12/17 21:36:48 12049 seconds since last log event
04/12/17 21:36:48 Pending DAG nodes:
04/12/17 21:36:48   Node cbow_tfidf_soft, HTCondor ID 153, status STATUS_SUBMITTED
04/12/17 21:46:50 12651 seconds since last log event
04/12/17 21:46:50 Pending DAG nodes:
04/12/17 21:46:50   Node cbow_tfidf_soft, HTCondor ID 153, status STATUS_SUBMITTED
04/12/17 21:56:53 13254 seconds since last log event
04/12/17 21:56:53 Pending DAG nodes:
04/12/17 21:56:53   Node cbow_tfidf_soft, HTCondor ID 153, status STATUS_SUBMITTED
04/12/17 22:06:55 13856 seconds since last log event
04/12/17 22:06:55 Pending DAG nodes:
04/12/17 22:06:55   Node cbow_tfidf_soft, HTCondor ID 153, status STATUS_SUBMITTED
04/12/17 22:16:58 14459 seconds since last log event
04/12/17 22:16:58 Pending DAG nodes:
04/12/17 22:16:58   Node cbow_tfidf_soft, HTCondor ID 153, status STATUS_SUBMITTED
04/12/17 22:27:00 15061 seconds since last log event
04/12/17 22:27:00 Pending DAG nodes:
04/12/17 22:27:00   Node cbow_tfidf_soft, HTCondor ID 153, status STATUS_SUBMITTED
04/12/17 22:37:03 15664 seconds since last log event
04/12/17 22:37:03 Pending DAG nodes:
04/12/17 22:37:03   Node cbow_tfidf_soft, HTCondor ID 153, status STATUS_SUBMITTED
04/12/17 22:47:05 16266 seconds since last log event
04/12/17 22:47:05 Pending DAG nodes:
04/12/17 22:47:05   Node cbow_tfidf_soft, HTCondor ID 153, status STATUS_SUBMITTED
04/12/17 22:57:07 16868 seconds since last log event
04/12/17 22:57:07 Pending DAG nodes:
04/12/17 22:57:07   Node cbow_tfidf_soft, HTCondor ID 153, status STATUS_SUBMITTED
04/12/17 23:07:10 17471 seconds since last log event
04/12/17 23:07:10 Pending DAG nodes:
04/12/17 23:07:10   Node cbow_tfidf_soft, HTCondor ID 153, status STATUS_SUBMITTED
04/12/17 23:17:12 18073 seconds since last log event
04/12/17 23:17:12 Pending DAG nodes:
04/12/17 23:17:12   Node cbow_tfidf_soft, HTCondor ID 153, status STATUS_SUBMITTED
04/12/17 23:27:14 18675 seconds since last log event
04/12/17 23:27:14 Pending DAG nodes:
04/12/17 23:27:14   Node cbow_tfidf_soft, HTCondor ID 153, status STATUS_SUBMITTED
04/12/17 23:37:15 19276 seconds since last log event
04/12/17 23:37:15 Pending DAG nodes:
04/12/17 23:37:15   Node cbow_tfidf_soft, HTCondor ID 153, status STATUS_SUBMITTED
04/12/17 23:47:18 19879 seconds since last log event
04/12/17 23:47:18 Pending DAG nodes:
04/12/17 23:47:18   Node cbow_tfidf_soft, HTCondor ID 153, status STATUS_SUBMITTED
04/12/17 23:57:20 20481 seconds since last log event
04/12/17 23:57:20 Pending DAG nodes:
04/12/17 23:57:20   Node cbow_tfidf_soft, HTCondor ID 153, status STATUS_SUBMITTED
04/13/17 00:07:23 21084 seconds since last log event
04/13/17 00:07:23 Pending DAG nodes:
04/13/17 00:07:23   Node cbow_tfidf_soft, HTCondor ID 153, status STATUS_SUBMITTED
04/13/17 00:17:26 21687 seconds since last log event
04/13/17 00:17:26 Pending DAG nodes:
04/13/17 00:17:26   Node cbow_tfidf_soft, HTCondor ID 153, status STATUS_SUBMITTED
04/13/17 00:27:27 22288 seconds since last log event
04/13/17 00:27:27 Pending DAG nodes:
04/13/17 00:27:27   Node cbow_tfidf_soft, HTCondor ID 153, status STATUS_SUBMITTED
04/13/17 00:37:27 22888 seconds since last log event
04/13/17 00:37:27 Pending DAG nodes:
04/13/17 00:37:27   Node cbow_tfidf_soft, HTCondor ID 153, status STATUS_SUBMITTED
04/13/17 00:47:29 23490 seconds since last log event
04/13/17 00:47:29 Pending DAG nodes:
04/13/17 00:47:29   Node cbow_tfidf_soft, HTCondor ID 153, status STATUS_SUBMITTED
04/13/17 00:57:32 24093 seconds since last log event
04/13/17 00:57:32 Pending DAG nodes:
04/13/17 00:57:32   Node cbow_tfidf_soft, HTCondor ID 153, status STATUS_SUBMITTED
04/13/17 01:07:34 24695 seconds since last log event
04/13/17 01:07:34 Pending DAG nodes:
04/13/17 01:07:34   Node cbow_tfidf_soft, HTCondor ID 153, status STATUS_SUBMITTED
04/13/17 01:17:37 25298 seconds since last log event
04/13/17 01:17:37 Pending DAG nodes:
04/13/17 01:17:37   Node cbow_tfidf_soft, HTCondor ID 153, status STATUS_SUBMITTED
04/13/17 01:27:40 25901 seconds since last log event
04/13/17 01:27:40 Pending DAG nodes:
04/13/17 01:27:40   Node cbow_tfidf_soft, HTCondor ID 153, status STATUS_SUBMITTED
04/13/17 01:37:42 26503 seconds since last log event
04/13/17 01:37:42 Pending DAG nodes:
04/13/17 01:37:42   Node cbow_tfidf_soft, HTCondor ID 153, status STATUS_SUBMITTED
04/13/17 01:47:45 27106 seconds since last log event
04/13/17 01:47:45 Pending DAG nodes:
04/13/17 01:47:45   Node cbow_tfidf_soft, HTCondor ID 153, status STATUS_SUBMITTED
04/13/17 01:57:47 27708 seconds since last log event
04/13/17 01:57:47 Pending DAG nodes:
04/13/17 01:57:47   Node cbow_tfidf_soft, HTCondor ID 153, status STATUS_SUBMITTED
04/13/17 02:07:50 28311 seconds since last log event
04/13/17 02:07:50 Pending DAG nodes:
04/13/17 02:07:50   Node cbow_tfidf_soft, HTCondor ID 153, status STATUS_SUBMITTED
04/13/17 02:17:53 28914 seconds since last log event
04/13/17 02:17:53 Pending DAG nodes:
04/13/17 02:17:53   Node cbow_tfidf_soft, HTCondor ID 153, status STATUS_SUBMITTED
04/13/17 02:27:55 29516 seconds since last log event
04/13/17 02:27:55 Pending DAG nodes:
04/13/17 02:27:55   Node cbow_tfidf_soft, HTCondor ID 153, status STATUS_SUBMITTED
04/13/17 02:37:58 30119 seconds since last log event
04/13/17 02:37:58 Pending DAG nodes:
04/13/17 02:37:58   Node cbow_tfidf_soft, HTCondor ID 153, status STATUS_SUBMITTED
04/13/17 02:48:00 30721 seconds since last log event
04/13/17 02:48:00 Pending DAG nodes:
04/13/17 02:48:00   Node cbow_tfidf_soft, HTCondor ID 153, status STATUS_SUBMITTED
04/13/17 02:58:02 31323 seconds since last log event
04/13/17 02:58:02 Pending DAG nodes:
04/13/17 02:58:02   Node cbow_tfidf_soft, HTCondor ID 153, status STATUS_SUBMITTED
04/13/17 03:08:04 31925 seconds since last log event
04/13/17 03:08:04 Pending DAG nodes:
04/13/17 03:08:04   Node cbow_tfidf_soft, HTCondor ID 153, status STATUS_SUBMITTED
04/13/17 03:18:07 32528 seconds since last log event
04/13/17 03:18:07 Pending DAG nodes:
04/13/17 03:18:07   Node cbow_tfidf_soft, HTCondor ID 153, status STATUS_SUBMITTED
04/13/17 03:28:08 33129 seconds since last log event
04/13/17 03:28:08 Pending DAG nodes:
04/13/17 03:28:08   Node cbow_tfidf_soft, HTCondor ID 153, status STATUS_SUBMITTED
04/13/17 03:38:11 33732 seconds since last log event
04/13/17 03:38:11 Pending DAG nodes:
04/13/17 03:38:11   Node cbow_tfidf_soft, HTCondor ID 153, status STATUS_SUBMITTED
04/13/17 03:48:13 34334 seconds since last log event
04/13/17 03:48:13 Pending DAG nodes:
04/13/17 03:48:13   Node cbow_tfidf_soft, HTCondor ID 153, status STATUS_SUBMITTED
04/13/17 03:58:16 34937 seconds since last log event
04/13/17 03:58:16 Pending DAG nodes:
04/13/17 03:58:16   Node cbow_tfidf_soft, HTCondor ID 153, status STATUS_SUBMITTED
04/13/17 04:08:19 35540 seconds since last log event
04/13/17 04:08:19 Pending DAG nodes:
04/13/17 04:08:19   Node cbow_tfidf_soft, HTCondor ID 153, status STATUS_SUBMITTED
04/13/17 04:18:21 36142 seconds since last log event
04/13/17 04:18:21 Pending DAG nodes:
04/13/17 04:18:21   Node cbow_tfidf_soft, HTCondor ID 153, status STATUS_SUBMITTED
04/13/17 04:28:24 36745 seconds since last log event
04/13/17 04:28:24 Pending DAG nodes:
04/13/17 04:28:24   Node cbow_tfidf_soft, HTCondor ID 153, status STATUS_SUBMITTED
04/13/17 04:38:26 37347 seconds since last log event
04/13/17 04:38:26 Pending DAG nodes:
04/13/17 04:38:26   Node cbow_tfidf_soft, HTCondor ID 153, status STATUS_SUBMITTED
04/13/17 04:48:29 37950 seconds since last log event
04/13/17 04:48:29 Pending DAG nodes:
04/13/17 04:48:29   Node cbow_tfidf_soft, HTCondor ID 153, status STATUS_SUBMITTED
04/13/17 04:58:31 38552 seconds since last log event
04/13/17 04:58:31 Pending DAG nodes:
04/13/17 04:58:31   Node cbow_tfidf_soft, HTCondor ID 153, status STATUS_SUBMITTED
04/13/17 05:08:34 39155 seconds since last log event
04/13/17 05:08:34 Pending DAG nodes:
04/13/17 05:08:34   Node cbow_tfidf_soft, HTCondor ID 153, status STATUS_SUBMITTED
04/13/17 05:18:37 39758 seconds since last log event
04/13/17 05:18:37 Pending DAG nodes:
04/13/17 05:18:37   Node cbow_tfidf_soft, HTCondor ID 153, status STATUS_SUBMITTED
04/13/17 05:28:39 40360 seconds since last log event
04/13/17 05:28:39 Pending DAG nodes:
04/13/17 05:28:39   Node cbow_tfidf_soft, HTCondor ID 153, status STATUS_SUBMITTED
04/13/17 05:38:42 40963 seconds since last log event
04/13/17 05:38:42 Pending DAG nodes:
04/13/17 05:38:42   Node cbow_tfidf_soft, HTCondor ID 153, status STATUS_SUBMITTED
04/13/17 05:48:44 41565 seconds since last log event
04/13/17 05:48:44 Pending DAG nodes:
04/13/17 05:48:44   Node cbow_tfidf_soft, HTCondor ID 153, status STATUS_SUBMITTED
04/13/17 05:58:47 42168 seconds since last log event
04/13/17 05:58:47 Pending DAG nodes:
04/13/17 05:58:47   Node cbow_tfidf_soft, HTCondor ID 153, status STATUS_SUBMITTED
04/13/17 06:08:48 42769 seconds since last log event
04/13/17 06:08:48 Pending DAG nodes:
04/13/17 06:08:48   Node cbow_tfidf_soft, HTCondor ID 153, status STATUS_SUBMITTED
04/13/17 06:18:50 43371 seconds since last log event
04/13/17 06:18:50 Pending DAG nodes:
04/13/17 06:18:50   Node cbow_tfidf_soft, HTCondor ID 153, status STATUS_SUBMITTED
04/13/17 06:28:52 43973 seconds since last log event
04/13/17 06:28:52 Pending DAG nodes:
04/13/17 06:28:52   Node cbow_tfidf_soft, HTCondor ID 153, status STATUS_SUBMITTED
04/13/17 06:38:54 44575 seconds since last log event
04/13/17 06:38:54 Pending DAG nodes:
04/13/17 06:38:54   Node cbow_tfidf_soft, HTCondor ID 153, status STATUS_SUBMITTED
04/13/17 06:48:57 45178 seconds since last log event
04/13/17 06:48:57 Pending DAG nodes:
04/13/17 06:48:57   Node cbow_tfidf_soft, HTCondor ID 153, status STATUS_SUBMITTED
04/13/17 06:58:57 45778 seconds since last log event
04/13/17 06:58:57 Pending DAG nodes:
04/13/17 06:58:57   Node cbow_tfidf_soft, HTCondor ID 153, status STATUS_SUBMITTED
04/13/17 07:09:00 46381 seconds since last log event
04/13/17 07:09:00 Pending DAG nodes:
04/13/17 07:09:00   Node cbow_tfidf_soft, HTCondor ID 153, status STATUS_SUBMITTED
04/13/17 07:19:02 46983 seconds since last log event
04/13/17 07:19:02 Pending DAG nodes:
04/13/17 07:19:02   Node cbow_tfidf_soft, HTCondor ID 153, status STATUS_SUBMITTED
04/13/17 07:29:03 47584 seconds since last log event
04/13/17 07:29:03 Pending DAG nodes:
04/13/17 07:29:03   Node cbow_tfidf_soft, HTCondor ID 153, status STATUS_SUBMITTED
04/13/17 07:39:04 48185 seconds since last log event
04/13/17 07:39:04 Pending DAG nodes:
04/13/17 07:39:04   Node cbow_tfidf_soft, HTCondor ID 153, status STATUS_SUBMITTED
04/13/17 07:49:07 48788 seconds since last log event
04/13/17 07:49:07 Pending DAG nodes:
04/13/17 07:49:07   Node cbow_tfidf_soft, HTCondor ID 153, status STATUS_SUBMITTED
04/13/17 07:59:09 49390 seconds since last log event
04/13/17 07:59:09 Pending DAG nodes:
04/13/17 07:59:09   Node cbow_tfidf_soft, HTCondor ID 153, status STATUS_SUBMITTED
04/13/17 08:09:12 49993 seconds since last log event
04/13/17 08:09:12 Pending DAG nodes:
04/13/17 08:09:12   Node cbow_tfidf_soft, HTCondor ID 153, status STATUS_SUBMITTED
04/13/17 08:19:14 50595 seconds since last log event
04/13/17 08:19:14 Pending DAG nodes:
04/13/17 08:19:14   Node cbow_tfidf_soft, HTCondor ID 153, status STATUS_SUBMITTED
04/13/17 08:29:17 51198 seconds since last log event
04/13/17 08:29:17 Pending DAG nodes:
04/13/17 08:29:17   Node cbow_tfidf_soft, HTCondor ID 153, status STATUS_SUBMITTED
04/13/17 08:39:20 51801 seconds since last log event
04/13/17 08:39:20 Pending DAG nodes:
04/13/17 08:39:20   Node cbow_tfidf_soft, HTCondor ID 153, status STATUS_SUBMITTED
04/13/17 08:49:21 52402 seconds since last log event
04/13/17 08:49:21 Pending DAG nodes:
04/13/17 08:49:21   Node cbow_tfidf_soft, HTCondor ID 153, status STATUS_SUBMITTED
04/13/17 08:59:24 53005 seconds since last log event
04/13/17 08:59:24 Pending DAG nodes:
04/13/17 08:59:24   Node cbow_tfidf_soft, HTCondor ID 153, status STATUS_SUBMITTED
04/13/17 09:09:26 53607 seconds since last log event
04/13/17 09:09:26 Pending DAG nodes:
04/13/17 09:09:26   Node cbow_tfidf_soft, HTCondor ID 153, status STATUS_SUBMITTED
04/13/17 09:19:29 54210 seconds since last log event
04/13/17 09:19:29 Pending DAG nodes:
04/13/17 09:19:29   Node cbow_tfidf_soft, HTCondor ID 153, status STATUS_SUBMITTED
04/13/17 09:29:31 54812 seconds since last log event
04/13/17 09:29:31 Pending DAG nodes:
04/13/17 09:29:31   Node cbow_tfidf_soft, HTCondor ID 153, status STATUS_SUBMITTED
04/13/17 09:39:33 55414 seconds since last log event
04/13/17 09:39:33 Pending DAG nodes:
04/13/17 09:39:33   Node cbow_tfidf_soft, HTCondor ID 153, status STATUS_SUBMITTED
04/13/17 09:49:36 56017 seconds since last log event
04/13/17 09:49:36 Pending DAG nodes:
04/13/17 09:49:36   Node cbow_tfidf_soft, HTCondor ID 153, status STATUS_SUBMITTED
04/13/17 09:59:38 56619 seconds since last log event
04/13/17 09:59:38 Pending DAG nodes:
04/13/17 09:59:38   Node cbow_tfidf_soft, HTCondor ID 153, status STATUS_SUBMITTED
04/13/17 10:09:41 57222 seconds since last log event
04/13/17 10:09:41 Pending DAG nodes:
04/13/17 10:09:41   Node cbow_tfidf_soft, HTCondor ID 153, status STATUS_SUBMITTED
04/13/17 10:19:43 57824 seconds since last log event
04/13/17 10:19:43 Pending DAG nodes:
04/13/17 10:19:43   Node cbow_tfidf_soft, HTCondor ID 153, status STATUS_SUBMITTED
04/13/17 10:29:46 58427 seconds since last log event
04/13/17 10:29:46 Pending DAG nodes:
04/13/17 10:29:46   Node cbow_tfidf_soft, HTCondor ID 153, status STATUS_SUBMITTED
04/13/17 10:39:48 59029 seconds since last log event
04/13/17 10:39:48 Pending DAG nodes:
04/13/17 10:39:48   Node cbow_tfidf_soft, HTCondor ID 153, status STATUS_SUBMITTED
04/13/17 10:49:51 59632 seconds since last log event
04/13/17 10:49:51 Pending DAG nodes:
04/13/17 10:49:51   Node cbow_tfidf_soft, HTCondor ID 153, status STATUS_SUBMITTED
04/13/17 10:59:54 60235 seconds since last log event
04/13/17 10:59:54 Pending DAG nodes:
04/13/17 10:59:54   Node cbow_tfidf_soft, HTCondor ID 153, status STATUS_SUBMITTED
04/13/17 11:09:56 60837 seconds since last log event
04/13/17 11:09:56 Pending DAG nodes:
04/13/17 11:09:56   Node cbow_tfidf_soft, HTCondor ID 153, status STATUS_SUBMITTED
04/13/17 11:19:59 61440 seconds since last log event
04/13/17 11:19:59 Pending DAG nodes:
04/13/17 11:19:59   Node cbow_tfidf_soft, HTCondor ID 153, status STATUS_SUBMITTED
04/13/17 11:30:01 62042 seconds since last log event
04/13/17 11:30:01 Pending DAG nodes:
04/13/17 11:30:01   Node cbow_tfidf_soft, HTCondor ID 153, status STATUS_SUBMITTED
04/13/17 11:40:04 62645 seconds since last log event
04/13/17 11:40:04 Pending DAG nodes:
04/13/17 11:40:04   Node cbow_tfidf_soft, HTCondor ID 153, status STATUS_SUBMITTED
04/13/17 11:50:06 63247 seconds since last log event
04/13/17 11:50:06 Pending DAG nodes:
04/13/17 11:50:06   Node cbow_tfidf_soft, HTCondor ID 153, status STATUS_SUBMITTED
04/13/17 12:00:09 63850 seconds since last log event
04/13/17 12:00:09 Pending DAG nodes:
04/13/17 12:00:09   Node cbow_tfidf_soft, HTCondor ID 153, status STATUS_SUBMITTED
04/13/17 12:10:09 64450 seconds since last log event
04/13/17 12:10:09 Pending DAG nodes:
04/13/17 12:10:09   Node cbow_tfidf_soft, HTCondor ID 153, status STATUS_SUBMITTED
04/13/17 12:20:12 65053 seconds since last log event
04/13/17 12:20:12 Pending DAG nodes:
04/13/17 12:20:12   Node cbow_tfidf_soft, HTCondor ID 153, status STATUS_SUBMITTED
04/13/17 12:30:15 65656 seconds since last log event
04/13/17 12:30:15 Pending DAG nodes:
04/13/17 12:30:15   Node cbow_tfidf_soft, HTCondor ID 153, status STATUS_SUBMITTED
04/13/17 12:40:17 66258 seconds since last log event
04/13/17 12:40:17 Pending DAG nodes:
04/13/17 12:40:17   Node cbow_tfidf_soft, HTCondor ID 153, status STATUS_SUBMITTED
04/13/17 12:50:20 66861 seconds since last log event
04/13/17 12:50:20 Pending DAG nodes:
04/13/17 12:50:20   Node cbow_tfidf_soft, HTCondor ID 153, status STATUS_SUBMITTED
04/13/17 13:00:22 67463 seconds since last log event
04/13/17 13:00:22 Pending DAG nodes:
04/13/17 13:00:22   Node cbow_tfidf_soft, HTCondor ID 153, status STATUS_SUBMITTED
04/13/17 13:10:25 68066 seconds since last log event
04/13/17 13:10:25 Pending DAG nodes:
04/13/17 13:10:25   Node cbow_tfidf_soft, HTCondor ID 153, status STATUS_SUBMITTED
04/13/17 13:20:27 68668 seconds since last log event
04/13/17 13:20:27 Pending DAG nodes:
04/13/17 13:20:27   Node cbow_tfidf_soft, HTCondor ID 153, status STATUS_SUBMITTED
04/13/17 13:30:30 69271 seconds since last log event
04/13/17 13:30:30 Pending DAG nodes:
04/13/17 13:30:30   Node cbow_tfidf_soft, HTCondor ID 153, status STATUS_SUBMITTED
04/13/17 13:40:32 69873 seconds since last log event
04/13/17 13:40:32 Pending DAG nodes:
04/13/17 13:40:32   Node cbow_tfidf_soft, HTCondor ID 153, status STATUS_SUBMITTED
04/13/17 13:50:34 70475 seconds since last log event
04/13/17 13:50:34 Pending DAG nodes:
04/13/17 13:50:34   Node cbow_tfidf_soft, HTCondor ID 153, status STATUS_SUBMITTED
