I tensorflow/stream_executor/dso_loader.cc:128] successfully opened CUDA library libcublas.so locally
I tensorflow/stream_executor/dso_loader.cc:128] successfully opened CUDA library libcudnn.so locally
I tensorflow/stream_executor/dso_loader.cc:128] successfully opened CUDA library libcufft.so locally
I tensorflow/stream_executor/dso_loader.cc:128] successfully opened CUDA library libcuda.so.1 locally
I tensorflow/stream_executor/dso_loader.cc:128] successfully opened CUDA library libcurand.so locally
/users/start2014/r0364650/.local/lib/python2.7/site-packages/gensim/utils.py:1015: UserWarning: Pattern library is not installed, lemmatization won't be available.
  warnings.warn("Pattern library is not installed, lemmatization won't be available.")
I tensorflow/stream_executor/cuda/cuda_gpu_executor.cc:937] successful NUMA node read from SysFS had negative value (-1), but there must be at least one NUMA node, so returning NUMA node zero
I tensorflow/core/common_runtime/gpu/gpu_device.cc:885] Found device 0 with properties: 
name: GeForce GTX 1050 Ti
major: 6 minor: 1 memoryClockRate (GHz) 1.43
pciBusID 0000:01:00.0
Total memory: 3.94GiB
Free memory: 3.85GiB
I tensorflow/core/common_runtime/gpu/gpu_device.cc:906] DMA: 0 
I tensorflow/core/common_runtime/gpu/gpu_device.cc:916] 0:   Y 
I tensorflow/core/common_runtime/gpu/gpu_device.cc:975] Creating TensorFlow device (/gpu:0) -> (device: 0, name: GeForce GTX 1050 Ti, pci bus id: 0000:01:00.0)
I tensorflow/core/common_runtime/gpu/pool_allocator.cc:247] PoolAllocator: After 10917 get requests, put_count=10837 evicted_count=1000 eviction_rate=0.0922765 and unsatisfied allocation rate=0.108088
I tensorflow/core/common_runtime/gpu/pool_allocator.cc:259] Raising pool_size_limit_ from 100 to 110
I tensorflow/core/common_runtime/gpu/pool_allocator.cc:247] PoolAllocator: After 2583784 get requests, put_count=2583782 evicted_count=3000 eviction_rate=0.00116109 and unsatisfied allocation rate=0.00116922
I tensorflow/core/common_runtime/gpu/pool_allocator.cc:247] PoolAllocator: After 10799020 get requests, put_count=10799024 evicted_count=13000 eviction_rate=0.00120381 and unsatisfied allocation rate=0.0012052
I tensorflow/core/common_runtime/gpu/pool_allocator.cc:247] PoolAllocator: After 19064136 get requests, put_count=19064145 evicted_count=23000 eviction_rate=0.00120645 and unsatisfied allocation rate=0.00120698
I tensorflow/core/common_runtime/gpu/pool_allocator.cc:247] PoolAllocator: After 27448964 get requests, put_count=27448973 evicted_count=33000 eviction_rate=0.00120223 and unsatisfied allocation rate=0.0012026
I tensorflow/core/common_runtime/gpu/pool_allocator.cc:247] PoolAllocator: After 35720315 get requests, put_count=35720324 evicted_count=43000 eviction_rate=0.0012038 and unsatisfied allocation rate=0.00120408
I tensorflow/core/common_runtime/gpu/pool_allocator.cc:247] PoolAllocator: After 43991666 get requests, put_count=43991675 evicted_count=53000 eviction_rate=0.00120477 and unsatisfied allocation rate=0.001205
I tensorflow/core/common_runtime/gpu/pool_allocator.cc:247] PoolAllocator: After 52311650 get requests, put_count=52311659 evicted_count=63000 eviction_rate=0.00120432 and unsatisfied allocation rate=0.00120451
I tensorflow/core/common_runtime/gpu/pool_allocator.cc:247] PoolAllocator: After 60566790 get requests, put_count=60566786 evicted_count=73000 eviction_rate=0.00120528 and unsatisfied allocation rate=0.00120566
I tensorflow/core/common_runtime/gpu/pool_allocator.cc:247] PoolAllocator: After 68740875 get requests, put_count=68740884 evicted_count=83000 eviction_rate=0.00120743 and unsatisfied allocation rate=0.00120758
I tensorflow/core/common_runtime/gpu/pool_allocator.cc:247] PoolAllocator: After 77109492 get requests, put_count=77109501 evicted_count=93000 eviction_rate=0.00120608 and unsatisfied allocation rate=0.00120621
I tensorflow/core/common_runtime/gpu/pool_allocator.cc:247] PoolAllocator: After 85298541 get requests, put_count=85298538 evicted_count=103000 eviction_rate=0.00120752 and unsatisfied allocation rate=0.00120778
I tensorflow/core/common_runtime/gpu/pool_allocator.cc:247] PoolAllocator: After 93522506 get requests, put_count=93522515 evicted_count=113000 eviction_rate=0.00120827 and unsatisfied allocation rate=0.00120837
I tensorflow/core/common_runtime/gpu/pool_allocator.cc:247] PoolAllocator: After 101712802 get requests, put_count=101712811 evicted_count=123000 eviction_rate=0.00120929 and unsatisfied allocation rate=0.00120939
I tensorflow/core/common_runtime/gpu/pool_allocator.cc:247] PoolAllocator: After 110097630 get requests, put_count=110097639 evicted_count=133000 eviction_rate=0.00120802 and unsatisfied allocation rate=0.00120811
I tensorflow/core/common_runtime/gpu/pool_allocator.cc:247] PoolAllocator: After 118158238 get requests, put_count=118158247 evicted_count=143000 eviction_rate=0.00121024 and unsatisfied allocation rate=0.00121033
I tensorflow/core/common_runtime/gpu/pool_allocator.cc:247] PoolAllocator: After 126429589 get requests, put_count=126429598 evicted_count=153000 eviction_rate=0.00121016 and unsatisfied allocation rate=0.00121024
I tensorflow/core/common_runtime/gpu/pool_allocator.cc:247] PoolAllocator: After 134750820 get requests, put_count=134750828 evicted_count=163000 eviction_rate=0.00120964 and unsatisfied allocation rate=0.00120972
I tensorflow/core/common_runtime/gpu/pool_allocator.cc:247] PoolAllocator: After 143101979 get requests, put_count=143101988 evicted_count=173000 eviction_rate=0.00120893 and unsatisfied allocation rate=0.001209
I tensorflow/core/common_runtime/gpu/pool_allocator.cc:247] PoolAllocator: After 151616495 get requests, put_count=151616504 evicted_count=183000 eviction_rate=0.00120699 and unsatisfied allocation rate=0.00120706
I tensorflow/core/common_runtime/gpu/pool_allocator.cc:247] PoolAllocator: After 159882858 get requests, put_count=159882858 evicted_count=193000 eviction_rate=0.00120713 and unsatisfied allocation rate=0.00120725
I tensorflow/core/common_runtime/gpu/pool_allocator.cc:247] PoolAllocator: After 168240252 get requests, put_count=168240261 evicted_count=203000 eviction_rate=0.00120661 and unsatisfied allocation rate=0.00120667
I tensorflow/core/common_runtime/gpu/pool_allocator.cc:247] PoolAllocator: After 176426807 get requests, put_count=176426806 evicted_count=213000 eviction_rate=0.0012073 and unsatisfied allocation rate=0.00120741
I tensorflow/core/common_runtime/gpu/pool_allocator.cc:247] PoolAllocator: After 184815376 get requests, put_count=184815385 evicted_count=223000 eviction_rate=0.00120661 and unsatisfied allocation rate=0.00120666
I tensorflow/core/common_runtime/gpu/pool_allocator.cc:247] PoolAllocator: After 193433681 get requests, put_count=193433688 evicted_count=233000 eviction_rate=0.00120455 and unsatisfied allocation rate=0.00120461
I tensorflow/core/common_runtime/gpu/pool_allocator.cc:247] PoolAllocator: After 201621483 get requests, put_count=201621479 evicted_count=243000 eviction_rate=0.00120523 and unsatisfied allocation rate=0.00120534
I tensorflow/core/common_runtime/gpu/pool_allocator.cc:247] PoolAllocator: After 209892834 get requests, put_count=209892843 evicted_count=253000 eviction_rate=0.00120538 and unsatisfied allocation rate=0.00120542
I tensorflow/core/common_runtime/gpu/pool_allocator.cc:247] PoolAllocator: After 218115552 get requests, put_count=218115561 evicted_count=263000 eviction_rate=0.00120578 and unsatisfied allocation rate=0.00120583
I tensorflow/core/common_runtime/gpu/pool_allocator.cc:247] PoolAllocator: After 226399373 get requests, put_count=226399372 evicted_count=273000 eviction_rate=0.00120583 and unsatisfied allocation rate=0.00120592
I tensorflow/core/common_runtime/gpu/pool_allocator.cc:247] PoolAllocator: After 234479933 get requests, put_count=234479942 evicted_count=283000 eviction_rate=0.00120693 and unsatisfied allocation rate=0.00120697
I tensorflow/core/common_runtime/gpu/pool_allocator.cc:247] PoolAllocator: After 242863514 get requests, put_count=242863523 evicted_count=293000 eviction_rate=0.00120644 and unsatisfied allocation rate=0.00120648
I tensorflow/core/common_runtime/gpu/pool_allocator.cc:247] PoolAllocator: After 251134865 get requests, put_count=251134874 evicted_count=303000 eviction_rate=0.00120652 and unsatisfied allocation rate=0.00120656
I tensorflow/core/common_runtime/gpu/pool_allocator.cc:247] PoolAllocator: After 259262811 get requests, put_count=259262818 evicted_count=313000 eviction_rate=0.00120727 and unsatisfied allocation rate=0.00120732
I tensorflow/core/common_runtime/gpu/pool_allocator.cc:247] PoolAllocator: After 267596512 get requests, put_count=267596521 evicted_count=323000 eviction_rate=0.00120704 and unsatisfied allocation rate=0.00120708
I tensorflow/core/common_runtime/gpu/pool_allocator.cc:247] PoolAllocator: After 275788055 get requests, put_count=275788064 evicted_count=333000 eviction_rate=0.00120745 and unsatisfied allocation rate=0.00120749
I tensorflow/core/common_runtime/gpu/pool_allocator.cc:247] PoolAllocator: After 284015761 get requests, put_count=284015759 evicted_count=343000 eviction_rate=0.00120768 and unsatisfied allocation rate=0.00120775
I tensorflow/core/common_runtime/gpu/pool_allocator.cc:247] PoolAllocator: After 292354450 get requests, put_count=292354459 evicted_count=353000 eviction_rate=0.00120744 and unsatisfied allocation rate=0.00120747
I tensorflow/core/common_runtime/gpu/pool_allocator.cc:247] PoolAllocator: After 300731796 get requests, put_count=300731798 evicted_count=363000 eviction_rate=0.00120706 and unsatisfied allocation rate=0.00120711
I tensorflow/core/common_runtime/gpu/pool_allocator.cc:247] PoolAllocator: After 309124106 get requests, put_count=309124115 evicted_count=373000 eviction_rate=0.00120664 and unsatisfied allocation rate=0.00120667
I tensorflow/core/common_runtime/gpu/pool_allocator.cc:247] PoolAllocator: After 317492723 get requests, put_count=317492732 evicted_count=383000 eviction_rate=0.00120633 and unsatisfied allocation rate=0.00120636
I tensorflow/core/common_runtime/gpu/pool_allocator.cc:247] PoolAllocator: After 325958606 get requests, put_count=325958615 evicted_count=393000 eviction_rate=0.00120567 and unsatisfied allocation rate=0.00120571
I tensorflow/core/common_runtime/gpu/pool_allocator.cc:247] PoolAllocator: After 334143914 get requests, put_count=334143914 evicted_count=403000 eviction_rate=0.00120607 and unsatisfied allocation rate=0.00120612
I tensorflow/core/common_runtime/gpu/pool_allocator.cc:247] PoolAllocator: After 342485097 get requests, put_count=342485106 evicted_count=413000 eviction_rate=0.00120589 and unsatisfied allocation rate=0.00120592
I tensorflow/core/common_runtime/gpu/pool_allocator.cc:247] PoolAllocator: After 350594338 get requests, put_count=350594347 evicted_count=423000 eviction_rate=0.00120652 and unsatisfied allocation rate=0.00120655
I tensorflow/core/common_runtime/gpu/pool_allocator.cc:247] PoolAllocator: After 358833267 get requests, put_count=358833276 evicted_count=433000 eviction_rate=0.00120669 and unsatisfied allocation rate=0.00120672
I tensorflow/core/common_runtime/gpu/pool_allocator.cc:247] PoolAllocator: After 367271716 get requests, put_count=367271721 evicted_count=443000 eviction_rate=0.00120619 and unsatisfied allocation rate=0.00120623
I tensorflow/core/common_runtime/gpu/pool_allocator.cc:247] PoolAllocator: After 375121581 get requests, put_count=375121586 evicted_count=453000 eviction_rate=0.00120761 and unsatisfied allocation rate=0.00120765
I tensorflow/core/common_runtime/gpu/pool_allocator.cc:247] PoolAllocator: After 383358016 get requests, put_count=383358023 evicted_count=463000 eviction_rate=0.00120775 and unsatisfied allocation rate=0.00120778
I tensorflow/core/common_runtime/gpu/pool_allocator.cc:247] PoolAllocator: After 392016225 get requests, put_count=392016234 evicted_count=473000 eviction_rate=0.00120658 and unsatisfied allocation rate=0.00120661
I tensorflow/core/common_runtime/gpu/pool_allocator.cc:247] PoolAllocator: After 400783882 get requests, put_count=400783883 evicted_count=483000 eviction_rate=0.00120514 and unsatisfied allocation rate=0.00120518
I tensorflow/core/common_runtime/gpu/pool_allocator.cc:247] PoolAllocator: After 409839596 get requests, put_count=409839605 evicted_count=493000 eviction_rate=0.00120291 and unsatisfied allocation rate=0.00120293
I tensorflow/core/common_runtime/gpu/pool_allocator.cc:247] PoolAllocator: After 418872864 get requests, put_count=418872873 evicted_count=503000 eviction_rate=0.00120084 and unsatisfied allocation rate=0.00120087
I tensorflow/core/common_runtime/gpu/pool_allocator.cc:247] PoolAllocator: After 427695389 get requests, put_count=427695398 evicted_count=513000 eviction_rate=0.00119945 and unsatisfied allocation rate=0.00119948
I tensorflow/core/common_runtime/gpu/pool_allocator.cc:247] PoolAllocator: After 436696235 get requests, put_count=436696244 evicted_count=523000 eviction_rate=0.00119763 and unsatisfied allocation rate=0.00119765
I tensorflow/core/common_runtime/gpu/pool_allocator.cc:247] PoolAllocator: After 445389072 get requests, put_count=445389081 evicted_count=533000 eviction_rate=0.00119671 and unsatisfied allocation rate=0.00119673
I tensorflow/core/common_runtime/gpu/pool_allocator.cc:247] PoolAllocator: After 454616872 get requests, put_count=454616881 evicted_count=543000 eviction_rate=0.00119441 and unsatisfied allocation rate=0.00119443
I tensorflow/core/common_runtime/gpu/pool_allocator.cc:247] PoolAllocator: After 463277287 get requests, put_count=463277296 evicted_count=553000 eviction_rate=0.00119367 and unsatisfied allocation rate=0.00119369
I tensorflow/core/common_runtime/gpu/pool_allocator.cc:247] PoolAllocator: After 471856647 get requests, put_count=471856656 evicted_count=563000 eviction_rate=0.00119316 and unsatisfied allocation rate=0.00119318
I tensorflow/core/common_runtime/gpu/pool_allocator.cc:247] PoolAllocator: After 480630539 get requests, put_count=480630548 evicted_count=573000 eviction_rate=0.00119218 and unsatisfied allocation rate=0.0011922
I tensorflow/core/common_runtime/gpu/pool_allocator.cc:247] PoolAllocator: After 489271002 get requests, put_count=489271001 evicted_count=583000 eviction_rate=0.00119157 and unsatisfied allocation rate=0.00119161
I tensorflow/core/common_runtime/gpu/pool_allocator.cc:247] PoolAllocator: After 498097268 get requests, put_count=498097277 evicted_count=593000 eviction_rate=0.00119053 and unsatisfied allocation rate=0.00119055
I tensorflow/core/common_runtime/gpu/pool_allocator.cc:247] PoolAllocator: After 506514518 get requests, put_count=506514527 evicted_count=603000 eviction_rate=0.00119049 and unsatisfied allocation rate=0.00119051
I tensorflow/core/common_runtime/gpu/pool_allocator.cc:247] PoolAllocator: After 515239777 get requests, put_count=515239786 evicted_count=613000 eviction_rate=0.00118974 and unsatisfied allocation rate=0.00118976
I tensorflow/core/common_runtime/gpu/pool_allocator.cc:247] PoolAllocator: After 523819137 get requests, put_count=523819146 evicted_count=623000 eviction_rate=0.00118934 and unsatisfied allocation rate=0.00118936
I tensorflow/core/common_runtime/gpu/pool_allocator.cc:247] PoolAllocator: After 532630439 get requests, put_count=532630444 evicted_count=633000 eviction_rate=0.00118844 and unsatisfied allocation rate=0.00118847
I tensorflow/core/common_runtime/gpu/pool_allocator.cc:247] PoolAllocator: After 541026490 get requests, put_count=541026499 evicted_count=643000 eviction_rate=0.00118848 and unsatisfied allocation rate=0.0011885
I tensorflow/core/common_runtime/gpu/pool_allocator.cc:247] PoolAllocator: After 549767960 get requests, put_count=549767969 evicted_count=653000 eviction_rate=0.00118777 and unsatisfied allocation rate=0.00118779
I tensorflow/core/common_runtime/gpu/pool_allocator.cc:247] PoolAllocator: After 558331109 get requests, put_count=558331118 evicted_count=663000 eviction_rate=0.00118747 and unsatisfied allocation rate=0.00118749
I tensorflow/core/common_runtime/gpu/pool_allocator.cc:247] PoolAllocator: After 567139917 get requests, put_count=567139924 evicted_count=673000 eviction_rate=0.00118666 and unsatisfied allocation rate=0.00118668
