04/09/17 18:22:39 ******************************************************
04/09/17 18:22:39 ** condor_scheduniv_exec.93.0 (CONDOR_DAGMAN) STARTING UP
04/09/17 18:22:39 ** /usr/bin/condor_dagman
04/09/17 18:22:39 ** SubsystemInfo: name=DAGMAN type=DAGMAN(10) class=DAEMON(1)
04/09/17 18:22:39 ** Configuration: subsystem:DAGMAN local:<NONE> class:DAEMON
04/09/17 18:22:39 ** $CondorVersion: 8.6.1 Mar 01 2017 BuildID: 398585 $
04/09/17 18:22:39 ** $CondorPlatform: x86_64_RedHat7 $
04/09/17 18:22:39 ** PID = 16466
04/09/17 18:22:39 ** Log last touched time unavailable (No such file or directory)
04/09/17 18:22:39 ******************************************************
04/09/17 18:22:39 Using config source: /etc/condor/condor_config
04/09/17 18:22:39 Using local config sources: 
04/09/17 18:22:39    /etc/condor/config.d/00esat.config
04/09/17 18:22:39    /etc/condor/config.d/01java.config
04/09/17 18:22:39    /etc/condor/config.d/80optout_users.config
04/09/17 18:22:39    /etc/condor/condor_config.local
04/09/17 18:22:39 config Macros = 174, Sorted = 174, StringBytes = 6673, TablesBytes = 6336
04/09/17 18:22:39 CLASSAD_CACHING is ENABLED
04/09/17 18:22:39 Daemon Log is logging: D_ALWAYS D_ERROR
04/09/17 18:22:39 DaemonCore: No command port requested.
04/09/17 18:22:39 DAGMAN_USE_STRICT setting: 1
04/09/17 18:22:39 DAGMAN_VERBOSITY setting: 3
04/09/17 18:22:39 DAGMAN_DEBUG_CACHE_SIZE setting: 5242880
04/09/17 18:22:39 DAGMAN_DEBUG_CACHE_ENABLE setting: False
04/09/17 18:22:39 DAGMAN_SUBMIT_DELAY setting: 0
04/09/17 18:22:39 DAGMAN_MAX_SUBMIT_ATTEMPTS setting: 6
04/09/17 18:22:39 DAGMAN_STARTUP_CYCLE_DETECT setting: False
04/09/17 18:22:39 DAGMAN_MAX_SUBMITS_PER_INTERVAL setting: 5
04/09/17 18:22:39 DAGMAN_USER_LOG_SCAN_INTERVAL setting: 5
04/09/17 18:22:39 DAGMAN_DEFAULT_PRIORITY setting: 0
04/09/17 18:22:39 DAGMAN_SUPPRESS_NOTIFICATION setting: True
04/09/17 18:22:39 allow_events (DAGMAN_ALLOW_EVENTS) setting: 114
04/09/17 18:22:39 DAGMAN_RETRY_SUBMIT_FIRST setting: True
04/09/17 18:22:39 DAGMAN_RETRY_NODE_FIRST setting: False
04/09/17 18:22:39 DAGMAN_MAX_JOBS_IDLE setting: 1000
04/09/17 18:22:39 DAGMAN_MAX_JOBS_SUBMITTED setting: 0
04/09/17 18:22:39 DAGMAN_MAX_PRE_SCRIPTS setting: 20
04/09/17 18:22:39 DAGMAN_MAX_POST_SCRIPTS setting: 20
04/09/17 18:22:39 DAGMAN_MUNGE_NODE_NAMES setting: True
04/09/17 18:22:39 DAGMAN_PROHIBIT_MULTI_JOBS setting: False
04/09/17 18:22:39 DAGMAN_SUBMIT_DEPTH_FIRST setting: False
04/09/17 18:22:39 DAGMAN_ALWAYS_RUN_POST setting: False
04/09/17 18:22:39 DAGMAN_ABORT_DUPLICATES setting: True
04/09/17 18:22:39 DAGMAN_ABORT_ON_SCARY_SUBMIT setting: True
04/09/17 18:22:39 DAGMAN_PENDING_REPORT_INTERVAL setting: 600
04/09/17 18:22:39 DAGMAN_AUTO_RESCUE setting: True
04/09/17 18:22:39 DAGMAN_MAX_RESCUE_NUM setting: 100
04/09/17 18:22:39 DAGMAN_WRITE_PARTIAL_RESCUE setting: True
04/09/17 18:22:39 DAGMAN_DEFAULT_NODE_LOG setting: @(DAG_DIR)/@(DAG_FILE).nodes.log
04/09/17 18:22:39 DAGMAN_GENERATE_SUBDAG_SUBMITS setting: True
04/09/17 18:22:39 DAGMAN_MAX_JOB_HOLDS setting: 100
04/09/17 18:22:39 DAGMAN_HOLD_CLAIM_TIME setting: 20
04/09/17 18:22:39 ALL_DEBUG setting: 
04/09/17 18:22:39 DAGMAN_DEBUG setting: 
04/09/17 18:22:39 DAGMAN_SUPPRESS_JOB_LOGS setting: False
04/09/17 18:22:39 DAGMAN_REMOVE_NODE_JOBS setting: True
04/09/17 18:22:39 argv[0] == "condor_scheduniv_exec.93.0"
04/09/17 18:22:39 argv[1] == "-Lockfile"
04/09/17 18:22:39 argv[2] == "ds_cbow_mean_lstm.dag.lock"
04/09/17 18:22:39 argv[3] == "-AutoRescue"
04/09/17 18:22:39 argv[4] == "1"
04/09/17 18:22:39 argv[5] == "-DoRescueFrom"
04/09/17 18:22:39 argv[6] == "0"
04/09/17 18:22:39 argv[7] == "-Dag"
04/09/17 18:22:39 argv[8] == "ds_cbow_mean_lstm.dag"
04/09/17 18:22:39 argv[9] == "-Suppress_notification"
04/09/17 18:22:39 argv[10] == "-CsdVersion"
04/09/17 18:22:39 argv[11] == "$CondorVersion: 8.6.1 Mar 01 2017 BuildID: 398585 $"
04/09/17 18:22:39 argv[12] == "-Dagman"
04/09/17 18:22:39 argv[13] == "/usr/bin/condor_dagman"
04/09/17 18:22:39 Workflow batch-name: <ds_cbow_mean_lstm.dag+93>
04/09/17 18:22:39 Workflow accounting_group: <>
04/09/17 18:22:39 Workflow accounting_group_user: <>
04/09/17 18:22:39 Warning: failed to get attribute DAGNodeName
04/09/17 18:22:39 DAGMAN_LOG_ON_NFS_IS_ERROR setting: False
04/09/17 18:22:39 Default node log file is: </esat/spchtemp/scratch/robbe/SpeechHub/pretrained_untied_models/python/jobdag/./ds_cbow_mean_lstm.dag.nodes.log>
04/09/17 18:22:39 DAG Lockfile will be written to ds_cbow_mean_lstm.dag.lock
04/09/17 18:22:39 DAG Input file is ds_cbow_mean_lstm.dag
04/09/17 18:22:39 Parsing 1 dagfiles
04/09/17 18:22:39 Parsing ds_cbow_mean_lstm.dag ...
04/09/17 18:22:39 Dag contains 2 total jobs
04/09/17 18:22:39 Sleeping for 3 seconds to ensure ProcessId uniqueness
04/09/17 18:22:42 Bootstrapping...
04/09/17 18:22:42 Number of pre-completed nodes: 0
04/09/17 18:22:42 MultiLogFiles: truncating log file /esat/spchtemp/scratch/robbe/SpeechHub/pretrained_untied_models/python/jobdag/./ds_cbow_mean_lstm.dag.nodes.log
04/09/17 18:22:43 DAG status: 0 (DAG_STATUS_OK)
04/09/17 18:22:43 Of 2 nodes total:
04/09/17 18:22:43  Done     Pre   Queued    Post   Ready   Un-Ready   Failed
04/09/17 18:22:43   ===     ===      ===     ===     ===        ===      ===
04/09/17 18:22:43     0       0        0       0       1          1        0
04/09/17 18:22:43 0 job proc(s) currently held
04/09/17 18:22:43 Registering condor_event_timer...
04/09/17 18:22:44 Submitting HTCondor Node cbow_mean_lstm job(s)...
04/09/17 18:22:44 Adding a DAGMan workflow log /esat/spchtemp/scratch/robbe/SpeechHub/pretrained_untied_models/python/jobdag/./ds_cbow_mean_lstm.dag.nodes.log
04/09/17 18:22:44 Masking the events recorded in the DAGMAN workflow log
04/09/17 18:22:44 Mask for workflow log is 0,1,2,4,5,7,9,10,11,12,13,16,17,24,27
04/09/17 18:22:44 submitting: /usr/bin/condor_submit -a dag_node_name' '=' 'cbow_mean_lstm -a +DAGManJobId' '=' '93 -a DAGManJobId' '=' '93 -batch-name ds_cbow_mean_lstm.dag+93 -a submit_event_notes' '=' 'DAG' 'Node:' 'cbow_mean_lstm -a dagman_log' '=' '/esat/spchtemp/scratch/robbe/SpeechHub/pretrained_untied_models/python/jobdag/./ds_cbow_mean_lstm.dag.nodes.log -a +DAGManNodesMask' '=' '"0,1,2,4,5,7,9,10,11,12,13,16,17,24,27" -a data_set' '=' 'ds -a test_name' '=' 'cbow_mean_lstm -a num_run' '=' '0 -a combination' '=' 'mean -a DAG_STATUS' '=' '0 -a FAILED_COUNT' '=' '0 -a +KeepClaimIdle' '=' '20 -a notification' '=' 'never -a +DAGParentNodeNames' '=' '"" jobdag/cbow_lstm.job
04/09/17 18:22:44 From submit: Submitting job(s).
04/09/17 18:22:44 From submit: 1 job(s) submitted to cluster 94.
04/09/17 18:22:44 	assigned HTCondor ID (94.0.0)
04/09/17 18:22:44 Just submitted 1 job this cycle...
04/09/17 18:22:44 Currently monitoring 1 HTCondor log file(s)
04/09/17 18:22:44 Reassigning the id of job cbow_mean_lstm from (94.0.0) to (94.0.0)
04/09/17 18:22:44 Event: ULOG_SUBMIT for HTCondor Node cbow_mean_lstm (94.0.0) {04/09/17 18:22:44}
04/09/17 18:22:44 Number of idle job procs: 1
04/09/17 18:22:44 DAG status: 0 (DAG_STATUS_OK)
04/09/17 18:22:44 Of 2 nodes total:
04/09/17 18:22:44  Done     Pre   Queued    Post   Ready   Un-Ready   Failed
04/09/17 18:22:44   ===     ===      ===     ===     ===        ===      ===
04/09/17 18:22:44     0       0        1       0       0          1        0
04/09/17 18:22:44 0 job proc(s) currently held
04/09/17 18:32:46 602 seconds since last log event
04/09/17 18:32:46 Pending DAG nodes:
04/09/17 18:32:46   Node cbow_mean_lstm, HTCondor ID 94, status STATUS_SUBMITTED
04/09/17 18:42:49 1205 seconds since last log event
04/09/17 18:42:49 Pending DAG nodes:
04/09/17 18:42:49   Node cbow_mean_lstm, HTCondor ID 94, status STATUS_SUBMITTED
04/09/17 18:52:52 1808 seconds since last log event
04/09/17 18:52:52 Pending DAG nodes:
04/09/17 18:52:52   Node cbow_mean_lstm, HTCondor ID 94, status STATUS_SUBMITTED
04/09/17 19:02:54 2410 seconds since last log event
04/09/17 19:02:54 Pending DAG nodes:
04/09/17 19:02:54   Node cbow_mean_lstm, HTCondor ID 94, status STATUS_SUBMITTED
04/09/17 19:12:57 3013 seconds since last log event
04/09/17 19:12:57 Pending DAG nodes:
04/09/17 19:12:57   Node cbow_mean_lstm, HTCondor ID 94, status STATUS_SUBMITTED
04/09/17 19:22:59 3615 seconds since last log event
04/09/17 19:22:59 Pending DAG nodes:
04/09/17 19:22:59   Node cbow_mean_lstm, HTCondor ID 94, status STATUS_SUBMITTED
04/09/17 19:33:02 4218 seconds since last log event
04/09/17 19:33:02 Pending DAG nodes:
04/09/17 19:33:02   Node cbow_mean_lstm, HTCondor ID 94, status STATUS_SUBMITTED
04/09/17 19:43:04 4820 seconds since last log event
04/09/17 19:43:04 Pending DAG nodes:
04/09/17 19:43:04   Node cbow_mean_lstm, HTCondor ID 94, status STATUS_SUBMITTED
04/09/17 19:53:07 5423 seconds since last log event
04/09/17 19:53:07 Pending DAG nodes:
04/09/17 19:53:07   Node cbow_mean_lstm, HTCondor ID 94, status STATUS_SUBMITTED
04/09/17 20:03:09 6025 seconds since last log event
04/09/17 20:03:09 Pending DAG nodes:
04/09/17 20:03:09   Node cbow_mean_lstm, HTCondor ID 94, status STATUS_SUBMITTED
04/09/17 20:13:12 6628 seconds since last log event
04/09/17 20:13:12 Pending DAG nodes:
04/09/17 20:13:12   Node cbow_mean_lstm, HTCondor ID 94, status STATUS_SUBMITTED
04/09/17 20:23:15 7231 seconds since last log event
04/09/17 20:23:15 Pending DAG nodes:
04/09/17 20:23:15   Node cbow_mean_lstm, HTCondor ID 94, status STATUS_SUBMITTED
04/09/17 20:33:18 7834 seconds since last log event
04/09/17 20:33:18 Pending DAG nodes:
04/09/17 20:33:18   Node cbow_mean_lstm, HTCondor ID 94, status STATUS_SUBMITTED
04/09/17 20:43:21 8437 seconds since last log event
04/09/17 20:43:21 Pending DAG nodes:
04/09/17 20:43:21   Node cbow_mean_lstm, HTCondor ID 94, status STATUS_SUBMITTED
04/09/17 20:53:23 9039 seconds since last log event
04/09/17 20:53:23 Pending DAG nodes:
04/09/17 20:53:23   Node cbow_mean_lstm, HTCondor ID 94, status STATUS_SUBMITTED
04/09/17 21:03:26 9642 seconds since last log event
04/09/17 21:03:26 Pending DAG nodes:
04/09/17 21:03:26   Node cbow_mean_lstm, HTCondor ID 94, status STATUS_SUBMITTED
04/09/17 21:13:29 10245 seconds since last log event
04/09/17 21:13:29 Pending DAG nodes:
04/09/17 21:13:29   Node cbow_mean_lstm, HTCondor ID 94, status STATUS_SUBMITTED
04/09/17 21:23:31 10847 seconds since last log event
04/09/17 21:23:31 Pending DAG nodes:
04/09/17 21:23:31   Node cbow_mean_lstm, HTCondor ID 94, status STATUS_SUBMITTED
04/09/17 21:33:33 11449 seconds since last log event
04/09/17 21:33:33 Pending DAG nodes:
04/09/17 21:33:33   Node cbow_mean_lstm, HTCondor ID 94, status STATUS_SUBMITTED
04/09/17 21:43:35 12051 seconds since last log event
04/09/17 21:43:35 Pending DAG nodes:
04/09/17 21:43:35   Node cbow_mean_lstm, HTCondor ID 94, status STATUS_SUBMITTED
04/09/17 21:53:38 12654 seconds since last log event
04/09/17 21:53:38 Pending DAG nodes:
04/09/17 21:53:38   Node cbow_mean_lstm, HTCondor ID 94, status STATUS_SUBMITTED
04/09/17 22:03:41 13257 seconds since last log event
04/09/17 22:03:41 Pending DAG nodes:
04/09/17 22:03:41   Node cbow_mean_lstm, HTCondor ID 94, status STATUS_SUBMITTED
04/09/17 22:13:43 13859 seconds since last log event
04/09/17 22:13:43 Pending DAG nodes:
04/09/17 22:13:43   Node cbow_mean_lstm, HTCondor ID 94, status STATUS_SUBMITTED
04/09/17 22:23:46 14462 seconds since last log event
04/09/17 22:23:46 Pending DAG nodes:
04/09/17 22:23:46   Node cbow_mean_lstm, HTCondor ID 94, status STATUS_SUBMITTED
04/09/17 22:33:49 15065 seconds since last log event
04/09/17 22:33:49 Pending DAG nodes:
04/09/17 22:33:49   Node cbow_mean_lstm, HTCondor ID 94, status STATUS_SUBMITTED
04/09/17 22:43:52 15668 seconds since last log event
04/09/17 22:43:52 Pending DAG nodes:
04/09/17 22:43:52   Node cbow_mean_lstm, HTCondor ID 94, status STATUS_SUBMITTED
04/09/17 22:53:54 16270 seconds since last log event
04/09/17 22:53:54 Pending DAG nodes:
04/09/17 22:53:54   Node cbow_mean_lstm, HTCondor ID 94, status STATUS_SUBMITTED
04/09/17 23:03:57 16873 seconds since last log event
04/09/17 23:03:57 Pending DAG nodes:
04/09/17 23:03:57   Node cbow_mean_lstm, HTCondor ID 94, status STATUS_SUBMITTED
04/09/17 23:13:59 17475 seconds since last log event
04/09/17 23:13:59 Pending DAG nodes:
04/09/17 23:13:59   Node cbow_mean_lstm, HTCondor ID 94, status STATUS_SUBMITTED
04/09/17 23:24:02 18078 seconds since last log event
04/09/17 23:24:02 Pending DAG nodes:
04/09/17 23:24:02   Node cbow_mean_lstm, HTCondor ID 94, status STATUS_SUBMITTED
04/09/17 23:34:03 18679 seconds since last log event
04/09/17 23:34:03 Pending DAG nodes:
04/09/17 23:34:03   Node cbow_mean_lstm, HTCondor ID 94, status STATUS_SUBMITTED
04/09/17 23:44:06 19282 seconds since last log event
04/09/17 23:44:06 Pending DAG nodes:
04/09/17 23:44:06   Node cbow_mean_lstm, HTCondor ID 94, status STATUS_SUBMITTED
04/09/17 23:54:08 19884 seconds since last log event
04/09/17 23:54:08 Pending DAG nodes:
04/09/17 23:54:08   Node cbow_mean_lstm, HTCondor ID 94, status STATUS_SUBMITTED
04/10/17 00:04:11 20487 seconds since last log event
04/10/17 00:04:11 Pending DAG nodes:
04/10/17 00:04:11   Node cbow_mean_lstm, HTCondor ID 94, status STATUS_SUBMITTED
04/10/17 00:14:14 21090 seconds since last log event
04/10/17 00:14:14 Pending DAG nodes:
04/10/17 00:14:14   Node cbow_mean_lstm, HTCondor ID 94, status STATUS_SUBMITTED
04/10/17 00:24:15 21691 seconds since last log event
04/10/17 00:24:15 Pending DAG nodes:
04/10/17 00:24:15   Node cbow_mean_lstm, HTCondor ID 94, status STATUS_SUBMITTED
04/10/17 00:34:18 22294 seconds since last log event
04/10/17 00:34:18 Pending DAG nodes:
04/10/17 00:34:18   Node cbow_mean_lstm, HTCondor ID 94, status STATUS_SUBMITTED
04/10/17 00:44:21 22897 seconds since last log event
04/10/17 00:44:21 Pending DAG nodes:
04/10/17 00:44:21   Node cbow_mean_lstm, HTCondor ID 94, status STATUS_SUBMITTED
04/10/17 00:54:24 23500 seconds since last log event
04/10/17 00:54:24 Pending DAG nodes:
04/10/17 00:54:24   Node cbow_mean_lstm, HTCondor ID 94, status STATUS_SUBMITTED
04/10/17 01:04:26 24102 seconds since last log event
04/10/17 01:04:26 Pending DAG nodes:
04/10/17 01:04:26   Node cbow_mean_lstm, HTCondor ID 94, status STATUS_SUBMITTED
04/10/17 01:14:29 24705 seconds since last log event
04/10/17 01:14:29 Pending DAG nodes:
04/10/17 01:14:29   Node cbow_mean_lstm, HTCondor ID 94, status STATUS_SUBMITTED
04/10/17 01:24:32 25308 seconds since last log event
04/10/17 01:24:32 Pending DAG nodes:
04/10/17 01:24:32   Node cbow_mean_lstm, HTCondor ID 94, status STATUS_SUBMITTED
04/10/17 01:34:35 25911 seconds since last log event
04/10/17 01:34:35 Pending DAG nodes:
04/10/17 01:34:35   Node cbow_mean_lstm, HTCondor ID 94, status STATUS_SUBMITTED
04/10/17 01:44:36 26512 seconds since last log event
04/10/17 01:44:36 Pending DAG nodes:
04/10/17 01:44:36   Node cbow_mean_lstm, HTCondor ID 94, status STATUS_SUBMITTED
04/10/17 01:54:39 27115 seconds since last log event
04/10/17 01:54:39 Pending DAG nodes:
04/10/17 01:54:39   Node cbow_mean_lstm, HTCondor ID 94, status STATUS_SUBMITTED
04/10/17 02:04:42 27718 seconds since last log event
04/10/17 02:04:42 Pending DAG nodes:
04/10/17 02:04:42   Node cbow_mean_lstm, HTCondor ID 94, status STATUS_SUBMITTED
04/10/17 02:14:45 28321 seconds since last log event
04/10/17 02:14:45 Pending DAG nodes:
04/10/17 02:14:45   Node cbow_mean_lstm, HTCondor ID 94, status STATUS_SUBMITTED
04/10/17 02:24:47 28923 seconds since last log event
04/10/17 02:24:47 Pending DAG nodes:
04/10/17 02:24:47   Node cbow_mean_lstm, HTCondor ID 94, status STATUS_SUBMITTED
04/10/17 02:34:50 29526 seconds since last log event
04/10/17 02:34:50 Pending DAG nodes:
04/10/17 02:34:50   Node cbow_mean_lstm, HTCondor ID 94, status STATUS_SUBMITTED
04/10/17 02:44:53 30129 seconds since last log event
04/10/17 02:44:53 Pending DAG nodes:
04/10/17 02:44:53   Node cbow_mean_lstm, HTCondor ID 94, status STATUS_SUBMITTED
04/10/17 02:54:56 30732 seconds since last log event
04/10/17 02:54:56 Pending DAG nodes:
04/10/17 02:54:56   Node cbow_mean_lstm, HTCondor ID 94, status STATUS_SUBMITTED
04/10/17 03:04:58 31334 seconds since last log event
04/10/17 03:04:58 Pending DAG nodes:
04/10/17 03:04:58   Node cbow_mean_lstm, HTCondor ID 94, status STATUS_SUBMITTED
04/10/17 03:15:00 31936 seconds since last log event
04/10/17 03:15:00 Pending DAG nodes:
04/10/17 03:15:00   Node cbow_mean_lstm, HTCondor ID 94, status STATUS_SUBMITTED
04/10/17 03:25:03 32539 seconds since last log event
04/10/17 03:25:03 Pending DAG nodes:
04/10/17 03:25:03   Node cbow_mean_lstm, HTCondor ID 94, status STATUS_SUBMITTED
04/10/17 03:35:06 33142 seconds since last log event
04/10/17 03:35:06 Pending DAG nodes:
04/10/17 03:35:06   Node cbow_mean_lstm, HTCondor ID 94, status STATUS_SUBMITTED
04/10/17 03:45:09 33745 seconds since last log event
04/10/17 03:45:09 Pending DAG nodes:
04/10/17 03:45:09   Node cbow_mean_lstm, HTCondor ID 94, status STATUS_SUBMITTED
04/10/17 03:55:11 34347 seconds since last log event
04/10/17 03:55:11 Pending DAG nodes:
04/10/17 03:55:11   Node cbow_mean_lstm, HTCondor ID 94, status STATUS_SUBMITTED
04/10/17 04:05:14 34950 seconds since last log event
04/10/17 04:05:14 Pending DAG nodes:
04/10/17 04:05:14   Node cbow_mean_lstm, HTCondor ID 94, status STATUS_SUBMITTED
04/10/17 04:15:17 35553 seconds since last log event
04/10/17 04:15:17 Pending DAG nodes:
04/10/17 04:15:17   Node cbow_mean_lstm, HTCondor ID 94, status STATUS_SUBMITTED
04/10/17 04:25:20 36156 seconds since last log event
04/10/17 04:25:20 Pending DAG nodes:
04/10/17 04:25:20   Node cbow_mean_lstm, HTCondor ID 94, status STATUS_SUBMITTED
04/10/17 04:35:23 36759 seconds since last log event
04/10/17 04:35:23 Pending DAG nodes:
04/10/17 04:35:23   Node cbow_mean_lstm, HTCondor ID 94, status STATUS_SUBMITTED
04/10/17 04:45:25 37361 seconds since last log event
04/10/17 04:45:25 Pending DAG nodes:
04/10/17 04:45:25   Node cbow_mean_lstm, HTCondor ID 94, status STATUS_SUBMITTED
04/10/17 04:55:28 37964 seconds since last log event
04/10/17 04:55:28 Pending DAG nodes:
04/10/17 04:55:28   Node cbow_mean_lstm, HTCondor ID 94, status STATUS_SUBMITTED
04/10/17 05:05:31 38567 seconds since last log event
04/10/17 05:05:31 Pending DAG nodes:
04/10/17 05:05:31   Node cbow_mean_lstm, HTCondor ID 94, status STATUS_SUBMITTED
04/10/17 05:15:34 39170 seconds since last log event
04/10/17 05:15:34 Pending DAG nodes:
04/10/17 05:15:34   Node cbow_mean_lstm, HTCondor ID 94, status STATUS_SUBMITTED
04/10/17 05:25:36 39772 seconds since last log event
04/10/17 05:25:36 Pending DAG nodes:
04/10/17 05:25:36   Node cbow_mean_lstm, HTCondor ID 94, status STATUS_SUBMITTED
04/10/17 05:35:39 40375 seconds since last log event
04/10/17 05:35:39 Pending DAG nodes:
04/10/17 05:35:39   Node cbow_mean_lstm, HTCondor ID 94, status STATUS_SUBMITTED
04/10/17 05:45:42 40978 seconds since last log event
04/10/17 05:45:42 Pending DAG nodes:
04/10/17 05:45:42   Node cbow_mean_lstm, HTCondor ID 94, status STATUS_SUBMITTED
04/10/17 05:55:45 41581 seconds since last log event
04/10/17 05:55:45 Pending DAG nodes:
04/10/17 05:55:45   Node cbow_mean_lstm, HTCondor ID 94, status STATUS_SUBMITTED
04/10/17 06:05:48 42184 seconds since last log event
04/10/17 06:05:48 Pending DAG nodes:
04/10/17 06:05:48   Node cbow_mean_lstm, HTCondor ID 94, status STATUS_SUBMITTED
04/10/17 06:15:50 42786 seconds since last log event
04/10/17 06:15:50 Pending DAG nodes:
04/10/17 06:15:50   Node cbow_mean_lstm, HTCondor ID 94, status STATUS_SUBMITTED
04/10/17 06:25:53 43389 seconds since last log event
04/10/17 06:25:53 Pending DAG nodes:
04/10/17 06:25:53   Node cbow_mean_lstm, HTCondor ID 94, status STATUS_SUBMITTED
04/10/17 06:35:56 43992 seconds since last log event
04/10/17 06:35:56 Pending DAG nodes:
04/10/17 06:35:56   Node cbow_mean_lstm, HTCondor ID 94, status STATUS_SUBMITTED
04/10/17 06:45:59 44595 seconds since last log event
04/10/17 06:45:59 Pending DAG nodes:
04/10/17 06:45:59   Node cbow_mean_lstm, HTCondor ID 94, status STATUS_SUBMITTED
04/10/17 06:56:01 45197 seconds since last log event
04/10/17 06:56:01 Pending DAG nodes:
04/10/17 06:56:01   Node cbow_mean_lstm, HTCondor ID 94, status STATUS_SUBMITTED
04/10/17 07:06:04 45800 seconds since last log event
04/10/17 07:06:04 Pending DAG nodes:
04/10/17 07:06:04   Node cbow_mean_lstm, HTCondor ID 94, status STATUS_SUBMITTED
04/10/17 07:16:07 46403 seconds since last log event
04/10/17 07:16:07 Pending DAG nodes:
04/10/17 07:16:07   Node cbow_mean_lstm, HTCondor ID 94, status STATUS_SUBMITTED
04/10/17 07:26:10 47006 seconds since last log event
04/10/17 07:26:10 Pending DAG nodes:
04/10/17 07:26:10   Node cbow_mean_lstm, HTCondor ID 94, status STATUS_SUBMITTED
04/10/17 07:36:13 47609 seconds since last log event
04/10/17 07:36:13 Pending DAG nodes:
04/10/17 07:36:13   Node cbow_mean_lstm, HTCondor ID 94, status STATUS_SUBMITTED
04/10/17 07:46:15 48211 seconds since last log event
04/10/17 07:46:15 Pending DAG nodes:
04/10/17 07:46:15   Node cbow_mean_lstm, HTCondor ID 94, status STATUS_SUBMITTED
04/10/17 07:56:18 48814 seconds since last log event
04/10/17 07:56:18 Pending DAG nodes:
04/10/17 07:56:18   Node cbow_mean_lstm, HTCondor ID 94, status STATUS_SUBMITTED
04/10/17 08:06:21 49417 seconds since last log event
04/10/17 08:06:21 Pending DAG nodes:
04/10/17 08:06:21   Node cbow_mean_lstm, HTCondor ID 94, status STATUS_SUBMITTED
04/10/17 08:16:24 50020 seconds since last log event
04/10/17 08:16:24 Pending DAG nodes:
04/10/17 08:16:24   Node cbow_mean_lstm, HTCondor ID 94, status STATUS_SUBMITTED
04/10/17 08:26:26 50622 seconds since last log event
04/10/17 08:26:26 Pending DAG nodes:
04/10/17 08:26:26   Node cbow_mean_lstm, HTCondor ID 94, status STATUS_SUBMITTED
04/10/17 08:36:29 51225 seconds since last log event
04/10/17 08:36:29 Pending DAG nodes:
04/10/17 08:36:29   Node cbow_mean_lstm, HTCondor ID 94, status STATUS_SUBMITTED
04/10/17 08:46:31 51827 seconds since last log event
04/10/17 08:46:31 Pending DAG nodes:
04/10/17 08:46:31   Node cbow_mean_lstm, HTCondor ID 94, status STATUS_SUBMITTED
04/10/17 08:56:34 52430 seconds since last log event
04/10/17 08:56:34 Pending DAG nodes:
04/10/17 08:56:34   Node cbow_mean_lstm, HTCondor ID 94, status STATUS_SUBMITTED
04/10/17 09:06:37 53033 seconds since last log event
04/10/17 09:06:37 Pending DAG nodes:
04/10/17 09:06:37   Node cbow_mean_lstm, HTCondor ID 94, status STATUS_SUBMITTED
04/10/17 09:16:40 53636 seconds since last log event
04/10/17 09:16:40 Pending DAG nodes:
04/10/17 09:16:40   Node cbow_mean_lstm, HTCondor ID 94, status STATUS_SUBMITTED
04/10/17 09:26:42 54238 seconds since last log event
04/10/17 09:26:42 Pending DAG nodes:
04/10/17 09:26:42   Node cbow_mean_lstm, HTCondor ID 94, status STATUS_SUBMITTED
04/10/17 09:36:45 54841 seconds since last log event
04/10/17 09:36:45 Pending DAG nodes:
04/10/17 09:36:45   Node cbow_mean_lstm, HTCondor ID 94, status STATUS_SUBMITTED
04/10/17 09:46:47 55443 seconds since last log event
04/10/17 09:46:47 Pending DAG nodes:
04/10/17 09:46:47   Node cbow_mean_lstm, HTCondor ID 94, status STATUS_SUBMITTED
04/10/17 09:56:49 56045 seconds since last log event
04/10/17 09:56:49 Pending DAG nodes:
04/10/17 09:56:49   Node cbow_mean_lstm, HTCondor ID 94, status STATUS_SUBMITTED
04/10/17 10:06:51 56647 seconds since last log event
04/10/17 10:06:51 Pending DAG nodes:
04/10/17 10:06:51   Node cbow_mean_lstm, HTCondor ID 94, status STATUS_SUBMITTED
04/10/17 10:16:54 57250 seconds since last log event
04/10/17 10:16:54 Pending DAG nodes:
04/10/17 10:16:54   Node cbow_mean_lstm, HTCondor ID 94, status STATUS_SUBMITTED
04/10/17 10:26:57 57853 seconds since last log event
04/10/17 10:26:57 Pending DAG nodes:
04/10/17 10:26:57   Node cbow_mean_lstm, HTCondor ID 94, status STATUS_SUBMITTED
