job started
Epoch: 1 Learning rate: 1.000
0.000 perplexity: 49955.000 speed: 178 wps
0.100 perplexity: 328.712 speed: 2951 wps
0.200 perplexity: 268.180 speed: 2824 wps
0.300 perplexity: 240.854 speed: 2860 wps
0.400 perplexity: 224.149 speed: 2884 wps
0.500 perplexity: 212.608 speed: 2897 wps
0.600 perplexity: 204.341 speed: 2906 wps
0.700 perplexity: 197.675 speed: 2912 wps
0.800 perplexity: 192.271 speed: 2918 wps
0.900 perplexity: 187.727 speed: 2921 wps
1.000 perplexity: 183.818 speed: 2926 wps
Epoch: 1 Train Perplexity: 183.818
with(perplexity: 145.672) speed: 3903 wps
Epoch: 1 Valid Perplexity: 145.672
Epoch: 2 Learning rate: 1.000
0.000 perplexity: 207.112 speed: 3243 wps
0.100 perplexity: 150.691 speed: 2965 wps
0.200 perplexity: 149.107 speed: 2974 wps
0.300 perplexity: 148.217 speed: 2976 wps
0.400 perplexity: 147.354 speed: 2976 wps
0.500 perplexity: 146.508 speed: 2974 wps
0.600 perplexity: 146.009 speed: 2972 wps
0.700 perplexity: 145.399 speed: 2973 wps
0.800 perplexity: 144.797 speed: 2972 wps
0.900 perplexity: 144.203 speed: 2972 wps
1.000 perplexity: 143.620 speed: 2972 wps
Epoch: 2 Train Perplexity: 143.620
with(perplexity: 132.767) speed: 7850 wps
Epoch: 2 Valid Perplexity: 132.767
Epoch: 3 Learning rate: 1.000
0.000 perplexity: 201.753 speed: 3535 wps
0.100 perplexity: 138.512 speed: 2965 wps
0.200 perplexity: 137.585 speed: 2970 wps
0.300 perplexity: 137.207 speed: 2970 wps
0.400 perplexity: 136.855 speed: 2972 wps
0.500 perplexity: 136.443 speed: 2970 wps
0.600 perplexity: 136.321 speed: 2970 wps
0.700 perplexity: 136.064 speed: 2971 wps
0.800 perplexity: 135.801 speed: 2971 wps
0.900 perplexity: 135.515 speed: 2971 wps
1.000 perplexity: 135.220 speed: 2972 wps
Epoch: 3 Train Perplexity: 135.221
with(perplexity: 127.327) speed: 5023 wps
Epoch: 3 Valid Perplexity: 127.327
with(perplexity: 143.208) speed: 295 wps
Test Perplexity: 143.208
Saving model to /esat/spchtemp/scratch/robbe/SpeechHub/pretrained_untied_models/output/cbow_tfidf_lstm_0/cbow_tfidf_lstm_0.
hihi
