000 (011.000.000) 04/07 18:45:49 Job submitted from host: <10.33.133.164:9618?addrs=10.33.133.164-9618+[--1]-9618&noUDP&sock=1320_fd1a_4>
    DAG Node: cbow_tfidf_soft
...
001 (011.000.000) 04/07 21:37:17 Job executing on host: <10.33.133.61:9618?addrs=10.33.133.61-9618+[--1]-9618&noUDP&sock=1175_87de_3>
...
005 (011.000.000) 04/09 03:59:51 Job terminated.
	(1) Normal termination (return value 0)
		Usr 0 21:00:03, Sys 0 00:22:55  -  Run Remote Usage
		Usr 0 00:00:00, Sys 0 00:00:00  -  Run Local Usage
		Usr 0 21:00:03, Sys 0 00:22:55  -  Total Remote Usage
		Usr 0 00:00:00, Sys 0 00:00:00  -  Total Local Usage
	0  -  Run Bytes Sent By Job
	0  -  Run Bytes Received By Job
	0  -  Total Bytes Sent By Job
	0  -  Total Bytes Received By Job
	Partitionable Resources :    Usage  Request Allocated
	   Cpus                 :                 1         1
	   Disk (KB)            :        7        7   9573783
	   Gpus                 :                 1         1
	   Memory (MB)          :     1430     4096      4096
...
000 (014.000.000) 04/09 03:59:57 Job submitted from host: <10.33.133.164:9618?addrs=10.33.133.164-9618+[--1]-9618&noUDP&sock=1320_fd1a_4>
    DAG Node: cbow_tfidf_soft_test
...
001 (014.000.000) 04/09 09:45:43 Job executing on host: <10.33.133.71:9618?addrs=10.33.133.71-9618+[--1]-9618&noUDP&sock=1561_4b6d_3>
...
005 (014.000.000) 04/09 09:46:01 Job terminated.
	(1) Normal termination (return value 0)
		Usr 0 00:00:16, Sys 0 00:00:02  -  Run Remote Usage
		Usr 0 00:00:00, Sys 0 00:00:00  -  Run Local Usage
		Usr 0 00:00:16, Sys 0 00:00:02  -  Total Remote Usage
		Usr 0 00:00:00, Sys 0 00:00:00  -  Total Local Usage
	0  -  Run Bytes Sent By Job
	0  -  Run Bytes Received By Job
	0  -  Total Bytes Sent By Job
	0  -  Total Bytes Received By Job
	Partitionable Resources :    Usage  Request Allocated
	   Cpus                 :                 1         1
	   Disk (KB)            :        7        7  39050682
	   Gpus                 :                 1         1
	   Memory (MB)          :      319     4096      4096
...
