job started
Epoch: 1 Learning rate: 1.000
0.000 perplexity: 49869.047 speed: 200 wps
0.100 perplexity: 355.729 speed: 3240 wps
0.200 perplexity: 289.817 speed: 3241 wps
0.300 perplexity: 259.971 speed: 3260 wps
0.400 perplexity: 241.748 speed: 3256 wps
0.500 perplexity: 229.098 speed: 3263 wps
0.600 perplexity: 220.034 speed: 3269 wps
0.700 perplexity: 212.766 speed: 3275 wps
0.800 perplexity: 206.858 speed: 3277 wps
0.900 perplexity: 201.907 speed: 3280 wps
1.000 perplexity: 197.659 speed: 3283 wps
Epoch: 1 Train Perplexity: 197.659
with(perplexity: 155.335) speed: 7637 wps
Epoch: 1 Valid Perplexity: 155.335
Epoch: 2 Learning rate: 1.000
0.000 perplexity: 230.248 speed: 3185 wps
0.100 perplexity: 161.770 speed: 3292 wps
0.200 perplexity: 160.084 speed: 3301 wps
0.300 perplexity: 159.104 speed: 3302 wps
0.400 perplexity: 158.206 speed: 3305 wps
0.500 perplexity: 157.276 speed: 3303 wps
0.600 perplexity: 156.731 speed: 3303 wps
0.700 perplexity: 156.083 speed: 3305 wps
0.800 perplexity: 155.442 speed: 3305 wps
0.900 perplexity: 154.809 speed: 3305 wps
1.000 perplexity: 154.187 speed: 3306 wps
Epoch: 2 Train Perplexity: 154.188
with(perplexity: 141.654) speed: 7671 wps
Epoch: 2 Valid Perplexity: 141.654
Epoch: 3 Learning rate: 1.000
0.000 perplexity: 214.680 speed: 3379 wps
0.100 perplexity: 148.742 speed: 3297 wps
0.200 perplexity: 147.815 speed: 3305 wps
0.300 perplexity: 147.403 speed: 3307 wps
0.400 perplexity: 147.028 speed: 3309 wps
0.500 perplexity: 146.576 speed: 3305 wps
0.600 perplexity: 146.440 speed: 3305 wps
0.700 perplexity: 146.165 speed: 3306 wps
0.800 perplexity: 145.876 speed: 3306 wps
0.900 perplexity: 145.573 speed: 3305 wps
1.000 perplexity: 145.256 speed: 3306 wps
Epoch: 3 Train Perplexity: 145.257
with(perplexity: 136.069) speed: 7656 wps
Epoch: 3 Valid Perplexity: 136.069
with(perplexity: 152.048) speed: 344 wps
Test Perplexity: 152.048
Saving model to /esat/spchtemp/scratch/robbe/SpeechHub/pretrained_untied_models/output/cbow_tfidf_soft_0/cbow_tfidf_soft_0.
hihi
