I tensorflow/stream_executor/dso_loader.cc:128] successfully opened CUDA library libcublas.so locally
I tensorflow/stream_executor/dso_loader.cc:128] successfully opened CUDA library libcudnn.so locally
I tensorflow/stream_executor/dso_loader.cc:128] successfully opened CUDA library libcufft.so locally
I tensorflow/stream_executor/dso_loader.cc:128] successfully opened CUDA library libcuda.so.1 locally
I tensorflow/stream_executor/dso_loader.cc:128] successfully opened CUDA library libcurand.so locally
/users/start2014/r0364650/.local/lib/python2.7/site-packages/gensim/utils.py:1015: UserWarning: Pattern library is not installed, lemmatization won't be available.
  warnings.warn("Pattern library is not installed, lemmatization won't be available.")
I tensorflow/stream_executor/cuda/cuda_gpu_executor.cc:937] successful NUMA node read from SysFS had negative value (-1), but there must be at least one NUMA node, so returning NUMA node zero
I tensorflow/core/common_runtime/gpu/gpu_device.cc:885] Found device 0 with properties: 
name: GeForce GTX 960
major: 5 minor: 2 memoryClockRate (GHz) 1.253
pciBusID 0000:46:00.0
Total memory: 3.94GiB
Free memory: 3.90GiB
I tensorflow/core/common_runtime/gpu/gpu_device.cc:906] DMA: 0 
I tensorflow/core/common_runtime/gpu/gpu_device.cc:916] 0:   Y 
I tensorflow/core/common_runtime/gpu/gpu_device.cc:975] Creating TensorFlow device (/gpu:0) -> (device: 0, name: GeForce GTX 960, pci bus id: 0000:46:00.0)
I tensorflow/core/common_runtime/gpu/pool_allocator.cc:247] PoolAllocator: After 10385 get requests, put_count=10385 evicted_count=1000 eviction_rate=0.0962927 and unsatisfied allocation rate=0.105922
I tensorflow/core/common_runtime/gpu/pool_allocator.cc:259] Raising pool_size_limit_ from 100 to 110
I tensorflow/core/common_runtime/gpu/pool_allocator.cc:247] PoolAllocator: After 1866383 get requests, put_count=1866390 evicted_count=3000 eviction_rate=0.00160738 and unsatisfied allocation rate=0.00161382
I tensorflow/core/common_runtime/gpu/pool_allocator.cc:247] PoolAllocator: After 7828692 get requests, put_count=7828699 evicted_count=13000 eviction_rate=0.00166056 and unsatisfied allocation rate=0.00166209
I tensorflow/core/common_runtime/gpu/pool_allocator.cc:247] PoolAllocator: After 13731339 get requests, put_count=13731347 evicted_count=23000 eviction_rate=0.001675 and unsatisfied allocation rate=0.0016758
I tensorflow/core/common_runtime/gpu/pool_allocator.cc:247] PoolAllocator: After 19658629 get requests, put_count=19658636 evicted_count=33000 eviction_rate=0.00167865 and unsatisfied allocation rate=0.00167926
I tensorflow/core/common_runtime/gpu/pool_allocator.cc:247] PoolAllocator: After 25628720 get requests, put_count=25628728 evicted_count=43000 eviction_rate=0.0016778 and unsatisfied allocation rate=0.00167823
I tensorflow/core/common_runtime/gpu/pool_allocator.cc:247] PoolAllocator: After 31473002 get requests, put_count=31473010 evicted_count=53000 eviction_rate=0.00168398 and unsatisfied allocation rate=0.00168433
I tensorflow/core/common_runtime/gpu/pool_allocator.cc:247] PoolAllocator: After 37360085 get requests, put_count=37360092 evicted_count=63000 eviction_rate=0.00168629 and unsatisfied allocation rate=0.00168661
I tensorflow/core/common_runtime/gpu/pool_allocator.cc:247] PoolAllocator: After 43254950 get requests, put_count=43254957 evicted_count=73000 eviction_rate=0.00168767 and unsatisfied allocation rate=0.00168795
I tensorflow/core/common_runtime/gpu/pool_allocator.cc:247] PoolAllocator: After 49241902 get requests, put_count=49241910 evicted_count=83000 eviction_rate=0.00168556 and unsatisfied allocation rate=0.00168578
I tensorflow/core/common_runtime/gpu/pool_allocator.cc:247] PoolAllocator: After 55213290 get requests, put_count=55213297 evicted_count=93000 eviction_rate=0.00168438 and unsatisfied allocation rate=0.00168459
I tensorflow/core/common_runtime/gpu/pool_allocator.cc:247] PoolAllocator: After 61329942 get requests, put_count=61329949 evicted_count=103000 eviction_rate=0.00167944 and unsatisfied allocation rate=0.00167964
I tensorflow/core/common_runtime/gpu/pool_allocator.cc:247] PoolAllocator: After 67219619 get requests, put_count=67219627 evicted_count=113000 eviction_rate=0.00168106 and unsatisfied allocation rate=0.00168122
I tensorflow/core/common_runtime/gpu/pool_allocator.cc:247] PoolAllocator: After 73232511 get requests, put_count=73232519 evicted_count=123000 eviction_rate=0.00167958 and unsatisfied allocation rate=0.00167973
I tensorflow/core/common_runtime/gpu/pool_allocator.cc:247] PoolAllocator: After 79177959 get requests, put_count=79177967 evicted_count=133000 eviction_rate=0.00167976 and unsatisfied allocation rate=0.0016799
I tensorflow/core/common_runtime/gpu/pool_allocator.cc:247] PoolAllocator: After 85019647 get requests, put_count=85019655 evicted_count=143000 eviction_rate=0.00168196 and unsatisfied allocation rate=0.00168209
