I tensorflow/stream_executor/dso_loader.cc:128] successfully opened CUDA library libcublas.so locally
I tensorflow/stream_executor/dso_loader.cc:128] successfully opened CUDA library libcudnn.so locally
I tensorflow/stream_executor/dso_loader.cc:128] successfully opened CUDA library libcufft.so locally
I tensorflow/stream_executor/dso_loader.cc:128] successfully opened CUDA library libcuda.so.1 locally
I tensorflow/stream_executor/dso_loader.cc:128] successfully opened CUDA library libcurand.so locally
/users/start2014/r0364650/.local/lib/python2.7/site-packages/gensim/utils.py:1015: UserWarning: Pattern library is not installed, lemmatization won't be available.
  warnings.warn("Pattern library is not installed, lemmatization won't be available.")
I tensorflow/stream_executor/cuda/cuda_gpu_executor.cc:937] successful NUMA node read from SysFS had negative value (-1), but there must be at least one NUMA node, so returning NUMA node zero
I tensorflow/core/common_runtime/gpu/gpu_device.cc:885] Found device 0 with properties: 
name: GeForce GTX TITAN X
major: 5 minor: 2 memoryClockRate (GHz) 1.076
pciBusID 0000:01:00.0
Total memory: 11.92GiB
Free memory: 11.78GiB
I tensorflow/core/common_runtime/gpu/gpu_device.cc:906] DMA: 0 
I tensorflow/core/common_runtime/gpu/gpu_device.cc:916] 0:   Y 
I tensorflow/core/common_runtime/gpu/gpu_device.cc:975] Creating TensorFlow device (/gpu:0) -> (device: 0, name: GeForce GTX TITAN X, pci bus id: 0000:01:00.0)
I tensorflow/core/common_runtime/gpu/pool_allocator.cc:247] PoolAllocator: After 10878 get requests, put_count=10782 evicted_count=1000 eviction_rate=0.0927472 and unsatisfied allocation rate=0.109947
I tensorflow/core/common_runtime/gpu/pool_allocator.cc:259] Raising pool_size_limit_ from 100 to 110
I tensorflow/core/common_runtime/gpu/pool_allocator.cc:247] PoolAllocator: After 4312680 get requests, put_count=4312681 evicted_count=3000 eviction_rate=0.000695623 and unsatisfied allocation rate=0.000699797
I tensorflow/core/common_runtime/gpu/pool_allocator.cc:247] PoolAllocator: After 16389180 get requests, put_count=16389181 evicted_count=13000 eviction_rate=0.000793206 and unsatisfied allocation rate=0.000794305
I tensorflow/core/common_runtime/gpu/pool_allocator.cc:247] PoolAllocator: After 28626513 get requests, put_count=28626514 evicted_count=23000 eviction_rate=0.000803451 and unsatisfied allocation rate=0.00080408
I tensorflow/core/common_runtime/gpu/pool_allocator.cc:247] PoolAllocator: After 40598433 get requests, put_count=40598434 evicted_count=33000 eviction_rate=0.000812839 and unsatisfied allocation rate=0.000813283
I tensorflow/core/common_runtime/gpu/pool_allocator.cc:247] PoolAllocator: After 52689873 get requests, put_count=52689874 evicted_count=43000 eviction_rate=0.000816096 and unsatisfied allocation rate=0.000816438
I tensorflow/core/common_runtime/gpu/pool_allocator.cc:247] PoolAllocator: After 64900833 get requests, put_count=64900834 evicted_count=53000 eviction_rate=0.00081663 and unsatisfied allocation rate=0.000816908
I tensorflow/core/common_runtime/gpu/pool_allocator.cc:247] PoolAllocator: After 77335893 get requests, put_count=77335894 evicted_count=63000 eviction_rate=0.000814628 and unsatisfied allocation rate=0.000814861
I tensorflow/core/common_runtime/gpu/pool_allocator.cc:247] PoolAllocator: After 90011466 get requests, put_count=90011467 evicted_count=73000 eviction_rate=0.000811008 and unsatisfied allocation rate=0.000811208
I tensorflow/core/common_runtime/gpu/pool_allocator.cc:247] PoolAllocator: After 102461466 get requests, put_count=102461467 evicted_count=83000 eviction_rate=0.000810061 and unsatisfied allocation rate=0.000810236
I tensorflow/core/common_runtime/gpu/pool_allocator.cc:247] PoolAllocator: After 114911466 get requests, put_count=114911467 evicted_count=93000 eviction_rate=0.000809319 and unsatisfied allocation rate=0.000809475
I tensorflow/core/common_runtime/gpu/pool_allocator.cc:247] PoolAllocator: After 127331586 get requests, put_count=127331587 evicted_count=103000 eviction_rate=0.000808912 and unsatisfied allocation rate=0.000809053
I tensorflow/core/common_runtime/gpu/pool_allocator.cc:247] PoolAllocator: After 139781586 get requests, put_count=139781587 evicted_count=113000 eviction_rate=0.000808404 and unsatisfied allocation rate=0.000808533
