04/07/17 18:39:23 ******************************************************
04/07/17 18:39:23 ** condor_scheduniv_exec.127.0 (CONDOR_DAGMAN) STARTING UP
04/07/17 18:39:23 ** /usr/bin/condor_dagman
04/07/17 18:39:23 ** SubsystemInfo: name=DAGMAN type=DAGMAN(10) class=DAEMON(1)
04/07/17 18:39:23 ** Configuration: subsystem:DAGMAN local:<NONE> class:DAEMON
04/07/17 18:39:23 ** $CondorVersion: 8.6.1 Mar 01 2017 BuildID: 398585 $
04/07/17 18:39:23 ** $CondorPlatform: x86_64_RedHat7 $
04/07/17 18:39:23 ** PID = 27235
04/07/17 18:39:23 ** Log last touched time unavailable (No such file or directory)
04/07/17 18:39:23 ******************************************************
04/07/17 18:39:23 Using config source: /etc/condor/condor_config
04/07/17 18:39:23 Using local config sources: 
04/07/17 18:39:23    /etc/condor/config.d/00esat.config
04/07/17 18:39:23    /etc/condor/config.d/01java.config
04/07/17 18:39:23    /etc/condor/config.d/80optout_users.config
04/07/17 18:39:23    /etc/condor/condor_config.local
04/07/17 18:39:23 config Macros = 174, Sorted = 174, StringBytes = 6658, TablesBytes = 6336
04/07/17 18:39:23 CLASSAD_CACHING is ENABLED
04/07/17 18:39:23 Daemon Log is logging: D_ALWAYS D_ERROR
04/07/17 18:39:23 DaemonCore: No command port requested.
04/07/17 18:39:23 DAGMAN_USE_STRICT setting: 1
04/07/17 18:39:23 DAGMAN_VERBOSITY setting: 3
04/07/17 18:39:23 DAGMAN_DEBUG_CACHE_SIZE setting: 5242880
04/07/17 18:39:23 DAGMAN_DEBUG_CACHE_ENABLE setting: False
04/07/17 18:39:23 DAGMAN_SUBMIT_DELAY setting: 0
04/07/17 18:39:23 DAGMAN_MAX_SUBMIT_ATTEMPTS setting: 6
04/07/17 18:39:23 DAGMAN_STARTUP_CYCLE_DETECT setting: False
04/07/17 18:39:23 DAGMAN_MAX_SUBMITS_PER_INTERVAL setting: 5
04/07/17 18:39:23 DAGMAN_USER_LOG_SCAN_INTERVAL setting: 5
04/07/17 18:39:23 DAGMAN_DEFAULT_PRIORITY setting: 0
04/07/17 18:39:23 DAGMAN_SUPPRESS_NOTIFICATION setting: True
04/07/17 18:39:23 allow_events (DAGMAN_ALLOW_EVENTS) setting: 114
04/07/17 18:39:23 DAGMAN_RETRY_SUBMIT_FIRST setting: True
04/07/17 18:39:23 DAGMAN_RETRY_NODE_FIRST setting: False
04/07/17 18:39:23 DAGMAN_MAX_JOBS_IDLE setting: 1000
04/07/17 18:39:23 DAGMAN_MAX_JOBS_SUBMITTED setting: 0
04/07/17 18:39:23 DAGMAN_MAX_PRE_SCRIPTS setting: 20
04/07/17 18:39:23 DAGMAN_MAX_POST_SCRIPTS setting: 20
04/07/17 18:39:23 DAGMAN_MUNGE_NODE_NAMES setting: True
04/07/17 18:39:23 DAGMAN_PROHIBIT_MULTI_JOBS setting: False
04/07/17 18:39:23 DAGMAN_SUBMIT_DEPTH_FIRST setting: False
04/07/17 18:39:23 DAGMAN_ALWAYS_RUN_POST setting: False
04/07/17 18:39:23 DAGMAN_ABORT_DUPLICATES setting: True
04/07/17 18:39:23 DAGMAN_ABORT_ON_SCARY_SUBMIT setting: True
04/07/17 18:39:23 DAGMAN_PENDING_REPORT_INTERVAL setting: 600
04/07/17 18:39:23 DAGMAN_AUTO_RESCUE setting: True
04/07/17 18:39:23 DAGMAN_MAX_RESCUE_NUM setting: 100
04/07/17 18:39:23 DAGMAN_WRITE_PARTIAL_RESCUE setting: True
04/07/17 18:39:23 DAGMAN_DEFAULT_NODE_LOG setting: @(DAG_DIR)/@(DAG_FILE).nodes.log
04/07/17 18:39:23 DAGMAN_GENERATE_SUBDAG_SUBMITS setting: True
04/07/17 18:39:23 DAGMAN_MAX_JOB_HOLDS setting: 100
04/07/17 18:39:23 DAGMAN_HOLD_CLAIM_TIME setting: 20
04/07/17 18:39:23 ALL_DEBUG setting: 
04/07/17 18:39:23 DAGMAN_DEBUG setting: 
04/07/17 18:39:23 DAGMAN_SUPPRESS_JOB_LOGS setting: False
04/07/17 18:39:23 DAGMAN_REMOVE_NODE_JOBS setting: True
04/07/17 18:39:23 argv[0] == "condor_scheduniv_exec.127.0"
04/07/17 18:39:23 argv[1] == "-Lockfile"
04/07/17 18:39:23 argv[2] == "ds_original.dag.lock"
04/07/17 18:39:23 argv[3] == "-AutoRescue"
04/07/17 18:39:23 argv[4] == "1"
04/07/17 18:39:23 argv[5] == "-DoRescueFrom"
04/07/17 18:39:23 argv[6] == "0"
04/07/17 18:39:23 argv[7] == "-Dag"
04/07/17 18:39:23 argv[8] == "ds_original.dag"
04/07/17 18:39:23 argv[9] == "-Suppress_notification"
04/07/17 18:39:23 argv[10] == "-CsdVersion"
04/07/17 18:39:23 argv[11] == "$CondorVersion: 8.6.1 Mar 01 2017 BuildID: 398585 $"
04/07/17 18:39:23 argv[12] == "-Dagman"
04/07/17 18:39:23 argv[13] == "/usr/bin/condor_dagman"
04/07/17 18:39:23 Workflow batch-name: <ds_original.dag+127>
04/07/17 18:39:23 Workflow accounting_group: <>
04/07/17 18:39:23 Workflow accounting_group_user: <>
04/07/17 18:39:23 Warning: failed to get attribute DAGNodeName
04/07/17 18:39:23 DAGMAN_LOG_ON_NFS_IS_ERROR setting: False
04/07/17 18:39:23 Default node log file is: </esat/spchtemp/scratch/robbe/SpeechHub/pretrained_untied_models/python/jobdag/./ds_original.dag.nodes.log>
04/07/17 18:39:23 DAG Lockfile will be written to ds_original.dag.lock
04/07/17 18:39:23 DAG Input file is ds_original.dag
04/07/17 18:39:23 Parsing 1 dagfiles
04/07/17 18:39:23 Parsing ds_original.dag ...
04/07/17 18:39:23 Dag contains 2 total jobs
04/07/17 18:39:23 Sleeping for 3 seconds to ensure ProcessId uniqueness
04/07/17 18:39:26 Bootstrapping...
04/07/17 18:39:26 Number of pre-completed nodes: 0
04/07/17 18:39:26 MultiLogFiles: truncating log file /esat/spchtemp/scratch/robbe/SpeechHub/pretrained_untied_models/python/jobdag/./ds_original.dag.nodes.log
04/07/17 18:39:26 DAG status: 0 (DAG_STATUS_OK)
04/07/17 18:39:26 Of 2 nodes total:
04/07/17 18:39:26  Done     Pre   Queued    Post   Ready   Un-Ready   Failed
04/07/17 18:39:26   ===     ===      ===     ===     ===        ===      ===
04/07/17 18:39:26     0       0        0       0       1          1        0
04/07/17 18:39:26 0 job proc(s) currently held
04/07/17 18:39:26 Registering condor_event_timer...
04/07/17 18:39:27 Submitting HTCondor Node original job(s)...
04/07/17 18:39:27 Adding a DAGMan workflow log /esat/spchtemp/scratch/robbe/SpeechHub/pretrained_untied_models/python/jobdag/./ds_original.dag.nodes.log
04/07/17 18:39:27 Masking the events recorded in the DAGMAN workflow log
04/07/17 18:39:27 Mask for workflow log is 0,1,2,4,5,7,9,10,11,12,13,16,17,24,27
04/07/17 18:39:27 submitting: /usr/bin/condor_submit -a dag_node_name' '=' 'original -a +DAGManJobId' '=' '127 -a DAGManJobId' '=' '127 -batch-name ds_original.dag+127 -a submit_event_notes' '=' 'DAG' 'Node:' 'original -a dagman_log' '=' '/esat/spchtemp/scratch/robbe/SpeechHub/pretrained_untied_models/python/jobdag/./ds_original.dag.nodes.log -a +DAGManNodesMask' '=' '"0,1,2,4,5,7,9,10,11,12,13,16,17,24,27" -a data_set' '=' 'ds -a test_name' '=' 'original -a num_run' '=' '0 -a DAG_STATUS' '=' '0 -a FAILED_COUNT' '=' '0 -a +KeepClaimIdle' '=' '20 -a notification' '=' 'never -a +DAGParentNodeNames' '=' '"" jobdag/original.job
04/07/17 18:39:27 From submit: Submitting job(s).
04/07/17 18:39:27 From submit: 1 job(s) submitted to cluster 128.
04/07/17 18:39:27 	assigned HTCondor ID (128.0.0)
04/07/17 18:39:27 Just submitted 1 job this cycle...
04/07/17 18:39:27 Currently monitoring 1 HTCondor log file(s)
04/07/17 18:39:27 Reassigning the id of job original from (128.0.0) to (128.0.0)
04/07/17 18:39:27 Event: ULOG_SUBMIT for HTCondor Node original (128.0.0) {04/07/17 18:39:27}
04/07/17 18:39:27 Number of idle job procs: 1
04/07/17 18:39:27 DAG status: 0 (DAG_STATUS_OK)
04/07/17 18:39:27 Of 2 nodes total:
04/07/17 18:39:27  Done     Pre   Queued    Post   Ready   Un-Ready   Failed
04/07/17 18:39:27   ===     ===      ===     ===     ===        ===      ===
04/07/17 18:39:27     0       0        1       0       0          1        0
04/07/17 18:39:27 0 job proc(s) currently held
04/07/17 18:49:30 603 seconds since last log event
04/07/17 18:49:30 Pending DAG nodes:
04/07/17 18:49:30   Node original, HTCondor ID 128, status STATUS_SUBMITTED
04/07/17 18:59:32 1205 seconds since last log event
04/07/17 18:59:32 Pending DAG nodes:
04/07/17 18:59:32   Node original, HTCondor ID 128, status STATUS_SUBMITTED
04/07/17 19:09:35 1808 seconds since last log event
04/07/17 19:09:35 Pending DAG nodes:
04/07/17 19:09:35   Node original, HTCondor ID 128, status STATUS_SUBMITTED
04/07/17 19:19:37 2410 seconds since last log event
04/07/17 19:19:37 Pending DAG nodes:
04/07/17 19:19:37   Node original, HTCondor ID 128, status STATUS_SUBMITTED
04/07/17 19:29:40 3013 seconds since last log event
04/07/17 19:29:40 Pending DAG nodes:
04/07/17 19:29:40   Node original, HTCondor ID 128, status STATUS_SUBMITTED
04/07/17 19:39:42 3615 seconds since last log event
04/07/17 19:39:42 Pending DAG nodes:
04/07/17 19:39:42   Node original, HTCondor ID 128, status STATUS_SUBMITTED
04/07/17 19:49:45 4218 seconds since last log event
04/07/17 19:49:45 Pending DAG nodes:
04/07/17 19:49:45   Node original, HTCondor ID 128, status STATUS_SUBMITTED
04/07/17 19:59:49 4822 seconds since last log event
04/07/17 19:59:49 Pending DAG nodes:
04/07/17 19:59:49   Node original, HTCondor ID 128, status STATUS_SUBMITTED
04/07/17 20:09:51 5424 seconds since last log event
04/07/17 20:09:51 Pending DAG nodes:
04/07/17 20:09:51   Node original, HTCondor ID 128, status STATUS_SUBMITTED
04/07/17 20:19:54 6027 seconds since last log event
04/07/17 20:19:54 Pending DAG nodes:
04/07/17 20:19:54   Node original, HTCondor ID 128, status STATUS_SUBMITTED
04/07/17 20:29:56 6629 seconds since last log event
04/07/17 20:29:56 Pending DAG nodes:
04/07/17 20:29:56   Node original, HTCondor ID 128, status STATUS_SUBMITTED
04/07/17 20:39:58 7231 seconds since last log event
04/07/17 20:39:58 Pending DAG nodes:
04/07/17 20:39:58   Node original, HTCondor ID 128, status STATUS_SUBMITTED
04/07/17 20:50:00 7833 seconds since last log event
04/07/17 20:50:00 Pending DAG nodes:
04/07/17 20:50:00   Node original, HTCondor ID 128, status STATUS_SUBMITTED
04/07/17 21:00:03 8436 seconds since last log event
04/07/17 21:00:03 Pending DAG nodes:
04/07/17 21:00:03   Node original, HTCondor ID 128, status STATUS_SUBMITTED
04/07/17 21:10:05 9038 seconds since last log event
04/07/17 21:10:05 Pending DAG nodes:
04/07/17 21:10:05   Node original, HTCondor ID 128, status STATUS_SUBMITTED
04/07/17 21:20:08 9641 seconds since last log event
04/07/17 21:20:08 Pending DAG nodes:
04/07/17 21:20:08   Node original, HTCondor ID 128, status STATUS_SUBMITTED
04/07/17 21:30:10 10243 seconds since last log event
04/07/17 21:30:10 Pending DAG nodes:
04/07/17 21:30:10   Node original, HTCondor ID 128, status STATUS_SUBMITTED
04/07/17 21:35:01 Currently monitoring 1 HTCondor log file(s)
04/07/17 21:35:01 Event: ULOG_EXECUTE for HTCondor Node original (128.0.0) {04/07/17 21:34:58}
04/07/17 21:35:01 Number of idle job procs: 0
04/07/17 21:45:04 603 seconds since last log event
04/07/17 21:45:04 Pending DAG nodes:
04/07/17 21:45:04   Node original, HTCondor ID 128, status STATUS_SUBMITTED
04/07/17 21:55:07 1206 seconds since last log event
04/07/17 21:55:07 Pending DAG nodes:
04/07/17 21:55:07   Node original, HTCondor ID 128, status STATUS_SUBMITTED
04/07/17 21:58:12 Currently monitoring 1 HTCondor log file(s)
04/07/17 21:58:12 Event: ULOG_JOB_SUSPENDED for HTCondor Node original (128.0.0) {04/07/17 21:58:10}
04/07/17 21:58:12 Number of idle job procs: 1
04/07/17 22:03:14 Currently monitoring 1 HTCondor log file(s)
04/07/17 22:03:14 Event: ULOG_JOB_UNSUSPENDED for HTCondor Node original (128.0.0) {04/07/17 22:03:12}
04/07/17 22:03:14 Number of idle job procs: 0
04/07/17 22:13:16 602 seconds since last log event
04/07/17 22:13:16 Pending DAG nodes:
04/07/17 22:13:16   Node original, HTCondor ID 128, status STATUS_SUBMITTED
04/07/17 22:23:19 1205 seconds since last log event
04/07/17 22:23:19 Pending DAG nodes:
04/07/17 22:23:19   Node original, HTCondor ID 128, status STATUS_SUBMITTED
04/07/17 22:33:21 1807 seconds since last log event
04/07/17 22:33:21 Pending DAG nodes:
04/07/17 22:33:21   Node original, HTCondor ID 128, status STATUS_SUBMITTED
04/07/17 22:43:23 2409 seconds since last log event
04/07/17 22:43:23 Pending DAG nodes:
04/07/17 22:43:23   Node original, HTCondor ID 128, status STATUS_SUBMITTED
04/07/17 22:53:24 3010 seconds since last log event
04/07/17 22:53:24 Pending DAG nodes:
04/07/17 22:53:24   Node original, HTCondor ID 128, status STATUS_SUBMITTED
04/07/17 23:03:26 3612 seconds since last log event
04/07/17 23:03:26 Pending DAG nodes:
04/07/17 23:03:26   Node original, HTCondor ID 128, status STATUS_SUBMITTED
04/07/17 23:04:52 Currently monitoring 1 HTCondor log file(s)
04/07/17 23:04:52 Event: ULOG_JOB_SUSPENDED for HTCondor Node original (128.0.0) {04/07/17 23:04:49}
04/07/17 23:04:52 Number of idle job procs: 1
04/07/17 23:05:47 Currently monitoring 1 HTCondor log file(s)
04/07/17 23:05:47 Event: ULOG_JOB_UNSUSPENDED for HTCondor Node original (128.0.0) {04/07/17 23:05:44}
04/07/17 23:05:47 Number of idle job procs: 0
04/07/17 23:12:34 Currently monitoring 1 HTCondor log file(s)
04/07/17 23:12:34 Event: ULOG_JOB_SUSPENDED for HTCondor Node original (128.0.0) {04/07/17 23:12:31}
04/07/17 23:12:34 Number of idle job procs: 1
04/07/17 23:22:36 602 seconds since last log event
04/07/17 23:22:36 Pending DAG nodes:
04/07/17 23:22:36   Node original, HTCondor ID 128, status STATUS_SUBMITTED
04/07/17 23:27:37 Currently monitoring 1 HTCondor log file(s)
04/07/17 23:27:37 Event: ULOG_JOB_UNSUSPENDED for HTCondor Node original (128.0.0) {04/07/17 23:27:36}
04/07/17 23:27:37 Number of idle job procs: 0
04/07/17 23:27:37 Event: ULOG_JOB_EVICTED for HTCondor Node original (128.0.0) {04/07/17 23:27:36}
04/07/17 23:27:37 Number of idle job procs: 1
04/07/17 23:37:40 603 seconds since last log event
04/07/17 23:37:40 Pending DAG nodes:
04/07/17 23:37:40   Node original, HTCondor ID 128, status STATUS_SUBMITTED
04/07/17 23:47:42 1205 seconds since last log event
04/07/17 23:47:42 Pending DAG nodes:
04/07/17 23:47:42   Node original, HTCondor ID 128, status STATUS_SUBMITTED
04/07/17 23:57:46 1809 seconds since last log event
04/07/17 23:57:46 Pending DAG nodes:
04/07/17 23:57:46   Node original, HTCondor ID 128, status STATUS_SUBMITTED
04/08/17 00:07:48 2411 seconds since last log event
04/08/17 00:07:48 Pending DAG nodes:
04/08/17 00:07:48   Node original, HTCondor ID 128, status STATUS_SUBMITTED
04/08/17 00:09:39 Currently monitoring 1 HTCondor log file(s)
04/08/17 00:09:39 Event: ULOG_EXECUTE for HTCondor Node original (128.0.0) {04/08/17 00:09:36}
04/08/17 00:09:39 Number of idle job procs: 0
04/08/17 00:19:41 602 seconds since last log event
04/08/17 00:19:41 Pending DAG nodes:
04/08/17 00:19:41   Node original, HTCondor ID 128, status STATUS_SUBMITTED
04/08/17 00:21:47 Currently monitoring 1 HTCondor log file(s)
04/08/17 00:21:47 Event: ULOG_JOB_SUSPENDED for HTCondor Node original (128.0.0) {04/08/17 00:21:44}
04/08/17 00:21:47 Number of idle job procs: 1
04/08/17 00:26:48 Currently monitoring 1 HTCondor log file(s)
04/08/17 00:26:48 Event: ULOG_JOB_UNSUSPENDED for HTCondor Node original (128.0.0) {04/08/17 00:26:46}
04/08/17 00:26:48 Number of idle job procs: 0
04/08/17 00:28:48 Currently monitoring 1 HTCondor log file(s)
04/08/17 00:28:48 Event: ULOG_JOB_SUSPENDED for HTCondor Node original (128.0.0) {04/08/17 00:28:47}
04/08/17 00:28:48 Number of idle job procs: 1
04/08/17 00:38:51 603 seconds since last log event
04/08/17 00:38:51 Pending DAG nodes:
04/08/17 00:38:51   Node original, HTCondor ID 128, status STATUS_SUBMITTED
04/08/17 00:42:17 Currently monitoring 1 HTCondor log file(s)
04/08/17 00:42:17 Event: ULOG_JOB_UNSUSPENDED for HTCondor Node original (128.0.0) {04/08/17 00:42:15}
04/08/17 00:42:17 Number of idle job procs: 0
04/08/17 00:44:17 Currently monitoring 1 HTCondor log file(s)
04/08/17 00:44:17 Event: ULOG_JOB_SUSPENDED for HTCondor Node original (128.0.0) {04/08/17 00:44:16}
04/08/17 00:44:17 Number of idle job procs: 1
04/08/17 00:54:20 603 seconds since last log event
04/08/17 00:54:20 Pending DAG nodes:
04/08/17 00:54:20   Node original, HTCondor ID 128, status STATUS_SUBMITTED
04/08/17 00:56:26 Currently monitoring 1 HTCondor log file(s)
04/08/17 00:56:26 Event: ULOG_JOB_UNSUSPENDED for HTCondor Node original (128.0.0) {04/08/17 00:56:24}
04/08/17 00:56:26 Number of idle job procs: 0
04/08/17 00:57:11 Currently monitoring 1 HTCondor log file(s)
04/08/17 00:57:11 Event: ULOG_JOB_SUSPENDED for HTCondor Node original (128.0.0) {04/08/17 00:57:09}
04/08/17 00:57:11 Number of idle job procs: 1
04/08/17 01:02:32 Currently monitoring 1 HTCondor log file(s)
04/08/17 01:02:32 Event: ULOG_JOB_UNSUSPENDED for HTCondor Node original (128.0.0) {04/08/17 01:02:30}
04/08/17 01:02:32 Number of idle job procs: 0
04/08/17 01:04:18 Currently monitoring 1 HTCondor log file(s)
04/08/17 01:04:18 Event: ULOG_JOB_SUSPENDED for HTCondor Node original (128.0.0) {04/08/17 01:04:15}
04/08/17 01:04:18 Number of idle job procs: 1
04/08/17 01:07:39 Currently monitoring 1 HTCondor log file(s)
04/08/17 01:07:39 Event: ULOG_JOB_UNSUSPENDED for HTCondor Node original (128.0.0) {04/08/17 01:07:37}
04/08/17 01:07:39 Number of idle job procs: 0
04/08/17 01:08:49 Currently monitoring 1 HTCondor log file(s)
04/08/17 01:08:49 Event: ULOG_JOB_SUSPENDED for HTCondor Node original (128.0.0) {04/08/17 01:08:47}
04/08/17 01:08:49 Number of idle job procs: 1
04/08/17 01:16:21 Currently monitoring 1 HTCondor log file(s)
04/08/17 01:16:21 Event: ULOG_JOB_UNSUSPENDED for HTCondor Node original (128.0.0) {04/08/17 01:16:18}
04/08/17 01:16:21 Number of idle job procs: 0
04/08/17 01:20:37 Currently monitoring 1 HTCondor log file(s)
04/08/17 01:20:37 Event: ULOG_JOB_SUSPENDED for HTCondor Node original (128.0.0) {04/08/17 01:20:34}
04/08/17 01:20:37 Number of idle job procs: 1
04/08/17 01:26:13 Currently monitoring 1 HTCondor log file(s)
04/08/17 01:26:13 Event: ULOG_JOB_UNSUSPENDED for HTCondor Node original (128.0.0) {04/08/17 01:26:11}
04/08/17 01:26:13 Number of idle job procs: 0
04/08/17 01:36:16 603 seconds since last log event
04/08/17 01:36:16 Pending DAG nodes:
04/08/17 01:36:16   Node original, HTCondor ID 128, status STATUS_SUBMITTED
04/08/17 01:46:18 1205 seconds since last log event
04/08/17 01:46:18 Pending DAG nodes:
04/08/17 01:46:18   Node original, HTCondor ID 128, status STATUS_SUBMITTED
04/08/17 01:56:21 1808 seconds since last log event
04/08/17 01:56:21 Pending DAG nodes:
04/08/17 01:56:21   Node original, HTCondor ID 128, status STATUS_SUBMITTED
04/08/17 02:06:22 2409 seconds since last log event
04/08/17 02:06:22 Pending DAG nodes:
04/08/17 02:06:22   Node original, HTCondor ID 128, status STATUS_SUBMITTED
04/08/17 02:16:25 3012 seconds since last log event
04/08/17 02:16:25 Pending DAG nodes:
04/08/17 02:16:25   Node original, HTCondor ID 128, status STATUS_SUBMITTED
04/08/17 02:26:27 3614 seconds since last log event
04/08/17 02:26:27 Pending DAG nodes:
04/08/17 02:26:27   Node original, HTCondor ID 128, status STATUS_SUBMITTED
04/08/17 02:36:29 4216 seconds since last log event
04/08/17 02:36:29 Pending DAG nodes:
04/08/17 02:36:29   Node original, HTCondor ID 128, status STATUS_SUBMITTED
04/08/17 02:46:32 4819 seconds since last log event
04/08/17 02:46:32 Pending DAG nodes:
04/08/17 02:46:32   Node original, HTCondor ID 128, status STATUS_SUBMITTED
04/08/17 02:56:34 5421 seconds since last log event
04/08/17 02:56:34 Pending DAG nodes:
04/08/17 02:56:34   Node original, HTCondor ID 128, status STATUS_SUBMITTED
04/08/17 03:06:37 6024 seconds since last log event
04/08/17 03:06:37 Pending DAG nodes:
04/08/17 03:06:37   Node original, HTCondor ID 128, status STATUS_SUBMITTED
04/08/17 03:16:39 6626 seconds since last log event
04/08/17 03:16:39 Pending DAG nodes:
04/08/17 03:16:39   Node original, HTCondor ID 128, status STATUS_SUBMITTED
04/08/17 03:26:41 7228 seconds since last log event
04/08/17 03:26:41 Pending DAG nodes:
04/08/17 03:26:41   Node original, HTCondor ID 128, status STATUS_SUBMITTED
04/08/17 03:36:43 7830 seconds since last log event
04/08/17 03:36:43 Pending DAG nodes:
04/08/17 03:36:43   Node original, HTCondor ID 128, status STATUS_SUBMITTED
04/08/17 03:46:45 8432 seconds since last log event
04/08/17 03:46:45 Pending DAG nodes:
04/08/17 03:46:45   Node original, HTCondor ID 128, status STATUS_SUBMITTED
04/08/17 03:56:48 9035 seconds since last log event
04/08/17 03:56:48 Pending DAG nodes:
04/08/17 03:56:48   Node original, HTCondor ID 128, status STATUS_SUBMITTED
04/08/17 04:06:50 9637 seconds since last log event
04/08/17 04:06:50 Pending DAG nodes:
04/08/17 04:06:50   Node original, HTCondor ID 128, status STATUS_SUBMITTED
04/08/17 04:16:53 10240 seconds since last log event
04/08/17 04:16:53 Pending DAG nodes:
04/08/17 04:16:53   Node original, HTCondor ID 128, status STATUS_SUBMITTED
04/08/17 04:26:56 10843 seconds since last log event
04/08/17 04:26:56 Pending DAG nodes:
04/08/17 04:26:56   Node original, HTCondor ID 128, status STATUS_SUBMITTED
04/08/17 04:36:58 11445 seconds since last log event
04/08/17 04:36:58 Pending DAG nodes:
04/08/17 04:36:58   Node original, HTCondor ID 128, status STATUS_SUBMITTED
04/08/17 04:47:01 12048 seconds since last log event
04/08/17 04:47:01 Pending DAG nodes:
04/08/17 04:47:01   Node original, HTCondor ID 128, status STATUS_SUBMITTED
04/08/17 04:57:03 12650 seconds since last log event
04/08/17 04:57:03 Pending DAG nodes:
04/08/17 04:57:03   Node original, HTCondor ID 128, status STATUS_SUBMITTED
04/08/17 05:07:06 13253 seconds since last log event
04/08/17 05:07:06 Pending DAG nodes:
04/08/17 05:07:06   Node original, HTCondor ID 128, status STATUS_SUBMITTED
04/08/17 05:17:09 13856 seconds since last log event
04/08/17 05:17:09 Pending DAG nodes:
04/08/17 05:17:09   Node original, HTCondor ID 128, status STATUS_SUBMITTED
04/08/17 05:27:11 14458 seconds since last log event
04/08/17 05:27:11 Pending DAG nodes:
04/08/17 05:27:11   Node original, HTCondor ID 128, status STATUS_SUBMITTED
04/08/17 05:37:14 15061 seconds since last log event
04/08/17 05:37:14 Pending DAG nodes:
04/08/17 05:37:14   Node original, HTCondor ID 128, status STATUS_SUBMITTED
04/08/17 05:47:16 15663 seconds since last log event
04/08/17 05:47:16 Pending DAG nodes:
04/08/17 05:47:16   Node original, HTCondor ID 128, status STATUS_SUBMITTED
04/08/17 05:57:19 16266 seconds since last log event
04/08/17 05:57:19 Pending DAG nodes:
04/08/17 05:57:19   Node original, HTCondor ID 128, status STATUS_SUBMITTED
04/08/17 06:07:21 16868 seconds since last log event
04/08/17 06:07:21 Pending DAG nodes:
04/08/17 06:07:21   Node original, HTCondor ID 128, status STATUS_SUBMITTED
04/08/17 06:17:23 17470 seconds since last log event
04/08/17 06:17:23 Pending DAG nodes:
04/08/17 06:17:23   Node original, HTCondor ID 128, status STATUS_SUBMITTED
04/08/17 06:27:26 18073 seconds since last log event
04/08/17 06:27:26 Pending DAG nodes:
04/08/17 06:27:26   Node original, HTCondor ID 128, status STATUS_SUBMITTED
04/08/17 06:37:28 18675 seconds since last log event
04/08/17 06:37:28 Pending DAG nodes:
04/08/17 06:37:28   Node original, HTCondor ID 128, status STATUS_SUBMITTED
04/08/17 06:47:31 19278 seconds since last log event
04/08/17 06:47:31 Pending DAG nodes:
04/08/17 06:47:31   Node original, HTCondor ID 128, status STATUS_SUBMITTED
04/08/17 06:54:38 Currently monitoring 1 HTCondor log file(s)
04/08/17 06:54:38 Event: ULOG_JOB_TERMINATED for HTCondor Node original (128.0.0) {04/08/17 06:54:33}
04/08/17 06:54:38 Number of idle job procs: 0
04/08/17 06:54:38 Node original job proc (128.0.0) completed successfully.
04/08/17 06:54:38 Node original job completed
04/08/17 06:54:38 DAG status: 0 (DAG_STATUS_OK)
04/08/17 06:54:38 Of 2 nodes total:
04/08/17 06:54:38  Done     Pre   Queued    Post   Ready   Un-Ready   Failed
04/08/17 06:54:38   ===     ===      ===     ===     ===        ===      ===
04/08/17 06:54:38     1       0        0       0       1          0        0
04/08/17 06:54:38 0 job proc(s) currently held
04/08/17 06:54:43 Submitting HTCondor Node original_test job(s)...
04/08/17 06:54:43 Adding a DAGMan workflow log /esat/spchtemp/scratch/robbe/SpeechHub/pretrained_untied_models/python/jobdag/./ds_original.dag.nodes.log
04/08/17 06:54:43 Masking the events recorded in the DAGMAN workflow log
04/08/17 06:54:43 Mask for workflow log is 0,1,2,4,5,7,9,10,11,12,13,16,17,24,27
04/08/17 06:54:43 submitting: /usr/bin/condor_submit -a dag_node_name' '=' 'original_test -a +DAGManJobId' '=' '127 -a DAGManJobId' '=' '127 -batch-name ds_original.dag+127 -a submit_event_notes' '=' 'DAG' 'Node:' 'original_test -a dagman_log' '=' '/esat/spchtemp/scratch/robbe/SpeechHub/pretrained_untied_models/python/jobdag/./ds_original.dag.nodes.log -a +DAGManNodesMask' '=' '"0,1,2,4,5,7,9,10,11,12,13,16,17,24,27" -a data_set' '=' 'ds -a test_name' '=' 'original -a num_run' '=' '0 -a DAG_STATUS' '=' '0 -a FAILED_COUNT' '=' '0 -a notification' '=' 'never -a +DAGParentNodeNames' '=' '"original" jobdag/original_test.job
04/08/17 06:54:43 From submit: Submitting job(s).
04/08/17 06:54:43 From submit: 1 job(s) submitted to cluster 133.
04/08/17 06:54:43 	assigned HTCondor ID (133.0.0)
04/08/17 06:54:43 Just submitted 1 job this cycle...
04/08/17 06:54:43 Currently monitoring 1 HTCondor log file(s)
04/08/17 06:54:43 Reassigning the id of job original_test from (133.0.0) to (133.0.0)
04/08/17 06:54:43 Event: ULOG_SUBMIT for HTCondor Node original_test (133.0.0) {04/08/17 06:54:43}
04/08/17 06:54:43 Number of idle job procs: 1
04/08/17 06:54:43 DAG status: 0 (DAG_STATUS_OK)
04/08/17 06:54:43 Of 2 nodes total:
04/08/17 06:54:43  Done     Pre   Queued    Post   Ready   Un-Ready   Failed
04/08/17 06:54:43   ===     ===      ===     ===     ===        ===      ===
04/08/17 06:54:43     1       0        1       0       0          0        0
04/08/17 06:54:43 0 job proc(s) currently held
04/08/17 07:04:45 602 seconds since last log event
04/08/17 07:04:45 Pending DAG nodes:
04/08/17 07:04:45   Node original_test, HTCondor ID 133, status STATUS_SUBMITTED
04/08/17 07:14:47 1204 seconds since last log event
04/08/17 07:14:47 Pending DAG nodes:
04/08/17 07:14:47   Node original_test, HTCondor ID 133, status STATUS_SUBMITTED
04/08/17 07:24:50 1807 seconds since last log event
04/08/17 07:24:50 Pending DAG nodes:
04/08/17 07:24:50   Node original_test, HTCondor ID 133, status STATUS_SUBMITTED
04/08/17 07:34:52 2409 seconds since last log event
04/08/17 07:34:52 Pending DAG nodes:
04/08/17 07:34:52   Node original_test, HTCondor ID 133, status STATUS_SUBMITTED
04/08/17 07:44:55 3012 seconds since last log event
04/08/17 07:44:55 Pending DAG nodes:
04/08/17 07:44:55   Node original_test, HTCondor ID 133, status STATUS_SUBMITTED
04/08/17 07:54:56 3613 seconds since last log event
04/08/17 07:54:56 Pending DAG nodes:
04/08/17 07:54:56   Node original_test, HTCondor ID 133, status STATUS_SUBMITTED
04/08/17 08:04:59 4216 seconds since last log event
04/08/17 08:04:59 Pending DAG nodes:
04/08/17 08:04:59   Node original_test, HTCondor ID 133, status STATUS_SUBMITTED
04/08/17 08:15:01 4818 seconds since last log event
04/08/17 08:15:01 Pending DAG nodes:
04/08/17 08:15:01   Node original_test, HTCondor ID 133, status STATUS_SUBMITTED
04/08/17 08:25:04 5421 seconds since last log event
04/08/17 08:25:04 Pending DAG nodes:
04/08/17 08:25:04   Node original_test, HTCondor ID 133, status STATUS_SUBMITTED
04/08/17 08:35:07 6024 seconds since last log event
04/08/17 08:35:07 Pending DAG nodes:
04/08/17 08:35:07   Node original_test, HTCondor ID 133, status STATUS_SUBMITTED
04/08/17 08:45:09 6626 seconds since last log event
04/08/17 08:45:09 Pending DAG nodes:
04/08/17 08:45:09   Node original_test, HTCondor ID 133, status STATUS_SUBMITTED
04/08/17 08:55:12 7229 seconds since last log event
04/08/17 08:55:12 Pending DAG nodes:
04/08/17 08:55:12   Node original_test, HTCondor ID 133, status STATUS_SUBMITTED
04/08/17 09:05:14 7831 seconds since last log event
04/08/17 09:05:14 Pending DAG nodes:
04/08/17 09:05:14   Node original_test, HTCondor ID 133, status STATUS_SUBMITTED
04/08/17 09:15:17 8434 seconds since last log event
04/08/17 09:15:17 Pending DAG nodes:
04/08/17 09:15:17   Node original_test, HTCondor ID 133, status STATUS_SUBMITTED
04/08/17 09:25:18 9035 seconds since last log event
04/08/17 09:25:18 Pending DAG nodes:
04/08/17 09:25:18   Node original_test, HTCondor ID 133, status STATUS_SUBMITTED
04/08/17 09:35:20 9637 seconds since last log event
04/08/17 09:35:20 Pending DAG nodes:
04/08/17 09:35:20   Node original_test, HTCondor ID 133, status STATUS_SUBMITTED
04/08/17 09:45:22 10239 seconds since last log event
04/08/17 09:45:22 Pending DAG nodes:
04/08/17 09:45:22   Node original_test, HTCondor ID 133, status STATUS_SUBMITTED
04/08/17 09:55:25 10842 seconds since last log event
04/08/17 09:55:25 Pending DAG nodes:
04/08/17 09:55:25   Node original_test, HTCondor ID 133, status STATUS_SUBMITTED
04/08/17 10:05:27 11444 seconds since last log event
04/08/17 10:05:27 Pending DAG nodes:
04/08/17 10:05:27   Node original_test, HTCondor ID 133, status STATUS_SUBMITTED
04/08/17 10:15:30 12047 seconds since last log event
04/08/17 10:15:30 Pending DAG nodes:
04/08/17 10:15:30   Node original_test, HTCondor ID 133, status STATUS_SUBMITTED
04/08/17 10:25:32 12649 seconds since last log event
04/08/17 10:25:32 Pending DAG nodes:
04/08/17 10:25:32   Node original_test, HTCondor ID 133, status STATUS_SUBMITTED
04/08/17 10:35:34 13251 seconds since last log event
04/08/17 10:35:34 Pending DAG nodes:
04/08/17 10:35:34   Node original_test, HTCondor ID 133, status STATUS_SUBMITTED
04/08/17 10:45:37 13854 seconds since last log event
04/08/17 10:45:37 Pending DAG nodes:
04/08/17 10:45:37   Node original_test, HTCondor ID 133, status STATUS_SUBMITTED
04/08/17 10:55:39 14456 seconds since last log event
04/08/17 10:55:39 Pending DAG nodes:
04/08/17 10:55:39   Node original_test, HTCondor ID 133, status STATUS_SUBMITTED
04/08/17 11:05:42 15059 seconds since last log event
04/08/17 11:05:42 Pending DAG nodes:
04/08/17 11:05:42   Node original_test, HTCondor ID 133, status STATUS_SUBMITTED
04/08/17 11:15:44 15661 seconds since last log event
04/08/17 11:15:44 Pending DAG nodes:
04/08/17 11:15:44   Node original_test, HTCondor ID 133, status STATUS_SUBMITTED
04/08/17 11:25:46 16263 seconds since last log event
04/08/17 11:25:46 Pending DAG nodes:
04/08/17 11:25:46   Node original_test, HTCondor ID 133, status STATUS_SUBMITTED
04/08/17 11:35:49 16866 seconds since last log event
04/08/17 11:35:49 Pending DAG nodes:
04/08/17 11:35:49   Node original_test, HTCondor ID 133, status STATUS_SUBMITTED
04/08/17 11:45:51 17468 seconds since last log event
04/08/17 11:45:51 Pending DAG nodes:
04/08/17 11:45:51   Node original_test, HTCondor ID 133, status STATUS_SUBMITTED
04/08/17 11:55:54 18071 seconds since last log event
04/08/17 11:55:54 Pending DAG nodes:
04/08/17 11:55:54   Node original_test, HTCondor ID 133, status STATUS_SUBMITTED
04/08/17 12:05:56 18673 seconds since last log event
04/08/17 12:05:56 Pending DAG nodes:
04/08/17 12:05:56   Node original_test, HTCondor ID 133, status STATUS_SUBMITTED
04/08/17 12:15:58 19275 seconds since last log event
04/08/17 12:15:58 Pending DAG nodes:
04/08/17 12:15:58   Node original_test, HTCondor ID 133, status STATUS_SUBMITTED
04/08/17 12:26:01 19878 seconds since last log event
04/08/17 12:26:01 Pending DAG nodes:
04/08/17 12:26:01   Node original_test, HTCondor ID 133, status STATUS_SUBMITTED
04/08/17 12:36:03 20480 seconds since last log event
04/08/17 12:36:03 Pending DAG nodes:
04/08/17 12:36:03   Node original_test, HTCondor ID 133, status STATUS_SUBMITTED
04/08/17 12:46:06 21083 seconds since last log event
04/08/17 12:46:06 Pending DAG nodes:
04/08/17 12:46:06   Node original_test, HTCondor ID 133, status STATUS_SUBMITTED
04/08/17 12:56:08 21685 seconds since last log event
04/08/17 12:56:08 Pending DAG nodes:
04/08/17 12:56:08   Node original_test, HTCondor ID 133, status STATUS_SUBMITTED
04/08/17 13:06:11 22288 seconds since last log event
04/08/17 13:06:11 Pending DAG nodes:
04/08/17 13:06:11   Node original_test, HTCondor ID 133, status STATUS_SUBMITTED
04/08/17 13:16:13 22890 seconds since last log event
04/08/17 13:16:13 Pending DAG nodes:
04/08/17 13:16:13   Node original_test, HTCondor ID 133, status STATUS_SUBMITTED
04/08/17 13:26:16 23493 seconds since last log event
04/08/17 13:26:16 Pending DAG nodes:
04/08/17 13:26:16   Node original_test, HTCondor ID 133, status STATUS_SUBMITTED
04/08/17 13:36:18 24095 seconds since last log event
04/08/17 13:36:18 Pending DAG nodes:
04/08/17 13:36:18   Node original_test, HTCondor ID 133, status STATUS_SUBMITTED
04/08/17 13:46:21 24698 seconds since last log event
04/08/17 13:46:21 Pending DAG nodes:
04/08/17 13:46:21   Node original_test, HTCondor ID 133, status STATUS_SUBMITTED
04/08/17 13:56:23 25300 seconds since last log event
04/08/17 13:56:23 Pending DAG nodes:
04/08/17 13:56:23   Node original_test, HTCondor ID 133, status STATUS_SUBMITTED
04/08/17 14:06:26 25903 seconds since last log event
04/08/17 14:06:26 Pending DAG nodes:
04/08/17 14:06:26   Node original_test, HTCondor ID 133, status STATUS_SUBMITTED
04/08/17 14:16:29 26506 seconds since last log event
04/08/17 14:16:29 Pending DAG nodes:
04/08/17 14:16:29   Node original_test, HTCondor ID 133, status STATUS_SUBMITTED
04/08/17 14:26:31 27108 seconds since last log event
04/08/17 14:26:31 Pending DAG nodes:
04/08/17 14:26:31   Node original_test, HTCondor ID 133, status STATUS_SUBMITTED
04/08/17 14:34:23 Currently monitoring 1 HTCondor log file(s)
04/08/17 14:34:23 Event: ULOG_EXECUTE for HTCondor Node original_test (133.0.0) {04/08/17 14:34:23}
04/08/17 14:34:23 Number of idle job procs: 0
04/08/17 14:40:10 Currently monitoring 1 HTCondor log file(s)
04/08/17 14:40:10 Event: ULOG_JOB_TERMINATED for HTCondor Node original_test (133.0.0) {04/08/17 14:40:09}
04/08/17 14:40:10 Number of idle job procs: 0
04/08/17 14:40:10 Node original_test job proc (133.0.0) completed successfully.
04/08/17 14:40:10 Node original_test job completed
04/08/17 14:40:10 DAG status: 0 (DAG_STATUS_OK)
04/08/17 14:40:10 Of 2 nodes total:
04/08/17 14:40:10  Done     Pre   Queued    Post   Ready   Un-Ready   Failed
04/08/17 14:40:10   ===     ===      ===     ===     ===        ===      ===
04/08/17 14:40:10     2       0        0       0       0          0        0
04/08/17 14:40:10 0 job proc(s) currently held
04/08/17 14:40:10 All jobs Completed!
04/08/17 14:40:10 Note: 0 total job deferrals because of -MaxJobs limit (0)
04/08/17 14:40:10 Note: 0 total job deferrals because of -MaxIdle limit (1000)
04/08/17 14:40:10 Note: 0 total job deferrals because of node category throttles
04/08/17 14:40:10 Note: 0 total PRE script deferrals because of -MaxPre limit (20) or DEFER
04/08/17 14:40:10 Note: 0 total POST script deferrals because of -MaxPost limit (20) or DEFER
04/08/17 14:40:10 DAG status: 0 (DAG_STATUS_OK)
04/08/17 14:40:10 Of 2 nodes total:
04/08/17 14:40:10  Done     Pre   Queued    Post   Ready   Un-Ready   Failed
04/08/17 14:40:10   ===     ===      ===     ===     ===        ===      ===
04/08/17 14:40:10     2       0        0       0       0          0        0
04/08/17 14:40:10 0 job proc(s) currently held
04/08/17 14:40:10 Wrote metrics file ds_original.dag.metrics.
04/08/17 14:40:10 Metrics not sent because of PEGASUS_METRICS or CONDOR_DEVELOPERS setting.
04/08/17 14:40:10 **** condor_scheduniv_exec.127.0 (condor_DAGMAN) pid 27235 EXITING WITH STATUS 0
