000 (845.000.000) 04/13 13:46:13 Job submitted from host: <10.33.133.154:9618?addrs=10.33.133.154-9618+[--1]-9618&noUDP&sock=1370_48d6_3>
    DAG Node: topic_ds_interpol_1
...
001 (845.000.000) 04/13 16:30:38 Job executing on host: <10.33.133.115:9618?addrs=10.33.133.115-9618+[--1]-9618&noUDP&sock=1215_f7a8_3>
...
006 (845.000.000) 04/13 16:30:46 Image size of job updated: 74224
	41  -  MemoryUsage of job (MB)
	41492  -  ResidentSetSize of job (KB)
...
006 (845.000.000) 04/13 16:35:46 Image size of job updated: 1797616
	1423  -  MemoryUsage of job (MB)
	1457008  -  ResidentSetSize of job (KB)
...
006 (845.000.000) 04/13 16:51:08 Image size of job updated: 1797636
	1423  -  MemoryUsage of job (MB)
	1457008  -  ResidentSetSize of job (KB)
...
005 (845.000.000) 04/13 16:51:08 Job terminated.
	(1) Normal termination (return value 0)
		Usr 0 00:11:01, Sys 0 00:01:13  -  Run Remote Usage
		Usr 0 00:00:00, Sys 0 00:00:00  -  Run Local Usage
		Usr 0 00:11:01, Sys 0 00:01:13  -  Total Remote Usage
		Usr 0 00:00:00, Sys 0 00:00:00  -  Total Local Usage
	0  -  Run Bytes Sent By Job
	0  -  Run Bytes Received By Job
	0  -  Total Bytes Sent By Job
	0  -  Total Bytes Received By Job
	Partitionable Resources :    Usage  Request Allocated
	   Cpus                 :                 1         1
	   Disk (KB)            :        7        7  17875240
	   Gpus                 :                 1         1
	   Memory (MB)          :     1423     4096      4096
...
