000 (160.000.000) 02/02 15:15:42 Job submitted from host: <10.33.133.57:9618?addrs=10.33.133.57-9618&noUDP&sock=1435_de7e_4>
    DAG Node: original
...
001 (160.000.000) 02/02 15:15:44 Job executing on host: <10.33.133.109:9618?addrs=10.33.133.109-9618+[--1]-9618&noUDP&sock=1598_ac6e_3>
...
006 (160.000.000) 02/02 15:15:52 Image size of job updated: 90748
	89  -  MemoryUsage of job (MB)
	90748  -  ResidentSetSize of job (KB)
...
006 (160.000.000) 02/02 15:20:52 Image size of job updated: 656636
	530  -  MemoryUsage of job (MB)
	542560  -  ResidentSetSize of job (KB)
...
006 (160.000.000) 02/02 15:24:41 Image size of job updated: 656640
	530  -  MemoryUsage of job (MB)
	542560  -  ResidentSetSize of job (KB)
...
005 (160.000.000) 02/02 15:24:41 Job terminated.
	(1) Normal termination (return value 0)
		Usr 0 00:07:58, Sys 0 00:00:05  -  Run Remote Usage
		Usr 0 00:00:00, Sys 0 00:00:00  -  Run Local Usage
		Usr 0 00:07:58, Sys 0 00:00:05  -  Total Remote Usage
		Usr 0 00:00:00, Sys 0 00:00:00  -  Total Local Usage
	0  -  Run Bytes Sent By Job
	0  -  Run Bytes Received By Job
	0  -  Total Bytes Sent By Job
	0  -  Total Bytes Received By Job
	Partitionable Resources :    Usage  Request Allocated
	   Cpus                 :                 1         1
	   Disk (KB)            :        7        7   3745748
	   Gpus                 :                 1         1
	   Memory (MB)          :      530     2048      2048
...
000 (6904.000.000) 02/15 03:48:32 Job submitted from host: <10.33.133.70:9618?addrs=10.33.133.70-9618+[--1]-9618&noUDP&sock=31188_f3ce_4>
    DAG Node: original
...
001 (6904.000.000) 02/15 03:48:34 Job executing on host: <10.33.133.192:9618?addrs=10.33.133.192-9618+[--1]-9618&noUDP&sock=4705_d12f_3>
...
006 (6904.000.000) 02/15 03:48:42 Image size of job updated: 157640
	154  -  MemoryUsage of job (MB)
	157640  -  ResidentSetSize of job (KB)
...
006 (6904.000.000) 02/15 03:49:09 Image size of job updated: 172744
	154  -  MemoryUsage of job (MB)
	157640  -  ResidentSetSize of job (KB)
...
005 (6904.000.000) 02/15 03:49:09 Job terminated.
	(1) Normal termination (return value 0)
		Usr 0 00:00:18, Sys 0 00:00:02  -  Run Remote Usage
		Usr 0 00:00:00, Sys 0 00:00:00  -  Run Local Usage
		Usr 0 00:00:18, Sys 0 00:00:02  -  Total Remote Usage
		Usr 0 00:00:00, Sys 0 00:00:00  -  Total Local Usage
	0  -  Run Bytes Sent By Job
	0  -  Run Bytes Received By Job
	0  -  Total Bytes Sent By Job
	0  -  Total Bytes Received By Job
	Partitionable Resources :    Usage  Request Allocated
	   Cpus                 :                 1         1
	   Disk (KB)            :        7        7   3288953
	   Gpus                 :                 1         1
	   Memory (MB)          :      154     2048      2048
...
