000 (168.000.000) 02/02 22:30:00 Job submitted from host: <10.33.133.57:9618?addrs=10.33.133.57-9618&noUDP&sock=1435_de7e_4>
    DAG Node: topic_int
...
001 (168.000.000) 02/02 22:30:16 Job executing on host: <10.33.133.204:9618?addrs=10.33.133.204-9618+[--1]-9618&noUDP&sock=1589_8014_3>
...
006 (168.000.000) 02/02 22:30:25 Image size of job updated: 260992
	217  -  MemoryUsage of job (MB)
	221928  -  ResidentSetSize of job (KB)
...
006 (168.000.000) 02/02 22:32:49 Image size of job updated: 1065184
	217  -  MemoryUsage of job (MB)
	221972  -  ResidentSetSize of job (KB)
...
005 (168.000.000) 02/02 22:32:49 Job terminated.
	(1) Normal termination (return value 0)
		Usr 0 00:01:45, Sys 0 00:00:01  -  Run Remote Usage
		Usr 0 00:00:00, Sys 0 00:00:00  -  Run Local Usage
		Usr 0 00:01:45, Sys 0 00:00:01  -  Total Remote Usage
		Usr 0 00:00:00, Sys 0 00:00:00  -  Total Local Usage
	0  -  Run Bytes Sent By Job
	0  -  Run Bytes Received By Job
	0  -  Total Bytes Sent By Job
	0  -  Total Bytes Received By Job
	Partitionable Resources :    Usage  Request Allocated
	   Cpus                 :                 1         1
	   Disk (KB)            :        7        7   7537779
	   Gpus                 :                 1         1
	   Memory (MB)          :      217     2048      2048
...
