job started
Epoch: 2 Learning rate: 1.000
0.300 perplexity: 174.138 speed: 5464 wps
0.400 perplexity: 173.504 speed: 5483 wps
0.500 perplexity: 172.584 speed: 5463 wps
0.600 perplexity: 172.345 speed: 5422 wps
0.700 perplexity: 171.828 speed: 5363 wps
0.800 perplexity: 171.235 speed: 5375 wps
0.900 perplexity: 170.661 speed: 5390 wps
1.000 perplexity: 170.080 speed: 5401 wps
Epoch: 2 Train Perplexity: 170.081
with(perplexity: 156.386) speed: 11782 wps
Epoch: 2 Valid Perplexity: 156.386
Epoch: 3 Learning rate: 1.000
0.000 perplexity: 244.701 speed: 5892 wps
0.100 perplexity: 166.109 speed: 5193 wps
0.200 perplexity: 165.133 speed: 5279 wps
0.300 perplexity: 164.788 speed: 5354 wps
0.400 perplexity: 164.422 speed: 5393 wps
0.500 perplexity: 163.934 speed: 5409 wps
0.600 perplexity: 163.841 speed: 5424 wps
0.700 perplexity: 163.586 speed: 5438 wps
0.800 perplexity: 163.290 speed: 5443 wps
0.900 perplexity: 162.984 speed: 5449 wps
1.000 perplexity: 162.663 speed: 5455 wps
Epoch: 3 Train Perplexity: 162.664
with(perplexity: 150.381) speed: 11990 wps
Epoch: 3 Valid Perplexity: 150.381
with(perplexity: 166.707) speed: 483 wps
Test Perplexity: 166.707
Saving model to /esat/spchtemp/scratch/wboes/SpeechHub/pretrained_tied_models_smaller/output/cbow_exp_lstm_0/cbow_exp_lstm_0.
hihi
