000 (002.000.000) 04/09 23:15:54 Job submitted from host: <10.33.137.58:9618?addrs=10.33.137.58-9618+[--1]-9618&noUDP&sock=1436_8e16_4>
    DAG Node: cbow_exp_lstm
...
001 (002.000.000) 04/10 04:07:14 Job executing on host: <10.33.133.124:9618?addrs=10.33.133.124-9618+[--1]-9618&noUDP&sock=1541_9388_3>
...
006 (002.000.000) 04/10 04:07:22 Image size of job updated: 267564
	223  -  MemoryUsage of job (MB)
	227644  -  ResidentSetSize of job (KB)
...
006 (002.000.000) 04/10 04:12:22 Image size of job updated: 1502472
	1104  -  MemoryUsage of job (MB)
	1129564  -  ResidentSetSize of job (KB)
...
006 (002.000.000) 04/10 04:22:24 Image size of job updated: 1503248
	1104  -  MemoryUsage of job (MB)
	1130340  -  ResidentSetSize of job (KB)
...
006 (002.000.000) 04/10 04:32:25 Image size of job updated: 1503788
	1105  -  MemoryUsage of job (MB)
	1130880  -  ResidentSetSize of job (KB)
...
006 (002.000.000) 04/10 05:02:28 Image size of job updated: 1504016
	1105  -  MemoryUsage of job (MB)
	1131108  -  ResidentSetSize of job (KB)
...
006 (002.000.000) 04/10 05:32:31 Image size of job updated: 1504308
	1105  -  MemoryUsage of job (MB)
	1131400  -  ResidentSetSize of job (KB)
...
006 (002.000.000) 04/10 06:02:35 Image size of job updated: 1504324
	1105  -  MemoryUsage of job (MB)
	1131416  -  ResidentSetSize of job (KB)
...
006 (002.000.000) 04/10 06:32:38 Image size of job updated: 1504348
	1105  -  MemoryUsage of job (MB)
	1131440  -  ResidentSetSize of job (KB)
...
006 (002.000.000) 04/10 07:32:45 Image size of job updated: 1515160
	1116  -  MemoryUsage of job (MB)
	1142252  -  ResidentSetSize of job (KB)
...
006 (002.000.000) 04/10 07:37:45 Image size of job updated: 1554432
	1154  -  MemoryUsage of job (MB)
	1181524  -  ResidentSetSize of job (KB)
...
006 (002.000.000) 04/10 07:42:46 Image size of job updated: 1608788
	1207  -  MemoryUsage of job (MB)
	1235880  -  ResidentSetSize of job (KB)
...
006 (002.000.000) 04/10 07:52:48 Image size of job updated: 1608796
	1207  -  MemoryUsage of job (MB)
	1235888  -  ResidentSetSize of job (KB)
...
010 (002.000.000) 04/10 11:27:51 Job was suspended.
	Number of processes actually suspended: 12
...
011 (002.000.000) 04/10 11:33:52 Job was unsuspended.
...
010 (002.000.000) 04/10 11:50:07 Job was suspended.
	Number of processes actually suspended: 12
...
011 (002.000.000) 04/10 12:05:12 Job was unsuspended.
...
004 (002.000.000) 04/10 12:05:12 Job was evicted.
	(0) Job was not checkpointed.
		Usr 0 04:41:48, Sys 0 00:03:13  -  Run Remote Usage
		Usr 0 00:00:00, Sys 0 00:00:00  -  Run Local Usage
	0  -  Run Bytes Sent By Job
	0  -  Run Bytes Received By Job
	Partitionable Resources :    Usage  Request Allocated
	   Cpus                 :                 1         1
	   Disk (KB)            :        7        7  21715456
	   Gpus                 :                 1         1
	   Memory (MB)          :     1207     4096      4096
...
001 (002.000.000) 04/10 13:47:21 Job executing on host: <10.33.133.200:9618?addrs=10.33.133.200-9618+[--1]-9618&noUDP&sock=1461_b3f4_3>
...
006 (002.000.000) 04/11 00:45:35 Image size of job updated: 36639844
	1221  -  MemoryUsage of job (MB)
	1250000  -  ResidentSetSize of job (KB)
...
005 (002.000.000) 04/11 00:45:36 Job terminated.
	(1) Normal termination (return value 0)
		Usr 0 06:38:05, Sys 0 00:04:05  -  Run Remote Usage
		Usr 0 00:00:00, Sys 0 00:00:00  -  Run Local Usage
		Usr 0 06:38:05, Sys 0 00:04:05  -  Total Remote Usage
		Usr 0 00:00:00, Sys 0 00:00:00  -  Total Local Usage
	0  -  Run Bytes Sent By Job
	0  -  Run Bytes Received By Job
	0  -  Total Bytes Sent By Job
	0  -  Total Bytes Received By Job
	Partitionable Resources :    Usage  Request Allocated
	   Cpus                 :                 1         1
	   Disk (KB)            :        7        7   1769218
	   Gpus                 :                 1         1
	   Memory (MB)          :     1221     4096      4096
...
