000 (168.000.000) 05/03 09:28:30 Job submitted from host: <10.33.133.65:9618?addrs=10.33.133.65-9618+[--1]-9618&noUDP&sock=12592_a4a3_4>
    DAG Node: cbow_tfidf_lstm
...
001 (168.000.000) 05/03 22:05:11 Job executing on host: <10.33.133.57:9618?addrs=10.33.133.57-9618+[--1]-9618&noUDP&sock=1311_d0c0_3>
...
006 (168.000.000) 05/03 22:05:19 Image size of job updated: 80092
	60  -  MemoryUsage of job (MB)
	60732  -  ResidentSetSize of job (KB)
...
006 (168.000.000) 05/03 22:10:19 Image size of job updated: 1530248
	1170  -  MemoryUsage of job (MB)
	1197220  -  ResidentSetSize of job (KB)
...
006 (168.000.000) 05/03 22:15:19 Image size of job updated: 1538576
	1178  -  MemoryUsage of job (MB)
	1205548  -  ResidentSetSize of job (KB)
...
006 (168.000.000) 05/03 22:20:20 Image size of job updated: 1547068
	1186  -  MemoryUsage of job (MB)
	1214040  -  ResidentSetSize of job (KB)
...
006 (168.000.000) 05/03 22:25:21 Image size of job updated: 1547272
	1186  -  MemoryUsage of job (MB)
	1214244  -  ResidentSetSize of job (KB)
...
006 (168.000.000) 05/03 22:30:22 Image size of job updated: 1555144
	1194  -  MemoryUsage of job (MB)
	1222116  -  ResidentSetSize of job (KB)
...
006 (168.000.000) 05/03 22:35:22 Image size of job updated: 1555400
	1194  -  MemoryUsage of job (MB)
	1222372  -  ResidentSetSize of job (KB)
...
006 (168.000.000) 05/03 22:40:22 Image size of job updated: 1555404
	1194  -  MemoryUsage of job (MB)
	1222376  -  ResidentSetSize of job (KB)
...
006 (168.000.000) 05/03 22:45:23 Image size of job updated: 1563180
	1202  -  MemoryUsage of job (MB)
	1230152  -  ResidentSetSize of job (KB)
...
006 (168.000.000) 05/03 22:50:24 Image size of job updated: 1563212
	1202  -  MemoryUsage of job (MB)
	1230184  -  ResidentSetSize of job (KB)
...
010 (168.000.000) 05/03 22:53:40 Job was suspended.
	Number of processes actually suspended: 26
...
006 (168.000.000) 05/03 22:53:40 Image size of job updated: 1563364
	1202  -  MemoryUsage of job (MB)
	1230336  -  ResidentSetSize of job (KB)
...
011 (168.000.000) 05/03 22:59:35 Job was unsuspended.
...
006 (168.000.000) 05/03 23:00:25 Image size of job updated: 1563368
	1202  -  MemoryUsage of job (MB)
	1230340  -  ResidentSetSize of job (KB)
...
010 (168.000.000) 05/03 23:04:11 Job was suspended.
	Number of processes actually suspended: 26
...
011 (168.000.000) 05/03 23:16:47 Job was unsuspended.
...
006 (168.000.000) 05/03 23:20:27 Image size of job updated: 1571276
	1210  -  MemoryUsage of job (MB)
	1238248  -  ResidentSetSize of job (KB)
...
010 (168.000.000) 05/03 23:22:59 Job was suspended.
	Number of processes actually suspended: 26
...
011 (168.000.000) 05/03 23:27:59 Job was unsuspended.
...
010 (168.000.000) 05/03 23:35:51 Job was suspended.
	Number of processes actually suspended: 26
...
011 (168.000.000) 05/03 23:49:57 Job was unsuspended.
...
006 (168.000.000) 05/03 23:49:57 Image size of job updated: 1571280
	1210  -  MemoryUsage of job (MB)
	1238252  -  ResidentSetSize of job (KB)
...
006 (168.000.000) 05/04 00:25:34 Image size of job updated: 1579000
	1217  -  MemoryUsage of job (MB)
	1245972  -  ResidentSetSize of job (KB)
...
006 (168.000.000) 05/04 00:30:34 Image size of job updated: 1579020
	1217  -  MemoryUsage of job (MB)
	1245992  -  ResidentSetSize of job (KB)
...
006 (168.000.000) 05/04 01:10:40 Image size of job updated: 1580044
	1218  -  MemoryUsage of job (MB)
	1247016  -  ResidentSetSize of job (KB)
...
006 (168.000.000) 05/04 07:38:21 Image size of job updated: 1672564
	1218  -  MemoryUsage of job (MB)
	1247016  -  ResidentSetSize of job (KB)
...
005 (168.000.000) 05/04 07:38:21 Job terminated.
	(1) Normal termination (return value 0)
		Usr 0 11:05:11, Sys 0 01:09:00  -  Run Remote Usage
		Usr 0 00:00:00, Sys 0 00:00:00  -  Run Local Usage
		Usr 0 11:05:11, Sys 0 01:09:00  -  Total Remote Usage
		Usr 0 00:00:00, Sys 0 00:00:00  -  Total Local Usage
	0  -  Run Bytes Sent By Job
	0  -  Run Bytes Received By Job
	0  -  Total Bytes Sent By Job
	0  -  Total Bytes Received By Job
	Partitionable Resources :    Usage  Request Allocated
	   Cpus                 :                 1         1
	   Disk (KB)            :        7        7  35502566
	   Gpus                 :                 1         1
	   Memory (MB)          :     1218     4096      4096
...
