I tensorflow/stream_executor/dso_loader.cc:128] successfully opened CUDA library libcublas.so locally
I tensorflow/stream_executor/dso_loader.cc:128] successfully opened CUDA library libcudnn.so locally
I tensorflow/stream_executor/dso_loader.cc:128] successfully opened CUDA library libcufft.so locally
I tensorflow/stream_executor/dso_loader.cc:128] successfully opened CUDA library libcuda.so.1 locally
I tensorflow/stream_executor/dso_loader.cc:128] successfully opened CUDA library libcurand.so locally
/users/start2014/r0385169/.local/lib/python2.7/site-packages/gensim/utils.py:1015: UserWarning: Pattern library is not installed, lemmatization won't be available.
  warnings.warn("Pattern library is not installed, lemmatization won't be available.")
I tensorflow/stream_executor/cuda/cuda_gpu_executor.cc:937] successful NUMA node read from SysFS had negative value (-1), but there must be at least one NUMA node, so returning NUMA node zero
I tensorflow/core/common_runtime/gpu/gpu_device.cc:885] Found device 0 with properties: 
name: GeForce GTX 980 Ti
major: 5 minor: 2 memoryClockRate (GHz) 1.19
pciBusID 0000:01:00.0
Total memory: 5.93GiB
Free memory: 5.84GiB
I tensorflow/core/common_runtime/gpu/gpu_device.cc:906] DMA: 0 
I tensorflow/core/common_runtime/gpu/gpu_device.cc:916] 0:   Y 
I tensorflow/core/common_runtime/gpu/gpu_device.cc:975] Creating TensorFlow device (/gpu:0) -> (device: 0, name: GeForce GTX 980 Ti, pci bus id: 0000:01:00.0)
I tensorflow/core/common_runtime/gpu/pool_allocator.cc:247] PoolAllocator: After 8990 get requests, put_count=8866 evicted_count=1000 eviction_rate=0.11279 and unsatisfied allocation rate=0.136151
I tensorflow/core/common_runtime/gpu/pool_allocator.cc:259] Raising pool_size_limit_ from 100 to 110
I tensorflow/core/common_runtime/gpu/pool_allocator.cc:247] PoolAllocator: After 1512170 get requests, put_count=1512192 evicted_count=1000 eviction_rate=0.000661292 and unsatisfied allocation rate=0.000661963
I tensorflow/core/common_runtime/gpu/pool_allocator.cc:247] PoolAllocator: After 14446740 get requests, put_count=14446759 evicted_count=11000 eviction_rate=0.000761416 and unsatisfied allocation rate=0.000761694
I tensorflow/core/common_runtime/gpu/pool_allocator.cc:247] PoolAllocator: After 31206516 get requests, put_count=31206536 evicted_count=21000 eviction_rate=0.000672936 and unsatisfied allocation rate=0.000673033
I tensorflow/core/common_runtime/gpu/pool_allocator.cc:247] PoolAllocator: After 38995814 get requests, put_count=38995832 evicted_count=31000 eviction_rate=0.000794957 and unsatisfied allocation rate=0.000795085
I tensorflow/core/common_runtime/gpu/pool_allocator.cc:247] PoolAllocator: After 44822536 get requests, put_count=44822556 evicted_count=41000 eviction_rate=0.000914718 and unsatisfied allocation rate=0.000914785
I tensorflow/core/common_runtime/gpu/pool_allocator.cc:247] PoolAllocator: After 50657046 get requests, put_count=50657067 evicted_count=51000 eviction_rate=0.00100677 and unsatisfied allocation rate=0.00100681
I tensorflow/core/common_runtime/gpu/pool_allocator.cc:247] PoolAllocator: After 56656402 get requests, put_count=56656424 evicted_count=61000 eviction_rate=0.00107667 and unsatisfied allocation rate=0.00107668
I tensorflow/core/common_runtime/gpu/pool_allocator.cc:247] PoolAllocator: After 62453270 get requests, put_count=62453290 evicted_count=71000 eviction_rate=0.00113685 and unsatisfied allocation rate=0.0011369
I tensorflow/core/common_runtime/gpu/pool_allocator.cc:247] PoolAllocator: After 68374746 get requests, put_count=68374768 evicted_count=81000 eviction_rate=0.00118465 and unsatisfied allocation rate=0.00118466
I tensorflow/core/common_runtime/gpu/pool_allocator.cc:247] PoolAllocator: After 74167720 get requests, put_count=74167739 evicted_count=91000 eviction_rate=0.00122695 and unsatisfied allocation rate=0.001227
I tensorflow/core/common_runtime/gpu/pool_allocator.cc:247] PoolAllocator: After 80032084 get requests, put_count=80032102 evicted_count=101000 eviction_rate=0.00126199 and unsatisfied allocation rate=0.00126206
I tensorflow/core/common_runtime/gpu/pool_allocator.cc:247] PoolAllocator: After 85841932 get requests, put_count=85841953 evicted_count=111000 eviction_rate=0.00129307 and unsatisfied allocation rate=0.0012931
I tensorflow/core/common_runtime/gpu/pool_allocator.cc:247] PoolAllocator: After 91654376 get requests, put_count=91654397 evicted_count=121000 eviction_rate=0.00132018 and unsatisfied allocation rate=0.0013202
I tensorflow/core/common_runtime/gpu/pool_allocator.cc:247] PoolAllocator: After 97941888 get requests, put_count=97941908 evicted_count=131000 eviction_rate=0.00133753 and unsatisfied allocation rate=0.00133756
I tensorflow/core/common_runtime/gpu/pool_allocator.cc:247] PoolAllocator: After 104734322 get requests, put_count=104734341 evicted_count=141000 eviction_rate=0.00134626 and unsatisfied allocation rate=0.0013463
I tensorflow/core/common_runtime/gpu/pool_allocator.cc:247] PoolAllocator: After 111387870 get requests, put_count=111387887 evicted_count=151000 eviction_rate=0.00135562 and unsatisfied allocation rate=0.00135568
I tensorflow/core/common_runtime/gpu/pool_allocator.cc:247] PoolAllocator: After 118058292 get requests, put_count=118058314 evicted_count=161000 eviction_rate=0.00136373 and unsatisfied allocation rate=0.00136374
I tensorflow/core/common_runtime/gpu/pool_allocator.cc:247] PoolAllocator: After 124628768 get requests, put_count=124628790 evicted_count=171000 eviction_rate=0.00137207 and unsatisfied allocation rate=0.00137208
I tensorflow/core/common_runtime/gpu/pool_allocator.cc:247] PoolAllocator: After 131264144 get requests, put_count=131264164 evicted_count=181000 eviction_rate=0.0013789 and unsatisfied allocation rate=0.00137892
I tensorflow/core/common_runtime/gpu/pool_allocator.cc:247] PoolAllocator: After 137921586 get requests, put_count=137921608 evicted_count=191000 eviction_rate=0.00138484 and unsatisfied allocation rate=0.00138485
I tensorflow/core/common_runtime/gpu/pool_allocator.cc:247] PoolAllocator: After 144736086 get requests, put_count=144736108 evicted_count=201000 eviction_rate=0.00138873 and unsatisfied allocation rate=0.00138874
I tensorflow/core/common_runtime/gpu/pool_allocator.cc:247] PoolAllocator: After 151450640 get requests, put_count=151450659 evicted_count=211000 eviction_rate=0.00139319 and unsatisfied allocation rate=0.00139322
I tensorflow/core/common_runtime/gpu/pool_allocator.cc:247] PoolAllocator: After 157952322 get requests, put_count=157952341 evicted_count=221000 eviction_rate=0.00139916 and unsatisfied allocation rate=0.00139918
I tensorflow/core/common_runtime/gpu/pool_allocator.cc:247] PoolAllocator: After 164546162 get requests, put_count=164546182 evicted_count=231000 eviction_rate=0.00140386 and unsatisfied allocation rate=0.00140388
I tensorflow/core/common_runtime/gpu/pool_allocator.cc:247] PoolAllocator: After 171136108 get requests, put_count=171136126 evicted_count=241000 eviction_rate=0.00140824 and unsatisfied allocation rate=0.00140827
I tensorflow/core/common_runtime/gpu/pool_allocator.cc:247] PoolAllocator: After 177855854 get requests, put_count=177855874 evicted_count=251000 eviction_rate=0.00141126 and unsatisfied allocation rate=0.00141127
I tensorflow/core/common_runtime/gpu/pool_allocator.cc:247] PoolAllocator: After 184484740 get requests, put_count=184484761 evicted_count=261000 eviction_rate=0.00141475 and unsatisfied allocation rate=0.00141476
I tensorflow/core/common_runtime/gpu/pool_allocator.cc:247] PoolAllocator: After 191208380 get requests, put_count=191208399 evicted_count=271000 eviction_rate=0.0014173 and unsatisfied allocation rate=0.00141732
I tensorflow/core/common_runtime/gpu/pool_allocator.cc:247] PoolAllocator: After 197882696 get requests, put_count=197882717 evicted_count=281000 eviction_rate=0.00142003 and unsatisfied allocation rate=0.00142004
I tensorflow/core/common_runtime/gpu/pool_allocator.cc:247] PoolAllocator: After 204463222 get requests, put_count=204463243 evicted_count=291000 eviction_rate=0.00142324 and unsatisfied allocation rate=0.00142325
I tensorflow/core/common_runtime/gpu/pool_allocator.cc:247] PoolAllocator: After 211277722 get requests, put_count=211277743 evicted_count=301000 eviction_rate=0.00142466 and unsatisfied allocation rate=0.00142467
I tensorflow/core/common_runtime/gpu/pool_allocator.cc:247] PoolAllocator: After 218041600 get requests, put_count=218041621 evicted_count=311000 eviction_rate=0.00142633 and unsatisfied allocation rate=0.00142634
I tensorflow/core/common_runtime/gpu/pool_allocator.cc:247] PoolAllocator: After 225050800 get requests, put_count=225050819 evicted_count=321000 eviction_rate=0.00142634 and unsatisfied allocation rate=0.00142636
I tensorflow/core/common_runtime/gpu/pool_allocator.cc:247] PoolAllocator: After 231644640 get requests, put_count=231644658 evicted_count=331000 eviction_rate=0.00142891 and unsatisfied allocation rate=0.00142893
I tensorflow/core/common_runtime/gpu/pool_allocator.cc:247] PoolAllocator: After 238312466 get requests, put_count=238312484 evicted_count=341000 eviction_rate=0.00143089 and unsatisfied allocation rate=0.00143092
I tensorflow/core/common_runtime/gpu/pool_allocator.cc:247] PoolAllocator: After 245050384 get requests, put_count=245050406 evicted_count=351000 eviction_rate=0.00143236 and unsatisfied allocation rate=0.00143236
I tensorflow/core/common_runtime/gpu/pool_allocator.cc:247] PoolAllocator: After 251788302 get requests, put_count=251788321 evicted_count=361000 eviction_rate=0.00143374 and unsatisfied allocation rate=0.00143376
I tensorflow/core/common_runtime/gpu/pool_allocator.cc:247] PoolAllocator: After 258483386 get requests, put_count=258483408 evicted_count=371000 eviction_rate=0.0014353 and unsatisfied allocation rate=0.0014353
I tensorflow/core/common_runtime/gpu/pool_allocator.cc:247] PoolAllocator: After 265256350 get requests, put_count=265256372 evicted_count=381000 eviction_rate=0.00143635 and unsatisfied allocation rate=0.00143635
I tensorflow/core/common_runtime/gpu/pool_allocator.cc:247] PoolAllocator: After 271890428 get requests, put_count=271890449 evicted_count=391000 eviction_rate=0.00143808 and unsatisfied allocation rate=0.00143809
I tensorflow/core/common_runtime/gpu/pool_allocator.cc:247] PoolAllocator: After 278540082 get requests, put_count=278540100 evicted_count=401000 eviction_rate=0.00143965 and unsatisfied allocation rate=0.00143967
I tensorflow/core/common_runtime/gpu/pool_allocator.cc:247] PoolAllocator: After 285194928 get requests, put_count=285194948 evicted_count=411000 eviction_rate=0.00144112 and unsatisfied allocation rate=0.00144113
I tensorflow/core/common_runtime/gpu/pool_allocator.cc:247] PoolAllocator: After 291901694 get requests, put_count=291901716 evicted_count=421000 eviction_rate=0.00144227 and unsatisfied allocation rate=0.00144227
I tensorflow/core/common_runtime/gpu/pool_allocator.cc:247] PoolAllocator: After 298634420 get requests, put_count=298634442 evicted_count=431000 eviction_rate=0.00144324 and unsatisfied allocation rate=0.00144324
I tensorflow/core/common_runtime/gpu/pool_allocator.cc:247] PoolAllocator: After 305203598 get requests, put_count=305203618 evicted_count=441000 eviction_rate=0.00144494 and unsatisfied allocation rate=0.00144495
I tensorflow/core/common_runtime/gpu/pool_allocator.cc:247] PoolAllocator: After 311768882 get requests, put_count=311768902 evicted_count=451000 eviction_rate=0.00144658 and unsatisfied allocation rate=0.00144659
I tensorflow/core/common_runtime/gpu/pool_allocator.cc:247] PoolAllocator: After 318417238 get requests, put_count=318417259 evicted_count=461000 eviction_rate=0.00144779 and unsatisfied allocation rate=0.00144779
I tensorflow/core/common_runtime/gpu/pool_allocator.cc:247] PoolAllocator: After 325053912 get requests, put_count=325053934 evicted_count=471000 eviction_rate=0.00144899 and unsatisfied allocation rate=0.00144899
I tensorflow/core/common_runtime/gpu/pool_allocator.cc:247] PoolAllocator: After 331930716 get requests, put_count=331930735 evicted_count=481000 eviction_rate=0.0014491 and unsatisfied allocation rate=0.00144911
I tensorflow/core/common_runtime/gpu/pool_allocator.cc:247] PoolAllocator: After 338573880 get requests, put_count=338573901 evicted_count=491000 eviction_rate=0.0014502 and unsatisfied allocation rate=0.00145021
I tensorflow/core/common_runtime/gpu/pool_allocator.cc:247] PoolAllocator: After 345332566 get requests, put_count=345332586 evicted_count=501000 eviction_rate=0.00145078 and unsatisfied allocation rate=0.00145078
I tensorflow/core/common_runtime/gpu/pool_allocator.cc:247] PoolAllocator: After 352174324 get requests, put_count=352174343 evicted_count=511000 eviction_rate=0.00145099 and unsatisfied allocation rate=0.001451
I tensorflow/core/common_runtime/gpu/pool_allocator.cc:247] PoolAllocator: After 358816190 get requests, put_count=358816209 evicted_count=521000 eviction_rate=0.001452 and unsatisfied allocation rate=0.00145201
I tensorflow/core/common_runtime/gpu/pool_allocator.cc:247] PoolAllocator: After 365489208 get requests, put_count=365489227 evicted_count=531000 eviction_rate=0.00145285 and unsatisfied allocation rate=0.00145286
I tensorflow/core/common_runtime/gpu/pool_allocator.cc:247] PoolAllocator: After 372127180 get requests, put_count=372127201 evicted_count=541000 eviction_rate=0.0014538 and unsatisfied allocation rate=0.00145381
I tensorflow/core/common_runtime/gpu/pool_allocator.cc:247] PoolAllocator: After 378797602 get requests, put_count=378797622 evicted_count=551000 eviction_rate=0.0014546 and unsatisfied allocation rate=0.00145461
I tensorflow/core/common_runtime/gpu/pool_allocator.cc:247] PoolAllocator: After 385316158 get requests, put_count=385316179 evicted_count=561000 eviction_rate=0.00145595 and unsatisfied allocation rate=0.00145595
I tensorflow/core/common_runtime/gpu/pool_allocator.cc:247] PoolAllocator: After 392043692 get requests, put_count=392043710 evicted_count=571000 eviction_rate=0.00145647 and unsatisfied allocation rate=0.00145648
I tensorflow/core/common_runtime/gpu/pool_allocator.cc:247] PoolAllocator: After 398695942 get requests, put_count=398695962 evicted_count=581000 eviction_rate=0.00145725 and unsatisfied allocation rate=0.00145726
I tensorflow/core/common_runtime/gpu/pool_allocator.cc:247] PoolAllocator: After 405397182 get requests, put_count=405397202 evicted_count=591000 eviction_rate=0.00145783 and unsatisfied allocation rate=0.00145784
I tensorflow/core/common_runtime/gpu/pool_allocator.cc:247] PoolAllocator: After 411972850 get requests, put_count=411972871 evicted_count=601000 eviction_rate=0.00145883 and unsatisfied allocation rate=0.00145884
I tensorflow/core/common_runtime/gpu/pool_allocator.cc:247] PoolAllocator: After 418765284 get requests, put_count=418765306 evicted_count=611000 eviction_rate=0.00145905 and unsatisfied allocation rate=0.00145905
I tensorflow/core/common_runtime/gpu/pool_allocator.cc:247] PoolAllocator: After 425398064 get requests, put_count=425398086 evicted_count=621000 eviction_rate=0.00145981 and unsatisfied allocation rate=0.00145981
I tensorflow/core/common_runtime/gpu/pool_allocator.cc:247] PoolAllocator: After 432232034 get requests, put_count=432232055 evicted_count=631000 eviction_rate=0.00145986 and unsatisfied allocation rate=0.00145987
I tensorflow/core/common_runtime/gpu/pool_allocator.cc:247] PoolAllocator: After 438723332 get requests, put_count=438723349 evicted_count=641000 eviction_rate=0.00146106 and unsatisfied allocation rate=0.00146107
I tensorflow/core/common_runtime/gpu/pool_allocator.cc:247] PoolAllocator: After 445410628 get requests, put_count=445410647 evicted_count=651000 eviction_rate=0.00146157 and unsatisfied allocation rate=0.00146158
I tensorflow/core/common_runtime/gpu/pool_allocator.cc:247] PoolAllocator: After 452140758 get requests, put_count=452140778 evicted_count=661000 eviction_rate=0.00146193 and unsatisfied allocation rate=0.00146194
I tensorflow/core/common_runtime/gpu/pool_allocator.cc:247] PoolAllocator: After 458708638 get requests, put_count=458708659 evicted_count=671000 eviction_rate=0.0014628 and unsatisfied allocation rate=0.00146281
I tensorflow/core/common_runtime/gpu/pool_allocator.cc:247] PoolAllocator: After 465455642 get requests, put_count=465455664 evicted_count=681000 eviction_rate=0.00146308 and unsatisfied allocation rate=0.00146308
I tensorflow/core/common_runtime/gpu/pool_allocator.cc:247] PoolAllocator: After 472341532 get requests, put_count=472341554 evicted_count=691000 eviction_rate=0.00146292 and unsatisfied allocation rate=0.00146293
I tensorflow/core/common_runtime/gpu/pool_allocator.cc:247] PoolAllocator: After 478998974 get requests, put_count=478998996 evicted_count=701000 eviction_rate=0.00146347 and unsatisfied allocation rate=0.00146347
I tensorflow/core/common_runtime/gpu/pool_allocator.cc:247] PoolAllocator: After 485879672 get requests, put_count=485879692 evicted_count=711000 eviction_rate=0.00146333 and unsatisfied allocation rate=0.00146333
I tensorflow/core/common_runtime/gpu/pool_allocator.cc:247] PoolAllocator: After 492683788 get requests, put_count=492683810 evicted_count=721000 eviction_rate=0.00146341 and unsatisfied allocation rate=0.00146342
I tensorflow/core/common_runtime/gpu/pool_allocator.cc:247] PoolAllocator: After 499291906 get requests, put_count=499291927 evicted_count=731000 eviction_rate=0.00146407 and unsatisfied allocation rate=0.00146408
I tensorflow/core/common_runtime/gpu/pool_allocator.cc:247] PoolAllocator: After 506057082 get requests, put_count=506057103 evicted_count=741000 eviction_rate=0.00146426 and unsatisfied allocation rate=0.00146427
I tensorflow/core/common_runtime/gpu/pool_allocator.cc:247] PoolAllocator: After 512637942 get requests, put_count=512637962 evicted_count=751000 eviction_rate=0.00146497 and unsatisfied allocation rate=0.00146498
I tensorflow/core/common_runtime/gpu/pool_allocator.cc:247] PoolAllocator: After 519414800 get requests, put_count=519414821 evicted_count=761000 eviction_rate=0.00146511 and unsatisfied allocation rate=0.00146511
I tensorflow/core/common_runtime/gpu/pool_allocator.cc:247] PoolAllocator: After 526091712 get requests, put_count=526091733 evicted_count=771000 eviction_rate=0.00146552 and unsatisfied allocation rate=0.00146553
I tensorflow/core/common_runtime/gpu/pool_allocator.cc:247] PoolAllocator: After 532771220 get requests, put_count=532771240 evicted_count=781000 eviction_rate=0.00146592 and unsatisfied allocation rate=0.00146593
I tensorflow/core/common_runtime/gpu/pool_allocator.cc:247] PoolAllocator: After 539393616 get requests, put_count=539393638 evicted_count=791000 eviction_rate=0.00146646 and unsatisfied allocation rate=0.00146646
I tensorflow/core/common_runtime/gpu/pool_allocator.cc:247] PoolAllocator: After 546205520 get requests, put_count=546205541 evicted_count=801000 eviction_rate=0.00146648 and unsatisfied allocation rate=0.00146648
I tensorflow/core/common_runtime/gpu/pool_allocator.cc:247] PoolAllocator: After 552818830 get requests, put_count=552818850 evicted_count=811000 eviction_rate=0.00146703 and unsatisfied allocation rate=0.00146703
I tensorflow/core/common_runtime/gpu/pool_allocator.cc:247] PoolAllocator: After 559528192 get requests, put_count=559528212 evicted_count=821000 eviction_rate=0.00146731 and unsatisfied allocation rate=0.00146731
I tensorflow/core/common_runtime/gpu/pool_allocator.cc:247] PoolAllocator: After 566336202 get requests, put_count=566336222 evicted_count=831000 eviction_rate=0.00146733 and unsatisfied allocation rate=0.00146733
I tensorflow/core/common_runtime/gpu/pool_allocator.cc:247] PoolAllocator: After 573124742 get requests, put_count=573124764 evicted_count=841000 eviction_rate=0.00146739 and unsatisfied allocation rate=0.0014674
I tensorflow/core/common_runtime/gpu/pool_allocator.cc:247] PoolAllocator: After 579582292 get requests, put_count=579582311 evicted_count=851000 eviction_rate=0.0014683 and unsatisfied allocation rate=0.00146831
I tensorflow/core/common_runtime/gpu/pool_allocator.cc:247] PoolAllocator: After 586093060 get requests, put_count=586093080 evicted_count=861000 eviction_rate=0.00146905 and unsatisfied allocation rate=0.00146906
I tensorflow/core/common_runtime/gpu/pool_allocator.cc:247] PoolAllocator: After 592886792 get requests, put_count=592886810 evicted_count=871000 eviction_rate=0.00146908 and unsatisfied allocation rate=0.00146909
