000 (168.000.000) 05/03 09:28:30 Job submitted from host: <10.33.133.65:9618?addrs=10.33.133.65-9618+[--1]-9618&noUDP&sock=12592_a4a3_4>
    DAG Node: cbow_tfidf_lstm
...
001 (168.000.000) 05/03 22:05:11 Job executing on host: <10.33.133.57:9618?addrs=10.33.133.57-9618+[--1]-9618&noUDP&sock=1311_d0c0_3>
...
010 (168.000.000) 05/03 22:53:40 Job was suspended.
	Number of processes actually suspended: 26
...
011 (168.000.000) 05/03 22:59:35 Job was unsuspended.
...
010 (168.000.000) 05/03 23:04:11 Job was suspended.
	Number of processes actually suspended: 26
...
011 (168.000.000) 05/03 23:16:47 Job was unsuspended.
...
010 (168.000.000) 05/03 23:22:59 Job was suspended.
	Number of processes actually suspended: 26
...
011 (168.000.000) 05/03 23:27:59 Job was unsuspended.
...
010 (168.000.000) 05/03 23:35:51 Job was suspended.
	Number of processes actually suspended: 26
...
011 (168.000.000) 05/03 23:49:57 Job was unsuspended.
...
005 (168.000.000) 05/04 07:38:21 Job terminated.
	(1) Normal termination (return value 0)
		Usr 0 11:05:11, Sys 0 01:09:00  -  Run Remote Usage
		Usr 0 00:00:00, Sys 0 00:00:00  -  Run Local Usage
		Usr 0 11:05:11, Sys 0 01:09:00  -  Total Remote Usage
		Usr 0 00:00:00, Sys 0 00:00:00  -  Total Local Usage
	0  -  Run Bytes Sent By Job
	0  -  Run Bytes Received By Job
	0  -  Total Bytes Sent By Job
	0  -  Total Bytes Received By Job
	Partitionable Resources :    Usage  Request Allocated
	   Cpus                 :                 1         1
	   Disk (KB)            :        7        7  35502566
	   Gpus                 :                 1         1
	   Memory (MB)          :     1218     4096      4096
...
000 (169.000.000) 05/04 07:38:30 Job submitted from host: <10.33.133.65:9618?addrs=10.33.133.65-9618+[--1]-9618&noUDP&sock=12592_a4a3_4>
    DAG Node: cbow_tfidf_lstm_test
...
001 (169.000.000) 05/04 07:45:33 Job executing on host: <10.33.133.57:9618?addrs=10.33.133.57-9618+[--1]-9618&noUDP&sock=1311_d0c0_3>
...
005 (169.000.000) 05/04 07:45:48 Job terminated.
	(1) Normal termination (return value 0)
		Usr 0 00:00:02, Sys 0 00:00:00  -  Run Remote Usage
		Usr 0 00:00:00, Sys 0 00:00:00  -  Run Local Usage
		Usr 0 00:00:02, Sys 0 00:00:00  -  Total Remote Usage
		Usr 0 00:00:00, Sys 0 00:00:00  -  Total Local Usage
	0  -  Run Bytes Sent By Job
	0  -  Run Bytes Received By Job
	0  -  Total Bytes Sent By Job
	0  -  Total Bytes Received By Job
	Partitionable Resources :    Usage  Request Allocated
	   Cpus                 :                 1         1
	   Disk (KB)            :        7        7  35502566
	   Gpus                 :                 1         1
	   Memory (MB)          :       57     4096      4096
...
