job started
Epoch: 1 Learning rate: 1.000
0.000 perplexity: 255.440 speed: 168 wps
0.100 perplexity: 175.254 speed: 3513 wps
0.200 perplexity: 173.741 speed: 3550 wps
0.300 perplexity: 172.828 speed: 3561 wps
0.400 perplexity: 172.014 speed: 3566 wps
0.500 perplexity: 171.145 speed: 3431 wps
0.600 perplexity: 170.742 speed: 3451 wps
0.700 perplexity: 170.469 speed: 3467 wps
0.800 perplexity: 170.121 speed: 3477 wps
0.900 perplexity: 169.743 speed: 3484 wps
1.000 perplexity: 169.529 speed: 3492 wps
Epoch: 1 Train Perplexity: 169.530
with(perplexity: 157.966) speed: 8979 wps
Epoch: 1 Valid Perplexity: 157.966
Epoch: 2 Learning rate: 1.000
0.000 perplexity: 241.230 speed: 3180 wps
0.100 perplexity: 168.256 speed: 3477 wps
0.200 perplexity: 167.327 speed: 3515 wps
0.300 perplexity: 166.948 speed: 3524 wps
0.400 perplexity: 166.528 speed: 3532 wps
0.500 perplexity: 166.017 speed: 3532 wps
0.600 perplexity: 165.885 speed: 3385 wps
0.700 perplexity: 165.664 speed: 3398 wps
0.800 perplexity: 165.392 speed: 3405 wps
0.900 perplexity: 165.103 speed: 3411 wps
1.000 perplexity: 164.828 speed: 3414 wps
Epoch: 2 Train Perplexity: 164.829
with(perplexity: 152.249) speed: 9075 wps
Epoch: 2 Valid Perplexity: 152.249
Epoch: 3 Learning rate: 1.000
0.000 perplexity: 238.539 speed: 3221 wps
0.100 perplexity: 162.118 speed: 3395 wps
0.200 perplexity: 161.349 speed: 2877 wps
0.300 perplexity: 161.126 speed: 2993 wps
0.400 perplexity: 160.904 speed: 3115 wps
0.500 perplexity: 160.572 speed: 3189 wps
0.600 perplexity: 160.573 speed: 3242 wps
0.700 perplexity: 160.459 speed: 3283 wps
0.800 perplexity: 160.302 speed: 3311 wps
0.900 perplexity: 160.122 speed: 3333 wps
1.000 perplexity: 159.934 speed: 3353 wps
Epoch: 3 Train Perplexity: 159.935
with(perplexity: 148.400) speed: 9358 wps
Epoch: 3 Valid Perplexity: 148.400
with(perplexity: 163.770) speed: 109 wps
Test Perplexity: 163.770
Saving model to /esat/spchtemp/scratch/wboes/SpeechHub/pretrained_tied_models_smaller/output/extended_topic_1_0/extended_topic_1_0.
