job started
with(perplexity: 151.980) speed: 200 wps
Interpolation factor = 0.000 : valid perplexity = 151.980
with(perplexity: 152.576) speed: 217 wps
Interpolation factor = 0.020 : valid perplexity = 152.576
with(perplexity: 153.701) speed: 219 wps
Interpolation factor = 0.041 : valid perplexity = 153.701
with(perplexity: 155.079) speed: 219 wps
Interpolation factor = 0.061 : valid perplexity = 155.079
with(perplexity: 156.642) speed: 217 wps
Interpolation factor = 0.082 : valid perplexity = 156.642
with(perplexity: 158.363) speed: 219 wps
Interpolation factor = 0.102 : valid perplexity = 158.363
with(perplexity: 160.227) speed: 217 wps
Interpolation factor = 0.122 : valid perplexity = 160.227
with(perplexity: 162.225) speed: 219 wps
Interpolation factor = 0.143 : valid perplexity = 162.225
with(perplexity: 164.355) speed: 217 wps
Interpolation factor = 0.163 : valid perplexity = 164.355
with(perplexity: 166.617) speed: 219 wps
Interpolation factor = 0.184 : valid perplexity = 166.617
with(perplexity: 169.013) speed: 219 wps
Interpolation factor = 0.204 : valid perplexity = 169.013
with(perplexity: 171.544) speed: 216 wps
Interpolation factor = 0.224 : valid perplexity = 171.544
with(perplexity: 174.218) speed: 219 wps
Interpolation factor = 0.245 : valid perplexity = 174.218
with(perplexity: 177.039) speed: 216 wps
Interpolation factor = 0.265 : valid perplexity = 177.039
with(perplexity: 180.015) speed: 219 wps
Interpolation factor = 0.286 : valid perplexity = 180.015
with(perplexity: 183.154) speed: 216 wps
Interpolation factor = 0.306 : valid perplexity = 183.154
with(perplexity: 186.467) speed: 218 wps
Interpolation factor = 0.327 : valid perplexity = 186.467
with(perplexity: 189.964) speed: 216 wps
Interpolation factor = 0.347 : valid perplexity = 189.964
with(perplexity: 193.658) speed: 218 wps
Interpolation factor = 0.367 : valid perplexity = 193.658
with(perplexity: 197.564) speed: 216 wps
Interpolation factor = 0.388 : valid perplexity = 197.564
with(perplexity: 201.698) speed: 218 wps
Interpolation factor = 0.408 : valid perplexity = 201.698
with(perplexity: 206.078) speed: 218 wps
Interpolation factor = 0.429 : valid perplexity = 206.078
with(perplexity: 210.726) speed: 216 wps
Interpolation factor = 0.449 : valid perplexity = 210.726
with(perplexity: 215.664) speed: 218 wps
Interpolation factor = 0.469 : valid perplexity = 215.664
with(perplexity: 220.920) speed: 216 wps
Interpolation factor = 0.490 : valid perplexity = 220.920
with(perplexity: 226.526) speed: 218 wps
Interpolation factor = 0.510 : valid perplexity = 226.526
with(perplexity: 232.515) speed: 216 wps
Interpolation factor = 0.531 : valid perplexity = 232.515
with(perplexity: 238.929) speed: 218 wps
Interpolation factor = 0.551 : valid perplexity = 238.929
with(perplexity: 245.815) speed: 215 wps
Interpolation factor = 0.571 : valid perplexity = 245.815
with(perplexity: 253.228) speed: 218 wps
Interpolation factor = 0.592 : valid perplexity = 253.228
with(perplexity: 261.233) speed: 218 wps
Interpolation factor = 0.612 : valid perplexity = 261.233
with(perplexity: 269.906) speed: 215 wps
Interpolation factor = 0.633 : valid perplexity = 269.906
with(perplexity: 279.337) speed: 218 wps
Interpolation factor = 0.653 : valid perplexity = 279.337
with(perplexity: 289.636) speed: 215 wps
Interpolation factor = 0.673 : valid perplexity = 289.636
with(perplexity: 300.936) speed: 218 wps
Interpolation factor = 0.694 : valid perplexity = 300.936
with(perplexity: 313.397) speed: 216 wps
Interpolation factor = 0.714 : valid perplexity = 313.397
with(perplexity: 327.223) speed: 217 wps
Interpolation factor = 0.735 : valid perplexity = 327.223
with(perplexity: 342.669) speed: 215 wps
Interpolation factor = 0.755 : valid perplexity = 342.669
with(perplexity: 360.059) speed: 217 wps
Interpolation factor = 0.776 : valid perplexity = 360.059
with(perplexity: 379.823) speed: 215 wps
Interpolation factor = 0.796 : valid perplexity = 379.823
with(perplexity: 402.531) speed: 217 wps
Interpolation factor = 0.816 : valid perplexity = 402.531
with(perplexity: 428.970) speed: 217 wps
Interpolation factor = 0.837 : valid perplexity = 428.970
with(perplexity: 460.257) speed: 215 wps
Interpolation factor = 0.857 : valid perplexity = 460.257
with(perplexity: 498.051) speed: 217 wps
Interpolation factor = 0.878 : valid perplexity = 498.051
with(perplexity: 544.949) speed: 215 wps
Interpolation factor = 0.898 : valid perplexity = 544.949
with(perplexity: 605.326) speed: 217 wps
Interpolation factor = 0.918 : valid perplexity = 605.326
with(perplexity: 687.356) speed: 215 wps
Interpolation factor = 0.939 : valid perplexity = 687.356
with(perplexity: 809.038) speed: 217 wps
Interpolation factor = 0.959 : valid perplexity = 809.038
with(perplexity: 1024.327) speed: 214 wps
Interpolation factor = 0.980 : valid perplexity = 1024.327
with(perplexity: 2388.564) speed: 217 wps
Interpolation factor = 1.000 : valid perplexity = 2388.564
Best interpolation factor = 0.000
with(perplexity: 167.488) speed: 194 wps
Test Perplexity: 167.488
Saving model to /esat/spchtemp/scratch/wboes/SpeechHub/pretrained_tied_models_smaller/output/topic_0/topic_0.
