job started
Epoch: 1 Learning rate: 1.000
0.000 perplexity: 49753.694 speed: 183 wps
0.100 perplexity: 354.253 speed: 3374 wps
0.200 perplexity: 296.305 speed: 3372 wps
0.300 perplexity: 269.880 speed: 3370 wps
0.400 perplexity: 253.659 speed: 3366 wps
0.500 perplexity: 242.323 speed: 3362 wps
0.600 perplexity: 234.212 speed: 3356 wps
0.700 perplexity: 227.687 speed: 3351 wps
0.800 perplexity: 222.349 speed: 3342 wps
0.900 perplexity: 217.857 speed: 3338 wps
1.000 perplexity: 213.980 speed: 3338 wps
Epoch: 1 Train Perplexity: 213.981
with(perplexity: 170.763) speed: 7798 wps
Epoch: 1 Valid Perplexity: 170.763
Epoch: 2 Learning rate: 1.000
0.000 perplexity: 263.030 speed: 3100 wps
0.100 perplexity: 180.815 speed: 3296 wps
0.200 perplexity: 179.176 speed: 3318 wps
0.300 perplexity: 178.222 speed: 3325 wps
0.400 perplexity: 177.379 speed: 3328 wps
0.500 perplexity: 176.470 speed: 3328 wps
0.600 perplexity: 175.971 speed: 3328 wps
0.700 perplexity: 175.362 speed: 3327 wps
0.800 perplexity: 174.738 speed: 3325 wps
0.900 perplexity: 174.127 speed: 3325 wps
1.000 perplexity: 173.519 speed: 3324 wps
Epoch: 2 Train Perplexity: 173.520
with(perplexity: 157.990) speed: 7935 wps
Epoch: 2 Valid Perplexity: 157.990
Epoch: 3 Learning rate: 1.000
0.000 perplexity: 233.464 speed: 3235 wps
0.100 perplexity: 168.253 speed: 3292 wps
0.200 perplexity: 167.285 speed: 3175 wps
0.300 perplexity: 166.891 speed: 3217 wps
0.400 perplexity: 166.536 speed: 3235 wps
0.500 perplexity: 166.075 speed: 3250 wps
0.600 perplexity: 165.961 speed: 3262 wps
0.700 perplexity: 165.710 speed: 3272 wps
0.800 perplexity: 165.425 speed: 3272 wps
0.900 perplexity: 165.125 speed: 3277 wps
1.000 perplexity: 164.807 speed: 3283 wps
Epoch: 3 Train Perplexity: 164.808
with(perplexity: 152.010) speed: 8017 wps
Epoch: 3 Valid Perplexity: 152.010
with(perplexity: 167.488) speed: 131 wps
Test Perplexity: 167.488
Saving model to /esat/spchtemp/scratch/wboes/SpeechHub/pretrained_tied_models_smaller/output/topic_0/topic_0.
