000 (096.000.000) 04/17 11:15:06 Job submitted from host: <10.33.133.113:9618?addrs=10.33.133.113-9618+[--1]-9618&noUDP&sock=1403_eb76_4>
    DAG Node: compute_best_mix
...
001 (096.000.000) 04/17 11:15:08 Job executing on host: <10.33.133.185:9618?addrs=10.33.133.185-9618+[--1]-9618&noUDP&sock=1152_c131_3>
...
006 (096.000.000) 04/17 11:15:08 Image size of job updated: 1
	0  -  MemoryUsage of job (MB)
	0  -  ResidentSetSize of job (KB)
...
005 (096.000.000) 04/17 11:15:08 Job terminated.
	(1) Normal termination (return value 1)
		Usr 0 00:00:00, Sys 0 00:00:00  -  Run Remote Usage
		Usr 0 00:00:00, Sys 0 00:00:00  -  Run Local Usage
		Usr 0 00:00:00, Sys 0 00:00:00  -  Total Remote Usage
		Usr 0 00:00:00, Sys 0 00:00:00  -  Total Local Usage
	0  -  Run Bytes Sent By Job
	0  -  Run Bytes Received By Job
	0  -  Total Bytes Sent By Job
	0  -  Total Bytes Received By Job
	Partitionable Resources :    Usage  Request Allocated
	   Cpus                 :                 1         1
	   Disk (KB)            :        1        1   8496687
	   Gpus                 :                           0
	   Memory (MB)          :        0     4096      4096
...
