wim@wim-GL552VW:~/SpeechHub/original_ds_ptb/python$ python lm_original_ds.py 
I tensorflow/stream_executor/dso_loader.cc:128] successfully opened CUDA library libcublas.so locally
I tensorflow/stream_executor/dso_loader.cc:128] successfully opened CUDA library libcudnn.so locally
I tensorflow/stream_executor/dso_loader.cc:128] successfully opened CUDA library libcufft.so locally
I tensorflow/stream_executor/dso_loader.cc:128] successfully opened CUDA library libcuda.so.1 locally
I tensorflow/stream_executor/dso_loader.cc:128] successfully opened CUDA library libcurand.so locally
job started
I tensorflow/stream_executor/cuda/cuda_gpu_executor.cc:937] successful NUMA node read from SysFS had negative value (-1), but there must be at least one NUMA node, so returning NUMA node zero
I tensorflow/core/common_runtime/gpu/gpu_device.cc:885] Found device 0 with properties: 
name: GeForce GTX 960M
major: 5 minor: 0 memoryClockRate (GHz) 1.176
pciBusID 0000:01:00.0
Total memory: 1.96GiB
Free memory: 1.77GiB
I tensorflow/core/common_runtime/gpu/gpu_device.cc:906] DMA: 0 
I tensorflow/core/common_runtime/gpu/gpu_device.cc:916] 0:   Y 
I tensorflow/core/common_runtime/gpu/gpu_device.cc:975] Creating TensorFlow device (/gpu:0) -> (device: 0, name: GeForce GTX 960M, pci bus id: 0000:01:00.0)
Epoch: 1 Learning rate: 1.000
0.000 perplexity: 49946.622 speed: 907 wps
I tensorflow/core/common_runtime/gpu/pool_allocator.cc:247] PoolAllocator: After 12424 get requests, put_count=12370 evicted_count=1000 eviction_rate=0.0808407 and unsatisfied allocation rate=0.0928847
I tensorflow/core/common_runtime/gpu/pool_allocator.cc:259] Raising pool_size_limit_ from 100 to 110
0.100 perplexity: 591.595 speed: 4438 wps
0.200 perplexity: 444.318 speed: 4450 wps
0.300 perplexity: 375.986 speed: 4451 wps
0.400 perplexity: 334.594 speed: 4451 wps
0.500 perplexity: 305.831 speed: 4452 wps
0.600 perplexity: 284.455 speed: 4454 wps
0.700 perplexity: 267.574 speed: 4454 wps
0.800 perplexity: 253.989 speed: 4456 wps
0.900 perplexity: 242.841 speed: 4457 wps
1.000 perplexity: 233.352 speed: 4457 wps
Epoch: 1 Train Perplexity: 233.346
with(perplexity: 169.992) speed: 11642 wps
Epoch: 1 Valid Perplexity: 169.992
Epoch: 2 Learning rate: 1.000
0.000 perplexity: 150.717 speed: 4664 wps
0.100 perplexity: 156.205 speed: 4474 wps
0.200 perplexity: 155.235 speed: 3984 wps
0.300 perplexity: 152.989 speed: 4145 wps
0.400 perplexity: 151.213 speed: 4213 wps
0.500 perplexity: 149.568 speed: 4262 wps
0.600 perplexity: 148.082 speed: 4292 wps
0.700 perplexity: 146.595 speed: 4314 wps
0.800 perplexity: 145.234 speed: 4113 wps
0.900 perplexity: 144.015 speed: 4150 wps
1.000 perplexity: 142.824 speed: 4181 wps
Epoch: 2 Train Perplexity: 142.823
with(perplexity: 138.180) speed: 11704 wps
Epoch: 2 Valid Perplexity: 138.180
Epoch: 3 Learning rate: 1.000
0.100 perplexity: 129.540 speed: 4241 wps
0.200 perplexity: 129.945 speed: 4270 wps
0.300 perplexity: 129.026 speed: 4279 wps
0.400 perplexity: 128.438 speed: 4284 wps
0.500 perplexity: 127.838 speed: 4287 wps
0.600 perplexity: 127.296 speed: 4291 wps
0.700 perplexity: 126.683 speed: 4293 wps
0.800 perplexity: 126.110 speed: 4296 wps
0.900 perplexity: 125.611 speed: 4199 wps
1.000 perplexity: 125.091 speed: 4207 wps
Epoch: 3 Train Perplexity: 125.091
with(perplexity: 125.187) speed: 11647 wps
Epoch: 3 Valid Perplexity: 125.187
with(perplexity: 138.001) speed: 340 wps
Test Perplexity: 138.001
Saving model to /home/wim/SpeechHub/original_ds_ptb/output/ds_large_full_0/ds_large_full_0.

