I tensorflow/stream_executor/dso_loader.cc:128] successfully opened CUDA library libcublas.so locally
I tensorflow/stream_executor/dso_loader.cc:128] successfully opened CUDA library libcudnn.so locally
I tensorflow/stream_executor/dso_loader.cc:128] successfully opened CUDA library libcufft.so locally
I tensorflow/stream_executor/dso_loader.cc:128] successfully opened CUDA library libcuda.so.1 locally
I tensorflow/stream_executor/dso_loader.cc:128] successfully opened CUDA library libcurand.so locally
job started
I tensorflow/stream_executor/cuda/cuda_gpu_executor.cc:937] successful NUMA node read from SysFS had negative value (-1), but there must be at least one NUMA node, so returning NUMA node zero
I tensorflow/core/common_runtime/gpu/gpu_device.cc:885] Found device 0 with properties: 
name: GeForce GT 650M
major: 3 minor: 0 memoryClockRate (GHz) 0.95
pciBusID 0000:01:00.0
Total memory: 1.95GiB
Free memory: 1.80GiB
I tensorflow/core/common_runtime/gpu/gpu_device.cc:906] DMA: 0 
I tensorflow/core/common_runtime/gpu/gpu_device.cc:916] 0:   Y 
I tensorflow/core/common_runtime/gpu/gpu_device.cc:975] Creating TensorFlow device (/gpu:0) -> (device: 0, name: GeForce GT 650M, pci bus id: 0000:01:00.0)
Epoch: 1 Learning rate: 1.000
0.000 perplexity: 186.481 speed: 1290 wps
0.100 perplexity: 8.245 speed: 18510 wps
0.200 perplexity: 6.622 speed: 18007 wps
0.300 perplexity: 5.859 speed: 17081 wps
0.400 perplexity: 5.398 speed: 16110 wps
0.500 perplexity: 5.077 speed: 15376 wps
0.600 perplexity: 4.850 speed: 14769 wps
0.700 perplexity: 4.671 speed: 14235 wps
0.800 perplexity: 4.525 speed: 13810 wps
0.900 perplexity: 4.410 speed: 13464 wps
1.000 perplexity: 4.307 speed: 13214 wps
Epoch: 1 Train Perplexity: 4.307
with(perplexity: 358.697) speed: 5570 wps
Epoch: 1 Valid Perplexity: 358.697
Epoch: 2 Learning rate: 1.000
0.000 perplexity: 4.144 speed: 8643 wps
0.100 perplexity: 3.434 speed: 10784 wps
0.200 perplexity: 3.412 speed: 10848 wps
0.300 perplexity: 3.386 speed: 10774 wps
0.400 perplexity: 3.360 speed: 10666 wps
0.500 perplexity: 3.339 speed: 10596 wps
0.600 perplexity: 3.322 speed: 10550 wps
0.700 perplexity: 3.304 speed: 10514 wps
0.800 perplexity: 3.289 speed: 10492 wps
0.900 perplexity: 3.272 speed: 10470 wps
1.000 perplexity: 3.256 speed: 10465 wps
Epoch: 2 Train Perplexity: 3.256
with(perplexity: 294.698) speed: 5460 wps
Epoch: 2 Valid Perplexity: 294.698
Epoch: 3 Learning rate: 1.000
0.000 perplexity: 2.408 speed: 8742 wps
0.100 perplexity: 3.075 speed: 10259 wps
0.200 perplexity: 3.088 speed: 10354 wps
0.300 perplexity: 3.073 speed: 10406 wps
0.400 perplexity: 3.062 speed: 10487 wps
0.500 perplexity: 3.049 speed: 10527 wps
0.600 perplexity: 3.043 speed: 10525 wps
0.700 perplexity: 3.031 speed: 10553 wps
0.800 perplexity: 3.021 speed: 10731 wps
0.900 perplexity: 3.013 speed: 11226 wps
1.000 perplexity: 3.006 speed: 11685 wps
Epoch: 3 Train Perplexity: 3.006
with(perplexity: 260.007) speed: 6029 wps
Epoch: 3 Valid Perplexity: 260.007
with(perplexity: 277.541) speed: 297 wps
Test Perplexity: 277.541
Saving model to /home/robbe/SpeechHub/original_ds_ptb/output/ds_small_sampled_0/ds_small_sampled_0.

