I tensorflow/stream_executor/dso_loader.cc:128] successfully opened CUDA library libcudnn.so locally
I tensorflow/stream_executor/dso_loader.cc:128] successfully opened CUDA library libcufft.so locally
I tensorflow/stream_executor/dso_loader.cc:128] successfully opened CUDA library libcuda.so.1 locally
I tensorflow/stream_executor/dso_loader.cc:128] successfully opened CUDA library libcurand.so locally
job started
I tensorflow/stream_executor/cuda/cuda_gpu_executor.cc:937] successful NUMA node read from SysFS had negative value (-1), but there must be at least one NUMA node, so returning NUMA node zero
I tensorflow/core/common_runtime/gpu/gpu_device.cc:885] Found device 0 with properties: 
name: GeForce GT 650M
major: 3 minor: 0 memoryClockRate (GHz) 0.95
pciBusID 0000:01:00.0
Total memory: 1.95GiB
Free memory: 1.64GiB
I tensorflow/core/common_runtime/gpu/gpu_device.cc:906] DMA: 0 
I tensorflow/core/common_runtime/gpu/gpu_device.cc:916] 0:   Y 
I tensorflow/core/common_runtime/gpu/gpu_device.cc:975] Creating TensorFlow device (/gpu:0) -> (device: 0, name: GeForce GT 650M, pci bus id: 0000:01:00.0)
Epoch: 1 Learning rate: 1.000
0.000 perplexity: 9987.315 speed: 852 wps
I tensorflow/core/common_runtime/gpu/pool_allocator.cc:247] PoolAllocator: After 11039 get requests, put_count=10995 evicted_count=1000 eviction_rate=0.0909504 and unsatisfied allocation rate=0.103633
I tensorflow/core/common_runtime/gpu/pool_allocator.cc:259] Raising pool_size_limit_ from 100 to 110
0.100 perplexity: 2193.454 speed: 7929 wps
0.200 perplexity: 1416.307 speed: 8520 wps
0.300 perplexity: 1185.186 speed: 8696 wps
0.400 perplexity: 1068.782 speed: 8879 wps
0.500 perplexity: 1000.298 speed: 9004 wps
0.600 perplexity: 949.694 speed: 9095 wps
0.700 perplexity: 911.827 speed: 9139 wps
0.800 perplexity: 881.756 speed: 9120 wps
0.900 perplexity: 850.895 speed: 9169 wps
Epoch: 1 Train Perplexity: 826.508
with(perplexity: 665.976) speed: 20413 wps
Epoch: 1 Valid Perplexity: 665.976
Epoch: 2 Learning rate: 1.000
0.000 perplexity: 653.212 speed: 9138 wps
0.100 perplexity: 604.954 speed: 9585 wps
0.200 perplexity: 571.208 speed: 9586 wps
0.300 perplexity: 564.099 speed: 9588 wps
0.400 perplexity: 556.334 speed: 9591 wps
0.500 perplexity: 552.071 speed: 9597 wps
0.600 perplexity: 543.578 speed: 9535 wps
0.700 perplexity: 534.162 speed: 9575 wps
0.800 perplexity: 529.008 speed: 9570 wps
0.900 perplexity: 519.356 speed: 9612 wps
Epoch: 2 Train Perplexity: 513.915
with(perplexity: 486.814) speed: 20753 wps
Epoch: 2 Valid Perplexity: 486.814
Epoch: 3 Learning rate: 1.000
0.000 perplexity: 499.807 speed: 9389 wps
0.100 perplexity: 453.688 speed: 9685 wps
0.200 perplexity: 428.253 speed: 9718 wps
0.300 perplexity: 426.051 speed: 9800 wps
0.400 perplexity: 423.820 speed: 9802 wps
0.500 perplexity: 424.263 speed: 9782 wps
0.600 perplexity: 420.768 speed: 9755 wps
0.700 perplexity: 415.386 speed: 9735 wps
0.800 perplexity: 413.674 speed: 9714 wps
0.900 perplexity: 408.000 speed: 9684 wps
Epoch: 3 Train Perplexity: 405.646
with(perplexity: 400.509) speed: 20803 wps
Epoch: 3 Valid Perplexity: 400.509
Epoch: 4 Learning rate: 1.000
0.000 perplexity: 409.809 speed: 9216 wps
0.100 perplexity: 377.487 speed: 9605 wps
0.200 perplexity: 356.713 speed: 9667 wps
0.300 perplexity: 357.023 speed: 9652 wps
0.400 perplexity: 356.878 speed: 9643 wps
0.500 perplexity: 358.722 speed: 9662 wps
0.600 perplexity: 356.713 speed: 9653 wps
0.700 perplexity: 352.953 speed: 9644 wps
0.800 perplexity: 352.706 speed: 9675 wps
0.900 perplexity: 348.747 speed: 9688 wps
Epoch: 4 Train Perplexity: 347.766
with(perplexity: 366.456) speed: 20608 wps
Epoch: 4 Valid Perplexity: 366.456
Epoch: 5 Learning rate: 1.000
0.000 perplexity: 376.876 speed: 9332 wps
0.100 perplexity: 333.032 speed: 9778 wps
0.200 perplexity: 315.113 speed: 9719 wps
0.300 perplexity: 315.824 speed: 9732 wps
0.400 perplexity: 316.260 speed: 9748 wps
0.500 perplexity: 318.758 speed: 9718 wps
0.600 perplexity: 317.716 speed: 9697 wps
0.700 perplexity: 314.646 speed: 9682 wps
0.800 perplexity: 315.024 speed: 9655 wps
0.900 perplexity: 311.884 speed: 9508 wps
Epoch: 5 Train Perplexity: 311.413
with(perplexity: 316.058) speed: 20760 wps
Epoch: 5 Valid Perplexity: 316.058
Epoch: 6 Learning rate: 1.000
0.000 perplexity: 348.177 speed: 10049 wps
0.100 perplexity: 302.248 speed: 9678 wps
0.200 perplexity: 285.909 speed: 9481 wps
0.300 perplexity: 287.598 speed: 9451 wps
0.400 perplexity: 288.656 speed: 9485 wps
0.500 perplexity: 291.330 speed: 9496 wps
0.600 perplexity: 290.621 speed: 9555 wps
0.700 perplexity: 287.867 speed: 9456 wps
0.800 perplexity: 288.449 speed: 9461 wps
0.900 perplexity: 285.920 speed: 9459 wps
Epoch: 6 Train Perplexity: 285.923
with(perplexity: 289.248) speed: 20821 wps
Epoch: 6 Valid Perplexity: 289.248
Epoch: 7 Learning rate: 1.000
0.000 perplexity: 324.131 speed: 9194 wps
0.100 perplexity: 281.798 speed: 9751 wps
0.200 perplexity: 266.427 speed: 9699 wps
0.300 perplexity: 267.689 speed: 9465 wps
0.400 perplexity: 269.039 speed: 9416 wps
0.500 perplexity: 271.829 speed: 9396 wps
0.600 perplexity: 271.536 speed: 9377 wps
0.700 perplexity: 268.973 speed: 9248 wps
0.800 perplexity: 269.870 speed: 9261 wps
0.900 perplexity: 267.523 speed: 9284 wps
Epoch: 7 Train Perplexity: 267.786
with(perplexity: 272.601) speed: 19944 wps
Epoch: 7 Valid Perplexity: 272.601
Epoch: 8 Learning rate: 1.000
0.000 perplexity: 306.831 speed: 9817 wps
0.100 perplexity: 265.670 speed: 9403 wps
0.200 perplexity: 251.445 speed: 8944 wps
0.300 perplexity: 253.138 speed: 8664 wps
0.400 perplexity: 254.411 speed: 8770 wps
0.500 perplexity: 257.323 speed: 8897 wps
0.600 perplexity: 257.054 speed: 8765 wps
0.700 perplexity: 254.570 speed: 8791 wps
0.800 perplexity: 255.530 speed: 8899 wps
0.900 perplexity: 253.382 speed: 8903 wps
Epoch: 8 Train Perplexity: 253.717
with(perplexity: 258.883) speed: 18628 wps
Epoch: 8 Valid Perplexity: 258.883
Epoch: 9 Learning rate: 1.000
0.000 perplexity: 292.349 speed: 9040 wps
0.100 perplexity: 252.559 speed: 8826 wps
0.200 perplexity: 238.778 speed: 8532 wps
0.300 perplexity: 240.467 speed: 8532 wps
0.400 perplexity: 242.067 speed: 8556 wps
0.500 perplexity: 244.905 speed: 8474 wps
0.600 perplexity: 244.910 speed: 8599 wps
0.700 perplexity: 242.533 speed: 8680 wps
0.800 perplexity: 243.664 speed: 8734 wps
0.900 perplexity: 241.676 speed: 8718 wps
Epoch: 9 Train Perplexity: 242.023
with(perplexity: 246.542) speed: 19662 wps
Epoch: 9 Valid Perplexity: 246.542
Epoch: 10 Learning rate: 1.000
0.000 perplexity: 269.279 speed: 8089 wps
0.100 perplexity: 241.550 speed: 8194 wps
0.200 perplexity: 228.394 speed: 7934 wps
0.300 perplexity: 230.081 speed: 7024 wps
0.400 perplexity: 231.859 speed: 6969 wps
0.500 perplexity: 234.623 speed: 6375 wps
0.600 perplexity: 234.581 speed: 6303 wps
0.700 perplexity: 232.014 speed: 6499 wps
0.800 perplexity: 233.304 speed: 6659 wps
0.900 perplexity: 231.477 speed: 6825 wps
Epoch: 10 Train Perplexity: 231.990
with(perplexity: 239.107) speed: 20825 wps
Epoch: 10 Valid Perplexity: 239.107
Epoch: 11 Learning rate: 1.000
0.000 perplexity: 270.455 speed: 9539 wps
0.100 perplexity: 233.264 speed: 8914 wps
0.200 perplexity: 220.387 speed: 8769 wps
0.300 perplexity: 222.575 speed: 8560 wps
0.400 perplexity: 224.154 speed: 8467 wps
0.500 perplexity: 226.854 speed: 8571 wps
0.600 perplexity: 226.651 speed: 8566 wps
0.700 perplexity: 224.348 speed: 8499 wps
0.800 perplexity: 225.593 speed: 8510 wps
0.900 perplexity: 223.838 speed: 8587 wps
Epoch: 11 Train Perplexity: 224.275
with(perplexity: 228.986) speed: 19424 wps
Epoch: 11 Valid Perplexity: 228.986
Epoch: 12 Learning rate: 1.000
0.000 perplexity: 263.626 speed: 8199 wps
0.100 perplexity: 225.650 speed: 7858 wps
0.200 perplexity: 212.787 speed: 7883 wps
0.300 perplexity: 214.943 speed: 8097 wps
0.400 perplexity: 216.744 speed: 8303 wps
0.500 perplexity: 219.519 speed: 8391 wps
0.600 perplexity: 219.520 speed: 8287 wps
0.700 perplexity: 217.157 speed: 8194 wps
0.800 perplexity: 218.450 speed: 8127 wps
0.900 perplexity: 216.843 speed: 8149 wps
Epoch: 12 Train Perplexity: 217.281
with(perplexity: 220.365) speed: 19021 wps
Epoch: 12 Valid Perplexity: 220.365
Epoch: 13 Learning rate: 1.000
0.000 perplexity: 252.272 speed: 8630 wps
0.100 perplexity: 219.249 speed: 7895 wps
0.200 perplexity: 206.867 speed: 8106 wps
0.300 perplexity: 208.899 speed: 8259 wps
0.400 perplexity: 210.732 speed: 8603 wps
0.500 perplexity: 213.506 speed: 8828 wps
0.600 perplexity: 213.551 speed: 8830 wps
0.700 perplexity: 210.954 speed: 8732 wps
0.800 perplexity: 212.242 speed: 8611 wps
0.900 perplexity: 210.633 speed: 8591 wps
Epoch: 13 Train Perplexity: 211.042
with(perplexity: 219.148) speed: 20608 wps
Epoch: 13 Valid Perplexity: 219.148
Epoch: 14 Learning rate: 1.000
0.000 perplexity: 247.338 speed: 9334 wps
0.100 perplexity: 212.939 speed: 10064 wps
0.200 perplexity: 200.913 speed: 9022 wps
0.300 perplexity: 203.184 speed: 8875 wps
0.400 perplexity: 204.841 speed: 8799 wps
0.500 perplexity: 207.537 speed: 8936 wps
0.600 perplexity: 207.464 speed: 9187 wps
0.700 perplexity: 205.122 speed: 9366 wps
0.800 perplexity: 206.302 speed: 9294 wps
0.900 perplexity: 204.655 speed: 9213 wps
Epoch: 14 Train Perplexity: 205.175
with(perplexity: 209.122) speed: 19186 wps
Epoch: 14 Valid Perplexity: 209.122
Epoch: 15 Learning rate: 1.000
0.000 perplexity: 240.582 speed: 8547 wps
0.100 perplexity: 207.720 speed: 8591 wps
0.200 perplexity: 196.016 speed: 8694 wps
0.300 perplexity: 198.090 speed: 8626 wps
0.400 perplexity: 200.076 speed: 8386 wps
0.500 perplexity: 202.900 speed: 8146 wps
0.600 perplexity: 202.930 speed: 8027 wps
0.700 perplexity: 200.371 speed: 7703 wps
0.800 perplexity: 201.583 speed: 7519 wps
0.900 perplexity: 200.077 speed: 7517 wps
Epoch: 15 Train Perplexity: 200.597
with(perplexity: 207.661) speed: 16587 wps
Epoch: 15 Valid Perplexity: 207.661
Epoch: 16 Learning rate: 1.000
0.000 perplexity: 230.048 speed: 7392 wps
0.100 perplexity: 203.360 speed: 7781 wps
0.200 perplexity: 191.958 speed: 7855 wps
0.300 perplexity: 194.015 speed: 7734 wps
0.400 perplexity: 196.015 speed: 7317 wps
0.500 perplexity: 198.762 speed: 6971 wps
0.600 perplexity: 198.902 speed: 6788 wps
0.700 perplexity: 196.428 speed: 6839 wps
0.800 perplexity: 197.678 speed: 6935 wps
0.900 perplexity: 196.245 speed: 7007 wps
Epoch: 16 Train Perplexity: 196.767
with(perplexity: 203.359) speed: 16693 wps
Epoch: 16 Valid Perplexity: 203.359
Epoch: 17 Learning rate: 0.800
0.000 perplexity: 231.033 speed: 7471 wps
0.100 perplexity: 198.931 speed: 7630 wps
0.200 perplexity: 187.474 speed: 6615 wps
0.300 perplexity: 189.584 speed: 5465 wps
0.400 perplexity: 191.483 speed: 5581 wps
0.500 perplexity: 194.120 speed: 5866 wps
0.600 perplexity: 193.917 speed: 6107 wps
0.700 perplexity: 191.437 speed: 6283 wps
0.800 perplexity: 192.625 speed: 6423 wps
0.900 perplexity: 191.179 speed: 6541 wps
Epoch: 17 Train Perplexity: 191.668
with(perplexity: 196.035) speed: 16754 wps
Epoch: 17 Valid Perplexity: 196.035
Epoch: 18 Learning rate: 0.640
0.000 perplexity: 225.432 speed: 7680 wps
0.100 perplexity: 194.729 speed: 7596 wps
0.200 perplexity: 183.055 speed: 6108 wps
0.300 perplexity: 185.137 speed: 5365 wps
0.400 perplexity: 187.091 speed: 5503 wps
0.500 perplexity: 189.684 speed: 5660 wps
0.600 perplexity: 189.618 speed: 5907 wps
0.700 perplexity: 187.274 speed: 6045 wps
0.800 perplexity: 188.418 speed: 6067 wps
0.900 perplexity: 186.967 speed: 6165 wps
Epoch: 18 Train Perplexity: 187.479
with(perplexity: 194.448) speed: 16607 wps
Epoch: 18 Valid Perplexity: 194.448
Epoch: 19 Learning rate: 0.512
0.000 perplexity: 226.600 speed: 7770 wps
0.100 perplexity: 192.315 speed: 7542 wps
0.200 perplexity: 180.844 speed: 7552 wps
0.300 perplexity: 182.588 speed: 7464 wps
0.400 perplexity: 184.235 speed: 7103 wps
0.500 perplexity: 186.751 speed: 7083 wps
0.600 perplexity: 186.613 speed: 7080 wps
0.700 perplexity: 184.218 speed: 7130 wps
0.800 perplexity: 185.433 speed: 7181 wps
0.900 perplexity: 183.926 speed: 7201 wps
Epoch: 19 Train Perplexity: 184.511
with(perplexity: 192.754) speed: 12187 wps
Epoch: 19 Valid Perplexity: 192.754
Epoch: 20 Learning rate: 0.410
0.000 perplexity: 223.296 speed: 7047 wps
0.100 perplexity: 189.112 speed: 5697 wps
0.200 perplexity: 177.626 speed: 5926 wps
0.300 perplexity: 179.744 speed: 6200 wps
0.400 perplexity: 181.612 speed: 6470 wps
0.500 perplexity: 184.120 speed: 6632 wps
0.600 perplexity: 184.021 speed: 6759 wps
0.700 perplexity: 181.654 speed: 6856 wps
0.800 perplexity: 182.856 speed: 6871 wps
0.900 perplexity: 181.452 speed: 6760 wps
Epoch: 20 Train Perplexity: 181.875
with(perplexity: 189.957) speed: 13746 wps
Epoch: 20 Valid Perplexity: 189.957
with(perplexity: 188.299) speed: 300 wps
Test Perplexity: 188.299
Saving model to /home/robbe/SpeechHub/original_ds_ptb/output/ptb_small_full_0/ptb_small_full_0.

