I tensorflow/stream_executor/dso_loader.cc:128] successfully opened CUDA library libcublas.so locally
I tensorflow/stream_executor/dso_loader.cc:128] successfully opened CUDA library libcudnn.so locally
I tensorflow/stream_executor/dso_loader.cc:128] successfully opened CUDA library libcufft.so locally
I tensorflow/stream_executor/dso_loader.cc:128] successfully opened CUDA library libcuda.so.1 locally
I tensorflow/stream_executor/dso_loader.cc:128] successfully opened CUDA library libcurand.so locally
job started
I tensorflow/stream_executor/cuda/cuda_gpu_executor.cc:937] successful NUMA node read from SysFS had negative value (-1), but there must be at least one NUMA node, so returning NUMA node zero
I tensorflow/core/common_runtime/gpu/gpu_device.cc:885] Found device 0 with properties: 
name: GeForce GT 650M
major: 3 minor: 0 memoryClockRate (GHz) 0.95
pciBusID 0000:01:00.0
Total memory: 1.95GiB
Free memory: 1.75GiB
I tensorflow/core/common_runtime/gpu/gpu_device.cc:906] DMA: 0 
I tensorflow/core/common_runtime/gpu/gpu_device.cc:916] 0:   Y 
I tensorflow/core/common_runtime/gpu/gpu_device.cc:975] Creating TensorFlow device (/gpu:0) -> (device: 0, name: GeForce GT 650M, pci bus id: 0000:01:00.0)
Epoch: 1 Learning rate: 1.000
0.000 perplexity: 9973.633 speed: 1035 wps
I tensorflow/core/common_runtime/gpu/pool_allocator.cc:247] PoolAllocator: After 19959 get requests, put_count=19938 evicted_count=1000 eviction_rate=0.0501555 and unsatisfied allocation rate=0.0561651
I tensorflow/core/common_runtime/gpu/pool_allocator.cc:259] Raising pool_size_limit_ from 100 to 110
0.100 perplexity: 1072.961 speed: 2197 wps
0.200 perplexity: 851.633 speed: 2205 wps
0.300 perplexity: 731.615 speed: 2205 wps
0.399 perplexity: 656.873 speed: 2205 wps
0.499 perplexity: 606.113 speed: 2204 wps
0.599 perplexity: 555.536 speed: 2203 wps
0.699 perplexity: 519.324 speed: 2203 wps
0.799 perplexity: 490.573 speed: 2187 wps
0.899 perplexity: 464.370 speed: 2187 wps
0.999 perplexity: 441.355 speed: 2187 wps
Epoch: 1 Train Perplexity: 441.236
with(perplexity: 312.429) speed: 9947 wps
Epoch: 1 Valid Perplexity: 312.429
Epoch: 2 Learning rate: 1.000
0.000 perplexity: 428.049 speed: 2152 wps
0.100 perplexity: 265.729 speed: 2139 wps
0.200 perplexity: 272.233 speed: 2142 wps
0.300 perplexity: 268.321 speed: 2103 wps
0.399 perplexity: 264.576 speed: 2071 wps
0.499 perplexity: 263.153 speed: 2054 wps
0.599 perplexity: 254.784 speed: 2030 wps
0.699 perplexity: 250.272 speed: 2014 wps
0.799 perplexity: 246.587 speed: 2009 wps
0.899 perplexity: 241.326 speed: 1988 wps
0.999 perplexity: 236.456 speed: 1982 wps
Epoch: 2 Train Perplexity: 236.454
with(perplexity: 225.039) speed: 8044 wps
Epoch: 2 Valid Perplexity: 225.039
Epoch: 3 Learning rate: 1.000
0.000 perplexity: 317.021 speed: 1960 wps
0.100 perplexity: 191.413 speed: 1836 wps
0.200 perplexity: 200.263 speed: 1822 wps
0.300 perplexity: 198.572 speed: 1823 wps
0.399 perplexity: 197.071 speed: 1824 wps
0.499 perplexity: 197.342 speed: 1819 wps
0.599 perplexity: 192.225 speed: 1823 wps
0.699 perplexity: 190.295 speed: 1824 wps
0.799 perplexity: 188.794 speed: 1821 wps
0.899 perplexity: 185.578 speed: 1818 wps
0.999 perplexity: 182.924 speed: 1817 wps
Epoch: 3 Train Perplexity: 182.927
with(perplexity: 185.262) speed: 8114 wps
Epoch: 3 Valid Perplexity: 185.262
Epoch: 4 Learning rate: 1.000
0.000 perplexity: 270.507 speed: 1703 wps
0.100 perplexity: 155.761 speed: 1801 wps
0.200 perplexity: 165.301 speed: 1795 wps
0.300 perplexity: 163.991 speed: 1798 wps
0.399 perplexity: 163.080 speed: 1799 wps
0.499 perplexity: 163.588 speed: 1800 wps
0.599 perplexity: 159.773 speed: 1800 wps
0.699 perplexity: 158.913 speed: 1799 wps
0.799 perplexity: 158.287 speed: 1799 wps
0.899 perplexity: 155.804 speed: 1800 wps
0.999 perplexity: 154.020 speed: 1800 wps
Epoch: 4 Train Perplexity: 154.031
with(perplexity: 163.915) speed: 7987 wps
Epoch: 4 Valid Perplexity: 163.915
Epoch: 5 Learning rate: 1.000
0.000 perplexity: 250.023 speed: 1698 wps
0.100 perplexity: 133.628 speed: 1794 wps
0.200 perplexity: 143.406 speed: 1792 wps
0.300 perplexity: 142.113 speed: 1794 wps
0.399 perplexity: 141.508 speed: 1795 wps
0.499 perplexity: 142.221 speed: 1794 wps
0.599 perplexity: 138.989 speed: 1795 wps
0.699 perplexity: 138.643 speed: 1796 wps
0.799 perplexity: 138.491 speed: 1796 wps
0.899 perplexity: 136.383 speed: 1795 wps
0.999 perplexity: 135.093 speed: 1795 wps
Epoch: 5 Train Perplexity: 135.106
with(perplexity: 149.181) speed: 8028 wps
Epoch: 5 Valid Perplexity: 149.181
Epoch: 6 Learning rate: 1.000
0.000 perplexity: 215.639 speed: 1693 wps
0.100 perplexity: 118.749 speed: 1801 wps
0.200 perplexity: 128.395 speed: 1800 wps
0.300 perplexity: 127.088 speed: 1800 wps
0.399 perplexity: 126.684 speed: 1800 wps
0.499 perplexity: 127.381 speed: 1800 wps
0.599 perplexity: 124.511 speed: 1800 wps
0.699 perplexity: 124.330 speed: 1799 wps
0.799 perplexity: 124.367 speed: 1800 wps
0.899 perplexity: 122.566 speed: 1800 wps
0.999 perplexity: 121.519 speed: 1800 wps
Epoch: 6 Train Perplexity: 121.529
with(perplexity: 139.857) speed: 7789 wps
Epoch: 6 Valid Perplexity: 139.857
Epoch: 7 Learning rate: 1.000
0.000 perplexity: 211.922 speed: 1697 wps
0.100 perplexity: 107.171 speed: 1798 wps
0.200 perplexity: 116.443 speed: 1793 wps
0.300 perplexity: 115.277 speed: 1795 wps
0.399 perplexity: 114.981 speed: 1797 wps
0.499 perplexity: 115.783 speed: 1797 wps
0.599 perplexity: 113.361 speed: 1797 wps
0.699 perplexity: 113.327 speed: 1797 wps
0.799 perplexity: 113.537 speed: 1798 wps
0.899 perplexity: 111.963 speed: 1799 wps
0.999 perplexity: 111.056 speed: 1798 wps
Epoch: 7 Train Perplexity: 111.062
with(perplexity: 132.981) speed: 7986 wps
Epoch: 7 Valid Perplexity: 132.981
Epoch: 8 Learning rate: 1.000
0.000 perplexity: 194.987 speed: 1667 wps
0.100 perplexity: 98.643 speed: 1801 wps
0.200 perplexity: 107.538 speed: 1795 wps
0.300 perplexity: 106.433 speed: 1799 wps
0.399 perplexity: 106.210 speed: 1799 wps
0.499 perplexity: 106.943 speed: 1799 wps
0.599 perplexity: 104.818 speed: 1797 wps
0.699 perplexity: 104.886 speed: 1796 wps
0.799 perplexity: 105.225 speed: 1796 wps
0.899 perplexity: 103.777 speed: 1795 wps
0.999 perplexity: 102.999 speed: 1796 wps
Epoch: 8 Train Perplexity: 103.005
with(perplexity: 127.745) speed: 8071 wps
Epoch: 8 Valid Perplexity: 127.745
Epoch: 9 Learning rate: 1.000
0.000 perplexity: 170.090 speed: 1700 wps
0.100 perplexity: 91.854 speed: 1800 wps
0.200 perplexity: 100.381 speed: 1797 wps
0.300 perplexity: 99.290 speed: 1795 wps
0.399 perplexity: 99.036 speed: 1797 wps
0.499 perplexity: 99.725 speed: 1798 wps
0.599 perplexity: 97.767 speed: 1799 wps
0.699 perplexity: 97.951 speed: 1801 wps
0.799 perplexity: 98.283 speed: 1801 wps
0.899 perplexity: 96.981 speed: 1799 wps
0.999 perplexity: 96.367 speed: 1800 wps
Epoch: 9 Train Perplexity: 96.375
with(perplexity: 122.630) speed: 8028 wps
Epoch: 9 Valid Perplexity: 122.630
Epoch: 10 Learning rate: 1.000
0.000 perplexity: 157.652 speed: 1701 wps
0.100 perplexity: 86.479 speed: 1723 wps
0.200 perplexity: 94.731 speed: 1728 wps
0.300 perplexity: 93.656 speed: 1733 wps
0.399 perplexity: 93.333 speed: 1728 wps
0.499 perplexity: 93.920 speed: 1727 wps
0.599 perplexity: 92.071 speed: 1730 wps
0.699 perplexity: 92.265 speed: 1730 wps
0.799 perplexity: 92.638 speed: 1730 wps
0.899 perplexity: 91.426 speed: 1730 wps
0.999 perplexity: 90.868 speed: 1730 wps
Epoch: 10 Train Perplexity: 90.876
with(perplexity: 119.861) speed: 8113 wps
Epoch: 10 Valid Perplexity: 119.861
Epoch: 11 Learning rate: 1.000
0.000 perplexity: 147.758 speed: 1693 wps
0.100 perplexity: 82.125 speed: 1732 wps
0.200 perplexity: 89.584 speed: 1729 wps
0.300 perplexity: 88.485 speed: 1731 wps
0.399 perplexity: 88.255 speed: 1731 wps
0.499 perplexity: 88.933 speed: 1731 wps
0.599 perplexity: 87.244 speed: 1741 wps
0.699 perplexity: 87.436 speed: 1750 wps
0.799 perplexity: 87.846 speed: 1757 wps
0.899 perplexity: 86.709 speed: 1762 wps
0.999 perplexity: 86.222 speed: 1765 wps
Epoch: 11 Train Perplexity: 86.234
with(perplexity: 117.127) speed: 8131 wps
Epoch: 11 Valid Perplexity: 117.127
Epoch: 12 Learning rate: 1.000
0.000 perplexity: 141.010 speed: 1904 wps
0.100 perplexity: 77.988 speed: 1791 wps
0.200 perplexity: 85.404 speed: 1795 wps
0.300 perplexity: 84.428 speed: 1797 wps
0.399 perplexity: 84.234 speed: 1798 wps
0.499 perplexity: 84.835 speed: 1800 wps
0.599 perplexity: 83.277 speed: 1797 wps
0.699 perplexity: 83.573 speed: 1786 wps
0.799 perplexity: 83.961 speed: 1779 wps
0.899 perplexity: 82.848 speed: 1773 wps
0.999 perplexity: 82.399 speed: 1768 wps
Epoch: 12 Train Perplexity: 82.410
with(perplexity: 115.070) speed: 7987 wps
Epoch: 12 Valid Perplexity: 115.070
Epoch: 13 Learning rate: 1.000
0.000 perplexity: 124.753 speed: 1943 wps
0.100 perplexity: 74.792 speed: 1735 wps
0.200 perplexity: 81.811 speed: 1736 wps
0.300 perplexity: 80.756 speed: 1756 wps
0.399 perplexity: 80.700 speed: 1764 wps
0.499 perplexity: 81.240 speed: 1770 wps
0.599 perplexity: 79.742 speed: 1773 wps
0.699 perplexity: 80.049 speed: 1777 wps
0.799 perplexity: 80.476 speed: 1773 wps
0.899 perplexity: 79.465 speed: 1766 wps
0.999 perplexity: 79.038 speed: 1761 wps
Epoch: 13 Train Perplexity: 79.046
with(perplexity: 113.895) speed: 8070 wps
Epoch: 13 Valid Perplexity: 113.895
Epoch: 14 Learning rate: 1.000
0.000 perplexity: 119.350 speed: 1692 wps
0.100 perplexity: 71.969 speed: 1725 wps
0.200 perplexity: 78.835 speed: 1725 wps
0.300 perplexity: 77.824 speed: 1724 wps
0.399 perplexity: 77.509 speed: 1727 wps
0.499 perplexity: 78.096 speed: 1724 wps
0.599 perplexity: 76.680 speed: 1725 wps
0.699 perplexity: 77.005 speed: 1725 wps
0.799 perplexity: 77.460 speed: 1726 wps
0.899 perplexity: 76.437 speed: 1729 wps
0.999 perplexity: 76.059 speed: 1737 wps
Epoch: 14 Train Perplexity: 76.068
with(perplexity: 112.542) speed: 7987 wps
Epoch: 14 Valid Perplexity: 112.542
Epoch: 15 Learning rate: 1.000
0.000 perplexity: 114.223 speed: 1698 wps
0.100 perplexity: 69.691 speed: 1796 wps
0.200 perplexity: 75.974 speed: 1802 wps
0.300 perplexity: 75.004 speed: 1803 wps
0.399 perplexity: 74.815 speed: 1803 wps
0.499 perplexity: 75.385 speed: 1802 wps
0.599 perplexity: 74.063 speed: 1793 wps
0.699 perplexity: 74.465 speed: 1784 wps
0.799 perplexity: 74.924 speed: 1776 wps
0.899 perplexity: 73.972 speed: 1771 wps
0.999 perplexity: 73.590 speed: 1766 wps
Epoch: 15 Train Perplexity: 73.595
with(perplexity: 111.972) speed: 7987 wps
Epoch: 15 Valid Perplexity: 111.972
Epoch: 16 Learning rate: 1.000
0.000 perplexity: 110.572 speed: 1697 wps
0.100 perplexity: 67.640 speed: 1722 wps
0.200 perplexity: 73.798 speed: 1725 wps
0.300 perplexity: 72.828 speed: 1724 wps
0.399 perplexity: 72.422 speed: 1722 wps
0.499 perplexity: 72.909 speed: 1724 wps
0.599 perplexity: 71.554 speed: 1722 wps
0.699 perplexity: 71.913 speed: 1722 wps
0.799 perplexity: 72.367 speed: 1722 wps
0.899 perplexity: 71.429 speed: 1723 wps
0.999 perplexity: 71.108 speed: 1724 wps
Epoch: 16 Train Perplexity: 71.117
with(perplexity: 111.458) speed: 7987 wps
Epoch: 16 Valid Perplexity: 111.458
Epoch: 17 Learning rate: 1.000
0.000 perplexity: 110.041 speed: 1722 wps
0.100 perplexity: 65.379 speed: 1749 wps
0.200 perplexity: 71.595 speed: 1775 wps
0.300 perplexity: 70.547 speed: 1784 wps
0.399 perplexity: 70.322 speed: 1787 wps
0.499 perplexity: 70.885 speed: 1790 wps
0.599 perplexity: 69.583 speed: 1790 wps
0.699 perplexity: 69.947 speed: 1791 wps
0.799 perplexity: 70.378 speed: 1789 wps
0.899 perplexity: 69.459 speed: 1782 wps
0.999 perplexity: 69.117 speed: 1776 wps
Epoch: 17 Train Perplexity: 69.123
with(perplexity: 111.200) speed: 8076 wps
Epoch: 17 Valid Perplexity: 111.200
Epoch: 18 Learning rate: 1.000
0.000 perplexity: 96.102 speed: 1671 wps
0.100 perplexity: 63.729 speed: 1729 wps
0.200 perplexity: 69.488 speed: 1730 wps
0.300 perplexity: 68.609 speed: 1755 wps
0.399 perplexity: 68.411 speed: 1765 wps
0.499 perplexity: 68.921 speed: 1771 wps
0.599 perplexity: 67.746 speed: 1776 wps
0.699 perplexity: 68.070 speed: 1770 wps
0.799 perplexity: 68.551 speed: 1767 wps
0.899 perplexity: 67.730 speed: 1762 wps
0.999 perplexity: 67.399 speed: 1759 wps
Epoch: 18 Train Perplexity: 67.406
with(perplexity: 110.756) speed: 7904 wps
Epoch: 18 Valid Perplexity: 110.756
Epoch: 19 Learning rate: 1.000
0.000 perplexity: 104.425 speed: 1692 wps
0.100 perplexity: 62.184 speed: 1720 wps
0.200 perplexity: 67.869 speed: 1719 wps
0.300 perplexity: 66.888 speed: 1724 wps
0.399 perplexity: 66.727 speed: 1725 wps
0.499 perplexity: 67.195 speed: 1726 wps
0.599 perplexity: 66.054 speed: 1726 wps
0.699 perplexity: 66.416 speed: 1727 wps
0.799 perplexity: 66.881 speed: 1727 wps
0.899 perplexity: 66.055 speed: 1726 wps
0.999 perplexity: 65.785 speed: 1726 wps
Epoch: 19 Train Perplexity: 65.791
with(perplexity: 109.989) speed: 7993 wps
Epoch: 19 Valid Perplexity: 109.989
Epoch: 20 Learning rate: 1.000
0.000 perplexity: 97.787 speed: 1736 wps
0.100 perplexity: 60.766 speed: 1726 wps
0.200 perplexity: 66.254 speed: 1728 wps
0.300 perplexity: 65.440 speed: 1729 wps
0.399 perplexity: 65.235 speed: 1728 wps
0.499 perplexity: 65.589 speed: 1739 wps
0.599 perplexity: 64.496 speed: 1750 wps
0.699 perplexity: 64.855 speed: 1759 wps
0.799 perplexity: 65.356 speed: 1763 wps
0.899 perplexity: 64.576 speed: 1767 wps
0.999 perplexity: 64.293 speed: 1769 wps
Epoch: 20 Train Perplexity: 64.301
with(perplexity: 110.175) speed: 8001 wps
Epoch: 20 Valid Perplexity: 110.175
Epoch: 21 Learning rate: 1.000
0.000 perplexity: 93.352 speed: 1913 wps
0.100 perplexity: 59.576 speed: 1735 wps
0.200 perplexity: 64.782 speed: 1732 wps
0.300 perplexity: 63.955 speed: 1729 wps
0.399 perplexity: 63.778 speed: 1730 wps
0.499 perplexity: 64.251 speed: 1732 wps
0.599 perplexity: 63.162 speed: 1739 wps
0.699 perplexity: 63.524 speed: 1748 wps
0.799 perplexity: 64.001 speed: 1753 wps
0.899 perplexity: 63.228 speed: 1759 wps
0.999 perplexity: 62.977 speed: 1758 wps
Epoch: 21 Train Perplexity: 62.988
with(perplexity: 110.098) speed: 7987 wps
Epoch: 21 Valid Perplexity: 110.098
Epoch: 22 Learning rate: 0.800
0.000 perplexity: 93.142 speed: 1696 wps
0.100 perplexity: 58.041 speed: 1727 wps
0.200 perplexity: 63.162 speed: 1722 wps
0.300 perplexity: 62.061 speed: 1721 wps
0.399 perplexity: 61.660 speed: 1723 wps
0.499 perplexity: 61.898 speed: 1726 wps
0.599 perplexity: 60.650 speed: 1728 wps
0.699 perplexity: 60.904 speed: 1728 wps
0.799 perplexity: 61.211 speed: 1728 wps
0.899 perplexity: 60.313 speed: 1729 wps
0.999 perplexity: 59.966 speed: 1728 wps
Epoch: 22 Train Perplexity: 59.972
with(perplexity: 108.841) speed: 8041 wps
Epoch: 22 Valid Perplexity: 108.841
Epoch: 23 Learning rate: 0.640
0.000 perplexity: 80.262 speed: 1640 wps
0.100 perplexity: 55.395 speed: 1726 wps
0.200 perplexity: 60.094 speed: 1727 wps
0.300 perplexity: 59.171 speed: 1754 wps
0.399 perplexity: 58.760 speed: 1767 wps
0.499 perplexity: 59.003 speed: 1773 wps
0.599 perplexity: 57.840 speed: 1778 wps
0.699 perplexity: 58.001 speed: 1776 wps
0.799 perplexity: 58.257 speed: 1769 wps
0.899 perplexity: 57.382 speed: 1766 wps
0.999 perplexity: 57.000 speed: 1762 wps
Epoch: 23 Train Perplexity: 57.007
with(perplexity: 107.918) speed: 7957 wps
Epoch: 23 Valid Perplexity: 107.918
Epoch: 24 Learning rate: 0.512
0.000 perplexity: 80.674 speed: 1908 wps
0.100 perplexity: 53.556 speed: 1725 wps
0.200 perplexity: 58.134 speed: 1732 wps
0.300 perplexity: 57.024 speed: 1729 wps
0.399 perplexity: 56.596 speed: 1729 wps
0.499 perplexity: 56.715 speed: 1730 wps
0.599 perplexity: 55.597 speed: 1729 wps
0.699 perplexity: 55.780 speed: 1727 wps
0.799 perplexity: 55.993 speed: 1728 wps
0.899 perplexity: 55.161 speed: 1729 wps
0.999 perplexity: 54.780 speed: 1729 wps
Epoch: 24 Train Perplexity: 54.785
with(perplexity: 108.185) speed: 8029 wps
Epoch: 24 Valid Perplexity: 108.185
Epoch: 25 Learning rate: 0.410
0.000 perplexity: 76.646 speed: 1698 wps
0.100 perplexity: 51.538 speed: 1739 wps
0.200 perplexity: 56.058 speed: 1741 wps
0.300 perplexity: 54.978 speed: 1735 wps
0.399 perplexity: 54.573 speed: 1733 wps
0.499 perplexity: 54.771 speed: 1746 wps
0.599 perplexity: 53.646 speed: 1755 wps
0.699 perplexity: 53.820 speed: 1762 wps
0.799 perplexity: 54.046 speed: 1768 wps
0.899 perplexity: 53.198 speed: 1771 wps
0.999 perplexity: 52.824 speed: 1773 wps
Epoch: 25 Train Perplexity: 52.829
with(perplexity: 107.382) speed: 8131 wps
Epoch: 25 Valid Perplexity: 107.382
Epoch: 26 Learning rate: 0.328
0.000 perplexity: 72.256 speed: 1941 wps
0.100 perplexity: 50.669 speed: 1735 wps
0.200 perplexity: 54.912 speed: 1736 wps
0.300 perplexity: 53.815 speed: 1736 wps
0.399 perplexity: 53.372 speed: 1734 wps
0.499 perplexity: 53.474 speed: 1735 wps
0.599 perplexity: 52.388 speed: 1735 wps
0.699 perplexity: 52.523 speed: 1733 wps
0.799 perplexity: 52.686 speed: 1733 wps
0.899 perplexity: 51.850 speed: 1733 wps
0.999 perplexity: 51.439 speed: 1732 wps
Epoch: 26 Train Perplexity: 51.444
with(perplexity: 107.280) speed: 8057 wps
Epoch: 26 Valid Perplexity: 107.280
Epoch: 27 Learning rate: 0.262
0.000 perplexity: 80.072 speed: 1700 wps
0.100 perplexity: 49.295 speed: 1720 wps
0.200 perplexity: 53.530 speed: 1726 wps
0.300 perplexity: 52.552 speed: 1730 wps
0.399 perplexity: 52.103 speed: 1730 wps
0.499 perplexity: 52.203 speed: 1728 wps
0.599 perplexity: 51.065 speed: 1728 wps
0.699 perplexity: 51.205 speed: 1728 wps
0.799 perplexity: 51.406 speed: 1727 wps
0.899 perplexity: 50.542 speed: 1728 wps
0.999 perplexity: 50.135 speed: 1729 wps
Epoch: 27 Train Perplexity: 50.142
with(perplexity: 106.984) speed: 8010 wps
Epoch: 27 Valid Perplexity: 106.984
Epoch: 28 Learning rate: 0.210
0.000 perplexity: 70.592 speed: 1696 wps
0.100 perplexity: 48.335 speed: 1718 wps
0.200 perplexity: 52.504 speed: 1737 wps
0.300 perplexity: 51.481 speed: 1759 wps
0.399 perplexity: 51.025 speed: 1770 wps
0.499 perplexity: 51.145 speed: 1776 wps
0.599 perplexity: 50.074 speed: 1781 wps
0.699 perplexity: 50.234 speed: 1783 wps
0.799 perplexity: 50.414 speed: 1784 wps
0.899 perplexity: 49.605 speed: 1783 wps
0.999 perplexity: 49.217 speed: 1777 wps
Epoch: 28 Train Perplexity: 49.222
with(perplexity: 107.235) speed: 7946 wps
Epoch: 28 Valid Perplexity: 107.235
Epoch: 29 Learning rate: 0.168
0.000 perplexity: 73.121 speed: 1747 wps
0.100 perplexity: 47.775 speed: 1734 wps
0.200 perplexity: 51.839 speed: 1742 wps
0.300 perplexity: 50.849 speed: 1738 wps
0.399 perplexity: 50.349 speed: 1738 wps
0.499 perplexity: 50.425 speed: 1736 wps
0.599 perplexity: 49.355 speed: 1732 wps
0.699 perplexity: 49.518 speed: 1732 wps
0.799 perplexity: 49.693 speed: 1732 wps
0.899 perplexity: 48.884 speed: 1735 wps
0.999 perplexity: 48.466 speed: 1742 wps
Epoch: 29 Train Perplexity: 48.470
with(perplexity: 106.757) speed: 7920 wps
Epoch: 29 Valid Perplexity: 106.757
Epoch: 30 Learning rate: 0.134
0.000 perplexity: 66.253 speed: 1700 wps
0.100 perplexity: 47.218 speed: 1803 wps
0.200 perplexity: 51.224 speed: 1797 wps
0.300 perplexity: 50.046 speed: 1787 wps
0.399 perplexity: 49.613 speed: 1771 wps
0.499 perplexity: 49.788 speed: 1761 wps
0.599 perplexity: 48.770 speed: 1756 wps
0.699 perplexity: 48.893 speed: 1752 wps
0.799 perplexity: 49.041 speed: 1751 wps
0.899 perplexity: 48.258 speed: 1749 wps
0.999 perplexity: 47.849 speed: 1748 wps
Epoch: 30 Train Perplexity: 47.854
with(perplexity: 106.252) speed: 8029 wps
Epoch: 30 Valid Perplexity: 106.252
with(perplexity: 104.310) speed: 248 wps
Test Perplexity: 104.310
Saving model to /home/robbe/SpeechHub/original_ds_ptb/output/ptb_large_full_3_0/ptb_large_full_3_0.

