I tensorflow/stream_executor/dso_loader.cc:128] successfully opened CUDA library libcublas.so locally
I tensorflow/stream_executor/dso_loader.cc:128] successfully opened CUDA library libcudnn.so locally
I tensorflow/stream_executor/dso_loader.cc:128] successfully opened CUDA library libcufft.so locally
I tensorflow/stream_executor/dso_loader.cc:128] successfully opened CUDA library libcuda.so.1 locally
I tensorflow/stream_executor/dso_loader.cc:128] successfully opened CUDA library libcurand.so locally
job started
I tensorflow/stream_executor/cuda/cuda_gpu_executor.cc:937] successful NUMA node read from SysFS had negative value (-1), but there must be at least one NUMA node, so returning NUMA node zero
I tensorflow/core/common_runtime/gpu/gpu_device.cc:885] Found device 0 with properties: 
name: GeForce GT 650M
major: 3 minor: 0 memoryClockRate (GHz) 0.95
pciBusID 0000:01:00.0
Total memory: 1.95GiB
Free memory: 1.71GiB
I tensorflow/core/common_runtime/gpu/gpu_device.cc:906] DMA: 0 
I tensorflow/core/common_runtime/gpu/gpu_device.cc:916] 0:   Y 
I tensorflow/core/common_runtime/gpu/gpu_device.cc:975] Creating TensorFlow device (/gpu:0) -> (device: 0, name: GeForce GT 650M, pci bus id: 0000:01:00.0)
Epoch: 1 Learning rate: 1.000
0.000 perplexity: 9986.626 speed: 4051 wps
I tensorflow/core/common_runtime/gpu/pool_allocator.cc:247] PoolAllocator: After 11044 get requests, put_count=11006 evicted_count=1000 eviction_rate=0.0908595 and unsatisfied allocation rate=0.103042
I tensorflow/core/common_runtime/gpu/pool_allocator.cc:259] Raising pool_size_limit_ from 100 to 110
0.100 perplexity: 2185.381 speed: 6559 wps
0.200 perplexity: 1406.774 speed: 6554 wps
0.300 perplexity: 1179.497 speed: 6605 wps
0.400 perplexity: 1059.196 speed: 6521 wps
0.500 perplexity: 991.271 speed: 6461 wps
0.600 perplexity: 936.303 speed: 6417 wps
0.700 perplexity: 893.885 speed: 6387 wps
0.800 perplexity: 859.971 speed: 6363 wps
0.900 perplexity: 825.836 speed: 6356 wps
Epoch: 1 Train Perplexity: 799.586
with(perplexity: 635.820) speed: 15647 wps
Epoch: 1 Valid Perplexity: 635.820
Epoch: 2 Learning rate: 1.000
0.000 perplexity: 615.228 speed: 5354 wps
0.100 perplexity: 563.937 speed: 5551 wps
0.200 perplexity: 528.511 speed: 5599 wps
0.300 perplexity: 521.342 speed: 5774 wps
0.400 perplexity: 512.759 speed: 5876 wps
0.500 perplexity: 507.916 speed: 5936 wps
0.600 perplexity: 498.521 speed: 5974 wps
0.700 perplexity: 488.229 speed: 5893 wps
0.800 perplexity: 481.857 speed: 5783 wps
0.900 perplexity: 471.344 speed: 5745 wps
Epoch: 2 Train Perplexity: 465.148
with(perplexity: 420.624) speed: 17060 wps
Epoch: 2 Valid Perplexity: 420.624
Epoch: 3 Learning rate: 1.000
0.000 perplexity: 436.513 speed: 6157 wps
0.100 perplexity: 397.913 speed: 6202 wps
0.200 perplexity: 374.651 speed: 5679 wps
0.300 perplexity: 372.739 speed: 5559 wps
0.400 perplexity: 370.677 speed: 5493 wps
0.500 perplexity: 371.522 speed: 5523 wps
0.600 perplexity: 368.227 speed: 5583 wps
0.700 perplexity: 362.862 speed: 5658 wps
0.800 perplexity: 361.271 speed: 5714 wps
0.900 perplexity: 355.793 speed: 5762 wps
Epoch: 3 Train Perplexity: 353.802
with(perplexity: 353.321) speed: 16983 wps
Epoch: 3 Valid Perplexity: 353.321
Epoch: 4 Learning rate: 1.000
0.000 perplexity: 368.727 speed: 6159 wps
0.100 perplexity: 325.372 speed: 6162 wps
0.200 perplexity: 307.379 speed: 6168 wps
0.300 perplexity: 307.544 speed: 6132 wps
0.400 perplexity: 307.621 speed: 6019 wps
0.500 perplexity: 309.733 speed: 5957 wps
0.600 perplexity: 308.286 speed: 5966 wps
0.700 perplexity: 304.433 speed: 6001 wps
0.800 perplexity: 304.284 speed: 6021 wps
0.900 perplexity: 300.408 speed: 5977 wps
Epoch: 4 Train Perplexity: 299.551
with(perplexity: 309.516) speed: 14845 wps
Epoch: 4 Valid Perplexity: 309.516
Epoch: 5 Learning rate: 1.000
0.000 perplexity: 332.215 speed: 5038 wps
0.100 perplexity: 284.713 speed: 5795 wps
0.200 perplexity: 268.794 speed: 5980 wps
0.300 perplexity: 269.561 speed: 6049 wps
0.400 perplexity: 270.196 speed: 6094 wps
0.500 perplexity: 272.358 speed: 6128 wps
0.600 perplexity: 271.366 speed: 6154 wps
0.700 perplexity: 268.017 speed: 6167 wps
0.800 perplexity: 268.430 speed: 6188 wps
0.900 perplexity: 265.361 speed: 6189 wps
Epoch: 5 Train Perplexity: 264.982
with(perplexity: 273.270) speed: 12890 wps
Epoch: 5 Valid Perplexity: 273.270
Epoch: 6 Learning rate: 1.000
0.000 perplexity: 295.152 speed: 4805 wps
0.100 perplexity: 256.177 speed: 5132 wps
0.200 perplexity: 241.788 speed: 5333 wps
0.300 perplexity: 242.839 speed: 5560 wps
0.400 perplexity: 243.921 speed: 5716 wps
0.500 perplexity: 246.304 speed: 5812 wps
0.600 perplexity: 245.577 speed: 5871 wps
0.700 perplexity: 242.517 speed: 5881 wps
0.800 perplexity: 243.150 speed: 5841 wps
0.900 perplexity: 240.652 speed: 5814 wps
Epoch: 6 Train Perplexity: 240.506
with(perplexity: 250.700) speed: 16254 wps
Epoch: 6 Valid Perplexity: 250.700
Epoch: 7 Learning rate: 1.000
0.000 perplexity: 280.391 speed: 6249 wps
0.100 perplexity: 234.834 speed: 6214 wps
0.200 perplexity: 221.188 speed: 6232 wps
0.300 perplexity: 222.894 speed: 6268 wps
0.400 perplexity: 224.120 speed: 6257 wps
0.500 perplexity: 226.519 speed: 6252 wps
0.600 perplexity: 226.013 speed: 6242 wps
0.700 perplexity: 223.170 speed: 6182 wps
0.800 perplexity: 223.936 speed: 6137 wps
0.900 perplexity: 221.644 speed: 6133 wps
Epoch: 7 Train Perplexity: 221.704
with(perplexity: 231.752) speed: 17235 wps
Epoch: 7 Valid Perplexity: 231.752
Epoch: 8 Learning rate: 1.000
0.000 perplexity: 250.005 speed: 6213 wps
0.100 perplexity: 218.667 speed: 6327 wps
0.200 perplexity: 205.143 speed: 6282 wps
0.300 perplexity: 206.946 speed: 6254 wps
0.400 perplexity: 208.518 speed: 6216 wps
0.500 perplexity: 210.955 speed: 6107 wps
0.600 perplexity: 210.678 speed: 5997 wps
0.700 perplexity: 207.768 speed: 5995 wps
0.800 perplexity: 208.651 speed: 6006 wps
0.900 perplexity: 206.635 speed: 6012 wps
Epoch: 8 Train Perplexity: 206.799
with(perplexity: 218.600) speed: 16265 wps
Epoch: 8 Valid Perplexity: 218.600
Epoch: 9 Learning rate: 1.000
0.000 perplexity: 240.624 speed: 5716 wps
0.100 perplexity: 204.272 speed: 5926 wps
0.200 perplexity: 191.908 speed: 5877 wps
0.300 perplexity: 194.014 speed: 5858 wps
0.400 perplexity: 195.975 speed: 5823 wps
0.500 perplexity: 198.176 speed: 5787 wps
0.600 perplexity: 197.982 speed: 5829 wps
0.700 perplexity: 195.110 speed: 5882 wps
0.800 perplexity: 196.138 speed: 5917 wps
0.900 perplexity: 194.236 speed: 5931 wps
Epoch: 9 Train Perplexity: 194.467
with(perplexity: 205.746) speed: 14225 wps
Epoch: 9 Valid Perplexity: 205.746
Epoch: 10 Learning rate: 1.000
0.000 perplexity: 223.524 speed: 5601 wps
0.100 perplexity: 192.496 speed: 5458 wps
0.200 perplexity: 181.087 speed: 5706 wps
0.300 perplexity: 183.100 speed: 5878 wps
0.400 perplexity: 185.066 speed: 5965 wps
0.500 perplexity: 187.529 speed: 6024 wps
0.600 perplexity: 187.505 speed: 5982 wps
0.700 perplexity: 184.712 speed: 5914 wps
0.800 perplexity: 185.729 speed: 5881 wps
0.900 perplexity: 184.072 speed: 5886 wps
Epoch: 10 Train Perplexity: 184.301
with(perplexity: 199.640) speed: 17348 wps
Epoch: 10 Valid Perplexity: 199.640
Epoch: 11 Learning rate: 1.000
0.000 perplexity: 216.995 speed: 6228 wps
0.100 perplexity: 184.104 speed: 6286 wps
0.200 perplexity: 172.155 speed: 6283 wps
0.300 perplexity: 174.566 speed: 6178 wps
0.400 perplexity: 176.788 speed: 5935 wps
0.500 perplexity: 179.146 speed: 5825 wps
0.600 perplexity: 179.198 speed: 5803 wps
0.700 perplexity: 176.486 speed: 5826 wps
0.800 perplexity: 177.518 speed: 5751 wps
0.900 perplexity: 175.819 speed: 5797 wps
Epoch: 11 Train Perplexity: 176.129
with(perplexity: 191.490) speed: 16937 wps
Epoch: 11 Valid Perplexity: 191.490
Epoch: 12 Learning rate: 1.000
0.000 perplexity: 206.703 speed: 6223 wps
0.100 perplexity: 176.105 speed: 6154 wps
0.200 perplexity: 165.119 speed: 5954 wps
0.300 perplexity: 167.461 speed: 5814 wps
0.400 perplexity: 169.629 speed: 5846 wps
0.500 perplexity: 171.822 speed: 5901 wps
0.600 perplexity: 171.825 speed: 5953 wps
0.700 perplexity: 168.971 speed: 5982 wps
0.800 perplexity: 169.978 speed: 5920 wps
0.900 perplexity: 168.489 speed: 5855 wps
Epoch: 12 Train Perplexity: 168.785
with(perplexity: 184.619) speed: 14292 wps
Epoch: 12 Valid Perplexity: 184.619
Epoch: 13 Learning rate: 1.000
0.000 perplexity: 200.147 speed: 4956 wps
0.100 perplexity: 169.781 speed: 5390 wps
0.200 perplexity: 158.821 speed: 5521 wps
0.300 perplexity: 161.051 speed: 5677 wps
0.400 perplexity: 163.137 speed: 5799 wps
0.500 perplexity: 165.470 speed: 5842 wps
0.600 perplexity: 165.434 speed: 5891 wps
0.700 perplexity: 162.709 speed: 5936 wps
0.800 perplexity: 163.721 speed: 5968 wps
0.900 perplexity: 162.221 speed: 5969 wps
Epoch: 13 Train Perplexity: 162.643
with(perplexity: 178.073) speed: 16129 wps
Epoch: 13 Valid Perplexity: 178.073
Epoch: 14 Learning rate: 1.000
0.000 perplexity: 193.574 speed: 5717 wps
0.100 perplexity: 163.712 speed: 6096 wps
0.200 perplexity: 152.913 speed: 5873 wps
0.300 perplexity: 155.159 speed: 5881 wps
0.400 perplexity: 157.304 speed: 5954 wps
0.500 perplexity: 159.497 speed: 6008 wps
0.600 perplexity: 159.516 speed: 6006 wps
0.700 perplexity: 156.916 speed: 5966 wps
0.800 perplexity: 157.893 speed: 5936 wps
0.900 perplexity: 156.481 speed: 5964 wps
Epoch: 14 Train Perplexity: 156.823
with(perplexity: 175.630) speed: 15841 wps
Epoch: 14 Valid Perplexity: 175.630
Epoch: 15 Learning rate: 1.000
0.000 perplexity: 191.004 speed: 5928 wps
0.100 perplexity: 158.366 speed: 6167 wps
0.200 perplexity: 147.902 speed: 6196 wps
0.300 perplexity: 150.095 speed: 6195 wps
0.400 perplexity: 152.277 speed: 6153 wps
0.500 perplexity: 154.271 speed: 5982 wps
0.600 perplexity: 154.431 speed: 5950 wps
0.700 perplexity: 151.761 speed: 5906 wps
0.800 perplexity: 152.801 speed: 5936 wps
0.900 perplexity: 151.384 speed: 5966 wps
Epoch: 15 Train Perplexity: 151.746
with(perplexity: 169.097) speed: 17218 wps
Epoch: 15 Valid Perplexity: 169.097
Epoch: 16 Learning rate: 1.000
0.000 perplexity: 184.713 speed: 6073 wps
0.100 perplexity: 153.275 speed: 6126 wps
0.200 perplexity: 143.456 speed: 6130 wps
0.300 perplexity: 145.320 speed: 6147 wps
0.400 perplexity: 147.529 speed: 6121 wps
0.500 perplexity: 149.620 speed: 5940 wps
0.600 perplexity: 149.789 speed: 5858 wps
0.700 perplexity: 147.158 speed: 5883 wps
0.800 perplexity: 148.158 speed: 5923 wps
0.900 perplexity: 146.842 speed: 5955 wps
Epoch: 16 Train Perplexity: 147.229
with(perplexity: 163.838) speed: 17237 wps
Epoch: 16 Valid Perplexity: 163.838
Epoch: 17 Learning rate: 0.800
0.000 perplexity: 175.658 speed: 6188 wps
0.100 perplexity: 148.421 speed: 5836 wps
0.200 perplexity: 138.223 speed: 5668 wps
0.300 perplexity: 140.087 speed: 5709 wps
0.400 perplexity: 142.195 speed: 5799 wps
0.500 perplexity: 144.232 speed: 5815 wps
0.600 perplexity: 144.383 speed: 5846 wps
0.700 perplexity: 141.720 speed: 5892 wps
0.800 perplexity: 142.661 speed: 5933 wps
0.900 perplexity: 141.311 speed: 5900 wps
Epoch: 17 Train Perplexity: 141.684
with(perplexity: 160.398) speed: 14974 wps
Epoch: 17 Valid Perplexity: 160.398
Epoch: 18 Learning rate: 0.640
0.000 perplexity: 169.421 speed: 6057 wps
0.100 perplexity: 143.781 speed: 5910 wps
0.200 perplexity: 133.883 speed: 6044 wps
0.300 perplexity: 135.935 speed: 6104 wps
0.400 perplexity: 138.071 speed: 6076 wps
0.500 perplexity: 139.904 speed: 5990 wps
0.600 perplexity: 140.051 speed: 5884 wps
0.700 perplexity: 137.496 speed: 5897 wps
0.800 perplexity: 138.344 speed: 5938 wps
0.900 perplexity: 137.035 speed: 5967 wps
Epoch: 18 Train Perplexity: 137.317
with(perplexity: 155.632) speed: 14037 wps
Epoch: 18 Valid Perplexity: 155.632
Epoch: 19 Learning rate: 0.512
0.000 perplexity: 169.127 speed: 4367 wps
0.100 perplexity: 140.641 speed: 5596 wps
0.200 perplexity: 130.710 speed: 5602 wps
0.300 perplexity: 132.583 speed: 5731 wps
0.400 perplexity: 134.602 speed: 5851 wps
0.500 perplexity: 136.482 speed: 5924 wps
0.600 perplexity: 136.536 speed: 5973 wps
0.700 perplexity: 133.984 speed: 5991 wps
0.800 perplexity: 134.784 speed: 5958 wps
0.900 perplexity: 133.532 speed: 5905 wps
Epoch: 19 Train Perplexity: 133.823
with(perplexity: 154.451) speed: 16494 wps
Epoch: 19 Valid Perplexity: 154.451
Epoch: 20 Learning rate: 0.410
0.000 perplexity: 162.825 speed: 6184 wps
0.100 perplexity: 137.455 speed: 5908 wps
0.200 perplexity: 127.803 speed: 5921 wps
0.300 perplexity: 129.675 speed: 5921 wps
0.400 perplexity: 131.749 speed: 5990 wps
0.500 perplexity: 133.584 speed: 6035 wps
0.600 perplexity: 133.722 speed: 6061 wps
0.700 perplexity: 131.228 speed: 6014 wps
0.800 perplexity: 132.064 speed: 5917 wps
0.900 perplexity: 130.797 speed: 5884 wps
Epoch: 20 Train Perplexity: 131.069
with(perplexity: 152.493) speed: 17059 wps
Epoch: 20 Valid Perplexity: 152.493
with(perplexity: 151.394) speed: 407 wps
Test Perplexity: 151.394
Saving model to /home/robbe/SpeechHub/original_ds_ptb/output/ptb_medium_full_0/ptb_medium_full_0.


