I tensorflow/stream_executor/dso_loader.cc:128] successfully opened CUDA library libcublas.so locally
I tensorflow/stream_executor/dso_loader.cc:128] successfully opened CUDA library libcudnn.so locally
I tensorflow/stream_executor/dso_loader.cc:128] successfully opened CUDA library libcufft.so locally
I tensorflow/stream_executor/dso_loader.cc:128] successfully opened CUDA library libcuda.so.1 locally
I tensorflow/stream_executor/dso_loader.cc:128] successfully opened CUDA library libcurand.so locally
/users/start2014/r0385169/.local/lib/python2.7/site-packages/gensim/utils.py:1015: UserWarning: Pattern library is not installed, lemmatization won't be available.
  warnings.warn("Pattern library is not installed, lemmatization won't be available.")
I tensorflow/stream_executor/cuda/cuda_gpu_executor.cc:937] successful NUMA node read from SysFS had negative value (-1), but there must be at least one NUMA node, so returning NUMA node zero
I tensorflow/core/common_runtime/gpu/gpu_device.cc:885] Found device 0 with properties: 
name: GeForce GTX 980 Ti
major: 5 minor: 2 memoryClockRate (GHz) 1.19
pciBusID 0000:01:00.0
Total memory: 5.93GiB
Free memory: 5.84GiB
I tensorflow/core/common_runtime/gpu/gpu_device.cc:906] DMA: 0 
I tensorflow/core/common_runtime/gpu/gpu_device.cc:916] 0:   Y 
I tensorflow/core/common_runtime/gpu/gpu_device.cc:975] Creating TensorFlow device (/gpu:0) -> (device: 0, name: GeForce GTX 980 Ti, pci bus id: 0000:01:00.0)
I tensorflow/core/common_runtime/gpu/pool_allocator.cc:247] PoolAllocator: After 10310 get requests, put_count=10216 evicted_count=1000 eviction_rate=0.0978857 and unsatisfied allocation rate=0.11581
I tensorflow/core/common_runtime/gpu/pool_allocator.cc:259] Raising pool_size_limit_ from 100 to 110
I tensorflow/core/common_runtime/gpu/pool_allocator.cc:247] PoolAllocator: After 31174692 get requests, put_count=31174696 evicted_count=1000 eviction_rate=3.20773e-05 and unsatisfied allocation rate=3.26868e-05
I tensorflow/core/common_runtime/gpu/pool_allocator.cc:247] PoolAllocator: After 109199618 get requests, put_count=109199623 evicted_count=11000 eviction_rate=0.000100733 and unsatisfied allocation rate=0.000100898
I tensorflow/core/common_runtime/gpu/pool_allocator.cc:247] PoolAllocator: After 188227125 get requests, put_count=188227129 evicted_count=21000 eviction_rate=0.000111567 and unsatisfied allocation rate=0.000111668
I tensorflow/core/common_runtime/gpu/pool_allocator.cc:247] PoolAllocator: After 276548634 get requests, put_count=276548639 evicted_count=31000 eviction_rate=0.000112096 and unsatisfied allocation rate=0.000112161
I tensorflow/core/common_runtime/gpu/pool_allocator.cc:247] PoolAllocator: After 360071543 get requests, put_count=360071548 evicted_count=41000 eviction_rate=0.000113866 and unsatisfied allocation rate=0.000113916
I tensorflow/core/common_runtime/gpu/pool_allocator.cc:247] PoolAllocator: After 440563063 get requests, put_count=440563068 evicted_count=51000 eviction_rate=0.000115761 and unsatisfied allocation rate=0.000115802
I tensorflow/core/common_runtime/gpu/pool_allocator.cc:247] PoolAllocator: After 525912148 get requests, put_count=525912152 evicted_count=61000 eviction_rate=0.000115989 and unsatisfied allocation rate=0.000116025
