04/18/17 18:11:18 ******************************************************
04/18/17 18:11:18 ** condor_scheduniv_exec.873.0 (CONDOR_DAGMAN) STARTING UP
04/18/17 18:11:18 ** /usr/bin/condor_dagman
04/18/17 18:11:18 ** SubsystemInfo: name=DAGMAN type=DAGMAN(10) class=DAEMON(1)
04/18/17 18:11:18 ** Configuration: subsystem:DAGMAN local:<NONE> class:DAEMON
04/18/17 18:11:18 ** $CondorVersion: 8.6.1 Mar 01 2017 BuildID: 398585 $
04/18/17 18:11:18 ** $CondorPlatform: x86_64_RedHat7 $
04/18/17 18:11:18 ** PID = 31824
04/18/17 18:11:18 ** Log last touched time unavailable (No such file or directory)
04/18/17 18:11:18 ******************************************************
04/18/17 18:11:18 Using config source: /etc/condor/condor_config
04/18/17 18:11:18 Using local config sources: 
04/18/17 18:11:18    /etc/condor/config.d/00esat.config
04/18/17 18:11:18    /etc/condor/config.d/01java.config
04/18/17 18:11:18    /etc/condor/config.d/80optout_users.config
04/18/17 18:11:18    /etc/condor/condor_config.local
04/18/17 18:11:18 config Macros = 166, Sorted = 166, StringBytes = 6038, TablesBytes = 6048
04/18/17 18:11:18 CLASSAD_CACHING is ENABLED
04/18/17 18:11:18 Daemon Log is logging: D_ALWAYS D_ERROR
04/18/17 18:11:18 DaemonCore: No command port requested.
04/18/17 18:11:18 DAGMAN_USE_STRICT setting: 1
04/18/17 18:11:18 DAGMAN_VERBOSITY setting: 3
04/18/17 18:11:18 DAGMAN_DEBUG_CACHE_SIZE setting: 5242880
04/18/17 18:11:18 DAGMAN_DEBUG_CACHE_ENABLE setting: False
04/18/17 18:11:18 DAGMAN_SUBMIT_DELAY setting: 0
04/18/17 18:11:18 DAGMAN_MAX_SUBMIT_ATTEMPTS setting: 6
04/18/17 18:11:18 DAGMAN_STARTUP_CYCLE_DETECT setting: False
04/18/17 18:11:18 DAGMAN_MAX_SUBMITS_PER_INTERVAL setting: 5
04/18/17 18:11:18 DAGMAN_USER_LOG_SCAN_INTERVAL setting: 5
04/18/17 18:11:18 DAGMAN_DEFAULT_PRIORITY setting: 0
04/18/17 18:11:18 DAGMAN_SUPPRESS_NOTIFICATION setting: True
04/18/17 18:11:18 allow_events (DAGMAN_ALLOW_EVENTS) setting: 114
04/18/17 18:11:18 DAGMAN_RETRY_SUBMIT_FIRST setting: True
04/18/17 18:11:18 DAGMAN_RETRY_NODE_FIRST setting: False
04/18/17 18:11:18 DAGMAN_MAX_JOBS_IDLE setting: 1000
04/18/17 18:11:18 DAGMAN_MAX_JOBS_SUBMITTED setting: 0
04/18/17 18:11:18 DAGMAN_MAX_PRE_SCRIPTS setting: 20
04/18/17 18:11:18 DAGMAN_MAX_POST_SCRIPTS setting: 20
04/18/17 18:11:18 DAGMAN_MUNGE_NODE_NAMES setting: True
04/18/17 18:11:18 DAGMAN_PROHIBIT_MULTI_JOBS setting: False
04/18/17 18:11:18 DAGMAN_SUBMIT_DEPTH_FIRST setting: False
04/18/17 18:11:18 DAGMAN_ALWAYS_RUN_POST setting: False
04/18/17 18:11:18 DAGMAN_ABORT_DUPLICATES setting: True
04/18/17 18:11:18 DAGMAN_ABORT_ON_SCARY_SUBMIT setting: True
04/18/17 18:11:18 DAGMAN_PENDING_REPORT_INTERVAL setting: 600
04/18/17 18:11:18 DAGMAN_AUTO_RESCUE setting: True
04/18/17 18:11:18 DAGMAN_MAX_RESCUE_NUM setting: 100
04/18/17 18:11:18 DAGMAN_WRITE_PARTIAL_RESCUE setting: True
04/18/17 18:11:18 DAGMAN_DEFAULT_NODE_LOG setting: @(DAG_DIR)/@(DAG_FILE).nodes.log
04/18/17 18:11:18 DAGMAN_GENERATE_SUBDAG_SUBMITS setting: True
04/18/17 18:11:18 DAGMAN_MAX_JOB_HOLDS setting: 100
04/18/17 18:11:18 DAGMAN_HOLD_CLAIM_TIME setting: 20
04/18/17 18:11:18 ALL_DEBUG setting: 
04/18/17 18:11:18 DAGMAN_DEBUG setting: 
04/18/17 18:11:18 DAGMAN_SUPPRESS_JOB_LOGS setting: False
04/18/17 18:11:18 DAGMAN_REMOVE_NODE_JOBS setting: True
04/18/17 18:11:18 argv[0] == "condor_scheduniv_exec.873.0"
04/18/17 18:11:18 argv[1] == "-Lockfile"
04/18/17 18:11:18 argv[2] == "ds_cbow_mean_lstm.dag.lock"
04/18/17 18:11:18 argv[3] == "-AutoRescue"
04/18/17 18:11:18 argv[4] == "1"
04/18/17 18:11:18 argv[5] == "-DoRescueFrom"
04/18/17 18:11:18 argv[6] == "0"
04/18/17 18:11:18 argv[7] == "-Dag"
04/18/17 18:11:18 argv[8] == "ds_cbow_mean_lstm.dag"
04/18/17 18:11:18 argv[9] == "-Suppress_notification"
04/18/17 18:11:18 argv[10] == "-CsdVersion"
04/18/17 18:11:18 argv[11] == "$CondorVersion: 8.6.1 Mar 01 2017 BuildID: 398585 $"
04/18/17 18:11:18 argv[12] == "-Dagman"
04/18/17 18:11:18 argv[13] == "/usr/bin/condor_dagman"
04/18/17 18:11:18 Workflow batch-name: <ds_cbow_mean_lstm.dag+873>
04/18/17 18:11:18 Workflow accounting_group: <>
04/18/17 18:11:18 Workflow accounting_group_user: <>
04/18/17 18:11:18 Warning: failed to get attribute DAGNodeName
04/18/17 18:11:18 DAGMAN_LOG_ON_NFS_IS_ERROR setting: False
04/18/17 18:11:18 Default node log file is: </esat/spchtemp/scratch/robbe/SpeechHub/pretrained_untied_models_smaller/python/jobdag/./ds_cbow_mean_lstm.dag.nodes.log>
04/18/17 18:11:18 DAG Lockfile will be written to ds_cbow_mean_lstm.dag.lock
04/18/17 18:11:18 DAG Input file is ds_cbow_mean_lstm.dag
04/18/17 18:11:18 Parsing 1 dagfiles
04/18/17 18:11:18 Parsing ds_cbow_mean_lstm.dag ...
04/18/17 18:11:18 Dag contains 2 total jobs
04/18/17 18:11:18 Sleeping for 3 seconds to ensure ProcessId uniqueness
04/18/17 18:11:21 Bootstrapping...
04/18/17 18:11:21 Number of pre-completed nodes: 0
04/18/17 18:11:21 MultiLogFiles: truncating log file /esat/spchtemp/scratch/robbe/SpeechHub/pretrained_untied_models_smaller/python/jobdag/./ds_cbow_mean_lstm.dag.nodes.log
04/18/17 18:11:21 DAG status: 0 (DAG_STATUS_OK)
04/18/17 18:11:21 Of 2 nodes total:
04/18/17 18:11:21  Done     Pre   Queued    Post   Ready   Un-Ready   Failed
04/18/17 18:11:21   ===     ===      ===     ===     ===        ===      ===
04/18/17 18:11:21     0       0        0       0       1          1        0
04/18/17 18:11:21 0 job proc(s) currently held
04/18/17 18:11:21 Registering condor_event_timer...
04/18/17 18:11:22 Submitting HTCondor Node cbow_mean_lstm job(s)...
04/18/17 18:11:22 Adding a DAGMan workflow log /esat/spchtemp/scratch/robbe/SpeechHub/pretrained_untied_models_smaller/python/jobdag/./ds_cbow_mean_lstm.dag.nodes.log
04/18/17 18:11:22 Masking the events recorded in the DAGMAN workflow log
04/18/17 18:11:22 Mask for workflow log is 0,1,2,4,5,7,9,10,11,12,13,16,17,24,27
04/18/17 18:11:22 submitting: /usr/bin/condor_submit -a dag_node_name' '=' 'cbow_mean_lstm -a +DAGManJobId' '=' '873 -a DAGManJobId' '=' '873 -batch-name ds_cbow_mean_lstm.dag+873 -a submit_event_notes' '=' 'DAG' 'Node:' 'cbow_mean_lstm -a dagman_log' '=' '/esat/spchtemp/scratch/robbe/SpeechHub/pretrained_untied_models_smaller/python/jobdag/./ds_cbow_mean_lstm.dag.nodes.log -a +DAGManNodesMask' '=' '"0,1,2,4,5,7,9,10,11,12,13,16,17,24,27" -a data_set' '=' 'ds -a test_name' '=' 'cbow_mean_lstm -a num_run' '=' '0 -a combination' '=' 'mean -a DAG_STATUS' '=' '0 -a FAILED_COUNT' '=' '0 -a +KeepClaimIdle' '=' '20 -a notification' '=' 'never -a +DAGParentNodeNames' '=' '"" jobdag/cbow_lstm.job
04/18/17 18:11:22 From submit: Submitting job(s).
04/18/17 18:11:22 From submit: 1 job(s) submitted to cluster 874.
04/18/17 18:11:22 	assigned HTCondor ID (874.0.0)
04/18/17 18:11:22 Just submitted 1 job this cycle...
04/18/17 18:11:22 Currently monitoring 1 HTCondor log file(s)
04/18/17 18:11:22 Reassigning the id of job cbow_mean_lstm from (874.0.0) to (874.0.0)
04/18/17 18:11:22 Event: ULOG_SUBMIT for HTCondor Node cbow_mean_lstm (874.0.0) {04/18/17 18:11:22}
04/18/17 18:11:22 Number of idle job procs: 1
04/18/17 18:11:22 DAG status: 0 (DAG_STATUS_OK)
04/18/17 18:11:22 Of 2 nodes total:
04/18/17 18:11:22  Done     Pre   Queued    Post   Ready   Un-Ready   Failed
04/18/17 18:11:22   ===     ===      ===     ===     ===        ===      ===
04/18/17 18:11:22     0       0        1       0       0          1        0
04/18/17 18:11:22 0 job proc(s) currently held
04/18/17 18:21:24 602 seconds since last log event
04/18/17 18:21:24 Pending DAG nodes:
04/18/17 18:21:24   Node cbow_mean_lstm, HTCondor ID 874, status STATUS_SUBMITTED
04/18/17 18:31:26 1204 seconds since last log event
04/18/17 18:31:26 Pending DAG nodes:
04/18/17 18:31:26   Node cbow_mean_lstm, HTCondor ID 874, status STATUS_SUBMITTED
04/18/17 18:41:29 1807 seconds since last log event
04/18/17 18:41:29 Pending DAG nodes:
04/18/17 18:41:29   Node cbow_mean_lstm, HTCondor ID 874, status STATUS_SUBMITTED
04/18/17 18:51:32 2410 seconds since last log event
04/18/17 18:51:32 Pending DAG nodes:
04/18/17 18:51:32   Node cbow_mean_lstm, HTCondor ID 874, status STATUS_SUBMITTED
04/18/17 19:01:34 3012 seconds since last log event
04/18/17 19:01:34 Pending DAG nodes:
04/18/17 19:01:34   Node cbow_mean_lstm, HTCondor ID 874, status STATUS_SUBMITTED
04/18/17 19:11:36 3614 seconds since last log event
04/18/17 19:11:36 Pending DAG nodes:
04/18/17 19:11:36   Node cbow_mean_lstm, HTCondor ID 874, status STATUS_SUBMITTED
04/18/17 19:21:39 4217 seconds since last log event
04/18/17 19:21:39 Pending DAG nodes:
04/18/17 19:21:39   Node cbow_mean_lstm, HTCondor ID 874, status STATUS_SUBMITTED
04/18/17 19:31:42 4820 seconds since last log event
04/18/17 19:31:42 Pending DAG nodes:
04/18/17 19:31:42   Node cbow_mean_lstm, HTCondor ID 874, status STATUS_SUBMITTED
04/18/17 19:41:44 5422 seconds since last log event
04/18/17 19:41:44 Pending DAG nodes:
04/18/17 19:41:44   Node cbow_mean_lstm, HTCondor ID 874, status STATUS_SUBMITTED
04/18/17 19:51:47 6025 seconds since last log event
04/18/17 19:51:47 Pending DAG nodes:
04/18/17 19:51:47   Node cbow_mean_lstm, HTCondor ID 874, status STATUS_SUBMITTED
04/18/17 20:01:49 6627 seconds since last log event
04/18/17 20:01:49 Pending DAG nodes:
04/18/17 20:01:49   Node cbow_mean_lstm, HTCondor ID 874, status STATUS_SUBMITTED
04/18/17 20:11:52 7230 seconds since last log event
04/18/17 20:11:52 Pending DAG nodes:
04/18/17 20:11:52   Node cbow_mean_lstm, HTCondor ID 874, status STATUS_SUBMITTED
04/18/17 20:21:53 7831 seconds since last log event
04/18/17 20:21:53 Pending DAG nodes:
04/18/17 20:21:53   Node cbow_mean_lstm, HTCondor ID 874, status STATUS_SUBMITTED
04/18/17 20:31:56 8434 seconds since last log event
04/18/17 20:31:56 Pending DAG nodes:
04/18/17 20:31:56   Node cbow_mean_lstm, HTCondor ID 874, status STATUS_SUBMITTED
04/18/17 20:41:58 9036 seconds since last log event
04/18/17 20:41:58 Pending DAG nodes:
04/18/17 20:41:58   Node cbow_mean_lstm, HTCondor ID 874, status STATUS_SUBMITTED
04/18/17 20:51:58 9636 seconds since last log event
04/18/17 20:51:58 Pending DAG nodes:
04/18/17 20:51:58   Node cbow_mean_lstm, HTCondor ID 874, status STATUS_SUBMITTED
04/18/17 21:02:01 10239 seconds since last log event
04/18/17 21:02:01 Pending DAG nodes:
04/18/17 21:02:01   Node cbow_mean_lstm, HTCondor ID 874, status STATUS_SUBMITTED
04/18/17 21:12:03 10841 seconds since last log event
04/18/17 21:12:03 Pending DAG nodes:
04/18/17 21:12:03   Node cbow_mean_lstm, HTCondor ID 874, status STATUS_SUBMITTED
04/18/17 21:22:06 11444 seconds since last log event
04/18/17 21:22:06 Pending DAG nodes:
04/18/17 21:22:06   Node cbow_mean_lstm, HTCondor ID 874, status STATUS_SUBMITTED
04/18/17 21:32:09 12047 seconds since last log event
04/18/17 21:32:09 Pending DAG nodes:
04/18/17 21:32:09   Node cbow_mean_lstm, HTCondor ID 874, status STATUS_SUBMITTED
04/18/17 21:42:11 12649 seconds since last log event
04/18/17 21:42:11 Pending DAG nodes:
04/18/17 21:42:11   Node cbow_mean_lstm, HTCondor ID 874, status STATUS_SUBMITTED
04/18/17 21:52:13 13251 seconds since last log event
04/18/17 21:52:13 Pending DAG nodes:
04/18/17 21:52:13   Node cbow_mean_lstm, HTCondor ID 874, status STATUS_SUBMITTED
04/18/17 22:02:16 13854 seconds since last log event
04/18/17 22:02:16 Pending DAG nodes:
04/18/17 22:02:16   Node cbow_mean_lstm, HTCondor ID 874, status STATUS_SUBMITTED
04/18/17 22:12:18 14456 seconds since last log event
04/18/17 22:12:18 Pending DAG nodes:
04/18/17 22:12:18   Node cbow_mean_lstm, HTCondor ID 874, status STATUS_SUBMITTED
04/18/17 22:22:19 15057 seconds since last log event
04/18/17 22:22:19 Pending DAG nodes:
04/18/17 22:22:19   Node cbow_mean_lstm, HTCondor ID 874, status STATUS_SUBMITTED
04/18/17 22:32:22 15660 seconds since last log event
04/18/17 22:32:22 Pending DAG nodes:
04/18/17 22:32:22   Node cbow_mean_lstm, HTCondor ID 874, status STATUS_SUBMITTED
04/18/17 22:42:25 16263 seconds since last log event
04/18/17 22:42:25 Pending DAG nodes:
04/18/17 22:42:25   Node cbow_mean_lstm, HTCondor ID 874, status STATUS_SUBMITTED
04/18/17 22:52:28 16866 seconds since last log event
04/18/17 22:52:28 Pending DAG nodes:
04/18/17 22:52:28   Node cbow_mean_lstm, HTCondor ID 874, status STATUS_SUBMITTED
04/18/17 23:02:30 17468 seconds since last log event
04/18/17 23:02:30 Pending DAG nodes:
04/18/17 23:02:30   Node cbow_mean_lstm, HTCondor ID 874, status STATUS_SUBMITTED
04/18/17 23:12:32 18070 seconds since last log event
04/18/17 23:12:32 Pending DAG nodes:
04/18/17 23:12:32   Node cbow_mean_lstm, HTCondor ID 874, status STATUS_SUBMITTED
04/18/17 23:22:34 18672 seconds since last log event
04/18/17 23:22:34 Pending DAG nodes:
04/18/17 23:22:34   Node cbow_mean_lstm, HTCondor ID 874, status STATUS_SUBMITTED
04/18/17 23:32:36 19274 seconds since last log event
04/18/17 23:32:36 Pending DAG nodes:
04/18/17 23:32:36   Node cbow_mean_lstm, HTCondor ID 874, status STATUS_SUBMITTED
04/18/17 23:42:39 19877 seconds since last log event
04/18/17 23:42:39 Pending DAG nodes:
04/18/17 23:42:39   Node cbow_mean_lstm, HTCondor ID 874, status STATUS_SUBMITTED
04/18/17 23:52:40 20478 seconds since last log event
04/18/17 23:52:40 Pending DAG nodes:
04/18/17 23:52:40   Node cbow_mean_lstm, HTCondor ID 874, status STATUS_SUBMITTED
04/19/17 00:02:43 21081 seconds since last log event
04/19/17 00:02:43 Pending DAG nodes:
04/19/17 00:02:43   Node cbow_mean_lstm, HTCondor ID 874, status STATUS_SUBMITTED
04/19/17 00:12:45 21683 seconds since last log event
04/19/17 00:12:45 Pending DAG nodes:
04/19/17 00:12:45   Node cbow_mean_lstm, HTCondor ID 874, status STATUS_SUBMITTED
04/19/17 00:22:48 22286 seconds since last log event
04/19/17 00:22:48 Pending DAG nodes:
04/19/17 00:22:48   Node cbow_mean_lstm, HTCondor ID 874, status STATUS_SUBMITTED
04/19/17 00:32:51 22889 seconds since last log event
04/19/17 00:32:51 Pending DAG nodes:
04/19/17 00:32:51   Node cbow_mean_lstm, HTCondor ID 874, status STATUS_SUBMITTED
04/19/17 00:42:53 23491 seconds since last log event
04/19/17 00:42:53 Pending DAG nodes:
04/19/17 00:42:53   Node cbow_mean_lstm, HTCondor ID 874, status STATUS_SUBMITTED
04/19/17 00:52:55 24093 seconds since last log event
04/19/17 00:52:55 Pending DAG nodes:
04/19/17 00:52:55   Node cbow_mean_lstm, HTCondor ID 874, status STATUS_SUBMITTED
04/19/17 01:02:57 24695 seconds since last log event
04/19/17 01:02:57 Pending DAG nodes:
04/19/17 01:02:57   Node cbow_mean_lstm, HTCondor ID 874, status STATUS_SUBMITTED
04/19/17 01:12:59 25297 seconds since last log event
04/19/17 01:12:59 Pending DAG nodes:
04/19/17 01:12:59   Node cbow_mean_lstm, HTCondor ID 874, status STATUS_SUBMITTED
04/19/17 01:23:01 25899 seconds since last log event
04/19/17 01:23:01 Pending DAG nodes:
04/19/17 01:23:01   Node cbow_mean_lstm, HTCondor ID 874, status STATUS_SUBMITTED
04/19/17 01:33:03 26501 seconds since last log event
04/19/17 01:33:03 Pending DAG nodes:
04/19/17 01:33:03   Node cbow_mean_lstm, HTCondor ID 874, status STATUS_SUBMITTED
04/19/17 01:43:06 27104 seconds since last log event
04/19/17 01:43:06 Pending DAG nodes:
04/19/17 01:43:06   Node cbow_mean_lstm, HTCondor ID 874, status STATUS_SUBMITTED
04/19/17 01:53:08 27706 seconds since last log event
04/19/17 01:53:08 Pending DAG nodes:
04/19/17 01:53:08   Node cbow_mean_lstm, HTCondor ID 874, status STATUS_SUBMITTED
04/19/17 02:03:10 28308 seconds since last log event
04/19/17 02:03:10 Pending DAG nodes:
04/19/17 02:03:10   Node cbow_mean_lstm, HTCondor ID 874, status STATUS_SUBMITTED
04/19/17 02:13:12 28910 seconds since last log event
04/19/17 02:13:12 Pending DAG nodes:
04/19/17 02:13:12   Node cbow_mean_lstm, HTCondor ID 874, status STATUS_SUBMITTED
04/19/17 02:23:14 29512 seconds since last log event
04/19/17 02:23:14 Pending DAG nodes:
04/19/17 02:23:14   Node cbow_mean_lstm, HTCondor ID 874, status STATUS_SUBMITTED
04/19/17 02:33:15 30113 seconds since last log event
04/19/17 02:33:15 Pending DAG nodes:
04/19/17 02:33:15   Node cbow_mean_lstm, HTCondor ID 874, status STATUS_SUBMITTED
04/19/17 02:43:16 30714 seconds since last log event
04/19/17 02:43:16 Pending DAG nodes:
04/19/17 02:43:16   Node cbow_mean_lstm, HTCondor ID 874, status STATUS_SUBMITTED
04/19/17 02:53:19 31317 seconds since last log event
04/19/17 02:53:19 Pending DAG nodes:
04/19/17 02:53:19   Node cbow_mean_lstm, HTCondor ID 874, status STATUS_SUBMITTED
04/19/17 03:03:20 31918 seconds since last log event
04/19/17 03:03:20 Pending DAG nodes:
04/19/17 03:03:20   Node cbow_mean_lstm, HTCondor ID 874, status STATUS_SUBMITTED
04/19/17 03:13:22 32520 seconds since last log event
04/19/17 03:13:22 Pending DAG nodes:
04/19/17 03:13:22   Node cbow_mean_lstm, HTCondor ID 874, status STATUS_SUBMITTED
04/19/17 03:23:24 33122 seconds since last log event
04/19/17 03:23:24 Pending DAG nodes:
04/19/17 03:23:24   Node cbow_mean_lstm, HTCondor ID 874, status STATUS_SUBMITTED
04/19/17 03:33:27 33725 seconds since last log event
04/19/17 03:33:27 Pending DAG nodes:
04/19/17 03:33:27   Node cbow_mean_lstm, HTCondor ID 874, status STATUS_SUBMITTED
04/19/17 03:43:29 34327 seconds since last log event
04/19/17 03:43:29 Pending DAG nodes:
04/19/17 03:43:29   Node cbow_mean_lstm, HTCondor ID 874, status STATUS_SUBMITTED
04/19/17 03:53:32 34930 seconds since last log event
04/19/17 03:53:32 Pending DAG nodes:
04/19/17 03:53:32   Node cbow_mean_lstm, HTCondor ID 874, status STATUS_SUBMITTED
04/19/17 04:03:34 35532 seconds since last log event
04/19/17 04:03:34 Pending DAG nodes:
04/19/17 04:03:34   Node cbow_mean_lstm, HTCondor ID 874, status STATUS_SUBMITTED
04/19/17 04:13:35 36133 seconds since last log event
04/19/17 04:13:35 Pending DAG nodes:
04/19/17 04:13:35   Node cbow_mean_lstm, HTCondor ID 874, status STATUS_SUBMITTED
04/19/17 04:23:38 36736 seconds since last log event
04/19/17 04:23:38 Pending DAG nodes:
04/19/17 04:23:38   Node cbow_mean_lstm, HTCondor ID 874, status STATUS_SUBMITTED
04/19/17 04:33:40 37338 seconds since last log event
04/19/17 04:33:40 Pending DAG nodes:
04/19/17 04:33:40   Node cbow_mean_lstm, HTCondor ID 874, status STATUS_SUBMITTED
04/19/17 04:43:42 37940 seconds since last log event
04/19/17 04:43:42 Pending DAG nodes:
04/19/17 04:43:42   Node cbow_mean_lstm, HTCondor ID 874, status STATUS_SUBMITTED
04/19/17 04:53:44 38542 seconds since last log event
04/19/17 04:53:44 Pending DAG nodes:
04/19/17 04:53:44   Node cbow_mean_lstm, HTCondor ID 874, status STATUS_SUBMITTED
04/19/17 05:03:47 39145 seconds since last log event
04/19/17 05:03:47 Pending DAG nodes:
04/19/17 05:03:47   Node cbow_mean_lstm, HTCondor ID 874, status STATUS_SUBMITTED
04/19/17 05:13:49 39747 seconds since last log event
04/19/17 05:13:49 Pending DAG nodes:
04/19/17 05:13:49   Node cbow_mean_lstm, HTCondor ID 874, status STATUS_SUBMITTED
04/19/17 05:23:51 40349 seconds since last log event
04/19/17 05:23:51 Pending DAG nodes:
04/19/17 05:23:51   Node cbow_mean_lstm, HTCondor ID 874, status STATUS_SUBMITTED
04/19/17 05:33:53 40951 seconds since last log event
04/19/17 05:33:53 Pending DAG nodes:
04/19/17 05:33:53   Node cbow_mean_lstm, HTCondor ID 874, status STATUS_SUBMITTED
04/19/17 05:43:55 41553 seconds since last log event
04/19/17 05:43:55 Pending DAG nodes:
04/19/17 05:43:55   Node cbow_mean_lstm, HTCondor ID 874, status STATUS_SUBMITTED
04/19/17 05:53:57 42155 seconds since last log event
04/19/17 05:53:57 Pending DAG nodes:
04/19/17 05:53:57   Node cbow_mean_lstm, HTCondor ID 874, status STATUS_SUBMITTED
04/19/17 06:04:00 42758 seconds since last log event
04/19/17 06:04:00 Pending DAG nodes:
04/19/17 06:04:00   Node cbow_mean_lstm, HTCondor ID 874, status STATUS_SUBMITTED
04/19/17 06:14:02 43360 seconds since last log event
04/19/17 06:14:02 Pending DAG nodes:
04/19/17 06:14:02   Node cbow_mean_lstm, HTCondor ID 874, status STATUS_SUBMITTED
04/19/17 06:24:03 43961 seconds since last log event
04/19/17 06:24:03 Pending DAG nodes:
04/19/17 06:24:03   Node cbow_mean_lstm, HTCondor ID 874, status STATUS_SUBMITTED
04/19/17 06:34:06 44564 seconds since last log event
04/19/17 06:34:06 Pending DAG nodes:
04/19/17 06:34:06   Node cbow_mean_lstm, HTCondor ID 874, status STATUS_SUBMITTED
04/19/17 06:44:09 45167 seconds since last log event
04/19/17 06:44:09 Pending DAG nodes:
04/19/17 06:44:09   Node cbow_mean_lstm, HTCondor ID 874, status STATUS_SUBMITTED
04/19/17 06:54:11 45769 seconds since last log event
04/19/17 06:54:11 Pending DAG nodes:
04/19/17 06:54:11   Node cbow_mean_lstm, HTCondor ID 874, status STATUS_SUBMITTED
04/19/17 07:04:12 46370 seconds since last log event
04/19/17 07:04:12 Pending DAG nodes:
04/19/17 07:04:12   Node cbow_mean_lstm, HTCondor ID 874, status STATUS_SUBMITTED
04/19/17 07:14:15 46973 seconds since last log event
04/19/17 07:14:15 Pending DAG nodes:
04/19/17 07:14:15   Node cbow_mean_lstm, HTCondor ID 874, status STATUS_SUBMITTED
04/19/17 07:24:18 47576 seconds since last log event
04/19/17 07:24:18 Pending DAG nodes:
04/19/17 07:24:18   Node cbow_mean_lstm, HTCondor ID 874, status STATUS_SUBMITTED
04/19/17 07:34:19 48177 seconds since last log event
04/19/17 07:34:19 Pending DAG nodes:
04/19/17 07:34:19   Node cbow_mean_lstm, HTCondor ID 874, status STATUS_SUBMITTED
04/19/17 07:44:20 48778 seconds since last log event
04/19/17 07:44:20 Pending DAG nodes:
04/19/17 07:44:20   Node cbow_mean_lstm, HTCondor ID 874, status STATUS_SUBMITTED
04/19/17 07:54:23 49381 seconds since last log event
04/19/17 07:54:23 Pending DAG nodes:
04/19/17 07:54:23   Node cbow_mean_lstm, HTCondor ID 874, status STATUS_SUBMITTED
04/19/17 08:04:25 49983 seconds since last log event
04/19/17 08:04:25 Pending DAG nodes:
04/19/17 08:04:25   Node cbow_mean_lstm, HTCondor ID 874, status STATUS_SUBMITTED
04/19/17 08:14:27 50585 seconds since last log event
04/19/17 08:14:27 Pending DAG nodes:
04/19/17 08:14:27   Node cbow_mean_lstm, HTCondor ID 874, status STATUS_SUBMITTED
04/19/17 08:24:29 51187 seconds since last log event
04/19/17 08:24:29 Pending DAG nodes:
04/19/17 08:24:29   Node cbow_mean_lstm, HTCondor ID 874, status STATUS_SUBMITTED
04/19/17 08:34:31 51789 seconds since last log event
04/19/17 08:34:31 Pending DAG nodes:
04/19/17 08:34:31   Node cbow_mean_lstm, HTCondor ID 874, status STATUS_SUBMITTED
04/19/17 08:44:34 52392 seconds since last log event
04/19/17 08:44:34 Pending DAG nodes:
04/19/17 08:44:34   Node cbow_mean_lstm, HTCondor ID 874, status STATUS_SUBMITTED
04/19/17 08:54:37 52995 seconds since last log event
04/19/17 08:54:37 Pending DAG nodes:
04/19/17 08:54:37   Node cbow_mean_lstm, HTCondor ID 874, status STATUS_SUBMITTED
04/19/17 09:04:38 53596 seconds since last log event
04/19/17 09:04:38 Pending DAG nodes:
04/19/17 09:04:38   Node cbow_mean_lstm, HTCondor ID 874, status STATUS_SUBMITTED
04/19/17 09:14:41 54199 seconds since last log event
04/19/17 09:14:41 Pending DAG nodes:
04/19/17 09:14:41   Node cbow_mean_lstm, HTCondor ID 874, status STATUS_SUBMITTED
04/19/17 09:24:44 54802 seconds since last log event
04/19/17 09:24:44 Pending DAG nodes:
04/19/17 09:24:44   Node cbow_mean_lstm, HTCondor ID 874, status STATUS_SUBMITTED
04/19/17 09:34:46 55404 seconds since last log event
04/19/17 09:34:46 Pending DAG nodes:
04/19/17 09:34:46   Node cbow_mean_lstm, HTCondor ID 874, status STATUS_SUBMITTED
04/19/17 09:44:49 56007 seconds since last log event
04/19/17 09:44:49 Pending DAG nodes:
04/19/17 09:44:49   Node cbow_mean_lstm, HTCondor ID 874, status STATUS_SUBMITTED
04/19/17 09:54:52 56610 seconds since last log event
04/19/17 09:54:52 Pending DAG nodes:
04/19/17 09:54:52   Node cbow_mean_lstm, HTCondor ID 874, status STATUS_SUBMITTED
04/19/17 10:04:54 57212 seconds since last log event
04/19/17 10:04:54 Pending DAG nodes:
04/19/17 10:04:54   Node cbow_mean_lstm, HTCondor ID 874, status STATUS_SUBMITTED
04/19/17 10:14:55 57813 seconds since last log event
04/19/17 10:14:55 Pending DAG nodes:
04/19/17 10:14:55   Node cbow_mean_lstm, HTCondor ID 874, status STATUS_SUBMITTED
04/19/17 10:24:57 58415 seconds since last log event
04/19/17 10:24:57 Pending DAG nodes:
04/19/17 10:24:57   Node cbow_mean_lstm, HTCondor ID 874, status STATUS_SUBMITTED
04/19/17 10:34:58 59016 seconds since last log event
04/19/17 10:34:58 Pending DAG nodes:
04/19/17 10:34:58   Node cbow_mean_lstm, HTCondor ID 874, status STATUS_SUBMITTED
04/19/17 10:44:59 59617 seconds since last log event
04/19/17 10:44:59 Pending DAG nodes:
04/19/17 10:44:59   Node cbow_mean_lstm, HTCondor ID 874, status STATUS_SUBMITTED
04/19/17 10:55:02 60220 seconds since last log event
04/19/17 10:55:02 Pending DAG nodes:
04/19/17 10:55:02   Node cbow_mean_lstm, HTCondor ID 874, status STATUS_SUBMITTED
04/19/17 11:05:04 60822 seconds since last log event
04/19/17 11:05:04 Pending DAG nodes:
04/19/17 11:05:04   Node cbow_mean_lstm, HTCondor ID 874, status STATUS_SUBMITTED
04/19/17 11:15:05 61423 seconds since last log event
04/19/17 11:15:05 Pending DAG nodes:
04/19/17 11:15:05   Node cbow_mean_lstm, HTCondor ID 874, status STATUS_SUBMITTED
04/19/17 11:25:08 62026 seconds since last log event
04/19/17 11:25:08 Pending DAG nodes:
04/19/17 11:25:08   Node cbow_mean_lstm, HTCondor ID 874, status STATUS_SUBMITTED
04/19/17 11:35:10 62628 seconds since last log event
04/19/17 11:35:10 Pending DAG nodes:
04/19/17 11:35:10   Node cbow_mean_lstm, HTCondor ID 874, status STATUS_SUBMITTED
04/19/17 11:45:12 63230 seconds since last log event
04/19/17 11:45:12 Pending DAG nodes:
04/19/17 11:45:12   Node cbow_mean_lstm, HTCondor ID 874, status STATUS_SUBMITTED
04/19/17 11:55:14 63832 seconds since last log event
04/19/17 11:55:14 Pending DAG nodes:
04/19/17 11:55:14   Node cbow_mean_lstm, HTCondor ID 874, status STATUS_SUBMITTED
04/19/17 12:05:16 64434 seconds since last log event
04/19/17 12:05:16 Pending DAG nodes:
04/19/17 12:05:16   Node cbow_mean_lstm, HTCondor ID 874, status STATUS_SUBMITTED
04/19/17 12:15:19 65037 seconds since last log event
04/19/17 12:15:19 Pending DAG nodes:
04/19/17 12:15:19   Node cbow_mean_lstm, HTCondor ID 874, status STATUS_SUBMITTED
04/19/17 12:25:21 65639 seconds since last log event
04/19/17 12:25:21 Pending DAG nodes:
04/19/17 12:25:21   Node cbow_mean_lstm, HTCondor ID 874, status STATUS_SUBMITTED
04/19/17 12:35:24 66242 seconds since last log event
04/19/17 12:35:24 Pending DAG nodes:
04/19/17 12:35:24   Node cbow_mean_lstm, HTCondor ID 874, status STATUS_SUBMITTED
04/19/17 12:45:27 66845 seconds since last log event
04/19/17 12:45:27 Pending DAG nodes:
04/19/17 12:45:27   Node cbow_mean_lstm, HTCondor ID 874, status STATUS_SUBMITTED
04/19/17 12:55:29 67447 seconds since last log event
04/19/17 12:55:29 Pending DAG nodes:
04/19/17 12:55:29   Node cbow_mean_lstm, HTCondor ID 874, status STATUS_SUBMITTED
04/19/17 13:05:31 68049 seconds since last log event
04/19/17 13:05:31 Pending DAG nodes:
04/19/17 13:05:31   Node cbow_mean_lstm, HTCondor ID 874, status STATUS_SUBMITTED
04/19/17 13:15:34 68652 seconds since last log event
04/19/17 13:15:34 Pending DAG nodes:
04/19/17 13:15:34   Node cbow_mean_lstm, HTCondor ID 874, status STATUS_SUBMITTED
04/19/17 13:25:37 69255 seconds since last log event
04/19/17 13:25:37 Pending DAG nodes:
04/19/17 13:25:37   Node cbow_mean_lstm, HTCondor ID 874, status STATUS_SUBMITTED
04/19/17 13:35:39 69857 seconds since last log event
04/19/17 13:35:39 Pending DAG nodes:
04/19/17 13:35:39   Node cbow_mean_lstm, HTCondor ID 874, status STATUS_SUBMITTED
04/19/17 13:45:41 70459 seconds since last log event
04/19/17 13:45:41 Pending DAG nodes:
04/19/17 13:45:41   Node cbow_mean_lstm, HTCondor ID 874, status STATUS_SUBMITTED
04/19/17 13:55:44 71062 seconds since last log event
04/19/17 13:55:44 Pending DAG nodes:
04/19/17 13:55:44   Node cbow_mean_lstm, HTCondor ID 874, status STATUS_SUBMITTED
04/19/17 14:05:47 71665 seconds since last log event
04/19/17 14:05:47 Pending DAG nodes:
04/19/17 14:05:47   Node cbow_mean_lstm, HTCondor ID 874, status STATUS_SUBMITTED
04/19/17 14:15:49 72267 seconds since last log event
04/19/17 14:15:49 Pending DAG nodes:
04/19/17 14:15:49   Node cbow_mean_lstm, HTCondor ID 874, status STATUS_SUBMITTED
04/19/17 14:25:52 72870 seconds since last log event
04/19/17 14:25:52 Pending DAG nodes:
04/19/17 14:25:52   Node cbow_mean_lstm, HTCondor ID 874, status STATUS_SUBMITTED
04/19/17 14:35:54 73472 seconds since last log event
04/19/17 14:35:54 Pending DAG nodes:
04/19/17 14:35:54   Node cbow_mean_lstm, HTCondor ID 874, status STATUS_SUBMITTED
04/19/17 14:45:57 74075 seconds since last log event
04/19/17 14:45:57 Pending DAG nodes:
04/19/17 14:45:57   Node cbow_mean_lstm, HTCondor ID 874, status STATUS_SUBMITTED
04/19/17 14:56:00 74678 seconds since last log event
04/19/17 14:56:00 Pending DAG nodes:
04/19/17 14:56:00   Node cbow_mean_lstm, HTCondor ID 874, status STATUS_SUBMITTED
04/19/17 15:06:02 75280 seconds since last log event
04/19/17 15:06:02 Pending DAG nodes:
04/19/17 15:06:02   Node cbow_mean_lstm, HTCondor ID 874, status STATUS_SUBMITTED
04/19/17 15:16:05 75883 seconds since last log event
04/19/17 15:16:05 Pending DAG nodes:
04/19/17 15:16:05   Node cbow_mean_lstm, HTCondor ID 874, status STATUS_SUBMITTED
04/19/17 15:26:06 76484 seconds since last log event
04/19/17 15:26:06 Pending DAG nodes:
04/19/17 15:26:06   Node cbow_mean_lstm, HTCondor ID 874, status STATUS_SUBMITTED
04/19/17 15:36:09 77087 seconds since last log event
04/19/17 15:36:09 Pending DAG nodes:
04/19/17 15:36:09   Node cbow_mean_lstm, HTCondor ID 874, status STATUS_SUBMITTED
04/19/17 15:46:11 77689 seconds since last log event
04/19/17 15:46:11 Pending DAG nodes:
04/19/17 15:46:11   Node cbow_mean_lstm, HTCondor ID 874, status STATUS_SUBMITTED
04/19/17 15:56:14 78292 seconds since last log event
04/19/17 15:56:14 Pending DAG nodes:
04/19/17 15:56:14   Node cbow_mean_lstm, HTCondor ID 874, status STATUS_SUBMITTED
04/19/17 16:06:16 78894 seconds since last log event
04/19/17 16:06:16 Pending DAG nodes:
04/19/17 16:06:16   Node cbow_mean_lstm, HTCondor ID 874, status STATUS_SUBMITTED
04/19/17 16:16:18 79496 seconds since last log event
04/19/17 16:16:18 Pending DAG nodes:
04/19/17 16:16:18   Node cbow_mean_lstm, HTCondor ID 874, status STATUS_SUBMITTED
04/19/17 16:26:21 80099 seconds since last log event
04/19/17 16:26:21 Pending DAG nodes:
04/19/17 16:26:21   Node cbow_mean_lstm, HTCondor ID 874, status STATUS_SUBMITTED
04/19/17 16:36:23 80701 seconds since last log event
04/19/17 16:36:23 Pending DAG nodes:
04/19/17 16:36:23   Node cbow_mean_lstm, HTCondor ID 874, status STATUS_SUBMITTED
04/19/17 16:46:25 81303 seconds since last log event
04/19/17 16:46:25 Pending DAG nodes:
04/19/17 16:46:25   Node cbow_mean_lstm, HTCondor ID 874, status STATUS_SUBMITTED
04/19/17 16:56:27 81905 seconds since last log event
04/19/17 16:56:27 Pending DAG nodes:
04/19/17 16:56:27   Node cbow_mean_lstm, HTCondor ID 874, status STATUS_SUBMITTED
04/19/17 17:06:28 82506 seconds since last log event
04/19/17 17:06:28 Pending DAG nodes:
04/19/17 17:06:28   Node cbow_mean_lstm, HTCondor ID 874, status STATUS_SUBMITTED
04/19/17 17:16:31 83109 seconds since last log event
04/19/17 17:16:31 Pending DAG nodes:
04/19/17 17:16:31   Node cbow_mean_lstm, HTCondor ID 874, status STATUS_SUBMITTED
04/19/17 17:26:33 83711 seconds since last log event
04/19/17 17:26:33 Pending DAG nodes:
04/19/17 17:26:33   Node cbow_mean_lstm, HTCondor ID 874, status STATUS_SUBMITTED
04/19/17 17:36:35 84313 seconds since last log event
04/19/17 17:36:35 Pending DAG nodes:
04/19/17 17:36:35   Node cbow_mean_lstm, HTCondor ID 874, status STATUS_SUBMITTED
04/19/17 17:46:36 84914 seconds since last log event
04/19/17 17:46:36 Pending DAG nodes:
04/19/17 17:46:36   Node cbow_mean_lstm, HTCondor ID 874, status STATUS_SUBMITTED
04/19/17 17:56:39 85517 seconds since last log event
04/19/17 17:56:39 Pending DAG nodes:
04/19/17 17:56:39   Node cbow_mean_lstm, HTCondor ID 874, status STATUS_SUBMITTED
04/19/17 18:06:41 86119 seconds since last log event
04/19/17 18:06:41 Pending DAG nodes:
04/19/17 18:06:41   Node cbow_mean_lstm, HTCondor ID 874, status STATUS_SUBMITTED
04/19/17 18:16:43 86721 seconds since last log event
04/19/17 18:16:43 Pending DAG nodes:
04/19/17 18:16:43   Node cbow_mean_lstm, HTCondor ID 874, status STATUS_SUBMITTED
04/19/17 18:26:45 87323 seconds since last log event
04/19/17 18:26:45 Pending DAG nodes:
04/19/17 18:26:45   Node cbow_mean_lstm, HTCondor ID 874, status STATUS_SUBMITTED
04/19/17 18:36:48 87926 seconds since last log event
04/19/17 18:36:48 Pending DAG nodes:
04/19/17 18:36:48   Node cbow_mean_lstm, HTCondor ID 874, status STATUS_SUBMITTED
04/19/17 18:46:50 88528 seconds since last log event
04/19/17 18:46:50 Pending DAG nodes:
04/19/17 18:46:50   Node cbow_mean_lstm, HTCondor ID 874, status STATUS_SUBMITTED
04/19/17 18:56:52 89130 seconds since last log event
04/19/17 18:56:52 Pending DAG nodes:
04/19/17 18:56:52   Node cbow_mean_lstm, HTCondor ID 874, status STATUS_SUBMITTED
04/19/17 19:06:55 89733 seconds since last log event
04/19/17 19:06:55 Pending DAG nodes:
04/19/17 19:06:55   Node cbow_mean_lstm, HTCondor ID 874, status STATUS_SUBMITTED
04/19/17 19:16:58 90336 seconds since last log event
04/19/17 19:16:58 Pending DAG nodes:
04/19/17 19:16:58   Node cbow_mean_lstm, HTCondor ID 874, status STATUS_SUBMITTED
04/19/17 19:27:00 90938 seconds since last log event
04/19/17 19:27:00 Pending DAG nodes:
04/19/17 19:27:00   Node cbow_mean_lstm, HTCondor ID 874, status STATUS_SUBMITTED
04/19/17 19:37:03 91541 seconds since last log event
04/19/17 19:37:03 Pending DAG nodes:
04/19/17 19:37:03   Node cbow_mean_lstm, HTCondor ID 874, status STATUS_SUBMITTED
04/19/17 19:47:05 92143 seconds since last log event
04/19/17 19:47:05 Pending DAG nodes:
04/19/17 19:47:05   Node cbow_mean_lstm, HTCondor ID 874, status STATUS_SUBMITTED
04/19/17 19:57:08 92746 seconds since last log event
04/19/17 19:57:08 Pending DAG nodes:
04/19/17 19:57:08   Node cbow_mean_lstm, HTCondor ID 874, status STATUS_SUBMITTED
04/19/17 20:07:10 93348 seconds since last log event
04/19/17 20:07:10 Pending DAG nodes:
04/19/17 20:07:10   Node cbow_mean_lstm, HTCondor ID 874, status STATUS_SUBMITTED
04/19/17 20:17:12 93950 seconds since last log event
04/19/17 20:17:12 Pending DAG nodes:
04/19/17 20:17:12   Node cbow_mean_lstm, HTCondor ID 874, status STATUS_SUBMITTED
04/19/17 20:27:15 94553 seconds since last log event
04/19/17 20:27:15 Pending DAG nodes:
04/19/17 20:27:15   Node cbow_mean_lstm, HTCondor ID 874, status STATUS_SUBMITTED
04/19/17 20:37:18 95156 seconds since last log event
04/19/17 20:37:18 Pending DAG nodes:
04/19/17 20:37:18   Node cbow_mean_lstm, HTCondor ID 874, status STATUS_SUBMITTED
04/19/17 20:47:20 95758 seconds since last log event
04/19/17 20:47:20 Pending DAG nodes:
04/19/17 20:47:20   Node cbow_mean_lstm, HTCondor ID 874, status STATUS_SUBMITTED
04/19/17 20:57:22 96360 seconds since last log event
04/19/17 20:57:22 Pending DAG nodes:
04/19/17 20:57:22   Node cbow_mean_lstm, HTCondor ID 874, status STATUS_SUBMITTED
04/19/17 21:07:25 96963 seconds since last log event
04/19/17 21:07:25 Pending DAG nodes:
04/19/17 21:07:25   Node cbow_mean_lstm, HTCondor ID 874, status STATUS_SUBMITTED
04/19/17 21:17:27 97565 seconds since last log event
04/19/17 21:17:27 Pending DAG nodes:
04/19/17 21:17:27   Node cbow_mean_lstm, HTCondor ID 874, status STATUS_SUBMITTED
04/19/17 21:27:30 98168 seconds since last log event
04/19/17 21:27:30 Pending DAG nodes:
04/19/17 21:27:30   Node cbow_mean_lstm, HTCondor ID 874, status STATUS_SUBMITTED
04/19/17 21:37:33 98771 seconds since last log event
04/19/17 21:37:33 Pending DAG nodes:
04/19/17 21:37:33   Node cbow_mean_lstm, HTCondor ID 874, status STATUS_SUBMITTED
04/19/17 21:47:36 99374 seconds since last log event
04/19/17 21:47:36 Pending DAG nodes:
04/19/17 21:47:36   Node cbow_mean_lstm, HTCondor ID 874, status STATUS_SUBMITTED
04/19/17 21:57:39 99977 seconds since last log event
04/19/17 21:57:39 Pending DAG nodes:
04/19/17 21:57:39   Node cbow_mean_lstm, HTCondor ID 874, status STATUS_SUBMITTED
04/19/17 22:07:42 100580 seconds since last log event
04/19/17 22:07:42 Pending DAG nodes:
04/19/17 22:07:42   Node cbow_mean_lstm, HTCondor ID 874, status STATUS_SUBMITTED
04/19/17 22:17:45 101183 seconds since last log event
04/19/17 22:17:45 Pending DAG nodes:
04/19/17 22:17:45   Node cbow_mean_lstm, HTCondor ID 874, status STATUS_SUBMITTED
04/19/17 22:27:47 101785 seconds since last log event
04/19/17 22:27:47 Pending DAG nodes:
04/19/17 22:27:47   Node cbow_mean_lstm, HTCondor ID 874, status STATUS_SUBMITTED
04/19/17 22:37:50 102388 seconds since last log event
04/19/17 22:37:50 Pending DAG nodes:
04/19/17 22:37:50   Node cbow_mean_lstm, HTCondor ID 874, status STATUS_SUBMITTED
04/19/17 22:47:53 102991 seconds since last log event
04/19/17 22:47:53 Pending DAG nodes:
04/19/17 22:47:53   Node cbow_mean_lstm, HTCondor ID 874, status STATUS_SUBMITTED
04/19/17 22:57:55 103593 seconds since last log event
04/19/17 22:57:55 Pending DAG nodes:
04/19/17 22:57:55   Node cbow_mean_lstm, HTCondor ID 874, status STATUS_SUBMITTED
04/19/17 23:07:58 104196 seconds since last log event
04/19/17 23:07:58 Pending DAG nodes:
04/19/17 23:07:58   Node cbow_mean_lstm, HTCondor ID 874, status STATUS_SUBMITTED
04/19/17 23:18:01 104799 seconds since last log event
04/19/17 23:18:01 Pending DAG nodes:
04/19/17 23:18:01   Node cbow_mean_lstm, HTCondor ID 874, status STATUS_SUBMITTED
04/19/17 23:28:04 105402 seconds since last log event
04/19/17 23:28:04 Pending DAG nodes:
04/19/17 23:28:04   Node cbow_mean_lstm, HTCondor ID 874, status STATUS_SUBMITTED
04/19/17 23:38:07 106005 seconds since last log event
04/19/17 23:38:07 Pending DAG nodes:
04/19/17 23:38:07   Node cbow_mean_lstm, HTCondor ID 874, status STATUS_SUBMITTED
04/19/17 23:48:10 106608 seconds since last log event
04/19/17 23:48:10 Pending DAG nodes:
04/19/17 23:48:10   Node cbow_mean_lstm, HTCondor ID 874, status STATUS_SUBMITTED
04/19/17 23:58:13 107211 seconds since last log event
04/19/17 23:58:13 Pending DAG nodes:
04/19/17 23:58:13   Node cbow_mean_lstm, HTCondor ID 874, status STATUS_SUBMITTED
04/20/17 00:08:16 107814 seconds since last log event
04/20/17 00:08:16 Pending DAG nodes:
04/20/17 00:08:16   Node cbow_mean_lstm, HTCondor ID 874, status STATUS_SUBMITTED
04/20/17 00:18:18 108416 seconds since last log event
04/20/17 00:18:18 Pending DAG nodes:
04/20/17 00:18:18   Node cbow_mean_lstm, HTCondor ID 874, status STATUS_SUBMITTED
04/20/17 00:28:21 109019 seconds since last log event
04/20/17 00:28:21 Pending DAG nodes:
04/20/17 00:28:21   Node cbow_mean_lstm, HTCondor ID 874, status STATUS_SUBMITTED
04/20/17 00:38:24 109622 seconds since last log event
04/20/17 00:38:24 Pending DAG nodes:
04/20/17 00:38:24   Node cbow_mean_lstm, HTCondor ID 874, status STATUS_SUBMITTED
04/20/17 00:48:27 110225 seconds since last log event
04/20/17 00:48:27 Pending DAG nodes:
04/20/17 00:48:27   Node cbow_mean_lstm, HTCondor ID 874, status STATUS_SUBMITTED
04/20/17 00:58:30 110828 seconds since last log event
04/20/17 00:58:30 Pending DAG nodes:
04/20/17 00:58:30   Node cbow_mean_lstm, HTCondor ID 874, status STATUS_SUBMITTED
04/20/17 01:08:33 111431 seconds since last log event
04/20/17 01:08:33 Pending DAG nodes:
04/20/17 01:08:33   Node cbow_mean_lstm, HTCondor ID 874, status STATUS_SUBMITTED
04/20/17 01:18:36 112034 seconds since last log event
04/20/17 01:18:36 Pending DAG nodes:
04/20/17 01:18:36   Node cbow_mean_lstm, HTCondor ID 874, status STATUS_SUBMITTED
04/20/17 01:28:38 112636 seconds since last log event
04/20/17 01:28:38 Pending DAG nodes:
04/20/17 01:28:38   Node cbow_mean_lstm, HTCondor ID 874, status STATUS_SUBMITTED
04/20/17 01:38:39 113237 seconds since last log event
04/20/17 01:38:39 Pending DAG nodes:
04/20/17 01:38:39   Node cbow_mean_lstm, HTCondor ID 874, status STATUS_SUBMITTED
04/20/17 01:48:42 113840 seconds since last log event
04/20/17 01:48:42 Pending DAG nodes:
04/20/17 01:48:42   Node cbow_mean_lstm, HTCondor ID 874, status STATUS_SUBMITTED
04/20/17 01:58:44 114442 seconds since last log event
04/20/17 01:58:44 Pending DAG nodes:
04/20/17 01:58:44   Node cbow_mean_lstm, HTCondor ID 874, status STATUS_SUBMITTED
04/20/17 02:08:47 115045 seconds since last log event
04/20/17 02:08:47 Pending DAG nodes:
04/20/17 02:08:47   Node cbow_mean_lstm, HTCondor ID 874, status STATUS_SUBMITTED
04/20/17 02:18:50 115648 seconds since last log event
04/20/17 02:18:50 Pending DAG nodes:
04/20/17 02:18:50   Node cbow_mean_lstm, HTCondor ID 874, status STATUS_SUBMITTED
04/20/17 02:28:53 116251 seconds since last log event
04/20/17 02:28:53 Pending DAG nodes:
04/20/17 02:28:53   Node cbow_mean_lstm, HTCondor ID 874, status STATUS_SUBMITTED
04/20/17 02:38:56 116854 seconds since last log event
04/20/17 02:38:56 Pending DAG nodes:
04/20/17 02:38:56   Node cbow_mean_lstm, HTCondor ID 874, status STATUS_SUBMITTED
04/20/17 02:48:59 117457 seconds since last log event
04/20/17 02:48:59 Pending DAG nodes:
04/20/17 02:48:59   Node cbow_mean_lstm, HTCondor ID 874, status STATUS_SUBMITTED
04/20/17 02:59:02 118060 seconds since last log event
04/20/17 02:59:02 Pending DAG nodes:
04/20/17 02:59:02   Node cbow_mean_lstm, HTCondor ID 874, status STATUS_SUBMITTED
04/20/17 03:09:04 118662 seconds since last log event
04/20/17 03:09:04 Pending DAG nodes:
04/20/17 03:09:04   Node cbow_mean_lstm, HTCondor ID 874, status STATUS_SUBMITTED
04/20/17 03:19:06 119264 seconds since last log event
04/20/17 03:19:06 Pending DAG nodes:
04/20/17 03:19:06   Node cbow_mean_lstm, HTCondor ID 874, status STATUS_SUBMITTED
04/20/17 03:29:08 119866 seconds since last log event
04/20/17 03:29:08 Pending DAG nodes:
04/20/17 03:29:08   Node cbow_mean_lstm, HTCondor ID 874, status STATUS_SUBMITTED
04/20/17 03:39:11 120469 seconds since last log event
04/20/17 03:39:11 Pending DAG nodes:
04/20/17 03:39:11   Node cbow_mean_lstm, HTCondor ID 874, status STATUS_SUBMITTED
04/20/17 03:49:13 121071 seconds since last log event
04/20/17 03:49:13 Pending DAG nodes:
04/20/17 03:49:13   Node cbow_mean_lstm, HTCondor ID 874, status STATUS_SUBMITTED
04/20/17 03:59:16 121674 seconds since last log event
04/20/17 03:59:16 Pending DAG nodes:
04/20/17 03:59:16   Node cbow_mean_lstm, HTCondor ID 874, status STATUS_SUBMITTED
04/20/17 04:09:18 122276 seconds since last log event
04/20/17 04:09:18 Pending DAG nodes:
04/20/17 04:09:18   Node cbow_mean_lstm, HTCondor ID 874, status STATUS_SUBMITTED
04/20/17 04:19:21 122879 seconds since last log event
04/20/17 04:19:21 Pending DAG nodes:
04/20/17 04:19:21   Node cbow_mean_lstm, HTCondor ID 874, status STATUS_SUBMITTED
04/20/17 04:29:24 123482 seconds since last log event
04/20/17 04:29:24 Pending DAG nodes:
04/20/17 04:29:24   Node cbow_mean_lstm, HTCondor ID 874, status STATUS_SUBMITTED
04/20/17 04:39:26 124084 seconds since last log event
04/20/17 04:39:26 Pending DAG nodes:
04/20/17 04:39:26   Node cbow_mean_lstm, HTCondor ID 874, status STATUS_SUBMITTED
04/20/17 04:49:29 124687 seconds since last log event
04/20/17 04:49:29 Pending DAG nodes:
04/20/17 04:49:29   Node cbow_mean_lstm, HTCondor ID 874, status STATUS_SUBMITTED
04/20/17 04:59:31 125289 seconds since last log event
04/20/17 04:59:31 Pending DAG nodes:
04/20/17 04:59:31   Node cbow_mean_lstm, HTCondor ID 874, status STATUS_SUBMITTED
04/20/17 05:09:34 125892 seconds since last log event
04/20/17 05:09:34 Pending DAG nodes:
04/20/17 05:09:34   Node cbow_mean_lstm, HTCondor ID 874, status STATUS_SUBMITTED
04/20/17 05:19:37 126495 seconds since last log event
04/20/17 05:19:37 Pending DAG nodes:
04/20/17 05:19:37   Node cbow_mean_lstm, HTCondor ID 874, status STATUS_SUBMITTED
04/20/17 05:29:40 127098 seconds since last log event
04/20/17 05:29:40 Pending DAG nodes:
04/20/17 05:29:40   Node cbow_mean_lstm, HTCondor ID 874, status STATUS_SUBMITTED
04/20/17 05:39:43 127701 seconds since last log event
04/20/17 05:39:43 Pending DAG nodes:
04/20/17 05:39:43   Node cbow_mean_lstm, HTCondor ID 874, status STATUS_SUBMITTED
04/20/17 05:49:45 128303 seconds since last log event
04/20/17 05:49:45 Pending DAG nodes:
04/20/17 05:49:45   Node cbow_mean_lstm, HTCondor ID 874, status STATUS_SUBMITTED
04/20/17 05:59:48 128906 seconds since last log event
04/20/17 05:59:48 Pending DAG nodes:
04/20/17 05:59:48   Node cbow_mean_lstm, HTCondor ID 874, status STATUS_SUBMITTED
04/20/17 06:09:51 129509 seconds since last log event
04/20/17 06:09:51 Pending DAG nodes:
04/20/17 06:09:51   Node cbow_mean_lstm, HTCondor ID 874, status STATUS_SUBMITTED
04/20/17 06:19:54 130112 seconds since last log event
04/20/17 06:19:54 Pending DAG nodes:
04/20/17 06:19:54   Node cbow_mean_lstm, HTCondor ID 874, status STATUS_SUBMITTED
04/20/17 06:29:56 130714 seconds since last log event
04/20/17 06:29:56 Pending DAG nodes:
04/20/17 06:29:56   Node cbow_mean_lstm, HTCondor ID 874, status STATUS_SUBMITTED
04/20/17 06:39:57 131315 seconds since last log event
04/20/17 06:39:57 Pending DAG nodes:
04/20/17 06:39:57   Node cbow_mean_lstm, HTCondor ID 874, status STATUS_SUBMITTED
04/20/17 06:50:00 131918 seconds since last log event
04/20/17 06:50:00 Pending DAG nodes:
04/20/17 06:50:00   Node cbow_mean_lstm, HTCondor ID 874, status STATUS_SUBMITTED
04/20/17 07:00:02 132520 seconds since last log event
04/20/17 07:00:02 Pending DAG nodes:
04/20/17 07:00:02   Node cbow_mean_lstm, HTCondor ID 874, status STATUS_SUBMITTED
04/20/17 07:10:05 133123 seconds since last log event
04/20/17 07:10:05 Pending DAG nodes:
04/20/17 07:10:05   Node cbow_mean_lstm, HTCondor ID 874, status STATUS_SUBMITTED
04/20/17 07:20:07 133725 seconds since last log event
04/20/17 07:20:07 Pending DAG nodes:
04/20/17 07:20:07   Node cbow_mean_lstm, HTCondor ID 874, status STATUS_SUBMITTED
04/20/17 07:30:10 134328 seconds since last log event
04/20/17 07:30:10 Pending DAG nodes:
04/20/17 07:30:10   Node cbow_mean_lstm, HTCondor ID 874, status STATUS_SUBMITTED
04/20/17 07:40:12 134930 seconds since last log event
04/20/17 07:40:12 Pending DAG nodes:
04/20/17 07:40:12   Node cbow_mean_lstm, HTCondor ID 874, status STATUS_SUBMITTED
04/20/17 07:50:14 135532 seconds since last log event
04/20/17 07:50:14 Pending DAG nodes:
04/20/17 07:50:14   Node cbow_mean_lstm, HTCondor ID 874, status STATUS_SUBMITTED
04/20/17 08:00:17 136135 seconds since last log event
04/20/17 08:00:17 Pending DAG nodes:
04/20/17 08:00:17   Node cbow_mean_lstm, HTCondor ID 874, status STATUS_SUBMITTED
04/20/17 08:10:19 136737 seconds since last log event
04/20/17 08:10:19 Pending DAG nodes:
04/20/17 08:10:19   Node cbow_mean_lstm, HTCondor ID 874, status STATUS_SUBMITTED
04/20/17 08:20:22 137340 seconds since last log event
04/20/17 08:20:22 Pending DAG nodes:
04/20/17 08:20:22   Node cbow_mean_lstm, HTCondor ID 874, status STATUS_SUBMITTED
04/20/17 08:30:24 137942 seconds since last log event
04/20/17 08:30:24 Pending DAG nodes:
04/20/17 08:30:24   Node cbow_mean_lstm, HTCondor ID 874, status STATUS_SUBMITTED
04/20/17 08:40:27 138545 seconds since last log event
04/20/17 08:40:27 Pending DAG nodes:
04/20/17 08:40:27   Node cbow_mean_lstm, HTCondor ID 874, status STATUS_SUBMITTED
04/20/17 08:50:30 139148 seconds since last log event
04/20/17 08:50:30 Pending DAG nodes:
04/20/17 08:50:30   Node cbow_mean_lstm, HTCondor ID 874, status STATUS_SUBMITTED
04/20/17 09:00:33 139751 seconds since last log event
04/20/17 09:00:33 Pending DAG nodes:
04/20/17 09:00:33   Node cbow_mean_lstm, HTCondor ID 874, status STATUS_SUBMITTED
04/20/17 09:10:35 140353 seconds since last log event
04/20/17 09:10:35 Pending DAG nodes:
04/20/17 09:10:35   Node cbow_mean_lstm, HTCondor ID 874, status STATUS_SUBMITTED
04/20/17 09:20:38 140956 seconds since last log event
04/20/17 09:20:38 Pending DAG nodes:
04/20/17 09:20:38   Node cbow_mean_lstm, HTCondor ID 874, status STATUS_SUBMITTED
04/20/17 09:30:40 141558 seconds since last log event
04/20/17 09:30:40 Pending DAG nodes:
04/20/17 09:30:40   Node cbow_mean_lstm, HTCondor ID 874, status STATUS_SUBMITTED
04/20/17 09:40:42 142160 seconds since last log event
04/20/17 09:40:42 Pending DAG nodes:
04/20/17 09:40:42   Node cbow_mean_lstm, HTCondor ID 874, status STATUS_SUBMITTED
04/20/17 09:50:44 142762 seconds since last log event
04/20/17 09:50:44 Pending DAG nodes:
04/20/17 09:50:44   Node cbow_mean_lstm, HTCondor ID 874, status STATUS_SUBMITTED
04/20/17 10:00:46 143364 seconds since last log event
04/20/17 10:00:47 Pending DAG nodes:
04/20/17 10:00:47   Node cbow_mean_lstm, HTCondor ID 874, status STATUS_SUBMITTED
04/20/17 10:10:49 143967 seconds since last log event
04/20/17 10:10:49 Pending DAG nodes:
04/20/17 10:10:49   Node cbow_mean_lstm, HTCondor ID 874, status STATUS_SUBMITTED
04/20/17 10:20:52 144570 seconds since last log event
04/20/17 10:20:52 Pending DAG nodes:
04/20/17 10:20:52   Node cbow_mean_lstm, HTCondor ID 874, status STATUS_SUBMITTED
04/20/17 10:30:54 145172 seconds since last log event
04/20/17 10:30:54 Pending DAG nodes:
04/20/17 10:30:54   Node cbow_mean_lstm, HTCondor ID 874, status STATUS_SUBMITTED
04/20/17 10:40:57 145775 seconds since last log event
04/20/17 10:40:57 Pending DAG nodes:
04/20/17 10:40:57   Node cbow_mean_lstm, HTCondor ID 874, status STATUS_SUBMITTED
04/20/17 10:50:59 146377 seconds since last log event
04/20/17 10:50:59 Pending DAG nodes:
04/20/17 10:50:59   Node cbow_mean_lstm, HTCondor ID 874, status STATUS_SUBMITTED
04/20/17 11:01:03 146981 seconds since last log event
04/20/17 11:01:03 Pending DAG nodes:
04/20/17 11:01:03   Node cbow_mean_lstm, HTCondor ID 874, status STATUS_SUBMITTED
04/20/17 11:11:05 147583 seconds since last log event
04/20/17 11:11:05 Pending DAG nodes:
04/20/17 11:11:05   Node cbow_mean_lstm, HTCondor ID 874, status STATUS_SUBMITTED
04/20/17 11:21:07 148185 seconds since last log event
04/20/17 11:21:07 Pending DAG nodes:
04/20/17 11:21:07   Node cbow_mean_lstm, HTCondor ID 874, status STATUS_SUBMITTED
04/20/17 11:31:10 148788 seconds since last log event
04/20/17 11:31:10 Pending DAG nodes:
04/20/17 11:31:10   Node cbow_mean_lstm, HTCondor ID 874, status STATUS_SUBMITTED
04/20/17 11:41:12 149390 seconds since last log event
04/20/17 11:41:12 Pending DAG nodes:
04/20/17 11:41:12   Node cbow_mean_lstm, HTCondor ID 874, status STATUS_SUBMITTED
04/20/17 11:51:15 149993 seconds since last log event
04/20/17 11:51:15 Pending DAG nodes:
04/20/17 11:51:15   Node cbow_mean_lstm, HTCondor ID 874, status STATUS_SUBMITTED
04/20/17 12:01:17 150595 seconds since last log event
04/20/17 12:01:17 Pending DAG nodes:
04/20/17 12:01:17   Node cbow_mean_lstm, HTCondor ID 874, status STATUS_SUBMITTED
04/20/17 12:11:19 151197 seconds since last log event
04/20/17 12:11:19 Pending DAG nodes:
04/20/17 12:11:19   Node cbow_mean_lstm, HTCondor ID 874, status STATUS_SUBMITTED
04/20/17 12:21:21 151799 seconds since last log event
04/20/17 12:21:21 Pending DAG nodes:
04/20/17 12:21:21   Node cbow_mean_lstm, HTCondor ID 874, status STATUS_SUBMITTED
04/20/17 12:31:23 152401 seconds since last log event
04/20/17 12:31:23 Pending DAG nodes:
04/20/17 12:31:23   Node cbow_mean_lstm, HTCondor ID 874, status STATUS_SUBMITTED
04/20/17 12:41:25 153003 seconds since last log event
04/20/17 12:41:25 Pending DAG nodes:
04/20/17 12:41:25   Node cbow_mean_lstm, HTCondor ID 874, status STATUS_SUBMITTED
04/20/17 12:51:27 153605 seconds since last log event
04/20/17 12:51:27 Pending DAG nodes:
04/20/17 12:51:27   Node cbow_mean_lstm, HTCondor ID 874, status STATUS_SUBMITTED
04/20/17 13:01:29 154207 seconds since last log event
04/20/17 13:01:29 Pending DAG nodes:
04/20/17 13:01:29   Node cbow_mean_lstm, HTCondor ID 874, status STATUS_SUBMITTED
04/20/17 13:11:31 154809 seconds since last log event
04/20/17 13:11:31 Pending DAG nodes:
04/20/17 13:11:31   Node cbow_mean_lstm, HTCondor ID 874, status STATUS_SUBMITTED
04/20/17 13:21:34 155412 seconds since last log event
04/20/17 13:21:34 Pending DAG nodes:
04/20/17 13:21:34   Node cbow_mean_lstm, HTCondor ID 874, status STATUS_SUBMITTED
04/20/17 13:31:37 156015 seconds since last log event
04/20/17 13:31:37 Pending DAG nodes:
04/20/17 13:31:37   Node cbow_mean_lstm, HTCondor ID 874, status STATUS_SUBMITTED
04/20/17 13:41:39 156617 seconds since last log event
04/20/17 13:41:39 Pending DAG nodes:
04/20/17 13:41:39   Node cbow_mean_lstm, HTCondor ID 874, status STATUS_SUBMITTED
04/20/17 13:51:41 157219 seconds since last log event
04/20/17 13:51:41 Pending DAG nodes:
04/20/17 13:51:41   Node cbow_mean_lstm, HTCondor ID 874, status STATUS_SUBMITTED
04/20/17 14:01:43 157821 seconds since last log event
04/20/17 14:01:43 Pending DAG nodes:
04/20/17 14:01:43   Node cbow_mean_lstm, HTCondor ID 874, status STATUS_SUBMITTED
04/20/17 14:11:47 158425 seconds since last log event
04/20/17 14:11:47 Pending DAG nodes:
04/20/17 14:11:47   Node cbow_mean_lstm, HTCondor ID 874, status STATUS_SUBMITTED
04/20/17 14:21:50 159028 seconds since last log event
04/20/17 14:21:50 Pending DAG nodes:
04/20/17 14:21:50   Node cbow_mean_lstm, HTCondor ID 874, status STATUS_SUBMITTED
04/20/17 14:31:53 159631 seconds since last log event
04/20/17 14:31:53 Pending DAG nodes:
04/20/17 14:31:53   Node cbow_mean_lstm, HTCondor ID 874, status STATUS_SUBMITTED
04/20/17 14:41:56 160234 seconds since last log event
04/20/17 14:41:56 Pending DAG nodes:
04/20/17 14:41:56   Node cbow_mean_lstm, HTCondor ID 874, status STATUS_SUBMITTED
04/20/17 14:51:56 160834 seconds since last log event
04/20/17 14:51:56 Pending DAG nodes:
04/20/17 14:51:56   Node cbow_mean_lstm, HTCondor ID 874, status STATUS_SUBMITTED
04/20/17 15:01:58 161436 seconds since last log event
04/20/17 15:01:58 Pending DAG nodes:
04/20/17 15:01:58   Node cbow_mean_lstm, HTCondor ID 874, status STATUS_SUBMITTED
04/20/17 15:12:00 162038 seconds since last log event
04/20/17 15:12:00 Pending DAG nodes:
04/20/17 15:12:00   Node cbow_mean_lstm, HTCondor ID 874, status STATUS_SUBMITTED
04/20/17 15:22:03 162641 seconds since last log event
04/20/17 15:22:03 Pending DAG nodes:
04/20/17 15:22:03   Node cbow_mean_lstm, HTCondor ID 874, status STATUS_SUBMITTED
04/20/17 15:32:05 163243 seconds since last log event
04/20/17 15:32:05 Pending DAG nodes:
04/20/17 15:32:05   Node cbow_mean_lstm, HTCondor ID 874, status STATUS_SUBMITTED
04/20/17 15:42:08 163846 seconds since last log event
04/20/17 15:42:08 Pending DAG nodes:
04/20/17 15:42:08   Node cbow_mean_lstm, HTCondor ID 874, status STATUS_SUBMITTED
04/20/17 15:52:11 164449 seconds since last log event
04/20/17 15:52:11 Pending DAG nodes:
04/20/17 15:52:11   Node cbow_mean_lstm, HTCondor ID 874, status STATUS_SUBMITTED
04/20/17 16:02:11 165049 seconds since last log event
04/20/17 16:02:11 Pending DAG nodes:
04/20/17 16:02:11   Node cbow_mean_lstm, HTCondor ID 874, status STATUS_SUBMITTED
04/20/17 16:12:14 165652 seconds since last log event
04/20/17 16:12:14 Pending DAG nodes:
04/20/17 16:12:14   Node cbow_mean_lstm, HTCondor ID 874, status STATUS_SUBMITTED
04/20/17 16:22:17 166255 seconds since last log event
04/20/17 16:22:17 Pending DAG nodes:
04/20/17 16:22:17   Node cbow_mean_lstm, HTCondor ID 874, status STATUS_SUBMITTED
04/20/17 16:32:19 166857 seconds since last log event
04/20/17 16:32:19 Pending DAG nodes:
04/20/17 16:32:19   Node cbow_mean_lstm, HTCondor ID 874, status STATUS_SUBMITTED
04/20/17 16:42:22 167460 seconds since last log event
04/20/17 16:42:22 Pending DAG nodes:
04/20/17 16:42:22   Node cbow_mean_lstm, HTCondor ID 874, status STATUS_SUBMITTED
04/20/17 16:52:24 168062 seconds since last log event
04/20/17 16:52:24 Pending DAG nodes:
04/20/17 16:52:24   Node cbow_mean_lstm, HTCondor ID 874, status STATUS_SUBMITTED
04/20/17 17:02:26 168664 seconds since last log event
04/20/17 17:02:26 Pending DAG nodes:
04/20/17 17:02:26   Node cbow_mean_lstm, HTCondor ID 874, status STATUS_SUBMITTED
04/20/17 17:12:28 169266 seconds since last log event
04/20/17 17:12:28 Pending DAG nodes:
04/20/17 17:12:28   Node cbow_mean_lstm, HTCondor ID 874, status STATUS_SUBMITTED
04/20/17 17:22:31 169869 seconds since last log event
04/20/17 17:22:31 Pending DAG nodes:
04/20/17 17:22:31   Node cbow_mean_lstm, HTCondor ID 874, status STATUS_SUBMITTED
04/20/17 17:32:34 170472 seconds since last log event
04/20/17 17:32:34 Pending DAG nodes:
04/20/17 17:32:34   Node cbow_mean_lstm, HTCondor ID 874, status STATUS_SUBMITTED
