job started
Epoch: 2 Learning rate: 1.000
0.900 perplexity: 170.893 speed: 8215 wps
1.000 perplexity: 170.067 speed: 6755 wps
Epoch: 2 Train Perplexity: 170.072
with(perplexity: 162.393) speed: 14678 wps
Epoch: 2 Valid Perplexity: 162.393
Epoch: 3 Learning rate: 1.000
0.000 perplexity: 276.613 speed: 6797 wps
0.100 perplexity: 169.130 speed: 6508 wps
0.200 perplexity: 168.052 speed: 6559 wps
0.300 perplexity: 167.633 speed: 6579 wps
0.400 perplexity: 167.189 speed: 6571 wps
0.500 perplexity: 166.570 speed: 6586 wps
0.600 perplexity: 166.350 speed: 6627 wps
0.700 perplexity: 166.002 speed: 6665 wps
0.800 perplexity: 165.623 speed: 6738 wps
0.900 perplexity: 165.194 speed: 6699 wps
1.000 perplexity: 164.760 speed: 6651 wps
Epoch: 3 Train Perplexity: 164.760
with(perplexity: 154.433) speed: 13839 wps
Epoch: 3 Valid Perplexity: 154.433
with(perplexity: 167.406) speed: 378 wps
Test Perplexity: 167.406
Saving model to /esat/spchtemp/scratch/robbe/SpeechHub/pretrained_untied_models_smaller/output/cbow_exp_soft_0/cbow_exp_soft_0.
hihi
