000 (880.000.000) 04/18 18:11:37 Job submitted from host: <10.33.133.154:9618?addrs=10.33.133.154-9618+[--1]-9618&noUDP&sock=1370_48d6_3>
    DAG Node: cbow_exp_soft
...
001 (880.000.000) 04/21 05:26:40 Job executing on host: <10.33.133.61:9618?addrs=10.33.133.61-9618+[--1]-9618&noUDP&sock=1226_8333_3>
...
010 (880.000.000) 04/21 10:09:37 Job was suspended.
	Number of processes actually suspended: 12
...
011 (880.000.000) 04/21 10:17:23 Job was unsuspended.
...
010 (880.000.000) 04/21 10:40:41 Job was suspended.
	Number of processes actually suspended: 12
...
011 (880.000.000) 04/21 10:55:43 Job was unsuspended.
...
004 (880.000.000) 04/21 10:55:43 Job was evicted.
	(0) Job was not checkpointed.
		Usr 0 05:00:45, Sys 0 00:00:33  -  Run Remote Usage
		Usr 0 00:00:00, Sys 0 00:00:00  -  Run Local Usage
	0  -  Run Bytes Sent By Job
	0  -  Run Bytes Received By Job
	Partitionable Resources :    Usage  Request Allocated
	   Cpus                 :                 1         1
	   Disk (KB)            :        7        7   9495632
	   Gpus                 :                 1         1
	   Memory (MB)          :     1346     4096      4096
...
001 (880.000.000) 04/21 17:37:54 Job executing on host: <10.33.133.124:9618?addrs=10.33.133.124-9618+[--1]-9618&noUDP&sock=1541_9388_3>
...
004 (880.000.000) 04/23 15:51:11 Job was evicted.
	(0) Job was not checkpointed.
		Usr 1 21:27:27, Sys 0 00:03:29  -  Run Remote Usage
		Usr 0 00:00:00, Sys 0 00:00:00  -  Run Local Usage
	0  -  Run Bytes Sent By Job
	0  -  Run Bytes Received By Job
	Partitionable Resources :    Usage  Request Allocated
	   Cpus                 :                 1         1
	   Disk (KB)            :        7        7  20620935
	   Gpus                 :                 1         1
	   Memory (MB)          :     1634     4096      4096
...
009 (880.000.000) 04/23 15:51:11 Job was aborted by the user.
	removed because <OtherJobRemoveRequirements = DAGManJobId =?= 876> fired when job (876.0) was removed
...
