job started
Epoch: 1 Learning rate: 1.000
0.800 perplexity: 188.075 speed: 8573 wps
0.900 perplexity: 185.954 speed: 8633 wps
1.000 perplexity: 183.943 speed: 8684 wps
Epoch: 1 Train Perplexity: 183.946
with(perplexity: 174.230) speed: 18509 wps
Epoch: 1 Valid Perplexity: 174.230
Epoch: 2 Learning rate: 1.000
0.000 perplexity: 363.411 speed: 8995 wps
0.100 perplexity: 178.101 speed: 8810 wps
0.200 perplexity: 176.105 speed: 8820 wps
0.300 perplexity: 174.990 speed: 8825 wps
0.400 perplexity: 173.896 speed: 8825 wps
0.500 perplexity: 172.716 speed: 8823 wps
0.600 perplexity: 171.948 speed: 8830 wps
0.700 perplexity: 171.119 speed: 8840 wps
0.800 perplexity: 170.291 speed: 8835 wps
0.900 perplexity: 169.440 speed: 8841 wps
1.000 perplexity: 168.590 speed: 8840 wps
Epoch: 2 Train Perplexity: 168.591
with(perplexity: 157.283) speed: 20667 wps
Epoch: 2 Valid Perplexity: 157.283
Epoch: 3 Learning rate: 1.000
0.000 perplexity: 325.849 speed: 9164 wps
0.100 perplexity: 160.905 speed: 8834 wps
0.200 perplexity: 159.725 speed: 8824 wps
0.300 perplexity: 159.304 speed: 8854 wps
0.400 perplexity: 158.855 speed: 8840 wps
0.500 perplexity: 158.242 speed: 8840 wps
0.600 perplexity: 158.009 speed: 8840 wps
0.700 perplexity: 157.644 speed: 8851 wps
0.800 perplexity: 157.265 speed: 8839 wps
0.900 perplexity: 156.832 speed: 8843 wps
1.000 perplexity: 156.364 speed: 8842 wps
Epoch: 3 Train Perplexity: 156.365
with(perplexity: 149.046) speed: 20886 wps
Epoch: 3 Valid Perplexity: 149.046
with(perplexity: 159.764) speed: 337 wps
Test Perplexity: 159.764
Saving model to /esat/spchtemp/scratch/robbe/SpeechHub/pretrained_untied_models_smaller/output/cbow_tfidf_soft_0/cbow_tfidf_soft_0.
hihi
