000 (882.000.000) 04/18 18:11:44 Job submitted from host: <10.33.133.154:9618?addrs=10.33.133.154-9618+[--1]-9618&noUDP&sock=1370_48d6_3>
    DAG Node: cbow_tfidf_soft
...
001 (882.000.000) 04/21 07:39:56 Job executing on host: <10.33.133.10:9618?addrs=10.33.133.10-9618+[--1]-9618&noUDP&sock=17248_4597_22>
...
006 (882.000.000) 04/21 07:40:04 Image size of job updated: 277200
	271  -  MemoryUsage of job (MB)
	277200  -  ResidentSetSize of job (KB)
...
006 (882.000.000) 04/21 07:45:04 Image size of job updated: 1261268
	975  -  MemoryUsage of job (MB)
	998100  -  ResidentSetSize of job (KB)
...
006 (882.000.000) 04/21 07:50:04 Image size of job updated: 1272960
	987  -  MemoryUsage of job (MB)
	1009792  -  ResidentSetSize of job (KB)
...
006 (882.000.000) 04/21 07:55:05 Image size of job updated: 1273928
	988  -  MemoryUsage of job (MB)
	1010760  -  ResidentSetSize of job (KB)
...
006 (882.000.000) 04/21 08:05:06 Image size of job updated: 1273932
	988  -  MemoryUsage of job (MB)
	1010764  -  ResidentSetSize of job (KB)
...
006 (882.000.000) 04/21 08:20:07 Image size of job updated: 1273936
	988  -  MemoryUsage of job (MB)
	1010768  -  ResidentSetSize of job (KB)
...
006 (882.000.000) 04/21 08:50:10 Image size of job updated: 1273940
	988  -  MemoryUsage of job (MB)
	1010772  -  ResidentSetSize of job (KB)
...
006 (882.000.000) 04/21 09:00:11 Image size of job updated: 1273944
	988  -  MemoryUsage of job (MB)
	1010776  -  ResidentSetSize of job (KB)
...
006 (882.000.000) 04/21 09:45:15 Image size of job updated: 1273948
	988  -  MemoryUsage of job (MB)
	1010780  -  ResidentSetSize of job (KB)
...
006 (882.000.000) 04/21 09:55:15 Image size of job updated: 1274212
	988  -  MemoryUsage of job (MB)
	1011044  -  ResidentSetSize of job (KB)
...
006 (882.000.000) 04/21 11:00:20 Image size of job updated: 1274272
	988  -  MemoryUsage of job (MB)
	1011104  -  ResidentSetSize of job (KB)
...
