000 (1018.000.000) 05/03 09:26:52 Job submitted from host: <10.33.133.154:9618?addrs=10.33.133.154-9618+[--1]-9618&noUDP&sock=1383_3391_3>
    DAG Node: cbow_tfidf_soft
...
001 (1018.000.000) 05/03 17:25:30 Job executing on host: <10.33.133.57:9618?addrs=10.33.133.57-9618+[--1]-9618&noUDP&sock=1311_d0c0_3>
...
010 (1018.000.000) 05/03 17:25:40 Job was suspended.
	Number of processes actually suspended: 3
...
011 (1018.000.000) 05/03 17:38:37 Job was unsuspended.
...
010 (1018.000.000) 05/03 17:38:52 Job was suspended.
	Number of processes actually suspended: 26
...
011 (1018.000.000) 05/03 17:43:53 Job was unsuspended.
...
010 (1018.000.000) 05/03 17:56:48 Job was suspended.
	Number of processes actually suspended: 26
...
011 (1018.000.000) 05/03 18:01:59 Job was unsuspended.
...
010 (1018.000.000) 05/03 18:11:04 Job was suspended.
	Number of processes actually suspended: 26
...
011 (1018.000.000) 05/03 18:16:05 Job was unsuspended.
...
010 (1018.000.000) 05/03 18:20:30 Job was suspended.
	Number of processes actually suspended: 26
...
011 (1018.000.000) 05/03 18:26:01 Job was unsuspended.
...
010 (1018.000.000) 05/03 19:52:38 Job was suspended.
	Number of processes actually suspended: 26
...
011 (1018.000.000) 05/03 19:58:08 Job was unsuspended.
...
010 (1018.000.000) 05/03 20:10:05 Job was suspended.
	Number of processes actually suspended: 26
...
011 (1018.000.000) 05/03 20:25:07 Job was unsuspended.
...
004 (1018.000.000) 05/03 20:25:07 Job was evicted.
	(0) Job was not checkpointed.
		Usr 0 02:45:50, Sys 0 00:17:05  -  Run Remote Usage
		Usr 0 00:00:00, Sys 0 00:00:00  -  Run Local Usage
	0  -  Run Bytes Sent By Job
	0  -  Run Bytes Received By Job
	Partitionable Resources :    Usage  Request Allocated
	   Cpus                 :                 1         1
	   Disk (KB)            :        7        7  35502922
	   Gpus                 :                 1         1
	   Memory (MB)          :     1220     4096      4096
...
001 (1018.000.000) 05/03 22:24:31 Job executing on host: <10.33.133.143:9618?addrs=10.33.133.143-9618+[--1]-9618&noUDP&sock=1519_7c73_3>
...
