job started
Epoch: 1 Learning rate: 1.000
0.000 perplexity: 50135.195 speed: 821 wps
0.100 perplexity: 381.085 speed: 7748 wps
0.200 perplexity: 312.563 speed: 8003 wps
0.300 perplexity: 281.876 speed: 8056 wps
0.400 perplexity: 263.153 speed: 8125 wps
0.500 perplexity: 250.065 speed: 8162 wps
0.600 perplexity: 240.718 speed: 8190 wps
0.700 perplexity: 233.239 speed: 8219 wps
0.800 perplexity: 227.132 speed: 8195 wps
0.900 perplexity: 221.990 speed: 8161 wps
1.000 perplexity: 217.539 speed: 8156 wps
Epoch: 1 Train Perplexity: 217.539
with(perplexity: 169.445) speed: 6199 wps
Epoch: 1 Valid Perplexity: 169.445
Epoch: 2 Learning rate: 1.000
0.000 perplexity: 328.856 speed: 6448 wps
0.100 perplexity: 179.837 speed: 6753 wps
0.200 perplexity: 178.061 speed: 7493 wps
0.300 perplexity: 177.166 speed: 7776 wps
0.400 perplexity: 176.253 speed: 7939 wps
0.500 perplexity: 175.242 speed: 8020 wps
0.600 perplexity: 174.671 speed: 8079 wps
0.700 perplexity: 174.004 speed: 8127 wps
0.800 perplexity: 173.343 speed: 8164 wps
0.900 perplexity: 172.657 speed: 8189 wps
1.000 perplexity: 171.957 speed: 8211 wps
Epoch: 2 Train Perplexity: 171.957
with(perplexity: 154.878) speed: 16812 wps
Epoch: 2 Valid Perplexity: 154.878
Epoch: 3 Learning rate: 1.000
0.000 perplexity: 316.699 speed: 6362 wps
0.100 perplexity: 165.889 speed: 8363 wps
0.200 perplexity: 164.901 speed: 8395 wps
0.300 perplexity: 164.590 speed: 8310 wps
0.400 perplexity: 164.261 speed: 8336 wps
0.500 perplexity: 163.735 speed: 8341 wps
0.600 perplexity: 163.608 speed: 8356 wps
0.700 perplexity: 163.352 speed: 8365 wps
0.800 perplexity: 163.072 speed: 8367 wps
0.900 perplexity: 162.731 speed: 8368 wps
1.000 perplexity: 162.355 speed: 8374 wps
Epoch: 3 Train Perplexity: 162.356
with(perplexity: 148.582) speed: 16624 wps
Epoch: 3 Valid Perplexity: 148.582
with(perplexity: 162.656) speed: 385 wps
Test Perplexity: 162.656
Saving model to /esat/spchtemp/scratch/wboes/SpeechHub/pretrained_untied_models_smaller/output/cbow_exp_lstm_0/cbow_exp_lstm_0.
hihi
