000 (881.000.000) 04/18 18:11:44 Job submitted from host: <10.33.133.154:9618?addrs=10.33.133.154-9618+[--1]-9618&noUDP&sock=1370_48d6_3>
    DAG Node: cbow_tfidf_lstm
...
001 (881.000.000) 04/21 07:27:54 Job executing on host: <10.33.133.203:9618?addrs=10.33.133.203-9618+[--1]-9618&noUDP&sock=4579_6440_3>
...
006 (881.000.000) 04/21 07:28:03 Image size of job updated: 282304
	234  -  MemoryUsage of job (MB)
	238628  -  ResidentSetSize of job (KB)
...
006 (881.000.000) 04/21 07:33:04 Image size of job updated: 1379876
	980  -  MemoryUsage of job (MB)
	1003124  -  ResidentSetSize of job (KB)
...
006 (881.000.000) 04/21 07:38:04 Image size of job updated: 1391820
	992  -  MemoryUsage of job (MB)
	1015068  -  ResidentSetSize of job (KB)
...
006 (881.000.000) 04/21 07:43:04 Image size of job updated: 1392844
	993  -  MemoryUsage of job (MB)
	1016092  -  ResidentSetSize of job (KB)
...
006 (881.000.000) 04/21 07:48:05 Image size of job updated: 1393100
	993  -  MemoryUsage of job (MB)
	1016348  -  ResidentSetSize of job (KB)
...
006 (881.000.000) 04/21 08:03:07 Image size of job updated: 1393104
	993  -  MemoryUsage of job (MB)
	1016352  -  ResidentSetSize of job (KB)
...
006 (881.000.000) 04/21 09:13:14 Image size of job updated: 1393628
	994  -  MemoryUsage of job (MB)
	1016876  -  ResidentSetSize of job (KB)
...
006 (881.000.000) 04/21 10:23:21 Image size of job updated: 1393632
	994  -  MemoryUsage of job (MB)
	1016880  -  ResidentSetSize of job (KB)
...
006 (881.000.000) 04/21 10:48:24 Image size of job updated: 1463652
	1062  -  MemoryUsage of job (MB)
	1086900  -  ResidentSetSize of job (KB)
...
