04/12/17 14:46:55 ******************************************************
04/12/17 14:46:55 ** condor_scheduniv_exec.1282.0 (CONDOR_DAGMAN) STARTING UP
04/12/17 14:46:55 ** /usr/bin/condor_dagman
04/12/17 14:46:55 ** SubsystemInfo: name=DAGMAN type=DAGMAN(10) class=DAEMON(1)
04/12/17 14:46:55 ** Configuration: subsystem:DAGMAN local:<NONE> class:DAEMON
04/12/17 14:46:55 ** $CondorVersion: 8.6.1 Mar 01 2017 BuildID: 398585 $
04/12/17 14:46:55 ** $CondorPlatform: x86_64_RedHat7 $
04/12/17 14:46:55 ** PID = 4481
04/12/17 14:46:55 ** Log last touched time unavailable (No such file or directory)
04/12/17 14:46:55 ******************************************************
04/12/17 14:46:55 Using config source: /etc/condor/condor_config
04/12/17 14:46:55 Using local config sources: 
04/12/17 14:46:55    /etc/condor/config.d/00esat.config
04/12/17 14:46:55    /etc/condor/config.d/01java.config
04/12/17 14:46:55    /etc/condor/config.d/80optout_users.config
04/12/17 14:46:55    /etc/condor/condor_config.local
04/12/17 14:46:55 config Macros = 174, Sorted = 174, StringBytes = 6677, TablesBytes = 6336
04/12/17 14:46:55 CLASSAD_CACHING is ENABLED
04/12/17 14:46:55 Daemon Log is logging: D_ALWAYS D_ERROR
04/12/17 14:46:55 DaemonCore: No command port requested.
04/12/17 14:46:55 DAGMAN_USE_STRICT setting: 1
04/12/17 14:46:55 DAGMAN_VERBOSITY setting: 3
04/12/17 14:46:55 DAGMAN_DEBUG_CACHE_SIZE setting: 5242880
04/12/17 14:46:55 DAGMAN_DEBUG_CACHE_ENABLE setting: False
04/12/17 14:46:55 DAGMAN_SUBMIT_DELAY setting: 0
04/12/17 14:46:55 DAGMAN_MAX_SUBMIT_ATTEMPTS setting: 6
04/12/17 14:46:55 DAGMAN_STARTUP_CYCLE_DETECT setting: False
04/12/17 14:46:55 DAGMAN_MAX_SUBMITS_PER_INTERVAL setting: 5
04/12/17 14:46:55 DAGMAN_USER_LOG_SCAN_INTERVAL setting: 5
04/12/17 14:46:55 DAGMAN_DEFAULT_PRIORITY setting: 0
04/12/17 14:46:55 DAGMAN_SUPPRESS_NOTIFICATION setting: True
04/12/17 14:46:55 allow_events (DAGMAN_ALLOW_EVENTS) setting: 114
04/12/17 14:46:55 DAGMAN_RETRY_SUBMIT_FIRST setting: True
04/12/17 14:46:55 DAGMAN_RETRY_NODE_FIRST setting: False
04/12/17 14:46:55 DAGMAN_MAX_JOBS_IDLE setting: 1000
04/12/17 14:46:55 DAGMAN_MAX_JOBS_SUBMITTED setting: 0
04/12/17 14:46:55 DAGMAN_MAX_PRE_SCRIPTS setting: 20
04/12/17 14:46:55 DAGMAN_MAX_POST_SCRIPTS setting: 20
04/12/17 14:46:55 DAGMAN_MUNGE_NODE_NAMES setting: True
04/12/17 14:46:55 DAGMAN_PROHIBIT_MULTI_JOBS setting: False
04/12/17 14:46:55 DAGMAN_SUBMIT_DEPTH_FIRST setting: False
04/12/17 14:46:55 DAGMAN_ALWAYS_RUN_POST setting: False
04/12/17 14:46:55 DAGMAN_ABORT_DUPLICATES setting: True
04/12/17 14:46:55 DAGMAN_ABORT_ON_SCARY_SUBMIT setting: True
04/12/17 14:46:55 DAGMAN_PENDING_REPORT_INTERVAL setting: 600
04/12/17 14:46:55 DAGMAN_AUTO_RESCUE setting: True
04/12/17 14:46:55 DAGMAN_MAX_RESCUE_NUM setting: 100
04/12/17 14:46:55 DAGMAN_WRITE_PARTIAL_RESCUE setting: True
04/12/17 14:46:55 DAGMAN_DEFAULT_NODE_LOG setting: @(DAG_DIR)/@(DAG_FILE).nodes.log
04/12/17 14:46:55 DAGMAN_GENERATE_SUBDAG_SUBMITS setting: True
04/12/17 14:46:55 DAGMAN_MAX_JOB_HOLDS setting: 100
04/12/17 14:46:55 DAGMAN_HOLD_CLAIM_TIME setting: 20
04/12/17 14:46:55 ALL_DEBUG setting: 
04/12/17 14:46:55 DAGMAN_DEBUG setting: 
04/12/17 14:46:55 DAGMAN_SUPPRESS_JOB_LOGS setting: False
04/12/17 14:46:55 DAGMAN_REMOVE_NODE_JOBS setting: True
04/12/17 14:46:55 argv[0] == "condor_scheduniv_exec.1282.0"
04/12/17 14:46:55 argv[1] == "-Lockfile"
04/12/17 14:46:55 argv[2] == "ds_cbow_tfidf_soft.dag.lock"
04/12/17 14:46:55 argv[3] == "-AutoRescue"
04/12/17 14:46:55 argv[4] == "1"
04/12/17 14:46:55 argv[5] == "-DoRescueFrom"
04/12/17 14:46:55 argv[6] == "0"
04/12/17 14:46:55 argv[7] == "-Dag"
04/12/17 14:46:55 argv[8] == "ds_cbow_tfidf_soft.dag"
04/12/17 14:46:55 argv[9] == "-Suppress_notification"
04/12/17 14:46:55 argv[10] == "-CsdVersion"
04/12/17 14:46:55 argv[11] == "$CondorVersion: 8.6.1 Mar 01 2017 BuildID: 398585 $"
04/12/17 14:46:55 argv[12] == "-Dagman"
04/12/17 14:46:55 argv[13] == "/usr/bin/condor_dagman"
04/12/17 14:46:55 Workflow batch-name: <ds_cbow_tfidf_soft.dag+1282>
04/12/17 14:46:55 Workflow accounting_group: <>
04/12/17 14:46:55 Workflow accounting_group_user: <>
04/12/17 14:46:55 Warning: failed to get attribute DAGNodeName
04/12/17 14:46:55 DAGMAN_LOG_ON_NFS_IS_ERROR setting: False
04/12/17 14:46:55 Default node log file is: </esat/spchtemp/scratch/wboes/SpeechHub/pretrained_untied_models_smaller/python/jobdag/./ds_cbow_tfidf_soft.dag.nodes.log>
04/12/17 14:46:55 DAG Lockfile will be written to ds_cbow_tfidf_soft.dag.lock
04/12/17 14:46:55 DAG Input file is ds_cbow_tfidf_soft.dag
04/12/17 14:46:55 Parsing 1 dagfiles
04/12/17 14:46:55 Parsing ds_cbow_tfidf_soft.dag ...
04/12/17 14:46:55 Dag contains 2 total jobs
04/12/17 14:46:55 Sleeping for 3 seconds to ensure ProcessId uniqueness
04/12/17 14:46:58 Bootstrapping...
04/12/17 14:46:58 Number of pre-completed nodes: 0
04/12/17 14:46:58 MultiLogFiles: truncating log file /esat/spchtemp/scratch/wboes/SpeechHub/pretrained_untied_models_smaller/python/jobdag/./ds_cbow_tfidf_soft.dag.nodes.log
04/12/17 14:46:58 DAG status: 0 (DAG_STATUS_OK)
04/12/17 14:46:58 Of 2 nodes total:
04/12/17 14:46:58  Done     Pre   Queued    Post   Ready   Un-Ready   Failed
04/12/17 14:46:58   ===     ===      ===     ===     ===        ===      ===
04/12/17 14:46:58     0       0        0       0       1          1        0
04/12/17 14:46:58 0 job proc(s) currently held
04/12/17 14:46:58 Registering condor_event_timer...
04/12/17 14:46:59 Submitting HTCondor Node cbow_tfidf_soft job(s)...
04/12/17 14:46:59 Adding a DAGMan workflow log /esat/spchtemp/scratch/wboes/SpeechHub/pretrained_untied_models_smaller/python/jobdag/./ds_cbow_tfidf_soft.dag.nodes.log
04/12/17 14:46:59 Masking the events recorded in the DAGMAN workflow log
04/12/17 14:46:59 Mask for workflow log is 0,1,2,4,5,7,9,10,11,12,13,16,17,24,27
04/12/17 14:46:59 submitting: /usr/bin/condor_submit -a dag_node_name' '=' 'cbow_tfidf_soft -a +DAGManJobId' '=' '1282 -a DAGManJobId' '=' '1282 -batch-name ds_cbow_tfidf_soft.dag+1282 -a submit_event_notes' '=' 'DAG' 'Node:' 'cbow_tfidf_soft -a dagman_log' '=' '/esat/spchtemp/scratch/wboes/SpeechHub/pretrained_untied_models_smaller/python/jobdag/./ds_cbow_tfidf_soft.dag.nodes.log -a +DAGManNodesMask' '=' '"0,1,2,4,5,7,9,10,11,12,13,16,17,24,27" -a data_set' '=' 'ds -a test_name' '=' 'cbow_tfidf_soft -a num_run' '=' '0 -a combination' '=' 'tfidf -a DAG_STATUS' '=' '0 -a FAILED_COUNT' '=' '0 -a +KeepClaimIdle' '=' '20 -a notification' '=' 'never -a +DAGParentNodeNames' '=' '"" jobdag/cbow_soft.job
04/12/17 14:46:59 From submit: Submitting job(s).
04/12/17 14:46:59 From submit: 1 job(s) submitted to cluster 1283.
04/12/17 14:46:59 	assigned HTCondor ID (1283.0.0)
04/12/17 14:46:59 Just submitted 1 job this cycle...
04/12/17 14:46:59 Currently monitoring 1 HTCondor log file(s)
04/12/17 14:46:59 Reassigning the id of job cbow_tfidf_soft from (1283.0.0) to (1283.0.0)
04/12/17 14:46:59 Event: ULOG_SUBMIT for HTCondor Node cbow_tfidf_soft (1283.0.0) {04/12/17 14:46:59}
04/12/17 14:46:59 Number of idle job procs: 1
04/12/17 14:46:59 DAG status: 0 (DAG_STATUS_OK)
04/12/17 14:46:59 Of 2 nodes total:
04/12/17 14:46:59  Done     Pre   Queued    Post   Ready   Un-Ready   Failed
04/12/17 14:46:59   ===     ===      ===     ===     ===        ===      ===
04/12/17 14:46:59     0       0        1       0       0          1        0
04/12/17 14:46:59 0 job proc(s) currently held
04/12/17 14:57:02 603 seconds since last log event
04/12/17 14:57:02 Pending DAG nodes:
04/12/17 14:57:02   Node cbow_tfidf_soft, HTCondor ID 1283, status STATUS_SUBMITTED
04/12/17 15:07:05 1206 seconds since last log event
04/12/17 15:07:05 Pending DAG nodes:
04/12/17 15:07:05   Node cbow_tfidf_soft, HTCondor ID 1283, status STATUS_SUBMITTED
04/12/17 15:17:08 1809 seconds since last log event
04/12/17 15:17:08 Pending DAG nodes:
04/12/17 15:17:08   Node cbow_tfidf_soft, HTCondor ID 1283, status STATUS_SUBMITTED
04/12/17 15:27:11 2412 seconds since last log event
04/12/17 15:27:11 Pending DAG nodes:
04/12/17 15:27:11   Node cbow_tfidf_soft, HTCondor ID 1283, status STATUS_SUBMITTED
04/12/17 15:37:13 3014 seconds since last log event
04/12/17 15:37:13 Pending DAG nodes:
04/12/17 15:37:13   Node cbow_tfidf_soft, HTCondor ID 1283, status STATUS_SUBMITTED
04/12/17 15:47:16 3617 seconds since last log event
04/12/17 15:47:16 Pending DAG nodes:
04/12/17 15:47:16   Node cbow_tfidf_soft, HTCondor ID 1283, status STATUS_SUBMITTED
04/12/17 15:57:18 4219 seconds since last log event
04/12/17 15:57:18 Pending DAG nodes:
04/12/17 15:57:18   Node cbow_tfidf_soft, HTCondor ID 1283, status STATUS_SUBMITTED
04/12/17 16:07:21 4822 seconds since last log event
04/12/17 16:07:21 Pending DAG nodes:
04/12/17 16:07:21   Node cbow_tfidf_soft, HTCondor ID 1283, status STATUS_SUBMITTED
04/12/17 16:17:24 5425 seconds since last log event
04/12/17 16:17:24 Pending DAG nodes:
04/12/17 16:17:24   Node cbow_tfidf_soft, HTCondor ID 1283, status STATUS_SUBMITTED
04/12/17 16:27:27 6028 seconds since last log event
04/12/17 16:27:27 Pending DAG nodes:
04/12/17 16:27:27   Node cbow_tfidf_soft, HTCondor ID 1283, status STATUS_SUBMITTED
04/12/17 16:37:30 6631 seconds since last log event
04/12/17 16:37:30 Pending DAG nodes:
04/12/17 16:37:30   Node cbow_tfidf_soft, HTCondor ID 1283, status STATUS_SUBMITTED
04/12/17 16:47:33 7234 seconds since last log event
04/12/17 16:47:33 Pending DAG nodes:
04/12/17 16:47:33   Node cbow_tfidf_soft, HTCondor ID 1283, status STATUS_SUBMITTED
04/12/17 16:57:36 7837 seconds since last log event
04/12/17 16:57:36 Pending DAG nodes:
04/12/17 16:57:36   Node cbow_tfidf_soft, HTCondor ID 1283, status STATUS_SUBMITTED
04/12/17 17:07:38 8439 seconds since last log event
04/12/17 17:07:38 Pending DAG nodes:
04/12/17 17:07:38   Node cbow_tfidf_soft, HTCondor ID 1283, status STATUS_SUBMITTED
04/12/17 17:17:41 9042 seconds since last log event
04/12/17 17:17:41 Pending DAG nodes:
04/12/17 17:17:41   Node cbow_tfidf_soft, HTCondor ID 1283, status STATUS_SUBMITTED
04/12/17 17:27:44 9645 seconds since last log event
04/12/17 17:27:44 Pending DAG nodes:
04/12/17 17:27:44   Node cbow_tfidf_soft, HTCondor ID 1283, status STATUS_SUBMITTED
04/12/17 17:37:47 10248 seconds since last log event
04/12/17 17:37:47 Pending DAG nodes:
04/12/17 17:37:47   Node cbow_tfidf_soft, HTCondor ID 1283, status STATUS_SUBMITTED
04/12/17 17:47:50 10851 seconds since last log event
04/12/17 17:47:50 Pending DAG nodes:
04/12/17 17:47:50   Node cbow_tfidf_soft, HTCondor ID 1283, status STATUS_SUBMITTED
04/12/17 17:57:52 11453 seconds since last log event
04/12/17 17:57:52 Pending DAG nodes:
04/12/17 17:57:52   Node cbow_tfidf_soft, HTCondor ID 1283, status STATUS_SUBMITTED
04/12/17 18:07:55 12056 seconds since last log event
04/12/17 18:07:55 Pending DAG nodes:
04/12/17 18:07:55   Node cbow_tfidf_soft, HTCondor ID 1283, status STATUS_SUBMITTED
04/12/17 18:17:58 12659 seconds since last log event
04/12/17 18:17:58 Pending DAG nodes:
04/12/17 18:17:58   Node cbow_tfidf_soft, HTCondor ID 1283, status STATUS_SUBMITTED
04/12/17 18:27:59 13260 seconds since last log event
04/12/17 18:27:59 Pending DAG nodes:
04/12/17 18:27:59   Node cbow_tfidf_soft, HTCondor ID 1283, status STATUS_SUBMITTED
04/12/17 18:38:01 13862 seconds since last log event
04/12/17 18:38:01 Pending DAG nodes:
04/12/17 18:38:01   Node cbow_tfidf_soft, HTCondor ID 1283, status STATUS_SUBMITTED
04/12/17 18:48:04 14465 seconds since last log event
04/12/17 18:48:04 Pending DAG nodes:
04/12/17 18:48:04   Node cbow_tfidf_soft, HTCondor ID 1283, status STATUS_SUBMITTED
04/12/17 18:58:06 15067 seconds since last log event
04/12/17 18:58:06 Pending DAG nodes:
04/12/17 18:58:06   Node cbow_tfidf_soft, HTCondor ID 1283, status STATUS_SUBMITTED
04/12/17 19:08:09 15670 seconds since last log event
04/12/17 19:08:09 Pending DAG nodes:
04/12/17 19:08:09   Node cbow_tfidf_soft, HTCondor ID 1283, status STATUS_SUBMITTED
04/12/17 19:18:12 16273 seconds since last log event
04/12/17 19:18:12 Pending DAG nodes:
04/12/17 19:18:12   Node cbow_tfidf_soft, HTCondor ID 1283, status STATUS_SUBMITTED
04/12/17 19:28:15 16876 seconds since last log event
04/12/17 19:28:15 Pending DAG nodes:
04/12/17 19:28:15   Node cbow_tfidf_soft, HTCondor ID 1283, status STATUS_SUBMITTED
04/12/17 19:38:18 17479 seconds since last log event
04/12/17 19:38:18 Pending DAG nodes:
04/12/17 19:38:18   Node cbow_tfidf_soft, HTCondor ID 1283, status STATUS_SUBMITTED
04/12/17 19:48:21 18082 seconds since last log event
04/12/17 19:48:21 Pending DAG nodes:
04/12/17 19:48:21   Node cbow_tfidf_soft, HTCondor ID 1283, status STATUS_SUBMITTED
04/12/17 19:58:24 18685 seconds since last log event
04/12/17 19:58:24 Pending DAG nodes:
04/12/17 19:58:24   Node cbow_tfidf_soft, HTCondor ID 1283, status STATUS_SUBMITTED
04/12/17 20:08:27 19288 seconds since last log event
04/12/17 20:08:27 Pending DAG nodes:
04/12/17 20:08:27   Node cbow_tfidf_soft, HTCondor ID 1283, status STATUS_SUBMITTED
04/12/17 20:18:30 19891 seconds since last log event
04/12/17 20:18:30 Pending DAG nodes:
04/12/17 20:18:30   Node cbow_tfidf_soft, HTCondor ID 1283, status STATUS_SUBMITTED
04/12/17 20:28:33 20494 seconds since last log event
04/12/17 20:28:33 Pending DAG nodes:
04/12/17 20:28:33   Node cbow_tfidf_soft, HTCondor ID 1283, status STATUS_SUBMITTED
04/12/17 20:38:35 21096 seconds since last log event
04/12/17 20:38:35 Pending DAG nodes:
04/12/17 20:38:35   Node cbow_tfidf_soft, HTCondor ID 1283, status STATUS_SUBMITTED
04/12/17 20:48:37 21698 seconds since last log event
04/12/17 20:48:37 Pending DAG nodes:
04/12/17 20:48:37   Node cbow_tfidf_soft, HTCondor ID 1283, status STATUS_SUBMITTED
04/12/17 20:58:40 22301 seconds since last log event
04/12/17 20:58:40 Pending DAG nodes:
04/12/17 20:58:40   Node cbow_tfidf_soft, HTCondor ID 1283, status STATUS_SUBMITTED
04/12/17 21:08:43 22904 seconds since last log event
04/12/17 21:08:43 Pending DAG nodes:
04/12/17 21:08:43   Node cbow_tfidf_soft, HTCondor ID 1283, status STATUS_SUBMITTED
04/12/17 21:18:45 23506 seconds since last log event
04/12/17 21:18:45 Pending DAG nodes:
04/12/17 21:18:45   Node cbow_tfidf_soft, HTCondor ID 1283, status STATUS_SUBMITTED
04/12/17 21:28:47 24108 seconds since last log event
04/12/17 21:28:47 Pending DAG nodes:
04/12/17 21:28:47   Node cbow_tfidf_soft, HTCondor ID 1283, status STATUS_SUBMITTED
04/12/17 21:38:50 24711 seconds since last log event
04/12/17 21:38:50 Pending DAG nodes:
04/12/17 21:38:50   Node cbow_tfidf_soft, HTCondor ID 1283, status STATUS_SUBMITTED
04/12/17 21:48:53 25314 seconds since last log event
04/12/17 21:48:53 Pending DAG nodes:
04/12/17 21:48:53   Node cbow_tfidf_soft, HTCondor ID 1283, status STATUS_SUBMITTED
04/12/17 21:58:56 25917 seconds since last log event
04/12/17 21:58:56 Pending DAG nodes:
04/12/17 21:58:56   Node cbow_tfidf_soft, HTCondor ID 1283, status STATUS_SUBMITTED
04/12/17 22:08:59 26520 seconds since last log event
04/12/17 22:08:59 Pending DAG nodes:
04/12/17 22:08:59   Node cbow_tfidf_soft, HTCondor ID 1283, status STATUS_SUBMITTED
04/12/17 22:19:02 27123 seconds since last log event
04/12/17 22:19:02 Pending DAG nodes:
04/12/17 22:19:02   Node cbow_tfidf_soft, HTCondor ID 1283, status STATUS_SUBMITTED
04/12/17 22:29:04 27725 seconds since last log event
04/12/17 22:29:04 Pending DAG nodes:
04/12/17 22:29:04   Node cbow_tfidf_soft, HTCondor ID 1283, status STATUS_SUBMITTED
04/12/17 22:39:06 28327 seconds since last log event
04/12/17 22:39:06 Pending DAG nodes:
04/12/17 22:39:06   Node cbow_tfidf_soft, HTCondor ID 1283, status STATUS_SUBMITTED
04/12/17 22:49:09 28930 seconds since last log event
04/12/17 22:49:09 Pending DAG nodes:
04/12/17 22:49:09   Node cbow_tfidf_soft, HTCondor ID 1283, status STATUS_SUBMITTED
04/12/17 22:59:11 29532 seconds since last log event
04/12/17 22:59:11 Pending DAG nodes:
04/12/17 22:59:11   Node cbow_tfidf_soft, HTCondor ID 1283, status STATUS_SUBMITTED
04/12/17 23:09:14 30135 seconds since last log event
04/12/17 23:09:14 Pending DAG nodes:
04/12/17 23:09:14   Node cbow_tfidf_soft, HTCondor ID 1283, status STATUS_SUBMITTED
04/12/17 23:19:16 30737 seconds since last log event
04/12/17 23:19:16 Pending DAG nodes:
04/12/17 23:19:16   Node cbow_tfidf_soft, HTCondor ID 1283, status STATUS_SUBMITTED
04/12/17 23:29:19 31340 seconds since last log event
04/12/17 23:29:19 Pending DAG nodes:
04/12/17 23:29:19   Node cbow_tfidf_soft, HTCondor ID 1283, status STATUS_SUBMITTED
04/12/17 23:39:22 31943 seconds since last log event
04/12/17 23:39:22 Pending DAG nodes:
04/12/17 23:39:22   Node cbow_tfidf_soft, HTCondor ID 1283, status STATUS_SUBMITTED
04/12/17 23:49:25 32546 seconds since last log event
04/12/17 23:49:25 Pending DAG nodes:
04/12/17 23:49:25   Node cbow_tfidf_soft, HTCondor ID 1283, status STATUS_SUBMITTED
04/12/17 23:59:28 33149 seconds since last log event
04/12/17 23:59:28 Pending DAG nodes:
04/12/17 23:59:28   Node cbow_tfidf_soft, HTCondor ID 1283, status STATUS_SUBMITTED
04/13/17 00:09:31 33752 seconds since last log event
04/13/17 00:09:31 Pending DAG nodes:
04/13/17 00:09:31   Node cbow_tfidf_soft, HTCondor ID 1283, status STATUS_SUBMITTED
04/13/17 00:19:34 34355 seconds since last log event
04/13/17 00:19:34 Pending DAG nodes:
04/13/17 00:19:34   Node cbow_tfidf_soft, HTCondor ID 1283, status STATUS_SUBMITTED
04/13/17 00:28:21 Currently monitoring 1 HTCondor log file(s)
04/13/17 00:28:21 Event: ULOG_EXECUTE for HTCondor Node cbow_tfidf_soft (1283.0.0) {04/13/17 00:28:19}
04/13/17 00:28:21 Number of idle job procs: 0
04/13/17 00:38:24 603 seconds since last log event
04/13/17 00:38:24 Pending DAG nodes:
04/13/17 00:38:24   Node cbow_tfidf_soft, HTCondor ID 1283, status STATUS_SUBMITTED
04/13/17 00:48:27 1206 seconds since last log event
04/13/17 00:48:27 Pending DAG nodes:
04/13/17 00:48:27   Node cbow_tfidf_soft, HTCondor ID 1283, status STATUS_SUBMITTED
04/13/17 00:58:30 1809 seconds since last log event
04/13/17 00:58:30 Pending DAG nodes:
04/13/17 00:58:30   Node cbow_tfidf_soft, HTCondor ID 1283, status STATUS_SUBMITTED
04/13/17 01:08:33 2412 seconds since last log event
04/13/17 01:08:33 Pending DAG nodes:
04/13/17 01:08:33   Node cbow_tfidf_soft, HTCondor ID 1283, status STATUS_SUBMITTED
04/13/17 01:18:36 3015 seconds since last log event
04/13/17 01:18:36 Pending DAG nodes:
04/13/17 01:18:36   Node cbow_tfidf_soft, HTCondor ID 1283, status STATUS_SUBMITTED
04/13/17 01:28:37 3616 seconds since last log event
04/13/17 01:28:37 Pending DAG nodes:
04/13/17 01:28:37   Node cbow_tfidf_soft, HTCondor ID 1283, status STATUS_SUBMITTED
04/13/17 01:38:40 4219 seconds since last log event
04/13/17 01:38:40 Pending DAG nodes:
04/13/17 01:38:40   Node cbow_tfidf_soft, HTCondor ID 1283, status STATUS_SUBMITTED
04/13/17 01:48:43 4822 seconds since last log event
04/13/17 01:48:43 Pending DAG nodes:
04/13/17 01:48:43   Node cbow_tfidf_soft, HTCondor ID 1283, status STATUS_SUBMITTED
04/13/17 01:58:45 5424 seconds since last log event
04/13/17 01:58:45 Pending DAG nodes:
04/13/17 01:58:45   Node cbow_tfidf_soft, HTCondor ID 1283, status STATUS_SUBMITTED
04/13/17 02:08:48 6027 seconds since last log event
04/13/17 02:08:48 Pending DAG nodes:
04/13/17 02:08:48   Node cbow_tfidf_soft, HTCondor ID 1283, status STATUS_SUBMITTED
04/13/17 02:18:51 6630 seconds since last log event
04/13/17 02:18:51 Pending DAG nodes:
04/13/17 02:18:51   Node cbow_tfidf_soft, HTCondor ID 1283, status STATUS_SUBMITTED
04/13/17 02:28:54 7233 seconds since last log event
04/13/17 02:28:54 Pending DAG nodes:
04/13/17 02:28:54   Node cbow_tfidf_soft, HTCondor ID 1283, status STATUS_SUBMITTED
04/13/17 02:38:56 7835 seconds since last log event
04/13/17 02:38:56 Pending DAG nodes:
04/13/17 02:38:56   Node cbow_tfidf_soft, HTCondor ID 1283, status STATUS_SUBMITTED
04/13/17 02:48:59 8438 seconds since last log event
04/13/17 02:48:59 Pending DAG nodes:
04/13/17 02:48:59   Node cbow_tfidf_soft, HTCondor ID 1283, status STATUS_SUBMITTED
04/13/17 02:59:02 9041 seconds since last log event
04/13/17 02:59:02 Pending DAG nodes:
04/13/17 02:59:02   Node cbow_tfidf_soft, HTCondor ID 1283, status STATUS_SUBMITTED
04/13/17 03:09:05 9644 seconds since last log event
04/13/17 03:09:05 Pending DAG nodes:
04/13/17 03:09:05   Node cbow_tfidf_soft, HTCondor ID 1283, status STATUS_SUBMITTED
04/13/17 03:19:08 10247 seconds since last log event
04/13/17 03:19:08 Pending DAG nodes:
04/13/17 03:19:08   Node cbow_tfidf_soft, HTCondor ID 1283, status STATUS_SUBMITTED
04/13/17 03:29:11 10850 seconds since last log event
04/13/17 03:29:11 Pending DAG nodes:
04/13/17 03:29:11   Node cbow_tfidf_soft, HTCondor ID 1283, status STATUS_SUBMITTED
04/13/17 03:39:14 11453 seconds since last log event
04/13/17 03:39:14 Pending DAG nodes:
04/13/17 03:39:14   Node cbow_tfidf_soft, HTCondor ID 1283, status STATUS_SUBMITTED
04/13/17 03:49:17 12056 seconds since last log event
04/13/17 03:49:17 Pending DAG nodes:
04/13/17 03:49:17   Node cbow_tfidf_soft, HTCondor ID 1283, status STATUS_SUBMITTED
04/13/17 03:59:20 12659 seconds since last log event
04/13/17 03:59:20 Pending DAG nodes:
04/13/17 03:59:20   Node cbow_tfidf_soft, HTCondor ID 1283, status STATUS_SUBMITTED
04/13/17 04:09:23 13262 seconds since last log event
04/13/17 04:09:23 Pending DAG nodes:
04/13/17 04:09:23   Node cbow_tfidf_soft, HTCondor ID 1283, status STATUS_SUBMITTED
04/13/17 04:19:26 13865 seconds since last log event
04/13/17 04:19:26 Pending DAG nodes:
04/13/17 04:19:26   Node cbow_tfidf_soft, HTCondor ID 1283, status STATUS_SUBMITTED
04/13/17 04:29:29 14468 seconds since last log event
04/13/17 04:29:29 Pending DAG nodes:
04/13/17 04:29:29   Node cbow_tfidf_soft, HTCondor ID 1283, status STATUS_SUBMITTED
04/13/17 04:39:31 15070 seconds since last log event
04/13/17 04:39:31 Pending DAG nodes:
04/13/17 04:39:31   Node cbow_tfidf_soft, HTCondor ID 1283, status STATUS_SUBMITTED
04/13/17 04:49:33 15672 seconds since last log event
04/13/17 04:49:33 Pending DAG nodes:
04/13/17 04:49:33   Node cbow_tfidf_soft, HTCondor ID 1283, status STATUS_SUBMITTED
04/13/17 04:59:36 16275 seconds since last log event
04/13/17 04:59:36 Pending DAG nodes:
04/13/17 04:59:36   Node cbow_tfidf_soft, HTCondor ID 1283, status STATUS_SUBMITTED
04/13/17 05:09:39 16878 seconds since last log event
04/13/17 05:09:39 Pending DAG nodes:
04/13/17 05:09:39   Node cbow_tfidf_soft, HTCondor ID 1283, status STATUS_SUBMITTED
04/13/17 05:19:41 17480 seconds since last log event
04/13/17 05:19:41 Pending DAG nodes:
04/13/17 05:19:41   Node cbow_tfidf_soft, HTCondor ID 1283, status STATUS_SUBMITTED
04/13/17 05:29:44 18083 seconds since last log event
04/13/17 05:29:44 Pending DAG nodes:
04/13/17 05:29:44   Node cbow_tfidf_soft, HTCondor ID 1283, status STATUS_SUBMITTED
04/13/17 05:39:46 18685 seconds since last log event
04/13/17 05:39:46 Pending DAG nodes:
04/13/17 05:39:46   Node cbow_tfidf_soft, HTCondor ID 1283, status STATUS_SUBMITTED
04/13/17 05:49:49 19288 seconds since last log event
04/13/17 05:49:49 Pending DAG nodes:
04/13/17 05:49:49   Node cbow_tfidf_soft, HTCondor ID 1283, status STATUS_SUBMITTED
04/13/17 05:59:52 19891 seconds since last log event
04/13/17 05:59:52 Pending DAG nodes:
04/13/17 05:59:52   Node cbow_tfidf_soft, HTCondor ID 1283, status STATUS_SUBMITTED
04/13/17 06:09:54 20493 seconds since last log event
04/13/17 06:09:54 Pending DAG nodes:
04/13/17 06:09:54   Node cbow_tfidf_soft, HTCondor ID 1283, status STATUS_SUBMITTED
04/13/17 06:19:57 21096 seconds since last log event
04/13/17 06:19:57 Pending DAG nodes:
04/13/17 06:19:57   Node cbow_tfidf_soft, HTCondor ID 1283, status STATUS_SUBMITTED
04/13/17 06:29:59 21698 seconds since last log event
04/13/17 06:29:59 Pending DAG nodes:
04/13/17 06:29:59   Node cbow_tfidf_soft, HTCondor ID 1283, status STATUS_SUBMITTED
04/13/17 06:40:02 22301 seconds since last log event
04/13/17 06:40:02 Pending DAG nodes:
04/13/17 06:40:02   Node cbow_tfidf_soft, HTCondor ID 1283, status STATUS_SUBMITTED
04/13/17 06:50:05 22904 seconds since last log event
04/13/17 06:50:05 Pending DAG nodes:
04/13/17 06:50:05   Node cbow_tfidf_soft, HTCondor ID 1283, status STATUS_SUBMITTED
04/13/17 07:00:06 23505 seconds since last log event
04/13/17 07:00:06 Pending DAG nodes:
04/13/17 07:00:06   Node cbow_tfidf_soft, HTCondor ID 1283, status STATUS_SUBMITTED
04/13/17 07:10:09 24108 seconds since last log event
04/13/17 07:10:09 Pending DAG nodes:
04/13/17 07:10:09   Node cbow_tfidf_soft, HTCondor ID 1283, status STATUS_SUBMITTED
04/13/17 07:20:11 24710 seconds since last log event
04/13/17 07:20:11 Pending DAG nodes:
04/13/17 07:20:11   Node cbow_tfidf_soft, HTCondor ID 1283, status STATUS_SUBMITTED
04/13/17 07:30:14 25313 seconds since last log event
04/13/17 07:30:14 Pending DAG nodes:
04/13/17 07:30:14   Node cbow_tfidf_soft, HTCondor ID 1283, status STATUS_SUBMITTED
04/13/17 07:40:17 25916 seconds since last log event
04/13/17 07:40:17 Pending DAG nodes:
04/13/17 07:40:17   Node cbow_tfidf_soft, HTCondor ID 1283, status STATUS_SUBMITTED
04/13/17 07:50:20 26519 seconds since last log event
04/13/17 07:50:20 Pending DAG nodes:
04/13/17 07:50:20   Node cbow_tfidf_soft, HTCondor ID 1283, status STATUS_SUBMITTED
04/13/17 08:00:23 27122 seconds since last log event
04/13/17 08:00:23 Pending DAG nodes:
04/13/17 08:00:23   Node cbow_tfidf_soft, HTCondor ID 1283, status STATUS_SUBMITTED
04/13/17 08:10:26 27725 seconds since last log event
04/13/17 08:10:26 Pending DAG nodes:
04/13/17 08:10:26   Node cbow_tfidf_soft, HTCondor ID 1283, status STATUS_SUBMITTED
04/13/17 08:20:29 28328 seconds since last log event
04/13/17 08:20:29 Pending DAG nodes:
04/13/17 08:20:29   Node cbow_tfidf_soft, HTCondor ID 1283, status STATUS_SUBMITTED
04/13/17 08:30:32 28931 seconds since last log event
04/13/17 08:30:32 Pending DAG nodes:
04/13/17 08:30:32   Node cbow_tfidf_soft, HTCondor ID 1283, status STATUS_SUBMITTED
04/13/17 08:40:35 29534 seconds since last log event
04/13/17 08:40:35 Pending DAG nodes:
04/13/17 08:40:35   Node cbow_tfidf_soft, HTCondor ID 1283, status STATUS_SUBMITTED
04/13/17 08:50:38 30137 seconds since last log event
04/13/17 08:50:38 Pending DAG nodes:
04/13/17 08:50:38   Node cbow_tfidf_soft, HTCondor ID 1283, status STATUS_SUBMITTED
04/13/17 09:00:41 30740 seconds since last log event
04/13/17 09:00:41 Pending DAG nodes:
04/13/17 09:00:41   Node cbow_tfidf_soft, HTCondor ID 1283, status STATUS_SUBMITTED
04/13/17 09:10:44 31343 seconds since last log event
04/13/17 09:10:44 Pending DAG nodes:
04/13/17 09:10:44   Node cbow_tfidf_soft, HTCondor ID 1283, status STATUS_SUBMITTED
04/13/17 09:20:47 31946 seconds since last log event
04/13/17 09:20:47 Pending DAG nodes:
04/13/17 09:20:47   Node cbow_tfidf_soft, HTCondor ID 1283, status STATUS_SUBMITTED
04/13/17 09:30:49 32548 seconds since last log event
04/13/17 09:30:49 Pending DAG nodes:
04/13/17 09:30:49   Node cbow_tfidf_soft, HTCondor ID 1283, status STATUS_SUBMITTED
04/13/17 09:40:52 33151 seconds since last log event
04/13/17 09:40:52 Pending DAG nodes:
04/13/17 09:40:52   Node cbow_tfidf_soft, HTCondor ID 1283, status STATUS_SUBMITTED
04/13/17 09:50:55 33754 seconds since last log event
04/13/17 09:50:55 Pending DAG nodes:
04/13/17 09:50:55   Node cbow_tfidf_soft, HTCondor ID 1283, status STATUS_SUBMITTED
04/13/17 10:00:57 34356 seconds since last log event
04/13/17 10:00:57 Pending DAG nodes:
04/13/17 10:00:57   Node cbow_tfidf_soft, HTCondor ID 1283, status STATUS_SUBMITTED
04/13/17 10:11:00 34959 seconds since last log event
04/13/17 10:11:00 Pending DAG nodes:
04/13/17 10:11:00   Node cbow_tfidf_soft, HTCondor ID 1283, status STATUS_SUBMITTED
04/13/17 10:21:02 35561 seconds since last log event
04/13/17 10:21:02 Pending DAG nodes:
04/13/17 10:21:02   Node cbow_tfidf_soft, HTCondor ID 1283, status STATUS_SUBMITTED
04/13/17 10:31:05 36164 seconds since last log event
04/13/17 10:31:05 Pending DAG nodes:
04/13/17 10:31:05   Node cbow_tfidf_soft, HTCondor ID 1283, status STATUS_SUBMITTED
04/13/17 10:41:08 36767 seconds since last log event
04/13/17 10:41:08 Pending DAG nodes:
04/13/17 10:41:08   Node cbow_tfidf_soft, HTCondor ID 1283, status STATUS_SUBMITTED
04/13/17 10:51:11 37370 seconds since last log event
04/13/17 10:51:11 Pending DAG nodes:
04/13/17 10:51:11   Node cbow_tfidf_soft, HTCondor ID 1283, status STATUS_SUBMITTED
04/13/17 11:01:14 37973 seconds since last log event
04/13/17 11:01:14 Pending DAG nodes:
04/13/17 11:01:14   Node cbow_tfidf_soft, HTCondor ID 1283, status STATUS_SUBMITTED
04/13/17 11:11:17 38576 seconds since last log event
04/13/17 11:11:17 Pending DAG nodes:
04/13/17 11:11:17   Node cbow_tfidf_soft, HTCondor ID 1283, status STATUS_SUBMITTED
04/13/17 11:21:19 39178 seconds since last log event
04/13/17 11:21:19 Pending DAG nodes:
04/13/17 11:21:19   Node cbow_tfidf_soft, HTCondor ID 1283, status STATUS_SUBMITTED
04/13/17 11:31:22 39781 seconds since last log event
04/13/17 11:31:22 Pending DAG nodes:
04/13/17 11:31:22   Node cbow_tfidf_soft, HTCondor ID 1283, status STATUS_SUBMITTED
04/13/17 11:41:25 40384 seconds since last log event
04/13/17 11:41:25 Pending DAG nodes:
04/13/17 11:41:25   Node cbow_tfidf_soft, HTCondor ID 1283, status STATUS_SUBMITTED
04/13/17 11:51:28 40987 seconds since last log event
04/13/17 11:51:28 Pending DAG nodes:
04/13/17 11:51:28   Node cbow_tfidf_soft, HTCondor ID 1283, status STATUS_SUBMITTED
04/13/17 12:01:31 41590 seconds since last log event
04/13/17 12:01:31 Pending DAG nodes:
04/13/17 12:01:31   Node cbow_tfidf_soft, HTCondor ID 1283, status STATUS_SUBMITTED
04/13/17 12:11:34 42193 seconds since last log event
04/13/17 12:11:34 Pending DAG nodes:
04/13/17 12:11:34   Node cbow_tfidf_soft, HTCondor ID 1283, status STATUS_SUBMITTED
04/13/17 12:21:37 42796 seconds since last log event
04/13/17 12:21:37 Pending DAG nodes:
04/13/17 12:21:37   Node cbow_tfidf_soft, HTCondor ID 1283, status STATUS_SUBMITTED
04/13/17 12:31:40 43399 seconds since last log event
04/13/17 12:31:40 Pending DAG nodes:
04/13/17 12:31:40   Node cbow_tfidf_soft, HTCondor ID 1283, status STATUS_SUBMITTED
04/13/17 12:41:42 44001 seconds since last log event
04/13/17 12:41:42 Pending DAG nodes:
04/13/17 12:41:42   Node cbow_tfidf_soft, HTCondor ID 1283, status STATUS_SUBMITTED
04/13/17 12:51:44 44603 seconds since last log event
04/13/17 12:51:44 Pending DAG nodes:
04/13/17 12:51:44   Node cbow_tfidf_soft, HTCondor ID 1283, status STATUS_SUBMITTED
04/13/17 13:01:47 45206 seconds since last log event
04/13/17 13:01:47 Pending DAG nodes:
04/13/17 13:01:47   Node cbow_tfidf_soft, HTCondor ID 1283, status STATUS_SUBMITTED
04/13/17 13:11:49 45808 seconds since last log event
04/13/17 13:11:49 Pending DAG nodes:
04/13/17 13:11:49   Node cbow_tfidf_soft, HTCondor ID 1283, status STATUS_SUBMITTED
