I tensorflow/stream_executor/dso_loader.cc:128] successfully opened CUDA library libcublas.so locally
I tensorflow/stream_executor/dso_loader.cc:128] successfully opened CUDA library libcudnn.so locally
I tensorflow/stream_executor/dso_loader.cc:128] successfully opened CUDA library libcufft.so locally
I tensorflow/stream_executor/dso_loader.cc:128] successfully opened CUDA library libcuda.so.1 locally
I tensorflow/stream_executor/dso_loader.cc:128] successfully opened CUDA library libcurand.so locally
/users/start2014/r0385169/.local/lib/python2.7/site-packages/gensim/utils.py:1015: UserWarning: Pattern library is not installed, lemmatization won't be available.
  warnings.warn("Pattern library is not installed, lemmatization won't be available.")
/users/start2014/r0385169/.local/lib/python2.7/site-packages/tensorflow/python/ops/gradients_impl.py:91: UserWarning: Converting sparse IndexedSlices to a dense Tensor of unknown shape. This may consume a large amount of memory.
  "Converting sparse IndexedSlices to a dense Tensor of unknown shape. "
I tensorflow/core/common_runtime/gpu/gpu_device.cc:885] Found device 0 with properties: 
name: Tesla K80
major: 3 minor: 7 memoryClockRate (GHz) 0.8235
pciBusID 0000:06:00.0
Total memory: 11.17GiB
Free memory: 11.11GiB
I tensorflow/core/common_runtime/gpu/gpu_device.cc:906] DMA: 0 
I tensorflow/core/common_runtime/gpu/gpu_device.cc:916] 0:   Y 
I tensorflow/core/common_runtime/gpu/gpu_device.cc:975] Creating TensorFlow device (/gpu:0) -> (device: 0, name: Tesla K80, pci bus id: 0000:06:00.0)
I tensorflow/core/common_runtime/gpu/pool_allocator.cc:247] PoolAllocator: After 7533 get requests, put_count=7468 evicted_count=1000 eviction_rate=0.133905 and unsatisfied allocation rate=0.154653
I tensorflow/core/common_runtime/gpu/pool_allocator.cc:259] Raising pool_size_limit_ from 100 to 110
I tensorflow/core/common_runtime/gpu/pool_allocator.cc:247] PoolAllocator: After 11157 get requests, put_count=11052 evicted_count=1000 eviction_rate=0.0904814 and unsatisfied allocation rate=0.101102
I tensorflow/core/common_runtime/gpu/pool_allocator.cc:259] Raising pool_size_limit_ from 256 to 281
I tensorflow/core/common_runtime/gpu/pool_allocator.cc:247] PoolAllocator: After 1993374 get requests, put_count=1993396 evicted_count=1000 eviction_rate=0.000501656 and unsatisfied allocation rate=0.000520224
I tensorflow/core/common_runtime/gpu/pool_allocator.cc:247] PoolAllocator: After 21623040 get requests, put_count=21623061 evicted_count=11000 eviction_rate=0.000508716 and unsatisfied allocation rate=0.000510474
I tensorflow/core/common_runtime/gpu/pool_allocator.cc:247] PoolAllocator: After 41113808 get requests, put_count=41113829 evicted_count=21000 eviction_rate=0.000510777 and unsatisfied allocation rate=0.000511702
I tensorflow/core/common_runtime/gpu/pool_allocator.cc:247] PoolAllocator: After 60765998 get requests, put_count=60766020 evicted_count=31000 eviction_rate=0.000510154 and unsatisfied allocation rate=0.000510763
I tensorflow/core/common_runtime/gpu/pool_allocator.cc:247] PoolAllocator: After 80373140 get requests, put_count=80373162 evicted_count=41000 eviction_rate=0.000510121 and unsatisfied allocation rate=0.000510581
I tensorflow/core/common_runtime/gpu/pool_allocator.cc:247] PoolAllocator: After 100006560 get requests, put_count=100006582 evicted_count=51000 eviction_rate=0.000509966 and unsatisfied allocation rate=0.000510337
I tensorflow/core/common_runtime/gpu/pool_allocator.cc:247] PoolAllocator: After 119662504 get requests, put_count=119662525 evicted_count=61000 eviction_rate=0.000509767 and unsatisfied allocation rate=0.000510085
I tensorflow/core/common_runtime/gpu/pool_allocator.cc:247] PoolAllocator: After 139310940 get requests, put_count=139310962 evicted_count=71000 eviction_rate=0.000509651 and unsatisfied allocation rate=0.000509917
I tensorflow/core/common_runtime/gpu/pool_allocator.cc:247] PoolAllocator: After 158903066 get requests, put_count=158903087 evicted_count=81000 eviction_rate=0.000509745 and unsatisfied allocation rate=0.000509984
I tensorflow/core/common_runtime/gpu/pool_allocator.cc:247] PoolAllocator: After 178498946 get requests, put_count=178498967 evicted_count=91000 eviction_rate=0.000509807 and unsatisfied allocation rate=0.00051002
