000 (1287.000.000) 04/12 14:47:21 Job submitted from host: <10.33.133.83:9618?addrs=10.33.133.83-9618+[--1]-9618&noUDP&sock=1443_5b40_4>
    DAG Node: extended_topic_1
...
001 (1287.000.000) 04/13 09:23:06 Job executing on host: <10.33.133.10:9618?addrs=10.33.133.10-9618+[--1]-9618&noUDP&sock=17248_4597_22>
...
006 (1287.000.000) 04/13 09:23:15 Image size of job updated: 419760
	409  -  MemoryUsage of job (MB)
	417880  -  ResidentSetSize of job (KB)
...
006 (1287.000.000) 04/13 09:28:15 Image size of job updated: 2251824
	1662  -  MemoryUsage of job (MB)
	1701740  -  ResidentSetSize of job (KB)
...
006 (1287.000.000) 04/13 09:33:16 Image size of job updated: 2263624
	1674  -  MemoryUsage of job (MB)
	1713540  -  ResidentSetSize of job (KB)
...
006 (1287.000.000) 04/13 09:38:16 Image size of job updated: 2274036
	1684  -  MemoryUsage of job (MB)
	1723952  -  ResidentSetSize of job (KB)
...
006 (1287.000.000) 04/13 09:43:16 Image size of job updated: 2282536
	1692  -  MemoryUsage of job (MB)
	1732452  -  ResidentSetSize of job (KB)
...
006 (1287.000.000) 04/13 09:48:17 Image size of job updated: 2288884
	1699  -  MemoryUsage of job (MB)
	1738800  -  ResidentSetSize of job (KB)
...
006 (1287.000.000) 04/13 09:53:18 Image size of job updated: 2298304
	1708  -  MemoryUsage of job (MB)
	1748220  -  ResidentSetSize of job (KB)
...
006 (1287.000.000) 04/13 09:58:18 Image size of job updated: 2305828
	1715  -  MemoryUsage of job (MB)
	1755744  -  ResidentSetSize of job (KB)
...
006 (1287.000.000) 04/13 10:53:25 Image size of job updated: 2305828
	1721  -  MemoryUsage of job (MB)
	1762132  -  ResidentSetSize of job (KB)
...
006 (1287.000.000) 04/13 10:58:26 Image size of job updated: 2305828
	1722  -  MemoryUsage of job (MB)
	1762932  -  ResidentSetSize of job (KB)
...
006 (1287.000.000) 04/13 11:03:26 Image size of job updated: 2305828
	1728  -  MemoryUsage of job (MB)
	1768796  -  ResidentSetSize of job (KB)
...
006 (1287.000.000) 04/13 11:08:26 Image size of job updated: 2305828
	1730  -  MemoryUsage of job (MB)
	1771132  -  ResidentSetSize of job (KB)
...
006 (1287.000.000) 04/13 11:13:27 Image size of job updated: 2305828
	1736  -  MemoryUsage of job (MB)
	1776836  -  ResidentSetSize of job (KB)
...
006 (1287.000.000) 04/13 11:18:28 Image size of job updated: 2305828
	1737  -  MemoryUsage of job (MB)
	1778384  -  ResidentSetSize of job (KB)
...
006 (1287.000.000) 04/13 11:23:28 Image size of job updated: 2305828
	1746  -  MemoryUsage of job (MB)
	1786924  -  ResidentSetSize of job (KB)
...
006 (1287.000.000) 04/13 11:28:29 Image size of job updated: 2305828
	1746  -  MemoryUsage of job (MB)
	1786944  -  ResidentSetSize of job (KB)
...
006 (1287.000.000) 04/13 11:38:30 Image size of job updated: 2305828
	1753  -  MemoryUsage of job (MB)
	1794344  -  ResidentSetSize of job (KB)
...
006 (1287.000.000) 04/13 11:43:31 Image size of job updated: 2305828
	1761  -  MemoryUsage of job (MB)
	1802796  -  ResidentSetSize of job (KB)
...
006 (1287.000.000) 04/13 11:48:32 Image size of job updated: 2305828
	1761  -  MemoryUsage of job (MB)
	1803060  -  ResidentSetSize of job (KB)
...
006 (1287.000.000) 04/13 11:53:32 Image size of job updated: 2305828
	1770  -  MemoryUsage of job (MB)
	1811472  -  ResidentSetSize of job (KB)
...
006 (1287.000.000) 04/13 12:08:33 Image size of job updated: 2305828
	1776  -  MemoryUsage of job (MB)
	1818388  -  ResidentSetSize of job (KB)
...
006 (1287.000.000) 04/13 12:13:34 Image size of job updated: 2305828
	1777  -  MemoryUsage of job (MB)
	1819636  -  ResidentSetSize of job (KB)
...
006 (1287.000.000) 04/13 12:23:34 Image size of job updated: 2305828
	1777  -  MemoryUsage of job (MB)
	1819640  -  ResidentSetSize of job (KB)
...
006 (1287.000.000) 04/13 12:33:36 Image size of job updated: 2305828
	1784  -  MemoryUsage of job (MB)
	1826700  -  ResidentSetSize of job (KB)
...
006 (1287.000.000) 04/13 12:38:36 Image size of job updated: 2305828
	1787  -  MemoryUsage of job (MB)
	1829180  -  ResidentSetSize of job (KB)
...
006 (1287.000.000) 04/13 12:43:37 Image size of job updated: 2305828
	1794  -  MemoryUsage of job (MB)
	1836808  -  ResidentSetSize of job (KB)
...
006 (1287.000.000) 04/13 12:58:39 Image size of job updated: 2305828
	1794  -  MemoryUsage of job (MB)
	1837028  -  ResidentSetSize of job (KB)
...
