000 (1287.000.000) 04/12 14:47:21 Job submitted from host: <10.33.133.83:9618?addrs=10.33.133.83-9618+[--1]-9618&noUDP&sock=1443_5b40_4>
    DAG Node: extended_topic_1
...
001 (1287.000.000) 04/13 09:23:06 Job executing on host: <10.33.133.10:9618?addrs=10.33.133.10-9618+[--1]-9618&noUDP&sock=17248_4597_22>
...
005 (1287.000.000) 04/14 20:55:33 Job terminated.
	(1) Normal termination (return value 0)
		Usr 1 16:41:33, Sys 0 03:59:54  -  Run Remote Usage
		Usr 0 00:00:00, Sys 0 00:00:00  -  Run Local Usage
		Usr 1 16:41:33, Sys 0 03:59:54  -  Total Remote Usage
		Usr 0 00:00:00, Sys 0 00:00:00  -  Total Local Usage
	0  -  Run Bytes Sent By Job
	0  -  Run Bytes Received By Job
	0  -  Total Bytes Sent By Job
	0  -  Total Bytes Received By Job
	Partitionable Resources :    Usage  Request Allocated
	   Cpus                 :                 1         1
	   Disk (KB)            :        7        7 192938864
	   Gpus                 :                 1         1
	   Memory (MB)          :     2025     4096      4096
...
000 (1291.000.000) 04/14 20:55:40 Job submitted from host: <10.33.133.83:9618?addrs=10.33.133.83-9618+[--1]-9618&noUDP&sock=1443_5b40_4>
    DAG Node: extended_topic_1_test
...
001 (1291.000.000) 04/16 22:06:48 Job executing on host: <10.33.133.139:9618?addrs=10.33.133.139-9618+[--1]-9618&noUDP&sock=1532_672e_3>
...
005 (1291.000.000) 04/16 22:09:27 Job terminated.
	(1) Normal termination (return value 0)
		Usr 0 00:01:45, Sys 0 00:00:25  -  Run Remote Usage
		Usr 0 00:00:00, Sys 0 00:00:00  -  Run Local Usage
		Usr 0 00:01:45, Sys 0 00:00:25  -  Total Remote Usage
		Usr 0 00:00:00, Sys 0 00:00:00  -  Total Local Usage
	0  -  Run Bytes Sent By Job
	0  -  Run Bytes Received By Job
	0  -  Total Bytes Sent By Job
	0  -  Total Bytes Received By Job
	Partitionable Resources :    Usage  Request Allocated
	   Cpus                 :                 1         1
	   Disk (KB)            :        7        7   2452907
	   Gpus                 :                 1         1
	   Memory (MB)          :      148     4096      4096
...
