I tensorflow/stream_executor/dso_loader.cc:128] successfully opened CUDA library libcublas.so locally
I tensorflow/stream_executor/dso_loader.cc:128] successfully opened CUDA library libcudnn.so locally
I tensorflow/stream_executor/dso_loader.cc:128] successfully opened CUDA library libcufft.so locally
I tensorflow/stream_executor/dso_loader.cc:128] successfully opened CUDA library libcuda.so.1 locally
I tensorflow/stream_executor/dso_loader.cc:128] successfully opened CUDA library libcurand.so locally
/users/start2014/r0385169/.local/lib/python2.7/site-packages/gensim/utils.py:1015: UserWarning: Pattern library is not installed, lemmatization won't be available.
  warnings.warn("Pattern library is not installed, lemmatization won't be available.")
/users/start2014/r0385169/.local/lib/python2.7/site-packages/tensorflow/python/ops/gradients_impl.py:91: UserWarning: Converting sparse IndexedSlices to a dense Tensor of unknown shape. This may consume a large amount of memory.
  "Converting sparse IndexedSlices to a dense Tensor of unknown shape. "
I tensorflow/core/common_runtime/gpu/gpu_device.cc:885] Found device 0 with properties: 
name: TITAN X (Pascal)
major: 6 minor: 1 memoryClockRate (GHz) 1.531
pciBusID 0000:42:00.0
Total memory: 11.90GiB
Free memory: 11.76GiB
I tensorflow/core/common_runtime/gpu/gpu_device.cc:906] DMA: 0 
I tensorflow/core/common_runtime/gpu/gpu_device.cc:916] 0:   Y 
I tensorflow/core/common_runtime/gpu/gpu_device.cc:975] Creating TensorFlow device (/gpu:0) -> (device: 0, name: TITAN X (Pascal), pci bus id: 0000:42:00.0)
I tensorflow/core/common_runtime/gpu/pool_allocator.cc:247] PoolAllocator: After 12491 get requests, put_count=12412 evicted_count=1000 eviction_rate=0.0805672 and unsatisfied allocation rate=0.094388
I tensorflow/core/common_runtime/gpu/pool_allocator.cc:259] Raising pool_size_limit_ from 100 to 110
I tensorflow/core/common_runtime/gpu/pool_allocator.cc:247] PoolAllocator: After 1014768 get requests, put_count=1014773 evicted_count=2000 eviction_rate=0.00197088 and unsatisfied allocation rate=0.00198666
I tensorflow/core/common_runtime/gpu/pool_allocator.cc:247] PoolAllocator: After 7264674 get requests, put_count=7264682 evicted_count=9000 eviction_rate=0.00123887 and unsatisfied allocation rate=0.00124094
I tensorflow/core/common_runtime/gpu/pool_allocator.cc:247] PoolAllocator: After 15198030 get requests, put_count=15198037 evicted_count=19000 eviction_rate=0.00125016 and unsatisfied allocation rate=0.00125121
I tensorflow/core/common_runtime/gpu/pool_allocator.cc:247] PoolAllocator: After 23067180 get requests, put_count=23067188 evicted_count=29000 eviction_rate=0.0012572 and unsatisfied allocation rate=0.00125785
I tensorflow/core/common_runtime/gpu/pool_allocator.cc:247] PoolAllocator: After 30936330 get requests, put_count=30936337 evicted_count=39000 eviction_rate=0.00126065 and unsatisfied allocation rate=0.00126117
I tensorflow/core/common_runtime/gpu/pool_allocator.cc:247] PoolAllocator: After 38810178 get requests, put_count=38810185 evicted_count=49000 eviction_rate=0.00126256 and unsatisfied allocation rate=0.00126297
I tensorflow/core/common_runtime/gpu/pool_allocator.cc:247] PoolAllocator: After 46690290 get requests, put_count=46690298 evicted_count=59000 eviction_rate=0.00126365 and unsatisfied allocation rate=0.00126397
I tensorflow/core/common_runtime/gpu/pool_allocator.cc:247] PoolAllocator: After 54556308 get requests, put_count=54556316 evicted_count=69000 eviction_rate=0.00126475 and unsatisfied allocation rate=0.00126502
I tensorflow/core/common_runtime/gpu/pool_allocator.cc:247] PoolAllocator: After 62423892 get requests, put_count=62423900 evicted_count=79000 eviction_rate=0.00126554 and unsatisfied allocation rate=0.00126578
I tensorflow/core/common_runtime/gpu/pool_allocator.cc:247] PoolAllocator: After 70293042 get requests, put_count=70293049 evicted_count=89000 eviction_rate=0.00126613 and unsatisfied allocation rate=0.00126636
I tensorflow/core/common_runtime/gpu/pool_allocator.cc:247] PoolAllocator: After 78157494 get requests, put_count=78157501 evicted_count=99000 eviction_rate=0.00126667 and unsatisfied allocation rate=0.00126688
I tensorflow/core/common_runtime/gpu/pool_allocator.cc:247] PoolAllocator: After 86012550 get requests, put_count=86012557 evicted_count=109000 eviction_rate=0.00126726 and unsatisfied allocation rate=0.00126744
I tensorflow/core/common_runtime/gpu/pool_allocator.cc:247] PoolAllocator: After 93880134 get requests, put_count=93880141 evicted_count=119000 eviction_rate=0.00126757 and unsatisfied allocation rate=0.00126774
I tensorflow/core/common_runtime/gpu/pool_allocator.cc:247] PoolAllocator: After 101739888 get requests, put_count=101739895 evicted_count=129000 eviction_rate=0.00126794 and unsatisfied allocation rate=0.0012681
I tensorflow/core/common_runtime/gpu/pool_allocator.cc:247] PoolAllocator: After 109621566 get requests, put_count=109621573 evicted_count=139000 eviction_rate=0.001268 and unsatisfied allocation rate=0.00126814
I tensorflow/core/common_runtime/gpu/pool_allocator.cc:247] PoolAllocator: After 117492282 get requests, put_count=117492289 evicted_count=149000 eviction_rate=0.00126817 and unsatisfied allocation rate=0.0012683
I tensorflow/core/common_runtime/gpu/pool_allocator.cc:247] PoolAllocator: After 125367696 get requests, put_count=125367703 evicted_count=159000 eviction_rate=0.00126827 and unsatisfied allocation rate=0.0012684
I tensorflow/core/common_runtime/gpu/pool_allocator.cc:247] PoolAllocator: After 133229016 get requests, put_count=133229023 evicted_count=169000 eviction_rate=0.00126849 and unsatisfied allocation rate=0.00126861
I tensorflow/core/common_runtime/gpu/pool_allocator.cc:247] PoolAllocator: After 141093468 get requests, put_count=141093475 evicted_count=179000 eviction_rate=0.00126866 and unsatisfied allocation rate=0.00126878
I tensorflow/core/common_runtime/gpu/pool_allocator.cc:247] PoolAllocator: After 148970448 get requests, put_count=148970455 evicted_count=189000 eviction_rate=0.00126871 and unsatisfied allocation rate=0.00126882
I tensorflow/core/common_runtime/gpu/pool_allocator.cc:247] PoolAllocator: After 156848994 get requests, put_count=156849001 evicted_count=199000 eviction_rate=0.00126874 and unsatisfied allocation rate=0.00126884
I tensorflow/core/common_runtime/gpu/pool_allocator.cc:247] PoolAllocator: After 164700918 get requests, put_count=164700925 evicted_count=209000 eviction_rate=0.00126897 and unsatisfied allocation rate=0.00126906
I tensorflow/core/common_runtime/gpu/pool_allocator.cc:247] PoolAllocator: After 172563804 get requests, put_count=172563811 evicted_count=219000 eviction_rate=0.0012691 and unsatisfied allocation rate=0.00126919
I tensorflow/core/common_runtime/gpu/pool_allocator.cc:247] PoolAllocator: After 180420426 get requests, put_count=180420433 evicted_count=229000 eviction_rate=0.00126926 and unsatisfied allocation rate=0.00126935
I tensorflow/core/common_runtime/gpu/pool_allocator.cc:247] PoolAllocator: After 188280180 get requests, put_count=188280187 evicted_count=239000 eviction_rate=0.00126938 and unsatisfied allocation rate=0.00126947
I tensorflow/core/common_runtime/gpu/pool_allocator.cc:247] PoolAllocator: After 196161858 get requests, put_count=196161865 evicted_count=249000 eviction_rate=0.00126936 and unsatisfied allocation rate=0.00126944
I tensorflow/core/common_runtime/gpu/pool_allocator.cc:247] PoolAllocator: After 204023178 get requests, put_count=204023185 evicted_count=259000 eviction_rate=0.00126946 and unsatisfied allocation rate=0.00126954
I tensorflow/core/common_runtime/gpu/pool_allocator.cc:247] PoolAllocator: After 211889196 get requests, put_count=211889203 evicted_count=269000 eviction_rate=0.00126953 and unsatisfied allocation rate=0.00126961
I tensorflow/core/common_runtime/gpu/pool_allocator.cc:247] PoolAllocator: After 219764610 get requests, put_count=219764617 evicted_count=279000 eviction_rate=0.00126954 and unsatisfied allocation rate=0.00126961
I tensorflow/core/common_runtime/gpu/pool_allocator.cc:247] PoolAllocator: After 227640024 get requests, put_count=227640031 evicted_count=289000 eviction_rate=0.00126955 and unsatisfied allocation rate=0.00126962
I tensorflow/core/common_runtime/gpu/pool_allocator.cc:247] PoolAllocator: After 235498212 get requests, put_count=235498220 evicted_count=299000 eviction_rate=0.00126965 and unsatisfied allocation rate=0.00126971
I tensorflow/core/common_runtime/gpu/pool_allocator.cc:247] PoolAllocator: After 243213166 get requests, put_count=243213174 evicted_count=309000 eviction_rate=0.00127049 and unsatisfied allocation rate=0.00127055
I tensorflow/core/common_runtime/gpu/pool_allocator.cc:247] PoolAllocator: After 251065090 get requests, put_count=251065098 evicted_count=319000 eviction_rate=0.00127059 and unsatisfied allocation rate=0.00127065
I tensorflow/core/common_runtime/gpu/pool_allocator.cc:247] PoolAllocator: After 258940504 get requests, put_count=258940512 evicted_count=329000 eviction_rate=0.00127056 and unsatisfied allocation rate=0.00127062
I tensorflow/core/common_runtime/gpu/pool_allocator.cc:247] PoolAllocator: After 266806522 get requests, put_count=266806530 evicted_count=339000 eviction_rate=0.00127058 and unsatisfied allocation rate=0.00127064
I tensorflow/core/common_runtime/gpu/pool_allocator.cc:247] PoolAllocator: After 274681936 get requests, put_count=274681944 evicted_count=349000 eviction_rate=0.00127056 and unsatisfied allocation rate=0.00127062
I tensorflow/core/common_runtime/gpu/pool_allocator.cc:247] PoolAllocator: After 282551086 get requests, put_count=282551094 evicted_count=359000 eviction_rate=0.00127057 and unsatisfied allocation rate=0.00127062
I tensorflow/core/common_runtime/gpu/pool_allocator.cc:247] PoolAllocator: After 290424934 get requests, put_count=290424942 evicted_count=369000 eviction_rate=0.00127055 and unsatisfied allocation rate=0.0012706
I tensorflow/core/common_runtime/gpu/pool_allocator.cc:247] PoolAllocator: After 298298782 get requests, put_count=298298790 evicted_count=379000 eviction_rate=0.00127054 and unsatisfied allocation rate=0.00127059
I tensorflow/core/common_runtime/gpu/pool_allocator.cc:247] PoolAllocator: After 306171064 get requests, put_count=306171072 evicted_count=389000 eviction_rate=0.00127053 and unsatisfied allocation rate=0.00127058
I tensorflow/core/common_runtime/gpu/pool_allocator.cc:247] PoolAllocator: After 314033950 get requests, put_count=314033958 evicted_count=399000 eviction_rate=0.00127056 and unsatisfied allocation rate=0.00127061
I tensorflow/core/common_runtime/gpu/pool_allocator.cc:247] PoolAllocator: After 321893704 get requests, put_count=321893712 evicted_count=409000 eviction_rate=0.00127061 and unsatisfied allocation rate=0.00127065
I tensorflow/core/common_runtime/gpu/pool_allocator.cc:247] PoolAllocator: After 329748760 get requests, put_count=329748767 evicted_count=419000 eviction_rate=0.00127066 and unsatisfied allocation rate=0.00127071
I tensorflow/core/common_runtime/gpu/pool_allocator.cc:247] PoolAllocator: After 337610080 get requests, put_count=337610087 evicted_count=429000 eviction_rate=0.0012707 and unsatisfied allocation rate=0.00127074
I tensorflow/core/common_runtime/gpu/pool_allocator.cc:247] PoolAllocator: After 345483928 get requests, put_count=345483935 evicted_count=439000 eviction_rate=0.00127068 and unsatisfied allocation rate=0.00127073
I tensorflow/core/common_runtime/gpu/pool_allocator.cc:247] PoolAllocator: After 353354644 get requests, put_count=353354651 evicted_count=449000 eviction_rate=0.00127068 and unsatisfied allocation rate=0.00127072
I tensorflow/core/common_runtime/gpu/pool_allocator.cc:247] PoolAllocator: After 361231624 get requests, put_count=361231631 evicted_count=459000 eviction_rate=0.00127065 and unsatisfied allocation rate=0.0012707
I tensorflow/core/common_runtime/gpu/pool_allocator.cc:247] PoolAllocator: After 369107038 get requests, put_count=369107045 evicted_count=469000 eviction_rate=0.00127063 and unsatisfied allocation rate=0.00127068
