job started
Epoch: 1 Learning rate: 1.000
0.000 perplexity: 8602.251 speed: 422 wps
0.100 perplexity: 8622.613 speed: 4039 wps
0.200 perplexity: 8640.974 speed: 4310 wps
0.300 perplexity: 8674.924 speed: 4455 wps
0.400 perplexity: 8686.548 speed: 4531 wps
0.500 perplexity: 8677.532 speed: 4550 wps
0.599 perplexity: 8673.165 speed: 4578 wps
0.699 perplexity: 8675.646 speed: 4628 wps
0.799 perplexity: 8663.967 speed: 4674 wps
0.899 perplexity: 8684.506 speed: 4694 wps
0.999 perplexity: 8684.087 speed: 4715 wps
Epoch: 1 Train Perplexity: 8684.087
Epoch: 1 Valid Perplexity: 8640.386
Epoch: 2 Learning rate: 1.000
0.000 perplexity: 8580.890 speed: 5133 wps
0.100 perplexity: 8616.824 speed: 4916 wps
0.200 perplexity: 8629.297 speed: 4735 wps
0.300 perplexity: 8665.493 speed: 4749 wps
0.400 perplexity: 8678.887 speed: 4767 wps
0.500 perplexity: 8670.319 speed: 4754 wps
0.599 perplexity: 8666.565 speed: 4752 wps
0.699 perplexity: 8669.547 speed: 4755 wps
0.799 perplexity: 8658.415 speed: 4765 wps
0.899 perplexity: 8679.404 speed: 4788 wps
0.999 perplexity: 8679.575 speed: 4796 wps
Epoch: 2 Train Perplexity: 8679.575
Epoch: 2 Valid Perplexity: 8638.694
Epoch: 3 Learning rate: 1.000
0.000 perplexity: 8582.994 speed: 4441 wps
0.100 perplexity: 8616.305 speed: 4906 wps
0.200 perplexity: 8628.797 speed: 4806 wps
0.300 perplexity: 8665.118 speed: 4796 wps
0.400 perplexity: 8678.443 speed: 4793 wps
0.500 perplexity: 8669.727 speed: 4773 wps
0.599 perplexity: 8665.897 speed: 4778 wps
0.699 perplexity: 8668.899 speed: 4777 wps
0.799 perplexity: 8657.836 speed: 4797 wps
0.899 perplexity: 8678.834 speed: 4742 wps
0.999 perplexity: 8679.096 speed: 4757 wps
Epoch: 3 Train Perplexity: 8679.096
Epoch: 3 Valid Perplexity: 8638.142
Epoch: 4 Learning rate: 1.000
0.000 perplexity: 8584.246 speed: 4810 wps
0.100 perplexity: 8615.783 speed: 4938 wps
0.200 perplexity: 8628.414 speed: 4792 wps
0.300 perplexity: 8664.776 speed: 4790 wps
0.400 perplexity: 8678.103 speed: 4781 wps
0.500 perplexity: 8669.297 speed: 4771 wps
0.599 perplexity: 8665.423 speed: 4752 wps
0.699 perplexity: 8668.428 speed: 4761 wps
0.799 perplexity: 8657.394 speed: 4773 wps
0.899 perplexity: 8678.407 speed: 4779 wps
0.999 perplexity: 8678.721 speed: 4799 wps
Epoch: 4 Train Perplexity: 8678.721
Epoch: 4 Valid Perplexity: 8637.468
Epoch: 5 Learning rate: 1.000
0.000 perplexity: 8583.829 speed: 4792 wps
0.100 perplexity: 8615.275 speed: 4898 wps
0.200 perplexity: 8627.991 speed: 4727 wps
0.300 perplexity: 8664.418 speed: 4726 wps
0.400 perplexity: 8677.665 speed: 4736 wps
0.500 perplexity: 8668.797 speed: 4735 wps
0.599 perplexity: 8664.880 speed: 4736 wps
0.699 perplexity: 8667.864 speed: 4740 wps
0.799 perplexity: 8656.831 speed: 4757 wps
0.899 perplexity: 8677.817 speed: 4766 wps
0.999 perplexity: 8678.110 speed: 4778 wps
Epoch: 5 Train Perplexity: 8678.110
Epoch: 5 Valid Perplexity: 8635.485
Epoch: 6 Learning rate: 1.000
0.000 perplexity: 8580.546 speed: 4681 wps
0.100 perplexity: 8614.011 speed: 4912 wps
0.200 perplexity: 8626.378 speed: 4793 wps
0.300 perplexity: 8662.683 speed: 4795 wps
0.400 perplexity: 8675.738 speed: 4801 wps
0.500 perplexity: 8666.733 speed: 4781 wps
0.599 perplexity: 8662.611 speed: 4766 wps
0.699 perplexity: 8665.321 speed: 4767 wps
0.799 perplexity: 8653.880 speed: 4713 wps
0.899 perplexity: 8674.426 speed: 4723 wps
0.999 perplexity: 8674.100 speed: 4748 wps
Epoch: 6 Train Perplexity: 8674.100
Epoch: 6 Valid Perplexity: 8621.217
Epoch: 7 Learning rate: 1.000
0.000 perplexity: 8559.338 speed: 4539 wps
0.100 perplexity: 8600.683 speed: 4835 wps
0.200 perplexity: 8611.684 speed: 4756 wps
0.300 perplexity: 8648.496 speed: 4772 wps
0.400 perplexity: 8660.648 speed: 4797 wps
0.500 perplexity: 8650.858 speed: 4775 wps
0.599 perplexity: 8646.928 speed: 4753 wps
0.699 perplexity: 8649.398 speed: 4767 wps
0.799 perplexity: 8637.357 speed: 4776 wps
0.899 perplexity: 8657.578 speed: 4787 wps
0.999 perplexity: 8657.104 speed: 4794 wps
Epoch: 7 Train Perplexity: 8657.104
Epoch: 7 Valid Perplexity: 8605.952
Epoch: 8 Learning rate: 0.800
0.000 perplexity: 8531.556 speed: 4555 wps
0.100 perplexity: 8581.287 speed: 4946 wps
0.200 perplexity: 8594.649 speed: 4827 wps
0.300 perplexity: 8633.000 speed: 4816 wps
0.400 perplexity: 8645.685 speed: 4795 wps
0.500 perplexity: 8637.137 speed: 4770 wps
0.599 perplexity: 8633.945 speed: 4756 wps
0.699 perplexity: 8637.112 speed: 4766 wps
0.799 perplexity: 8625.400 speed: 4779 wps
0.899 perplexity: 8646.276 speed: 4792 wps
0.999 perplexity: 8646.003 speed: 4802 wps
Epoch: 8 Train Perplexity: 8646.003
Epoch: 8 Valid Perplexity: 8597.020
Epoch: 9 Learning rate: 0.640
0.000 perplexity: 8518.483 speed: 4707 wps
0.100 perplexity: 8570.398 speed: 4860 wps
0.200 perplexity: 8584.174 speed: 4728 wps
0.300 perplexity: 8622.743 speed: 4753 wps
0.400 perplexity: 8635.812 speed: 4775 wps
0.500 perplexity: 8627.550 speed: 4767 wps
0.599 perplexity: 8624.435 speed: 4711 wps
0.699 perplexity: 8627.777 speed: 4722 wps
0.799 perplexity: 8616.070 speed: 4733 wps
0.899 perplexity: 8637.294 speed: 4746 wps
0.999 perplexity: 8636.987 speed: 4760 wps
Epoch: 9 Train Perplexity: 8636.987
Epoch: 9 Valid Perplexity: 8588.110
Epoch: 10 Learning rate: 0.512
0.000 perplexity: 8506.111 speed: 4495 wps
0.100 perplexity: 8559.779 speed: 4828 wps
0.200 perplexity: 8574.206 speed: 4739 wps
0.300 perplexity: 8613.052 speed: 4836 wps
0.400 perplexity: 8626.881 speed: 4841 wps
0.500 perplexity: 8618.950 speed: 4822 wps
0.599 perplexity: 8615.605 speed: 4812 wps
0.699 perplexity: 8618.884 speed: 4818 wps
0.799 perplexity: 8607.335 speed: 4814 wps
0.899 perplexity: 8629.014 speed: 4812 wps
0.999 perplexity: 8628.911 speed: 4820 wps
Epoch: 10 Train Perplexity: 8628.911
Epoch: 10 Valid Perplexity: 8582.262
Epoch: 11 Learning rate: 0.410
0.000 perplexity: 8501.618 speed: 4698 wps
0.100 perplexity: 8551.965 speed: 4873 wps
0.200 perplexity: 8566.435 speed: 4774 wps
0.300 perplexity: 8605.199 speed: 4763 wps
0.400 perplexity: 8619.405 speed: 4762 wps
0.500 perplexity: 8611.754 speed: 4743 wps
0.599 perplexity: 8608.360 speed: 4729 wps
0.699 perplexity: 8611.759 speed: 4747 wps
0.799 perplexity: 8600.401 speed: 4763 wps
0.899 perplexity: 8622.351 speed: 4774 wps
0.999 perplexity: 8622.328 speed: 4786 wps
Epoch: 11 Train Perplexity: 8622.328
Epoch: 11 Valid Perplexity: 8577.319
Epoch: 12 Learning rate: 0.328
0.000 perplexity: 8491.878 speed: 4747 wps
0.100 perplexity: 8546.561 speed: 4913 wps
0.200 perplexity: 8561.103 speed: 4768 wps
0.300 perplexity: 8600.534 speed: 4797 wps
0.400 perplexity: 8614.835 speed: 4767 wps
0.500 perplexity: 8607.391 speed: 4656 wps
0.599 perplexity: 8603.916 speed: 4665 wps
0.699 perplexity: 8607.260 speed: 4686 wps
0.799 perplexity: 8595.899 speed: 4701 wps
0.899 perplexity: 8617.842 speed: 4719 wps
0.999 perplexity: 8617.857 speed: 4734 wps
Epoch: 12 Train Perplexity: 8617.857
Epoch: 12 Valid Perplexity: 8574.626
Epoch: 13 Learning rate: 0.262
0.000 perplexity: 8494.721 speed: 4634 wps
0.100 perplexity: 8540.630 speed: 4858 wps
0.200 perplexity: 8555.536 speed: 4746 wps
0.300 perplexity: 8595.084 speed: 4777 wps
0.400 perplexity: 8610.107 speed: 4790 wps
0.500 perplexity: 8602.801 speed: 4773 wps
0.599 perplexity: 8599.475 speed: 4769 wps
0.699 perplexity: 8602.759 speed: 4772 wps
0.799 perplexity: 8591.486 speed: 4789 wps
0.899 perplexity: 8613.590 speed: 4803 wps
0.999 perplexity: 8613.681 speed: 4816 wps
Epoch: 13 Train Perplexity: 8613.681
Epoch: 13 Valid Perplexity: 8572.413
Epoch: 14 Learning rate: 0.210
0.000 perplexity: 8489.230 speed: 4597 wps
0.100 perplexity: 8537.898 speed: 4891 wps
0.200 perplexity: 8552.380 speed: 4774 wps
0.300 perplexity: 8592.515 speed: 4797 wps
0.400 perplexity: 8607.287 speed: 4779 wps
0.500 perplexity: 8600.313 speed: 4761 wps
0.599 perplexity: 8596.888 speed: 4750 wps
0.699 perplexity: 8599.991 speed: 4764 wps
0.799 perplexity: 8588.845 speed: 4776 wps
0.899 perplexity: 8610.987 speed: 4788 wps
0.999 perplexity: 8611.050 speed: 4801 wps
Epoch: 14 Train Perplexity: 8611.050
Epoch: 14 Valid Perplexity: 8570.537
Epoch: 15 Learning rate: 0.168
0.000 perplexity: 8483.573 speed: 4598 wps
0.100 perplexity: 8534.407 speed: 4890 wps
0.200 perplexity: 8549.302 speed: 4775 wps
0.300 perplexity: 8589.042 speed: 4637 wps
0.400 perplexity: 8604.253 speed: 4664 wps
0.500 perplexity: 8597.132 speed: 4676 wps
0.599 perplexity: 8594.032 speed: 4678 wps
0.699 perplexity: 8597.316 speed: 4697 wps
0.799 perplexity: 8586.201 speed: 4712 wps
0.899 perplexity: 8608.464 speed: 4731 wps
0.999 perplexity: 8608.539 speed: 4748 wps
Epoch: 15 Train Perplexity: 8608.539
Epoch: 15 Valid Perplexity: 8569.280
Test Perplexity: 8386.828
Saving model to /esat/spchtemp/scratch/robbe/output/output_topic_ptb/topic_0/topic_0.
