job started
Interpolation factor = 0.000 : valid perplexity = 139.050
Interpolation factor = 0.020 : valid perplexity = 139.688
Interpolation factor = 0.041 : valid perplexity = 140.678
Interpolation factor = 0.061 : valid perplexity = 141.888
Interpolation factor = 0.082 : valid perplexity = 143.273
Interpolation factor = 0.102 : valid perplexity = 144.812
Interpolation factor = 0.122 : valid perplexity = 146.493
Interpolation factor = 0.143 : valid perplexity = 148.310
Interpolation factor = 0.163 : valid perplexity = 150.261
Interpolation factor = 0.184 : valid perplexity = 152.346
Interpolation factor = 0.204 : valid perplexity = 154.567
Interpolation factor = 0.224 : valid perplexity = 156.929
Interpolation factor = 0.245 : valid perplexity = 159.436
Interpolation factor = 0.265 : valid perplexity = 162.095
Interpolation factor = 0.286 : valid perplexity = 164.914
Interpolation factor = 0.306 : valid perplexity = 167.902
Interpolation factor = 0.327 : valid perplexity = 171.070
Interpolation factor = 0.347 : valid perplexity = 174.431
Interpolation factor = 0.367 : valid perplexity = 177.998
Interpolation factor = 0.388 : valid perplexity = 181.787
Interpolation factor = 0.408 : valid perplexity = 185.818
Interpolation factor = 0.429 : valid perplexity = 190.109
Interpolation factor = 0.449 : valid perplexity = 194.686
Interpolation factor = 0.469 : valid perplexity = 199.576
Interpolation factor = 0.490 : valid perplexity = 204.808
Interpolation factor = 0.510 : valid perplexity = 210.420
Interpolation factor = 0.531 : valid perplexity = 216.453
Interpolation factor = 0.551 : valid perplexity = 222.955
Interpolation factor = 0.571 : valid perplexity = 229.982
Interpolation factor = 0.592 : valid perplexity = 237.601
Interpolation factor = 0.612 : valid perplexity = 245.890
Interpolation factor = 0.633 : valid perplexity = 254.945
Interpolation factor = 0.653 : valid perplexity = 264.880
Interpolation factor = 0.673 : valid perplexity = 275.832
Interpolation factor = 0.694 : valid perplexity = 287.974
Interpolation factor = 0.714 : valid perplexity = 301.519
Interpolation factor = 0.735 : valid perplexity = 316.738
Interpolation factor = 0.755 : valid perplexity = 333.980
Interpolation factor = 0.776 : valid perplexity = 353.704
Interpolation factor = 0.796 : valid perplexity = 376.524
Interpolation factor = 0.816 : valid perplexity = 403.290
Interpolation factor = 0.837 : valid perplexity = 435.209
Interpolation factor = 0.857 : valid perplexity = 474.067
Interpolation factor = 0.878 : valid perplexity = 522.645
Interpolation factor = 0.898 : valid perplexity = 585.554
Interpolation factor = 0.918 : valid perplexity = 671.134
Interpolation factor = 0.939 : valid perplexity = 796.513
Interpolation factor = 0.959 : valid perplexity = 1004.735
Interpolation factor = 0.980 : valid perplexity = 1456.388
Interpolation factor = 1.000 : valid perplexity = 8569.279
Best interpolation factor = 0.000
Test Perplexity: 144.365
Saving model to /esat/spchtemp/scratch/robbe/output/output_topic_ptb/topic_0/topic_0.
