000 (997.000.000) 05/01 22:31:11 Job submitted from host: <10.33.133.154:9618?addrs=10.33.133.154-9618+[--1]-9618&noUDP&sock=1383_3391_3>
    DAG Node: cbow_tfidf_lstm
...
001 (997.000.000) 05/01 22:31:32 Job executing on host: <10.33.133.111:9618?addrs=10.33.133.111-9618+[--1]-9618&noUDP&sock=1377_1600_3>
...
006 (997.000.000) 05/01 22:31:40 Image size of job updated: 117032
	78  -  MemoryUsage of job (MB)
	79768  -  ResidentSetSize of job (KB)
...
006 (997.000.000) 05/01 22:36:40 Image size of job updated: 1408040
	1042  -  MemoryUsage of job (MB)
	1066764  -  ResidentSetSize of job (KB)
...
006 (997.000.000) 05/01 22:41:40 Image size of job updated: 1409364
	1044  -  MemoryUsage of job (MB)
	1068088  -  ResidentSetSize of job (KB)
...
006 (997.000.000) 05/01 22:46:41 Image size of job updated: 1410392
	1045  -  MemoryUsage of job (MB)
	1069116  -  ResidentSetSize of job (KB)
...
006 (997.000.000) 05/01 23:56:48 Image size of job updated: 1410876
	1045  -  MemoryUsage of job (MB)
	1069600  -  ResidentSetSize of job (KB)
...
006 (997.000.000) 05/02 00:01:48 Image size of job updated: 1411180
	1045  -  MemoryUsage of job (MB)
	1069904  -  ResidentSetSize of job (KB)
...
006 (997.000.000) 05/02 05:52:27 Image size of job updated: 1411480
	1046  -  MemoryUsage of job (MB)
	1070140  -  ResidentSetSize of job (KB)
...
010 (997.000.000) 05/02 09:33:13 Job was suspended.
	Number of processes actually suspended: 12
...
011 (997.000.000) 05/02 09:38:14 Job was unsuspended.
...
010 (997.000.000) 05/02 10:18:53 Job was suspended.
	Number of processes actually suspended: 12
...
011 (997.000.000) 05/02 10:33:54 Job was unsuspended.
...
004 (997.000.000) 05/02 10:33:55 Job was evicted.
	(0) Job was not checkpointed.
		Usr 0 08:08:01, Sys 0 00:04:56  -  Run Remote Usage
		Usr 0 00:00:00, Sys 0 00:00:00  -  Run Local Usage
	0  -  Run Bytes Sent By Job
	0  -  Run Bytes Received By Job
	Partitionable Resources :    Usage  Request Allocated
	   Cpus                 :                 1         1
	   Disk (KB)            :        7        7  12407911
	   Gpus                 :                 1         1
	   Memory (MB)          :     1046     4096      4096
...
001 (997.000.000) 05/02 18:50:47 Job executing on host: <10.33.133.61:9618?addrs=10.33.133.61-9618+[--1]-9618&noUDP&sock=2855_defa_3>
...
010 (997.000.000) 05/02 19:46:55 Job was suspended.
	Number of processes actually suspended: 12
...
011 (997.000.000) 05/02 19:51:57 Job was unsuspended.
...
010 (997.000.000) 05/02 21:06:43 Job was suspended.
	Number of processes actually suspended: 12
...
011 (997.000.000) 05/02 21:12:16 Job was unsuspended.
...
010 (997.000.000) 05/02 21:37:44 Job was suspended.
	Number of processes actually suspended: 12
...
011 (997.000.000) 05/02 21:50:48 Job was unsuspended.
...
010 (997.000.000) 05/02 21:53:19 Job was suspended.
	Number of processes actually suspended: 12
...
011 (997.000.000) 05/02 22:08:20 Job was unsuspended.
...
004 (997.000.000) 05/02 22:08:20 Job was evicted.
	(0) Job was not checkpointed.
		Usr 0 02:13:50, Sys 0 00:04:09  -  Run Remote Usage
		Usr 0 00:00:00, Sys 0 00:00:00  -  Run Local Usage
	0  -  Run Bytes Sent By Job
	0  -  Run Bytes Received By Job
	Partitionable Resources :    Usage  Request Allocated
	   Cpus                 :                 1         1
	   Disk (KB)            :        7        7   9491513
	   Gpus                 :                 1         1
	   Memory (MB)          :     1221     4096      4096
...
001 (997.000.000) 05/02 23:35:42 Job executing on host: <10.33.133.70:9618?addrs=10.33.133.70-9618+[--1]-9618&noUDP&sock=19079_2f80_3>
...
006 (997.000.000) 05/03 02:10:44 Image size of job updated: 1540656
	1221  -  MemoryUsage of job (MB)
	1250000  -  ResidentSetSize of job (KB)
...
005 (997.000.000) 05/03 02:10:44 Job terminated.
	(1) Normal termination (return value 0)
		Usr 0 03:00:14, Sys 0 00:17:59  -  Run Remote Usage
		Usr 0 00:00:00, Sys 0 00:00:00  -  Run Local Usage
		Usr 0 03:00:14, Sys 0 00:17:59  -  Total Remote Usage
		Usr 0 00:00:00, Sys 0 00:00:00  -  Total Local Usage
	0  -  Run Bytes Sent By Job
	0  -  Run Bytes Received By Job
	0  -  Total Bytes Sent By Job
	0  -  Total Bytes Received By Job
	Partitionable Resources :    Usage  Request Allocated
	   Cpus                 :                 1         1
	   Disk (KB)            :        7        7  39037248
	   Gpus                 :                 1         1
	   Memory (MB)          :     1221     4096      4096
...
