I tensorflow/stream_executor/dso_loader.cc:128] successfully opened CUDA library libcublas.so locally
I tensorflow/stream_executor/dso_loader.cc:128] successfully opened CUDA library libcudnn.so locally
I tensorflow/stream_executor/dso_loader.cc:128] successfully opened CUDA library libcufft.so locally
I tensorflow/stream_executor/dso_loader.cc:128] successfully opened CUDA library libcuda.so.1 locally
I tensorflow/stream_executor/dso_loader.cc:128] successfully opened CUDA library libcurand.so locally
/users/start2014/r0385169/.local/lib/python2.7/site-packages/gensim/utils.py:1015: UserWarning: Pattern library is not installed, lemmatization won't be available.
  warnings.warn("Pattern library is not installed, lemmatization won't be available.")
I tensorflow/core/common_runtime/gpu/gpu_device.cc:885] Found device 0 with properties: 
name: GeForce GTX 1070
major: 6 minor: 1 memoryClockRate (GHz) 1.683
pciBusID 0000:02:00.0
Total memory: 7.92GiB
Free memory: 7.84GiB
I tensorflow/core/common_runtime/gpu/gpu_device.cc:906] DMA: 0 
I tensorflow/core/common_runtime/gpu/gpu_device.cc:916] 0:   Y 
I tensorflow/core/common_runtime/gpu/gpu_device.cc:975] Creating TensorFlow device (/gpu:0) -> (device: 0, name: GeForce GTX 1070, pci bus id: 0000:02:00.0)
I tensorflow/core/common_runtime/gpu/pool_allocator.cc:247] PoolAllocator: After 7885 get requests, put_count=7838 evicted_count=1000 eviction_rate=0.127584 and unsatisfied allocation rate=0.145466
I tensorflow/core/common_runtime/gpu/pool_allocator.cc:259] Raising pool_size_limit_ from 100 to 110
I tensorflow/core/common_runtime/gpu/pool_allocator.cc:247] PoolAllocator: After 1212332 get requests, put_count=1212332 evicted_count=1000 eviction_rate=0.000824857 and unsatisfied allocation rate=0.000843828
I tensorflow/core/common_runtime/gpu/pool_allocator.cc:247] PoolAllocator: After 9600008 get requests, put_count=9600005 evicted_count=11000 eviction_rate=0.00114583 and unsatisfied allocation rate=0.00114854
I tensorflow/core/common_runtime/gpu/pool_allocator.cc:247] PoolAllocator: After 17817646 get requests, put_count=17817643 evicted_count=21000 eviction_rate=0.00117861 and unsatisfied allocation rate=0.00118007
I tensorflow/core/common_runtime/gpu/pool_allocator.cc:247] PoolAllocator: After 26175468 get requests, put_count=26175466 evicted_count=31000 eviction_rate=0.00118432 and unsatisfied allocation rate=0.00118527
I tensorflow/core/common_runtime/gpu/pool_allocator.cc:247] PoolAllocator: After 33257356 get requests, put_count=33257352 evicted_count=41000 eviction_rate=0.00123281 and unsatisfied allocation rate=0.00123362
I tensorflow/core/common_runtime/gpu/pool_allocator.cc:247] PoolAllocator: After 40291218 get requests, put_count=40291214 evicted_count=51000 eviction_rate=0.00126578 and unsatisfied allocation rate=0.00126645
I tensorflow/core/common_runtime/gpu/pool_allocator.cc:247] PoolAllocator: After 47278352 get requests, put_count=47278348 evicted_count=61000 eviction_rate=0.00129023 and unsatisfied allocation rate=0.0012908
I tensorflow/core/common_runtime/gpu/pool_allocator.cc:247] PoolAllocator: After 54410862 get requests, put_count=54410858 evicted_count=71000 eviction_rate=0.00130489 and unsatisfied allocation rate=0.00130538
I tensorflow/core/common_runtime/gpu/pool_allocator.cc:247] PoolAllocator: After 60878796 get requests, put_count=60878792 evicted_count=81000 eviction_rate=0.00133051 and unsatisfied allocation rate=0.00133096
I tensorflow/core/common_runtime/gpu/pool_allocator.cc:247] PoolAllocator: After 68154086 get requests, put_count=68154082 evicted_count=91000 eviction_rate=0.00133521 and unsatisfied allocation rate=0.00133561
I tensorflow/core/common_runtime/gpu/pool_allocator.cc:247] PoolAllocator: After 74994546 get requests, put_count=74994542 evicted_count=101000 eviction_rate=0.00134676 and unsatisfied allocation rate=0.00134712
I tensorflow/core/common_runtime/gpu/pool_allocator.cc:247] PoolAllocator: After 82178976 get requests, put_count=82178974 evicted_count=111000 eviction_rate=0.00135071 and unsatisfied allocation rate=0.00135101
I tensorflow/core/common_runtime/gpu/pool_allocator.cc:247] PoolAllocator: After 89042800 get requests, put_count=89042798 evicted_count=121000 eviction_rate=0.0013589 and unsatisfied allocation rate=0.00135918
I tensorflow/core/common_runtime/gpu/pool_allocator.cc:247] PoolAllocator: After 95910518 get requests, put_count=95910516 evicted_count=131000 eviction_rate=0.00136586 and unsatisfied allocation rate=0.00136612
I tensorflow/core/common_runtime/gpu/pool_allocator.cc:247] PoolAllocator: After 102754872 get requests, put_count=102754870 evicted_count=141000 eviction_rate=0.0013722 and unsatisfied allocation rate=0.00137244
I tensorflow/core/common_runtime/gpu/pool_allocator.cc:247] PoolAllocator: After 109247468 get requests, put_count=109247466 evicted_count=151000 eviction_rate=0.00138218 and unsatisfied allocation rate=0.00138241
I tensorflow/core/common_runtime/gpu/pool_allocator.cc:247] PoolAllocator: After 116329356 get requests, put_count=116329354 evicted_count=161000 eviction_rate=0.001384 and unsatisfied allocation rate=0.00138422
I tensorflow/core/common_runtime/gpu/pool_allocator.cc:247] PoolAllocator: After 123508594 get requests, put_count=123508592 evicted_count=171000 eviction_rate=0.00138452 and unsatisfied allocation rate=0.00138472
I tensorflow/core/common_runtime/gpu/pool_allocator.cc:247] PoolAllocator: After 130537264 get requests, put_count=130537262 evicted_count=181000 eviction_rate=0.00138658 and unsatisfied allocation rate=0.00138677
I tensorflow/core/common_runtime/gpu/pool_allocator.cc:247] PoolAllocator: After 137768422 get requests, put_count=137768420 evicted_count=191000 eviction_rate=0.00138638 and unsatisfied allocation rate=0.00138657
I tensorflow/core/common_runtime/gpu/pool_allocator.cc:247] PoolAllocator: After 145039818 get requests, put_count=145039816 evicted_count=201000 eviction_rate=0.00138583 and unsatisfied allocation rate=0.001386
I tensorflow/core/common_runtime/gpu/pool_allocator.cc:247] PoolAllocator: After 152324194 get requests, put_count=152324192 evicted_count=211000 eviction_rate=0.0013852 and unsatisfied allocation rate=0.00138537
I tensorflow/core/common_runtime/gpu/pool_allocator.cc:247] PoolAllocator: After 159245130 get requests, put_count=159245128 evicted_count=221000 eviction_rate=0.0013878 and unsatisfied allocation rate=0.00138795
I tensorflow/core/common_runtime/gpu/pool_allocator.cc:247] PoolAllocator: After 166076504 get requests, put_count=166076502 evicted_count=231000 eviction_rate=0.00139093 and unsatisfied allocation rate=0.00139108
I tensorflow/core/common_runtime/gpu/pool_allocator.cc:247] PoolAllocator: After 173307662 get requests, put_count=173307661 evicted_count=241000 eviction_rate=0.00139059 and unsatisfied allocation rate=0.00139073
I tensorflow/core/common_runtime/gpu/pool_allocator.cc:247] PoolAllocator: After 180980140 get requests, put_count=180980139 evicted_count=251000 eviction_rate=0.00138689 and unsatisfied allocation rate=0.00138703
I tensorflow/core/common_runtime/gpu/pool_allocator.cc:247] PoolAllocator: After 188666896 get requests, put_count=188666895 evicted_count=261000 eviction_rate=0.00138339 and unsatisfied allocation rate=0.00138352
I tensorflow/core/common_runtime/gpu/pool_allocator.cc:247] PoolAllocator: After 196378314 get requests, put_count=196378313 evicted_count=271000 eviction_rate=0.00137999 and unsatisfied allocation rate=0.00138011
I tensorflow/core/common_runtime/gpu/pool_allocator.cc:247] PoolAllocator: After 204030988 get requests, put_count=204030986 evicted_count=281000 eviction_rate=0.00137724 and unsatisfied allocation rate=0.00137736
I tensorflow/core/common_runtime/gpu/pool_allocator.cc:247] PoolAllocator: After 210788376 get requests, put_count=210788374 evicted_count=291000 eviction_rate=0.00138053 and unsatisfied allocation rate=0.00138065
I tensorflow/core/common_runtime/gpu/pool_allocator.cc:247] PoolAllocator: After 217482162 get requests, put_count=217482161 evicted_count=301000 eviction_rate=0.00138402 and unsatisfied allocation rate=0.00138413
I tensorflow/core/common_runtime/gpu/pool_allocator.cc:247] PoolAllocator: After 224209696 get requests, put_count=224209695 evicted_count=311000 eviction_rate=0.00138709 and unsatisfied allocation rate=0.0013872
I tensorflow/core/common_runtime/gpu/pool_allocator.cc:247] PoolAllocator: After 230845072 get requests, put_count=230845071 evicted_count=321000 eviction_rate=0.00139054 and unsatisfied allocation rate=0.00139065
I tensorflow/core/common_runtime/gpu/pool_allocator.cc:247] PoolAllocator: After 237301324 get requests, put_count=237301323 evicted_count=331000 eviction_rate=0.00139485 and unsatisfied allocation rate=0.00139495
I tensorflow/core/common_runtime/gpu/pool_allocator.cc:247] PoolAllocator: After 243714742 get requests, put_count=243714741 evicted_count=341000 eviction_rate=0.00139918 and unsatisfied allocation rate=0.00139928
I tensorflow/core/common_runtime/gpu/pool_allocator.cc:247] PoolAllocator: After 250557798 get requests, put_count=250557795 evicted_count=351000 eviction_rate=0.00140087 and unsatisfied allocation rate=0.00140098
I tensorflow/core/common_runtime/gpu/pool_allocator.cc:247] PoolAllocator: After 257351530 get requests, put_count=257351527 evicted_count=361000 eviction_rate=0.00140275 and unsatisfied allocation rate=0.00140285
I tensorflow/core/common_runtime/gpu/pool_allocator.cc:247] PoolAllocator: After 263753266 get requests, put_count=263753263 evicted_count=371000 eviction_rate=0.00140662 and unsatisfied allocation rate=0.00140672
I tensorflow/core/common_runtime/gpu/pool_allocator.cc:247] PoolAllocator: After 270335424 get requests, put_count=270335421 evicted_count=381000 eviction_rate=0.00140936 and unsatisfied allocation rate=0.00140946
I tensorflow/core/common_runtime/gpu/pool_allocator.cc:247] PoolAllocator: After 276700816 get requests, put_count=276700813 evicted_count=391000 eviction_rate=0.00141308 and unsatisfied allocation rate=0.00141317
I tensorflow/core/common_runtime/gpu/pool_allocator.cc:247] PoolAllocator: After 283354364 get requests, put_count=283354361 evicted_count=401000 eviction_rate=0.00141519 and unsatisfied allocation rate=0.00141528
I tensorflow/core/common_runtime/gpu/pool_allocator.cc:247] PoolAllocator: After 289892390 get requests, put_count=289892387 evicted_count=411000 eviction_rate=0.00141777 and unsatisfied allocation rate=0.00141786
I tensorflow/core/common_runtime/gpu/pool_allocator.cc:247] PoolAllocator: After 296235716 get requests, put_count=296235713 evicted_count=421000 eviction_rate=0.00142117 and unsatisfied allocation rate=0.00142125
I tensorflow/core/common_runtime/gpu/pool_allocator.cc:247] PoolAllocator: After 302702352 get requests, put_count=302702352 evicted_count=431000 eviction_rate=0.00142384 and unsatisfied allocation rate=0.00142392
I tensorflow/core/common_runtime/gpu/pool_allocator.cc:247] PoolAllocator: After 309424694 get requests, put_count=309424694 evicted_count=441000 eviction_rate=0.00142523 and unsatisfied allocation rate=0.0014253
I tensorflow/core/common_runtime/gpu/pool_allocator.cc:247] PoolAllocator: After 316267750 get requests, put_count=316267750 evicted_count=451000 eviction_rate=0.00142601 and unsatisfied allocation rate=0.00142608
I tensorflow/core/common_runtime/gpu/pool_allocator.cc:247] PoolAllocator: After 322974516 get requests, put_count=322974516 evicted_count=461000 eviction_rate=0.00142736 and unsatisfied allocation rate=0.00142743
I tensorflow/core/common_runtime/gpu/pool_allocator.cc:247] PoolAllocator: After 329578740 get requests, put_count=329578736 evicted_count=471000 eviction_rate=0.0014291 and unsatisfied allocation rate=0.00142918
I tensorflow/core/common_runtime/gpu/pool_allocator.cc:247] PoolAllocator: After 335815630 get requests, put_count=335815630 evicted_count=481000 eviction_rate=0.00143233 and unsatisfied allocation rate=0.0014324
I tensorflow/core/common_runtime/gpu/pool_allocator.cc:247] PoolAllocator: After 342157658 get requests, put_count=342157658 evicted_count=491000 eviction_rate=0.00143501 and unsatisfied allocation rate=0.00143508
I tensorflow/core/common_runtime/gpu/pool_allocator.cc:247] PoolAllocator: After 348702174 get requests, put_count=348702174 evicted_count=501000 eviction_rate=0.00143676 and unsatisfied allocation rate=0.00143682
I tensorflow/core/common_runtime/gpu/pool_allocator.cc:247] PoolAllocator: After 355157128 get requests, put_count=355157128 evicted_count=511000 eviction_rate=0.0014388 and unsatisfied allocation rate=0.00143886
I tensorflow/core/common_runtime/gpu/pool_allocator.cc:247] PoolAllocator: After 361736690 get requests, put_count=361736690 evicted_count=521000 eviction_rate=0.00144027 and unsatisfied allocation rate=0.00144034
I tensorflow/core/common_runtime/gpu/pool_allocator.cc:247] PoolAllocator: After 368378556 get requests, put_count=368378555 evicted_count=531000 eviction_rate=0.00144145 and unsatisfied allocation rate=0.00144152
I tensorflow/core/common_runtime/gpu/pool_allocator.cc:247] PoolAllocator: After 374994462 get requests, put_count=374994461 evicted_count=541000 eviction_rate=0.00144269 and unsatisfied allocation rate=0.00144275
I tensorflow/core/common_runtime/gpu/pool_allocator.cc:247] PoolAllocator: After 381439032 get requests, put_count=381439031 evicted_count=551000 eviction_rate=0.00144453 and unsatisfied allocation rate=0.00144459
I tensorflow/core/common_runtime/gpu/pool_allocator.cc:247] PoolAllocator: After 388013402 get requests, put_count=388013401 evicted_count=561000 eviction_rate=0.00144583 and unsatisfied allocation rate=0.00144589
I tensorflow/core/common_runtime/gpu/pool_allocator.cc:247] PoolAllocator: After 394408648 get requests, put_count=394408647 evicted_count=571000 eviction_rate=0.00144774 and unsatisfied allocation rate=0.0014478
I tensorflow/core/common_runtime/gpu/pool_allocator.cc:247] PoolAllocator: After 401722544 get requests, put_count=401722541 evicted_count=581000 eviction_rate=0.00144627 and unsatisfied allocation rate=0.00144634
I tensorflow/core/common_runtime/gpu/pool_allocator.cc:247] PoolAllocator: After 409931096 get requests, put_count=409931093 evicted_count=591000 eviction_rate=0.00144171 and unsatisfied allocation rate=0.00144177
I tensorflow/core/common_runtime/gpu/pool_allocator.cc:247] PoolAllocator: After 418527750 get requests, put_count=418527747 evicted_count=601000 eviction_rate=0.00143599 and unsatisfied allocation rate=0.00143605
I tensorflow/core/common_runtime/gpu/pool_allocator.cc:247] PoolAllocator: After 425282542 get requests, put_count=425282542 evicted_count=611000 eviction_rate=0.00143669 and unsatisfied allocation rate=0.00143675
I tensorflow/core/common_runtime/gpu/pool_allocator.cc:247] PoolAllocator: After 431493472 get requests, put_count=431493472 evicted_count=621000 eviction_rate=0.00143919 and unsatisfied allocation rate=0.00143924
I tensorflow/core/common_runtime/gpu/pool_allocator.cc:247] PoolAllocator: After 438137934 get requests, put_count=438137934 evicted_count=631000 eviction_rate=0.00144019 and unsatisfied allocation rate=0.00144024
I tensorflow/core/common_runtime/gpu/pool_allocator.cc:247] PoolAllocator: After 445060168 get requests, put_count=445060168 evicted_count=641000 eviction_rate=0.00144025 and unsatisfied allocation rate=0.00144031
I tensorflow/core/common_runtime/gpu/pool_allocator.cc:247] PoolAllocator: After 451598194 get requests, put_count=451598194 evicted_count=651000 eviction_rate=0.00144155 and unsatisfied allocation rate=0.0014416
I tensorflow/core/common_runtime/gpu/pool_allocator.cc:247] PoolAllocator: After 458108962 get requests, put_count=458108962 evicted_count=661000 eviction_rate=0.00144289 and unsatisfied allocation rate=0.00144294
I tensorflow/core/common_runtime/gpu/pool_allocator.cc:247] PoolAllocator: After 464430222 get requests, put_count=464430218 evicted_count=671000 eviction_rate=0.00144478 and unsatisfied allocation rate=0.00144484
I tensorflow/core/common_runtime/gpu/pool_allocator.cc:247] PoolAllocator: After 470907242 get requests, put_count=470907238 evicted_count=681000 eviction_rate=0.00144614 and unsatisfied allocation rate=0.0014462
I tensorflow/core/common_runtime/gpu/pool_allocator.cc:247] PoolAllocator: After 477540022 get requests, put_count=477540018 evicted_count=691000 eviction_rate=0.001447 and unsatisfied allocation rate=0.00144706
I tensorflow/core/common_runtime/gpu/pool_allocator.cc:247] PoolAllocator: After 484018340 get requests, put_count=484018336 evicted_count=701000 eviction_rate=0.00144829 and unsatisfied allocation rate=0.00144835
I tensorflow/core/common_runtime/gpu/pool_allocator.cc:247] PoolAllocator: After 490544684 get requests, put_count=490544680 evicted_count=711000 eviction_rate=0.00144941 and unsatisfied allocation rate=0.00144946
I tensorflow/core/common_runtime/gpu/pool_allocator.cc:247] PoolAllocator: After 497082710 get requests, put_count=497082706 evicted_count=721000 eviction_rate=0.00145046 and unsatisfied allocation rate=0.00145052
I tensorflow/core/common_runtime/gpu/pool_allocator.cc:247] PoolAllocator: After 503593478 get requests, put_count=503593474 evicted_count=731000 eviction_rate=0.00145157 and unsatisfied allocation rate=0.00145162
I tensorflow/core/common_runtime/gpu/pool_allocator.cc:247] PoolAllocator: After 510076988 get requests, put_count=510076984 evicted_count=741000 eviction_rate=0.00145272 and unsatisfied allocation rate=0.00145277
I tensorflow/core/common_runtime/gpu/pool_allocator.cc:247] PoolAllocator: After 516835674 get requests, put_count=516835670 evicted_count=751000 eviction_rate=0.00145307 and unsatisfied allocation rate=0.00145313
I tensorflow/core/common_runtime/gpu/pool_allocator.cc:247] PoolAllocator: After 523491818 get requests, put_count=523491814 evicted_count=761000 eviction_rate=0.0014537 and unsatisfied allocation rate=0.00145375
I tensorflow/core/common_runtime/gpu/pool_allocator.cc:247] PoolAllocator: After 529877978 get requests, put_count=529877974 evicted_count=771000 eviction_rate=0.00145505 and unsatisfied allocation rate=0.0014551
I tensorflow/core/common_runtime/gpu/pool_allocator.cc:247] PoolAllocator: After 536630174 get requests, put_count=536630170 evicted_count=781000 eviction_rate=0.00145538 and unsatisfied allocation rate=0.00145543
I tensorflow/core/common_runtime/gpu/pool_allocator.cc:247] PoolAllocator: After 543253868 get requests, put_count=543253864 evicted_count=791000 eviction_rate=0.00145604 and unsatisfied allocation rate=0.00145609
I tensorflow/core/common_runtime/gpu/pool_allocator.cc:247] PoolAllocator: After 549868476 get requests, put_count=549868472 evicted_count=801000 eviction_rate=0.00145671 and unsatisfied allocation rate=0.00145676
I tensorflow/core/common_runtime/gpu/pool_allocator.cc:247] PoolAllocator: After 556572646 get requests, put_count=556572642 evicted_count=811000 eviction_rate=0.00145713 and unsatisfied allocation rate=0.00145718
I tensorflow/core/common_runtime/gpu/pool_allocator.cc:247] PoolAllocator: After 563187254 get requests, put_count=563187250 evicted_count=821000 eviction_rate=0.00145777 and unsatisfied allocation rate=0.00145782
I tensorflow/core/common_runtime/gpu/pool_allocator.cc:247] PoolAllocator: After 569943344 get requests, put_count=569943340 evicted_count=831000 eviction_rate=0.00145804 and unsatisfied allocation rate=0.00145809
I tensorflow/core/common_runtime/gpu/pool_allocator.cc:247] PoolAllocator: After 576639726 get requests, put_count=576639722 evicted_count=841000 eviction_rate=0.00145845 and unsatisfied allocation rate=0.0014585
I tensorflow/core/common_runtime/gpu/pool_allocator.cc:247] PoolAllocator: After 583449034 get requests, put_count=583449030 evicted_count=851000 eviction_rate=0.00145857 and unsatisfied allocation rate=0.00145861
I tensorflow/core/common_runtime/gpu/pool_allocator.cc:247] PoolAllocator: After 590125946 get requests, put_count=590125942 evicted_count=861000 eviction_rate=0.00145901 and unsatisfied allocation rate=0.00145906
I tensorflow/core/common_runtime/gpu/pool_allocator.cc:247] PoolAllocator: After 596615946 get requests, put_count=596615945 evicted_count=871000 eviction_rate=0.0014599 and unsatisfied allocation rate=0.00145994
