job started
Epoch: 1 Learning rate: 1.000
0.000 perplexity: 50045.100 speed: 201 wps
0.100 perplexity: 435.957 speed: 2659 wps
0.200 perplexity: 361.233 speed: 2672 wps
0.300 perplexity: 327.313 speed: 2679 wps
0.400 perplexity: 306.359 speed: 2682 wps
0.500 perplexity: 291.697 speed: 2679 wps
0.600 perplexity: 281.143 speed: 2674 wps
0.700 perplexity: 272.712 speed: 2667 wps
0.800 perplexity: 265.778 speed: 2668 wps
0.900 perplexity: 260.008 speed: 2670 wps
1.000 perplexity: 255.063 speed: 2675 wps
Epoch: 1 Train Perplexity: 255.063
with(perplexity: 206.319) speed: 5446 wps
Epoch: 1 Valid Perplexity: 206.319
Epoch: 2 Learning rate: 1.000
0.000 perplexity: 303.290 speed: 2330 wps
0.100 perplexity: 212.709 speed: 2702 wps
0.200 perplexity: 210.875 speed: 2715 wps
0.300 perplexity: 209.686 speed: 2719 wps
0.400 perplexity: 208.537 speed: 2720 wps
0.500 perplexity: 207.377 speed: 2719 wps
0.600 perplexity: 206.686 speed: 2719 wps
0.700 perplexity: 205.906 speed: 2719 wps
0.800 perplexity: 205.086 speed: 2720 wps
0.900 perplexity: 204.306 speed: 2719 wps
1.000 perplexity: 203.560 speed: 2719 wps
Epoch: 2 Train Perplexity: 203.561
with(perplexity: 187.143) speed: 5616 wps
Epoch: 2 Valid Perplexity: 187.143
Epoch: 3 Learning rate: 1.000
0.000 perplexity: 289.665 speed: 2500 wps
0.100 perplexity: 196.786 speed: 2727 wps
0.200 perplexity: 195.693 speed: 2723 wps
0.300 perplexity: 195.212 speed: 2724 wps
0.400 perplexity: 194.680 speed: 2726 wps
0.500 perplexity: 194.083 speed: 2723 wps
0.600 perplexity: 193.892 speed: 2722 wps
0.700 perplexity: 193.561 speed: 2724 wps
0.800 perplexity: 193.173 speed: 2723 wps
0.900 perplexity: 192.786 speed: 2723 wps
1.000 perplexity: 192.407 speed: 2724 wps
Epoch: 3 Train Perplexity: 192.408
with(perplexity: 178.194) speed: 5408 wps
Epoch: 3 Valid Perplexity: 178.194
with(perplexity: 195.151) speed: 111 wps
Test Perplexity: 195.151
Saving model to /esat/spchtemp/scratch/wboes/SpeechHub/tied_models_smaller/output/cbow_mean_soft_0/cbow_mean_soft_0.
hihi
