000 (100.000.000) 04/09 22:53:05 Job submitted from host: <10.33.133.160:9618?addrs=10.33.133.160-9618+[--1]-9618&noUDP&sock=22148_43a8_4>
    DAG Node: cbow_exp_soft
...
001 (100.000.000) 04/10 09:50:35 Job executing on host: <10.33.133.10:9618?addrs=10.33.133.10-9618+[--1]-9618&noUDP&sock=17248_4597_22>
...
006 (100.000.000) 04/10 09:50:43 Image size of job updated: 162944
	160  -  MemoryUsage of job (MB)
	162944  -  ResidentSetSize of job (KB)
...
006 (100.000.000) 04/10 09:55:43 Image size of job updated: 1259964
	974  -  MemoryUsage of job (MB)
	996796  -  ResidentSetSize of job (KB)
...
006 (100.000.000) 04/10 10:00:44 Image size of job updated: 1270748
	984  -  MemoryUsage of job (MB)
	1007580  -  ResidentSetSize of job (KB)
...
006 (100.000.000) 04/10 10:10:45 Image size of job updated: 1271660
	985  -  MemoryUsage of job (MB)
	1008492  -  ResidentSetSize of job (KB)
...
006 (100.000.000) 04/10 10:15:46 Image size of job updated: 1272944
	987  -  MemoryUsage of job (MB)
	1009776  -  ResidentSetSize of job (KB)
...
006 (100.000.000) 04/10 10:20:47 Image size of job updated: 1274008
	988  -  MemoryUsage of job (MB)
	1010840  -  ResidentSetSize of job (KB)
...
006 (100.000.000) 04/10 10:25:48 Image size of job updated: 1274268
	988  -  MemoryUsage of job (MB)
	1011100  -  ResidentSetSize of job (KB)
...
006 (100.000.000) 04/10 10:50:51 Image size of job updated: 1275036
	989  -  MemoryUsage of job (MB)
	1011868  -  ResidentSetSize of job (KB)
...
006 (100.000.000) 04/11 06:33:32 Image size of job updated: 719563864
	989  -  MemoryUsage of job (MB)
	1011868  -  ResidentSetSize of job (KB)
...
005 (100.000.000) 04/11 06:33:32 Job terminated.
	(1) Normal termination (return value 0)
		Usr 0 01:55:28, Sys 0 00:05:37  -  Run Remote Usage
		Usr 0 00:00:00, Sys 0 00:00:00  -  Run Local Usage
		Usr 0 01:55:28, Sys 0 00:05:37  -  Total Remote Usage
		Usr 0 00:00:00, Sys 0 00:00:00  -  Total Local Usage
	0  -  Run Bytes Sent By Job
	0  -  Run Bytes Received By Job
	0  -  Total Bytes Sent By Job
	0  -  Total Bytes Received By Job
	Partitionable Resources :    Usage  Request Allocated
	   Cpus                 :                 1         1
	   Disk (KB)            :        7        7 193029877
	   Gpus                 :                 1         1
	   Memory (MB)          :      989     4096      4096
...
