job started
Epoch: 1 Learning rate: 1.000
0.000 perplexity: 49956.443 speed: 111 wps
0.100 perplexity: 408.150 speed: 2031 wps
0.200 perplexity: 330.002 speed: 2029 wps
0.300 perplexity: 294.891 speed: 2029 wps
0.400 perplexity: 273.599 speed: 2032 wps
0.500 perplexity: 258.900 speed: 2031 wps
0.600 perplexity: 248.424 speed: 2032 wps
0.700 perplexity: 240.061 speed: 2028 wps
0.800 perplexity: 233.266 speed: 2026 wps
0.900 perplexity: 227.617 speed: 2028 wps
1.000 perplexity: 222.785 speed: 2030 wps
Epoch: 1 Train Perplexity: 222.785
with(perplexity: 178.457) speed: 4648 wps
Epoch: 1 Valid Perplexity: 178.457
Epoch: 2 Learning rate: 1.000
0.000 perplexity: 270.540 speed: 2960 wps
0.100 perplexity: 181.773 speed: 2076 wps
0.200 perplexity: 180.011 speed: 2087 wps
0.300 perplexity: 178.934 speed: 2087 wps
0.400 perplexity: 177.894 speed: 2087 wps
0.500 perplexity: 176.849 speed: 2085 wps
0.600 perplexity: 176.262 speed: 2084 wps
0.700 perplexity: 175.557 speed: 2086 wps
0.800 perplexity: 174.832 speed: 2085 wps
0.900 perplexity: 174.142 speed: 2085 wps
1.000 perplexity: 173.464 speed: 2085 wps
Epoch: 2 Train Perplexity: 173.465
with(perplexity: 161.338) speed: 5686 wps
Epoch: 2 Valid Perplexity: 161.338
Epoch: 3 Learning rate: 1.000
0.000 perplexity: 243.576 speed: 2972 wps
0.100 perplexity: 167.442 speed: 2075 wps
0.200 perplexity: 166.453 speed: 2081 wps
0.300 perplexity: 166.034 speed: 2084 wps
0.400 perplexity: 165.610 speed: 2085 wps
0.500 perplexity: 165.098 speed: 2084 wps
0.600 perplexity: 164.963 speed: 2084 wps
0.700 perplexity: 164.683 speed: 2085 wps
0.800 perplexity: 164.359 speed: 2084 wps
0.900 perplexity: 164.026 speed: 2083 wps
1.000 perplexity: 163.686 speed: 2084 wps
Epoch: 3 Train Perplexity: 163.687
with(perplexity: 153.793) speed: 5678 wps
Epoch: 3 Valid Perplexity: 153.793
with(perplexity: 170.625) speed: 113 wps
Test Perplexity: 170.625
Saving model to /esat/spchtemp/scratch/wboes/SpeechHub/tied_models_smaller/output/cbow_exp_lstm_0/cbow_exp_lstm_0.
hihi
