job started
Epoch: 1 Learning rate: 1.000
0.000 perplexity: 8018.594 speed: 803 wps
0.100 perplexity: 892.607 speed: 5458 wps
0.200 perplexity: 718.245 speed: 5477 wps
0.300 perplexity: 594.464 speed: 5482 wps
0.400 perplexity: 496.287 speed: 5483 wps
0.500 perplexity: 430.665 speed: 5455 wps
0.600 perplexity: 386.656 speed: 5452 wps
0.700 perplexity: 355.150 speed: 5439 wps
0.800 perplexity: 331.702 speed: 5444 wps
0.900 perplexity: 313.518 speed: 5447 wps
1.000 perplexity: 298.799 speed: 5451 wps
Epoch: 1 Train Perplexity: 298.796
with(perplexity: 189.123) speed: 14153 wps
Epoch: 1 Valid Perplexity: 189.123
Epoch: 2 Learning rate: 1.000
0.000 perplexity: 270.133 speed: 5273 wps
0.100 perplexity: 191.605 speed: 5465 wps
0.200 perplexity: 189.533 speed: 5482 wps
0.300 perplexity: 188.070 speed: 5459 wps
0.400 perplexity: 186.711 speed: 5457 wps
0.500 perplexity: 185.369 speed: 5452 wps
0.600 perplexity: 184.440 speed: 5454 wps
0.700 perplexity: 183.420 speed: 5460 wps
0.800 perplexity: 182.412 speed: 5439 wps
0.900 perplexity: 181.460 speed: 5440 wps
1.000 perplexity: 180.537 speed: 5429 wps
Epoch: 2 Train Perplexity: 180.538
with(perplexity: 166.289) speed: 13952 wps
Epoch: 2 Valid Perplexity: 166.289
Epoch: 3 Learning rate: 1.000
0.000 perplexity: 236.445 speed: 5220 wps
0.100 perplexity: 172.251 speed: 5468 wps
0.200 perplexity: 171.220 speed: 5490 wps
0.300 perplexity: 170.713 speed: 5495 wps
0.400 perplexity: 170.168 speed: 5496 wps
0.500 perplexity: 169.528 speed: 5464 wps
0.600 perplexity: 169.284 speed: 5450 wps
0.700 perplexity: 168.902 speed: 5433 wps
0.800 perplexity: 168.500 speed: 5422 wps
0.900 perplexity: 168.073 speed: 5409 wps
1.000 perplexity: 167.642 speed: 5405 wps
Epoch: 3 Train Perplexity: 167.643
with(perplexity: 156.916) speed: 14404 wps
Epoch: 3 Valid Perplexity: 156.916
with(perplexity: 172.468) speed: 305 wps
Test Perplexity: 172.468
Saving model to /esat/spchtemp/scratch/wboes/SpeechHub/tied_models_smaller/output/extended_topic_1_0/extended_topic_1_0.
