000 (019.000.000) 04/18 09:55:25 Job submitted from host: <10.33.137.142:9618?addrs=10.33.137.142-9618+[--1]-9618&noUDP&sock=13665_a1c2_4>
    DAG Node: topic_ds_interpol_1
...
001 (019.000.000) 04/18 09:55:31 Job executing on host: <10.33.133.10:9618?addrs=10.33.133.10-9618+[--1]-9618&noUDP&sock=17248_4597_22>
...
006 (019.000.000) 04/18 09:55:40 Image size of job updated: 119432
	81  -  MemoryUsage of job (MB)
	82456  -  ResidentSetSize of job (KB)
...
006 (019.000.000) 04/18 10:00:41 Image size of job updated: 1730568
	1333  -  MemoryUsage of job (MB)
	1364316  -  ResidentSetSize of job (KB)
...
006 (019.000.000) 04/18 10:05:42 Image size of job updated: 1742236
	1344  -  MemoryUsage of job (MB)
	1375984  -  ResidentSetSize of job (KB)
...
006 (019.000.000) 04/18 10:09:24 Image size of job updated: 727837044
	1344  -  MemoryUsage of job (MB)
	1375984  -  ResidentSetSize of job (KB)
...
005 (019.000.000) 04/18 10:09:24 Job terminated.
	(1) Normal termination (return value 0)
		Usr 0 00:15:05, Sys 0 00:03:44  -  Run Remote Usage
		Usr 0 00:00:00, Sys 0 00:00:00  -  Run Local Usage
		Usr 0 00:15:05, Sys 0 00:03:44  -  Total Remote Usage
		Usr 0 00:00:00, Sys 0 00:00:00  -  Total Local Usage
	0  -  Run Bytes Sent By Job
	0  -  Run Bytes Received By Job
	0  -  Total Bytes Sent By Job
	0  -  Total Bytes Received By Job
	Partitionable Resources :    Usage  Request Allocated
	   Cpus                 :                 1         1
	   Disk (KB)            :        7        7 191124828
	   Gpus                 :                 1         1
	   Memory (MB)          :     1344     4096      4096
...
