000 (006.000.000) 04/09 23:07:36 Job submitted from host: <10.33.137.142:9618?addrs=10.33.137.142-9618+[--1]-9618&noUDP&sock=13665_a1c2_4>
    DAG Node: topic_reg
...
001 (006.000.000) 04/10 23:04:06 Job executing on host: <10.33.133.70:9618?addrs=10.33.133.70-9618+[--1]-9618&noUDP&sock=1350_90f1_3>
...
005 (006.000.000) 04/11 13:20:47 Job terminated.
	(1) Normal termination (return value 0)
		Usr 0 17:54:58, Sys 0 02:38:36  -  Run Remote Usage
		Usr 0 00:00:00, Sys 0 00:00:00  -  Run Local Usage
		Usr 0 17:54:58, Sys 0 02:38:36  -  Total Remote Usage
		Usr 0 00:00:00, Sys 0 00:00:00  -  Total Local Usage
	0  -  Run Bytes Sent By Job
	0  -  Run Bytes Received By Job
	0  -  Total Bytes Sent By Job
	0  -  Total Bytes Received By Job
	Partitionable Resources :    Usage  Request Allocated
	   Cpus                 :                 1         1
	   Disk (KB)            :        7        7  39037253
	   Gpus                 :                 1         1
	   Memory (MB)          :     1806     4096      4096
...
000 (012.000.000) 04/11 13:20:55 Job submitted from host: <10.33.137.142:9618?addrs=10.33.137.142-9618+[--1]-9618&noUDP&sock=13665_a1c2_4>
    DAG Node: topic_lda
...
001 (012.000.000) 04/13 19:23:20 Job executing on host: <10.33.133.124:9618?addrs=10.33.133.124-9618+[--1]-9618&noUDP&sock=1541_9388_3>
...
010 (012.000.000) 04/14 09:25:05 Job was suspended.
	Number of processes actually suspended: 13
...
011 (012.000.000) 04/14 09:36:53 Job was unsuspended.
...
010 (012.000.000) 04/14 09:38:14 Job was suspended.
	Number of processes actually suspended: 13
...
011 (012.000.000) 04/14 09:40:59 Job was unsuspended.
...
010 (012.000.000) 04/14 09:41:39 Job was suspended.
	Number of processes actually suspended: 13
...
011 (012.000.000) 04/14 09:55:38 Job was unsuspended.
...
010 (012.000.000) 04/14 09:56:18 Job was suspended.
	Number of processes actually suspended: 13
...
011 (012.000.000) 04/14 10:04:35 Job was unsuspended.
...
010 (012.000.000) 04/14 10:05:27 Job was suspended.
	Number of processes actually suspended: 13
...
011 (012.000.000) 04/14 10:20:31 Job was unsuspended.
...
004 (012.000.000) 04/14 10:20:31 Job was evicted.
	(0) Job was not checkpointed.
		Usr 0 05:53:17, Sys 0 01:20:26  -  Run Remote Usage
		Usr 0 00:00:00, Sys 0 00:00:00  -  Run Local Usage
	0  -  Run Bytes Sent By Job
	0  -  Run Bytes Received By Job
	Partitionable Resources :    Usage  Request Allocated
	   Cpus                 :                 1         1
	   Disk (KB)            :        7        7  21239942
	   Gpus                 :                 1         1
	   Memory (MB)          :     1735     4096      4096
...
001 (012.000.000) 04/16 17:09:32 Job executing on host: <10.33.133.111:9618?addrs=10.33.133.111-9618+[--1]-9618&noUDP&sock=1205_1bb6_24>
...
010 (012.000.000) 04/16 17:32:04 Job was suspended.
	Number of processes actually suspended: 13
...
011 (012.000.000) 04/16 17:37:35 Job was unsuspended.
...
010 (012.000.000) 04/16 17:55:15 Job was suspended.
	Number of processes actually suspended: 13
...
011 (012.000.000) 04/16 18:00:17 Job was unsuspended.
...
010 (012.000.000) 04/16 18:03:18 Job was suspended.
	Number of processes actually suspended: 13
...
011 (012.000.000) 04/16 18:08:20 Job was unsuspended.
...
010 (012.000.000) 04/16 18:37:43 Job was suspended.
	Number of processes actually suspended: 13
...
011 (012.000.000) 04/16 18:43:19 Job was unsuspended.
...
010 (012.000.000) 04/16 19:03:50 Job was suspended.
	Number of processes actually suspended: 13
...
011 (012.000.000) 04/16 19:08:53 Job was unsuspended.
...
010 (012.000.000) 04/16 19:32:50 Job was suspended.
	Number of processes actually suspended: 13
...
011 (012.000.000) 04/16 19:37:52 Job was unsuspended.
...
010 (012.000.000) 04/16 20:37:23 Job was suspended.
	Number of processes actually suspended: 13
...
011 (012.000.000) 04/16 20:44:10 Job was unsuspended.
...
010 (012.000.000) 04/16 20:47:52 Job was suspended.
	Number of processes actually suspended: 13
...
011 (012.000.000) 04/16 20:58:35 Job was unsuspended.
...
010 (012.000.000) 04/16 21:00:10 Job was suspended.
	Number of processes actually suspended: 13
...
011 (012.000.000) 04/16 21:03:51 Job was unsuspended.
...
010 (012.000.000) 04/17 07:04:09 Job was suspended.
	Number of processes actually suspended: 13
...
011 (012.000.000) 04/17 07:19:13 Job was unsuspended.
...
004 (012.000.000) 04/17 07:19:23 Job was evicted.
	(0) Job was not checkpointed.
		Usr 0 07:10:35, Sys 0 00:48:36  -  Run Remote Usage
		Usr 0 00:00:00, Sys 0 00:00:00  -  Run Local Usage
	0  -  Run Bytes Sent By Job
	0  -  Run Bytes Received By Job
	Partitionable Resources :    Usage  Request Allocated
	   Cpus                 :                 1         1
	   Disk (KB)            :        7        7  13764124
	   Gpus                 :                 1         1
	   Memory (MB)          :     2624     4096      4096
...
001 (012.000.000) 04/17 07:40:05 Job executing on host: <10.33.133.111:9618?addrs=10.33.133.111-9618+[--1]-9618&noUDP&sock=1205_1bb6_24>
...
010 (012.000.000) 04/17 08:37:46 Job was suspended.
	Number of processes actually suspended: 13
...
011 (012.000.000) 04/17 08:42:47 Job was unsuspended.
...
010 (012.000.000) 04/17 09:19:54 Job was suspended.
	Number of processes actually suspended: 13
...
011 (012.000.000) 04/17 09:24:55 Job was unsuspended.
...
010 (012.000.000) 04/17 10:26:45 Job was suspended.
	Number of processes actually suspended: 13
...
011 (012.000.000) 04/17 10:31:42 Job was unsuspended.
...
010 (012.000.000) 04/17 10:32:47 Job was suspended.
	Number of processes actually suspended: 13
...
011 (012.000.000) 04/17 10:39:19 Job was unsuspended.
...
010 (012.000.000) 04/17 10:55:43 Job was suspended.
	Number of processes actually suspended: 13
...
011 (012.000.000) 04/17 11:03:41 Job was unsuspended.
...
010 (012.000.000) 04/17 11:04:16 Job was suspended.
	Number of processes actually suspended: 13
...
011 (012.000.000) 04/17 11:11:18 Job was unsuspended.
...
010 (012.000.000) 04/17 11:12:18 Job was suspended.
	Number of processes actually suspended: 13
...
011 (012.000.000) 04/17 11:23:05 Job was unsuspended.
...
010 (012.000.000) 04/17 11:23:30 Job was suspended.
	Number of processes actually suspended: 13
...
011 (012.000.000) 04/17 11:28:31 Job was unsuspended.
...
010 (012.000.000) 04/17 16:00:24 Job was suspended.
	Number of processes actually suspended: 0
...
011 (012.000.000) 04/17 16:06:46 Job was unsuspended.
...
010 (012.000.000) 04/17 19:20:43 Job was suspended.
	Number of processes actually suspended: 0
...
011 (012.000.000) 04/17 19:30:46 Job was unsuspended.
...
010 (012.000.000) 04/17 19:53:37 Job was suspended.
	Number of processes actually suspended: 0
...
011 (012.000.000) 04/17 20:00:10 Job was unsuspended.
...
005 (012.000.000) 04/17 23:41:53 Job terminated.
	(1) Normal termination (return value 0)
		Usr 0 03:56:12, Sys 0 00:26:14  -  Run Remote Usage
		Usr 0 00:00:00, Sys 0 00:00:00  -  Run Local Usage
		Usr 0 03:56:12, Sys 0 00:26:14  -  Total Remote Usage
		Usr 0 00:00:00, Sys 0 00:00:00  -  Total Local Usage
	0  -  Run Bytes Sent By Job
	0  -  Run Bytes Received By Job
	0  -  Total Bytes Sent By Job
	0  -  Total Bytes Received By Job
	Partitionable Resources :    Usage  Request Allocated
	   Cpus                 :                 1         1
	   Disk (KB)            :        7        7  13742869
	   Gpus                 :                 1         1
	   Memory (MB)          :     3402     4096      4096
...
000 (016.000.000) 04/17 23:42:00 Job submitted from host: <10.33.137.142:9618?addrs=10.33.137.142-9618+[--1]-9618&noUDP&sock=13665_a1c2_4>
    DAG Node: topic_int
...
001 (016.000.000) 04/17 23:42:03 Job executing on host: <10.33.133.115:9618?addrs=10.33.133.115-9618+[--1]-9618&noUDP&sock=1294_27a3_3>
...
005 (016.000.000) 04/18 09:55:18 Job terminated.
	(1) Normal termination (return value 0)
		Usr 0 06:22:18, Sys 0 00:27:24  -  Run Remote Usage
		Usr 0 00:00:00, Sys 0 00:00:00  -  Run Local Usage
		Usr 0 06:22:18, Sys 0 00:27:24  -  Total Remote Usage
		Usr 0 00:00:00, Sys 0 00:00:00  -  Total Local Usage
	0  -  Run Bytes Sent By Job
	0  -  Run Bytes Received By Job
	0  -  Total Bytes Sent By Job
	0  -  Total Bytes Received By Job
	Partitionable Resources :    Usage  Request Allocated
	   Cpus                 :                 1         1
	   Disk (KB)            :        7        7  17875240
	   Gpus                 :                 1         1
	   Memory (MB)          :     2854     4096      4096
...
000 (017.000.000) 04/18 09:55:25 Job submitted from host: <10.33.137.142:9618?addrs=10.33.137.142-9618+[--1]-9618&noUDP&sock=13665_a1c2_4>
    DAG Node: topic_test
...
000 (018.000.000) 04/18 09:55:25 Job submitted from host: <10.33.137.142:9618?addrs=10.33.137.142-9618+[--1]-9618&noUDP&sock=13665_a1c2_4>
    DAG Node: topic_ds_interpol_0
...
000 (019.000.000) 04/18 09:55:25 Job submitted from host: <10.33.137.142:9618?addrs=10.33.137.142-9618+[--1]-9618&noUDP&sock=13665_a1c2_4>
    DAG Node: topic_ds_interpol_1
...
001 (017.000.000) 04/18 09:55:27 Job executing on host: <10.33.133.107:9618?addrs=10.33.133.107-9618+[--1]-9618&noUDP&sock=1539_3457_3>
...
001 (018.000.000) 04/18 09:55:30 Job executing on host: <10.33.133.102:9618?addrs=10.33.133.102-9618+[--1]-9618&noUDP&sock=1531_b796_3>
...
001 (019.000.000) 04/18 09:55:31 Job executing on host: <10.33.133.10:9618?addrs=10.33.133.10-9618+[--1]-9618&noUDP&sock=17248_4597_22>
...
005 (017.000.000) 04/18 10:00:45 Job terminated.
	(1) Normal termination (return value 0)
		Usr 0 00:02:52, Sys 0 00:01:21  -  Run Remote Usage
		Usr 0 00:00:00, Sys 0 00:00:00  -  Run Local Usage
		Usr 0 00:02:52, Sys 0 00:01:21  -  Total Remote Usage
		Usr 0 00:00:00, Sys 0 00:00:00  -  Total Local Usage
	0  -  Run Bytes Sent By Job
	0  -  Run Bytes Received By Job
	0  -  Total Bytes Sent By Job
	0  -  Total Bytes Received By Job
	Partitionable Resources :    Usage  Request Allocated
	   Cpus                 :                 1         1
	   Disk (KB)            :        7        7   6729810
	   Gpus                 :                 1         1
	   Memory (MB)          :     1313     4096      4096
...
005 (019.000.000) 04/18 10:09:24 Job terminated.
	(1) Normal termination (return value 0)
		Usr 0 00:15:05, Sys 0 00:03:44  -  Run Remote Usage
		Usr 0 00:00:00, Sys 0 00:00:00  -  Run Local Usage
		Usr 0 00:15:05, Sys 0 00:03:44  -  Total Remote Usage
		Usr 0 00:00:00, Sys 0 00:00:00  -  Total Local Usage
	0  -  Run Bytes Sent By Job
	0  -  Run Bytes Received By Job
	0  -  Total Bytes Sent By Job
	0  -  Total Bytes Received By Job
	Partitionable Resources :    Usage  Request Allocated
	   Cpus                 :                 1         1
	   Disk (KB)            :        7        7 191124828
	   Gpus                 :                 1         1
	   Memory (MB)          :     1344     4096      4096
...
005 (018.000.000) 04/18 10:21:22 Job terminated.
	(1) Normal termination (return value 0)
		Usr 0 00:16:10, Sys 0 00:02:19  -  Run Remote Usage
		Usr 0 00:00:00, Sys 0 00:00:00  -  Run Local Usage
		Usr 0 00:16:10, Sys 0 00:02:19  -  Total Remote Usage
		Usr 0 00:00:00, Sys 0 00:00:00  -  Total Local Usage
	0  -  Run Bytes Sent By Job
	0  -  Run Bytes Received By Job
	0  -  Total Bytes Sent By Job
	0  -  Total Bytes Received By Job
	Partitionable Resources :    Usage  Request Allocated
	   Cpus                 :                 1         1
	   Disk (KB)            :        7        7   6722611
	   Gpus                 :                 1         1
	   Memory (MB)          :     1332     4096      4096
...
000 (020.000.000) 04/18 10:21:31 Job submitted from host: <10.33.137.142:9618?addrs=10.33.137.142-9618+[--1]-9618&noUDP&sock=13665_a1c2_4>
    DAG Node: compute_best_mix
...
001 (020.000.000) 04/18 10:21:34 Job executing on host: <10.33.133.166:9618?addrs=10.33.133.166-9618+[--1]-9618&noUDP&sock=1099_66ac_3>
...
005 (020.000.000) 04/18 10:21:34 Job terminated.
	(1) Normal termination (return value 1)
		Usr 0 00:00:00, Sys 0 00:00:00  -  Run Remote Usage
		Usr 0 00:00:00, Sys 0 00:00:00  -  Run Local Usage
		Usr 0 00:00:00, Sys 0 00:00:00  -  Total Remote Usage
		Usr 0 00:00:00, Sys 0 00:00:00  -  Total Local Usage
	0  -  Run Bytes Sent By Job
	0  -  Run Bytes Received By Job
	0  -  Total Bytes Sent By Job
	0  -  Total Bytes Received By Job
	Partitionable Resources :    Usage  Request Allocated
	   Cpus                 :                 1         1
	   Disk (KB)            :        1        1    705668
	   Gpus                 :                           0
	   Memory (MB)          :        0     4096      4096
...
