000 (426.000.000) 03/28 15:24:06 Job submitted from host: <10.33.133.154:9618?addrs=10.33.133.154-9618+[--1]-9618&noUDP&sock=1370_48d6_3>
...
001 (426.000.000) 03/28 15:24:08 Job executing on host: <10.33.133.166:9618?addrs=10.33.133.166-9618+[--1]-9618&noUDP&sock=1099_66ac_3>
...
006 (426.000.000) 03/28 15:24:17 Image size of job updated: 42296
	36  -  MemoryUsage of job (MB)
	36336  -  ResidentSetSize of job (KB)
...
004 (426.000.000) 03/28 15:24:17 Job was evicted.
	(0) Job was not checkpointed.
		Usr 0 00:00:01, Sys 0 00:00:00  -  Run Remote Usage
		Usr 0 00:00:00, Sys 0 00:00:00  -  Run Local Usage
	0  -  Run Bytes Sent By Job
	0  -  Run Bytes Received By Job
	Partitionable Resources :    Usage  Request Allocated
	   Cpus                 :                 1         1
	   Disk (KB)            :        7        7    705669
	   Gpus                 :                           0
	   Memory (MB)          :       36    15360     15360
...
009 (426.000.000) 03/28 15:24:17 Job was aborted by the user.
	via condor_rm (by user r0364650)
...
000 (429.000.000) 03/28 16:21:33 Job submitted from host: <10.33.133.154:9618?addrs=10.33.133.154-9618+[--1]-9618&noUDP&sock=1370_48d6_3>
...
001 (429.000.000) 03/28 16:21:39 Job executing on host: <10.33.133.166:9618?addrs=10.33.133.166-9618+[--1]-9618&noUDP&sock=1099_66ac_3>
...
006 (429.000.000) 03/28 16:21:48 Image size of job updated: 40424
	37  -  MemoryUsage of job (MB)
	37852  -  ResidentSetSize of job (KB)
...
006 (429.000.000) 03/28 16:26:49 Image size of job updated: 3480428
	3397  -  MemoryUsage of job (MB)
	3477856  -  ResidentSetSize of job (KB)
...
006 (429.000.000) 03/28 16:31:50 Image size of job updated: 11451492
	11181  -  MemoryUsage of job (MB)
	11448920  -  ResidentSetSize of job (KB)
...
006 (429.000.000) 03/28 16:35:45 Image size of job updated: 11451492
	11181  -  MemoryUsage of job (MB)
	11448924  -  ResidentSetSize of job (KB)
...
005 (429.000.000) 03/28 16:35:45 Job terminated.
	(1) Normal termination (return value 1)
		Usr 0 00:07:28, Sys 0 00:01:30  -  Run Remote Usage
		Usr 0 00:00:00, Sys 0 00:00:00  -  Run Local Usage
		Usr 0 00:07:28, Sys 0 00:01:30  -  Total Remote Usage
		Usr 0 00:00:00, Sys 0 00:00:00  -  Total Local Usage
	0  -  Run Bytes Sent By Job
	0  -  Run Bytes Received By Job
	0  -  Total Bytes Sent By Job
	0  -  Total Bytes Received By Job
	Partitionable Resources :    Usage  Request Allocated
	   Cpus                 :                 1         1
	   Disk (KB)            :        7        7    705669
	   Gpus                 :                           0
	   Memory (MB)          :    11181    15360     15360
...
