job started
Epoch: 1 Learning rate: 1.000
0.000 perplexity: 50086.772 speed: 772 wps
0.100 perplexity: 415.004 speed: 8613 wps
0.200 perplexity: 344.605 speed: 8628 wps
0.300 perplexity: 310.849 speed: 8630 wps
0.400 perplexity: 289.985 speed: 8618 wps
0.500 perplexity: 275.489 speed: 8622 wps
0.600 perplexity: 264.566 speed: 8619 wps
0.700 perplexity: 255.627 speed: 8609 wps
0.800 perplexity: 248.365 speed: 8613 wps
0.900 perplexity: 242.362 speed: 8607 wps
1.000 perplexity: 237.138 speed: 8611 wps
Epoch: 1 Train Perplexity: 237.137
with(perplexity: 186.671) speed: 16885 wps
Epoch: 1 Valid Perplexity: 186.671
Epoch: 2 Learning rate: 1.000
0.000 perplexity: 221.671 speed: 8709 wps
0.100 perplexity: 189.644 speed: 8777 wps
0.200 perplexity: 189.229 speed: 8773 wps
0.300 perplexity: 187.597 speed: 8766 wps
0.400 perplexity: 186.174 speed: 3322 wps
0.500 perplexity: 185.021 speed: 3785 wps
0.600 perplexity: 184.025 speed: 4170 wps
0.700 perplexity: 182.928 speed: 4501 wps
0.800 perplexity: 181.963 speed: 4785 wps
0.900 perplexity: 181.128 speed: 5032 wps
1.000 perplexity: 180.280 speed: 5248 wps
Epoch: 2 Train Perplexity: 180.280
with(perplexity: 162.569) speed: 16349 wps
Epoch: 2 Valid Perplexity: 162.569
Epoch: 3 Learning rate: 1.000
0.000 perplexity: 199.587 speed: 8303 wps
0.100 perplexity: 170.077 speed: 8570 wps
0.200 perplexity: 170.537 speed: 8585 wps
0.300 perplexity: 169.767 speed: 8567 wps
0.400 perplexity: 169.148 speed: 8584 wps
0.500 perplexity: 168.675 speed: 8577 wps
0.600 perplexity: 168.283 speed: 8549 wps
0.700 perplexity: 167.757 speed: 8555 wps
0.800 perplexity: 167.324 speed: 8562 wps
0.900 perplexity: 166.967 speed: 8564 wps
1.000 perplexity: 166.575 speed: 8569 wps
Epoch: 3 Train Perplexity: 166.575
with(perplexity: 151.725) speed: 17082 wps
Epoch: 3 Valid Perplexity: 151.725
Epoch: 4 Learning rate: 1.000
0.000 perplexity: 185.761 speed: 8428 wps
0.100 perplexity: 160.978 speed: 8619 wps
0.200 perplexity: 161.675 speed: 8604 wps
0.300 perplexity: 161.193 speed: 8610 wps
0.400 perplexity: 160.823 speed: 8607 wps
0.500 perplexity: 160.562 speed: 8605 wps
0.600 perplexity: 160.388 speed: 8626 wps
0.700 perplexity: 160.078 speed: 8646 wps
0.800 perplexity: 159.841 speed: 8660 wps
0.900 perplexity: 159.657 speed: 8668 wps
1.000 perplexity: 159.442 speed: 8673 wps
Epoch: 4 Train Perplexity: 159.442
with(perplexity: 145.738) speed: 16841 wps
Epoch: 4 Valid Perplexity: 145.738
Epoch: 5 Learning rate: 0.800
0.000 perplexity: 182.306 speed: 8623 wps
0.100 perplexity: 155.265 speed: 8720 wps
0.200 perplexity: 156.049 speed: 8726 wps
0.300 perplexity: 155.680 speed: 8739 wps
0.400 perplexity: 155.440 speed: 8750 wps
0.500 perplexity: 155.324 speed: 8756 wps
0.600 perplexity: 155.266 speed: 8761 wps
0.700 perplexity: 155.060 speed: 8762 wps
0.800 perplexity: 154.935 speed: 8764 wps
0.900 perplexity: 154.849 speed: 8763 wps
1.000 perplexity: 154.731 speed: 8763 wps
Epoch: 5 Train Perplexity: 154.731
with(perplexity: 141.742) speed: 17099 wps
Epoch: 5 Valid Perplexity: 141.742
with(perplexity: 118.028) speed: 212 wps
Test Perplexity: 118.028
Saving model to /esat/spchtemp/scratch/wboes/ds_stream_upper/output/original_0/original_0.
