job started
Epoch: 1 Learning rate: 1.000
0.000 perplexity: 49840.653 speed: 904 wps
0.100 perplexity: 452.512 speed: 11844 wps
0.200 perplexity: 387.513 speed: 11650 wps
0.300 perplexity: 356.467 speed: 11655 wps
0.400 perplexity: 336.915 speed: 11635 wps
0.500 perplexity: 323.018 speed: 11585 wps
0.600 perplexity: 313.023 speed: 11567 wps
0.700 perplexity: 304.987 speed: 11533 wps
0.800 perplexity: 298.344 speed: 11529 wps
0.900 perplexity: 292.719 speed: 11506 wps
1.000 perplexity: 287.848 speed: 11486 wps
Epoch: 1 Train Perplexity: 287.848
with(perplexity: 226.168) speed: 24494 wps
Epoch: 1 Valid Perplexity: 226.168
Epoch: 2 Learning rate: 1.000
0.000 perplexity: 421.164 speed: 11414 wps
0.100 perplexity: 245.694 speed: 11474 wps
0.200 perplexity: 243.689 speed: 11375 wps
0.300 perplexity: 242.605 speed: 11341 wps
0.400 perplexity: 241.553 speed: 11373 wps
0.500 perplexity: 240.322 speed: 11316 wps
0.600 perplexity: 239.655 speed: 11317 wps
0.700 perplexity: 238.944 speed: 11295 wps
0.800 perplexity: 238.166 speed: 11262 wps
0.900 perplexity: 237.391 speed: 11255 wps
1.000 perplexity: 236.595 speed: 11227 wps
Epoch: 2 Train Perplexity: 236.596
with(perplexity: 209.691) speed: 23468 wps
Epoch: 2 Valid Perplexity: 209.691
Epoch: 3 Learning rate: 1.000
0.000 perplexity: 398.149 speed: 11361 wps
0.100 perplexity: 229.763 speed: 11253 wps
0.200 perplexity: 228.639 speed: 11186 wps
0.300 perplexity: 228.290 speed: 11203 wps
0.400 perplexity: 227.883 speed: 11228 wps
0.500 perplexity: 227.188 speed: 11295 wps
0.600 perplexity: 227.026 speed: 11457 wps
0.700 perplexity: 226.771 speed: 11577 wps
0.800 perplexity: 226.402 speed: 11657 wps
0.900 perplexity: 226.007 speed: 11718 wps
1.000 perplexity: 225.576 speed: 11777 wps
Epoch: 3 Train Perplexity: 225.577
with(perplexity: 201.431) speed: 25907 wps
Epoch: 3 Valid Perplexity: 201.431
with(perplexity: 214.267) speed: 566 wps
Test Perplexity: 214.267
Saving model to /esat/spchtemp/scratch/robbe/SpeechHub/pretrained_untied_models_small/output/cbow_tfidf_lstm_0/cbow_tfidf_lstm_0.
hihi
