job started
Epoch: 1 Learning rate: 1.000
0.000 perplexity: 50088.916 speed: 856 wps
0.100 perplexity: 440.974 speed: 11608 wps
0.200 perplexity: 379.101 speed: 11697 wps
0.300 perplexity: 349.405 speed: 11718 wps
0.400 perplexity: 330.310 speed: 11773 wps
0.500 perplexity: 316.482 speed: 11782 wps
0.600 perplexity: 306.361 speed: 11476 wps
0.700 perplexity: 298.168 speed: 11510 wps
0.800 perplexity: 291.316 speed: 11546 wps
0.900 perplexity: 285.440 speed: 11568 wps
1.000 perplexity: 280.294 speed: 11603 wps
Epoch: 1 Train Perplexity: 280.294
with(perplexity: 228.088) speed: 24838 wps
Epoch: 1 Valid Perplexity: 228.088
Epoch: 2 Learning rate: 1.000
0.000 perplexity: 447.238 speed: 11065 wps
0.100 perplexity: 235.755 speed: 11837 wps
0.200 perplexity: 233.428 speed: 11861 wps
0.300 perplexity: 232.153 speed: 11861 wps
0.400 perplexity: 230.911 speed: 11884 wps
0.500 perplexity: 229.516 speed: 11855 wps
0.600 perplexity: 228.632 speed: 11851 wps
0.700 perplexity: 227.712 speed: 11850 wps
0.800 perplexity: 226.774 speed: 11853 wps
0.900 perplexity: 225.797 speed: 11854 wps
1.000 perplexity: 224.798 speed: 11856 wps
Epoch: 2 Train Perplexity: 224.799
with(perplexity: 207.543) speed: 25618 wps
Epoch: 2 Valid Perplexity: 207.543
Epoch: 3 Learning rate: 1.000
0.000 perplexity: 435.603 speed: 11507 wps
0.100 perplexity: 215.946 speed: 11745 wps
0.200 perplexity: 214.600 speed: 11797 wps
0.300 perplexity: 214.177 speed: 11806 wps
0.400 perplexity: 213.683 speed: 11884 wps
0.500 perplexity: 212.949 speed: 11926 wps
0.600 perplexity: 212.666 speed: 11951 wps
0.700 perplexity: 212.289 speed: 11981 wps
0.800 perplexity: 211.865 speed: 11996 wps
0.900 perplexity: 211.351 speed: 12002 wps
1.000 perplexity: 210.809 speed: 12017 wps
Epoch: 3 Train Perplexity: 210.810
with(perplexity: 197.985) speed: 25753 wps
Epoch: 3 Valid Perplexity: 197.985
with(perplexity: 208.826) speed: 556 wps
Test Perplexity: 208.826
Saving model to /esat/spchtemp/scratch/robbe/SpeechHub/pretrained_untied_models_small/output/cbow_tfidf_soft_0/cbow_tfidf_soft_0.
hihi
