I tensorflow/stream_executor/dso_loader.cc:128] successfully opened CUDA library libcublas.so locally
I tensorflow/stream_executor/dso_loader.cc:128] successfully opened CUDA library libcudnn.so locally
I tensorflow/stream_executor/dso_loader.cc:128] successfully opened CUDA library libcufft.so locally
I tensorflow/stream_executor/dso_loader.cc:128] successfully opened CUDA library libcuda.so.1 locally
I tensorflow/stream_executor/dso_loader.cc:128] successfully opened CUDA library libcurand.so locally
/users/start2014/r0364650/.local/lib/python2.7/site-packages/gensim/utils.py:1015: UserWarning: Pattern library is not installed, lemmatization won't be available.
  warnings.warn("Pattern library is not installed, lemmatization won't be available.")
I tensorflow/stream_executor/cuda/cuda_gpu_executor.cc:937] successful NUMA node read from SysFS had negative value (-1), but there must be at least one NUMA node, so returning NUMA node zero
I tensorflow/core/common_runtime/gpu/gpu_device.cc:885] Found device 0 with properties: 
name: GeForce GTX 980 Ti
major: 5 minor: 2 memoryClockRate (GHz) 1.19
pciBusID 0000:02:00.0
Total memory: 5.94GiB
Free memory: 5.83GiB
I tensorflow/core/common_runtime/gpu/gpu_device.cc:906] DMA: 0 
I tensorflow/core/common_runtime/gpu/gpu_device.cc:916] 0:   Y 
I tensorflow/core/common_runtime/gpu/gpu_device.cc:975] Creating TensorFlow device (/gpu:0) -> (device: 0, name: GeForce GTX 980 Ti, pci bus id: 0000:02:00.0)
I tensorflow/core/common_runtime/gpu/pool_allocator.cc:247] PoolAllocator: After 12444 get requests, put_count=12388 evicted_count=1000 eviction_rate=0.0807233 and unsatisfied allocation rate=0.0928962
I tensorflow/core/common_runtime/gpu/pool_allocator.cc:259] Raising pool_size_limit_ from 100 to 110
I tensorflow/core/common_runtime/gpu/pool_allocator.cc:247] PoolAllocator: After 20695212 get requests, put_count=20695222 evicted_count=3000 eviction_rate=0.000144961 and unsatisfied allocation rate=0.000145396
I tensorflow/core/common_runtime/gpu/pool_allocator.cc:247] PoolAllocator: After 33165212 get requests, put_count=33165222 evicted_count=13000 eviction_rate=0.000391977 and unsatisfied allocation rate=0.000392248
I tensorflow/core/common_runtime/gpu/pool_allocator.cc:247] PoolAllocator: After 45635212 get requests, put_count=45635222 evicted_count=23000 eviction_rate=0.000503997 and unsatisfied allocation rate=0.000504194
I tensorflow/core/common_runtime/gpu/pool_allocator.cc:247] PoolAllocator: After 58105212 get requests, put_count=58105222 evicted_count=33000 eviction_rate=0.000567935 and unsatisfied allocation rate=0.00056809
I tensorflow/core/common_runtime/gpu/pool_allocator.cc:247] PoolAllocator: After 70575212 get requests, put_count=70575222 evicted_count=43000 eviction_rate=0.000609279 and unsatisfied allocation rate=0.000609407
I tensorflow/core/common_runtime/gpu/pool_allocator.cc:247] PoolAllocator: After 83045212 get requests, put_count=83045222 evicted_count=53000 eviction_rate=0.000638206 and unsatisfied allocation rate=0.000638315
I tensorflow/core/common_runtime/gpu/pool_allocator.cc:247] PoolAllocator: After 95515212 get requests, put_count=95515222 evicted_count=63000 eviction_rate=0.000659581 and unsatisfied allocation rate=0.000659675
I tensorflow/core/common_runtime/gpu/pool_allocator.cc:247] PoolAllocator: After 107985212 get requests, put_count=107985222 evicted_count=73000 eviction_rate=0.000676018 and unsatisfied allocation rate=0.000676102
I tensorflow/core/common_runtime/gpu/pool_allocator.cc:247] PoolAllocator: After 120455212 get requests, put_count=120455222 evicted_count=83000 eviction_rate=0.000689053 and unsatisfied allocation rate=0.000689128
I tensorflow/core/common_runtime/gpu/pool_allocator.cc:247] PoolAllocator: After 132925212 get requests, put_count=132925222 evicted_count=93000 eviction_rate=0.000699641 and unsatisfied allocation rate=0.000699709
I tensorflow/core/common_runtime/gpu/pool_allocator.cc:247] PoolAllocator: After 145395212 get requests, put_count=145395222 evicted_count=103000 eviction_rate=0.000708414 and unsatisfied allocation rate=0.000708476
I tensorflow/core/common_runtime/gpu/pool_allocator.cc:247] PoolAllocator: After 157865212 get requests, put_count=157865222 evicted_count=113000 eviction_rate=0.0007158 and unsatisfied allocation rate=0.000715858
I tensorflow/core/common_runtime/gpu/pool_allocator.cc:247] PoolAllocator: After 170335212 get requests, put_count=170335222 evicted_count=123000 eviction_rate=0.000722105 and unsatisfied allocation rate=0.000722158
I tensorflow/core/common_runtime/gpu/pool_allocator.cc:247] PoolAllocator: After 182803965 get requests, put_count=182803975 evicted_count=133000 eviction_rate=0.000727555 and unsatisfied allocation rate=0.000727605
I tensorflow/core/common_runtime/gpu/pool_allocator.cc:247] PoolAllocator: After 195315404 get requests, put_count=195315414 evicted_count=143000 eviction_rate=0.000732149 and unsatisfied allocation rate=0.000732195
I tensorflow/core/common_runtime/gpu/pool_allocator.cc:247] PoolAllocator: After 207785404 get requests, put_count=207785414 evicted_count=153000 eviction_rate=0.000736337 and unsatisfied allocation rate=0.00073638
I tensorflow/core/common_runtime/gpu/pool_allocator.cc:247] PoolAllocator: After 220255404 get requests, put_count=220255414 evicted_count=163000 eviction_rate=0.00074005 and unsatisfied allocation rate=0.000740091
I tensorflow/core/common_runtime/gpu/pool_allocator.cc:247] PoolAllocator: After 232725404 get requests, put_count=232725414 evicted_count=173000 eviction_rate=0.000743365 and unsatisfied allocation rate=0.000743404
I tensorflow/core/common_runtime/gpu/pool_allocator.cc:247] PoolAllocator: After 245195404 get requests, put_count=245195414 evicted_count=183000 eviction_rate=0.000746343 and unsatisfied allocation rate=0.00074638
I tensorflow/core/common_runtime/gpu/pool_allocator.cc:247] PoolAllocator: After 257665404 get requests, put_count=257665414 evicted_count=193000 eviction_rate=0.000749033 and unsatisfied allocation rate=0.000749068
I tensorflow/core/common_runtime/gpu/pool_allocator.cc:247] PoolAllocator: After 270135404 get requests, put_count=270135414 evicted_count=203000 eviction_rate=0.000751475 and unsatisfied allocation rate=0.000751508
I tensorflow/core/common_runtime/gpu/pool_allocator.cc:247] PoolAllocator: After 282605404 get requests, put_count=282605414 evicted_count=213000 eviction_rate=0.000753701 and unsatisfied allocation rate=0.000753733
I tensorflow/core/common_runtime/gpu/pool_allocator.cc:247] PoolAllocator: After 295075404 get requests, put_count=295075414 evicted_count=223000 eviction_rate=0.000755739 and unsatisfied allocation rate=0.00075577
I tensorflow/core/common_runtime/gpu/pool_allocator.cc:247] PoolAllocator: After 307545404 get requests, put_count=307545414 evicted_count=233000 eviction_rate=0.000757612 and unsatisfied allocation rate=0.000757641
I tensorflow/core/common_runtime/gpu/pool_allocator.cc:247] PoolAllocator: After 320015404 get requests, put_count=320015414 evicted_count=243000 eviction_rate=0.000759338 and unsatisfied allocation rate=0.000759367
I tensorflow/core/common_runtime/gpu/pool_allocator.cc:247] PoolAllocator: After 332485404 get requests, put_count=332485414 evicted_count=253000 eviction_rate=0.000760936 and unsatisfied allocation rate=0.000760963
I tensorflow/core/common_runtime/gpu/pool_allocator.cc:247] PoolAllocator: After 344955404 get requests, put_count=344955414 evicted_count=263000 eviction_rate=0.000762417 and unsatisfied allocation rate=0.000762443
I tensorflow/core/common_runtime/gpu/pool_allocator.cc:247] PoolAllocator: After 357425404 get requests, put_count=357425414 evicted_count=273000 eviction_rate=0.000763796 and unsatisfied allocation rate=0.000763821
I tensorflow/core/common_runtime/gpu/pool_allocator.cc:247] PoolAllocator: After 369895404 get requests, put_count=369895414 evicted_count=283000 eviction_rate=0.000765081 and unsatisfied allocation rate=0.000765105
I tensorflow/core/common_runtime/gpu/pool_allocator.cc:247] PoolAllocator: After 382365404 get requests, put_count=382365414 evicted_count=293000 eviction_rate=0.000766283 and unsatisfied allocation rate=0.000766306
I tensorflow/core/common_runtime/gpu/pool_allocator.cc:247] PoolAllocator: After 394929217 get requests, put_count=394929227 evicted_count=303000 eviction_rate=0.000767226 and unsatisfied allocation rate=0.000767249
I tensorflow/core/common_runtime/gpu/pool_allocator.cc:247] PoolAllocator: After 407399217 get requests, put_count=407399227 evicted_count=313000 eviction_rate=0.000768288 and unsatisfied allocation rate=0.00076831
I tensorflow/core/common_runtime/gpu/pool_allocator.cc:247] PoolAllocator: After 419869217 get requests, put_count=419869227 evicted_count=323000 eviction_rate=0.000769287 and unsatisfied allocation rate=0.000769309
I tensorflow/core/common_runtime/gpu/pool_allocator.cc:247] PoolAllocator: After 432339217 get requests, put_count=432339227 evicted_count=333000 eviction_rate=0.000770229 and unsatisfied allocation rate=0.000770249
I tensorflow/core/common_runtime/gpu/pool_allocator.cc:247] PoolAllocator: After 444809217 get requests, put_count=444809227 evicted_count=343000 eviction_rate=0.000771117 and unsatisfied allocation rate=0.000771137
I tensorflow/core/common_runtime/gpu/pool_allocator.cc:247] PoolAllocator: After 457279217 get requests, put_count=457279227 evicted_count=353000 eviction_rate=0.000771957 and unsatisfied allocation rate=0.000771977
I tensorflow/core/common_runtime/gpu/pool_allocator.cc:247] PoolAllocator: After 469749217 get requests, put_count=469749227 evicted_count=363000 eviction_rate=0.000772753 and unsatisfied allocation rate=0.000772772
I tensorflow/core/common_runtime/gpu/pool_allocator.cc:247] PoolAllocator: After 482219217 get requests, put_count=482219227 evicted_count=373000 eviction_rate=0.000773507 and unsatisfied allocation rate=0.000773526
I tensorflow/core/common_runtime/gpu/pool_allocator.cc:247] PoolAllocator: After 494689217 get requests, put_count=494689227 evicted_count=383000 eviction_rate=0.000774223 and unsatisfied allocation rate=0.000774242
I tensorflow/core/common_runtime/gpu/pool_allocator.cc:247] PoolAllocator: After 507159217 get requests, put_count=507159227 evicted_count=393000 eviction_rate=0.000774905 and unsatisfied allocation rate=0.000774922
I tensorflow/core/common_runtime/gpu/pool_allocator.cc:247] PoolAllocator: After 519629217 get requests, put_count=519629227 evicted_count=403000 eviction_rate=0.000775553 and unsatisfied allocation rate=0.00077557
I tensorflow/core/common_runtime/gpu/pool_allocator.cc:247] PoolAllocator: After 532099217 get requests, put_count=532099227 evicted_count=413000 eviction_rate=0.000776171 and unsatisfied allocation rate=0.000776188
I tensorflow/core/common_runtime/gpu/pool_allocator.cc:247] PoolAllocator: After 544569217 get requests, put_count=544569227 evicted_count=423000 eviction_rate=0.000776761 and unsatisfied allocation rate=0.000776777
I tensorflow/core/common_runtime/gpu/pool_allocator.cc:247] PoolAllocator: After 557039217 get requests, put_count=557039227 evicted_count=433000 eviction_rate=0.000777324 and unsatisfied allocation rate=0.00077734
I tensorflow/core/common_runtime/gpu/pool_allocator.cc:247] PoolAllocator: After 569509217 get requests, put_count=569509227 evicted_count=443000 eviction_rate=0.000777863 and unsatisfied allocation rate=0.000777879
