05/12/17 09:15:41 ******************************************************
05/12/17 09:15:41 ** condor_scheduniv_exec.1232.0 (CONDOR_DAGMAN) STARTING UP
05/12/17 09:15:41 ** /usr/bin/condor_dagman
05/12/17 09:15:41 ** SubsystemInfo: name=DAGMAN type=DAGMAN(10) class=DAEMON(1)
05/12/17 09:15:41 ** Configuration: subsystem:DAGMAN local:<NONE> class:DAEMON
05/12/17 09:15:41 ** $CondorVersion: 8.6.2 Apr 23 2017 BuildID: 404257 $
05/12/17 09:15:41 ** $CondorPlatform: x86_64_RedHat7 $
05/12/17 09:15:41 ** PID = 16727
05/12/17 09:15:41 ** Log last touched time unavailable (No such file or directory)
05/12/17 09:15:41 ******************************************************
05/12/17 09:15:41 Using config source: /etc/condor/condor_config
05/12/17 09:15:41 Using local config sources: 
05/12/17 09:15:41    /etc/condor/config.d/00esat.config
05/12/17 09:15:41    /etc/condor/config.d/01java.config
05/12/17 09:15:41    /etc/condor/config.d/80optout_users.config
05/12/17 09:15:41    /etc/condor/condor_config.local
05/12/17 09:15:41 config Macros = 166, Sorted = 166, StringBytes = 6039, TablesBytes = 6048
05/12/17 09:15:41 CLASSAD_CACHING is ENABLED
05/12/17 09:15:41 Daemon Log is logging: D_ALWAYS D_ERROR
05/12/17 09:15:41 DaemonCore: No command port requested.
05/12/17 09:15:41 DAGMAN_USE_STRICT setting: 1
05/12/17 09:15:41 DAGMAN_VERBOSITY setting: 3
05/12/17 09:15:41 DAGMAN_DEBUG_CACHE_SIZE setting: 5242880
05/12/17 09:15:41 DAGMAN_DEBUG_CACHE_ENABLE setting: False
05/12/17 09:15:41 DAGMAN_SUBMIT_DELAY setting: 0
05/12/17 09:15:41 DAGMAN_MAX_SUBMIT_ATTEMPTS setting: 6
05/12/17 09:15:41 DAGMAN_STARTUP_CYCLE_DETECT setting: False
05/12/17 09:15:41 DAGMAN_MAX_SUBMITS_PER_INTERVAL setting: 5
05/12/17 09:15:41 DAGMAN_USER_LOG_SCAN_INTERVAL setting: 5
05/12/17 09:15:41 DAGMAN_DEFAULT_PRIORITY setting: 0
05/12/17 09:15:41 DAGMAN_SUPPRESS_NOTIFICATION setting: True
05/12/17 09:15:41 allow_events (DAGMAN_ALLOW_EVENTS) setting: 114
05/12/17 09:15:41 DAGMAN_RETRY_SUBMIT_FIRST setting: True
05/12/17 09:15:41 DAGMAN_RETRY_NODE_FIRST setting: False
05/12/17 09:15:41 DAGMAN_MAX_JOBS_IDLE setting: 1000
05/12/17 09:15:41 DAGMAN_MAX_JOBS_SUBMITTED setting: 0
05/12/17 09:15:41 DAGMAN_MAX_PRE_SCRIPTS setting: 20
05/12/17 09:15:41 DAGMAN_MAX_POST_SCRIPTS setting: 20
05/12/17 09:15:41 DAGMAN_MUNGE_NODE_NAMES setting: True
05/12/17 09:15:41 DAGMAN_PROHIBIT_MULTI_JOBS setting: False
05/12/17 09:15:41 DAGMAN_SUBMIT_DEPTH_FIRST setting: False
05/12/17 09:15:41 DAGMAN_ALWAYS_RUN_POST setting: False
05/12/17 09:15:41 DAGMAN_ABORT_DUPLICATES setting: True
05/12/17 09:15:41 DAGMAN_ABORT_ON_SCARY_SUBMIT setting: True
05/12/17 09:15:41 DAGMAN_PENDING_REPORT_INTERVAL setting: 600
05/12/17 09:15:41 DAGMAN_AUTO_RESCUE setting: True
05/12/17 09:15:41 DAGMAN_MAX_RESCUE_NUM setting: 100
05/12/17 09:15:41 DAGMAN_WRITE_PARTIAL_RESCUE setting: True
05/12/17 09:15:41 DAGMAN_DEFAULT_NODE_LOG setting: @(DAG_DIR)/@(DAG_FILE).nodes.log
05/12/17 09:15:41 DAGMAN_GENERATE_SUBDAG_SUBMITS setting: True
05/12/17 09:15:41 DAGMAN_MAX_JOB_HOLDS setting: 100
05/12/17 09:15:41 DAGMAN_HOLD_CLAIM_TIME setting: 20
05/12/17 09:15:41 ALL_DEBUG setting: 
05/12/17 09:15:41 DAGMAN_DEBUG setting: 
05/12/17 09:15:41 DAGMAN_SUPPRESS_JOB_LOGS setting: False
05/12/17 09:15:41 DAGMAN_REMOVE_NODE_JOBS setting: True
05/12/17 09:15:41 argv[0] == "condor_scheduniv_exec.1232.0"
05/12/17 09:15:41 argv[1] == "-Lockfile"
05/12/17 09:15:41 argv[2] == "ds_cbow_mean_lstm.dag.lock"
05/12/17 09:15:41 argv[3] == "-AutoRescue"
05/12/17 09:15:41 argv[4] == "1"
05/12/17 09:15:41 argv[5] == "-DoRescueFrom"
05/12/17 09:15:41 argv[6] == "0"
05/12/17 09:15:41 argv[7] == "-Dag"
05/12/17 09:15:41 argv[8] == "ds_cbow_mean_lstm.dag"
05/12/17 09:15:41 argv[9] == "-Suppress_notification"
05/12/17 09:15:41 argv[10] == "-CsdVersion"
05/12/17 09:15:41 argv[11] == "$CondorVersion: 8.6.2 Apr 23 2017 BuildID: 404257 $"
05/12/17 09:15:41 argv[12] == "-Dagman"
05/12/17 09:15:41 argv[13] == "/usr/bin/condor_dagman"
05/12/17 09:15:41 Workflow batch-name: <ds_cbow_mean_lstm.dag+1232>
05/12/17 09:15:41 Workflow accounting_group: <>
05/12/17 09:15:41 Workflow accounting_group_user: <>
05/12/17 09:15:41 Warning: failed to get attribute DAGNodeName
05/12/17 09:15:41 DAGMAN_LOG_ON_NFS_IS_ERROR setting: False
05/12/17 09:15:41 Default node log file is: </esat/spchtemp/scratch/robbe/SpeechHub/pretrained_untied_models_small/python/jobdag/./ds_cbow_mean_lstm.dag.nodes.log>
05/12/17 09:15:41 DAG Lockfile will be written to ds_cbow_mean_lstm.dag.lock
05/12/17 09:15:41 DAG Input file is ds_cbow_mean_lstm.dag
05/12/17 09:15:41 Parsing 1 dagfiles
05/12/17 09:15:41 Parsing ds_cbow_mean_lstm.dag ...
05/12/17 09:15:41 Dag contains 2 total jobs
05/12/17 09:15:41 Sleeping for 3 seconds to ensure ProcessId uniqueness
05/12/17 09:15:44 Bootstrapping...
05/12/17 09:15:44 Number of pre-completed nodes: 0
05/12/17 09:15:44 MultiLogFiles: truncating log file /esat/spchtemp/scratch/robbe/SpeechHub/pretrained_untied_models_small/python/jobdag/./ds_cbow_mean_lstm.dag.nodes.log
05/12/17 09:15:44 DAG status: 0 (DAG_STATUS_OK)
05/12/17 09:15:44 Of 2 nodes total:
05/12/17 09:15:44  Done     Pre   Queued    Post   Ready   Un-Ready   Failed
05/12/17 09:15:44   ===     ===      ===     ===     ===        ===      ===
05/12/17 09:15:44     0       0        0       0       1          1        0
05/12/17 09:15:44 0 job proc(s) currently held
05/12/17 09:15:44 Registering condor_event_timer...
05/12/17 09:15:45 Submitting HTCondor Node cbow_mean_lstm job(s)...
05/12/17 09:15:45 Adding a DAGMan workflow log /esat/spchtemp/scratch/robbe/SpeechHub/pretrained_untied_models_small/python/jobdag/./ds_cbow_mean_lstm.dag.nodes.log
05/12/17 09:15:45 Masking the events recorded in the DAGMAN workflow log
05/12/17 09:15:45 Mask for workflow log is 0,1,2,4,5,7,9,10,11,12,13,16,17,24,27
05/12/17 09:15:45 submitting: /usr/bin/condor_submit -a dag_node_name' '=' 'cbow_mean_lstm -a +DAGManJobId' '=' '1232 -a DAGManJobId' '=' '1232 -batch-name ds_cbow_mean_lstm.dag+1232 -a submit_event_notes' '=' 'DAG' 'Node:' 'cbow_mean_lstm -a dagman_log' '=' '/esat/spchtemp/scratch/robbe/SpeechHub/pretrained_untied_models_small/python/jobdag/./ds_cbow_mean_lstm.dag.nodes.log -a +DAGManNodesMask' '=' '"0,1,2,4,5,7,9,10,11,12,13,16,17,24,27" -a data_set' '=' 'ds -a test_name' '=' 'cbow_mean_lstm -a num_run' '=' '0 -a combination' '=' 'mean -a DAG_STATUS' '=' '0 -a FAILED_COUNT' '=' '0 -a +KeepClaimIdle' '=' '20 -a notification' '=' 'never -a +DAGParentNodeNames' '=' '"" jobdag/cbow_lstm.job
05/12/17 09:15:45 From submit: Submitting job(s).
05/12/17 09:15:45 From submit: 1 job(s) submitted to cluster 1234.
05/12/17 09:15:45 	assigned HTCondor ID (1234.0.0)
05/12/17 09:15:45 Just submitted 1 job this cycle...
05/12/17 09:15:45 Currently monitoring 1 HTCondor log file(s)
05/12/17 09:15:45 Reassigning the id of job cbow_mean_lstm from (1234.0.0) to (1234.0.0)
05/12/17 09:15:45 Event: ULOG_SUBMIT for HTCondor Node cbow_mean_lstm (1234.0.0) {05/12/17 09:15:45}
05/12/17 09:15:45 Number of idle job procs: 1
05/12/17 09:15:45 DAG status: 0 (DAG_STATUS_OK)
05/12/17 09:15:45 Of 2 nodes total:
05/12/17 09:15:45  Done     Pre   Queued    Post   Ready   Un-Ready   Failed
05/12/17 09:15:45   ===     ===      ===     ===     ===        ===      ===
05/12/17 09:15:45     0       0        1       0       0          1        0
05/12/17 09:15:45 0 job proc(s) currently held
05/12/17 09:25:47 602 seconds since last log event
05/12/17 09:25:47 Pending DAG nodes:
05/12/17 09:25:47   Node cbow_mean_lstm, HTCondor ID 1234, status STATUS_SUBMITTED
05/12/17 09:35:50 1205 seconds since last log event
05/12/17 09:35:50 Pending DAG nodes:
05/12/17 09:35:50   Node cbow_mean_lstm, HTCondor ID 1234, status STATUS_SUBMITTED
05/12/17 09:45:51 1806 seconds since last log event
05/12/17 09:45:51 Pending DAG nodes:
05/12/17 09:45:51   Node cbow_mean_lstm, HTCondor ID 1234, status STATUS_SUBMITTED
05/12/17 09:55:53 2408 seconds since last log event
05/12/17 09:55:53 Pending DAG nodes:
05/12/17 09:55:53   Node cbow_mean_lstm, HTCondor ID 1234, status STATUS_SUBMITTED
05/12/17 10:05:55 3010 seconds since last log event
05/12/17 10:05:55 Pending DAG nodes:
05/12/17 10:05:55   Node cbow_mean_lstm, HTCondor ID 1234, status STATUS_SUBMITTED
05/12/17 10:15:58 3613 seconds since last log event
05/12/17 10:15:58 Pending DAG nodes:
05/12/17 10:15:58   Node cbow_mean_lstm, HTCondor ID 1234, status STATUS_SUBMITTED
05/12/17 10:26:00 4215 seconds since last log event
05/12/17 10:26:00 Pending DAG nodes:
05/12/17 10:26:00   Node cbow_mean_lstm, HTCondor ID 1234, status STATUS_SUBMITTED
05/12/17 10:36:03 4818 seconds since last log event
05/12/17 10:36:03 Pending DAG nodes:
05/12/17 10:36:03   Node cbow_mean_lstm, HTCondor ID 1234, status STATUS_SUBMITTED
05/12/17 10:46:05 5420 seconds since last log event
05/12/17 10:46:05 Pending DAG nodes:
05/12/17 10:46:05   Node cbow_mean_lstm, HTCondor ID 1234, status STATUS_SUBMITTED
05/12/17 10:56:08 6023 seconds since last log event
05/12/17 10:56:08 Pending DAG nodes:
05/12/17 10:56:08   Node cbow_mean_lstm, HTCondor ID 1234, status STATUS_SUBMITTED
05/12/17 11:06:10 6625 seconds since last log event
05/12/17 11:06:10 Pending DAG nodes:
05/12/17 11:06:10   Node cbow_mean_lstm, HTCondor ID 1234, status STATUS_SUBMITTED
05/12/17 11:16:13 7228 seconds since last log event
05/12/17 11:16:13 Pending DAG nodes:
05/12/17 11:16:13   Node cbow_mean_lstm, HTCondor ID 1234, status STATUS_SUBMITTED
05/12/17 11:26:15 7830 seconds since last log event
05/12/17 11:26:15 Pending DAG nodes:
05/12/17 11:26:15   Node cbow_mean_lstm, HTCondor ID 1234, status STATUS_SUBMITTED
05/12/17 11:36:17 8432 seconds since last log event
05/12/17 11:36:17 Pending DAG nodes:
05/12/17 11:36:17   Node cbow_mean_lstm, HTCondor ID 1234, status STATUS_SUBMITTED
05/12/17 11:46:20 9035 seconds since last log event
05/12/17 11:46:20 Pending DAG nodes:
05/12/17 11:46:20   Node cbow_mean_lstm, HTCondor ID 1234, status STATUS_SUBMITTED
05/12/17 11:56:22 9637 seconds since last log event
05/12/17 11:56:22 Pending DAG nodes:
05/12/17 11:56:22   Node cbow_mean_lstm, HTCondor ID 1234, status STATUS_SUBMITTED
05/12/17 12:06:24 10239 seconds since last log event
05/12/17 12:06:24 Pending DAG nodes:
05/12/17 12:06:24   Node cbow_mean_lstm, HTCondor ID 1234, status STATUS_SUBMITTED
05/12/17 12:16:26 10841 seconds since last log event
05/12/17 12:16:26 Pending DAG nodes:
05/12/17 12:16:26   Node cbow_mean_lstm, HTCondor ID 1234, status STATUS_SUBMITTED
05/12/17 12:26:28 11443 seconds since last log event
05/12/17 12:26:28 Pending DAG nodes:
05/12/17 12:26:28   Node cbow_mean_lstm, HTCondor ID 1234, status STATUS_SUBMITTED
05/12/17 12:36:29 12044 seconds since last log event
05/12/17 12:36:29 Pending DAG nodes:
05/12/17 12:36:29   Node cbow_mean_lstm, HTCondor ID 1234, status STATUS_SUBMITTED
05/12/17 12:46:31 12646 seconds since last log event
05/12/17 12:46:31 Pending DAG nodes:
05/12/17 12:46:31   Node cbow_mean_lstm, HTCondor ID 1234, status STATUS_SUBMITTED
05/12/17 12:56:33 13248 seconds since last log event
05/12/17 12:56:33 Pending DAG nodes:
05/12/17 12:56:33   Node cbow_mean_lstm, HTCondor ID 1234, status STATUS_SUBMITTED
05/12/17 13:06:36 13851 seconds since last log event
05/12/17 13:06:36 Pending DAG nodes:
05/12/17 13:06:36   Node cbow_mean_lstm, HTCondor ID 1234, status STATUS_SUBMITTED
05/12/17 13:16:39 14454 seconds since last log event
05/12/17 13:16:39 Pending DAG nodes:
05/12/17 13:16:39   Node cbow_mean_lstm, HTCondor ID 1234, status STATUS_SUBMITTED
05/12/17 13:26:41 15056 seconds since last log event
05/12/17 13:26:41 Pending DAG nodes:
05/12/17 13:26:41   Node cbow_mean_lstm, HTCondor ID 1234, status STATUS_SUBMITTED
05/12/17 13:36:44 15659 seconds since last log event
05/12/17 13:36:44 Pending DAG nodes:
05/12/17 13:36:44   Node cbow_mean_lstm, HTCondor ID 1234, status STATUS_SUBMITTED
05/12/17 13:46:46 16261 seconds since last log event
05/12/17 13:46:46 Pending DAG nodes:
05/12/17 13:46:46   Node cbow_mean_lstm, HTCondor ID 1234, status STATUS_SUBMITTED
05/12/17 13:56:49 16864 seconds since last log event
05/12/17 13:56:49 Pending DAG nodes:
05/12/17 13:56:49   Node cbow_mean_lstm, HTCondor ID 1234, status STATUS_SUBMITTED
05/12/17 14:06:52 17467 seconds since last log event
05/12/17 14:06:52 Pending DAG nodes:
05/12/17 14:06:52   Node cbow_mean_lstm, HTCondor ID 1234, status STATUS_SUBMITTED
05/12/17 14:16:55 18070 seconds since last log event
05/12/17 14:16:55 Pending DAG nodes:
05/12/17 14:16:55   Node cbow_mean_lstm, HTCondor ID 1234, status STATUS_SUBMITTED
05/12/17 14:26:59 18674 seconds since last log event
05/12/17 14:26:59 Pending DAG nodes:
05/12/17 14:26:59   Node cbow_mean_lstm, HTCondor ID 1234, status STATUS_SUBMITTED
05/12/17 14:37:01 19276 seconds since last log event
05/12/17 14:37:01 Pending DAG nodes:
05/12/17 14:37:01   Node cbow_mean_lstm, HTCondor ID 1234, status STATUS_SUBMITTED
05/12/17 14:47:03 19878 seconds since last log event
05/12/17 14:47:03 Pending DAG nodes:
05/12/17 14:47:03   Node cbow_mean_lstm, HTCondor ID 1234, status STATUS_SUBMITTED
05/12/17 14:57:06 20481 seconds since last log event
05/12/17 14:57:06 Pending DAG nodes:
05/12/17 14:57:06   Node cbow_mean_lstm, HTCondor ID 1234, status STATUS_SUBMITTED
05/12/17 15:07:08 21083 seconds since last log event
05/12/17 15:07:08 Pending DAG nodes:
05/12/17 15:07:08   Node cbow_mean_lstm, HTCondor ID 1234, status STATUS_SUBMITTED
05/12/17 15:17:10 21685 seconds since last log event
05/12/17 15:17:10 Pending DAG nodes:
05/12/17 15:17:10   Node cbow_mean_lstm, HTCondor ID 1234, status STATUS_SUBMITTED
05/12/17 15:27:12 22287 seconds since last log event
05/12/17 15:27:12 Pending DAG nodes:
05/12/17 15:27:12   Node cbow_mean_lstm, HTCondor ID 1234, status STATUS_SUBMITTED
05/12/17 15:37:13 22888 seconds since last log event
05/12/17 15:37:13 Pending DAG nodes:
05/12/17 15:37:13   Node cbow_mean_lstm, HTCondor ID 1234, status STATUS_SUBMITTED
05/12/17 15:47:16 23491 seconds since last log event
05/12/17 15:47:16 Pending DAG nodes:
05/12/17 15:47:16   Node cbow_mean_lstm, HTCondor ID 1234, status STATUS_SUBMITTED
05/12/17 15:57:18 24093 seconds since last log event
05/12/17 15:57:18 Pending DAG nodes:
05/12/17 15:57:18   Node cbow_mean_lstm, HTCondor ID 1234, status STATUS_SUBMITTED
05/12/17 16:07:20 24695 seconds since last log event
05/12/17 16:07:20 Pending DAG nodes:
05/12/17 16:07:20   Node cbow_mean_lstm, HTCondor ID 1234, status STATUS_SUBMITTED
05/12/17 16:17:23 25298 seconds since last log event
05/12/17 16:17:23 Pending DAG nodes:
05/12/17 16:17:23   Node cbow_mean_lstm, HTCondor ID 1234, status STATUS_SUBMITTED
05/12/17 16:27:25 25900 seconds since last log event
05/12/17 16:27:25 Pending DAG nodes:
05/12/17 16:27:25   Node cbow_mean_lstm, HTCondor ID 1234, status STATUS_SUBMITTED
05/12/17 16:37:27 26502 seconds since last log event
05/12/17 16:37:27 Pending DAG nodes:
05/12/17 16:37:27   Node cbow_mean_lstm, HTCondor ID 1234, status STATUS_SUBMITTED
05/12/17 16:47:28 27103 seconds since last log event
05/12/17 16:47:28 Pending DAG nodes:
05/12/17 16:47:28   Node cbow_mean_lstm, HTCondor ID 1234, status STATUS_SUBMITTED
05/12/17 16:57:31 27706 seconds since last log event
05/12/17 16:57:31 Pending DAG nodes:
05/12/17 16:57:31   Node cbow_mean_lstm, HTCondor ID 1234, status STATUS_SUBMITTED
05/12/17 17:07:34 28309 seconds since last log event
05/12/17 17:07:34 Pending DAG nodes:
05/12/17 17:07:34   Node cbow_mean_lstm, HTCondor ID 1234, status STATUS_SUBMITTED
05/12/17 17:17:36 28911 seconds since last log event
05/12/17 17:17:36 Pending DAG nodes:
05/12/17 17:17:36   Node cbow_mean_lstm, HTCondor ID 1234, status STATUS_SUBMITTED
05/12/17 17:27:39 29514 seconds since last log event
05/12/17 17:27:39 Pending DAG nodes:
05/12/17 17:27:39   Node cbow_mean_lstm, HTCondor ID 1234, status STATUS_SUBMITTED
05/12/17 17:37:42 30117 seconds since last log event
05/12/17 17:37:42 Pending DAG nodes:
05/12/17 17:37:42   Node cbow_mean_lstm, HTCondor ID 1234, status STATUS_SUBMITTED
05/12/17 17:47:44 30719 seconds since last log event
05/12/17 17:47:44 Pending DAG nodes:
05/12/17 17:47:44   Node cbow_mean_lstm, HTCondor ID 1234, status STATUS_SUBMITTED
05/12/17 17:57:47 31322 seconds since last log event
05/12/17 17:57:47 Pending DAG nodes:
05/12/17 17:57:47   Node cbow_mean_lstm, HTCondor ID 1234, status STATUS_SUBMITTED
05/12/17 18:07:49 31924 seconds since last log event
05/12/17 18:07:49 Pending DAG nodes:
05/12/17 18:07:49   Node cbow_mean_lstm, HTCondor ID 1234, status STATUS_SUBMITTED
05/12/17 18:17:51 32526 seconds since last log event
05/12/17 18:17:51 Pending DAG nodes:
05/12/17 18:17:51   Node cbow_mean_lstm, HTCondor ID 1234, status STATUS_SUBMITTED
05/12/17 18:27:53 33128 seconds since last log event
05/12/17 18:27:53 Pending DAG nodes:
05/12/17 18:27:53   Node cbow_mean_lstm, HTCondor ID 1234, status STATUS_SUBMITTED
05/12/17 18:37:55 33730 seconds since last log event
05/12/17 18:37:55 Pending DAG nodes:
05/12/17 18:37:55   Node cbow_mean_lstm, HTCondor ID 1234, status STATUS_SUBMITTED
05/12/17 18:47:57 34332 seconds since last log event
05/12/17 18:47:57 Pending DAG nodes:
05/12/17 18:47:57   Node cbow_mean_lstm, HTCondor ID 1234, status STATUS_SUBMITTED
05/12/17 18:58:00 34935 seconds since last log event
05/12/17 18:58:00 Pending DAG nodes:
05/12/17 18:58:00   Node cbow_mean_lstm, HTCondor ID 1234, status STATUS_SUBMITTED
05/12/17 19:08:02 35537 seconds since last log event
05/12/17 19:08:02 Pending DAG nodes:
05/12/17 19:08:02   Node cbow_mean_lstm, HTCondor ID 1234, status STATUS_SUBMITTED
05/12/17 19:18:04 36139 seconds since last log event
05/12/17 19:18:04 Pending DAG nodes:
05/12/17 19:18:04   Node cbow_mean_lstm, HTCondor ID 1234, status STATUS_SUBMITTED
05/12/17 19:28:07 36742 seconds since last log event
05/12/17 19:28:07 Pending DAG nodes:
05/12/17 19:28:07   Node cbow_mean_lstm, HTCondor ID 1234, status STATUS_SUBMITTED
05/12/17 19:38:09 37344 seconds since last log event
05/12/17 19:38:09 Pending DAG nodes:
05/12/17 19:38:09   Node cbow_mean_lstm, HTCondor ID 1234, status STATUS_SUBMITTED
05/12/17 19:48:11 37946 seconds since last log event
05/12/17 19:48:11 Pending DAG nodes:
05/12/17 19:48:11   Node cbow_mean_lstm, HTCondor ID 1234, status STATUS_SUBMITTED
05/12/17 19:58:13 38548 seconds since last log event
05/12/17 19:58:13 Pending DAG nodes:
05/12/17 19:58:13   Node cbow_mean_lstm, HTCondor ID 1234, status STATUS_SUBMITTED
05/12/17 20:08:15 39150 seconds since last log event
05/12/17 20:08:15 Pending DAG nodes:
05/12/17 20:08:15   Node cbow_mean_lstm, HTCondor ID 1234, status STATUS_SUBMITTED
05/12/17 20:18:17 39752 seconds since last log event
05/12/17 20:18:17 Pending DAG nodes:
05/12/17 20:18:17   Node cbow_mean_lstm, HTCondor ID 1234, status STATUS_SUBMITTED
05/12/17 20:28:19 40354 seconds since last log event
05/12/17 20:28:19 Pending DAG nodes:
05/12/17 20:28:19   Node cbow_mean_lstm, HTCondor ID 1234, status STATUS_SUBMITTED
05/12/17 20:38:22 40957 seconds since last log event
05/12/17 20:38:22 Pending DAG nodes:
05/12/17 20:38:22   Node cbow_mean_lstm, HTCondor ID 1234, status STATUS_SUBMITTED
05/12/17 20:48:24 41559 seconds since last log event
05/12/17 20:48:24 Pending DAG nodes:
05/12/17 20:48:24   Node cbow_mean_lstm, HTCondor ID 1234, status STATUS_SUBMITTED
05/12/17 20:58:26 42161 seconds since last log event
05/12/17 20:58:26 Pending DAG nodes:
05/12/17 20:58:26   Node cbow_mean_lstm, HTCondor ID 1234, status STATUS_SUBMITTED
05/12/17 21:08:27 42762 seconds since last log event
05/12/17 21:08:27 Pending DAG nodes:
05/12/17 21:08:27   Node cbow_mean_lstm, HTCondor ID 1234, status STATUS_SUBMITTED
05/12/17 21:18:28 43363 seconds since last log event
05/12/17 21:18:28 Pending DAG nodes:
05/12/17 21:18:28   Node cbow_mean_lstm, HTCondor ID 1234, status STATUS_SUBMITTED
05/12/17 21:28:30 43965 seconds since last log event
05/12/17 21:28:30 Pending DAG nodes:
05/12/17 21:28:30   Node cbow_mean_lstm, HTCondor ID 1234, status STATUS_SUBMITTED
05/12/17 21:38:33 44568 seconds since last log event
05/12/17 21:38:33 Pending DAG nodes:
05/12/17 21:38:33   Node cbow_mean_lstm, HTCondor ID 1234, status STATUS_SUBMITTED
05/12/17 21:48:35 45170 seconds since last log event
05/12/17 21:48:35 Pending DAG nodes:
05/12/17 21:48:35   Node cbow_mean_lstm, HTCondor ID 1234, status STATUS_SUBMITTED
05/12/17 21:58:37 45772 seconds since last log event
05/12/17 21:58:37 Pending DAG nodes:
05/12/17 21:58:37   Node cbow_mean_lstm, HTCondor ID 1234, status STATUS_SUBMITTED
05/12/17 22:08:39 46374 seconds since last log event
05/12/17 22:08:39 Pending DAG nodes:
05/12/17 22:08:39   Node cbow_mean_lstm, HTCondor ID 1234, status STATUS_SUBMITTED
05/12/17 22:18:41 46976 seconds since last log event
05/12/17 22:18:41 Pending DAG nodes:
05/12/17 22:18:41   Node cbow_mean_lstm, HTCondor ID 1234, status STATUS_SUBMITTED
05/12/17 22:28:43 47578 seconds since last log event
05/12/17 22:28:43 Pending DAG nodes:
05/12/17 22:28:43   Node cbow_mean_lstm, HTCondor ID 1234, status STATUS_SUBMITTED
05/12/17 22:38:45 48180 seconds since last log event
05/12/17 22:38:45 Pending DAG nodes:
05/12/17 22:38:45   Node cbow_mean_lstm, HTCondor ID 1234, status STATUS_SUBMITTED
05/12/17 22:48:48 48783 seconds since last log event
05/12/17 22:48:48 Pending DAG nodes:
05/12/17 22:48:48   Node cbow_mean_lstm, HTCondor ID 1234, status STATUS_SUBMITTED
05/12/17 22:58:50 49385 seconds since last log event
05/12/17 22:58:50 Pending DAG nodes:
05/12/17 22:58:50   Node cbow_mean_lstm, HTCondor ID 1234, status STATUS_SUBMITTED
05/12/17 23:08:52 49987 seconds since last log event
05/12/17 23:08:52 Pending DAG nodes:
05/12/17 23:08:52   Node cbow_mean_lstm, HTCondor ID 1234, status STATUS_SUBMITTED
05/12/17 23:18:54 50589 seconds since last log event
05/12/17 23:18:54 Pending DAG nodes:
05/12/17 23:18:54   Node cbow_mean_lstm, HTCondor ID 1234, status STATUS_SUBMITTED
05/12/17 23:28:56 51191 seconds since last log event
05/12/17 23:28:56 Pending DAG nodes:
05/12/17 23:28:56   Node cbow_mean_lstm, HTCondor ID 1234, status STATUS_SUBMITTED
05/12/17 23:38:58 51793 seconds since last log event
05/12/17 23:38:58 Pending DAG nodes:
05/12/17 23:38:58   Node cbow_mean_lstm, HTCondor ID 1234, status STATUS_SUBMITTED
05/12/17 23:49:00 52395 seconds since last log event
05/12/17 23:49:00 Pending DAG nodes:
05/12/17 23:49:00   Node cbow_mean_lstm, HTCondor ID 1234, status STATUS_SUBMITTED
05/12/17 23:59:03 52998 seconds since last log event
05/12/17 23:59:03 Pending DAG nodes:
05/12/17 23:59:03   Node cbow_mean_lstm, HTCondor ID 1234, status STATUS_SUBMITTED
05/13/17 00:09:05 53600 seconds since last log event
05/13/17 00:09:05 Pending DAG nodes:
05/13/17 00:09:05   Node cbow_mean_lstm, HTCondor ID 1234, status STATUS_SUBMITTED
05/13/17 00:19:07 54202 seconds since last log event
05/13/17 00:19:07 Pending DAG nodes:
05/13/17 00:19:07   Node cbow_mean_lstm, HTCondor ID 1234, status STATUS_SUBMITTED
05/13/17 00:29:09 54804 seconds since last log event
05/13/17 00:29:09 Pending DAG nodes:
05/13/17 00:29:09   Node cbow_mean_lstm, HTCondor ID 1234, status STATUS_SUBMITTED
05/13/17 00:39:11 55406 seconds since last log event
05/13/17 00:39:11 Pending DAG nodes:
05/13/17 00:39:11   Node cbow_mean_lstm, HTCondor ID 1234, status STATUS_SUBMITTED
05/13/17 00:49:13 56008 seconds since last log event
05/13/17 00:49:13 Pending DAG nodes:
05/13/17 00:49:13   Node cbow_mean_lstm, HTCondor ID 1234, status STATUS_SUBMITTED
05/13/17 00:59:14 56609 seconds since last log event
05/13/17 00:59:14 Pending DAG nodes:
05/13/17 00:59:14   Node cbow_mean_lstm, HTCondor ID 1234, status STATUS_SUBMITTED
05/13/17 01:09:17 57212 seconds since last log event
05/13/17 01:09:17 Pending DAG nodes:
05/13/17 01:09:17   Node cbow_mean_lstm, HTCondor ID 1234, status STATUS_SUBMITTED
05/13/17 01:19:18 57813 seconds since last log event
05/13/17 01:19:18 Pending DAG nodes:
05/13/17 01:19:18   Node cbow_mean_lstm, HTCondor ID 1234, status STATUS_SUBMITTED
05/13/17 01:29:20 58415 seconds since last log event
05/13/17 01:29:20 Pending DAG nodes:
05/13/17 01:29:20   Node cbow_mean_lstm, HTCondor ID 1234, status STATUS_SUBMITTED
05/13/17 01:39:22 59017 seconds since last log event
05/13/17 01:39:22 Pending DAG nodes:
05/13/17 01:39:22   Node cbow_mean_lstm, HTCondor ID 1234, status STATUS_SUBMITTED
05/13/17 01:49:24 59619 seconds since last log event
05/13/17 01:49:24 Pending DAG nodes:
05/13/17 01:49:24   Node cbow_mean_lstm, HTCondor ID 1234, status STATUS_SUBMITTED
05/13/17 01:59:26 60221 seconds since last log event
05/13/17 01:59:26 Pending DAG nodes:
05/13/17 01:59:26   Node cbow_mean_lstm, HTCondor ID 1234, status STATUS_SUBMITTED
05/13/17 02:09:28 60823 seconds since last log event
05/13/17 02:09:28 Pending DAG nodes:
05/13/17 02:09:28   Node cbow_mean_lstm, HTCondor ID 1234, status STATUS_SUBMITTED
05/13/17 02:19:30 61425 seconds since last log event
05/13/17 02:19:30 Pending DAG nodes:
05/13/17 02:19:30   Node cbow_mean_lstm, HTCondor ID 1234, status STATUS_SUBMITTED
05/13/17 02:29:32 62027 seconds since last log event
05/13/17 02:29:32 Pending DAG nodes:
05/13/17 02:29:32   Node cbow_mean_lstm, HTCondor ID 1234, status STATUS_SUBMITTED
05/13/17 02:39:35 62630 seconds since last log event
05/13/17 02:39:35 Pending DAG nodes:
05/13/17 02:39:35   Node cbow_mean_lstm, HTCondor ID 1234, status STATUS_SUBMITTED
05/13/17 02:49:37 63232 seconds since last log event
05/13/17 02:49:37 Pending DAG nodes:
05/13/17 02:49:37   Node cbow_mean_lstm, HTCondor ID 1234, status STATUS_SUBMITTED
05/13/17 02:59:39 63834 seconds since last log event
05/13/17 02:59:39 Pending DAG nodes:
05/13/17 02:59:39   Node cbow_mean_lstm, HTCondor ID 1234, status STATUS_SUBMITTED
05/13/17 03:09:41 64436 seconds since last log event
05/13/17 03:09:41 Pending DAG nodes:
05/13/17 03:09:41   Node cbow_mean_lstm, HTCondor ID 1234, status STATUS_SUBMITTED
05/13/17 03:19:43 65038 seconds since last log event
05/13/17 03:19:43 Pending DAG nodes:
05/13/17 03:19:43   Node cbow_mean_lstm, HTCondor ID 1234, status STATUS_SUBMITTED
05/13/17 03:29:45 65640 seconds since last log event
05/13/17 03:29:45 Pending DAG nodes:
05/13/17 03:29:45   Node cbow_mean_lstm, HTCondor ID 1234, status STATUS_SUBMITTED
05/13/17 03:39:48 66243 seconds since last log event
05/13/17 03:39:48 Pending DAG nodes:
05/13/17 03:39:48   Node cbow_mean_lstm, HTCondor ID 1234, status STATUS_SUBMITTED
05/13/17 03:49:50 66845 seconds since last log event
05/13/17 03:49:50 Pending DAG nodes:
05/13/17 03:49:50   Node cbow_mean_lstm, HTCondor ID 1234, status STATUS_SUBMITTED
05/13/17 03:59:52 67447 seconds since last log event
05/13/17 03:59:52 Pending DAG nodes:
05/13/17 03:59:52   Node cbow_mean_lstm, HTCondor ID 1234, status STATUS_SUBMITTED
05/13/17 04:09:54 68049 seconds since last log event
05/13/17 04:09:54 Pending DAG nodes:
05/13/17 04:09:54   Node cbow_mean_lstm, HTCondor ID 1234, status STATUS_SUBMITTED
05/13/17 04:19:56 68651 seconds since last log event
05/13/17 04:19:56 Pending DAG nodes:
05/13/17 04:19:56   Node cbow_mean_lstm, HTCondor ID 1234, status STATUS_SUBMITTED
05/13/17 04:29:58 69253 seconds since last log event
05/13/17 04:29:58 Pending DAG nodes:
05/13/17 04:29:58   Node cbow_mean_lstm, HTCondor ID 1234, status STATUS_SUBMITTED
05/13/17 04:40:00 69855 seconds since last log event
05/13/17 04:40:00 Pending DAG nodes:
05/13/17 04:40:00   Node cbow_mean_lstm, HTCondor ID 1234, status STATUS_SUBMITTED
05/13/17 04:50:02 70457 seconds since last log event
05/13/17 04:50:02 Pending DAG nodes:
05/13/17 04:50:02   Node cbow_mean_lstm, HTCondor ID 1234, status STATUS_SUBMITTED
05/13/17 05:00:04 71059 seconds since last log event
05/13/17 05:00:04 Pending DAG nodes:
05/13/17 05:00:04   Node cbow_mean_lstm, HTCondor ID 1234, status STATUS_SUBMITTED
05/13/17 05:10:07 71662 seconds since last log event
05/13/17 05:10:07 Pending DAG nodes:
05/13/17 05:10:07   Node cbow_mean_lstm, HTCondor ID 1234, status STATUS_SUBMITTED
05/13/17 05:20:09 72264 seconds since last log event
05/13/17 05:20:09 Pending DAG nodes:
05/13/17 05:20:09   Node cbow_mean_lstm, HTCondor ID 1234, status STATUS_SUBMITTED
05/13/17 05:30:11 72866 seconds since last log event
05/13/17 05:30:11 Pending DAG nodes:
05/13/17 05:30:11   Node cbow_mean_lstm, HTCondor ID 1234, status STATUS_SUBMITTED
05/13/17 05:40:13 73468 seconds since last log event
05/13/17 05:40:13 Pending DAG nodes:
05/13/17 05:40:13   Node cbow_mean_lstm, HTCondor ID 1234, status STATUS_SUBMITTED
05/13/17 05:50:15 74070 seconds since last log event
05/13/17 05:50:15 Pending DAG nodes:
05/13/17 05:50:15   Node cbow_mean_lstm, HTCondor ID 1234, status STATUS_SUBMITTED
05/13/17 06:00:17 74672 seconds since last log event
05/13/17 06:00:17 Pending DAG nodes:
05/13/17 06:00:17   Node cbow_mean_lstm, HTCondor ID 1234, status STATUS_SUBMITTED
05/13/17 06:10:19 75274 seconds since last log event
05/13/17 06:10:19 Pending DAG nodes:
05/13/17 06:10:19   Node cbow_mean_lstm, HTCondor ID 1234, status STATUS_SUBMITTED
05/13/17 06:20:21 75876 seconds since last log event
05/13/17 06:20:21 Pending DAG nodes:
05/13/17 06:20:21   Node cbow_mean_lstm, HTCondor ID 1234, status STATUS_SUBMITTED
05/13/17 06:30:22 76477 seconds since last log event
05/13/17 06:30:22 Pending DAG nodes:
05/13/17 06:30:22   Node cbow_mean_lstm, HTCondor ID 1234, status STATUS_SUBMITTED
05/13/17 06:40:24 77079 seconds since last log event
05/13/17 06:40:24 Pending DAG nodes:
05/13/17 06:40:24   Node cbow_mean_lstm, HTCondor ID 1234, status STATUS_SUBMITTED
05/13/17 06:50:27 77682 seconds since last log event
05/13/17 06:50:27 Pending DAG nodes:
05/13/17 06:50:27   Node cbow_mean_lstm, HTCondor ID 1234, status STATUS_SUBMITTED
05/13/17 07:00:29 78284 seconds since last log event
05/13/17 07:00:29 Pending DAG nodes:
05/13/17 07:00:29   Node cbow_mean_lstm, HTCondor ID 1234, status STATUS_SUBMITTED
05/13/17 07:10:31 78886 seconds since last log event
05/13/17 07:10:31 Pending DAG nodes:
05/13/17 07:10:31   Node cbow_mean_lstm, HTCondor ID 1234, status STATUS_SUBMITTED
05/13/17 07:20:33 79488 seconds since last log event
05/13/17 07:20:33 Pending DAG nodes:
05/13/17 07:20:33   Node cbow_mean_lstm, HTCondor ID 1234, status STATUS_SUBMITTED
05/13/17 07:30:35 80090 seconds since last log event
05/13/17 07:30:35 Pending DAG nodes:
05/13/17 07:30:35   Node cbow_mean_lstm, HTCondor ID 1234, status STATUS_SUBMITTED
05/13/17 07:40:37 80692 seconds since last log event
05/13/17 07:40:37 Pending DAG nodes:
05/13/17 07:40:37   Node cbow_mean_lstm, HTCondor ID 1234, status STATUS_SUBMITTED
05/13/17 07:50:40 81295 seconds since last log event
05/13/17 07:50:40 Pending DAG nodes:
05/13/17 07:50:40   Node cbow_mean_lstm, HTCondor ID 1234, status STATUS_SUBMITTED
05/13/17 08:00:42 81897 seconds since last log event
05/13/17 08:00:42 Pending DAG nodes:
05/13/17 08:00:42   Node cbow_mean_lstm, HTCondor ID 1234, status STATUS_SUBMITTED
05/13/17 08:10:44 82499 seconds since last log event
05/13/17 08:10:44 Pending DAG nodes:
05/13/17 08:10:44   Node cbow_mean_lstm, HTCondor ID 1234, status STATUS_SUBMITTED
05/13/17 08:20:46 83101 seconds since last log event
05/13/17 08:20:46 Pending DAG nodes:
05/13/17 08:20:46   Node cbow_mean_lstm, HTCondor ID 1234, status STATUS_SUBMITTED
05/13/17 08:30:48 83703 seconds since last log event
05/13/17 08:30:48 Pending DAG nodes:
05/13/17 08:30:48   Node cbow_mean_lstm, HTCondor ID 1234, status STATUS_SUBMITTED
05/13/17 08:40:50 84305 seconds since last log event
05/13/17 08:40:50 Pending DAG nodes:
05/13/17 08:40:50   Node cbow_mean_lstm, HTCondor ID 1234, status STATUS_SUBMITTED
05/13/17 08:50:52 84907 seconds since last log event
05/13/17 08:50:52 Pending DAG nodes:
05/13/17 08:50:52   Node cbow_mean_lstm, HTCondor ID 1234, status STATUS_SUBMITTED
05/13/17 09:00:54 85509 seconds since last log event
05/13/17 09:00:54 Pending DAG nodes:
05/13/17 09:00:54   Node cbow_mean_lstm, HTCondor ID 1234, status STATUS_SUBMITTED
05/13/17 09:10:57 86112 seconds since last log event
05/13/17 09:10:57 Pending DAG nodes:
05/13/17 09:10:57   Node cbow_mean_lstm, HTCondor ID 1234, status STATUS_SUBMITTED
05/13/17 09:20:59 86714 seconds since last log event
05/13/17 09:20:59 Pending DAG nodes:
05/13/17 09:20:59   Node cbow_mean_lstm, HTCondor ID 1234, status STATUS_SUBMITTED
05/13/17 09:31:01 87316 seconds since last log event
05/13/17 09:31:01 Pending DAG nodes:
05/13/17 09:31:01   Node cbow_mean_lstm, HTCondor ID 1234, status STATUS_SUBMITTED
05/13/17 09:41:03 87918 seconds since last log event
05/13/17 09:41:03 Pending DAG nodes:
05/13/17 09:41:03   Node cbow_mean_lstm, HTCondor ID 1234, status STATUS_SUBMITTED
05/13/17 09:51:05 88520 seconds since last log event
05/13/17 09:51:05 Pending DAG nodes:
05/13/17 09:51:05   Node cbow_mean_lstm, HTCondor ID 1234, status STATUS_SUBMITTED
05/13/17 10:01:07 89122 seconds since last log event
05/13/17 10:01:07 Pending DAG nodes:
05/13/17 10:01:07   Node cbow_mean_lstm, HTCondor ID 1234, status STATUS_SUBMITTED
05/13/17 10:11:09 89724 seconds since last log event
05/13/17 10:11:09 Pending DAG nodes:
05/13/17 10:11:09   Node cbow_mean_lstm, HTCondor ID 1234, status STATUS_SUBMITTED
05/13/17 10:21:09 90324 seconds since last log event
05/13/17 10:21:09 Pending DAG nodes:
05/13/17 10:21:09   Node cbow_mean_lstm, HTCondor ID 1234, status STATUS_SUBMITTED
05/13/17 10:31:12 90927 seconds since last log event
05/13/17 10:31:12 Pending DAG nodes:
05/13/17 10:31:12   Node cbow_mean_lstm, HTCondor ID 1234, status STATUS_SUBMITTED
05/13/17 10:41:14 91529 seconds since last log event
05/13/17 10:41:14 Pending DAG nodes:
05/13/17 10:41:14   Node cbow_mean_lstm, HTCondor ID 1234, status STATUS_SUBMITTED
05/13/17 10:51:16 92131 seconds since last log event
05/13/17 10:51:16 Pending DAG nodes:
05/13/17 10:51:16   Node cbow_mean_lstm, HTCondor ID 1234, status STATUS_SUBMITTED
05/13/17 11:01:18 92733 seconds since last log event
05/13/17 11:01:18 Pending DAG nodes:
05/13/17 11:01:18   Node cbow_mean_lstm, HTCondor ID 1234, status STATUS_SUBMITTED
05/13/17 11:11:20 93335 seconds since last log event
05/13/17 11:11:20 Pending DAG nodes:
05/13/17 11:11:20   Node cbow_mean_lstm, HTCondor ID 1234, status STATUS_SUBMITTED
05/13/17 11:21:22 93937 seconds since last log event
05/13/17 11:21:22 Pending DAG nodes:
05/13/17 11:21:22   Node cbow_mean_lstm, HTCondor ID 1234, status STATUS_SUBMITTED
05/13/17 11:31:24 94539 seconds since last log event
05/13/17 11:31:24 Pending DAG nodes:
05/13/17 11:31:24   Node cbow_mean_lstm, HTCondor ID 1234, status STATUS_SUBMITTED
05/13/17 11:41:25 95140 seconds since last log event
05/13/17 11:41:25 Pending DAG nodes:
05/13/17 11:41:25   Node cbow_mean_lstm, HTCondor ID 1234, status STATUS_SUBMITTED
05/13/17 11:51:26 95741 seconds since last log event
05/13/17 11:51:26 Pending DAG nodes:
05/13/17 11:51:26   Node cbow_mean_lstm, HTCondor ID 1234, status STATUS_SUBMITTED
05/13/17 12:01:29 96344 seconds since last log event
05/13/17 12:01:29 Pending DAG nodes:
05/13/17 12:01:29   Node cbow_mean_lstm, HTCondor ID 1234, status STATUS_SUBMITTED
05/13/17 12:11:31 96946 seconds since last log event
05/13/17 12:11:31 Pending DAG nodes:
05/13/17 12:11:31   Node cbow_mean_lstm, HTCondor ID 1234, status STATUS_SUBMITTED
05/13/17 12:21:33 97548 seconds since last log event
05/13/17 12:21:33 Pending DAG nodes:
05/13/17 12:21:33   Node cbow_mean_lstm, HTCondor ID 1234, status STATUS_SUBMITTED
05/13/17 12:31:35 98150 seconds since last log event
05/13/17 12:31:35 Pending DAG nodes:
05/13/17 12:31:35   Node cbow_mean_lstm, HTCondor ID 1234, status STATUS_SUBMITTED
05/13/17 12:41:37 98752 seconds since last log event
05/13/17 12:41:37 Pending DAG nodes:
05/13/17 12:41:37   Node cbow_mean_lstm, HTCondor ID 1234, status STATUS_SUBMITTED
05/13/17 12:51:39 99354 seconds since last log event
05/13/17 12:51:39 Pending DAG nodes:
05/13/17 12:51:39   Node cbow_mean_lstm, HTCondor ID 1234, status STATUS_SUBMITTED
05/13/17 13:01:41 99956 seconds since last log event
05/13/17 13:01:41 Pending DAG nodes:
05/13/17 13:01:41   Node cbow_mean_lstm, HTCondor ID 1234, status STATUS_SUBMITTED
05/13/17 13:11:42 100557 seconds since last log event
05/13/17 13:11:42 Pending DAG nodes:
05/13/17 13:11:42   Node cbow_mean_lstm, HTCondor ID 1234, status STATUS_SUBMITTED
05/13/17 13:21:44 101159 seconds since last log event
05/13/17 13:21:44 Pending DAG nodes:
05/13/17 13:21:44   Node cbow_mean_lstm, HTCondor ID 1234, status STATUS_SUBMITTED
05/13/17 13:31:47 101762 seconds since last log event
05/13/17 13:31:47 Pending DAG nodes:
05/13/17 13:31:47   Node cbow_mean_lstm, HTCondor ID 1234, status STATUS_SUBMITTED
05/13/17 13:41:49 102364 seconds since last log event
05/13/17 13:41:49 Pending DAG nodes:
05/13/17 13:41:49   Node cbow_mean_lstm, HTCondor ID 1234, status STATUS_SUBMITTED
05/13/17 13:51:50 102965 seconds since last log event
05/13/17 13:51:50 Pending DAG nodes:
05/13/17 13:51:50   Node cbow_mean_lstm, HTCondor ID 1234, status STATUS_SUBMITTED
05/13/17 14:01:53 103568 seconds since last log event
05/13/17 14:01:53 Pending DAG nodes:
05/13/17 14:01:53   Node cbow_mean_lstm, HTCondor ID 1234, status STATUS_SUBMITTED
05/13/17 14:11:54 104169 seconds since last log event
05/13/17 14:11:54 Pending DAG nodes:
05/13/17 14:11:54   Node cbow_mean_lstm, HTCondor ID 1234, status STATUS_SUBMITTED
05/13/17 14:21:56 104771 seconds since last log event
05/13/17 14:21:56 Pending DAG nodes:
05/13/17 14:21:56   Node cbow_mean_lstm, HTCondor ID 1234, status STATUS_SUBMITTED
05/13/17 14:31:58 105373 seconds since last log event
05/13/17 14:31:58 Pending DAG nodes:
05/13/17 14:31:58   Node cbow_mean_lstm, HTCondor ID 1234, status STATUS_SUBMITTED
05/13/17 14:42:01 105976 seconds since last log event
05/13/17 14:42:01 Pending DAG nodes:
05/13/17 14:42:01   Node cbow_mean_lstm, HTCondor ID 1234, status STATUS_SUBMITTED
05/13/17 14:52:02 106577 seconds since last log event
05/13/17 14:52:02 Pending DAG nodes:
05/13/17 14:52:02   Node cbow_mean_lstm, HTCondor ID 1234, status STATUS_SUBMITTED
05/13/17 15:02:04 107179 seconds since last log event
05/13/17 15:02:04 Pending DAG nodes:
05/13/17 15:02:04   Node cbow_mean_lstm, HTCondor ID 1234, status STATUS_SUBMITTED
05/13/17 15:12:06 107781 seconds since last log event
05/13/17 15:12:06 Pending DAG nodes:
05/13/17 15:12:06   Node cbow_mean_lstm, HTCondor ID 1234, status STATUS_SUBMITTED
05/13/17 15:22:09 108384 seconds since last log event
05/13/17 15:22:09 Pending DAG nodes:
05/13/17 15:22:09   Node cbow_mean_lstm, HTCondor ID 1234, status STATUS_SUBMITTED
05/13/17 15:32:11 108986 seconds since last log event
05/13/17 15:32:11 Pending DAG nodes:
05/13/17 15:32:11   Node cbow_mean_lstm, HTCondor ID 1234, status STATUS_SUBMITTED
05/13/17 15:42:13 109588 seconds since last log event
05/13/17 15:42:13 Pending DAG nodes:
05/13/17 15:42:13   Node cbow_mean_lstm, HTCondor ID 1234, status STATUS_SUBMITTED
05/13/17 15:52:15 110190 seconds since last log event
05/13/17 15:52:15 Pending DAG nodes:
05/13/17 15:52:15   Node cbow_mean_lstm, HTCondor ID 1234, status STATUS_SUBMITTED
05/13/17 16:02:16 110791 seconds since last log event
05/13/17 16:02:16 Pending DAG nodes:
05/13/17 16:02:16   Node cbow_mean_lstm, HTCondor ID 1234, status STATUS_SUBMITTED
05/13/17 16:12:18 111393 seconds since last log event
05/13/17 16:12:18 Pending DAG nodes:
05/13/17 16:12:18   Node cbow_mean_lstm, HTCondor ID 1234, status STATUS_SUBMITTED
05/13/17 16:22:20 111995 seconds since last log event
05/13/17 16:22:20 Pending DAG nodes:
05/13/17 16:22:20   Node cbow_mean_lstm, HTCondor ID 1234, status STATUS_SUBMITTED
05/13/17 16:32:22 112597 seconds since last log event
05/13/17 16:32:22 Pending DAG nodes:
05/13/17 16:32:22   Node cbow_mean_lstm, HTCondor ID 1234, status STATUS_SUBMITTED
05/13/17 16:42:24 113199 seconds since last log event
05/13/17 16:42:24 Pending DAG nodes:
05/13/17 16:42:24   Node cbow_mean_lstm, HTCondor ID 1234, status STATUS_SUBMITTED
05/13/17 16:52:27 113802 seconds since last log event
05/13/17 16:52:27 Pending DAG nodes:
05/13/17 16:52:27   Node cbow_mean_lstm, HTCondor ID 1234, status STATUS_SUBMITTED
05/13/17 17:02:29 114404 seconds since last log event
05/13/17 17:02:29 Pending DAG nodes:
05/13/17 17:02:29   Node cbow_mean_lstm, HTCondor ID 1234, status STATUS_SUBMITTED
05/13/17 17:12:32 115007 seconds since last log event
05/13/17 17:12:32 Pending DAG nodes:
05/13/17 17:12:32   Node cbow_mean_lstm, HTCondor ID 1234, status STATUS_SUBMITTED
05/13/17 17:22:34 115609 seconds since last log event
05/13/17 17:22:34 Pending DAG nodes:
05/13/17 17:22:34   Node cbow_mean_lstm, HTCondor ID 1234, status STATUS_SUBMITTED
05/13/17 17:32:37 116212 seconds since last log event
05/13/17 17:32:37 Pending DAG nodes:
05/13/17 17:32:37   Node cbow_mean_lstm, HTCondor ID 1234, status STATUS_SUBMITTED
05/13/17 17:42:39 116814 seconds since last log event
05/13/17 17:42:39 Pending DAG nodes:
05/13/17 17:42:39   Node cbow_mean_lstm, HTCondor ID 1234, status STATUS_SUBMITTED
05/13/17 17:52:41 117416 seconds since last log event
05/13/17 17:52:41 Pending DAG nodes:
05/13/17 17:52:41   Node cbow_mean_lstm, HTCondor ID 1234, status STATUS_SUBMITTED
05/13/17 18:02:42 118017 seconds since last log event
05/13/17 18:02:42 Pending DAG nodes:
05/13/17 18:02:42   Node cbow_mean_lstm, HTCondor ID 1234, status STATUS_SUBMITTED
05/13/17 18:12:45 118620 seconds since last log event
05/13/17 18:12:45 Pending DAG nodes:
05/13/17 18:12:45   Node cbow_mean_lstm, HTCondor ID 1234, status STATUS_SUBMITTED
05/13/17 18:22:47 119222 seconds since last log event
05/13/17 18:22:47 Pending DAG nodes:
05/13/17 18:22:47   Node cbow_mean_lstm, HTCondor ID 1234, status STATUS_SUBMITTED
05/13/17 18:32:49 119824 seconds since last log event
05/13/17 18:32:49 Pending DAG nodes:
05/13/17 18:32:49   Node cbow_mean_lstm, HTCondor ID 1234, status STATUS_SUBMITTED
05/13/17 18:42:51 120426 seconds since last log event
05/13/17 18:42:51 Pending DAG nodes:
05/13/17 18:42:51   Node cbow_mean_lstm, HTCondor ID 1234, status STATUS_SUBMITTED
05/13/17 18:52:52 121027 seconds since last log event
05/13/17 18:52:52 Pending DAG nodes:
05/13/17 18:52:52   Node cbow_mean_lstm, HTCondor ID 1234, status STATUS_SUBMITTED
05/13/17 19:02:54 121629 seconds since last log event
05/13/17 19:02:54 Pending DAG nodes:
05/13/17 19:02:54   Node cbow_mean_lstm, HTCondor ID 1234, status STATUS_SUBMITTED
05/13/17 19:12:56 122231 seconds since last log event
05/13/17 19:12:56 Pending DAG nodes:
05/13/17 19:12:56   Node cbow_mean_lstm, HTCondor ID 1234, status STATUS_SUBMITTED
05/13/17 19:22:59 122834 seconds since last log event
05/13/17 19:22:59 Pending DAG nodes:
05/13/17 19:22:59   Node cbow_mean_lstm, HTCondor ID 1234, status STATUS_SUBMITTED
05/13/17 19:33:00 123435 seconds since last log event
05/13/17 19:33:00 Pending DAG nodes:
05/13/17 19:33:00   Node cbow_mean_lstm, HTCondor ID 1234, status STATUS_SUBMITTED
05/13/17 19:43:02 124037 seconds since last log event
05/13/17 19:43:02 Pending DAG nodes:
05/13/17 19:43:02   Node cbow_mean_lstm, HTCondor ID 1234, status STATUS_SUBMITTED
05/13/17 19:53:04 124639 seconds since last log event
05/13/17 19:53:04 Pending DAG nodes:
05/13/17 19:53:04   Node cbow_mean_lstm, HTCondor ID 1234, status STATUS_SUBMITTED
05/13/17 20:03:06 125241 seconds since last log event
05/13/17 20:03:06 Pending DAG nodes:
05/13/17 20:03:06   Node cbow_mean_lstm, HTCondor ID 1234, status STATUS_SUBMITTED
05/13/17 20:13:08 125843 seconds since last log event
05/13/17 20:13:08 Pending DAG nodes:
05/13/17 20:13:08   Node cbow_mean_lstm, HTCondor ID 1234, status STATUS_SUBMITTED
05/13/17 20:23:11 126446 seconds since last log event
05/13/17 20:23:11 Pending DAG nodes:
05/13/17 20:23:11   Node cbow_mean_lstm, HTCondor ID 1234, status STATUS_SUBMITTED
05/13/17 20:33:13 127048 seconds since last log event
05/13/17 20:33:13 Pending DAG nodes:
05/13/17 20:33:13   Node cbow_mean_lstm, HTCondor ID 1234, status STATUS_SUBMITTED
05/13/17 20:43:15 127650 seconds since last log event
05/13/17 20:43:15 Pending DAG nodes:
05/13/17 20:43:15   Node cbow_mean_lstm, HTCondor ID 1234, status STATUS_SUBMITTED
05/13/17 20:53:17 128252 seconds since last log event
05/13/17 20:53:17 Pending DAG nodes:
05/13/17 20:53:17   Node cbow_mean_lstm, HTCondor ID 1234, status STATUS_SUBMITTED
05/13/17 21:03:19 128854 seconds since last log event
05/13/17 21:03:19 Pending DAG nodes:
05/13/17 21:03:19   Node cbow_mean_lstm, HTCondor ID 1234, status STATUS_SUBMITTED
05/13/17 21:13:21 129456 seconds since last log event
05/13/17 21:13:21 Pending DAG nodes:
05/13/17 21:13:21   Node cbow_mean_lstm, HTCondor ID 1234, status STATUS_SUBMITTED
05/13/17 21:23:23 130058 seconds since last log event
05/13/17 21:23:23 Pending DAG nodes:
05/13/17 21:23:23   Node cbow_mean_lstm, HTCondor ID 1234, status STATUS_SUBMITTED
05/13/17 21:33:25 130660 seconds since last log event
05/13/17 21:33:25 Pending DAG nodes:
05/13/17 21:33:25   Node cbow_mean_lstm, HTCondor ID 1234, status STATUS_SUBMITTED
05/13/17 21:43:28 131263 seconds since last log event
05/13/17 21:43:28 Pending DAG nodes:
05/13/17 21:43:28   Node cbow_mean_lstm, HTCondor ID 1234, status STATUS_SUBMITTED
05/13/17 21:53:31 131866 seconds since last log event
05/13/17 21:53:31 Pending DAG nodes:
05/13/17 21:53:31   Node cbow_mean_lstm, HTCondor ID 1234, status STATUS_SUBMITTED
05/13/17 22:03:34 132469 seconds since last log event
05/13/17 22:03:34 Pending DAG nodes:
05/13/17 22:03:34   Node cbow_mean_lstm, HTCondor ID 1234, status STATUS_SUBMITTED
05/13/17 22:13:36 133071 seconds since last log event
05/13/17 22:13:36 Pending DAG nodes:
05/13/17 22:13:36   Node cbow_mean_lstm, HTCondor ID 1234, status STATUS_SUBMITTED
05/13/17 22:23:39 133674 seconds since last log event
05/13/17 22:23:39 Pending DAG nodes:
05/13/17 22:23:39   Node cbow_mean_lstm, HTCondor ID 1234, status STATUS_SUBMITTED
05/13/17 22:33:41 134276 seconds since last log event
05/13/17 22:33:41 Pending DAG nodes:
05/13/17 22:33:41   Node cbow_mean_lstm, HTCondor ID 1234, status STATUS_SUBMITTED
05/13/17 22:43:44 134879 seconds since last log event
05/13/17 22:43:44 Pending DAG nodes:
05/13/17 22:43:44   Node cbow_mean_lstm, HTCondor ID 1234, status STATUS_SUBMITTED
05/13/17 22:53:46 135481 seconds since last log event
05/13/17 22:53:46 Pending DAG nodes:
05/13/17 22:53:46   Node cbow_mean_lstm, HTCondor ID 1234, status STATUS_SUBMITTED
05/13/17 23:03:48 136083 seconds since last log event
05/13/17 23:03:48 Pending DAG nodes:
05/13/17 23:03:48   Node cbow_mean_lstm, HTCondor ID 1234, status STATUS_SUBMITTED
05/13/17 23:13:51 136686 seconds since last log event
05/13/17 23:13:51 Pending DAG nodes:
05/13/17 23:13:51   Node cbow_mean_lstm, HTCondor ID 1234, status STATUS_SUBMITTED
05/13/17 23:23:53 137288 seconds since last log event
05/13/17 23:23:53 Pending DAG nodes:
05/13/17 23:23:53   Node cbow_mean_lstm, HTCondor ID 1234, status STATUS_SUBMITTED
05/13/17 23:33:56 137891 seconds since last log event
05/13/17 23:33:56 Pending DAG nodes:
05/13/17 23:33:56   Node cbow_mean_lstm, HTCondor ID 1234, status STATUS_SUBMITTED
05/13/17 23:43:58 138493 seconds since last log event
05/13/17 23:43:58 Pending DAG nodes:
05/13/17 23:43:58   Node cbow_mean_lstm, HTCondor ID 1234, status STATUS_SUBMITTED
05/13/17 23:54:01 139096 seconds since last log event
05/13/17 23:54:01 Pending DAG nodes:
05/13/17 23:54:01   Node cbow_mean_lstm, HTCondor ID 1234, status STATUS_SUBMITTED
05/14/17 00:04:04 139699 seconds since last log event
05/14/17 00:04:04 Pending DAG nodes:
05/14/17 00:04:04   Node cbow_mean_lstm, HTCondor ID 1234, status STATUS_SUBMITTED
05/14/17 00:14:07 140302 seconds since last log event
05/14/17 00:14:07 Pending DAG nodes:
05/14/17 00:14:07   Node cbow_mean_lstm, HTCondor ID 1234, status STATUS_SUBMITTED
05/14/17 00:24:09 140904 seconds since last log event
05/14/17 00:24:09 Pending DAG nodes:
05/14/17 00:24:09   Node cbow_mean_lstm, HTCondor ID 1234, status STATUS_SUBMITTED
05/14/17 00:34:12 141507 seconds since last log event
05/14/17 00:34:12 Pending DAG nodes:
05/14/17 00:34:12   Node cbow_mean_lstm, HTCondor ID 1234, status STATUS_SUBMITTED
05/14/17 00:44:14 142109 seconds since last log event
05/14/17 00:44:14 Pending DAG nodes:
05/14/17 00:44:14   Node cbow_mean_lstm, HTCondor ID 1234, status STATUS_SUBMITTED
05/14/17 00:54:16 142711 seconds since last log event
05/14/17 00:54:16 Pending DAG nodes:
05/14/17 00:54:16   Node cbow_mean_lstm, HTCondor ID 1234, status STATUS_SUBMITTED
05/14/17 01:04:19 143314 seconds since last log event
05/14/17 01:04:19 Pending DAG nodes:
05/14/17 01:04:19   Node cbow_mean_lstm, HTCondor ID 1234, status STATUS_SUBMITTED
05/14/17 01:14:21 143916 seconds since last log event
05/14/17 01:14:21 Pending DAG nodes:
05/14/17 01:14:21   Node cbow_mean_lstm, HTCondor ID 1234, status STATUS_SUBMITTED
05/14/17 01:24:24 144519 seconds since last log event
05/14/17 01:24:24 Pending DAG nodes:
05/14/17 01:24:24   Node cbow_mean_lstm, HTCondor ID 1234, status STATUS_SUBMITTED
05/14/17 01:34:26 145121 seconds since last log event
05/14/17 01:34:26 Pending DAG nodes:
05/14/17 01:34:26   Node cbow_mean_lstm, HTCondor ID 1234, status STATUS_SUBMITTED
05/14/17 01:44:29 145724 seconds since last log event
05/14/17 01:44:29 Pending DAG nodes:
05/14/17 01:44:29   Node cbow_mean_lstm, HTCondor ID 1234, status STATUS_SUBMITTED
05/14/17 01:54:31 146326 seconds since last log event
05/14/17 01:54:31 Pending DAG nodes:
05/14/17 01:54:31   Node cbow_mean_lstm, HTCondor ID 1234, status STATUS_SUBMITTED
05/14/17 02:04:34 146929 seconds since last log event
05/14/17 02:04:34 Pending DAG nodes:
05/14/17 02:04:34   Node cbow_mean_lstm, HTCondor ID 1234, status STATUS_SUBMITTED
05/14/17 02:14:36 147531 seconds since last log event
05/14/17 02:14:36 Pending DAG nodes:
05/14/17 02:14:36   Node cbow_mean_lstm, HTCondor ID 1234, status STATUS_SUBMITTED
05/14/17 02:24:38 148133 seconds since last log event
05/14/17 02:24:38 Pending DAG nodes:
05/14/17 02:24:38   Node cbow_mean_lstm, HTCondor ID 1234, status STATUS_SUBMITTED
05/14/17 02:34:41 148736 seconds since last log event
05/14/17 02:34:41 Pending DAG nodes:
05/14/17 02:34:41   Node cbow_mean_lstm, HTCondor ID 1234, status STATUS_SUBMITTED
05/14/17 02:44:43 149338 seconds since last log event
05/14/17 02:44:43 Pending DAG nodes:
05/14/17 02:44:43   Node cbow_mean_lstm, HTCondor ID 1234, status STATUS_SUBMITTED
05/14/17 02:54:46 149941 seconds since last log event
05/14/17 02:54:46 Pending DAG nodes:
05/14/17 02:54:46   Node cbow_mean_lstm, HTCondor ID 1234, status STATUS_SUBMITTED
05/14/17 03:04:48 150543 seconds since last log event
05/14/17 03:04:48 Pending DAG nodes:
05/14/17 03:04:48   Node cbow_mean_lstm, HTCondor ID 1234, status STATUS_SUBMITTED
05/14/17 03:14:50 151145 seconds since last log event
05/14/17 03:14:50 Pending DAG nodes:
05/14/17 03:14:50   Node cbow_mean_lstm, HTCondor ID 1234, status STATUS_SUBMITTED
05/14/17 03:24:53 151748 seconds since last log event
05/14/17 03:24:53 Pending DAG nodes:
05/14/17 03:24:53   Node cbow_mean_lstm, HTCondor ID 1234, status STATUS_SUBMITTED
05/14/17 03:34:56 152351 seconds since last log event
05/14/17 03:34:56 Pending DAG nodes:
05/14/17 03:34:56   Node cbow_mean_lstm, HTCondor ID 1234, status STATUS_SUBMITTED
05/14/17 03:44:59 152954 seconds since last log event
05/14/17 03:44:59 Pending DAG nodes:
05/14/17 03:44:59   Node cbow_mean_lstm, HTCondor ID 1234, status STATUS_SUBMITTED
05/14/17 03:55:01 153556 seconds since last log event
05/14/17 03:55:01 Pending DAG nodes:
05/14/17 03:55:01   Node cbow_mean_lstm, HTCondor ID 1234, status STATUS_SUBMITTED
05/14/17 04:05:03 154158 seconds since last log event
05/14/17 04:05:03 Pending DAG nodes:
05/14/17 04:05:03   Node cbow_mean_lstm, HTCondor ID 1234, status STATUS_SUBMITTED
05/14/17 04:15:05 154760 seconds since last log event
05/14/17 04:15:05 Pending DAG nodes:
05/14/17 04:15:05   Node cbow_mean_lstm, HTCondor ID 1234, status STATUS_SUBMITTED
05/14/17 04:25:07 155362 seconds since last log event
05/14/17 04:25:07 Pending DAG nodes:
05/14/17 04:25:07   Node cbow_mean_lstm, HTCondor ID 1234, status STATUS_SUBMITTED
05/14/17 04:35:10 155965 seconds since last log event
05/14/17 04:35:10 Pending DAG nodes:
05/14/17 04:35:10   Node cbow_mean_lstm, HTCondor ID 1234, status STATUS_SUBMITTED
05/14/17 04:45:12 156567 seconds since last log event
05/14/17 04:45:12 Pending DAG nodes:
05/14/17 04:45:12   Node cbow_mean_lstm, HTCondor ID 1234, status STATUS_SUBMITTED
05/14/17 04:55:15 157170 seconds since last log event
05/14/17 04:55:15 Pending DAG nodes:
05/14/17 04:55:15   Node cbow_mean_lstm, HTCondor ID 1234, status STATUS_SUBMITTED
05/14/17 05:05:17 157772 seconds since last log event
05/14/17 05:05:17 Pending DAG nodes:
05/14/17 05:05:17   Node cbow_mean_lstm, HTCondor ID 1234, status STATUS_SUBMITTED
05/14/17 05:15:20 158375 seconds since last log event
05/14/17 05:15:20 Pending DAG nodes:
05/14/17 05:15:20   Node cbow_mean_lstm, HTCondor ID 1234, status STATUS_SUBMITTED
05/14/17 05:25:22 158977 seconds since last log event
05/14/17 05:25:22 Pending DAG nodes:
05/14/17 05:25:22   Node cbow_mean_lstm, HTCondor ID 1234, status STATUS_SUBMITTED
05/14/17 05:35:24 159579 seconds since last log event
05/14/17 05:35:24 Pending DAG nodes:
05/14/17 05:35:24   Node cbow_mean_lstm, HTCondor ID 1234, status STATUS_SUBMITTED
05/14/17 05:45:25 160180 seconds since last log event
05/14/17 05:45:25 Pending DAG nodes:
05/14/17 05:45:25   Node cbow_mean_lstm, HTCondor ID 1234, status STATUS_SUBMITTED
05/14/17 05:55:26 160781 seconds since last log event
05/14/17 05:55:26 Pending DAG nodes:
05/14/17 05:55:26   Node cbow_mean_lstm, HTCondor ID 1234, status STATUS_SUBMITTED
05/14/17 06:05:28 161383 seconds since last log event
05/14/17 06:05:28 Pending DAG nodes:
05/14/17 06:05:28   Node cbow_mean_lstm, HTCondor ID 1234, status STATUS_SUBMITTED
05/14/17 06:15:29 161984 seconds since last log event
05/14/17 06:15:29 Pending DAG nodes:
05/14/17 06:15:29   Node cbow_mean_lstm, HTCondor ID 1234, status STATUS_SUBMITTED
05/14/17 06:25:31 162586 seconds since last log event
05/14/17 06:25:31 Pending DAG nodes:
05/14/17 06:25:31   Node cbow_mean_lstm, HTCondor ID 1234, status STATUS_SUBMITTED
05/14/17 06:35:34 163189 seconds since last log event
05/14/17 06:35:34 Pending DAG nodes:
05/14/17 06:35:34   Node cbow_mean_lstm, HTCondor ID 1234, status STATUS_SUBMITTED
05/14/17 06:45:36 163791 seconds since last log event
05/14/17 06:45:36 Pending DAG nodes:
05/14/17 06:45:36   Node cbow_mean_lstm, HTCondor ID 1234, status STATUS_SUBMITTED
05/14/17 06:55:39 164394 seconds since last log event
05/14/17 06:55:39 Pending DAG nodes:
05/14/17 06:55:39   Node cbow_mean_lstm, HTCondor ID 1234, status STATUS_SUBMITTED
05/14/17 07:05:42 164997 seconds since last log event
05/14/17 07:05:42 Pending DAG nodes:
05/14/17 07:05:42   Node cbow_mean_lstm, HTCondor ID 1234, status STATUS_SUBMITTED
05/14/17 07:15:44 165599 seconds since last log event
05/14/17 07:15:44 Pending DAG nodes:
05/14/17 07:15:44   Node cbow_mean_lstm, HTCondor ID 1234, status STATUS_SUBMITTED
05/14/17 07:25:46 166201 seconds since last log event
05/14/17 07:25:46 Pending DAG nodes:
05/14/17 07:25:46   Node cbow_mean_lstm, HTCondor ID 1234, status STATUS_SUBMITTED
05/14/17 07:35:49 166804 seconds since last log event
05/14/17 07:35:49 Pending DAG nodes:
05/14/17 07:35:49   Node cbow_mean_lstm, HTCondor ID 1234, status STATUS_SUBMITTED
05/14/17 07:45:51 167406 seconds since last log event
05/14/17 07:45:51 Pending DAG nodes:
05/14/17 07:45:51   Node cbow_mean_lstm, HTCondor ID 1234, status STATUS_SUBMITTED
05/14/17 07:55:54 168009 seconds since last log event
05/14/17 07:55:54 Pending DAG nodes:
05/14/17 07:55:54   Node cbow_mean_lstm, HTCondor ID 1234, status STATUS_SUBMITTED
05/14/17 08:05:56 168611 seconds since last log event
05/14/17 08:05:56 Pending DAG nodes:
05/14/17 08:05:56   Node cbow_mean_lstm, HTCondor ID 1234, status STATUS_SUBMITTED
05/14/17 08:15:58 169213 seconds since last log event
05/14/17 08:15:58 Pending DAG nodes:
05/14/17 08:15:58   Node cbow_mean_lstm, HTCondor ID 1234, status STATUS_SUBMITTED
05/14/17 08:26:00 169815 seconds since last log event
05/14/17 08:26:00 Pending DAG nodes:
05/14/17 08:26:00   Node cbow_mean_lstm, HTCondor ID 1234, status STATUS_SUBMITTED
05/14/17 08:36:03 170418 seconds since last log event
05/14/17 08:36:03 Pending DAG nodes:
05/14/17 08:36:03   Node cbow_mean_lstm, HTCondor ID 1234, status STATUS_SUBMITTED
05/14/17 08:46:05 171020 seconds since last log event
05/14/17 08:46:05 Pending DAG nodes:
05/14/17 08:46:05   Node cbow_mean_lstm, HTCondor ID 1234, status STATUS_SUBMITTED
05/14/17 08:56:07 171622 seconds since last log event
05/14/17 08:56:07 Pending DAG nodes:
05/14/17 08:56:07   Node cbow_mean_lstm, HTCondor ID 1234, status STATUS_SUBMITTED
05/14/17 09:06:09 172224 seconds since last log event
05/14/17 09:06:09 Pending DAG nodes:
05/14/17 09:06:09   Node cbow_mean_lstm, HTCondor ID 1234, status STATUS_SUBMITTED
05/14/17 09:16:12 172827 seconds since last log event
05/14/17 09:16:12 Pending DAG nodes:
05/14/17 09:16:12   Node cbow_mean_lstm, HTCondor ID 1234, status STATUS_SUBMITTED
05/14/17 09:26:13 173428 seconds since last log event
05/14/17 09:26:13 Pending DAG nodes:
05/14/17 09:26:13   Node cbow_mean_lstm, HTCondor ID 1234, status STATUS_SUBMITTED
05/14/17 09:36:16 174031 seconds since last log event
05/14/17 09:36:16 Pending DAG nodes:
05/14/17 09:36:16   Node cbow_mean_lstm, HTCondor ID 1234, status STATUS_SUBMITTED
05/14/17 09:46:18 174633 seconds since last log event
05/14/17 09:46:18 Pending DAG nodes:
05/14/17 09:46:18   Node cbow_mean_lstm, HTCondor ID 1234, status STATUS_SUBMITTED
05/14/17 09:56:20 175235 seconds since last log event
05/14/17 09:56:20 Pending DAG nodes:
05/14/17 09:56:20   Node cbow_mean_lstm, HTCondor ID 1234, status STATUS_SUBMITTED
05/14/17 10:06:23 175838 seconds since last log event
05/14/17 10:06:23 Pending DAG nodes:
05/14/17 10:06:23   Node cbow_mean_lstm, HTCondor ID 1234, status STATUS_SUBMITTED
05/14/17 10:16:26 176441 seconds since last log event
05/14/17 10:16:26 Pending DAG nodes:
05/14/17 10:16:26   Node cbow_mean_lstm, HTCondor ID 1234, status STATUS_SUBMITTED
05/14/17 10:26:28 177043 seconds since last log event
05/14/17 10:26:28 Pending DAG nodes:
05/14/17 10:26:28   Node cbow_mean_lstm, HTCondor ID 1234, status STATUS_SUBMITTED
05/14/17 10:36:31 177646 seconds since last log event
05/14/17 10:36:31 Pending DAG nodes:
05/14/17 10:36:31   Node cbow_mean_lstm, HTCondor ID 1234, status STATUS_SUBMITTED
05/14/17 10:46:32 178247 seconds since last log event
05/14/17 10:46:32 Pending DAG nodes:
05/14/17 10:46:32   Node cbow_mean_lstm, HTCondor ID 1234, status STATUS_SUBMITTED
05/14/17 10:56:35 178850 seconds since last log event
05/14/17 10:56:35 Pending DAG nodes:
05/14/17 10:56:35   Node cbow_mean_lstm, HTCondor ID 1234, status STATUS_SUBMITTED
05/14/17 11:06:37 179452 seconds since last log event
05/14/17 11:06:37 Pending DAG nodes:
05/14/17 11:06:37   Node cbow_mean_lstm, HTCondor ID 1234, status STATUS_SUBMITTED
05/14/17 11:16:39 180054 seconds since last log event
05/14/17 11:16:39 Pending DAG nodes:
05/14/17 11:16:39   Node cbow_mean_lstm, HTCondor ID 1234, status STATUS_SUBMITTED
05/14/17 11:26:41 180656 seconds since last log event
05/14/17 11:26:41 Pending DAG nodes:
05/14/17 11:26:41   Node cbow_mean_lstm, HTCondor ID 1234, status STATUS_SUBMITTED
05/14/17 11:36:43 181258 seconds since last log event
05/14/17 11:36:43 Pending DAG nodes:
05/14/17 11:36:43   Node cbow_mean_lstm, HTCondor ID 1234, status STATUS_SUBMITTED
05/14/17 11:46:46 181861 seconds since last log event
05/14/17 11:46:46 Pending DAG nodes:
05/14/17 11:46:46   Node cbow_mean_lstm, HTCondor ID 1234, status STATUS_SUBMITTED
05/14/17 11:56:47 182462 seconds since last log event
05/14/17 11:56:47 Pending DAG nodes:
05/14/17 11:56:47   Node cbow_mean_lstm, HTCondor ID 1234, status STATUS_SUBMITTED
05/14/17 12:06:50 183065 seconds since last log event
05/14/17 12:06:50 Pending DAG nodes:
05/14/17 12:06:50   Node cbow_mean_lstm, HTCondor ID 1234, status STATUS_SUBMITTED
05/14/17 12:16:53 183668 seconds since last log event
05/14/17 12:16:53 Pending DAG nodes:
05/14/17 12:16:53   Node cbow_mean_lstm, HTCondor ID 1234, status STATUS_SUBMITTED
05/14/17 12:26:55 184270 seconds since last log event
05/14/17 12:26:55 Pending DAG nodes:
05/14/17 12:26:55   Node cbow_mean_lstm, HTCondor ID 1234, status STATUS_SUBMITTED
05/14/17 12:36:58 184873 seconds since last log event
05/14/17 12:36:58 Pending DAG nodes:
05/14/17 12:36:58   Node cbow_mean_lstm, HTCondor ID 1234, status STATUS_SUBMITTED
05/14/17 12:47:00 185475 seconds since last log event
05/14/17 12:47:00 Pending DAG nodes:
05/14/17 12:47:00   Node cbow_mean_lstm, HTCondor ID 1234, status STATUS_SUBMITTED
05/14/17 12:57:02 186077 seconds since last log event
05/14/17 12:57:02 Pending DAG nodes:
05/14/17 12:57:02   Node cbow_mean_lstm, HTCondor ID 1234, status STATUS_SUBMITTED
05/14/17 13:07:05 186680 seconds since last log event
05/14/17 13:07:05 Pending DAG nodes:
05/14/17 13:07:05   Node cbow_mean_lstm, HTCondor ID 1234, status STATUS_SUBMITTED
05/14/17 13:17:07 187282 seconds since last log event
05/14/17 13:17:07 Pending DAG nodes:
05/14/17 13:17:07   Node cbow_mean_lstm, HTCondor ID 1234, status STATUS_SUBMITTED
05/14/17 13:27:09 187884 seconds since last log event
05/14/17 13:27:09 Pending DAG nodes:
05/14/17 13:27:09   Node cbow_mean_lstm, HTCondor ID 1234, status STATUS_SUBMITTED
05/14/17 13:37:12 188487 seconds since last log event
05/14/17 13:37:12 Pending DAG nodes:
05/14/17 13:37:12   Node cbow_mean_lstm, HTCondor ID 1234, status STATUS_SUBMITTED
05/14/17 13:47:15 189090 seconds since last log event
05/14/17 13:47:15 Pending DAG nodes:
05/14/17 13:47:15   Node cbow_mean_lstm, HTCondor ID 1234, status STATUS_SUBMITTED
05/14/17 13:57:17 189692 seconds since last log event
05/14/17 13:57:17 Pending DAG nodes:
05/14/17 13:57:17   Node cbow_mean_lstm, HTCondor ID 1234, status STATUS_SUBMITTED
05/14/17 14:07:20 190295 seconds since last log event
05/14/17 14:07:20 Pending DAG nodes:
05/14/17 14:07:20   Node cbow_mean_lstm, HTCondor ID 1234, status STATUS_SUBMITTED
05/14/17 14:17:22 190897 seconds since last log event
05/14/17 14:17:22 Pending DAG nodes:
05/14/17 14:17:22   Node cbow_mean_lstm, HTCondor ID 1234, status STATUS_SUBMITTED
05/14/17 14:27:24 191499 seconds since last log event
05/14/17 14:27:24 Pending DAG nodes:
05/14/17 14:27:24   Node cbow_mean_lstm, HTCondor ID 1234, status STATUS_SUBMITTED
05/14/17 14:37:27 192102 seconds since last log event
05/14/17 14:37:27 Pending DAG nodes:
05/14/17 14:37:27   Node cbow_mean_lstm, HTCondor ID 1234, status STATUS_SUBMITTED
05/14/17 14:47:28 192703 seconds since last log event
05/14/17 14:47:28 Pending DAG nodes:
05/14/17 14:47:28   Node cbow_mean_lstm, HTCondor ID 1234, status STATUS_SUBMITTED
05/14/17 14:57:29 193304 seconds since last log event
05/14/17 14:57:29 Pending DAG nodes:
05/14/17 14:57:29   Node cbow_mean_lstm, HTCondor ID 1234, status STATUS_SUBMITTED
05/14/17 15:07:32 193907 seconds since last log event
05/14/17 15:07:32 Pending DAG nodes:
05/14/17 15:07:32   Node cbow_mean_lstm, HTCondor ID 1234, status STATUS_SUBMITTED
05/14/17 15:17:34 194509 seconds since last log event
05/14/17 15:17:34 Pending DAG nodes:
05/14/17 15:17:34   Node cbow_mean_lstm, HTCondor ID 1234, status STATUS_SUBMITTED
05/14/17 15:27:37 195112 seconds since last log event
05/14/17 15:27:37 Pending DAG nodes:
05/14/17 15:27:37   Node cbow_mean_lstm, HTCondor ID 1234, status STATUS_SUBMITTED
05/14/17 15:37:38 195713 seconds since last log event
05/14/17 15:37:38 Pending DAG nodes:
05/14/17 15:37:38   Node cbow_mean_lstm, HTCondor ID 1234, status STATUS_SUBMITTED
05/14/17 15:47:40 196315 seconds since last log event
05/14/17 15:47:40 Pending DAG nodes:
05/14/17 15:47:40   Node cbow_mean_lstm, HTCondor ID 1234, status STATUS_SUBMITTED
05/14/17 15:57:42 196917 seconds since last log event
05/14/17 15:57:42 Pending DAG nodes:
05/14/17 15:57:42   Node cbow_mean_lstm, HTCondor ID 1234, status STATUS_SUBMITTED
05/14/17 16:07:44 197519 seconds since last log event
05/14/17 16:07:44 Pending DAG nodes:
05/14/17 16:07:44   Node cbow_mean_lstm, HTCondor ID 1234, status STATUS_SUBMITTED
05/14/17 16:17:45 198120 seconds since last log event
05/14/17 16:17:45 Pending DAG nodes:
05/14/17 16:17:45   Node cbow_mean_lstm, HTCondor ID 1234, status STATUS_SUBMITTED
05/14/17 16:27:46 198721 seconds since last log event
05/14/17 16:27:46 Pending DAG nodes:
05/14/17 16:27:46   Node cbow_mean_lstm, HTCondor ID 1234, status STATUS_SUBMITTED
05/14/17 16:37:48 199323 seconds since last log event
05/14/17 16:37:48 Pending DAG nodes:
05/14/17 16:37:48   Node cbow_mean_lstm, HTCondor ID 1234, status STATUS_SUBMITTED
05/14/17 16:47:51 199926 seconds since last log event
05/14/17 16:47:51 Pending DAG nodes:
05/14/17 16:47:51   Node cbow_mean_lstm, HTCondor ID 1234, status STATUS_SUBMITTED
05/14/17 16:57:53 200528 seconds since last log event
05/14/17 16:57:53 Pending DAG nodes:
05/14/17 16:57:53   Node cbow_mean_lstm, HTCondor ID 1234, status STATUS_SUBMITTED
05/14/17 17:07:55 201130 seconds since last log event
05/14/17 17:07:55 Pending DAG nodes:
05/14/17 17:07:55   Node cbow_mean_lstm, HTCondor ID 1234, status STATUS_SUBMITTED
05/14/17 17:17:57 201732 seconds since last log event
05/14/17 17:17:57 Pending DAG nodes:
05/14/17 17:17:57   Node cbow_mean_lstm, HTCondor ID 1234, status STATUS_SUBMITTED
05/14/17 17:27:59 202334 seconds since last log event
05/14/17 17:27:59 Pending DAG nodes:
05/14/17 17:27:59   Node cbow_mean_lstm, HTCondor ID 1234, status STATUS_SUBMITTED
05/14/17 17:38:02 202937 seconds since last log event
05/14/17 17:38:02 Pending DAG nodes:
05/14/17 17:38:02   Node cbow_mean_lstm, HTCondor ID 1234, status STATUS_SUBMITTED
05/14/17 17:48:04 203539 seconds since last log event
05/14/17 17:48:04 Pending DAG nodes:
05/14/17 17:48:04   Node cbow_mean_lstm, HTCondor ID 1234, status STATUS_SUBMITTED
05/14/17 17:58:07 204142 seconds since last log event
05/14/17 17:58:07 Pending DAG nodes:
05/14/17 17:58:07   Node cbow_mean_lstm, HTCondor ID 1234, status STATUS_SUBMITTED
05/14/17 18:08:09 204744 seconds since last log event
05/14/17 18:08:09 Pending DAG nodes:
05/14/17 18:08:09   Node cbow_mean_lstm, HTCondor ID 1234, status STATUS_SUBMITTED
05/14/17 18:18:11 205346 seconds since last log event
05/14/17 18:18:11 Pending DAG nodes:
05/14/17 18:18:11   Node cbow_mean_lstm, HTCondor ID 1234, status STATUS_SUBMITTED
05/14/17 18:28:14 205949 seconds since last log event
05/14/17 18:28:14 Pending DAG nodes:
05/14/17 18:28:14   Node cbow_mean_lstm, HTCondor ID 1234, status STATUS_SUBMITTED
05/14/17 18:38:15 206550 seconds since last log event
05/14/17 18:38:15 Pending DAG nodes:
05/14/17 18:38:15   Node cbow_mean_lstm, HTCondor ID 1234, status STATUS_SUBMITTED
05/14/17 18:48:17 207152 seconds since last log event
05/14/17 18:48:17 Pending DAG nodes:
05/14/17 18:48:17   Node cbow_mean_lstm, HTCondor ID 1234, status STATUS_SUBMITTED
05/14/17 18:58:19 207754 seconds since last log event
05/14/17 18:58:19 Pending DAG nodes:
05/14/17 18:58:19   Node cbow_mean_lstm, HTCondor ID 1234, status STATUS_SUBMITTED
05/14/17 19:08:21 208356 seconds since last log event
05/14/17 19:08:21 Pending DAG nodes:
05/14/17 19:08:21   Node cbow_mean_lstm, HTCondor ID 1234, status STATUS_SUBMITTED
05/14/17 19:18:23 208958 seconds since last log event
05/14/17 19:18:23 Pending DAG nodes:
05/14/17 19:18:23   Node cbow_mean_lstm, HTCondor ID 1234, status STATUS_SUBMITTED
05/14/17 19:28:25 209560 seconds since last log event
05/14/17 19:28:25 Pending DAG nodes:
05/14/17 19:28:25   Node cbow_mean_lstm, HTCondor ID 1234, status STATUS_SUBMITTED
05/14/17 19:38:26 210161 seconds since last log event
05/14/17 19:38:26 Pending DAG nodes:
05/14/17 19:38:26   Node cbow_mean_lstm, HTCondor ID 1234, status STATUS_SUBMITTED
05/14/17 19:48:29 210764 seconds since last log event
05/14/17 19:48:29 Pending DAG nodes:
05/14/17 19:48:29   Node cbow_mean_lstm, HTCondor ID 1234, status STATUS_SUBMITTED
05/14/17 19:58:30 211365 seconds since last log event
05/14/17 19:58:30 Pending DAG nodes:
05/14/17 19:58:30   Node cbow_mean_lstm, HTCondor ID 1234, status STATUS_SUBMITTED
05/14/17 20:08:32 211967 seconds since last log event
05/14/17 20:08:32 Pending DAG nodes:
05/14/17 20:08:32   Node cbow_mean_lstm, HTCondor ID 1234, status STATUS_SUBMITTED
05/14/17 20:18:35 212570 seconds since last log event
05/14/17 20:18:35 Pending DAG nodes:
05/14/17 20:18:35   Node cbow_mean_lstm, HTCondor ID 1234, status STATUS_SUBMITTED
05/14/17 20:28:36 213171 seconds since last log event
05/14/17 20:28:36 Pending DAG nodes:
05/14/17 20:28:36   Node cbow_mean_lstm, HTCondor ID 1234, status STATUS_SUBMITTED
05/14/17 20:38:39 213774 seconds since last log event
05/14/17 20:38:39 Pending DAG nodes:
05/14/17 20:38:39   Node cbow_mean_lstm, HTCondor ID 1234, status STATUS_SUBMITTED
05/14/17 20:48:41 214376 seconds since last log event
05/14/17 20:48:41 Pending DAG nodes:
05/14/17 20:48:41   Node cbow_mean_lstm, HTCondor ID 1234, status STATUS_SUBMITTED
05/14/17 20:58:44 214979 seconds since last log event
05/14/17 20:58:44 Pending DAG nodes:
05/14/17 20:58:44   Node cbow_mean_lstm, HTCondor ID 1234, status STATUS_SUBMITTED
05/14/17 21:08:47 215582 seconds since last log event
05/14/17 21:08:47 Pending DAG nodes:
05/14/17 21:08:47   Node cbow_mean_lstm, HTCondor ID 1234, status STATUS_SUBMITTED
05/14/17 21:18:50 216185 seconds since last log event
05/14/17 21:18:50 Pending DAG nodes:
05/14/17 21:18:50   Node cbow_mean_lstm, HTCondor ID 1234, status STATUS_SUBMITTED
05/14/17 21:28:51 216786 seconds since last log event
05/14/17 21:28:51 Pending DAG nodes:
05/14/17 21:28:51   Node cbow_mean_lstm, HTCondor ID 1234, status STATUS_SUBMITTED
05/14/17 21:38:52 217387 seconds since last log event
05/14/17 21:38:52 Pending DAG nodes:
05/14/17 21:38:52   Node cbow_mean_lstm, HTCondor ID 1234, status STATUS_SUBMITTED
05/14/17 21:48:55 217990 seconds since last log event
05/14/17 21:48:55 Pending DAG nodes:
05/14/17 21:48:55   Node cbow_mean_lstm, HTCondor ID 1234, status STATUS_SUBMITTED
05/14/17 21:58:57 218592 seconds since last log event
05/14/17 21:58:57 Pending DAG nodes:
05/14/17 21:58:57   Node cbow_mean_lstm, HTCondor ID 1234, status STATUS_SUBMITTED
05/14/17 22:08:59 219194 seconds since last log event
05/14/17 22:08:59 Pending DAG nodes:
05/14/17 22:08:59   Node cbow_mean_lstm, HTCondor ID 1234, status STATUS_SUBMITTED
05/14/17 22:19:02 219797 seconds since last log event
05/14/17 22:19:02 Pending DAG nodes:
05/14/17 22:19:02   Node cbow_mean_lstm, HTCondor ID 1234, status STATUS_SUBMITTED
