05/21/17 17:05:40 ******************************************************
05/21/17 17:05:40 ** condor_scheduniv_exec.1384.0 (CONDOR_DAGMAN) STARTING UP
05/21/17 17:05:40 ** /usr/bin/condor_dagman
05/21/17 17:05:40 ** SubsystemInfo: name=DAGMAN type=DAGMAN(10) class=DAEMON(1)
05/21/17 17:05:40 ** Configuration: subsystem:DAGMAN local:<NONE> class:DAEMON
05/21/17 17:05:40 ** $CondorVersion: 8.6.2 Apr 23 2017 BuildID: 404257 $
05/21/17 17:05:40 ** $CondorPlatform: x86_64_RedHat7 $
05/21/17 17:05:40 ** PID = 27420
05/21/17 17:05:40 ** Log last touched time unavailable (No such file or directory)
05/21/17 17:05:40 ******************************************************
05/21/17 17:05:40 Using config source: /etc/condor/condor_config
05/21/17 17:05:40 Using local config sources: 
05/21/17 17:05:40    /etc/condor/config.d/00esat.config
05/21/17 17:05:40    /etc/condor/config.d/01java.config
05/21/17 17:05:40    /etc/condor/config.d/80optout_users.config
05/21/17 17:05:40    /etc/condor/condor_config.local
05/21/17 17:05:40 config Macros = 166, Sorted = 166, StringBytes = 6038, TablesBytes = 6048
05/21/17 17:05:40 CLASSAD_CACHING is ENABLED
05/21/17 17:05:40 Daemon Log is logging: D_ALWAYS D_ERROR
05/21/17 17:05:40 DaemonCore: No command port requested.
05/21/17 17:05:40 DAGMAN_USE_STRICT setting: 1
05/21/17 17:05:40 DAGMAN_VERBOSITY setting: 3
05/21/17 17:05:40 DAGMAN_DEBUG_CACHE_SIZE setting: 5242880
05/21/17 17:05:40 DAGMAN_DEBUG_CACHE_ENABLE setting: False
05/21/17 17:05:40 DAGMAN_SUBMIT_DELAY setting: 0
05/21/17 17:05:40 DAGMAN_MAX_SUBMIT_ATTEMPTS setting: 6
05/21/17 17:05:40 DAGMAN_STARTUP_CYCLE_DETECT setting: False
05/21/17 17:05:40 DAGMAN_MAX_SUBMITS_PER_INTERVAL setting: 5
05/21/17 17:05:40 DAGMAN_USER_LOG_SCAN_INTERVAL setting: 5
05/21/17 17:05:40 DAGMAN_DEFAULT_PRIORITY setting: 0
05/21/17 17:05:40 DAGMAN_SUPPRESS_NOTIFICATION setting: True
05/21/17 17:05:40 allow_events (DAGMAN_ALLOW_EVENTS) setting: 114
05/21/17 17:05:40 DAGMAN_RETRY_SUBMIT_FIRST setting: True
05/21/17 17:05:40 DAGMAN_RETRY_NODE_FIRST setting: False
05/21/17 17:05:40 DAGMAN_MAX_JOBS_IDLE setting: 1000
05/21/17 17:05:40 DAGMAN_MAX_JOBS_SUBMITTED setting: 0
05/21/17 17:05:40 DAGMAN_MAX_PRE_SCRIPTS setting: 20
05/21/17 17:05:40 DAGMAN_MAX_POST_SCRIPTS setting: 20
05/21/17 17:05:40 DAGMAN_MUNGE_NODE_NAMES setting: True
05/21/17 17:05:40 DAGMAN_PROHIBIT_MULTI_JOBS setting: False
05/21/17 17:05:40 DAGMAN_SUBMIT_DEPTH_FIRST setting: False
05/21/17 17:05:40 DAGMAN_ALWAYS_RUN_POST setting: False
05/21/17 17:05:40 DAGMAN_ABORT_DUPLICATES setting: True
05/21/17 17:05:40 DAGMAN_ABORT_ON_SCARY_SUBMIT setting: True
05/21/17 17:05:40 DAGMAN_PENDING_REPORT_INTERVAL setting: 600
05/21/17 17:05:40 DAGMAN_AUTO_RESCUE setting: True
05/21/17 17:05:40 DAGMAN_MAX_RESCUE_NUM setting: 100
05/21/17 17:05:40 DAGMAN_WRITE_PARTIAL_RESCUE setting: True
05/21/17 17:05:40 DAGMAN_DEFAULT_NODE_LOG setting: @(DAG_DIR)/@(DAG_FILE).nodes.log
05/21/17 17:05:40 DAGMAN_GENERATE_SUBDAG_SUBMITS setting: True
05/21/17 17:05:40 DAGMAN_MAX_JOB_HOLDS setting: 100
05/21/17 17:05:40 DAGMAN_HOLD_CLAIM_TIME setting: 20
05/21/17 17:05:40 ALL_DEBUG setting: 
05/21/17 17:05:40 DAGMAN_DEBUG setting: 
05/21/17 17:05:40 DAGMAN_SUPPRESS_JOB_LOGS setting: False
05/21/17 17:05:40 DAGMAN_REMOVE_NODE_JOBS setting: True
05/21/17 17:05:40 argv[0] == "condor_scheduniv_exec.1384.0"
05/21/17 17:05:40 argv[1] == "-Lockfile"
05/21/17 17:05:40 argv[2] == "ds_cbow_exp_soft.dag.lock"
05/21/17 17:05:40 argv[3] == "-AutoRescue"
05/21/17 17:05:40 argv[4] == "1"
05/21/17 17:05:40 argv[5] == "-DoRescueFrom"
05/21/17 17:05:40 argv[6] == "0"
05/21/17 17:05:40 argv[7] == "-Dag"
05/21/17 17:05:40 argv[8] == "ds_cbow_exp_soft.dag"
05/21/17 17:05:40 argv[9] == "-Suppress_notification"
05/21/17 17:05:40 argv[10] == "-CsdVersion"
05/21/17 17:05:40 argv[11] == "$CondorVersion: 8.6.2 Apr 23 2017 BuildID: 404257 $"
05/21/17 17:05:40 argv[12] == "-Dagman"
05/21/17 17:05:40 argv[13] == "/usr/bin/condor_dagman"
05/21/17 17:05:40 Workflow batch-name: <ds_cbow_exp_soft.dag+1384>
05/21/17 17:05:40 Workflow accounting_group: <>
05/21/17 17:05:40 Workflow accounting_group_user: <>
05/21/17 17:05:40 Warning: failed to get attribute DAGNodeName
05/21/17 17:05:40 DAGMAN_LOG_ON_NFS_IS_ERROR setting: False
05/21/17 17:05:40 Default node log file is: </esat/spchtemp/scratch/robbe/SpeechHub/pretrained_untied_models_small/python/jobdag/./ds_cbow_exp_soft.dag.nodes.log>
05/21/17 17:05:40 DAG Lockfile will be written to ds_cbow_exp_soft.dag.lock
05/21/17 17:05:40 DAG Input file is ds_cbow_exp_soft.dag
05/21/17 17:05:40 Parsing 1 dagfiles
05/21/17 17:05:40 Parsing ds_cbow_exp_soft.dag ...
05/21/17 17:05:40 Dag contains 2 total jobs
05/21/17 17:05:40 Sleeping for 3 seconds to ensure ProcessId uniqueness
05/21/17 17:05:43 Bootstrapping...
05/21/17 17:05:43 Number of pre-completed nodes: 0
05/21/17 17:05:43 MultiLogFiles: truncating log file /esat/spchtemp/scratch/robbe/SpeechHub/pretrained_untied_models_small/python/jobdag/./ds_cbow_exp_soft.dag.nodes.log
05/21/17 17:05:43 DAG status: 0 (DAG_STATUS_OK)
05/21/17 17:05:43 Of 2 nodes total:
05/21/17 17:05:43  Done     Pre   Queued    Post   Ready   Un-Ready   Failed
05/21/17 17:05:43   ===     ===      ===     ===     ===        ===      ===
05/21/17 17:05:43     0       0        0       0       1          1        0
05/21/17 17:05:43 0 job proc(s) currently held
05/21/17 17:05:43 Registering condor_event_timer...
05/21/17 17:05:44 Submitting HTCondor Node cbow_exp_soft job(s)...
05/21/17 17:05:44 Adding a DAGMan workflow log /esat/spchtemp/scratch/robbe/SpeechHub/pretrained_untied_models_small/python/jobdag/./ds_cbow_exp_soft.dag.nodes.log
05/21/17 17:05:44 Masking the events recorded in the DAGMAN workflow log
05/21/17 17:05:44 Mask for workflow log is 0,1,2,4,5,7,9,10,11,12,13,16,17,24,27
05/21/17 17:05:44 submitting: /usr/bin/condor_submit -a dag_node_name' '=' 'cbow_exp_soft -a +DAGManJobId' '=' '1384 -a DAGManJobId' '=' '1384 -batch-name ds_cbow_exp_soft.dag+1384 -a submit_event_notes' '=' 'DAG' 'Node:' 'cbow_exp_soft -a dagman_log' '=' '/esat/spchtemp/scratch/robbe/SpeechHub/pretrained_untied_models_small/python/jobdag/./ds_cbow_exp_soft.dag.nodes.log -a +DAGManNodesMask' '=' '"0,1,2,4,5,7,9,10,11,12,13,16,17,24,27" -a data_set' '=' 'ds -a test_name' '=' 'cbow_exp_soft -a num_run' '=' '0 -a combination' '=' 'exp -a DAG_STATUS' '=' '0 -a FAILED_COUNT' '=' '0 -a +KeepClaimIdle' '=' '20 -a notification' '=' 'never -a +DAGParentNodeNames' '=' '"" jobdag/cbow_soft.job
05/21/17 17:05:44 From submit: Submitting job(s).
05/21/17 17:05:44 From submit: 1 job(s) submitted to cluster 1386.
05/21/17 17:05:44 	assigned HTCondor ID (1386.0.0)
05/21/17 17:05:44 Just submitted 1 job this cycle...
05/21/17 17:05:44 Currently monitoring 1 HTCondor log file(s)
05/21/17 17:05:44 Reassigning the id of job cbow_exp_soft from (1386.0.0) to (1386.0.0)
05/21/17 17:05:44 Event: ULOG_SUBMIT for HTCondor Node cbow_exp_soft (1386.0.0) {05/21/17 17:05:44}
05/21/17 17:05:44 Number of idle job procs: 1
05/21/17 17:05:44 DAG status: 0 (DAG_STATUS_OK)
05/21/17 17:05:44 Of 2 nodes total:
05/21/17 17:05:44  Done     Pre   Queued    Post   Ready   Un-Ready   Failed
05/21/17 17:05:44   ===     ===      ===     ===     ===        ===      ===
05/21/17 17:05:44     0       0        1       0       0          1        0
05/21/17 17:05:44 0 job proc(s) currently held
05/21/17 17:15:46 602 seconds since last log event
05/21/17 17:15:46 Pending DAG nodes:
05/21/17 17:15:46   Node cbow_exp_soft, HTCondor ID 1386, status STATUS_SUBMITTED
05/21/17 17:25:47 1203 seconds since last log event
05/21/17 17:25:47 Pending DAG nodes:
05/21/17 17:25:47   Node cbow_exp_soft, HTCondor ID 1386, status STATUS_SUBMITTED
05/21/17 17:29:33 Currently monitoring 1 HTCondor log file(s)
05/21/17 17:29:33 Event: ULOG_EXECUTE for HTCondor Node cbow_exp_soft (1386.0.0) {05/21/17 17:29:33}
05/21/17 17:29:33 Number of idle job procs: 0
05/21/17 17:39:35 602 seconds since last log event
05/21/17 17:39:35 Pending DAG nodes:
05/21/17 17:39:35   Node cbow_exp_soft, HTCondor ID 1386, status STATUS_SUBMITTED
05/21/17 17:49:37 1204 seconds since last log event
05/21/17 17:49:37 Pending DAG nodes:
05/21/17 17:49:37   Node cbow_exp_soft, HTCondor ID 1386, status STATUS_SUBMITTED
05/21/17 17:59:39 1806 seconds since last log event
05/21/17 17:59:39 Pending DAG nodes:
05/21/17 17:59:39   Node cbow_exp_soft, HTCondor ID 1386, status STATUS_SUBMITTED
05/21/17 18:09:41 2408 seconds since last log event
05/21/17 18:09:41 Pending DAG nodes:
05/21/17 18:09:41   Node cbow_exp_soft, HTCondor ID 1386, status STATUS_SUBMITTED
05/21/17 18:19:43 3010 seconds since last log event
05/21/17 18:19:43 Pending DAG nodes:
05/21/17 18:19:43   Node cbow_exp_soft, HTCondor ID 1386, status STATUS_SUBMITTED
05/21/17 18:29:46 3613 seconds since last log event
05/21/17 18:29:46 Pending DAG nodes:
05/21/17 18:29:46   Node cbow_exp_soft, HTCondor ID 1386, status STATUS_SUBMITTED
05/21/17 18:39:48 4215 seconds since last log event
05/21/17 18:39:48 Pending DAG nodes:
05/21/17 18:39:48   Node cbow_exp_soft, HTCondor ID 1386, status STATUS_SUBMITTED
05/21/17 18:49:49 4816 seconds since last log event
05/21/17 18:49:49 Pending DAG nodes:
05/21/17 18:49:49   Node cbow_exp_soft, HTCondor ID 1386, status STATUS_SUBMITTED
05/21/17 18:59:52 5419 seconds since last log event
05/21/17 18:59:52 Pending DAG nodes:
05/21/17 18:59:52   Node cbow_exp_soft, HTCondor ID 1386, status STATUS_SUBMITTED
05/21/17 19:09:53 6020 seconds since last log event
05/21/17 19:09:53 Pending DAG nodes:
05/21/17 19:09:53   Node cbow_exp_soft, HTCondor ID 1386, status STATUS_SUBMITTED
05/21/17 19:19:55 6622 seconds since last log event
05/21/17 19:19:55 Pending DAG nodes:
05/21/17 19:19:55   Node cbow_exp_soft, HTCondor ID 1386, status STATUS_SUBMITTED
05/21/17 19:29:57 7224 seconds since last log event
05/21/17 19:29:57 Pending DAG nodes:
05/21/17 19:29:57   Node cbow_exp_soft, HTCondor ID 1386, status STATUS_SUBMITTED
05/21/17 19:39:59 7826 seconds since last log event
05/21/17 19:39:59 Pending DAG nodes:
05/21/17 19:39:59   Node cbow_exp_soft, HTCondor ID 1386, status STATUS_SUBMITTED
05/21/17 19:50:01 8428 seconds since last log event
05/21/17 19:50:01 Pending DAG nodes:
05/21/17 19:50:01   Node cbow_exp_soft, HTCondor ID 1386, status STATUS_SUBMITTED
05/21/17 20:00:02 9029 seconds since last log event
05/21/17 20:00:02 Pending DAG nodes:
05/21/17 20:00:02   Node cbow_exp_soft, HTCondor ID 1386, status STATUS_SUBMITTED
05/21/17 20:10:03 9630 seconds since last log event
05/21/17 20:10:03 Pending DAG nodes:
05/21/17 20:10:03   Node cbow_exp_soft, HTCondor ID 1386, status STATUS_SUBMITTED
05/21/17 20:20:05 10232 seconds since last log event
05/21/17 20:20:05 Pending DAG nodes:
05/21/17 20:20:05   Node cbow_exp_soft, HTCondor ID 1386, status STATUS_SUBMITTED
05/21/17 20:30:07 10834 seconds since last log event
05/21/17 20:30:07 Pending DAG nodes:
05/21/17 20:30:07   Node cbow_exp_soft, HTCondor ID 1386, status STATUS_SUBMITTED
05/21/17 20:40:08 11435 seconds since last log event
05/21/17 20:40:08 Pending DAG nodes:
05/21/17 20:40:08   Node cbow_exp_soft, HTCondor ID 1386, status STATUS_SUBMITTED
05/21/17 20:50:09 12036 seconds since last log event
05/21/17 20:50:09 Pending DAG nodes:
05/21/17 20:50:09   Node cbow_exp_soft, HTCondor ID 1386, status STATUS_SUBMITTED
05/21/17 21:00:11 12638 seconds since last log event
05/21/17 21:00:11 Pending DAG nodes:
05/21/17 21:00:11   Node cbow_exp_soft, HTCondor ID 1386, status STATUS_SUBMITTED
05/21/17 21:10:13 13240 seconds since last log event
05/21/17 21:10:13 Pending DAG nodes:
05/21/17 21:10:13   Node cbow_exp_soft, HTCondor ID 1386, status STATUS_SUBMITTED
05/21/17 21:20:14 13841 seconds since last log event
05/21/17 21:20:14 Pending DAG nodes:
05/21/17 21:20:14   Node cbow_exp_soft, HTCondor ID 1386, status STATUS_SUBMITTED
05/21/17 21:30:16 14443 seconds since last log event
05/21/17 21:30:16 Pending DAG nodes:
05/21/17 21:30:16   Node cbow_exp_soft, HTCondor ID 1386, status STATUS_SUBMITTED
05/21/17 21:40:18 15045 seconds since last log event
05/21/17 21:40:18 Pending DAG nodes:
05/21/17 21:40:18   Node cbow_exp_soft, HTCondor ID 1386, status STATUS_SUBMITTED
05/21/17 21:50:19 15646 seconds since last log event
05/21/17 21:50:19 Pending DAG nodes:
05/21/17 21:50:19   Node cbow_exp_soft, HTCondor ID 1386, status STATUS_SUBMITTED
05/21/17 22:00:21 16248 seconds since last log event
05/21/17 22:00:21 Pending DAG nodes:
05/21/17 22:00:21   Node cbow_exp_soft, HTCondor ID 1386, status STATUS_SUBMITTED
05/21/17 22:10:22 16849 seconds since last log event
05/21/17 22:10:22 Pending DAG nodes:
05/21/17 22:10:22   Node cbow_exp_soft, HTCondor ID 1386, status STATUS_SUBMITTED
05/21/17 22:20:24 17451 seconds since last log event
05/21/17 22:20:24 Pending DAG nodes:
05/21/17 22:20:24   Node cbow_exp_soft, HTCondor ID 1386, status STATUS_SUBMITTED
05/21/17 22:30:25 18052 seconds since last log event
05/21/17 22:30:25 Pending DAG nodes:
05/21/17 22:30:25   Node cbow_exp_soft, HTCondor ID 1386, status STATUS_SUBMITTED
05/21/17 22:40:27 18654 seconds since last log event
05/21/17 22:40:27 Pending DAG nodes:
05/21/17 22:40:27   Node cbow_exp_soft, HTCondor ID 1386, status STATUS_SUBMITTED
05/21/17 22:50:28 19255 seconds since last log event
05/21/17 22:50:28 Pending DAG nodes:
05/21/17 22:50:28   Node cbow_exp_soft, HTCondor ID 1386, status STATUS_SUBMITTED
05/21/17 23:00:30 19857 seconds since last log event
05/21/17 23:00:30 Pending DAG nodes:
05/21/17 23:00:30   Node cbow_exp_soft, HTCondor ID 1386, status STATUS_SUBMITTED
05/21/17 23:10:32 20459 seconds since last log event
05/21/17 23:10:32 Pending DAG nodes:
05/21/17 23:10:32   Node cbow_exp_soft, HTCondor ID 1386, status STATUS_SUBMITTED
05/21/17 23:20:33 21060 seconds since last log event
05/21/17 23:20:33 Pending DAG nodes:
05/21/17 23:20:33   Node cbow_exp_soft, HTCondor ID 1386, status STATUS_SUBMITTED
05/21/17 23:30:35 21662 seconds since last log event
05/21/17 23:30:35 Pending DAG nodes:
05/21/17 23:30:35   Node cbow_exp_soft, HTCondor ID 1386, status STATUS_SUBMITTED
05/21/17 23:40:36 22263 seconds since last log event
05/21/17 23:40:36 Pending DAG nodes:
05/21/17 23:40:36   Node cbow_exp_soft, HTCondor ID 1386, status STATUS_SUBMITTED
05/21/17 23:50:38 22865 seconds since last log event
05/21/17 23:50:38 Pending DAG nodes:
05/21/17 23:50:38   Node cbow_exp_soft, HTCondor ID 1386, status STATUS_SUBMITTED
05/22/17 00:00:40 23467 seconds since last log event
05/22/17 00:00:40 Pending DAG nodes:
05/22/17 00:00:40   Node cbow_exp_soft, HTCondor ID 1386, status STATUS_SUBMITTED
05/22/17 00:10:42 24069 seconds since last log event
05/22/17 00:10:42 Pending DAG nodes:
05/22/17 00:10:42   Node cbow_exp_soft, HTCondor ID 1386, status STATUS_SUBMITTED
05/22/17 00:20:43 24670 seconds since last log event
05/22/17 00:20:43 Pending DAG nodes:
05/22/17 00:20:43   Node cbow_exp_soft, HTCondor ID 1386, status STATUS_SUBMITTED
05/22/17 00:30:45 25272 seconds since last log event
05/22/17 00:30:45 Pending DAG nodes:
05/22/17 00:30:45   Node cbow_exp_soft, HTCondor ID 1386, status STATUS_SUBMITTED
05/22/17 00:40:46 25873 seconds since last log event
05/22/17 00:40:46 Pending DAG nodes:
05/22/17 00:40:46   Node cbow_exp_soft, HTCondor ID 1386, status STATUS_SUBMITTED
05/22/17 00:50:47 26474 seconds since last log event
05/22/17 00:50:47 Pending DAG nodes:
05/22/17 00:50:47   Node cbow_exp_soft, HTCondor ID 1386, status STATUS_SUBMITTED
05/22/17 01:00:49 27076 seconds since last log event
05/22/17 01:00:49 Pending DAG nodes:
05/22/17 01:00:49   Node cbow_exp_soft, HTCondor ID 1386, status STATUS_SUBMITTED
05/22/17 01:10:49 27676 seconds since last log event
05/22/17 01:10:49 Pending DAG nodes:
05/22/17 01:10:49   Node cbow_exp_soft, HTCondor ID 1386, status STATUS_SUBMITTED
05/22/17 01:20:51 28278 seconds since last log event
05/22/17 01:20:51 Pending DAG nodes:
05/22/17 01:20:51   Node cbow_exp_soft, HTCondor ID 1386, status STATUS_SUBMITTED
05/22/17 01:30:53 28880 seconds since last log event
05/22/17 01:30:53 Pending DAG nodes:
05/22/17 01:30:53   Node cbow_exp_soft, HTCondor ID 1386, status STATUS_SUBMITTED
05/22/17 01:40:54 29481 seconds since last log event
05/22/17 01:40:54 Pending DAG nodes:
05/22/17 01:40:54   Node cbow_exp_soft, HTCondor ID 1386, status STATUS_SUBMITTED
05/22/17 01:50:56 30083 seconds since last log event
05/22/17 01:50:56 Pending DAG nodes:
05/22/17 01:50:56   Node cbow_exp_soft, HTCondor ID 1386, status STATUS_SUBMITTED
05/22/17 02:00:58 30685 seconds since last log event
05/22/17 02:00:58 Pending DAG nodes:
05/22/17 02:00:58   Node cbow_exp_soft, HTCondor ID 1386, status STATUS_SUBMITTED
05/22/17 02:10:59 31286 seconds since last log event
05/22/17 02:10:59 Pending DAG nodes:
05/22/17 02:10:59   Node cbow_exp_soft, HTCondor ID 1386, status STATUS_SUBMITTED
05/22/17 02:18:51 Currently monitoring 1 HTCondor log file(s)
05/22/17 02:18:51 Event: ULOG_JOB_TERMINATED for HTCondor Node cbow_exp_soft (1386.0.0) {05/22/17 02:18:48}
05/22/17 02:18:51 Number of idle job procs: 0
05/22/17 02:18:51 Node cbow_exp_soft job proc (1386.0.0) completed successfully.
05/22/17 02:18:51 Node cbow_exp_soft job completed
05/22/17 02:18:51 DAG status: 0 (DAG_STATUS_OK)
05/22/17 02:18:51 Of 2 nodes total:
05/22/17 02:18:51  Done     Pre   Queued    Post   Ready   Un-Ready   Failed
05/22/17 02:18:51   ===     ===      ===     ===     ===        ===      ===
05/22/17 02:18:51     1       0        0       0       1          0        0
05/22/17 02:18:51 0 job proc(s) currently held
05/22/17 02:18:56 Submitting HTCondor Node cbow_exp_soft_test job(s)...
05/22/17 02:18:56 Adding a DAGMan workflow log /esat/spchtemp/scratch/robbe/SpeechHub/pretrained_untied_models_small/python/jobdag/./ds_cbow_exp_soft.dag.nodes.log
05/22/17 02:18:56 Masking the events recorded in the DAGMAN workflow log
05/22/17 02:18:56 Mask for workflow log is 0,1,2,4,5,7,9,10,11,12,13,16,17,24,27
05/22/17 02:18:56 submitting: /usr/bin/condor_submit -a dag_node_name' '=' 'cbow_exp_soft_test -a +DAGManJobId' '=' '1384 -a DAGManJobId' '=' '1384 -batch-name ds_cbow_exp_soft.dag+1384 -a submit_event_notes' '=' 'DAG' 'Node:' 'cbow_exp_soft_test -a dagman_log' '=' '/esat/spchtemp/scratch/robbe/SpeechHub/pretrained_untied_models_small/python/jobdag/./ds_cbow_exp_soft.dag.nodes.log -a +DAGManNodesMask' '=' '"0,1,2,4,5,7,9,10,11,12,13,16,17,24,27" -a data_set' '=' 'ds -a test_name' '=' 'cbow_exp_soft -a num_run' '=' '0 -a DAG_STATUS' '=' '0 -a FAILED_COUNT' '=' '0 -a notification' '=' 'never -a +DAGParentNodeNames' '=' '"cbow_exp_soft" jobdag/cbow_soft_test.job
05/22/17 02:18:56 From submit: Submitting job(s).
05/22/17 02:18:56 From submit: 1 job(s) submitted to cluster 1393.
05/22/17 02:18:56 	assigned HTCondor ID (1393.0.0)
05/22/17 02:18:56 Just submitted 1 job this cycle...
05/22/17 02:18:56 Currently monitoring 1 HTCondor log file(s)
05/22/17 02:18:56 Reassigning the id of job cbow_exp_soft_test from (1393.0.0) to (1393.0.0)
05/22/17 02:18:56 Event: ULOG_SUBMIT for HTCondor Node cbow_exp_soft_test (1393.0.0) {05/22/17 02:18:56}
05/22/17 02:18:56 Number of idle job procs: 1
05/22/17 02:18:56 DAG status: 0 (DAG_STATUS_OK)
05/22/17 02:18:56 Of 2 nodes total:
05/22/17 02:18:56  Done     Pre   Queued    Post   Ready   Un-Ready   Failed
05/22/17 02:18:56   ===     ===      ===     ===     ===        ===      ===
05/22/17 02:18:56     1       0        1       0       0          0        0
05/22/17 02:18:56 0 job proc(s) currently held
05/22/17 02:28:58 602 seconds since last log event
05/22/17 02:28:58 Pending DAG nodes:
05/22/17 02:28:58   Node cbow_exp_soft_test, HTCondor ID 1393, status STATUS_SUBMITTED
05/22/17 02:39:00 1204 seconds since last log event
05/22/17 02:39:00 Pending DAG nodes:
05/22/17 02:39:00   Node cbow_exp_soft_test, HTCondor ID 1393, status STATUS_SUBMITTED
05/22/17 02:49:01 1805 seconds since last log event
05/22/17 02:49:01 Pending DAG nodes:
05/22/17 02:49:01   Node cbow_exp_soft_test, HTCondor ID 1393, status STATUS_SUBMITTED
05/22/17 02:59:03 2407 seconds since last log event
05/22/17 02:59:03 Pending DAG nodes:
05/22/17 02:59:03   Node cbow_exp_soft_test, HTCondor ID 1393, status STATUS_SUBMITTED
05/22/17 03:09:05 3009 seconds since last log event
05/22/17 03:09:05 Pending DAG nodes:
05/22/17 03:09:05   Node cbow_exp_soft_test, HTCondor ID 1393, status STATUS_SUBMITTED
05/22/17 03:19:06 3610 seconds since last log event
05/22/17 03:19:06 Pending DAG nodes:
05/22/17 03:19:06   Node cbow_exp_soft_test, HTCondor ID 1393, status STATUS_SUBMITTED
05/22/17 03:29:07 4211 seconds since last log event
05/22/17 03:29:07 Pending DAG nodes:
05/22/17 03:29:07   Node cbow_exp_soft_test, HTCondor ID 1393, status STATUS_SUBMITTED
05/22/17 03:39:09 4813 seconds since last log event
05/22/17 03:39:09 Pending DAG nodes:
05/22/17 03:39:09   Node cbow_exp_soft_test, HTCondor ID 1393, status STATUS_SUBMITTED
05/22/17 03:49:11 5415 seconds since last log event
05/22/17 03:49:11 Pending DAG nodes:
05/22/17 03:49:11   Node cbow_exp_soft_test, HTCondor ID 1393, status STATUS_SUBMITTED
05/22/17 03:50:26 Currently monitoring 1 HTCondor log file(s)
05/22/17 03:50:26 Event: ULOG_EXECUTE for HTCondor Node cbow_exp_soft_test (1393.0.0) {05/22/17 03:50:21}
05/22/17 03:50:26 Number of idle job procs: 0
05/22/17 03:50:41 Currently monitoring 1 HTCondor log file(s)
05/22/17 03:50:41 Event: ULOG_JOB_TERMINATED for HTCondor Node cbow_exp_soft_test (1393.0.0) {05/22/17 03:50:40}
05/22/17 03:50:41 Number of idle job procs: 0
05/22/17 03:50:41 Node cbow_exp_soft_test job proc (1393.0.0) completed successfully.
05/22/17 03:50:41 Node cbow_exp_soft_test job completed
05/22/17 03:50:41 DAG status: 0 (DAG_STATUS_OK)
05/22/17 03:50:41 Of 2 nodes total:
05/22/17 03:50:41  Done     Pre   Queued    Post   Ready   Un-Ready   Failed
05/22/17 03:50:41   ===     ===      ===     ===     ===        ===      ===
05/22/17 03:50:41     2       0        0       0       0          0        0
05/22/17 03:50:41 0 job proc(s) currently held
05/22/17 03:50:41 All jobs Completed!
05/22/17 03:50:41 Note: 0 total job deferrals because of -MaxJobs limit (0)
05/22/17 03:50:41 Note: 0 total job deferrals because of -MaxIdle limit (1000)
05/22/17 03:50:41 Note: 0 total job deferrals because of node category throttles
05/22/17 03:50:41 Note: 0 total PRE script deferrals because of -MaxPre limit (20) or DEFER
05/22/17 03:50:41 Note: 0 total POST script deferrals because of -MaxPost limit (20) or DEFER
05/22/17 03:50:41 DAG status: 0 (DAG_STATUS_OK)
05/22/17 03:50:41 Of 2 nodes total:
05/22/17 03:50:41  Done     Pre   Queued    Post   Ready   Un-Ready   Failed
05/22/17 03:50:41   ===     ===      ===     ===     ===        ===      ===
05/22/17 03:50:41     2       0        0       0       0          0        0
05/22/17 03:50:41 0 job proc(s) currently held
05/22/17 03:50:41 Wrote metrics file ds_cbow_exp_soft.dag.metrics.
05/22/17 03:50:41 Metrics not sent because of PEGASUS_METRICS or CONDOR_DEVELOPERS setting.
05/22/17 03:50:41 **** condor_scheduniv_exec.1384.0 (condor_DAGMAN) pid 27420 EXITING WITH STATUS 0
