05/12/17 09:15:52 ******************************************************
05/12/17 09:15:52 ** condor_scheduniv_exec.1235.0 (CONDOR_DAGMAN) STARTING UP
05/12/17 09:15:52 ** /usr/bin/condor_dagman
05/12/17 09:15:52 ** SubsystemInfo: name=DAGMAN type=DAGMAN(10) class=DAEMON(1)
05/12/17 09:15:52 ** Configuration: subsystem:DAGMAN local:<NONE> class:DAEMON
05/12/17 09:15:52 ** $CondorVersion: 8.6.2 Apr 23 2017 BuildID: 404257 $
05/12/17 09:15:52 ** $CondorPlatform: x86_64_RedHat7 $
05/12/17 09:15:52 ** PID = 16754
05/12/17 09:15:52 ** Log last touched time unavailable (No such file or directory)
05/12/17 09:15:52 ******************************************************
05/12/17 09:15:52 Using config source: /etc/condor/condor_config
05/12/17 09:15:52 Using local config sources: 
05/12/17 09:15:52    /etc/condor/config.d/00esat.config
05/12/17 09:15:52    /etc/condor/config.d/01java.config
05/12/17 09:15:52    /etc/condor/config.d/80optout_users.config
05/12/17 09:15:52    /etc/condor/condor_config.local
05/12/17 09:15:52 config Macros = 166, Sorted = 166, StringBytes = 6040, TablesBytes = 6048
05/12/17 09:15:52 CLASSAD_CACHING is ENABLED
05/12/17 09:15:52 Daemon Log is logging: D_ALWAYS D_ERROR
05/12/17 09:15:52 DaemonCore: No command port requested.
05/12/17 09:15:52 DAGMAN_USE_STRICT setting: 1
05/12/17 09:15:52 DAGMAN_VERBOSITY setting: 3
05/12/17 09:15:52 DAGMAN_DEBUG_CACHE_SIZE setting: 5242880
05/12/17 09:15:52 DAGMAN_DEBUG_CACHE_ENABLE setting: False
05/12/17 09:15:52 DAGMAN_SUBMIT_DELAY setting: 0
05/12/17 09:15:52 DAGMAN_MAX_SUBMIT_ATTEMPTS setting: 6
05/12/17 09:15:52 DAGMAN_STARTUP_CYCLE_DETECT setting: False
05/12/17 09:15:52 DAGMAN_MAX_SUBMITS_PER_INTERVAL setting: 5
05/12/17 09:15:52 DAGMAN_USER_LOG_SCAN_INTERVAL setting: 5
05/12/17 09:15:52 DAGMAN_DEFAULT_PRIORITY setting: 0
05/12/17 09:15:52 DAGMAN_SUPPRESS_NOTIFICATION setting: True
05/12/17 09:15:52 allow_events (DAGMAN_ALLOW_EVENTS) setting: 114
05/12/17 09:15:52 DAGMAN_RETRY_SUBMIT_FIRST setting: True
05/12/17 09:15:52 DAGMAN_RETRY_NODE_FIRST setting: False
05/12/17 09:15:52 DAGMAN_MAX_JOBS_IDLE setting: 1000
05/12/17 09:15:52 DAGMAN_MAX_JOBS_SUBMITTED setting: 0
05/12/17 09:15:52 DAGMAN_MAX_PRE_SCRIPTS setting: 20
05/12/17 09:15:52 DAGMAN_MAX_POST_SCRIPTS setting: 20
05/12/17 09:15:52 DAGMAN_MUNGE_NODE_NAMES setting: True
05/12/17 09:15:52 DAGMAN_PROHIBIT_MULTI_JOBS setting: False
05/12/17 09:15:52 DAGMAN_SUBMIT_DEPTH_FIRST setting: False
05/12/17 09:15:52 DAGMAN_ALWAYS_RUN_POST setting: False
05/12/17 09:15:52 DAGMAN_ABORT_DUPLICATES setting: True
05/12/17 09:15:52 DAGMAN_ABORT_ON_SCARY_SUBMIT setting: True
05/12/17 09:15:52 DAGMAN_PENDING_REPORT_INTERVAL setting: 600
05/12/17 09:15:52 DAGMAN_AUTO_RESCUE setting: True
05/12/17 09:15:52 DAGMAN_MAX_RESCUE_NUM setting: 100
05/12/17 09:15:52 DAGMAN_WRITE_PARTIAL_RESCUE setting: True
05/12/17 09:15:52 DAGMAN_DEFAULT_NODE_LOG setting: @(DAG_DIR)/@(DAG_FILE).nodes.log
05/12/17 09:15:52 DAGMAN_GENERATE_SUBDAG_SUBMITS setting: True
05/12/17 09:15:52 DAGMAN_MAX_JOB_HOLDS setting: 100
05/12/17 09:15:52 DAGMAN_HOLD_CLAIM_TIME setting: 20
05/12/17 09:15:52 ALL_DEBUG setting: 
05/12/17 09:15:52 DAGMAN_DEBUG setting: 
05/12/17 09:15:52 DAGMAN_SUPPRESS_JOB_LOGS setting: False
05/12/17 09:15:52 DAGMAN_REMOVE_NODE_JOBS setting: True
05/12/17 09:15:52 argv[0] == "condor_scheduniv_exec.1235.0"
05/12/17 09:15:52 argv[1] == "-Lockfile"
05/12/17 09:15:52 argv[2] == "ds_cbow_tfidf_lstm.dag.lock"
05/12/17 09:15:52 argv[3] == "-AutoRescue"
05/12/17 09:15:52 argv[4] == "1"
05/12/17 09:15:52 argv[5] == "-DoRescueFrom"
05/12/17 09:15:52 argv[6] == "0"
05/12/17 09:15:52 argv[7] == "-Dag"
05/12/17 09:15:52 argv[8] == "ds_cbow_tfidf_lstm.dag"
05/12/17 09:15:52 argv[9] == "-Suppress_notification"
05/12/17 09:15:52 argv[10] == "-CsdVersion"
05/12/17 09:15:52 argv[11] == "$CondorVersion: 8.6.2 Apr 23 2017 BuildID: 404257 $"
05/12/17 09:15:52 argv[12] == "-Dagman"
05/12/17 09:15:52 argv[13] == "/usr/bin/condor_dagman"
05/12/17 09:15:52 Workflow batch-name: <ds_cbow_tfidf_lstm.dag+1235>
05/12/17 09:15:52 Workflow accounting_group: <>
05/12/17 09:15:52 Workflow accounting_group_user: <>
05/12/17 09:15:52 Warning: failed to get attribute DAGNodeName
05/12/17 09:15:52 DAGMAN_LOG_ON_NFS_IS_ERROR setting: False
05/12/17 09:15:52 Default node log file is: </esat/spchtemp/scratch/robbe/SpeechHub/pretrained_untied_models_small/python/jobdag/./ds_cbow_tfidf_lstm.dag.nodes.log>
05/12/17 09:15:52 DAG Lockfile will be written to ds_cbow_tfidf_lstm.dag.lock
05/12/17 09:15:52 DAG Input file is ds_cbow_tfidf_lstm.dag
05/12/17 09:15:52 Parsing 1 dagfiles
05/12/17 09:15:52 Parsing ds_cbow_tfidf_lstm.dag ...
05/12/17 09:15:52 Dag contains 2 total jobs
05/12/17 09:15:52 Sleeping for 3 seconds to ensure ProcessId uniqueness
05/12/17 09:15:55 Bootstrapping...
05/12/17 09:15:55 Number of pre-completed nodes: 0
05/12/17 09:15:55 MultiLogFiles: truncating log file /esat/spchtemp/scratch/robbe/SpeechHub/pretrained_untied_models_small/python/jobdag/./ds_cbow_tfidf_lstm.dag.nodes.log
05/12/17 09:15:55 DAG status: 0 (DAG_STATUS_OK)
05/12/17 09:15:55 Of 2 nodes total:
05/12/17 09:15:55  Done     Pre   Queued    Post   Ready   Un-Ready   Failed
05/12/17 09:15:55   ===     ===      ===     ===     ===        ===      ===
05/12/17 09:15:55     0       0        0       0       1          1        0
05/12/17 09:15:55 0 job proc(s) currently held
05/12/17 09:15:55 Registering condor_event_timer...
05/12/17 09:15:56 Submitting HTCondor Node cbow_tfidf_lstm job(s)...
05/12/17 09:15:56 Adding a DAGMan workflow log /esat/spchtemp/scratch/robbe/SpeechHub/pretrained_untied_models_small/python/jobdag/./ds_cbow_tfidf_lstm.dag.nodes.log
05/12/17 09:15:56 Masking the events recorded in the DAGMAN workflow log
05/12/17 09:15:56 Mask for workflow log is 0,1,2,4,5,7,9,10,11,12,13,16,17,24,27
05/12/17 09:15:56 submitting: /usr/bin/condor_submit -a dag_node_name' '=' 'cbow_tfidf_lstm -a +DAGManJobId' '=' '1235 -a DAGManJobId' '=' '1235 -batch-name ds_cbow_tfidf_lstm.dag+1235 -a submit_event_notes' '=' 'DAG' 'Node:' 'cbow_tfidf_lstm -a dagman_log' '=' '/esat/spchtemp/scratch/robbe/SpeechHub/pretrained_untied_models_small/python/jobdag/./ds_cbow_tfidf_lstm.dag.nodes.log -a +DAGManNodesMask' '=' '"0,1,2,4,5,7,9,10,11,12,13,16,17,24,27" -a data_set' '=' 'ds -a test_name' '=' 'cbow_tfidf_lstm -a num_run' '=' '0 -a combination' '=' 'tfidf -a DAG_STATUS' '=' '0 -a FAILED_COUNT' '=' '0 -a +KeepClaimIdle' '=' '20 -a notification' '=' 'never -a +DAGParentNodeNames' '=' '"" jobdag/cbow_lstm.job
05/12/17 09:15:56 From submit: Submitting job(s).
05/12/17 09:15:56 From submit: 1 job(s) submitted to cluster 1238.
05/12/17 09:15:56 	assigned HTCondor ID (1238.0.0)
05/12/17 09:15:56 Just submitted 1 job this cycle...
05/12/17 09:15:56 Currently monitoring 1 HTCondor log file(s)
05/12/17 09:15:56 Reassigning the id of job cbow_tfidf_lstm from (1238.0.0) to (1238.0.0)
05/12/17 09:15:56 Event: ULOG_SUBMIT for HTCondor Node cbow_tfidf_lstm (1238.0.0) {05/12/17 09:15:56}
05/12/17 09:15:56 Number of idle job procs: 1
05/12/17 09:15:56 DAG status: 0 (DAG_STATUS_OK)
05/12/17 09:15:56 Of 2 nodes total:
05/12/17 09:15:56  Done     Pre   Queued    Post   Ready   Un-Ready   Failed
05/12/17 09:15:56   ===     ===      ===     ===     ===        ===      ===
05/12/17 09:15:56     0       0        1       0       0          1        0
05/12/17 09:15:56 0 job proc(s) currently held
05/12/17 09:25:58 602 seconds since last log event
05/12/17 09:25:58 Pending DAG nodes:
05/12/17 09:25:58   Node cbow_tfidf_lstm, HTCondor ID 1238, status STATUS_SUBMITTED
05/12/17 09:36:00 1204 seconds since last log event
05/12/17 09:36:00 Pending DAG nodes:
05/12/17 09:36:00   Node cbow_tfidf_lstm, HTCondor ID 1238, status STATUS_SUBMITTED
05/12/17 09:46:02 1806 seconds since last log event
05/12/17 09:46:02 Pending DAG nodes:
05/12/17 09:46:02   Node cbow_tfidf_lstm, HTCondor ID 1238, status STATUS_SUBMITTED
05/12/17 09:56:05 2409 seconds since last log event
05/12/17 09:56:05 Pending DAG nodes:
05/12/17 09:56:05   Node cbow_tfidf_lstm, HTCondor ID 1238, status STATUS_SUBMITTED
05/12/17 10:06:07 3011 seconds since last log event
05/12/17 10:06:07 Pending DAG nodes:
05/12/17 10:06:07   Node cbow_tfidf_lstm, HTCondor ID 1238, status STATUS_SUBMITTED
05/12/17 10:16:09 3613 seconds since last log event
05/12/17 10:16:09 Pending DAG nodes:
05/12/17 10:16:09   Node cbow_tfidf_lstm, HTCondor ID 1238, status STATUS_SUBMITTED
05/12/17 10:26:10 4214 seconds since last log event
05/12/17 10:26:10 Pending DAG nodes:
05/12/17 10:26:10   Node cbow_tfidf_lstm, HTCondor ID 1238, status STATUS_SUBMITTED
05/12/17 10:36:13 4817 seconds since last log event
05/12/17 10:36:13 Pending DAG nodes:
05/12/17 10:36:13   Node cbow_tfidf_lstm, HTCondor ID 1238, status STATUS_SUBMITTED
05/12/17 10:46:16 5420 seconds since last log event
05/12/17 10:46:16 Pending DAG nodes:
05/12/17 10:46:16   Node cbow_tfidf_lstm, HTCondor ID 1238, status STATUS_SUBMITTED
05/12/17 10:56:18 6022 seconds since last log event
05/12/17 10:56:18 Pending DAG nodes:
05/12/17 10:56:18   Node cbow_tfidf_lstm, HTCondor ID 1238, status STATUS_SUBMITTED
05/12/17 11:06:20 6624 seconds since last log event
05/12/17 11:06:20 Pending DAG nodes:
05/12/17 11:06:20   Node cbow_tfidf_lstm, HTCondor ID 1238, status STATUS_SUBMITTED
05/12/17 11:16:23 7227 seconds since last log event
05/12/17 11:16:23 Pending DAG nodes:
05/12/17 11:16:23   Node cbow_tfidf_lstm, HTCondor ID 1238, status STATUS_SUBMITTED
05/12/17 11:26:25 7829 seconds since last log event
05/12/17 11:26:25 Pending DAG nodes:
05/12/17 11:26:25   Node cbow_tfidf_lstm, HTCondor ID 1238, status STATUS_SUBMITTED
05/12/17 11:36:28 8432 seconds since last log event
05/12/17 11:36:28 Pending DAG nodes:
05/12/17 11:36:28   Node cbow_tfidf_lstm, HTCondor ID 1238, status STATUS_SUBMITTED
05/12/17 11:46:30 9034 seconds since last log event
05/12/17 11:46:30 Pending DAG nodes:
05/12/17 11:46:30   Node cbow_tfidf_lstm, HTCondor ID 1238, status STATUS_SUBMITTED
05/12/17 11:56:33 9637 seconds since last log event
05/12/17 11:56:33 Pending DAG nodes:
05/12/17 11:56:33   Node cbow_tfidf_lstm, HTCondor ID 1238, status STATUS_SUBMITTED
05/12/17 12:06:35 10239 seconds since last log event
05/12/17 12:06:35 Pending DAG nodes:
05/12/17 12:06:35   Node cbow_tfidf_lstm, HTCondor ID 1238, status STATUS_SUBMITTED
05/12/17 12:16:37 10841 seconds since last log event
05/12/17 12:16:37 Pending DAG nodes:
05/12/17 12:16:37   Node cbow_tfidf_lstm, HTCondor ID 1238, status STATUS_SUBMITTED
05/12/17 12:26:39 11443 seconds since last log event
05/12/17 12:26:39 Pending DAG nodes:
05/12/17 12:26:39   Node cbow_tfidf_lstm, HTCondor ID 1238, status STATUS_SUBMITTED
05/12/17 12:36:41 12045 seconds since last log event
05/12/17 12:36:42 Pending DAG nodes:
05/12/17 12:36:42   Node cbow_tfidf_lstm, HTCondor ID 1238, status STATUS_SUBMITTED
05/12/17 12:46:44 12648 seconds since last log event
05/12/17 12:46:44 Pending DAG nodes:
05/12/17 12:46:44   Node cbow_tfidf_lstm, HTCondor ID 1238, status STATUS_SUBMITTED
05/12/17 12:56:46 13250 seconds since last log event
05/12/17 12:56:46 Pending DAG nodes:
05/12/17 12:56:46   Node cbow_tfidf_lstm, HTCondor ID 1238, status STATUS_SUBMITTED
05/12/17 13:06:49 13853 seconds since last log event
05/12/17 13:06:49 Pending DAG nodes:
05/12/17 13:06:49   Node cbow_tfidf_lstm, HTCondor ID 1238, status STATUS_SUBMITTED
05/12/17 13:16:51 14455 seconds since last log event
05/12/17 13:16:51 Pending DAG nodes:
05/12/17 13:16:51   Node cbow_tfidf_lstm, HTCondor ID 1238, status STATUS_SUBMITTED
05/12/17 13:26:54 15058 seconds since last log event
05/12/17 13:26:54 Pending DAG nodes:
05/12/17 13:26:54   Node cbow_tfidf_lstm, HTCondor ID 1238, status STATUS_SUBMITTED
05/12/17 13:36:55 15659 seconds since last log event
05/12/17 13:36:55 Pending DAG nodes:
05/12/17 13:36:55   Node cbow_tfidf_lstm, HTCondor ID 1238, status STATUS_SUBMITTED
05/12/17 13:46:58 16262 seconds since last log event
05/12/17 13:46:58 Pending DAG nodes:
05/12/17 13:46:58   Node cbow_tfidf_lstm, HTCondor ID 1238, status STATUS_SUBMITTED
05/12/17 13:57:01 16865 seconds since last log event
05/12/17 13:57:01 Pending DAG nodes:
05/12/17 13:57:01   Node cbow_tfidf_lstm, HTCondor ID 1238, status STATUS_SUBMITTED
05/12/17 14:07:04 17468 seconds since last log event
05/12/17 14:07:04 Pending DAG nodes:
05/12/17 14:07:04   Node cbow_tfidf_lstm, HTCondor ID 1238, status STATUS_SUBMITTED
05/12/17 14:17:07 18071 seconds since last log event
05/12/17 14:17:07 Pending DAG nodes:
05/12/17 14:17:07   Node cbow_tfidf_lstm, HTCondor ID 1238, status STATUS_SUBMITTED
05/12/17 14:27:10 18674 seconds since last log event
05/12/17 14:27:10 Pending DAG nodes:
05/12/17 14:27:10   Node cbow_tfidf_lstm, HTCondor ID 1238, status STATUS_SUBMITTED
05/12/17 14:37:12 19276 seconds since last log event
05/12/17 14:37:12 Pending DAG nodes:
05/12/17 14:37:12   Node cbow_tfidf_lstm, HTCondor ID 1238, status STATUS_SUBMITTED
05/12/17 14:47:15 19879 seconds since last log event
05/12/17 14:47:15 Pending DAG nodes:
05/12/17 14:47:15   Node cbow_tfidf_lstm, HTCondor ID 1238, status STATUS_SUBMITTED
05/12/17 14:57:17 20481 seconds since last log event
05/12/17 14:57:17 Pending DAG nodes:
05/12/17 14:57:17   Node cbow_tfidf_lstm, HTCondor ID 1238, status STATUS_SUBMITTED
05/12/17 15:07:19 21083 seconds since last log event
05/12/17 15:07:19 Pending DAG nodes:
05/12/17 15:07:19   Node cbow_tfidf_lstm, HTCondor ID 1238, status STATUS_SUBMITTED
05/12/17 15:17:22 21686 seconds since last log event
05/12/17 15:17:22 Pending DAG nodes:
05/12/17 15:17:22   Node cbow_tfidf_lstm, HTCondor ID 1238, status STATUS_SUBMITTED
05/12/17 15:27:24 22288 seconds since last log event
05/12/17 15:27:24 Pending DAG nodes:
05/12/17 15:27:24   Node cbow_tfidf_lstm, HTCondor ID 1238, status STATUS_SUBMITTED
05/12/17 15:37:26 22890 seconds since last log event
05/12/17 15:37:26 Pending DAG nodes:
05/12/17 15:37:26   Node cbow_tfidf_lstm, HTCondor ID 1238, status STATUS_SUBMITTED
05/12/17 15:47:28 23492 seconds since last log event
05/12/17 15:47:28 Pending DAG nodes:
05/12/17 15:47:28   Node cbow_tfidf_lstm, HTCondor ID 1238, status STATUS_SUBMITTED
05/12/17 15:57:30 24094 seconds since last log event
05/12/17 15:57:30 Pending DAG nodes:
05/12/17 15:57:30   Node cbow_tfidf_lstm, HTCondor ID 1238, status STATUS_SUBMITTED
05/12/17 16:07:32 24696 seconds since last log event
05/12/17 16:07:32 Pending DAG nodes:
05/12/17 16:07:32   Node cbow_tfidf_lstm, HTCondor ID 1238, status STATUS_SUBMITTED
05/12/17 16:17:34 25298 seconds since last log event
05/12/17 16:17:34 Pending DAG nodes:
05/12/17 16:17:34   Node cbow_tfidf_lstm, HTCondor ID 1238, status STATUS_SUBMITTED
05/12/17 16:27:36 25900 seconds since last log event
05/12/17 16:27:36 Pending DAG nodes:
05/12/17 16:27:36   Node cbow_tfidf_lstm, HTCondor ID 1238, status STATUS_SUBMITTED
05/12/17 16:37:38 26502 seconds since last log event
05/12/17 16:37:38 Pending DAG nodes:
05/12/17 16:37:38   Node cbow_tfidf_lstm, HTCondor ID 1238, status STATUS_SUBMITTED
05/12/17 16:47:41 27105 seconds since last log event
05/12/17 16:47:41 Pending DAG nodes:
05/12/17 16:47:41   Node cbow_tfidf_lstm, HTCondor ID 1238, status STATUS_SUBMITTED
05/12/17 16:57:43 27707 seconds since last log event
05/12/17 16:57:43 Pending DAG nodes:
05/12/17 16:57:43   Node cbow_tfidf_lstm, HTCondor ID 1238, status STATUS_SUBMITTED
05/12/17 17:07:45 28309 seconds since last log event
05/12/17 17:07:45 Pending DAG nodes:
05/12/17 17:07:45   Node cbow_tfidf_lstm, HTCondor ID 1238, status STATUS_SUBMITTED
05/12/17 17:17:47 28911 seconds since last log event
05/12/17 17:17:47 Pending DAG nodes:
05/12/17 17:17:47   Node cbow_tfidf_lstm, HTCondor ID 1238, status STATUS_SUBMITTED
05/12/17 17:27:50 29514 seconds since last log event
05/12/17 17:27:50 Pending DAG nodes:
05/12/17 17:27:50   Node cbow_tfidf_lstm, HTCondor ID 1238, status STATUS_SUBMITTED
05/12/17 17:37:53 30117 seconds since last log event
05/12/17 17:37:53 Pending DAG nodes:
05/12/17 17:37:53   Node cbow_tfidf_lstm, HTCondor ID 1238, status STATUS_SUBMITTED
05/12/17 17:47:56 30720 seconds since last log event
05/12/17 17:47:56 Pending DAG nodes:
05/12/17 17:47:56   Node cbow_tfidf_lstm, HTCondor ID 1238, status STATUS_SUBMITTED
05/12/17 17:57:58 31322 seconds since last log event
05/12/17 17:57:58 Pending DAG nodes:
05/12/17 17:57:58   Node cbow_tfidf_lstm, HTCondor ID 1238, status STATUS_SUBMITTED
05/12/17 18:08:01 31925 seconds since last log event
05/12/17 18:08:01 Pending DAG nodes:
05/12/17 18:08:01   Node cbow_tfidf_lstm, HTCondor ID 1238, status STATUS_SUBMITTED
05/12/17 18:18:03 32527 seconds since last log event
05/12/17 18:18:03 Pending DAG nodes:
05/12/17 18:18:03   Node cbow_tfidf_lstm, HTCondor ID 1238, status STATUS_SUBMITTED
05/12/17 18:28:05 33129 seconds since last log event
05/12/17 18:28:05 Pending DAG nodes:
05/12/17 18:28:05   Node cbow_tfidf_lstm, HTCondor ID 1238, status STATUS_SUBMITTED
05/12/17 18:38:07 33731 seconds since last log event
05/12/17 18:38:07 Pending DAG nodes:
05/12/17 18:38:07   Node cbow_tfidf_lstm, HTCondor ID 1238, status STATUS_SUBMITTED
05/12/17 18:48:10 34334 seconds since last log event
05/12/17 18:48:10 Pending DAG nodes:
05/12/17 18:48:10   Node cbow_tfidf_lstm, HTCondor ID 1238, status STATUS_SUBMITTED
05/12/17 18:58:12 34936 seconds since last log event
05/12/17 18:58:12 Pending DAG nodes:
05/12/17 18:58:12   Node cbow_tfidf_lstm, HTCondor ID 1238, status STATUS_SUBMITTED
05/12/17 19:08:14 35538 seconds since last log event
05/12/17 19:08:14 Pending DAG nodes:
05/12/17 19:08:14   Node cbow_tfidf_lstm, HTCondor ID 1238, status STATUS_SUBMITTED
05/12/17 19:18:16 36140 seconds since last log event
05/12/17 19:18:16 Pending DAG nodes:
05/12/17 19:18:16   Node cbow_tfidf_lstm, HTCondor ID 1238, status STATUS_SUBMITTED
05/12/17 19:28:19 36743 seconds since last log event
05/12/17 19:28:19 Pending DAG nodes:
05/12/17 19:28:19   Node cbow_tfidf_lstm, HTCondor ID 1238, status STATUS_SUBMITTED
05/12/17 19:38:21 37345 seconds since last log event
05/12/17 19:38:21 Pending DAG nodes:
05/12/17 19:38:21   Node cbow_tfidf_lstm, HTCondor ID 1238, status STATUS_SUBMITTED
05/12/17 19:48:23 37947 seconds since last log event
05/12/17 19:48:23 Pending DAG nodes:
05/12/17 19:48:23   Node cbow_tfidf_lstm, HTCondor ID 1238, status STATUS_SUBMITTED
05/12/17 19:58:25 38549 seconds since last log event
05/12/17 19:58:25 Pending DAG nodes:
05/12/17 19:58:25   Node cbow_tfidf_lstm, HTCondor ID 1238, status STATUS_SUBMITTED
05/12/17 20:08:28 39152 seconds since last log event
05/12/17 20:08:28 Pending DAG nodes:
05/12/17 20:08:28   Node cbow_tfidf_lstm, HTCondor ID 1238, status STATUS_SUBMITTED
05/12/17 20:18:30 39754 seconds since last log event
05/12/17 20:18:30 Pending DAG nodes:
05/12/17 20:18:30   Node cbow_tfidf_lstm, HTCondor ID 1238, status STATUS_SUBMITTED
05/12/17 20:28:32 40356 seconds since last log event
05/12/17 20:28:32 Pending DAG nodes:
05/12/17 20:28:32   Node cbow_tfidf_lstm, HTCondor ID 1238, status STATUS_SUBMITTED
05/12/17 20:38:34 40958 seconds since last log event
05/12/17 20:38:34 Pending DAG nodes:
05/12/17 20:38:34   Node cbow_tfidf_lstm, HTCondor ID 1238, status STATUS_SUBMITTED
05/12/17 20:48:36 41560 seconds since last log event
05/12/17 20:48:36 Pending DAG nodes:
05/12/17 20:48:36   Node cbow_tfidf_lstm, HTCondor ID 1238, status STATUS_SUBMITTED
05/12/17 20:58:38 42162 seconds since last log event
05/12/17 20:58:38 Pending DAG nodes:
05/12/17 20:58:38   Node cbow_tfidf_lstm, HTCondor ID 1238, status STATUS_SUBMITTED
05/12/17 21:08:40 42764 seconds since last log event
05/12/17 21:08:40 Pending DAG nodes:
05/12/17 21:08:40   Node cbow_tfidf_lstm, HTCondor ID 1238, status STATUS_SUBMITTED
05/12/17 21:18:42 43366 seconds since last log event
05/12/17 21:18:42 Pending DAG nodes:
05/12/17 21:18:42   Node cbow_tfidf_lstm, HTCondor ID 1238, status STATUS_SUBMITTED
05/12/17 21:28:44 43968 seconds since last log event
05/12/17 21:28:44 Pending DAG nodes:
05/12/17 21:28:44   Node cbow_tfidf_lstm, HTCondor ID 1238, status STATUS_SUBMITTED
05/12/17 21:38:46 44570 seconds since last log event
05/12/17 21:38:46 Pending DAG nodes:
05/12/17 21:38:46   Node cbow_tfidf_lstm, HTCondor ID 1238, status STATUS_SUBMITTED
05/12/17 21:48:48 45172 seconds since last log event
05/12/17 21:48:48 Pending DAG nodes:
05/12/17 21:48:48   Node cbow_tfidf_lstm, HTCondor ID 1238, status STATUS_SUBMITTED
05/12/17 21:58:50 45774 seconds since last log event
05/12/17 21:58:50 Pending DAG nodes:
05/12/17 21:58:50   Node cbow_tfidf_lstm, HTCondor ID 1238, status STATUS_SUBMITTED
05/12/17 22:08:52 46376 seconds since last log event
05/12/17 22:08:52 Pending DAG nodes:
05/12/17 22:08:52   Node cbow_tfidf_lstm, HTCondor ID 1238, status STATUS_SUBMITTED
05/12/17 22:18:54 46978 seconds since last log event
05/12/17 22:18:54 Pending DAG nodes:
05/12/17 22:18:54   Node cbow_tfidf_lstm, HTCondor ID 1238, status STATUS_SUBMITTED
05/12/17 22:28:56 47580 seconds since last log event
05/12/17 22:28:56 Pending DAG nodes:
05/12/17 22:28:56   Node cbow_tfidf_lstm, HTCondor ID 1238, status STATUS_SUBMITTED
05/12/17 22:38:58 48182 seconds since last log event
05/12/17 22:38:58 Pending DAG nodes:
05/12/17 22:38:58   Node cbow_tfidf_lstm, HTCondor ID 1238, status STATUS_SUBMITTED
05/12/17 22:49:00 48784 seconds since last log event
05/12/17 22:49:00 Pending DAG nodes:
05/12/17 22:49:00   Node cbow_tfidf_lstm, HTCondor ID 1238, status STATUS_SUBMITTED
05/12/17 22:59:01 49385 seconds since last log event
05/12/17 22:59:01 Pending DAG nodes:
05/12/17 22:59:01   Node cbow_tfidf_lstm, HTCondor ID 1238, status STATUS_SUBMITTED
05/12/17 23:09:03 49987 seconds since last log event
05/12/17 23:09:03 Pending DAG nodes:
05/12/17 23:09:03   Node cbow_tfidf_lstm, HTCondor ID 1238, status STATUS_SUBMITTED
05/12/17 23:19:05 50589 seconds since last log event
05/12/17 23:19:05 Pending DAG nodes:
05/12/17 23:19:05   Node cbow_tfidf_lstm, HTCondor ID 1238, status STATUS_SUBMITTED
05/12/17 23:29:07 51191 seconds since last log event
05/12/17 23:29:07 Pending DAG nodes:
05/12/17 23:29:07   Node cbow_tfidf_lstm, HTCondor ID 1238, status STATUS_SUBMITTED
05/12/17 23:39:08 51792 seconds since last log event
05/12/17 23:39:08 Pending DAG nodes:
05/12/17 23:39:08   Node cbow_tfidf_lstm, HTCondor ID 1238, status STATUS_SUBMITTED
05/12/17 23:49:11 52395 seconds since last log event
05/12/17 23:49:11 Pending DAG nodes:
05/12/17 23:49:11   Node cbow_tfidf_lstm, HTCondor ID 1238, status STATUS_SUBMITTED
05/12/17 23:59:13 52997 seconds since last log event
05/12/17 23:59:13 Pending DAG nodes:
05/12/17 23:59:13   Node cbow_tfidf_lstm, HTCondor ID 1238, status STATUS_SUBMITTED
05/13/17 00:09:15 53599 seconds since last log event
05/13/17 00:09:15 Pending DAG nodes:
05/13/17 00:09:15   Node cbow_tfidf_lstm, HTCondor ID 1238, status STATUS_SUBMITTED
05/13/17 00:19:17 54201 seconds since last log event
05/13/17 00:19:17 Pending DAG nodes:
05/13/17 00:19:17   Node cbow_tfidf_lstm, HTCondor ID 1238, status STATUS_SUBMITTED
05/13/17 00:29:20 54804 seconds since last log event
05/13/17 00:29:20 Pending DAG nodes:
05/13/17 00:29:20   Node cbow_tfidf_lstm, HTCondor ID 1238, status STATUS_SUBMITTED
05/13/17 00:39:22 55406 seconds since last log event
05/13/17 00:39:22 Pending DAG nodes:
05/13/17 00:39:22   Node cbow_tfidf_lstm, HTCondor ID 1238, status STATUS_SUBMITTED
05/13/17 00:49:24 56008 seconds since last log event
05/13/17 00:49:24 Pending DAG nodes:
05/13/17 00:49:24   Node cbow_tfidf_lstm, HTCondor ID 1238, status STATUS_SUBMITTED
05/13/17 00:59:26 56610 seconds since last log event
05/13/17 00:59:26 Pending DAG nodes:
05/13/17 00:59:26   Node cbow_tfidf_lstm, HTCondor ID 1238, status STATUS_SUBMITTED
05/13/17 01:09:28 57212 seconds since last log event
05/13/17 01:09:28 Pending DAG nodes:
05/13/17 01:09:28   Node cbow_tfidf_lstm, HTCondor ID 1238, status STATUS_SUBMITTED
05/13/17 01:19:30 57814 seconds since last log event
05/13/17 01:19:30 Pending DAG nodes:
05/13/17 01:19:30   Node cbow_tfidf_lstm, HTCondor ID 1238, status STATUS_SUBMITTED
05/13/17 01:29:32 58416 seconds since last log event
05/13/17 01:29:32 Pending DAG nodes:
05/13/17 01:29:32   Node cbow_tfidf_lstm, HTCondor ID 1238, status STATUS_SUBMITTED
05/13/17 01:39:35 59019 seconds since last log event
05/13/17 01:39:35 Pending DAG nodes:
05/13/17 01:39:35   Node cbow_tfidf_lstm, HTCondor ID 1238, status STATUS_SUBMITTED
05/13/17 01:49:37 59621 seconds since last log event
05/13/17 01:49:37 Pending DAG nodes:
05/13/17 01:49:37   Node cbow_tfidf_lstm, HTCondor ID 1238, status STATUS_SUBMITTED
05/13/17 01:59:38 60222 seconds since last log event
05/13/17 01:59:38 Pending DAG nodes:
05/13/17 01:59:38   Node cbow_tfidf_lstm, HTCondor ID 1238, status STATUS_SUBMITTED
05/13/17 02:09:41 60825 seconds since last log event
05/13/17 02:09:41 Pending DAG nodes:
05/13/17 02:09:41   Node cbow_tfidf_lstm, HTCondor ID 1238, status STATUS_SUBMITTED
05/13/17 02:19:43 61427 seconds since last log event
05/13/17 02:19:43 Pending DAG nodes:
05/13/17 02:19:43   Node cbow_tfidf_lstm, HTCondor ID 1238, status STATUS_SUBMITTED
05/13/17 02:29:45 62029 seconds since last log event
05/13/17 02:29:45 Pending DAG nodes:
05/13/17 02:29:45   Node cbow_tfidf_lstm, HTCondor ID 1238, status STATUS_SUBMITTED
05/13/17 02:39:47 62631 seconds since last log event
05/13/17 02:39:47 Pending DAG nodes:
05/13/17 02:39:47   Node cbow_tfidf_lstm, HTCondor ID 1238, status STATUS_SUBMITTED
05/13/17 02:49:49 63233 seconds since last log event
05/13/17 02:49:49 Pending DAG nodes:
05/13/17 02:49:49   Node cbow_tfidf_lstm, HTCondor ID 1238, status STATUS_SUBMITTED
05/13/17 02:59:52 63836 seconds since last log event
05/13/17 02:59:52 Pending DAG nodes:
05/13/17 02:59:52   Node cbow_tfidf_lstm, HTCondor ID 1238, status STATUS_SUBMITTED
05/13/17 03:09:54 64438 seconds since last log event
05/13/17 03:09:54 Pending DAG nodes:
05/13/17 03:09:54   Node cbow_tfidf_lstm, HTCondor ID 1238, status STATUS_SUBMITTED
05/13/17 03:19:56 65040 seconds since last log event
05/13/17 03:19:56 Pending DAG nodes:
05/13/17 03:19:56   Node cbow_tfidf_lstm, HTCondor ID 1238, status STATUS_SUBMITTED
05/13/17 03:29:57 65641 seconds since last log event
05/13/17 03:29:57 Pending DAG nodes:
05/13/17 03:29:57   Node cbow_tfidf_lstm, HTCondor ID 1238, status STATUS_SUBMITTED
05/13/17 03:39:59 66243 seconds since last log event
05/13/17 03:39:59 Pending DAG nodes:
05/13/17 03:39:59   Node cbow_tfidf_lstm, HTCondor ID 1238, status STATUS_SUBMITTED
05/13/17 03:50:01 66845 seconds since last log event
05/13/17 03:50:01 Pending DAG nodes:
05/13/17 03:50:01   Node cbow_tfidf_lstm, HTCondor ID 1238, status STATUS_SUBMITTED
05/13/17 04:00:04 67448 seconds since last log event
05/13/17 04:00:04 Pending DAG nodes:
05/13/17 04:00:04   Node cbow_tfidf_lstm, HTCondor ID 1238, status STATUS_SUBMITTED
05/13/17 04:10:06 68050 seconds since last log event
05/13/17 04:10:06 Pending DAG nodes:
05/13/17 04:10:06   Node cbow_tfidf_lstm, HTCondor ID 1238, status STATUS_SUBMITTED
05/13/17 04:20:08 68652 seconds since last log event
05/13/17 04:20:08 Pending DAG nodes:
05/13/17 04:20:08   Node cbow_tfidf_lstm, HTCondor ID 1238, status STATUS_SUBMITTED
05/13/17 04:30:11 69255 seconds since last log event
05/13/17 04:30:11 Pending DAG nodes:
05/13/17 04:30:11   Node cbow_tfidf_lstm, HTCondor ID 1238, status STATUS_SUBMITTED
05/13/17 04:40:13 69857 seconds since last log event
05/13/17 04:40:13 Pending DAG nodes:
05/13/17 04:40:13   Node cbow_tfidf_lstm, HTCondor ID 1238, status STATUS_SUBMITTED
05/13/17 04:50:15 70459 seconds since last log event
05/13/17 04:50:15 Pending DAG nodes:
05/13/17 04:50:15   Node cbow_tfidf_lstm, HTCondor ID 1238, status STATUS_SUBMITTED
05/13/17 05:00:17 71061 seconds since last log event
05/13/17 05:00:17 Pending DAG nodes:
05/13/17 05:00:17   Node cbow_tfidf_lstm, HTCondor ID 1238, status STATUS_SUBMITTED
05/13/17 05:10:19 71663 seconds since last log event
05/13/17 05:10:19 Pending DAG nodes:
05/13/17 05:10:19   Node cbow_tfidf_lstm, HTCondor ID 1238, status STATUS_SUBMITTED
05/13/17 05:20:21 72265 seconds since last log event
05/13/17 05:20:21 Pending DAG nodes:
05/13/17 05:20:21   Node cbow_tfidf_lstm, HTCondor ID 1238, status STATUS_SUBMITTED
05/13/17 05:30:23 72867 seconds since last log event
05/13/17 05:30:23 Pending DAG nodes:
05/13/17 05:30:23   Node cbow_tfidf_lstm, HTCondor ID 1238, status STATUS_SUBMITTED
05/13/17 05:40:25 73469 seconds since last log event
05/13/17 05:40:25 Pending DAG nodes:
05/13/17 05:40:25   Node cbow_tfidf_lstm, HTCondor ID 1238, status STATUS_SUBMITTED
05/13/17 05:50:27 74071 seconds since last log event
05/13/17 05:50:27 Pending DAG nodes:
05/13/17 05:50:27   Node cbow_tfidf_lstm, HTCondor ID 1238, status STATUS_SUBMITTED
05/13/17 06:00:29 74673 seconds since last log event
05/13/17 06:00:29 Pending DAG nodes:
05/13/17 06:00:29   Node cbow_tfidf_lstm, HTCondor ID 1238, status STATUS_SUBMITTED
05/13/17 06:10:31 75275 seconds since last log event
05/13/17 06:10:31 Pending DAG nodes:
05/13/17 06:10:31   Node cbow_tfidf_lstm, HTCondor ID 1238, status STATUS_SUBMITTED
05/13/17 06:20:33 75877 seconds since last log event
05/13/17 06:20:33 Pending DAG nodes:
05/13/17 06:20:33   Node cbow_tfidf_lstm, HTCondor ID 1238, status STATUS_SUBMITTED
05/13/17 06:30:36 76480 seconds since last log event
05/13/17 06:30:36 Pending DAG nodes:
05/13/17 06:30:36   Node cbow_tfidf_lstm, HTCondor ID 1238, status STATUS_SUBMITTED
05/13/17 06:40:38 77082 seconds since last log event
05/13/17 06:40:38 Pending DAG nodes:
05/13/17 06:40:38   Node cbow_tfidf_lstm, HTCondor ID 1238, status STATUS_SUBMITTED
05/13/17 06:50:40 77684 seconds since last log event
05/13/17 06:50:40 Pending DAG nodes:
05/13/17 06:50:40   Node cbow_tfidf_lstm, HTCondor ID 1238, status STATUS_SUBMITTED
05/13/17 07:00:42 78286 seconds since last log event
05/13/17 07:00:42 Pending DAG nodes:
05/13/17 07:00:42   Node cbow_tfidf_lstm, HTCondor ID 1238, status STATUS_SUBMITTED
05/13/17 07:10:44 78888 seconds since last log event
05/13/17 07:10:44 Pending DAG nodes:
05/13/17 07:10:44   Node cbow_tfidf_lstm, HTCondor ID 1238, status STATUS_SUBMITTED
05/13/17 07:20:46 79490 seconds since last log event
05/13/17 07:20:46 Pending DAG nodes:
05/13/17 07:20:46   Node cbow_tfidf_lstm, HTCondor ID 1238, status STATUS_SUBMITTED
05/13/17 07:30:49 80093 seconds since last log event
05/13/17 07:30:49 Pending DAG nodes:
05/13/17 07:30:49   Node cbow_tfidf_lstm, HTCondor ID 1238, status STATUS_SUBMITTED
05/13/17 07:40:51 80695 seconds since last log event
05/13/17 07:40:51 Pending DAG nodes:
05/13/17 07:40:51   Node cbow_tfidf_lstm, HTCondor ID 1238, status STATUS_SUBMITTED
05/13/17 07:50:53 81297 seconds since last log event
05/13/17 07:50:53 Pending DAG nodes:
05/13/17 07:50:53   Node cbow_tfidf_lstm, HTCondor ID 1238, status STATUS_SUBMITTED
05/13/17 08:00:55 81899 seconds since last log event
05/13/17 08:00:55 Pending DAG nodes:
05/13/17 08:00:55   Node cbow_tfidf_lstm, HTCondor ID 1238, status STATUS_SUBMITTED
05/13/17 08:10:56 82500 seconds since last log event
05/13/17 08:10:56 Pending DAG nodes:
05/13/17 08:10:56   Node cbow_tfidf_lstm, HTCondor ID 1238, status STATUS_SUBMITTED
05/13/17 08:20:59 83103 seconds since last log event
05/13/17 08:20:59 Pending DAG nodes:
05/13/17 08:20:59   Node cbow_tfidf_lstm, HTCondor ID 1238, status STATUS_SUBMITTED
05/13/17 08:31:01 83705 seconds since last log event
05/13/17 08:31:01 Pending DAG nodes:
05/13/17 08:31:01   Node cbow_tfidf_lstm, HTCondor ID 1238, status STATUS_SUBMITTED
05/13/17 08:41:03 84307 seconds since last log event
05/13/17 08:41:03 Pending DAG nodes:
05/13/17 08:41:03   Node cbow_tfidf_lstm, HTCondor ID 1238, status STATUS_SUBMITTED
05/13/17 08:51:05 84909 seconds since last log event
05/13/17 08:51:05 Pending DAG nodes:
05/13/17 08:51:05   Node cbow_tfidf_lstm, HTCondor ID 1238, status STATUS_SUBMITTED
05/13/17 09:01:07 85511 seconds since last log event
05/13/17 09:01:07 Pending DAG nodes:
05/13/17 09:01:07   Node cbow_tfidf_lstm, HTCondor ID 1238, status STATUS_SUBMITTED
05/13/17 09:11:09 86113 seconds since last log event
05/13/17 09:11:09 Pending DAG nodes:
05/13/17 09:11:09   Node cbow_tfidf_lstm, HTCondor ID 1238, status STATUS_SUBMITTED
05/13/17 09:21:11 86715 seconds since last log event
05/13/17 09:21:11 Pending DAG nodes:
05/13/17 09:21:11   Node cbow_tfidf_lstm, HTCondor ID 1238, status STATUS_SUBMITTED
05/13/17 09:31:14 87318 seconds since last log event
05/13/17 09:31:14 Pending DAG nodes:
05/13/17 09:31:14   Node cbow_tfidf_lstm, HTCondor ID 1238, status STATUS_SUBMITTED
05/13/17 09:41:16 87920 seconds since last log event
05/13/17 09:41:16 Pending DAG nodes:
05/13/17 09:41:16   Node cbow_tfidf_lstm, HTCondor ID 1238, status STATUS_SUBMITTED
05/13/17 09:51:18 88522 seconds since last log event
05/13/17 09:51:18 Pending DAG nodes:
05/13/17 09:51:18   Node cbow_tfidf_lstm, HTCondor ID 1238, status STATUS_SUBMITTED
05/13/17 10:01:20 89124 seconds since last log event
05/13/17 10:01:20 Pending DAG nodes:
05/13/17 10:01:20   Node cbow_tfidf_lstm, HTCondor ID 1238, status STATUS_SUBMITTED
05/13/17 10:11:22 89726 seconds since last log event
05/13/17 10:11:22 Pending DAG nodes:
05/13/17 10:11:22   Node cbow_tfidf_lstm, HTCondor ID 1238, status STATUS_SUBMITTED
05/13/17 10:21:24 90328 seconds since last log event
05/13/17 10:21:24 Pending DAG nodes:
05/13/17 10:21:24   Node cbow_tfidf_lstm, HTCondor ID 1238, status STATUS_SUBMITTED
05/13/17 10:31:26 90930 seconds since last log event
05/13/17 10:31:26 Pending DAG nodes:
05/13/17 10:31:26   Node cbow_tfidf_lstm, HTCondor ID 1238, status STATUS_SUBMITTED
05/13/17 10:41:28 91532 seconds since last log event
05/13/17 10:41:28 Pending DAG nodes:
05/13/17 10:41:28   Node cbow_tfidf_lstm, HTCondor ID 1238, status STATUS_SUBMITTED
05/13/17 10:51:30 92134 seconds since last log event
05/13/17 10:51:30 Pending DAG nodes:
05/13/17 10:51:30   Node cbow_tfidf_lstm, HTCondor ID 1238, status STATUS_SUBMITTED
05/13/17 11:01:32 92736 seconds since last log event
05/13/17 11:01:32 Pending DAG nodes:
05/13/17 11:01:32   Node cbow_tfidf_lstm, HTCondor ID 1238, status STATUS_SUBMITTED
05/13/17 11:11:34 93338 seconds since last log event
05/13/17 11:11:34 Pending DAG nodes:
05/13/17 11:11:34   Node cbow_tfidf_lstm, HTCondor ID 1238, status STATUS_SUBMITTED
05/13/17 11:21:35 93939 seconds since last log event
05/13/17 11:21:35 Pending DAG nodes:
05/13/17 11:21:35   Node cbow_tfidf_lstm, HTCondor ID 1238, status STATUS_SUBMITTED
05/13/17 11:31:37 94541 seconds since last log event
05/13/17 11:31:37 Pending DAG nodes:
05/13/17 11:31:37   Node cbow_tfidf_lstm, HTCondor ID 1238, status STATUS_SUBMITTED
05/13/17 11:41:40 95144 seconds since last log event
05/13/17 11:41:40 Pending DAG nodes:
05/13/17 11:41:40   Node cbow_tfidf_lstm, HTCondor ID 1238, status STATUS_SUBMITTED
05/13/17 11:51:42 95746 seconds since last log event
05/13/17 11:51:42 Pending DAG nodes:
05/13/17 11:51:42   Node cbow_tfidf_lstm, HTCondor ID 1238, status STATUS_SUBMITTED
05/13/17 12:01:44 96348 seconds since last log event
05/13/17 12:01:44 Pending DAG nodes:
05/13/17 12:01:44   Node cbow_tfidf_lstm, HTCondor ID 1238, status STATUS_SUBMITTED
05/13/17 12:11:46 96950 seconds since last log event
05/13/17 12:11:46 Pending DAG nodes:
05/13/17 12:11:46   Node cbow_tfidf_lstm, HTCondor ID 1238, status STATUS_SUBMITTED
05/13/17 12:21:48 97552 seconds since last log event
05/13/17 12:21:48 Pending DAG nodes:
05/13/17 12:21:48   Node cbow_tfidf_lstm, HTCondor ID 1238, status STATUS_SUBMITTED
05/13/17 12:31:50 98154 seconds since last log event
05/13/17 12:31:50 Pending DAG nodes:
05/13/17 12:31:50   Node cbow_tfidf_lstm, HTCondor ID 1238, status STATUS_SUBMITTED
05/13/17 12:41:53 98757 seconds since last log event
05/13/17 12:41:53 Pending DAG nodes:
05/13/17 12:41:53   Node cbow_tfidf_lstm, HTCondor ID 1238, status STATUS_SUBMITTED
05/13/17 12:51:55 99359 seconds since last log event
05/13/17 12:51:55 Pending DAG nodes:
05/13/17 12:51:55   Node cbow_tfidf_lstm, HTCondor ID 1238, status STATUS_SUBMITTED
05/13/17 13:01:57 99961 seconds since last log event
05/13/17 13:01:57 Pending DAG nodes:
05/13/17 13:01:57   Node cbow_tfidf_lstm, HTCondor ID 1238, status STATUS_SUBMITTED
05/13/17 13:11:59 100563 seconds since last log event
05/13/17 13:11:59 Pending DAG nodes:
05/13/17 13:11:59   Node cbow_tfidf_lstm, HTCondor ID 1238, status STATUS_SUBMITTED
05/13/17 13:22:01 101165 seconds since last log event
05/13/17 13:22:01 Pending DAG nodes:
05/13/17 13:22:01   Node cbow_tfidf_lstm, HTCondor ID 1238, status STATUS_SUBMITTED
05/13/17 13:32:03 101767 seconds since last log event
05/13/17 13:32:03 Pending DAG nodes:
05/13/17 13:32:03   Node cbow_tfidf_lstm, HTCondor ID 1238, status STATUS_SUBMITTED
05/13/17 13:42:05 102369 seconds since last log event
05/13/17 13:42:05 Pending DAG nodes:
05/13/17 13:42:05   Node cbow_tfidf_lstm, HTCondor ID 1238, status STATUS_SUBMITTED
05/13/17 13:52:07 102971 seconds since last log event
05/13/17 13:52:07 Pending DAG nodes:
05/13/17 13:52:07   Node cbow_tfidf_lstm, HTCondor ID 1238, status STATUS_SUBMITTED
05/13/17 14:02:09 103573 seconds since last log event
05/13/17 14:02:09 Pending DAG nodes:
05/13/17 14:02:09   Node cbow_tfidf_lstm, HTCondor ID 1238, status STATUS_SUBMITTED
05/13/17 14:12:11 104175 seconds since last log event
05/13/17 14:12:11 Pending DAG nodes:
05/13/17 14:12:11   Node cbow_tfidf_lstm, HTCondor ID 1238, status STATUS_SUBMITTED
05/13/17 14:22:14 104778 seconds since last log event
05/13/17 14:22:14 Pending DAG nodes:
05/13/17 14:22:14   Node cbow_tfidf_lstm, HTCondor ID 1238, status STATUS_SUBMITTED
05/13/17 14:32:16 105380 seconds since last log event
05/13/17 14:32:16 Pending DAG nodes:
05/13/17 14:32:16   Node cbow_tfidf_lstm, HTCondor ID 1238, status STATUS_SUBMITTED
05/13/17 14:42:18 105982 seconds since last log event
05/13/17 14:42:18 Pending DAG nodes:
05/13/17 14:42:18   Node cbow_tfidf_lstm, HTCondor ID 1238, status STATUS_SUBMITTED
05/13/17 14:52:21 106585 seconds since last log event
05/13/17 14:52:21 Pending DAG nodes:
05/13/17 14:52:21   Node cbow_tfidf_lstm, HTCondor ID 1238, status STATUS_SUBMITTED
05/13/17 15:02:23 107187 seconds since last log event
05/13/17 15:02:23 Pending DAG nodes:
05/13/17 15:02:23   Node cbow_tfidf_lstm, HTCondor ID 1238, status STATUS_SUBMITTED
05/13/17 15:12:26 107790 seconds since last log event
05/13/17 15:12:26 Pending DAG nodes:
05/13/17 15:12:26   Node cbow_tfidf_lstm, HTCondor ID 1238, status STATUS_SUBMITTED
05/13/17 15:22:28 108392 seconds since last log event
05/13/17 15:22:28 Pending DAG nodes:
05/13/17 15:22:28   Node cbow_tfidf_lstm, HTCondor ID 1238, status STATUS_SUBMITTED
05/13/17 15:32:30 108994 seconds since last log event
05/13/17 15:32:30 Pending DAG nodes:
05/13/17 15:32:30   Node cbow_tfidf_lstm, HTCondor ID 1238, status STATUS_SUBMITTED
05/13/17 15:42:32 109596 seconds since last log event
05/13/17 15:42:32 Pending DAG nodes:
05/13/17 15:42:32   Node cbow_tfidf_lstm, HTCondor ID 1238, status STATUS_SUBMITTED
05/13/17 15:52:35 110199 seconds since last log event
05/13/17 15:52:35 Pending DAG nodes:
05/13/17 15:52:35   Node cbow_tfidf_lstm, HTCondor ID 1238, status STATUS_SUBMITTED
05/13/17 16:02:37 110801 seconds since last log event
05/13/17 16:02:37 Pending DAG nodes:
05/13/17 16:02:37   Node cbow_tfidf_lstm, HTCondor ID 1238, status STATUS_SUBMITTED
05/13/17 16:12:39 111403 seconds since last log event
05/13/17 16:12:39 Pending DAG nodes:
05/13/17 16:12:39   Node cbow_tfidf_lstm, HTCondor ID 1238, status STATUS_SUBMITTED
05/13/17 16:22:41 112005 seconds since last log event
05/13/17 16:22:41 Pending DAG nodes:
05/13/17 16:22:41   Node cbow_tfidf_lstm, HTCondor ID 1238, status STATUS_SUBMITTED
05/13/17 16:32:43 112607 seconds since last log event
05/13/17 16:32:43 Pending DAG nodes:
05/13/17 16:32:43   Node cbow_tfidf_lstm, HTCondor ID 1238, status STATUS_SUBMITTED
05/13/17 16:42:45 113209 seconds since last log event
05/13/17 16:42:45 Pending DAG nodes:
05/13/17 16:42:45   Node cbow_tfidf_lstm, HTCondor ID 1238, status STATUS_SUBMITTED
05/13/17 16:52:48 113812 seconds since last log event
05/13/17 16:52:48 Pending DAG nodes:
05/13/17 16:52:48   Node cbow_tfidf_lstm, HTCondor ID 1238, status STATUS_SUBMITTED
05/13/17 17:02:50 114414 seconds since last log event
05/13/17 17:02:50 Pending DAG nodes:
05/13/17 17:02:50   Node cbow_tfidf_lstm, HTCondor ID 1238, status STATUS_SUBMITTED
05/13/17 17:12:53 115017 seconds since last log event
05/13/17 17:12:53 Pending DAG nodes:
05/13/17 17:12:53   Node cbow_tfidf_lstm, HTCondor ID 1238, status STATUS_SUBMITTED
05/13/17 17:22:55 115619 seconds since last log event
05/13/17 17:22:55 Pending DAG nodes:
05/13/17 17:22:55   Node cbow_tfidf_lstm, HTCondor ID 1238, status STATUS_SUBMITTED
05/13/17 17:32:57 116221 seconds since last log event
05/13/17 17:32:57 Pending DAG nodes:
05/13/17 17:32:57   Node cbow_tfidf_lstm, HTCondor ID 1238, status STATUS_SUBMITTED
05/13/17 17:42:59 116823 seconds since last log event
05/13/17 17:42:59 Pending DAG nodes:
05/13/17 17:42:59   Node cbow_tfidf_lstm, HTCondor ID 1238, status STATUS_SUBMITTED
05/13/17 17:53:01 117425 seconds since last log event
05/13/17 17:53:01 Pending DAG nodes:
05/13/17 17:53:01   Node cbow_tfidf_lstm, HTCondor ID 1238, status STATUS_SUBMITTED
05/13/17 18:03:03 118027 seconds since last log event
05/13/17 18:03:03 Pending DAG nodes:
05/13/17 18:03:03   Node cbow_tfidf_lstm, HTCondor ID 1238, status STATUS_SUBMITTED
05/13/17 18:13:05 118629 seconds since last log event
05/13/17 18:13:05 Pending DAG nodes:
05/13/17 18:13:05   Node cbow_tfidf_lstm, HTCondor ID 1238, status STATUS_SUBMITTED
05/13/17 18:23:07 119231 seconds since last log event
05/13/17 18:23:07 Pending DAG nodes:
05/13/17 18:23:07   Node cbow_tfidf_lstm, HTCondor ID 1238, status STATUS_SUBMITTED
05/13/17 18:33:10 119834 seconds since last log event
05/13/17 18:33:10 Pending DAG nodes:
05/13/17 18:33:10   Node cbow_tfidf_lstm, HTCondor ID 1238, status STATUS_SUBMITTED
05/13/17 18:43:12 120436 seconds since last log event
05/13/17 18:43:12 Pending DAG nodes:
05/13/17 18:43:12   Node cbow_tfidf_lstm, HTCondor ID 1238, status STATUS_SUBMITTED
05/13/17 18:53:14 121038 seconds since last log event
05/13/17 18:53:14 Pending DAG nodes:
05/13/17 18:53:14   Node cbow_tfidf_lstm, HTCondor ID 1238, status STATUS_SUBMITTED
05/13/17 19:03:16 121640 seconds since last log event
05/13/17 19:03:16 Pending DAG nodes:
05/13/17 19:03:16   Node cbow_tfidf_lstm, HTCondor ID 1238, status STATUS_SUBMITTED
05/13/17 19:13:18 122242 seconds since last log event
05/13/17 19:13:18 Pending DAG nodes:
05/13/17 19:13:18   Node cbow_tfidf_lstm, HTCondor ID 1238, status STATUS_SUBMITTED
05/13/17 19:23:20 122844 seconds since last log event
05/13/17 19:23:20 Pending DAG nodes:
05/13/17 19:23:20   Node cbow_tfidf_lstm, HTCondor ID 1238, status STATUS_SUBMITTED
05/13/17 19:33:21 123445 seconds since last log event
05/13/17 19:33:21 Pending DAG nodes:
05/13/17 19:33:21   Node cbow_tfidf_lstm, HTCondor ID 1238, status STATUS_SUBMITTED
05/13/17 19:43:23 124047 seconds since last log event
05/13/17 19:43:23 Pending DAG nodes:
05/13/17 19:43:23   Node cbow_tfidf_lstm, HTCondor ID 1238, status STATUS_SUBMITTED
05/13/17 19:53:25 124649 seconds since last log event
05/13/17 19:53:25 Pending DAG nodes:
05/13/17 19:53:25   Node cbow_tfidf_lstm, HTCondor ID 1238, status STATUS_SUBMITTED
05/13/17 20:03:26 125250 seconds since last log event
05/13/17 20:03:26 Pending DAG nodes:
05/13/17 20:03:26   Node cbow_tfidf_lstm, HTCondor ID 1238, status STATUS_SUBMITTED
05/13/17 20:13:27 125851 seconds since last log event
05/13/17 20:13:27 Pending DAG nodes:
05/13/17 20:13:27   Node cbow_tfidf_lstm, HTCondor ID 1238, status STATUS_SUBMITTED
05/13/17 20:23:29 126453 seconds since last log event
05/13/17 20:23:29 Pending DAG nodes:
05/13/17 20:23:29   Node cbow_tfidf_lstm, HTCondor ID 1238, status STATUS_SUBMITTED
05/13/17 20:33:30 127054 seconds since last log event
05/13/17 20:33:30 Pending DAG nodes:
05/13/17 20:33:30   Node cbow_tfidf_lstm, HTCondor ID 1238, status STATUS_SUBMITTED
05/13/17 20:43:32 127656 seconds since last log event
05/13/17 20:43:32 Pending DAG nodes:
05/13/17 20:43:32   Node cbow_tfidf_lstm, HTCondor ID 1238, status STATUS_SUBMITTED
05/13/17 20:53:33 128257 seconds since last log event
05/13/17 20:53:33 Pending DAG nodes:
05/13/17 20:53:33   Node cbow_tfidf_lstm, HTCondor ID 1238, status STATUS_SUBMITTED
05/13/17 21:03:35 128859 seconds since last log event
05/13/17 21:03:35 Pending DAG nodes:
05/13/17 21:03:35   Node cbow_tfidf_lstm, HTCondor ID 1238, status STATUS_SUBMITTED
05/13/17 21:13:37 129461 seconds since last log event
05/13/17 21:13:37 Pending DAG nodes:
05/13/17 21:13:37   Node cbow_tfidf_lstm, HTCondor ID 1238, status STATUS_SUBMITTED
05/13/17 21:23:40 130064 seconds since last log event
05/13/17 21:23:40 Pending DAG nodes:
05/13/17 21:23:40   Node cbow_tfidf_lstm, HTCondor ID 1238, status STATUS_SUBMITTED
05/13/17 21:33:42 130666 seconds since last log event
05/13/17 21:33:42 Pending DAG nodes:
05/13/17 21:33:42   Node cbow_tfidf_lstm, HTCondor ID 1238, status STATUS_SUBMITTED
05/13/17 21:43:44 131268 seconds since last log event
05/13/17 21:43:44 Pending DAG nodes:
05/13/17 21:43:44   Node cbow_tfidf_lstm, HTCondor ID 1238, status STATUS_SUBMITTED
05/13/17 21:53:46 131870 seconds since last log event
05/13/17 21:53:46 Pending DAG nodes:
05/13/17 21:53:46   Node cbow_tfidf_lstm, HTCondor ID 1238, status STATUS_SUBMITTED
05/13/17 22:03:49 132473 seconds since last log event
05/13/17 22:03:49 Pending DAG nodes:
05/13/17 22:03:49   Node cbow_tfidf_lstm, HTCondor ID 1238, status STATUS_SUBMITTED
05/13/17 22:13:51 133075 seconds since last log event
05/13/17 22:13:51 Pending DAG nodes:
05/13/17 22:13:51   Node cbow_tfidf_lstm, HTCondor ID 1238, status STATUS_SUBMITTED
05/13/17 22:23:53 133677 seconds since last log event
05/13/17 22:23:53 Pending DAG nodes:
05/13/17 22:23:53   Node cbow_tfidf_lstm, HTCondor ID 1238, status STATUS_SUBMITTED
05/13/17 22:33:55 134279 seconds since last log event
05/13/17 22:33:55 Pending DAG nodes:
05/13/17 22:33:55   Node cbow_tfidf_lstm, HTCondor ID 1238, status STATUS_SUBMITTED
05/13/17 22:43:58 134882 seconds since last log event
05/13/17 22:43:58 Pending DAG nodes:
05/13/17 22:43:58   Node cbow_tfidf_lstm, HTCondor ID 1238, status STATUS_SUBMITTED
05/13/17 22:54:00 135484 seconds since last log event
05/13/17 22:54:00 Pending DAG nodes:
05/13/17 22:54:00   Node cbow_tfidf_lstm, HTCondor ID 1238, status STATUS_SUBMITTED
05/13/17 23:04:02 136086 seconds since last log event
05/13/17 23:04:02 Pending DAG nodes:
05/13/17 23:04:02   Node cbow_tfidf_lstm, HTCondor ID 1238, status STATUS_SUBMITTED
05/13/17 23:14:05 136689 seconds since last log event
05/13/17 23:14:05 Pending DAG nodes:
05/13/17 23:14:05   Node cbow_tfidf_lstm, HTCondor ID 1238, status STATUS_SUBMITTED
05/13/17 23:24:07 137291 seconds since last log event
05/13/17 23:24:07 Pending DAG nodes:
05/13/17 23:24:07   Node cbow_tfidf_lstm, HTCondor ID 1238, status STATUS_SUBMITTED
05/13/17 23:34:10 137894 seconds since last log event
05/13/17 23:34:10 Pending DAG nodes:
05/13/17 23:34:10   Node cbow_tfidf_lstm, HTCondor ID 1238, status STATUS_SUBMITTED
05/13/17 23:44:13 138497 seconds since last log event
05/13/17 23:44:13 Pending DAG nodes:
05/13/17 23:44:13   Node cbow_tfidf_lstm, HTCondor ID 1238, status STATUS_SUBMITTED
05/13/17 23:54:15 139099 seconds since last log event
05/13/17 23:54:15 Pending DAG nodes:
05/13/17 23:54:15   Node cbow_tfidf_lstm, HTCondor ID 1238, status STATUS_SUBMITTED
05/14/17 00:04:18 139702 seconds since last log event
05/14/17 00:04:18 Pending DAG nodes:
05/14/17 00:04:18   Node cbow_tfidf_lstm, HTCondor ID 1238, status STATUS_SUBMITTED
05/14/17 00:14:20 140304 seconds since last log event
05/14/17 00:14:20 Pending DAG nodes:
05/14/17 00:14:20   Node cbow_tfidf_lstm, HTCondor ID 1238, status STATUS_SUBMITTED
05/14/17 00:24:23 140907 seconds since last log event
05/14/17 00:24:23 Pending DAG nodes:
05/14/17 00:24:23   Node cbow_tfidf_lstm, HTCondor ID 1238, status STATUS_SUBMITTED
05/14/17 00:34:24 141508 seconds since last log event
05/14/17 00:34:24 Pending DAG nodes:
05/14/17 00:34:24   Node cbow_tfidf_lstm, HTCondor ID 1238, status STATUS_SUBMITTED
05/14/17 00:44:27 142111 seconds since last log event
05/14/17 00:44:27 Pending DAG nodes:
05/14/17 00:44:27   Node cbow_tfidf_lstm, HTCondor ID 1238, status STATUS_SUBMITTED
05/14/17 00:54:29 142713 seconds since last log event
05/14/17 00:54:29 Pending DAG nodes:
05/14/17 00:54:29   Node cbow_tfidf_lstm, HTCondor ID 1238, status STATUS_SUBMITTED
05/14/17 01:04:31 143315 seconds since last log event
05/14/17 01:04:31 Pending DAG nodes:
05/14/17 01:04:31   Node cbow_tfidf_lstm, HTCondor ID 1238, status STATUS_SUBMITTED
05/14/17 01:14:34 143918 seconds since last log event
05/14/17 01:14:34 Pending DAG nodes:
05/14/17 01:14:34   Node cbow_tfidf_lstm, HTCondor ID 1238, status STATUS_SUBMITTED
05/14/17 01:24:36 144520 seconds since last log event
05/14/17 01:24:36 Pending DAG nodes:
05/14/17 01:24:36   Node cbow_tfidf_lstm, HTCondor ID 1238, status STATUS_SUBMITTED
05/14/17 01:34:37 145121 seconds since last log event
05/14/17 01:34:37 Pending DAG nodes:
05/14/17 01:34:37   Node cbow_tfidf_lstm, HTCondor ID 1238, status STATUS_SUBMITTED
05/14/17 01:44:40 145724 seconds since last log event
05/14/17 01:44:40 Pending DAG nodes:
05/14/17 01:44:40   Node cbow_tfidf_lstm, HTCondor ID 1238, status STATUS_SUBMITTED
05/14/17 01:54:42 146326 seconds since last log event
05/14/17 01:54:42 Pending DAG nodes:
05/14/17 01:54:42   Node cbow_tfidf_lstm, HTCondor ID 1238, status STATUS_SUBMITTED
05/14/17 02:04:45 146929 seconds since last log event
05/14/17 02:04:45 Pending DAG nodes:
05/14/17 02:04:45   Node cbow_tfidf_lstm, HTCondor ID 1238, status STATUS_SUBMITTED
05/14/17 02:14:47 147531 seconds since last log event
05/14/17 02:14:47 Pending DAG nodes:
05/14/17 02:14:47   Node cbow_tfidf_lstm, HTCondor ID 1238, status STATUS_SUBMITTED
05/14/17 02:24:50 148134 seconds since last log event
05/14/17 02:24:50 Pending DAG nodes:
05/14/17 02:24:50   Node cbow_tfidf_lstm, HTCondor ID 1238, status STATUS_SUBMITTED
05/14/17 02:34:52 148736 seconds since last log event
05/14/17 02:34:52 Pending DAG nodes:
05/14/17 02:34:52   Node cbow_tfidf_lstm, HTCondor ID 1238, status STATUS_SUBMITTED
05/14/17 02:44:54 149338 seconds since last log event
05/14/17 02:44:54 Pending DAG nodes:
05/14/17 02:44:54   Node cbow_tfidf_lstm, HTCondor ID 1238, status STATUS_SUBMITTED
05/14/17 02:54:57 149941 seconds since last log event
05/14/17 02:54:57 Pending DAG nodes:
05/14/17 02:54:57   Node cbow_tfidf_lstm, HTCondor ID 1238, status STATUS_SUBMITTED
05/14/17 03:04:59 150543 seconds since last log event
05/14/17 03:04:59 Pending DAG nodes:
05/14/17 03:04:59   Node cbow_tfidf_lstm, HTCondor ID 1238, status STATUS_SUBMITTED
05/14/17 03:15:02 151146 seconds since last log event
05/14/17 03:15:02 Pending DAG nodes:
05/14/17 03:15:02   Node cbow_tfidf_lstm, HTCondor ID 1238, status STATUS_SUBMITTED
05/14/17 03:25:04 151748 seconds since last log event
05/14/17 03:25:04 Pending DAG nodes:
05/14/17 03:25:04   Node cbow_tfidf_lstm, HTCondor ID 1238, status STATUS_SUBMITTED
05/14/17 03:35:07 152351 seconds since last log event
05/14/17 03:35:07 Pending DAG nodes:
05/14/17 03:35:07   Node cbow_tfidf_lstm, HTCondor ID 1238, status STATUS_SUBMITTED
05/14/17 03:45:10 152954 seconds since last log event
05/14/17 03:45:10 Pending DAG nodes:
05/14/17 03:45:10   Node cbow_tfidf_lstm, HTCondor ID 1238, status STATUS_SUBMITTED
05/14/17 03:55:12 153556 seconds since last log event
05/14/17 03:55:12 Pending DAG nodes:
05/14/17 03:55:12   Node cbow_tfidf_lstm, HTCondor ID 1238, status STATUS_SUBMITTED
05/14/17 04:05:15 154159 seconds since last log event
05/14/17 04:05:15 Pending DAG nodes:
05/14/17 04:05:15   Node cbow_tfidf_lstm, HTCondor ID 1238, status STATUS_SUBMITTED
05/14/17 04:15:17 154761 seconds since last log event
05/14/17 04:15:17 Pending DAG nodes:
05/14/17 04:15:17   Node cbow_tfidf_lstm, HTCondor ID 1238, status STATUS_SUBMITTED
05/14/17 04:25:19 155363 seconds since last log event
05/14/17 04:25:19 Pending DAG nodes:
05/14/17 04:25:19   Node cbow_tfidf_lstm, HTCondor ID 1238, status STATUS_SUBMITTED
05/14/17 04:35:22 155966 seconds since last log event
05/14/17 04:35:22 Pending DAG nodes:
05/14/17 04:35:22   Node cbow_tfidf_lstm, HTCondor ID 1238, status STATUS_SUBMITTED
05/14/17 04:45:24 156568 seconds since last log event
05/14/17 04:45:24 Pending DAG nodes:
05/14/17 04:45:24   Node cbow_tfidf_lstm, HTCondor ID 1238, status STATUS_SUBMITTED
05/14/17 04:55:26 157170 seconds since last log event
05/14/17 04:55:26 Pending DAG nodes:
05/14/17 04:55:26   Node cbow_tfidf_lstm, HTCondor ID 1238, status STATUS_SUBMITTED
05/14/17 05:05:29 157773 seconds since last log event
05/14/17 05:05:29 Pending DAG nodes:
05/14/17 05:05:29   Node cbow_tfidf_lstm, HTCondor ID 1238, status STATUS_SUBMITTED
05/14/17 05:15:32 158376 seconds since last log event
05/14/17 05:15:32 Pending DAG nodes:
05/14/17 05:15:32   Node cbow_tfidf_lstm, HTCondor ID 1238, status STATUS_SUBMITTED
05/14/17 05:25:34 158978 seconds since last log event
05/14/17 05:25:34 Pending DAG nodes:
05/14/17 05:25:34   Node cbow_tfidf_lstm, HTCondor ID 1238, status STATUS_SUBMITTED
05/14/17 05:35:36 159580 seconds since last log event
05/14/17 05:35:36 Pending DAG nodes:
05/14/17 05:35:36   Node cbow_tfidf_lstm, HTCondor ID 1238, status STATUS_SUBMITTED
05/14/17 05:45:39 160183 seconds since last log event
05/14/17 05:45:39 Pending DAG nodes:
05/14/17 05:45:39   Node cbow_tfidf_lstm, HTCondor ID 1238, status STATUS_SUBMITTED
05/14/17 05:55:41 160785 seconds since last log event
05/14/17 05:55:41 Pending DAG nodes:
05/14/17 05:55:41   Node cbow_tfidf_lstm, HTCondor ID 1238, status STATUS_SUBMITTED
05/14/17 06:05:43 161387 seconds since last log event
05/14/17 06:05:43 Pending DAG nodes:
05/14/17 06:05:43   Node cbow_tfidf_lstm, HTCondor ID 1238, status STATUS_SUBMITTED
05/14/17 06:15:45 161989 seconds since last log event
05/14/17 06:15:45 Pending DAG nodes:
05/14/17 06:15:45   Node cbow_tfidf_lstm, HTCondor ID 1238, status STATUS_SUBMITTED
05/14/17 06:25:47 162591 seconds since last log event
05/14/17 06:25:47 Pending DAG nodes:
05/14/17 06:25:47   Node cbow_tfidf_lstm, HTCondor ID 1238, status STATUS_SUBMITTED
05/14/17 06:35:49 163193 seconds since last log event
05/14/17 06:35:49 Pending DAG nodes:
05/14/17 06:35:49   Node cbow_tfidf_lstm, HTCondor ID 1238, status STATUS_SUBMITTED
05/14/17 06:45:51 163795 seconds since last log event
05/14/17 06:45:51 Pending DAG nodes:
05/14/17 06:45:51   Node cbow_tfidf_lstm, HTCondor ID 1238, status STATUS_SUBMITTED
05/14/17 06:55:53 164397 seconds since last log event
05/14/17 06:55:53 Pending DAG nodes:
05/14/17 06:55:53   Node cbow_tfidf_lstm, HTCondor ID 1238, status STATUS_SUBMITTED
05/14/17 07:05:55 164999 seconds since last log event
05/14/17 07:05:55 Pending DAG nodes:
05/14/17 07:05:55   Node cbow_tfidf_lstm, HTCondor ID 1238, status STATUS_SUBMITTED
05/14/17 07:15:57 165601 seconds since last log event
05/14/17 07:15:57 Pending DAG nodes:
05/14/17 07:15:57   Node cbow_tfidf_lstm, HTCondor ID 1238, status STATUS_SUBMITTED
05/14/17 07:25:59 166203 seconds since last log event
05/14/17 07:25:59 Pending DAG nodes:
05/14/17 07:25:59   Node cbow_tfidf_lstm, HTCondor ID 1238, status STATUS_SUBMITTED
05/14/17 07:36:02 166806 seconds since last log event
05/14/17 07:36:02 Pending DAG nodes:
05/14/17 07:36:02   Node cbow_tfidf_lstm, HTCondor ID 1238, status STATUS_SUBMITTED
05/14/17 07:46:04 167408 seconds since last log event
05/14/17 07:46:04 Pending DAG nodes:
05/14/17 07:46:04   Node cbow_tfidf_lstm, HTCondor ID 1238, status STATUS_SUBMITTED
05/14/17 07:56:06 168010 seconds since last log event
05/14/17 07:56:06 Pending DAG nodes:
05/14/17 07:56:06   Node cbow_tfidf_lstm, HTCondor ID 1238, status STATUS_SUBMITTED
05/14/17 08:06:09 168613 seconds since last log event
05/14/17 08:06:09 Pending DAG nodes:
05/14/17 08:06:09   Node cbow_tfidf_lstm, HTCondor ID 1238, status STATUS_SUBMITTED
05/14/17 08:16:11 169215 seconds since last log event
05/14/17 08:16:11 Pending DAG nodes:
05/14/17 08:16:11   Node cbow_tfidf_lstm, HTCondor ID 1238, status STATUS_SUBMITTED
05/14/17 08:26:12 169816 seconds since last log event
05/14/17 08:26:12 Pending DAG nodes:
05/14/17 08:26:12   Node cbow_tfidf_lstm, HTCondor ID 1238, status STATUS_SUBMITTED
05/14/17 08:36:15 170419 seconds since last log event
05/14/17 08:36:15 Pending DAG nodes:
05/14/17 08:36:15   Node cbow_tfidf_lstm, HTCondor ID 1238, status STATUS_SUBMITTED
05/14/17 08:46:17 171021 seconds since last log event
05/14/17 08:46:17 Pending DAG nodes:
05/14/17 08:46:17   Node cbow_tfidf_lstm, HTCondor ID 1238, status STATUS_SUBMITTED
05/14/17 08:56:19 171623 seconds since last log event
05/14/17 08:56:19 Pending DAG nodes:
05/14/17 08:56:19   Node cbow_tfidf_lstm, HTCondor ID 1238, status STATUS_SUBMITTED
05/14/17 09:06:21 172225 seconds since last log event
05/14/17 09:06:21 Pending DAG nodes:
05/14/17 09:06:21   Node cbow_tfidf_lstm, HTCondor ID 1238, status STATUS_SUBMITTED
05/14/17 09:16:23 172827 seconds since last log event
05/14/17 09:16:23 Pending DAG nodes:
05/14/17 09:16:23   Node cbow_tfidf_lstm, HTCondor ID 1238, status STATUS_SUBMITTED
05/14/17 09:26:24 173428 seconds since last log event
05/14/17 09:26:24 Pending DAG nodes:
05/14/17 09:26:24   Node cbow_tfidf_lstm, HTCondor ID 1238, status STATUS_SUBMITTED
05/14/17 09:36:26 174030 seconds since last log event
05/14/17 09:36:26 Pending DAG nodes:
05/14/17 09:36:26   Node cbow_tfidf_lstm, HTCondor ID 1238, status STATUS_SUBMITTED
05/14/17 09:46:28 174632 seconds since last log event
05/14/17 09:46:28 Pending DAG nodes:
05/14/17 09:46:28   Node cbow_tfidf_lstm, HTCondor ID 1238, status STATUS_SUBMITTED
05/14/17 09:56:31 175235 seconds since last log event
05/14/17 09:56:31 Pending DAG nodes:
05/14/17 09:56:31   Node cbow_tfidf_lstm, HTCondor ID 1238, status STATUS_SUBMITTED
05/14/17 10:06:33 175837 seconds since last log event
05/14/17 10:06:33 Pending DAG nodes:
05/14/17 10:06:33   Node cbow_tfidf_lstm, HTCondor ID 1238, status STATUS_SUBMITTED
05/14/17 10:16:35 176439 seconds since last log event
05/14/17 10:16:35 Pending DAG nodes:
05/14/17 10:16:35   Node cbow_tfidf_lstm, HTCondor ID 1238, status STATUS_SUBMITTED
05/14/17 10:26:38 177042 seconds since last log event
05/14/17 10:26:38 Pending DAG nodes:
05/14/17 10:26:38   Node cbow_tfidf_lstm, HTCondor ID 1238, status STATUS_SUBMITTED
05/14/17 10:36:40 177644 seconds since last log event
05/14/17 10:36:40 Pending DAG nodes:
05/14/17 10:36:40   Node cbow_tfidf_lstm, HTCondor ID 1238, status STATUS_SUBMITTED
05/14/17 10:46:43 178247 seconds since last log event
05/14/17 10:46:43 Pending DAG nodes:
05/14/17 10:46:43   Node cbow_tfidf_lstm, HTCondor ID 1238, status STATUS_SUBMITTED
05/14/17 10:56:44 178848 seconds since last log event
05/14/17 10:56:44 Pending DAG nodes:
05/14/17 10:56:44   Node cbow_tfidf_lstm, HTCondor ID 1238, status STATUS_SUBMITTED
05/14/17 11:06:46 179450 seconds since last log event
05/14/17 11:06:46 Pending DAG nodes:
05/14/17 11:06:46   Node cbow_tfidf_lstm, HTCondor ID 1238, status STATUS_SUBMITTED
05/14/17 11:16:49 180053 seconds since last log event
05/14/17 11:16:49 Pending DAG nodes:
05/14/17 11:16:49   Node cbow_tfidf_lstm, HTCondor ID 1238, status STATUS_SUBMITTED
05/14/17 11:26:51 180655 seconds since last log event
05/14/17 11:26:51 Pending DAG nodes:
05/14/17 11:26:51   Node cbow_tfidf_lstm, HTCondor ID 1238, status STATUS_SUBMITTED
05/14/17 11:36:53 181257 seconds since last log event
05/14/17 11:36:53 Pending DAG nodes:
05/14/17 11:36:53   Node cbow_tfidf_lstm, HTCondor ID 1238, status STATUS_SUBMITTED
05/14/17 11:46:55 181859 seconds since last log event
05/14/17 11:46:55 Pending DAG nodes:
05/14/17 11:46:55   Node cbow_tfidf_lstm, HTCondor ID 1238, status STATUS_SUBMITTED
05/14/17 11:56:57 182461 seconds since last log event
05/14/17 11:56:57 Pending DAG nodes:
05/14/17 11:56:57   Node cbow_tfidf_lstm, HTCondor ID 1238, status STATUS_SUBMITTED
05/14/17 12:06:59 183063 seconds since last log event
05/14/17 12:06:59 Pending DAG nodes:
05/14/17 12:06:59   Node cbow_tfidf_lstm, HTCondor ID 1238, status STATUS_SUBMITTED
05/14/17 12:17:01 183665 seconds since last log event
05/14/17 12:17:01 Pending DAG nodes:
05/14/17 12:17:01   Node cbow_tfidf_lstm, HTCondor ID 1238, status STATUS_SUBMITTED
05/14/17 12:27:02 184266 seconds since last log event
05/14/17 12:27:02 Pending DAG nodes:
05/14/17 12:27:02   Node cbow_tfidf_lstm, HTCondor ID 1238, status STATUS_SUBMITTED
05/14/17 12:37:05 184869 seconds since last log event
05/14/17 12:37:05 Pending DAG nodes:
05/14/17 12:37:05   Node cbow_tfidf_lstm, HTCondor ID 1238, status STATUS_SUBMITTED
05/14/17 12:47:06 185470 seconds since last log event
05/14/17 12:47:06 Pending DAG nodes:
05/14/17 12:47:06   Node cbow_tfidf_lstm, HTCondor ID 1238, status STATUS_SUBMITTED
05/14/17 12:57:08 186072 seconds since last log event
05/14/17 12:57:08 Pending DAG nodes:
05/14/17 12:57:08   Node cbow_tfidf_lstm, HTCondor ID 1238, status STATUS_SUBMITTED
05/14/17 13:07:10 186674 seconds since last log event
05/14/17 13:07:10 Pending DAG nodes:
05/14/17 13:07:10   Node cbow_tfidf_lstm, HTCondor ID 1238, status STATUS_SUBMITTED
05/14/17 13:17:13 187277 seconds since last log event
05/14/17 13:17:13 Pending DAG nodes:
05/14/17 13:17:13   Node cbow_tfidf_lstm, HTCondor ID 1238, status STATUS_SUBMITTED
05/14/17 13:27:15 187879 seconds since last log event
05/14/17 13:27:15 Pending DAG nodes:
05/14/17 13:27:15   Node cbow_tfidf_lstm, HTCondor ID 1238, status STATUS_SUBMITTED
05/14/17 13:37:18 188482 seconds since last log event
05/14/17 13:37:18 Pending DAG nodes:
05/14/17 13:37:18   Node cbow_tfidf_lstm, HTCondor ID 1238, status STATUS_SUBMITTED
05/14/17 13:47:20 189084 seconds since last log event
05/14/17 13:47:20 Pending DAG nodes:
05/14/17 13:47:20   Node cbow_tfidf_lstm, HTCondor ID 1238, status STATUS_SUBMITTED
05/14/17 13:57:23 189687 seconds since last log event
05/14/17 13:57:23 Pending DAG nodes:
05/14/17 13:57:23   Node cbow_tfidf_lstm, HTCondor ID 1238, status STATUS_SUBMITTED
05/14/17 14:07:25 190289 seconds since last log event
05/14/17 14:07:25 Pending DAG nodes:
05/14/17 14:07:25   Node cbow_tfidf_lstm, HTCondor ID 1238, status STATUS_SUBMITTED
05/14/17 14:17:27 190891 seconds since last log event
05/14/17 14:17:27 Pending DAG nodes:
05/14/17 14:17:27   Node cbow_tfidf_lstm, HTCondor ID 1238, status STATUS_SUBMITTED
05/14/17 14:27:29 191493 seconds since last log event
05/14/17 14:27:29 Pending DAG nodes:
05/14/17 14:27:29   Node cbow_tfidf_lstm, HTCondor ID 1238, status STATUS_SUBMITTED
05/14/17 14:37:32 192096 seconds since last log event
05/14/17 14:37:32 Pending DAG nodes:
05/14/17 14:37:32   Node cbow_tfidf_lstm, HTCondor ID 1238, status STATUS_SUBMITTED
05/14/17 14:47:34 192698 seconds since last log event
05/14/17 14:47:34 Pending DAG nodes:
05/14/17 14:47:34   Node cbow_tfidf_lstm, HTCondor ID 1238, status STATUS_SUBMITTED
05/14/17 14:57:36 193300 seconds since last log event
05/14/17 14:57:36 Pending DAG nodes:
05/14/17 14:57:36   Node cbow_tfidf_lstm, HTCondor ID 1238, status STATUS_SUBMITTED
05/14/17 15:07:38 193902 seconds since last log event
05/14/17 15:07:38 Pending DAG nodes:
05/14/17 15:07:38   Node cbow_tfidf_lstm, HTCondor ID 1238, status STATUS_SUBMITTED
05/14/17 15:17:41 194505 seconds since last log event
05/14/17 15:17:41 Pending DAG nodes:
05/14/17 15:17:41   Node cbow_tfidf_lstm, HTCondor ID 1238, status STATUS_SUBMITTED
05/14/17 15:27:44 195108 seconds since last log event
05/14/17 15:27:44 Pending DAG nodes:
05/14/17 15:27:44   Node cbow_tfidf_lstm, HTCondor ID 1238, status STATUS_SUBMITTED
05/14/17 15:37:46 195710 seconds since last log event
05/14/17 15:37:46 Pending DAG nodes:
05/14/17 15:37:46   Node cbow_tfidf_lstm, HTCondor ID 1238, status STATUS_SUBMITTED
05/14/17 15:47:48 196312 seconds since last log event
05/14/17 15:47:48 Pending DAG nodes:
05/14/17 15:47:48   Node cbow_tfidf_lstm, HTCondor ID 1238, status STATUS_SUBMITTED
05/14/17 15:57:51 196915 seconds since last log event
05/14/17 15:57:51 Pending DAG nodes:
05/14/17 15:57:51   Node cbow_tfidf_lstm, HTCondor ID 1238, status STATUS_SUBMITTED
05/14/17 16:07:53 197517 seconds since last log event
05/14/17 16:07:53 Pending DAG nodes:
05/14/17 16:07:53   Node cbow_tfidf_lstm, HTCondor ID 1238, status STATUS_SUBMITTED
05/14/17 16:17:55 198119 seconds since last log event
05/14/17 16:17:55 Pending DAG nodes:
05/14/17 16:17:55   Node cbow_tfidf_lstm, HTCondor ID 1238, status STATUS_SUBMITTED
05/14/17 16:27:57 198721 seconds since last log event
05/14/17 16:27:57 Pending DAG nodes:
05/14/17 16:27:57   Node cbow_tfidf_lstm, HTCondor ID 1238, status STATUS_SUBMITTED
05/14/17 16:37:59 199323 seconds since last log event
05/14/17 16:37:59 Pending DAG nodes:
05/14/17 16:37:59   Node cbow_tfidf_lstm, HTCondor ID 1238, status STATUS_SUBMITTED
05/14/17 16:48:01 199925 seconds since last log event
05/14/17 16:48:01 Pending DAG nodes:
05/14/17 16:48:01   Node cbow_tfidf_lstm, HTCondor ID 1238, status STATUS_SUBMITTED
05/14/17 16:58:04 200528 seconds since last log event
05/14/17 16:58:04 Pending DAG nodes:
05/14/17 16:58:04   Node cbow_tfidf_lstm, HTCondor ID 1238, status STATUS_SUBMITTED
05/14/17 17:08:06 201130 seconds since last log event
05/14/17 17:08:06 Pending DAG nodes:
05/14/17 17:08:06   Node cbow_tfidf_lstm, HTCondor ID 1238, status STATUS_SUBMITTED
05/14/17 17:18:08 201732 seconds since last log event
05/14/17 17:18:08 Pending DAG nodes:
05/14/17 17:18:08   Node cbow_tfidf_lstm, HTCondor ID 1238, status STATUS_SUBMITTED
05/14/17 17:28:11 202335 seconds since last log event
05/14/17 17:28:11 Pending DAG nodes:
05/14/17 17:28:11   Node cbow_tfidf_lstm, HTCondor ID 1238, status STATUS_SUBMITTED
05/14/17 17:38:13 202937 seconds since last log event
05/14/17 17:38:13 Pending DAG nodes:
05/14/17 17:38:13   Node cbow_tfidf_lstm, HTCondor ID 1238, status STATUS_SUBMITTED
05/14/17 17:48:14 203538 seconds since last log event
05/14/17 17:48:14 Pending DAG nodes:
05/14/17 17:48:14   Node cbow_tfidf_lstm, HTCondor ID 1238, status STATUS_SUBMITTED
05/14/17 17:58:17 204141 seconds since last log event
05/14/17 17:58:17 Pending DAG nodes:
05/14/17 17:58:17   Node cbow_tfidf_lstm, HTCondor ID 1238, status STATUS_SUBMITTED
05/14/17 18:08:19 204743 seconds since last log event
05/14/17 18:08:19 Pending DAG nodes:
05/14/17 18:08:19   Node cbow_tfidf_lstm, HTCondor ID 1238, status STATUS_SUBMITTED
05/14/17 18:18:21 205345 seconds since last log event
05/14/17 18:18:21 Pending DAG nodes:
05/14/17 18:18:21   Node cbow_tfidf_lstm, HTCondor ID 1238, status STATUS_SUBMITTED
05/14/17 18:28:23 205947 seconds since last log event
05/14/17 18:28:23 Pending DAG nodes:
05/14/17 18:28:23   Node cbow_tfidf_lstm, HTCondor ID 1238, status STATUS_SUBMITTED
05/14/17 18:38:25 206549 seconds since last log event
05/14/17 18:38:25 Pending DAG nodes:
05/14/17 18:38:25   Node cbow_tfidf_lstm, HTCondor ID 1238, status STATUS_SUBMITTED
05/14/17 18:48:28 207152 seconds since last log event
05/14/17 18:48:28 Pending DAG nodes:
05/14/17 18:48:28   Node cbow_tfidf_lstm, HTCondor ID 1238, status STATUS_SUBMITTED
05/14/17 18:58:30 207754 seconds since last log event
05/14/17 18:58:30 Pending DAG nodes:
05/14/17 18:58:30   Node cbow_tfidf_lstm, HTCondor ID 1238, status STATUS_SUBMITTED
05/14/17 19:08:32 208356 seconds since last log event
05/14/17 19:08:32 Pending DAG nodes:
05/14/17 19:08:32   Node cbow_tfidf_lstm, HTCondor ID 1238, status STATUS_SUBMITTED
05/14/17 19:18:34 208958 seconds since last log event
05/14/17 19:18:34 Pending DAG nodes:
05/14/17 19:18:34   Node cbow_tfidf_lstm, HTCondor ID 1238, status STATUS_SUBMITTED
05/14/17 19:28:36 209560 seconds since last log event
05/14/17 19:28:36 Pending DAG nodes:
05/14/17 19:28:36   Node cbow_tfidf_lstm, HTCondor ID 1238, status STATUS_SUBMITTED
05/14/17 19:38:39 210163 seconds since last log event
05/14/17 19:38:39 Pending DAG nodes:
05/14/17 19:38:39   Node cbow_tfidf_lstm, HTCondor ID 1238, status STATUS_SUBMITTED
05/14/17 19:48:41 210765 seconds since last log event
05/14/17 19:48:41 Pending DAG nodes:
05/14/17 19:48:41   Node cbow_tfidf_lstm, HTCondor ID 1238, status STATUS_SUBMITTED
05/14/17 19:58:43 211367 seconds since last log event
05/14/17 19:58:43 Pending DAG nodes:
05/14/17 19:58:43   Node cbow_tfidf_lstm, HTCondor ID 1238, status STATUS_SUBMITTED
05/14/17 20:08:44 211968 seconds since last log event
05/14/17 20:08:44 Pending DAG nodes:
05/14/17 20:08:44   Node cbow_tfidf_lstm, HTCondor ID 1238, status STATUS_SUBMITTED
05/14/17 20:18:47 212571 seconds since last log event
05/14/17 20:18:47 Pending DAG nodes:
05/14/17 20:18:47   Node cbow_tfidf_lstm, HTCondor ID 1238, status STATUS_SUBMITTED
05/14/17 20:28:50 213174 seconds since last log event
05/14/17 20:28:50 Pending DAG nodes:
05/14/17 20:28:50   Node cbow_tfidf_lstm, HTCondor ID 1238, status STATUS_SUBMITTED
05/14/17 20:38:53 213777 seconds since last log event
05/14/17 20:38:53 Pending DAG nodes:
05/14/17 20:38:53   Node cbow_tfidf_lstm, HTCondor ID 1238, status STATUS_SUBMITTED
05/14/17 20:48:55 214379 seconds since last log event
05/14/17 20:48:55 Pending DAG nodes:
05/14/17 20:48:55   Node cbow_tfidf_lstm, HTCondor ID 1238, status STATUS_SUBMITTED
05/14/17 20:58:57 214981 seconds since last log event
05/14/17 20:58:57 Pending DAG nodes:
05/14/17 20:58:57   Node cbow_tfidf_lstm, HTCondor ID 1238, status STATUS_SUBMITTED
05/14/17 21:08:59 215583 seconds since last log event
05/14/17 21:08:59 Pending DAG nodes:
05/14/17 21:08:59   Node cbow_tfidf_lstm, HTCondor ID 1238, status STATUS_SUBMITTED
05/14/17 21:19:02 216186 seconds since last log event
05/14/17 21:19:02 Pending DAG nodes:
05/14/17 21:19:02   Node cbow_tfidf_lstm, HTCondor ID 1238, status STATUS_SUBMITTED
05/14/17 21:29:04 216788 seconds since last log event
05/14/17 21:29:04 Pending DAG nodes:
05/14/17 21:29:04   Node cbow_tfidf_lstm, HTCondor ID 1238, status STATUS_SUBMITTED
05/14/17 21:39:07 217391 seconds since last log event
05/14/17 21:39:07 Pending DAG nodes:
05/14/17 21:39:07   Node cbow_tfidf_lstm, HTCondor ID 1238, status STATUS_SUBMITTED
05/14/17 21:49:09 217993 seconds since last log event
05/14/17 21:49:09 Pending DAG nodes:
05/14/17 21:49:09   Node cbow_tfidf_lstm, HTCondor ID 1238, status STATUS_SUBMITTED
05/14/17 21:59:12 218596 seconds since last log event
05/14/17 21:59:12 Pending DAG nodes:
05/14/17 21:59:12   Node cbow_tfidf_lstm, HTCondor ID 1238, status STATUS_SUBMITTED
05/14/17 22:09:14 219198 seconds since last log event
05/14/17 22:09:14 Pending DAG nodes:
05/14/17 22:09:14   Node cbow_tfidf_lstm, HTCondor ID 1238, status STATUS_SUBMITTED
05/14/17 22:19:17 219801 seconds since last log event
05/14/17 22:19:17 Pending DAG nodes:
05/14/17 22:19:17   Node cbow_tfidf_lstm, HTCondor ID 1238, status STATUS_SUBMITTED
