05/12/17 09:15:46 ******************************************************
05/12/17 09:15:46 ** condor_scheduniv_exec.1233.0 (CONDOR_DAGMAN) STARTING UP
05/12/17 09:15:46 ** /usr/bin/condor_dagman
05/12/17 09:15:46 ** SubsystemInfo: name=DAGMAN type=DAGMAN(10) class=DAEMON(1)
05/12/17 09:15:46 ** Configuration: subsystem:DAGMAN local:<NONE> class:DAEMON
05/12/17 09:15:46 ** $CondorVersion: 8.6.2 Apr 23 2017 BuildID: 404257 $
05/12/17 09:15:46 ** $CondorPlatform: x86_64_RedHat7 $
05/12/17 09:15:46 ** PID = 16737
05/12/17 09:15:46 ** Log last touched time unavailable (No such file or directory)
05/12/17 09:15:46 ******************************************************
05/12/17 09:15:46 Using config source: /etc/condor/condor_config
05/12/17 09:15:46 Using local config sources: 
05/12/17 09:15:46    /etc/condor/config.d/00esat.config
05/12/17 09:15:46    /etc/condor/config.d/01java.config
05/12/17 09:15:46    /etc/condor/config.d/80optout_users.config
05/12/17 09:15:46    /etc/condor/condor_config.local
05/12/17 09:15:46 config Macros = 166, Sorted = 166, StringBytes = 6039, TablesBytes = 6048
05/12/17 09:15:46 CLASSAD_CACHING is ENABLED
05/12/17 09:15:46 Daemon Log is logging: D_ALWAYS D_ERROR
05/12/17 09:15:46 DaemonCore: No command port requested.
05/12/17 09:15:46 DAGMAN_USE_STRICT setting: 1
05/12/17 09:15:46 DAGMAN_VERBOSITY setting: 3
05/12/17 09:15:46 DAGMAN_DEBUG_CACHE_SIZE setting: 5242880
05/12/17 09:15:46 DAGMAN_DEBUG_CACHE_ENABLE setting: False
05/12/17 09:15:46 DAGMAN_SUBMIT_DELAY setting: 0
05/12/17 09:15:46 DAGMAN_MAX_SUBMIT_ATTEMPTS setting: 6
05/12/17 09:15:46 DAGMAN_STARTUP_CYCLE_DETECT setting: False
05/12/17 09:15:46 DAGMAN_MAX_SUBMITS_PER_INTERVAL setting: 5
05/12/17 09:15:46 DAGMAN_USER_LOG_SCAN_INTERVAL setting: 5
05/12/17 09:15:46 DAGMAN_DEFAULT_PRIORITY setting: 0
05/12/17 09:15:46 DAGMAN_SUPPRESS_NOTIFICATION setting: True
05/12/17 09:15:46 allow_events (DAGMAN_ALLOW_EVENTS) setting: 114
05/12/17 09:15:46 DAGMAN_RETRY_SUBMIT_FIRST setting: True
05/12/17 09:15:46 DAGMAN_RETRY_NODE_FIRST setting: False
05/12/17 09:15:46 DAGMAN_MAX_JOBS_IDLE setting: 1000
05/12/17 09:15:46 DAGMAN_MAX_JOBS_SUBMITTED setting: 0
05/12/17 09:15:46 DAGMAN_MAX_PRE_SCRIPTS setting: 20
05/12/17 09:15:46 DAGMAN_MAX_POST_SCRIPTS setting: 20
05/12/17 09:15:46 DAGMAN_MUNGE_NODE_NAMES setting: True
05/12/17 09:15:46 DAGMAN_PROHIBIT_MULTI_JOBS setting: False
05/12/17 09:15:46 DAGMAN_SUBMIT_DEPTH_FIRST setting: False
05/12/17 09:15:46 DAGMAN_ALWAYS_RUN_POST setting: False
05/12/17 09:15:46 DAGMAN_ABORT_DUPLICATES setting: True
05/12/17 09:15:46 DAGMAN_ABORT_ON_SCARY_SUBMIT setting: True
05/12/17 09:15:46 DAGMAN_PENDING_REPORT_INTERVAL setting: 600
05/12/17 09:15:46 DAGMAN_AUTO_RESCUE setting: True
05/12/17 09:15:46 DAGMAN_MAX_RESCUE_NUM setting: 100
05/12/17 09:15:46 DAGMAN_WRITE_PARTIAL_RESCUE setting: True
05/12/17 09:15:46 DAGMAN_DEFAULT_NODE_LOG setting: @(DAG_DIR)/@(DAG_FILE).nodes.log
05/12/17 09:15:46 DAGMAN_GENERATE_SUBDAG_SUBMITS setting: True
05/12/17 09:15:46 DAGMAN_MAX_JOB_HOLDS setting: 100
05/12/17 09:15:46 DAGMAN_HOLD_CLAIM_TIME setting: 20
05/12/17 09:15:46 ALL_DEBUG setting: 
05/12/17 09:15:46 DAGMAN_DEBUG setting: 
05/12/17 09:15:46 DAGMAN_SUPPRESS_JOB_LOGS setting: False
05/12/17 09:15:46 DAGMAN_REMOVE_NODE_JOBS setting: True
05/12/17 09:15:46 argv[0] == "condor_scheduniv_exec.1233.0"
05/12/17 09:15:46 argv[1] == "-Lockfile"
05/12/17 09:15:46 argv[2] == "ds_cbow_mean_soft.dag.lock"
05/12/17 09:15:46 argv[3] == "-AutoRescue"
05/12/17 09:15:46 argv[4] == "1"
05/12/17 09:15:46 argv[5] == "-DoRescueFrom"
05/12/17 09:15:46 argv[6] == "0"
05/12/17 09:15:46 argv[7] == "-Dag"
05/12/17 09:15:46 argv[8] == "ds_cbow_mean_soft.dag"
05/12/17 09:15:46 argv[9] == "-Suppress_notification"
05/12/17 09:15:46 argv[10] == "-CsdVersion"
05/12/17 09:15:46 argv[11] == "$CondorVersion: 8.6.2 Apr 23 2017 BuildID: 404257 $"
05/12/17 09:15:46 argv[12] == "-Dagman"
05/12/17 09:15:46 argv[13] == "/usr/bin/condor_dagman"
05/12/17 09:15:46 Workflow batch-name: <ds_cbow_mean_soft.dag+1233>
05/12/17 09:15:46 Workflow accounting_group: <>
05/12/17 09:15:46 Workflow accounting_group_user: <>
05/12/17 09:15:46 Warning: failed to get attribute DAGNodeName
05/12/17 09:15:46 DAGMAN_LOG_ON_NFS_IS_ERROR setting: False
05/12/17 09:15:46 Default node log file is: </esat/spchtemp/scratch/robbe/SpeechHub/pretrained_untied_models_small/python/jobdag/./ds_cbow_mean_soft.dag.nodes.log>
05/12/17 09:15:46 DAG Lockfile will be written to ds_cbow_mean_soft.dag.lock
05/12/17 09:15:46 DAG Input file is ds_cbow_mean_soft.dag
05/12/17 09:15:46 Parsing 1 dagfiles
05/12/17 09:15:46 Parsing ds_cbow_mean_soft.dag ...
05/12/17 09:15:46 Dag contains 2 total jobs
05/12/17 09:15:46 Sleeping for 3 seconds to ensure ProcessId uniqueness
05/12/17 09:15:49 Bootstrapping...
05/12/17 09:15:49 Number of pre-completed nodes: 0
05/12/17 09:15:49 MultiLogFiles: truncating log file /esat/spchtemp/scratch/robbe/SpeechHub/pretrained_untied_models_small/python/jobdag/./ds_cbow_mean_soft.dag.nodes.log
05/12/17 09:15:49 DAG status: 0 (DAG_STATUS_OK)
05/12/17 09:15:49 Of 2 nodes total:
05/12/17 09:15:49  Done     Pre   Queued    Post   Ready   Un-Ready   Failed
05/12/17 09:15:49   ===     ===      ===     ===     ===        ===      ===
05/12/17 09:15:49     0       0        0       0       1          1        0
05/12/17 09:15:49 0 job proc(s) currently held
05/12/17 09:15:49 Registering condor_event_timer...
05/12/17 09:15:50 Submitting HTCondor Node cbow_mean_soft job(s)...
05/12/17 09:15:50 Adding a DAGMan workflow log /esat/spchtemp/scratch/robbe/SpeechHub/pretrained_untied_models_small/python/jobdag/./ds_cbow_mean_soft.dag.nodes.log
05/12/17 09:15:50 Masking the events recorded in the DAGMAN workflow log
05/12/17 09:15:50 Mask for workflow log is 0,1,2,4,5,7,9,10,11,12,13,16,17,24,27
05/12/17 09:15:50 submitting: /usr/bin/condor_submit -a dag_node_name' '=' 'cbow_mean_soft -a +DAGManJobId' '=' '1233 -a DAGManJobId' '=' '1233 -batch-name ds_cbow_mean_soft.dag+1233 -a submit_event_notes' '=' 'DAG' 'Node:' 'cbow_mean_soft -a dagman_log' '=' '/esat/spchtemp/scratch/robbe/SpeechHub/pretrained_untied_models_small/python/jobdag/./ds_cbow_mean_soft.dag.nodes.log -a +DAGManNodesMask' '=' '"0,1,2,4,5,7,9,10,11,12,13,16,17,24,27" -a data_set' '=' 'ds -a test_name' '=' 'cbow_mean_soft -a num_run' '=' '0 -a combination' '=' 'mean -a DAG_STATUS' '=' '0 -a FAILED_COUNT' '=' '0 -a +KeepClaimIdle' '=' '20 -a notification' '=' 'never -a +DAGParentNodeNames' '=' '"" jobdag/cbow_soft.job
05/12/17 09:15:50 From submit: Submitting job(s).
05/12/17 09:15:50 From submit: 1 job(s) submitted to cluster 1236.
05/12/17 09:15:50 	assigned HTCondor ID (1236.0.0)
05/12/17 09:15:50 Just submitted 1 job this cycle...
05/12/17 09:15:50 Currently monitoring 1 HTCondor log file(s)
05/12/17 09:15:50 Reassigning the id of job cbow_mean_soft from (1236.0.0) to (1236.0.0)
05/12/17 09:15:50 Event: ULOG_SUBMIT for HTCondor Node cbow_mean_soft (1236.0.0) {05/12/17 09:15:50}
05/12/17 09:15:50 Number of idle job procs: 1
05/12/17 09:15:50 DAG status: 0 (DAG_STATUS_OK)
05/12/17 09:15:50 Of 2 nodes total:
05/12/17 09:15:50  Done     Pre   Queued    Post   Ready   Un-Ready   Failed
05/12/17 09:15:50   ===     ===      ===     ===     ===        ===      ===
05/12/17 09:15:50     0       0        1       0       0          1        0
05/12/17 09:15:50 0 job proc(s) currently held
05/12/17 09:25:53 603 seconds since last log event
05/12/17 09:25:53 Pending DAG nodes:
05/12/17 09:25:53   Node cbow_mean_soft, HTCondor ID 1236, status STATUS_SUBMITTED
05/12/17 09:35:54 1204 seconds since last log event
05/12/17 09:35:54 Pending DAG nodes:
05/12/17 09:35:54   Node cbow_mean_soft, HTCondor ID 1236, status STATUS_SUBMITTED
05/12/17 09:45:57 1807 seconds since last log event
05/12/17 09:45:57 Pending DAG nodes:
05/12/17 09:45:57   Node cbow_mean_soft, HTCondor ID 1236, status STATUS_SUBMITTED
05/12/17 09:55:59 2409 seconds since last log event
05/12/17 09:55:59 Pending DAG nodes:
05/12/17 09:55:59   Node cbow_mean_soft, HTCondor ID 1236, status STATUS_SUBMITTED
05/12/17 10:06:01 3011 seconds since last log event
05/12/17 10:06:01 Pending DAG nodes:
05/12/17 10:06:01   Node cbow_mean_soft, HTCondor ID 1236, status STATUS_SUBMITTED
05/12/17 10:16:03 3613 seconds since last log event
05/12/17 10:16:03 Pending DAG nodes:
05/12/17 10:16:03   Node cbow_mean_soft, HTCondor ID 1236, status STATUS_SUBMITTED
05/12/17 10:26:05 4215 seconds since last log event
05/12/17 10:26:05 Pending DAG nodes:
05/12/17 10:26:05   Node cbow_mean_soft, HTCondor ID 1236, status STATUS_SUBMITTED
05/12/17 10:36:08 4818 seconds since last log event
05/12/17 10:36:08 Pending DAG nodes:
05/12/17 10:36:08   Node cbow_mean_soft, HTCondor ID 1236, status STATUS_SUBMITTED
05/12/17 10:46:10 5420 seconds since last log event
05/12/17 10:46:10 Pending DAG nodes:
05/12/17 10:46:10   Node cbow_mean_soft, HTCondor ID 1236, status STATUS_SUBMITTED
05/12/17 10:56:12 6022 seconds since last log event
05/12/17 10:56:12 Pending DAG nodes:
05/12/17 10:56:12   Node cbow_mean_soft, HTCondor ID 1236, status STATUS_SUBMITTED
05/12/17 11:06:14 6624 seconds since last log event
05/12/17 11:06:14 Pending DAG nodes:
05/12/17 11:06:14   Node cbow_mean_soft, HTCondor ID 1236, status STATUS_SUBMITTED
05/12/17 11:16:17 7227 seconds since last log event
05/12/17 11:16:17 Pending DAG nodes:
05/12/17 11:16:17   Node cbow_mean_soft, HTCondor ID 1236, status STATUS_SUBMITTED
05/12/17 11:26:19 7829 seconds since last log event
05/12/17 11:26:19 Pending DAG nodes:
05/12/17 11:26:19   Node cbow_mean_soft, HTCondor ID 1236, status STATUS_SUBMITTED
05/12/17 11:36:21 8431 seconds since last log event
05/12/17 11:36:21 Pending DAG nodes:
05/12/17 11:36:21   Node cbow_mean_soft, HTCondor ID 1236, status STATUS_SUBMITTED
05/12/17 11:46:24 9034 seconds since last log event
05/12/17 11:46:24 Pending DAG nodes:
05/12/17 11:46:24   Node cbow_mean_soft, HTCondor ID 1236, status STATUS_SUBMITTED
05/12/17 11:56:27 9637 seconds since last log event
05/12/17 11:56:27 Pending DAG nodes:
05/12/17 11:56:27   Node cbow_mean_soft, HTCondor ID 1236, status STATUS_SUBMITTED
05/12/17 12:06:29 10239 seconds since last log event
05/12/17 12:06:29 Pending DAG nodes:
05/12/17 12:06:29   Node cbow_mean_soft, HTCondor ID 1236, status STATUS_SUBMITTED
05/12/17 12:16:30 10840 seconds since last log event
05/12/17 12:16:30 Pending DAG nodes:
05/12/17 12:16:30   Node cbow_mean_soft, HTCondor ID 1236, status STATUS_SUBMITTED
05/12/17 12:26:32 11442 seconds since last log event
05/12/17 12:26:32 Pending DAG nodes:
05/12/17 12:26:32   Node cbow_mean_soft, HTCondor ID 1236, status STATUS_SUBMITTED
05/12/17 12:36:35 12045 seconds since last log event
05/12/17 12:36:35 Pending DAG nodes:
05/12/17 12:36:35   Node cbow_mean_soft, HTCondor ID 1236, status STATUS_SUBMITTED
05/12/17 12:46:37 12647 seconds since last log event
05/12/17 12:46:37 Pending DAG nodes:
05/12/17 12:46:37   Node cbow_mean_soft, HTCondor ID 1236, status STATUS_SUBMITTED
05/12/17 12:56:39 13249 seconds since last log event
05/12/17 12:56:39 Pending DAG nodes:
05/12/17 12:56:39   Node cbow_mean_soft, HTCondor ID 1236, status STATUS_SUBMITTED
05/12/17 13:06:42 13852 seconds since last log event
05/12/17 13:06:42 Pending DAG nodes:
05/12/17 13:06:42   Node cbow_mean_soft, HTCondor ID 1236, status STATUS_SUBMITTED
05/12/17 13:16:45 14455 seconds since last log event
05/12/17 13:16:45 Pending DAG nodes:
05/12/17 13:16:45   Node cbow_mean_soft, HTCondor ID 1236, status STATUS_SUBMITTED
05/12/17 13:26:46 15056 seconds since last log event
05/12/17 13:26:46 Pending DAG nodes:
05/12/17 13:26:46   Node cbow_mean_soft, HTCondor ID 1236, status STATUS_SUBMITTED
05/12/17 13:36:49 15659 seconds since last log event
05/12/17 13:36:49 Pending DAG nodes:
05/12/17 13:36:49   Node cbow_mean_soft, HTCondor ID 1236, status STATUS_SUBMITTED
05/12/17 13:46:52 16262 seconds since last log event
05/12/17 13:46:52 Pending DAG nodes:
05/12/17 13:46:52   Node cbow_mean_soft, HTCondor ID 1236, status STATUS_SUBMITTED
05/12/17 13:56:54 16864 seconds since last log event
05/12/17 13:56:54 Pending DAG nodes:
05/12/17 13:56:54   Node cbow_mean_soft, HTCondor ID 1236, status STATUS_SUBMITTED
05/12/17 14:06:57 17467 seconds since last log event
05/12/17 14:06:57 Pending DAG nodes:
05/12/17 14:06:57   Node cbow_mean_soft, HTCondor ID 1236, status STATUS_SUBMITTED
05/12/17 14:17:00 18070 seconds since last log event
05/12/17 14:17:00 Pending DAG nodes:
05/12/17 14:17:00   Node cbow_mean_soft, HTCondor ID 1236, status STATUS_SUBMITTED
05/12/17 14:27:03 18673 seconds since last log event
05/12/17 14:27:03 Pending DAG nodes:
05/12/17 14:27:03   Node cbow_mean_soft, HTCondor ID 1236, status STATUS_SUBMITTED
05/12/17 14:37:05 19275 seconds since last log event
05/12/17 14:37:05 Pending DAG nodes:
05/12/17 14:37:05   Node cbow_mean_soft, HTCondor ID 1236, status STATUS_SUBMITTED
05/12/17 14:47:07 19877 seconds since last log event
05/12/17 14:47:07 Pending DAG nodes:
05/12/17 14:47:07   Node cbow_mean_soft, HTCondor ID 1236, status STATUS_SUBMITTED
05/12/17 14:57:09 20479 seconds since last log event
05/12/17 14:57:09 Pending DAG nodes:
05/12/17 14:57:09   Node cbow_mean_soft, HTCondor ID 1236, status STATUS_SUBMITTED
05/12/17 15:07:11 21081 seconds since last log event
05/12/17 15:07:11 Pending DAG nodes:
05/12/17 15:07:11   Node cbow_mean_soft, HTCondor ID 1236, status STATUS_SUBMITTED
05/12/17 15:17:13 21683 seconds since last log event
05/12/17 15:17:13 Pending DAG nodes:
05/12/17 15:17:13   Node cbow_mean_soft, HTCondor ID 1236, status STATUS_SUBMITTED
05/12/17 15:27:15 22285 seconds since last log event
05/12/17 15:27:15 Pending DAG nodes:
05/12/17 15:27:15   Node cbow_mean_soft, HTCondor ID 1236, status STATUS_SUBMITTED
05/12/17 15:37:18 22888 seconds since last log event
05/12/17 15:37:18 Pending DAG nodes:
05/12/17 15:37:18   Node cbow_mean_soft, HTCondor ID 1236, status STATUS_SUBMITTED
05/12/17 15:47:19 23489 seconds since last log event
05/12/17 15:47:19 Pending DAG nodes:
05/12/17 15:47:19   Node cbow_mean_soft, HTCondor ID 1236, status STATUS_SUBMITTED
05/12/17 15:57:21 24091 seconds since last log event
05/12/17 15:57:21 Pending DAG nodes:
05/12/17 15:57:21   Node cbow_mean_soft, HTCondor ID 1236, status STATUS_SUBMITTED
05/12/17 16:07:22 24692 seconds since last log event
05/12/17 16:07:22 Pending DAG nodes:
05/12/17 16:07:22   Node cbow_mean_soft, HTCondor ID 1236, status STATUS_SUBMITTED
05/12/17 16:17:24 25294 seconds since last log event
05/12/17 16:17:24 Pending DAG nodes:
05/12/17 16:17:24   Node cbow_mean_soft, HTCondor ID 1236, status STATUS_SUBMITTED
05/12/17 16:27:25 25895 seconds since last log event
05/12/17 16:27:25 Pending DAG nodes:
05/12/17 16:27:25   Node cbow_mean_soft, HTCondor ID 1236, status STATUS_SUBMITTED
05/12/17 16:37:28 26498 seconds since last log event
05/12/17 16:37:28 Pending DAG nodes:
05/12/17 16:37:28   Node cbow_mean_soft, HTCondor ID 1236, status STATUS_SUBMITTED
05/12/17 16:47:30 27100 seconds since last log event
05/12/17 16:47:30 Pending DAG nodes:
05/12/17 16:47:30   Node cbow_mean_soft, HTCondor ID 1236, status STATUS_SUBMITTED
05/12/17 16:57:32 27702 seconds since last log event
05/12/17 16:57:32 Pending DAG nodes:
05/12/17 16:57:32   Node cbow_mean_soft, HTCondor ID 1236, status STATUS_SUBMITTED
05/12/17 17:07:35 28305 seconds since last log event
05/12/17 17:07:35 Pending DAG nodes:
05/12/17 17:07:35   Node cbow_mean_soft, HTCondor ID 1236, status STATUS_SUBMITTED
05/12/17 17:17:37 28907 seconds since last log event
05/12/17 17:17:37 Pending DAG nodes:
05/12/17 17:17:37   Node cbow_mean_soft, HTCondor ID 1236, status STATUS_SUBMITTED
05/12/17 17:27:40 29510 seconds since last log event
05/12/17 17:27:40 Pending DAG nodes:
05/12/17 17:27:40   Node cbow_mean_soft, HTCondor ID 1236, status STATUS_SUBMITTED
05/12/17 17:37:43 30113 seconds since last log event
05/12/17 17:37:43 Pending DAG nodes:
05/12/17 17:37:43   Node cbow_mean_soft, HTCondor ID 1236, status STATUS_SUBMITTED
05/12/17 17:47:46 30716 seconds since last log event
05/12/17 17:47:46 Pending DAG nodes:
05/12/17 17:47:46   Node cbow_mean_soft, HTCondor ID 1236, status STATUS_SUBMITTED
05/12/17 17:57:48 31318 seconds since last log event
05/12/17 17:57:48 Pending DAG nodes:
05/12/17 17:57:48   Node cbow_mean_soft, HTCondor ID 1236, status STATUS_SUBMITTED
05/12/17 18:07:50 31920 seconds since last log event
05/12/17 18:07:50 Pending DAG nodes:
05/12/17 18:07:50   Node cbow_mean_soft, HTCondor ID 1236, status STATUS_SUBMITTED
05/12/17 18:17:52 32522 seconds since last log event
05/12/17 18:17:52 Pending DAG nodes:
05/12/17 18:17:52   Node cbow_mean_soft, HTCondor ID 1236, status STATUS_SUBMITTED
05/12/17 18:27:53 33123 seconds since last log event
05/12/17 18:27:53 Pending DAG nodes:
05/12/17 18:27:53   Node cbow_mean_soft, HTCondor ID 1236, status STATUS_SUBMITTED
05/12/17 18:37:55 33725 seconds since last log event
05/12/17 18:37:55 Pending DAG nodes:
05/12/17 18:37:55   Node cbow_mean_soft, HTCondor ID 1236, status STATUS_SUBMITTED
05/12/17 18:47:57 34327 seconds since last log event
05/12/17 18:47:57 Pending DAG nodes:
05/12/17 18:47:57   Node cbow_mean_soft, HTCondor ID 1236, status STATUS_SUBMITTED
05/12/17 18:57:59 34929 seconds since last log event
05/12/17 18:57:59 Pending DAG nodes:
05/12/17 18:57:59   Node cbow_mean_soft, HTCondor ID 1236, status STATUS_SUBMITTED
05/12/17 19:08:01 35531 seconds since last log event
05/12/17 19:08:01 Pending DAG nodes:
05/12/17 19:08:01   Node cbow_mean_soft, HTCondor ID 1236, status STATUS_SUBMITTED
05/12/17 19:18:04 36134 seconds since last log event
05/12/17 19:18:04 Pending DAG nodes:
05/12/17 19:18:04   Node cbow_mean_soft, HTCondor ID 1236, status STATUS_SUBMITTED
05/12/17 19:28:07 36737 seconds since last log event
05/12/17 19:28:07 Pending DAG nodes:
05/12/17 19:28:07   Node cbow_mean_soft, HTCondor ID 1236, status STATUS_SUBMITTED
05/12/17 19:38:09 37339 seconds since last log event
05/12/17 19:38:09 Pending DAG nodes:
05/12/17 19:38:09   Node cbow_mean_soft, HTCondor ID 1236, status STATUS_SUBMITTED
05/12/17 19:48:11 37941 seconds since last log event
05/12/17 19:48:11 Pending DAG nodes:
05/12/17 19:48:11   Node cbow_mean_soft, HTCondor ID 1236, status STATUS_SUBMITTED
05/12/17 19:58:13 38543 seconds since last log event
05/12/17 19:58:13 Pending DAG nodes:
05/12/17 19:58:13   Node cbow_mean_soft, HTCondor ID 1236, status STATUS_SUBMITTED
05/12/17 20:08:16 39146 seconds since last log event
05/12/17 20:08:16 Pending DAG nodes:
05/12/17 20:08:16   Node cbow_mean_soft, HTCondor ID 1236, status STATUS_SUBMITTED
05/12/17 20:18:18 39748 seconds since last log event
05/12/17 20:18:18 Pending DAG nodes:
05/12/17 20:18:18   Node cbow_mean_soft, HTCondor ID 1236, status STATUS_SUBMITTED
05/12/17 20:28:20 40350 seconds since last log event
05/12/17 20:28:20 Pending DAG nodes:
05/12/17 20:28:20   Node cbow_mean_soft, HTCondor ID 1236, status STATUS_SUBMITTED
05/12/17 20:38:22 40952 seconds since last log event
05/12/17 20:38:22 Pending DAG nodes:
05/12/17 20:38:22   Node cbow_mean_soft, HTCondor ID 1236, status STATUS_SUBMITTED
05/12/17 20:48:24 41554 seconds since last log event
05/12/17 20:48:24 Pending DAG nodes:
05/12/17 20:48:24   Node cbow_mean_soft, HTCondor ID 1236, status STATUS_SUBMITTED
05/12/17 20:58:26 42156 seconds since last log event
05/12/17 20:58:26 Pending DAG nodes:
05/12/17 20:58:26   Node cbow_mean_soft, HTCondor ID 1236, status STATUS_SUBMITTED
05/12/17 21:08:28 42758 seconds since last log event
05/12/17 21:08:28 Pending DAG nodes:
05/12/17 21:08:28   Node cbow_mean_soft, HTCondor ID 1236, status STATUS_SUBMITTED
05/12/17 21:18:31 43361 seconds since last log event
05/12/17 21:18:31 Pending DAG nodes:
05/12/17 21:18:31   Node cbow_mean_soft, HTCondor ID 1236, status STATUS_SUBMITTED
05/12/17 21:28:32 43962 seconds since last log event
05/12/17 21:28:32 Pending DAG nodes:
05/12/17 21:28:32   Node cbow_mean_soft, HTCondor ID 1236, status STATUS_SUBMITTED
05/12/17 21:38:34 44564 seconds since last log event
05/12/17 21:38:34 Pending DAG nodes:
05/12/17 21:38:34   Node cbow_mean_soft, HTCondor ID 1236, status STATUS_SUBMITTED
05/12/17 21:48:36 45166 seconds since last log event
05/12/17 21:48:36 Pending DAG nodes:
05/12/17 21:48:36   Node cbow_mean_soft, HTCondor ID 1236, status STATUS_SUBMITTED
05/12/17 21:58:38 45768 seconds since last log event
05/12/17 21:58:38 Pending DAG nodes:
05/12/17 21:58:38   Node cbow_mean_soft, HTCondor ID 1236, status STATUS_SUBMITTED
05/12/17 22:08:40 46370 seconds since last log event
05/12/17 22:08:40 Pending DAG nodes:
05/12/17 22:08:40   Node cbow_mean_soft, HTCondor ID 1236, status STATUS_SUBMITTED
05/12/17 22:18:42 46972 seconds since last log event
05/12/17 22:18:42 Pending DAG nodes:
05/12/17 22:18:42   Node cbow_mean_soft, HTCondor ID 1236, status STATUS_SUBMITTED
05/12/17 22:28:44 47574 seconds since last log event
05/12/17 22:28:44 Pending DAG nodes:
05/12/17 22:28:44   Node cbow_mean_soft, HTCondor ID 1236, status STATUS_SUBMITTED
05/12/17 22:38:47 48177 seconds since last log event
05/12/17 22:38:47 Pending DAG nodes:
05/12/17 22:38:47   Node cbow_mean_soft, HTCondor ID 1236, status STATUS_SUBMITTED
05/12/17 22:48:49 48779 seconds since last log event
05/12/17 22:48:49 Pending DAG nodes:
05/12/17 22:48:49   Node cbow_mean_soft, HTCondor ID 1236, status STATUS_SUBMITTED
05/12/17 22:58:51 49381 seconds since last log event
05/12/17 22:58:51 Pending DAG nodes:
05/12/17 22:58:51   Node cbow_mean_soft, HTCondor ID 1236, status STATUS_SUBMITTED
05/12/17 23:08:53 49983 seconds since last log event
05/12/17 23:08:53 Pending DAG nodes:
05/12/17 23:08:53   Node cbow_mean_soft, HTCondor ID 1236, status STATUS_SUBMITTED
05/12/17 23:18:55 50585 seconds since last log event
05/12/17 23:18:55 Pending DAG nodes:
05/12/17 23:18:55   Node cbow_mean_soft, HTCondor ID 1236, status STATUS_SUBMITTED
05/12/17 23:28:57 51187 seconds since last log event
05/12/17 23:28:57 Pending DAG nodes:
05/12/17 23:28:57   Node cbow_mean_soft, HTCondor ID 1236, status STATUS_SUBMITTED
05/12/17 23:39:00 51790 seconds since last log event
05/12/17 23:39:00 Pending DAG nodes:
05/12/17 23:39:00   Node cbow_mean_soft, HTCondor ID 1236, status STATUS_SUBMITTED
05/12/17 23:49:02 52392 seconds since last log event
05/12/17 23:49:02 Pending DAG nodes:
05/12/17 23:49:02   Node cbow_mean_soft, HTCondor ID 1236, status STATUS_SUBMITTED
05/12/17 23:59:03 52993 seconds since last log event
05/12/17 23:59:03 Pending DAG nodes:
05/12/17 23:59:03   Node cbow_mean_soft, HTCondor ID 1236, status STATUS_SUBMITTED
05/13/17 00:09:05 53595 seconds since last log event
05/13/17 00:09:05 Pending DAG nodes:
05/13/17 00:09:05   Node cbow_mean_soft, HTCondor ID 1236, status STATUS_SUBMITTED
05/13/17 00:19:07 54197 seconds since last log event
05/13/17 00:19:07 Pending DAG nodes:
05/13/17 00:19:07   Node cbow_mean_soft, HTCondor ID 1236, status STATUS_SUBMITTED
05/13/17 00:29:09 54799 seconds since last log event
05/13/17 00:29:09 Pending DAG nodes:
05/13/17 00:29:09   Node cbow_mean_soft, HTCondor ID 1236, status STATUS_SUBMITTED
05/13/17 00:39:11 55401 seconds since last log event
05/13/17 00:39:11 Pending DAG nodes:
05/13/17 00:39:11   Node cbow_mean_soft, HTCondor ID 1236, status STATUS_SUBMITTED
05/13/17 00:49:12 56002 seconds since last log event
05/13/17 00:49:12 Pending DAG nodes:
05/13/17 00:49:12   Node cbow_mean_soft, HTCondor ID 1236, status STATUS_SUBMITTED
05/13/17 00:59:14 56604 seconds since last log event
05/13/17 00:59:14 Pending DAG nodes:
05/13/17 00:59:14   Node cbow_mean_soft, HTCondor ID 1236, status STATUS_SUBMITTED
05/13/17 01:09:16 57206 seconds since last log event
05/13/17 01:09:16 Pending DAG nodes:
05/13/17 01:09:16   Node cbow_mean_soft, HTCondor ID 1236, status STATUS_SUBMITTED
05/13/17 01:19:18 57808 seconds since last log event
05/13/17 01:19:18 Pending DAG nodes:
05/13/17 01:19:18   Node cbow_mean_soft, HTCondor ID 1236, status STATUS_SUBMITTED
05/13/17 01:29:21 58411 seconds since last log event
05/13/17 01:29:21 Pending DAG nodes:
05/13/17 01:29:21   Node cbow_mean_soft, HTCondor ID 1236, status STATUS_SUBMITTED
05/13/17 01:39:23 59013 seconds since last log event
05/13/17 01:39:23 Pending DAG nodes:
05/13/17 01:39:23   Node cbow_mean_soft, HTCondor ID 1236, status STATUS_SUBMITTED
05/13/17 01:49:24 59614 seconds since last log event
05/13/17 01:49:24 Pending DAG nodes:
05/13/17 01:49:24   Node cbow_mean_soft, HTCondor ID 1236, status STATUS_SUBMITTED
05/13/17 01:59:26 60216 seconds since last log event
05/13/17 01:59:26 Pending DAG nodes:
05/13/17 01:59:26   Node cbow_mean_soft, HTCondor ID 1236, status STATUS_SUBMITTED
05/13/17 02:09:28 60818 seconds since last log event
05/13/17 02:09:28 Pending DAG nodes:
05/13/17 02:09:28   Node cbow_mean_soft, HTCondor ID 1236, status STATUS_SUBMITTED
05/13/17 02:19:30 61420 seconds since last log event
05/13/17 02:19:30 Pending DAG nodes:
05/13/17 02:19:30   Node cbow_mean_soft, HTCondor ID 1236, status STATUS_SUBMITTED
05/13/17 02:29:32 62022 seconds since last log event
05/13/17 02:29:32 Pending DAG nodes:
05/13/17 02:29:32   Node cbow_mean_soft, HTCondor ID 1236, status STATUS_SUBMITTED
05/13/17 02:39:34 62624 seconds since last log event
05/13/17 02:39:34 Pending DAG nodes:
05/13/17 02:39:34   Node cbow_mean_soft, HTCondor ID 1236, status STATUS_SUBMITTED
05/13/17 02:49:36 63226 seconds since last log event
05/13/17 02:49:36 Pending DAG nodes:
05/13/17 02:49:36   Node cbow_mean_soft, HTCondor ID 1236, status STATUS_SUBMITTED
05/13/17 02:59:38 63828 seconds since last log event
05/13/17 02:59:38 Pending DAG nodes:
05/13/17 02:59:38   Node cbow_mean_soft, HTCondor ID 1236, status STATUS_SUBMITTED
05/13/17 03:09:41 64431 seconds since last log event
05/13/17 03:09:41 Pending DAG nodes:
05/13/17 03:09:41   Node cbow_mean_soft, HTCondor ID 1236, status STATUS_SUBMITTED
05/13/17 03:19:43 65033 seconds since last log event
05/13/17 03:19:43 Pending DAG nodes:
05/13/17 03:19:43   Node cbow_mean_soft, HTCondor ID 1236, status STATUS_SUBMITTED
05/13/17 03:29:45 65635 seconds since last log event
05/13/17 03:29:45 Pending DAG nodes:
05/13/17 03:29:45   Node cbow_mean_soft, HTCondor ID 1236, status STATUS_SUBMITTED
05/13/17 03:39:47 66237 seconds since last log event
05/13/17 03:39:47 Pending DAG nodes:
05/13/17 03:39:47   Node cbow_mean_soft, HTCondor ID 1236, status STATUS_SUBMITTED
05/13/17 03:49:49 66839 seconds since last log event
05/13/17 03:49:49 Pending DAG nodes:
05/13/17 03:49:49   Node cbow_mean_soft, HTCondor ID 1236, status STATUS_SUBMITTED
05/13/17 03:59:51 67441 seconds since last log event
05/13/17 03:59:51 Pending DAG nodes:
05/13/17 03:59:51   Node cbow_mean_soft, HTCondor ID 1236, status STATUS_SUBMITTED
05/13/17 04:09:53 68043 seconds since last log event
05/13/17 04:09:53 Pending DAG nodes:
05/13/17 04:09:53   Node cbow_mean_soft, HTCondor ID 1236, status STATUS_SUBMITTED
05/13/17 04:19:54 68644 seconds since last log event
05/13/17 04:19:54 Pending DAG nodes:
05/13/17 04:19:54   Node cbow_mean_soft, HTCondor ID 1236, status STATUS_SUBMITTED
05/13/17 04:29:55 69245 seconds since last log event
05/13/17 04:29:55 Pending DAG nodes:
05/13/17 04:29:55   Node cbow_mean_soft, HTCondor ID 1236, status STATUS_SUBMITTED
05/13/17 04:39:57 69847 seconds since last log event
05/13/17 04:39:57 Pending DAG nodes:
05/13/17 04:39:57   Node cbow_mean_soft, HTCondor ID 1236, status STATUS_SUBMITTED
05/13/17 04:49:59 70449 seconds since last log event
05/13/17 04:49:59 Pending DAG nodes:
05/13/17 04:49:59   Node cbow_mean_soft, HTCondor ID 1236, status STATUS_SUBMITTED
05/13/17 05:00:01 71051 seconds since last log event
05/13/17 05:00:01 Pending DAG nodes:
05/13/17 05:00:01   Node cbow_mean_soft, HTCondor ID 1236, status STATUS_SUBMITTED
05/13/17 05:10:04 71654 seconds since last log event
05/13/17 05:10:04 Pending DAG nodes:
05/13/17 05:10:04   Node cbow_mean_soft, HTCondor ID 1236, status STATUS_SUBMITTED
05/13/17 05:20:06 72256 seconds since last log event
05/13/17 05:20:06 Pending DAG nodes:
05/13/17 05:20:06   Node cbow_mean_soft, HTCondor ID 1236, status STATUS_SUBMITTED
05/13/17 05:30:08 72858 seconds since last log event
05/13/17 05:30:08 Pending DAG nodes:
05/13/17 05:30:08   Node cbow_mean_soft, HTCondor ID 1236, status STATUS_SUBMITTED
05/13/17 05:40:11 73461 seconds since last log event
05/13/17 05:40:11 Pending DAG nodes:
05/13/17 05:40:11   Node cbow_mean_soft, HTCondor ID 1236, status STATUS_SUBMITTED
05/13/17 05:50:13 74063 seconds since last log event
05/13/17 05:50:13 Pending DAG nodes:
05/13/17 05:50:13   Node cbow_mean_soft, HTCondor ID 1236, status STATUS_SUBMITTED
05/13/17 06:00:15 74665 seconds since last log event
05/13/17 06:00:15 Pending DAG nodes:
05/13/17 06:00:15   Node cbow_mean_soft, HTCondor ID 1236, status STATUS_SUBMITTED
05/13/17 06:10:17 75267 seconds since last log event
05/13/17 06:10:17 Pending DAG nodes:
05/13/17 06:10:17   Node cbow_mean_soft, HTCondor ID 1236, status STATUS_SUBMITTED
05/13/17 06:20:20 75870 seconds since last log event
05/13/17 06:20:20 Pending DAG nodes:
05/13/17 06:20:20   Node cbow_mean_soft, HTCondor ID 1236, status STATUS_SUBMITTED
05/13/17 06:30:22 76472 seconds since last log event
05/13/17 06:30:22 Pending DAG nodes:
05/13/17 06:30:22   Node cbow_mean_soft, HTCondor ID 1236, status STATUS_SUBMITTED
05/13/17 06:40:24 77074 seconds since last log event
05/13/17 06:40:24 Pending DAG nodes:
05/13/17 06:40:24   Node cbow_mean_soft, HTCondor ID 1236, status STATUS_SUBMITTED
05/13/17 06:50:26 77676 seconds since last log event
05/13/17 06:50:26 Pending DAG nodes:
05/13/17 06:50:26   Node cbow_mean_soft, HTCondor ID 1236, status STATUS_SUBMITTED
05/13/17 07:00:29 78279 seconds since last log event
05/13/17 07:00:29 Pending DAG nodes:
05/13/17 07:00:29   Node cbow_mean_soft, HTCondor ID 1236, status STATUS_SUBMITTED
05/13/17 07:10:31 78881 seconds since last log event
05/13/17 07:10:31 Pending DAG nodes:
05/13/17 07:10:31   Node cbow_mean_soft, HTCondor ID 1236, status STATUS_SUBMITTED
05/13/17 07:20:33 79483 seconds since last log event
05/13/17 07:20:33 Pending DAG nodes:
05/13/17 07:20:33   Node cbow_mean_soft, HTCondor ID 1236, status STATUS_SUBMITTED
05/13/17 07:30:35 80085 seconds since last log event
05/13/17 07:30:35 Pending DAG nodes:
05/13/17 07:30:35   Node cbow_mean_soft, HTCondor ID 1236, status STATUS_SUBMITTED
05/13/17 07:40:37 80687 seconds since last log event
05/13/17 07:40:37 Pending DAG nodes:
05/13/17 07:40:37   Node cbow_mean_soft, HTCondor ID 1236, status STATUS_SUBMITTED
05/13/17 07:50:39 81289 seconds since last log event
05/13/17 07:50:39 Pending DAG nodes:
05/13/17 07:50:39   Node cbow_mean_soft, HTCondor ID 1236, status STATUS_SUBMITTED
05/13/17 08:00:40 81890 seconds since last log event
05/13/17 08:00:40 Pending DAG nodes:
05/13/17 08:00:40   Node cbow_mean_soft, HTCondor ID 1236, status STATUS_SUBMITTED
05/13/17 08:10:43 82493 seconds since last log event
05/13/17 08:10:43 Pending DAG nodes:
05/13/17 08:10:43   Node cbow_mean_soft, HTCondor ID 1236, status STATUS_SUBMITTED
05/13/17 08:20:45 83095 seconds since last log event
05/13/17 08:20:45 Pending DAG nodes:
05/13/17 08:20:45   Node cbow_mean_soft, HTCondor ID 1236, status STATUS_SUBMITTED
05/13/17 08:30:47 83697 seconds since last log event
05/13/17 08:30:47 Pending DAG nodes:
05/13/17 08:30:47   Node cbow_mean_soft, HTCondor ID 1236, status STATUS_SUBMITTED
05/13/17 08:40:49 84299 seconds since last log event
05/13/17 08:40:49 Pending DAG nodes:
05/13/17 08:40:49   Node cbow_mean_soft, HTCondor ID 1236, status STATUS_SUBMITTED
05/13/17 08:50:51 84901 seconds since last log event
05/13/17 08:50:51 Pending DAG nodes:
05/13/17 08:50:51   Node cbow_mean_soft, HTCondor ID 1236, status STATUS_SUBMITTED
05/13/17 09:00:53 85503 seconds since last log event
05/13/17 09:00:53 Pending DAG nodes:
05/13/17 09:00:53   Node cbow_mean_soft, HTCondor ID 1236, status STATUS_SUBMITTED
05/13/17 09:10:55 86105 seconds since last log event
05/13/17 09:10:55 Pending DAG nodes:
05/13/17 09:10:55   Node cbow_mean_soft, HTCondor ID 1236, status STATUS_SUBMITTED
05/13/17 09:20:57 86707 seconds since last log event
05/13/17 09:20:57 Pending DAG nodes:
05/13/17 09:20:57   Node cbow_mean_soft, HTCondor ID 1236, status STATUS_SUBMITTED
05/13/17 09:30:58 87308 seconds since last log event
05/13/17 09:30:58 Pending DAG nodes:
05/13/17 09:30:58   Node cbow_mean_soft, HTCondor ID 1236, status STATUS_SUBMITTED
05/13/17 09:41:00 87910 seconds since last log event
05/13/17 09:41:00 Pending DAG nodes:
05/13/17 09:41:00   Node cbow_mean_soft, HTCondor ID 1236, status STATUS_SUBMITTED
05/13/17 09:51:02 88512 seconds since last log event
05/13/17 09:51:02 Pending DAG nodes:
05/13/17 09:51:02   Node cbow_mean_soft, HTCondor ID 1236, status STATUS_SUBMITTED
05/13/17 10:01:03 89113 seconds since last log event
05/13/17 10:01:03 Pending DAG nodes:
05/13/17 10:01:03   Node cbow_mean_soft, HTCondor ID 1236, status STATUS_SUBMITTED
05/13/17 10:11:05 89715 seconds since last log event
05/13/17 10:11:05 Pending DAG nodes:
05/13/17 10:11:05   Node cbow_mean_soft, HTCondor ID 1236, status STATUS_SUBMITTED
05/13/17 10:21:07 90317 seconds since last log event
05/13/17 10:21:07 Pending DAG nodes:
05/13/17 10:21:07   Node cbow_mean_soft, HTCondor ID 1236, status STATUS_SUBMITTED
05/13/17 10:31:10 90920 seconds since last log event
05/13/17 10:31:10 Pending DAG nodes:
05/13/17 10:31:10   Node cbow_mean_soft, HTCondor ID 1236, status STATUS_SUBMITTED
05/13/17 10:41:11 91521 seconds since last log event
05/13/17 10:41:11 Pending DAG nodes:
05/13/17 10:41:11   Node cbow_mean_soft, HTCondor ID 1236, status STATUS_SUBMITTED
05/13/17 10:51:13 92123 seconds since last log event
05/13/17 10:51:13 Pending DAG nodes:
05/13/17 10:51:13   Node cbow_mean_soft, HTCondor ID 1236, status STATUS_SUBMITTED
05/13/17 11:01:14 92724 seconds since last log event
05/13/17 11:01:14 Pending DAG nodes:
05/13/17 11:01:14   Node cbow_mean_soft, HTCondor ID 1236, status STATUS_SUBMITTED
05/13/17 11:11:16 93326 seconds since last log event
05/13/17 11:11:16 Pending DAG nodes:
05/13/17 11:11:16   Node cbow_mean_soft, HTCondor ID 1236, status STATUS_SUBMITTED
05/13/17 11:21:18 93928 seconds since last log event
05/13/17 11:21:18 Pending DAG nodes:
05/13/17 11:21:18   Node cbow_mean_soft, HTCondor ID 1236, status STATUS_SUBMITTED
05/13/17 11:31:20 94530 seconds since last log event
05/13/17 11:31:20 Pending DAG nodes:
05/13/17 11:31:20   Node cbow_mean_soft, HTCondor ID 1236, status STATUS_SUBMITTED
05/13/17 11:41:22 95132 seconds since last log event
05/13/17 11:41:22 Pending DAG nodes:
05/13/17 11:41:22   Node cbow_mean_soft, HTCondor ID 1236, status STATUS_SUBMITTED
05/13/17 11:51:24 95734 seconds since last log event
05/13/17 11:51:24 Pending DAG nodes:
05/13/17 11:51:24   Node cbow_mean_soft, HTCondor ID 1236, status STATUS_SUBMITTED
05/13/17 12:01:26 96336 seconds since last log event
05/13/17 12:01:26 Pending DAG nodes:
05/13/17 12:01:26   Node cbow_mean_soft, HTCondor ID 1236, status STATUS_SUBMITTED
05/13/17 12:11:28 96938 seconds since last log event
05/13/17 12:11:28 Pending DAG nodes:
05/13/17 12:11:28   Node cbow_mean_soft, HTCondor ID 1236, status STATUS_SUBMITTED
05/13/17 12:21:30 97540 seconds since last log event
05/13/17 12:21:30 Pending DAG nodes:
05/13/17 12:21:30   Node cbow_mean_soft, HTCondor ID 1236, status STATUS_SUBMITTED
05/13/17 12:31:32 98142 seconds since last log event
05/13/17 12:31:32 Pending DAG nodes:
05/13/17 12:31:32   Node cbow_mean_soft, HTCondor ID 1236, status STATUS_SUBMITTED
05/13/17 12:41:34 98744 seconds since last log event
05/13/17 12:41:34 Pending DAG nodes:
05/13/17 12:41:34   Node cbow_mean_soft, HTCondor ID 1236, status STATUS_SUBMITTED
05/13/17 12:51:36 99346 seconds since last log event
05/13/17 12:51:36 Pending DAG nodes:
05/13/17 12:51:36   Node cbow_mean_soft, HTCondor ID 1236, status STATUS_SUBMITTED
05/13/17 13:01:38 99948 seconds since last log event
05/13/17 13:01:38 Pending DAG nodes:
05/13/17 13:01:38   Node cbow_mean_soft, HTCondor ID 1236, status STATUS_SUBMITTED
05/13/17 13:11:39 100549 seconds since last log event
05/13/17 13:11:39 Pending DAG nodes:
05/13/17 13:11:39   Node cbow_mean_soft, HTCondor ID 1236, status STATUS_SUBMITTED
05/13/17 13:21:41 101151 seconds since last log event
05/13/17 13:21:41 Pending DAG nodes:
05/13/17 13:21:41   Node cbow_mean_soft, HTCondor ID 1236, status STATUS_SUBMITTED
05/13/17 13:31:44 101754 seconds since last log event
05/13/17 13:31:44 Pending DAG nodes:
05/13/17 13:31:44   Node cbow_mean_soft, HTCondor ID 1236, status STATUS_SUBMITTED
05/13/17 13:41:45 102355 seconds since last log event
05/13/17 13:41:45 Pending DAG nodes:
05/13/17 13:41:45   Node cbow_mean_soft, HTCondor ID 1236, status STATUS_SUBMITTED
05/13/17 13:51:48 102958 seconds since last log event
05/13/17 13:51:48 Pending DAG nodes:
05/13/17 13:51:48   Node cbow_mean_soft, HTCondor ID 1236, status STATUS_SUBMITTED
05/13/17 14:01:50 103560 seconds since last log event
05/13/17 14:01:50 Pending DAG nodes:
05/13/17 14:01:50   Node cbow_mean_soft, HTCondor ID 1236, status STATUS_SUBMITTED
05/13/17 14:11:52 104162 seconds since last log event
05/13/17 14:11:52 Pending DAG nodes:
05/13/17 14:11:52   Node cbow_mean_soft, HTCondor ID 1236, status STATUS_SUBMITTED
05/13/17 14:21:54 104764 seconds since last log event
05/13/17 14:21:54 Pending DAG nodes:
05/13/17 14:21:54   Node cbow_mean_soft, HTCondor ID 1236, status STATUS_SUBMITTED
05/13/17 14:31:56 105366 seconds since last log event
05/13/17 14:31:56 Pending DAG nodes:
05/13/17 14:31:56   Node cbow_mean_soft, HTCondor ID 1236, status STATUS_SUBMITTED
05/13/17 14:41:59 105969 seconds since last log event
05/13/17 14:41:59 Pending DAG nodes:
05/13/17 14:41:59   Node cbow_mean_soft, HTCondor ID 1236, status STATUS_SUBMITTED
05/13/17 14:52:01 106571 seconds since last log event
05/13/17 14:52:01 Pending DAG nodes:
05/13/17 14:52:01   Node cbow_mean_soft, HTCondor ID 1236, status STATUS_SUBMITTED
05/13/17 15:02:02 107172 seconds since last log event
05/13/17 15:02:02 Pending DAG nodes:
05/13/17 15:02:02   Node cbow_mean_soft, HTCondor ID 1236, status STATUS_SUBMITTED
05/13/17 15:12:05 107775 seconds since last log event
05/13/17 15:12:05 Pending DAG nodes:
05/13/17 15:12:05   Node cbow_mean_soft, HTCondor ID 1236, status STATUS_SUBMITTED
05/13/17 15:22:07 108377 seconds since last log event
05/13/17 15:22:07 Pending DAG nodes:
05/13/17 15:22:07   Node cbow_mean_soft, HTCondor ID 1236, status STATUS_SUBMITTED
05/13/17 15:32:09 108979 seconds since last log event
05/13/17 15:32:09 Pending DAG nodes:
05/13/17 15:32:09   Node cbow_mean_soft, HTCondor ID 1236, status STATUS_SUBMITTED
05/13/17 15:42:12 109582 seconds since last log event
05/13/17 15:42:12 Pending DAG nodes:
05/13/17 15:42:12   Node cbow_mean_soft, HTCondor ID 1236, status STATUS_SUBMITTED
05/13/17 15:52:14 110184 seconds since last log event
05/13/17 15:52:14 Pending DAG nodes:
05/13/17 15:52:14   Node cbow_mean_soft, HTCondor ID 1236, status STATUS_SUBMITTED
05/13/17 16:02:17 110787 seconds since last log event
05/13/17 16:02:17 Pending DAG nodes:
05/13/17 16:02:17   Node cbow_mean_soft, HTCondor ID 1236, status STATUS_SUBMITTED
05/13/17 16:12:19 111389 seconds since last log event
05/13/17 16:12:19 Pending DAG nodes:
05/13/17 16:12:19   Node cbow_mean_soft, HTCondor ID 1236, status STATUS_SUBMITTED
05/13/17 16:22:21 111991 seconds since last log event
05/13/17 16:22:21 Pending DAG nodes:
05/13/17 16:22:21   Node cbow_mean_soft, HTCondor ID 1236, status STATUS_SUBMITTED
05/13/17 16:32:23 112593 seconds since last log event
05/13/17 16:32:23 Pending DAG nodes:
05/13/17 16:32:23   Node cbow_mean_soft, HTCondor ID 1236, status STATUS_SUBMITTED
05/13/17 16:42:26 113196 seconds since last log event
05/13/17 16:42:26 Pending DAG nodes:
05/13/17 16:42:26   Node cbow_mean_soft, HTCondor ID 1236, status STATUS_SUBMITTED
05/13/17 16:52:28 113798 seconds since last log event
05/13/17 16:52:28 Pending DAG nodes:
05/13/17 16:52:28   Node cbow_mean_soft, HTCondor ID 1236, status STATUS_SUBMITTED
05/13/17 17:02:31 114401 seconds since last log event
05/13/17 17:02:31 Pending DAG nodes:
05/13/17 17:02:31   Node cbow_mean_soft, HTCondor ID 1236, status STATUS_SUBMITTED
05/13/17 17:12:33 115003 seconds since last log event
05/13/17 17:12:33 Pending DAG nodes:
05/13/17 17:12:33   Node cbow_mean_soft, HTCondor ID 1236, status STATUS_SUBMITTED
05/13/17 17:22:36 115606 seconds since last log event
05/13/17 17:22:36 Pending DAG nodes:
05/13/17 17:22:36   Node cbow_mean_soft, HTCondor ID 1236, status STATUS_SUBMITTED
05/13/17 17:32:38 116208 seconds since last log event
05/13/17 17:32:38 Pending DAG nodes:
05/13/17 17:32:38   Node cbow_mean_soft, HTCondor ID 1236, status STATUS_SUBMITTED
05/13/17 17:42:40 116810 seconds since last log event
05/13/17 17:42:40 Pending DAG nodes:
05/13/17 17:42:40   Node cbow_mean_soft, HTCondor ID 1236, status STATUS_SUBMITTED
05/13/17 17:52:43 117413 seconds since last log event
05/13/17 17:52:43 Pending DAG nodes:
05/13/17 17:52:43   Node cbow_mean_soft, HTCondor ID 1236, status STATUS_SUBMITTED
05/13/17 18:02:45 118015 seconds since last log event
05/13/17 18:02:45 Pending DAG nodes:
05/13/17 18:02:45   Node cbow_mean_soft, HTCondor ID 1236, status STATUS_SUBMITTED
05/13/17 18:12:47 118617 seconds since last log event
05/13/17 18:12:47 Pending DAG nodes:
05/13/17 18:12:47   Node cbow_mean_soft, HTCondor ID 1236, status STATUS_SUBMITTED
05/13/17 18:22:49 119219 seconds since last log event
05/13/17 18:22:49 Pending DAG nodes:
05/13/17 18:22:49   Node cbow_mean_soft, HTCondor ID 1236, status STATUS_SUBMITTED
05/13/17 18:32:52 119822 seconds since last log event
05/13/17 18:32:52 Pending DAG nodes:
05/13/17 18:32:52   Node cbow_mean_soft, HTCondor ID 1236, status STATUS_SUBMITTED
05/13/17 18:42:54 120424 seconds since last log event
05/13/17 18:42:54 Pending DAG nodes:
05/13/17 18:42:54   Node cbow_mean_soft, HTCondor ID 1236, status STATUS_SUBMITTED
05/13/17 18:52:56 121026 seconds since last log event
05/13/17 18:52:56 Pending DAG nodes:
05/13/17 18:52:56   Node cbow_mean_soft, HTCondor ID 1236, status STATUS_SUBMITTED
05/13/17 19:02:58 121628 seconds since last log event
05/13/17 19:02:58 Pending DAG nodes:
05/13/17 19:02:58   Node cbow_mean_soft, HTCondor ID 1236, status STATUS_SUBMITTED
05/13/17 19:13:00 122230 seconds since last log event
05/13/17 19:13:00 Pending DAG nodes:
05/13/17 19:13:00   Node cbow_mean_soft, HTCondor ID 1236, status STATUS_SUBMITTED
05/13/17 19:23:02 122832 seconds since last log event
05/13/17 19:23:02 Pending DAG nodes:
05/13/17 19:23:02   Node cbow_mean_soft, HTCondor ID 1236, status STATUS_SUBMITTED
05/13/17 19:33:03 123433 seconds since last log event
05/13/17 19:33:03 Pending DAG nodes:
05/13/17 19:33:03   Node cbow_mean_soft, HTCondor ID 1236, status STATUS_SUBMITTED
05/13/17 19:43:05 124035 seconds since last log event
05/13/17 19:43:05 Pending DAG nodes:
05/13/17 19:43:05   Node cbow_mean_soft, HTCondor ID 1236, status STATUS_SUBMITTED
05/13/17 19:53:08 124638 seconds since last log event
05/13/17 19:53:08 Pending DAG nodes:
05/13/17 19:53:08   Node cbow_mean_soft, HTCondor ID 1236, status STATUS_SUBMITTED
05/13/17 20:03:10 125240 seconds since last log event
05/13/17 20:03:10 Pending DAG nodes:
05/13/17 20:03:10   Node cbow_mean_soft, HTCondor ID 1236, status STATUS_SUBMITTED
05/13/17 20:13:12 125842 seconds since last log event
05/13/17 20:13:12 Pending DAG nodes:
05/13/17 20:13:12   Node cbow_mean_soft, HTCondor ID 1236, status STATUS_SUBMITTED
05/13/17 20:23:14 126444 seconds since last log event
05/13/17 20:23:14 Pending DAG nodes:
05/13/17 20:23:14   Node cbow_mean_soft, HTCondor ID 1236, status STATUS_SUBMITTED
05/13/17 20:33:16 127046 seconds since last log event
05/13/17 20:33:16 Pending DAG nodes:
05/13/17 20:33:16   Node cbow_mean_soft, HTCondor ID 1236, status STATUS_SUBMITTED
05/13/17 20:43:18 127648 seconds since last log event
05/13/17 20:43:18 Pending DAG nodes:
05/13/17 20:43:18   Node cbow_mean_soft, HTCondor ID 1236, status STATUS_SUBMITTED
05/13/17 20:53:20 128250 seconds since last log event
05/13/17 20:53:20 Pending DAG nodes:
05/13/17 20:53:20   Node cbow_mean_soft, HTCondor ID 1236, status STATUS_SUBMITTED
05/13/17 21:03:22 128852 seconds since last log event
05/13/17 21:03:22 Pending DAG nodes:
05/13/17 21:03:22   Node cbow_mean_soft, HTCondor ID 1236, status STATUS_SUBMITTED
05/13/17 21:13:24 129454 seconds since last log event
05/13/17 21:13:24 Pending DAG nodes:
05/13/17 21:13:24   Node cbow_mean_soft, HTCondor ID 1236, status STATUS_SUBMITTED
05/13/17 21:23:26 130056 seconds since last log event
05/13/17 21:23:26 Pending DAG nodes:
05/13/17 21:23:26   Node cbow_mean_soft, HTCondor ID 1236, status STATUS_SUBMITTED
05/13/17 21:33:28 130658 seconds since last log event
05/13/17 21:33:28 Pending DAG nodes:
05/13/17 21:33:28   Node cbow_mean_soft, HTCondor ID 1236, status STATUS_SUBMITTED
05/13/17 21:43:31 131261 seconds since last log event
05/13/17 21:43:31 Pending DAG nodes:
05/13/17 21:43:31   Node cbow_mean_soft, HTCondor ID 1236, status STATUS_SUBMITTED
05/13/17 21:53:33 131863 seconds since last log event
05/13/17 21:53:33 Pending DAG nodes:
05/13/17 21:53:33   Node cbow_mean_soft, HTCondor ID 1236, status STATUS_SUBMITTED
05/13/17 22:03:36 132466 seconds since last log event
05/13/17 22:03:36 Pending DAG nodes:
05/13/17 22:03:36   Node cbow_mean_soft, HTCondor ID 1236, status STATUS_SUBMITTED
05/13/17 22:13:39 133069 seconds since last log event
05/13/17 22:13:39 Pending DAG nodes:
05/13/17 22:13:39   Node cbow_mean_soft, HTCondor ID 1236, status STATUS_SUBMITTED
05/13/17 22:23:41 133671 seconds since last log event
05/13/17 22:23:41 Pending DAG nodes:
05/13/17 22:23:41   Node cbow_mean_soft, HTCondor ID 1236, status STATUS_SUBMITTED
05/13/17 22:33:43 134273 seconds since last log event
05/13/17 22:33:43 Pending DAG nodes:
05/13/17 22:33:43   Node cbow_mean_soft, HTCondor ID 1236, status STATUS_SUBMITTED
05/13/17 22:43:46 134876 seconds since last log event
05/13/17 22:43:46 Pending DAG nodes:
05/13/17 22:43:46   Node cbow_mean_soft, HTCondor ID 1236, status STATUS_SUBMITTED
05/13/17 22:53:48 135478 seconds since last log event
05/13/17 22:53:48 Pending DAG nodes:
05/13/17 22:53:48   Node cbow_mean_soft, HTCondor ID 1236, status STATUS_SUBMITTED
05/13/17 23:03:50 136080 seconds since last log event
05/13/17 23:03:50 Pending DAG nodes:
05/13/17 23:03:50   Node cbow_mean_soft, HTCondor ID 1236, status STATUS_SUBMITTED
05/13/17 23:13:53 136683 seconds since last log event
05/13/17 23:13:53 Pending DAG nodes:
05/13/17 23:13:53   Node cbow_mean_soft, HTCondor ID 1236, status STATUS_SUBMITTED
05/13/17 23:23:55 137285 seconds since last log event
05/13/17 23:23:55 Pending DAG nodes:
05/13/17 23:23:55   Node cbow_mean_soft, HTCondor ID 1236, status STATUS_SUBMITTED
05/13/17 23:33:56 137886 seconds since last log event
05/13/17 23:33:56 Pending DAG nodes:
05/13/17 23:33:56   Node cbow_mean_soft, HTCondor ID 1236, status STATUS_SUBMITTED
05/13/17 23:43:59 138489 seconds since last log event
05/13/17 23:43:59 Pending DAG nodes:
05/13/17 23:43:59   Node cbow_mean_soft, HTCondor ID 1236, status STATUS_SUBMITTED
05/13/17 23:54:02 139092 seconds since last log event
05/13/17 23:54:02 Pending DAG nodes:
05/13/17 23:54:02   Node cbow_mean_soft, HTCondor ID 1236, status STATUS_SUBMITTED
05/14/17 00:04:05 139695 seconds since last log event
05/14/17 00:04:05 Pending DAG nodes:
05/14/17 00:04:05   Node cbow_mean_soft, HTCondor ID 1236, status STATUS_SUBMITTED
05/14/17 00:14:07 140297 seconds since last log event
05/14/17 00:14:07 Pending DAG nodes:
05/14/17 00:14:07   Node cbow_mean_soft, HTCondor ID 1236, status STATUS_SUBMITTED
05/14/17 00:24:09 140899 seconds since last log event
05/14/17 00:24:09 Pending DAG nodes:
05/14/17 00:24:09   Node cbow_mean_soft, HTCondor ID 1236, status STATUS_SUBMITTED
05/14/17 00:34:11 141501 seconds since last log event
05/14/17 00:34:11 Pending DAG nodes:
05/14/17 00:34:11   Node cbow_mean_soft, HTCondor ID 1236, status STATUS_SUBMITTED
05/14/17 00:44:14 142104 seconds since last log event
05/14/17 00:44:14 Pending DAG nodes:
05/14/17 00:44:14   Node cbow_mean_soft, HTCondor ID 1236, status STATUS_SUBMITTED
05/14/17 00:54:16 142706 seconds since last log event
05/14/17 00:54:16 Pending DAG nodes:
05/14/17 00:54:16   Node cbow_mean_soft, HTCondor ID 1236, status STATUS_SUBMITTED
05/14/17 01:04:18 143308 seconds since last log event
05/14/17 01:04:18 Pending DAG nodes:
05/14/17 01:04:18   Node cbow_mean_soft, HTCondor ID 1236, status STATUS_SUBMITTED
05/14/17 01:14:20 143910 seconds since last log event
05/14/17 01:14:20 Pending DAG nodes:
05/14/17 01:14:20   Node cbow_mean_soft, HTCondor ID 1236, status STATUS_SUBMITTED
05/14/17 01:24:23 144513 seconds since last log event
05/14/17 01:24:23 Pending DAG nodes:
05/14/17 01:24:23   Node cbow_mean_soft, HTCondor ID 1236, status STATUS_SUBMITTED
05/14/17 01:34:25 145115 seconds since last log event
05/14/17 01:34:25 Pending DAG nodes:
05/14/17 01:34:25   Node cbow_mean_soft, HTCondor ID 1236, status STATUS_SUBMITTED
05/14/17 01:44:27 145717 seconds since last log event
05/14/17 01:44:27 Pending DAG nodes:
05/14/17 01:44:27   Node cbow_mean_soft, HTCondor ID 1236, status STATUS_SUBMITTED
05/14/17 01:54:30 146320 seconds since last log event
05/14/17 01:54:30 Pending DAG nodes:
05/14/17 01:54:30   Node cbow_mean_soft, HTCondor ID 1236, status STATUS_SUBMITTED
05/14/17 02:04:33 146923 seconds since last log event
05/14/17 02:04:33 Pending DAG nodes:
05/14/17 02:04:33   Node cbow_mean_soft, HTCondor ID 1236, status STATUS_SUBMITTED
05/14/17 02:14:35 147525 seconds since last log event
05/14/17 02:14:35 Pending DAG nodes:
05/14/17 02:14:35   Node cbow_mean_soft, HTCondor ID 1236, status STATUS_SUBMITTED
05/14/17 02:24:37 148127 seconds since last log event
05/14/17 02:24:37 Pending DAG nodes:
05/14/17 02:24:37   Node cbow_mean_soft, HTCondor ID 1236, status STATUS_SUBMITTED
05/14/17 02:34:39 148729 seconds since last log event
05/14/17 02:34:39 Pending DAG nodes:
05/14/17 02:34:39   Node cbow_mean_soft, HTCondor ID 1236, status STATUS_SUBMITTED
05/14/17 02:44:41 149331 seconds since last log event
05/14/17 02:44:41 Pending DAG nodes:
05/14/17 02:44:41   Node cbow_mean_soft, HTCondor ID 1236, status STATUS_SUBMITTED
05/14/17 02:54:43 149933 seconds since last log event
05/14/17 02:54:43 Pending DAG nodes:
05/14/17 02:54:43   Node cbow_mean_soft, HTCondor ID 1236, status STATUS_SUBMITTED
05/14/17 03:04:45 150535 seconds since last log event
05/14/17 03:04:45 Pending DAG nodes:
05/14/17 03:04:45   Node cbow_mean_soft, HTCondor ID 1236, status STATUS_SUBMITTED
05/14/17 03:14:47 151137 seconds since last log event
05/14/17 03:14:47 Pending DAG nodes:
05/14/17 03:14:47   Node cbow_mean_soft, HTCondor ID 1236, status STATUS_SUBMITTED
05/14/17 03:24:50 151740 seconds since last log event
05/14/17 03:24:50 Pending DAG nodes:
05/14/17 03:24:50   Node cbow_mean_soft, HTCondor ID 1236, status STATUS_SUBMITTED
05/14/17 03:34:52 152342 seconds since last log event
05/14/17 03:34:52 Pending DAG nodes:
05/14/17 03:34:52   Node cbow_mean_soft, HTCondor ID 1236, status STATUS_SUBMITTED
05/14/17 03:44:55 152945 seconds since last log event
05/14/17 03:44:55 Pending DAG nodes:
05/14/17 03:44:55   Node cbow_mean_soft, HTCondor ID 1236, status STATUS_SUBMITTED
05/14/17 03:54:57 153547 seconds since last log event
05/14/17 03:54:57 Pending DAG nodes:
05/14/17 03:54:57   Node cbow_mean_soft, HTCondor ID 1236, status STATUS_SUBMITTED
05/14/17 04:05:00 154150 seconds since last log event
05/14/17 04:05:00 Pending DAG nodes:
05/14/17 04:05:00   Node cbow_mean_soft, HTCondor ID 1236, status STATUS_SUBMITTED
05/14/17 04:15:02 154752 seconds since last log event
05/14/17 04:15:02 Pending DAG nodes:
05/14/17 04:15:02   Node cbow_mean_soft, HTCondor ID 1236, status STATUS_SUBMITTED
05/14/17 04:25:04 155354 seconds since last log event
05/14/17 04:25:04 Pending DAG nodes:
05/14/17 04:25:04   Node cbow_mean_soft, HTCondor ID 1236, status STATUS_SUBMITTED
05/14/17 04:35:06 155956 seconds since last log event
05/14/17 04:35:06 Pending DAG nodes:
05/14/17 04:35:06   Node cbow_mean_soft, HTCondor ID 1236, status STATUS_SUBMITTED
05/14/17 04:45:08 156558 seconds since last log event
05/14/17 04:45:08 Pending DAG nodes:
05/14/17 04:45:08   Node cbow_mean_soft, HTCondor ID 1236, status STATUS_SUBMITTED
05/14/17 04:55:11 157161 seconds since last log event
05/14/17 04:55:11 Pending DAG nodes:
05/14/17 04:55:11   Node cbow_mean_soft, HTCondor ID 1236, status STATUS_SUBMITTED
05/14/17 05:05:13 157763 seconds since last log event
05/14/17 05:05:13 Pending DAG nodes:
05/14/17 05:05:13   Node cbow_mean_soft, HTCondor ID 1236, status STATUS_SUBMITTED
05/14/17 05:15:15 158365 seconds since last log event
05/14/17 05:15:15 Pending DAG nodes:
05/14/17 05:15:15   Node cbow_mean_soft, HTCondor ID 1236, status STATUS_SUBMITTED
05/14/17 05:25:16 158966 seconds since last log event
05/14/17 05:25:17 Pending DAG nodes:
05/14/17 05:25:17   Node cbow_mean_soft, HTCondor ID 1236, status STATUS_SUBMITTED
05/14/17 05:35:19 159569 seconds since last log event
05/14/17 05:35:19 Pending DAG nodes:
05/14/17 05:35:19   Node cbow_mean_soft, HTCondor ID 1236, status STATUS_SUBMITTED
05/14/17 05:45:21 160171 seconds since last log event
05/14/17 05:45:21 Pending DAG nodes:
05/14/17 05:45:21   Node cbow_mean_soft, HTCondor ID 1236, status STATUS_SUBMITTED
05/14/17 05:55:23 160773 seconds since last log event
05/14/17 05:55:23 Pending DAG nodes:
05/14/17 05:55:23   Node cbow_mean_soft, HTCondor ID 1236, status STATUS_SUBMITTED
05/14/17 06:05:26 161376 seconds since last log event
05/14/17 06:05:26 Pending DAG nodes:
05/14/17 06:05:26   Node cbow_mean_soft, HTCondor ID 1236, status STATUS_SUBMITTED
05/14/17 06:15:28 161978 seconds since last log event
05/14/17 06:15:28 Pending DAG nodes:
05/14/17 06:15:28   Node cbow_mean_soft, HTCondor ID 1236, status STATUS_SUBMITTED
05/14/17 06:25:31 162581 seconds since last log event
05/14/17 06:25:31 Pending DAG nodes:
05/14/17 06:25:31   Node cbow_mean_soft, HTCondor ID 1236, status STATUS_SUBMITTED
05/14/17 06:35:33 163183 seconds since last log event
05/14/17 06:35:33 Pending DAG nodes:
05/14/17 06:35:33   Node cbow_mean_soft, HTCondor ID 1236, status STATUS_SUBMITTED
05/14/17 06:45:36 163786 seconds since last log event
05/14/17 06:45:36 Pending DAG nodes:
05/14/17 06:45:36   Node cbow_mean_soft, HTCondor ID 1236, status STATUS_SUBMITTED
05/14/17 06:55:38 164388 seconds since last log event
05/14/17 06:55:38 Pending DAG nodes:
05/14/17 06:55:38   Node cbow_mean_soft, HTCondor ID 1236, status STATUS_SUBMITTED
05/14/17 07:05:41 164991 seconds since last log event
05/14/17 07:05:41 Pending DAG nodes:
05/14/17 07:05:41   Node cbow_mean_soft, HTCondor ID 1236, status STATUS_SUBMITTED
05/14/17 07:15:43 165593 seconds since last log event
05/14/17 07:15:43 Pending DAG nodes:
05/14/17 07:15:43   Node cbow_mean_soft, HTCondor ID 1236, status STATUS_SUBMITTED
05/14/17 07:25:46 166196 seconds since last log event
05/14/17 07:25:46 Pending DAG nodes:
05/14/17 07:25:46   Node cbow_mean_soft, HTCondor ID 1236, status STATUS_SUBMITTED
05/14/17 07:35:48 166798 seconds since last log event
05/14/17 07:35:48 Pending DAG nodes:
05/14/17 07:35:48   Node cbow_mean_soft, HTCondor ID 1236, status STATUS_SUBMITTED
05/14/17 07:45:50 167400 seconds since last log event
05/14/17 07:45:50 Pending DAG nodes:
05/14/17 07:45:50   Node cbow_mean_soft, HTCondor ID 1236, status STATUS_SUBMITTED
05/14/17 07:55:53 168003 seconds since last log event
05/14/17 07:55:53 Pending DAG nodes:
05/14/17 07:55:53   Node cbow_mean_soft, HTCondor ID 1236, status STATUS_SUBMITTED
05/14/17 08:05:55 168605 seconds since last log event
05/14/17 08:05:55 Pending DAG nodes:
05/14/17 08:05:55   Node cbow_mean_soft, HTCondor ID 1236, status STATUS_SUBMITTED
05/14/17 08:15:57 169207 seconds since last log event
05/14/17 08:15:57 Pending DAG nodes:
05/14/17 08:15:57   Node cbow_mean_soft, HTCondor ID 1236, status STATUS_SUBMITTED
05/14/17 08:26:00 169810 seconds since last log event
05/14/17 08:26:00 Pending DAG nodes:
05/14/17 08:26:00   Node cbow_mean_soft, HTCondor ID 1236, status STATUS_SUBMITTED
05/14/17 08:36:02 170412 seconds since last log event
05/14/17 08:36:02 Pending DAG nodes:
05/14/17 08:36:02   Node cbow_mean_soft, HTCondor ID 1236, status STATUS_SUBMITTED
05/14/17 08:46:04 171014 seconds since last log event
05/14/17 08:46:04 Pending DAG nodes:
05/14/17 08:46:04   Node cbow_mean_soft, HTCondor ID 1236, status STATUS_SUBMITTED
05/14/17 08:56:07 171617 seconds since last log event
05/14/17 08:56:07 Pending DAG nodes:
05/14/17 08:56:07   Node cbow_mean_soft, HTCondor ID 1236, status STATUS_SUBMITTED
05/14/17 09:06:09 172219 seconds since last log event
05/14/17 09:06:09 Pending DAG nodes:
05/14/17 09:06:09   Node cbow_mean_soft, HTCondor ID 1236, status STATUS_SUBMITTED
05/14/17 09:16:11 172821 seconds since last log event
05/14/17 09:16:11 Pending DAG nodes:
05/14/17 09:16:11   Node cbow_mean_soft, HTCondor ID 1236, status STATUS_SUBMITTED
05/14/17 09:26:14 173424 seconds since last log event
05/14/17 09:26:14 Pending DAG nodes:
05/14/17 09:26:14   Node cbow_mean_soft, HTCondor ID 1236, status STATUS_SUBMITTED
05/14/17 09:36:16 174026 seconds since last log event
05/14/17 09:36:16 Pending DAG nodes:
05/14/17 09:36:16   Node cbow_mean_soft, HTCondor ID 1236, status STATUS_SUBMITTED
05/14/17 09:46:18 174628 seconds since last log event
05/14/17 09:46:18 Pending DAG nodes:
05/14/17 09:46:18   Node cbow_mean_soft, HTCondor ID 1236, status STATUS_SUBMITTED
05/14/17 09:56:21 175231 seconds since last log event
05/14/17 09:56:21 Pending DAG nodes:
05/14/17 09:56:21   Node cbow_mean_soft, HTCondor ID 1236, status STATUS_SUBMITTED
05/14/17 10:06:23 175833 seconds since last log event
05/14/17 10:06:23 Pending DAG nodes:
05/14/17 10:06:23   Node cbow_mean_soft, HTCondor ID 1236, status STATUS_SUBMITTED
05/14/17 10:16:26 176436 seconds since last log event
05/14/17 10:16:26 Pending DAG nodes:
05/14/17 10:16:26   Node cbow_mean_soft, HTCondor ID 1236, status STATUS_SUBMITTED
05/14/17 10:26:29 177039 seconds since last log event
05/14/17 10:26:29 Pending DAG nodes:
05/14/17 10:26:29   Node cbow_mean_soft, HTCondor ID 1236, status STATUS_SUBMITTED
05/14/17 10:36:31 177641 seconds since last log event
05/14/17 10:36:31 Pending DAG nodes:
05/14/17 10:36:31   Node cbow_mean_soft, HTCondor ID 1236, status STATUS_SUBMITTED
05/14/17 10:46:33 178243 seconds since last log event
05/14/17 10:46:33 Pending DAG nodes:
05/14/17 10:46:33   Node cbow_mean_soft, HTCondor ID 1236, status STATUS_SUBMITTED
05/14/17 10:56:36 178846 seconds since last log event
05/14/17 10:56:36 Pending DAG nodes:
05/14/17 10:56:36   Node cbow_mean_soft, HTCondor ID 1236, status STATUS_SUBMITTED
05/14/17 11:06:38 179448 seconds since last log event
05/14/17 11:06:38 Pending DAG nodes:
05/14/17 11:06:38   Node cbow_mean_soft, HTCondor ID 1236, status STATUS_SUBMITTED
05/14/17 11:16:40 180050 seconds since last log event
05/14/17 11:16:40 Pending DAG nodes:
05/14/17 11:16:40   Node cbow_mean_soft, HTCondor ID 1236, status STATUS_SUBMITTED
05/14/17 11:26:42 180652 seconds since last log event
05/14/17 11:26:42 Pending DAG nodes:
05/14/17 11:26:42   Node cbow_mean_soft, HTCondor ID 1236, status STATUS_SUBMITTED
05/14/17 11:36:44 181254 seconds since last log event
05/14/17 11:36:44 Pending DAG nodes:
05/14/17 11:36:44   Node cbow_mean_soft, HTCondor ID 1236, status STATUS_SUBMITTED
05/14/17 11:46:46 181856 seconds since last log event
05/14/17 11:46:46 Pending DAG nodes:
05/14/17 11:46:46   Node cbow_mean_soft, HTCondor ID 1236, status STATUS_SUBMITTED
05/14/17 11:56:49 182459 seconds since last log event
05/14/17 11:56:49 Pending DAG nodes:
05/14/17 11:56:49   Node cbow_mean_soft, HTCondor ID 1236, status STATUS_SUBMITTED
05/14/17 12:06:51 183061 seconds since last log event
05/14/17 12:06:51 Pending DAG nodes:
05/14/17 12:06:51   Node cbow_mean_soft, HTCondor ID 1236, status STATUS_SUBMITTED
05/14/17 12:16:53 183663 seconds since last log event
05/14/17 12:16:53 Pending DAG nodes:
05/14/17 12:16:53   Node cbow_mean_soft, HTCondor ID 1236, status STATUS_SUBMITTED
05/14/17 12:26:55 184265 seconds since last log event
05/14/17 12:26:55 Pending DAG nodes:
05/14/17 12:26:55   Node cbow_mean_soft, HTCondor ID 1236, status STATUS_SUBMITTED
05/14/17 12:36:57 184867 seconds since last log event
05/14/17 12:36:57 Pending DAG nodes:
05/14/17 12:36:57   Node cbow_mean_soft, HTCondor ID 1236, status STATUS_SUBMITTED
05/14/17 12:46:59 185469 seconds since last log event
05/14/17 12:46:59 Pending DAG nodes:
05/14/17 12:46:59   Node cbow_mean_soft, HTCondor ID 1236, status STATUS_SUBMITTED
05/14/17 12:57:02 186072 seconds since last log event
05/14/17 12:57:02 Pending DAG nodes:
05/14/17 12:57:02   Node cbow_mean_soft, HTCondor ID 1236, status STATUS_SUBMITTED
05/14/17 13:07:04 186674 seconds since last log event
05/14/17 13:07:04 Pending DAG nodes:
05/14/17 13:07:04   Node cbow_mean_soft, HTCondor ID 1236, status STATUS_SUBMITTED
05/14/17 13:17:07 187277 seconds since last log event
05/14/17 13:17:07 Pending DAG nodes:
05/14/17 13:17:07   Node cbow_mean_soft, HTCondor ID 1236, status STATUS_SUBMITTED
05/14/17 13:27:09 187879 seconds since last log event
05/14/17 13:27:09 Pending DAG nodes:
05/14/17 13:27:09   Node cbow_mean_soft, HTCondor ID 1236, status STATUS_SUBMITTED
05/14/17 13:37:11 188481 seconds since last log event
05/14/17 13:37:11 Pending DAG nodes:
05/14/17 13:37:11   Node cbow_mean_soft, HTCondor ID 1236, status STATUS_SUBMITTED
05/14/17 13:47:14 189084 seconds since last log event
05/14/17 13:47:14 Pending DAG nodes:
05/14/17 13:47:14   Node cbow_mean_soft, HTCondor ID 1236, status STATUS_SUBMITTED
05/14/17 13:57:17 189687 seconds since last log event
05/14/17 13:57:17 Pending DAG nodes:
05/14/17 13:57:17   Node cbow_mean_soft, HTCondor ID 1236, status STATUS_SUBMITTED
05/14/17 14:07:20 190290 seconds since last log event
05/14/17 14:07:20 Pending DAG nodes:
05/14/17 14:07:20   Node cbow_mean_soft, HTCondor ID 1236, status STATUS_SUBMITTED
05/14/17 14:17:22 190892 seconds since last log event
05/14/17 14:17:22 Pending DAG nodes:
05/14/17 14:17:22   Node cbow_mean_soft, HTCondor ID 1236, status STATUS_SUBMITTED
05/14/17 14:27:24 191494 seconds since last log event
05/14/17 14:27:24 Pending DAG nodes:
05/14/17 14:27:24   Node cbow_mean_soft, HTCondor ID 1236, status STATUS_SUBMITTED
05/14/17 14:37:26 192096 seconds since last log event
05/14/17 14:37:26 Pending DAG nodes:
05/14/17 14:37:26   Node cbow_mean_soft, HTCondor ID 1236, status STATUS_SUBMITTED
05/14/17 14:47:29 192699 seconds since last log event
05/14/17 14:47:29 Pending DAG nodes:
05/14/17 14:47:29   Node cbow_mean_soft, HTCondor ID 1236, status STATUS_SUBMITTED
05/14/17 14:57:31 193301 seconds since last log event
05/14/17 14:57:31 Pending DAG nodes:
05/14/17 14:57:31   Node cbow_mean_soft, HTCondor ID 1236, status STATUS_SUBMITTED
05/14/17 15:07:33 193903 seconds since last log event
05/14/17 15:07:33 Pending DAG nodes:
05/14/17 15:07:33   Node cbow_mean_soft, HTCondor ID 1236, status STATUS_SUBMITTED
05/14/17 15:17:36 194506 seconds since last log event
05/14/17 15:17:36 Pending DAG nodes:
05/14/17 15:17:36   Node cbow_mean_soft, HTCondor ID 1236, status STATUS_SUBMITTED
05/14/17 15:27:38 195108 seconds since last log event
05/14/17 15:27:38 Pending DAG nodes:
05/14/17 15:27:38   Node cbow_mean_soft, HTCondor ID 1236, status STATUS_SUBMITTED
05/14/17 15:37:40 195710 seconds since last log event
05/14/17 15:37:40 Pending DAG nodes:
05/14/17 15:37:40   Node cbow_mean_soft, HTCondor ID 1236, status STATUS_SUBMITTED
05/14/17 15:47:43 196313 seconds since last log event
05/14/17 15:47:43 Pending DAG nodes:
05/14/17 15:47:43   Node cbow_mean_soft, HTCondor ID 1236, status STATUS_SUBMITTED
05/14/17 15:57:45 196915 seconds since last log event
05/14/17 15:57:45 Pending DAG nodes:
05/14/17 15:57:45   Node cbow_mean_soft, HTCondor ID 1236, status STATUS_SUBMITTED
05/14/17 16:07:47 197517 seconds since last log event
05/14/17 16:07:47 Pending DAG nodes:
05/14/17 16:07:47   Node cbow_mean_soft, HTCondor ID 1236, status STATUS_SUBMITTED
05/14/17 16:17:49 198119 seconds since last log event
05/14/17 16:17:49 Pending DAG nodes:
05/14/17 16:17:49   Node cbow_mean_soft, HTCondor ID 1236, status STATUS_SUBMITTED
05/14/17 16:27:50 198720 seconds since last log event
05/14/17 16:27:50 Pending DAG nodes:
05/14/17 16:27:50   Node cbow_mean_soft, HTCondor ID 1236, status STATUS_SUBMITTED
05/14/17 16:37:52 199322 seconds since last log event
05/14/17 16:37:52 Pending DAG nodes:
05/14/17 16:37:52   Node cbow_mean_soft, HTCondor ID 1236, status STATUS_SUBMITTED
05/14/17 16:47:55 199925 seconds since last log event
05/14/17 16:47:55 Pending DAG nodes:
05/14/17 16:47:55   Node cbow_mean_soft, HTCondor ID 1236, status STATUS_SUBMITTED
05/14/17 16:57:56 200526 seconds since last log event
05/14/17 16:57:56 Pending DAG nodes:
05/14/17 16:57:56   Node cbow_mean_soft, HTCondor ID 1236, status STATUS_SUBMITTED
05/14/17 17:07:58 201128 seconds since last log event
05/14/17 17:07:58 Pending DAG nodes:
05/14/17 17:07:58   Node cbow_mean_soft, HTCondor ID 1236, status STATUS_SUBMITTED
05/14/17 17:18:01 201731 seconds since last log event
05/14/17 17:18:01 Pending DAG nodes:
05/14/17 17:18:01   Node cbow_mean_soft, HTCondor ID 1236, status STATUS_SUBMITTED
05/14/17 17:28:03 202333 seconds since last log event
05/14/17 17:28:03 Pending DAG nodes:
05/14/17 17:28:03   Node cbow_mean_soft, HTCondor ID 1236, status STATUS_SUBMITTED
05/14/17 17:38:06 202936 seconds since last log event
05/14/17 17:38:06 Pending DAG nodes:
05/14/17 17:38:06   Node cbow_mean_soft, HTCondor ID 1236, status STATUS_SUBMITTED
05/14/17 17:48:09 203539 seconds since last log event
05/14/17 17:48:09 Pending DAG nodes:
05/14/17 17:48:09   Node cbow_mean_soft, HTCondor ID 1236, status STATUS_SUBMITTED
05/14/17 17:58:11 204141 seconds since last log event
05/14/17 17:58:11 Pending DAG nodes:
05/14/17 17:58:11   Node cbow_mean_soft, HTCondor ID 1236, status STATUS_SUBMITTED
05/14/17 18:08:13 204743 seconds since last log event
05/14/17 18:08:13 Pending DAG nodes:
05/14/17 18:08:13   Node cbow_mean_soft, HTCondor ID 1236, status STATUS_SUBMITTED
05/14/17 18:18:15 205345 seconds since last log event
05/14/17 18:18:15 Pending DAG nodes:
05/14/17 18:18:15   Node cbow_mean_soft, HTCondor ID 1236, status STATUS_SUBMITTED
05/14/17 18:28:17 205947 seconds since last log event
05/14/17 18:28:17 Pending DAG nodes:
05/14/17 18:28:17   Node cbow_mean_soft, HTCondor ID 1236, status STATUS_SUBMITTED
05/14/17 18:38:19 206549 seconds since last log event
05/14/17 18:38:19 Pending DAG nodes:
05/14/17 18:38:19   Node cbow_mean_soft, HTCondor ID 1236, status STATUS_SUBMITTED
05/14/17 18:48:21 207151 seconds since last log event
05/14/17 18:48:21 Pending DAG nodes:
05/14/17 18:48:21   Node cbow_mean_soft, HTCondor ID 1236, status STATUS_SUBMITTED
05/14/17 18:58:23 207753 seconds since last log event
05/14/17 18:58:23 Pending DAG nodes:
05/14/17 18:58:23   Node cbow_mean_soft, HTCondor ID 1236, status STATUS_SUBMITTED
05/14/17 19:08:25 208355 seconds since last log event
05/14/17 19:08:25 Pending DAG nodes:
05/14/17 19:08:25   Node cbow_mean_soft, HTCondor ID 1236, status STATUS_SUBMITTED
05/14/17 19:18:27 208957 seconds since last log event
05/14/17 19:18:27 Pending DAG nodes:
05/14/17 19:18:27   Node cbow_mean_soft, HTCondor ID 1236, status STATUS_SUBMITTED
05/14/17 19:28:30 209560 seconds since last log event
05/14/17 19:28:30 Pending DAG nodes:
05/14/17 19:28:30   Node cbow_mean_soft, HTCondor ID 1236, status STATUS_SUBMITTED
05/14/17 19:38:32 210162 seconds since last log event
05/14/17 19:38:32 Pending DAG nodes:
05/14/17 19:38:32   Node cbow_mean_soft, HTCondor ID 1236, status STATUS_SUBMITTED
05/14/17 19:48:34 210764 seconds since last log event
05/14/17 19:48:34 Pending DAG nodes:
05/14/17 19:48:34   Node cbow_mean_soft, HTCondor ID 1236, status STATUS_SUBMITTED
05/14/17 19:58:35 211365 seconds since last log event
05/14/17 19:58:35 Pending DAG nodes:
05/14/17 19:58:35   Node cbow_mean_soft, HTCondor ID 1236, status STATUS_SUBMITTED
05/14/17 20:08:37 211967 seconds since last log event
05/14/17 20:08:37 Pending DAG nodes:
05/14/17 20:08:37   Node cbow_mean_soft, HTCondor ID 1236, status STATUS_SUBMITTED
05/14/17 20:18:40 212570 seconds since last log event
05/14/17 20:18:40 Pending DAG nodes:
05/14/17 20:18:40   Node cbow_mean_soft, HTCondor ID 1236, status STATUS_SUBMITTED
05/14/17 20:28:42 213172 seconds since last log event
05/14/17 20:28:42 Pending DAG nodes:
05/14/17 20:28:42   Node cbow_mean_soft, HTCondor ID 1236, status STATUS_SUBMITTED
05/14/17 20:38:44 213774 seconds since last log event
05/14/17 20:38:44 Pending DAG nodes:
05/14/17 20:38:44   Node cbow_mean_soft, HTCondor ID 1236, status STATUS_SUBMITTED
05/14/17 20:48:46 214376 seconds since last log event
05/14/17 20:48:46 Pending DAG nodes:
05/14/17 20:48:46   Node cbow_mean_soft, HTCondor ID 1236, status STATUS_SUBMITTED
05/14/17 20:58:48 214978 seconds since last log event
05/14/17 20:58:48 Pending DAG nodes:
05/14/17 20:58:48   Node cbow_mean_soft, HTCondor ID 1236, status STATUS_SUBMITTED
05/14/17 21:08:52 215582 seconds since last log event
05/14/17 21:08:52 Pending DAG nodes:
05/14/17 21:08:52   Node cbow_mean_soft, HTCondor ID 1236, status STATUS_SUBMITTED
05/14/17 21:18:54 216184 seconds since last log event
05/14/17 21:18:54 Pending DAG nodes:
05/14/17 21:18:54   Node cbow_mean_soft, HTCondor ID 1236, status STATUS_SUBMITTED
05/14/17 21:28:57 216787 seconds since last log event
05/14/17 21:28:57 Pending DAG nodes:
05/14/17 21:28:57   Node cbow_mean_soft, HTCondor ID 1236, status STATUS_SUBMITTED
05/14/17 21:38:59 217389 seconds since last log event
05/14/17 21:38:59 Pending DAG nodes:
05/14/17 21:38:59   Node cbow_mean_soft, HTCondor ID 1236, status STATUS_SUBMITTED
05/14/17 21:49:01 217991 seconds since last log event
05/14/17 21:49:01 Pending DAG nodes:
05/14/17 21:49:01   Node cbow_mean_soft, HTCondor ID 1236, status STATUS_SUBMITTED
05/14/17 21:59:04 218594 seconds since last log event
05/14/17 21:59:04 Pending DAG nodes:
05/14/17 21:59:04   Node cbow_mean_soft, HTCondor ID 1236, status STATUS_SUBMITTED
05/14/17 22:09:06 219196 seconds since last log event
05/14/17 22:09:06 Pending DAG nodes:
05/14/17 22:09:06   Node cbow_mean_soft, HTCondor ID 1236, status STATUS_SUBMITTED
05/14/17 22:19:08 219798 seconds since last log event
05/14/17 22:19:08 Pending DAG nodes:
05/14/17 22:19:08   Node cbow_mean_soft, HTCondor ID 1236, status STATUS_SUBMITTED
