000 (1383.000.000) 05/21 14:40:46 Job submitted from host: <10.33.133.154:9618?addrs=10.33.133.154-9618+[--1]-9618&noUDP&sock=1383_3391_3>
    DAG Node: extended_topic_1
...
001 (1383.000.000) 05/21 15:32:58 Job executing on host: <10.33.133.115:9618?addrs=10.33.133.115-9618+[--1]-9618&noUDP&sock=1198_4e8c_3>
...
006 (1383.000.000) 05/21 15:33:06 Image size of job updated: 84928
	53  -  MemoryUsage of job (MB)
	53824  -  ResidentSetSize of job (KB)
...
006 (1383.000.000) 05/21 15:38:06 Image size of job updated: 2155656
	1744  -  MemoryUsage of job (MB)
	1784912  -  ResidentSetSize of job (KB)
...
006 (1383.000.000) 05/21 15:43:07 Image size of job updated: 2156480
	1744  -  MemoryUsage of job (MB)
	1785736  -  ResidentSetSize of job (KB)
...
006 (1383.000.000) 05/21 15:48:08 Image size of job updated: 2156984
	1745  -  MemoryUsage of job (MB)
	1786240  -  ResidentSetSize of job (KB)
...
006 (1383.000.000) 05/21 15:53:08 Image size of job updated: 2157756
	1746  -  MemoryUsage of job (MB)
	1787012  -  ResidentSetSize of job (KB)
...
006 (1383.000.000) 05/21 15:58:08 Image size of job updated: 2158024
	1746  -  MemoryUsage of job (MB)
	1787280  -  ResidentSetSize of job (KB)
...
006 (1383.000.000) 05/21 16:03:09 Image size of job updated: 2158396
	1746  -  MemoryUsage of job (MB)
	1787652  -  ResidentSetSize of job (KB)
...
006 (1383.000.000) 05/21 16:18:10 Image size of job updated: 2158644
	1746  -  MemoryUsage of job (MB)
	1787900  -  ResidentSetSize of job (KB)
...
006 (1383.000.000) 05/21 16:23:11 Image size of job updated: 2159920
	1748  -  MemoryUsage of job (MB)
	1789176  -  ResidentSetSize of job (KB)
...
006 (1383.000.000) 05/21 17:23:16 Image size of job updated: 2159928
	1748  -  MemoryUsage of job (MB)
	1789184  -  ResidentSetSize of job (KB)
...
