000 (1375.000.000) 05/21 08:01:22 Job submitted from host: <10.33.133.154:9618?addrs=10.33.133.154-9618+[--1]-9618&noUDP&sock=1383_3391_3>
    DAG Node: topic_lda
...
001 (1375.000.000) 05/21 08:03:25 Job executing on host: <10.33.133.57:9618?addrs=10.33.133.57-9618+[--1]-9618&noUDP&sock=1510_5018_3>
...
006 (1375.000.000) 05/21 08:03:33 Image size of job updated: 704192
	688  -  MemoryUsage of job (MB)
	704192  -  ResidentSetSize of job (KB)
...
006 (1375.000.000) 05/21 08:08:33 Image size of job updated: 1958892
	1656  -  MemoryUsage of job (MB)
	1695712  -  ResidentSetSize of job (KB)
...
006 (1375.000.000) 05/21 08:13:33 Image size of job updated: 1966908
	1664  -  MemoryUsage of job (MB)
	1703728  -  ResidentSetSize of job (KB)
...
006 (1375.000.000) 05/21 08:18:33 Image size of job updated: 1974616
	1672  -  MemoryUsage of job (MB)
	1711436  -  ResidentSetSize of job (KB)
...
006 (1375.000.000) 05/21 08:23:34 Image size of job updated: 1982392
	1679  -  MemoryUsage of job (MB)
	1719212  -  ResidentSetSize of job (KB)
...
006 (1375.000.000) 05/21 08:28:35 Image size of job updated: 1982928
	1680  -  MemoryUsage of job (MB)
	1719748  -  ResidentSetSize of job (KB)
...
006 (1375.000.000) 05/21 08:33:36 Image size of job updated: 1982936
	1680  -  MemoryUsage of job (MB)
	1719756  -  ResidentSetSize of job (KB)
...
006 (1375.000.000) 05/21 08:38:37 Image size of job updated: 1982940
	1680  -  MemoryUsage of job (MB)
	1719760  -  ResidentSetSize of job (KB)
...
006 (1375.000.000) 05/21 08:48:37 Image size of job updated: 1982948
	1680  -  MemoryUsage of job (MB)
	1719768  -  ResidentSetSize of job (KB)
...
006 (1375.000.000) 05/21 08:53:37 Image size of job updated: 1982956
	1680  -  MemoryUsage of job (MB)
	1719776  -  ResidentSetSize of job (KB)
...
006 (1375.000.000) 05/21 09:03:38 Image size of job updated: 1982960
	1680  -  MemoryUsage of job (MB)
	1719780  -  ResidentSetSize of job (KB)
...
006 (1375.000.000) 05/21 09:08:39 Image size of job updated: 1983164
	1680  -  MemoryUsage of job (MB)
	1719984  -  ResidentSetSize of job (KB)
...
006 (1375.000.000) 05/21 09:18:41 Image size of job updated: 1991372
	1688  -  MemoryUsage of job (MB)
	1728192  -  ResidentSetSize of job (KB)
...
006 (1375.000.000) 05/21 11:28:54 Image size of job updated: 1991376
	1688  -  MemoryUsage of job (MB)
	1728196  -  ResidentSetSize of job (KB)
...
006 (1375.000.000) 05/21 13:29:06 Image size of job updated: 1991384
	1688  -  MemoryUsage of job (MB)
	1728204  -  ResidentSetSize of job (KB)
...
006 (1375.000.000) 05/21 13:44:07 Image size of job updated: 1991660
	1688  -  MemoryUsage of job (MB)
	1728480  -  ResidentSetSize of job (KB)
...
006 (1375.000.000) 05/21 13:54:07 Image size of job updated: 1991664
	1688  -  MemoryUsage of job (MB)
	1728484  -  ResidentSetSize of job (KB)
...
006 (1375.000.000) 05/21 14:59:13 Image size of job updated: 1991680
	1688  -  MemoryUsage of job (MB)
	1728500  -  ResidentSetSize of job (KB)
...
006 (1375.000.000) 05/21 15:59:18 Image size of job updated: 1991684
	1688  -  MemoryUsage of job (MB)
	1728504  -  ResidentSetSize of job (KB)
...
006 (1375.000.000) 05/21 16:29:22 Image size of job updated: 1991796
	1689  -  MemoryUsage of job (MB)
	1728616  -  ResidentSetSize of job (KB)
...
006 (1375.000.000) 05/21 16:49:25 Image size of job updated: 1992820
	1690  -  MemoryUsage of job (MB)
	1729640  -  ResidentSetSize of job (KB)
...
006 (1375.000.000) 05/21 17:19:28 Image size of job updated: 2230236
	1921  -  MemoryUsage of job (MB)
	1967056  -  ResidentSetSize of job (KB)
...
006 (1375.000.000) 05/21 17:24:29 Image size of job updated: 2230236
	1925  -  MemoryUsage of job (MB)
	1971008  -  ResidentSetSize of job (KB)
...
006 (1375.000.000) 05/21 19:52:07 Image size of job updated: 89647604
	1925  -  MemoryUsage of job (MB)
	1971008  -  ResidentSetSize of job (KB)
...
005 (1375.000.000) 05/21 19:52:07 Job terminated.
	(1) Normal termination (return value 0)
		Usr 0 07:38:35, Sys 0 01:11:40  -  Run Remote Usage
		Usr 0 00:00:00, Sys 0 00:00:00  -  Run Local Usage
		Usr 0 07:38:35, Sys 0 01:11:40  -  Total Remote Usage
		Usr 0 00:00:00, Sys 0 00:00:00  -  Total Local Usage
	0  -  Run Bytes Sent By Job
	0  -  Run Bytes Received By Job
	0  -  Total Bytes Sent By Job
	0  -  Total Bytes Received By Job
	Partitionable Resources :    Usage  Request Allocated
	   Cpus                 :                 1         1
	   Disk (KB)            :        7        7  31724175
	   Gpus                 :                 1         1
	   Memory (MB)          :     1925     4096      4096
...
