000 (1392.000.000) 05/21 19:52:14 Job submitted from host: <10.33.133.154:9618?addrs=10.33.133.154-9618+[--1]-9618&noUDP&sock=1383_3391_3>
    DAG Node: topic_int
...
001 (1392.000.000) 05/22 02:36:03 Job executing on host: <10.33.133.57:9618?addrs=10.33.133.57-9618+[--1]-9618&noUDP&sock=1510_5018_3>
...
006 (1392.000.000) 05/22 02:36:11 Image size of job updated: 772420
	755  -  MemoryUsage of job (MB)
	772420  -  ResidentSetSize of job (KB)
...
006 (1392.000.000) 05/22 02:41:11 Image size of job updated: 1944348
	1642  -  MemoryUsage of job (MB)
	1680540  -  ResidentSetSize of job (KB)
...
006 (1392.000.000) 05/22 02:46:11 Image size of job updated: 1954180
	1651  -  MemoryUsage of job (MB)
	1690372  -  ResidentSetSize of job (KB)
...
006 (1392.000.000) 05/22 02:51:12 Image size of job updated: 1963268
	1660  -  MemoryUsage of job (MB)
	1699460  -  ResidentSetSize of job (KB)
...
006 (1392.000.000) 05/22 02:56:13 Image size of job updated: 1964212
	1661  -  MemoryUsage of job (MB)
	1700404  -  ResidentSetSize of job (KB)
...
006 (1392.000.000) 05/22 03:01:14 Image size of job updated: 1965748
	1663  -  MemoryUsage of job (MB)
	1701940  -  ResidentSetSize of job (KB)
...
006 (1392.000.000) 05/22 03:06:14 Image size of job updated: 1968612
	1665  -  MemoryUsage of job (MB)
	1704804  -  ResidentSetSize of job (KB)
...
006 (1392.000.000) 05/22 03:11:14 Image size of job updated: 1977696
	1674  -  MemoryUsage of job (MB)
	1713888  -  ResidentSetSize of job (KB)
...
006 (1392.000.000) 05/22 03:16:15 Image size of job updated: 1986364
	1683  -  MemoryUsage of job (MB)
	1722556  -  ResidentSetSize of job (KB)
...
006 (1392.000.000) 05/22 03:21:16 Image size of job updated: 1994584
	1691  -  MemoryUsage of job (MB)
	1730776  -  ResidentSetSize of job (KB)
...
006 (1392.000.000) 05/22 03:26:17 Image size of job updated: 1996144
	1692  -  MemoryUsage of job (MB)
	1732336  -  ResidentSetSize of job (KB)
...
006 (1392.000.000) 05/22 03:31:17 Image size of job updated: 1997556
	1694  -  MemoryUsage of job (MB)
	1733748  -  ResidentSetSize of job (KB)
...
006 (1392.000.000) 05/22 03:36:17 Image size of job updated: 1998004
	1694  -  MemoryUsage of job (MB)
	1734196  -  ResidentSetSize of job (KB)
...
006 (1392.000.000) 05/22 03:41:17 Image size of job updated: 2001124
	1697  -  MemoryUsage of job (MB)
	1737316  -  ResidentSetSize of job (KB)
...
006 (1392.000.000) 05/22 03:46:17 Image size of job updated: 2002064
	1698  -  MemoryUsage of job (MB)
	1738256  -  ResidentSetSize of job (KB)
...
006 (1392.000.000) 05/22 03:51:18 Image size of job updated: 2005864
	1702  -  MemoryUsage of job (MB)
	1742056  -  ResidentSetSize of job (KB)
...
006 (1392.000.000) 05/22 03:56:19 Image size of job updated: 2009208
	1705  -  MemoryUsage of job (MB)
	1745400  -  ResidentSetSize of job (KB)
...
006 (1392.000.000) 05/22 04:01:19 Image size of job updated: 2011084
	1707  -  MemoryUsage of job (MB)
	1747276  -  ResidentSetSize of job (KB)
...
006 (1392.000.000) 05/22 04:06:19 Image size of job updated: 2016784
	1712  -  MemoryUsage of job (MB)
	1752976  -  ResidentSetSize of job (KB)
...
006 (1392.000.000) 05/22 04:11:19 Image size of job updated: 2019516
	1715  -  MemoryUsage of job (MB)
	1755708  -  ResidentSetSize of job (KB)
...
006 (1392.000.000) 05/22 04:16:20 Image size of job updated: 2021212
	1717  -  MemoryUsage of job (MB)
	1757404  -  ResidentSetSize of job (KB)
...
006 (1392.000.000) 05/22 04:21:21 Image size of job updated: 2024044
	1719  -  MemoryUsage of job (MB)
	1760236  -  ResidentSetSize of job (KB)
...
006 (1392.000.000) 05/22 04:26:22 Image size of job updated: 2028012
	1723  -  MemoryUsage of job (MB)
	1764204  -  ResidentSetSize of job (KB)
...
006 (1392.000.000) 05/22 04:31:22 Image size of job updated: 2031284
	1727  -  MemoryUsage of job (MB)
	1767476  -  ResidentSetSize of job (KB)
...
006 (1392.000.000) 05/22 04:36:22 Image size of job updated: 2039748
	1735  -  MemoryUsage of job (MB)
	1775940  -  ResidentSetSize of job (KB)
...
006 (1392.000.000) 05/22 04:41:23 Image size of job updated: 2040652
	1736  -  MemoryUsage of job (MB)
	1776844  -  ResidentSetSize of job (KB)
...
006 (1392.000.000) 05/22 04:46:24 Image size of job updated: 2043580
	1739  -  MemoryUsage of job (MB)
	1779772  -  ResidentSetSize of job (KB)
...
006 (1392.000.000) 05/22 04:51:25 Image size of job updated: 2051792
	1747  -  MemoryUsage of job (MB)
	1787984  -  ResidentSetSize of job (KB)
...
006 (1392.000.000) 05/22 04:56:25 Image size of job updated: 2053980
	1749  -  MemoryUsage of job (MB)
	1790172  -  ResidentSetSize of job (KB)
...
006 (1392.000.000) 05/22 05:01:25 Image size of job updated: 2055268
	1750  -  MemoryUsage of job (MB)
	1791460  -  ResidentSetSize of job (KB)
...
006 (1392.000.000) 05/22 05:06:26 Image size of job updated: 2056724
	1751  -  MemoryUsage of job (MB)
	1792916  -  ResidentSetSize of job (KB)
...
006 (1392.000.000) 05/22 05:11:27 Image size of job updated: 2058384
	1753  -  MemoryUsage of job (MB)
	1794576  -  ResidentSetSize of job (KB)
...
006 (1392.000.000) 05/22 05:16:27 Image size of job updated: 2061832
	1756  -  MemoryUsage of job (MB)
	1798024  -  ResidentSetSize of job (KB)
...
006 (1392.000.000) 05/22 05:21:27 Image size of job updated: 2064464
	1759  -  MemoryUsage of job (MB)
	1800656  -  ResidentSetSize of job (KB)
...
006 (1392.000.000) 05/22 05:26:27 Image size of job updated: 2065144
	1760  -  MemoryUsage of job (MB)
	1801336  -  ResidentSetSize of job (KB)
...
006 (1392.000.000) 05/22 05:31:28 Image size of job updated: 2067384
	1762  -  MemoryUsage of job (MB)
	1803576  -  ResidentSetSize of job (KB)
...
006 (1392.000.000) 05/22 05:36:29 Image size of job updated: 2069620
	1764  -  MemoryUsage of job (MB)
	1805812  -  ResidentSetSize of job (KB)
...
006 (1392.000.000) 05/22 05:41:29 Image size of job updated: 2070392
	1765  -  MemoryUsage of job (MB)
	1806584  -  ResidentSetSize of job (KB)
...
006 (1392.000.000) 05/22 05:46:29 Image size of job updated: 2077104
	1771  -  MemoryUsage of job (MB)
	1813296  -  ResidentSetSize of job (KB)
...
006 (1392.000.000) 05/22 05:51:29 Image size of job updated: 2077916
	1772  -  MemoryUsage of job (MB)
	1814108  -  ResidentSetSize of job (KB)
...
006 (1392.000.000) 05/22 05:56:30 Image size of job updated: 2079408
	1774  -  MemoryUsage of job (MB)
	1815600  -  ResidentSetSize of job (KB)
...
006 (1392.000.000) 05/22 06:01:32 Image size of job updated: 2082012
	1776  -  MemoryUsage of job (MB)
	1818204  -  ResidentSetSize of job (KB)
...
006 (1392.000.000) 05/22 06:06:32 Image size of job updated: 2086184
	1780  -  MemoryUsage of job (MB)
	1822376  -  ResidentSetSize of job (KB)
...
006 (1392.000.000) 05/22 06:11:32 Image size of job updated: 2087696
	1782  -  MemoryUsage of job (MB)
	1823888  -  ResidentSetSize of job (KB)
...
006 (1392.000.000) 05/22 06:16:32 Image size of job updated: 2093652
	1787  -  MemoryUsage of job (MB)
	1829844  -  ResidentSetSize of job (KB)
...
006 (1392.000.000) 05/22 06:21:33 Image size of job updated: 2095100
	1789  -  MemoryUsage of job (MB)
	1831292  -  ResidentSetSize of job (KB)
...
006 (1392.000.000) 05/22 06:26:34 Image size of job updated: 2103268
	1797  -  MemoryUsage of job (MB)
	1839460  -  ResidentSetSize of job (KB)
...
006 (1392.000.000) 05/22 06:31:35 Image size of job updated: 2103692
	1797  -  MemoryUsage of job (MB)
	1839884  -  ResidentSetSize of job (KB)
...
006 (1392.000.000) 05/22 06:36:35 Image size of job updated: 2105488
	1799  -  MemoryUsage of job (MB)
	1841680  -  ResidentSetSize of job (KB)
...
006 (1392.000.000) 05/22 06:41:35 Image size of job updated: 2106332
	1800  -  MemoryUsage of job (MB)
	1842524  -  ResidentSetSize of job (KB)
...
006 (1392.000.000) 05/22 06:46:36 Image size of job updated: 2109960
	1803  -  MemoryUsage of job (MB)
	1846152  -  ResidentSetSize of job (KB)
...
006 (1392.000.000) 05/22 06:51:37 Image size of job updated: 2116708
	1810  -  MemoryUsage of job (MB)
	1852900  -  ResidentSetSize of job (KB)
...
006 (1392.000.000) 05/22 06:56:38 Image size of job updated: 2118640
	1812  -  MemoryUsage of job (MB)
	1854832  -  ResidentSetSize of job (KB)
...
006 (1392.000.000) 05/22 07:01:38 Image size of job updated: 2124352
	1817  -  MemoryUsage of job (MB)
	1860544  -  ResidentSetSize of job (KB)
...
006 (1392.000.000) 05/22 07:06:38 Image size of job updated: 2125064
	1818  -  MemoryUsage of job (MB)
	1861256  -  ResidentSetSize of job (KB)
...
006 (1392.000.000) 05/22 07:11:38 Image size of job updated: 2126996
	1820  -  MemoryUsage of job (MB)
	1863188  -  ResidentSetSize of job (KB)
...
006 (1392.000.000) 05/22 07:14:07 Image size of job updated: 2136064
	1820  -  MemoryUsage of job (MB)
	1863188  -  ResidentSetSize of job (KB)
...
005 (1392.000.000) 05/22 07:14:07 Job terminated.
	(1) Normal termination (return value 0)
		Usr 0 06:09:15, Sys 0 00:58:22  -  Run Remote Usage
		Usr 0 00:00:00, Sys 0 00:00:00  -  Run Local Usage
		Usr 0 06:09:15, Sys 0 00:58:22  -  Total Remote Usage
		Usr 0 00:00:00, Sys 0 00:00:00  -  Total Local Usage
	0  -  Run Bytes Sent By Job
	0  -  Run Bytes Received By Job
	0  -  Total Bytes Sent By Job
	0  -  Total Bytes Received By Job
	Partitionable Resources :    Usage  Request Allocated
	   Cpus                 :                 1         1
	   Disk (KB)            :        7        7  31257664
	   Gpus                 :                 1         1
	   Memory (MB)          :     1820     4096      4096
...
