I tensorflow/stream_executor/dso_loader.cc:128] successfully opened CUDA library libcublas.so locally
I tensorflow/stream_executor/dso_loader.cc:128] successfully opened CUDA library libcudnn.so locally
I tensorflow/stream_executor/dso_loader.cc:128] successfully opened CUDA library libcufft.so locally
I tensorflow/stream_executor/dso_loader.cc:128] successfully opened CUDA library libcuda.so.1 locally
I tensorflow/stream_executor/dso_loader.cc:128] successfully opened CUDA library libcurand.so locally
/users/start2014/r0364650/.local/lib/python2.7/site-packages/gensim/utils.py:1015: UserWarning: Pattern library is not installed, lemmatization won't be available.
  warnings.warn("Pattern library is not installed, lemmatization won't be available.")
/users/start2014/r0364650/.local/lib/python2.7/site-packages/tensorflow/python/ops/gradients_impl.py:91: UserWarning: Converting sparse IndexedSlices to a dense Tensor of unknown shape. This may consume a large amount of memory.
  "Converting sparse IndexedSlices to a dense Tensor of unknown shape. "
I tensorflow/stream_executor/cuda/cuda_gpu_executor.cc:937] successful NUMA node read from SysFS had negative value (-1), but there must be at least one NUMA node, so returning NUMA node zero
I tensorflow/core/common_runtime/gpu/gpu_device.cc:885] Found device 0 with properties: 
name: GeForce GTX 980 Ti
major: 5 minor: 2 memoryClockRate (GHz) 1.19
pciBusID 0000:02:00.0
Total memory: 5.94GiB
Free memory: 5.83GiB
I tensorflow/core/common_runtime/gpu/gpu_device.cc:906] DMA: 0 
I tensorflow/core/common_runtime/gpu/gpu_device.cc:916] 0:   Y 
I tensorflow/core/common_runtime/gpu/gpu_device.cc:975] Creating TensorFlow device (/gpu:0) -> (device: 0, name: GeForce GTX 980 Ti, pci bus id: 0000:02:00.0)
I tensorflow/core/common_runtime/gpu/pool_allocator.cc:247] PoolAllocator: After 12472 get requests, put_count=12375 evicted_count=1000 eviction_rate=0.0808081 and unsatisfied allocation rate=0.095975
I tensorflow/core/common_runtime/gpu/pool_allocator.cc:259] Raising pool_size_limit_ from 100 to 110
I tensorflow/core/common_runtime/gpu/pool_allocator.cc:247] PoolAllocator: After 544968 get requests, put_count=544976 evicted_count=1000 eviction_rate=0.00183494 and unsatisfied allocation rate=0.00186249
I tensorflow/core/common_runtime/gpu/pool_allocator.cc:247] PoolAllocator: After 7258410 get requests, put_count=7258413 evicted_count=9000 eviction_rate=0.00123994 and unsatisfied allocation rate=0.00124297
I tensorflow/core/common_runtime/gpu/pool_allocator.cc:247] PoolAllocator: After 15273198 get requests, put_count=15273200 evicted_count=19000 eviction_rate=0.00124401 and unsatisfied allocation rate=0.00124552
I tensorflow/core/common_runtime/gpu/pool_allocator.cc:247] PoolAllocator: After 23289552 get requests, put_count=23289554 evicted_count=29000 eviction_rate=0.00124519 and unsatisfied allocation rate=0.00124618
I tensorflow/core/common_runtime/gpu/pool_allocator.cc:247] PoolAllocator: After 31305906 get requests, put_count=31305909 evicted_count=39000 eviction_rate=0.00124577 and unsatisfied allocation rate=0.00124647
I tensorflow/core/common_runtime/gpu/pool_allocator.cc:247] PoolAllocator: After 39220470 get requests, put_count=39220472 evicted_count=49000 eviction_rate=0.00124935 and unsatisfied allocation rate=0.00124993
I tensorflow/core/common_runtime/gpu/pool_allocator.cc:247] PoolAllocator: After 47070828 get requests, put_count=47070831 evicted_count=59000 eviction_rate=0.00125343 and unsatisfied allocation rate=0.0012539
I tensorflow/core/common_runtime/gpu/pool_allocator.cc:247] PoolAllocator: After 54903960 get requests, put_count=54903962 evicted_count=69000 eviction_rate=0.00125674 and unsatisfied allocation rate=0.00125716
I tensorflow/core/common_runtime/gpu/pool_allocator.cc:247] PoolAllocator: After 62752752 get requests, put_count=62752755 evicted_count=79000 eviction_rate=0.00125891 and unsatisfied allocation rate=0.00125926
I tensorflow/core/common_runtime/gpu/pool_allocator.cc:247] PoolAllocator: After 70584318 get requests, put_count=70584321 evicted_count=89000 eviction_rate=0.0012609 and unsatisfied allocation rate=0.00126121
I tensorflow/core/common_runtime/gpu/pool_allocator.cc:247] PoolAllocator: After 78415884 get requests, put_count=78415887 evicted_count=99000 eviction_rate=0.0012625 and unsatisfied allocation rate=0.00126278
I tensorflow/core/common_runtime/gpu/pool_allocator.cc:247] PoolAllocator: After 86238054 get requests, put_count=86238056 evicted_count=109000 eviction_rate=0.00126394 and unsatisfied allocation rate=0.00126421
I tensorflow/core/common_runtime/gpu/pool_allocator.cc:247] PoolAllocator: After 94085280 get requests, put_count=94085282 evicted_count=119000 eviction_rate=0.00126481 and unsatisfied allocation rate=0.00126505
I tensorflow/core/common_runtime/gpu/pool_allocator.cc:247] PoolAllocator: After 101915280 get requests, put_count=101915282 evicted_count=129000 eviction_rate=0.00126576 and unsatisfied allocation rate=0.00126598
I tensorflow/core/common_runtime/gpu/pool_allocator.cc:247] PoolAllocator: After 109753110 get requests, put_count=109753113 evicted_count=139000 eviction_rate=0.00126648 and unsatisfied allocation rate=0.00126668
I tensorflow/core/common_runtime/gpu/pool_allocator.cc:247] PoolAllocator: After 117592506 get requests, put_count=117592508 evicted_count=149000 eviction_rate=0.00126709 and unsatisfied allocation rate=0.00126728
I tensorflow/core/common_runtime/gpu/pool_allocator.cc:247] PoolAllocator: After 125435034 get requests, put_count=125435036 evicted_count=159000 eviction_rate=0.00126759 and unsatisfied allocation rate=0.00126777
I tensorflow/core/common_runtime/gpu/pool_allocator.cc:247] PoolAllocator: After 133268166 get requests, put_count=133268168 evicted_count=169000 eviction_rate=0.00126812 and unsatisfied allocation rate=0.00126829
I tensorflow/core/common_runtime/gpu/pool_allocator.cc:247] PoolAllocator: After 141110694 get requests, put_count=141110696 evicted_count=179000 eviction_rate=0.00126851 and unsatisfied allocation rate=0.00126867
I tensorflow/core/common_runtime/gpu/pool_allocator.cc:247] PoolAllocator: After 148957920 get requests, put_count=148957923 evicted_count=189000 eviction_rate=0.00126881 and unsatisfied allocation rate=0.00126896
I tensorflow/core/common_runtime/gpu/pool_allocator.cc:247] PoolAllocator: After 156811410 get requests, put_count=156811413 evicted_count=199000 eviction_rate=0.00126904 and unsatisfied allocation rate=0.00126918
I tensorflow/core/common_runtime/gpu/pool_allocator.cc:247] PoolAllocator: After 164639844 get requests, put_count=164639846 evicted_count=209000 eviction_rate=0.00126944 and unsatisfied allocation rate=0.00126958
I tensorflow/core/common_runtime/gpu/pool_allocator.cc:247] PoolAllocator: After 172468278 get requests, put_count=172468281 evicted_count=219000 eviction_rate=0.0012698 and unsatisfied allocation rate=0.00126993
I tensorflow/core/common_runtime/gpu/pool_allocator.cc:247] PoolAllocator: After 180290448 get requests, put_count=180290450 evicted_count=229000 eviction_rate=0.00127017 and unsatisfied allocation rate=0.0012703
I tensorflow/core/common_runtime/gpu/pool_allocator.cc:247] PoolAllocator: After 188122014 get requests, put_count=188122017 evicted_count=239000 eviction_rate=0.00127045 and unsatisfied allocation rate=0.00127057
I tensorflow/core/common_runtime/gpu/pool_allocator.cc:247] PoolAllocator: After 195972372 get requests, put_count=195972374 evicted_count=249000 eviction_rate=0.00127059 and unsatisfied allocation rate=0.0012707
I tensorflow/core/common_runtime/gpu/pool_allocator.cc:247] PoolAllocator: After 203805504 get requests, put_count=203805506 evicted_count=259000 eviction_rate=0.00127082 and unsatisfied allocation rate=0.00127093
I tensorflow/core/common_runtime/gpu/pool_allocator.cc:247] PoolAllocator: After 211637070 get requests, put_count=211637072 evicted_count=269000 eviction_rate=0.00127104 and unsatisfied allocation rate=0.00127115
I tensorflow/core/common_runtime/gpu/pool_allocator.cc:247] PoolAllocator: After 219482730 get requests, put_count=219482732 evicted_count=279000 eviction_rate=0.00127117 and unsatisfied allocation rate=0.00127128
I tensorflow/core/common_runtime/gpu/pool_allocator.cc:247] PoolAllocator: After 227322126 get requests, put_count=227322128 evicted_count=289000 eviction_rate=0.00127132 and unsatisfied allocation rate=0.00127142
I tensorflow/core/common_runtime/gpu/pool_allocator.cc:247] PoolAllocator: After 235153692 get requests, put_count=235153694 evicted_count=299000 eviction_rate=0.00127151 and unsatisfied allocation rate=0.00127161
I tensorflow/core/common_runtime/gpu/pool_allocator.cc:247] PoolAllocator: After 242871778 get requests, put_count=242871780 evicted_count=309000 eviction_rate=0.00127228 and unsatisfied allocation rate=0.00127237
I tensorflow/core/common_runtime/gpu/pool_allocator.cc:247] PoolAllocator: After 250725268 get requests, put_count=250725270 evicted_count=319000 eviction_rate=0.00127231 and unsatisfied allocation rate=0.0012724
I tensorflow/core/common_runtime/gpu/pool_allocator.cc:247] PoolAllocator: After 258595984 get requests, put_count=258595987 evicted_count=329000 eviction_rate=0.00127225 and unsatisfied allocation rate=0.00127234
I tensorflow/core/common_runtime/gpu/pool_allocator.cc:247] PoolAllocator: After 266447908 get requests, put_count=266447910 evicted_count=339000 eviction_rate=0.00127229 and unsatisfied allocation rate=0.00127238
I tensorflow/core/common_runtime/gpu/pool_allocator.cc:247] PoolAllocator: After 274292002 get requests, put_count=274292004 evicted_count=349000 eviction_rate=0.00127237 and unsatisfied allocation rate=0.00127245
I tensorflow/core/common_runtime/gpu/pool_allocator.cc:247] PoolAllocator: After 282151756 get requests, put_count=282151758 evicted_count=359000 eviction_rate=0.00127236 and unsatisfied allocation rate=0.00127245
I tensorflow/core/common_runtime/gpu/pool_allocator.cc:247] PoolAllocator: After 290022472 get requests, put_count=290022475 evicted_count=369000 eviction_rate=0.00127232 and unsatisfied allocation rate=0.00127239
I tensorflow/core/common_runtime/gpu/pool_allocator.cc:247] PoolAllocator: After 297894754 get requests, put_count=297894756 evicted_count=379000 eviction_rate=0.00127226 and unsatisfied allocation rate=0.00127234
I tensorflow/core/common_runtime/gpu/pool_allocator.cc:247] PoolAllocator: After 305679340 get requests, put_count=305679343 evicted_count=389000 eviction_rate=0.00127258 and unsatisfied allocation rate=0.00127265
I tensorflow/core/common_runtime/gpu/pool_allocator.cc:247] PoolAllocator: After 313197706 get requests, put_count=313197708 evicted_count=399000 eviction_rate=0.00127396 and unsatisfied allocation rate=0.00127403
I tensorflow/core/common_runtime/gpu/pool_allocator.cc:247] PoolAllocator: After 320828824 get requests, put_count=320828826 evicted_count=409000 eviction_rate=0.00127482 and unsatisfied allocation rate=0.00127489
I tensorflow/core/common_runtime/gpu/pool_allocator.cc:247] PoolAllocator: After 328268890 get requests, put_count=328268892 evicted_count=419000 eviction_rate=0.00127639 and unsatisfied allocation rate=0.00127646
I tensorflow/core/common_runtime/gpu/pool_allocator.cc:247] PoolAllocator: After 335784124 get requests, put_count=335784127 evicted_count=429000 eviction_rate=0.00127761 and unsatisfied allocation rate=0.00127767
I tensorflow/core/common_runtime/gpu/pool_allocator.cc:247] PoolAllocator: After 343299358 get requests, put_count=343299361 evicted_count=439000 eviction_rate=0.00127877 and unsatisfied allocation rate=0.00127883
I tensorflow/core/common_runtime/gpu/pool_allocator.cc:247] PoolAllocator: After 350844346 get requests, put_count=350844348 evicted_count=449000 eviction_rate=0.00127977 and unsatisfied allocation rate=0.00127984
I tensorflow/core/common_runtime/gpu/pool_allocator.cc:247] PoolAllocator: After 358356448 get requests, put_count=358356450 evicted_count=459000 eviction_rate=0.00128085 and unsatisfied allocation rate=0.00128091
I tensorflow/core/common_runtime/gpu/pool_allocator.cc:247] PoolAllocator: After 365840362 get requests, put_count=365840365 evicted_count=469000 eviction_rate=0.00128198 and unsatisfied allocation rate=0.00128204
I tensorflow/core/common_runtime/gpu/pool_allocator.cc:247] PoolAllocator: After 373346200 get requests, put_count=373346202 evicted_count=479000 eviction_rate=0.00128299 and unsatisfied allocation rate=0.00128305
I tensorflow/core/common_runtime/gpu/pool_allocator.cc:247] PoolAllocator: After 380794096 get requests, put_count=380794098 evicted_count=489000 eviction_rate=0.00128416 and unsatisfied allocation rate=0.00128422
I tensorflow/core/common_runtime/gpu/pool_allocator.cc:247] PoolAllocator: After 388367272 get requests, put_count=388367275 evicted_count=499000 eviction_rate=0.00128487 and unsatisfied allocation rate=0.00128492
I tensorflow/core/common_runtime/gpu/pool_allocator.cc:247] PoolAllocator: After 395880940 get requests, put_count=395880942 evicted_count=509000 eviction_rate=0.00128574 and unsatisfied allocation rate=0.0012858
I tensorflow/core/common_runtime/gpu/pool_allocator.cc:247] PoolAllocator: After 403380514 get requests, put_count=403380517 evicted_count=519000 eviction_rate=0.00128663 and unsatisfied allocation rate=0.00128668
I tensorflow/core/common_runtime/gpu/pool_allocator.cc:247] PoolAllocator: After 410897314 get requests, put_count=410897317 evicted_count=529000 eviction_rate=0.00128743 and unsatisfied allocation rate=0.00128748
I tensorflow/core/common_runtime/gpu/pool_allocator.cc:247] PoolAllocator: After 418434472 get requests, put_count=418434475 evicted_count=539000 eviction_rate=0.00128813 and unsatisfied allocation rate=0.00128819
I tensorflow/core/common_runtime/gpu/pool_allocator.cc:247] PoolAllocator: After 425965366 get requests, put_count=425965369 evicted_count=549000 eviction_rate=0.00128884 and unsatisfied allocation rate=0.00128889
I tensorflow/core/common_runtime/gpu/pool_allocator.cc:247] PoolAllocator: After 433546372 get requests, put_count=433546375 evicted_count=559000 eviction_rate=0.00128937 and unsatisfied allocation rate=0.00128942
I tensorflow/core/common_runtime/gpu/pool_allocator.cc:247] PoolAllocator: After 441149302 get requests, put_count=441149304 evicted_count=569000 eviction_rate=0.00128981 and unsatisfied allocation rate=0.00128986
I tensorflow/core/common_runtime/gpu/pool_allocator.cc:247] PoolAllocator: After 448575274 get requests, put_count=448575277 evicted_count=579000 eviction_rate=0.00129075 and unsatisfied allocation rate=0.0012908
I tensorflow/core/common_runtime/gpu/pool_allocator.cc:247] PoolAllocator: After 456171940 get requests, put_count=456171942 evicted_count=589000 eviction_rate=0.00129118 and unsatisfied allocation rate=0.00129123
I tensorflow/core/common_runtime/gpu/pool_allocator.cc:247] PoolAllocator: After 463651156 get requests, put_count=463651159 evicted_count=599000 eviction_rate=0.00129192 and unsatisfied allocation rate=0.00129197
I tensorflow/core/common_runtime/gpu/pool_allocator.cc:247] PoolAllocator: After 471225898 get requests, put_count=471225900 evicted_count=609000 eviction_rate=0.00129237 and unsatisfied allocation rate=0.00129242
I tensorflow/core/common_runtime/gpu/pool_allocator.cc:247] PoolAllocator: After 478805338 get requests, put_count=478805340 evicted_count=619000 eviction_rate=0.0012928 and unsatisfied allocation rate=0.00129285
I tensorflow/core/common_runtime/gpu/pool_allocator.cc:247] PoolAllocator: After 486310448 get requests, put_count=486310451 evicted_count=629000 eviction_rate=0.00129341 and unsatisfied allocation rate=0.00129346
I tensorflow/core/common_runtime/gpu/pool_allocator.cc:247] PoolAllocator: After 493839776 get requests, put_count=493839779 evicted_count=639000 eviction_rate=0.00129394 and unsatisfied allocation rate=0.00129399
I tensorflow/core/common_runtime/gpu/pool_allocator.cc:247] PoolAllocator: After 501337784 get requests, put_count=501337787 evicted_count=649000 eviction_rate=0.00129454 and unsatisfied allocation rate=0.00129458
I tensorflow/core/common_runtime/gpu/pool_allocator.cc:247] PoolAllocator: After 508871810 get requests, put_count=508871813 evicted_count=659000 eviction_rate=0.00129502 and unsatisfied allocation rate=0.00129506
I tensorflow/core/common_runtime/gpu/pool_allocator.cc:247] PoolAllocator: After 516423062 get requests, put_count=516423064 evicted_count=669000 eviction_rate=0.00129545 and unsatisfied allocation rate=0.00129549
I tensorflow/core/common_runtime/gpu/pool_allocator.cc:247] PoolAllocator: After 523916372 get requests, put_count=523916374 evicted_count=679000 eviction_rate=0.00129601 and unsatisfied allocation rate=0.00129605
I tensorflow/core/common_runtime/gpu/pool_allocator.cc:247] PoolAllocator: After 531372098 get requests, put_count=531372101 evicted_count=689000 eviction_rate=0.00129664 and unsatisfied allocation rate=0.00129668
I tensorflow/core/common_runtime/gpu/pool_allocator.cc:247] PoolAllocator: After 538928048 get requests, put_count=538928051 evicted_count=699000 eviction_rate=0.00129702 and unsatisfied allocation rate=0.00129706
I tensorflow/core/common_runtime/gpu/pool_allocator.cc:247] PoolAllocator: After 546410396 get requests, put_count=546410398 evicted_count=709000 eviction_rate=0.00129756 and unsatisfied allocation rate=0.0012976
I tensorflow/core/common_runtime/gpu/pool_allocator.cc:247] PoolAllocator: After 553933460 get requests, put_count=553933463 evicted_count=719000 eviction_rate=0.00129799 and unsatisfied allocation rate=0.00129803
I tensorflow/core/common_runtime/gpu/pool_allocator.cc:247] PoolAllocator: After 561458090 get requests, put_count=561458092 evicted_count=729000 eviction_rate=0.00129841 and unsatisfied allocation rate=0.00129845
I tensorflow/core/common_runtime/gpu/pool_allocator.cc:247] PoolAllocator: After 569001512 get requests, put_count=569001514 evicted_count=739000 eviction_rate=0.00129877 and unsatisfied allocation rate=0.00129881
I tensorflow/core/common_runtime/gpu/pool_allocator.cc:247] PoolAllocator: After 576563726 get requests, put_count=576563728 evicted_count=749000 eviction_rate=0.00129908 and unsatisfied allocation rate=0.00129912
I tensorflow/core/common_runtime/gpu/pool_allocator.cc:247] PoolAllocator: After 584172920 get requests, put_count=584172923 evicted_count=759000 eviction_rate=0.00129927 and unsatisfied allocation rate=0.00129931
I tensorflow/core/common_runtime/gpu/pool_allocator.cc:247] PoolAllocator: After 591691286 get requests, put_count=591691288 evicted_count=769000 eviction_rate=0.00129966 and unsatisfied allocation rate=0.0012997
I tensorflow/core/common_runtime/gpu/pool_allocator.cc:247] PoolAllocator: After 599186162 get requests, put_count=599186164 evicted_count=779000 eviction_rate=0.0013001 and unsatisfied allocation rate=0.00130014
I tensorflow/core/common_runtime/gpu/pool_allocator.cc:247] PoolAllocator: After 606809450 get requests, put_count=606809453 evicted_count=789000 eviction_rate=0.00130024 and unsatisfied allocation rate=0.00130028
I tensorflow/core/common_runtime/gpu/pool_allocator.cc:247] PoolAllocator: After 614341910 get requests, put_count=614341913 evicted_count=799000 eviction_rate=0.00130058 and unsatisfied allocation rate=0.00130061
I tensorflow/core/common_runtime/gpu/pool_allocator.cc:247] PoolAllocator: After 621817994 get requests, put_count=621817996 evicted_count=809000 eviction_rate=0.00130102 and unsatisfied allocation rate=0.00130106
I tensorflow/core/common_runtime/gpu/pool_allocator.cc:247] PoolAllocator: After 629339492 get requests, put_count=629339494 evicted_count=819000 eviction_rate=0.00130136 and unsatisfied allocation rate=0.0013014
I tensorflow/core/common_runtime/gpu/pool_allocator.cc:247] PoolAllocator: After 636929894 get requests, put_count=636929896 evicted_count=829000 eviction_rate=0.00130156 and unsatisfied allocation rate=0.00130159
I tensorflow/core/common_runtime/gpu/pool_allocator.cc:247] PoolAllocator: After 644438864 get requests, put_count=644438867 evicted_count=839000 eviction_rate=0.00130191 and unsatisfied allocation rate=0.00130194
I tensorflow/core/common_runtime/gpu/pool_allocator.cc:247] PoolAllocator: After 651839780 get requests, put_count=651839783 evicted_count=849000 eviction_rate=0.00130247 and unsatisfied allocation rate=0.0013025
I tensorflow/core/common_runtime/gpu/pool_allocator.cc:247] PoolAllocator: After 659297072 get requests, put_count=659297075 evicted_count=859000 eviction_rate=0.0013029 and unsatisfied allocation rate=0.00130294
I tensorflow/core/common_runtime/gpu/pool_allocator.cc:247] PoolAllocator: After 666821702 get requests, put_count=666821705 evicted_count=869000 eviction_rate=0.0013032 and unsatisfied allocation rate=0.00130323
I tensorflow/core/common_runtime/gpu/pool_allocator.cc:247] PoolAllocator: After 674241410 get requests, put_count=674241413 evicted_count=879000 eviction_rate=0.00130369 and unsatisfied allocation rate=0.00130372
I tensorflow/core/common_runtime/gpu/pool_allocator.cc:247] PoolAllocator: After 681703400 get requests, put_count=681703403 evicted_count=889000 eviction_rate=0.00130409 and unsatisfied allocation rate=0.00130412
I tensorflow/core/common_runtime/gpu/pool_allocator.cc:247] PoolAllocator: After 689312594 get requests, put_count=689312596 evicted_count=899000 eviction_rate=0.0013042 and unsatisfied allocation rate=0.00130423
I tensorflow/core/common_runtime/gpu/pool_allocator.cc:247] PoolAllocator: After 696910826 get requests, put_count=696910829 evicted_count=909000 eviction_rate=0.00130433 and unsatisfied allocation rate=0.00130436
I tensorflow/core/common_runtime/gpu/pool_allocator.cc:247] PoolAllocator: After 704507492 get requests, put_count=704507495 evicted_count=919000 eviction_rate=0.00130446 and unsatisfied allocation rate=0.00130449
I tensorflow/core/common_runtime/gpu/pool_allocator.cc:247] PoolAllocator: After 712097894 get requests, put_count=712097897 evicted_count=929000 eviction_rate=0.0013046 and unsatisfied allocation rate=0.00130463
I tensorflow/core/common_runtime/gpu/pool_allocator.cc:247] PoolAllocator: After 719630354 get requests, put_count=719630357 evicted_count=939000 eviction_rate=0.00130484 and unsatisfied allocation rate=0.00130487
