000 (1398.000.000) 05/22 07:14:14 Job submitted from host: <10.33.133.154:9618?addrs=10.33.133.154-9618+[--1]-9618&noUDP&sock=1383_3391_3>
    DAG Node: topic_ds_interpol_1
...
001 (1398.000.000) 05/22 07:25:34 Job executing on host: <10.33.133.57:9618?addrs=10.33.133.57-9618+[--1]-9618&noUDP&sock=1510_5018_3>
...
006 (1398.000.000) 05/22 07:25:43 Image size of job updated: 741892
	725  -  MemoryUsage of job (MB)
	741892  -  ResidentSetSize of job (KB)
...
006 (1398.000.000) 05/22 07:30:44 Image size of job updated: 1576580
	1347  -  MemoryUsage of job (MB)
	1378948  -  ResidentSetSize of job (KB)
...
006 (1398.000.000) 05/22 07:34:04 Image size of job updated: 1590100
	1347  -  MemoryUsage of job (MB)
	1378948  -  ResidentSetSize of job (KB)
...
005 (1398.000.000) 05/22 07:34:04 Job terminated.
	(1) Normal termination (return value 0)
		Usr 0 00:08:54, Sys 0 00:01:33  -  Run Remote Usage
		Usr 0 00:00:00, Sys 0 00:00:00  -  Run Local Usage
		Usr 0 00:08:54, Sys 0 00:01:33  -  Total Remote Usage
		Usr 0 00:00:00, Sys 0 00:00:00  -  Total Local Usage
	0  -  Run Bytes Sent By Job
	0  -  Run Bytes Received By Job
	0  -  Total Bytes Sent By Job
	0  -  Total Bytes Received By Job
	Partitionable Resources :    Usage  Request Allocated
	   Cpus                 :                 1         1
	   Disk (KB)            :        7        7  31201809
	   Gpus                 :                 1         1
	   Memory (MB)          :     1347     4096      4096
...
