000 (1347.000.000) 05/19 09:12:06 Job submitted from host: <10.33.133.154:9618?addrs=10.33.133.154-9618+[--1]-9618&noUDP&sock=1383_3391_3>
    DAG Node: topic_reg
...
001 (1347.000.000) 05/20 21:35:05 Job executing on host: <10.33.133.57:9618?addrs=10.33.133.57-9618+[--1]-9618&noUDP&sock=1510_5018_3>
...
005 (1347.000.000) 05/21 08:01:15 Job terminated.
	(1) Normal termination (return value 0)
		Usr 0 12:49:32, Sys 0 01:22:41  -  Run Remote Usage
		Usr 0 00:00:00, Sys 0 00:00:00  -  Run Local Usage
		Usr 0 12:49:32, Sys 0 01:22:41  -  Total Remote Usage
		Usr 0 00:00:00, Sys 0 00:00:00  -  Total Local Usage
	0  -  Run Bytes Sent By Job
	0  -  Run Bytes Received By Job
	0  -  Total Bytes Sent By Job
	0  -  Total Bytes Received By Job
	Partitionable Resources :    Usage  Request Allocated
	   Cpus                 :                 1         1
	   Disk (KB)            :        7        7  31965877
	   Gpus                 :                 1         1
	   Memory (MB)          :     1709     4096      4096
...
000 (1375.000.000) 05/21 08:01:22 Job submitted from host: <10.33.133.154:9618?addrs=10.33.133.154-9618+[--1]-9618&noUDP&sock=1383_3391_3>
    DAG Node: topic_lda
...
001 (1375.000.000) 05/21 08:03:25 Job executing on host: <10.33.133.57:9618?addrs=10.33.133.57-9618+[--1]-9618&noUDP&sock=1510_5018_3>
...
005 (1375.000.000) 05/21 19:52:07 Job terminated.
	(1) Normal termination (return value 0)
		Usr 0 07:38:35, Sys 0 01:11:40  -  Run Remote Usage
		Usr 0 00:00:00, Sys 0 00:00:00  -  Run Local Usage
		Usr 0 07:38:35, Sys 0 01:11:40  -  Total Remote Usage
		Usr 0 00:00:00, Sys 0 00:00:00  -  Total Local Usage
	0  -  Run Bytes Sent By Job
	0  -  Run Bytes Received By Job
	0  -  Total Bytes Sent By Job
	0  -  Total Bytes Received By Job
	Partitionable Resources :    Usage  Request Allocated
	   Cpus                 :                 1         1
	   Disk (KB)            :        7        7  31724175
	   Gpus                 :                 1         1
	   Memory (MB)          :     1925     4096      4096
...
000 (1392.000.000) 05/21 19:52:14 Job submitted from host: <10.33.133.154:9618?addrs=10.33.133.154-9618+[--1]-9618&noUDP&sock=1383_3391_3>
    DAG Node: topic_int
...
001 (1392.000.000) 05/22 02:36:03 Job executing on host: <10.33.133.57:9618?addrs=10.33.133.57-9618+[--1]-9618&noUDP&sock=1510_5018_3>
...
005 (1392.000.000) 05/22 07:14:07 Job terminated.
	(1) Normal termination (return value 0)
		Usr 0 06:09:15, Sys 0 00:58:22  -  Run Remote Usage
		Usr 0 00:00:00, Sys 0 00:00:00  -  Run Local Usage
		Usr 0 06:09:15, Sys 0 00:58:22  -  Total Remote Usage
		Usr 0 00:00:00, Sys 0 00:00:00  -  Total Local Usage
	0  -  Run Bytes Sent By Job
	0  -  Run Bytes Received By Job
	0  -  Total Bytes Sent By Job
	0  -  Total Bytes Received By Job
	Partitionable Resources :    Usage  Request Allocated
	   Cpus                 :                 1         1
	   Disk (KB)            :        7        7  31257664
	   Gpus                 :                 1         1
	   Memory (MB)          :     1820     4096      4096
...
000 (1396.000.000) 05/22 07:14:14 Job submitted from host: <10.33.133.154:9618?addrs=10.33.133.154-9618+[--1]-9618&noUDP&sock=1383_3391_3>
    DAG Node: topic_test
...
000 (1397.000.000) 05/22 07:14:14 Job submitted from host: <10.33.133.154:9618?addrs=10.33.133.154-9618+[--1]-9618&noUDP&sock=1383_3391_3>
    DAG Node: topic_ds_interpol_0
...
000 (1398.000.000) 05/22 07:14:14 Job submitted from host: <10.33.133.154:9618?addrs=10.33.133.154-9618+[--1]-9618&noUDP&sock=1383_3391_3>
    DAG Node: topic_ds_interpol_1
...
001 (1396.000.000) 05/22 07:16:17 Job executing on host: <10.33.133.57:9618?addrs=10.33.133.57-9618+[--1]-9618&noUDP&sock=1510_5018_3>
...
005 (1396.000.000) 05/22 07:17:25 Job terminated.
	(1) Normal termination (return value 0)
		Usr 0 00:00:55, Sys 0 00:00:11  -  Run Remote Usage
		Usr 0 00:00:00, Sys 0 00:00:00  -  Run Local Usage
		Usr 0 00:00:55, Sys 0 00:00:11  -  Total Remote Usage
		Usr 0 00:00:00, Sys 0 00:00:00  -  Total Local Usage
	0  -  Run Bytes Sent By Job
	0  -  Run Bytes Received By Job
	0  -  Total Bytes Sent By Job
	0  -  Total Bytes Received By Job
	Partitionable Resources :    Usage  Request Allocated
	   Cpus                 :                 1         1
	   Disk (KB)            :        7        7  31201809
	   Gpus                 :                 1         1
	   Memory (MB)          :      576     4096      4096
...
001 (1397.000.000) 05/22 07:17:25 Job executing on host: <10.33.133.57:9618?addrs=10.33.133.57-9618+[--1]-9618&noUDP&sock=1510_5018_3>
...
005 (1397.000.000) 05/22 07:25:34 Job terminated.
	(1) Normal termination (return value 0)
		Usr 0 00:08:55, Sys 0 00:01:30  -  Run Remote Usage
		Usr 0 00:00:00, Sys 0 00:00:00  -  Run Local Usage
		Usr 0 00:08:55, Sys 0 00:01:30  -  Total Remote Usage
		Usr 0 00:00:00, Sys 0 00:00:00  -  Total Local Usage
	0  -  Run Bytes Sent By Job
	0  -  Run Bytes Received By Job
	0  -  Total Bytes Sent By Job
	0  -  Total Bytes Received By Job
	Partitionable Resources :    Usage  Request Allocated
	   Cpus                 :                 1         1
	   Disk (KB)            :        7        7  31201809
	   Gpus                 :                 1         1
	   Memory (MB)          :     1353     4096      4096
...
001 (1398.000.000) 05/22 07:25:34 Job executing on host: <10.33.133.57:9618?addrs=10.33.133.57-9618+[--1]-9618&noUDP&sock=1510_5018_3>
...
005 (1398.000.000) 05/22 07:34:04 Job terminated.
	(1) Normal termination (return value 0)
		Usr 0 00:08:54, Sys 0 00:01:33  -  Run Remote Usage
		Usr 0 00:00:00, Sys 0 00:00:00  -  Run Local Usage
		Usr 0 00:08:54, Sys 0 00:01:33  -  Total Remote Usage
		Usr 0 00:00:00, Sys 0 00:00:00  -  Total Local Usage
	0  -  Run Bytes Sent By Job
	0  -  Run Bytes Received By Job
	0  -  Total Bytes Sent By Job
	0  -  Total Bytes Received By Job
	Partitionable Resources :    Usage  Request Allocated
	   Cpus                 :                 1         1
	   Disk (KB)            :        7        7  31201809
	   Gpus                 :                 1         1
	   Memory (MB)          :     1347     4096      4096
...
