000 (147.000.000) 02/28 10:06:18 Job submitted from host: <10.33.133.71:9618?addrs=10.33.133.71-9618+[--1]-9618&noUDP&sock=5882_2427_4>
    DAG Node: topic_reg
...
001 (147.000.000) 02/28 12:12:41 Job executing on host: <10.33.133.223:9618?addrs=10.33.133.223-9618+[--1]-9618&noUDP&sock=10893_453b_3>
...
005 (147.000.000) 03/01 06:58:03 Job terminated.
	(1) Normal termination (return value 0)
		Usr 1 13:11:26, Sys 0 06:59:39  -  Run Remote Usage
		Usr 0 00:00:00, Sys 0 00:00:00  -  Run Local Usage
		Usr 1 13:11:26, Sys 0 06:59:39  -  Total Remote Usage
		Usr 0 00:00:00, Sys 0 00:00:00  -  Total Local Usage
	0  -  Run Bytes Sent By Job
	0  -  Run Bytes Received By Job
	0  -  Total Bytes Sent By Job
	0  -  Total Bytes Received By Job
	Partitionable Resources :    Usage  Request Allocated
	   Cpus                 :                 1         1
	   Disk (KB)            :        7        7   3070292
	   Gpus                 :                 1         1
	   Memory (MB)          :     1335     2048      2048
...
000 (152.000.000) 03/01 06:58:12 Job submitted from host: <10.33.133.71:9618?addrs=10.33.133.71-9618+[--1]-9618&noUDP&sock=5882_2427_4>
    DAG Node: topic_lda
...
001 (152.000.000) 03/01 06:58:14 Job executing on host: <10.33.133.115:9618?addrs=10.33.133.115-9618+[--1]-9618&noUDP&sock=21690_1d47_3>
...
010 (152.000.000) 03/01 10:23:26 Job was suspended.
	Number of processes actually suspended: 13
...
011 (152.000.000) 03/01 10:28:33 Job was unsuspended.
...
010 (152.000.000) 03/01 10:35:21 Job was suspended.
	Number of processes actually suspended: 13
...
011 (152.000.000) 03/01 10:40:22 Job was unsuspended.
...
004 (152.000.000) 03/01 11:01:46 Job was evicted.
	(0) Job was not checkpointed.
		Usr 0 02:57:38, Sys 0 00:00:47  -  Run Remote Usage
		Usr 0 00:00:00, Sys 0 00:00:00  -  Run Local Usage
	0  -  Run Bytes Sent By Job
	0  -  Run Bytes Received By Job
	Partitionable Resources :    Usage  Request Allocated
	   Cpus                 :                 1         1
	   Disk (KB)            :        7        7  17875240
	   Gpus                 :                 1         1
	   Memory (MB)          :      985     2048      2048
...
009 (152.000.000) 03/01 11:01:46 Job was aborted by the user.
	removed because <OtherJobRemoveRequirements = DAGManJobId =?= 146> fired when job (146.0) was removed
...
