03/29/17 09:32:25 ******************************************************
03/29/17 09:32:25 ** condor_scheduniv_exec.453.0 (CONDOR_DAGMAN) STARTING UP
03/29/17 09:32:25 ** /usr/bin/condor_dagman
03/29/17 09:32:25 ** SubsystemInfo: name=DAGMAN type=DAGMAN(10) class=DAEMON(1)
03/29/17 09:32:25 ** Configuration: subsystem:DAGMAN local:<NONE> class:DAEMON
03/29/17 09:32:25 ** $CondorVersion: 8.6.1 Mar 01 2017 BuildID: 398585 $
03/29/17 09:32:25 ** $CondorPlatform: x86_64_RedHat7 $
03/29/17 09:32:25 ** PID = 21498
03/29/17 09:32:25 ** Log last touched time unavailable (No such file or directory)
03/29/17 09:32:25 ******************************************************
03/29/17 09:32:25 Using config source: /etc/condor/condor_config
03/29/17 09:32:25 Using local config sources: 
03/29/17 09:32:25    /etc/condor/config.d/00esat.config
03/29/17 09:32:25    /etc/condor/config.d/01java.config
03/29/17 09:32:25    /etc/condor/config.d/80optout_users.config
03/29/17 09:32:25    /etc/condor/condor_config.local
03/29/17 09:32:25 config Macros = 166, Sorted = 166, StringBytes = 6030, TablesBytes = 6048
03/29/17 09:32:25 CLASSAD_CACHING is ENABLED
03/29/17 09:32:25 Daemon Log is logging: D_ALWAYS D_ERROR
03/29/17 09:32:25 DaemonCore: No command port requested.
03/29/17 09:32:25 DAGMAN_USE_STRICT setting: 1
03/29/17 09:32:25 DAGMAN_VERBOSITY setting: 3
03/29/17 09:32:25 DAGMAN_DEBUG_CACHE_SIZE setting: 5242880
03/29/17 09:32:25 DAGMAN_DEBUG_CACHE_ENABLE setting: False
03/29/17 09:32:25 DAGMAN_SUBMIT_DELAY setting: 0
03/29/17 09:32:25 DAGMAN_MAX_SUBMIT_ATTEMPTS setting: 6
03/29/17 09:32:25 DAGMAN_STARTUP_CYCLE_DETECT setting: False
03/29/17 09:32:25 DAGMAN_MAX_SUBMITS_PER_INTERVAL setting: 5
03/29/17 09:32:25 DAGMAN_USER_LOG_SCAN_INTERVAL setting: 5
03/29/17 09:32:25 DAGMAN_DEFAULT_PRIORITY setting: 0
03/29/17 09:32:25 DAGMAN_SUPPRESS_NOTIFICATION setting: True
03/29/17 09:32:25 allow_events (DAGMAN_ALLOW_EVENTS) setting: 114
03/29/17 09:32:25 DAGMAN_RETRY_SUBMIT_FIRST setting: True
03/29/17 09:32:25 DAGMAN_RETRY_NODE_FIRST setting: False
03/29/17 09:32:25 DAGMAN_MAX_JOBS_IDLE setting: 1000
03/29/17 09:32:25 DAGMAN_MAX_JOBS_SUBMITTED setting: 0
03/29/17 09:32:25 DAGMAN_MAX_PRE_SCRIPTS setting: 20
03/29/17 09:32:25 DAGMAN_MAX_POST_SCRIPTS setting: 20
03/29/17 09:32:25 DAGMAN_MUNGE_NODE_NAMES setting: True
03/29/17 09:32:25 DAGMAN_PROHIBIT_MULTI_JOBS setting: False
03/29/17 09:32:25 DAGMAN_SUBMIT_DEPTH_FIRST setting: False
03/29/17 09:32:25 DAGMAN_ALWAYS_RUN_POST setting: False
03/29/17 09:32:25 DAGMAN_ABORT_DUPLICATES setting: True
03/29/17 09:32:25 DAGMAN_ABORT_ON_SCARY_SUBMIT setting: True
03/29/17 09:32:25 DAGMAN_PENDING_REPORT_INTERVAL setting: 600
03/29/17 09:32:25 DAGMAN_AUTO_RESCUE setting: True
03/29/17 09:32:25 DAGMAN_MAX_RESCUE_NUM setting: 100
03/29/17 09:32:25 DAGMAN_WRITE_PARTIAL_RESCUE setting: True
03/29/17 09:32:25 DAGMAN_DEFAULT_NODE_LOG setting: @(DAG_DIR)/@(DAG_FILE).nodes.log
03/29/17 09:32:25 DAGMAN_GENERATE_SUBDAG_SUBMITS setting: True
03/29/17 09:32:25 DAGMAN_MAX_JOB_HOLDS setting: 100
03/29/17 09:32:25 DAGMAN_HOLD_CLAIM_TIME setting: 20
03/29/17 09:32:25 ALL_DEBUG setting: 
03/29/17 09:32:25 DAGMAN_DEBUG setting: 
03/29/17 09:32:25 DAGMAN_SUPPRESS_JOB_LOGS setting: False
03/29/17 09:32:25 DAGMAN_REMOVE_NODE_JOBS setting: True
03/29/17 09:32:25 argv[0] == "condor_scheduniv_exec.453.0"
03/29/17 09:32:25 argv[1] == "-Lockfile"
03/29/17 09:32:25 argv[2] == "ds_cbow_mean_soft.dag.lock"
03/29/17 09:32:25 argv[3] == "-AutoRescue"
03/29/17 09:32:25 argv[4] == "1"
03/29/17 09:32:25 argv[5] == "-DoRescueFrom"
03/29/17 09:32:25 argv[6] == "0"
03/29/17 09:32:25 argv[7] == "-Dag"
03/29/17 09:32:25 argv[8] == "ds_cbow_mean_soft.dag"
03/29/17 09:32:25 argv[9] == "-Suppress_notification"
03/29/17 09:32:25 argv[10] == "-CsdVersion"
03/29/17 09:32:25 argv[11] == "$CondorVersion: 8.6.1 Mar 01 2017 BuildID: 398585 $"
03/29/17 09:32:25 argv[12] == "-Dagman"
03/29/17 09:32:25 argv[13] == "/usr/bin/condor_dagman"
03/29/17 09:32:25 Workflow batch-name: <ds_cbow_mean_soft.dag+453>
03/29/17 09:32:25 Workflow accounting_group: <>
03/29/17 09:32:25 Workflow accounting_group_user: <>
03/29/17 09:32:25 Warning: failed to get attribute DAGNodeName
03/29/17 09:32:25 DAGMAN_LOG_ON_NFS_IS_ERROR setting: False
03/29/17 09:32:25 Default node log file is: </esat/spchtemp/scratch/robbe/SpeechHub/domain_adaptation_models/python/jobdag/./ds_cbow_mean_soft.dag.nodes.log>
03/29/17 09:32:25 DAG Lockfile will be written to ds_cbow_mean_soft.dag.lock
03/29/17 09:32:25 DAG Input file is ds_cbow_mean_soft.dag
03/29/17 09:32:25 Parsing 1 dagfiles
03/29/17 09:32:25 Parsing ds_cbow_mean_soft.dag ...
03/29/17 09:32:25 Dag contains 2 total jobs
03/29/17 09:32:25 Sleeping for 3 seconds to ensure ProcessId uniqueness
03/29/17 09:32:28 Bootstrapping...
03/29/17 09:32:28 Number of pre-completed nodes: 0
03/29/17 09:32:28 MultiLogFiles: truncating log file /esat/spchtemp/scratch/robbe/SpeechHub/domain_adaptation_models/python/jobdag/./ds_cbow_mean_soft.dag.nodes.log
03/29/17 09:32:28 DAG status: 0 (DAG_STATUS_OK)
03/29/17 09:32:28 Of 2 nodes total:
03/29/17 09:32:28  Done     Pre   Queued    Post   Ready   Un-Ready   Failed
03/29/17 09:32:28   ===     ===      ===     ===     ===        ===      ===
03/29/17 09:32:28     0       0        0       0       1          1        0
03/29/17 09:32:28 0 job proc(s) currently held
03/29/17 09:32:28 Registering condor_event_timer...
03/29/17 09:32:29 Submitting HTCondor Node cbow_mean_soft job(s)...
03/29/17 09:32:29 Adding a DAGMan workflow log /esat/spchtemp/scratch/robbe/SpeechHub/domain_adaptation_models/python/jobdag/./ds_cbow_mean_soft.dag.nodes.log
03/29/17 09:32:29 Masking the events recorded in the DAGMAN workflow log
03/29/17 09:32:29 Mask for workflow log is 0,1,2,4,5,7,9,10,11,12,13,16,17,24,27
03/29/17 09:32:29 submitting: /usr/bin/condor_submit -a dag_node_name' '=' 'cbow_mean_soft -a +DAGManJobId' '=' '453 -a DAGManJobId' '=' '453 -batch-name ds_cbow_mean_soft.dag+453 -a submit_event_notes' '=' 'DAG' 'Node:' 'cbow_mean_soft -a dagman_log' '=' '/esat/spchtemp/scratch/robbe/SpeechHub/domain_adaptation_models/python/jobdag/./ds_cbow_mean_soft.dag.nodes.log -a +DAGManNodesMask' '=' '"0,1,2,4,5,7,9,10,11,12,13,16,17,24,27" -a data_set' '=' 'ds -a test_name' '=' 'cbow_mean_soft -a num_run' '=' '0 -a combination' '=' 'mean -a DAG_STATUS' '=' '0 -a FAILED_COUNT' '=' '0 -a +KeepClaimIdle' '=' '20 -a notification' '=' 'never -a +DAGParentNodeNames' '=' '"" jobdag/cbow_soft.job
03/29/17 09:32:29 From submit: Submitting job(s).
03/29/17 09:32:29 From submit: 1 job(s) submitted to cluster 456.
03/29/17 09:32:29 	assigned HTCondor ID (456.0.0)
03/29/17 09:32:29 Just submitted 1 job this cycle...
03/29/17 09:32:29 Currently monitoring 1 HTCondor log file(s)
03/29/17 09:32:29 Reassigning the id of job cbow_mean_soft from (456.0.0) to (456.0.0)
03/29/17 09:32:29 Event: ULOG_SUBMIT for HTCondor Node cbow_mean_soft (456.0.0) {03/29/17 09:32:29}
03/29/17 09:32:29 Number of idle job procs: 1
03/29/17 09:32:29 DAG status: 0 (DAG_STATUS_OK)
03/29/17 09:32:29 Of 2 nodes total:
03/29/17 09:32:29  Done     Pre   Queued    Post   Ready   Un-Ready   Failed
03/29/17 09:32:29   ===     ===      ===     ===     ===        ===      ===
03/29/17 09:32:29     0       0        1       0       0          1        0
03/29/17 09:32:29 0 job proc(s) currently held
03/29/17 09:32:45 Currently monitoring 1 HTCondor log file(s)
03/29/17 09:32:45 Event: ULOG_EXECUTE for HTCondor Node cbow_mean_soft (456.0.0) {03/29/17 09:32:40}
03/29/17 09:32:45 Number of idle job procs: 0
03/29/17 09:42:47 602 seconds since last log event
03/29/17 09:42:47 Pending DAG nodes:
03/29/17 09:42:47   Node cbow_mean_soft, HTCondor ID 456, status STATUS_SUBMITTED
03/29/17 09:52:50 1205 seconds since last log event
03/29/17 09:52:50 Pending DAG nodes:
03/29/17 09:52:50   Node cbow_mean_soft, HTCondor ID 456, status STATUS_SUBMITTED
03/29/17 10:02:54 1809 seconds since last log event
03/29/17 10:02:54 Pending DAG nodes:
03/29/17 10:02:54   Node cbow_mean_soft, HTCondor ID 456, status STATUS_SUBMITTED
03/29/17 10:12:55 2410 seconds since last log event
03/29/17 10:12:55 Pending DAG nodes:
03/29/17 10:12:55   Node cbow_mean_soft, HTCondor ID 456, status STATUS_SUBMITTED
03/29/17 10:22:58 3013 seconds since last log event
03/29/17 10:22:58 Pending DAG nodes:
03/29/17 10:22:58   Node cbow_mean_soft, HTCondor ID 456, status STATUS_SUBMITTED
03/29/17 10:33:01 3616 seconds since last log event
03/29/17 10:33:01 Pending DAG nodes:
03/29/17 10:33:01   Node cbow_mean_soft, HTCondor ID 456, status STATUS_SUBMITTED
03/29/17 10:43:04 4219 seconds since last log event
03/29/17 10:43:04 Pending DAG nodes:
03/29/17 10:43:04   Node cbow_mean_soft, HTCondor ID 456, status STATUS_SUBMITTED
03/29/17 10:53:07 4822 seconds since last log event
03/29/17 10:53:07 Pending DAG nodes:
03/29/17 10:53:07   Node cbow_mean_soft, HTCondor ID 456, status STATUS_SUBMITTED
03/29/17 11:03:10 5425 seconds since last log event
03/29/17 11:03:10 Pending DAG nodes:
03/29/17 11:03:10   Node cbow_mean_soft, HTCondor ID 456, status STATUS_SUBMITTED
03/29/17 11:13:13 6028 seconds since last log event
03/29/17 11:13:13 Pending DAG nodes:
03/29/17 11:13:13   Node cbow_mean_soft, HTCondor ID 456, status STATUS_SUBMITTED
03/29/17 11:23:14 6629 seconds since last log event
03/29/17 11:23:14 Pending DAG nodes:
03/29/17 11:23:14   Node cbow_mean_soft, HTCondor ID 456, status STATUS_SUBMITTED
03/29/17 11:33:17 7232 seconds since last log event
03/29/17 11:33:17 Pending DAG nodes:
03/29/17 11:33:17   Node cbow_mean_soft, HTCondor ID 456, status STATUS_SUBMITTED
03/29/17 11:43:20 7835 seconds since last log event
03/29/17 11:43:20 Pending DAG nodes:
03/29/17 11:43:20   Node cbow_mean_soft, HTCondor ID 456, status STATUS_SUBMITTED
03/29/17 11:53:22 8437 seconds since last log event
03/29/17 11:53:22 Pending DAG nodes:
03/29/17 11:53:22   Node cbow_mean_soft, HTCondor ID 456, status STATUS_SUBMITTED
03/29/17 12:03:22 9037 seconds since last log event
03/29/17 12:03:22 Pending DAG nodes:
03/29/17 12:03:22   Node cbow_mean_soft, HTCondor ID 456, status STATUS_SUBMITTED
03/29/17 12:13:24 9639 seconds since last log event
03/29/17 12:13:24 Pending DAG nodes:
03/29/17 12:13:24   Node cbow_mean_soft, HTCondor ID 456, status STATUS_SUBMITTED
03/29/17 12:23:27 10242 seconds since last log event
03/29/17 12:23:27 Pending DAG nodes:
03/29/17 12:23:27   Node cbow_mean_soft, HTCondor ID 456, status STATUS_SUBMITTED
03/29/17 12:33:30 10845 seconds since last log event
03/29/17 12:33:30 Pending DAG nodes:
03/29/17 12:33:30   Node cbow_mean_soft, HTCondor ID 456, status STATUS_SUBMITTED
03/29/17 12:43:32 11447 seconds since last log event
03/29/17 12:43:32 Pending DAG nodes:
03/29/17 12:43:32   Node cbow_mean_soft, HTCondor ID 456, status STATUS_SUBMITTED
03/29/17 12:53:35 12050 seconds since last log event
03/29/17 12:53:35 Pending DAG nodes:
03/29/17 12:53:35   Node cbow_mean_soft, HTCondor ID 456, status STATUS_SUBMITTED
03/29/17 13:03:36 12651 seconds since last log event
03/29/17 13:03:36 Pending DAG nodes:
03/29/17 13:03:36   Node cbow_mean_soft, HTCondor ID 456, status STATUS_SUBMITTED
03/29/17 13:13:39 13254 seconds since last log event
03/29/17 13:13:39 Pending DAG nodes:
03/29/17 13:13:39   Node cbow_mean_soft, HTCondor ID 456, status STATUS_SUBMITTED
03/29/17 13:23:42 13857 seconds since last log event
03/29/17 13:23:42 Pending DAG nodes:
03/29/17 13:23:42   Node cbow_mean_soft, HTCondor ID 456, status STATUS_SUBMITTED
03/29/17 13:33:44 14459 seconds since last log event
03/29/17 13:33:44 Pending DAG nodes:
03/29/17 13:33:44   Node cbow_mean_soft, HTCondor ID 456, status STATUS_SUBMITTED
03/29/17 13:43:47 15062 seconds since last log event
03/29/17 13:43:47 Pending DAG nodes:
03/29/17 13:43:47   Node cbow_mean_soft, HTCondor ID 456, status STATUS_SUBMITTED
03/29/17 13:53:50 15665 seconds since last log event
03/29/17 13:53:50 Pending DAG nodes:
03/29/17 13:53:50   Node cbow_mean_soft, HTCondor ID 456, status STATUS_SUBMITTED
03/29/17 14:03:52 16267 seconds since last log event
03/29/17 14:03:52 Pending DAG nodes:
03/29/17 14:03:52   Node cbow_mean_soft, HTCondor ID 456, status STATUS_SUBMITTED
03/29/17 14:13:55 16870 seconds since last log event
03/29/17 14:13:55 Pending DAG nodes:
03/29/17 14:13:55   Node cbow_mean_soft, HTCondor ID 456, status STATUS_SUBMITTED
03/29/17 14:23:57 17472 seconds since last log event
03/29/17 14:23:57 Pending DAG nodes:
03/29/17 14:23:57   Node cbow_mean_soft, HTCondor ID 456, status STATUS_SUBMITTED
03/29/17 14:34:00 18075 seconds since last log event
03/29/17 14:34:00 Pending DAG nodes:
03/29/17 14:34:00   Node cbow_mean_soft, HTCondor ID 456, status STATUS_SUBMITTED
03/29/17 14:44:02 18677 seconds since last log event
03/29/17 14:44:02 Pending DAG nodes:
03/29/17 14:44:02   Node cbow_mean_soft, HTCondor ID 456, status STATUS_SUBMITTED
03/29/17 14:54:05 19280 seconds since last log event
03/29/17 14:54:05 Pending DAG nodes:
03/29/17 14:54:05   Node cbow_mean_soft, HTCondor ID 456, status STATUS_SUBMITTED
03/29/17 15:04:07 19882 seconds since last log event
03/29/17 15:04:07 Pending DAG nodes:
03/29/17 15:04:07   Node cbow_mean_soft, HTCondor ID 456, status STATUS_SUBMITTED
03/29/17 15:14:10 20485 seconds since last log event
03/29/17 15:14:10 Pending DAG nodes:
03/29/17 15:14:10   Node cbow_mean_soft, HTCondor ID 456, status STATUS_SUBMITTED
03/29/17 15:24:13 21088 seconds since last log event
03/29/17 15:24:13 Pending DAG nodes:
03/29/17 15:24:13   Node cbow_mean_soft, HTCondor ID 456, status STATUS_SUBMITTED
03/29/17 15:34:15 21690 seconds since last log event
03/29/17 15:34:15 Pending DAG nodes:
03/29/17 15:34:15   Node cbow_mean_soft, HTCondor ID 456, status STATUS_SUBMITTED
03/29/17 15:44:18 22293 seconds since last log event
03/29/17 15:44:18 Pending DAG nodes:
03/29/17 15:44:18   Node cbow_mean_soft, HTCondor ID 456, status STATUS_SUBMITTED
03/29/17 15:54:20 22895 seconds since last log event
03/29/17 15:54:20 Pending DAG nodes:
03/29/17 15:54:20   Node cbow_mean_soft, HTCondor ID 456, status STATUS_SUBMITTED
03/29/17 16:04:23 23498 seconds since last log event
03/29/17 16:04:23 Pending DAG nodes:
03/29/17 16:04:23   Node cbow_mean_soft, HTCondor ID 456, status STATUS_SUBMITTED
03/29/17 16:14:25 24100 seconds since last log event
03/29/17 16:14:25 Pending DAG nodes:
03/29/17 16:14:25   Node cbow_mean_soft, HTCondor ID 456, status STATUS_SUBMITTED
03/29/17 16:24:28 24703 seconds since last log event
03/29/17 16:24:28 Pending DAG nodes:
03/29/17 16:24:28   Node cbow_mean_soft, HTCondor ID 456, status STATUS_SUBMITTED
03/29/17 16:34:29 25304 seconds since last log event
03/29/17 16:34:29 Pending DAG nodes:
03/29/17 16:34:29   Node cbow_mean_soft, HTCondor ID 456, status STATUS_SUBMITTED
03/29/17 16:44:32 25907 seconds since last log event
03/29/17 16:44:32 Pending DAG nodes:
03/29/17 16:44:32   Node cbow_mean_soft, HTCondor ID 456, status STATUS_SUBMITTED
03/29/17 16:54:35 26510 seconds since last log event
03/29/17 16:54:35 Pending DAG nodes:
03/29/17 16:54:35   Node cbow_mean_soft, HTCondor ID 456, status STATUS_SUBMITTED
03/29/17 17:04:35 27110 seconds since last log event
03/29/17 17:04:35 Pending DAG nodes:
03/29/17 17:04:35   Node cbow_mean_soft, HTCondor ID 456, status STATUS_SUBMITTED
03/29/17 17:14:36 27711 seconds since last log event
03/29/17 17:14:36 Pending DAG nodes:
03/29/17 17:14:36   Node cbow_mean_soft, HTCondor ID 456, status STATUS_SUBMITTED
03/29/17 17:24:39 28314 seconds since last log event
03/29/17 17:24:39 Pending DAG nodes:
03/29/17 17:24:39   Node cbow_mean_soft, HTCondor ID 456, status STATUS_SUBMITTED
03/29/17 17:34:42 28917 seconds since last log event
03/29/17 17:34:42 Pending DAG nodes:
03/29/17 17:34:42   Node cbow_mean_soft, HTCondor ID 456, status STATUS_SUBMITTED
03/29/17 17:44:45 29520 seconds since last log event
03/29/17 17:44:45 Pending DAG nodes:
03/29/17 17:44:45   Node cbow_mean_soft, HTCondor ID 456, status STATUS_SUBMITTED
03/29/17 17:54:48 30123 seconds since last log event
03/29/17 17:54:48 Pending DAG nodes:
03/29/17 17:54:48   Node cbow_mean_soft, HTCondor ID 456, status STATUS_SUBMITTED
03/29/17 18:04:51 30726 seconds since last log event
03/29/17 18:04:51 Pending DAG nodes:
03/29/17 18:04:51   Node cbow_mean_soft, HTCondor ID 456, status STATUS_SUBMITTED
03/29/17 18:14:54 31329 seconds since last log event
03/29/17 18:14:54 Pending DAG nodes:
03/29/17 18:14:54   Node cbow_mean_soft, HTCondor ID 456, status STATUS_SUBMITTED
03/29/17 18:24:58 31933 seconds since last log event
03/29/17 18:24:58 Pending DAG nodes:
03/29/17 18:24:58   Node cbow_mean_soft, HTCondor ID 456, status STATUS_SUBMITTED
03/29/17 18:35:00 32535 seconds since last log event
03/29/17 18:35:00 Pending DAG nodes:
03/29/17 18:35:00   Node cbow_mean_soft, HTCondor ID 456, status STATUS_SUBMITTED
03/29/17 18:45:03 33138 seconds since last log event
03/29/17 18:45:03 Pending DAG nodes:
03/29/17 18:45:03   Node cbow_mean_soft, HTCondor ID 456, status STATUS_SUBMITTED
03/29/17 18:55:05 33740 seconds since last log event
03/29/17 18:55:05 Pending DAG nodes:
03/29/17 18:55:05   Node cbow_mean_soft, HTCondor ID 456, status STATUS_SUBMITTED
03/29/17 19:05:07 34342 seconds since last log event
03/29/17 19:05:07 Pending DAG nodes:
03/29/17 19:05:07   Node cbow_mean_soft, HTCondor ID 456, status STATUS_SUBMITTED
03/29/17 19:15:09 34944 seconds since last log event
03/29/17 19:15:09 Pending DAG nodes:
03/29/17 19:15:09   Node cbow_mean_soft, HTCondor ID 456, status STATUS_SUBMITTED
03/29/17 19:25:12 35547 seconds since last log event
03/29/17 19:25:12 Pending DAG nodes:
03/29/17 19:25:12   Node cbow_mean_soft, HTCondor ID 456, status STATUS_SUBMITTED
03/29/17 19:35:15 36150 seconds since last log event
03/29/17 19:35:15 Pending DAG nodes:
03/29/17 19:35:15   Node cbow_mean_soft, HTCondor ID 456, status STATUS_SUBMITTED
03/29/17 19:45:18 36753 seconds since last log event
03/29/17 19:45:18 Pending DAG nodes:
03/29/17 19:45:18   Node cbow_mean_soft, HTCondor ID 456, status STATUS_SUBMITTED
03/29/17 19:55:19 37354 seconds since last log event
03/29/17 19:55:19 Pending DAG nodes:
03/29/17 19:55:19   Node cbow_mean_soft, HTCondor ID 456, status STATUS_SUBMITTED
03/29/17 20:05:22 37957 seconds since last log event
03/29/17 20:05:22 Pending DAG nodes:
03/29/17 20:05:22   Node cbow_mean_soft, HTCondor ID 456, status STATUS_SUBMITTED
03/29/17 20:15:24 38559 seconds since last log event
03/29/17 20:15:24 Pending DAG nodes:
03/29/17 20:15:24   Node cbow_mean_soft, HTCondor ID 456, status STATUS_SUBMITTED
03/29/17 20:25:26 39161 seconds since last log event
03/29/17 20:25:26 Pending DAG nodes:
03/29/17 20:25:26   Node cbow_mean_soft, HTCondor ID 456, status STATUS_SUBMITTED
03/29/17 20:35:27 39762 seconds since last log event
03/29/17 20:35:27 Pending DAG nodes:
03/29/17 20:35:27   Node cbow_mean_soft, HTCondor ID 456, status STATUS_SUBMITTED
03/29/17 20:45:30 40365 seconds since last log event
03/29/17 20:45:30 Pending DAG nodes:
03/29/17 20:45:30   Node cbow_mean_soft, HTCondor ID 456, status STATUS_SUBMITTED
03/29/17 20:55:32 40967 seconds since last log event
03/29/17 20:55:32 Pending DAG nodes:
03/29/17 20:55:32   Node cbow_mean_soft, HTCondor ID 456, status STATUS_SUBMITTED
03/29/17 21:05:34 41569 seconds since last log event
03/29/17 21:05:34 Pending DAG nodes:
03/29/17 21:05:34   Node cbow_mean_soft, HTCondor ID 456, status STATUS_SUBMITTED
03/29/17 21:15:37 42172 seconds since last log event
03/29/17 21:15:37 Pending DAG nodes:
03/29/17 21:15:37   Node cbow_mean_soft, HTCondor ID 456, status STATUS_SUBMITTED
03/29/17 21:25:39 42774 seconds since last log event
03/29/17 21:25:39 Pending DAG nodes:
03/29/17 21:25:39   Node cbow_mean_soft, HTCondor ID 456, status STATUS_SUBMITTED
03/29/17 21:35:42 43377 seconds since last log event
03/29/17 21:35:42 Pending DAG nodes:
03/29/17 21:35:42   Node cbow_mean_soft, HTCondor ID 456, status STATUS_SUBMITTED
03/29/17 21:45:44 43979 seconds since last log event
03/29/17 21:45:44 Pending DAG nodes:
03/29/17 21:45:44   Node cbow_mean_soft, HTCondor ID 456, status STATUS_SUBMITTED
03/29/17 21:55:47 44582 seconds since last log event
03/29/17 21:55:47 Pending DAG nodes:
03/29/17 21:55:47   Node cbow_mean_soft, HTCondor ID 456, status STATUS_SUBMITTED
03/29/17 22:05:50 45185 seconds since last log event
03/29/17 22:05:50 Pending DAG nodes:
03/29/17 22:05:50   Node cbow_mean_soft, HTCondor ID 456, status STATUS_SUBMITTED
03/29/17 22:15:52 45787 seconds since last log event
03/29/17 22:15:52 Pending DAG nodes:
03/29/17 22:15:52   Node cbow_mean_soft, HTCondor ID 456, status STATUS_SUBMITTED
03/29/17 22:25:55 46390 seconds since last log event
03/29/17 22:25:55 Pending DAG nodes:
03/29/17 22:25:55   Node cbow_mean_soft, HTCondor ID 456, status STATUS_SUBMITTED
03/29/17 22:35:58 46993 seconds since last log event
03/29/17 22:35:58 Pending DAG nodes:
03/29/17 22:35:58   Node cbow_mean_soft, HTCondor ID 456, status STATUS_SUBMITTED
03/29/17 22:46:01 47596 seconds since last log event
03/29/17 22:46:01 Pending DAG nodes:
03/29/17 22:46:01   Node cbow_mean_soft, HTCondor ID 456, status STATUS_SUBMITTED
03/29/17 22:56:03 48198 seconds since last log event
03/29/17 22:56:03 Pending DAG nodes:
03/29/17 22:56:03   Node cbow_mean_soft, HTCondor ID 456, status STATUS_SUBMITTED
03/29/17 23:06:06 48801 seconds since last log event
03/29/17 23:06:06 Pending DAG nodes:
03/29/17 23:06:06   Node cbow_mean_soft, HTCondor ID 456, status STATUS_SUBMITTED
03/29/17 23:16:08 49403 seconds since last log event
03/29/17 23:16:08 Pending DAG nodes:
03/29/17 23:16:08   Node cbow_mean_soft, HTCondor ID 456, status STATUS_SUBMITTED
03/29/17 23:26:11 50006 seconds since last log event
03/29/17 23:26:11 Pending DAG nodes:
03/29/17 23:26:11   Node cbow_mean_soft, HTCondor ID 456, status STATUS_SUBMITTED
03/29/17 23:36:14 50609 seconds since last log event
03/29/17 23:36:14 Pending DAG nodes:
03/29/17 23:36:14   Node cbow_mean_soft, HTCondor ID 456, status STATUS_SUBMITTED
03/29/17 23:46:16 51211 seconds since last log event
03/29/17 23:46:16 Pending DAG nodes:
03/29/17 23:46:16   Node cbow_mean_soft, HTCondor ID 456, status STATUS_SUBMITTED
03/29/17 23:56:19 51814 seconds since last log event
03/29/17 23:56:19 Pending DAG nodes:
03/29/17 23:56:19   Node cbow_mean_soft, HTCondor ID 456, status STATUS_SUBMITTED
03/30/17 00:06:22 52417 seconds since last log event
03/30/17 00:06:22 Pending DAG nodes:
03/30/17 00:06:22   Node cbow_mean_soft, HTCondor ID 456, status STATUS_SUBMITTED
03/30/17 00:16:24 53019 seconds since last log event
03/30/17 00:16:24 Pending DAG nodes:
03/30/17 00:16:24   Node cbow_mean_soft, HTCondor ID 456, status STATUS_SUBMITTED
03/30/17 00:26:27 53622 seconds since last log event
03/30/17 00:26:27 Pending DAG nodes:
03/30/17 00:26:27   Node cbow_mean_soft, HTCondor ID 456, status STATUS_SUBMITTED
03/30/17 00:36:30 54225 seconds since last log event
03/30/17 00:36:30 Pending DAG nodes:
03/30/17 00:36:30   Node cbow_mean_soft, HTCondor ID 456, status STATUS_SUBMITTED
03/30/17 00:46:33 54828 seconds since last log event
03/30/17 00:46:33 Pending DAG nodes:
03/30/17 00:46:33   Node cbow_mean_soft, HTCondor ID 456, status STATUS_SUBMITTED
03/30/17 00:56:35 55430 seconds since last log event
03/30/17 00:56:35 Pending DAG nodes:
03/30/17 00:56:35   Node cbow_mean_soft, HTCondor ID 456, status STATUS_SUBMITTED
03/30/17 01:06:37 56032 seconds since last log event
03/30/17 01:06:37 Pending DAG nodes:
03/30/17 01:06:37   Node cbow_mean_soft, HTCondor ID 456, status STATUS_SUBMITTED
03/30/17 01:16:40 56635 seconds since last log event
03/30/17 01:16:40 Pending DAG nodes:
03/30/17 01:16:40   Node cbow_mean_soft, HTCondor ID 456, status STATUS_SUBMITTED
03/30/17 01:26:43 57238 seconds since last log event
03/30/17 01:26:43 Pending DAG nodes:
03/30/17 01:26:43   Node cbow_mean_soft, HTCondor ID 456, status STATUS_SUBMITTED
03/30/17 01:36:45 57840 seconds since last log event
03/30/17 01:36:45 Pending DAG nodes:
03/30/17 01:36:45   Node cbow_mean_soft, HTCondor ID 456, status STATUS_SUBMITTED
03/30/17 01:46:48 58443 seconds since last log event
03/30/17 01:46:48 Pending DAG nodes:
03/30/17 01:46:48   Node cbow_mean_soft, HTCondor ID 456, status STATUS_SUBMITTED
03/30/17 01:56:50 59045 seconds since last log event
03/30/17 01:56:50 Pending DAG nodes:
03/30/17 01:56:50   Node cbow_mean_soft, HTCondor ID 456, status STATUS_SUBMITTED
03/30/17 02:06:53 59648 seconds since last log event
03/30/17 02:06:53 Pending DAG nodes:
03/30/17 02:06:53   Node cbow_mean_soft, HTCondor ID 456, status STATUS_SUBMITTED
03/30/17 02:16:56 60251 seconds since last log event
03/30/17 02:16:56 Pending DAG nodes:
03/30/17 02:16:56   Node cbow_mean_soft, HTCondor ID 456, status STATUS_SUBMITTED
03/30/17 02:26:58 60853 seconds since last log event
03/30/17 02:26:58 Pending DAG nodes:
03/30/17 02:26:58   Node cbow_mean_soft, HTCondor ID 456, status STATUS_SUBMITTED
03/30/17 02:37:01 61456 seconds since last log event
03/30/17 02:37:01 Pending DAG nodes:
03/30/17 02:37:01   Node cbow_mean_soft, HTCondor ID 456, status STATUS_SUBMITTED
03/30/17 02:47:04 62059 seconds since last log event
03/30/17 02:47:04 Pending DAG nodes:
03/30/17 02:47:04   Node cbow_mean_soft, HTCondor ID 456, status STATUS_SUBMITTED
03/30/17 02:57:07 62662 seconds since last log event
03/30/17 02:57:07 Pending DAG nodes:
03/30/17 02:57:07   Node cbow_mean_soft, HTCondor ID 456, status STATUS_SUBMITTED
03/30/17 03:07:08 63263 seconds since last log event
03/30/17 03:07:08 Pending DAG nodes:
03/30/17 03:07:08   Node cbow_mean_soft, HTCondor ID 456, status STATUS_SUBMITTED
03/30/17 03:17:11 63866 seconds since last log event
03/30/17 03:17:11 Pending DAG nodes:
03/30/17 03:17:11   Node cbow_mean_soft, HTCondor ID 456, status STATUS_SUBMITTED
03/30/17 03:27:14 64469 seconds since last log event
03/30/17 03:27:14 Pending DAG nodes:
03/30/17 03:27:14   Node cbow_mean_soft, HTCondor ID 456, status STATUS_SUBMITTED
03/30/17 03:37:17 65072 seconds since last log event
03/30/17 03:37:17 Pending DAG nodes:
03/30/17 03:37:17   Node cbow_mean_soft, HTCondor ID 456, status STATUS_SUBMITTED
03/30/17 03:47:19 65674 seconds since last log event
03/30/17 03:47:19 Pending DAG nodes:
03/30/17 03:47:19   Node cbow_mean_soft, HTCondor ID 456, status STATUS_SUBMITTED
03/30/17 03:57:20 66275 seconds since last log event
03/30/17 03:57:20 Pending DAG nodes:
03/30/17 03:57:20   Node cbow_mean_soft, HTCondor ID 456, status STATUS_SUBMITTED
03/30/17 04:07:22 66877 seconds since last log event
03/30/17 04:07:22 Pending DAG nodes:
03/30/17 04:07:22   Node cbow_mean_soft, HTCondor ID 456, status STATUS_SUBMITTED
03/30/17 04:17:25 67480 seconds since last log event
03/30/17 04:17:25 Pending DAG nodes:
03/30/17 04:17:25   Node cbow_mean_soft, HTCondor ID 456, status STATUS_SUBMITTED
03/30/17 04:27:27 68082 seconds since last log event
03/30/17 04:27:27 Pending DAG nodes:
03/30/17 04:27:27   Node cbow_mean_soft, HTCondor ID 456, status STATUS_SUBMITTED
03/30/17 04:37:30 68685 seconds since last log event
03/30/17 04:37:30 Pending DAG nodes:
03/30/17 04:37:30   Node cbow_mean_soft, HTCondor ID 456, status STATUS_SUBMITTED
03/30/17 04:47:32 69287 seconds since last log event
03/30/17 04:47:32 Pending DAG nodes:
03/30/17 04:47:32   Node cbow_mean_soft, HTCondor ID 456, status STATUS_SUBMITTED
03/30/17 04:57:35 69890 seconds since last log event
03/30/17 04:57:35 Pending DAG nodes:
03/30/17 04:57:35   Node cbow_mean_soft, HTCondor ID 456, status STATUS_SUBMITTED
03/30/17 05:07:38 70493 seconds since last log event
03/30/17 05:07:38 Pending DAG nodes:
03/30/17 05:07:38   Node cbow_mean_soft, HTCondor ID 456, status STATUS_SUBMITTED
03/30/17 05:17:41 71096 seconds since last log event
03/30/17 05:17:41 Pending DAG nodes:
03/30/17 05:17:41   Node cbow_mean_soft, HTCondor ID 456, status STATUS_SUBMITTED
03/30/17 05:27:43 71698 seconds since last log event
03/30/17 05:27:43 Pending DAG nodes:
03/30/17 05:27:43   Node cbow_mean_soft, HTCondor ID 456, status STATUS_SUBMITTED
03/30/17 05:37:46 72301 seconds since last log event
03/30/17 05:37:46 Pending DAG nodes:
03/30/17 05:37:46   Node cbow_mean_soft, HTCondor ID 456, status STATUS_SUBMITTED
03/30/17 05:47:49 72904 seconds since last log event
03/30/17 05:47:49 Pending DAG nodes:
03/30/17 05:47:49   Node cbow_mean_soft, HTCondor ID 456, status STATUS_SUBMITTED
03/30/17 05:57:52 73507 seconds since last log event
03/30/17 05:57:52 Pending DAG nodes:
03/30/17 05:57:52   Node cbow_mean_soft, HTCondor ID 456, status STATUS_SUBMITTED
03/30/17 06:07:54 74109 seconds since last log event
03/30/17 06:07:54 Pending DAG nodes:
03/30/17 06:07:54   Node cbow_mean_soft, HTCondor ID 456, status STATUS_SUBMITTED
03/30/17 06:17:57 74712 seconds since last log event
03/30/17 06:17:57 Pending DAG nodes:
03/30/17 06:17:57   Node cbow_mean_soft, HTCondor ID 456, status STATUS_SUBMITTED
03/30/17 06:27:59 75314 seconds since last log event
03/30/17 06:27:59 Pending DAG nodes:
03/30/17 06:27:59   Node cbow_mean_soft, HTCondor ID 456, status STATUS_SUBMITTED
03/30/17 06:38:01 75916 seconds since last log event
03/30/17 06:38:01 Pending DAG nodes:
03/30/17 06:38:01   Node cbow_mean_soft, HTCondor ID 456, status STATUS_SUBMITTED
03/30/17 06:48:03 76518 seconds since last log event
03/30/17 06:48:03 Pending DAG nodes:
03/30/17 06:48:03   Node cbow_mean_soft, HTCondor ID 456, status STATUS_SUBMITTED
03/30/17 06:58:06 77121 seconds since last log event
03/30/17 06:58:06 Pending DAG nodes:
03/30/17 06:58:06   Node cbow_mean_soft, HTCondor ID 456, status STATUS_SUBMITTED
03/30/17 07:08:08 77723 seconds since last log event
03/30/17 07:08:08 Pending DAG nodes:
03/30/17 07:08:08   Node cbow_mean_soft, HTCondor ID 456, status STATUS_SUBMITTED
03/30/17 07:18:11 78326 seconds since last log event
03/30/17 07:18:11 Pending DAG nodes:
03/30/17 07:18:11   Node cbow_mean_soft, HTCondor ID 456, status STATUS_SUBMITTED
03/30/17 07:28:14 78929 seconds since last log event
03/30/17 07:28:14 Pending DAG nodes:
03/30/17 07:28:14   Node cbow_mean_soft, HTCondor ID 456, status STATUS_SUBMITTED
03/30/17 07:38:16 79531 seconds since last log event
03/30/17 07:38:16 Pending DAG nodes:
03/30/17 07:38:16   Node cbow_mean_soft, HTCondor ID 456, status STATUS_SUBMITTED
03/30/17 07:48:18 80133 seconds since last log event
03/30/17 07:48:18 Pending DAG nodes:
03/30/17 07:48:18   Node cbow_mean_soft, HTCondor ID 456, status STATUS_SUBMITTED
03/30/17 07:58:21 80736 seconds since last log event
03/30/17 07:58:21 Pending DAG nodes:
03/30/17 07:58:21   Node cbow_mean_soft, HTCondor ID 456, status STATUS_SUBMITTED
03/30/17 08:08:24 81339 seconds since last log event
03/30/17 08:08:24 Pending DAG nodes:
03/30/17 08:08:24   Node cbow_mean_soft, HTCondor ID 456, status STATUS_SUBMITTED
03/30/17 08:18:27 81942 seconds since last log event
03/30/17 08:18:27 Pending DAG nodes:
03/30/17 08:18:27   Node cbow_mean_soft, HTCondor ID 456, status STATUS_SUBMITTED
03/30/17 08:28:30 82545 seconds since last log event
03/30/17 08:28:30 Pending DAG nodes:
03/30/17 08:28:30   Node cbow_mean_soft, HTCondor ID 456, status STATUS_SUBMITTED
03/30/17 08:38:32 83147 seconds since last log event
03/30/17 08:38:32 Pending DAG nodes:
03/30/17 08:38:32   Node cbow_mean_soft, HTCondor ID 456, status STATUS_SUBMITTED
03/30/17 08:48:35 83750 seconds since last log event
03/30/17 08:48:35 Pending DAG nodes:
03/30/17 08:48:35   Node cbow_mean_soft, HTCondor ID 456, status STATUS_SUBMITTED
03/30/17 08:58:38 84353 seconds since last log event
03/30/17 08:58:38 Pending DAG nodes:
03/30/17 08:58:38   Node cbow_mean_soft, HTCondor ID 456, status STATUS_SUBMITTED
03/30/17 09:08:41 84956 seconds since last log event
03/30/17 09:08:41 Pending DAG nodes:
03/30/17 09:08:41   Node cbow_mean_soft, HTCondor ID 456, status STATUS_SUBMITTED
03/30/17 09:18:43 85558 seconds since last log event
03/30/17 09:18:43 Pending DAG nodes:
03/30/17 09:18:43   Node cbow_mean_soft, HTCondor ID 456, status STATUS_SUBMITTED
03/30/17 09:28:46 86161 seconds since last log event
03/30/17 09:28:46 Pending DAG nodes:
03/30/17 09:28:46   Node cbow_mean_soft, HTCondor ID 456, status STATUS_SUBMITTED
03/30/17 09:38:48 86763 seconds since last log event
03/30/17 09:38:48 Pending DAG nodes:
03/30/17 09:38:48   Node cbow_mean_soft, HTCondor ID 456, status STATUS_SUBMITTED
03/30/17 09:48:51 87366 seconds since last log event
03/30/17 09:48:51 Pending DAG nodes:
03/30/17 09:48:51   Node cbow_mean_soft, HTCondor ID 456, status STATUS_SUBMITTED
03/30/17 09:58:52 87967 seconds since last log event
03/30/17 09:58:55 Pending DAG nodes:
03/30/17 09:58:55   Node cbow_mean_soft, HTCondor ID 456, status STATUS_SUBMITTED
03/30/17 10:08:54 88569 seconds since last log event
03/30/17 10:08:54 Pending DAG nodes:
03/30/17 10:08:54   Node cbow_mean_soft, HTCondor ID 456, status STATUS_SUBMITTED
03/30/17 10:18:57 89172 seconds since last log event
03/30/17 10:18:57 Pending DAG nodes:
03/30/17 10:18:57   Node cbow_mean_soft, HTCondor ID 456, status STATUS_SUBMITTED
03/30/17 10:29:00 89775 seconds since last log event
03/30/17 10:29:00 Pending DAG nodes:
03/30/17 10:29:00   Node cbow_mean_soft, HTCondor ID 456, status STATUS_SUBMITTED
03/30/17 10:39:01 90376 seconds since last log event
03/30/17 10:39:01 Pending DAG nodes:
03/30/17 10:39:01   Node cbow_mean_soft, HTCondor ID 456, status STATUS_SUBMITTED
03/30/17 10:49:04 90979 seconds since last log event
03/30/17 10:49:04 Pending DAG nodes:
03/30/17 10:49:04   Node cbow_mean_soft, HTCondor ID 456, status STATUS_SUBMITTED
03/30/17 10:59:07 91582 seconds since last log event
03/30/17 10:59:09 Pending DAG nodes:
03/30/17 10:59:09   Node cbow_mean_soft, HTCondor ID 456, status STATUS_SUBMITTED
03/30/17 11:09:09 92184 seconds since last log event
03/30/17 11:09:09 Pending DAG nodes:
03/30/17 11:09:09   Node cbow_mean_soft, HTCondor ID 456, status STATUS_SUBMITTED
03/30/17 11:19:13 92788 seconds since last log event
03/30/17 11:19:13 Pending DAG nodes:
03/30/17 11:19:13   Node cbow_mean_soft, HTCondor ID 456, status STATUS_SUBMITTED
03/30/17 11:29:16 93391 seconds since last log event
03/30/17 11:29:16 Pending DAG nodes:
03/30/17 11:29:16   Node cbow_mean_soft, HTCondor ID 456, status STATUS_SUBMITTED
03/30/17 11:39:18 93993 seconds since last log event
03/30/17 11:39:18 Pending DAG nodes:
03/30/17 11:39:18   Node cbow_mean_soft, HTCondor ID 456, status STATUS_SUBMITTED
03/30/17 11:49:21 94596 seconds since last log event
03/30/17 11:49:21 Pending DAG nodes:
03/30/17 11:49:21   Node cbow_mean_soft, HTCondor ID 456, status STATUS_SUBMITTED
03/30/17 11:59:24 95199 seconds since last log event
03/30/17 11:59:24 Pending DAG nodes:
03/30/17 11:59:24   Node cbow_mean_soft, HTCondor ID 456, status STATUS_SUBMITTED
03/30/17 12:09:27 95802 seconds since last log event
03/30/17 12:09:27 Pending DAG nodes:
03/30/17 12:09:27   Node cbow_mean_soft, HTCondor ID 456, status STATUS_SUBMITTED
03/30/17 12:19:31 96406 seconds since last log event
03/30/17 12:19:31 Pending DAG nodes:
03/30/17 12:19:31   Node cbow_mean_soft, HTCondor ID 456, status STATUS_SUBMITTED
03/30/17 12:29:34 97009 seconds since last log event
03/30/17 12:29:34 Pending DAG nodes:
03/30/17 12:29:34   Node cbow_mean_soft, HTCondor ID 456, status STATUS_SUBMITTED
03/30/17 12:39:37 97612 seconds since last log event
03/30/17 12:39:37 Pending DAG nodes:
03/30/17 12:39:37   Node cbow_mean_soft, HTCondor ID 456, status STATUS_SUBMITTED
03/30/17 12:49:41 98216 seconds since last log event
03/30/17 12:49:41 Pending DAG nodes:
03/30/17 12:49:41   Node cbow_mean_soft, HTCondor ID 456, status STATUS_SUBMITTED
03/30/17 12:59:43 98818 seconds since last log event
03/30/17 12:59:43 Pending DAG nodes:
03/30/17 12:59:43   Node cbow_mean_soft, HTCondor ID 456, status STATUS_SUBMITTED
03/30/17 13:09:47 99422 seconds since last log event
03/30/17 13:09:47 Pending DAG nodes:
03/30/17 13:09:47   Node cbow_mean_soft, HTCondor ID 456, status STATUS_SUBMITTED
03/30/17 13:19:51 100026 seconds since last log event
03/30/17 13:19:51 Pending DAG nodes:
03/30/17 13:19:51   Node cbow_mean_soft, HTCondor ID 456, status STATUS_SUBMITTED
03/30/17 13:29:52 100627 seconds since last log event
03/30/17 13:29:52 Pending DAG nodes:
03/30/17 13:29:52   Node cbow_mean_soft, HTCondor ID 456, status STATUS_SUBMITTED
03/30/17 13:39:55 101230 seconds since last log event
03/30/17 13:39:55 Pending DAG nodes:
03/30/17 13:39:55   Node cbow_mean_soft, HTCondor ID 456, status STATUS_SUBMITTED
03/30/17 13:49:57 101832 seconds since last log event
03/30/17 13:49:57 Pending DAG nodes:
03/30/17 13:49:57   Node cbow_mean_soft, HTCondor ID 456, status STATUS_SUBMITTED
03/30/17 13:59:57 102432 seconds since last log event
03/30/17 13:59:57 Pending DAG nodes:
03/30/17 13:59:57   Node cbow_mean_soft, HTCondor ID 456, status STATUS_SUBMITTED
03/30/17 14:10:00 103035 seconds since last log event
03/30/17 14:10:00 Pending DAG nodes:
03/30/17 14:10:00   Node cbow_mean_soft, HTCondor ID 456, status STATUS_SUBMITTED
03/30/17 14:20:03 103638 seconds since last log event
03/30/17 14:20:03 Pending DAG nodes:
03/30/17 14:20:03   Node cbow_mean_soft, HTCondor ID 456, status STATUS_SUBMITTED
03/30/17 14:30:06 104241 seconds since last log event
03/30/17 14:30:06 Pending DAG nodes:
03/30/17 14:30:06   Node cbow_mean_soft, HTCondor ID 456, status STATUS_SUBMITTED
03/30/17 14:40:06 104841 seconds since last log event
03/30/17 14:40:06 Pending DAG nodes:
03/30/17 14:40:06   Node cbow_mean_soft, HTCondor ID 456, status STATUS_SUBMITTED
03/30/17 14:50:10 105445 seconds since last log event
03/30/17 14:50:10 Pending DAG nodes:
03/30/17 14:50:10   Node cbow_mean_soft, HTCondor ID 456, status STATUS_SUBMITTED
03/30/17 15:00:13 106048 seconds since last log event
03/30/17 15:00:13 Pending DAG nodes:
03/30/17 15:00:13   Node cbow_mean_soft, HTCondor ID 456, status STATUS_SUBMITTED
03/30/17 15:10:18 106653 seconds since last log event
03/30/17 15:10:18 Pending DAG nodes:
03/30/17 15:10:18   Node cbow_mean_soft, HTCondor ID 456, status STATUS_SUBMITTED
03/30/17 15:20:20 107255 seconds since last log event
03/30/17 15:20:20 Pending DAG nodes:
03/30/17 15:20:20   Node cbow_mean_soft, HTCondor ID 456, status STATUS_SUBMITTED
03/30/17 15:30:23 107858 seconds since last log event
03/30/17 15:30:23 Pending DAG nodes:
03/30/17 15:30:23   Node cbow_mean_soft, HTCondor ID 456, status STATUS_SUBMITTED
03/30/17 15:40:25 108460 seconds since last log event
03/30/17 15:40:25 Pending DAG nodes:
03/30/17 15:40:25   Node cbow_mean_soft, HTCondor ID 456, status STATUS_SUBMITTED
03/30/17 15:50:27 109062 seconds since last log event
03/30/17 15:50:27 Pending DAG nodes:
03/30/17 15:50:27   Node cbow_mean_soft, HTCondor ID 456, status STATUS_SUBMITTED
03/30/17 16:00:30 109665 seconds since last log event
03/30/17 16:00:30 Pending DAG nodes:
03/30/17 16:00:30   Node cbow_mean_soft, HTCondor ID 456, status STATUS_SUBMITTED
03/30/17 16:10:33 110268 seconds since last log event
03/30/17 16:10:33 Pending DAG nodes:
03/30/17 16:10:33   Node cbow_mean_soft, HTCondor ID 456, status STATUS_SUBMITTED
03/30/17 16:20:35 110870 seconds since last log event
03/30/17 16:20:35 Pending DAG nodes:
03/30/17 16:20:35   Node cbow_mean_soft, HTCondor ID 456, status STATUS_SUBMITTED
03/30/17 16:30:38 111473 seconds since last log event
03/30/17 16:30:38 Pending DAG nodes:
03/30/17 16:30:38   Node cbow_mean_soft, HTCondor ID 456, status STATUS_SUBMITTED
03/30/17 16:40:40 112075 seconds since last log event
03/30/17 16:40:40 Pending DAG nodes:
03/30/17 16:40:40   Node cbow_mean_soft, HTCondor ID 456, status STATUS_SUBMITTED
03/30/17 16:50:42 112677 seconds since last log event
03/30/17 16:50:42 Pending DAG nodes:
03/30/17 16:50:42   Node cbow_mean_soft, HTCondor ID 456, status STATUS_SUBMITTED
03/30/17 17:00:45 113280 seconds since last log event
03/30/17 17:00:45 Pending DAG nodes:
03/30/17 17:00:45   Node cbow_mean_soft, HTCondor ID 456, status STATUS_SUBMITTED
03/30/17 17:10:48 113883 seconds since last log event
03/30/17 17:10:48 Pending DAG nodes:
03/30/17 17:10:48   Node cbow_mean_soft, HTCondor ID 456, status STATUS_SUBMITTED
03/30/17 17:20:51 114486 seconds since last log event
03/30/17 17:20:51 Pending DAG nodes:
03/30/17 17:20:51   Node cbow_mean_soft, HTCondor ID 456, status STATUS_SUBMITTED
03/30/17 17:30:53 115088 seconds since last log event
03/30/17 17:30:53 Pending DAG nodes:
03/30/17 17:30:53   Node cbow_mean_soft, HTCondor ID 456, status STATUS_SUBMITTED
03/30/17 17:40:56 115691 seconds since last log event
03/30/17 17:40:56 Pending DAG nodes:
03/30/17 17:40:56   Node cbow_mean_soft, HTCondor ID 456, status STATUS_SUBMITTED
03/30/17 17:50:59 116294 seconds since last log event
03/30/17 17:50:59 Pending DAG nodes:
03/30/17 17:50:59   Node cbow_mean_soft, HTCondor ID 456, status STATUS_SUBMITTED
03/30/17 18:01:02 116897 seconds since last log event
03/30/17 18:01:02 Pending DAG nodes:
03/30/17 18:01:02   Node cbow_mean_soft, HTCondor ID 456, status STATUS_SUBMITTED
03/30/17 18:11:04 117499 seconds since last log event
03/30/17 18:11:04 Pending DAG nodes:
03/30/17 18:11:04   Node cbow_mean_soft, HTCondor ID 456, status STATUS_SUBMITTED
03/30/17 18:21:06 118101 seconds since last log event
03/30/17 18:21:06 Pending DAG nodes:
03/30/17 18:21:06   Node cbow_mean_soft, HTCondor ID 456, status STATUS_SUBMITTED
03/30/17 18:31:09 118704 seconds since last log event
03/30/17 18:31:09 Pending DAG nodes:
03/30/17 18:31:09   Node cbow_mean_soft, HTCondor ID 456, status STATUS_SUBMITTED
03/30/17 18:36:26 Currently monitoring 1 HTCondor log file(s)
03/30/17 18:36:26 Event: ULOG_JOB_TERMINATED for HTCondor Node cbow_mean_soft (456.0.0) {03/30/17 18:36:23}
03/30/17 18:36:26 Number of idle job procs: 0
03/30/17 18:36:26 Node cbow_mean_soft job proc (456.0.0) completed successfully.
03/30/17 18:36:26 Node cbow_mean_soft job completed
03/30/17 18:36:26 DAG status: 0 (DAG_STATUS_OK)
03/30/17 18:36:26 Of 2 nodes total:
03/30/17 18:36:26  Done     Pre   Queued    Post   Ready   Un-Ready   Failed
03/30/17 18:36:26   ===     ===      ===     ===     ===        ===      ===
03/30/17 18:36:26     1       0        0       0       1          0        0
03/30/17 18:36:26 0 job proc(s) currently held
03/30/17 18:36:31 Submitting HTCondor Node cbow_mean_soft_test job(s)...
03/30/17 18:36:31 Adding a DAGMan workflow log /esat/spchtemp/scratch/robbe/SpeechHub/domain_adaptation_models/python/jobdag/./ds_cbow_mean_soft.dag.nodes.log
03/30/17 18:36:31 Masking the events recorded in the DAGMAN workflow log
03/30/17 18:36:31 Mask for workflow log is 0,1,2,4,5,7,9,10,11,12,13,16,17,24,27
03/30/17 18:36:31 submitting: /usr/bin/condor_submit -a dag_node_name' '=' 'cbow_mean_soft_test -a +DAGManJobId' '=' '453 -a DAGManJobId' '=' '453 -batch-name ds_cbow_mean_soft.dag+453 -a submit_event_notes' '=' 'DAG' 'Node:' 'cbow_mean_soft_test -a dagman_log' '=' '/esat/spchtemp/scratch/robbe/SpeechHub/domain_adaptation_models/python/jobdag/./ds_cbow_mean_soft.dag.nodes.log -a +DAGManNodesMask' '=' '"0,1,2,4,5,7,9,10,11,12,13,16,17,24,27" -a data_set' '=' 'ds -a test_name' '=' 'cbow_mean_soft -a num_run' '=' '0 -a DAG_STATUS' '=' '0 -a FAILED_COUNT' '=' '0 -a notification' '=' 'never -a +DAGParentNodeNames' '=' '"cbow_mean_soft" jobdag/cbow_soft_test.job
03/30/17 18:36:31 From submit: Submitting job(s).
03/30/17 18:36:31 From submit: 1 job(s) submitted to cluster 598.
03/30/17 18:36:31 	assigned HTCondor ID (598.0.0)
03/30/17 18:36:31 Just submitted 1 job this cycle...
03/30/17 18:36:31 Currently monitoring 1 HTCondor log file(s)
03/30/17 18:36:31 Reassigning the id of job cbow_mean_soft_test from (598.0.0) to (598.0.0)
03/30/17 18:36:31 Event: ULOG_SUBMIT for HTCondor Node cbow_mean_soft_test (598.0.0) {03/30/17 18:36:31}
03/30/17 18:36:31 Number of idle job procs: 1
03/30/17 18:36:31 DAG status: 0 (DAG_STATUS_OK)
03/30/17 18:36:31 Of 2 nodes total:
03/30/17 18:36:31  Done     Pre   Queued    Post   Ready   Un-Ready   Failed
03/30/17 18:36:31   ===     ===      ===     ===     ===        ===      ===
03/30/17 18:36:31     1       0        1       0       0          0        0
03/30/17 18:36:31 0 job proc(s) currently held
03/30/17 18:46:34 603 seconds since last log event
03/30/17 18:46:34 Pending DAG nodes:
03/30/17 18:46:34   Node cbow_mean_soft_test, HTCondor ID 598, status STATUS_SUBMITTED
03/30/17 18:56:37 1206 seconds since last log event
03/30/17 18:56:37 Pending DAG nodes:
03/30/17 18:56:37   Node cbow_mean_soft_test, HTCondor ID 598, status STATUS_SUBMITTED
03/30/17 19:06:40 1809 seconds since last log event
03/30/17 19:06:40 Pending DAG nodes:
03/30/17 19:06:40   Node cbow_mean_soft_test, HTCondor ID 598, status STATUS_SUBMITTED
03/30/17 19:16:42 2411 seconds since last log event
03/30/17 19:16:42 Pending DAG nodes:
03/30/17 19:16:42   Node cbow_mean_soft_test, HTCondor ID 598, status STATUS_SUBMITTED
03/30/17 19:26:19 Currently monitoring 1 HTCondor log file(s)
03/30/17 19:26:19 Event: ULOG_EXECUTE for HTCondor Node cbow_mean_soft_test (598.0.0) {03/30/17 19:26:18}
03/30/17 19:26:19 Number of idle job procs: 0
03/30/17 19:28:30 Currently monitoring 1 HTCondor log file(s)
03/30/17 19:28:30 Event: ULOG_JOB_TERMINATED for HTCondor Node cbow_mean_soft_test (598.0.0) {03/30/17 19:28:29}
03/30/17 19:28:30 Number of idle job procs: 0
03/30/17 19:28:30 Node cbow_mean_soft_test job proc (598.0.0) completed successfully.
03/30/17 19:28:30 Node cbow_mean_soft_test job completed
03/30/17 19:28:30 DAG status: 0 (DAG_STATUS_OK)
03/30/17 19:28:30 Of 2 nodes total:
03/30/17 19:28:30  Done     Pre   Queued    Post   Ready   Un-Ready   Failed
03/30/17 19:28:30   ===     ===      ===     ===     ===        ===      ===
03/30/17 19:28:30     2       0        0       0       0          0        0
03/30/17 19:28:30 0 job proc(s) currently held
03/30/17 19:28:30 All jobs Completed!
03/30/17 19:28:30 Note: 0 total job deferrals because of -MaxJobs limit (0)
03/30/17 19:28:30 Note: 0 total job deferrals because of -MaxIdle limit (1000)
03/30/17 19:28:30 Note: 0 total job deferrals because of node category throttles
03/30/17 19:28:30 Note: 0 total PRE script deferrals because of -MaxPre limit (20) or DEFER
03/30/17 19:28:30 Note: 0 total POST script deferrals because of -MaxPost limit (20) or DEFER
03/30/17 19:28:30 DAG status: 0 (DAG_STATUS_OK)
03/30/17 19:28:30 Of 2 nodes total:
03/30/17 19:28:30  Done     Pre   Queued    Post   Ready   Un-Ready   Failed
03/30/17 19:28:30   ===     ===      ===     ===     ===        ===      ===
03/30/17 19:28:30     2       0        0       0       0          0        0
03/30/17 19:28:30 0 job proc(s) currently held
03/30/17 19:28:30 Wrote metrics file ds_cbow_mean_soft.dag.metrics.
03/30/17 19:28:30 Metrics not sent because of PEGASUS_METRICS or CONDOR_DEVELOPERS setting.
03/30/17 19:28:30 **** condor_scheduniv_exec.453.0 (condor_DAGMAN) pid 21498 EXITING WITH STATUS 0
