job started
Epoch: 1 Learning rate: 1.000
0.000 perplexity: 50087.489 speed: 250 wps
0.100 perplexity: 317.586 speed: 6657 wps
0.200 perplexity: 269.212 speed: 5671 wps
0.300 perplexity: 246.807 speed: 6535 wps
0.400 perplexity: 232.723 speed: 7076 wps
0.500 perplexity: 222.469 speed: 7432 wps
0.600 perplexity: 215.102 speed: 7617 wps
0.700 perplexity: 209.224 speed: 7556 wps
0.800 perplexity: 204.195 speed: 7611 wps
0.900 perplexity: 199.972 speed: 7510 wps
1.000 perplexity: 196.360 speed: 7613 wps
Epoch: 1 Train Perplexity: 196.359
with(perplexity: 154.956) speed: 16183 wps
Epoch: 1 Valid Perplexity: 154.956
Epoch: 2 Learning rate: 1.000
0.000 perplexity: 248.932 speed: 7361 wps
0.100 perplexity: 164.618 speed: 9090 wps
0.200 perplexity: 163.331 speed: 9262 wps
0.300 perplexity: 162.527 speed: 9324 wps
0.400 perplexity: 161.729 speed: 9337 wps
0.500 perplexity: 160.737 speed: 9325 wps
0.600 perplexity: 160.184 speed: 9301 wps
0.700 perplexity: 159.648 speed: 9219 wps
0.800 perplexity: 159.006 speed: 9243 wps
0.900 perplexity: 158.401 speed: 9268 wps
1.000 perplexity: 157.815 speed: 9284 wps
Epoch: 2 Train Perplexity: 157.816
with(perplexity: 140.697) speed: 16804 wps
Epoch: 2 Valid Perplexity: 140.697
Epoch: 3 Learning rate: 1.000
0.000 perplexity: 244.606 speed: 9399 wps
0.100 perplexity: 152.239 speed: 9430 wps
0.200 perplexity: 151.572 speed: 9473 wps
0.300 perplexity: 151.325 speed: 9515 wps
0.400 perplexity: 151.040 speed: 9534 wps
0.500 perplexity: 150.506 speed: 9531 wps
0.600 perplexity: 150.365 speed: 9519 wps
0.700 perplexity: 150.198 speed: 9527 wps
0.800 perplexity: 149.901 speed: 9531 wps
0.900 perplexity: 149.613 speed: 9512 wps
1.000 perplexity: 149.316 speed: 9484 wps
Epoch: 3 Train Perplexity: 149.317
with(perplexity: 134.666) speed: 16364 wps
Epoch: 3 Valid Perplexity: 134.666
with(perplexity: 128.777) speed: 408 wps
Test Perplexity: 128.777
Saving model to /esat/spchtemp/scratch/wboes/SpeechHub/domain_adaptation_models/output/cbow_exp_lstm_0/cbow_exp_lstm_0.
hihi
