job started
Epoch: 1 Learning rate: 1.000
0.000 perplexity: 50126.291 speed: 90 wps
0.100 perplexity: 320.504 speed: 4500 wps
0.200 perplexity: 272.724 speed: 4505 wps
0.300 perplexity: 250.325 speed: 4504 wps
0.400 perplexity: 236.136 speed: 4515 wps
0.500 perplexity: 225.747 speed: 4512 wps
0.600 perplexity: 218.209 speed: 4512 wps
0.700 perplexity: 212.229 speed: 4520 wps
0.800 perplexity: 207.115 speed: 4522 wps
0.900 perplexity: 202.825 speed: 4525 wps
1.000 perplexity: 199.133 speed: 4534 wps
Epoch: 1 Train Perplexity: 199.133
Epoch: 1 Valid Perplexity: 159.110
Epoch: 2 Learning rate: 1.000
0.000 perplexity: 250.979 speed: 4310 wps
0.100 perplexity: 166.364 speed: 4555 wps
0.200 perplexity: 164.974 speed: 4567 wps
0.300 perplexity: 164.047 speed: 4583 wps
0.400 perplexity: 163.119 speed: 4577 wps
0.500 perplexity: 161.943 speed: 4568 wps
0.600 perplexity: 161.240 speed: 4571 wps
0.700 perplexity: 160.565 speed: 4569 wps
0.800 perplexity: 159.779 speed: 4567 wps
0.900 perplexity: 159.043 speed: 4570 wps
1.000 perplexity: 158.344 speed: 4571 wps
Epoch: 2 Train Perplexity: 158.345
Epoch: 2 Valid Perplexity: 143.268
Epoch: 3 Learning rate: 1.000
0.000 perplexity: 259.921 speed: 4315 wps
0.100 perplexity: 151.362 speed: 4554 wps
0.200 perplexity: 150.605 speed: 4583 wps
0.300 perplexity: 150.260 speed: 4575 wps
0.400 perplexity: 149.883 speed: 4580 wps
0.500 perplexity: 149.227 speed: 4571 wps
0.600 perplexity: 148.966 speed: 4567 wps
0.700 perplexity: 148.690 speed: 4572 wps
0.800 perplexity: 148.304 speed: 4570 wps
0.900 perplexity: 147.919 speed: 4568 wps
1.000 perplexity: 147.543 speed: 4570 wps
Epoch: 3 Train Perplexity: 147.544
Epoch: 3 Valid Perplexity: 135.811
Test Perplexity: 128.958
Saving model to /esat/spchtemp/scratch/wboes/ds_stream/output/output_cbow_sentence_ds/cbow_mean_soft_0/cbow_mean_soft_0.
hihi
