I tensorflow/stream_executor/dso_loader.cc:128] successfully opened CUDA library libcublas.so locally
I tensorflow/stream_executor/dso_loader.cc:128] successfully opened CUDA library libcudnn.so locally
I tensorflow/stream_executor/dso_loader.cc:128] successfully opened CUDA library libcufft.so locally
I tensorflow/stream_executor/dso_loader.cc:128] successfully opened CUDA library libcuda.so.1 locally
I tensorflow/stream_executor/dso_loader.cc:128] successfully opened CUDA library libcurand.so locally
/users/start2014/r0364650/.local/lib/python2.7/site-packages/gensim/utils.py:1015: UserWarning: Pattern library is not installed, lemmatization won't be available.
  warnings.warn("Pattern library is not installed, lemmatization won't be available.")
I tensorflow/stream_executor/cuda/cuda_gpu_executor.cc:937] successful NUMA node read from SysFS had negative value (-1), but there must be at least one NUMA node, so returning NUMA node zero
I tensorflow/core/common_runtime/gpu/gpu_device.cc:885] Found device 0 with properties: 
name: GeForce GTX 980 Ti
major: 5 minor: 2 memoryClockRate (GHz) 1.19
pciBusID 0000:01:00.0
Total memory: 5.93GiB
Free memory: 5.84GiB
I tensorflow/core/common_runtime/gpu/gpu_device.cc:906] DMA: 0 
I tensorflow/core/common_runtime/gpu/gpu_device.cc:916] 0:   Y 
I tensorflow/core/common_runtime/gpu/gpu_device.cc:975] Creating TensorFlow device (/gpu:0) -> (device: 0, name: GeForce GTX 980 Ti, pci bus id: 0000:01:00.0)
I tensorflow/core/common_runtime/gpu/pool_allocator.cc:247] PoolAllocator: After 9073 get requests, put_count=9039 evicted_count=1000 eviction_rate=0.110632 and unsatisfied allocation rate=0.124986
I tensorflow/core/common_runtime/gpu/pool_allocator.cc:259] Raising pool_size_limit_ from 100 to 110
I tensorflow/core/common_runtime/gpu/pool_allocator.cc:247] PoolAllocator: After 10241112 get requests, put_count=10241114 evicted_count=1000 eviction_rate=9.76456e-05 and unsatisfied allocation rate=9.96962e-05
I tensorflow/core/common_runtime/gpu/pool_allocator.cc:247] PoolAllocator: After 66253354 get requests, put_count=66253355 evicted_count=11000 eviction_rate=0.000166029 and unsatisfied allocation rate=0.000166361
I tensorflow/core/common_runtime/gpu/pool_allocator.cc:247] PoolAllocator: After 106420147 get requests, put_count=106420148 evicted_count=21000 eviction_rate=0.000197331 and unsatisfied allocation rate=0.000197538
I tensorflow/core/common_runtime/gpu/pool_allocator.cc:247] PoolAllocator: After 146870983 get requests, put_count=146870985 evicted_count=31000 eviction_rate=0.00021107 and unsatisfied allocation rate=0.000211213
I tensorflow/core/common_runtime/gpu/pool_allocator.cc:247] PoolAllocator: After 188788726 get requests, put_count=188788728 evicted_count=41000 eviction_rate=0.000217174 and unsatisfied allocation rate=0.000217285
I tensorflow/core/common_runtime/gpu/pool_allocator.cc:247] PoolAllocator: After 229361180 get requests, put_count=229361181 evicted_count=51000 eviction_rate=0.000222357 and unsatisfied allocation rate=0.000222453
I tensorflow/core/common_runtime/gpu/pool_allocator.cc:247] PoolAllocator: After 270088277 get requests, put_count=270088279 evicted_count=61000 eviction_rate=0.000225852 and unsatisfied allocation rate=0.00022593
I tensorflow/core/common_runtime/gpu/pool_allocator.cc:247] PoolAllocator: After 309052751 get requests, put_count=309052753 evicted_count=71000 eviction_rate=0.000229734 and unsatisfied allocation rate=0.000229802
I tensorflow/core/common_runtime/gpu/pool_allocator.cc:247] PoolAllocator: After 347927732 get requests, put_count=347927734 evicted_count=81000 eviction_rate=0.000232807 and unsatisfied allocation rate=0.000232867
I tensorflow/core/common_runtime/gpu/pool_allocator.cc:247] PoolAllocator: After 387103617 get requests, put_count=387103619 evicted_count=91000 eviction_rate=0.000235079 and unsatisfied allocation rate=0.000235133
I tensorflow/core/common_runtime/gpu/pool_allocator.cc:247] PoolAllocator: After 426377774 get requests, put_count=426377776 evicted_count=101000 eviction_rate=0.000236879 and unsatisfied allocation rate=0.000236928
I tensorflow/core/common_runtime/gpu/pool_allocator.cc:247] PoolAllocator: After 465338357 get requests, put_count=465338359 evicted_count=111000 eviction_rate=0.000238536 and unsatisfied allocation rate=0.000238581
I tensorflow/core/common_runtime/gpu/pool_allocator.cc:247] PoolAllocator: After 504083638 get requests, put_count=504083639 evicted_count=121000 eviction_rate=0.00024004 and unsatisfied allocation rate=0.000240083
I tensorflow/core/common_runtime/gpu/pool_allocator.cc:247] PoolAllocator: After 533084558 get requests, put_count=533084558 evicted_count=131000 eviction_rate=0.00024574 and unsatisfied allocation rate=0.000245783
I tensorflow/core/common_runtime/gpu/pool_allocator.cc:247] PoolAllocator: After 534166256 get requests, put_count=534166256 evicted_count=141000 eviction_rate=0.000263963 and unsatisfied allocation rate=0.000264006
I tensorflow/core/common_runtime/gpu/pool_allocator.cc:247] PoolAllocator: After 535275191 get requests, put_count=535275184 evicted_count=151000 eviction_rate=0.000282098 and unsatisfied allocation rate=0.000282154
I tensorflow/core/common_runtime/gpu/pool_allocator.cc:247] PoolAllocator: After 536352998 get requests, put_count=536352989 evicted_count=161000 eviction_rate=0.000300175 and unsatisfied allocation rate=0.000300235
I tensorflow/core/common_runtime/gpu/pool_allocator.cc:247] PoolAllocator: After 537406162 get requests, put_count=537406161 evicted_count=171000 eviction_rate=0.000318195 and unsatisfied allocation rate=0.00031824
I tensorflow/core/common_runtime/gpu/pool_allocator.cc:247] PoolAllocator: After 538482672 get requests, put_count=538482669 evicted_count=181000 eviction_rate=0.00033613 and unsatisfied allocation rate=0.000336178
I tensorflow/core/common_runtime/gpu/pool_allocator.cc:247] PoolAllocator: After 539688882 get requests, put_count=539688884 evicted_count=191000 eviction_rate=0.000353908 and unsatisfied allocation rate=0.000353947
I tensorflow/core/common_runtime/gpu/pool_allocator.cc:247] PoolAllocator: After 540740749 get requests, put_count=540740746 evicted_count=201000 eviction_rate=0.000371712 and unsatisfied allocation rate=0.00037176
I tensorflow/core/common_runtime/gpu/pool_allocator.cc:247] PoolAllocator: After 541743330 get requests, put_count=541743320 evicted_count=211000 eviction_rate=0.000389483 and unsatisfied allocation rate=0.000389544
I tensorflow/core/common_runtime/gpu/pool_allocator.cc:247] PoolAllocator: After 542802979 get requests, put_count=542802979 evicted_count=221000 eviction_rate=0.000407146 and unsatisfied allocation rate=0.000407188
I tensorflow/core/common_runtime/gpu/pool_allocator.cc:247] PoolAllocator: After 543905429 get requests, put_count=543905425 evicted_count=231000 eviction_rate=0.000424706 and unsatisfied allocation rate=0.000424756
I tensorflow/core/common_runtime/gpu/pool_allocator.cc:247] PoolAllocator: After 545055868 get requests, put_count=545055863 evicted_count=241000 eviction_rate=0.000442157 and unsatisfied allocation rate=0.000442208
I tensorflow/core/common_runtime/gpu/pool_allocator.cc:247] PoolAllocator: After 546205010 get requests, put_count=546205008 evicted_count=251000 eviction_rate=0.000459534 and unsatisfied allocation rate=0.00045958
I tensorflow/core/common_runtime/gpu/pool_allocator.cc:247] PoolAllocator: After 547324321 get requests, put_count=547324316 evicted_count=261000 eviction_rate=0.000476865 and unsatisfied allocation rate=0.000476917
I tensorflow/core/common_runtime/gpu/pool_allocator.cc:247] PoolAllocator: After 548437147 get requests, put_count=548437137 evicted_count=271000 eviction_rate=0.000494131 and unsatisfied allocation rate=0.000494192
I tensorflow/core/common_runtime/gpu/pool_allocator.cc:247] PoolAllocator: After 549546082 get requests, put_count=549546081 evicted_count=281000 eviction_rate=0.000511331 and unsatisfied allocation rate=0.000511375
I tensorflow/core/common_runtime/gpu/pool_allocator.cc:247] PoolAllocator: After 550645938 get requests, put_count=550645934 evicted_count=291000 eviction_rate=0.00052847 and unsatisfied allocation rate=0.000528519
I tensorflow/core/common_runtime/gpu/pool_allocator.cc:247] PoolAllocator: After 551757467 get requests, put_count=551757463 evicted_count=301000 eviction_rate=0.00054553 and unsatisfied allocation rate=0.000545578
I tensorflow/core/common_runtime/gpu/pool_allocator.cc:247] PoolAllocator: After 552918282 get requests, put_count=552918277 evicted_count=311000 eviction_rate=0.00056247 and unsatisfied allocation rate=0.000562521
I tensorflow/core/common_runtime/gpu/pool_allocator.cc:247] PoolAllocator: After 554075206 get requests, put_count=554075196 evicted_count=321000 eviction_rate=0.000579344 and unsatisfied allocation rate=0.000579403
I tensorflow/core/common_runtime/gpu/pool_allocator.cc:247] PoolAllocator: After 555185438 get requests, put_count=555185425 evicted_count=331000 eviction_rate=0.000596197 and unsatisfied allocation rate=0.000596262
I tensorflow/core/common_runtime/gpu/pool_allocator.cc:247] PoolAllocator: After 556316422 get requests, put_count=556316410 evicted_count=341000 eviction_rate=0.000612961 and unsatisfied allocation rate=0.000613023
I tensorflow/core/common_runtime/gpu/pool_allocator.cc:247] PoolAllocator: After 557440921 get requests, put_count=557440923 evicted_count=351000 eviction_rate=0.000629663 and unsatisfied allocation rate=0.000629701
I tensorflow/core/common_runtime/gpu/pool_allocator.cc:247] PoolAllocator: After 558574499 get requests, put_count=558574497 evicted_count=361000 eviction_rate=0.000646288 and unsatisfied allocation rate=0.000646333
I tensorflow/core/common_runtime/gpu/pool_allocator.cc:247] PoolAllocator: After 559730126 get requests, put_count=559730111 evicted_count=371000 eviction_rate=0.000662819 and unsatisfied allocation rate=0.000662887
I tensorflow/core/common_runtime/gpu/pool_allocator.cc:247] PoolAllocator: After 560888347 get requests, put_count=560888338 evicted_count=381000 eviction_rate=0.00067928 and unsatisfied allocation rate=0.000679337
I tensorflow/core/common_runtime/gpu/pool_allocator.cc:247] PoolAllocator: After 562042677 get requests, put_count=562042662 evicted_count=391000 eviction_rate=0.000695677 and unsatisfied allocation rate=0.000695744
I tensorflow/core/common_runtime/gpu/pool_allocator.cc:247] PoolAllocator: After 563160691 get requests, put_count=563160687 evicted_count=401000 eviction_rate=0.000712053 and unsatisfied allocation rate=0.0007121
I tensorflow/core/common_runtime/gpu/pool_allocator.cc:247] PoolAllocator: After 564338367 get requests, put_count=564338365 evicted_count=411000 eviction_rate=0.000728286 and unsatisfied allocation rate=0.000728331
I tensorflow/core/common_runtime/gpu/pool_allocator.cc:247] PoolAllocator: After 565416174 get requests, put_count=565416175 evicted_count=421000 eviction_rate=0.000744584 and unsatisfied allocation rate=0.000744623
I tensorflow/core/common_runtime/gpu/pool_allocator.cc:247] PoolAllocator: After 566586068 get requests, put_count=566586068 evicted_count=431000 eviction_rate=0.000760696 and unsatisfied allocation rate=0.000760737
I tensorflow/core/common_runtime/gpu/pool_allocator.cc:247] PoolAllocator: After 567723537 get requests, put_count=567723532 evicted_count=441000 eviction_rate=0.000776787 and unsatisfied allocation rate=0.000776836
I tensorflow/core/common_runtime/gpu/pool_allocator.cc:247] PoolAllocator: After 568836363 get requests, put_count=568836361 evicted_count=451000 eviction_rate=0.000792847 and unsatisfied allocation rate=0.000792891
I tensorflow/core/common_runtime/gpu/pool_allocator.cc:247] PoolAllocator: After 569953080 get requests, put_count=569953072 evicted_count=461000 eviction_rate=0.000808839 and unsatisfied allocation rate=0.000808893
I tensorflow/core/common_runtime/gpu/pool_allocator.cc:247] PoolAllocator: After 571064609 get requests, put_count=571064600 evicted_count=471000 eviction_rate=0.000824775 and unsatisfied allocation rate=0.000824831
I tensorflow/core/common_runtime/gpu/pool_allocator.cc:247] PoolAllocator: After 572199484 get requests, put_count=572199479 evicted_count=481000 eviction_rate=0.000840616 and unsatisfied allocation rate=0.000840665
I tensorflow/core/common_runtime/gpu/pool_allocator.cc:247] PoolAllocator: After 573327874 get requests, put_count=573327863 evicted_count=491000 eviction_rate=0.000856404 and unsatisfied allocation rate=0.000856463
I tensorflow/core/common_runtime/gpu/pool_allocator.cc:247] PoolAllocator: After 574475719 get requests, put_count=574475703 evicted_count=501000 eviction_rate=0.0008721 and unsatisfied allocation rate=0.000872167
I tensorflow/core/common_runtime/gpu/pool_allocator.cc:247] PoolAllocator: After 575614485 get requests, put_count=575614477 evicted_count=511000 eviction_rate=0.000887747 and unsatisfied allocation rate=0.000887801
I tensorflow/core/common_runtime/gpu/pool_allocator.cc:247] PoolAllocator: After 576799943 get requests, put_count=576799932 evicted_count=521000 eviction_rate=0.000903259 and unsatisfied allocation rate=0.000903318
I tensorflow/core/common_runtime/gpu/pool_allocator.cc:247] PoolAllocator: After 577911472 get requests, put_count=577911457 evicted_count=531000 eviction_rate=0.000918826 and unsatisfied allocation rate=0.000918892
I tensorflow/core/common_runtime/gpu/pool_allocator.cc:247] PoolAllocator: After 579087851 get requests, put_count=579087852 evicted_count=541000 eviction_rate=0.000934228 and unsatisfied allocation rate=0.000934266
I tensorflow/core/common_runtime/gpu/pool_allocator.cc:247] PoolAllocator: After 580244775 get requests, put_count=580244774 evicted_count=551000 eviction_rate=0.000949599 and unsatisfied allocation rate=0.000949641
I tensorflow/core/common_runtime/gpu/pool_allocator.cc:247] PoolAllocator: After 581369274 get requests, put_count=581369271 evicted_count=561000 eviction_rate=0.000964963 and unsatisfied allocation rate=0.000965008
I tensorflow/core/common_runtime/gpu/pool_allocator.cc:247] PoolAllocator: After 582513228 get requests, put_count=582513224 evicted_count=571000 eviction_rate=0.000980235 and unsatisfied allocation rate=0.000980282
I tensorflow/core/common_runtime/gpu/pool_allocator.cc:247] PoolAllocator: After 583664964 get requests, put_count=583664966 evicted_count=581000 eviction_rate=0.000995434 and unsatisfied allocation rate=0.00099547
I tensorflow/core/common_runtime/gpu/pool_allocator.cc:247] PoolAllocator: After 584828373 get requests, put_count=584828369 evicted_count=591000 eviction_rate=0.00101055 and unsatisfied allocation rate=0.0010106
I tensorflow/core/common_runtime/gpu/pool_allocator.cc:247] PoolAllocator: After 585947684 get requests, put_count=585947684 evicted_count=601000 eviction_rate=0.00102569 and unsatisfied allocation rate=0.00102573
I tensorflow/core/common_runtime/gpu/pool_allocator.cc:247] PoolAllocator: After 587072183 get requests, put_count=587072167 evicted_count=611000 eviction_rate=0.00104076 and unsatisfied allocation rate=0.00104082
I tensorflow/core/common_runtime/gpu/pool_allocator.cc:247] PoolAllocator: After 588172039 get requests, put_count=588172038 evicted_count=621000 eviction_rate=0.00105581 and unsatisfied allocation rate=0.00105585
I tensorflow/core/common_runtime/gpu/pool_allocator.cc:247] PoolAllocator: After 589310805 get requests, put_count=589310792 evicted_count=631000 eviction_rate=0.00107074 and unsatisfied allocation rate=0.0010708
I tensorflow/core/common_runtime/gpu/pool_allocator.cc:247] PoolAllocator: After 590461244 get requests, put_count=590461242 evicted_count=641000 eviction_rate=0.00108559 and unsatisfied allocation rate=0.00108563
I tensorflow/core/common_runtime/gpu/pool_allocator.cc:247] PoolAllocator: After 591567585 get requests, put_count=591567571 evicted_count=651000 eviction_rate=0.00110047 and unsatisfied allocation rate=0.00110053
I tensorflow/core/common_runtime/gpu/pool_allocator.cc:247] PoolAllocator: After 592719321 get requests, put_count=592719313 evicted_count=661000 eviction_rate=0.0011152 and unsatisfied allocation rate=0.00111525
I tensorflow/core/common_runtime/gpu/pool_allocator.cc:247] PoolAllocator: After 593824365 get requests, put_count=593824358 evicted_count=671000 eviction_rate=0.00112996 and unsatisfied allocation rate=0.00113001
I tensorflow/core/common_runtime/gpu/pool_allocator.cc:247] PoolAllocator: After 594968319 get requests, put_count=594968317 evicted_count=681000 eviction_rate=0.0011446 and unsatisfied allocation rate=0.00114464
I tensorflow/core/common_runtime/gpu/pool_allocator.cc:247] PoolAllocator: After 596126540 get requests, put_count=596126533 evicted_count=691000 eviction_rate=0.00115915 and unsatisfied allocation rate=0.0011592
I tensorflow/core/common_runtime/gpu/pool_allocator.cc:247] PoolAllocator: After 597264009 get requests, put_count=597263995 evicted_count=701000 eviction_rate=0.00117369 and unsatisfied allocation rate=0.00117375
I tensorflow/core/common_runtime/gpu/pool_allocator.cc:247] PoolAllocator: After 598410557 get requests, put_count=598410552 evicted_count=711000 eviction_rate=0.00118815 and unsatisfied allocation rate=0.00118819
