000 (127.000.000) 03/14 18:28:17 Job submitted from host: <10.33.133.154:9618?addrs=10.33.133.154-9618+[--1]-9618&noUDP&sock=29983_6c2f_3>
    DAG Node: cbow_mean_soft
...
001 (127.000.000) 03/14 18:28:34 Job executing on host: <10.33.133.105:9618?addrs=10.33.133.105-9618+[--1]-9618&noUDP&sock=1192_30fa_3>
...
010 (127.000.000) 03/15 09:23:21 Job was suspended.
	Number of processes actually suspended: 12
...
024 (127.000.000) 03/15 10:09:34 Job reconnection failed
    Job disconnected too long: JobLeaseDuration (2400 seconds) expired
    Can not reconnect to slot1@tyl.esat.kuleuven.be, rescheduling job
...
001 (127.000.000) 03/15 10:54:13 Job executing on host: <10.33.133.191:9618?addrs=10.33.133.191-9618+[--1]-9618&noUDP&sock=1111_a1cf_3>
...
024 (127.000.000) 03/15 14:00:15 Job reconnection failed
    Job disconnected too long: JobLeaseDuration (2400 seconds) expired
    Can not reconnect to slot1@vesta.esat.kuleuven.be, rescheduling job
...
001 (127.000.000) 03/15 14:38:19 Job executing on host: <10.33.133.200:9618?addrs=10.33.133.200-9618+[--1]-9618&noUDP&sock=1450_286a_3>
...
010 (127.000.000) 03/15 18:42:30 Job was suspended.
	Number of processes actually suspended: 12
...
011 (127.000.000) 03/15 18:48:12 Job was unsuspended.
...
010 (127.000.000) 03/15 19:04:42 Job was suspended.
	Number of processes actually suspended: 12
...
011 (127.000.000) 03/15 19:19:43 Job was unsuspended.
...
004 (127.000.000) 03/15 19:19:43 Job was evicted.
	(0) Job was not checkpointed.
		Usr 0 02:45:28, Sys 0 01:05:44  -  Run Remote Usage
		Usr 0 00:00:00, Sys 0 00:00:00  -  Run Local Usage
	0  -  Run Bytes Sent By Job
	0  -  Run Bytes Received By Job
	Partitionable Resources :    Usage  Request Allocated
	   Cpus                 :                 1         1
	   Disk (KB)            :        7        7   1769218
	   Gpus                 :                 1         1
	   Memory (MB)          :      977     2048      2048
...
001 (127.000.000) 03/15 19:37:23 Job executing on host: <10.33.133.200:9618?addrs=10.33.133.200-9618+[--1]-9618&noUDP&sock=1450_286a_3>
...
005 (127.000.000) 03/15 20:24:26 Job terminated.
	(1) Normal termination (return value 0)
		Usr 0 00:30:24, Sys 0 00:10:54  -  Run Remote Usage
		Usr 0 00:00:00, Sys 0 00:00:00  -  Run Local Usage
		Usr 0 00:30:24, Sys 0 00:10:54  -  Total Remote Usage
		Usr 0 00:00:00, Sys 0 00:00:00  -  Total Local Usage
	0  -  Run Bytes Sent By Job
	0  -  Run Bytes Received By Job
	0  -  Total Bytes Sent By Job
	0  -  Total Bytes Received By Job
	Partitionable Resources :    Usage  Request Allocated
	   Cpus                 :                 1         1
	   Disk (KB)            :        7        7   1769218
	   Gpus                 :                 1         1
	   Memory (MB)          :      977     2048      2048
...
000 (214.000.000) 03/15 20:24:35 Job submitted from host: <10.33.133.154:9618?addrs=10.33.133.154-9618+[--1]-9618&noUDP&sock=29983_6c2f_3>
    DAG Node: cbow_mean_soft_test
...
001 (214.000.000) 03/15 20:27:37 Job executing on host: <10.33.133.200:9618?addrs=10.33.133.200-9618+[--1]-9618&noUDP&sock=1450_286a_3>
...
005 (214.000.000) 03/15 20:28:50 Job terminated.
	(1) Normal termination (return value 0)
		Usr 0 00:01:10, Sys 0 00:00:00  -  Run Remote Usage
		Usr 0 00:00:00, Sys 0 00:00:00  -  Run Local Usage
		Usr 0 00:01:10, Sys 0 00:00:00  -  Total Remote Usage
		Usr 0 00:00:00, Sys 0 00:00:00  -  Total Local Usage
	0  -  Run Bytes Sent By Job
	0  -  Run Bytes Received By Job
	0  -  Total Bytes Sent By Job
	0  -  Total Bytes Received By Job
	Partitionable Resources :    Usage  Request Allocated
	   Cpus                 :                 1         1
	   Disk (KB)            :        7        7   1769218
	   Gpus                 :                 1         1
	   Memory (MB)          :      322     2048      2048
...
