000 (123.000.000) 03/14 18:28:00 Job submitted from host: <10.33.133.154:9618?addrs=10.33.133.154-9618+[--1]-9618&noUDP&sock=29983_6c2f_3>
    DAG Node: cbow_exp_soft
...
001 (123.000.000) 03/14 18:28:15 Job executing on host: <10.33.133.79:9618?addrs=10.33.133.79-9618+[--1]-9618&noUDP&sock=1388_a18b_3>
...
006 (123.000.000) 03/14 18:28:23 Image size of job updated: 137420
	112  -  MemoryUsage of job (MB)
	114460  -  ResidentSetSize of job (KB)
...
006 (123.000.000) 03/14 18:33:23 Image size of job updated: 1856956
	1533  -  MemoryUsage of job (MB)
	1569560  -  ResidentSetSize of job (KB)
...
006 (123.000.000) 03/14 18:38:23 Image size of job updated: 1867100
	1536  -  MemoryUsage of job (MB)
	1572092  -  ResidentSetSize of job (KB)
...
006 (123.000.000) 03/14 18:43:24 Image size of job updated: 1876100
	1545  -  MemoryUsage of job (MB)
	1581092  -  ResidentSetSize of job (KB)
...
006 (123.000.000) 03/14 18:48:25 Image size of job updated: 1883852
	1552  -  MemoryUsage of job (MB)
	1588844  -  ResidentSetSize of job (KB)
...
006 (123.000.000) 03/14 18:53:26 Image size of job updated: 1884620
	1553  -  MemoryUsage of job (MB)
	1589612  -  ResidentSetSize of job (KB)
...
006 (123.000.000) 03/14 19:08:27 Image size of job updated: 1891732
	1560  -  MemoryUsage of job (MB)
	1596724  -  ResidentSetSize of job (KB)
...
006 (123.000.000) 03/14 19:18:28 Image size of job updated: 1891748
	1560  -  MemoryUsage of job (MB)
	1596724  -  ResidentSetSize of job (KB)
...
006 (123.000.000) 03/14 19:43:30 Image size of job updated: 1891756
	1560  -  MemoryUsage of job (MB)
	1596724  -  ResidentSetSize of job (KB)
...
006 (123.000.000) 03/14 19:53:32 Image size of job updated: 1891912
	1560  -  MemoryUsage of job (MB)
	1596724  -  ResidentSetSize of job (KB)
...
006 (123.000.000) 03/14 20:03:32 Image size of job updated: 1899920
	1565  -  MemoryUsage of job (MB)
	1602108  -  ResidentSetSize of job (KB)
...
006 (123.000.000) 03/14 20:58:37 Image size of job updated: 1899988
	1565  -  MemoryUsage of job (MB)
	1602108  -  ResidentSetSize of job (KB)
...
006 (123.000.000) 03/14 21:03:38 Image size of job updated: 1900064
	1565  -  MemoryUsage of job (MB)
	1602108  -  ResidentSetSize of job (KB)
...
006 (123.000.000) 03/14 21:08:39 Image size of job updated: 1900072
	1565  -  MemoryUsage of job (MB)
	1602108  -  ResidentSetSize of job (KB)
...
006 (123.000.000) 03/14 21:48:42 Image size of job updated: 1900284
	1565  -  MemoryUsage of job (MB)
	1602108  -  ResidentSetSize of job (KB)
...
006 (123.000.000) 03/14 23:23:50 Image size of job updated: 1900516
	1565  -  MemoryUsage of job (MB)
	1602108  -  ResidentSetSize of job (KB)
...
006 (123.000.000) 03/15 01:54:06 Image size of job updated: 1901364
	1565  -  MemoryUsage of job (MB)
	1602108  -  ResidentSetSize of job (KB)
...
006 (123.000.000) 03/15 02:04:07 Image size of job updated: 1901476
	1565  -  MemoryUsage of job (MB)
	1602108  -  ResidentSetSize of job (KB)
...
006 (123.000.000) 03/15 02:34:10 Image size of job updated: 1901508
	1565  -  MemoryUsage of job (MB)
	1602108  -  ResidentSetSize of job (KB)
...
006 (123.000.000) 03/15 09:04:53 Image size of job updated: 1901524
	1565  -  MemoryUsage of job (MB)
	1602108  -  ResidentSetSize of job (KB)
...
006 (123.000.000) 03/15 14:35:29 Image size of job updated: 1902548
	1565  -  MemoryUsage of job (MB)
	1602108  -  ResidentSetSize of job (KB)
...
006 (123.000.000) 03/15 15:30:35 Image size of job updated: 1917088
	1567  -  MemoryUsage of job (MB)
	1604536  -  ResidentSetSize of job (KB)
...
006 (123.000.000) 03/15 15:35:35 Image size of job updated: 1951956
	1601  -  MemoryUsage of job (MB)
	1639404  -  ResidentSetSize of job (KB)
...
006 (123.000.000) 03/15 15:40:35 Image size of job updated: 1952400
	1602  -  MemoryUsage of job (MB)
	1639848  -  ResidentSetSize of job (KB)
...
006 (123.000.000) 03/15 15:45:36 Image size of job updated: 2014724
	1663  -  MemoryUsage of job (MB)
	1702172  -  ResidentSetSize of job (KB)
...
006 (123.000.000) 03/15 15:50:37 Image size of job updated: 2014724
	1666  -  MemoryUsage of job (MB)
	1705660  -  ResidentSetSize of job (KB)
...
006 (123.000.000) 03/15 15:55:37 Image size of job updated: 2108172
	1754  -  MemoryUsage of job (MB)
	1795620  -  ResidentSetSize of job (KB)
...
006 (123.000.000) 03/15 16:19:18 Image size of job updated: 33488616
	1754  -  MemoryUsage of job (MB)
	1795620  -  ResidentSetSize of job (KB)
...
005 (123.000.000) 03/15 16:19:18 Job terminated.
	(1) Normal termination (return value 0)
		Usr 0 21:23:42, Sys 0 01:38:27  -  Run Remote Usage
		Usr 0 00:00:00, Sys 0 00:00:00  -  Run Local Usage
		Usr 0 21:23:42, Sys 0 01:38:27  -  Total Remote Usage
		Usr 0 00:00:00, Sys 0 00:00:00  -  Total Local Usage
	0  -  Run Bytes Sent By Job
	0  -  Run Bytes Received By Job
	0  -  Total Bytes Sent By Job
	0  -  Total Bytes Received By Job
	Partitionable Resources :    Usage  Request Allocated
	   Cpus                 :                 1         1
	   Disk (KB)            :        7        7  19028867
	   Gpus                 :                 1         1
	   Memory (MB)          :     1754     2048      2048
...
