I tensorflow/stream_executor/dso_loader.cc:128] successfully opened CUDA library libcublas.so locally
I tensorflow/stream_executor/dso_loader.cc:128] successfully opened CUDA library libcudnn.so locally
I tensorflow/stream_executor/dso_loader.cc:128] successfully opened CUDA library libcufft.so locally
I tensorflow/stream_executor/dso_loader.cc:128] successfully opened CUDA library libcuda.so.1 locally
I tensorflow/stream_executor/dso_loader.cc:128] successfully opened CUDA library libcurand.so locally
/users/start2014/r0364650/.local/lib/python2.7/site-packages/gensim/utils.py:1015: UserWarning: Pattern library is not installed, lemmatization won't be available.
  warnings.warn("Pattern library is not installed, lemmatization won't be available.")
I tensorflow/stream_executor/cuda/cuda_gpu_executor.cc:937] successful NUMA node read from SysFS had negative value (-1), but there must be at least one NUMA node, so returning NUMA node zero
I tensorflow/core/common_runtime/gpu/gpu_device.cc:885] Found device 0 with properties: 
name: GeForce GTX 750 Ti
major: 5 minor: 0 memoryClockRate (GHz) 1.1105
pciBusID 0000:01:00.0
Total memory: 1.95GiB
Free memory: 1.86GiB
I tensorflow/core/common_runtime/gpu/gpu_device.cc:906] DMA: 0 
I tensorflow/core/common_runtime/gpu/gpu_device.cc:916] 0:   Y 
I tensorflow/core/common_runtime/gpu/gpu_device.cc:975] Creating TensorFlow device (/gpu:0) -> (device: 0, name: GeForce GTX 750 Ti, pci bus id: 0000:01:00.0)
I tensorflow/core/common_runtime/gpu/pool_allocator.cc:247] PoolAllocator: After 10923 get requests, put_count=10852 evicted_count=1000 eviction_rate=0.0921489 and unsatisfied allocation rate=0.107205
I tensorflow/core/common_runtime/gpu/pool_allocator.cc:259] Raising pool_size_limit_ from 100 to 110
I tensorflow/core/common_runtime/gpu/pool_allocator.cc:247] PoolAllocator: After 4536586 get requests, put_count=4536587 evicted_count=3000 eviction_rate=0.00066129 and unsatisfied allocation rate=0.000665258
I tensorflow/core/common_runtime/gpu/pool_allocator.cc:247] PoolAllocator: After 16893109 get requests, put_count=16893110 evicted_count=13000 eviction_rate=0.000769545 and unsatisfied allocation rate=0.00077061
I tensorflow/core/common_runtime/gpu/pool_allocator.cc:247] PoolAllocator: After 29152366 get requests, put_count=29152367 evicted_count=23000 eviction_rate=0.000788958 and unsatisfied allocation rate=0.000789576
I tensorflow/core/common_runtime/gpu/pool_allocator.cc:247] PoolAllocator: After 41460256 get requests, put_count=41460257 evicted_count=33000 eviction_rate=0.000795943 and unsatisfied allocation rate=0.000796377
I tensorflow/core/common_runtime/gpu/pool_allocator.cc:247] PoolAllocator: After 53638458 get requests, put_count=53638459 evicted_count=43000 eviction_rate=0.000801664 and unsatisfied allocation rate=0.000801999
I tensorflow/core/common_runtime/gpu/pool_allocator.cc:247] PoolAllocator: After 65913926 get requests, put_count=65913927 evicted_count=53000 eviction_rate=0.000804079 and unsatisfied allocation rate=0.000804352
I tensorflow/core/common_runtime/gpu/pool_allocator.cc:247] PoolAllocator: After 78205605 get requests, put_count=78205606 evicted_count=63000 eviction_rate=0.000805569 and unsatisfied allocation rate=0.000805799
I tensorflow/core/common_runtime/gpu/pool_allocator.cc:247] PoolAllocator: After 90513495 get requests, put_count=90513496 evicted_count=73000 eviction_rate=0.00080651 and unsatisfied allocation rate=0.000806708
I tensorflow/core/common_runtime/gpu/pool_allocator.cc:247] PoolAllocator: After 102707908 get requests, put_count=102707909 evicted_count=83000 eviction_rate=0.000808117 and unsatisfied allocation rate=0.000808292
I tensorflow/core/common_runtime/gpu/pool_allocator.cc:247] PoolAllocator: After 115048220 get requests, put_count=115048221 evicted_count=93000 eviction_rate=0.000808357 and unsatisfied allocation rate=0.000808513
I tensorflow/core/common_runtime/gpu/pool_allocator.cc:247] PoolAllocator: After 127420954 get requests, put_count=127420955 evicted_count=103000 eviction_rate=0.000808344 and unsatisfied allocation rate=0.000808486
I tensorflow/core/common_runtime/gpu/pool_allocator.cc:247] PoolAllocator: After 139712633 get requests, put_count=139712634 evicted_count=113000 eviction_rate=0.000808803 and unsatisfied allocation rate=0.000808932
I tensorflow/core/common_runtime/gpu/pool_allocator.cc:247] PoolAllocator: After 151939468 get requests, put_count=151939469 evicted_count=123000 eviction_rate=0.000809533 and unsatisfied allocation rate=0.000809651
I tensorflow/core/common_runtime/gpu/pool_allocator.cc:247] PoolAllocator: After 164214936 get requests, put_count=164214937 evicted_count=133000 eviction_rate=0.000809914 and unsatisfied allocation rate=0.000810024
I tensorflow/core/common_runtime/gpu/pool_allocator.cc:247] PoolAllocator: After 176555248 get requests, put_count=176555249 evicted_count=143000 eviction_rate=0.000809945 and unsatisfied allocation rate=0.000810047
I tensorflow/core/common_runtime/gpu/pool_allocator.cc:247] PoolAllocator: After 188850668 get requests, put_count=188850666 evicted_count=153000 eviction_rate=0.000810164 and unsatisfied allocation rate=0.000810275
I tensorflow/core/common_runtime/gpu/pool_allocator.cc:247] PoolAllocator: After 201130165 get requests, put_count=201130166 evicted_count=163000 eviction_rate=0.00081042 and unsatisfied allocation rate=0.00081051
Traceback (most recent call last):
  File "lm_cbow_soft_ds.py", line 409, in <module>
    tf.app.run()
  File "/users/start2014/r0364650/.local/lib/python2.7/site-packages/tensorflow/python/platform/app.py", line 43, in run
    sys.exit(main(sys.argv[:1] + flags_passthrough))
  File "lm_cbow_soft_ds.py", line 406, in main
    np.savez((FLAGS.save_path + '/' + FLAGS.test_name + '_' + str(FLAGS.num_run)+ '/results' +'.npz'), param_train_np = param_train_np, train_np = train_np[1:], valid_np=valid_np[1:], test_np = test_np)
  File "/usr/lib64/python2.7/contextlib.py", line 35, in __exit__
    self.gen.throw(type, value, traceback)
  File "/users/start2014/r0364650/.local/lib/python2.7/site-packages/tensorflow/python/training/supervisor.py", line 974, in managed_session
    self.stop(close_summary_writer=close_summary_writer)
  File "/users/start2014/r0364650/.local/lib/python2.7/site-packages/tensorflow/python/training/supervisor.py", line 796, in stop
    self._coord.request_stop()
  File "/users/start2014/r0364650/.local/lib/python2.7/site-packages/tensorflow/python/training/coordinator.py", line 242, in request_stop
    self._stop_event.set()
  File "/usr/lib64/python2.7/threading.py", line 587, in set
    self.__flag = True
TypeError: attribute name must be string, not 'bool'
Exception TypeError: "attribute name must be string, not 'bool'" in <module 'threading' from '/usr/lib64/python2.7/threading.pyc'> ignored
Error in atexit._run_exitfuncs:
Traceback (most recent call last):
  File "/usr/lib64/python2.7/atexit.py", line 24, in _run_exitfuncs
    func(*targs, **kargs)
  File "/usr/lib64/python2.7/logging/__init__.py", line 1677, in shutdown
    h.release()
  File "/usr/lib64/python2.7/logging/__init__.py", line 715, in release
    self.lock.release()
  File "/usr/lib64/python2.7/threading.py", line 204, in release
    raise RuntimeError("cannot release un-acquired lock")
RuntimeError: cannot release un-acquired lock
Error in sys.exitfunc:
Traceback (most recent call last):
  File "/usr/lib64/python2.7/atexit.py", line 24, in _run_exitfuncs
    func(*targs, **kargs)
  File "/usr/lib64/python2.7/logging/__init__.py", line 1677, in shutdown
    h.release()
  File "/usr/lib64/python2.7/logging/__init__.py", line 715, in release
    self.lock.release()
  File "/usr/lib64/python2.7/threading.py", line 204, in release
    raise RuntimeError("cannot release un-acquired lock")
RuntimeError: cannot release un-acquired lock
