000 (130.000.000) 02/23 14:43:57 Job submitted from host: <10.33.133.71:9618?addrs=10.33.133.71-9618+[--1]-9618&noUDP&sock=1600_0b9e_4>
    DAG Node: cbow_mean_soft
...
001 (130.000.000) 02/23 15:38:38 Job executing on host: <10.33.133.102:9618?addrs=10.33.133.102-9618+[--1]-9618&noUDP&sock=10818_d3a0_3>
...
006 (130.000.000) 02/23 15:38:47 Image size of job updated: 28488
	24  -  MemoryUsage of job (MB)
	23984  -  ResidentSetSize of job (KB)
...
006 (130.000.000) 02/23 15:43:48 Image size of job updated: 1372108
	961  -  MemoryUsage of job (MB)
	983724  -  ResidentSetSize of job (KB)
...
006 (130.000.000) 02/23 15:53:48 Image size of job updated: 1383116
	972  -  MemoryUsage of job (MB)
	994732  -  ResidentSetSize of job (KB)
...
006 (130.000.000) 02/23 16:13:50 Image size of job updated: 1384652
	973  -  MemoryUsage of job (MB)
	996268  -  ResidentSetSize of job (KB)
...
006 (130.000.000) 02/23 16:33:52 Image size of job updated: 1384752
	974  -  MemoryUsage of job (MB)
	996368  -  ResidentSetSize of job (KB)
...
006 (130.000.000) 02/23 21:14:21 Image size of job updated: 1385520
	974  -  MemoryUsage of job (MB)
	997136  -  ResidentSetSize of job (KB)
...
006 (130.000.000) 02/24 02:04:51 Image size of job updated: 1385528
	974  -  MemoryUsage of job (MB)
	997144  -  ResidentSetSize of job (KB)
...
006 (130.000.000) 02/24 02:24:52 Image size of job updated: 1385784
	975  -  MemoryUsage of job (MB)
	997400  -  ResidentSetSize of job (KB)
...
006 (130.000.000) 02/24 15:05:02 Image size of job updated: 1493580
	975  -  MemoryUsage of job (MB)
	997400  -  ResidentSetSize of job (KB)
...
005 (130.000.000) 02/24 15:05:02 Job terminated.
	(1) Normal termination (return value 0)
		Usr 0 20:03:19, Sys 0 00:10:14  -  Run Remote Usage
		Usr 0 00:00:00, Sys 0 00:00:00  -  Run Local Usage
		Usr 0 20:03:19, Sys 0 00:10:14  -  Total Remote Usage
		Usr 0 00:00:00, Sys 0 00:00:00  -  Total Local Usage
	0  -  Run Bytes Sent By Job
	0  -  Run Bytes Received By Job
	0  -  Total Bytes Sent By Job
	0  -  Total Bytes Received By Job
	Partitionable Resources :    Usage  Request Allocated
	   Cpus                 :                 1         1
	   Disk (KB)            :        7        7   6722611
	   Gpus                 :                 1         1
	   Memory (MB)          :      975     2048      2048
...
