000 (165.000.000) 03/14 19:48:50 Job submitted from host: <10.33.133.154:9618?addrs=10.33.133.154-9618+[--1]-9618&noUDP&sock=29983_6c2f_3>
    DAG Node: cbow_tfidf_lstm
...
001 (165.000.000) 03/14 21:28:49 Job executing on host: <10.33.133.115:9618?addrs=10.33.133.115-9618+[--1]-9618&noUDP&sock=4167_cb3b_3>
...
006 (165.000.000) 03/14 21:28:58 Image size of job updated: 109076
	75  -  MemoryUsage of job (MB)
	76148  -  ResidentSetSize of job (KB)
...
006 (165.000.000) 03/14 21:33:59 Image size of job updated: 1008068
	942  -  MemoryUsage of job (MB)
	963796  -  ResidentSetSize of job (KB)
...
006 (165.000.000) 03/14 21:39:00 Image size of job updated: 1020560
	954  -  MemoryUsage of job (MB)
	976288  -  ResidentSetSize of job (KB)
...
006 (165.000.000) 03/14 22:09:04 Image size of job updated: 1044380
	977  -  MemoryUsage of job (MB)
	1000108  -  ResidentSetSize of job (KB)
...
006 (165.000.000) 03/14 22:14:04 Image size of job updated: 1044380
	977  -  MemoryUsage of job (MB)
	1000264  -  ResidentSetSize of job (KB)
...
006 (165.000.000) 03/14 22:54:09 Image size of job updated: 1046240
	979  -  MemoryUsage of job (MB)
	1001968  -  ResidentSetSize of job (KB)
...
006 (165.000.000) 03/14 22:59:09 Image size of job updated: 1046240
	979  -  MemoryUsage of job (MB)
	1002140  -  ResidentSetSize of job (KB)
...
006 (165.000.000) 03/14 23:19:11 Image size of job updated: 1059312
	992  -  MemoryUsage of job (MB)
	1015040  -  ResidentSetSize of job (KB)
...
006 (165.000.000) 03/14 23:44:13 Image size of job updated: 1069232
	1001  -  MemoryUsage of job (MB)
	1024960  -  ResidentSetSize of job (KB)
...
006 (165.000.000) 03/14 23:49:14 Image size of job updated: 1069232
	1003  -  MemoryUsage of job (MB)
	1026284  -  ResidentSetSize of job (KB)
...
006 (165.000.000) 03/15 00:19:17 Image size of job updated: 1104112
	1035  -  MemoryUsage of job (MB)
	1059840  -  ResidentSetSize of job (KB)
...
006 (165.000.000) 03/15 03:04:36 Image size of job updated: 1161804
	1092  -  MemoryUsage of job (MB)
	1117532  -  ResidentSetSize of job (KB)
...
006 (165.000.000) 03/15 03:09:36 Image size of job updated: 1183072
	1113  -  MemoryUsage of job (MB)
	1138800  -  ResidentSetSize of job (KB)
...
010 (165.000.000) 03/15 09:43:55 Job was suspended.
	Number of processes actually suspended: 6
...
022 (165.000.000) 03/15 09:46:43 Job disconnected, attempting to reconnect
    Socket between submit and execute hosts closed unexpectedly
    Trying to reconnect to slot1@yildun.esat.kuleuven.be <10.33.133.115:9618?addrs=10.33.133.115-9618+[--1]-9618&noUDP&sock=4167_cb3b_3>
...
024 (165.000.000) 03/15 10:26:43 Job reconnection failed
    Job disconnected too long: JobLeaseDuration (2400 seconds) expired
    Can not reconnect to slot1@yildun.esat.kuleuven.be, rescheduling job
...
001 (165.000.000) 03/15 10:54:15 Job executing on host: <10.33.133.106:9618?addrs=10.33.133.106-9618+[--1]-9618&noUDP&sock=1172_7916_3>
...
005 (165.000.000) 03/16 09:41:05 Job terminated.
	(1) Normal termination (return value 0)
		Usr 0 17:34:16, Sys 0 00:09:13  -  Run Remote Usage
		Usr 0 00:00:00, Sys 0 00:00:00  -  Run Local Usage
		Usr 0 17:34:16, Sys 0 00:09:13  -  Total Remote Usage
		Usr 0 00:00:00, Sys 0 00:00:00  -  Total Local Usage
	0  -  Run Bytes Sent By Job
	0  -  Run Bytes Received By Job
	0  -  Total Bytes Sent By Job
	0  -  Total Bytes Received By Job
	Partitionable Resources :    Usage  Request Allocated
	   Cpus                 :                 1         1
	   Disk (KB)            :        7        7  10791311
	   Gpus                 :                 1         1
	   Memory (MB)          :     1221     2048      2048
...
000 (222.000.000) 03/16 16:18:11 Job submitted from host: <10.33.133.154:9618?addrs=10.33.133.154-9618+[--1]-9618&noUDP&sock=29983_6c2f_3>
    DAG Node: cbow_tfidf_lstm
...
001 (222.000.000) 03/16 17:46:39 Job executing on host: <10.33.133.77:9618?addrs=10.33.133.77-9618+[--1]-9618&noUDP&sock=1523_3ad4_3>
...
006 (222.000.000) 03/16 17:46:47 Image size of job updated: 172972
	131  -  MemoryUsage of job (MB)
	133660  -  ResidentSetSize of job (KB)
...
006 (222.000.000) 03/16 17:51:47 Image size of job updated: 1192540
	833  -  MemoryUsage of job (MB)
	852776  -  ResidentSetSize of job (KB)
...
006 (222.000.000) 03/16 17:56:48 Image size of job updated: 1192564
	833  -  MemoryUsage of job (MB)
	852800  -  ResidentSetSize of job (KB)
...
006 (222.000.000) 03/16 18:06:49 Image size of job updated: 1193672
	834  -  MemoryUsage of job (MB)
	853908  -  ResidentSetSize of job (KB)
...
006 (222.000.000) 03/16 19:01:55 Image size of job updated: 1196456
	837  -  MemoryUsage of job (MB)
	856692  -  ResidentSetSize of job (KB)
...
006 (222.000.000) 03/16 19:06:55 Image size of job updated: 1199164
	840  -  MemoryUsage of job (MB)
	859400  -  ResidentSetSize of job (KB)
...
006 (222.000.000) 03/16 19:11:55 Image size of job updated: 1222300
	862  -  MemoryUsage of job (MB)
	882536  -  ResidentSetSize of job (KB)
...
006 (222.000.000) 03/16 19:16:56 Image size of job updated: 1261240
	900  -  MemoryUsage of job (MB)
	921476  -  ResidentSetSize of job (KB)
...
006 (222.000.000) 03/16 19:21:57 Image size of job updated: 1275464
	914  -  MemoryUsage of job (MB)
	935700  -  ResidentSetSize of job (KB)
...
006 (222.000.000) 03/16 19:26:57 Image size of job updated: 1275472
	914  -  MemoryUsage of job (MB)
	935708  -  ResidentSetSize of job (KB)
...
006 (222.000.000) 03/16 19:31:58 Image size of job updated: 1275532
	914  -  MemoryUsage of job (MB)
	935768  -  ResidentSetSize of job (KB)
...
010 (222.000.000) 03/17 09:04:54 Job was suspended.
	Number of processes actually suspended: 12
...
011 (222.000.000) 03/17 09:09:56 Job was unsuspended.
...
010 (222.000.000) 03/17 09:33:48 Job was suspended.
	Number of processes actually suspended: 12
...
011 (222.000.000) 03/17 09:38:53 Job was unsuspended.
...
