000 (167.000.000) 03/14 19:48:55 Job submitted from host: <10.33.133.154:9618?addrs=10.33.133.154-9618+[--1]-9618&noUDP&sock=29983_6c2f_3>
    DAG Node: cbow_tfidf_soft
...
001 (167.000.000) 03/14 21:29:49 Job executing on host: <10.33.133.72:9618?addrs=10.33.133.72-9618+[--1]-9618&noUDP&sock=1253_0841_3>
...
006 (167.000.000) 03/14 21:29:57 Image size of job updated: 96952
	60  -  MemoryUsage of job (MB)
	60640  -  ResidentSetSize of job (KB)
...
006 (167.000.000) 03/14 21:34:57 Image size of job updated: 1108760
	1029  -  MemoryUsage of job (MB)
	1053340  -  ResidentSetSize of job (KB)
...
006 (167.000.000) 03/14 21:44:59 Image size of job updated: 1123828
	1044  -  MemoryUsage of job (MB)
	1068416  -  ResidentSetSize of job (KB)
...
006 (167.000.000) 03/14 21:50:00 Image size of job updated: 1123828
	1044  -  MemoryUsage of job (MB)
	1068572  -  ResidentSetSize of job (KB)
...
010 (167.000.000) 03/14 22:33:45 Job was suspended.
	Number of processes actually suspended: 6
...
011 (167.000.000) 03/14 22:38:47 Job was unsuspended.
...
010 (167.000.000) 03/14 22:44:12 Job was suspended.
	Number of processes actually suspended: 6
...
011 (167.000.000) 03/14 22:49:19 Job was unsuspended.
...
010 (167.000.000) 03/14 23:00:31 Job was suspended.
	Number of processes actually suspended: 6
...
011 (167.000.000) 03/14 23:15:36 Job was unsuspended.
...
004 (167.000.000) 03/14 23:15:37 Job was evicted.
	(0) Job was not checkpointed.
		Usr 0 01:15:53, Sys 0 00:03:04  -  Run Remote Usage
		Usr 0 00:00:00, Sys 0 00:00:00  -  Run Local Usage
	0  -  Run Bytes Sent By Job
	0  -  Run Bytes Received By Job
	Partitionable Resources :    Usage  Request Allocated
	   Cpus                 :                 1         1
	   Disk (KB)            :        7        7   4474972
	   Gpus                 :                 1         1
	   Memory (MB)          :     1044     2048      2048
...
001 (167.000.000) 03/14 23:16:30 Job executing on host: <10.33.133.198:9618?addrs=10.33.133.198-9618+[--1]-9618&noUDP&sock=1490_9833_3>
...
006 (167.000.000) 03/14 23:21:40 Image size of job updated: 1287004
	1221  -  MemoryUsage of job (MB)
	1250000  -  ResidentSetSize of job (KB)
...
006 (167.000.000) 03/14 23:26:40 Image size of job updated: 1288032
	1221  -  MemoryUsage of job (MB)
	1250000  -  ResidentSetSize of job (KB)
...
006 (167.000.000) 03/14 23:31:41 Image size of job updated: 1288548
	1221  -  MemoryUsage of job (MB)
	1250000  -  ResidentSetSize of job (KB)
...
006 (167.000.000) 03/14 23:36:42 Image size of job updated: 1288804
	1221  -  MemoryUsage of job (MB)
	1250000  -  ResidentSetSize of job (KB)
...
006 (167.000.000) 03/14 23:46:43 Image size of job updated: 1289340
	1221  -  MemoryUsage of job (MB)
	1250000  -  ResidentSetSize of job (KB)
...
006 (167.000.000) 03/15 00:01:45 Image size of job updated: 1289596
	1221  -  MemoryUsage of job (MB)
	1250000  -  ResidentSetSize of job (KB)
...
006 (167.000.000) 03/15 01:11:51 Image size of job updated: 1289828
	1221  -  MemoryUsage of job (MB)
	1250000  -  ResidentSetSize of job (KB)
...
006 (167.000.000) 03/15 04:37:09 Image size of job updated: 1290232
	1221  -  MemoryUsage of job (MB)
	1250000  -  ResidentSetSize of job (KB)
...
006 (167.000.000) 03/15 08:47:35 Image size of job updated: 1290260
	1221  -  MemoryUsage of job (MB)
	1250000  -  ResidentSetSize of job (KB)
...
006 (167.000.000) 03/15 08:52:36 Image size of job updated: 1290500
	1221  -  MemoryUsage of job (MB)
	1250000  -  ResidentSetSize of job (KB)
...
