job started
Epoch: 1 Learning rate: 1.000
0.000 perplexity: 49689.411 speed: 167 wps
0.100 perplexity: 323.365 speed: 6302 wps
0.200 perplexity: 275.491 speed: 6305 wps
0.300 perplexity: 253.433 speed: 6300 wps
0.400 perplexity: 239.806 speed: 6304 wps
0.500 perplexity: 229.747 speed: 6296 wps
0.600 perplexity: 222.578 speed: 6295 wps
0.700 perplexity: 216.933 speed: 6302 wps
0.800 perplexity: 212.134 speed: 6305 wps
0.900 perplexity: 208.136 speed: 6308 wps
1.000 perplexity: 204.748 speed: 6315 wps
Epoch: 1 Train Perplexity: 204.749
Epoch: 1 Valid Perplexity: 164.285
Epoch: 2 Learning rate: 1.000
0.000 perplexity: 293.517 speed: 5693 wps
0.100 perplexity: 174.478 speed: 6380 wps
0.200 perplexity: 173.394 speed: 6390 wps
0.300 perplexity: 172.664 speed: 6395 wps
0.400 perplexity: 171.933 speed: 6398 wps
0.500 perplexity: 170.990 speed: 6392 wps
0.600 perplexity: 170.527 speed: 6392 wps
0.700 perplexity: 170.076 speed: 6396 wps
0.800 perplexity: 169.520 speed: 6393 wps
0.900 perplexity: 168.978 speed: 6393 wps
1.000 perplexity: 168.475 speed: 6395 wps
Epoch: 2 Train Perplexity: 168.476
Epoch: 2 Valid Perplexity: 150.305
Epoch: 3 Learning rate: 1.000
0.000 perplexity: 277.438 speed: 5665 wps
0.100 perplexity: 163.292 speed: 6372 wps
0.200 perplexity: 162.853 speed: 6391 wps
0.300 perplexity: 162.657 speed: 6397 wps
0.400 perplexity: 162.434 speed: 6397 wps
0.500 perplexity: 161.939 speed: 6393 wps
0.600 perplexity: 161.809 speed: 6393 wps
0.700 perplexity: 161.639 speed: 6395 wps
0.800 perplexity: 161.355 speed: 6394 wps
0.900 perplexity: 161.095 speed: 6394 wps
1.000 perplexity: 160.858 speed: 6394 wps
Epoch: 3 Train Perplexity: 160.859
Epoch: 3 Valid Perplexity: 144.286
Test Perplexity: 136.033
Saving model to /esat/spchtemp/scratch/wboes/ds_stream/output/output_original_ds/original_0/original_0.
