000 (144.000.000) 02/27 15:12:36 Job submitted from host: <10.33.133.71:9618?addrs=10.33.133.71-9618+[--1]-9618&noUDP&sock=1627_90ad_4>
    DAG Node: topic_generation
...
001 (144.000.000) 02/27 15:12:55 Job executing on host: <10.33.133.166:9618?addrs=10.33.133.166-9618+[--1]-9618&noUDP&sock=1107_e36e_3>
...
006 (144.000.000) 02/27 15:13:03 Image size of job updated: 35472
	32  -  MemoryUsage of job (MB)
	32740  -  ResidentSetSize of job (KB)
...
006 (144.000.000) 02/27 15:18:03 Image size of job updated: 13669592
	13347  -  MemoryUsage of job (MB)
	13666860  -  ResidentSetSize of job (KB)
...
006 (144.000.000) 02/27 15:23:04 Image size of job updated: 13670868
	13348  -  MemoryUsage of job (MB)
	13668136  -  ResidentSetSize of job (KB)
...
006 (144.000.000) 02/27 15:28:05 Image size of job updated: 13671116
	13349  -  MemoryUsage of job (MB)
	13668384  -  ResidentSetSize of job (KB)
...
006 (144.000.000) 02/27 15:33:05 Image size of job updated: 13674660
	13352  -  MemoryUsage of job (MB)
	13671928  -  ResidentSetSize of job (KB)
...
006 (144.000.000) 02/27 15:43:07 Image size of job updated: 13678816
	13356  -  MemoryUsage of job (MB)
	13675676  -  ResidentSetSize of job (KB)
...
006 (144.000.000) 02/27 15:48:07 Image size of job updated: 13678880
	13356  -  MemoryUsage of job (MB)
	13675928  -  ResidentSetSize of job (KB)
...
006 (144.000.000) 02/27 16:03:09 Image size of job updated: 13678880
	13356  -  MemoryUsage of job (MB)
	13675948  -  ResidentSetSize of job (KB)
...
006 (144.000.000) 02/27 16:08:09 Image size of job updated: 14044672
	13714  -  MemoryUsage of job (MB)
	14043060  -  ResidentSetSize of job (KB)
...
006 (144.000.000) 02/27 16:13:09 Image size of job updated: 14086316
	13755  -  MemoryUsage of job (MB)
	14084220  -  ResidentSetSize of job (KB)
...
006 (144.000.000) 02/27 16:18:09 Image size of job updated: 14126968
	13794  -  MemoryUsage of job (MB)
	14124856  -  ResidentSetSize of job (KB)
...
022 (144.000.000) 02/27 16:23:02 Job disconnected, attempting to reconnect
    Local schedd and job shadow died, schedd now running again
    Trying to reconnect to slot1_1@idesbald.esat.kuleuven.be <10.33.133.166:9618?addrs=10.33.133.166-9618+[--1]-9618&noUDP&sock=1107_e36e_3>
...
023 (144.000.000) 02/27 16:23:02 Job reconnected to slot1_1@idesbald.esat.kuleuven.be
    startd address: <10.33.133.166:9618?addrs=10.33.133.166-9618+[--1]-9618&noUDP&sock=1107_e36e_3>
    starter address: <10.33.133.166:9618?addrs=10.33.133.166-9618+[--1]-9618&noUDP&sock=1950_b388_5>
...
022 (144.000.000) 02/27 16:25:09 Job disconnected, attempting to reconnect
    Socket between submit and execute hosts closed unexpectedly
    Trying to reconnect to slot1_1@idesbald.esat.kuleuven.be <10.33.133.166:9618?addrs=10.33.133.166-9618+[--1]-9618&noUDP&sock=1107_e36e_3>
...
024 (144.000.000) 02/27 17:05:09 Job reconnection failed
    Job disconnected too long: JobLeaseDuration (2400 seconds) expired
    Can not reconnect to slot1_1@idesbald.esat.kuleuven.be, rescheduling job
...
001 (144.000.000) 02/27 17:08:33 Job executing on host: <10.33.133.166:9618?addrs=10.33.133.166-9618+[--1]-9618&noUDP&sock=28171_8a93_3>
...
005 (144.000.000) 02/27 18:30:01 Job terminated.
	(1) Normal termination (return value 0)
		Usr 0 01:18:08, Sys 0 00:02:21  -  Run Remote Usage
		Usr 0 00:00:00, Sys 0 00:00:00  -  Run Local Usage
		Usr 0 01:18:08, Sys 0 00:02:21  -  Total Remote Usage
		Usr 0 00:00:00, Sys 0 00:00:00  -  Total Local Usage
	0  -  Run Bytes Sent By Job
	0  -  Run Bytes Received By Job
	0  -  Total Bytes Sent By Job
	0  -  Total Bytes Received By Job
	Partitionable Resources :    Usage  Request Allocated
	   Cpus                 :                 1         1
	   Disk (KB)            :        7        7    705669
	   Gpus                 :                           0
	   Memory (MB)          :    14649     8192      8192
...
