000 (276.000.000) 03/19 13:25:40 Job submitted from host: <10.33.133.154:9618?addrs=10.33.133.154-9618+[--1]-9618&noUDP&sock=29983_6c2f_3>
    DAG Node: topic_ds_interpol_1
...
001 (276.000.000) 03/19 13:25:56 Job executing on host: <10.33.133.79:9618?addrs=10.33.133.79-9618+[--1]-9618&noUDP&sock=1388_a18b_3>
...
006 (276.000.000) 03/19 13:26:05 Image size of job updated: 94608
	73  -  MemoryUsage of job (MB)
	74128  -  ResidentSetSize of job (KB)
...
006 (276.000.000) 03/19 13:31:06 Image size of job updated: 1147216
	1020  -  MemoryUsage of job (MB)
	1044140  -  ResidentSetSize of job (KB)
...
006 (276.000.000) 03/19 13:35:03 Image size of job updated: 1147832
	1020  -  MemoryUsage of job (MB)
	1044140  -  ResidentSetSize of job (KB)
...
005 (276.000.000) 03/19 13:35:03 Job terminated.
	(1) Normal termination (return value 0)
		Usr 0 00:11:21, Sys 0 00:01:34  -  Run Remote Usage
		Usr 0 00:00:00, Sys 0 00:00:00  -  Run Local Usage
		Usr 0 00:11:21, Sys 0 00:01:34  -  Total Remote Usage
		Usr 0 00:00:00, Sys 0 00:00:00  -  Total Local Usage
	0  -  Run Bytes Sent By Job
	0  -  Run Bytes Received By Job
	0  -  Total Bytes Sent By Job
	0  -  Total Bytes Received By Job
	Partitionable Resources :    Usage  Request Allocated
	   Cpus                 :                 1         1
	   Disk (KB)            :        7        7  19028867
	   Gpus                 :                 1         1
	   Memory (MB)          :     1020     2048      2048
...
