000 (163.000.000) 02/02 15:15:43 Job submitted from host: <10.33.133.57:9618?addrs=10.33.133.57-9618&noUDP&sock=1435_de7e_4>
    DAG Node: cbow_mean_lstm
...
001 (163.000.000) 02/02 18:37:10 Job executing on host: <10.33.133.223:9618?addrs=10.33.133.223-9618&noUDP&sock=1277_7e87_3>
...
006 (163.000.000) 02/02 18:37:19 Image size of job updated: 51068
	32  -  MemoryUsage of job (MB)
	32208  -  ResidentSetSize of job (KB)
...
006 (163.000.000) 02/02 18:42:20 Image size of job updated: 1461600
	1369  -  MemoryUsage of job (MB)
	1401280  -  ResidentSetSize of job (KB)
...
006 (163.000.000) 02/02 18:47:20 Image size of job updated: 2559388
	2322  -  MemoryUsage of job (MB)
	2377284  -  ResidentSetSize of job (KB)
...
006 (163.000.000) 02/02 18:57:21 Image size of job updated: 2560436
	2323  -  MemoryUsage of job (MB)
	2378296  -  ResidentSetSize of job (KB)
...
006 (163.000.000) 02/02 19:02:21 Image size of job updated: 2561364
	2324  -  MemoryUsage of job (MB)
	2379224  -  ResidentSetSize of job (KB)
...
006 (163.000.000) 02/02 19:07:21 Image size of job updated: 2562244
	2325  -  MemoryUsage of job (MB)
	2380104  -  ResidentSetSize of job (KB)
...
006 (163.000.000) 02/02 19:12:22 Image size of job updated: 2562248
	2325  -  MemoryUsage of job (MB)
	2380108  -  ResidentSetSize of job (KB)
...
006 (163.000.000) 02/02 19:17:22 Image size of job updated: 2572132
	2334  -  MemoryUsage of job (MB)
	2389988  -  ResidentSetSize of job (KB)
...
005 (163.000.000) 02/02 19:19:06 Job terminated.
	(1) Normal termination (return value 0)
		Usr 0 01:05:49, Sys 0 00:12:43  -  Run Remote Usage
		Usr 0 00:00:00, Sys 0 00:00:00  -  Run Local Usage
		Usr 0 01:05:49, Sys 0 00:12:43  -  Total Remote Usage
		Usr 0 00:00:00, Sys 0 00:00:00  -  Total Local Usage
	0  -  Run Bytes Sent By Job
	0  -  Run Bytes Received By Job
	0  -  Total Bytes Sent By Job
	0  -  Total Bytes Received By Job
	Partitionable Resources :    Usage  Request Allocated
	   Cpus                 :                 1         1
	   Disk (KB)            :        7        7   3070292
	   Gpus                 :                 1         1
	   Memory (MB)          :     2334     2048      2048
...
000 (6907.000.000) 02/15 03:48:32 Job submitted from host: <10.33.133.70:9618?addrs=10.33.133.70-9618+[--1]-9618&noUDP&sock=31188_f3ce_4>
    DAG Node: cbow_mean_lstm
...
009 (6907.000.000) 02/15 03:52:37 Job was aborted by the user.
	removed because <OtherJobRemoveRequirements = DAGManJobId =?= 6884> fired when job (6884.0) was removed
...
