000 (167.000.000) 02/02 21:29:20 Job submitted from host: <10.33.133.57:9618?addrs=10.33.133.57-9618&noUDP&sock=1435_de7e_4>
    DAG Node: topic_lda
...
001 (167.000.000) 02/02 21:30:14 Job executing on host: <10.33.133.192:9618?addrs=10.33.133.192-9618&noUDP&sock=1315_8f21_3>
...
006 (167.000.000) 02/02 21:30:23 Image size of job updated: 198092
	194  -  MemoryUsage of job (MB)
	198092  -  ResidentSetSize of job (KB)
...
006 (167.000.000) 02/02 21:35:24 Image size of job updated: 1226124
	1162  -  MemoryUsage of job (MB)
	1189260  -  ResidentSetSize of job (KB)
...
006 (167.000.000) 02/02 21:40:24 Image size of job updated: 1228940
	1165  -  MemoryUsage of job (MB)
	1192076  -  ResidentSetSize of job (KB)
...
006 (167.000.000) 02/02 21:45:24 Image size of job updated: 1262936
	1166  -  MemoryUsage of job (MB)
	1193304  -  ResidentSetSize of job (KB)
...
006 (167.000.000) 02/02 21:50:25 Image size of job updated: 1263572
	1166  -  MemoryUsage of job (MB)
	1193940  -  ResidentSetSize of job (KB)
...
006 (167.000.000) 02/02 21:55:26 Image size of job updated: 1271440
	1174  -  MemoryUsage of job (MB)
	1201808  -  ResidentSetSize of job (KB)
...
006 (167.000.000) 02/02 22:00:26 Image size of job updated: 1271548
	1174  -  MemoryUsage of job (MB)
	1201916  -  ResidentSetSize of job (KB)
...
006 (167.000.000) 02/02 22:05:26 Image size of job updated: 1279420
	1182  -  MemoryUsage of job (MB)
	1209788  -  ResidentSetSize of job (KB)
...
006 (167.000.000) 02/02 22:10:27 Image size of job updated: 1279492
	1182  -  MemoryUsage of job (MB)
	1209860  -  ResidentSetSize of job (KB)
...
006 (167.000.000) 02/02 22:15:28 Image size of job updated: 1287744
	1190  -  MemoryUsage of job (MB)
	1218112  -  ResidentSetSize of job (KB)
...
006 (167.000.000) 02/02 22:20:28 Image size of job updated: 1287788
	1190  -  MemoryUsage of job (MB)
	1218156  -  ResidentSetSize of job (KB)
...
006 (167.000.000) 02/02 22:25:28 Image size of job updated: 1295484
	1198  -  MemoryUsage of job (MB)
	1225852  -  ResidentSetSize of job (KB)
...
005 (167.000.000) 02/02 22:29:54 Job terminated.
	(1) Normal termination (return value 0)
		Usr 0 01:56:21, Sys 0 00:18:06  -  Run Remote Usage
		Usr 0 00:00:00, Sys 0 00:00:00  -  Run Local Usage
		Usr 0 01:56:21, Sys 0 00:18:06  -  Total Remote Usage
		Usr 0 00:00:00, Sys 0 00:00:00  -  Total Local Usage
	0  -  Run Bytes Sent By Job
	0  -  Run Bytes Received By Job
	0  -  Total Bytes Sent By Job
	0  -  Total Bytes Received By Job
	Partitionable Resources :    Usage  Request Allocated
	   Cpus                 :                 1         1
	   Disk (KB)            :        7        7   3288953
	   Gpus                 :                 1         1
	   Memory (MB)          :     1198     2048      2048
...
