000 (297.000.000) 03/23 13:52:04 Job submitted from host: <10.33.133.154:9618?addrs=10.33.133.154-9618+[--1]-9618&noUDP&sock=29983_6c2f_3>
...
001 (297.000.000) 03/23 13:56:43 Job executing on host: <10.33.133.57:9618?addrs=10.33.133.57-9618+[--1]-9618&noUDP&sock=1389_5123_3>
...
006 (297.000.000) 03/23 13:56:44 Image size of job updated: 24084
	0  -  MemoryUsage of job (MB)
	0  -  ResidentSetSize of job (KB)
...
005 (297.000.000) 03/23 13:56:44 Job terminated.
	(1) Normal termination (return value 2)
		Usr 0 00:00:00, Sys 0 00:00:00  -  Run Remote Usage
		Usr 0 00:00:00, Sys 0 00:00:00  -  Run Local Usage
		Usr 0 00:00:00, Sys 0 00:00:00  -  Total Remote Usage
		Usr 0 00:00:00, Sys 0 00:00:00  -  Total Local Usage
	0  -  Run Bytes Sent By Job
	0  -  Run Bytes Received By Job
	0  -  Total Bytes Sent By Job
	0  -  Total Bytes Received By Job
	Partitionable Resources :    Usage  Request Allocated
	   Cpus                 :                 1         1
	   Disk (KB)            :        7        7  31663454
	   Gpus                 :                 1         2
	   Memory (MB)          :        0     2048      2048
...
000 (298.000.000) 03/23 14:05:14 Job submitted from host: <10.33.133.154:9618?addrs=10.33.133.154-9618+[--1]-9618&noUDP&sock=29983_6c2f_3>
...
001 (298.000.000) 03/23 14:15:06 Job executing on host: <10.33.133.192:9618?addrs=10.33.133.192-9618+[--1]-9618&noUDP&sock=1307_125f_3>
...
006 (298.000.000) 03/23 14:15:15 Image size of job updated: 45684
	28  -  MemoryUsage of job (MB)
	27980  -  ResidentSetSize of job (KB)
...
006 (298.000.000) 03/23 14:20:00 Image size of job updated: 824668
	28  -  MemoryUsage of job (MB)
	27980  -  ResidentSetSize of job (KB)
...
005 (298.000.000) 03/23 14:20:00 Job terminated.
	(1) Normal termination (return value 1)
		Usr 0 00:04:23, Sys 0 00:00:07  -  Run Remote Usage
		Usr 0 00:00:00, Sys 0 00:00:00  -  Run Local Usage
		Usr 0 00:04:23, Sys 0 00:00:07  -  Total Remote Usage
		Usr 0 00:00:00, Sys 0 00:00:00  -  Total Local Usage
	0  -  Run Bytes Sent By Job
	0  -  Run Bytes Received By Job
	0  -  Total Bytes Sent By Job
	0  -  Total Bytes Received By Job
	Partitionable Resources :    Usage  Request Allocated
	   Cpus                 :                 1         1
	   Disk (KB)            :        7        7   3288953
	   Gpus                 :                 1         1
	   Memory (MB)          :       28     2048      2048
...
000 (299.000.000) 03/23 14:21:40 Job submitted from host: <10.33.133.154:9618?addrs=10.33.133.154-9618+[--1]-9618&noUDP&sock=29983_6c2f_3>
...
001 (299.000.000) 03/23 14:22:42 Job executing on host: <10.33.133.57:9618?addrs=10.33.133.57-9618+[--1]-9618&noUDP&sock=1389_5123_3>
...
006 (299.000.000) 03/23 14:22:51 Image size of job updated: 306464
	277  -  MemoryUsage of job (MB)
	282724  -  ResidentSetSize of job (KB)
...
006 (299.000.000) 03/23 14:23:04 Image size of job updated: 798204
	277  -  MemoryUsage of job (MB)
	282724  -  ResidentSetSize of job (KB)
...
005 (299.000.000) 03/23 14:23:04 Job terminated.
	(1) Normal termination (return value 0)
		Usr 0 00:00:20, Sys 0 00:00:02  -  Run Remote Usage
		Usr 0 00:00:00, Sys 0 00:00:00  -  Run Local Usage
		Usr 0 00:00:20, Sys 0 00:00:02  -  Total Remote Usage
		Usr 0 00:00:00, Sys 0 00:00:00  -  Total Local Usage
	0  -  Run Bytes Sent By Job
	0  -  Run Bytes Received By Job
	0  -  Total Bytes Sent By Job
	0  -  Total Bytes Received By Job
	Partitionable Resources :    Usage  Request Allocated
	   Cpus                 :                 1         1
	   Disk (KB)            :        7        7  31640721
	   Gpus                 :                 1         1
	   Memory (MB)          :      277     2048      2048
...
