job started
Epoch: 1 Learning rate: 1.000
0.000 perplexity: 49849.960 speed: 972 wps
0.100 perplexity: 503.752 speed: 13763 wps
0.200 perplexity: 428.450 speed: 13859 wps
0.300 perplexity: 393.944 speed: 13917 wps
0.400 perplexity: 372.099 speed: 13979 wps
0.500 perplexity: 356.309 speed: 14000 wps
0.600 perplexity: 344.641 speed: 14021 wps
0.700 perplexity: 335.064 speed: 14051 wps
0.800 perplexity: 326.894 speed: 14059 wps
0.900 perplexity: 319.885 speed: 14059 wps
1.000 perplexity: 313.701 speed: 14045 wps
Epoch: 1 Train Perplexity: 313.701
with(perplexity: 253.564) speed: 28008 wps
Epoch: 1 Valid Perplexity: 253.564
Epoch: 2 Learning rate: 1.000
0.000 perplexity: 405.954 speed: 12529 wps
0.100 perplexity: 259.544 speed: 14176 wps
0.200 perplexity: 256.668 speed: 14215 wps
0.300 perplexity: 254.742 speed: 14245 wps
0.400 perplexity: 252.840 speed: 14247 wps
0.500 perplexity: 250.880 speed: 14235 wps
0.600 perplexity: 249.526 speed: 14230 wps
0.700 perplexity: 248.141 speed: 14236 wps
0.800 perplexity: 246.737 speed: 14239 wps
0.900 perplexity: 245.356 speed: 14238 wps
1.000 perplexity: 243.999 speed: 14238 wps
Epoch: 2 Train Perplexity: 244.000
with(perplexity: 224.778) speed: 29605 wps
Epoch: 2 Valid Perplexity: 224.778
Epoch: 3 Learning rate: 1.000
0.000 perplexity: 398.250 speed: 12943 wps
0.100 perplexity: 231.427 speed: 14207 wps
0.200 perplexity: 229.832 speed: 14231 wps
0.300 perplexity: 229.019 speed: 14256 wps
0.400 perplexity: 228.209 speed: 14240 wps
0.500 perplexity: 227.210 speed: 14229 wps
0.600 perplexity: 226.683 speed: 14225 wps
0.700 perplexity: 226.077 speed: 14232 wps
0.800 perplexity: 225.409 speed: 14235 wps
0.900 perplexity: 224.707 speed: 14234 wps
1.000 perplexity: 223.960 speed: 14239 wps
Epoch: 3 Train Perplexity: 223.961
with(perplexity: 211.470) speed: 29547 wps
Epoch: 3 Valid Perplexity: 211.470
with(perplexity: 224.980) speed: 651 wps
Test Perplexity: 224.980
Saving model to /esat/spchtemp/scratch/robbe/SpeechHub/untied_models_smallest/output/cbow_tfidf_soft_0/cbow_tfidf_soft_0.
hihi
