000 (1122.000.000) 05/07 21:04:25 Job submitted from host: <10.33.133.154:9618?addrs=10.33.133.154-9618+[--1]-9618&noUDP&sock=1383_3391_3>
    DAG Node: topic_int
...
001 (1122.000.000) 05/08 12:13:12 Job executing on host: <10.33.133.70:9618?addrs=10.33.133.70-9618+[--1]-9618&noUDP&sock=19079_2f80_3>
...
006 (1122.000.000) 05/08 12:13:20 Image size of job updated: 595388
	582  -  MemoryUsage of job (MB)
	595388  -  ResidentSetSize of job (KB)
...
006 (1122.000.000) 05/08 12:18:20 Image size of job updated: 1876672
	1564  -  MemoryUsage of job (MB)
	1600724  -  ResidentSetSize of job (KB)
...
006 (1122.000.000) 05/08 12:23:20 Image size of job updated: 1878248
	1565  -  MemoryUsage of job (MB)
	1602300  -  ResidentSetSize of job (KB)
...
006 (1122.000.000) 05/08 12:28:21 Image size of job updated: 1880048
	1567  -  MemoryUsage of job (MB)
	1604100  -  ResidentSetSize of job (KB)
...
006 (1122.000.000) 05/08 12:33:22 Image size of job updated: 1882020
	1569  -  MemoryUsage of job (MB)
	1606072  -  ResidentSetSize of job (KB)
...
006 (1122.000.000) 05/08 12:38:22 Image size of job updated: 1891780
	1578  -  MemoryUsage of job (MB)
	1615832  -  ResidentSetSize of job (KB)
...
006 (1122.000.000) 05/08 12:43:22 Image size of job updated: 1893732
	1580  -  MemoryUsage of job (MB)
	1617784  -  ResidentSetSize of job (KB)
...
006 (1122.000.000) 05/08 12:48:22 Image size of job updated: 1895284
	1582  -  MemoryUsage of job (MB)
	1619336  -  ResidentSetSize of job (KB)
...
006 (1122.000.000) 05/08 12:53:23 Image size of job updated: 1904700
	1591  -  MemoryUsage of job (MB)
	1628752  -  ResidentSetSize of job (KB)
...
006 (1122.000.000) 05/08 12:58:24 Image size of job updated: 1914020
	1600  -  MemoryUsage of job (MB)
	1638072  -  ResidentSetSize of job (KB)
...
006 (1122.000.000) 05/08 13:03:24 Image size of job updated: 1922892
	1609  -  MemoryUsage of job (MB)
	1646944  -  ResidentSetSize of job (KB)
...
006 (1122.000.000) 05/08 13:08:24 Image size of job updated: 1931424
	1617  -  MemoryUsage of job (MB)
	1655476  -  ResidentSetSize of job (KB)
...
006 (1122.000.000) 05/08 13:13:25 Image size of job updated: 1932768
	1618  -  MemoryUsage of job (MB)
	1656820  -  ResidentSetSize of job (KB)
...
006 (1122.000.000) 05/08 13:18:26 Image size of job updated: 1934124
	1620  -  MemoryUsage of job (MB)
	1658176  -  ResidentSetSize of job (KB)
...
006 (1122.000.000) 05/08 13:23:26 Image size of job updated: 1936396
	1622  -  MemoryUsage of job (MB)
	1660448  -  ResidentSetSize of job (KB)
...
