000 (1052.000.000) 05/05 10:11:29 Job submitted from host: <10.33.133.154:9618?addrs=10.33.133.154-9618+[--1]-9618&noUDP&sock=1383_3391_3>
    DAG Node: topic_reg
...
001 (1052.000.000) 05/06 10:30:24 Job executing on host: <10.33.133.71:9618?addrs=10.33.133.71-9618+[--1]-9618&noUDP&sock=1307_125f_3>
...
006 (1052.000.000) 05/06 10:30:33 Image size of job updated: 100064
	79  -  MemoryUsage of job (MB)
	80464  -  ResidentSetSize of job (KB)
...
006 (1052.000.000) 05/06 10:35:34 Image size of job updated: 2011152
	1626  -  MemoryUsage of job (MB)
	1664100  -  ResidentSetSize of job (KB)
...
006 (1052.000.000) 05/06 10:40:35 Image size of job updated: 2019428
	1634  -  MemoryUsage of job (MB)
	1672376  -  ResidentSetSize of job (KB)
...
006 (1052.000.000) 05/06 10:45:36 Image size of job updated: 2019688
	1634  -  MemoryUsage of job (MB)
	1672636  -  ResidentSetSize of job (KB)
...
006 (1052.000.000) 05/06 10:50:36 Image size of job updated: 2027392
	1641  -  MemoryUsage of job (MB)
	1680340  -  ResidentSetSize of job (KB)
...
006 (1052.000.000) 05/06 10:55:36 Image size of job updated: 2027408
	1641  -  MemoryUsage of job (MB)
	1680356  -  ResidentSetSize of job (KB)
...
006 (1052.000.000) 05/06 11:00:36 Image size of job updated: 2035100
	1649  -  MemoryUsage of job (MB)
	1688040  -  ResidentSetSize of job (KB)
...
006 (1052.000.000) 05/06 11:10:38 Image size of job updated: 2035104
	1649  -  MemoryUsage of job (MB)
	1688044  -  ResidentSetSize of job (KB)
...
006 (1052.000.000) 05/06 11:15:39 Image size of job updated: 2035120
	1649  -  MemoryUsage of job (MB)
	1688060  -  ResidentSetSize of job (KB)
...
006 (1052.000.000) 05/06 11:20:39 Image size of job updated: 2042704
	1656  -  MemoryUsage of job (MB)
	1695644  -  ResidentSetSize of job (KB)
...
006 (1052.000.000) 05/06 11:40:41 Image size of job updated: 2042708
	1656  -  MemoryUsage of job (MB)
	1695648  -  ResidentSetSize of job (KB)
...
006 (1052.000.000) 05/06 11:45:42 Image size of job updated: 2042716
	1656  -  MemoryUsage of job (MB)
	1695656  -  ResidentSetSize of job (KB)
...
006 (1052.000.000) 05/06 11:55:42 Image size of job updated: 2043008
	1657  -  MemoryUsage of job (MB)
	1695948  -  ResidentSetSize of job (KB)
...
006 (1052.000.000) 05/06 12:15:45 Image size of job updated: 2050484
	1664  -  MemoryUsage of job (MB)
	1703424  -  ResidentSetSize of job (KB)
...
006 (1052.000.000) 05/06 12:40:47 Image size of job updated: 2050484
	1664  -  MemoryUsage of job (MB)
	1703432  -  ResidentSetSize of job (KB)
...
006 (1052.000.000) 05/06 12:55:48 Image size of job updated: 2050612
	1664  -  MemoryUsage of job (MB)
	1703552  -  ResidentSetSize of job (KB)
...
006 (1052.000.000) 05/06 13:00:48 Image size of job updated: 2051012
	1665  -  MemoryUsage of job (MB)
	1703952  -  ResidentSetSize of job (KB)
...
006 (1052.000.000) 05/06 13:35:52 Image size of job updated: 2051024
	1665  -  MemoryUsage of job (MB)
	1703952  -  ResidentSetSize of job (KB)
...
006 (1052.000.000) 05/06 13:40:53 Image size of job updated: 2051040
	1665  -  MemoryUsage of job (MB)
	1703968  -  ResidentSetSize of job (KB)
...
006 (1052.000.000) 05/06 13:55:54 Image size of job updated: 2051048
	1665  -  MemoryUsage of job (MB)
	1703976  -  ResidentSetSize of job (KB)
...
006 (1052.000.000) 05/06 14:00:54 Image size of job updated: 2051300
	1665  -  MemoryUsage of job (MB)
	1704228  -  ResidentSetSize of job (KB)
...
006 (1052.000.000) 05/06 14:35:58 Image size of job updated: 2051460
	1665  -  MemoryUsage of job (MB)
	1704396  -  ResidentSetSize of job (KB)
...
006 (1052.000.000) 05/06 14:55:59 Image size of job updated: 2051464
	1665  -  MemoryUsage of job (MB)
	1704400  -  ResidentSetSize of job (KB)
...
006 (1052.000.000) 05/06 15:00:59 Image size of job updated: 2051524
	1665  -  MemoryUsage of job (MB)
	1704460  -  ResidentSetSize of job (KB)
...
006 (1052.000.000) 05/06 15:41:05 Image size of job updated: 2051684
	1665  -  MemoryUsage of job (MB)
	1704620  -  ResidentSetSize of job (KB)
...
006 (1052.000.000) 05/06 15:46:05 Image size of job updated: 2051712
	1665  -  MemoryUsage of job (MB)
	1704648  -  ResidentSetSize of job (KB)
...
006 (1052.000.000) 05/06 15:51:05 Image size of job updated: 2051720
	1665  -  MemoryUsage of job (MB)
	1704656  -  ResidentSetSize of job (KB)
...
006 (1052.000.000) 05/06 16:41:11 Image size of job updated: 2051720
	1665  -  MemoryUsage of job (MB)
	1704660  -  ResidentSetSize of job (KB)
...
006 (1052.000.000) 05/06 18:16:21 Image size of job updated: 2051720
	1666  -  MemoryUsage of job (MB)
	1705684  -  ResidentSetSize of job (KB)
...
006 (1052.000.000) 05/06 18:41:23 Image size of job updated: 2074116
	1765  -  MemoryUsage of job (MB)
	1807060  -  ResidentSetSize of job (KB)
...
006 (1052.000.000) 05/06 19:44:26 Image size of job updated: 2079648
	1765  -  MemoryUsage of job (MB)
	1807060  -  ResidentSetSize of job (KB)
...
005 (1052.000.000) 05/06 19:44:26 Job terminated.
	(1) Normal termination (return value 0)
		Usr 0 11:42:55, Sys 0 01:21:17  -  Run Remote Usage
		Usr 0 00:00:00, Sys 0 00:00:00  -  Run Local Usage
		Usr 0 11:42:55, Sys 0 01:21:17  -  Total Remote Usage
		Usr 0 00:00:00, Sys 0 00:00:00  -  Total Local Usage
	0  -  Run Bytes Sent By Job
	0  -  Run Bytes Received By Job
	0  -  Total Bytes Sent By Job
	0  -  Total Bytes Received By Job
	Partitionable Resources :    Usage  Request Allocated
	   Cpus                 :                 1         1
	   Disk (KB)            :        7        7  39050682
	   Gpus                 :                 1         1
	   Memory (MB)          :     1765     4096      4096
...
