000 (1082.000.000) 05/06 19:44:33 Job submitted from host: <10.33.133.154:9618?addrs=10.33.133.154-9618+[--1]-9618&noUDP&sock=1383_3391_3>
    DAG Node: topic_lda
...
001 (1082.000.000) 05/07 07:14:54 Job executing on host: <10.33.133.115:9618?addrs=10.33.133.115-9618+[--1]-9618&noUDP&sock=1112_5167_3>
...
006 (1082.000.000) 05/07 07:15:02 Image size of job updated: 589488
	576  -  MemoryUsage of job (MB)
	589488  -  ResidentSetSize of job (KB)
...
006 (1082.000.000) 05/07 07:20:02 Image size of job updated: 1898152
	1576  -  MemoryUsage of job (MB)
	1612932  -  ResidentSetSize of job (KB)
...
006 (1082.000.000) 05/07 07:25:03 Image size of job updated: 1899484
	1577  -  MemoryUsage of job (MB)
	1614264  -  ResidentSetSize of job (KB)
...
006 (1082.000.000) 05/07 07:30:03 Image size of job updated: 1900772
	1578  -  MemoryUsage of job (MB)
	1615552  -  ResidentSetSize of job (KB)
...
006 (1082.000.000) 05/07 07:35:04 Image size of job updated: 1902064
	1579  -  MemoryUsage of job (MB)
	1616844  -  ResidentSetSize of job (KB)
...
006 (1082.000.000) 05/07 08:15:09 Image size of job updated: 1902328
	1580  -  MemoryUsage of job (MB)
	1617108  -  ResidentSetSize of job (KB)
...
006 (1082.000.000) 05/07 08:30:11 Image size of job updated: 1902840
	1580  -  MemoryUsage of job (MB)
	1617620  -  ResidentSetSize of job (KB)
...
006 (1082.000.000) 05/07 08:35:12 Image size of job updated: 1903096
	1580  -  MemoryUsage of job (MB)
	1617876  -  ResidentSetSize of job (KB)
...
