I tensorflow/stream_executor/dso_loader.cc:128] successfully opened CUDA library libcublas.so locally
I tensorflow/stream_executor/dso_loader.cc:128] successfully opened CUDA library libcudnn.so locally
I tensorflow/stream_executor/dso_loader.cc:128] successfully opened CUDA library libcufft.so locally
I tensorflow/stream_executor/dso_loader.cc:128] successfully opened CUDA library libcuda.so.1 locally
I tensorflow/stream_executor/dso_loader.cc:128] successfully opened CUDA library libcurand.so locally
/users/start2014/r0364650/.local/lib/python2.7/site-packages/gensim/utils.py:1015: UserWarning: Pattern library is not installed, lemmatization won't be available.
  warnings.warn("Pattern library is not installed, lemmatization won't be available.")
I tensorflow/stream_executor/cuda/cuda_gpu_executor.cc:937] successful NUMA node read from SysFS had negative value (-1), but there must be at least one NUMA node, so returning NUMA node zero
I tensorflow/core/common_runtime/gpu/gpu_device.cc:885] Found device 0 with properties: 
name: GeForce GTX 980
major: 5 minor: 2 memoryClockRate (GHz) 1.253
pciBusID 0000:01:00.0
Total memory: 3.94GiB
Free memory: 3.83GiB
I tensorflow/core/common_runtime/gpu/gpu_device.cc:906] DMA: 0 
I tensorflow/core/common_runtime/gpu/gpu_device.cc:916] 0:   Y 
I tensorflow/core/common_runtime/gpu/gpu_device.cc:975] Creating TensorFlow device (/gpu:0) -> (device: 0, name: GeForce GTX 980, pci bus id: 0000:01:00.0)
I tensorflow/core/common_runtime/gpu/pool_allocator.cc:247] PoolAllocator: After 11367 get requests, put_count=11278 evicted_count=1000 eviction_rate=0.0886682 and unsatisfied allocation rate=0.104601
I tensorflow/core/common_runtime/gpu/pool_allocator.cc:259] Raising pool_size_limit_ from 100 to 110
I tensorflow/core/common_runtime/gpu/pool_allocator.cc:247] PoolAllocator: After 11113476 get requests, put_count=11113484 evicted_count=3000 eviction_rate=0.000269942 and unsatisfied allocation rate=0.000270932
I tensorflow/core/common_runtime/gpu/pool_allocator.cc:247] PoolAllocator: After 17603476 get requests, put_count=17603484 evicted_count=13000 eviction_rate=0.00073849 and unsatisfied allocation rate=0.000739115
I tensorflow/core/common_runtime/gpu/pool_allocator.cc:247] PoolAllocator: After 24093476 get requests, put_count=24093484 evicted_count=23000 eviction_rate=0.000954615 and unsatisfied allocation rate=0.000955072
I tensorflow/core/common_runtime/gpu/pool_allocator.cc:247] PoolAllocator: After 30583476 get requests, put_count=30583484 evicted_count=33000 eviction_rate=0.00107901 and unsatisfied allocation rate=0.00107937
I tensorflow/core/common_runtime/gpu/pool_allocator.cc:247] PoolAllocator: After 37073476 get requests, put_count=37073484 evicted_count=43000 eviction_rate=0.00115986 and unsatisfied allocation rate=0.00116016
I tensorflow/core/common_runtime/gpu/pool_allocator.cc:247] PoolAllocator: After 43563476 get requests, put_count=43563484 evicted_count=53000 eviction_rate=0.00121662 and unsatisfied allocation rate=0.00121687
I tensorflow/core/common_runtime/gpu/pool_allocator.cc:247] PoolAllocator: After 50053476 get requests, put_count=50053484 evicted_count=63000 eviction_rate=0.00125865 and unsatisfied allocation rate=0.00125887
I tensorflow/core/common_runtime/gpu/pool_allocator.cc:247] PoolAllocator: After 56543476 get requests, put_count=56543484 evicted_count=73000 eviction_rate=0.00129104 and unsatisfied allocation rate=0.00129124
I tensorflow/core/common_runtime/gpu/pool_allocator.cc:247] PoolAllocator: After 63033476 get requests, put_count=63033484 evicted_count=83000 eviction_rate=0.00131676 and unsatisfied allocation rate=0.00131694
I tensorflow/core/common_runtime/gpu/pool_allocator.cc:247] PoolAllocator: After 69523476 get requests, put_count=69523484 evicted_count=93000 eviction_rate=0.00133768 and unsatisfied allocation rate=0.00133784
I tensorflow/core/common_runtime/gpu/pool_allocator.cc:247] PoolAllocator: After 76013476 get requests, put_count=76013484 evicted_count=103000 eviction_rate=0.00135502 and unsatisfied allocation rate=0.00135517
I tensorflow/core/common_runtime/gpu/pool_allocator.cc:247] PoolAllocator: After 82485304 get requests, put_count=82485312 evicted_count=113000 eviction_rate=0.00136994 and unsatisfied allocation rate=0.00137007
I tensorflow/core/common_runtime/gpu/pool_allocator.cc:247] PoolAllocator: After 88948046 get requests, put_count=88948054 evicted_count=123000 eviction_rate=0.00138283 and unsatisfied allocation rate=0.00138295
I tensorflow/core/common_runtime/gpu/pool_allocator.cc:247] PoolAllocator: After 95438046 get requests, put_count=95438054 evicted_count=133000 eviction_rate=0.00139357 and unsatisfied allocation rate=0.00139369
I tensorflow/core/common_runtime/gpu/pool_allocator.cc:247] PoolAllocator: After 101928046 get requests, put_count=101928054 evicted_count=143000 eviction_rate=0.00140295 and unsatisfied allocation rate=0.00140306
I tensorflow/core/common_runtime/gpu/pool_allocator.cc:247] PoolAllocator: After 108418046 get requests, put_count=108418054 evicted_count=153000 eviction_rate=0.0014112 and unsatisfied allocation rate=0.00141131
I tensorflow/core/common_runtime/gpu/pool_allocator.cc:247] PoolAllocator: After 114908046 get requests, put_count=114908054 evicted_count=163000 eviction_rate=0.00141853 and unsatisfied allocation rate=0.00141862
I tensorflow/core/common_runtime/gpu/pool_allocator.cc:247] PoolAllocator: After 121398046 get requests, put_count=121398054 evicted_count=173000 eviction_rate=0.00142506 and unsatisfied allocation rate=0.00142515
I tensorflow/core/common_runtime/gpu/pool_allocator.cc:247] PoolAllocator: After 127888046 get requests, put_count=127888054 evicted_count=183000 eviction_rate=0.00143094 and unsatisfied allocation rate=0.00143103
I tensorflow/core/common_runtime/gpu/pool_allocator.cc:247] PoolAllocator: After 134378046 get requests, put_count=134378054 evicted_count=193000 eviction_rate=0.00143625 and unsatisfied allocation rate=0.00143633
I tensorflow/core/common_runtime/gpu/pool_allocator.cc:247] PoolAllocator: After 140868046 get requests, put_count=140868054 evicted_count=203000 eviction_rate=0.00144106 and unsatisfied allocation rate=0.00144114
I tensorflow/core/common_runtime/gpu/pool_allocator.cc:247] PoolAllocator: After 147358046 get requests, put_count=147358054 evicted_count=213000 eviction_rate=0.00144546 and unsatisfied allocation rate=0.00144553
I tensorflow/core/common_runtime/gpu/pool_allocator.cc:247] PoolAllocator: After 153838960 get requests, put_count=153838968 evicted_count=223000 eviction_rate=0.00144957 and unsatisfied allocation rate=0.00144964
I tensorflow/core/common_runtime/gpu/pool_allocator.cc:247] PoolAllocator: After 160328960 get requests, put_count=160328968 evicted_count=233000 eviction_rate=0.00145326 and unsatisfied allocation rate=0.00145333
I tensorflow/core/common_runtime/gpu/pool_allocator.cc:247] PoolAllocator: After 166809874 get requests, put_count=166809882 evicted_count=243000 eviction_rate=0.00145675 and unsatisfied allocation rate=0.00145681
I tensorflow/core/common_runtime/gpu/pool_allocator.cc:247] PoolAllocator: After 173299874 get requests, put_count=173299882 evicted_count=253000 eviction_rate=0.0014599 and unsatisfied allocation rate=0.00145996
I tensorflow/core/common_runtime/gpu/pool_allocator.cc:247] PoolAllocator: After 179780788 get requests, put_count=179780796 evicted_count=263000 eviction_rate=0.00146289 and unsatisfied allocation rate=0.00146295
I tensorflow/core/common_runtime/gpu/pool_allocator.cc:247] PoolAllocator: After 186270788 get requests, put_count=186270796 evicted_count=273000 eviction_rate=0.00146561 and unsatisfied allocation rate=0.00146567
I tensorflow/core/common_runtime/gpu/pool_allocator.cc:247] PoolAllocator: After 192760788 get requests, put_count=192760796 evicted_count=283000 eviction_rate=0.00146814 and unsatisfied allocation rate=0.0014682
I tensorflow/core/common_runtime/gpu/pool_allocator.cc:247] PoolAllocator: After 199250788 get requests, put_count=199250796 evicted_count=293000 eviction_rate=0.00147051 and unsatisfied allocation rate=0.00147056
I tensorflow/core/common_runtime/gpu/pool_allocator.cc:247] PoolAllocator: After 211690486 get requests, put_count=211690494 evicted_count=303000 eviction_rate=0.00143133 and unsatisfied allocation rate=0.00143139
I tensorflow/core/common_runtime/gpu/pool_allocator.cc:247] PoolAllocator: After 218171400 get requests, put_count=218171408 evicted_count=313000 eviction_rate=0.00143465 and unsatisfied allocation rate=0.0014347
I tensorflow/core/common_runtime/gpu/pool_allocator.cc:247] PoolAllocator: After 224661400 get requests, put_count=224661408 evicted_count=323000 eviction_rate=0.00143772 and unsatisfied allocation rate=0.00143777
I tensorflow/core/common_runtime/gpu/pool_allocator.cc:247] PoolAllocator: After 231151400 get requests, put_count=231151408 evicted_count=333000 eviction_rate=0.00144061 and unsatisfied allocation rate=0.00144066
I tensorflow/core/common_runtime/gpu/pool_allocator.cc:247] PoolAllocator: After 237623228 get requests, put_count=237623236 evicted_count=343000 eviction_rate=0.00144346 and unsatisfied allocation rate=0.00144351
I tensorflow/core/common_runtime/gpu/pool_allocator.cc:247] PoolAllocator: After 244113228 get requests, put_count=244113236 evicted_count=353000 eviction_rate=0.00144605 and unsatisfied allocation rate=0.0014461
I tensorflow/core/common_runtime/gpu/pool_allocator.cc:247] PoolAllocator: After 250594142 get requests, put_count=250594150 evicted_count=363000 eviction_rate=0.00144856 and unsatisfied allocation rate=0.0014486
I tensorflow/core/common_runtime/gpu/pool_allocator.cc:247] PoolAllocator: After 257084142 get requests, put_count=257084150 evicted_count=373000 eviction_rate=0.00145089 and unsatisfied allocation rate=0.00145093
I tensorflow/core/common_runtime/gpu/pool_allocator.cc:247] PoolAllocator: After 263574142 get requests, put_count=263574150 evicted_count=383000 eviction_rate=0.0014531 and unsatisfied allocation rate=0.00145314
I tensorflow/core/common_runtime/gpu/pool_allocator.cc:247] PoolAllocator: After 270064142 get requests, put_count=270064150 evicted_count=393000 eviction_rate=0.00145521 and unsatisfied allocation rate=0.00145525
I tensorflow/core/common_runtime/gpu/pool_allocator.cc:247] PoolAllocator: After 276545056 get requests, put_count=276545064 evicted_count=403000 eviction_rate=0.00145727 and unsatisfied allocation rate=0.00145731
I tensorflow/core/common_runtime/gpu/pool_allocator.cc:247] PoolAllocator: After 283035056 get requests, put_count=283035064 evicted_count=413000 eviction_rate=0.00145918 and unsatisfied allocation rate=0.00145922
I tensorflow/core/common_runtime/gpu/pool_allocator.cc:247] PoolAllocator: After 289525056 get requests, put_count=289525064 evicted_count=423000 eviction_rate=0.00146101 and unsatisfied allocation rate=0.00146105
I tensorflow/core/common_runtime/gpu/pool_allocator.cc:247] PoolAllocator: After 296005970 get requests, put_count=296005978 evicted_count=433000 eviction_rate=0.00146281 and unsatisfied allocation rate=0.00146285
I tensorflow/core/common_runtime/gpu/pool_allocator.cc:247] PoolAllocator: After 302495970 get requests, put_count=302495978 evicted_count=443000 eviction_rate=0.00146448 and unsatisfied allocation rate=0.00146452
I tensorflow/core/common_runtime/gpu/pool_allocator.cc:247] PoolAllocator: After 308985970 get requests, put_count=308985978 evicted_count=453000 eviction_rate=0.00146609 and unsatisfied allocation rate=0.00146612
I tensorflow/core/common_runtime/gpu/pool_allocator.cc:247] PoolAllocator: After 315475970 get requests, put_count=315475978 evicted_count=463000 eviction_rate=0.00146762 and unsatisfied allocation rate=0.00146766
I tensorflow/core/common_runtime/gpu/pool_allocator.cc:247] PoolAllocator: After 321965970 get requests, put_count=321965978 evicted_count=473000 eviction_rate=0.0014691 and unsatisfied allocation rate=0.00146913
I tensorflow/core/common_runtime/gpu/pool_allocator.cc:247] PoolAllocator: After 328455970 get requests, put_count=328455978 evicted_count=483000 eviction_rate=0.00147052 and unsatisfied allocation rate=0.00147055
I tensorflow/core/common_runtime/gpu/pool_allocator.cc:247] PoolAllocator: After 334945970 get requests, put_count=334945978 evicted_count=493000 eviction_rate=0.00147188 and unsatisfied allocation rate=0.00147191
I tensorflow/core/common_runtime/gpu/pool_allocator.cc:247] PoolAllocator: After 341435970 get requests, put_count=341435978 evicted_count=503000 eviction_rate=0.00147319 and unsatisfied allocation rate=0.00147322
I tensorflow/core/common_runtime/gpu/pool_allocator.cc:247] PoolAllocator: After 347925970 get requests, put_count=347925978 evicted_count=513000 eviction_rate=0.00147445 and unsatisfied allocation rate=0.00147448
I tensorflow/core/common_runtime/gpu/pool_allocator.cc:247] PoolAllocator: After 354415970 get requests, put_count=354415978 evicted_count=523000 eviction_rate=0.00147567 and unsatisfied allocation rate=0.0014757
I tensorflow/core/common_runtime/gpu/pool_allocator.cc:247] PoolAllocator: After 360905970 get requests, put_count=360905978 evicted_count=533000 eviction_rate=0.00147684 and unsatisfied allocation rate=0.00147687
I tensorflow/core/common_runtime/gpu/pool_allocator.cc:247] PoolAllocator: After 367395970 get requests, put_count=367395978 evicted_count=543000 eviction_rate=0.00147797 and unsatisfied allocation rate=0.001478
I tensorflow/core/common_runtime/gpu/pool_allocator.cc:247] PoolAllocator: After 373885970 get requests, put_count=373885978 evicted_count=553000 eviction_rate=0.00147906 and unsatisfied allocation rate=0.00147909
I tensorflow/core/common_runtime/gpu/pool_allocator.cc:247] PoolAllocator: After 380375970 get requests, put_count=380375978 evicted_count=563000 eviction_rate=0.00148011 and unsatisfied allocation rate=0.00148014
I tensorflow/core/common_runtime/gpu/pool_allocator.cc:247] PoolAllocator: After 386865970 get requests, put_count=386865978 evicted_count=573000 eviction_rate=0.00148113 and unsatisfied allocation rate=0.00148116
I tensorflow/core/common_runtime/gpu/pool_allocator.cc:247] PoolAllocator: After 393355970 get requests, put_count=393355978 evicted_count=583000 eviction_rate=0.00148212 and unsatisfied allocation rate=0.00148215
I tensorflow/core/common_runtime/gpu/pool_allocator.cc:247] PoolAllocator: After 401535632 get requests, put_count=401535640 evicted_count=593000 eviction_rate=0.00147683 and unsatisfied allocation rate=0.00147686
I tensorflow/core/common_runtime/gpu/pool_allocator.cc:247] PoolAllocator: After 408025632 get requests, put_count=408025640 evicted_count=603000 eviction_rate=0.00147785 and unsatisfied allocation rate=0.00147788
I tensorflow/core/common_runtime/gpu/pool_allocator.cc:247] PoolAllocator: After 414515632 get requests, put_count=414515640 evicted_count=613000 eviction_rate=0.00147883 and unsatisfied allocation rate=0.00147886
I tensorflow/core/common_runtime/gpu/pool_allocator.cc:247] PoolAllocator: After 421005632 get requests, put_count=421005640 evicted_count=623000 eviction_rate=0.00147979 and unsatisfied allocation rate=0.00147982
I tensorflow/core/common_runtime/gpu/pool_allocator.cc:247] PoolAllocator: After 427495632 get requests, put_count=427495640 evicted_count=633000 eviction_rate=0.00148072 and unsatisfied allocation rate=0.00148074
I tensorflow/core/common_runtime/gpu/pool_allocator.cc:247] PoolAllocator: After 433985632 get requests, put_count=433985640 evicted_count=643000 eviction_rate=0.00148162 and unsatisfied allocation rate=0.00148164
I tensorflow/core/common_runtime/gpu/pool_allocator.cc:247] PoolAllocator: After 440475632 get requests, put_count=440475640 evicted_count=653000 eviction_rate=0.00148249 and unsatisfied allocation rate=0.00148251
I tensorflow/core/common_runtime/gpu/pool_allocator.cc:247] PoolAllocator: After 446965632 get requests, put_count=446965640 evicted_count=663000 eviction_rate=0.00148334 and unsatisfied allocation rate=0.00148336
I tensorflow/core/common_runtime/gpu/pool_allocator.cc:247] PoolAllocator: After 453455632 get requests, put_count=453455640 evicted_count=673000 eviction_rate=0.00148416 and unsatisfied allocation rate=0.00148418
I tensorflow/core/common_runtime/gpu/pool_allocator.cc:247] PoolAllocator: After 459945632 get requests, put_count=459945640 evicted_count=683000 eviction_rate=0.00148496 and unsatisfied allocation rate=0.00148498
I tensorflow/core/common_runtime/gpu/pool_allocator.cc:247] PoolAllocator: After 466435632 get requests, put_count=466435640 evicted_count=693000 eviction_rate=0.00148574 and unsatisfied allocation rate=0.00148576
I tensorflow/core/common_runtime/gpu/pool_allocator.cc:247] PoolAllocator: After 472925632 get requests, put_count=472925640 evicted_count=703000 eviction_rate=0.00148649 and unsatisfied allocation rate=0.00148651
I tensorflow/core/common_runtime/gpu/pool_allocator.cc:247] PoolAllocator: After 479415632 get requests, put_count=479415640 evicted_count=713000 eviction_rate=0.00148723 and unsatisfied allocation rate=0.00148725
I tensorflow/core/common_runtime/gpu/pool_allocator.cc:247] PoolAllocator: After 485896546 get requests, put_count=485896554 evicted_count=723000 eviction_rate=0.00148797 and unsatisfied allocation rate=0.00148799
I tensorflow/core/common_runtime/gpu/pool_allocator.cc:247] PoolAllocator: After 492386546 get requests, put_count=492386554 evicted_count=733000 eviction_rate=0.00148867 and unsatisfied allocation rate=0.00148869
I tensorflow/core/common_runtime/gpu/pool_allocator.cc:247] PoolAllocator: After 498876546 get requests, put_count=498876554 evicted_count=743000 eviction_rate=0.00148935 and unsatisfied allocation rate=0.00148937
I tensorflow/core/common_runtime/gpu/pool_allocator.cc:247] PoolAllocator: After 505366546 get requests, put_count=505366554 evicted_count=753000 eviction_rate=0.00149001 and unsatisfied allocation rate=0.00149003
I tensorflow/core/common_runtime/gpu/pool_allocator.cc:247] PoolAllocator: After 511856546 get requests, put_count=511856554 evicted_count=763000 eviction_rate=0.00149065 and unsatisfied allocation rate=0.00149067
I tensorflow/core/common_runtime/gpu/pool_allocator.cc:247] PoolAllocator: After 518346546 get requests, put_count=518346554 evicted_count=773000 eviction_rate=0.00149128 and unsatisfied allocation rate=0.0014913
I tensorflow/core/common_runtime/gpu/pool_allocator.cc:247] PoolAllocator: After 524836546 get requests, put_count=524836554 evicted_count=783000 eviction_rate=0.00149189 and unsatisfied allocation rate=0.00149191
I tensorflow/core/common_runtime/gpu/pool_allocator.cc:247] PoolAllocator: After 531326546 get requests, put_count=531326554 evicted_count=793000 eviction_rate=0.00149249 and unsatisfied allocation rate=0.00149251
I tensorflow/core/common_runtime/gpu/pool_allocator.cc:247] PoolAllocator: After 537816546 get requests, put_count=537816554 evicted_count=803000 eviction_rate=0.00149307 and unsatisfied allocation rate=0.00149309
I tensorflow/core/common_runtime/gpu/pool_allocator.cc:247] PoolAllocator: After 544306546 get requests, put_count=544306554 evicted_count=813000 eviction_rate=0.00149364 and unsatisfied allocation rate=0.00149366
I tensorflow/core/common_runtime/gpu/pool_allocator.cc:247] PoolAllocator: After 550787460 get requests, put_count=550787468 evicted_count=823000 eviction_rate=0.00149422 and unsatisfied allocation rate=0.00149424
I tensorflow/core/common_runtime/gpu/pool_allocator.cc:247] PoolAllocator: After 557277460 get requests, put_count=557277468 evicted_count=833000 eviction_rate=0.00149477 and unsatisfied allocation rate=0.00149479
I tensorflow/core/common_runtime/gpu/pool_allocator.cc:247] PoolAllocator: After 563767460 get requests, put_count=563767468 evicted_count=843000 eviction_rate=0.0014953 and unsatisfied allocation rate=0.00149532
I tensorflow/core/common_runtime/gpu/pool_allocator.cc:247] PoolAllocator: After 570248374 get requests, put_count=570248382 evicted_count=853000 eviction_rate=0.00149584 and unsatisfied allocation rate=0.00149586
I tensorflow/core/common_runtime/gpu/pool_allocator.cc:247] PoolAllocator: After 576738374 get requests, put_count=576738382 evicted_count=863000 eviction_rate=0.00149635 and unsatisfied allocation rate=0.00149636
I tensorflow/core/common_runtime/gpu/pool_allocator.cc:247] PoolAllocator: After 583228374 get requests, put_count=583228382 evicted_count=873000 eviction_rate=0.00149684 and unsatisfied allocation rate=0.00149686
I tensorflow/core/common_runtime/gpu/pool_allocator.cc:247] PoolAllocator: After 589718374 get requests, put_count=589718382 evicted_count=883000 eviction_rate=0.00149732 and unsatisfied allocation rate=0.00149734
I tensorflow/core/common_runtime/gpu/pool_allocator.cc:247] PoolAllocator: After 596208374 get requests, put_count=596208382 evicted_count=893000 eviction_rate=0.0014978 and unsatisfied allocation rate=0.00149782
