000 (697.000.000) 04/07 15:58:45 Job submitted from host: <10.33.133.154:9618?addrs=10.33.133.154-9618+[--1]-9618&noUDP&sock=1370_48d6_3>
    DAG Node: cbow_exp_lstm
...
001 (697.000.000) 04/07 18:34:58 Job executing on host: <10.33.133.139:9618?addrs=10.33.133.139-9618+[--1]-9618&noUDP&sock=1532_672e_3>
...
010 (697.000.000) 04/07 20:13:41 Job was suspended.
	Number of processes actually suspended: 12
...
011 (697.000.000) 04/07 20:19:03 Job was unsuspended.
...
010 (697.000.000) 04/07 23:04:24 Job was suspended.
	Number of processes actually suspended: 12
...
011 (697.000.000) 04/07 23:06:25 Job was unsuspended.
...
010 (697.000.000) 04/08 01:23:23 Job was suspended.
	Number of processes actually suspended: 12
...
011 (697.000.000) 04/08 01:26:24 Job was unsuspended.
...
005 (697.000.000) 04/08 07:51:24 Job terminated.
	(1) Normal termination (return value 0)
		Usr 0 10:11:26, Sys 0 00:41:20  -  Run Remote Usage
		Usr 0 00:00:00, Sys 0 00:00:00  -  Run Local Usage
		Usr 0 10:11:26, Sys 0 00:41:20  -  Total Remote Usage
		Usr 0 00:00:00, Sys 0 00:00:00  -  Total Local Usage
	0  -  Run Bytes Sent By Job
	0  -  Run Bytes Received By Job
	0  -  Total Bytes Sent By Job
	0  -  Total Bytes Received By Job
	Partitionable Resources :    Usage  Request Allocated
	   Cpus                 :                 1         1
	   Disk (KB)            :        7        7   2456516
	   Gpus                 :                 1         1
	   Memory (MB)          :     1313     4096      4096
...
000 (731.000.000) 04/08 07:51:31 Job submitted from host: <10.33.133.154:9618?addrs=10.33.133.154-9618+[--1]-9618&noUDP&sock=1370_48d6_3>
    DAG Node: cbow_exp_lstm_test
...
001 (731.000.000) 04/08 15:25:28 Job executing on host: <10.33.133.223:9618?addrs=10.33.133.223-9618+[--1]-9618&noUDP&sock=1298_e604_3>
...
005 (731.000.000) 04/08 15:25:40 Job terminated.
	(1) Normal termination (return value 0)
		Usr 0 00:00:09, Sys 0 00:00:01  -  Run Remote Usage
		Usr 0 00:00:00, Sys 0 00:00:00  -  Run Local Usage
		Usr 0 00:00:09, Sys 0 00:00:01  -  Total Remote Usage
		Usr 0 00:00:00, Sys 0 00:00:00  -  Total Local Usage
	0  -  Run Bytes Sent By Job
	0  -  Run Bytes Received By Job
	0  -  Total Bytes Sent By Job
	0  -  Total Bytes Received By Job
	Partitionable Resources :    Usage  Request Allocated
	   Cpus                 :                 1         1
	   Disk (KB)            :        7        7   3070292
	   Gpus                 :                 1         1
	   Memory (MB)          :      131     4096      4096
...
