000 (1076.000.000) 05/05 20:10:38 Job submitted from host: <10.33.133.154:9618?addrs=10.33.133.154-9618+[--1]-9618&noUDP&sock=1383_3391_3>
    DAG Node: cbow_tfidf_soft
...
001 (1076.000.000) 05/07 06:52:50 Job executing on host: <10.33.133.111:9618?addrs=10.33.133.111-9618+[--1]-9618&noUDP&sock=1311_d0c0_3>
...
006 (1076.000.000) 05/07 06:52:59 Image size of job updated: 121448
	83  -  MemoryUsage of job (MB)
	84244  -  ResidentSetSize of job (KB)
...
006 (1076.000.000) 05/07 06:58:00 Image size of job updated: 1620436
	994  -  MemoryUsage of job (MB)
	1017388  -  ResidentSetSize of job (KB)
...
006 (1076.000.000) 05/07 07:03:01 Image size of job updated: 1621980
	996  -  MemoryUsage of job (MB)
	1018932  -  ResidentSetSize of job (KB)
...
006 (1076.000.000) 05/07 07:08:01 Image size of job updated: 1622492
	996  -  MemoryUsage of job (MB)
	1019444  -  ResidentSetSize of job (KB)
...
006 (1076.000.000) 05/07 07:13:01 Image size of job updated: 1622748
	996  -  MemoryUsage of job (MB)
	1019700  -  ResidentSetSize of job (KB)
...
006 (1076.000.000) 05/07 07:53:05 Image size of job updated: 1622764
	996  -  MemoryUsage of job (MB)
	1019716  -  ResidentSetSize of job (KB)
...
006 (1076.000.000) 05/07 09:38:18 Image size of job updated: 1622776
	996  -  MemoryUsage of job (MB)
	1019716  -  ResidentSetSize of job (KB)
...
010 (1076.000.000) 05/07 09:43:47 Job was suspended.
	Number of processes actually suspended: 12
...
011 (1076.000.000) 05/07 09:56:28 Job was unsuspended.
...
006 (1076.000.000) 05/07 10:03:21 Image size of job updated: 1623032
	997  -  MemoryUsage of job (MB)
	1019972  -  ResidentSetSize of job (KB)
...
006 (1076.000.000) 05/07 11:13:27 Image size of job updated: 1623236
	997  -  MemoryUsage of job (MB)
	1019972  -  ResidentSetSize of job (KB)
...
010 (1076.000.000) 05/07 12:15:46 Job was suspended.
	Number of processes actually suspended: 12
...
011 (1076.000.000) 05/07 12:30:51 Job was unsuspended.
...
004 (1076.000.000) 05/07 12:30:52 Job was evicted.
	(0) Job was not checkpointed.
		Usr 0 03:45:43, Sys 0 00:02:15  -  Run Remote Usage
		Usr 0 00:00:00, Sys 0 00:00:00  -  Run Local Usage
	0  -  Run Bytes Sent By Job
	0  -  Run Bytes Received By Job
	Partitionable Resources :    Usage  Request Allocated
	   Cpus                 :                 1         1
	   Disk (KB)            :        7        7  11868775
	   Gpus                 :                 1         1
	   Memory (MB)          :      997     4096      4096
...
001 (1076.000.000) 05/07 13:32:48 Job executing on host: <10.33.133.61:9618?addrs=10.33.133.61-9618+[--1]-9618&noUDP&sock=2855_defa_22>
...
005 (1076.000.000) 05/08 07:29:47 Job terminated.
	(1) Normal termination (return value 0)
		Usr 0 12:24:52, Sys 0 00:05:52  -  Run Remote Usage
		Usr 0 00:00:00, Sys 0 00:00:00  -  Run Local Usage
		Usr 0 12:24:52, Sys 0 00:05:52  -  Total Remote Usage
		Usr 0 00:00:00, Sys 0 00:00:00  -  Total Local Usage
	0  -  Run Bytes Sent By Job
	0  -  Run Bytes Received By Job
	0  -  Total Bytes Sent By Job
	0  -  Total Bytes Received By Job
	Partitionable Resources :    Usage  Request Allocated
	   Cpus                 :                 1         1
	   Disk (KB)            :        7        7   9490357
	   Gpus                 :                 1         1
	   Memory (MB)          :     1221     4096      4096
...
