000 (1075.000.000) 05/05 20:10:33 Job submitted from host: <10.33.133.154:9618?addrs=10.33.133.154-9618+[--1]-9618&noUDP&sock=1383_3391_3>
    DAG Node: cbow_tfidf_lstm
...
001 (1075.000.000) 05/06 19:50:05 Job executing on host: <10.33.133.71:9618?addrs=10.33.133.71-9618+[--1]-9618&noUDP&sock=1307_125f_3>
...
006 (1075.000.000) 05/06 19:50:14 Image size of job updated: 397216
	388  -  MemoryUsage of job (MB)
	397216  -  ResidentSetSize of job (KB)
...
006 (1075.000.000) 05/06 19:55:15 Image size of job updated: 1618612
	1068  -  MemoryUsage of job (MB)
	1093300  -  ResidentSetSize of job (KB)
...
006 (1075.000.000) 05/06 20:00:16 Image size of job updated: 1627316
	1077  -  MemoryUsage of job (MB)
	1102004  -  ResidentSetSize of job (KB)
...
006 (1075.000.000) 05/06 20:05:16 Image size of job updated: 1635944
	1085  -  MemoryUsage of job (MB)
	1110632  -  ResidentSetSize of job (KB)
...
006 (1075.000.000) 05/06 20:10:16 Image size of job updated: 1644016
	1093  -  MemoryUsage of job (MB)
	1118704  -  ResidentSetSize of job (KB)
...
006 (1075.000.000) 05/06 20:15:16 Image size of job updated: 1644056
	1093  -  MemoryUsage of job (MB)
	1118744  -  ResidentSetSize of job (KB)
...
006 (1075.000.000) 05/06 20:20:16 Image size of job updated: 1651844
	1101  -  MemoryUsage of job (MB)
	1126532  -  ResidentSetSize of job (KB)
...
006 (1075.000.000) 05/06 20:25:17 Image size of job updated: 1651856
	1101  -  MemoryUsage of job (MB)
	1126544  -  ResidentSetSize of job (KB)
...
006 (1075.000.000) 05/06 20:30:18 Image size of job updated: 1651864
	1101  -  MemoryUsage of job (MB)
	1126552  -  ResidentSetSize of job (KB)
...
006 (1075.000.000) 05/06 20:35:18 Image size of job updated: 1659908
	1109  -  MemoryUsage of job (MB)
	1134596  -  ResidentSetSize of job (KB)
...
006 (1075.000.000) 05/06 20:50:19 Image size of job updated: 1659924
	1109  -  MemoryUsage of job (MB)
	1134612  -  ResidentSetSize of job (KB)
...
006 (1075.000.000) 05/06 20:55:20 Image size of job updated: 1660956
	1110  -  MemoryUsage of job (MB)
	1135644  -  ResidentSetSize of job (KB)
...
006 (1075.000.000) 05/06 21:00:21 Image size of job updated: 1668656
	1117  -  MemoryUsage of job (MB)
	1143344  -  ResidentSetSize of job (KB)
...
006 (1075.000.000) 05/06 21:05:21 Image size of job updated: 1676556
	1125  -  MemoryUsage of job (MB)
	1151244  -  ResidentSetSize of job (KB)
...
006 (1075.000.000) 05/06 21:10:21 Image size of job updated: 1684252
	1132  -  MemoryUsage of job (MB)
	1158940  -  ResidentSetSize of job (KB)
...
006 (1075.000.000) 05/06 21:20:22 Image size of job updated: 1684260
	1132  -  MemoryUsage of job (MB)
	1158948  -  ResidentSetSize of job (KB)
...
006 (1075.000.000) 05/07 07:51:39 Image size of job updated: 87636200
	1132  -  MemoryUsage of job (MB)
	1158948  -  ResidentSetSize of job (KB)
...
005 (1075.000.000) 05/07 07:51:39 Job terminated.
	(1) Normal termination (return value 0)
		Usr 0 12:25:09, Sys 0 01:10:57  -  Run Remote Usage
		Usr 0 00:00:00, Sys 0 00:00:00  -  Run Local Usage
		Usr 0 12:25:09, Sys 0 01:10:57  -  Total Remote Usage
		Usr 0 00:00:00, Sys 0 00:00:00  -  Total Local Usage
	0  -  Run Bytes Sent By Job
	0  -  Run Bytes Received By Job
	0  -  Total Bytes Sent By Job
	0  -  Total Bytes Received By Job
	Partitionable Resources :    Usage  Request Allocated
	   Cpus                 :                 1         1
	   Disk (KB)            :        7        7  39050682
	   Gpus                 :                 1         1
	   Memory (MB)          :     1132     4096      4096
...
