000 (848.000.000) 04/13 13:47:31 Job submitted from host: <10.33.133.154:9618?addrs=10.33.133.154-9618+[--1]-9618&noUDP&sock=1370_48d6_3>
    DAG Node: topic_ds_interpol_1
...
001 (848.000.000) 04/13 16:55:01 Job executing on host: <10.33.133.115:9618?addrs=10.33.133.115-9618+[--1]-9618&noUDP&sock=1215_f7a8_3>
...
006 (848.000.000) 04/13 16:55:09 Image size of job updated: 582768
	570  -  MemoryUsage of job (MB)
	582768  -  ResidentSetSize of job (KB)
...
006 (848.000.000) 04/13 17:00:10 Image size of job updated: 1639192
	1345  -  MemoryUsage of job (MB)
	1377048  -  ResidentSetSize of job (KB)
...
006 (848.000.000) 04/13 17:05:10 Image size of job updated: 1640152
	1346  -  MemoryUsage of job (MB)
	1378008  -  ResidentSetSize of job (KB)
...
006 (848.000.000) 04/13 17:10:11 Image size of job updated: 1641100
	1347  -  MemoryUsage of job (MB)
	1378956  -  ResidentSetSize of job (KB)
...
006 (848.000.000) 04/13 17:15:11 Image size of job updated: 1641320
	1347  -  MemoryUsage of job (MB)
	1379176  -  ResidentSetSize of job (KB)
...
006 (848.000.000) 04/13 17:15:22 Image size of job updated: 1641336
	1347  -  MemoryUsage of job (MB)
	1379176  -  ResidentSetSize of job (KB)
...
005 (848.000.000) 04/13 17:15:22 Job terminated.
	(1) Normal termination (return value 0)
		Usr 0 00:11:05, Sys 0 00:01:13  -  Run Remote Usage
		Usr 0 00:00:00, Sys 0 00:00:00  -  Run Local Usage
		Usr 0 00:11:05, Sys 0 00:01:13  -  Total Remote Usage
		Usr 0 00:00:00, Sys 0 00:00:00  -  Total Local Usage
	0  -  Run Bytes Sent By Job
	0  -  Run Bytes Received By Job
	0  -  Total Bytes Sent By Job
	0  -  Total Bytes Received By Job
	Partitionable Resources :    Usage  Request Allocated
	   Cpus                 :                 1         1
	   Disk (KB)            :        7        7  17875240
	   Gpus                 :                 1         1
	   Memory (MB)          :     1347     4096      4096
...
