000 (1201.000.000) 05/11 08:47:37 Job submitted from host: <10.33.133.154:9618?addrs=10.33.133.154-9618+[--1]-9618&noUDP&sock=1383_3391_3>
    DAG Node: cbow_tfidf_soft
...
001 (1201.000.000) 05/14 05:11:52 Job executing on host: <10.33.133.111:9618?addrs=10.33.133.111-9618+[--1]-9618&noUDP&sock=1472_3f7f_3>
...
006 (1201.000.000) 05/14 05:12:01 Image size of job updated: 78348
	77  -  MemoryUsage of job (MB)
	77976  -  ResidentSetSize of job (KB)
...
006 (1201.000.000) 05/14 05:17:02 Image size of job updated: 1160940
	877  -  MemoryUsage of job (MB)
	897868  -  ResidentSetSize of job (KB)
...
006 (1201.000.000) 05/14 05:22:02 Image size of job updated: 1278244
	992  -  MemoryUsage of job (MB)
	1015172  -  ResidentSetSize of job (KB)
...
006 (1201.000.000) 05/14 05:57:06 Image size of job updated: 1280044
	994  -  MemoryUsage of job (MB)
	1016972  -  ResidentSetSize of job (KB)
...
006 (1201.000.000) 05/14 06:02:06 Image size of job updated: 1325552
	1038  -  MemoryUsage of job (MB)
	1062480  -  ResidentSetSize of job (KB)
...
006 (1201.000.000) 05/14 07:22:15 Image size of job updated: 1359512
	1071  -  MemoryUsage of job (MB)
	1096440  -  ResidentSetSize of job (KB)
...
006 (1201.000.000) 05/14 09:02:54 Image size of job updated: 1362608
	1071  -  MemoryUsage of job (MB)
	1096440  -  ResidentSetSize of job (KB)
...
005 (1201.000.000) 05/14 09:02:54 Job terminated.
	(1) Normal termination (return value 0)
		Usr 0 03:42:50, Sys 0 00:02:53  -  Run Remote Usage
		Usr 0 00:00:00, Sys 0 00:00:00  -  Run Local Usage
		Usr 0 03:42:50, Sys 0 00:02:53  -  Total Remote Usage
		Usr 0 00:00:00, Sys 0 00:00:00  -  Total Local Usage
	0  -  Run Bytes Sent By Job
	0  -  Run Bytes Received By Job
	0  -  Total Bytes Sent By Job
	0  -  Total Bytes Received By Job
	Partitionable Resources :    Usage  Request Allocated
	   Cpus                 :                 1         1
	   Disk (KB)            :        7        7   6043822
	   Gpus                 :                 1         1
	   Memory (MB)          :     1071     8192      8192
...
