000 (1196.000.000) 05/11 08:47:37 Job submitted from host: <10.33.133.154:9618?addrs=10.33.133.154-9618+[--1]-9618&noUDP&sock=1383_3391_3>
    DAG Node: original
...
001 (1196.000.000) 05/14 00:20:12 Job executing on host: <10.33.133.203:9618?addrs=10.33.133.203-9618+[--1]-9618&noUDP&sock=16286_6b7c_3>
...
006 (1196.000.000) 05/14 00:20:20 Image size of job updated: 7
	0  -  MemoryUsage of job (MB)
	0  -  ResidentSetSize of job (KB)
...
006 (1196.000.000) 05/14 00:25:20 Image size of job updated: 217052
	212  -  MemoryUsage of job (MB)
	217052  -  ResidentSetSize of job (KB)
...
006 (1196.000.000) 05/14 00:30:21 Image size of job updated: 238748
	234  -  MemoryUsage of job (MB)
	238748  -  ResidentSetSize of job (KB)
...
006 (1196.000.000) 05/14 00:35:21 Image size of job updated: 239276
	234  -  MemoryUsage of job (MB)
	239276  -  ResidentSetSize of job (KB)
...
006 (1196.000.000) 05/14 00:40:22 Image size of job updated: 239296
	234  -  MemoryUsage of job (MB)
	239296  -  ResidentSetSize of job (KB)
...
006 (1196.000.000) 05/14 00:45:22 Image size of job updated: 239720
	235  -  MemoryUsage of job (MB)
	239720  -  ResidentSetSize of job (KB)
...
006 (1196.000.000) 05/14 00:50:22 Image size of job updated: 240640
	235  -  MemoryUsage of job (MB)
	240640  -  ResidentSetSize of job (KB)
...
006 (1196.000.000) 05/14 00:55:23 Image size of job updated: 240668
	236  -  MemoryUsage of job (MB)
	240668  -  ResidentSetSize of job (KB)
...
006 (1196.000.000) 05/14 01:00:23 Image size of job updated: 240692
	236  -  MemoryUsage of job (MB)
	240692  -  ResidentSetSize of job (KB)
...
006 (1196.000.000) 05/14 01:05:24 Image size of job updated: 240716
	236  -  MemoryUsage of job (MB)
	240716  -  ResidentSetSize of job (KB)
...
006 (1196.000.000) 05/14 01:10:24 Image size of job updated: 240736
	236  -  MemoryUsage of job (MB)
	240736  -  ResidentSetSize of job (KB)
...
006 (1196.000.000) 05/14 01:15:25 Image size of job updated: 293936
	288  -  MemoryUsage of job (MB)
	293936  -  ResidentSetSize of job (KB)
...
006 (1196.000.000) 05/14 02:15:32 Image size of job updated: 296596
	290  -  MemoryUsage of job (MB)
	296596  -  ResidentSetSize of job (KB)
...
006 (1196.000.000) 05/14 03:00:35 Image size of job updated: 354088
	346  -  MemoryUsage of job (MB)
	354088  -  ResidentSetSize of job (KB)
...
006 (1196.000.000) 05/14 03:05:36 Image size of job updated: 354088
	348  -  MemoryUsage of job (MB)
	355668  -  ResidentSetSize of job (KB)
...
005 (1196.000.000) 05/14 10:04:00 Job terminated.
	(1) Normal termination (return value 0)
		Usr 0 09:39:20, Sys 0 00:02:28  -  Run Remote Usage
		Usr 0 00:00:00, Sys 0 00:00:00  -  Run Local Usage
		Usr 0 09:39:20, Sys 0 00:02:28  -  Total Remote Usage
		Usr 0 00:00:00, Sys 0 00:00:00  -  Total Local Usage
	0  -  Run Bytes Sent By Job
	0  -  Run Bytes Received By Job
	0  -  Total Bytes Sent By Job
	0  -  Total Bytes Received By Job
	Partitionable Resources :    Usage  Request Allocated
	   Cpus                 :                 1         1
	   Disk (KB)            :        7        7  13489858
	   Gpus                 :                 1         1
	   Memory (MB)          :      348     8192      8192
...
