000 (1190.000.000) 05/11 08:47:26 Job submitted from host: <10.33.133.154:9618?addrs=10.33.133.154-9618+[--1]-9618&noUDP&sock=1383_3391_3>
    DAG Node: cbow_tfidf_lstm
...
001 (1190.000.000) 05/13 21:51:17 Job executing on host: <10.33.133.102:9618?addrs=10.33.133.102-9618+[--1]-9618&noUDP&sock=1535_75f7_3>
...
006 (1190.000.000) 05/13 21:51:25 Image size of job updated: 79020
	47  -  MemoryUsage of job (MB)
	48108  -  ResidentSetSize of job (KB)
...
006 (1190.000.000) 05/13 21:56:25 Image size of job updated: 1308572
	668  -  MemoryUsage of job (MB)
	683728  -  ResidentSetSize of job (KB)
...
006 (1190.000.000) 05/13 22:11:27 Image size of job updated: 1337456
	696  -  MemoryUsage of job (MB)
	712612  -  ResidentSetSize of job (KB)
...
006 (1190.000.000) 05/13 22:16:28 Image size of job updated: 1341592
	700  -  MemoryUsage of job (MB)
	716748  -  ResidentSetSize of job (KB)
...
006 (1190.000.000) 05/13 22:21:29 Image size of job updated: 1355712
	714  -  MemoryUsage of job (MB)
	730868  -  ResidentSetSize of job (KB)
...
006 (1190.000.000) 05/13 22:26:29 Image size of job updated: 1430500
	787  -  MemoryUsage of job (MB)
	805656  -  ResidentSetSize of job (KB)
...
006 (1190.000.000) 05/13 22:36:31 Image size of job updated: 1443120
	800  -  MemoryUsage of job (MB)
	818276  -  ResidentSetSize of job (KB)
...
006 (1190.000.000) 05/13 23:11:35 Image size of job updated: 1486572
	842  -  MemoryUsage of job (MB)
	861728  -  ResidentSetSize of job (KB)
...
006 (1190.000.000) 05/14 02:01:53 Image size of job updated: 1508552
	863  -  MemoryUsage of job (MB)
	883708  -  ResidentSetSize of job (KB)
...
005 (1190.000.000) 05/14 04:53:33 Job terminated.
	(1) Normal termination (return value 0)
		Usr 0 06:47:33, Sys 0 00:06:16  -  Run Remote Usage
		Usr 0 00:00:00, Sys 0 00:00:00  -  Run Local Usage
		Usr 0 06:47:33, Sys 0 00:06:16  -  Total Remote Usage
		Usr 0 00:00:00, Sys 0 00:00:00  -  Total Local Usage
	0  -  Run Bytes Sent By Job
	0  -  Run Bytes Received By Job
	0  -  Total Bytes Sent By Job
	0  -  Total Bytes Received By Job
	Partitionable Resources :    Usage  Request Allocated
	   Cpus                 :                 1         1
	   Disk (KB)            :        7        7   6722611
	   Gpus                 :                 1         1
	   Memory (MB)          :      863     8192      8192
...
