000 (1217.000.000) 05/11 08:47:54 Job submitted from host: <10.33.133.154:9618?addrs=10.33.133.154-9618+[--1]-9618&noUDP&sock=1383_3391_3>
    DAG Node: cbow_tfidf_soft
...
001 (1217.000.000) 05/14 12:49:48 Job executing on host: <10.33.133.70:9618?addrs=10.33.133.70-9618+[--1]-9618&noUDP&sock=19079_2f80_3>
...
006 (1217.000.000) 05/14 12:49:56 Image size of job updated: 673208
	527  -  MemoryUsage of job (MB)
	539064  -  ResidentSetSize of job (KB)
...
006 (1217.000.000) 05/14 12:54:56 Image size of job updated: 970408
	817  -  MemoryUsage of job (MB)
	836264  -  ResidentSetSize of job (KB)
...
006 (1217.000.000) 05/14 12:59:56 Image size of job updated: 1006972
	853  -  MemoryUsage of job (MB)
	872828  -  ResidentSetSize of job (KB)
...
006 (1217.000.000) 05/14 13:04:57 Image size of job updated: 1149380
	992  -  MemoryUsage of job (MB)
	1015236  -  ResidentSetSize of job (KB)
...
006 (1217.000.000) 05/14 13:09:58 Image size of job updated: 1149472
	992  -  MemoryUsage of job (MB)
	1015328  -  ResidentSetSize of job (KB)
...
006 (1217.000.000) 05/14 13:14:58 Image size of job updated: 1149788
	992  -  MemoryUsage of job (MB)
	1015644  -  ResidentSetSize of job (KB)
...
006 (1217.000.000) 05/14 13:19:58 Image size of job updated: 1150400
	993  -  MemoryUsage of job (MB)
	1016256  -  ResidentSetSize of job (KB)
...
006 (1217.000.000) 05/14 13:24:58 Image size of job updated: 1217984
	1059  -  MemoryUsage of job (MB)
	1083840  -  ResidentSetSize of job (KB)
...
006 (1217.000.000) 05/14 13:29:59 Image size of job updated: 1218140
	1059  -  MemoryUsage of job (MB)
	1083996  -  ResidentSetSize of job (KB)
...
006 (1217.000.000) 05/14 13:35:00 Image size of job updated: 1218284
	1059  -  MemoryUsage of job (MB)
	1084140  -  ResidentSetSize of job (KB)
...
006 (1217.000.000) 05/14 13:40:01 Image size of job updated: 1218372
	1059  -  MemoryUsage of job (MB)
	1084228  -  ResidentSetSize of job (KB)
...
006 (1217.000.000) 05/14 13:45:01 Image size of job updated: 1218436
	1059  -  MemoryUsage of job (MB)
	1084292  -  ResidentSetSize of job (KB)
...
006 (1217.000.000) 05/14 13:50:01 Image size of job updated: 1218512
	1059  -  MemoryUsage of job (MB)
	1084368  -  ResidentSetSize of job (KB)
...
006 (1217.000.000) 05/14 13:55:01 Image size of job updated: 1218536
	1059  -  MemoryUsage of job (MB)
	1084392  -  ResidentSetSize of job (KB)
...
006 (1217.000.000) 05/14 14:00:02 Image size of job updated: 1218556
	1059  -  MemoryUsage of job (MB)
	1084412  -  ResidentSetSize of job (KB)
...
006 (1217.000.000) 05/14 14:05:03 Image size of job updated: 1218596
	1060  -  MemoryUsage of job (MB)
	1084452  -  ResidentSetSize of job (KB)
...
006 (1217.000.000) 05/14 14:10:04 Image size of job updated: 1218636
	1060  -  MemoryUsage of job (MB)
	1084492  -  ResidentSetSize of job (KB)
...
006 (1217.000.000) 05/14 14:15:04 Image size of job updated: 1218696
	1060  -  MemoryUsage of job (MB)
	1084552  -  ResidentSetSize of job (KB)
...
006 (1217.000.000) 05/14 14:20:04 Image size of job updated: 1218700
	1060  -  MemoryUsage of job (MB)
	1084556  -  ResidentSetSize of job (KB)
...
006 (1217.000.000) 05/14 14:25:04 Image size of job updated: 1219424
	1060  -  MemoryUsage of job (MB)
	1085280  -  ResidentSetSize of job (KB)
...
006 (1217.000.000) 05/14 14:30:05 Image size of job updated: 1225524
	1066  -  MemoryUsage of job (MB)
	1091380  -  ResidentSetSize of job (KB)
...
010 (1217.000.000) 05/14 14:33:38 Job was suspended.
	Number of processes actually suspended: 25
...
011 (1217.000.000) 05/14 14:36:33 Job was unsuspended.
...
006 (1217.000.000) 05/14 14:50:08 Image size of job updated: 1225556
	1066  -  MemoryUsage of job (MB)
	1091412  -  ResidentSetSize of job (KB)
...
006 (1217.000.000) 05/14 14:55:09 Image size of job updated: 1225568
	1066  -  MemoryUsage of job (MB)
	1091424  -  ResidentSetSize of job (KB)
...
006 (1217.000.000) 05/14 15:05:09 Image size of job updated: 1225604
	1066  -  MemoryUsage of job (MB)
	1091460  -  ResidentSetSize of job (KB)
...
006 (1217.000.000) 05/14 15:10:09 Image size of job updated: 1225612
	1066  -  MemoryUsage of job (MB)
	1091468  -  ResidentSetSize of job (KB)
...
006 (1217.000.000) 05/14 15:20:11 Image size of job updated: 1225628
	1066  -  MemoryUsage of job (MB)
	1091484  -  ResidentSetSize of job (KB)
...
005 (1217.000.000) 05/14 15:20:56 Job terminated.
	(1) Normal termination (return value 0)
		Usr 0 03:34:08, Sys 0 00:20:44  -  Run Remote Usage
		Usr 0 00:00:00, Sys 0 00:00:00  -  Run Local Usage
		Usr 0 03:34:08, Sys 0 00:20:44  -  Total Remote Usage
		Usr 0 00:00:00, Sys 0 00:00:00  -  Total Local Usage
	0  -  Run Bytes Sent By Job
	0  -  Run Bytes Received By Job
	0  -  Total Bytes Sent By Job
	0  -  Total Bytes Received By Job
	Partitionable Resources :    Usage  Request Allocated
	   Cpus                 :                 1         1
	   Disk (KB)            :        7        7  39037245
	   Gpus                 :                 1         1
	   Memory (MB)          :     1066     8192      8192
...
