000 (1183.000.000) 05/11 08:47:15 Job submitted from host: <10.33.133.154:9618?addrs=10.33.133.154-9618+[--1]-9618&noUDP&sock=1383_3391_3>
    DAG Node: extended_topic_1
...
001 (1183.000.000) 05/12 07:04:50 Job executing on host: <10.33.133.204:9618?addrs=10.33.133.204-9618+[--1]-9618&noUDP&sock=31369_1a72_3>
...
006 (1183.000.000) 05/12 07:04:58 Image size of job updated: 544768
	493  -  MemoryUsage of job (MB)
	504428  -  ResidentSetSize of job (KB)
...
006 (1183.000.000) 05/12 07:09:58 Image size of job updated: 2406744
	1984  -  MemoryUsage of job (MB)
	2031536  -  ResidentSetSize of job (KB)
...
006 (1183.000.000) 05/12 07:14:58 Image size of job updated: 2539264
	2114  -  MemoryUsage of job (MB)
	2164056  -  ResidentSetSize of job (KB)
...
006 (1183.000.000) 05/12 07:19:58 Image size of job updated: 2539264
	2114  -  MemoryUsage of job (MB)
	2164192  -  ResidentSetSize of job (KB)
...
010 (1183.000.000) 05/12 08:28:04 Job was suspended.
	Number of processes actually suspended: 12
...
011 (1183.000.000) 05/12 08:33:55 Job was unsuspended.
...
010 (1183.000.000) 05/12 09:25:03 Job was suspended.
	Number of processes actually suspended: 12
...
011 (1183.000.000) 05/12 09:30:03 Job was unsuspended.
...
010 (1183.000.000) 05/12 09:54:33 Job was suspended.
	Number of processes actually suspended: 12
...
011 (1183.000.000) 05/12 09:59:33 Job was unsuspended.
...
010 (1183.000.000) 05/12 10:10:49 Job was suspended.
	Number of processes actually suspended: 12
...
011 (1183.000.000) 05/12 10:12:19 Job was unsuspended.
...
006 (1183.000.000) 05/12 10:50:20 Image size of job updated: 3122828
	2684  -  MemoryUsage of job (MB)
	2747536  -  ResidentSetSize of job (KB)
...
006 (1183.000.000) 05/12 10:55:21 Image size of job updated: 3122828
	2684  -  MemoryUsage of job (MB)
	2748016  -  ResidentSetSize of job (KB)
...
010 (1183.000.000) 05/12 11:23:18 Job was suspended.
	Number of processes actually suspended: 12
...
011 (1183.000.000) 05/12 11:25:28 Job was unsuspended.
...
010 (1183.000.000) 05/12 11:35:23 Job was suspended.
	Number of processes actually suspended: 14
...
011 (1183.000.000) 05/12 11:37:34 Job was unsuspended.
...
010 (1183.000.000) 05/12 11:38:24 Job was suspended.
	Number of processes actually suspended: 12
...
011 (1183.000.000) 05/12 11:39:59 Job was unsuspended.
...
010 (1183.000.000) 05/12 11:47:09 Job was suspended.
	Number of processes actually suspended: 14
...
011 (1183.000.000) 05/12 11:49:14 Job was unsuspended.
...
010 (1183.000.000) 05/12 11:50:49 Job was suspended.
	Number of processes actually suspended: 12
...
011 (1183.000.000) 05/12 11:55:49 Job was unsuspended.
...
010 (1183.000.000) 05/12 12:41:22 Job was suspended.
	Number of processes actually suspended: 14
...
011 (1183.000.000) 05/12 12:43:22 Job was unsuspended.
...
010 (1183.000.000) 05/12 13:27:21 Job was suspended.
	Number of processes actually suspended: 12
...
011 (1183.000.000) 05/12 13:34:16 Job was unsuspended.
...
010 (1183.000.000) 05/12 13:59:08 Job was suspended.
	Number of processes actually suspended: 14
...
011 (1183.000.000) 05/12 14:04:24 Job was unsuspended.
...
010 (1183.000.000) 05/12 14:10:29 Job was suspended.
	Number of processes actually suspended: 12
...
011 (1183.000.000) 05/12 14:15:30 Job was unsuspended.
...
010 (1183.000.000) 05/12 14:23:06 Job was suspended.
	Number of processes actually suspended: 12
...
011 (1183.000.000) 05/12 14:34:57 Job was unsuspended.
...
010 (1183.000.000) 05/12 14:50:32 Job was suspended.
	Number of processes actually suspended: 12
...
011 (1183.000.000) 05/12 15:01:27 Job was unsuspended.
...
010 (1183.000.000) 05/12 15:12:18 Job was suspended.
	Number of processes actually suspended: 14
...
011 (1183.000.000) 05/12 15:23:08 Job was unsuspended.
...
010 (1183.000.000) 05/12 15:24:14 Job was suspended.
	Number of processes actually suspended: 12
...
011 (1183.000.000) 05/12 15:39:19 Job was unsuspended.
...
004 (1183.000.000) 05/12 15:39:35 Job was evicted.
	(0) Job was not checkpointed.
		Usr 0 04:49:30, Sys 0 00:20:02  -  Run Remote Usage
		Usr 0 00:00:00, Sys 0 00:00:00  -  Run Local Usage
	0  -  Run Bytes Sent By Job
	0  -  Run Bytes Received By Job
	Partitionable Resources :    Usage  Request Allocated
	   Cpus                 :                 1         1
	   Disk (KB)            :        7        7   3914809
	   Gpus                 :                 1         1
	   Memory (MB)          :     2684     8192      8192
...
001 (1183.000.000) 05/13 00:36:36 Job executing on host: <10.33.133.111:9618?addrs=10.33.133.111-9618+[--1]-9618&noUDP&sock=1472_3f7f_3>
...
006 (1183.000.000) 05/13 03:57:05 Image size of job updated: 3250000
	2774  -  MemoryUsage of job (MB)
	2839660  -  ResidentSetSize of job (KB)
...
006 (1183.000.000) 05/13 04:02:05 Image size of job updated: 3250000
	2774  -  MemoryUsage of job (MB)
	2839924  -  ResidentSetSize of job (KB)
...
006 (1183.000.000) 05/13 06:32:21 Image size of job updated: 3330032
	2891  -  MemoryUsage of job (MB)
	2959524  -  ResidentSetSize of job (KB)
...
006 (1183.000.000) 05/13 06:37:21 Image size of job updated: 3330032
	2891  -  MemoryUsage of job (MB)
	2959624  -  ResidentSetSize of job (KB)
...
006 (1183.000.000) 05/13 09:02:36 Image size of job updated: 3490860
	3048  -  MemoryUsage of job (MB)
	3120292  -  ResidentSetSize of job (KB)
...
006 (1183.000.000) 05/13 09:07:36 Image size of job updated: 3490860
	3048  -  MemoryUsage of job (MB)
	3120400  -  ResidentSetSize of job (KB)
...
006 (1183.000.000) 05/13 10:47:48 Image size of job updated: 4062284
	3606  -  MemoryUsage of job (MB)
	3691716  -  ResidentSetSize of job (KB)
...
006 (1183.000.000) 05/13 10:52:49 Image size of job updated: 4062284
	3606  -  MemoryUsage of job (MB)
	3692160  -  ResidentSetSize of job (KB)
...
006 (1183.000.000) 05/13 11:02:50 Image size of job updated: 22454228
	3606  -  MemoryUsage of job (MB)
	3692160  -  ResidentSetSize of job (KB)
...
006 (1183.000.000) 05/13 11:07:50 Image size of job updated: 22790588
	3606  -  MemoryUsage of job (MB)
	3692160  -  ResidentSetSize of job (KB)
...
006 (1183.000.000) 05/13 11:27:53 Image size of job updated: 23104444
	3606  -  MemoryUsage of job (MB)
	3692160  -  ResidentSetSize of job (KB)
...
006 (1183.000.000) 05/13 11:32:53 Image size of job updated: 23104700
	3606  -  MemoryUsage of job (MB)
	3692160  -  ResidentSetSize of job (KB)
...
006 (1183.000.000) 05/13 11:57:56 Image size of job updated: 23104700
	3742  -  MemoryUsage of job (MB)
	3831184  -  ResidentSetSize of job (KB)
...
006 (1183.000.000) 05/13 12:02:57 Image size of job updated: 23169724
	3797  -  MemoryUsage of job (MB)
	3887144  -  ResidentSetSize of job (KB)
...
006 (1183.000.000) 05/13 12:48:02 Image size of job updated: 23236540
	3797  -  MemoryUsage of job (MB)
	3887144  -  ResidentSetSize of job (KB)
...
006 (1183.000.000) 05/13 13:38:05 Image size of job updated: 23368124
	3882  -  MemoryUsage of job (MB)
	3975156  -  ResidentSetSize of job (KB)
...
006 (1183.000.000) 05/13 14:03:08 Image size of job updated: 23368124
	4190  -  MemoryUsage of job (MB)
	4290152  -  ResidentSetSize of job (KB)
...
006 (1183.000.000) 05/13 14:08:09 Image size of job updated: 23432892
	4190  -  MemoryUsage of job (MB)
	4290152  -  ResidentSetSize of job (KB)
...
006 (1183.000.000) 05/13 14:48:13 Image size of job updated: 23498172
	4190  -  MemoryUsage of job (MB)
	4290152  -  ResidentSetSize of job (KB)
...
006 (1183.000.000) 05/13 15:18:15 Image size of job updated: 23563708
	4190  -  MemoryUsage of job (MB)
	4290152  -  ResidentSetSize of job (KB)
...
006 (1183.000.000) 05/13 16:43:24 Image size of job updated: 23563708
	4607  -  MemoryUsage of job (MB)
	4717156  -  ResidentSetSize of job (KB)
...
006 (1183.000.000) 05/13 17:13:27 Image size of job updated: 23760828
	4607  -  MemoryUsage of job (MB)
	4717156  -  ResidentSetSize of job (KB)
...
006 (1183.000.000) 05/13 17:33:29 Image size of job updated: 23760828
	4697  -  MemoryUsage of job (MB)
	4809364  -  ResidentSetSize of job (KB)
...
006 (1183.000.000) 05/13 17:43:30 Image size of job updated: 23826364
	4697  -  MemoryUsage of job (MB)
	4809364  -  ResidentSetSize of job (KB)
...
006 (1183.000.000) 05/13 18:08:34 Image size of job updated: 23892156
	4697  -  MemoryUsage of job (MB)
	4809364  -  ResidentSetSize of job (KB)
...
006 (1183.000.000) 05/13 18:33:36 Image size of job updated: 23892924
	4697  -  MemoryUsage of job (MB)
	4809364  -  ResidentSetSize of job (KB)
...
006 (1183.000.000) 05/13 18:43:37 Image size of job updated: 23958204
	4697  -  MemoryUsage of job (MB)
	4809364  -  ResidentSetSize of job (KB)
...
006 (1183.000.000) 05/13 19:23:42 Image size of job updated: 24022716
	4697  -  MemoryUsage of job (MB)
	4809364  -  ResidentSetSize of job (KB)
...
006 (1183.000.000) 05/13 19:43:44 Image size of job updated: 24022716
	4901  -  MemoryUsage of job (MB)
	5018440  -  ResidentSetSize of job (KB)
...
006 (1183.000.000) 05/13 20:23:48 Image size of job updated: 24088764
	4901  -  MemoryUsage of job (MB)
	5018440  -  ResidentSetSize of job (KB)
...
006 (1183.000.000) 05/13 20:28:48 Image size of job updated: 24154044
	4901  -  MemoryUsage of job (MB)
	5018440  -  ResidentSetSize of job (KB)
...
006 (1183.000.000) 05/13 21:03:52 Image size of job updated: 24220604
	4901  -  MemoryUsage of job (MB)
	5018440  -  ResidentSetSize of job (KB)
...
006 (1183.000.000) 05/13 21:33:55 Image size of job updated: 24285628
	4901  -  MemoryUsage of job (MB)
	5018440  -  ResidentSetSize of job (KB)
...
006 (1183.000.000) 05/13 22:29:02 Image size of job updated: 24351164
	4901  -  MemoryUsage of job (MB)
	5018440  -  ResidentSetSize of job (KB)
...
006 (1183.000.000) 05/13 23:34:08 Image size of job updated: 24482492
	4901  -  MemoryUsage of job (MB)
	5018440  -  ResidentSetSize of job (KB)
...
006 (1183.000.000) 05/14 00:04:12 Image size of job updated: 24547516
	4901  -  MemoryUsage of job (MB)
	5018440  -  ResidentSetSize of job (KB)
...
006 (1183.000.000) 05/14 00:09:12 Image size of job updated: 24547516
	4928  -  MemoryUsage of job (MB)
	5045728  -  ResidentSetSize of job (KB)
...
006 (1183.000.000) 05/14 00:29:15 Image size of job updated: 24612796
	4928  -  MemoryUsage of job (MB)
	5045728  -  ResidentSetSize of job (KB)
...
006 (1183.000.000) 05/14 00:39:16 Image size of job updated: 24612796
	5217  -  MemoryUsage of job (MB)
	5341260  -  ResidentSetSize of job (KB)
...
006 (1183.000.000) 05/14 00:49:17 Image size of job updated: 24612796
	5239  -  MemoryUsage of job (MB)
	5363800  -  ResidentSetSize of job (KB)
...
006 (1183.000.000) 05/14 01:04:19 Image size of job updated: 24678588
	5239  -  MemoryUsage of job (MB)
	5363800  -  ResidentSetSize of job (KB)
...
006 (1183.000.000) 05/14 01:39:22 Image size of job updated: 24744380
	5239  -  MemoryUsage of job (MB)
	5363800  -  ResidentSetSize of job (KB)
...
006 (1183.000.000) 05/14 02:09:25 Image size of job updated: 24809404
	5239  -  MemoryUsage of job (MB)
	5363800  -  ResidentSetSize of job (KB)
...
006 (1183.000.000) 05/14 02:14:25 Image size of job updated: 24809404
	5475  -  MemoryUsage of job (MB)
	5605512  -  ResidentSetSize of job (KB)
...
006 (1183.000.000) 05/14 02:39:28 Image size of job updated: 24875452
	5475  -  MemoryUsage of job (MB)
	5605512  -  ResidentSetSize of job (KB)
...
006 (1183.000.000) 05/14 02:59:30 Image size of job updated: 24875452
	5487  -  MemoryUsage of job (MB)
	5617748  -  ResidentSetSize of job (KB)
...
006 (1183.000.000) 05/14 03:09:30 Image size of job updated: 24875452
	5513  -  MemoryUsage of job (MB)
	5644444  -  ResidentSetSize of job (KB)
...
006 (1183.000.000) 05/14 03:14:31 Image size of job updated: 24940732
	5513  -  MemoryUsage of job (MB)
	5644444  -  ResidentSetSize of job (KB)
...
006 (1183.000.000) 05/14 03:39:33 Image size of job updated: 25005756
	5513  -  MemoryUsage of job (MB)
	5644444  -  ResidentSetSize of job (KB)
...
006 (1183.000.000) 05/14 03:44:33 Image size of job updated: 25005756
	5545  -  MemoryUsage of job (MB)
	5677640  -  ResidentSetSize of job (KB)
...
005 (1183.000.000) 05/14 05:08:42 Job terminated.
	(1) Normal termination (return value 0)
		Usr 0 07:25:15, Sys 0 00:26:28  -  Run Remote Usage
		Usr 0 00:00:00, Sys 0 00:00:00  -  Run Local Usage
		Usr 0 07:25:15, Sys 0 00:26:28  -  Total Remote Usage
		Usr 0 00:00:00, Sys 0 00:00:00  -  Total Local Usage
	0  -  Run Bytes Sent By Job
	0  -  Run Bytes Received By Job
	0  -  Total Bytes Sent By Job
	0  -  Total Bytes Received By Job
	Partitionable Resources :    Usage  Request Allocated
	   Cpus                 :                 1         1
	   Disk (KB)            :        7        7   6654174
	   Gpus                 :                 1         1
	   Memory (MB)          :     5545     8192      8192
...
