000 (1219.000.000) 05/11 08:47:59 Job submitted from host: <10.33.133.154:9618?addrs=10.33.133.154-9618+[--1]-9618&noUDP&sock=1383_3391_3>
    DAG Node: cbow_exp_lstm
...
001 (1219.000.000) 05/14 14:02:27 Job executing on host: <10.33.133.10:9618?addrs=10.33.133.10-9618+[--1]-9618&noUDP&sock=3106_093f_23>
...
006 (1219.000.000) 05/14 14:02:43 Image size of job updated: 462984
	442  -  MemoryUsage of job (MB)
	451848  -  ResidentSetSize of job (KB)
...
006 (1219.000.000) 05/14 14:07:37 Image size of job updated: 602208
	578  -  MemoryUsage of job (MB)
	591224  -  ResidentSetSize of job (KB)
...
006 (1219.000.000) 05/14 14:12:37 Image size of job updated: 606540
	583  -  MemoryUsage of job (MB)
	595984  -  ResidentSetSize of job (KB)
...
006 (1219.000.000) 05/14 14:17:38 Image size of job updated: 607656
	585  -  MemoryUsage of job (MB)
	598040  -  ResidentSetSize of job (KB)
...
006 (1219.000.000) 05/14 14:27:39 Image size of job updated: 831812
	805  -  MemoryUsage of job (MB)
	824268  -  ResidentSetSize of job (KB)
...
006 (1219.000.000) 05/14 14:57:43 Image size of job updated: 874296
	854  -  MemoryUsage of job (MB)
	874272  -  ResidentSetSize of job (KB)
...
006 (1219.000.000) 05/14 16:12:52 Image size of job updated: 1241772
	1213  -  MemoryUsage of job (MB)
	1241748  -  ResidentSetSize of job (KB)
...
