000 (1215.000.000) 05/11 08:47:54 Job submitted from host: <10.33.133.154:9618?addrs=10.33.133.154-9618+[--1]-9618&noUDP&sock=1383_3391_3>
    DAG Node: cbow_mean_soft
...
001 (1215.000.000) 05/14 11:29:47 Job executing on host: <10.33.133.70:9618?addrs=10.33.133.70-9618+[--1]-9618&noUDP&sock=19079_2f80_3>
...
006 (1215.000.000) 05/14 11:29:56 Image size of job updated: 300032
	293  -  MemoryUsage of job (MB)
	300016  -  ResidentSetSize of job (KB)
...
006 (1215.000.000) 05/14 11:34:57 Image size of job updated: 997328
	845  -  MemoryUsage of job (MB)
	865216  -  ResidentSetSize of job (KB)
...
006 (1215.000.000) 05/14 11:39:58 Image size of job updated: 1037560
	885  -  MemoryUsage of job (MB)
	905448  -  ResidentSetSize of job (KB)
...
006 (1215.000.000) 05/14 11:44:59 Image size of job updated: 1038228
	885  -  MemoryUsage of job (MB)
	906116  -  ResidentSetSize of job (KB)
...
006 (1215.000.000) 05/14 11:49:59 Image size of job updated: 1226648
	1069  -  MemoryUsage of job (MB)
	1094536  -  ResidentSetSize of job (KB)
...
010 (1215.000.000) 05/14 12:03:17 Job was suspended.
	Number of processes actually suspended: 25
...
011 (1215.000.000) 05/14 12:06:02 Job was unsuspended.
...
006 (1215.000.000) 05/14 12:15:01 Image size of job updated: 1329080
	1169  -  MemoryUsage of job (MB)
	1196968  -  ResidentSetSize of job (KB)
...
010 (1215.000.000) 05/14 14:33:38 Job was suspended.
	Number of processes actually suspended: 25
...
011 (1215.000.000) 05/14 14:36:33 Job was unsuspended.
...
005 (1215.000.000) 05/14 14:41:01 Job terminated.
	(1) Normal termination (return value 0)
		Usr 0 05:05:48, Sys 0 00:33:30  -  Run Remote Usage
		Usr 0 00:00:00, Sys 0 00:00:00  -  Run Local Usage
		Usr 0 05:05:48, Sys 0 00:33:30  -  Total Remote Usage
		Usr 0 00:00:00, Sys 0 00:00:00  -  Total Local Usage
	0  -  Run Bytes Sent By Job
	0  -  Run Bytes Received By Job
	0  -  Total Bytes Sent By Job
	0  -  Total Bytes Received By Job
	Partitionable Resources :    Usage  Request Allocated
	   Cpus                 :                 1         1
	   Disk (KB)            :        7        7  39037253
	   Gpus                 :                 1         1
	   Memory (MB)          :     1169     8192      8192
...
