000 (1117.000.000) 05/07 13:27:34 Job submitted from host: <10.33.133.154:9618?addrs=10.33.133.154-9618+[--1]-9618&noUDP&sock=1383_3391_3>
    DAG Node: topic
...
001 (1117.000.000) 05/08 08:35:03 Job executing on host: <10.33.133.57:9618?addrs=10.33.133.57-9618+[--1]-9618&noUDP&sock=1311_d0c0_3>
...
006 (1117.000.000) 05/08 08:35:12 Image size of job updated: 551116
	539  -  MemoryUsage of job (MB)
	551116  -  ResidentSetSize of job (KB)
...
006 (1117.000.000) 05/08 08:40:13 Image size of job updated: 2567908
	2193  -  MemoryUsage of job (MB)
	2244816  -  ResidentSetSize of job (KB)
...
006 (1117.000.000) 05/08 08:45:14 Image size of job updated: 2781604
	2401  -  MemoryUsage of job (MB)
	2458512  -  ResidentSetSize of job (KB)
...
006 (1117.000.000) 05/08 08:55:14 Image size of job updated: 2916376
	2533  -  MemoryUsage of job (MB)
	2593284  -  ResidentSetSize of job (KB)
...
006 (1117.000.000) 05/08 09:15:17 Image size of job updated: 3126308
	2738  -  MemoryUsage of job (MB)
	2803216  -  ResidentSetSize of job (KB)
...
010 (1117.000.000) 05/08 09:15:35 Job was suspended.
	Number of processes actually suspended: 28
...
011 (1117.000.000) 05/08 09:21:21 Job was unsuspended.
...
005 (1117.000.000) 05/08 10:48:46 Job terminated.
	(1) Normal termination (return value 0)
		Usr 0 01:37:41, Sys 0 00:05:50  -  Run Remote Usage
		Usr 0 00:00:00, Sys 0 00:00:00  -  Run Local Usage
		Usr 0 01:37:41, Sys 0 00:05:50  -  Total Remote Usage
		Usr 0 00:00:00, Sys 0 00:00:00  -  Total Local Usage
	0  -  Run Bytes Sent By Job
	0  -  Run Bytes Received By Job
	0  -  Total Bytes Sent By Job
	0  -  Total Bytes Received By Job
	Partitionable Resources :    Usage  Request Allocated
	   Cpus                 :                 1         1
	   Disk (KB)            :        7        7  35397017
	   Gpus                 :                 1         1
	   Memory (MB)          :     2738     8192      8192
...
