000 (1112.000.000) 05/07 13:27:29 Job submitted from host: <10.33.133.154:9618?addrs=10.33.133.154-9618+[--1]-9618&noUDP&sock=1383_3391_3>
    DAG Node: cbow_exp_soft
...
001 (1112.000.000) 05/08 06:30:27 Job executing on host: <10.33.133.71:9618?addrs=10.33.133.71-9618+[--1]-9618&noUDP&sock=1307_125f_3>
...
006 (1112.000.000) 05/08 06:30:35 Image size of job updated: 928172
	607  -  MemoryUsage of job (MB)
	621464  -  ResidentSetSize of job (KB)
...
006 (1112.000.000) 05/08 06:32:25 Image size of job updated: 1179492
	607  -  MemoryUsage of job (MB)
	621464  -  ResidentSetSize of job (KB)
...
005 (1112.000.000) 05/08 06:32:25 Job terminated.
	(1) Normal termination (return value 0)
		Usr 0 00:01:55, Sys 0 00:00:03  -  Run Remote Usage
		Usr 0 00:00:00, Sys 0 00:00:00  -  Run Local Usage
		Usr 0 00:01:55, Sys 0 00:00:03  -  Total Remote Usage
		Usr 0 00:00:00, Sys 0 00:00:00  -  Total Local Usage
	0  -  Run Bytes Sent By Job
	0  -  Run Bytes Received By Job
	0  -  Total Bytes Sent By Job
	0  -  Total Bytes Received By Job
	Partitionable Resources :    Usage  Request Allocated
	   Cpus                 :                 1         1
	   Disk (KB)            :        7        7  39050682
	   Gpus                 :                 1         1
	   Memory (MB)          :      607     8192      8192
...
