000 (1115.000.000) 05/07 13:27:34 Job submitted from host: <10.33.133.154:9618?addrs=10.33.133.154-9618+[--1]-9618&noUDP&sock=1383_3391_3>
    DAG Node: cbow_exp_lstm
...
001 (1115.000.000) 05/08 06:51:58 Job executing on host: <10.33.133.236:9618?addrs=10.33.133.236-9618+[--1]-9618&noUDP&sock=1547_b119_3>
...
006 (1115.000.000) 05/08 06:52:06 Image size of job updated: 109392
	107  -  MemoryUsage of job (MB)
	109392  -  ResidentSetSize of job (KB)
...
006 (1115.000.000) 05/08 06:57:06 Image size of job updated: 1249940
	965  -  MemoryUsage of job (MB)
	987796  -  ResidentSetSize of job (KB)
...
006 (1115.000.000) 05/08 07:47:12 Image size of job updated: 1338448
	965  -  MemoryUsage of job (MB)
	987796  -  ResidentSetSize of job (KB)
...
006 (1115.000.000) 05/08 08:12:15 Image size of job updated: 1348436
	965  -  MemoryUsage of job (MB)
	987796  -  ResidentSetSize of job (KB)
...
006 (1115.000.000) 05/08 08:17:16 Image size of job updated: 1356400
	965  -  MemoryUsage of job (MB)
	987796  -  ResidentSetSize of job (KB)
...
006 (1115.000.000) 05/08 08:22:16 Image size of job updated: 1360468
	965  -  MemoryUsage of job (MB)
	987796  -  ResidentSetSize of job (KB)
...
006 (1115.000.000) 05/08 08:27:17 Image size of job updated: 1363796
	965  -  MemoryUsage of job (MB)
	987796  -  ResidentSetSize of job (KB)
...
006 (1115.000.000) 05/08 09:02:21 Image size of job updated: 1569548
	1021  -  MemoryUsage of job (MB)
	1045260  -  ResidentSetSize of job (KB)
...
006 (1115.000.000) 05/08 09:07:22 Image size of job updated: 1580420
	1032  -  MemoryUsage of job (MB)
	1056132  -  ResidentSetSize of job (KB)
...
006 (1115.000.000) 05/08 09:37:24 Image size of job updated: 1589964
	1041  -  MemoryUsage of job (MB)
	1065676  -  ResidentSetSize of job (KB)
...
006 (1115.000.000) 05/08 09:42:25 Image size of job updated: 1595680
	1047  -  MemoryUsage of job (MB)
	1071392  -  ResidentSetSize of job (KB)
...
006 (1115.000.000) 05/08 10:52:34 Image size of job updated: 1654360
	1104  -  MemoryUsage of job (MB)
	1130072  -  ResidentSetSize of job (KB)
...
006 (1115.000.000) 05/08 11:42:39 Image size of job updated: 1711040
	1159  -  MemoryUsage of job (MB)
	1186752  -  ResidentSetSize of job (KB)
...
006 (1115.000.000) 05/08 11:57:41 Image size of job updated: 1742820
	1190  -  MemoryUsage of job (MB)
	1218532  -  ResidentSetSize of job (KB)
...
006 (1115.000.000) 05/08 12:17:43 Image size of job updated: 1745524
	1193  -  MemoryUsage of job (MB)
	1221236  -  ResidentSetSize of job (KB)
...
006 (1115.000.000) 05/08 12:22:44 Image size of job updated: 1867100
	1312  -  MemoryUsage of job (MB)
	1342812  -  ResidentSetSize of job (KB)
...
006 (1115.000.000) 05/08 13:03:25 Image size of job updated: 82887532
	1312  -  MemoryUsage of job (MB)
	1342812  -  ResidentSetSize of job (KB)
...
004 (1115.000.000) 05/08 13:03:25 Job was evicted.
	(0) Job was not checkpointed.
		Usr 0 06:02:27, Sys 0 00:02:52  -  Run Remote Usage
		Usr 0 00:00:00, Sys 0 00:00:00  -  Run Local Usage
	0  -  Run Bytes Sent By Job
	0  -  Run Bytes Received By Job
	Partitionable Resources :    Usage  Request Allocated
	   Cpus                 :                 1         1
	   Disk (KB)            :        7        7   3345052
	   Gpus                 :                 1         1
	   Memory (MB)          :     1312     8192      8192
...
009 (1115.000.000) 05/08 13:03:25 Job was aborted by the user.
	removed because <OtherJobRemoveRequirements = DAGManJobId =?= 1109> fired when job (1109.0) was removed
...
