000 (1111.000.000) 05/07 13:27:29 Job submitted from host: <10.33.133.154:9618?addrs=10.33.133.154-9618+[--1]-9618&noUDP&sock=1383_3391_3>
    DAG Node: cbow_mean_soft
...
001 (1111.000.000) 05/08 06:30:15 Job executing on host: <10.33.133.71:9618?addrs=10.33.133.71-9618+[--1]-9618&noUDP&sock=1307_125f_3>
...
006 (1111.000.000) 05/08 06:30:24 Image size of job updated: 79228
	59  -  MemoryUsage of job (MB)
	59868  -  ResidentSetSize of job (KB)
...
006 (1111.000.000) 05/08 06:30:27 Image size of job updated: 88196
	59  -  MemoryUsage of job (MB)
	59872  -  ResidentSetSize of job (KB)
...
005 (1111.000.000) 05/08 06:30:27 Job terminated.
	(1) Normal termination (return value 0)
		Usr 0 00:00:01, Sys 0 00:00:00  -  Run Remote Usage
		Usr 0 00:00:00, Sys 0 00:00:00  -  Run Local Usage
		Usr 0 00:00:01, Sys 0 00:00:00  -  Total Remote Usage
		Usr 0 00:00:00, Sys 0 00:00:00  -  Total Local Usage
	0  -  Run Bytes Sent By Job
	0  -  Run Bytes Received By Job
	0  -  Total Bytes Sent By Job
	0  -  Total Bytes Received By Job
	Partitionable Resources :    Usage  Request Allocated
	   Cpus                 :                 1         1
	   Disk (KB)            :        7        7  39050682
	   Gpus                 :                 1         1
	   Memory (MB)          :       59     8192      8192
...
