000 (1205.000.000) 05/11 08:47:43 Job submitted from host: <10.33.133.154:9618?addrs=10.33.133.154-9618+[--1]-9618&noUDP&sock=1383_3391_3>
    DAG Node: cbow_exp_lstm
...
001 (1205.000.000) 05/14 07:52:55 Job executing on host: <10.33.133.61:9618?addrs=10.33.133.61-9618+[--1]-9618&noUDP&sock=2855_defa_22>
...
006 (1205.000.000) 05/14 07:53:04 Image size of job updated: 92264
	57  -  MemoryUsage of job (MB)
	57992  -  ResidentSetSize of job (KB)
...
006 (1205.000.000) 05/14 07:58:05 Image size of job updated: 765996
	698  -  MemoryUsage of job (MB)
	714032  -  ResidentSetSize of job (KB)
...
006 (1205.000.000) 05/14 08:03:05 Image size of job updated: 768812
	701  -  MemoryUsage of job (MB)
	716848  -  ResidentSetSize of job (KB)
...
006 (1205.000.000) 05/14 08:13:07 Image size of job updated: 772008
	704  -  MemoryUsage of job (MB)
	720044  -  ResidentSetSize of job (KB)
...
006 (1205.000.000) 05/14 08:18:07 Image size of job updated: 782512
	714  -  MemoryUsage of job (MB)
	730548  -  ResidentSetSize of job (KB)
...
006 (1205.000.000) 05/14 08:33:09 Image size of job updated: 841920
	772  -  MemoryUsage of job (MB)
	789956  -  ResidentSetSize of job (KB)
...
006 (1205.000.000) 05/14 09:03:13 Image size of job updated: 853744
	783  -  MemoryUsage of job (MB)
	801780  -  ResidentSetSize of job (KB)
...
006 (1205.000.000) 05/14 09:18:15 Image size of job updated: 999700
	926  -  MemoryUsage of job (MB)
	947736  -  ResidentSetSize of job (KB)
...
006 (1205.000.000) 05/14 10:53:26 Image size of job updated: 1129560
	1053  -  MemoryUsage of job (MB)
	1077596  -  ResidentSetSize of job (KB)
...
010 (1205.000.000) 05/14 10:56:02 Job was suspended.
	Number of processes actually suspended: 5
...
011 (1205.000.000) 05/14 11:01:18 Job was unsuspended.
...
006 (1205.000.000) 05/14 11:18:29 Image size of job updated: 1475880
	1391  -  MemoryUsage of job (MB)
	1423916  -  ResidentSetSize of job (KB)
...
004 (1205.000.000) 05/14 14:56:00 Job was evicted.
	(0) Job was not checkpointed.
		Usr 0 06:51:13, Sys 0 00:01:33  -  Run Remote Usage
		Usr 0 00:00:00, Sys 0 00:00:00  -  Run Local Usage
	0  -  Run Bytes Sent By Job
	0  -  Run Bytes Received By Job
	Partitionable Resources :    Usage  Request Allocated
	   Cpus                 :                 1         1
	   Disk (KB)            :        7        7   9469740
	   Gpus                 :                 1         1
	   Memory (MB)          :     1391     8192      8192
...
001 (1205.000.000) 05/14 15:22:12 Job executing on host: <10.33.133.70:9618?addrs=10.33.133.70-9618+[--1]-9618&noUDP&sock=19079_2f80_3>
...
005 (1205.000.000) 05/14 18:36:00 Job terminated.
	(1) Normal termination (return value 0)
		Usr 0 04:58:06, Sys 0 00:30:26  -  Run Remote Usage
		Usr 0 00:00:00, Sys 0 00:00:00  -  Run Local Usage
		Usr 0 04:58:06, Sys 0 00:30:26  -  Total Remote Usage
		Usr 0 00:00:00, Sys 0 00:00:00  -  Total Local Usage
	0  -  Run Bytes Sent By Job
	0  -  Run Bytes Received By Job
	0  -  Total Bytes Sent By Job
	0  -  Total Bytes Received By Job
	Partitionable Resources :    Usage  Request Allocated
	   Cpus                 :                 1         1
	   Disk (KB)            :        7        7  39037245
	   Gpus                 :                 1         1
	   Memory (MB)          :     1465     8192      8192
...
