000 (1431.000.000) 05/22 11:09:04 Job submitted from host: <10.33.133.154:9618?addrs=10.33.133.154-9618+[--1]-9618&noUDP&sock=1383_3391_3>
    DAG Node: cbow_exp_soft
...
000 (1432.000.000) 05/22 11:09:04 Job submitted from host: <10.33.133.154:9618?addrs=10.33.133.154-9618+[--1]-9618&noUDP&sock=1383_3391_3>
    DAG Node: cbow_tfidf_soft
...
000 (1433.000.000) 05/22 11:09:04 Job submitted from host: <10.33.133.154:9618?addrs=10.33.133.154-9618+[--1]-9618&noUDP&sock=1383_3391_3>
    DAG Node: cbow_mean_lstm
...
000 (1434.000.000) 05/22 11:09:05 Job submitted from host: <10.33.133.154:9618?addrs=10.33.133.154-9618+[--1]-9618&noUDP&sock=1383_3391_3>
    DAG Node: cbow_tfidf_lstm
...
000 (1435.000.000) 05/22 11:09:05 Job submitted from host: <10.33.133.154:9618?addrs=10.33.133.154-9618+[--1]-9618&noUDP&sock=1383_3391_3>
    DAG Node: topic
...
000 (1436.000.000) 05/22 11:09:10 Job submitted from host: <10.33.133.154:9618?addrs=10.33.133.154-9618+[--1]-9618&noUDP&sock=1383_3391_3>
    DAG Node: extended_topic_1
...
001 (1431.000.000) 05/23 07:45:47 Job executing on host: <10.33.133.70:9618?addrs=10.33.133.70-9618+[--1]-9618&noUDP&sock=19079_2f80_3>
...
001 (1432.000.000) 05/23 08:15:51 Job executing on host: <10.33.133.71:9618?addrs=10.33.133.71-9618+[--1]-9618&noUDP&sock=1510_5018_3>
...
001 (1433.000.000) 05/23 08:29:49 Job executing on host: <10.33.133.109:9618?addrs=10.33.133.109-9618+[--1]-9618&noUDP&sock=1532_672e_3>
...
010 (1431.000.000) 05/23 10:04:23 Job was suspended.
	Number of processes actually suspended: 25
...
011 (1431.000.000) 05/23 10:12:24 Job was unsuspended.
...
010 (1431.000.000) 05/23 10:30:56 Job was suspended.
	Number of processes actually suspended: 25
...
011 (1431.000.000) 05/23 10:35:51 Job was unsuspended.
...
010 (1431.000.000) 05/23 10:43:12 Job was suspended.
	Number of processes actually suspended: 27
...
010 (1432.000.000) 05/23 10:43:24 Job was suspended.
	Number of processes actually suspended: 25
...
011 (1431.000.000) 05/23 10:46:12 Job was unsuspended.
...
011 (1432.000.000) 05/23 10:46:19 Job was unsuspended.
...
005 (1432.000.000) 05/23 10:47:52 Job terminated.
	(1) Normal termination (return value 0)
		Usr 0 03:33:00, Sys 0 00:20:01  -  Run Remote Usage
		Usr 0 00:00:00, Sys 0 00:00:00  -  Run Local Usage
		Usr 0 03:33:00, Sys 0 00:20:01  -  Total Remote Usage
		Usr 0 00:00:00, Sys 0 00:00:00  -  Total Local Usage
	0  -  Run Bytes Sent By Job
	0  -  Run Bytes Received By Job
	0  -  Total Bytes Sent By Job
	0  -  Total Bytes Received By Job
	Partitionable Resources :    Usage  Request Allocated
	   Cpus                 :                 1         1
	   Disk (KB)            :        7        7  39050675
	   Gpus                 :                 1         1
	   Memory (MB)          :     1026     8192      8192
...
010 (1431.000.000) 05/23 10:52:37 Job was suspended.
	Number of processes actually suspended: 25
...
011 (1431.000.000) 05/23 10:55:33 Job was unsuspended.
...
010 (1431.000.000) 05/23 11:12:43 Job was suspended.
	Number of processes actually suspended: 25
...
011 (1431.000.000) 05/23 11:15:39 Job was unsuspended.
...
005 (1431.000.000) 05/23 11:29:49 Job terminated.
	(1) Normal termination (return value 0)
		Usr 0 05:30:29, Sys 0 00:37:39  -  Run Remote Usage
		Usr 0 00:00:00, Sys 0 00:00:00  -  Run Local Usage
		Usr 0 05:30:29, Sys 0 00:37:39  -  Total Remote Usage
		Usr 0 00:00:00, Sys 0 00:00:00  -  Total Local Usage
	0  -  Run Bytes Sent By Job
	0  -  Run Bytes Received By Job
	0  -  Total Bytes Sent By Job
	0  -  Total Bytes Received By Job
	Partitionable Resources :    Usage  Request Allocated
	   Cpus                 :                 1         1
	   Disk (KB)            :        7        7  39037248
	   Gpus                 :                 1         1
	   Memory (MB)          :     1246     8192      8192
...
001 (1434.000.000) 05/23 16:32:31 Job executing on host: <10.33.133.57:9618?addrs=10.33.133.57-9618+[--1]-9618&noUDP&sock=1510_5018_3>
...
010 (1434.000.000) 05/23 16:33:10 Job was suspended.
	Number of processes actually suspended: 25
...
011 (1434.000.000) 05/23 16:36:15 Job was unsuspended.
...
005 (1434.000.000) 05/23 18:55:09 Job terminated.
	(1) Normal termination (return value 0)
		Usr 0 03:23:43, Sys 0 00:21:06  -  Run Remote Usage
		Usr 0 00:00:00, Sys 0 00:00:00  -  Run Local Usage
		Usr 0 03:23:43, Sys 0 00:21:06  -  Total Remote Usage
		Usr 0 00:00:00, Sys 0 00:00:00  -  Total Local Usage
	0  -  Run Bytes Sent By Job
	0  -  Run Bytes Received By Job
	0  -  Total Bytes Sent By Job
	0  -  Total Bytes Received By Job
	Partitionable Resources :    Usage  Request Allocated
	   Cpus                 :                 1         1
	   Disk (KB)            :        7        7  35856304
	   Gpus                 :                 1         1
	   Memory (MB)          :     1071     8192      8192
...
001 (1435.000.000) 05/23 18:56:48 Job executing on host: <10.33.133.57:9618?addrs=10.33.133.57-9618+[--1]-9618&noUDP&sock=1510_5018_3>
...
005 (1435.000.000) 05/23 18:57:15 Job terminated.
	(1) Normal termination (return value 0)
		Usr 0 00:00:18, Sys 0 00:00:05  -  Run Remote Usage
		Usr 0 00:00:00, Sys 0 00:00:00  -  Run Local Usage
		Usr 0 00:00:18, Sys 0 00:00:05  -  Total Remote Usage
		Usr 0 00:00:00, Sys 0 00:00:00  -  Total Local Usage
	0  -  Run Bytes Sent By Job
	0  -  Run Bytes Received By Job
	0  -  Total Bytes Sent By Job
	0  -  Total Bytes Received By Job
	Partitionable Resources :    Usage  Request Allocated
	   Cpus                 :                 1         1
	   Disk (KB)            :        7        7  35840499
	   Gpus                 :                 1         1
	   Memory (MB)          :      570     8192      8192
...
001 (1436.000.000) 05/23 18:57:16 Job executing on host: <10.33.133.57:9618?addrs=10.33.133.57-9618+[--1]-9618&noUDP&sock=1510_5018_3>
...
005 (1433.000.000) 05/24 05:49:16 Job terminated.
	(1) Normal termination (return value 0)
		Usr 0 02:53:10, Sys 0 00:01:51  -  Run Remote Usage
		Usr 0 00:00:00, Sys 0 00:00:00  -  Run Local Usage
		Usr 0 02:53:10, Sys 0 00:01:51  -  Total Remote Usage
		Usr 0 00:00:00, Sys 0 00:00:00  -  Total Local Usage
	0  -  Run Bytes Sent By Job
	0  -  Run Bytes Received By Job
	0  -  Total Bytes Sent By Job
	0  -  Total Bytes Received By Job
	Partitionable Resources :    Usage  Request Allocated
	   Cpus                 :                 1         1
	   Disk (KB)            :        7        7   3745071
	   Gpus                 :                 1         1
	   Memory (MB)          :      692     8192      8192
...
005 (1436.000.000) 05/24 07:10:21 Job terminated.
	(1) Normal termination (return value 0)
		Usr 0 17:18:12, Sys 0 03:12:12  -  Run Remote Usage
		Usr 0 00:00:00, Sys 0 00:00:00  -  Run Local Usage
		Usr 0 17:18:12, Sys 0 03:12:12  -  Total Remote Usage
		Usr 0 00:00:00, Sys 0 00:00:00  -  Total Local Usage
	0  -  Run Bytes Sent By Job
	0  -  Run Bytes Received By Job
	0  -  Total Bytes Sent By Job
	0  -  Total Bytes Received By Job
	Partitionable Resources :    Usage  Request Allocated
	   Cpus                 :                 1         1
	   Disk (KB)            :        7        7  35840499
	   Gpus                 :                 1         1
	   Memory (MB)          :     2680     8192      8192
...
