05/15/17 00:33:14 ******************************************************
05/15/17 00:33:14 ** condor_scheduniv_exec.1290.0 (CONDOR_DAGMAN) STARTING UP
05/15/17 00:33:14 ** /usr/bin/condor_dagman
05/15/17 00:33:14 ** SubsystemInfo: name=DAGMAN type=DAGMAN(10) class=DAEMON(1)
05/15/17 00:33:14 ** Configuration: subsystem:DAGMAN local:<NONE> class:DAEMON
05/15/17 00:33:14 ** $CondorVersion: 8.6.2 Apr 23 2017 BuildID: 404257 $
05/15/17 00:33:14 ** $CondorPlatform: x86_64_RedHat7 $
05/15/17 00:33:14 ** PID = 24138
05/15/17 00:33:14 ** Log last touched time unavailable (No such file or directory)
05/15/17 00:33:14 ******************************************************
05/15/17 00:33:14 Using config source: /etc/condor/condor_config
05/15/17 00:33:14 Using local config sources: 
05/15/17 00:33:14    /etc/condor/config.d/00esat.config
05/15/17 00:33:14    /etc/condor/config.d/01java.config
05/15/17 00:33:14    /etc/condor/config.d/80optout_users.config
05/15/17 00:33:14    /etc/condor/condor_config.local
05/15/17 00:33:14 config Macros = 166, Sorted = 166, StringBytes = 6028, TablesBytes = 6048
05/15/17 00:33:14 CLASSAD_CACHING is ENABLED
05/15/17 00:33:14 Daemon Log is logging: D_ALWAYS D_ERROR
05/15/17 00:33:14 DaemonCore: No command port requested.
05/15/17 00:33:14 DAGMAN_USE_STRICT setting: 1
05/15/17 00:33:14 DAGMAN_VERBOSITY setting: 3
05/15/17 00:33:14 DAGMAN_DEBUG_CACHE_SIZE setting: 5242880
05/15/17 00:33:14 DAGMAN_DEBUG_CACHE_ENABLE setting: False
05/15/17 00:33:14 DAGMAN_SUBMIT_DELAY setting: 0
05/15/17 00:33:14 DAGMAN_MAX_SUBMIT_ATTEMPTS setting: 6
05/15/17 00:33:14 DAGMAN_STARTUP_CYCLE_DETECT setting: False
05/15/17 00:33:14 DAGMAN_MAX_SUBMITS_PER_INTERVAL setting: 5
05/15/17 00:33:14 DAGMAN_USER_LOG_SCAN_INTERVAL setting: 5
05/15/17 00:33:14 DAGMAN_DEFAULT_PRIORITY setting: 0
05/15/17 00:33:14 DAGMAN_SUPPRESS_NOTIFICATION setting: True
05/15/17 00:33:14 allow_events (DAGMAN_ALLOW_EVENTS) setting: 114
05/15/17 00:33:14 DAGMAN_RETRY_SUBMIT_FIRST setting: True
05/15/17 00:33:14 DAGMAN_RETRY_NODE_FIRST setting: False
05/15/17 00:33:14 DAGMAN_MAX_JOBS_IDLE setting: 1000
05/15/17 00:33:14 DAGMAN_MAX_JOBS_SUBMITTED setting: 0
05/15/17 00:33:14 DAGMAN_MAX_PRE_SCRIPTS setting: 20
05/15/17 00:33:14 DAGMAN_MAX_POST_SCRIPTS setting: 20
05/15/17 00:33:14 DAGMAN_MUNGE_NODE_NAMES setting: True
05/15/17 00:33:14 DAGMAN_PROHIBIT_MULTI_JOBS setting: False
05/15/17 00:33:14 DAGMAN_SUBMIT_DEPTH_FIRST setting: False
05/15/17 00:33:14 DAGMAN_ALWAYS_RUN_POST setting: False
05/15/17 00:33:14 DAGMAN_ABORT_DUPLICATES setting: True
05/15/17 00:33:14 DAGMAN_ABORT_ON_SCARY_SUBMIT setting: True
05/15/17 00:33:14 DAGMAN_PENDING_REPORT_INTERVAL setting: 600
05/15/17 00:33:14 DAGMAN_AUTO_RESCUE setting: True
05/15/17 00:33:14 DAGMAN_MAX_RESCUE_NUM setting: 100
05/15/17 00:33:14 DAGMAN_WRITE_PARTIAL_RESCUE setting: True
05/15/17 00:33:14 DAGMAN_DEFAULT_NODE_LOG setting: @(DAG_DIR)/@(DAG_FILE).nodes.log
05/15/17 00:33:14 DAGMAN_GENERATE_SUBDAG_SUBMITS setting: True
05/15/17 00:33:14 DAGMAN_MAX_JOB_HOLDS setting: 100
05/15/17 00:33:14 DAGMAN_HOLD_CLAIM_TIME setting: 20
05/15/17 00:33:14 ALL_DEBUG setting: 
05/15/17 00:33:14 DAGMAN_DEBUG setting: 
05/15/17 00:33:14 DAGMAN_SUPPRESS_JOB_LOGS setting: False
05/15/17 00:33:14 DAGMAN_REMOVE_NODE_JOBS setting: True
05/15/17 00:33:14 argv[0] == "condor_scheduniv_exec.1290.0"
05/15/17 00:33:14 argv[1] == "-Lockfile"
05/15/17 00:33:14 argv[2] == "pretrained_untied_models_large.dag.lock"
05/15/17 00:33:14 argv[3] == "-AutoRescue"
05/15/17 00:33:14 argv[4] == "1"
05/15/17 00:33:14 argv[5] == "-DoRescueFrom"
05/15/17 00:33:14 argv[6] == "0"
05/15/17 00:33:14 argv[7] == "-Dag"
05/15/17 00:33:14 argv[8] == "pretrained_untied_models_large.dag"
05/15/17 00:33:14 argv[9] == "-Suppress_notification"
05/15/17 00:33:14 argv[10] == "-CsdVersion"
05/15/17 00:33:14 argv[11] == "$CondorVersion: 8.6.2 Apr 23 2017 BuildID: 404257 $"
05/15/17 00:33:14 argv[12] == "-Dagman"
05/15/17 00:33:14 argv[13] == "/usr/bin/condor_dagman"
05/15/17 00:33:15 Workflow batch-name: <pretrained_untied_models_large.dag+1290>
05/15/17 00:33:15 Workflow accounting_group: <>
05/15/17 00:33:15 Workflow accounting_group_user: <>
05/15/17 00:33:15 Warning: failed to get attribute DAGNodeName
05/15/17 00:33:15 DAGMAN_LOG_ON_NFS_IS_ERROR setting: False
05/15/17 00:33:15 Default node log file is: </esat/spchtemp/scratch/robbe/SpeechHub/n-best/python/jobdag/./pretrained_untied_models_large.dag.nodes.log>
05/15/17 00:33:15 DAG Lockfile will be written to pretrained_untied_models_large.dag.lock
05/15/17 00:33:15 DAG Input file is pretrained_untied_models_large.dag
05/15/17 00:33:15 Parsing 1 dagfiles
05/15/17 00:33:15 Parsing pretrained_untied_models_large.dag ...
05/15/17 00:33:15 Dag contains 9 total jobs
05/15/17 00:33:15 Sleeping for 3 seconds to ensure ProcessId uniqueness
05/15/17 00:33:18 Bootstrapping...
05/15/17 00:33:18 Number of pre-completed nodes: 0
05/15/17 00:33:18 MultiLogFiles: truncating log file /esat/spchtemp/scratch/robbe/SpeechHub/n-best/python/jobdag/./pretrained_untied_models_large.dag.nodes.log
05/15/17 00:33:18 DAG status: 0 (DAG_STATUS_OK)
05/15/17 00:33:18 Of 9 nodes total:
05/15/17 00:33:18  Done     Pre   Queued    Post   Ready   Un-Ready   Failed
05/15/17 00:33:18   ===     ===      ===     ===     ===        ===      ===
05/15/17 00:33:18     0       0        0       0       9          0        0
05/15/17 00:33:18 0 job proc(s) currently held
05/15/17 00:33:18 Registering condor_event_timer...
05/15/17 00:33:19 Submitting HTCondor Node original job(s)...
05/15/17 00:33:19 Adding a DAGMan workflow log /esat/spchtemp/scratch/robbe/SpeechHub/n-best/python/jobdag/./pretrained_untied_models_large.dag.nodes.log
05/15/17 00:33:19 Masking the events recorded in the DAGMAN workflow log
05/15/17 00:33:19 Mask for workflow log is 0,1,2,4,5,7,9,10,11,12,13,16,17,24,27
05/15/17 00:33:19 submitting: /usr/bin/condor_submit -a dag_node_name' '=' 'original -a +DAGManJobId' '=' '1290 -a DAGManJobId' '=' '1290 -batch-name pretrained_untied_models_large.dag+1290 -a submit_event_notes' '=' 'DAG' 'Node:' 'original -a dagman_log' '=' '/esat/spchtemp/scratch/robbe/SpeechHub/n-best/python/jobdag/./pretrained_untied_models_large.dag.nodes.log -a +DAGManNodesMask' '=' '"0,1,2,4,5,7,9,10,11,12,13,16,17,24,27" -a test_name' '=' 'original -a num_run' '=' '0 -a model_name' '=' 'pretrained_untied_models_large -a name' '=' 'pretrained_untied_n_best_original_large -a DAG_STATUS' '=' '0 -a FAILED_COUNT' '=' '0 -a notification' '=' 'never -a +DAGParentNodeNames' '=' '"" jobdag/original.job
05/15/17 00:33:19 From submit: Submitting job(s).
05/15/17 00:33:19 From submit: 1 job(s) submitted to cluster 1292.
05/15/17 00:33:19 	assigned HTCondor ID (1292.0.0)
05/15/17 00:33:19 Submitting HTCondor Node cbow_mean_soft job(s)...
05/15/17 00:33:19 Adding a DAGMan workflow log /esat/spchtemp/scratch/robbe/SpeechHub/n-best/python/jobdag/./pretrained_untied_models_large.dag.nodes.log
05/15/17 00:33:19 Masking the events recorded in the DAGMAN workflow log
05/15/17 00:33:19 Mask for workflow log is 0,1,2,4,5,7,9,10,11,12,13,16,17,24,27
05/15/17 00:33:19 submitting: /usr/bin/condor_submit -a dag_node_name' '=' 'cbow_mean_soft -a +DAGManJobId' '=' '1290 -a DAGManJobId' '=' '1290 -batch-name pretrained_untied_models_large.dag+1290 -a submit_event_notes' '=' 'DAG' 'Node:' 'cbow_mean_soft -a dagman_log' '=' '/esat/spchtemp/scratch/robbe/SpeechHub/n-best/python/jobdag/./pretrained_untied_models_large.dag.nodes.log -a +DAGManNodesMask' '=' '"0,1,2,4,5,7,9,10,11,12,13,16,17,24,27" -a test_name' '=' 'cbow_mean_soft -a num_run' '=' '0 -a model_name' '=' 'pretrained_untied_models_large -a name' '=' 'pretrained_untied_n_best_cbow_mean_soft_large -a DAG_STATUS' '=' '0 -a FAILED_COUNT' '=' '0 -a notification' '=' 'never -a +DAGParentNodeNames' '=' '"" jobdag/cbow_soft.job
05/15/17 00:33:19 From submit: Submitting job(s).
05/15/17 00:33:19 From submit: 1 job(s) submitted to cluster 1293.
05/15/17 00:33:19 	assigned HTCondor ID (1293.0.0)
05/15/17 00:33:19 Submitting HTCondor Node cbow_exp_soft job(s)...
05/15/17 00:33:19 Adding a DAGMan workflow log /esat/spchtemp/scratch/robbe/SpeechHub/n-best/python/jobdag/./pretrained_untied_models_large.dag.nodes.log
05/15/17 00:33:19 Masking the events recorded in the DAGMAN workflow log
05/15/17 00:33:19 Mask for workflow log is 0,1,2,4,5,7,9,10,11,12,13,16,17,24,27
05/15/17 00:33:19 submitting: /usr/bin/condor_submit -a dag_node_name' '=' 'cbow_exp_soft -a +DAGManJobId' '=' '1290 -a DAGManJobId' '=' '1290 -batch-name pretrained_untied_models_large.dag+1290 -a submit_event_notes' '=' 'DAG' 'Node:' 'cbow_exp_soft -a dagman_log' '=' '/esat/spchtemp/scratch/robbe/SpeechHub/n-best/python/jobdag/./pretrained_untied_models_large.dag.nodes.log -a +DAGManNodesMask' '=' '"0,1,2,4,5,7,9,10,11,12,13,16,17,24,27" -a test_name' '=' 'cbow_exp_soft -a num_run' '=' '0 -a model_name' '=' 'pretrained_untied_models_large -a name' '=' 'pretrained_untied_n_best_cbow_exp_soft_large -a DAG_STATUS' '=' '0 -a FAILED_COUNT' '=' '0 -a notification' '=' 'never -a +DAGParentNodeNames' '=' '"" jobdag/cbow_soft.job
05/15/17 00:33:19 From submit: Submitting job(s).
05/15/17 00:33:19 From submit: 1 job(s) submitted to cluster 1294.
05/15/17 00:33:19 	assigned HTCondor ID (1294.0.0)
05/15/17 00:33:19 Submitting HTCondor Node cbow_tfidf_soft job(s)...
05/15/17 00:33:19 Adding a DAGMan workflow log /esat/spchtemp/scratch/robbe/SpeechHub/n-best/python/jobdag/./pretrained_untied_models_large.dag.nodes.log
05/15/17 00:33:19 Masking the events recorded in the DAGMAN workflow log
05/15/17 00:33:19 Mask for workflow log is 0,1,2,4,5,7,9,10,11,12,13,16,17,24,27
05/15/17 00:33:19 submitting: /usr/bin/condor_submit -a dag_node_name' '=' 'cbow_tfidf_soft -a +DAGManJobId' '=' '1290 -a DAGManJobId' '=' '1290 -batch-name pretrained_untied_models_large.dag+1290 -a submit_event_notes' '=' 'DAG' 'Node:' 'cbow_tfidf_soft -a dagman_log' '=' '/esat/spchtemp/scratch/robbe/SpeechHub/n-best/python/jobdag/./pretrained_untied_models_large.dag.nodes.log -a +DAGManNodesMask' '=' '"0,1,2,4,5,7,9,10,11,12,13,16,17,24,27" -a test_name' '=' 'cbow_tfidf_soft -a num_run' '=' '0 -a model_name' '=' 'pretrained_untied_models_large -a name' '=' 'pretrained_untied_n_best_cbow_tfidf_soft_large -a DAG_STATUS' '=' '0 -a FAILED_COUNT' '=' '0 -a notification' '=' 'never -a +DAGParentNodeNames' '=' '"" jobdag/cbow_soft.job
05/15/17 00:33:19 From submit: Submitting job(s).
05/15/17 00:33:19 From submit: 1 job(s) submitted to cluster 1295.
05/15/17 00:33:19 	assigned HTCondor ID (1295.0.0)
05/15/17 00:33:19 Submitting HTCondor Node cbow_mean_lstm job(s)...
05/15/17 00:33:19 Adding a DAGMan workflow log /esat/spchtemp/scratch/robbe/SpeechHub/n-best/python/jobdag/./pretrained_untied_models_large.dag.nodes.log
05/15/17 00:33:19 Masking the events recorded in the DAGMAN workflow log
05/15/17 00:33:19 Mask for workflow log is 0,1,2,4,5,7,9,10,11,12,13,16,17,24,27
05/15/17 00:33:19 submitting: /usr/bin/condor_submit -a dag_node_name' '=' 'cbow_mean_lstm -a +DAGManJobId' '=' '1290 -a DAGManJobId' '=' '1290 -batch-name pretrained_untied_models_large.dag+1290 -a submit_event_notes' '=' 'DAG' 'Node:' 'cbow_mean_lstm -a dagman_log' '=' '/esat/spchtemp/scratch/robbe/SpeechHub/n-best/python/jobdag/./pretrained_untied_models_large.dag.nodes.log -a +DAGManNodesMask' '=' '"0,1,2,4,5,7,9,10,11,12,13,16,17,24,27" -a test_name' '=' 'cbow_mean_lstm -a num_run' '=' '0 -a model_name' '=' 'pretrained_untied_models_large -a name' '=' 'pretrained_untied_n_best_cbow_mean_lstm_large -a DAG_STATUS' '=' '0 -a FAILED_COUNT' '=' '0 -a notification' '=' 'never -a +DAGParentNodeNames' '=' '"" jobdag/cbow_lstm.job
05/15/17 00:33:19 From submit: Submitting job(s).
05/15/17 00:33:19 From submit: 1 job(s) submitted to cluster 1296.
05/15/17 00:33:19 	assigned HTCondor ID (1296.0.0)
05/15/17 00:33:19 Just submitted 5 jobs this cycle...
05/15/17 00:33:19 Currently monitoring 1 HTCondor log file(s)
05/15/17 00:33:19 Reassigning the id of job original from (1292.0.0) to (1292.0.0)
05/15/17 00:33:19 Event: ULOG_SUBMIT for HTCondor Node original (1292.0.0) {05/15/17 00:33:19}
05/15/17 00:33:19 Number of idle job procs: 1
05/15/17 00:33:19 Reassigning the id of job cbow_mean_soft from (1293.0.0) to (1293.0.0)
05/15/17 00:33:19 Event: ULOG_SUBMIT for HTCondor Node cbow_mean_soft (1293.0.0) {05/15/17 00:33:19}
05/15/17 00:33:19 Number of idle job procs: 2
05/15/17 00:33:19 Reassigning the id of job cbow_exp_soft from (1294.0.0) to (1294.0.0)
05/15/17 00:33:19 Event: ULOG_SUBMIT for HTCondor Node cbow_exp_soft (1294.0.0) {05/15/17 00:33:19}
05/15/17 00:33:19 Number of idle job procs: 3
05/15/17 00:33:19 Reassigning the id of job cbow_tfidf_soft from (1295.0.0) to (1295.0.0)
05/15/17 00:33:19 Event: ULOG_SUBMIT for HTCondor Node cbow_tfidf_soft (1295.0.0) {05/15/17 00:33:19}
05/15/17 00:33:19 Number of idle job procs: 4
05/15/17 00:33:19 Reassigning the id of job cbow_mean_lstm from (1296.0.0) to (1296.0.0)
05/15/17 00:33:19 Event: ULOG_SUBMIT for HTCondor Node cbow_mean_lstm (1296.0.0) {05/15/17 00:33:19}
05/15/17 00:33:19 Number of idle job procs: 5
05/15/17 00:33:19 DAG status: 0 (DAG_STATUS_OK)
05/15/17 00:33:19 Of 9 nodes total:
05/15/17 00:33:19  Done     Pre   Queued    Post   Ready   Un-Ready   Failed
05/15/17 00:33:19   ===     ===      ===     ===     ===        ===      ===
05/15/17 00:33:19     0       0        5       0       4          0        0
05/15/17 00:33:19 0 job proc(s) currently held
05/15/17 00:33:24 Submitting HTCondor Node cbow_exp_lstm job(s)...
05/15/17 00:33:24 Adding a DAGMan workflow log /esat/spchtemp/scratch/robbe/SpeechHub/n-best/python/jobdag/./pretrained_untied_models_large.dag.nodes.log
05/15/17 00:33:24 Masking the events recorded in the DAGMAN workflow log
05/15/17 00:33:24 Mask for workflow log is 0,1,2,4,5,7,9,10,11,12,13,16,17,24,27
05/15/17 00:33:24 submitting: /usr/bin/condor_submit -a dag_node_name' '=' 'cbow_exp_lstm -a +DAGManJobId' '=' '1290 -a DAGManJobId' '=' '1290 -batch-name pretrained_untied_models_large.dag+1290 -a submit_event_notes' '=' 'DAG' 'Node:' 'cbow_exp_lstm -a dagman_log' '=' '/esat/spchtemp/scratch/robbe/SpeechHub/n-best/python/jobdag/./pretrained_untied_models_large.dag.nodes.log -a +DAGManNodesMask' '=' '"0,1,2,4,5,7,9,10,11,12,13,16,17,24,27" -a test_name' '=' 'cbow_exp_lstm -a num_run' '=' '0 -a model_name' '=' 'pretrained_untied_models_large -a name' '=' 'pretrained_untied_n_best_cbow_exp_lstm_large -a DAG_STATUS' '=' '0 -a FAILED_COUNT' '=' '0 -a notification' '=' 'never -a +DAGParentNodeNames' '=' '"" jobdag/cbow_lstm.job
05/15/17 00:33:24 From submit: Submitting job(s).
05/15/17 00:33:24 From submit: 1 job(s) submitted to cluster 1297.
05/15/17 00:33:24 	assigned HTCondor ID (1297.0.0)
05/15/17 00:33:24 Submitting HTCondor Node cbow_tfidf_lstm job(s)...
05/15/17 00:33:24 Adding a DAGMan workflow log /esat/spchtemp/scratch/robbe/SpeechHub/n-best/python/jobdag/./pretrained_untied_models_large.dag.nodes.log
05/15/17 00:33:24 Masking the events recorded in the DAGMAN workflow log
05/15/17 00:33:24 Mask for workflow log is 0,1,2,4,5,7,9,10,11,12,13,16,17,24,27
05/15/17 00:33:24 submitting: /usr/bin/condor_submit -a dag_node_name' '=' 'cbow_tfidf_lstm -a +DAGManJobId' '=' '1290 -a DAGManJobId' '=' '1290 -batch-name pretrained_untied_models_large.dag+1290 -a submit_event_notes' '=' 'DAG' 'Node:' 'cbow_tfidf_lstm -a dagman_log' '=' '/esat/spchtemp/scratch/robbe/SpeechHub/n-best/python/jobdag/./pretrained_untied_models_large.dag.nodes.log -a +DAGManNodesMask' '=' '"0,1,2,4,5,7,9,10,11,12,13,16,17,24,27" -a test_name' '=' 'cbow_tfidf_lstm -a num_run' '=' '0 -a model_name' '=' 'pretrained_untied_models_large -a name' '=' 'pretrained_untied_n_best_cbow_tfidf_lstm_large -a DAG_STATUS' '=' '0 -a FAILED_COUNT' '=' '0 -a notification' '=' 'never -a +DAGParentNodeNames' '=' '"" jobdag/cbow_lstm.job
05/15/17 00:33:25 From submit: Submitting job(s).
05/15/17 00:33:25 From submit: 1 job(s) submitted to cluster 1298.
05/15/17 00:33:25 	assigned HTCondor ID (1298.0.0)
05/15/17 00:33:25 Submitting HTCondor Node topic job(s)...
05/15/17 00:33:25 Adding a DAGMan workflow log /esat/spchtemp/scratch/robbe/SpeechHub/n-best/python/jobdag/./pretrained_untied_models_large.dag.nodes.log
05/15/17 00:33:25 Masking the events recorded in the DAGMAN workflow log
05/15/17 00:33:25 Mask for workflow log is 0,1,2,4,5,7,9,10,11,12,13,16,17,24,27
05/15/17 00:33:25 submitting: /usr/bin/condor_submit -a dag_node_name' '=' 'topic -a +DAGManJobId' '=' '1290 -a DAGManJobId' '=' '1290 -batch-name pretrained_untied_models_large.dag+1290 -a submit_event_notes' '=' 'DAG' 'Node:' 'topic -a dagman_log' '=' '/esat/spchtemp/scratch/robbe/SpeechHub/n-best/python/jobdag/./pretrained_untied_models_large.dag.nodes.log -a +DAGManNodesMask' '=' '"0,1,2,4,5,7,9,10,11,12,13,16,17,24,27" -a test_name' '=' 'topic -a num_run' '=' '0 -a model_name' '=' 'pretrained_untied_models_large -a name' '=' 'pretrained_untied_n_best_topic_large -a DAG_STATUS' '=' '0 -a FAILED_COUNT' '=' '0 -a notification' '=' 'never -a +DAGParentNodeNames' '=' '"" jobdag/topic.job
05/15/17 00:33:25 From submit: Submitting job(s).
05/15/17 00:33:25 From submit: 1 job(s) submitted to cluster 1300.
05/15/17 00:33:25 	assigned HTCondor ID (1300.0.0)
05/15/17 00:33:25 Submitting HTCondor Node extended_topic_1 job(s)...
05/15/17 00:33:25 Adding a DAGMan workflow log /esat/spchtemp/scratch/robbe/SpeechHub/n-best/python/jobdag/./pretrained_untied_models_large.dag.nodes.log
05/15/17 00:33:25 Masking the events recorded in the DAGMAN workflow log
05/15/17 00:33:25 Mask for workflow log is 0,1,2,4,5,7,9,10,11,12,13,16,17,24,27
05/15/17 00:33:25 submitting: /usr/bin/condor_submit -a dag_node_name' '=' 'extended_topic_1 -a +DAGManJobId' '=' '1290 -a DAGManJobId' '=' '1290 -batch-name pretrained_untied_models_large.dag+1290 -a submit_event_notes' '=' 'DAG' 'Node:' 'extended_topic_1 -a dagman_log' '=' '/esat/spchtemp/scratch/robbe/SpeechHub/n-best/python/jobdag/./pretrained_untied_models_large.dag.nodes.log -a +DAGManNodesMask' '=' '"0,1,2,4,5,7,9,10,11,12,13,16,17,24,27" -a test_name' '=' 'extended_topic_1 -a num_run' '=' '0 -a model_name' '=' 'pretrained_untied_models_large -a name' '=' 'pretrained_untied_n_best_textended_topic_1_large -a DAG_STATUS' '=' '0 -a FAILED_COUNT' '=' '0 -a notification' '=' 'never -a +DAGParentNodeNames' '=' '"" jobdag/extended_topic_1.job
05/15/17 00:33:25 From submit: Submitting job(s).
05/15/17 00:33:25 From submit: 1 job(s) submitted to cluster 1302.
05/15/17 00:33:25 	assigned HTCondor ID (1302.0.0)
05/15/17 00:33:25 Just submitted 4 jobs this cycle...
05/15/17 00:33:25 Currently monitoring 1 HTCondor log file(s)
05/15/17 00:33:25 Reassigning the id of job cbow_exp_lstm from (1297.0.0) to (1297.0.0)
05/15/17 00:33:25 Event: ULOG_SUBMIT for HTCondor Node cbow_exp_lstm (1297.0.0) {05/15/17 00:33:24}
05/15/17 00:33:25 Number of idle job procs: 6
05/15/17 00:33:25 Reassigning the id of job cbow_tfidf_lstm from (1298.0.0) to (1298.0.0)
05/15/17 00:33:25 Event: ULOG_SUBMIT for HTCondor Node cbow_tfidf_lstm (1298.0.0) {05/15/17 00:33:25}
05/15/17 00:33:25 Number of idle job procs: 7
05/15/17 00:33:25 Reassigning the id of job topic from (1300.0.0) to (1300.0.0)
05/15/17 00:33:25 Event: ULOG_SUBMIT for HTCondor Node topic (1300.0.0) {05/15/17 00:33:25}
05/15/17 00:33:25 Number of idle job procs: 8
05/15/17 00:33:25 Reassigning the id of job extended_topic_1 from (1302.0.0) to (1302.0.0)
05/15/17 00:33:25 Event: ULOG_SUBMIT for HTCondor Node extended_topic_1 (1302.0.0) {05/15/17 00:33:25}
05/15/17 00:33:25 Number of idle job procs: 9
05/15/17 00:33:25 DAG status: 0 (DAG_STATUS_OK)
05/15/17 00:33:25 Of 9 nodes total:
05/15/17 00:33:25  Done     Pre   Queued    Post   Ready   Un-Ready   Failed
05/15/17 00:33:25   ===     ===      ===     ===     ===        ===      ===
05/15/17 00:33:25     0       0        9       0       0          0        0
05/15/17 00:33:25 0 job proc(s) currently held
05/15/17 00:43:27 602 seconds since last log event
05/15/17 00:43:27 Pending DAG nodes:
05/15/17 00:43:27   Node original, HTCondor ID 1292, status STATUS_SUBMITTED
05/15/17 00:43:27   Node cbow_mean_soft, HTCondor ID 1293, status STATUS_SUBMITTED
05/15/17 00:43:27   Node cbow_exp_soft, HTCondor ID 1294, status STATUS_SUBMITTED
05/15/17 00:43:27   Node cbow_tfidf_soft, HTCondor ID 1295, status STATUS_SUBMITTED
05/15/17 00:43:27   Node cbow_mean_lstm, HTCondor ID 1296, status STATUS_SUBMITTED
05/15/17 00:43:27   Node cbow_exp_lstm, HTCondor ID 1297, status STATUS_SUBMITTED
05/15/17 00:43:27   Node cbow_tfidf_lstm, HTCondor ID 1298, status STATUS_SUBMITTED
05/15/17 00:43:27   Node topic, HTCondor ID 1300, status STATUS_SUBMITTED
05/15/17 00:43:27   Node extended_topic_1, HTCondor ID 1302, status STATUS_SUBMITTED
05/15/17 00:53:29 1204 seconds since last log event
05/15/17 00:53:29 Pending DAG nodes:
05/15/17 00:53:29   Node original, HTCondor ID 1292, status STATUS_SUBMITTED
05/15/17 00:53:29   Node cbow_mean_soft, HTCondor ID 1293, status STATUS_SUBMITTED
05/15/17 00:53:29   Node cbow_exp_soft, HTCondor ID 1294, status STATUS_SUBMITTED
05/15/17 00:53:29   Node cbow_tfidf_soft, HTCondor ID 1295, status STATUS_SUBMITTED
05/15/17 00:53:29   Node cbow_mean_lstm, HTCondor ID 1296, status STATUS_SUBMITTED
05/15/17 00:53:29   Node cbow_exp_lstm, HTCondor ID 1297, status STATUS_SUBMITTED
05/15/17 00:53:29   Node cbow_tfidf_lstm, HTCondor ID 1298, status STATUS_SUBMITTED
05/15/17 00:53:29   Node topic, HTCondor ID 1300, status STATUS_SUBMITTED
05/15/17 00:53:29   Node extended_topic_1, HTCondor ID 1302, status STATUS_SUBMITTED
05/15/17 01:03:30 1805 seconds since last log event
05/15/17 01:03:30 Pending DAG nodes:
05/15/17 01:03:30   Node original, HTCondor ID 1292, status STATUS_SUBMITTED
05/15/17 01:03:30   Node cbow_mean_soft, HTCondor ID 1293, status STATUS_SUBMITTED
05/15/17 01:03:30   Node cbow_exp_soft, HTCondor ID 1294, status STATUS_SUBMITTED
05/15/17 01:03:30   Node cbow_tfidf_soft, HTCondor ID 1295, status STATUS_SUBMITTED
05/15/17 01:03:30   Node cbow_mean_lstm, HTCondor ID 1296, status STATUS_SUBMITTED
05/15/17 01:03:30   Node cbow_exp_lstm, HTCondor ID 1297, status STATUS_SUBMITTED
05/15/17 01:03:30   Node cbow_tfidf_lstm, HTCondor ID 1298, status STATUS_SUBMITTED
05/15/17 01:03:30   Node topic, HTCondor ID 1300, status STATUS_SUBMITTED
05/15/17 01:03:30   Node extended_topic_1, HTCondor ID 1302, status STATUS_SUBMITTED
05/15/17 01:13:33 2408 seconds since last log event
05/15/17 01:13:33 Pending DAG nodes:
05/15/17 01:13:33   Node original, HTCondor ID 1292, status STATUS_SUBMITTED
05/15/17 01:13:33   Node cbow_mean_soft, HTCondor ID 1293, status STATUS_SUBMITTED
05/15/17 01:13:33   Node cbow_exp_soft, HTCondor ID 1294, status STATUS_SUBMITTED
05/15/17 01:13:33   Node cbow_tfidf_soft, HTCondor ID 1295, status STATUS_SUBMITTED
05/15/17 01:13:33   Node cbow_mean_lstm, HTCondor ID 1296, status STATUS_SUBMITTED
05/15/17 01:13:33   Node cbow_exp_lstm, HTCondor ID 1297, status STATUS_SUBMITTED
05/15/17 01:13:33   Node cbow_tfidf_lstm, HTCondor ID 1298, status STATUS_SUBMITTED
05/15/17 01:13:33   Node topic, HTCondor ID 1300, status STATUS_SUBMITTED
05/15/17 01:13:33   Node extended_topic_1, HTCondor ID 1302, status STATUS_SUBMITTED
05/15/17 01:23:36 3011 seconds since last log event
05/15/17 01:23:36 Pending DAG nodes:
05/15/17 01:23:36   Node original, HTCondor ID 1292, status STATUS_SUBMITTED
05/15/17 01:23:36   Node cbow_mean_soft, HTCondor ID 1293, status STATUS_SUBMITTED
05/15/17 01:23:36   Node cbow_exp_soft, HTCondor ID 1294, status STATUS_SUBMITTED
05/15/17 01:23:36   Node cbow_tfidf_soft, HTCondor ID 1295, status STATUS_SUBMITTED
05/15/17 01:23:36   Node cbow_mean_lstm, HTCondor ID 1296, status STATUS_SUBMITTED
05/15/17 01:23:36   Node cbow_exp_lstm, HTCondor ID 1297, status STATUS_SUBMITTED
05/15/17 01:23:36   Node cbow_tfidf_lstm, HTCondor ID 1298, status STATUS_SUBMITTED
05/15/17 01:23:36   Node topic, HTCondor ID 1300, status STATUS_SUBMITTED
05/15/17 01:23:36   Node extended_topic_1, HTCondor ID 1302, status STATUS_SUBMITTED
05/15/17 01:33:38 3613 seconds since last log event
05/15/17 01:33:38 Pending DAG nodes:
05/15/17 01:33:38   Node original, HTCondor ID 1292, status STATUS_SUBMITTED
05/15/17 01:33:38   Node cbow_mean_soft, HTCondor ID 1293, status STATUS_SUBMITTED
05/15/17 01:33:38   Node cbow_exp_soft, HTCondor ID 1294, status STATUS_SUBMITTED
05/15/17 01:33:38   Node cbow_tfidf_soft, HTCondor ID 1295, status STATUS_SUBMITTED
05/15/17 01:33:38   Node cbow_mean_lstm, HTCondor ID 1296, status STATUS_SUBMITTED
05/15/17 01:33:38   Node cbow_exp_lstm, HTCondor ID 1297, status STATUS_SUBMITTED
05/15/17 01:33:38   Node cbow_tfidf_lstm, HTCondor ID 1298, status STATUS_SUBMITTED
05/15/17 01:33:38   Node topic, HTCondor ID 1300, status STATUS_SUBMITTED
05/15/17 01:33:38   Node extended_topic_1, HTCondor ID 1302, status STATUS_SUBMITTED
05/15/17 01:43:41 4216 seconds since last log event
05/15/17 01:43:41 Pending DAG nodes:
05/15/17 01:43:41   Node original, HTCondor ID 1292, status STATUS_SUBMITTED
05/15/17 01:43:41   Node cbow_mean_soft, HTCondor ID 1293, status STATUS_SUBMITTED
05/15/17 01:43:41   Node cbow_exp_soft, HTCondor ID 1294, status STATUS_SUBMITTED
05/15/17 01:43:41   Node cbow_tfidf_soft, HTCondor ID 1295, status STATUS_SUBMITTED
05/15/17 01:43:41   Node cbow_mean_lstm, HTCondor ID 1296, status STATUS_SUBMITTED
05/15/17 01:43:41   Node cbow_exp_lstm, HTCondor ID 1297, status STATUS_SUBMITTED
05/15/17 01:43:41   Node cbow_tfidf_lstm, HTCondor ID 1298, status STATUS_SUBMITTED
05/15/17 01:43:41   Node topic, HTCondor ID 1300, status STATUS_SUBMITTED
05/15/17 01:43:41   Node extended_topic_1, HTCondor ID 1302, status STATUS_SUBMITTED
05/15/17 01:53:43 4818 seconds since last log event
05/15/17 01:53:43 Pending DAG nodes:
05/15/17 01:53:43   Node original, HTCondor ID 1292, status STATUS_SUBMITTED
05/15/17 01:53:43   Node cbow_mean_soft, HTCondor ID 1293, status STATUS_SUBMITTED
05/15/17 01:53:43   Node cbow_exp_soft, HTCondor ID 1294, status STATUS_SUBMITTED
05/15/17 01:53:43   Node cbow_tfidf_soft, HTCondor ID 1295, status STATUS_SUBMITTED
05/15/17 01:53:43   Node cbow_mean_lstm, HTCondor ID 1296, status STATUS_SUBMITTED
05/15/17 01:53:43   Node cbow_exp_lstm, HTCondor ID 1297, status STATUS_SUBMITTED
05/15/17 01:53:43   Node cbow_tfidf_lstm, HTCondor ID 1298, status STATUS_SUBMITTED
05/15/17 01:53:43   Node topic, HTCondor ID 1300, status STATUS_SUBMITTED
05/15/17 01:53:43   Node extended_topic_1, HTCondor ID 1302, status STATUS_SUBMITTED
05/15/17 02:03:45 5420 seconds since last log event
05/15/17 02:03:45 Pending DAG nodes:
05/15/17 02:03:45   Node original, HTCondor ID 1292, status STATUS_SUBMITTED
05/15/17 02:03:45   Node cbow_mean_soft, HTCondor ID 1293, status STATUS_SUBMITTED
05/15/17 02:03:45   Node cbow_exp_soft, HTCondor ID 1294, status STATUS_SUBMITTED
05/15/17 02:03:45   Node cbow_tfidf_soft, HTCondor ID 1295, status STATUS_SUBMITTED
05/15/17 02:03:45   Node cbow_mean_lstm, HTCondor ID 1296, status STATUS_SUBMITTED
05/15/17 02:03:45   Node cbow_exp_lstm, HTCondor ID 1297, status STATUS_SUBMITTED
05/15/17 02:03:45   Node cbow_tfidf_lstm, HTCondor ID 1298, status STATUS_SUBMITTED
05/15/17 02:03:45   Node topic, HTCondor ID 1300, status STATUS_SUBMITTED
05/15/17 02:03:45   Node extended_topic_1, HTCondor ID 1302, status STATUS_SUBMITTED
05/15/17 02:13:47 6022 seconds since last log event
05/15/17 02:13:47 Pending DAG nodes:
05/15/17 02:13:47   Node original, HTCondor ID 1292, status STATUS_SUBMITTED
05/15/17 02:13:47   Node cbow_mean_soft, HTCondor ID 1293, status STATUS_SUBMITTED
05/15/17 02:13:47   Node cbow_exp_soft, HTCondor ID 1294, status STATUS_SUBMITTED
05/15/17 02:13:47   Node cbow_tfidf_soft, HTCondor ID 1295, status STATUS_SUBMITTED
05/15/17 02:13:47   Node cbow_mean_lstm, HTCondor ID 1296, status STATUS_SUBMITTED
05/15/17 02:13:47   Node cbow_exp_lstm, HTCondor ID 1297, status STATUS_SUBMITTED
05/15/17 02:13:47   Node cbow_tfidf_lstm, HTCondor ID 1298, status STATUS_SUBMITTED
05/15/17 02:13:47   Node topic, HTCondor ID 1300, status STATUS_SUBMITTED
05/15/17 02:13:47   Node extended_topic_1, HTCondor ID 1302, status STATUS_SUBMITTED
05/15/17 02:23:49 6624 seconds since last log event
05/15/17 02:23:49 Pending DAG nodes:
05/15/17 02:23:49   Node original, HTCondor ID 1292, status STATUS_SUBMITTED
05/15/17 02:23:49   Node cbow_mean_soft, HTCondor ID 1293, status STATUS_SUBMITTED
05/15/17 02:23:49   Node cbow_exp_soft, HTCondor ID 1294, status STATUS_SUBMITTED
05/15/17 02:23:49   Node cbow_tfidf_soft, HTCondor ID 1295, status STATUS_SUBMITTED
05/15/17 02:23:49   Node cbow_mean_lstm, HTCondor ID 1296, status STATUS_SUBMITTED
05/15/17 02:23:49   Node cbow_exp_lstm, HTCondor ID 1297, status STATUS_SUBMITTED
05/15/17 02:23:49   Node cbow_tfidf_lstm, HTCondor ID 1298, status STATUS_SUBMITTED
05/15/17 02:23:49   Node topic, HTCondor ID 1300, status STATUS_SUBMITTED
05/15/17 02:23:49   Node extended_topic_1, HTCondor ID 1302, status STATUS_SUBMITTED
05/15/17 02:33:51 7226 seconds since last log event
05/15/17 02:33:51 Pending DAG nodes:
05/15/17 02:33:51   Node original, HTCondor ID 1292, status STATUS_SUBMITTED
05/15/17 02:33:51   Node cbow_mean_soft, HTCondor ID 1293, status STATUS_SUBMITTED
05/15/17 02:33:51   Node cbow_exp_soft, HTCondor ID 1294, status STATUS_SUBMITTED
05/15/17 02:33:51   Node cbow_tfidf_soft, HTCondor ID 1295, status STATUS_SUBMITTED
05/15/17 02:33:51   Node cbow_mean_lstm, HTCondor ID 1296, status STATUS_SUBMITTED
05/15/17 02:33:51   Node cbow_exp_lstm, HTCondor ID 1297, status STATUS_SUBMITTED
05/15/17 02:33:51   Node cbow_tfidf_lstm, HTCondor ID 1298, status STATUS_SUBMITTED
05/15/17 02:33:51   Node topic, HTCondor ID 1300, status STATUS_SUBMITTED
05/15/17 02:33:51   Node extended_topic_1, HTCondor ID 1302, status STATUS_SUBMITTED
05/15/17 02:43:54 7829 seconds since last log event
05/15/17 02:43:54 Pending DAG nodes:
05/15/17 02:43:54   Node original, HTCondor ID 1292, status STATUS_SUBMITTED
05/15/17 02:43:54   Node cbow_mean_soft, HTCondor ID 1293, status STATUS_SUBMITTED
05/15/17 02:43:54   Node cbow_exp_soft, HTCondor ID 1294, status STATUS_SUBMITTED
05/15/17 02:43:54   Node cbow_tfidf_soft, HTCondor ID 1295, status STATUS_SUBMITTED
05/15/17 02:43:54   Node cbow_mean_lstm, HTCondor ID 1296, status STATUS_SUBMITTED
05/15/17 02:43:54   Node cbow_exp_lstm, HTCondor ID 1297, status STATUS_SUBMITTED
05/15/17 02:43:54   Node cbow_tfidf_lstm, HTCondor ID 1298, status STATUS_SUBMITTED
05/15/17 02:43:54   Node topic, HTCondor ID 1300, status STATUS_SUBMITTED
05/15/17 02:43:54   Node extended_topic_1, HTCondor ID 1302, status STATUS_SUBMITTED
05/15/17 02:53:55 8430 seconds since last log event
05/15/17 02:53:55 Pending DAG nodes:
05/15/17 02:53:55   Node original, HTCondor ID 1292, status STATUS_SUBMITTED
05/15/17 02:53:55   Node cbow_mean_soft, HTCondor ID 1293, status STATUS_SUBMITTED
05/15/17 02:53:55   Node cbow_exp_soft, HTCondor ID 1294, status STATUS_SUBMITTED
05/15/17 02:53:55   Node cbow_tfidf_soft, HTCondor ID 1295, status STATUS_SUBMITTED
05/15/17 02:53:55   Node cbow_mean_lstm, HTCondor ID 1296, status STATUS_SUBMITTED
05/15/17 02:53:55   Node cbow_exp_lstm, HTCondor ID 1297, status STATUS_SUBMITTED
05/15/17 02:53:55   Node cbow_tfidf_lstm, HTCondor ID 1298, status STATUS_SUBMITTED
05/15/17 02:53:55   Node topic, HTCondor ID 1300, status STATUS_SUBMITTED
05/15/17 02:53:55   Node extended_topic_1, HTCondor ID 1302, status STATUS_SUBMITTED
05/15/17 03:03:57 9032 seconds since last log event
05/15/17 03:03:57 Pending DAG nodes:
05/15/17 03:03:57   Node original, HTCondor ID 1292, status STATUS_SUBMITTED
05/15/17 03:03:57   Node cbow_mean_soft, HTCondor ID 1293, status STATUS_SUBMITTED
05/15/17 03:03:57   Node cbow_exp_soft, HTCondor ID 1294, status STATUS_SUBMITTED
05/15/17 03:03:57   Node cbow_tfidf_soft, HTCondor ID 1295, status STATUS_SUBMITTED
05/15/17 03:03:57   Node cbow_mean_lstm, HTCondor ID 1296, status STATUS_SUBMITTED
05/15/17 03:03:57   Node cbow_exp_lstm, HTCondor ID 1297, status STATUS_SUBMITTED
05/15/17 03:03:57   Node cbow_tfidf_lstm, HTCondor ID 1298, status STATUS_SUBMITTED
05/15/17 03:03:57   Node topic, HTCondor ID 1300, status STATUS_SUBMITTED
05/15/17 03:03:57   Node extended_topic_1, HTCondor ID 1302, status STATUS_SUBMITTED
05/15/17 03:13:59 9634 seconds since last log event
05/15/17 03:13:59 Pending DAG nodes:
05/15/17 03:13:59   Node original, HTCondor ID 1292, status STATUS_SUBMITTED
05/15/17 03:13:59   Node cbow_mean_soft, HTCondor ID 1293, status STATUS_SUBMITTED
05/15/17 03:13:59   Node cbow_exp_soft, HTCondor ID 1294, status STATUS_SUBMITTED
05/15/17 03:13:59   Node cbow_tfidf_soft, HTCondor ID 1295, status STATUS_SUBMITTED
05/15/17 03:13:59   Node cbow_mean_lstm, HTCondor ID 1296, status STATUS_SUBMITTED
05/15/17 03:13:59   Node cbow_exp_lstm, HTCondor ID 1297, status STATUS_SUBMITTED
05/15/17 03:13:59   Node cbow_tfidf_lstm, HTCondor ID 1298, status STATUS_SUBMITTED
05/15/17 03:13:59   Node topic, HTCondor ID 1300, status STATUS_SUBMITTED
05/15/17 03:13:59   Node extended_topic_1, HTCondor ID 1302, status STATUS_SUBMITTED
05/15/17 03:24:01 10236 seconds since last log event
05/15/17 03:24:01 Pending DAG nodes:
05/15/17 03:24:01   Node original, HTCondor ID 1292, status STATUS_SUBMITTED
05/15/17 03:24:01   Node cbow_mean_soft, HTCondor ID 1293, status STATUS_SUBMITTED
05/15/17 03:24:01   Node cbow_exp_soft, HTCondor ID 1294, status STATUS_SUBMITTED
05/15/17 03:24:01   Node cbow_tfidf_soft, HTCondor ID 1295, status STATUS_SUBMITTED
05/15/17 03:24:01   Node cbow_mean_lstm, HTCondor ID 1296, status STATUS_SUBMITTED
05/15/17 03:24:01   Node cbow_exp_lstm, HTCondor ID 1297, status STATUS_SUBMITTED
05/15/17 03:24:01   Node cbow_tfidf_lstm, HTCondor ID 1298, status STATUS_SUBMITTED
05/15/17 03:24:01   Node topic, HTCondor ID 1300, status STATUS_SUBMITTED
05/15/17 03:24:01   Node extended_topic_1, HTCondor ID 1302, status STATUS_SUBMITTED
05/15/17 03:34:04 10839 seconds since last log event
05/15/17 03:34:04 Pending DAG nodes:
05/15/17 03:34:04   Node original, HTCondor ID 1292, status STATUS_SUBMITTED
05/15/17 03:34:04   Node cbow_mean_soft, HTCondor ID 1293, status STATUS_SUBMITTED
05/15/17 03:34:04   Node cbow_exp_soft, HTCondor ID 1294, status STATUS_SUBMITTED
05/15/17 03:34:04   Node cbow_tfidf_soft, HTCondor ID 1295, status STATUS_SUBMITTED
05/15/17 03:34:04   Node cbow_mean_lstm, HTCondor ID 1296, status STATUS_SUBMITTED
05/15/17 03:34:04   Node cbow_exp_lstm, HTCondor ID 1297, status STATUS_SUBMITTED
05/15/17 03:34:04   Node cbow_tfidf_lstm, HTCondor ID 1298, status STATUS_SUBMITTED
05/15/17 03:34:04   Node topic, HTCondor ID 1300, status STATUS_SUBMITTED
05/15/17 03:34:04   Node extended_topic_1, HTCondor ID 1302, status STATUS_SUBMITTED
05/15/17 03:44:06 11441 seconds since last log event
05/15/17 03:44:06 Pending DAG nodes:
05/15/17 03:44:06   Node original, HTCondor ID 1292, status STATUS_SUBMITTED
05/15/17 03:44:06   Node cbow_mean_soft, HTCondor ID 1293, status STATUS_SUBMITTED
05/15/17 03:44:06   Node cbow_exp_soft, HTCondor ID 1294, status STATUS_SUBMITTED
05/15/17 03:44:06   Node cbow_tfidf_soft, HTCondor ID 1295, status STATUS_SUBMITTED
05/15/17 03:44:06   Node cbow_mean_lstm, HTCondor ID 1296, status STATUS_SUBMITTED
05/15/17 03:44:06   Node cbow_exp_lstm, HTCondor ID 1297, status STATUS_SUBMITTED
05/15/17 03:44:06   Node cbow_tfidf_lstm, HTCondor ID 1298, status STATUS_SUBMITTED
05/15/17 03:44:06   Node topic, HTCondor ID 1300, status STATUS_SUBMITTED
05/15/17 03:44:06   Node extended_topic_1, HTCondor ID 1302, status STATUS_SUBMITTED
05/15/17 03:54:08 12043 seconds since last log event
05/15/17 03:54:08 Pending DAG nodes:
05/15/17 03:54:08   Node original, HTCondor ID 1292, status STATUS_SUBMITTED
05/15/17 03:54:08   Node cbow_mean_soft, HTCondor ID 1293, status STATUS_SUBMITTED
05/15/17 03:54:08   Node cbow_exp_soft, HTCondor ID 1294, status STATUS_SUBMITTED
05/15/17 03:54:08   Node cbow_tfidf_soft, HTCondor ID 1295, status STATUS_SUBMITTED
05/15/17 03:54:08   Node cbow_mean_lstm, HTCondor ID 1296, status STATUS_SUBMITTED
05/15/17 03:54:08   Node cbow_exp_lstm, HTCondor ID 1297, status STATUS_SUBMITTED
05/15/17 03:54:08   Node cbow_tfidf_lstm, HTCondor ID 1298, status STATUS_SUBMITTED
05/15/17 03:54:08   Node topic, HTCondor ID 1300, status STATUS_SUBMITTED
05/15/17 03:54:08   Node extended_topic_1, HTCondor ID 1302, status STATUS_SUBMITTED
05/15/17 04:04:10 12645 seconds since last log event
05/15/17 04:04:10 Pending DAG nodes:
05/15/17 04:04:10   Node original, HTCondor ID 1292, status STATUS_SUBMITTED
05/15/17 04:04:10   Node cbow_mean_soft, HTCondor ID 1293, status STATUS_SUBMITTED
05/15/17 04:04:10   Node cbow_exp_soft, HTCondor ID 1294, status STATUS_SUBMITTED
05/15/17 04:04:10   Node cbow_tfidf_soft, HTCondor ID 1295, status STATUS_SUBMITTED
05/15/17 04:04:10   Node cbow_mean_lstm, HTCondor ID 1296, status STATUS_SUBMITTED
05/15/17 04:04:10   Node cbow_exp_lstm, HTCondor ID 1297, status STATUS_SUBMITTED
05/15/17 04:04:10   Node cbow_tfidf_lstm, HTCondor ID 1298, status STATUS_SUBMITTED
05/15/17 04:04:10   Node topic, HTCondor ID 1300, status STATUS_SUBMITTED
05/15/17 04:04:10   Node extended_topic_1, HTCondor ID 1302, status STATUS_SUBMITTED
05/15/17 04:14:12 13247 seconds since last log event
05/15/17 04:14:12 Pending DAG nodes:
05/15/17 04:14:12   Node original, HTCondor ID 1292, status STATUS_SUBMITTED
05/15/17 04:14:12   Node cbow_mean_soft, HTCondor ID 1293, status STATUS_SUBMITTED
05/15/17 04:14:12   Node cbow_exp_soft, HTCondor ID 1294, status STATUS_SUBMITTED
05/15/17 04:14:12   Node cbow_tfidf_soft, HTCondor ID 1295, status STATUS_SUBMITTED
05/15/17 04:14:12   Node cbow_mean_lstm, HTCondor ID 1296, status STATUS_SUBMITTED
05/15/17 04:14:12   Node cbow_exp_lstm, HTCondor ID 1297, status STATUS_SUBMITTED
05/15/17 04:14:12   Node cbow_tfidf_lstm, HTCondor ID 1298, status STATUS_SUBMITTED
05/15/17 04:14:12   Node topic, HTCondor ID 1300, status STATUS_SUBMITTED
05/15/17 04:14:12   Node extended_topic_1, HTCondor ID 1302, status STATUS_SUBMITTED
05/15/17 04:24:14 13849 seconds since last log event
05/15/17 04:24:14 Pending DAG nodes:
05/15/17 04:24:14   Node original, HTCondor ID 1292, status STATUS_SUBMITTED
05/15/17 04:24:14   Node cbow_mean_soft, HTCondor ID 1293, status STATUS_SUBMITTED
05/15/17 04:24:14   Node cbow_exp_soft, HTCondor ID 1294, status STATUS_SUBMITTED
05/15/17 04:24:14   Node cbow_tfidf_soft, HTCondor ID 1295, status STATUS_SUBMITTED
05/15/17 04:24:14   Node cbow_mean_lstm, HTCondor ID 1296, status STATUS_SUBMITTED
05/15/17 04:24:14   Node cbow_exp_lstm, HTCondor ID 1297, status STATUS_SUBMITTED
05/15/17 04:24:14   Node cbow_tfidf_lstm, HTCondor ID 1298, status STATUS_SUBMITTED
05/15/17 04:24:14   Node topic, HTCondor ID 1300, status STATUS_SUBMITTED
05/15/17 04:24:14   Node extended_topic_1, HTCondor ID 1302, status STATUS_SUBMITTED
05/15/17 04:34:15 14450 seconds since last log event
05/15/17 04:34:15 Pending DAG nodes:
05/15/17 04:34:15   Node original, HTCondor ID 1292, status STATUS_SUBMITTED
05/15/17 04:34:15   Node cbow_mean_soft, HTCondor ID 1293, status STATUS_SUBMITTED
05/15/17 04:34:15   Node cbow_exp_soft, HTCondor ID 1294, status STATUS_SUBMITTED
05/15/17 04:34:15   Node cbow_tfidf_soft, HTCondor ID 1295, status STATUS_SUBMITTED
05/15/17 04:34:15   Node cbow_mean_lstm, HTCondor ID 1296, status STATUS_SUBMITTED
05/15/17 04:34:15   Node cbow_exp_lstm, HTCondor ID 1297, status STATUS_SUBMITTED
05/15/17 04:34:15   Node cbow_tfidf_lstm, HTCondor ID 1298, status STATUS_SUBMITTED
05/15/17 04:34:15   Node topic, HTCondor ID 1300, status STATUS_SUBMITTED
05/15/17 04:34:15   Node extended_topic_1, HTCondor ID 1302, status STATUS_SUBMITTED
05/15/17 04:44:17 15052 seconds since last log event
05/15/17 04:44:17 Pending DAG nodes:
05/15/17 04:44:17   Node original, HTCondor ID 1292, status STATUS_SUBMITTED
05/15/17 04:44:17   Node cbow_mean_soft, HTCondor ID 1293, status STATUS_SUBMITTED
05/15/17 04:44:17   Node cbow_exp_soft, HTCondor ID 1294, status STATUS_SUBMITTED
05/15/17 04:44:17   Node cbow_tfidf_soft, HTCondor ID 1295, status STATUS_SUBMITTED
05/15/17 04:44:17   Node cbow_mean_lstm, HTCondor ID 1296, status STATUS_SUBMITTED
05/15/17 04:44:17   Node cbow_exp_lstm, HTCondor ID 1297, status STATUS_SUBMITTED
05/15/17 04:44:17   Node cbow_tfidf_lstm, HTCondor ID 1298, status STATUS_SUBMITTED
05/15/17 04:44:17   Node topic, HTCondor ID 1300, status STATUS_SUBMITTED
05/15/17 04:44:17   Node extended_topic_1, HTCondor ID 1302, status STATUS_SUBMITTED
05/15/17 04:54:19 15654 seconds since last log event
05/15/17 04:54:19 Pending DAG nodes:
05/15/17 04:54:19   Node original, HTCondor ID 1292, status STATUS_SUBMITTED
05/15/17 04:54:19   Node cbow_mean_soft, HTCondor ID 1293, status STATUS_SUBMITTED
05/15/17 04:54:19   Node cbow_exp_soft, HTCondor ID 1294, status STATUS_SUBMITTED
05/15/17 04:54:19   Node cbow_tfidf_soft, HTCondor ID 1295, status STATUS_SUBMITTED
05/15/17 04:54:19   Node cbow_mean_lstm, HTCondor ID 1296, status STATUS_SUBMITTED
05/15/17 04:54:19   Node cbow_exp_lstm, HTCondor ID 1297, status STATUS_SUBMITTED
05/15/17 04:54:19   Node cbow_tfidf_lstm, HTCondor ID 1298, status STATUS_SUBMITTED
05/15/17 04:54:19   Node topic, HTCondor ID 1300, status STATUS_SUBMITTED
05/15/17 04:54:19   Node extended_topic_1, HTCondor ID 1302, status STATUS_SUBMITTED
05/15/17 05:04:21 16256 seconds since last log event
05/15/17 05:04:21 Pending DAG nodes:
05/15/17 05:04:21   Node original, HTCondor ID 1292, status STATUS_SUBMITTED
05/15/17 05:04:21   Node cbow_mean_soft, HTCondor ID 1293, status STATUS_SUBMITTED
05/15/17 05:04:21   Node cbow_exp_soft, HTCondor ID 1294, status STATUS_SUBMITTED
05/15/17 05:04:21   Node cbow_tfidf_soft, HTCondor ID 1295, status STATUS_SUBMITTED
05/15/17 05:04:21   Node cbow_mean_lstm, HTCondor ID 1296, status STATUS_SUBMITTED
05/15/17 05:04:21   Node cbow_exp_lstm, HTCondor ID 1297, status STATUS_SUBMITTED
05/15/17 05:04:21   Node cbow_tfidf_lstm, HTCondor ID 1298, status STATUS_SUBMITTED
05/15/17 05:04:21   Node topic, HTCondor ID 1300, status STATUS_SUBMITTED
05/15/17 05:04:21   Node extended_topic_1, HTCondor ID 1302, status STATUS_SUBMITTED
05/15/17 05:14:23 16858 seconds since last log event
05/15/17 05:14:23 Pending DAG nodes:
05/15/17 05:14:23   Node original, HTCondor ID 1292, status STATUS_SUBMITTED
05/15/17 05:14:23   Node cbow_mean_soft, HTCondor ID 1293, status STATUS_SUBMITTED
05/15/17 05:14:23   Node cbow_exp_soft, HTCondor ID 1294, status STATUS_SUBMITTED
05/15/17 05:14:23   Node cbow_tfidf_soft, HTCondor ID 1295, status STATUS_SUBMITTED
05/15/17 05:14:23   Node cbow_mean_lstm, HTCondor ID 1296, status STATUS_SUBMITTED
05/15/17 05:14:23   Node cbow_exp_lstm, HTCondor ID 1297, status STATUS_SUBMITTED
05/15/17 05:14:23   Node cbow_tfidf_lstm, HTCondor ID 1298, status STATUS_SUBMITTED
05/15/17 05:14:23   Node topic, HTCondor ID 1300, status STATUS_SUBMITTED
05/15/17 05:14:23   Node extended_topic_1, HTCondor ID 1302, status STATUS_SUBMITTED
05/15/17 05:24:25 17460 seconds since last log event
05/15/17 05:24:25 Pending DAG nodes:
05/15/17 05:24:25   Node original, HTCondor ID 1292, status STATUS_SUBMITTED
05/15/17 05:24:25   Node cbow_mean_soft, HTCondor ID 1293, status STATUS_SUBMITTED
05/15/17 05:24:25   Node cbow_exp_soft, HTCondor ID 1294, status STATUS_SUBMITTED
05/15/17 05:24:25   Node cbow_tfidf_soft, HTCondor ID 1295, status STATUS_SUBMITTED
05/15/17 05:24:25   Node cbow_mean_lstm, HTCondor ID 1296, status STATUS_SUBMITTED
05/15/17 05:24:25   Node cbow_exp_lstm, HTCondor ID 1297, status STATUS_SUBMITTED
05/15/17 05:24:25   Node cbow_tfidf_lstm, HTCondor ID 1298, status STATUS_SUBMITTED
05/15/17 05:24:25   Node topic, HTCondor ID 1300, status STATUS_SUBMITTED
05/15/17 05:24:25   Node extended_topic_1, HTCondor ID 1302, status STATUS_SUBMITTED
05/15/17 05:34:27 18062 seconds since last log event
05/15/17 05:34:27 Pending DAG nodes:
05/15/17 05:34:27   Node original, HTCondor ID 1292, status STATUS_SUBMITTED
05/15/17 05:34:27   Node cbow_mean_soft, HTCondor ID 1293, status STATUS_SUBMITTED
05/15/17 05:34:27   Node cbow_exp_soft, HTCondor ID 1294, status STATUS_SUBMITTED
05/15/17 05:34:27   Node cbow_tfidf_soft, HTCondor ID 1295, status STATUS_SUBMITTED
05/15/17 05:34:27   Node cbow_mean_lstm, HTCondor ID 1296, status STATUS_SUBMITTED
05/15/17 05:34:27   Node cbow_exp_lstm, HTCondor ID 1297, status STATUS_SUBMITTED
05/15/17 05:34:27   Node cbow_tfidf_lstm, HTCondor ID 1298, status STATUS_SUBMITTED
05/15/17 05:34:27   Node topic, HTCondor ID 1300, status STATUS_SUBMITTED
05/15/17 05:34:27   Node extended_topic_1, HTCondor ID 1302, status STATUS_SUBMITTED
05/15/17 05:44:29 18664 seconds since last log event
05/15/17 05:44:29 Pending DAG nodes:
05/15/17 05:44:29   Node original, HTCondor ID 1292, status STATUS_SUBMITTED
05/15/17 05:44:29   Node cbow_mean_soft, HTCondor ID 1293, status STATUS_SUBMITTED
05/15/17 05:44:29   Node cbow_exp_soft, HTCondor ID 1294, status STATUS_SUBMITTED
05/15/17 05:44:29   Node cbow_tfidf_soft, HTCondor ID 1295, status STATUS_SUBMITTED
05/15/17 05:44:29   Node cbow_mean_lstm, HTCondor ID 1296, status STATUS_SUBMITTED
05/15/17 05:44:29   Node cbow_exp_lstm, HTCondor ID 1297, status STATUS_SUBMITTED
05/15/17 05:44:29   Node cbow_tfidf_lstm, HTCondor ID 1298, status STATUS_SUBMITTED
05/15/17 05:44:29   Node topic, HTCondor ID 1300, status STATUS_SUBMITTED
05/15/17 05:44:29   Node extended_topic_1, HTCondor ID 1302, status STATUS_SUBMITTED
05/15/17 05:54:32 19267 seconds since last log event
05/15/17 05:54:32 Pending DAG nodes:
05/15/17 05:54:32   Node original, HTCondor ID 1292, status STATUS_SUBMITTED
05/15/17 05:54:32   Node cbow_mean_soft, HTCondor ID 1293, status STATUS_SUBMITTED
05/15/17 05:54:32   Node cbow_exp_soft, HTCondor ID 1294, status STATUS_SUBMITTED
05/15/17 05:54:32   Node cbow_tfidf_soft, HTCondor ID 1295, status STATUS_SUBMITTED
05/15/17 05:54:32   Node cbow_mean_lstm, HTCondor ID 1296, status STATUS_SUBMITTED
05/15/17 05:54:32   Node cbow_exp_lstm, HTCondor ID 1297, status STATUS_SUBMITTED
05/15/17 05:54:32   Node cbow_tfidf_lstm, HTCondor ID 1298, status STATUS_SUBMITTED
05/15/17 05:54:32   Node topic, HTCondor ID 1300, status STATUS_SUBMITTED
05/15/17 05:54:32   Node extended_topic_1, HTCondor ID 1302, status STATUS_SUBMITTED
05/15/17 06:04:34 19869 seconds since last log event
05/15/17 06:04:34 Pending DAG nodes:
05/15/17 06:04:34   Node original, HTCondor ID 1292, status STATUS_SUBMITTED
05/15/17 06:04:34   Node cbow_mean_soft, HTCondor ID 1293, status STATUS_SUBMITTED
05/15/17 06:04:34   Node cbow_exp_soft, HTCondor ID 1294, status STATUS_SUBMITTED
05/15/17 06:04:34   Node cbow_tfidf_soft, HTCondor ID 1295, status STATUS_SUBMITTED
05/15/17 06:04:34   Node cbow_mean_lstm, HTCondor ID 1296, status STATUS_SUBMITTED
05/15/17 06:04:34   Node cbow_exp_lstm, HTCondor ID 1297, status STATUS_SUBMITTED
05/15/17 06:04:34   Node cbow_tfidf_lstm, HTCondor ID 1298, status STATUS_SUBMITTED
05/15/17 06:04:34   Node topic, HTCondor ID 1300, status STATUS_SUBMITTED
05/15/17 06:04:34   Node extended_topic_1, HTCondor ID 1302, status STATUS_SUBMITTED
05/15/17 06:14:35 20470 seconds since last log event
05/15/17 06:14:35 Pending DAG nodes:
05/15/17 06:14:35   Node original, HTCondor ID 1292, status STATUS_SUBMITTED
05/15/17 06:14:35   Node cbow_mean_soft, HTCondor ID 1293, status STATUS_SUBMITTED
05/15/17 06:14:35   Node cbow_exp_soft, HTCondor ID 1294, status STATUS_SUBMITTED
05/15/17 06:14:35   Node cbow_tfidf_soft, HTCondor ID 1295, status STATUS_SUBMITTED
05/15/17 06:14:35   Node cbow_mean_lstm, HTCondor ID 1296, status STATUS_SUBMITTED
05/15/17 06:14:35   Node cbow_exp_lstm, HTCondor ID 1297, status STATUS_SUBMITTED
05/15/17 06:14:35   Node cbow_tfidf_lstm, HTCondor ID 1298, status STATUS_SUBMITTED
05/15/17 06:14:35   Node topic, HTCondor ID 1300, status STATUS_SUBMITTED
05/15/17 06:14:35   Node extended_topic_1, HTCondor ID 1302, status STATUS_SUBMITTED
05/15/17 06:24:37 21072 seconds since last log event
05/15/17 06:24:37 Pending DAG nodes:
05/15/17 06:24:37   Node original, HTCondor ID 1292, status STATUS_SUBMITTED
05/15/17 06:24:37   Node cbow_mean_soft, HTCondor ID 1293, status STATUS_SUBMITTED
05/15/17 06:24:37   Node cbow_exp_soft, HTCondor ID 1294, status STATUS_SUBMITTED
05/15/17 06:24:37   Node cbow_tfidf_soft, HTCondor ID 1295, status STATUS_SUBMITTED
05/15/17 06:24:37   Node cbow_mean_lstm, HTCondor ID 1296, status STATUS_SUBMITTED
05/15/17 06:24:37   Node cbow_exp_lstm, HTCondor ID 1297, status STATUS_SUBMITTED
05/15/17 06:24:37   Node cbow_tfidf_lstm, HTCondor ID 1298, status STATUS_SUBMITTED
05/15/17 06:24:37   Node topic, HTCondor ID 1300, status STATUS_SUBMITTED
05/15/17 06:24:37   Node extended_topic_1, HTCondor ID 1302, status STATUS_SUBMITTED
05/15/17 06:34:39 21674 seconds since last log event
05/15/17 06:34:39 Pending DAG nodes:
05/15/17 06:34:39   Node original, HTCondor ID 1292, status STATUS_SUBMITTED
05/15/17 06:34:39   Node cbow_mean_soft, HTCondor ID 1293, status STATUS_SUBMITTED
05/15/17 06:34:39   Node cbow_exp_soft, HTCondor ID 1294, status STATUS_SUBMITTED
05/15/17 06:34:39   Node cbow_tfidf_soft, HTCondor ID 1295, status STATUS_SUBMITTED
05/15/17 06:34:39   Node cbow_mean_lstm, HTCondor ID 1296, status STATUS_SUBMITTED
05/15/17 06:34:39   Node cbow_exp_lstm, HTCondor ID 1297, status STATUS_SUBMITTED
05/15/17 06:34:39   Node cbow_tfidf_lstm, HTCondor ID 1298, status STATUS_SUBMITTED
05/15/17 06:34:39   Node topic, HTCondor ID 1300, status STATUS_SUBMITTED
05/15/17 06:34:39   Node extended_topic_1, HTCondor ID 1302, status STATUS_SUBMITTED
05/15/17 06:44:41 22276 seconds since last log event
05/15/17 06:44:41 Pending DAG nodes:
05/15/17 06:44:41   Node original, HTCondor ID 1292, status STATUS_SUBMITTED
05/15/17 06:44:41   Node cbow_mean_soft, HTCondor ID 1293, status STATUS_SUBMITTED
05/15/17 06:44:41   Node cbow_exp_soft, HTCondor ID 1294, status STATUS_SUBMITTED
05/15/17 06:44:41   Node cbow_tfidf_soft, HTCondor ID 1295, status STATUS_SUBMITTED
05/15/17 06:44:41   Node cbow_mean_lstm, HTCondor ID 1296, status STATUS_SUBMITTED
05/15/17 06:44:41   Node cbow_exp_lstm, HTCondor ID 1297, status STATUS_SUBMITTED
05/15/17 06:44:41   Node cbow_tfidf_lstm, HTCondor ID 1298, status STATUS_SUBMITTED
05/15/17 06:44:41   Node topic, HTCondor ID 1300, status STATUS_SUBMITTED
05/15/17 06:44:41   Node extended_topic_1, HTCondor ID 1302, status STATUS_SUBMITTED
05/15/17 06:54:43 22878 seconds since last log event
05/15/17 06:54:43 Pending DAG nodes:
05/15/17 06:54:43   Node original, HTCondor ID 1292, status STATUS_SUBMITTED
05/15/17 06:54:43   Node cbow_mean_soft, HTCondor ID 1293, status STATUS_SUBMITTED
05/15/17 06:54:43   Node cbow_exp_soft, HTCondor ID 1294, status STATUS_SUBMITTED
05/15/17 06:54:43   Node cbow_tfidf_soft, HTCondor ID 1295, status STATUS_SUBMITTED
05/15/17 06:54:43   Node cbow_mean_lstm, HTCondor ID 1296, status STATUS_SUBMITTED
05/15/17 06:54:43   Node cbow_exp_lstm, HTCondor ID 1297, status STATUS_SUBMITTED
05/15/17 06:54:43   Node cbow_tfidf_lstm, HTCondor ID 1298, status STATUS_SUBMITTED
05/15/17 06:54:43   Node topic, HTCondor ID 1300, status STATUS_SUBMITTED
05/15/17 06:54:43   Node extended_topic_1, HTCondor ID 1302, status STATUS_SUBMITTED
05/15/17 07:04:45 23480 seconds since last log event
05/15/17 07:04:45 Pending DAG nodes:
05/15/17 07:04:45   Node original, HTCondor ID 1292, status STATUS_SUBMITTED
05/15/17 07:04:45   Node cbow_mean_soft, HTCondor ID 1293, status STATUS_SUBMITTED
05/15/17 07:04:45   Node cbow_exp_soft, HTCondor ID 1294, status STATUS_SUBMITTED
05/15/17 07:04:45   Node cbow_tfidf_soft, HTCondor ID 1295, status STATUS_SUBMITTED
05/15/17 07:04:45   Node cbow_mean_lstm, HTCondor ID 1296, status STATUS_SUBMITTED
05/15/17 07:04:45   Node cbow_exp_lstm, HTCondor ID 1297, status STATUS_SUBMITTED
05/15/17 07:04:45   Node cbow_tfidf_lstm, HTCondor ID 1298, status STATUS_SUBMITTED
05/15/17 07:04:45   Node topic, HTCondor ID 1300, status STATUS_SUBMITTED
05/15/17 07:04:45   Node extended_topic_1, HTCondor ID 1302, status STATUS_SUBMITTED
05/15/17 07:14:46 24081 seconds since last log event
05/15/17 07:14:46 Pending DAG nodes:
05/15/17 07:14:46   Node original, HTCondor ID 1292, status STATUS_SUBMITTED
05/15/17 07:14:46   Node cbow_mean_soft, HTCondor ID 1293, status STATUS_SUBMITTED
05/15/17 07:14:46   Node cbow_exp_soft, HTCondor ID 1294, status STATUS_SUBMITTED
05/15/17 07:14:46   Node cbow_tfidf_soft, HTCondor ID 1295, status STATUS_SUBMITTED
05/15/17 07:14:46   Node cbow_mean_lstm, HTCondor ID 1296, status STATUS_SUBMITTED
05/15/17 07:14:46   Node cbow_exp_lstm, HTCondor ID 1297, status STATUS_SUBMITTED
05/15/17 07:14:46   Node cbow_tfidf_lstm, HTCondor ID 1298, status STATUS_SUBMITTED
05/15/17 07:14:46   Node topic, HTCondor ID 1300, status STATUS_SUBMITTED
05/15/17 07:14:46   Node extended_topic_1, HTCondor ID 1302, status STATUS_SUBMITTED
05/15/17 07:24:48 24683 seconds since last log event
05/15/17 07:24:48 Pending DAG nodes:
05/15/17 07:24:48   Node original, HTCondor ID 1292, status STATUS_SUBMITTED
05/15/17 07:24:48   Node cbow_mean_soft, HTCondor ID 1293, status STATUS_SUBMITTED
05/15/17 07:24:48   Node cbow_exp_soft, HTCondor ID 1294, status STATUS_SUBMITTED
05/15/17 07:24:48   Node cbow_tfidf_soft, HTCondor ID 1295, status STATUS_SUBMITTED
05/15/17 07:24:48   Node cbow_mean_lstm, HTCondor ID 1296, status STATUS_SUBMITTED
05/15/17 07:24:48   Node cbow_exp_lstm, HTCondor ID 1297, status STATUS_SUBMITTED
05/15/17 07:24:48   Node cbow_tfidf_lstm, HTCondor ID 1298, status STATUS_SUBMITTED
05/15/17 07:24:48   Node topic, HTCondor ID 1300, status STATUS_SUBMITTED
05/15/17 07:24:48   Node extended_topic_1, HTCondor ID 1302, status STATUS_SUBMITTED
05/15/17 07:34:50 25285 seconds since last log event
05/15/17 07:34:50 Pending DAG nodes:
05/15/17 07:34:50   Node original, HTCondor ID 1292, status STATUS_SUBMITTED
05/15/17 07:34:50   Node cbow_mean_soft, HTCondor ID 1293, status STATUS_SUBMITTED
05/15/17 07:34:50   Node cbow_exp_soft, HTCondor ID 1294, status STATUS_SUBMITTED
05/15/17 07:34:50   Node cbow_tfidf_soft, HTCondor ID 1295, status STATUS_SUBMITTED
05/15/17 07:34:50   Node cbow_mean_lstm, HTCondor ID 1296, status STATUS_SUBMITTED
05/15/17 07:34:50   Node cbow_exp_lstm, HTCondor ID 1297, status STATUS_SUBMITTED
05/15/17 07:34:50   Node cbow_tfidf_lstm, HTCondor ID 1298, status STATUS_SUBMITTED
05/15/17 07:34:50   Node topic, HTCondor ID 1300, status STATUS_SUBMITTED
05/15/17 07:34:50   Node extended_topic_1, HTCondor ID 1302, status STATUS_SUBMITTED
05/15/17 07:44:52 25887 seconds since last log event
05/15/17 07:44:52 Pending DAG nodes:
05/15/17 07:44:52   Node original, HTCondor ID 1292, status STATUS_SUBMITTED
05/15/17 07:44:52   Node cbow_mean_soft, HTCondor ID 1293, status STATUS_SUBMITTED
05/15/17 07:44:52   Node cbow_exp_soft, HTCondor ID 1294, status STATUS_SUBMITTED
05/15/17 07:44:52   Node cbow_tfidf_soft, HTCondor ID 1295, status STATUS_SUBMITTED
05/15/17 07:44:52   Node cbow_mean_lstm, HTCondor ID 1296, status STATUS_SUBMITTED
05/15/17 07:44:52   Node cbow_exp_lstm, HTCondor ID 1297, status STATUS_SUBMITTED
05/15/17 07:44:52   Node cbow_tfidf_lstm, HTCondor ID 1298, status STATUS_SUBMITTED
05/15/17 07:44:52   Node topic, HTCondor ID 1300, status STATUS_SUBMITTED
05/15/17 07:44:52   Node extended_topic_1, HTCondor ID 1302, status STATUS_SUBMITTED
05/15/17 07:54:53 26488 seconds since last log event
05/15/17 07:54:53 Pending DAG nodes:
05/15/17 07:54:53   Node original, HTCondor ID 1292, status STATUS_SUBMITTED
05/15/17 07:54:53   Node cbow_mean_soft, HTCondor ID 1293, status STATUS_SUBMITTED
05/15/17 07:54:53   Node cbow_exp_soft, HTCondor ID 1294, status STATUS_SUBMITTED
05/15/17 07:54:53   Node cbow_tfidf_soft, HTCondor ID 1295, status STATUS_SUBMITTED
05/15/17 07:54:53   Node cbow_mean_lstm, HTCondor ID 1296, status STATUS_SUBMITTED
05/15/17 07:54:53   Node cbow_exp_lstm, HTCondor ID 1297, status STATUS_SUBMITTED
05/15/17 07:54:53   Node cbow_tfidf_lstm, HTCondor ID 1298, status STATUS_SUBMITTED
05/15/17 07:54:53   Node topic, HTCondor ID 1300, status STATUS_SUBMITTED
05/15/17 07:54:53   Node extended_topic_1, HTCondor ID 1302, status STATUS_SUBMITTED
05/15/17 08:04:55 27090 seconds since last log event
05/15/17 08:04:55 Pending DAG nodes:
05/15/17 08:04:55   Node original, HTCondor ID 1292, status STATUS_SUBMITTED
05/15/17 08:04:55   Node cbow_mean_soft, HTCondor ID 1293, status STATUS_SUBMITTED
05/15/17 08:04:55   Node cbow_exp_soft, HTCondor ID 1294, status STATUS_SUBMITTED
05/15/17 08:04:55   Node cbow_tfidf_soft, HTCondor ID 1295, status STATUS_SUBMITTED
05/15/17 08:04:55   Node cbow_mean_lstm, HTCondor ID 1296, status STATUS_SUBMITTED
05/15/17 08:04:55   Node cbow_exp_lstm, HTCondor ID 1297, status STATUS_SUBMITTED
05/15/17 08:04:55   Node cbow_tfidf_lstm, HTCondor ID 1298, status STATUS_SUBMITTED
05/15/17 08:04:55   Node topic, HTCondor ID 1300, status STATUS_SUBMITTED
05/15/17 08:04:55   Node extended_topic_1, HTCondor ID 1302, status STATUS_SUBMITTED
05/15/17 08:14:57 27692 seconds since last log event
05/15/17 08:14:57 Pending DAG nodes:
05/15/17 08:14:57   Node original, HTCondor ID 1292, status STATUS_SUBMITTED
05/15/17 08:14:57   Node cbow_mean_soft, HTCondor ID 1293, status STATUS_SUBMITTED
05/15/17 08:14:57   Node cbow_exp_soft, HTCondor ID 1294, status STATUS_SUBMITTED
05/15/17 08:14:57   Node cbow_tfidf_soft, HTCondor ID 1295, status STATUS_SUBMITTED
05/15/17 08:14:57   Node cbow_mean_lstm, HTCondor ID 1296, status STATUS_SUBMITTED
05/15/17 08:14:57   Node cbow_exp_lstm, HTCondor ID 1297, status STATUS_SUBMITTED
05/15/17 08:14:57   Node cbow_tfidf_lstm, HTCondor ID 1298, status STATUS_SUBMITTED
05/15/17 08:14:57   Node topic, HTCondor ID 1300, status STATUS_SUBMITTED
05/15/17 08:14:57   Node extended_topic_1, HTCondor ID 1302, status STATUS_SUBMITTED
05/15/17 08:24:59 28294 seconds since last log event
05/15/17 08:24:59 Pending DAG nodes:
05/15/17 08:24:59   Node original, HTCondor ID 1292, status STATUS_SUBMITTED
05/15/17 08:24:59   Node cbow_mean_soft, HTCondor ID 1293, status STATUS_SUBMITTED
05/15/17 08:24:59   Node cbow_exp_soft, HTCondor ID 1294, status STATUS_SUBMITTED
05/15/17 08:24:59   Node cbow_tfidf_soft, HTCondor ID 1295, status STATUS_SUBMITTED
05/15/17 08:24:59   Node cbow_mean_lstm, HTCondor ID 1296, status STATUS_SUBMITTED
05/15/17 08:24:59   Node cbow_exp_lstm, HTCondor ID 1297, status STATUS_SUBMITTED
05/15/17 08:24:59   Node cbow_tfidf_lstm, HTCondor ID 1298, status STATUS_SUBMITTED
05/15/17 08:24:59   Node topic, HTCondor ID 1300, status STATUS_SUBMITTED
05/15/17 08:24:59   Node extended_topic_1, HTCondor ID 1302, status STATUS_SUBMITTED
05/15/17 08:35:01 28896 seconds since last log event
05/15/17 08:35:01 Pending DAG nodes:
05/15/17 08:35:01   Node original, HTCondor ID 1292, status STATUS_SUBMITTED
05/15/17 08:35:01   Node cbow_mean_soft, HTCondor ID 1293, status STATUS_SUBMITTED
05/15/17 08:35:01   Node cbow_exp_soft, HTCondor ID 1294, status STATUS_SUBMITTED
05/15/17 08:35:01   Node cbow_tfidf_soft, HTCondor ID 1295, status STATUS_SUBMITTED
05/15/17 08:35:01   Node cbow_mean_lstm, HTCondor ID 1296, status STATUS_SUBMITTED
05/15/17 08:35:01   Node cbow_exp_lstm, HTCondor ID 1297, status STATUS_SUBMITTED
05/15/17 08:35:01   Node cbow_tfidf_lstm, HTCondor ID 1298, status STATUS_SUBMITTED
05/15/17 08:35:01   Node topic, HTCondor ID 1300, status STATUS_SUBMITTED
05/15/17 08:35:01   Node extended_topic_1, HTCondor ID 1302, status STATUS_SUBMITTED
05/15/17 08:45:03 29498 seconds since last log event
05/15/17 08:45:03 Pending DAG nodes:
05/15/17 08:45:03   Node original, HTCondor ID 1292, status STATUS_SUBMITTED
05/15/17 08:45:03   Node cbow_mean_soft, HTCondor ID 1293, status STATUS_SUBMITTED
05/15/17 08:45:03   Node cbow_exp_soft, HTCondor ID 1294, status STATUS_SUBMITTED
05/15/17 08:45:03   Node cbow_tfidf_soft, HTCondor ID 1295, status STATUS_SUBMITTED
05/15/17 08:45:03   Node cbow_mean_lstm, HTCondor ID 1296, status STATUS_SUBMITTED
05/15/17 08:45:03   Node cbow_exp_lstm, HTCondor ID 1297, status STATUS_SUBMITTED
05/15/17 08:45:03   Node cbow_tfidf_lstm, HTCondor ID 1298, status STATUS_SUBMITTED
05/15/17 08:45:03   Node topic, HTCondor ID 1300, status STATUS_SUBMITTED
05/15/17 08:45:03   Node extended_topic_1, HTCondor ID 1302, status STATUS_SUBMITTED
05/15/17 08:55:05 30100 seconds since last log event
05/15/17 08:55:05 Pending DAG nodes:
05/15/17 08:55:05   Node original, HTCondor ID 1292, status STATUS_SUBMITTED
05/15/17 08:55:05   Node cbow_mean_soft, HTCondor ID 1293, status STATUS_SUBMITTED
05/15/17 08:55:05   Node cbow_exp_soft, HTCondor ID 1294, status STATUS_SUBMITTED
05/15/17 08:55:05   Node cbow_tfidf_soft, HTCondor ID 1295, status STATUS_SUBMITTED
05/15/17 08:55:05   Node cbow_mean_lstm, HTCondor ID 1296, status STATUS_SUBMITTED
05/15/17 08:55:05   Node cbow_exp_lstm, HTCondor ID 1297, status STATUS_SUBMITTED
05/15/17 08:55:05   Node cbow_tfidf_lstm, HTCondor ID 1298, status STATUS_SUBMITTED
05/15/17 08:55:05   Node topic, HTCondor ID 1300, status STATUS_SUBMITTED
05/15/17 08:55:05   Node extended_topic_1, HTCondor ID 1302, status STATUS_SUBMITTED
05/15/17 09:05:07 30702 seconds since last log event
05/15/17 09:05:07 Pending DAG nodes:
05/15/17 09:05:07   Node original, HTCondor ID 1292, status STATUS_SUBMITTED
05/15/17 09:05:07   Node cbow_mean_soft, HTCondor ID 1293, status STATUS_SUBMITTED
05/15/17 09:05:07   Node cbow_exp_soft, HTCondor ID 1294, status STATUS_SUBMITTED
05/15/17 09:05:07   Node cbow_tfidf_soft, HTCondor ID 1295, status STATUS_SUBMITTED
05/15/17 09:05:07   Node cbow_mean_lstm, HTCondor ID 1296, status STATUS_SUBMITTED
05/15/17 09:05:07   Node cbow_exp_lstm, HTCondor ID 1297, status STATUS_SUBMITTED
05/15/17 09:05:07   Node cbow_tfidf_lstm, HTCondor ID 1298, status STATUS_SUBMITTED
05/15/17 09:05:07   Node topic, HTCondor ID 1300, status STATUS_SUBMITTED
05/15/17 09:05:07   Node extended_topic_1, HTCondor ID 1302, status STATUS_SUBMITTED
05/15/17 09:15:09 31304 seconds since last log event
05/15/17 09:15:09 Pending DAG nodes:
05/15/17 09:15:09   Node original, HTCondor ID 1292, status STATUS_SUBMITTED
05/15/17 09:15:09   Node cbow_mean_soft, HTCondor ID 1293, status STATUS_SUBMITTED
05/15/17 09:15:09   Node cbow_exp_soft, HTCondor ID 1294, status STATUS_SUBMITTED
05/15/17 09:15:09   Node cbow_tfidf_soft, HTCondor ID 1295, status STATUS_SUBMITTED
05/15/17 09:15:09   Node cbow_mean_lstm, HTCondor ID 1296, status STATUS_SUBMITTED
05/15/17 09:15:09   Node cbow_exp_lstm, HTCondor ID 1297, status STATUS_SUBMITTED
05/15/17 09:15:09   Node cbow_tfidf_lstm, HTCondor ID 1298, status STATUS_SUBMITTED
05/15/17 09:15:09   Node topic, HTCondor ID 1300, status STATUS_SUBMITTED
05/15/17 09:15:09   Node extended_topic_1, HTCondor ID 1302, status STATUS_SUBMITTED
05/15/17 09:25:11 31906 seconds since last log event
05/15/17 09:25:11 Pending DAG nodes:
05/15/17 09:25:11   Node original, HTCondor ID 1292, status STATUS_SUBMITTED
05/15/17 09:25:11   Node cbow_mean_soft, HTCondor ID 1293, status STATUS_SUBMITTED
05/15/17 09:25:11   Node cbow_exp_soft, HTCondor ID 1294, status STATUS_SUBMITTED
05/15/17 09:25:11   Node cbow_tfidf_soft, HTCondor ID 1295, status STATUS_SUBMITTED
05/15/17 09:25:11   Node cbow_mean_lstm, HTCondor ID 1296, status STATUS_SUBMITTED
05/15/17 09:25:11   Node cbow_exp_lstm, HTCondor ID 1297, status STATUS_SUBMITTED
05/15/17 09:25:11   Node cbow_tfidf_lstm, HTCondor ID 1298, status STATUS_SUBMITTED
05/15/17 09:25:11   Node topic, HTCondor ID 1300, status STATUS_SUBMITTED
05/15/17 09:25:11   Node extended_topic_1, HTCondor ID 1302, status STATUS_SUBMITTED
05/15/17 09:35:14 32509 seconds since last log event
05/15/17 09:35:14 Pending DAG nodes:
05/15/17 09:35:14   Node original, HTCondor ID 1292, status STATUS_SUBMITTED
05/15/17 09:35:14   Node cbow_mean_soft, HTCondor ID 1293, status STATUS_SUBMITTED
05/15/17 09:35:14   Node cbow_exp_soft, HTCondor ID 1294, status STATUS_SUBMITTED
05/15/17 09:35:14   Node cbow_tfidf_soft, HTCondor ID 1295, status STATUS_SUBMITTED
05/15/17 09:35:14   Node cbow_mean_lstm, HTCondor ID 1296, status STATUS_SUBMITTED
05/15/17 09:35:14   Node cbow_exp_lstm, HTCondor ID 1297, status STATUS_SUBMITTED
05/15/17 09:35:14   Node cbow_tfidf_lstm, HTCondor ID 1298, status STATUS_SUBMITTED
05/15/17 09:35:14   Node topic, HTCondor ID 1300, status STATUS_SUBMITTED
05/15/17 09:35:14   Node extended_topic_1, HTCondor ID 1302, status STATUS_SUBMITTED
05/15/17 09:45:16 33111 seconds since last log event
05/15/17 09:45:16 Pending DAG nodes:
05/15/17 09:45:16   Node original, HTCondor ID 1292, status STATUS_SUBMITTED
05/15/17 09:45:16   Node cbow_mean_soft, HTCondor ID 1293, status STATUS_SUBMITTED
05/15/17 09:45:16   Node cbow_exp_soft, HTCondor ID 1294, status STATUS_SUBMITTED
05/15/17 09:45:16   Node cbow_tfidf_soft, HTCondor ID 1295, status STATUS_SUBMITTED
05/15/17 09:45:16   Node cbow_mean_lstm, HTCondor ID 1296, status STATUS_SUBMITTED
05/15/17 09:45:16   Node cbow_exp_lstm, HTCondor ID 1297, status STATUS_SUBMITTED
05/15/17 09:45:16   Node cbow_tfidf_lstm, HTCondor ID 1298, status STATUS_SUBMITTED
05/15/17 09:45:16   Node topic, HTCondor ID 1300, status STATUS_SUBMITTED
05/15/17 09:45:16   Node extended_topic_1, HTCondor ID 1302, status STATUS_SUBMITTED
05/15/17 09:55:17 33712 seconds since last log event
05/15/17 09:55:17 Pending DAG nodes:
05/15/17 09:55:17   Node original, HTCondor ID 1292, status STATUS_SUBMITTED
05/15/17 09:55:17   Node cbow_mean_soft, HTCondor ID 1293, status STATUS_SUBMITTED
05/15/17 09:55:17   Node cbow_exp_soft, HTCondor ID 1294, status STATUS_SUBMITTED
05/15/17 09:55:17   Node cbow_tfidf_soft, HTCondor ID 1295, status STATUS_SUBMITTED
05/15/17 09:55:17   Node cbow_mean_lstm, HTCondor ID 1296, status STATUS_SUBMITTED
05/15/17 09:55:17   Node cbow_exp_lstm, HTCondor ID 1297, status STATUS_SUBMITTED
05/15/17 09:55:17   Node cbow_tfidf_lstm, HTCondor ID 1298, status STATUS_SUBMITTED
05/15/17 09:55:17   Node topic, HTCondor ID 1300, status STATUS_SUBMITTED
05/15/17 09:55:17   Node extended_topic_1, HTCondor ID 1302, status STATUS_SUBMITTED
05/15/17 10:05:20 34315 seconds since last log event
05/15/17 10:05:20 Pending DAG nodes:
05/15/17 10:05:20   Node original, HTCondor ID 1292, status STATUS_SUBMITTED
05/15/17 10:05:20   Node cbow_mean_soft, HTCondor ID 1293, status STATUS_SUBMITTED
05/15/17 10:05:20   Node cbow_exp_soft, HTCondor ID 1294, status STATUS_SUBMITTED
05/15/17 10:05:20   Node cbow_tfidf_soft, HTCondor ID 1295, status STATUS_SUBMITTED
05/15/17 10:05:20   Node cbow_mean_lstm, HTCondor ID 1296, status STATUS_SUBMITTED
05/15/17 10:05:20   Node cbow_exp_lstm, HTCondor ID 1297, status STATUS_SUBMITTED
05/15/17 10:05:20   Node cbow_tfidf_lstm, HTCondor ID 1298, status STATUS_SUBMITTED
05/15/17 10:05:20   Node topic, HTCondor ID 1300, status STATUS_SUBMITTED
05/15/17 10:05:20   Node extended_topic_1, HTCondor ID 1302, status STATUS_SUBMITTED
05/15/17 10:15:22 34917 seconds since last log event
05/15/17 10:15:22 Pending DAG nodes:
05/15/17 10:15:22   Node original, HTCondor ID 1292, status STATUS_SUBMITTED
05/15/17 10:15:22   Node cbow_mean_soft, HTCondor ID 1293, status STATUS_SUBMITTED
05/15/17 10:15:22   Node cbow_exp_soft, HTCondor ID 1294, status STATUS_SUBMITTED
05/15/17 10:15:22   Node cbow_tfidf_soft, HTCondor ID 1295, status STATUS_SUBMITTED
05/15/17 10:15:22   Node cbow_mean_lstm, HTCondor ID 1296, status STATUS_SUBMITTED
05/15/17 10:15:22   Node cbow_exp_lstm, HTCondor ID 1297, status STATUS_SUBMITTED
05/15/17 10:15:22   Node cbow_tfidf_lstm, HTCondor ID 1298, status STATUS_SUBMITTED
05/15/17 10:15:22   Node topic, HTCondor ID 1300, status STATUS_SUBMITTED
05/15/17 10:15:22   Node extended_topic_1, HTCondor ID 1302, status STATUS_SUBMITTED
05/15/17 10:25:24 35519 seconds since last log event
05/15/17 10:25:24 Pending DAG nodes:
05/15/17 10:25:24   Node original, HTCondor ID 1292, status STATUS_SUBMITTED
05/15/17 10:25:24   Node cbow_mean_soft, HTCondor ID 1293, status STATUS_SUBMITTED
05/15/17 10:25:24   Node cbow_exp_soft, HTCondor ID 1294, status STATUS_SUBMITTED
05/15/17 10:25:24   Node cbow_tfidf_soft, HTCondor ID 1295, status STATUS_SUBMITTED
05/15/17 10:25:24   Node cbow_mean_lstm, HTCondor ID 1296, status STATUS_SUBMITTED
05/15/17 10:25:24   Node cbow_exp_lstm, HTCondor ID 1297, status STATUS_SUBMITTED
05/15/17 10:25:24   Node cbow_tfidf_lstm, HTCondor ID 1298, status STATUS_SUBMITTED
05/15/17 10:25:24   Node topic, HTCondor ID 1300, status STATUS_SUBMITTED
05/15/17 10:25:24   Node extended_topic_1, HTCondor ID 1302, status STATUS_SUBMITTED
05/15/17 10:35:26 36121 seconds since last log event
05/15/17 10:35:26 Pending DAG nodes:
05/15/17 10:35:26   Node original, HTCondor ID 1292, status STATUS_SUBMITTED
05/15/17 10:35:26   Node cbow_mean_soft, HTCondor ID 1293, status STATUS_SUBMITTED
05/15/17 10:35:26   Node cbow_exp_soft, HTCondor ID 1294, status STATUS_SUBMITTED
05/15/17 10:35:26   Node cbow_tfidf_soft, HTCondor ID 1295, status STATUS_SUBMITTED
05/15/17 10:35:26   Node cbow_mean_lstm, HTCondor ID 1296, status STATUS_SUBMITTED
05/15/17 10:35:26   Node cbow_exp_lstm, HTCondor ID 1297, status STATUS_SUBMITTED
05/15/17 10:35:26   Node cbow_tfidf_lstm, HTCondor ID 1298, status STATUS_SUBMITTED
05/15/17 10:35:26   Node topic, HTCondor ID 1300, status STATUS_SUBMITTED
05/15/17 10:35:26   Node extended_topic_1, HTCondor ID 1302, status STATUS_SUBMITTED
05/15/17 10:45:28 36723 seconds since last log event
05/15/17 10:45:28 Pending DAG nodes:
05/15/17 10:45:28   Node original, HTCondor ID 1292, status STATUS_SUBMITTED
05/15/17 10:45:28   Node cbow_mean_soft, HTCondor ID 1293, status STATUS_SUBMITTED
05/15/17 10:45:28   Node cbow_exp_soft, HTCondor ID 1294, status STATUS_SUBMITTED
05/15/17 10:45:28   Node cbow_tfidf_soft, HTCondor ID 1295, status STATUS_SUBMITTED
05/15/17 10:45:28   Node cbow_mean_lstm, HTCondor ID 1296, status STATUS_SUBMITTED
05/15/17 10:45:28   Node cbow_exp_lstm, HTCondor ID 1297, status STATUS_SUBMITTED
05/15/17 10:45:28   Node cbow_tfidf_lstm, HTCondor ID 1298, status STATUS_SUBMITTED
05/15/17 10:45:28   Node topic, HTCondor ID 1300, status STATUS_SUBMITTED
05/15/17 10:45:28   Node extended_topic_1, HTCondor ID 1302, status STATUS_SUBMITTED
05/15/17 10:55:30 37325 seconds since last log event
05/15/17 10:55:30 Pending DAG nodes:
05/15/17 10:55:30   Node original, HTCondor ID 1292, status STATUS_SUBMITTED
05/15/17 10:55:30   Node cbow_mean_soft, HTCondor ID 1293, status STATUS_SUBMITTED
05/15/17 10:55:30   Node cbow_exp_soft, HTCondor ID 1294, status STATUS_SUBMITTED
05/15/17 10:55:30   Node cbow_tfidf_soft, HTCondor ID 1295, status STATUS_SUBMITTED
05/15/17 10:55:30   Node cbow_mean_lstm, HTCondor ID 1296, status STATUS_SUBMITTED
05/15/17 10:55:30   Node cbow_exp_lstm, HTCondor ID 1297, status STATUS_SUBMITTED
05/15/17 10:55:30   Node cbow_tfidf_lstm, HTCondor ID 1298, status STATUS_SUBMITTED
05/15/17 10:55:30   Node topic, HTCondor ID 1300, status STATUS_SUBMITTED
05/15/17 10:55:30   Node extended_topic_1, HTCondor ID 1302, status STATUS_SUBMITTED
05/15/17 11:05:31 37926 seconds since last log event
05/15/17 11:05:31 Pending DAG nodes:
05/15/17 11:05:31   Node original, HTCondor ID 1292, status STATUS_SUBMITTED
05/15/17 11:05:31   Node cbow_mean_soft, HTCondor ID 1293, status STATUS_SUBMITTED
05/15/17 11:05:31   Node cbow_exp_soft, HTCondor ID 1294, status STATUS_SUBMITTED
05/15/17 11:05:31   Node cbow_tfidf_soft, HTCondor ID 1295, status STATUS_SUBMITTED
05/15/17 11:05:31   Node cbow_mean_lstm, HTCondor ID 1296, status STATUS_SUBMITTED
05/15/17 11:05:31   Node cbow_exp_lstm, HTCondor ID 1297, status STATUS_SUBMITTED
05/15/17 11:05:31   Node cbow_tfidf_lstm, HTCondor ID 1298, status STATUS_SUBMITTED
05/15/17 11:05:31   Node topic, HTCondor ID 1300, status STATUS_SUBMITTED
05/15/17 11:05:31   Node extended_topic_1, HTCondor ID 1302, status STATUS_SUBMITTED
05/15/17 11:15:33 38528 seconds since last log event
05/15/17 11:15:33 Pending DAG nodes:
05/15/17 11:15:33   Node original, HTCondor ID 1292, status STATUS_SUBMITTED
05/15/17 11:15:33   Node cbow_mean_soft, HTCondor ID 1293, status STATUS_SUBMITTED
05/15/17 11:15:33   Node cbow_exp_soft, HTCondor ID 1294, status STATUS_SUBMITTED
05/15/17 11:15:33   Node cbow_tfidf_soft, HTCondor ID 1295, status STATUS_SUBMITTED
05/15/17 11:15:33   Node cbow_mean_lstm, HTCondor ID 1296, status STATUS_SUBMITTED
05/15/17 11:15:33   Node cbow_exp_lstm, HTCondor ID 1297, status STATUS_SUBMITTED
05/15/17 11:15:33   Node cbow_tfidf_lstm, HTCondor ID 1298, status STATUS_SUBMITTED
05/15/17 11:15:33   Node topic, HTCondor ID 1300, status STATUS_SUBMITTED
05/15/17 11:15:33   Node extended_topic_1, HTCondor ID 1302, status STATUS_SUBMITTED
05/15/17 11:25:36 39131 seconds since last log event
05/15/17 11:25:36 Pending DAG nodes:
05/15/17 11:25:36   Node original, HTCondor ID 1292, status STATUS_SUBMITTED
05/15/17 11:25:36   Node cbow_mean_soft, HTCondor ID 1293, status STATUS_SUBMITTED
05/15/17 11:25:36   Node cbow_exp_soft, HTCondor ID 1294, status STATUS_SUBMITTED
05/15/17 11:25:36   Node cbow_tfidf_soft, HTCondor ID 1295, status STATUS_SUBMITTED
05/15/17 11:25:36   Node cbow_mean_lstm, HTCondor ID 1296, status STATUS_SUBMITTED
05/15/17 11:25:36   Node cbow_exp_lstm, HTCondor ID 1297, status STATUS_SUBMITTED
05/15/17 11:25:36   Node cbow_tfidf_lstm, HTCondor ID 1298, status STATUS_SUBMITTED
05/15/17 11:25:36   Node topic, HTCondor ID 1300, status STATUS_SUBMITTED
05/15/17 11:25:36   Node extended_topic_1, HTCondor ID 1302, status STATUS_SUBMITTED
05/15/17 11:35:38 39733 seconds since last log event
05/15/17 11:35:38 Pending DAG nodes:
05/15/17 11:35:38   Node original, HTCondor ID 1292, status STATUS_SUBMITTED
05/15/17 11:35:38   Node cbow_mean_soft, HTCondor ID 1293, status STATUS_SUBMITTED
05/15/17 11:35:38   Node cbow_exp_soft, HTCondor ID 1294, status STATUS_SUBMITTED
05/15/17 11:35:38   Node cbow_tfidf_soft, HTCondor ID 1295, status STATUS_SUBMITTED
05/15/17 11:35:38   Node cbow_mean_lstm, HTCondor ID 1296, status STATUS_SUBMITTED
05/15/17 11:35:38   Node cbow_exp_lstm, HTCondor ID 1297, status STATUS_SUBMITTED
05/15/17 11:35:38   Node cbow_tfidf_lstm, HTCondor ID 1298, status STATUS_SUBMITTED
05/15/17 11:35:38   Node topic, HTCondor ID 1300, status STATUS_SUBMITTED
05/15/17 11:35:38   Node extended_topic_1, HTCondor ID 1302, status STATUS_SUBMITTED
05/15/17 11:45:40 40335 seconds since last log event
05/15/17 11:45:40 Pending DAG nodes:
05/15/17 11:45:40   Node original, HTCondor ID 1292, status STATUS_SUBMITTED
05/15/17 11:45:40   Node cbow_mean_soft, HTCondor ID 1293, status STATUS_SUBMITTED
05/15/17 11:45:40   Node cbow_exp_soft, HTCondor ID 1294, status STATUS_SUBMITTED
05/15/17 11:45:40   Node cbow_tfidf_soft, HTCondor ID 1295, status STATUS_SUBMITTED
05/15/17 11:45:40   Node cbow_mean_lstm, HTCondor ID 1296, status STATUS_SUBMITTED
05/15/17 11:45:40   Node cbow_exp_lstm, HTCondor ID 1297, status STATUS_SUBMITTED
05/15/17 11:45:40   Node cbow_tfidf_lstm, HTCondor ID 1298, status STATUS_SUBMITTED
05/15/17 11:45:40   Node topic, HTCondor ID 1300, status STATUS_SUBMITTED
05/15/17 11:45:40   Node extended_topic_1, HTCondor ID 1302, status STATUS_SUBMITTED
05/15/17 11:55:42 40937 seconds since last log event
05/15/17 11:55:42 Pending DAG nodes:
05/15/17 11:55:42   Node original, HTCondor ID 1292, status STATUS_SUBMITTED
05/15/17 11:55:42   Node cbow_mean_soft, HTCondor ID 1293, status STATUS_SUBMITTED
05/15/17 11:55:42   Node cbow_exp_soft, HTCondor ID 1294, status STATUS_SUBMITTED
05/15/17 11:55:42   Node cbow_tfidf_soft, HTCondor ID 1295, status STATUS_SUBMITTED
05/15/17 11:55:42   Node cbow_mean_lstm, HTCondor ID 1296, status STATUS_SUBMITTED
05/15/17 11:55:42   Node cbow_exp_lstm, HTCondor ID 1297, status STATUS_SUBMITTED
05/15/17 11:55:42   Node cbow_tfidf_lstm, HTCondor ID 1298, status STATUS_SUBMITTED
05/15/17 11:55:42   Node topic, HTCondor ID 1300, status STATUS_SUBMITTED
05/15/17 11:55:42   Node extended_topic_1, HTCondor ID 1302, status STATUS_SUBMITTED
05/15/17 12:05:45 41540 seconds since last log event
05/15/17 12:05:45 Pending DAG nodes:
05/15/17 12:05:45   Node original, HTCondor ID 1292, status STATUS_SUBMITTED
05/15/17 12:05:45   Node cbow_mean_soft, HTCondor ID 1293, status STATUS_SUBMITTED
05/15/17 12:05:45   Node cbow_exp_soft, HTCondor ID 1294, status STATUS_SUBMITTED
05/15/17 12:05:45   Node cbow_tfidf_soft, HTCondor ID 1295, status STATUS_SUBMITTED
05/15/17 12:05:45   Node cbow_mean_lstm, HTCondor ID 1296, status STATUS_SUBMITTED
05/15/17 12:05:45   Node cbow_exp_lstm, HTCondor ID 1297, status STATUS_SUBMITTED
05/15/17 12:05:45   Node cbow_tfidf_lstm, HTCondor ID 1298, status STATUS_SUBMITTED
05/15/17 12:05:45   Node topic, HTCondor ID 1300, status STATUS_SUBMITTED
05/15/17 12:05:45   Node extended_topic_1, HTCondor ID 1302, status STATUS_SUBMITTED
05/15/17 12:15:48 42143 seconds since last log event
05/15/17 12:15:48 Pending DAG nodes:
05/15/17 12:15:48   Node original, HTCondor ID 1292, status STATUS_SUBMITTED
05/15/17 12:15:48   Node cbow_mean_soft, HTCondor ID 1293, status STATUS_SUBMITTED
05/15/17 12:15:48   Node cbow_exp_soft, HTCondor ID 1294, status STATUS_SUBMITTED
05/15/17 12:15:48   Node cbow_tfidf_soft, HTCondor ID 1295, status STATUS_SUBMITTED
05/15/17 12:15:48   Node cbow_mean_lstm, HTCondor ID 1296, status STATUS_SUBMITTED
05/15/17 12:15:48   Node cbow_exp_lstm, HTCondor ID 1297, status STATUS_SUBMITTED
05/15/17 12:15:48   Node cbow_tfidf_lstm, HTCondor ID 1298, status STATUS_SUBMITTED
05/15/17 12:15:48   Node topic, HTCondor ID 1300, status STATUS_SUBMITTED
05/15/17 12:15:48   Node extended_topic_1, HTCondor ID 1302, status STATUS_SUBMITTED
05/15/17 12:25:51 42746 seconds since last log event
05/15/17 12:25:51 Pending DAG nodes:
05/15/17 12:25:51   Node original, HTCondor ID 1292, status STATUS_SUBMITTED
05/15/17 12:25:51   Node cbow_mean_soft, HTCondor ID 1293, status STATUS_SUBMITTED
05/15/17 12:25:51   Node cbow_exp_soft, HTCondor ID 1294, status STATUS_SUBMITTED
05/15/17 12:25:51   Node cbow_tfidf_soft, HTCondor ID 1295, status STATUS_SUBMITTED
05/15/17 12:25:51   Node cbow_mean_lstm, HTCondor ID 1296, status STATUS_SUBMITTED
05/15/17 12:25:51   Node cbow_exp_lstm, HTCondor ID 1297, status STATUS_SUBMITTED
05/15/17 12:25:51   Node cbow_tfidf_lstm, HTCondor ID 1298, status STATUS_SUBMITTED
05/15/17 12:25:51   Node topic, HTCondor ID 1300, status STATUS_SUBMITTED
05/15/17 12:25:51   Node extended_topic_1, HTCondor ID 1302, status STATUS_SUBMITTED
05/15/17 12:35:53 43348 seconds since last log event
05/15/17 12:35:53 Pending DAG nodes:
05/15/17 12:35:53   Node original, HTCondor ID 1292, status STATUS_SUBMITTED
05/15/17 12:35:53   Node cbow_mean_soft, HTCondor ID 1293, status STATUS_SUBMITTED
05/15/17 12:35:53   Node cbow_exp_soft, HTCondor ID 1294, status STATUS_SUBMITTED
05/15/17 12:35:53   Node cbow_tfidf_soft, HTCondor ID 1295, status STATUS_SUBMITTED
05/15/17 12:35:53   Node cbow_mean_lstm, HTCondor ID 1296, status STATUS_SUBMITTED
05/15/17 12:35:53   Node cbow_exp_lstm, HTCondor ID 1297, status STATUS_SUBMITTED
05/15/17 12:35:53   Node cbow_tfidf_lstm, HTCondor ID 1298, status STATUS_SUBMITTED
05/15/17 12:35:53   Node topic, HTCondor ID 1300, status STATUS_SUBMITTED
05/15/17 12:35:53   Node extended_topic_1, HTCondor ID 1302, status STATUS_SUBMITTED
05/15/17 12:45:54 43949 seconds since last log event
05/15/17 12:45:54 Pending DAG nodes:
05/15/17 12:45:54   Node original, HTCondor ID 1292, status STATUS_SUBMITTED
05/15/17 12:45:54   Node cbow_mean_soft, HTCondor ID 1293, status STATUS_SUBMITTED
05/15/17 12:45:54   Node cbow_exp_soft, HTCondor ID 1294, status STATUS_SUBMITTED
05/15/17 12:45:54   Node cbow_tfidf_soft, HTCondor ID 1295, status STATUS_SUBMITTED
05/15/17 12:45:54   Node cbow_mean_lstm, HTCondor ID 1296, status STATUS_SUBMITTED
05/15/17 12:45:54   Node cbow_exp_lstm, HTCondor ID 1297, status STATUS_SUBMITTED
05/15/17 12:45:54   Node cbow_tfidf_lstm, HTCondor ID 1298, status STATUS_SUBMITTED
05/15/17 12:45:54   Node topic, HTCondor ID 1300, status STATUS_SUBMITTED
05/15/17 12:45:54   Node extended_topic_1, HTCondor ID 1302, status STATUS_SUBMITTED
05/15/17 12:55:57 44552 seconds since last log event
05/15/17 12:55:57 Pending DAG nodes:
05/15/17 12:55:57   Node original, HTCondor ID 1292, status STATUS_SUBMITTED
05/15/17 12:55:57   Node cbow_mean_soft, HTCondor ID 1293, status STATUS_SUBMITTED
05/15/17 12:55:57   Node cbow_exp_soft, HTCondor ID 1294, status STATUS_SUBMITTED
05/15/17 12:55:57   Node cbow_tfidf_soft, HTCondor ID 1295, status STATUS_SUBMITTED
05/15/17 12:55:57   Node cbow_mean_lstm, HTCondor ID 1296, status STATUS_SUBMITTED
05/15/17 12:55:57   Node cbow_exp_lstm, HTCondor ID 1297, status STATUS_SUBMITTED
05/15/17 12:55:57   Node cbow_tfidf_lstm, HTCondor ID 1298, status STATUS_SUBMITTED
05/15/17 12:55:57   Node topic, HTCondor ID 1300, status STATUS_SUBMITTED
05/15/17 12:55:57   Node extended_topic_1, HTCondor ID 1302, status STATUS_SUBMITTED
05/15/17 13:05:59 45154 seconds since last log event
05/15/17 13:05:59 Pending DAG nodes:
05/15/17 13:05:59   Node original, HTCondor ID 1292, status STATUS_SUBMITTED
05/15/17 13:05:59   Node cbow_mean_soft, HTCondor ID 1293, status STATUS_SUBMITTED
05/15/17 13:05:59   Node cbow_exp_soft, HTCondor ID 1294, status STATUS_SUBMITTED
05/15/17 13:05:59   Node cbow_tfidf_soft, HTCondor ID 1295, status STATUS_SUBMITTED
05/15/17 13:05:59   Node cbow_mean_lstm, HTCondor ID 1296, status STATUS_SUBMITTED
05/15/17 13:05:59   Node cbow_exp_lstm, HTCondor ID 1297, status STATUS_SUBMITTED
05/15/17 13:05:59   Node cbow_tfidf_lstm, HTCondor ID 1298, status STATUS_SUBMITTED
05/15/17 13:05:59   Node topic, HTCondor ID 1300, status STATUS_SUBMITTED
05/15/17 13:05:59   Node extended_topic_1, HTCondor ID 1302, status STATUS_SUBMITTED
