000 (1351.000.000) 05/19 10:26:37 Job submitted from host: <10.33.133.154:9618?addrs=10.33.133.154-9618+[--1]-9618&noUDP&sock=1383_3391_3>
    DAG Node: topic
...
000 (1352.000.000) 05/19 10:26:37 Job submitted from host: <10.33.133.154:9618?addrs=10.33.133.154-9618+[--1]-9618&noUDP&sock=1383_3391_3>
    DAG Node: extended_topic_1
...
001 (1351.000.000) 05/20 23:37:58 Job executing on host: <10.33.133.61:9618?addrs=10.33.133.61-9618+[--1]-9618&noUDP&sock=8577_afe3_3>
...
001 (1352.000.000) 05/21 00:32:02 Job executing on host: <10.33.133.124:9618?addrs=10.33.133.124-9618+[--1]-9618&noUDP&sock=26695_20c9_3>
...
005 (1352.000.000) 05/21 16:05:23 Job terminated.
	(1) Normal termination (return value 0)
		Usr 0 07:14:50, Sys 0 00:24:17  -  Run Remote Usage
		Usr 0 00:00:00, Sys 0 00:00:00  -  Run Local Usage
		Usr 0 07:14:50, Sys 0 00:24:17  -  Total Remote Usage
		Usr 0 00:00:00, Sys 0 00:00:00  -  Total Local Usage
	0  -  Run Bytes Sent By Job
	0  -  Run Bytes Received By Job
	0  -  Total Bytes Sent By Job
	0  -  Total Bytes Received By Job
	Partitionable Resources :    Usage  Request Allocated
	   Cpus                 :                 1         1
	   Disk (KB)            :        7        7  17225095
	   Gpus                 :                 1         1
	   Memory (MB)          :     2406     8192      8192
...
005 (1351.000.000) 05/21 22:04:57 Job terminated.
	(1) Normal termination (return value 0)
		Usr 0 09:25:56, Sys 0 00:31:07  -  Run Remote Usage
		Usr 0 00:00:00, Sys 0 00:00:00  -  Run Local Usage
		Usr 0 09:25:56, Sys 0 00:31:07  -  Total Remote Usage
		Usr 0 00:00:00, Sys 0 00:00:00  -  Total Local Usage
	0  -  Run Bytes Sent By Job
	0  -  Run Bytes Received By Job
	0  -  Total Bytes Sent By Job
	0  -  Total Bytes Received By Job
	Partitionable Resources :    Usage  Request Allocated
	   Cpus                 :                 1         1
	   Disk (KB)            :        7        7   9469664
	   Gpus                 :                 1         1
	   Memory (MB)          :     3944     8192      8192
...
