000 (1425.000.000) 05/22 09:07:44 Job submitted from host: <10.33.133.154:9618?addrs=10.33.133.154-9618+[--1]-9618&noUDP&sock=1383_3391_3>
    DAG Node: cbow_mean_lstm
...
001 (1425.000.000) 05/22 20:21:06 Job executing on host: <10.33.133.57:9618?addrs=10.33.133.57-9618+[--1]-9618&noUDP&sock=1510_5018_3>
...
006 (1425.000.000) 05/22 20:21:16 Image size of job updated: 265616
	239  -  MemoryUsage of job (MB)
	243784  -  ResidentSetSize of job (KB)
...
006 (1425.000.000) 05/22 20:26:16 Image size of job updated: 1089036
	867  -  MemoryUsage of job (MB)
	887100  -  ResidentSetSize of job (KB)
...
006 (1425.000.000) 05/22 20:31:16 Image size of job updated: 1130348
	907  -  MemoryUsage of job (MB)
	928404  -  ResidentSetSize of job (KB)
...
006 (1425.000.000) 05/22 20:36:16 Image size of job updated: 1299024
	1072  -  MemoryUsage of job (MB)
	1097080  -  ResidentSetSize of job (KB)
...
006 (1425.000.000) 05/22 20:41:17 Image size of job updated: 1300004
	1073  -  MemoryUsage of job (MB)
	1098060  -  ResidentSetSize of job (KB)
...
006 (1425.000.000) 05/22 20:51:18 Image size of job updated: 1304412
	1077  -  MemoryUsage of job (MB)
	1102468  -  ResidentSetSize of job (KB)
...
006 (1425.000.000) 05/22 20:56:18 Image size of job updated: 1365968
	1137  -  MemoryUsage of job (MB)
	1164024  -  ResidentSetSize of job (KB)
...
006 (1425.000.000) 05/22 21:01:19 Image size of job updated: 1366152
	1137  -  MemoryUsage of job (MB)
	1164208  -  ResidentSetSize of job (KB)
...
006 (1425.000.000) 05/22 21:06:20 Image size of job updated: 1366168
	1138  -  MemoryUsage of job (MB)
	1164376  -  ResidentSetSize of job (KB)
...
006 (1425.000.000) 05/22 21:16:22 Image size of job updated: 1366168
	1138  -  MemoryUsage of job (MB)
	1164392  -  ResidentSetSize of job (KB)
...
006 (1425.000.000) 05/22 21:26:23 Image size of job updated: 1366168
	1138  -  MemoryUsage of job (MB)
	1164408  -  ResidentSetSize of job (KB)
...
006 (1425.000.000) 05/22 21:31:23 Image size of job updated: 1366168
	1138  -  MemoryUsage of job (MB)
	1164412  -  ResidentSetSize of job (KB)
...
006 (1425.000.000) 05/22 21:36:23 Image size of job updated: 1366168
	1138  -  MemoryUsage of job (MB)
	1164416  -  ResidentSetSize of job (KB)
...
006 (1425.000.000) 05/22 21:41:24 Image size of job updated: 1366168
	1138  -  MemoryUsage of job (MB)
	1164548  -  ResidentSetSize of job (KB)
...
006 (1425.000.000) 05/22 21:46:25 Image size of job updated: 1366168
	1138  -  MemoryUsage of job (MB)
	1164552  -  ResidentSetSize of job (KB)
...
006 (1425.000.000) 05/22 21:51:26 Image size of job updated: 1366168
	1138  -  MemoryUsage of job (MB)
	1164564  -  ResidentSetSize of job (KB)
...
006 (1425.000.000) 05/22 21:56:27 Image size of job updated: 1366168
	1138  -  MemoryUsage of job (MB)
	1164580  -  ResidentSetSize of job (KB)
...
006 (1425.000.000) 05/22 22:01:27 Image size of job updated: 1366168
	1138  -  MemoryUsage of job (MB)
	1164584  -  ResidentSetSize of job (KB)
...
006 (1425.000.000) 05/22 22:06:27 Image size of job updated: 1366168
	1160  -  MemoryUsage of job (MB)
	1187272  -  ResidentSetSize of job (KB)
...
006 (1425.000.000) 05/22 22:11:28 Image size of job updated: 1366168
	1167  -  MemoryUsage of job (MB)
	1194788  -  ResidentSetSize of job (KB)
...
005 (1425.000.000) 05/22 23:02:27 Job terminated.
	(1) Normal termination (return value 0)
		Usr 0 04:28:38, Sys 0 00:29:58  -  Run Remote Usage
		Usr 0 00:00:00, Sys 0 00:00:00  -  Run Local Usage
		Usr 0 04:28:38, Sys 0 00:29:58  -  Total Remote Usage
		Usr 0 00:00:00, Sys 0 00:00:00  -  Total Local Usage
	0  -  Run Bytes Sent By Job
	0  -  Run Bytes Received By Job
	0  -  Total Bytes Sent By Job
	0  -  Total Bytes Received By Job
	Partitionable Resources :    Usage  Request Allocated
	   Cpus                 :                 1         1
	   Disk (KB)            :        7        7  34832079
	   Gpus                 :                 1         1
	   Memory (MB)          :     1167     8192      8192
...
