000 (1436.000.000) 05/22 11:09:10 Job submitted from host: <10.33.133.154:9618?addrs=10.33.133.154-9618+[--1]-9618&noUDP&sock=1383_3391_3>
    DAG Node: extended_topic_1
...
001 (1436.000.000) 05/23 18:57:16 Job executing on host: <10.33.133.57:9618?addrs=10.33.133.57-9618+[--1]-9618&noUDP&sock=1510_5018_3>
...
006 (1436.000.000) 05/23 18:57:24 Image size of job updated: 726096
	710  -  MemoryUsage of job (MB)
	726096  -  ResidentSetSize of job (KB)
...
006 (1436.000.000) 05/23 19:02:24 Image size of job updated: 1756156
	1522  -  MemoryUsage of job (MB)
	1558524  -  ResidentSetSize of job (KB)
...
006 (1436.000.000) 05/23 19:07:24 Image size of job updated: 1779740
	1546  -  MemoryUsage of job (MB)
	1582108  -  ResidentSetSize of job (KB)
...
006 (1436.000.000) 05/23 19:12:24 Image size of job updated: 1792616
	1558  -  MemoryUsage of job (MB)
	1594984  -  ResidentSetSize of job (KB)
...
006 (1436.000.000) 05/23 19:17:25 Image size of job updated: 1794648
	1560  -  MemoryUsage of job (MB)
	1597016  -  ResidentSetSize of job (KB)
...
006 (1436.000.000) 05/23 19:22:26 Image size of job updated: 2459776
	2210  -  MemoryUsage of job (MB)
	2262144  -  ResidentSetSize of job (KB)
...
006 (1436.000.000) 05/23 19:32:28 Image size of job updated: 2526304
	2275  -  MemoryUsage of job (MB)
	2328672  -  ResidentSetSize of job (KB)
...
006 (1436.000.000) 05/23 21:57:42 Image size of job updated: 2887056
	2627  -  MemoryUsage of job (MB)
	2689424  -  ResidentSetSize of job (KB)
...
006 (1436.000.000) 05/23 23:52:53 Image size of job updated: 2904376
	2644  -  MemoryUsage of job (MB)
	2706744  -  ResidentSetSize of job (KB)
...
006 (1436.000.000) 05/23 23:57:53 Image size of job updated: 2904376
	2644  -  MemoryUsage of job (MB)
	2707192  -  ResidentSetSize of job (KB)
...
006 (1436.000.000) 05/24 03:13:15 Image size of job updated: 2941556
	2680  -  MemoryUsage of job (MB)
	2743924  -  ResidentSetSize of job (KB)
...
006 (1436.000.000) 05/24 03:18:15 Image size of job updated: 2941556
	2680  -  MemoryUsage of job (MB)
	2744292  -  ResidentSetSize of job (KB)
...
005 (1436.000.000) 05/24 07:10:21 Job terminated.
	(1) Normal termination (return value 0)
		Usr 0 17:18:12, Sys 0 03:12:12  -  Run Remote Usage
		Usr 0 00:00:00, Sys 0 00:00:00  -  Run Local Usage
		Usr 0 17:18:12, Sys 0 03:12:12  -  Total Remote Usage
		Usr 0 00:00:00, Sys 0 00:00:00  -  Total Local Usage
	0  -  Run Bytes Sent By Job
	0  -  Run Bytes Received By Job
	0  -  Total Bytes Sent By Job
	0  -  Total Bytes Received By Job
	Partitionable Resources :    Usage  Request Allocated
	   Cpus                 :                 1         1
	   Disk (KB)            :        7        7  35840499
	   Gpus                 :                 1         1
	   Memory (MB)          :     2680     8192      8192
...
