05/22/17 09:07:40 ******************************************************
05/22/17 09:07:40 ** condor_scheduniv_exec.1420.0 (CONDOR_DAGMAN) STARTING UP
05/22/17 09:07:40 ** /usr/bin/condor_dagman
05/22/17 09:07:40 ** SubsystemInfo: name=DAGMAN type=DAGMAN(10) class=DAEMON(1)
05/22/17 09:07:40 ** Configuration: subsystem:DAGMAN local:<NONE> class:DAEMON
05/22/17 09:07:40 ** $CondorVersion: 8.6.2 Apr 23 2017 BuildID: 404257 $
05/22/17 09:07:40 ** $CondorPlatform: x86_64_RedHat7 $
05/22/17 09:07:40 ** PID = 13223
05/22/17 09:07:40 ** Log last touched time unavailable (No such file or directory)
05/22/17 09:07:40 ******************************************************
05/22/17 09:07:40 Using config source: /etc/condor/condor_config
05/22/17 09:07:40 Using local config sources: 
05/22/17 09:07:40    /etc/condor/config.d/00esat.config
05/22/17 09:07:40    /etc/condor/config.d/01java.config
05/22/17 09:07:40    /etc/condor/config.d/80optout_users.config
05/22/17 09:07:40    /etc/condor/condor_config.local
05/22/17 09:07:40 config Macros = 166, Sorted = 166, StringBytes = 6026, TablesBytes = 6048
05/22/17 09:07:40 CLASSAD_CACHING is ENABLED
05/22/17 09:07:40 Daemon Log is logging: D_ALWAYS D_ERROR
05/22/17 09:07:40 DaemonCore: No command port requested.
05/22/17 09:07:40 DAGMAN_USE_STRICT setting: 1
05/22/17 09:07:40 DAGMAN_VERBOSITY setting: 3
05/22/17 09:07:40 DAGMAN_DEBUG_CACHE_SIZE setting: 5242880
05/22/17 09:07:40 DAGMAN_DEBUG_CACHE_ENABLE setting: False
05/22/17 09:07:40 DAGMAN_SUBMIT_DELAY setting: 0
05/22/17 09:07:40 DAGMAN_MAX_SUBMIT_ATTEMPTS setting: 6
05/22/17 09:07:40 DAGMAN_STARTUP_CYCLE_DETECT setting: False
05/22/17 09:07:40 DAGMAN_MAX_SUBMITS_PER_INTERVAL setting: 5
05/22/17 09:07:40 DAGMAN_USER_LOG_SCAN_INTERVAL setting: 5
05/22/17 09:07:40 DAGMAN_DEFAULT_PRIORITY setting: 0
05/22/17 09:07:40 DAGMAN_SUPPRESS_NOTIFICATION setting: True
05/22/17 09:07:40 allow_events (DAGMAN_ALLOW_EVENTS) setting: 114
05/22/17 09:07:40 DAGMAN_RETRY_SUBMIT_FIRST setting: True
05/22/17 09:07:40 DAGMAN_RETRY_NODE_FIRST setting: False
05/22/17 09:07:40 DAGMAN_MAX_JOBS_IDLE setting: 1000
05/22/17 09:07:40 DAGMAN_MAX_JOBS_SUBMITTED setting: 0
05/22/17 09:07:40 DAGMAN_MAX_PRE_SCRIPTS setting: 20
05/22/17 09:07:40 DAGMAN_MAX_POST_SCRIPTS setting: 20
05/22/17 09:07:40 DAGMAN_MUNGE_NODE_NAMES setting: True
05/22/17 09:07:40 DAGMAN_PROHIBIT_MULTI_JOBS setting: False
05/22/17 09:07:40 DAGMAN_SUBMIT_DEPTH_FIRST setting: False
05/22/17 09:07:40 DAGMAN_ALWAYS_RUN_POST setting: False
05/22/17 09:07:40 DAGMAN_ABORT_DUPLICATES setting: True
05/22/17 09:07:40 DAGMAN_ABORT_ON_SCARY_SUBMIT setting: True
05/22/17 09:07:40 DAGMAN_PENDING_REPORT_INTERVAL setting: 600
05/22/17 09:07:40 DAGMAN_AUTO_RESCUE setting: True
05/22/17 09:07:40 DAGMAN_MAX_RESCUE_NUM setting: 100
05/22/17 09:07:40 DAGMAN_WRITE_PARTIAL_RESCUE setting: True
05/22/17 09:07:40 DAGMAN_DEFAULT_NODE_LOG setting: @(DAG_DIR)/@(DAG_FILE).nodes.log
05/22/17 09:07:40 DAGMAN_GENERATE_SUBDAG_SUBMITS setting: True
05/22/17 09:07:40 DAGMAN_MAX_JOB_HOLDS setting: 100
05/22/17 09:07:40 DAGMAN_HOLD_CLAIM_TIME setting: 20
05/22/17 09:07:40 ALL_DEBUG setting: 
05/22/17 09:07:40 DAGMAN_DEBUG setting: 
05/22/17 09:07:40 DAGMAN_SUPPRESS_JOB_LOGS setting: False
05/22/17 09:07:40 DAGMAN_REMOVE_NODE_JOBS setting: True
05/22/17 09:07:40 argv[0] == "condor_scheduniv_exec.1420.0"
05/22/17 09:07:40 argv[1] == "-Lockfile"
05/22/17 09:07:40 argv[2] == "pretrained_tied_models_small.dag.lock"
05/22/17 09:07:40 argv[3] == "-AutoRescue"
05/22/17 09:07:40 argv[4] == "1"
05/22/17 09:07:40 argv[5] == "-DoRescueFrom"
05/22/17 09:07:40 argv[6] == "0"
05/22/17 09:07:40 argv[7] == "-Dag"
05/22/17 09:07:40 argv[8] == "pretrained_tied_models_small.dag"
05/22/17 09:07:40 argv[9] == "-Suppress_notification"
05/22/17 09:07:40 argv[10] == "-CsdVersion"
05/22/17 09:07:40 argv[11] == "$CondorVersion: 8.6.2 Apr 23 2017 BuildID: 404257 $"
05/22/17 09:07:40 argv[12] == "-Dagman"
05/22/17 09:07:40 argv[13] == "/usr/bin/condor_dagman"
05/22/17 09:07:40 Workflow batch-name: <pretrained_tied_models_small.dag+1420>
05/22/17 09:07:40 Workflow accounting_group: <>
05/22/17 09:07:40 Workflow accounting_group_user: <>
05/22/17 09:07:40 Warning: failed to get attribute DAGNodeName
05/22/17 09:07:40 DAGMAN_LOG_ON_NFS_IS_ERROR setting: False
05/22/17 09:07:40 Default node log file is: </esat/spchtemp/scratch/robbe/SpeechHub/n-best/python/jobdag/./pretrained_tied_models_small.dag.nodes.log>
05/22/17 09:07:40 DAG Lockfile will be written to pretrained_tied_models_small.dag.lock
05/22/17 09:07:40 DAG Input file is pretrained_tied_models_small.dag
05/22/17 09:07:40 Parsing 1 dagfiles
05/22/17 09:07:40 Parsing pretrained_tied_models_small.dag ...
05/22/17 09:07:40 Dag contains 9 total jobs
05/22/17 09:07:40 Sleeping for 3 seconds to ensure ProcessId uniqueness
05/22/17 09:07:43 Bootstrapping...
05/22/17 09:07:43 Number of pre-completed nodes: 0
05/22/17 09:07:43 MultiLogFiles: truncating log file /esat/spchtemp/scratch/robbe/SpeechHub/n-best/python/jobdag/./pretrained_tied_models_small.dag.nodes.log
05/22/17 09:07:43 DAG status: 0 (DAG_STATUS_OK)
05/22/17 09:07:43 Of 9 nodes total:
05/22/17 09:07:43  Done     Pre   Queued    Post   Ready   Un-Ready   Failed
05/22/17 09:07:43   ===     ===      ===     ===     ===        ===      ===
05/22/17 09:07:43     0       0        0       0       9          0        0
05/22/17 09:07:43 0 job proc(s) currently held
05/22/17 09:07:43 Registering condor_event_timer...
05/22/17 09:07:44 Submitting HTCondor Node original job(s)...
05/22/17 09:07:44 Adding a DAGMan workflow log /esat/spchtemp/scratch/robbe/SpeechHub/n-best/python/jobdag/./pretrained_tied_models_small.dag.nodes.log
05/22/17 09:07:44 Masking the events recorded in the DAGMAN workflow log
05/22/17 09:07:44 Mask for workflow log is 0,1,2,4,5,7,9,10,11,12,13,16,17,24,27
05/22/17 09:07:44 submitting: /usr/bin/condor_submit -a dag_node_name' '=' 'original -a +DAGManJobId' '=' '1420 -a DAGManJobId' '=' '1420 -batch-name pretrained_tied_models_small.dag+1420 -a submit_event_notes' '=' 'DAG' 'Node:' 'original -a dagman_log' '=' '/esat/spchtemp/scratch/robbe/SpeechHub/n-best/python/jobdag/./pretrained_tied_models_small.dag.nodes.log -a +DAGManNodesMask' '=' '"0,1,2,4,5,7,9,10,11,12,13,16,17,24,27" -a test_name' '=' 'original -a num_run' '=' '0 -a model_name' '=' 'pretrained_tied_models_small -a name' '=' 'pretrained_tied_n_best_original_small -a DAG_STATUS' '=' '0 -a FAILED_COUNT' '=' '0 -a notification' '=' 'never -a +DAGParentNodeNames' '=' '"" jobdag/original.job
05/22/17 09:07:44 From submit: Submitting job(s).
05/22/17 09:07:44 From submit: 1 job(s) submitted to cluster 1421.
05/22/17 09:07:44 	assigned HTCondor ID (1421.0.0)
05/22/17 09:07:44 Submitting HTCondor Node cbow_mean_soft job(s)...
05/22/17 09:07:44 Adding a DAGMan workflow log /esat/spchtemp/scratch/robbe/SpeechHub/n-best/python/jobdag/./pretrained_tied_models_small.dag.nodes.log
05/22/17 09:07:44 Masking the events recorded in the DAGMAN workflow log
05/22/17 09:07:44 Mask for workflow log is 0,1,2,4,5,7,9,10,11,12,13,16,17,24,27
05/22/17 09:07:44 submitting: /usr/bin/condor_submit -a dag_node_name' '=' 'cbow_mean_soft -a +DAGManJobId' '=' '1420 -a DAGManJobId' '=' '1420 -batch-name pretrained_tied_models_small.dag+1420 -a submit_event_notes' '=' 'DAG' 'Node:' 'cbow_mean_soft -a dagman_log' '=' '/esat/spchtemp/scratch/robbe/SpeechHub/n-best/python/jobdag/./pretrained_tied_models_small.dag.nodes.log -a +DAGManNodesMask' '=' '"0,1,2,4,5,7,9,10,11,12,13,16,17,24,27" -a test_name' '=' 'cbow_mean_soft -a num_run' '=' '0 -a model_name' '=' 'pretrained_tied_models_small -a name' '=' 'pretrained_tied_n_best_cbow_mean_soft_small -a DAG_STATUS' '=' '0 -a FAILED_COUNT' '=' '0 -a notification' '=' 'never -a +DAGParentNodeNames' '=' '"" jobdag/cbow_soft_tied.job
05/22/17 09:07:44 From submit: Submitting job(s).
05/22/17 09:07:44 From submit: 1 job(s) submitted to cluster 1422.
05/22/17 09:07:44 	assigned HTCondor ID (1422.0.0)
05/22/17 09:07:44 Submitting HTCondor Node cbow_exp_soft job(s)...
05/22/17 09:07:44 Adding a DAGMan workflow log /esat/spchtemp/scratch/robbe/SpeechHub/n-best/python/jobdag/./pretrained_tied_models_small.dag.nodes.log
05/22/17 09:07:44 Masking the events recorded in the DAGMAN workflow log
05/22/17 09:07:44 Mask for workflow log is 0,1,2,4,5,7,9,10,11,12,13,16,17,24,27
05/22/17 09:07:44 submitting: /usr/bin/condor_submit -a dag_node_name' '=' 'cbow_exp_soft -a +DAGManJobId' '=' '1420 -a DAGManJobId' '=' '1420 -batch-name pretrained_tied_models_small.dag+1420 -a submit_event_notes' '=' 'DAG' 'Node:' 'cbow_exp_soft -a dagman_log' '=' '/esat/spchtemp/scratch/robbe/SpeechHub/n-best/python/jobdag/./pretrained_tied_models_small.dag.nodes.log -a +DAGManNodesMask' '=' '"0,1,2,4,5,7,9,10,11,12,13,16,17,24,27" -a test_name' '=' 'cbow_exp_soft -a num_run' '=' '0 -a model_name' '=' 'pretrained_tied_models_small -a name' '=' 'pretrained_tied_n_best_cbow_exp_soft_small -a DAG_STATUS' '=' '0 -a FAILED_COUNT' '=' '0 -a notification' '=' 'never -a +DAGParentNodeNames' '=' '"" jobdag/cbow_soft_tied.job
05/22/17 09:07:44 From submit: Submitting job(s).
05/22/17 09:07:44 From submit: 1 job(s) submitted to cluster 1423.
05/22/17 09:07:44 	assigned HTCondor ID (1423.0.0)
05/22/17 09:07:44 Submitting HTCondor Node cbow_tfidf_soft job(s)...
05/22/17 09:07:44 Adding a DAGMan workflow log /esat/spchtemp/scratch/robbe/SpeechHub/n-best/python/jobdag/./pretrained_tied_models_small.dag.nodes.log
05/22/17 09:07:44 Masking the events recorded in the DAGMAN workflow log
05/22/17 09:07:44 Mask for workflow log is 0,1,2,4,5,7,9,10,11,12,13,16,17,24,27
05/22/17 09:07:44 submitting: /usr/bin/condor_submit -a dag_node_name' '=' 'cbow_tfidf_soft -a +DAGManJobId' '=' '1420 -a DAGManJobId' '=' '1420 -batch-name pretrained_tied_models_small.dag+1420 -a submit_event_notes' '=' 'DAG' 'Node:' 'cbow_tfidf_soft -a dagman_log' '=' '/esat/spchtemp/scratch/robbe/SpeechHub/n-best/python/jobdag/./pretrained_tied_models_small.dag.nodes.log -a +DAGManNodesMask' '=' '"0,1,2,4,5,7,9,10,11,12,13,16,17,24,27" -a test_name' '=' 'cbow_tfidf_soft -a num_run' '=' '0 -a model_name' '=' 'pretrained_tied_models_small -a name' '=' 'pretrained_tied_n_best_cbow_tfidf_soft_small -a DAG_STATUS' '=' '0 -a FAILED_COUNT' '=' '0 -a notification' '=' 'never -a +DAGParentNodeNames' '=' '"" jobdag/cbow_soft_tied.job
05/22/17 09:07:44 From submit: Submitting job(s).
05/22/17 09:07:44 From submit: 1 job(s) submitted to cluster 1424.
05/22/17 09:07:44 	assigned HTCondor ID (1424.0.0)
05/22/17 09:07:44 Submitting HTCondor Node cbow_mean_lstm job(s)...
05/22/17 09:07:44 Adding a DAGMan workflow log /esat/spchtemp/scratch/robbe/SpeechHub/n-best/python/jobdag/./pretrained_tied_models_small.dag.nodes.log
05/22/17 09:07:44 Masking the events recorded in the DAGMAN workflow log
05/22/17 09:07:44 Mask for workflow log is 0,1,2,4,5,7,9,10,11,12,13,16,17,24,27
05/22/17 09:07:44 submitting: /usr/bin/condor_submit -a dag_node_name' '=' 'cbow_mean_lstm -a +DAGManJobId' '=' '1420 -a DAGManJobId' '=' '1420 -batch-name pretrained_tied_models_small.dag+1420 -a submit_event_notes' '=' 'DAG' 'Node:' 'cbow_mean_lstm -a dagman_log' '=' '/esat/spchtemp/scratch/robbe/SpeechHub/n-best/python/jobdag/./pretrained_tied_models_small.dag.nodes.log -a +DAGManNodesMask' '=' '"0,1,2,4,5,7,9,10,11,12,13,16,17,24,27" -a test_name' '=' 'cbow_mean_lstm -a num_run' '=' '0 -a model_name' '=' 'pretrained_tied_models_small -a name' '=' 'pretrained_tied_n_best_cbow_mean_lstm_small -a DAG_STATUS' '=' '0 -a FAILED_COUNT' '=' '0 -a notification' '=' 'never -a +DAGParentNodeNames' '=' '"" jobdag/cbow_lstm_tied.job
05/22/17 09:07:44 From submit: Submitting job(s).
05/22/17 09:07:44 From submit: 1 job(s) submitted to cluster 1425.
05/22/17 09:07:44 	assigned HTCondor ID (1425.0.0)
05/22/17 09:07:44 Just submitted 5 jobs this cycle...
05/22/17 09:07:44 Currently monitoring 1 HTCondor log file(s)
05/22/17 09:07:44 Reassigning the id of job original from (1421.0.0) to (1421.0.0)
05/22/17 09:07:44 Event: ULOG_SUBMIT for HTCondor Node original (1421.0.0) {05/22/17 09:07:44}
05/22/17 09:07:44 Number of idle job procs: 1
05/22/17 09:07:44 Reassigning the id of job cbow_mean_soft from (1422.0.0) to (1422.0.0)
05/22/17 09:07:44 Event: ULOG_SUBMIT for HTCondor Node cbow_mean_soft (1422.0.0) {05/22/17 09:07:44}
05/22/17 09:07:44 Number of idle job procs: 2
05/22/17 09:07:44 Reassigning the id of job cbow_exp_soft from (1423.0.0) to (1423.0.0)
05/22/17 09:07:44 Event: ULOG_SUBMIT for HTCondor Node cbow_exp_soft (1423.0.0) {05/22/17 09:07:44}
05/22/17 09:07:44 Number of idle job procs: 3
05/22/17 09:07:44 Reassigning the id of job cbow_tfidf_soft from (1424.0.0) to (1424.0.0)
05/22/17 09:07:44 Event: ULOG_SUBMIT for HTCondor Node cbow_tfidf_soft (1424.0.0) {05/22/17 09:07:44}
05/22/17 09:07:44 Number of idle job procs: 4
05/22/17 09:07:44 Reassigning the id of job cbow_mean_lstm from (1425.0.0) to (1425.0.0)
05/22/17 09:07:44 Event: ULOG_SUBMIT for HTCondor Node cbow_mean_lstm (1425.0.0) {05/22/17 09:07:44}
05/22/17 09:07:44 Number of idle job procs: 5
05/22/17 09:07:44 DAG status: 0 (DAG_STATUS_OK)
05/22/17 09:07:44 Of 9 nodes total:
05/22/17 09:07:44  Done     Pre   Queued    Post   Ready   Un-Ready   Failed
05/22/17 09:07:44   ===     ===      ===     ===     ===        ===      ===
05/22/17 09:07:44     0       0        5       0       4          0        0
05/22/17 09:07:44 0 job proc(s) currently held
05/22/17 09:07:49 Submitting HTCondor Node cbow_exp_lstm job(s)...
05/22/17 09:07:49 Adding a DAGMan workflow log /esat/spchtemp/scratch/robbe/SpeechHub/n-best/python/jobdag/./pretrained_tied_models_small.dag.nodes.log
05/22/17 09:07:49 Masking the events recorded in the DAGMAN workflow log
05/22/17 09:07:49 Mask for workflow log is 0,1,2,4,5,7,9,10,11,12,13,16,17,24,27
05/22/17 09:07:49 submitting: /usr/bin/condor_submit -a dag_node_name' '=' 'cbow_exp_lstm -a +DAGManJobId' '=' '1420 -a DAGManJobId' '=' '1420 -batch-name pretrained_tied_models_small.dag+1420 -a submit_event_notes' '=' 'DAG' 'Node:' 'cbow_exp_lstm -a dagman_log' '=' '/esat/spchtemp/scratch/robbe/SpeechHub/n-best/python/jobdag/./pretrained_tied_models_small.dag.nodes.log -a +DAGManNodesMask' '=' '"0,1,2,4,5,7,9,10,11,12,13,16,17,24,27" -a test_name' '=' 'cbow_exp_lstm -a num_run' '=' '0 -a model_name' '=' 'pretrained_tied_models_small -a name' '=' 'pretrained_tied_n_best_cbow_exp_lstm_small -a DAG_STATUS' '=' '0 -a FAILED_COUNT' '=' '0 -a notification' '=' 'never -a +DAGParentNodeNames' '=' '"" jobdag/cbow_lstm_tied.job
05/22/17 09:07:49 From submit: Submitting job(s).
05/22/17 09:07:49 From submit: 1 job(s) submitted to cluster 1426.
05/22/17 09:07:49 	assigned HTCondor ID (1426.0.0)
05/22/17 09:07:49 Submitting HTCondor Node cbow_tfidf_lstm job(s)...
05/22/17 09:07:49 Adding a DAGMan workflow log /esat/spchtemp/scratch/robbe/SpeechHub/n-best/python/jobdag/./pretrained_tied_models_small.dag.nodes.log
05/22/17 09:07:49 Masking the events recorded in the DAGMAN workflow log
05/22/17 09:07:49 Mask for workflow log is 0,1,2,4,5,7,9,10,11,12,13,16,17,24,27
05/22/17 09:07:49 submitting: /usr/bin/condor_submit -a dag_node_name' '=' 'cbow_tfidf_lstm -a +DAGManJobId' '=' '1420 -a DAGManJobId' '=' '1420 -batch-name pretrained_tied_models_small.dag+1420 -a submit_event_notes' '=' 'DAG' 'Node:' 'cbow_tfidf_lstm -a dagman_log' '=' '/esat/spchtemp/scratch/robbe/SpeechHub/n-best/python/jobdag/./pretrained_tied_models_small.dag.nodes.log -a +DAGManNodesMask' '=' '"0,1,2,4,5,7,9,10,11,12,13,16,17,24,27" -a test_name' '=' 'cbow_tfidf_lstm -a num_run' '=' '0 -a model_name' '=' 'pretrained_tied_models_small -a name' '=' 'pretrained_tied_n_best_cbow_tfidf_lstm_small -a DAG_STATUS' '=' '0 -a FAILED_COUNT' '=' '0 -a notification' '=' 'never -a +DAGParentNodeNames' '=' '"" jobdag/cbow_lstm_tied.job
05/22/17 09:07:50 From submit: Submitting job(s).
05/22/17 09:07:50 From submit: 1 job(s) submitted to cluster 1427.
05/22/17 09:07:50 	assigned HTCondor ID (1427.0.0)
05/22/17 09:07:50 Submitting HTCondor Node topic job(s)...
05/22/17 09:07:50 Adding a DAGMan workflow log /esat/spchtemp/scratch/robbe/SpeechHub/n-best/python/jobdag/./pretrained_tied_models_small.dag.nodes.log
05/22/17 09:07:50 Masking the events recorded in the DAGMAN workflow log
05/22/17 09:07:50 Mask for workflow log is 0,1,2,4,5,7,9,10,11,12,13,16,17,24,27
05/22/17 09:07:50 submitting: /usr/bin/condor_submit -a dag_node_name' '=' 'topic -a +DAGManJobId' '=' '1420 -a DAGManJobId' '=' '1420 -batch-name pretrained_tied_models_small.dag+1420 -a submit_event_notes' '=' 'DAG' 'Node:' 'topic -a dagman_log' '=' '/esat/spchtemp/scratch/robbe/SpeechHub/n-best/python/jobdag/./pretrained_tied_models_small.dag.nodes.log -a +DAGManNodesMask' '=' '"0,1,2,4,5,7,9,10,11,12,13,16,17,24,27" -a test_name' '=' 'topic -a num_run' '=' '0 -a model_name' '=' 'pretrained_tied_models_small -a name' '=' 'pretrained_tied_n_best_topic_small -a DAG_STATUS' '=' '0 -a FAILED_COUNT' '=' '0 -a notification' '=' 'never -a +DAGParentNodeNames' '=' '"" jobdag/topic_tied.job
05/22/17 09:07:50 From submit: Submitting job(s).
05/22/17 09:07:50 From submit: 1 job(s) submitted to cluster 1428.
05/22/17 09:07:50 	assigned HTCondor ID (1428.0.0)
05/22/17 09:07:50 Submitting HTCondor Node extended_topic_1 job(s)...
05/22/17 09:07:50 Adding a DAGMan workflow log /esat/spchtemp/scratch/robbe/SpeechHub/n-best/python/jobdag/./pretrained_tied_models_small.dag.nodes.log
05/22/17 09:07:50 Masking the events recorded in the DAGMAN workflow log
05/22/17 09:07:50 Mask for workflow log is 0,1,2,4,5,7,9,10,11,12,13,16,17,24,27
05/22/17 09:07:50 submitting: /usr/bin/condor_submit -a dag_node_name' '=' 'extended_topic_1 -a +DAGManJobId' '=' '1420 -a DAGManJobId' '=' '1420 -batch-name pretrained_tied_models_small.dag+1420 -a submit_event_notes' '=' 'DAG' 'Node:' 'extended_topic_1 -a dagman_log' '=' '/esat/spchtemp/scratch/robbe/SpeechHub/n-best/python/jobdag/./pretrained_tied_models_small.dag.nodes.log -a +DAGManNodesMask' '=' '"0,1,2,4,5,7,9,10,11,12,13,16,17,24,27" -a test_name' '=' 'extended_topic_1 -a num_run' '=' '0 -a model_name' '=' 'pretrained_tied_models_small -a name' '=' 'pretrained_tied_n_best_textended_topic_1_small -a DAG_STATUS' '=' '0 -a FAILED_COUNT' '=' '0 -a notification' '=' 'never -a +DAGParentNodeNames' '=' '"" jobdag/extended_topic_1_tied.job
05/22/17 09:07:50 From submit: Submitting job(s).
05/22/17 09:07:50 From submit: 1 job(s) submitted to cluster 1429.
05/22/17 09:07:50 	assigned HTCondor ID (1429.0.0)
05/22/17 09:07:50 Just submitted 4 jobs this cycle...
05/22/17 09:07:50 Currently monitoring 1 HTCondor log file(s)
05/22/17 09:07:50 Reassigning the id of job cbow_exp_lstm from (1426.0.0) to (1426.0.0)
05/22/17 09:07:50 Event: ULOG_SUBMIT for HTCondor Node cbow_exp_lstm (1426.0.0) {05/22/17 09:07:49}
05/22/17 09:07:50 Number of idle job procs: 6
05/22/17 09:07:50 Reassigning the id of job cbow_tfidf_lstm from (1427.0.0) to (1427.0.0)
05/22/17 09:07:50 Event: ULOG_SUBMIT for HTCondor Node cbow_tfidf_lstm (1427.0.0) {05/22/17 09:07:50}
05/22/17 09:07:50 Number of idle job procs: 7
05/22/17 09:07:50 Reassigning the id of job topic from (1428.0.0) to (1428.0.0)
05/22/17 09:07:50 Event: ULOG_SUBMIT for HTCondor Node topic (1428.0.0) {05/22/17 09:07:50}
05/22/17 09:07:50 Number of idle job procs: 8
05/22/17 09:07:50 Reassigning the id of job extended_topic_1 from (1429.0.0) to (1429.0.0)
05/22/17 09:07:50 Event: ULOG_SUBMIT for HTCondor Node extended_topic_1 (1429.0.0) {05/22/17 09:07:50}
05/22/17 09:07:50 Number of idle job procs: 9
05/22/17 09:07:50 DAG status: 0 (DAG_STATUS_OK)
05/22/17 09:07:50 Of 9 nodes total:
05/22/17 09:07:50  Done     Pre   Queued    Post   Ready   Un-Ready   Failed
05/22/17 09:07:50   ===     ===      ===     ===     ===        ===      ===
05/22/17 09:07:50     0       0        9       0       0          0        0
05/22/17 09:07:50 0 job proc(s) currently held
05/22/17 09:17:53 603 seconds since last log event
05/22/17 09:17:53 Pending DAG nodes:
05/22/17 09:17:53   Node original, HTCondor ID 1421, status STATUS_SUBMITTED
05/22/17 09:17:53   Node cbow_mean_soft, HTCondor ID 1422, status STATUS_SUBMITTED
05/22/17 09:17:53   Node cbow_exp_soft, HTCondor ID 1423, status STATUS_SUBMITTED
05/22/17 09:17:53   Node cbow_tfidf_soft, HTCondor ID 1424, status STATUS_SUBMITTED
05/22/17 09:17:53   Node cbow_mean_lstm, HTCondor ID 1425, status STATUS_SUBMITTED
05/22/17 09:17:53   Node cbow_exp_lstm, HTCondor ID 1426, status STATUS_SUBMITTED
05/22/17 09:17:53   Node cbow_tfidf_lstm, HTCondor ID 1427, status STATUS_SUBMITTED
05/22/17 09:17:53   Node topic, HTCondor ID 1428, status STATUS_SUBMITTED
05/22/17 09:17:53   Node extended_topic_1, HTCondor ID 1429, status STATUS_SUBMITTED
05/22/17 09:27:55 1205 seconds since last log event
05/22/17 09:27:55 Pending DAG nodes:
05/22/17 09:27:55   Node original, HTCondor ID 1421, status STATUS_SUBMITTED
05/22/17 09:27:55   Node cbow_mean_soft, HTCondor ID 1422, status STATUS_SUBMITTED
05/22/17 09:27:55   Node cbow_exp_soft, HTCondor ID 1423, status STATUS_SUBMITTED
05/22/17 09:27:55   Node cbow_tfidf_soft, HTCondor ID 1424, status STATUS_SUBMITTED
05/22/17 09:27:55   Node cbow_mean_lstm, HTCondor ID 1425, status STATUS_SUBMITTED
05/22/17 09:27:55   Node cbow_exp_lstm, HTCondor ID 1426, status STATUS_SUBMITTED
05/22/17 09:27:55   Node cbow_tfidf_lstm, HTCondor ID 1427, status STATUS_SUBMITTED
05/22/17 09:27:55   Node topic, HTCondor ID 1428, status STATUS_SUBMITTED
05/22/17 09:27:55   Node extended_topic_1, HTCondor ID 1429, status STATUS_SUBMITTED
