000 (1304.000.000) 05/15 00:33:25 Job submitted from host: <10.33.133.154:9618?addrs=10.33.133.154-9618+[--1]-9618&noUDP&sock=1383_3391_3>
    DAG Node: cbow_tfidf_soft
...
009 (1304.000.000) 05/16 21:53:42 Job was aborted by the user.
	removed because <OtherJobRemoveRequirements = DAGManJobId =?= 1291> fired when job (1291.0) was removed
...
000 (205.000.000) 05/17 11:30:36 Job submitted from host: <10.33.133.65:9618?addrs=10.33.133.65-9618+[--1]-9618&noUDP&sock=12592_a4a3_4>
    DAG Node: cbow_tfidf_soft
...
001 (205.000.000) 05/19 06:59:21 Job executing on host: <10.33.133.57:9618?addrs=10.33.133.57-9618+[--1]-9618&noUDP&sock=1510_5018_3>
...
006 (205.000.000) 05/19 06:59:30 Image size of job updated: 181444
	158  -  MemoryUsage of job (MB)
	161248  -  ResidentSetSize of job (KB)
...
006 (205.000.000) 05/19 07:04:31 Image size of job updated: 1106992
	753  -  MemoryUsage of job (MB)
	770296  -  ResidentSetSize of job (KB)
...
006 (205.000.000) 05/19 07:09:32 Image size of job updated: 1113464
	759  -  MemoryUsage of job (MB)
	776768  -  ResidentSetSize of job (KB)
...
006 (205.000.000) 05/19 07:14:33 Image size of job updated: 1301988
	943  -  MemoryUsage of job (MB)
	965292  -  ResidentSetSize of job (KB)
...
006 (205.000.000) 05/19 07:29:33 Image size of job updated: 1330520
	971  -  MemoryUsage of job (MB)
	993824  -  ResidentSetSize of job (KB)
...
006 (205.000.000) 05/19 07:34:34 Image size of job updated: 1330536
	971  -  MemoryUsage of job (MB)
	993840  -  ResidentSetSize of job (KB)
...
006 (205.000.000) 05/19 07:39:35 Image size of job updated: 1330728
	971  -  MemoryUsage of job (MB)
	994032  -  ResidentSetSize of job (KB)
...
006 (205.000.000) 05/19 08:29:39 Image size of job updated: 1341124
	981  -  MemoryUsage of job (MB)
	1004428  -  ResidentSetSize of job (KB)
...
006 (205.000.000) 05/19 08:34:40 Image size of job updated: 1341124
	981  -  MemoryUsage of job (MB)
	1004456  -  ResidentSetSize of job (KB)
...
006 (205.000.000) 05/19 08:39:40 Image size of job updated: 1341124
	981  -  MemoryUsage of job (MB)
	1004504  -  ResidentSetSize of job (KB)
...
