000 (1199.000.000) 05/11 08:47:37 Job submitted from host: <10.33.133.154:9618?addrs=10.33.133.154-9618+[--1]-9618&noUDP&sock=1383_3391_3>
    DAG Node: cbow_exp_soft
...
001 (1199.000.000) 05/14 04:36:31 Job executing on host: <10.33.133.107:9618?addrs=10.33.133.107-9618+[--1]-9618&noUDP&sock=1525_9a04_3>
...
006 (1199.000.000) 05/14 04:36:40 Image size of job updated: 169236
	166  -  MemoryUsage of job (MB)
	169236  -  ResidentSetSize of job (KB)
...
006 (1199.000.000) 05/14 04:41:41 Image size of job updated: 652616
	638  -  MemoryUsage of job (MB)
	652616  -  ResidentSetSize of job (KB)
...
006 (1199.000.000) 05/14 05:11:43 Image size of job updated: 709220
	693  -  MemoryUsage of job (MB)
	709220  -  ResidentSetSize of job (KB)
...
006 (1199.000.000) 05/14 06:11:49 Image size of job updated: 858148
	839  -  MemoryUsage of job (MB)
	858148  -  ResidentSetSize of job (KB)
...
006 (1199.000.000) 05/14 08:02:00 Image size of job updated: 878872
	859  -  MemoryUsage of job (MB)
	878872  -  ResidentSetSize of job (KB)
...
006 (1199.000.000) 05/14 08:07:01 Image size of job updated: 902556
	882  -  MemoryUsage of job (MB)
	902556  -  ResidentSetSize of job (KB)
...
006 (1199.000.000) 05/14 08:17:02 Image size of job updated: 1048592
	1025  -  MemoryUsage of job (MB)
	1048592  -  ResidentSetSize of job (KB)
...
006 (1199.000.000) 05/14 12:07:25 Image size of job updated: 1072812
	1048  -  MemoryUsage of job (MB)
	1072812  -  ResidentSetSize of job (KB)
...
006 (1199.000.000) 05/14 13:02:32 Image size of job updated: 1328356
	1298  -  MemoryUsage of job (MB)
	1328356  -  ResidentSetSize of job (KB)
...
