000 (1433.000.000) 05/22 11:09:04 Job submitted from host: <10.33.133.154:9618?addrs=10.33.133.154-9618+[--1]-9618&noUDP&sock=1383_3391_3>
    DAG Node: cbow_mean_lstm
...
001 (1433.000.000) 05/23 08:29:49 Job executing on host: <10.33.133.109:9618?addrs=10.33.133.109-9618+[--1]-9618&noUDP&sock=1532_672e_3>
...
006 (1433.000.000) 05/23 08:29:58 Image size of job updated: 89716
	58  -  MemoryUsage of job (MB)
	58684  -  ResidentSetSize of job (KB)
...
006 (1433.000.000) 05/23 08:34:59 Image size of job updated: 502848
	454  -  MemoryUsage of job (MB)
	464080  -  ResidentSetSize of job (KB)
...
006 (1433.000.000) 05/23 08:39:59 Image size of job updated: 511524
	462  -  MemoryUsage of job (MB)
	472756  -  ResidentSetSize of job (KB)
...
006 (1433.000.000) 05/23 08:45:00 Image size of job updated: 514596
	465  -  MemoryUsage of job (MB)
	475828  -  ResidentSetSize of job (KB)
...
006 (1433.000.000) 05/23 08:50:00 Image size of job updated: 589032
	538  -  MemoryUsage of job (MB)
	550264  -  ResidentSetSize of job (KB)
...
006 (1433.000.000) 05/23 09:35:06 Image size of job updated: 692460
	639  -  MemoryUsage of job (MB)
	653692  -  ResidentSetSize of job (KB)
...
006 (1433.000.000) 05/23 10:25:14 Image size of job updated: 746152
	691  -  MemoryUsage of job (MB)
	707384  -  ResidentSetSize of job (KB)
...
006 (1433.000.000) 05/23 10:30:14 Image size of job updated: 746152
	692  -  MemoryUsage of job (MB)
	707768  -  ResidentSetSize of job (KB)
...
005 (1433.000.000) 05/24 05:49:16 Job terminated.
	(1) Normal termination (return value 0)
		Usr 0 02:53:10, Sys 0 00:01:51  -  Run Remote Usage
		Usr 0 00:00:00, Sys 0 00:00:00  -  Run Local Usage
		Usr 0 02:53:10, Sys 0 00:01:51  -  Total Remote Usage
		Usr 0 00:00:00, Sys 0 00:00:00  -  Total Local Usage
	0  -  Run Bytes Sent By Job
	0  -  Run Bytes Received By Job
	0  -  Total Bytes Sent By Job
	0  -  Total Bytes Received By Job
	Partitionable Resources :    Usage  Request Allocated
	   Cpus                 :                 1         1
	   Disk (KB)            :        7        7   3745071
	   Gpus                 :                 1         1
	   Memory (MB)          :      692     8192      8192
...
