000 (1352.000.000) 05/19 10:26:37 Job submitted from host: <10.33.133.154:9618?addrs=10.33.133.154-9618+[--1]-9618&noUDP&sock=1383_3391_3>
    DAG Node: extended_topic_1
...
001 (1352.000.000) 05/21 00:32:02 Job executing on host: <10.33.133.124:9618?addrs=10.33.133.124-9618+[--1]-9618&noUDP&sock=26695_20c9_3>
...
006 (1352.000.000) 05/21 00:32:10 Image size of job updated: 290952
	252  -  MemoryUsage of job (MB)
	257140  -  ResidentSetSize of job (KB)
...
006 (1352.000.000) 05/21 00:37:10 Image size of job updated: 1843316
	1441  -  MemoryUsage of job (MB)
	1475148  -  ResidentSetSize of job (KB)
...
006 (1352.000.000) 05/21 00:42:11 Image size of job updated: 1844640
	1442  -  MemoryUsage of job (MB)
	1476472  -  ResidentSetSize of job (KB)
...
006 (1352.000.000) 05/21 00:47:12 Image size of job updated: 1846656
	1444  -  MemoryUsage of job (MB)
	1478488  -  ResidentSetSize of job (KB)
...
006 (1352.000.000) 05/21 00:52:12 Image size of job updated: 1847428
	1445  -  MemoryUsage of job (MB)
	1479260  -  ResidentSetSize of job (KB)
...
006 (1352.000.000) 05/21 00:57:12 Image size of job updated: 1847944
	1446  -  MemoryUsage of job (MB)
	1479776  -  ResidentSetSize of job (KB)
...
006 (1352.000.000) 05/21 01:02:13 Image size of job updated: 1848712
	1446  -  MemoryUsage of job (MB)
	1480544  -  ResidentSetSize of job (KB)
...
006 (1352.000.000) 05/21 01:12:14 Image size of job updated: 1849036
	1447  -  MemoryUsage of job (MB)
	1480868  -  ResidentSetSize of job (KB)
...
006 (1352.000.000) 05/21 01:22:16 Image size of job updated: 2578024
	2159  -  MemoryUsage of job (MB)
	2209856  -  ResidentSetSize of job (KB)
...
006 (1352.000.000) 05/21 01:27:16 Image size of job updated: 2578024
	2159  -  MemoryUsage of job (MB)
	2210012  -  ResidentSetSize of job (KB)
...
006 (1352.000.000) 05/21 06:47:50 Image size of job updated: 2831364
	2406  -  MemoryUsage of job (MB)
	2463196  -  ResidentSetSize of job (KB)
...
006 (1352.000.000) 05/21 06:52:50 Image size of job updated: 2831364
	2406  -  MemoryUsage of job (MB)
	2463664  -  ResidentSetSize of job (KB)
...
