000 (1300.000.000) 05/15 00:33:25 Job submitted from host: <10.33.133.154:9618?addrs=10.33.133.154-9618+[--1]-9618&noUDP&sock=1383_3391_3>
    DAG Node: topic
...
001 (1300.000.000) 05/17 04:35:25 Job executing on host: <10.33.133.57:9618?addrs=10.33.133.57-9618+[--1]-9618&noUDP&sock=1311_d0c0_3>
...
006 (1300.000.000) 05/17 04:35:33 Image size of job updated: 78648
	58  -  MemoryUsage of job (MB)
	59288  -  ResidentSetSize of job (KB)
...
006 (1300.000.000) 05/17 04:40:33 Image size of job updated: 2108016
	1719  -  MemoryUsage of job (MB)
	1760080  -  ResidentSetSize of job (KB)
...
006 (1300.000.000) 05/17 04:50:35 Image size of job updated: 2415792
	2020  -  MemoryUsage of job (MB)
	2067856  -  ResidentSetSize of job (KB)
...
006 (1300.000.000) 05/17 05:00:36 Image size of job updated: 2486776
	2089  -  MemoryUsage of job (MB)
	2138840  -  ResidentSetSize of job (KB)
...
006 (1300.000.000) 05/17 05:05:36 Image size of job updated: 2528508
	2130  -  MemoryUsage of job (MB)
	2180572  -  ResidentSetSize of job (KB)
...
006 (1300.000.000) 05/17 05:10:36 Image size of job updated: 2528508
	2131  -  MemoryUsage of job (MB)
	2181336  -  ResidentSetSize of job (KB)
...
006 (1300.000.000) 05/17 05:20:38 Image size of job updated: 2802260
	2397  -  MemoryUsage of job (MB)
	2454324  -  ResidentSetSize of job (KB)
...
006 (1300.000.000) 05/17 05:25:39 Image size of job updated: 2802260
	2397  -  MemoryUsage of job (MB)
	2454520  -  ResidentSetSize of job (KB)
...
006 (1300.000.000) 05/17 07:25:51 Image size of job updated: 3152112
	2753  -  MemoryUsage of job (MB)
	2818736  -  ResidentSetSize of job (KB)
...
006 (1300.000.000) 05/17 07:30:52 Image size of job updated: 3152112
	2754  -  MemoryUsage of job (MB)
	2819252  -  ResidentSetSize of job (KB)
...
006 (1300.000.000) 05/17 08:56:01 Image size of job updated: 3234684
	2834  -  MemoryUsage of job (MB)
	2901308  -  ResidentSetSize of job (KB)
...
006 (1300.000.000) 05/17 09:01:02 Image size of job updated: 3234684
	2834  -  MemoryUsage of job (MB)
	2901600  -  ResidentSetSize of job (KB)
...
005 (1300.000.000) 05/17 15:42:34 Job terminated.
	(1) Normal termination (return value 0)
		Usr 0 13:52:41, Sys 0 03:12:35  -  Run Remote Usage
		Usr 0 00:00:00, Sys 0 00:00:00  -  Run Local Usage
		Usr 0 13:52:41, Sys 0 03:12:35  -  Total Remote Usage
		Usr 0 00:00:00, Sys 0 00:00:00  -  Total Local Usage
	0  -  Run Bytes Sent By Job
	0  -  Run Bytes Received By Job
	0  -  Total Bytes Sent By Job
	0  -  Total Bytes Received By Job
	Partitionable Resources :    Usage  Request Allocated
	   Cpus                 :                 1         1
	   Disk (KB)            :        7        7  34866872
	   Gpus                 :                 1         1
	   Memory (MB)          :     2834     8192      8192
...
