000 (1421.000.000) 05/22 09:07:44 Job submitted from host: <10.33.133.154:9618?addrs=10.33.133.154-9618+[--1]-9618&noUDP&sock=1383_3391_3>
    DAG Node: original
...
001 (1421.000.000) 05/22 18:19:10 Job executing on host: <10.33.133.111:9618?addrs=10.33.133.111-9618+[--1]-9618&noUDP&sock=5286_55b5_3>
...
006 (1421.000.000) 05/22 18:19:18 Image size of job updated: 133036
	85  -  MemoryUsage of job (MB)
	86644  -  ResidentSetSize of job (KB)
...
006 (1421.000.000) 05/22 18:24:18 Image size of job updated: 879560
	622  -  MemoryUsage of job (MB)
	636736  -  ResidentSetSize of job (KB)
...
006 (1421.000.000) 05/22 18:29:19 Image size of job updated: 880040
	623  -  MemoryUsage of job (MB)
	637216  -  ResidentSetSize of job (KB)
...
006 (1421.000.000) 05/22 18:34:19 Image size of job updated: 880300
	623  -  MemoryUsage of job (MB)
	637476  -  ResidentSetSize of job (KB)
...
006 (1421.000.000) 05/22 18:39:20 Image size of job updated: 880556
	623  -  MemoryUsage of job (MB)
	637732  -  ResidentSetSize of job (KB)
...
006 (1421.000.000) 05/22 18:49:21 Image size of job updated: 881628
	624  -  MemoryUsage of job (MB)
	638804  -  ResidentSetSize of job (KB)
...
006 (1421.000.000) 05/22 19:19:23 Image size of job updated: 881640
	624  -  MemoryUsage of job (MB)
	638816  -  ResidentSetSize of job (KB)
...
006 (1421.000.000) 05/22 19:24:25 Image size of job updated: 881884
	625  -  MemoryUsage of job (MB)
	639060  -  ResidentSetSize of job (KB)
...
006 (1421.000.000) 05/22 20:14:37 Image size of job updated: 19637356
	625  -  MemoryUsage of job (MB)
	639060  -  ResidentSetSize of job (KB)
...
005 (1421.000.000) 05/22 20:14:37 Job terminated.
	(1) Normal termination (return value 0)
		Usr 0 01:50:31, Sys 0 00:01:45  -  Run Remote Usage
		Usr 0 00:00:00, Sys 0 00:00:00  -  Run Local Usage
		Usr 0 01:50:31, Sys 0 00:01:45  -  Total Remote Usage
		Usr 0 00:00:00, Sys 0 00:00:00  -  Total Local Usage
	0  -  Run Bytes Sent By Job
	0  -  Run Bytes Received By Job
	0  -  Total Bytes Sent By Job
	0  -  Total Bytes Received By Job
	Partitionable Resources :    Usage  Request Allocated
	   Cpus                 :                 1         1
	   Disk (KB)            :        7        7  14299388
	   Gpus                 :                 1         1
	   Memory (MB)          :      625     8192      8192
...
