000 (1426.000.000) 05/22 09:07:49 Job submitted from host: <10.33.133.154:9618?addrs=10.33.133.154-9618+[--1]-9618&noUDP&sock=1383_3391_3>
    DAG Node: cbow_exp_lstm
...
001 (1426.000.000) 05/22 23:06:15 Job executing on host: <10.33.133.57:9618?addrs=10.33.133.57-9618+[--1]-9618&noUDP&sock=1510_5018_3>
...
006 (1426.000.000) 05/22 23:06:24 Image size of job updated: 117820
	105  -  MemoryUsage of job (MB)
	107192  -  ResidentSetSize of job (KB)
...
006 (1426.000.000) 05/22 23:11:25 Image size of job updated: 1024832
	889  -  MemoryUsage of job (MB)
	910216  -  ResidentSetSize of job (KB)
...
006 (1426.000.000) 05/22 23:16:25 Image size of job updated: 1072524
	936  -  MemoryUsage of job (MB)
	957908  -  ResidentSetSize of job (KB)
...
006 (1426.000.000) 05/22 23:21:25 Image size of job updated: 1133672
	996  -  MemoryUsage of job (MB)
	1019056  -  ResidentSetSize of job (KB)
...
006 (1426.000.000) 05/22 23:26:26 Image size of job updated: 1280112
	1139  -  MemoryUsage of job (MB)
	1165496  -  ResidentSetSize of job (KB)
...
006 (1426.000.000) 05/22 23:41:27 Image size of job updated: 1283520
	1142  -  MemoryUsage of job (MB)
	1168904  -  ResidentSetSize of job (KB)
...
006 (1426.000.000) 05/22 23:46:28 Image size of job updated: 1402040
	1258  -  MemoryUsage of job (MB)
	1287424  -  ResidentSetSize of job (KB)
...
006 (1426.000.000) 05/22 23:51:29 Image size of job updated: 1428676
	1258  -  MemoryUsage of job (MB)
	1287424  -  ResidentSetSize of job (KB)
...
006 (1426.000.000) 05/22 23:56:30 Image size of job updated: 1428844
	1258  -  MemoryUsage of job (MB)
	1287424  -  ResidentSetSize of job (KB)
...
006 (1426.000.000) 05/23 00:01:31 Image size of job updated: 1428860
	1258  -  MemoryUsage of job (MB)
	1287424  -  ResidentSetSize of job (KB)
...
006 (1426.000.000) 05/23 00:06:31 Image size of job updated: 1428900
	1258  -  MemoryUsage of job (MB)
	1287424  -  ResidentSetSize of job (KB)
...
006 (1426.000.000) 05/23 01:06:39 Image size of job updated: 1461352
	1258  -  MemoryUsage of job (MB)
	1287424  -  ResidentSetSize of job (KB)
...
006 (1426.000.000) 05/23 02:07:45 Image size of job updated: 90314592
	1258  -  MemoryUsage of job (MB)
	1287424  -  ResidentSetSize of job (KB)
...
005 (1426.000.000) 05/23 02:07:45 Job terminated.
	(1) Normal termination (return value 0)
		Usr 0 05:04:34, Sys 0 00:35:02  -  Run Remote Usage
		Usr 0 00:00:00, Sys 0 00:00:00  -  Run Local Usage
		Usr 0 05:04:34, Sys 0 00:35:02  -  Total Remote Usage
		Usr 0 00:00:00, Sys 0 00:00:00  -  Total Local Usage
	0  -  Run Bytes Sent By Job
	0  -  Run Bytes Received By Job
	0  -  Total Bytes Sent By Job
	0  -  Total Bytes Received By Job
	Partitionable Resources :    Usage  Request Allocated
	   Cpus                 :                 1         1
	   Disk (KB)            :        7        7  34686661
	   Gpus                 :                 1         1
	   Memory (MB)          :     1258     8192      8192
...
