000 (1431.000.000) 05/22 11:09:04 Job submitted from host: <10.33.133.154:9618?addrs=10.33.133.154-9618+[--1]-9618&noUDP&sock=1383_3391_3>
    DAG Node: cbow_exp_soft
...
001 (1431.000.000) 05/23 07:45:47 Job executing on host: <10.33.133.70:9618?addrs=10.33.133.70-9618+[--1]-9618&noUDP&sock=19079_2f80_3>
...
006 (1431.000.000) 05/23 07:45:56 Image size of job updated: 77876
	58  -  MemoryUsage of job (MB)
	58516  -  ResidentSetSize of job (KB)
...
006 (1431.000.000) 05/23 07:50:57 Image size of job updated: 1000344
	845  -  MemoryUsage of job (MB)
	864324  -  ResidentSetSize of job (KB)
...
006 (1431.000.000) 05/23 07:55:58 Image size of job updated: 1055896
	899  -  MemoryUsage of job (MB)
	919876  -  ResidentSetSize of job (KB)
...
006 (1431.000.000) 05/23 08:00:59 Image size of job updated: 1056056
	899  -  MemoryUsage of job (MB)
	920036  -  ResidentSetSize of job (KB)
...
006 (1431.000.000) 05/23 08:05:59 Image size of job updated: 1276640
	1114  -  MemoryUsage of job (MB)
	1140620  -  ResidentSetSize of job (KB)
...
006 (1431.000.000) 05/23 08:31:01 Image size of job updated: 1338528
	1175  -  MemoryUsage of job (MB)
	1202508  -  ResidentSetSize of job (KB)
...
006 (1431.000.000) 05/23 08:36:02 Image size of job updated: 1338536
	1175  -  MemoryUsage of job (MB)
	1202516  -  ResidentSetSize of job (KB)
...
006 (1431.000.000) 05/23 08:41:03 Image size of job updated: 1338540
	1175  -  MemoryUsage of job (MB)
	1202520  -  ResidentSetSize of job (KB)
...
006 (1431.000.000) 05/23 08:51:05 Image size of job updated: 1338572
	1175  -  MemoryUsage of job (MB)
	1202552  -  ResidentSetSize of job (KB)
...
006 (1431.000.000) 05/23 09:06:05 Image size of job updated: 1338576
	1175  -  MemoryUsage of job (MB)
	1202556  -  ResidentSetSize of job (KB)
...
006 (1431.000.000) 05/23 09:16:07 Image size of job updated: 1338624
	1175  -  MemoryUsage of job (MB)
	1202604  -  ResidentSetSize of job (KB)
...
006 (1431.000.000) 05/23 09:36:08 Image size of job updated: 1339284
	1176  -  MemoryUsage of job (MB)
	1203264  -  ResidentSetSize of job (KB)
...
006 (1431.000.000) 05/23 10:01:11 Image size of job updated: 1411680
	1246  -  MemoryUsage of job (MB)
	1275660  -  ResidentSetSize of job (KB)
...
010 (1431.000.000) 05/23 10:04:23 Job was suspended.
	Number of processes actually suspended: 25
...
006 (1431.000.000) 05/23 10:04:23 Image size of job updated: 1411744
	1246  -  MemoryUsage of job (MB)
	1275724  -  ResidentSetSize of job (KB)
...
011 (1431.000.000) 05/23 10:12:24 Job was unsuspended.
...
010 (1431.000.000) 05/23 10:30:56 Job was suspended.
	Number of processes actually suspended: 25
...
011 (1431.000.000) 05/23 10:35:51 Job was unsuspended.
...
010 (1431.000.000) 05/23 10:43:12 Job was suspended.
	Number of processes actually suspended: 27
...
011 (1431.000.000) 05/23 10:46:12 Job was unsuspended.
...
010 (1431.000.000) 05/23 10:52:37 Job was suspended.
	Number of processes actually suspended: 25
...
011 (1431.000.000) 05/23 10:55:33 Job was unsuspended.
...
010 (1431.000.000) 05/23 11:12:43 Job was suspended.
	Number of processes actually suspended: 25
...
011 (1431.000.000) 05/23 11:15:39 Job was unsuspended.
...
006 (1431.000.000) 05/23 11:26:21 Image size of job updated: 1411764
	1246  -  MemoryUsage of job (MB)
	1275744  -  ResidentSetSize of job (KB)
...
005 (1431.000.000) 05/23 11:29:49 Job terminated.
	(1) Normal termination (return value 0)
		Usr 0 05:30:29, Sys 0 00:37:39  -  Run Remote Usage
		Usr 0 00:00:00, Sys 0 00:00:00  -  Run Local Usage
		Usr 0 05:30:29, Sys 0 00:37:39  -  Total Remote Usage
		Usr 0 00:00:00, Sys 0 00:00:00  -  Total Local Usage
	0  -  Run Bytes Sent By Job
	0  -  Run Bytes Received By Job
	0  -  Total Bytes Sent By Job
	0  -  Total Bytes Received By Job
	Partitionable Resources :    Usage  Request Allocated
	   Cpus                 :                 1         1
	   Disk (KB)            :        7        7  39037248
	   Gpus                 :                 1         1
	   Memory (MB)          :     1246     8192      8192
...
