000 (1200.000.000) 05/11 08:47:37 Job submitted from host: <10.33.133.154:9618?addrs=10.33.133.154-9618+[--1]-9618&noUDP&sock=1383_3391_3>
    DAG Node: cbow_exp_soft
...
001 (1200.000.000) 05/14 04:54:30 Job executing on host: <10.33.133.102:9618?addrs=10.33.133.102-9618+[--1]-9618&noUDP&sock=1535_75f7_3>
...
006 (1200.000.000) 05/14 04:54:40 Image size of job updated: 166604
	163  -  MemoryUsage of job (MB)
	166604  -  ResidentSetSize of job (KB)
...
006 (1200.000.000) 05/14 04:59:40 Image size of job updated: 1062940
	783  -  MemoryUsage of job (MB)
	800796  -  ResidentSetSize of job (KB)
...
006 (1200.000.000) 05/14 05:04:41 Image size of job updated: 1067668
	787  -  MemoryUsage of job (MB)
	805524  -  ResidentSetSize of job (KB)
...
006 (1200.000.000) 05/14 05:19:43 Image size of job updated: 1223368
	939  -  MemoryUsage of job (MB)
	961224  -  ResidentSetSize of job (KB)
...
006 (1200.000.000) 05/14 05:54:46 Image size of job updated: 1341752
	1055  -  MemoryUsage of job (MB)
	1079608  -  ResidentSetSize of job (KB)
...
006 (1200.000.000) 05/14 07:19:54 Image size of job updated: 1379320
	1091  -  MemoryUsage of job (MB)
	1117176  -  ResidentSetSize of job (KB)
...
006 (1200.000.000) 05/14 08:00:00 Image size of job updated: 1455920
	1166  -  MemoryUsage of job (MB)
	1193776  -  ResidentSetSize of job (KB)
...
006 (1200.000.000) 05/14 10:35:18 Image size of job updated: 1460588
	1171  -  MemoryUsage of job (MB)
	1198444  -  ResidentSetSize of job (KB)
...
006 (1200.000.000) 05/14 12:30:30 Image size of job updated: 1562852
	1271  -  MemoryUsage of job (MB)
	1300708  -  ResidentSetSize of job (KB)
...
005 (1200.000.000) 05/14 16:27:20 Job terminated.
	(1) Normal termination (return value 0)
		Usr 0 11:15:59, Sys 0 00:05:58  -  Run Remote Usage
		Usr 0 00:00:00, Sys 0 00:00:00  -  Run Local Usage
		Usr 0 11:15:59, Sys 0 00:05:58  -  Total Remote Usage
		Usr 0 00:00:00, Sys 0 00:00:00  -  Total Local Usage
	0  -  Run Bytes Sent By Job
	0  -  Run Bytes Received By Job
	0  -  Total Bytes Sent By Job
	0  -  Total Bytes Received By Job
	Partitionable Resources :    Usage  Request Allocated
	   Cpus                 :                 1         1
	   Disk (KB)            :        7        7   6722611
	   Gpus                 :                 1         1
	   Memory (MB)          :     1271     8192      8192
...
