000 (1292.000.000) 05/15 00:33:19 Job submitted from host: <10.33.133.154:9618?addrs=10.33.133.154-9618+[--1]-9618&noUDP&sock=1383_3391_3>
    DAG Node: original
...
001 (1292.000.000) 05/16 17:57:40 Job executing on host: <10.33.133.57:9618?addrs=10.33.133.57-9618+[--1]-9618&noUDP&sock=1311_d0c0_3>
...
006 (1292.000.000) 05/16 17:57:49 Image size of job updated: 793572
	518  -  MemoryUsage of job (MB)
	530404  -  ResidentSetSize of job (KB)
...
006 (1292.000.000) 05/16 18:02:50 Image size of job updated: 797948
	523  -  MemoryUsage of job (MB)
	534768  -  ResidentSetSize of job (KB)
...
006 (1292.000.000) 05/16 18:07:51 Image size of job updated: 798804
	524  -  MemoryUsage of job (MB)
	535624  -  ResidentSetSize of job (KB)
...
006 (1292.000.000) 05/16 18:17:51 Image size of job updated: 799404
	524  -  MemoryUsage of job (MB)
	536224  -  ResidentSetSize of job (KB)
...
006 (1292.000.000) 05/16 18:37:54 Image size of job updated: 799612
	524  -  MemoryUsage of job (MB)
	536432  -  ResidentSetSize of job (KB)
...
006 (1292.000.000) 05/16 18:42:54 Image size of job updated: 799648
	524  -  MemoryUsage of job (MB)
	536468  -  ResidentSetSize of job (KB)
...
006 (1292.000.000) 05/16 18:57:57 Image size of job updated: 799652
	524  -  MemoryUsage of job (MB)
	536472  -  ResidentSetSize of job (KB)
...
006 (1292.000.000) 05/16 19:02:57 Image size of job updated: 799684
	524  -  MemoryUsage of job (MB)
	536504  -  ResidentSetSize of job (KB)
...
005 (1292.000.000) 05/16 19:07:20 Job terminated.
	(1) Normal termination (return value 0)
		Usr 0 01:54:07, Sys 0 00:14:44  -  Run Remote Usage
		Usr 0 00:00:00, Sys 0 00:00:00  -  Run Local Usage
		Usr 0 01:54:07, Sys 0 00:14:44  -  Total Remote Usage
		Usr 0 00:00:00, Sys 0 00:00:00  -  Total Local Usage
	0  -  Run Bytes Sent By Job
	0  -  Run Bytes Received By Job
	0  -  Total Bytes Sent By Job
	0  -  Total Bytes Received By Job
	Partitionable Resources :    Usage  Request Allocated
	   Cpus                 :                 1         1
	   Disk (KB)            :        7        7  34984156
	   Gpus                 :                 1         1
	   Memory (MB)          :      524     8192      8192
...
