05/19/17 10:26:33 ******************************************************
05/19/17 10:26:33 ** condor_scheduniv_exec.1350.0 (CONDOR_DAGMAN) STARTING UP
05/19/17 10:26:33 ** /usr/bin/condor_dagman
05/19/17 10:26:33 ** SubsystemInfo: name=DAGMAN type=DAGMAN(10) class=DAEMON(1)
05/19/17 10:26:33 ** Configuration: subsystem:DAGMAN local:<NONE> class:DAEMON
05/19/17 10:26:33 ** $CondorVersion: 8.6.2 Apr 23 2017 BuildID: 404257 $
05/19/17 10:26:33 ** $CondorPlatform: x86_64_RedHat7 $
05/19/17 10:26:33 ** PID = 28631
05/19/17 10:26:33 ** Log last touched time unavailable (No such file or directory)
05/19/17 10:26:33 ******************************************************
05/19/17 10:26:33 Using config source: /etc/condor/condor_config
05/19/17 10:26:33 Using local config sources: 
05/19/17 10:26:33    /etc/condor/config.d/00esat.config
05/19/17 10:26:33    /etc/condor/config.d/01java.config
05/19/17 10:26:33    /etc/condor/config.d/80optout_users.config
05/19/17 10:26:33    /etc/condor/condor_config.local
05/19/17 10:26:33 config Macros = 166, Sorted = 166, StringBytes = 6029, TablesBytes = 6048
05/19/17 10:26:33 CLASSAD_CACHING is ENABLED
05/19/17 10:26:33 Daemon Log is logging: D_ALWAYS D_ERROR
05/19/17 10:26:33 DaemonCore: No command port requested.
05/19/17 10:26:33 DAGMAN_USE_STRICT setting: 1
05/19/17 10:26:33 DAGMAN_VERBOSITY setting: 3
05/19/17 10:26:33 DAGMAN_DEBUG_CACHE_SIZE setting: 5242880
05/19/17 10:26:33 DAGMAN_DEBUG_CACHE_ENABLE setting: False
05/19/17 10:26:33 DAGMAN_SUBMIT_DELAY setting: 0
05/19/17 10:26:33 DAGMAN_MAX_SUBMIT_ATTEMPTS setting: 6
05/19/17 10:26:33 DAGMAN_STARTUP_CYCLE_DETECT setting: False
05/19/17 10:26:33 DAGMAN_MAX_SUBMITS_PER_INTERVAL setting: 5
05/19/17 10:26:33 DAGMAN_USER_LOG_SCAN_INTERVAL setting: 5
05/19/17 10:26:33 DAGMAN_DEFAULT_PRIORITY setting: 0
05/19/17 10:26:33 DAGMAN_SUPPRESS_NOTIFICATION setting: True
05/19/17 10:26:33 allow_events (DAGMAN_ALLOW_EVENTS) setting: 114
05/19/17 10:26:33 DAGMAN_RETRY_SUBMIT_FIRST setting: True
05/19/17 10:26:33 DAGMAN_RETRY_NODE_FIRST setting: False
05/19/17 10:26:33 DAGMAN_MAX_JOBS_IDLE setting: 1000
05/19/17 10:26:33 DAGMAN_MAX_JOBS_SUBMITTED setting: 0
05/19/17 10:26:33 DAGMAN_MAX_PRE_SCRIPTS setting: 20
05/19/17 10:26:33 DAGMAN_MAX_POST_SCRIPTS setting: 20
05/19/17 10:26:33 DAGMAN_MUNGE_NODE_NAMES setting: True
05/19/17 10:26:33 DAGMAN_PROHIBIT_MULTI_JOBS setting: False
05/19/17 10:26:33 DAGMAN_SUBMIT_DEPTH_FIRST setting: False
05/19/17 10:26:33 DAGMAN_ALWAYS_RUN_POST setting: False
05/19/17 10:26:33 DAGMAN_ABORT_DUPLICATES setting: True
05/19/17 10:26:33 DAGMAN_ABORT_ON_SCARY_SUBMIT setting: True
05/19/17 10:26:33 DAGMAN_PENDING_REPORT_INTERVAL setting: 600
05/19/17 10:26:33 DAGMAN_AUTO_RESCUE setting: True
05/19/17 10:26:33 DAGMAN_MAX_RESCUE_NUM setting: 100
05/19/17 10:26:33 DAGMAN_WRITE_PARTIAL_RESCUE setting: True
05/19/17 10:26:33 DAGMAN_DEFAULT_NODE_LOG setting: @(DAG_DIR)/@(DAG_FILE).nodes.log
05/19/17 10:26:33 DAGMAN_GENERATE_SUBDAG_SUBMITS setting: True
05/19/17 10:26:33 DAGMAN_MAX_JOB_HOLDS setting: 100
05/19/17 10:26:33 DAGMAN_HOLD_CLAIM_TIME setting: 20
05/19/17 10:26:33 ALL_DEBUG setting: 
05/19/17 10:26:33 DAGMAN_DEBUG setting: 
05/19/17 10:26:33 DAGMAN_SUPPRESS_JOB_LOGS setting: False
05/19/17 10:26:33 DAGMAN_REMOVE_NODE_JOBS setting: True
05/19/17 10:26:33 argv[0] == "condor_scheduniv_exec.1350.0"
05/19/17 10:26:33 argv[1] == "-Lockfile"
05/19/17 10:26:33 argv[2] == "pretrained_untied_models_medium.dag.lock"
05/19/17 10:26:33 argv[3] == "-AutoRescue"
05/19/17 10:26:33 argv[4] == "1"
05/19/17 10:26:33 argv[5] == "-DoRescueFrom"
05/19/17 10:26:33 argv[6] == "0"
05/19/17 10:26:33 argv[7] == "-Dag"
05/19/17 10:26:33 argv[8] == "pretrained_untied_models_medium.dag"
05/19/17 10:26:33 argv[9] == "-Suppress_notification"
05/19/17 10:26:33 argv[10] == "-CsdVersion"
05/19/17 10:26:33 argv[11] == "$CondorVersion: 8.6.2 Apr 23 2017 BuildID: 404257 $"
05/19/17 10:26:33 argv[12] == "-Dagman"
05/19/17 10:26:33 argv[13] == "/usr/bin/condor_dagman"
05/19/17 10:26:33 Workflow batch-name: <pretrained_untied_models_medium.dag+1350>
05/19/17 10:26:33 Workflow accounting_group: <>
05/19/17 10:26:33 Workflow accounting_group_user: <>
05/19/17 10:26:33 Warning: failed to get attribute DAGNodeName
05/19/17 10:26:33 DAGMAN_LOG_ON_NFS_IS_ERROR setting: False
05/19/17 10:26:33 Default node log file is: </esat/spchtemp/scratch/robbe/SpeechHub/n-best/python/jobdag/./pretrained_untied_models_medium.dag.nodes.log>
05/19/17 10:26:33 DAG Lockfile will be written to pretrained_untied_models_medium.dag.lock
05/19/17 10:26:33 DAG Input file is pretrained_untied_models_medium.dag
05/19/17 10:26:33 Parsing 1 dagfiles
05/19/17 10:26:33 Parsing pretrained_untied_models_medium.dag ...
05/19/17 10:26:33 Dag contains 2 total jobs
05/19/17 10:26:33 Sleeping for 3 seconds to ensure ProcessId uniqueness
05/19/17 10:26:36 Bootstrapping...
05/19/17 10:26:36 Number of pre-completed nodes: 0
05/19/17 10:26:36 MultiLogFiles: truncating log file /esat/spchtemp/scratch/robbe/SpeechHub/n-best/python/jobdag/./pretrained_untied_models_medium.dag.nodes.log
05/19/17 10:26:36 DAG status: 0 (DAG_STATUS_OK)
05/19/17 10:26:36 Of 2 nodes total:
05/19/17 10:26:36  Done     Pre   Queued    Post   Ready   Un-Ready   Failed
05/19/17 10:26:36   ===     ===      ===     ===     ===        ===      ===
05/19/17 10:26:36     0       0        0       0       2          0        0
05/19/17 10:26:36 0 job proc(s) currently held
05/19/17 10:26:36 Registering condor_event_timer...
05/19/17 10:26:37 Submitting HTCondor Node topic job(s)...
05/19/17 10:26:37 Adding a DAGMan workflow log /esat/spchtemp/scratch/robbe/SpeechHub/n-best/python/jobdag/./pretrained_untied_models_medium.dag.nodes.log
05/19/17 10:26:37 Masking the events recorded in the DAGMAN workflow log
05/19/17 10:26:37 Mask for workflow log is 0,1,2,4,5,7,9,10,11,12,13,16,17,24,27
05/19/17 10:26:37 submitting: /usr/bin/condor_submit -a dag_node_name' '=' 'topic -a +DAGManJobId' '=' '1350 -a DAGManJobId' '=' '1350 -batch-name pretrained_untied_models_medium.dag+1350 -a submit_event_notes' '=' 'DAG' 'Node:' 'topic -a dagman_log' '=' '/esat/spchtemp/scratch/robbe/SpeechHub/n-best/python/jobdag/./pretrained_untied_models_medium.dag.nodes.log -a +DAGManNodesMask' '=' '"0,1,2,4,5,7,9,10,11,12,13,16,17,24,27" -a test_name' '=' 'topic -a num_run' '=' '0 -a model_name' '=' 'pretrained_untied_models_medium -a name' '=' 'pretrained_untied_n_best_topic_medium -a DAG_STATUS' '=' '0 -a FAILED_COUNT' '=' '0 -a notification' '=' 'never -a +DAGParentNodeNames' '=' '"" jobdag/topic.job
05/19/17 10:26:37 From submit: Submitting job(s).
05/19/17 10:26:37 From submit: 1 job(s) submitted to cluster 1351.
05/19/17 10:26:37 	assigned HTCondor ID (1351.0.0)
05/19/17 10:26:37 Submitting HTCondor Node extended_topic_1 job(s)...
05/19/17 10:26:37 Adding a DAGMan workflow log /esat/spchtemp/scratch/robbe/SpeechHub/n-best/python/jobdag/./pretrained_untied_models_medium.dag.nodes.log
05/19/17 10:26:37 Masking the events recorded in the DAGMAN workflow log
05/19/17 10:26:37 Mask for workflow log is 0,1,2,4,5,7,9,10,11,12,13,16,17,24,27
05/19/17 10:26:37 submitting: /usr/bin/condor_submit -a dag_node_name' '=' 'extended_topic_1 -a +DAGManJobId' '=' '1350 -a DAGManJobId' '=' '1350 -batch-name pretrained_untied_models_medium.dag+1350 -a submit_event_notes' '=' 'DAG' 'Node:' 'extended_topic_1 -a dagman_log' '=' '/esat/spchtemp/scratch/robbe/SpeechHub/n-best/python/jobdag/./pretrained_untied_models_medium.dag.nodes.log -a +DAGManNodesMask' '=' '"0,1,2,4,5,7,9,10,11,12,13,16,17,24,27" -a test_name' '=' 'extended_topic_1 -a num_run' '=' '0 -a model_name' '=' 'pretrained_untied_models_medium -a name' '=' 'pretrained_untied_n_best_textended_topic_1_medium -a DAG_STATUS' '=' '0 -a FAILED_COUNT' '=' '0 -a notification' '=' 'never -a +DAGParentNodeNames' '=' '"" jobdag/extended_topic_1.job
05/19/17 10:26:37 From submit: Submitting job(s).
05/19/17 10:26:37 From submit: 1 job(s) submitted to cluster 1352.
05/19/17 10:26:37 	assigned HTCondor ID (1352.0.0)
05/19/17 10:26:37 Just submitted 2 jobs this cycle...
05/19/17 10:26:37 Currently monitoring 1 HTCondor log file(s)
05/19/17 10:26:37 Reassigning the id of job topic from (1351.0.0) to (1351.0.0)
05/19/17 10:26:37 Event: ULOG_SUBMIT for HTCondor Node topic (1351.0.0) {05/19/17 10:26:37}
05/19/17 10:26:37 Number of idle job procs: 1
05/19/17 10:26:37 Reassigning the id of job extended_topic_1 from (1352.0.0) to (1352.0.0)
05/19/17 10:26:37 Event: ULOG_SUBMIT for HTCondor Node extended_topic_1 (1352.0.0) {05/19/17 10:26:37}
05/19/17 10:26:37 Number of idle job procs: 2
05/19/17 10:26:37 DAG status: 0 (DAG_STATUS_OK)
05/19/17 10:26:37 Of 2 nodes total:
05/19/17 10:26:37  Done     Pre   Queued    Post   Ready   Un-Ready   Failed
05/19/17 10:26:37   ===     ===      ===     ===     ===        ===      ===
05/19/17 10:26:37     0       0        2       0       0          0        0
05/19/17 10:26:37 0 job proc(s) currently held
05/19/17 10:36:39 602 seconds since last log event
05/19/17 10:36:39 Pending DAG nodes:
05/19/17 10:36:39   Node topic, HTCondor ID 1351, status STATUS_SUBMITTED
05/19/17 10:36:39   Node extended_topic_1, HTCondor ID 1352, status STATUS_SUBMITTED
05/19/17 10:46:43 1206 seconds since last log event
05/19/17 10:46:43 Pending DAG nodes:
05/19/17 10:46:43   Node topic, HTCondor ID 1351, status STATUS_SUBMITTED
05/19/17 10:46:43   Node extended_topic_1, HTCondor ID 1352, status STATUS_SUBMITTED
05/19/17 10:56:45 1808 seconds since last log event
05/19/17 10:56:45 Pending DAG nodes:
05/19/17 10:56:45   Node topic, HTCondor ID 1351, status STATUS_SUBMITTED
05/19/17 10:56:45   Node extended_topic_1, HTCondor ID 1352, status STATUS_SUBMITTED
05/19/17 11:06:47 2410 seconds since last log event
05/19/17 11:06:47 Pending DAG nodes:
05/19/17 11:06:47   Node topic, HTCondor ID 1351, status STATUS_SUBMITTED
05/19/17 11:06:47   Node extended_topic_1, HTCondor ID 1352, status STATUS_SUBMITTED
05/19/17 11:16:48 3011 seconds since last log event
05/19/17 11:16:48 Pending DAG nodes:
05/19/17 11:16:48   Node topic, HTCondor ID 1351, status STATUS_SUBMITTED
05/19/17 11:16:48   Node extended_topic_1, HTCondor ID 1352, status STATUS_SUBMITTED
05/19/17 11:26:50 3613 seconds since last log event
05/19/17 11:26:50 Pending DAG nodes:
05/19/17 11:26:50   Node topic, HTCondor ID 1351, status STATUS_SUBMITTED
05/19/17 11:26:50   Node extended_topic_1, HTCondor ID 1352, status STATUS_SUBMITTED
05/19/17 11:36:52 4215 seconds since last log event
05/19/17 11:36:52 Pending DAG nodes:
05/19/17 11:36:52   Node topic, HTCondor ID 1351, status STATUS_SUBMITTED
05/19/17 11:36:52   Node extended_topic_1, HTCondor ID 1352, status STATUS_SUBMITTED
05/19/17 11:46:54 4817 seconds since last log event
05/19/17 11:46:54 Pending DAG nodes:
05/19/17 11:46:54   Node topic, HTCondor ID 1351, status STATUS_SUBMITTED
05/19/17 11:46:54   Node extended_topic_1, HTCondor ID 1352, status STATUS_SUBMITTED
05/19/17 11:56:56 5419 seconds since last log event
05/19/17 11:56:56 Pending DAG nodes:
05/19/17 11:56:56   Node topic, HTCondor ID 1351, status STATUS_SUBMITTED
05/19/17 11:56:56   Node extended_topic_1, HTCondor ID 1352, status STATUS_SUBMITTED
05/19/17 12:06:57 6020 seconds since last log event
05/19/17 12:06:57 Pending DAG nodes:
05/19/17 12:06:57   Node topic, HTCondor ID 1351, status STATUS_SUBMITTED
05/19/17 12:06:57   Node extended_topic_1, HTCondor ID 1352, status STATUS_SUBMITTED
05/19/17 12:16:58 6621 seconds since last log event
05/19/17 12:16:58 Pending DAG nodes:
05/19/17 12:16:58   Node topic, HTCondor ID 1351, status STATUS_SUBMITTED
05/19/17 12:16:58   Node extended_topic_1, HTCondor ID 1352, status STATUS_SUBMITTED
05/19/17 12:26:59 7222 seconds since last log event
05/19/17 12:26:59 Pending DAG nodes:
05/19/17 12:26:59   Node topic, HTCondor ID 1351, status STATUS_SUBMITTED
05/19/17 12:26:59   Node extended_topic_1, HTCondor ID 1352, status STATUS_SUBMITTED
05/19/17 12:37:01 7824 seconds since last log event
05/19/17 12:37:01 Pending DAG nodes:
05/19/17 12:37:01   Node topic, HTCondor ID 1351, status STATUS_SUBMITTED
05/19/17 12:37:01   Node extended_topic_1, HTCondor ID 1352, status STATUS_SUBMITTED
05/19/17 12:47:03 8426 seconds since last log event
05/19/17 12:47:03 Pending DAG nodes:
05/19/17 12:47:03   Node topic, HTCondor ID 1351, status STATUS_SUBMITTED
05/19/17 12:47:03   Node extended_topic_1, HTCondor ID 1352, status STATUS_SUBMITTED
05/19/17 12:57:05 9028 seconds since last log event
05/19/17 12:57:05 Pending DAG nodes:
05/19/17 12:57:05   Node topic, HTCondor ID 1351, status STATUS_SUBMITTED
05/19/17 12:57:05   Node extended_topic_1, HTCondor ID 1352, status STATUS_SUBMITTED
05/19/17 13:07:07 9630 seconds since last log event
05/19/17 13:07:07 Pending DAG nodes:
05/19/17 13:07:07   Node topic, HTCondor ID 1351, status STATUS_SUBMITTED
05/19/17 13:07:07   Node extended_topic_1, HTCondor ID 1352, status STATUS_SUBMITTED
05/19/17 13:17:08 10231 seconds since last log event
05/19/17 13:17:08 Pending DAG nodes:
05/19/17 13:17:08   Node topic, HTCondor ID 1351, status STATUS_SUBMITTED
05/19/17 13:17:08   Node extended_topic_1, HTCondor ID 1352, status STATUS_SUBMITTED
05/19/17 13:27:09 10832 seconds since last log event
05/19/17 13:27:09 Pending DAG nodes:
05/19/17 13:27:09   Node topic, HTCondor ID 1351, status STATUS_SUBMITTED
05/19/17 13:27:09   Node extended_topic_1, HTCondor ID 1352, status STATUS_SUBMITTED
05/19/17 13:37:11 11434 seconds since last log event
05/19/17 13:37:11 Pending DAG nodes:
05/19/17 13:37:11   Node topic, HTCondor ID 1351, status STATUS_SUBMITTED
05/19/17 13:37:11   Node extended_topic_1, HTCondor ID 1352, status STATUS_SUBMITTED
05/19/17 13:47:13 12036 seconds since last log event
05/19/17 13:47:13 Pending DAG nodes:
05/19/17 13:47:13   Node topic, HTCondor ID 1351, status STATUS_SUBMITTED
05/19/17 13:47:13   Node extended_topic_1, HTCondor ID 1352, status STATUS_SUBMITTED
05/19/17 13:57:15 12638 seconds since last log event
05/19/17 13:57:15 Pending DAG nodes:
05/19/17 13:57:15   Node topic, HTCondor ID 1351, status STATUS_SUBMITTED
05/19/17 13:57:15   Node extended_topic_1, HTCondor ID 1352, status STATUS_SUBMITTED
05/19/17 14:07:16 13239 seconds since last log event
05/19/17 14:07:16 Pending DAG nodes:
05/19/17 14:07:16   Node topic, HTCondor ID 1351, status STATUS_SUBMITTED
05/19/17 14:07:16   Node extended_topic_1, HTCondor ID 1352, status STATUS_SUBMITTED
05/19/17 14:17:18 13841 seconds since last log event
05/19/17 14:17:18 Pending DAG nodes:
05/19/17 14:17:18   Node topic, HTCondor ID 1351, status STATUS_SUBMITTED
05/19/17 14:17:18   Node extended_topic_1, HTCondor ID 1352, status STATUS_SUBMITTED
05/19/17 14:27:19 14442 seconds since last log event
05/19/17 14:27:19 Pending DAG nodes:
05/19/17 14:27:19   Node topic, HTCondor ID 1351, status STATUS_SUBMITTED
05/19/17 14:27:19   Node extended_topic_1, HTCondor ID 1352, status STATUS_SUBMITTED
05/19/17 14:37:21 15044 seconds since last log event
05/19/17 14:37:21 Pending DAG nodes:
05/19/17 14:37:21   Node topic, HTCondor ID 1351, status STATUS_SUBMITTED
05/19/17 14:37:21   Node extended_topic_1, HTCondor ID 1352, status STATUS_SUBMITTED
05/19/17 14:47:22 15645 seconds since last log event
05/19/17 14:47:22 Pending DAG nodes:
05/19/17 14:47:22   Node topic, HTCondor ID 1351, status STATUS_SUBMITTED
05/19/17 14:47:22   Node extended_topic_1, HTCondor ID 1352, status STATUS_SUBMITTED
05/19/17 14:57:25 16248 seconds since last log event
05/19/17 14:57:25 Pending DAG nodes:
05/19/17 14:57:25   Node topic, HTCondor ID 1351, status STATUS_SUBMITTED
05/19/17 14:57:25   Node extended_topic_1, HTCondor ID 1352, status STATUS_SUBMITTED
05/19/17 15:07:26 16849 seconds since last log event
05/19/17 15:07:26 Pending DAG nodes:
05/19/17 15:07:26   Node topic, HTCondor ID 1351, status STATUS_SUBMITTED
05/19/17 15:07:26   Node extended_topic_1, HTCondor ID 1352, status STATUS_SUBMITTED
05/19/17 15:17:28 17451 seconds since last log event
05/19/17 15:17:28 Pending DAG nodes:
05/19/17 15:17:28   Node topic, HTCondor ID 1351, status STATUS_SUBMITTED
05/19/17 15:17:28   Node extended_topic_1, HTCondor ID 1352, status STATUS_SUBMITTED
05/19/17 15:27:30 18053 seconds since last log event
05/19/17 15:27:30 Pending DAG nodes:
05/19/17 15:27:30   Node topic, HTCondor ID 1351, status STATUS_SUBMITTED
05/19/17 15:27:30   Node extended_topic_1, HTCondor ID 1352, status STATUS_SUBMITTED
05/19/17 15:37:33 18656 seconds since last log event
05/19/17 15:37:33 Pending DAG nodes:
05/19/17 15:37:33   Node topic, HTCondor ID 1351, status STATUS_SUBMITTED
05/19/17 15:37:33   Node extended_topic_1, HTCondor ID 1352, status STATUS_SUBMITTED
05/19/17 15:47:36 19259 seconds since last log event
05/19/17 15:47:36 Pending DAG nodes:
05/19/17 15:47:36   Node topic, HTCondor ID 1351, status STATUS_SUBMITTED
05/19/17 15:47:36   Node extended_topic_1, HTCondor ID 1352, status STATUS_SUBMITTED
05/19/17 15:57:39 19862 seconds since last log event
05/19/17 15:57:39 Pending DAG nodes:
05/19/17 15:57:39   Node topic, HTCondor ID 1351, status STATUS_SUBMITTED
05/19/17 15:57:39   Node extended_topic_1, HTCondor ID 1352, status STATUS_SUBMITTED
05/19/17 16:07:42 20465 seconds since last log event
05/19/17 16:07:42 Pending DAG nodes:
05/19/17 16:07:42   Node topic, HTCondor ID 1351, status STATUS_SUBMITTED
05/19/17 16:07:42   Node extended_topic_1, HTCondor ID 1352, status STATUS_SUBMITTED
05/19/17 16:17:45 21068 seconds since last log event
05/19/17 16:17:45 Pending DAG nodes:
05/19/17 16:17:45   Node topic, HTCondor ID 1351, status STATUS_SUBMITTED
05/19/17 16:17:45   Node extended_topic_1, HTCondor ID 1352, status STATUS_SUBMITTED
05/19/17 16:27:48 21671 seconds since last log event
05/19/17 16:27:48 Pending DAG nodes:
05/19/17 16:27:48   Node topic, HTCondor ID 1351, status STATUS_SUBMITTED
05/19/17 16:27:48   Node extended_topic_1, HTCondor ID 1352, status STATUS_SUBMITTED
05/19/17 16:37:51 22274 seconds since last log event
05/19/17 16:37:51 Pending DAG nodes:
05/19/17 16:37:51   Node topic, HTCondor ID 1351, status STATUS_SUBMITTED
05/19/17 16:37:51   Node extended_topic_1, HTCondor ID 1352, status STATUS_SUBMITTED
05/19/17 16:47:54 22877 seconds since last log event
05/19/17 16:47:54 Pending DAG nodes:
05/19/17 16:47:54   Node topic, HTCondor ID 1351, status STATUS_SUBMITTED
05/19/17 16:47:54   Node extended_topic_1, HTCondor ID 1352, status STATUS_SUBMITTED
05/19/17 16:57:57 23480 seconds since last log event
05/19/17 16:57:57 Pending DAG nodes:
05/19/17 16:57:57   Node topic, HTCondor ID 1351, status STATUS_SUBMITTED
05/19/17 16:57:57   Node extended_topic_1, HTCondor ID 1352, status STATUS_SUBMITTED
05/19/17 17:08:00 24083 seconds since last log event
05/19/17 17:08:00 Pending DAG nodes:
05/19/17 17:08:00   Node topic, HTCondor ID 1351, status STATUS_SUBMITTED
05/19/17 17:08:00   Node extended_topic_1, HTCondor ID 1352, status STATUS_SUBMITTED
05/19/17 17:18:03 24686 seconds since last log event
05/19/17 17:18:03 Pending DAG nodes:
05/19/17 17:18:03   Node topic, HTCondor ID 1351, status STATUS_SUBMITTED
05/19/17 17:18:03   Node extended_topic_1, HTCondor ID 1352, status STATUS_SUBMITTED
05/19/17 17:28:05 25288 seconds since last log event
05/19/17 17:28:05 Pending DAG nodes:
05/19/17 17:28:05   Node topic, HTCondor ID 1351, status STATUS_SUBMITTED
05/19/17 17:28:05   Node extended_topic_1, HTCondor ID 1352, status STATUS_SUBMITTED
05/19/17 17:38:08 25891 seconds since last log event
05/19/17 17:38:08 Pending DAG nodes:
05/19/17 17:38:08   Node topic, HTCondor ID 1351, status STATUS_SUBMITTED
05/19/17 17:38:08   Node extended_topic_1, HTCondor ID 1352, status STATUS_SUBMITTED
05/19/17 17:48:11 26494 seconds since last log event
05/19/17 17:48:11 Pending DAG nodes:
05/19/17 17:48:11   Node topic, HTCondor ID 1351, status STATUS_SUBMITTED
05/19/17 17:48:11   Node extended_topic_1, HTCondor ID 1352, status STATUS_SUBMITTED
05/19/17 17:58:14 27097 seconds since last log event
05/19/17 17:58:14 Pending DAG nodes:
05/19/17 17:58:14   Node topic, HTCondor ID 1351, status STATUS_SUBMITTED
05/19/17 17:58:14   Node extended_topic_1, HTCondor ID 1352, status STATUS_SUBMITTED
05/19/17 18:08:16 27699 seconds since last log event
05/19/17 18:08:16 Pending DAG nodes:
05/19/17 18:08:16   Node topic, HTCondor ID 1351, status STATUS_SUBMITTED
05/19/17 18:08:16   Node extended_topic_1, HTCondor ID 1352, status STATUS_SUBMITTED
05/19/17 18:18:19 28302 seconds since last log event
05/19/17 18:18:19 Pending DAG nodes:
05/19/17 18:18:19   Node topic, HTCondor ID 1351, status STATUS_SUBMITTED
05/19/17 18:18:19   Node extended_topic_1, HTCondor ID 1352, status STATUS_SUBMITTED
05/19/17 18:28:22 28905 seconds since last log event
05/19/17 18:28:22 Pending DAG nodes:
05/19/17 18:28:22   Node topic, HTCondor ID 1351, status STATUS_SUBMITTED
05/19/17 18:28:22   Node extended_topic_1, HTCondor ID 1352, status STATUS_SUBMITTED
05/19/17 18:38:25 29508 seconds since last log event
05/19/17 18:38:25 Pending DAG nodes:
05/19/17 18:38:25   Node topic, HTCondor ID 1351, status STATUS_SUBMITTED
05/19/17 18:38:25   Node extended_topic_1, HTCondor ID 1352, status STATUS_SUBMITTED
05/19/17 18:48:27 30110 seconds since last log event
05/19/17 18:48:27 Pending DAG nodes:
05/19/17 18:48:27   Node topic, HTCondor ID 1351, status STATUS_SUBMITTED
05/19/17 18:48:27   Node extended_topic_1, HTCondor ID 1352, status STATUS_SUBMITTED
05/19/17 18:58:30 30713 seconds since last log event
05/19/17 18:58:30 Pending DAG nodes:
05/19/17 18:58:30   Node topic, HTCondor ID 1351, status STATUS_SUBMITTED
05/19/17 18:58:30   Node extended_topic_1, HTCondor ID 1352, status STATUS_SUBMITTED
05/19/17 19:08:33 31316 seconds since last log event
05/19/17 19:08:33 Pending DAG nodes:
05/19/17 19:08:33   Node topic, HTCondor ID 1351, status STATUS_SUBMITTED
05/19/17 19:08:33   Node extended_topic_1, HTCondor ID 1352, status STATUS_SUBMITTED
05/19/17 19:18:34 31917 seconds since last log event
05/19/17 19:18:34 Pending DAG nodes:
05/19/17 19:18:34   Node topic, HTCondor ID 1351, status STATUS_SUBMITTED
05/19/17 19:18:34   Node extended_topic_1, HTCondor ID 1352, status STATUS_SUBMITTED
05/19/17 19:28:36 32519 seconds since last log event
05/19/17 19:28:36 Pending DAG nodes:
05/19/17 19:28:36   Node topic, HTCondor ID 1351, status STATUS_SUBMITTED
05/19/17 19:28:36   Node extended_topic_1, HTCondor ID 1352, status STATUS_SUBMITTED
05/19/17 19:38:37 33120 seconds since last log event
05/19/17 19:38:37 Pending DAG nodes:
05/19/17 19:38:37   Node topic, HTCondor ID 1351, status STATUS_SUBMITTED
05/19/17 19:38:37   Node extended_topic_1, HTCondor ID 1352, status STATUS_SUBMITTED
05/19/17 19:48:40 33723 seconds since last log event
05/19/17 19:48:40 Pending DAG nodes:
05/19/17 19:48:40   Node topic, HTCondor ID 1351, status STATUS_SUBMITTED
05/19/17 19:48:40   Node extended_topic_1, HTCondor ID 1352, status STATUS_SUBMITTED
05/19/17 19:58:42 34325 seconds since last log event
05/19/17 19:58:42 Pending DAG nodes:
05/19/17 19:58:42   Node topic, HTCondor ID 1351, status STATUS_SUBMITTED
05/19/17 19:58:42   Node extended_topic_1, HTCondor ID 1352, status STATUS_SUBMITTED
05/19/17 20:08:44 34927 seconds since last log event
05/19/17 20:08:44 Pending DAG nodes:
05/19/17 20:08:44   Node topic, HTCondor ID 1351, status STATUS_SUBMITTED
05/19/17 20:08:44   Node extended_topic_1, HTCondor ID 1352, status STATUS_SUBMITTED
05/19/17 20:18:46 35529 seconds since last log event
05/19/17 20:18:46 Pending DAG nodes:
05/19/17 20:18:46   Node topic, HTCondor ID 1351, status STATUS_SUBMITTED
05/19/17 20:18:46   Node extended_topic_1, HTCondor ID 1352, status STATUS_SUBMITTED
05/19/17 20:28:48 36131 seconds since last log event
05/19/17 20:28:48 Pending DAG nodes:
05/19/17 20:28:48   Node topic, HTCondor ID 1351, status STATUS_SUBMITTED
05/19/17 20:28:48   Node extended_topic_1, HTCondor ID 1352, status STATUS_SUBMITTED
05/19/17 20:38:50 36733 seconds since last log event
05/19/17 20:38:50 Pending DAG nodes:
05/19/17 20:38:50   Node topic, HTCondor ID 1351, status STATUS_SUBMITTED
05/19/17 20:38:50   Node extended_topic_1, HTCondor ID 1352, status STATUS_SUBMITTED
05/19/17 20:48:52 37335 seconds since last log event
05/19/17 20:48:52 Pending DAG nodes:
05/19/17 20:48:52   Node topic, HTCondor ID 1351, status STATUS_SUBMITTED
05/19/17 20:48:52   Node extended_topic_1, HTCondor ID 1352, status STATUS_SUBMITTED
05/19/17 20:58:53 37936 seconds since last log event
05/19/17 20:58:53 Pending DAG nodes:
05/19/17 20:58:53   Node topic, HTCondor ID 1351, status STATUS_SUBMITTED
05/19/17 20:58:53   Node extended_topic_1, HTCondor ID 1352, status STATUS_SUBMITTED
05/19/17 21:08:55 38538 seconds since last log event
05/19/17 21:08:55 Pending DAG nodes:
05/19/17 21:08:55   Node topic, HTCondor ID 1351, status STATUS_SUBMITTED
05/19/17 21:08:55   Node extended_topic_1, HTCondor ID 1352, status STATUS_SUBMITTED
05/19/17 21:18:57 39140 seconds since last log event
05/19/17 21:18:57 Pending DAG nodes:
05/19/17 21:18:57   Node topic, HTCondor ID 1351, status STATUS_SUBMITTED
05/19/17 21:18:57   Node extended_topic_1, HTCondor ID 1352, status STATUS_SUBMITTED
05/19/17 21:28:58 39741 seconds since last log event
05/19/17 21:28:58 Pending DAG nodes:
05/19/17 21:28:58   Node topic, HTCondor ID 1351, status STATUS_SUBMITTED
05/19/17 21:28:58   Node extended_topic_1, HTCondor ID 1352, status STATUS_SUBMITTED
05/19/17 21:39:00 40343 seconds since last log event
05/19/17 21:39:00 Pending DAG nodes:
05/19/17 21:39:00   Node topic, HTCondor ID 1351, status STATUS_SUBMITTED
05/19/17 21:39:00   Node extended_topic_1, HTCondor ID 1352, status STATUS_SUBMITTED
05/19/17 21:49:02 40945 seconds since last log event
05/19/17 21:49:02 Pending DAG nodes:
05/19/17 21:49:02   Node topic, HTCondor ID 1351, status STATUS_SUBMITTED
05/19/17 21:49:02   Node extended_topic_1, HTCondor ID 1352, status STATUS_SUBMITTED
05/19/17 21:59:03 41546 seconds since last log event
05/19/17 21:59:03 Pending DAG nodes:
05/19/17 21:59:03   Node topic, HTCondor ID 1351, status STATUS_SUBMITTED
05/19/17 21:59:03   Node extended_topic_1, HTCondor ID 1352, status STATUS_SUBMITTED
05/19/17 22:09:05 42148 seconds since last log event
05/19/17 22:09:05 Pending DAG nodes:
05/19/17 22:09:05   Node topic, HTCondor ID 1351, status STATUS_SUBMITTED
05/19/17 22:09:05   Node extended_topic_1, HTCondor ID 1352, status STATUS_SUBMITTED
05/19/17 22:19:07 42750 seconds since last log event
05/19/17 22:19:07 Pending DAG nodes:
05/19/17 22:19:07   Node topic, HTCondor ID 1351, status STATUS_SUBMITTED
05/19/17 22:19:07   Node extended_topic_1, HTCondor ID 1352, status STATUS_SUBMITTED
05/19/17 22:29:08 43351 seconds since last log event
05/19/17 22:29:08 Pending DAG nodes:
05/19/17 22:29:08   Node topic, HTCondor ID 1351, status STATUS_SUBMITTED
05/19/17 22:29:08   Node extended_topic_1, HTCondor ID 1352, status STATUS_SUBMITTED
05/19/17 22:39:10 43953 seconds since last log event
05/19/17 22:39:10 Pending DAG nodes:
05/19/17 22:39:10   Node topic, HTCondor ID 1351, status STATUS_SUBMITTED
05/19/17 22:39:10   Node extended_topic_1, HTCondor ID 1352, status STATUS_SUBMITTED
05/19/17 22:49:11 44554 seconds since last log event
05/19/17 22:49:11 Pending DAG nodes:
05/19/17 22:49:11   Node topic, HTCondor ID 1351, status STATUS_SUBMITTED
05/19/17 22:49:11   Node extended_topic_1, HTCondor ID 1352, status STATUS_SUBMITTED
05/19/17 22:59:13 45156 seconds since last log event
05/19/17 22:59:13 Pending DAG nodes:
05/19/17 22:59:13   Node topic, HTCondor ID 1351, status STATUS_SUBMITTED
05/19/17 22:59:13   Node extended_topic_1, HTCondor ID 1352, status STATUS_SUBMITTED
05/19/17 23:09:15 45758 seconds since last log event
05/19/17 23:09:15 Pending DAG nodes:
05/19/17 23:09:15   Node topic, HTCondor ID 1351, status STATUS_SUBMITTED
05/19/17 23:09:15   Node extended_topic_1, HTCondor ID 1352, status STATUS_SUBMITTED
05/19/17 23:19:16 46359 seconds since last log event
05/19/17 23:19:16 Pending DAG nodes:
05/19/17 23:19:16   Node topic, HTCondor ID 1351, status STATUS_SUBMITTED
05/19/17 23:19:16   Node extended_topic_1, HTCondor ID 1352, status STATUS_SUBMITTED
05/19/17 23:29:17 46960 seconds since last log event
05/19/17 23:29:17 Pending DAG nodes:
05/19/17 23:29:17   Node topic, HTCondor ID 1351, status STATUS_SUBMITTED
05/19/17 23:29:17   Node extended_topic_1, HTCondor ID 1352, status STATUS_SUBMITTED
05/19/17 23:39:18 47561 seconds since last log event
05/19/17 23:39:18 Pending DAG nodes:
05/19/17 23:39:18   Node topic, HTCondor ID 1351, status STATUS_SUBMITTED
05/19/17 23:39:18   Node extended_topic_1, HTCondor ID 1352, status STATUS_SUBMITTED
05/19/17 23:49:19 48162 seconds since last log event
05/19/17 23:49:19 Pending DAG nodes:
05/19/17 23:49:19   Node topic, HTCondor ID 1351, status STATUS_SUBMITTED
05/19/17 23:49:19   Node extended_topic_1, HTCondor ID 1352, status STATUS_SUBMITTED
05/19/17 23:59:21 48764 seconds since last log event
05/19/17 23:59:21 Pending DAG nodes:
05/19/17 23:59:21   Node topic, HTCondor ID 1351, status STATUS_SUBMITTED
05/19/17 23:59:21   Node extended_topic_1, HTCondor ID 1352, status STATUS_SUBMITTED
05/20/17 00:09:23 49366 seconds since last log event
05/20/17 00:09:23 Pending DAG nodes:
05/20/17 00:09:23   Node topic, HTCondor ID 1351, status STATUS_SUBMITTED
05/20/17 00:09:23   Node extended_topic_1, HTCondor ID 1352, status STATUS_SUBMITTED
05/20/17 00:19:25 49968 seconds since last log event
05/20/17 00:19:25 Pending DAG nodes:
05/20/17 00:19:25   Node topic, HTCondor ID 1351, status STATUS_SUBMITTED
05/20/17 00:19:25   Node extended_topic_1, HTCondor ID 1352, status STATUS_SUBMITTED
05/20/17 00:29:26 50569 seconds since last log event
05/20/17 00:29:26 Pending DAG nodes:
05/20/17 00:29:26   Node topic, HTCondor ID 1351, status STATUS_SUBMITTED
05/20/17 00:29:26   Node extended_topic_1, HTCondor ID 1352, status STATUS_SUBMITTED
05/20/17 00:39:28 51171 seconds since last log event
05/20/17 00:39:28 Pending DAG nodes:
05/20/17 00:39:28   Node topic, HTCondor ID 1351, status STATUS_SUBMITTED
05/20/17 00:39:28   Node extended_topic_1, HTCondor ID 1352, status STATUS_SUBMITTED
05/20/17 00:49:30 51773 seconds since last log event
05/20/17 00:49:30 Pending DAG nodes:
05/20/17 00:49:30   Node topic, HTCondor ID 1351, status STATUS_SUBMITTED
05/20/17 00:49:30   Node extended_topic_1, HTCondor ID 1352, status STATUS_SUBMITTED
05/20/17 00:59:31 52374 seconds since last log event
05/20/17 00:59:31 Pending DAG nodes:
05/20/17 00:59:31   Node topic, HTCondor ID 1351, status STATUS_SUBMITTED
05/20/17 00:59:31   Node extended_topic_1, HTCondor ID 1352, status STATUS_SUBMITTED
05/20/17 01:09:33 52976 seconds since last log event
05/20/17 01:09:33 Pending DAG nodes:
05/20/17 01:09:33   Node topic, HTCondor ID 1351, status STATUS_SUBMITTED
05/20/17 01:09:33   Node extended_topic_1, HTCondor ID 1352, status STATUS_SUBMITTED
05/20/17 01:19:35 53578 seconds since last log event
05/20/17 01:19:35 Pending DAG nodes:
05/20/17 01:19:35   Node topic, HTCondor ID 1351, status STATUS_SUBMITTED
05/20/17 01:19:35   Node extended_topic_1, HTCondor ID 1352, status STATUS_SUBMITTED
05/20/17 01:29:36 54179 seconds since last log event
05/20/17 01:29:36 Pending DAG nodes:
05/20/17 01:29:36   Node topic, HTCondor ID 1351, status STATUS_SUBMITTED
05/20/17 01:29:36   Node extended_topic_1, HTCondor ID 1352, status STATUS_SUBMITTED
05/20/17 01:39:39 54782 seconds since last log event
05/20/17 01:39:39 Pending DAG nodes:
05/20/17 01:39:39   Node topic, HTCondor ID 1351, status STATUS_SUBMITTED
05/20/17 01:39:39   Node extended_topic_1, HTCondor ID 1352, status STATUS_SUBMITTED
05/20/17 01:49:41 55384 seconds since last log event
05/20/17 01:49:41 Pending DAG nodes:
05/20/17 01:49:41   Node topic, HTCondor ID 1351, status STATUS_SUBMITTED
05/20/17 01:49:41   Node extended_topic_1, HTCondor ID 1352, status STATUS_SUBMITTED
05/20/17 01:59:42 55985 seconds since last log event
05/20/17 01:59:42 Pending DAG nodes:
05/20/17 01:59:42   Node topic, HTCondor ID 1351, status STATUS_SUBMITTED
05/20/17 01:59:42   Node extended_topic_1, HTCondor ID 1352, status STATUS_SUBMITTED
05/20/17 02:09:44 56587 seconds since last log event
05/20/17 02:09:44 Pending DAG nodes:
05/20/17 02:09:44   Node topic, HTCondor ID 1351, status STATUS_SUBMITTED
05/20/17 02:09:44   Node extended_topic_1, HTCondor ID 1352, status STATUS_SUBMITTED
05/20/17 02:19:46 57189 seconds since last log event
05/20/17 02:19:46 Pending DAG nodes:
05/20/17 02:19:46   Node topic, HTCondor ID 1351, status STATUS_SUBMITTED
05/20/17 02:19:46   Node extended_topic_1, HTCondor ID 1352, status STATUS_SUBMITTED
05/20/17 02:29:48 57791 seconds since last log event
05/20/17 02:29:48 Pending DAG nodes:
05/20/17 02:29:48   Node topic, HTCondor ID 1351, status STATUS_SUBMITTED
05/20/17 02:29:48   Node extended_topic_1, HTCondor ID 1352, status STATUS_SUBMITTED
05/20/17 02:39:50 58393 seconds since last log event
05/20/17 02:39:50 Pending DAG nodes:
05/20/17 02:39:50   Node topic, HTCondor ID 1351, status STATUS_SUBMITTED
05/20/17 02:39:50   Node extended_topic_1, HTCondor ID 1352, status STATUS_SUBMITTED
05/20/17 02:49:52 58995 seconds since last log event
05/20/17 02:49:52 Pending DAG nodes:
05/20/17 02:49:52   Node topic, HTCondor ID 1351, status STATUS_SUBMITTED
05/20/17 02:49:52   Node extended_topic_1, HTCondor ID 1352, status STATUS_SUBMITTED
05/20/17 02:59:54 59597 seconds since last log event
05/20/17 02:59:54 Pending DAG nodes:
05/20/17 02:59:54   Node topic, HTCondor ID 1351, status STATUS_SUBMITTED
05/20/17 02:59:54   Node extended_topic_1, HTCondor ID 1352, status STATUS_SUBMITTED
05/20/17 03:09:56 60199 seconds since last log event
05/20/17 03:09:56 Pending DAG nodes:
05/20/17 03:09:56   Node topic, HTCondor ID 1351, status STATUS_SUBMITTED
05/20/17 03:09:56   Node extended_topic_1, HTCondor ID 1352, status STATUS_SUBMITTED
05/20/17 03:19:58 60801 seconds since last log event
05/20/17 03:19:58 Pending DAG nodes:
05/20/17 03:19:58   Node topic, HTCondor ID 1351, status STATUS_SUBMITTED
05/20/17 03:19:58   Node extended_topic_1, HTCondor ID 1352, status STATUS_SUBMITTED
05/20/17 03:30:00 61403 seconds since last log event
05/20/17 03:30:00 Pending DAG nodes:
05/20/17 03:30:00   Node topic, HTCondor ID 1351, status STATUS_SUBMITTED
05/20/17 03:30:00   Node extended_topic_1, HTCondor ID 1352, status STATUS_SUBMITTED
05/20/17 03:40:02 62005 seconds since last log event
05/20/17 03:40:02 Pending DAG nodes:
05/20/17 03:40:02   Node topic, HTCondor ID 1351, status STATUS_SUBMITTED
05/20/17 03:40:02   Node extended_topic_1, HTCondor ID 1352, status STATUS_SUBMITTED
05/20/17 03:50:04 62607 seconds since last log event
05/20/17 03:50:04 Pending DAG nodes:
05/20/17 03:50:04   Node topic, HTCondor ID 1351, status STATUS_SUBMITTED
05/20/17 03:50:04   Node extended_topic_1, HTCondor ID 1352, status STATUS_SUBMITTED
05/20/17 04:00:06 63209 seconds since last log event
05/20/17 04:00:06 Pending DAG nodes:
05/20/17 04:00:06   Node topic, HTCondor ID 1351, status STATUS_SUBMITTED
05/20/17 04:00:06   Node extended_topic_1, HTCondor ID 1352, status STATUS_SUBMITTED
05/20/17 04:10:08 63811 seconds since last log event
05/20/17 04:10:08 Pending DAG nodes:
05/20/17 04:10:08   Node topic, HTCondor ID 1351, status STATUS_SUBMITTED
05/20/17 04:10:08   Node extended_topic_1, HTCondor ID 1352, status STATUS_SUBMITTED
05/20/17 04:20:10 64413 seconds since last log event
05/20/17 04:20:10 Pending DAG nodes:
05/20/17 04:20:10   Node topic, HTCondor ID 1351, status STATUS_SUBMITTED
05/20/17 04:20:10   Node extended_topic_1, HTCondor ID 1352, status STATUS_SUBMITTED
05/20/17 04:30:11 65014 seconds since last log event
05/20/17 04:30:11 Pending DAG nodes:
05/20/17 04:30:11   Node topic, HTCondor ID 1351, status STATUS_SUBMITTED
05/20/17 04:30:11   Node extended_topic_1, HTCondor ID 1352, status STATUS_SUBMITTED
05/20/17 04:40:14 65617 seconds since last log event
05/20/17 04:40:14 Pending DAG nodes:
05/20/17 04:40:14   Node topic, HTCondor ID 1351, status STATUS_SUBMITTED
05/20/17 04:40:14   Node extended_topic_1, HTCondor ID 1352, status STATUS_SUBMITTED
05/20/17 04:50:16 66219 seconds since last log event
05/20/17 04:50:16 Pending DAG nodes:
05/20/17 04:50:16   Node topic, HTCondor ID 1351, status STATUS_SUBMITTED
05/20/17 04:50:16   Node extended_topic_1, HTCondor ID 1352, status STATUS_SUBMITTED
05/20/17 05:00:18 66821 seconds since last log event
05/20/17 05:00:18 Pending DAG nodes:
05/20/17 05:00:18   Node topic, HTCondor ID 1351, status STATUS_SUBMITTED
05/20/17 05:00:18   Node extended_topic_1, HTCondor ID 1352, status STATUS_SUBMITTED
05/20/17 05:10:20 67423 seconds since last log event
05/20/17 05:10:20 Pending DAG nodes:
05/20/17 05:10:20   Node topic, HTCondor ID 1351, status STATUS_SUBMITTED
05/20/17 05:10:20   Node extended_topic_1, HTCondor ID 1352, status STATUS_SUBMITTED
05/20/17 05:20:21 68024 seconds since last log event
05/20/17 05:20:21 Pending DAG nodes:
05/20/17 05:20:21   Node topic, HTCondor ID 1351, status STATUS_SUBMITTED
05/20/17 05:20:21   Node extended_topic_1, HTCondor ID 1352, status STATUS_SUBMITTED
05/20/17 05:30:23 68626 seconds since last log event
05/20/17 05:30:23 Pending DAG nodes:
05/20/17 05:30:23   Node topic, HTCondor ID 1351, status STATUS_SUBMITTED
05/20/17 05:30:23   Node extended_topic_1, HTCondor ID 1352, status STATUS_SUBMITTED
05/20/17 05:40:25 69228 seconds since last log event
05/20/17 05:40:25 Pending DAG nodes:
05/20/17 05:40:25   Node topic, HTCondor ID 1351, status STATUS_SUBMITTED
05/20/17 05:40:25   Node extended_topic_1, HTCondor ID 1352, status STATUS_SUBMITTED
05/20/17 05:50:28 69831 seconds since last log event
05/20/17 05:50:28 Pending DAG nodes:
05/20/17 05:50:28   Node topic, HTCondor ID 1351, status STATUS_SUBMITTED
05/20/17 05:50:28   Node extended_topic_1, HTCondor ID 1352, status STATUS_SUBMITTED
05/20/17 06:00:30 70433 seconds since last log event
05/20/17 06:00:30 Pending DAG nodes:
05/20/17 06:00:30   Node topic, HTCondor ID 1351, status STATUS_SUBMITTED
05/20/17 06:00:30   Node extended_topic_1, HTCondor ID 1352, status STATUS_SUBMITTED
05/20/17 06:10:31 71034 seconds since last log event
05/20/17 06:10:31 Pending DAG nodes:
05/20/17 06:10:31   Node topic, HTCondor ID 1351, status STATUS_SUBMITTED
05/20/17 06:10:31   Node extended_topic_1, HTCondor ID 1352, status STATUS_SUBMITTED
05/20/17 06:20:33 71636 seconds since last log event
05/20/17 06:20:33 Pending DAG nodes:
05/20/17 06:20:33   Node topic, HTCondor ID 1351, status STATUS_SUBMITTED
05/20/17 06:20:33   Node extended_topic_1, HTCondor ID 1352, status STATUS_SUBMITTED
05/20/17 06:30:35 72238 seconds since last log event
05/20/17 06:30:35 Pending DAG nodes:
05/20/17 06:30:35   Node topic, HTCondor ID 1351, status STATUS_SUBMITTED
05/20/17 06:30:35   Node extended_topic_1, HTCondor ID 1352, status STATUS_SUBMITTED
05/20/17 06:40:36 72839 seconds since last log event
05/20/17 06:40:36 Pending DAG nodes:
05/20/17 06:40:36   Node topic, HTCondor ID 1351, status STATUS_SUBMITTED
05/20/17 06:40:36   Node extended_topic_1, HTCondor ID 1352, status STATUS_SUBMITTED
05/20/17 06:50:38 73441 seconds since last log event
05/20/17 06:50:38 Pending DAG nodes:
05/20/17 06:50:38   Node topic, HTCondor ID 1351, status STATUS_SUBMITTED
05/20/17 06:50:38   Node extended_topic_1, HTCondor ID 1352, status STATUS_SUBMITTED
05/20/17 07:00:40 74043 seconds since last log event
05/20/17 07:00:40 Pending DAG nodes:
05/20/17 07:00:40   Node topic, HTCondor ID 1351, status STATUS_SUBMITTED
05/20/17 07:00:40   Node extended_topic_1, HTCondor ID 1352, status STATUS_SUBMITTED
05/20/17 07:10:41 74644 seconds since last log event
05/20/17 07:10:41 Pending DAG nodes:
05/20/17 07:10:41   Node topic, HTCondor ID 1351, status STATUS_SUBMITTED
05/20/17 07:10:41   Node extended_topic_1, HTCondor ID 1352, status STATUS_SUBMITTED
05/20/17 07:20:43 75246 seconds since last log event
05/20/17 07:20:43 Pending DAG nodes:
05/20/17 07:20:43   Node topic, HTCondor ID 1351, status STATUS_SUBMITTED
05/20/17 07:20:43   Node extended_topic_1, HTCondor ID 1352, status STATUS_SUBMITTED
05/20/17 07:30:44 75847 seconds since last log event
05/20/17 07:30:44 Pending DAG nodes:
05/20/17 07:30:44   Node topic, HTCondor ID 1351, status STATUS_SUBMITTED
05/20/17 07:30:44   Node extended_topic_1, HTCondor ID 1352, status STATUS_SUBMITTED
05/20/17 07:40:46 76449 seconds since last log event
05/20/17 07:40:46 Pending DAG nodes:
05/20/17 07:40:46   Node topic, HTCondor ID 1351, status STATUS_SUBMITTED
05/20/17 07:40:46   Node extended_topic_1, HTCondor ID 1352, status STATUS_SUBMITTED
05/20/17 07:50:47 77050 seconds since last log event
05/20/17 07:50:47 Pending DAG nodes:
05/20/17 07:50:47   Node topic, HTCondor ID 1351, status STATUS_SUBMITTED
05/20/17 07:50:47   Node extended_topic_1, HTCondor ID 1352, status STATUS_SUBMITTED
05/20/17 08:00:47 77650 seconds since last log event
05/20/17 08:00:47 Pending DAG nodes:
05/20/17 08:00:47   Node topic, HTCondor ID 1351, status STATUS_SUBMITTED
05/20/17 08:00:47   Node extended_topic_1, HTCondor ID 1352, status STATUS_SUBMITTED
05/20/17 08:10:48 78251 seconds since last log event
05/20/17 08:10:48 Pending DAG nodes:
05/20/17 08:10:48   Node topic, HTCondor ID 1351, status STATUS_SUBMITTED
05/20/17 08:10:48   Node extended_topic_1, HTCondor ID 1352, status STATUS_SUBMITTED
05/20/17 08:20:48 78851 seconds since last log event
05/20/17 08:20:48 Pending DAG nodes:
05/20/17 08:20:48   Node topic, HTCondor ID 1351, status STATUS_SUBMITTED
05/20/17 08:20:48   Node extended_topic_1, HTCondor ID 1352, status STATUS_SUBMITTED
05/20/17 08:30:49 79452 seconds since last log event
05/20/17 08:30:49 Pending DAG nodes:
05/20/17 08:30:49   Node topic, HTCondor ID 1351, status STATUS_SUBMITTED
05/20/17 08:30:49   Node extended_topic_1, HTCondor ID 1352, status STATUS_SUBMITTED
05/20/17 08:40:51 80054 seconds since last log event
05/20/17 08:40:51 Pending DAG nodes:
05/20/17 08:40:51   Node topic, HTCondor ID 1351, status STATUS_SUBMITTED
05/20/17 08:40:51   Node extended_topic_1, HTCondor ID 1352, status STATUS_SUBMITTED
05/20/17 08:50:52 80655 seconds since last log event
05/20/17 08:50:52 Pending DAG nodes:
05/20/17 08:50:52   Node topic, HTCondor ID 1351, status STATUS_SUBMITTED
05/20/17 08:50:52   Node extended_topic_1, HTCondor ID 1352, status STATUS_SUBMITTED
05/20/17 09:00:54 81257 seconds since last log event
05/20/17 09:00:54 Pending DAG nodes:
05/20/17 09:00:54   Node topic, HTCondor ID 1351, status STATUS_SUBMITTED
05/20/17 09:00:54   Node extended_topic_1, HTCondor ID 1352, status STATUS_SUBMITTED
05/20/17 09:10:55 81858 seconds since last log event
05/20/17 09:10:55 Pending DAG nodes:
05/20/17 09:10:55   Node topic, HTCondor ID 1351, status STATUS_SUBMITTED
05/20/17 09:10:55   Node extended_topic_1, HTCondor ID 1352, status STATUS_SUBMITTED
05/20/17 09:20:57 82460 seconds since last log event
05/20/17 09:20:57 Pending DAG nodes:
05/20/17 09:20:57   Node topic, HTCondor ID 1351, status STATUS_SUBMITTED
05/20/17 09:20:57   Node extended_topic_1, HTCondor ID 1352, status STATUS_SUBMITTED
05/20/17 09:30:59 83062 seconds since last log event
05/20/17 09:30:59 Pending DAG nodes:
05/20/17 09:30:59   Node topic, HTCondor ID 1351, status STATUS_SUBMITTED
05/20/17 09:30:59   Node extended_topic_1, HTCondor ID 1352, status STATUS_SUBMITTED
05/20/17 09:41:00 83663 seconds since last log event
05/20/17 09:41:00 Pending DAG nodes:
05/20/17 09:41:00   Node topic, HTCondor ID 1351, status STATUS_SUBMITTED
05/20/17 09:41:00   Node extended_topic_1, HTCondor ID 1352, status STATUS_SUBMITTED
05/20/17 09:51:02 84265 seconds since last log event
05/20/17 09:51:02 Pending DAG nodes:
05/20/17 09:51:02   Node topic, HTCondor ID 1351, status STATUS_SUBMITTED
05/20/17 09:51:02   Node extended_topic_1, HTCondor ID 1352, status STATUS_SUBMITTED
05/20/17 10:01:03 84866 seconds since last log event
05/20/17 10:01:03 Pending DAG nodes:
05/20/17 10:01:03   Node topic, HTCondor ID 1351, status STATUS_SUBMITTED
05/20/17 10:01:03   Node extended_topic_1, HTCondor ID 1352, status STATUS_SUBMITTED
05/20/17 10:11:05 85468 seconds since last log event
05/20/17 10:11:05 Pending DAG nodes:
05/20/17 10:11:05   Node topic, HTCondor ID 1351, status STATUS_SUBMITTED
05/20/17 10:11:05   Node extended_topic_1, HTCondor ID 1352, status STATUS_SUBMITTED
05/20/17 10:21:06 86069 seconds since last log event
05/20/17 10:21:06 Pending DAG nodes:
05/20/17 10:21:06   Node topic, HTCondor ID 1351, status STATUS_SUBMITTED
05/20/17 10:21:06   Node extended_topic_1, HTCondor ID 1352, status STATUS_SUBMITTED
05/20/17 10:31:07 86670 seconds since last log event
05/20/17 10:31:07 Pending DAG nodes:
05/20/17 10:31:07   Node topic, HTCondor ID 1351, status STATUS_SUBMITTED
05/20/17 10:31:07   Node extended_topic_1, HTCondor ID 1352, status STATUS_SUBMITTED
05/20/17 10:41:09 87272 seconds since last log event
05/20/17 10:41:09 Pending DAG nodes:
05/20/17 10:41:09   Node topic, HTCondor ID 1351, status STATUS_SUBMITTED
05/20/17 10:41:09   Node extended_topic_1, HTCondor ID 1352, status STATUS_SUBMITTED
05/20/17 10:51:10 87873 seconds since last log event
05/20/17 10:51:10 Pending DAG nodes:
05/20/17 10:51:10   Node topic, HTCondor ID 1351, status STATUS_SUBMITTED
05/20/17 10:51:10   Node extended_topic_1, HTCondor ID 1352, status STATUS_SUBMITTED
05/20/17 11:01:12 88475 seconds since last log event
05/20/17 11:01:12 Pending DAG nodes:
05/20/17 11:01:12   Node topic, HTCondor ID 1351, status STATUS_SUBMITTED
05/20/17 11:01:12   Node extended_topic_1, HTCondor ID 1352, status STATUS_SUBMITTED
05/20/17 11:11:12 89075 seconds since last log event
05/20/17 11:11:12 Pending DAG nodes:
05/20/17 11:11:12   Node topic, HTCondor ID 1351, status STATUS_SUBMITTED
05/20/17 11:11:12   Node extended_topic_1, HTCondor ID 1352, status STATUS_SUBMITTED
05/20/17 11:21:14 89677 seconds since last log event
05/20/17 11:21:14 Pending DAG nodes:
05/20/17 11:21:14   Node topic, HTCondor ID 1351, status STATUS_SUBMITTED
05/20/17 11:21:14   Node extended_topic_1, HTCondor ID 1352, status STATUS_SUBMITTED
05/20/17 11:31:16 90279 seconds since last log event
05/20/17 11:31:16 Pending DAG nodes:
05/20/17 11:31:16   Node topic, HTCondor ID 1351, status STATUS_SUBMITTED
05/20/17 11:31:16   Node extended_topic_1, HTCondor ID 1352, status STATUS_SUBMITTED
05/20/17 11:41:17 90880 seconds since last log event
05/20/17 11:41:17 Pending DAG nodes:
05/20/17 11:41:17   Node topic, HTCondor ID 1351, status STATUS_SUBMITTED
05/20/17 11:41:17   Node extended_topic_1, HTCondor ID 1352, status STATUS_SUBMITTED
05/20/17 11:51:20 91483 seconds since last log event
05/20/17 11:51:20 Pending DAG nodes:
05/20/17 11:51:20   Node topic, HTCondor ID 1351, status STATUS_SUBMITTED
05/20/17 11:51:20   Node extended_topic_1, HTCondor ID 1352, status STATUS_SUBMITTED
05/20/17 12:01:23 92086 seconds since last log event
05/20/17 12:01:23 Pending DAG nodes:
05/20/17 12:01:23   Node topic, HTCondor ID 1351, status STATUS_SUBMITTED
05/20/17 12:01:23   Node extended_topic_1, HTCondor ID 1352, status STATUS_SUBMITTED
05/20/17 12:11:26 92689 seconds since last log event
05/20/17 12:11:26 Pending DAG nodes:
05/20/17 12:11:26   Node topic, HTCondor ID 1351, status STATUS_SUBMITTED
05/20/17 12:11:26   Node extended_topic_1, HTCondor ID 1352, status STATUS_SUBMITTED
05/20/17 12:21:29 93292 seconds since last log event
05/20/17 12:21:29 Pending DAG nodes:
05/20/17 12:21:29   Node topic, HTCondor ID 1351, status STATUS_SUBMITTED
05/20/17 12:21:29   Node extended_topic_1, HTCondor ID 1352, status STATUS_SUBMITTED
05/20/17 12:31:32 93895 seconds since last log event
05/20/17 12:31:32 Pending DAG nodes:
05/20/17 12:31:32   Node topic, HTCondor ID 1351, status STATUS_SUBMITTED
05/20/17 12:31:32   Node extended_topic_1, HTCondor ID 1352, status STATUS_SUBMITTED
05/20/17 12:41:34 94497 seconds since last log event
05/20/17 12:41:34 Pending DAG nodes:
05/20/17 12:41:34   Node topic, HTCondor ID 1351, status STATUS_SUBMITTED
05/20/17 12:41:34   Node extended_topic_1, HTCondor ID 1352, status STATUS_SUBMITTED
05/20/17 12:51:36 95099 seconds since last log event
05/20/17 12:51:36 Pending DAG nodes:
05/20/17 12:51:36   Node topic, HTCondor ID 1351, status STATUS_SUBMITTED
05/20/17 12:51:36   Node extended_topic_1, HTCondor ID 1352, status STATUS_SUBMITTED
05/20/17 13:01:38 95701 seconds since last log event
05/20/17 13:01:38 Pending DAG nodes:
05/20/17 13:01:38   Node topic, HTCondor ID 1351, status STATUS_SUBMITTED
05/20/17 13:01:38   Node extended_topic_1, HTCondor ID 1352, status STATUS_SUBMITTED
05/20/17 13:11:40 96303 seconds since last log event
05/20/17 13:11:40 Pending DAG nodes:
05/20/17 13:11:40   Node topic, HTCondor ID 1351, status STATUS_SUBMITTED
05/20/17 13:11:40   Node extended_topic_1, HTCondor ID 1352, status STATUS_SUBMITTED
05/20/17 13:21:42 96905 seconds since last log event
05/20/17 13:21:42 Pending DAG nodes:
05/20/17 13:21:42   Node topic, HTCondor ID 1351, status STATUS_SUBMITTED
05/20/17 13:21:42   Node extended_topic_1, HTCondor ID 1352, status STATUS_SUBMITTED
05/20/17 13:31:44 97507 seconds since last log event
05/20/17 13:31:44 Pending DAG nodes:
05/20/17 13:31:44   Node topic, HTCondor ID 1351, status STATUS_SUBMITTED
05/20/17 13:31:44   Node extended_topic_1, HTCondor ID 1352, status STATUS_SUBMITTED
05/20/17 13:41:46 98109 seconds since last log event
05/20/17 13:41:46 Pending DAG nodes:
05/20/17 13:41:46   Node topic, HTCondor ID 1351, status STATUS_SUBMITTED
05/20/17 13:41:46   Node extended_topic_1, HTCondor ID 1352, status STATUS_SUBMITTED
05/20/17 13:51:48 98711 seconds since last log event
05/20/17 13:51:48 Pending DAG nodes:
05/20/17 13:51:48   Node topic, HTCondor ID 1351, status STATUS_SUBMITTED
05/20/17 13:51:48   Node extended_topic_1, HTCondor ID 1352, status STATUS_SUBMITTED
05/20/17 14:01:50 99313 seconds since last log event
05/20/17 14:01:50 Pending DAG nodes:
05/20/17 14:01:50   Node topic, HTCondor ID 1351, status STATUS_SUBMITTED
05/20/17 14:01:50   Node extended_topic_1, HTCondor ID 1352, status STATUS_SUBMITTED
05/20/17 14:11:52 99915 seconds since last log event
05/20/17 14:11:52 Pending DAG nodes:
05/20/17 14:11:52   Node topic, HTCondor ID 1351, status STATUS_SUBMITTED
05/20/17 14:11:52   Node extended_topic_1, HTCondor ID 1352, status STATUS_SUBMITTED
05/20/17 14:21:54 100517 seconds since last log event
05/20/17 14:21:54 Pending DAG nodes:
05/20/17 14:21:54   Node topic, HTCondor ID 1351, status STATUS_SUBMITTED
05/20/17 14:21:54   Node extended_topic_1, HTCondor ID 1352, status STATUS_SUBMITTED
05/20/17 14:31:56 101119 seconds since last log event
05/20/17 14:31:56 Pending DAG nodes:
05/20/17 14:31:56   Node topic, HTCondor ID 1351, status STATUS_SUBMITTED
05/20/17 14:31:56   Node extended_topic_1, HTCondor ID 1352, status STATUS_SUBMITTED
05/20/17 14:41:58 101721 seconds since last log event
05/20/17 14:41:58 Pending DAG nodes:
05/20/17 14:41:58   Node topic, HTCondor ID 1351, status STATUS_SUBMITTED
05/20/17 14:41:58   Node extended_topic_1, HTCondor ID 1352, status STATUS_SUBMITTED
05/20/17 14:52:00 102323 seconds since last log event
05/20/17 14:52:00 Pending DAG nodes:
05/20/17 14:52:00   Node topic, HTCondor ID 1351, status STATUS_SUBMITTED
05/20/17 14:52:00   Node extended_topic_1, HTCondor ID 1352, status STATUS_SUBMITTED
05/20/17 15:02:02 102925 seconds since last log event
05/20/17 15:02:02 Pending DAG nodes:
05/20/17 15:02:02   Node topic, HTCondor ID 1351, status STATUS_SUBMITTED
05/20/17 15:02:02   Node extended_topic_1, HTCondor ID 1352, status STATUS_SUBMITTED
05/20/17 15:12:04 103527 seconds since last log event
05/20/17 15:12:04 Pending DAG nodes:
05/20/17 15:12:04   Node topic, HTCondor ID 1351, status STATUS_SUBMITTED
05/20/17 15:12:04   Node extended_topic_1, HTCondor ID 1352, status STATUS_SUBMITTED
05/20/17 15:22:05 104128 seconds since last log event
05/20/17 15:22:05 Pending DAG nodes:
05/20/17 15:22:05   Node topic, HTCondor ID 1351, status STATUS_SUBMITTED
05/20/17 15:22:05   Node extended_topic_1, HTCondor ID 1352, status STATUS_SUBMITTED
05/20/17 15:32:07 104730 seconds since last log event
05/20/17 15:32:07 Pending DAG nodes:
05/20/17 15:32:07   Node topic, HTCondor ID 1351, status STATUS_SUBMITTED
05/20/17 15:32:07   Node extended_topic_1, HTCondor ID 1352, status STATUS_SUBMITTED
05/20/17 15:42:09 105332 seconds since last log event
05/20/17 15:42:09 Pending DAG nodes:
05/20/17 15:42:09   Node topic, HTCondor ID 1351, status STATUS_SUBMITTED
05/20/17 15:42:09   Node extended_topic_1, HTCondor ID 1352, status STATUS_SUBMITTED
05/20/17 15:52:11 105934 seconds since last log event
05/20/17 15:52:11 Pending DAG nodes:
05/20/17 15:52:11   Node topic, HTCondor ID 1351, status STATUS_SUBMITTED
05/20/17 15:52:11   Node extended_topic_1, HTCondor ID 1352, status STATUS_SUBMITTED
05/20/17 16:02:13 106536 seconds since last log event
05/20/17 16:02:13 Pending DAG nodes:
05/20/17 16:02:13   Node topic, HTCondor ID 1351, status STATUS_SUBMITTED
05/20/17 16:02:13   Node extended_topic_1, HTCondor ID 1352, status STATUS_SUBMITTED
05/20/17 16:12:15 107138 seconds since last log event
05/20/17 16:12:15 Pending DAG nodes:
05/20/17 16:12:15   Node topic, HTCondor ID 1351, status STATUS_SUBMITTED
05/20/17 16:12:15   Node extended_topic_1, HTCondor ID 1352, status STATUS_SUBMITTED
05/20/17 16:22:17 107740 seconds since last log event
05/20/17 16:22:17 Pending DAG nodes:
05/20/17 16:22:17   Node topic, HTCondor ID 1351, status STATUS_SUBMITTED
05/20/17 16:22:17   Node extended_topic_1, HTCondor ID 1352, status STATUS_SUBMITTED
05/20/17 16:32:20 108343 seconds since last log event
05/20/17 16:32:20 Pending DAG nodes:
05/20/17 16:32:20   Node topic, HTCondor ID 1351, status STATUS_SUBMITTED
05/20/17 16:32:20   Node extended_topic_1, HTCondor ID 1352, status STATUS_SUBMITTED
05/20/17 16:42:22 108945 seconds since last log event
05/20/17 16:42:22 Pending DAG nodes:
05/20/17 16:42:22   Node topic, HTCondor ID 1351, status STATUS_SUBMITTED
05/20/17 16:42:22   Node extended_topic_1, HTCondor ID 1352, status STATUS_SUBMITTED
05/20/17 16:52:23 109546 seconds since last log event
05/20/17 16:52:23 Pending DAG nodes:
05/20/17 16:52:23   Node topic, HTCondor ID 1351, status STATUS_SUBMITTED
05/20/17 16:52:23   Node extended_topic_1, HTCondor ID 1352, status STATUS_SUBMITTED
05/20/17 17:02:25 110148 seconds since last log event
05/20/17 17:02:25 Pending DAG nodes:
05/20/17 17:02:25   Node topic, HTCondor ID 1351, status STATUS_SUBMITTED
05/20/17 17:02:25   Node extended_topic_1, HTCondor ID 1352, status STATUS_SUBMITTED
05/20/17 17:12:27 110750 seconds since last log event
05/20/17 17:12:27 Pending DAG nodes:
05/20/17 17:12:27   Node topic, HTCondor ID 1351, status STATUS_SUBMITTED
05/20/17 17:12:27   Node extended_topic_1, HTCondor ID 1352, status STATUS_SUBMITTED
05/20/17 17:22:28 111351 seconds since last log event
05/20/17 17:22:28 Pending DAG nodes:
05/20/17 17:22:28   Node topic, HTCondor ID 1351, status STATUS_SUBMITTED
05/20/17 17:22:28   Node extended_topic_1, HTCondor ID 1352, status STATUS_SUBMITTED
05/20/17 17:32:31 111954 seconds since last log event
05/20/17 17:32:31 Pending DAG nodes:
05/20/17 17:32:31   Node topic, HTCondor ID 1351, status STATUS_SUBMITTED
05/20/17 17:32:31   Node extended_topic_1, HTCondor ID 1352, status STATUS_SUBMITTED
05/20/17 17:42:33 112556 seconds since last log event
05/20/17 17:42:33 Pending DAG nodes:
05/20/17 17:42:33   Node topic, HTCondor ID 1351, status STATUS_SUBMITTED
05/20/17 17:42:33   Node extended_topic_1, HTCondor ID 1352, status STATUS_SUBMITTED
05/20/17 17:52:35 113158 seconds since last log event
05/20/17 17:52:35 Pending DAG nodes:
05/20/17 17:52:35   Node topic, HTCondor ID 1351, status STATUS_SUBMITTED
05/20/17 17:52:35   Node extended_topic_1, HTCondor ID 1352, status STATUS_SUBMITTED
05/20/17 18:02:37 113760 seconds since last log event
05/20/17 18:02:37 Pending DAG nodes:
05/20/17 18:02:37   Node topic, HTCondor ID 1351, status STATUS_SUBMITTED
05/20/17 18:02:37   Node extended_topic_1, HTCondor ID 1352, status STATUS_SUBMITTED
05/20/17 18:12:38 114361 seconds since last log event
05/20/17 18:12:38 Pending DAG nodes:
05/20/17 18:12:38   Node topic, HTCondor ID 1351, status STATUS_SUBMITTED
05/20/17 18:12:38   Node extended_topic_1, HTCondor ID 1352, status STATUS_SUBMITTED
05/20/17 18:22:40 114963 seconds since last log event
05/20/17 18:22:40 Pending DAG nodes:
05/20/17 18:22:40   Node topic, HTCondor ID 1351, status STATUS_SUBMITTED
05/20/17 18:22:40   Node extended_topic_1, HTCondor ID 1352, status STATUS_SUBMITTED
05/20/17 18:32:43 115566 seconds since last log event
05/20/17 18:32:43 Pending DAG nodes:
05/20/17 18:32:43   Node topic, HTCondor ID 1351, status STATUS_SUBMITTED
05/20/17 18:32:43   Node extended_topic_1, HTCondor ID 1352, status STATUS_SUBMITTED
05/20/17 18:42:44 116167 seconds since last log event
05/20/17 18:42:44 Pending DAG nodes:
05/20/17 18:42:44   Node topic, HTCondor ID 1351, status STATUS_SUBMITTED
05/20/17 18:42:44   Node extended_topic_1, HTCondor ID 1352, status STATUS_SUBMITTED
05/20/17 18:52:45 116768 seconds since last log event
05/20/17 18:52:45 Pending DAG nodes:
05/20/17 18:52:45   Node topic, HTCondor ID 1351, status STATUS_SUBMITTED
05/20/17 18:52:45   Node extended_topic_1, HTCondor ID 1352, status STATUS_SUBMITTED
05/20/17 19:02:46 117369 seconds since last log event
05/20/17 19:02:46 Pending DAG nodes:
05/20/17 19:02:46   Node topic, HTCondor ID 1351, status STATUS_SUBMITTED
05/20/17 19:02:46   Node extended_topic_1, HTCondor ID 1352, status STATUS_SUBMITTED
05/20/17 19:12:47 117970 seconds since last log event
05/20/17 19:12:47 Pending DAG nodes:
05/20/17 19:12:47   Node topic, HTCondor ID 1351, status STATUS_SUBMITTED
05/20/17 19:12:47   Node extended_topic_1, HTCondor ID 1352, status STATUS_SUBMITTED
05/20/17 19:22:49 118572 seconds since last log event
05/20/17 19:22:49 Pending DAG nodes:
05/20/17 19:22:49   Node topic, HTCondor ID 1351, status STATUS_SUBMITTED
05/20/17 19:22:49   Node extended_topic_1, HTCondor ID 1352, status STATUS_SUBMITTED
05/20/17 19:32:51 119174 seconds since last log event
05/20/17 19:32:51 Pending DAG nodes:
05/20/17 19:32:51   Node topic, HTCondor ID 1351, status STATUS_SUBMITTED
05/20/17 19:32:51   Node extended_topic_1, HTCondor ID 1352, status STATUS_SUBMITTED
05/20/17 19:42:51 119774 seconds since last log event
05/20/17 19:42:51 Pending DAG nodes:
05/20/17 19:42:51   Node topic, HTCondor ID 1351, status STATUS_SUBMITTED
05/20/17 19:42:51   Node extended_topic_1, HTCondor ID 1352, status STATUS_SUBMITTED
05/20/17 19:52:53 120376 seconds since last log event
05/20/17 19:52:53 Pending DAG nodes:
05/20/17 19:52:53   Node topic, HTCondor ID 1351, status STATUS_SUBMITTED
05/20/17 19:52:53   Node extended_topic_1, HTCondor ID 1352, status STATUS_SUBMITTED
05/20/17 20:02:55 120978 seconds since last log event
05/20/17 20:02:55 Pending DAG nodes:
05/20/17 20:02:55   Node topic, HTCondor ID 1351, status STATUS_SUBMITTED
05/20/17 20:02:55   Node extended_topic_1, HTCondor ID 1352, status STATUS_SUBMITTED
05/20/17 20:12:56 121579 seconds since last log event
05/20/17 20:12:56 Pending DAG nodes:
05/20/17 20:12:56   Node topic, HTCondor ID 1351, status STATUS_SUBMITTED
05/20/17 20:12:56   Node extended_topic_1, HTCondor ID 1352, status STATUS_SUBMITTED
05/20/17 20:22:58 122181 seconds since last log event
05/20/17 20:22:58 Pending DAG nodes:
05/20/17 20:22:58   Node topic, HTCondor ID 1351, status STATUS_SUBMITTED
05/20/17 20:22:58   Node extended_topic_1, HTCondor ID 1352, status STATUS_SUBMITTED
05/20/17 20:32:59 122782 seconds since last log event
05/20/17 20:32:59 Pending DAG nodes:
05/20/17 20:32:59   Node topic, HTCondor ID 1351, status STATUS_SUBMITTED
05/20/17 20:32:59   Node extended_topic_1, HTCondor ID 1352, status STATUS_SUBMITTED
05/20/17 20:43:01 123384 seconds since last log event
05/20/17 20:43:01 Pending DAG nodes:
05/20/17 20:43:01   Node topic, HTCondor ID 1351, status STATUS_SUBMITTED
05/20/17 20:43:01   Node extended_topic_1, HTCondor ID 1352, status STATUS_SUBMITTED
05/20/17 20:53:03 123986 seconds since last log event
05/20/17 20:53:03 Pending DAG nodes:
05/20/17 20:53:03   Node topic, HTCondor ID 1351, status STATUS_SUBMITTED
05/20/17 20:53:03   Node extended_topic_1, HTCondor ID 1352, status STATUS_SUBMITTED
05/20/17 21:03:04 124587 seconds since last log event
05/20/17 21:03:04 Pending DAG nodes:
05/20/17 21:03:04   Node topic, HTCondor ID 1351, status STATUS_SUBMITTED
05/20/17 21:03:04   Node extended_topic_1, HTCondor ID 1352, status STATUS_SUBMITTED
05/20/17 21:13:06 125189 seconds since last log event
05/20/17 21:13:06 Pending DAG nodes:
05/20/17 21:13:06   Node topic, HTCondor ID 1351, status STATUS_SUBMITTED
05/20/17 21:13:06   Node extended_topic_1, HTCondor ID 1352, status STATUS_SUBMITTED
05/20/17 21:23:07 125790 seconds since last log event
05/20/17 21:23:07 Pending DAG nodes:
05/20/17 21:23:07   Node topic, HTCondor ID 1351, status STATUS_SUBMITTED
05/20/17 21:23:07   Node extended_topic_1, HTCondor ID 1352, status STATUS_SUBMITTED
05/20/17 21:33:09 126392 seconds since last log event
05/20/17 21:33:09 Pending DAG nodes:
05/20/17 21:33:09   Node topic, HTCondor ID 1351, status STATUS_SUBMITTED
05/20/17 21:33:09   Node extended_topic_1, HTCondor ID 1352, status STATUS_SUBMITTED
05/20/17 21:43:10 126993 seconds since last log event
05/20/17 21:43:10 Pending DAG nodes:
05/20/17 21:43:10   Node topic, HTCondor ID 1351, status STATUS_SUBMITTED
05/20/17 21:43:10   Node extended_topic_1, HTCondor ID 1352, status STATUS_SUBMITTED
05/20/17 21:53:12 127595 seconds since last log event
05/20/17 21:53:12 Pending DAG nodes:
05/20/17 21:53:12   Node topic, HTCondor ID 1351, status STATUS_SUBMITTED
05/20/17 21:53:12   Node extended_topic_1, HTCondor ID 1352, status STATUS_SUBMITTED
05/20/17 22:03:14 128197 seconds since last log event
05/20/17 22:03:14 Pending DAG nodes:
05/20/17 22:03:14   Node topic, HTCondor ID 1351, status STATUS_SUBMITTED
05/20/17 22:03:14   Node extended_topic_1, HTCondor ID 1352, status STATUS_SUBMITTED
05/20/17 22:13:15 128798 seconds since last log event
05/20/17 22:13:15 Pending DAG nodes:
05/20/17 22:13:15   Node topic, HTCondor ID 1351, status STATUS_SUBMITTED
05/20/17 22:13:15   Node extended_topic_1, HTCondor ID 1352, status STATUS_SUBMITTED
05/20/17 22:23:16 129399 seconds since last log event
05/20/17 22:23:16 Pending DAG nodes:
05/20/17 22:23:16   Node topic, HTCondor ID 1351, status STATUS_SUBMITTED
05/20/17 22:23:16   Node extended_topic_1, HTCondor ID 1352, status STATUS_SUBMITTED
05/20/17 22:33:17 130000 seconds since last log event
05/20/17 22:33:17 Pending DAG nodes:
05/20/17 22:33:17   Node topic, HTCondor ID 1351, status STATUS_SUBMITTED
05/20/17 22:33:17   Node extended_topic_1, HTCondor ID 1352, status STATUS_SUBMITTED
05/20/17 22:43:18 130601 seconds since last log event
05/20/17 22:43:18 Pending DAG nodes:
05/20/17 22:43:18   Node topic, HTCondor ID 1351, status STATUS_SUBMITTED
05/20/17 22:43:18   Node extended_topic_1, HTCondor ID 1352, status STATUS_SUBMITTED
05/20/17 22:53:20 131203 seconds since last log event
05/20/17 22:53:20 Pending DAG nodes:
05/20/17 22:53:20   Node topic, HTCondor ID 1351, status STATUS_SUBMITTED
05/20/17 22:53:20   Node extended_topic_1, HTCondor ID 1352, status STATUS_SUBMITTED
05/20/17 23:03:22 131805 seconds since last log event
05/20/17 23:03:22 Pending DAG nodes:
05/20/17 23:03:22   Node topic, HTCondor ID 1351, status STATUS_SUBMITTED
05/20/17 23:03:22   Node extended_topic_1, HTCondor ID 1352, status STATUS_SUBMITTED
05/20/17 23:13:24 132407 seconds since last log event
05/20/17 23:13:24 Pending DAG nodes:
05/20/17 23:13:24   Node topic, HTCondor ID 1351, status STATUS_SUBMITTED
05/20/17 23:13:24   Node extended_topic_1, HTCondor ID 1352, status STATUS_SUBMITTED
05/20/17 23:23:26 133009 seconds since last log event
05/20/17 23:23:26 Pending DAG nodes:
05/20/17 23:23:26   Node topic, HTCondor ID 1351, status STATUS_SUBMITTED
05/20/17 23:23:26   Node extended_topic_1, HTCondor ID 1352, status STATUS_SUBMITTED
05/20/17 23:33:28 133611 seconds since last log event
05/20/17 23:33:28 Pending DAG nodes:
05/20/17 23:33:28   Node topic, HTCondor ID 1351, status STATUS_SUBMITTED
05/20/17 23:33:28   Node extended_topic_1, HTCondor ID 1352, status STATUS_SUBMITTED
05/20/17 23:37:59 Currently monitoring 1 HTCondor log file(s)
05/20/17 23:37:59 Event: ULOG_EXECUTE for HTCondor Node topic (1351.0.0) {05/20/17 23:37:58}
05/20/17 23:37:59 Number of idle job procs: 1
05/20/17 23:48:01 602 seconds since last log event
05/20/17 23:48:01 Pending DAG nodes:
05/20/17 23:48:01   Node topic, HTCondor ID 1351, status STATUS_SUBMITTED
05/20/17 23:48:01   Node extended_topic_1, HTCondor ID 1352, status STATUS_SUBMITTED
05/20/17 23:58:03 1204 seconds since last log event
05/20/17 23:58:03 Pending DAG nodes:
05/20/17 23:58:03   Node topic, HTCondor ID 1351, status STATUS_SUBMITTED
05/20/17 23:58:03   Node extended_topic_1, HTCondor ID 1352, status STATUS_SUBMITTED
05/21/17 00:08:05 1806 seconds since last log event
05/21/17 00:08:05 Pending DAG nodes:
05/21/17 00:08:05   Node topic, HTCondor ID 1351, status STATUS_SUBMITTED
05/21/17 00:08:05   Node extended_topic_1, HTCondor ID 1352, status STATUS_SUBMITTED
05/21/17 00:18:06 2407 seconds since last log event
05/21/17 00:18:06 Pending DAG nodes:
05/21/17 00:18:06   Node topic, HTCondor ID 1351, status STATUS_SUBMITTED
05/21/17 00:18:06   Node extended_topic_1, HTCondor ID 1352, status STATUS_SUBMITTED
05/21/17 00:28:08 3009 seconds since last log event
05/21/17 00:28:08 Pending DAG nodes:
05/21/17 00:28:08   Node topic, HTCondor ID 1351, status STATUS_SUBMITTED
05/21/17 00:28:08   Node extended_topic_1, HTCondor ID 1352, status STATUS_SUBMITTED
05/21/17 00:32:04 Currently monitoring 1 HTCondor log file(s)
05/21/17 00:32:04 Event: ULOG_EXECUTE for HTCondor Node extended_topic_1 (1352.0.0) {05/21/17 00:32:02}
05/21/17 00:32:04 Number of idle job procs: 0
05/21/17 00:42:06 602 seconds since last log event
05/21/17 00:42:06 Pending DAG nodes:
05/21/17 00:42:06   Node topic, HTCondor ID 1351, status STATUS_SUBMITTED
05/21/17 00:42:06   Node extended_topic_1, HTCondor ID 1352, status STATUS_SUBMITTED
05/21/17 00:52:07 1203 seconds since last log event
05/21/17 00:52:07 Pending DAG nodes:
05/21/17 00:52:07   Node topic, HTCondor ID 1351, status STATUS_SUBMITTED
05/21/17 00:52:07   Node extended_topic_1, HTCondor ID 1352, status STATUS_SUBMITTED
05/21/17 01:02:09 1805 seconds since last log event
05/21/17 01:02:09 Pending DAG nodes:
05/21/17 01:02:09   Node topic, HTCondor ID 1351, status STATUS_SUBMITTED
05/21/17 01:02:09   Node extended_topic_1, HTCondor ID 1352, status STATUS_SUBMITTED
05/21/17 01:12:10 2406 seconds since last log event
05/21/17 01:12:10 Pending DAG nodes:
05/21/17 01:12:10   Node topic, HTCondor ID 1351, status STATUS_SUBMITTED
05/21/17 01:12:10   Node extended_topic_1, HTCondor ID 1352, status STATUS_SUBMITTED
05/21/17 01:22:12 3008 seconds since last log event
05/21/17 01:22:12 Pending DAG nodes:
05/21/17 01:22:12   Node topic, HTCondor ID 1351, status STATUS_SUBMITTED
05/21/17 01:22:12   Node extended_topic_1, HTCondor ID 1352, status STATUS_SUBMITTED
05/21/17 01:32:14 3610 seconds since last log event
05/21/17 01:32:14 Pending DAG nodes:
05/21/17 01:32:14   Node topic, HTCondor ID 1351, status STATUS_SUBMITTED
05/21/17 01:32:14   Node extended_topic_1, HTCondor ID 1352, status STATUS_SUBMITTED
05/21/17 01:42:16 4212 seconds since last log event
05/21/17 01:42:16 Pending DAG nodes:
05/21/17 01:42:16   Node topic, HTCondor ID 1351, status STATUS_SUBMITTED
05/21/17 01:42:16   Node extended_topic_1, HTCondor ID 1352, status STATUS_SUBMITTED
05/21/17 01:52:18 4814 seconds since last log event
05/21/17 01:52:18 Pending DAG nodes:
05/21/17 01:52:18   Node topic, HTCondor ID 1351, status STATUS_SUBMITTED
05/21/17 01:52:18   Node extended_topic_1, HTCondor ID 1352, status STATUS_SUBMITTED
05/21/17 02:02:20 5416 seconds since last log event
05/21/17 02:02:20 Pending DAG nodes:
05/21/17 02:02:20   Node topic, HTCondor ID 1351, status STATUS_SUBMITTED
05/21/17 02:02:20   Node extended_topic_1, HTCondor ID 1352, status STATUS_SUBMITTED
05/21/17 02:12:22 6018 seconds since last log event
05/21/17 02:12:22 Pending DAG nodes:
05/21/17 02:12:22   Node topic, HTCondor ID 1351, status STATUS_SUBMITTED
05/21/17 02:12:22   Node extended_topic_1, HTCondor ID 1352, status STATUS_SUBMITTED
05/21/17 02:22:24 6620 seconds since last log event
05/21/17 02:22:24 Pending DAG nodes:
05/21/17 02:22:24   Node topic, HTCondor ID 1351, status STATUS_SUBMITTED
05/21/17 02:22:24   Node extended_topic_1, HTCondor ID 1352, status STATUS_SUBMITTED
05/21/17 02:32:26 7222 seconds since last log event
05/21/17 02:32:26 Pending DAG nodes:
05/21/17 02:32:26   Node topic, HTCondor ID 1351, status STATUS_SUBMITTED
05/21/17 02:32:26   Node extended_topic_1, HTCondor ID 1352, status STATUS_SUBMITTED
05/21/17 02:42:28 7824 seconds since last log event
05/21/17 02:42:28 Pending DAG nodes:
05/21/17 02:42:28   Node topic, HTCondor ID 1351, status STATUS_SUBMITTED
05/21/17 02:42:28   Node extended_topic_1, HTCondor ID 1352, status STATUS_SUBMITTED
05/21/17 02:52:29 8425 seconds since last log event
05/21/17 02:52:29 Pending DAG nodes:
05/21/17 02:52:29   Node topic, HTCondor ID 1351, status STATUS_SUBMITTED
05/21/17 02:52:29   Node extended_topic_1, HTCondor ID 1352, status STATUS_SUBMITTED
05/21/17 03:02:30 9026 seconds since last log event
05/21/17 03:02:30 Pending DAG nodes:
05/21/17 03:02:30   Node topic, HTCondor ID 1351, status STATUS_SUBMITTED
05/21/17 03:02:30   Node extended_topic_1, HTCondor ID 1352, status STATUS_SUBMITTED
05/21/17 03:12:32 9628 seconds since last log event
05/21/17 03:12:32 Pending DAG nodes:
05/21/17 03:12:32   Node topic, HTCondor ID 1351, status STATUS_SUBMITTED
05/21/17 03:12:32   Node extended_topic_1, HTCondor ID 1352, status STATUS_SUBMITTED
05/21/17 03:22:34 10230 seconds since last log event
05/21/17 03:22:34 Pending DAG nodes:
05/21/17 03:22:34   Node topic, HTCondor ID 1351, status STATUS_SUBMITTED
05/21/17 03:22:34   Node extended_topic_1, HTCondor ID 1352, status STATUS_SUBMITTED
05/21/17 03:32:36 10832 seconds since last log event
05/21/17 03:32:36 Pending DAG nodes:
05/21/17 03:32:36   Node topic, HTCondor ID 1351, status STATUS_SUBMITTED
05/21/17 03:32:36   Node extended_topic_1, HTCondor ID 1352, status STATUS_SUBMITTED
05/21/17 03:42:36 11432 seconds since last log event
05/21/17 03:42:36 Pending DAG nodes:
05/21/17 03:42:36   Node topic, HTCondor ID 1351, status STATUS_SUBMITTED
05/21/17 03:42:36   Node extended_topic_1, HTCondor ID 1352, status STATUS_SUBMITTED
05/21/17 03:52:37 12033 seconds since last log event
05/21/17 03:52:37 Pending DAG nodes:
05/21/17 03:52:37   Node topic, HTCondor ID 1351, status STATUS_SUBMITTED
05/21/17 03:52:37   Node extended_topic_1, HTCondor ID 1352, status STATUS_SUBMITTED
05/21/17 04:02:38 12634 seconds since last log event
05/21/17 04:02:38 Pending DAG nodes:
05/21/17 04:02:38   Node topic, HTCondor ID 1351, status STATUS_SUBMITTED
05/21/17 04:02:38   Node extended_topic_1, HTCondor ID 1352, status STATUS_SUBMITTED
05/21/17 04:12:39 13235 seconds since last log event
05/21/17 04:12:39 Pending DAG nodes:
05/21/17 04:12:39   Node topic, HTCondor ID 1351, status STATUS_SUBMITTED
05/21/17 04:12:39   Node extended_topic_1, HTCondor ID 1352, status STATUS_SUBMITTED
05/21/17 04:22:40 13836 seconds since last log event
05/21/17 04:22:40 Pending DAG nodes:
05/21/17 04:22:40   Node topic, HTCondor ID 1351, status STATUS_SUBMITTED
05/21/17 04:22:40   Node extended_topic_1, HTCondor ID 1352, status STATUS_SUBMITTED
05/21/17 04:32:42 14438 seconds since last log event
05/21/17 04:32:42 Pending DAG nodes:
05/21/17 04:32:42   Node topic, HTCondor ID 1351, status STATUS_SUBMITTED
05/21/17 04:32:42   Node extended_topic_1, HTCondor ID 1352, status STATUS_SUBMITTED
05/21/17 04:42:44 15040 seconds since last log event
05/21/17 04:42:44 Pending DAG nodes:
05/21/17 04:42:44   Node topic, HTCondor ID 1351, status STATUS_SUBMITTED
05/21/17 04:42:44   Node extended_topic_1, HTCondor ID 1352, status STATUS_SUBMITTED
05/21/17 04:52:46 15642 seconds since last log event
05/21/17 04:52:46 Pending DAG nodes:
05/21/17 04:52:46   Node topic, HTCondor ID 1351, status STATUS_SUBMITTED
05/21/17 04:52:46   Node extended_topic_1, HTCondor ID 1352, status STATUS_SUBMITTED
05/21/17 05:02:47 16243 seconds since last log event
05/21/17 05:02:47 Pending DAG nodes:
05/21/17 05:02:47   Node topic, HTCondor ID 1351, status STATUS_SUBMITTED
05/21/17 05:02:47   Node extended_topic_1, HTCondor ID 1352, status STATUS_SUBMITTED
05/21/17 05:12:49 16845 seconds since last log event
05/21/17 05:12:49 Pending DAG nodes:
05/21/17 05:12:49   Node topic, HTCondor ID 1351, status STATUS_SUBMITTED
05/21/17 05:12:49   Node extended_topic_1, HTCondor ID 1352, status STATUS_SUBMITTED
05/21/17 05:22:51 17447 seconds since last log event
05/21/17 05:22:51 Pending DAG nodes:
05/21/17 05:22:51   Node topic, HTCondor ID 1351, status STATUS_SUBMITTED
05/21/17 05:22:51   Node extended_topic_1, HTCondor ID 1352, status STATUS_SUBMITTED
05/21/17 05:32:53 18049 seconds since last log event
05/21/17 05:32:53 Pending DAG nodes:
05/21/17 05:32:53   Node topic, HTCondor ID 1351, status STATUS_SUBMITTED
05/21/17 05:32:53   Node extended_topic_1, HTCondor ID 1352, status STATUS_SUBMITTED
05/21/17 05:42:55 18651 seconds since last log event
05/21/17 05:42:55 Pending DAG nodes:
05/21/17 05:42:55   Node topic, HTCondor ID 1351, status STATUS_SUBMITTED
05/21/17 05:42:55   Node extended_topic_1, HTCondor ID 1352, status STATUS_SUBMITTED
05/21/17 05:52:57 19253 seconds since last log event
05/21/17 05:52:57 Pending DAG nodes:
05/21/17 05:52:57   Node topic, HTCondor ID 1351, status STATUS_SUBMITTED
05/21/17 05:52:57   Node extended_topic_1, HTCondor ID 1352, status STATUS_SUBMITTED
05/21/17 06:02:59 19855 seconds since last log event
05/21/17 06:02:59 Pending DAG nodes:
05/21/17 06:02:59   Node topic, HTCondor ID 1351, status STATUS_SUBMITTED
05/21/17 06:02:59   Node extended_topic_1, HTCondor ID 1352, status STATUS_SUBMITTED
05/21/17 06:13:00 20456 seconds since last log event
05/21/17 06:13:00 Pending DAG nodes:
05/21/17 06:13:00   Node topic, HTCondor ID 1351, status STATUS_SUBMITTED
05/21/17 06:13:00   Node extended_topic_1, HTCondor ID 1352, status STATUS_SUBMITTED
05/21/17 06:23:02 21058 seconds since last log event
05/21/17 06:23:02 Pending DAG nodes:
05/21/17 06:23:02   Node topic, HTCondor ID 1351, status STATUS_SUBMITTED
05/21/17 06:23:02   Node extended_topic_1, HTCondor ID 1352, status STATUS_SUBMITTED
05/21/17 06:33:04 21660 seconds since last log event
05/21/17 06:33:04 Pending DAG nodes:
05/21/17 06:33:04   Node topic, HTCondor ID 1351, status STATUS_SUBMITTED
05/21/17 06:33:04   Node extended_topic_1, HTCondor ID 1352, status STATUS_SUBMITTED
05/21/17 06:43:06 22262 seconds since last log event
05/21/17 06:43:06 Pending DAG nodes:
05/21/17 06:43:06   Node topic, HTCondor ID 1351, status STATUS_SUBMITTED
05/21/17 06:43:06   Node extended_topic_1, HTCondor ID 1352, status STATUS_SUBMITTED
05/21/17 06:53:08 22864 seconds since last log event
05/21/17 06:53:08 Pending DAG nodes:
05/21/17 06:53:08   Node topic, HTCondor ID 1351, status STATUS_SUBMITTED
05/21/17 06:53:08   Node extended_topic_1, HTCondor ID 1352, status STATUS_SUBMITTED
05/21/17 07:03:10 23466 seconds since last log event
05/21/17 07:03:10 Pending DAG nodes:
05/21/17 07:03:10   Node topic, HTCondor ID 1351, status STATUS_SUBMITTED
05/21/17 07:03:10   Node extended_topic_1, HTCondor ID 1352, status STATUS_SUBMITTED
05/21/17 07:13:11 24067 seconds since last log event
05/21/17 07:13:11 Pending DAG nodes:
05/21/17 07:13:11   Node topic, HTCondor ID 1351, status STATUS_SUBMITTED
05/21/17 07:13:11   Node extended_topic_1, HTCondor ID 1352, status STATUS_SUBMITTED
05/21/17 07:23:13 24669 seconds since last log event
05/21/17 07:23:13 Pending DAG nodes:
05/21/17 07:23:13   Node topic, HTCondor ID 1351, status STATUS_SUBMITTED
05/21/17 07:23:13   Node extended_topic_1, HTCondor ID 1352, status STATUS_SUBMITTED
05/21/17 07:33:15 25271 seconds since last log event
05/21/17 07:33:15 Pending DAG nodes:
05/21/17 07:33:15   Node topic, HTCondor ID 1351, status STATUS_SUBMITTED
05/21/17 07:33:15   Node extended_topic_1, HTCondor ID 1352, status STATUS_SUBMITTED
05/21/17 07:43:17 25873 seconds since last log event
05/21/17 07:43:17 Pending DAG nodes:
05/21/17 07:43:17   Node topic, HTCondor ID 1351, status STATUS_SUBMITTED
05/21/17 07:43:17   Node extended_topic_1, HTCondor ID 1352, status STATUS_SUBMITTED
05/21/17 07:53:19 26475 seconds since last log event
05/21/17 07:53:19 Pending DAG nodes:
05/21/17 07:53:19   Node topic, HTCondor ID 1351, status STATUS_SUBMITTED
05/21/17 07:53:19   Node extended_topic_1, HTCondor ID 1352, status STATUS_SUBMITTED
05/21/17 08:03:21 27077 seconds since last log event
05/21/17 08:03:21 Pending DAG nodes:
05/21/17 08:03:21   Node topic, HTCondor ID 1351, status STATUS_SUBMITTED
05/21/17 08:03:21   Node extended_topic_1, HTCondor ID 1352, status STATUS_SUBMITTED
05/21/17 08:13:23 27679 seconds since last log event
05/21/17 08:13:23 Pending DAG nodes:
05/21/17 08:13:23   Node topic, HTCondor ID 1351, status STATUS_SUBMITTED
05/21/17 08:13:23   Node extended_topic_1, HTCondor ID 1352, status STATUS_SUBMITTED
05/21/17 08:23:25 28281 seconds since last log event
05/21/17 08:23:26 Pending DAG nodes:
05/21/17 08:23:26   Node topic, HTCondor ID 1351, status STATUS_SUBMITTED
05/21/17 08:23:26   Node extended_topic_1, HTCondor ID 1352, status STATUS_SUBMITTED
05/21/17 08:33:27 28883 seconds since last log event
05/21/17 08:33:27 Pending DAG nodes:
05/21/17 08:33:27   Node topic, HTCondor ID 1351, status STATUS_SUBMITTED
05/21/17 08:33:27   Node extended_topic_1, HTCondor ID 1352, status STATUS_SUBMITTED
05/21/17 08:43:29 29485 seconds since last log event
05/21/17 08:43:29 Pending DAG nodes:
05/21/17 08:43:29   Node topic, HTCondor ID 1351, status STATUS_SUBMITTED
05/21/17 08:43:29   Node extended_topic_1, HTCondor ID 1352, status STATUS_SUBMITTED
05/21/17 08:53:31 30087 seconds since last log event
05/21/17 08:53:31 Pending DAG nodes:
05/21/17 08:53:31   Node topic, HTCondor ID 1351, status STATUS_SUBMITTED
05/21/17 08:53:31   Node extended_topic_1, HTCondor ID 1352, status STATUS_SUBMITTED
05/21/17 09:03:34 30690 seconds since last log event
05/21/17 09:03:34 Pending DAG nodes:
05/21/17 09:03:34   Node topic, HTCondor ID 1351, status STATUS_SUBMITTED
05/21/17 09:03:34   Node extended_topic_1, HTCondor ID 1352, status STATUS_SUBMITTED
05/21/17 09:13:36 31292 seconds since last log event
05/21/17 09:13:36 Pending DAG nodes:
05/21/17 09:13:36   Node topic, HTCondor ID 1351, status STATUS_SUBMITTED
05/21/17 09:13:36   Node extended_topic_1, HTCondor ID 1352, status STATUS_SUBMITTED
05/21/17 09:23:38 31894 seconds since last log event
05/21/17 09:23:38 Pending DAG nodes:
05/21/17 09:23:38   Node topic, HTCondor ID 1351, status STATUS_SUBMITTED
05/21/17 09:23:38   Node extended_topic_1, HTCondor ID 1352, status STATUS_SUBMITTED
