000 (1286.000.000) 05/15 00:33:09 Job submitted from host: <10.33.133.154:9618?addrs=10.33.133.154-9618+[--1]-9618&noUDP&sock=1383_3391_3>
    DAG Node: cbow_exp_lstm
...
001 (1286.000.000) 05/16 10:07:05 Job executing on host: <10.33.133.57:9618?addrs=10.33.133.57-9618+[--1]-9618&noUDP&sock=1311_d0c0_3>
...
006 (1286.000.000) 05/16 10:07:14 Image size of job updated: 82632
	62  -  MemoryUsage of job (MB)
	63272  -  ResidentSetSize of job (KB)
...
006 (1286.000.000) 05/16 10:12:15 Image size of job updated: 1405368
	793  -  MemoryUsage of job (MB)
	811640  -  ResidentSetSize of job (KB)
...
006 (1286.000.000) 05/16 10:17:16 Image size of job updated: 1458116
	845  -  MemoryUsage of job (MB)
	864388  -  ResidentSetSize of job (KB)
...
006 (1286.000.000) 05/16 10:22:17 Image size of job updated: 1599028
	982  -  MemoryUsage of job (MB)
	1005300  -  ResidentSetSize of job (KB)
...
006 (1286.000.000) 05/16 10:27:17 Image size of job updated: 1667564
	1049  -  MemoryUsage of job (MB)
	1073836  -  ResidentSetSize of job (KB)
...
006 (1286.000.000) 05/16 10:32:17 Image size of job updated: 1667592
	1049  -  MemoryUsage of job (MB)
	1073864  -  ResidentSetSize of job (KB)
...
010 (1286.000.000) 05/16 10:36:37 Job was suspended.
	Number of processes actually suspended: 25
...
011 (1286.000.000) 05/16 10:42:08 Job was unsuspended.
...
006 (1286.000.000) 05/16 10:47:18 Image size of job updated: 1671964
	1053  -  MemoryUsage of job (MB)
	1078236  -  ResidentSetSize of job (KB)
...
006 (1286.000.000) 05/16 10:52:18 Image size of job updated: 1747708
	1127  -  MemoryUsage of job (MB)
	1153980  -  ResidentSetSize of job (KB)
...
006 (1286.000.000) 05/16 12:07:27 Image size of job updated: 1787392
	1166  -  MemoryUsage of job (MB)
	1193664  -  ResidentSetSize of job (KB)
...
005 (1286.000.000) 05/16 13:03:55 Job terminated.
	(1) Normal termination (return value 0)
		Usr 0 04:51:39, Sys 0 00:38:20  -  Run Remote Usage
		Usr 0 00:00:00, Sys 0 00:00:00  -  Run Local Usage
		Usr 0 04:51:39, Sys 0 00:38:20  -  Total Remote Usage
		Usr 0 00:00:00, Sys 0 00:00:00  -  Total Local Usage
	0  -  Run Bytes Sent By Job
	0  -  Run Bytes Received By Job
	0  -  Total Bytes Sent By Job
	0  -  Total Bytes Received By Job
	Partitionable Resources :    Usage  Request Allocated
	   Cpus                 :                 1         1
	   Disk (KB)            :        7        7  35436195
	   Gpus                 :                 1         1
	   Memory (MB)          :     1166     8192      8192
...
000 (199.000.000) 05/17 11:30:13 Job submitted from host: <10.33.133.65:9618?addrs=10.33.133.65-9618+[--1]-9618&noUDP&sock=12592_a4a3_4>
    DAG Node: cbow_exp_lstm
...
001 (199.000.000) 05/18 06:01:02 Job executing on host: <10.33.133.57:9618?addrs=10.33.133.57-9618+[--1]-9618&noUDP&sock=1311_d0c0_3>
...
006 (199.000.000) 05/18 06:01:10 Image size of job updated: 100228
	79  -  MemoryUsage of job (MB)
	80628  -  ResidentSetSize of job (KB)
...
006 (199.000.000) 05/18 06:06:10 Image size of job updated: 1407848
	796  -  MemoryUsage of job (MB)
	814120  -  ResidentSetSize of job (KB)
...
006 (199.000.000) 05/18 06:11:11 Image size of job updated: 1456972
	844  -  MemoryUsage of job (MB)
	863244  -  ResidentSetSize of job (KB)
...
006 (199.000.000) 05/18 06:16:12 Image size of job updated: 1599244
	982  -  MemoryUsage of job (MB)
	1005516  -  ResidentSetSize of job (KB)
...
006 (199.000.000) 05/18 06:21:12 Image size of job updated: 1668004
	1050  -  MemoryUsage of job (MB)
	1074276  -  ResidentSetSize of job (KB)
...
006 (199.000.000) 05/18 06:36:14 Image size of job updated: 1780184
	1159  -  MemoryUsage of job (MB)
	1186456  -  ResidentSetSize of job (KB)
...
006 (199.000.000) 05/18 07:56:21 Image size of job updated: 1783320
	1163  -  MemoryUsage of job (MB)
	1190208  -  ResidentSetSize of job (KB)
...
005 (199.000.000) 05/18 08:50:43 Job terminated.
	(1) Normal termination (return value 0)
		Usr 0 04:50:19, Sys 0 00:36:29  -  Run Remote Usage
		Usr 0 00:00:00, Sys 0 00:00:00  -  Run Local Usage
		Usr 0 04:50:19, Sys 0 00:36:29  -  Total Remote Usage
		Usr 0 00:00:00, Sys 0 00:00:00  -  Total Local Usage
	0  -  Run Bytes Sent By Job
	0  -  Run Bytes Received By Job
	0  -  Total Bytes Sent By Job
	0  -  Total Bytes Received By Job
	Partitionable Resources :    Usage  Request Allocated
	   Cpus                 :                 1         1
	   Disk (KB)            :        7        7  33218570
	   Gpus                 :                 1         1
	   Memory (MB)          :     1163     8192      8192
...
