000 (1416.000.000) 05/22 09:00:49 Job submitted from host: <10.33.133.154:9618?addrs=10.33.133.154-9618+[--1]-9618&noUDP&sock=1383_3391_3>
    DAG Node: cbow_tfidf_soft
...
000 (1417.000.000) 05/22 09:00:49 Job submitted from host: <10.33.133.154:9618?addrs=10.33.133.154-9618+[--1]-9618&noUDP&sock=1383_3391_3>
    DAG Node: cbow_mean_lstm
...
000 (1418.000.000) 05/22 09:00:49 Job submitted from host: <10.33.133.154:9618?addrs=10.33.133.154-9618+[--1]-9618&noUDP&sock=1383_3391_3>
    DAG Node: cbow_exp_lstm
...
000 (1419.000.000) 05/22 09:00:50 Job submitted from host: <10.33.133.154:9618?addrs=10.33.133.154-9618+[--1]-9618&noUDP&sock=1383_3391_3>
    DAG Node: cbow_tfidf_lstm
...
001 (1416.000.000) 05/22 09:03:11 Job executing on host: <10.33.133.111:9618?addrs=10.33.133.111-9618+[--1]-9618&noUDP&sock=5286_55b5_3>
...
001 (1417.000.000) 05/22 10:02:27 Job executing on host: <10.33.133.109:9618?addrs=10.33.133.109-9618+[--1]-9618&noUDP&sock=1532_672e_3>
...
005 (1416.000.000) 05/22 12:38:00 Job terminated.
	(1) Normal termination (return value 0)
		Usr 0 03:28:03, Sys 0 00:01:40  -  Run Remote Usage
		Usr 0 00:00:00, Sys 0 00:00:00  -  Run Local Usage
		Usr 0 03:28:03, Sys 0 00:01:40  -  Total Remote Usage
		Usr 0 00:00:00, Sys 0 00:00:00  -  Total Local Usage
	0  -  Run Bytes Sent By Job
	0  -  Run Bytes Received By Job
	0  -  Total Bytes Sent By Job
	0  -  Total Bytes Received By Job
	Partitionable Resources :    Usage  Request Allocated
	   Cpus                 :                 1         1
	   Disk (KB)            :        7        7        24
	   Gpus                 :                 1         1
	   Memory (MB)          :     1106     8192      8192
...
001 (1418.000.000) 05/22 18:03:09 Job executing on host: <10.33.133.70:9618?addrs=10.33.133.70-9618+[--1]-9618&noUDP&sock=19079_2f80_3>
...
001 (1419.000.000) 05/22 18:04:09 Job executing on host: <10.33.133.71:9618?addrs=10.33.133.71-9618+[--1]-9618&noUDP&sock=1510_5018_3>
...
005 (1419.000.000) 05/22 20:13:44 Job terminated.
	(1) Normal termination (return value 0)
		Usr 0 03:14:02, Sys 0 00:19:57  -  Run Remote Usage
		Usr 0 00:00:00, Sys 0 00:00:00  -  Run Local Usage
		Usr 0 03:14:02, Sys 0 00:19:57  -  Total Remote Usage
		Usr 0 00:00:00, Sys 0 00:00:00  -  Total Local Usage
	0  -  Run Bytes Sent By Job
	0  -  Run Bytes Received By Job
	0  -  Total Bytes Sent By Job
	0  -  Total Bytes Received By Job
	Partitionable Resources :    Usage  Request Allocated
	   Cpus                 :                 1         1
	   Disk (KB)            :        7        7  39050672
	   Gpus                 :                 1         1
	   Memory (MB)          :     1112     8192      8192
...
005 (1418.000.000) 05/22 20:53:34 Job terminated.
	(1) Normal termination (return value 0)
		Usr 0 04:47:15, Sys 0 00:32:54  -  Run Remote Usage
		Usr 0 00:00:00, Sys 0 00:00:00  -  Run Local Usage
		Usr 0 04:47:15, Sys 0 00:32:54  -  Total Remote Usage
		Usr 0 00:00:00, Sys 0 00:00:00  -  Total Local Usage
	0  -  Run Bytes Sent By Job
	0  -  Run Bytes Received By Job
	0  -  Total Bytes Sent By Job
	0  -  Total Bytes Received By Job
	Partitionable Resources :    Usage  Request Allocated
	   Cpus                 :                 1         1
	   Disk (KB)            :        7        7  39037245
	   Gpus                 :                 1         1
	   Memory (MB)          :     1267     8192      8192
...
005 (1417.000.000) 05/23 07:19:07 Job terminated.
	(1) Normal termination (return value 0)
		Usr 0 20:57:54, Sys 0 00:10:02  -  Run Remote Usage
		Usr 0 00:00:00, Sys 0 00:00:00  -  Run Local Usage
		Usr 0 20:57:54, Sys 0 00:10:02  -  Total Remote Usage
		Usr 0 00:00:00, Sys 0 00:00:00  -  Total Local Usage
	0  -  Run Bytes Sent By Job
	0  -  Run Bytes Received By Job
	0  -  Total Bytes Sent By Job
	0  -  Total Bytes Received By Job
	Partitionable Resources :    Usage  Request Allocated
	   Cpus                 :                 1         1
	   Disk (KB)            :        7        7   3745071
	   Gpus                 :                 1         1
	   Memory (MB)          :      958     8192      8192
...
