000 (1364.000.000) 05/19 18:15:10 Job submitted from host: <10.33.133.154:9618?addrs=10.33.133.154-9618+[--1]-9618&noUDP&sock=1383_3391_3>
    DAG Node: topic
...
001 (1364.000.000) 05/21 01:48:10 Job executing on host: <10.33.133.203:9618?addrs=10.33.133.203-9618+[--1]-9618&noUDP&sock=22979_42db_3>
...
006 (1364.000.000) 05/21 01:48:19 Image size of job updated: 593176
	549  -  MemoryUsage of job (MB)
	561312  -  ResidentSetSize of job (KB)
...
006 (1364.000.000) 05/21 01:53:20 Image size of job updated: 1762740
	1432  -  MemoryUsage of job (MB)
	1465740  -  ResidentSetSize of job (KB)
...
006 (1364.000.000) 05/21 01:58:20 Image size of job updated: 1765044
	1434  -  MemoryUsage of job (MB)
	1468044  -  ResidentSetSize of job (KB)
...
006 (1364.000.000) 05/21 02:08:21 Image size of job updated: 1765816
	1435  -  MemoryUsage of job (MB)
	1468816  -  ResidentSetSize of job (KB)
...
006 (1364.000.000) 05/21 02:13:22 Image size of job updated: 1896432
	1562  -  MemoryUsage of job (MB)
	1599432  -  ResidentSetSize of job (KB)
...
006 (1364.000.000) 05/21 02:18:22 Image size of job updated: 2131320
	1792  -  MemoryUsage of job (MB)
	1834320  -  ResidentSetSize of job (KB)
...
006 (1364.000.000) 05/21 02:23:23 Image size of job updated: 2131320
	1792  -  MemoryUsage of job (MB)
	1834460  -  ResidentSetSize of job (KB)
...
006 (1364.000.000) 05/21 03:13:28 Image size of job updated: 2547528
	2198  -  MemoryUsage of job (MB)
	2250528  -  ResidentSetSize of job (KB)
...
006 (1364.000.000) 05/21 03:18:29 Image size of job updated: 2547528
	2198  -  MemoryUsage of job (MB)
	2250660  -  ResidentSetSize of job (KB)
...
006 (1364.000.000) 05/21 04:18:34 Image size of job updated: 2612776
	2262  -  MemoryUsage of job (MB)
	2315776  -  ResidentSetSize of job (KB)
...
006 (1364.000.000) 05/21 04:23:34 Image size of job updated: 2612776
	2262  -  MemoryUsage of job (MB)
	2315900  -  ResidentSetSize of job (KB)
...
006 (1364.000.000) 05/21 06:33:46 Image size of job updated: 2733632
	2380  -  MemoryUsage of job (MB)
	2436632  -  ResidentSetSize of job (KB)
...
006 (1364.000.000) 05/21 06:38:46 Image size of job updated: 2733632
	2380  -  MemoryUsage of job (MB)
	2437112  -  ResidentSetSize of job (KB)
...
006 (1364.000.000) 05/21 08:28:58 Image size of job updated: 2927616
	2569  -  MemoryUsage of job (MB)
	2630616  -  ResidentSetSize of job (KB)
...
