000 (1284.000.000) 05/15 00:33:04 Job submitted from host: <10.33.133.154:9618?addrs=10.33.133.154-9618+[--1]-9618&noUDP&sock=1383_3391_3>
    DAG Node: cbow_tfidf_soft
...
001 (1284.000.000) 05/16 07:31:18 Job executing on host: <10.33.133.57:9618?addrs=10.33.133.57-9618+[--1]-9618&noUDP&sock=1311_d0c0_3>
...
006 (1284.000.000) 05/16 07:31:26 Image size of job updated: 83336
	63  -  MemoryUsage of job (MB)
	63976  -  ResidentSetSize of job (KB)
...
006 (1284.000.000) 05/16 07:36:26 Image size of job updated: 1107236
	753  -  MemoryUsage of job (MB)
	770544  -  ResidentSetSize of job (KB)
...
006 (1284.000.000) 05/16 07:41:26 Image size of job updated: 1112984
	759  -  MemoryUsage of job (MB)
	776292  -  ResidentSetSize of job (KB)
...
006 (1284.000.000) 05/16 07:46:26 Image size of job updated: 1270716
	913  -  MemoryUsage of job (MB)
	934024  -  ResidentSetSize of job (KB)
...
006 (1284.000.000) 05/16 08:01:28 Image size of job updated: 1318780
	960  -  MemoryUsage of job (MB)
	982088  -  ResidentSetSize of job (KB)
...
006 (1284.000.000) 05/16 08:06:28 Image size of job updated: 1318784
	960  -  MemoryUsage of job (MB)
	982092  -  ResidentSetSize of job (KB)
...
006 (1284.000.000) 05/16 09:01:33 Image size of job updated: 1326328
	982  -  MemoryUsage of job (MB)
	1004640  -  ResidentSetSize of job (KB)
...
006 (1284.000.000) 05/16 09:06:33 Image size of job updated: 1326336
	982  -  MemoryUsage of job (MB)
	1004648  -  ResidentSetSize of job (KB)
...
010 (1284.000.000) 05/16 09:07:22 Job was suspended.
	Number of processes actually suspended: 27
...
006 (1284.000.000) 05/16 09:07:22 Image size of job updated: 1326352
	982  -  MemoryUsage of job (MB)
	1004664  -  ResidentSetSize of job (KB)
...
011 (1284.000.000) 05/16 09:14:53 Job was unsuspended.
...
006 (1284.000.000) 05/16 09:21:34 Image size of job updated: 1326368
	982  -  MemoryUsage of job (MB)
	1004680  -  ResidentSetSize of job (KB)
...
006 (1284.000.000) 05/16 09:26:35 Image size of job updated: 1326452
	982  -  MemoryUsage of job (MB)
	1004764  -  ResidentSetSize of job (KB)
...
010 (1284.000.000) 05/16 09:27:48 Job was suspended.
	Number of processes actually suspended: 25
...
011 (1284.000.000) 05/16 09:33:13 Job was unsuspended.
...
006 (1284.000.000) 05/16 09:36:36 Image size of job updated: 1326484
	982  -  MemoryUsage of job (MB)
	1004796  -  ResidentSetSize of job (KB)
...
006 (1284.000.000) 05/16 09:41:37 Image size of job updated: 1326532
	982  -  MemoryUsage of job (MB)
	1004844  -  ResidentSetSize of job (KB)
...
006 (1284.000.000) 05/16 09:56:21 Image size of job updated: 1330568
	982  -  MemoryUsage of job (MB)
	1004844  -  ResidentSetSize of job (KB)
...
005 (1284.000.000) 05/16 09:56:21 Job terminated.
	(1) Normal termination (return value 0)
		Usr 0 03:18:51, Sys 0 00:22:46  -  Run Remote Usage
		Usr 0 00:00:00, Sys 0 00:00:00  -  Run Local Usage
		Usr 0 03:18:51, Sys 0 00:22:46  -  Total Remote Usage
		Usr 0 00:00:00, Sys 0 00:00:00  -  Total Local Usage
	0  -  Run Bytes Sent By Job
	0  -  Run Bytes Received By Job
	0  -  Total Bytes Sent By Job
	0  -  Total Bytes Received By Job
	Partitionable Resources :    Usage  Request Allocated
	   Cpus                 :                 1         1
	   Disk (KB)            :        7        7  36295692
	   Gpus                 :                 1         1
	   Memory (MB)          :      982     8192      8192
...
000 (197.000.000) 05/17 11:30:08 Job submitted from host: <10.33.133.65:9618?addrs=10.33.133.65-9618+[--1]-9618&noUDP&sock=12592_a4a3_4>
    DAG Node: cbow_tfidf_soft
...
001 (197.000.000) 05/18 01:00:36 Job executing on host: <10.33.133.57:9618?addrs=10.33.133.57-9618+[--1]-9618&noUDP&sock=1311_d0c0_3>
...
006 (197.000.000) 05/18 01:00:45 Image size of job updated: 126988
	105  -  MemoryUsage of job (MB)
	107272  -  ResidentSetSize of job (KB)
...
006 (197.000.000) 05/18 01:05:46 Image size of job updated: 1107876
	758  -  MemoryUsage of job (MB)
	775280  -  ResidentSetSize of job (KB)
...
006 (197.000.000) 05/18 01:10:46 Image size of job updated: 1115052
	765  -  MemoryUsage of job (MB)
	782456  -  ResidentSetSize of job (KB)
...
006 (197.000.000) 05/18 01:15:46 Image size of job updated: 1262520
	909  -  MemoryUsage of job (MB)
	929924  -  ResidentSetSize of job (KB)
...
006 (197.000.000) 05/18 01:20:47 Image size of job updated: 1262540
	909  -  MemoryUsage of job (MB)
	929944  -  ResidentSetSize of job (KB)
...
006 (197.000.000) 05/18 01:25:48 Image size of job updated: 1262612
	909  -  MemoryUsage of job (MB)
	930016  -  ResidentSetSize of job (KB)
...
006 (197.000.000) 05/18 01:30:48 Image size of job updated: 1316340
	961  -  MemoryUsage of job (MB)
	983744  -  ResidentSetSize of job (KB)
...
006 (197.000.000) 05/18 02:30:53 Image size of job updated: 1323784
	983  -  MemoryUsage of job (MB)
	1006384  -  ResidentSetSize of job (KB)
...
005 (197.000.000) 05/18 03:13:45 Job terminated.
	(1) Normal termination (return value 0)
		Usr 0 03:21:08, Sys 0 00:23:24  -  Run Remote Usage
		Usr 0 00:00:00, Sys 0 00:00:00  -  Run Local Usage
		Usr 0 03:21:08, Sys 0 00:23:24  -  Total Remote Usage
		Usr 0 00:00:00, Sys 0 00:00:00  -  Total Local Usage
	0  -  Run Bytes Sent By Job
	0  -  Run Bytes Received By Job
	0  -  Total Bytes Sent By Job
	0  -  Total Bytes Received By Job
	Partitionable Resources :    Usage  Request Allocated
	   Cpus                 :                 1         1
	   Disk (KB)            :        7        7  33604308
	   Gpus                 :                 1         1
	   Memory (MB)          :      983     8192      8192
...
