000 (1282.000.000) 05/15 00:33:03 Job submitted from host: <10.33.133.154:9618?addrs=10.33.133.154-9618+[--1]-9618&noUDP&sock=1383_3391_3>
    DAG Node: cbow_mean_soft
...
001 (1282.000.000) 05/16 02:01:07 Job executing on host: <10.33.133.57:9618?addrs=10.33.133.57-9618+[--1]-9618&noUDP&sock=1311_d0c0_3>
...
006 (1282.000.000) 05/16 02:01:15 Image size of job updated: 682580
	411  -  MemoryUsage of job (MB)
	420436  -  ResidentSetSize of job (KB)
...
006 (1282.000.000) 05/16 02:06:15 Image size of job updated: 1028444
	749  -  MemoryUsage of job (MB)
	766300  -  ResidentSetSize of job (KB)
...
006 (1282.000.000) 05/16 02:11:16 Image size of job updated: 1067676
	787  -  MemoryUsage of job (MB)
	805532  -  ResidentSetSize of job (KB)
...
006 (1282.000.000) 05/16 02:16:17 Image size of job updated: 1247060
	962  -  MemoryUsage of job (MB)
	984916  -  ResidentSetSize of job (KB)
...
006 (1282.000.000) 05/16 02:31:18 Image size of job updated: 1340596
	1054  -  MemoryUsage of job (MB)
	1078452  -  ResidentSetSize of job (KB)
...
006 (1282.000.000) 05/16 03:21:24 Image size of job updated: 1341096
	1054  -  MemoryUsage of job (MB)
	1078952  -  ResidentSetSize of job (KB)
...
006 (1282.000.000) 05/16 03:26:24 Image size of job updated: 1341096
	1060  -  MemoryUsage of job (MB)
	1085096  -  ResidentSetSize of job (KB)
...
005 (1282.000.000) 05/16 04:27:19 Job terminated.
	(1) Normal termination (return value 0)
		Usr 0 04:21:17, Sys 0 00:33:09  -  Run Remote Usage
		Usr 0 00:00:00, Sys 0 00:00:00  -  Run Local Usage
		Usr 0 04:21:17, Sys 0 00:33:09  -  Total Remote Usage
		Usr 0 00:00:00, Sys 0 00:00:00  -  Total Local Usage
	0  -  Run Bytes Sent By Job
	0  -  Run Bytes Received By Job
	0  -  Total Bytes Sent By Job
	0  -  Total Bytes Received By Job
	Partitionable Resources :    Usage  Request Allocated
	   Cpus                 :                 1         1
	   Disk (KB)            :        7        7  36584967
	   Gpus                 :                 1         1
	   Memory (MB)          :     1060     8192      8192
...
