000 (1418.000.000) 05/22 09:00:49 Job submitted from host: <10.33.133.154:9618?addrs=10.33.133.154-9618+[--1]-9618&noUDP&sock=1383_3391_3>
    DAG Node: cbow_exp_lstm
...
001 (1418.000.000) 05/22 18:03:09 Job executing on host: <10.33.133.70:9618?addrs=10.33.133.70-9618+[--1]-9618&noUDP&sock=19079_2f80_3>
...
006 (1418.000.000) 05/22 18:03:18 Image size of job updated: 58256
	38  -  MemoryUsage of job (MB)
	38912  -  ResidentSetSize of job (KB)
...
006 (1418.000.000) 05/22 18:08:19 Image size of job updated: 1038548
	882  -  MemoryUsage of job (MB)
	902544  -  ResidentSetSize of job (KB)
...
006 (1418.000.000) 05/22 18:13:19 Image size of job updated: 1154308
	931  -  MemoryUsage of job (MB)
	952768  -  ResidentSetSize of job (KB)
...
006 (1418.000.000) 05/22 18:18:20 Image size of job updated: 1297432
	1071  -  MemoryUsage of job (MB)
	1095892  -  ResidentSetSize of job (KB)
...
006 (1418.000.000) 05/22 18:23:21 Image size of job updated: 1377120
	1149  -  MemoryUsage of job (MB)
	1175580  -  ResidentSetSize of job (KB)
...
006 (1418.000.000) 05/22 18:28:22 Image size of job updated: 1377120
	1151  -  MemoryUsage of job (MB)
	1177628  -  ResidentSetSize of job (KB)
...
006 (1418.000.000) 05/22 18:38:22 Image size of job updated: 1379524
	1151  -  MemoryUsage of job (MB)
	1177984  -  ResidentSetSize of job (KB)
...
006 (1418.000.000) 05/22 18:43:22 Image size of job updated: 1497856
	1266  -  MemoryUsage of job (MB)
	1296316  -  ResidentSetSize of job (KB)
...
006 (1418.000.000) 05/22 18:48:23 Image size of job updated: 1497876
	1266  -  MemoryUsage of job (MB)
	1296336  -  ResidentSetSize of job (KB)
...
006 (1418.000.000) 05/22 18:53:23 Image size of job updated: 1498020
	1267  -  MemoryUsage of job (MB)
	1296480  -  ResidentSetSize of job (KB)
...
006 (1418.000.000) 05/22 18:58:24 Image size of job updated: 1498128
	1267  -  MemoryUsage of job (MB)
	1296588  -  ResidentSetSize of job (KB)
...
005 (1418.000.000) 05/22 20:53:34 Job terminated.
	(1) Normal termination (return value 0)
		Usr 0 04:47:15, Sys 0 00:32:54  -  Run Remote Usage
		Usr 0 00:00:00, Sys 0 00:00:00  -  Run Local Usage
		Usr 0 04:47:15, Sys 0 00:32:54  -  Total Remote Usage
		Usr 0 00:00:00, Sys 0 00:00:00  -  Total Local Usage
	0  -  Run Bytes Sent By Job
	0  -  Run Bytes Received By Job
	0  -  Total Bytes Sent By Job
	0  -  Total Bytes Received By Job
	Partitionable Resources :    Usage  Request Allocated
	   Cpus                 :                 1         1
	   Disk (KB)            :        7        7  39037245
	   Gpus                 :                 1         1
	   Memory (MB)          :     1267     8192      8192
...
