==================================================================
Number of entries = 310
Number of correctly recognized strings = 0
==================================================================
Global number of errors = 7670/40973  (I=2545, D=753, S=4372)
 Percent insertions     = 6.21%
 Percent deletions      = 1.84%
 Percent substitutions  = 10.67%
==================================================================
Word recognition rate   = 81.28 % correct
String recognition rate = 0.00 % correct
==================================================================
Word error rate         = 18.72 %
String error rate       = 100.00 %
==================================================================
WER=18.72%, (ins=6.21%, del=1.84%, sub=10.67%), #W=40973, #S=310, #I=2545, #D=753, #S=4372, ACC=12.51%
==================================================================
N-best list rescoring started
fv600023
fv600024
fv600026
fv600027
fv600028
fv600050
fv600051
fv600052
fv600055
fv600057
fv600059
fv600069
fv600073
fv600074
fv600075
fv600076
fv600115
fv600118
fv600119
fv600120
fv600121
fv600122
fv600123
fv600124
fv600125
fv600131
fv600139
fv600141
fv600143
fv600147
fv600155
fv600157
fv600161
fv600163
fv600164
fv600168
fv600170
fv600171
fv600172
fv600173
fv600174
fv600175
fv600176
fv600177
fv600178
fv600188
fv600190
fv600191
fv600193
fv600202
fv600205
fv600207
fv600208
fv600209
fv600210
fv600211
fv600212
fv600213
fv600214
fv600257
fv600258
fv600267
fv600268
fv600269
fv600282
fv600283
fv600284
fv600285
fv600286
fv600287
fv600288
fv600289
fv600290
fv600291
fv600296
fv600297
fv600299
fv600302
fv600303
fv600304
fv600305
fv600306
fv600307
fv600308
fv600310
fv600311
fv600312
fv600313
fv600315
fv600316
fv600318
fv600320
fv600321
fv600322
fv600323
fv600325
fv600326
fv600327
fv600403
fv600404
fv600406
fv600407
fv600408
fv600409
fv600411
fv600412
fv600413
fv600414
fv600415
fv600416
fv600418
fv600419
fv600421
fv600422
fv600424
fv600425
fv600427
fv600428
fv600435
fv600436
fv600437
fv600438
fv600439
fv600440
fv600441
fv600442
fv600446
fv600447
fv600449
fv600462
fv600469
fv600473
fv600475
fv600477
fv600478
fv600479
fv600480
fv600481
fv600486
fv600487
fv600488
fv600489
fv600491
fv600492
fv600493
fv600494
fv600495
fv600496
fv600497
fv600499
fv600501
fv600502
fv600506
fv600507
fv600508
fv600509
fv600510
fv600511
fv600512
fv600513
fv600514
fv600515
fv600516
fv600517
fv600520
fv600522
fv600523
fv600533
fv600534
fv600535
fv600536
fv600537
fv600538
fv600539
fv600540
fv600541
fv600542
fv600543
fv600544
fv600545
fv600546
fv600555
fv600556
fv600557
fv600559
fv600560
fv600561
fv600562
fv600563
fv600565
fv600566
fv600567
fv600664
fv600733
fv600734
fv600736
fv600810
fv600811
fv600812
fv600813
fv600814
fv600817
fv600818
fv600819
fv600824
fv600826
fv600827
fv600828
fv600829
fv600830
fv600832
fv600833
fv600834
fv600884
fv600889
fv600890
fv600891
fv600892
fv600894
fv600895
fv600896
fv600900
fv600902
fv600903
fv600904
fv600905
fv600910
fv600912
fv600915
fv600918
fv600935
fv600949
fv600951
fv600952
fv600953
fv600954
fv600955
fv600957
fv600958
fv600965
fv600966
fv600967
fv600968
fv600969
fv600970
fv600971
fv600972
fv600973
fv600974
fv600979
fv600980
fv600981
fv600982
fv600983
fv600984
fv601020
fv601023
fv601030
fv601031
fv601033
fv601034
fv601036
fv601038
fv601039
fv601040
fv601041
fv601051
fv601053
fv601054
fv601055
fv601056
fv601057
fv601059
fv601060
fv601061
fv601062
fv601063
fv601064
fv601067
fv601133
fv601135
fv601136
fv601147
fv601149
fv601150
fv601154
fv601156
fv601157
fv601158
fv601219
fv601228
fv601230
fv601237
fv601255
fv601257
fv601285
fv601288
fv601290
fv601291
fv601292
fv601293
fv601294
fv601295
fv601296
fv601297
fv601298
fv601300
fv601329
fv601334
fv601335
done
hihi
