000 (1416.000.000) 05/22 09:00:49 Job submitted from host: <10.33.133.154:9618?addrs=10.33.133.154-9618+[--1]-9618&noUDP&sock=1383_3391_3>
    DAG Node: cbow_tfidf_soft
...
001 (1416.000.000) 05/22 09:03:11 Job executing on host: <10.33.133.111:9618?addrs=10.33.133.111-9618+[--1]-9618&noUDP&sock=5286_55b5_3>
...
006 (1416.000.000) 05/22 09:03:20 Image size of job updated: 91712
	52  -  MemoryUsage of job (MB)
	52880  -  ResidentSetSize of job (KB)
...
006 (1416.000.000) 05/22 09:08:21 Image size of job updated: 1054124
	853  -  MemoryUsage of job (MB)
	872840  -  ResidentSetSize of job (KB)
...
006 (1416.000.000) 05/22 09:13:21 Image size of job updated: 1103064
	901  -  MemoryUsage of job (MB)
	921780  -  ResidentSetSize of job (KB)
...
006 (1416.000.000) 05/22 09:23:22 Image size of job updated: 1212596
	1008  -  MemoryUsage of job (MB)
	1031312  -  ResidentSetSize of job (KB)
...
