000 (1220.000.000) 05/11 08:48:00 Job submitted from host: <10.33.133.154:9618?addrs=10.33.133.154-9618+[--1]-9618&noUDP&sock=1383_3391_3>
    DAG Node: cbow_tfidf_lstm
...
001 (1220.000.000) 05/14 14:29:01 Job executing on host: <10.33.133.88:9618?addrs=10.33.133.88-9618+[--1]-9618&noUDP&sock=10381_14bd_3>
...
006 (1220.000.000) 05/14 14:29:10 Image size of job updated: 95252
	60  -  MemoryUsage of job (MB)
	60560  -  ResidentSetSize of job (KB)
...
006 (1220.000.000) 05/14 14:34:11 Image size of job updated: 586092
	522  -  MemoryUsage of job (MB)
	533812  -  ResidentSetSize of job (KB)
...
006 (1220.000.000) 05/14 14:39:11 Image size of job updated: 643848
	578  -  MemoryUsage of job (MB)
	591568  -  ResidentSetSize of job (KB)
...
004 (1220.000.000) 05/14 15:04:32 Job was evicted.
	(0) Job was not checkpointed.
		Usr 0 00:34:44, Sys 0 00:00:09  -  Run Remote Usage
		Usr 0 00:00:00, Sys 0 00:00:00  -  Run Local Usage
	0  -  Run Bytes Sent By Job
	0  -  Run Bytes Received By Job
	Partitionable Resources :    Usage  Request Allocated
	   Cpus                 :                 1         1
	   Disk (KB)            :        7        7   2675882
	   Gpus                 :                 1         1
	   Memory (MB)          :      578     8192      8192
...
