000 (1357.000.000) 05/19 10:26:54 Job submitted from host: <10.33.133.154:9618?addrs=10.33.133.154-9618+[--1]-9618&noUDP&sock=1383_3391_3>
    DAG Node: extended_topic_1
...
001 (1357.000.000) 05/21 01:30:27 Job executing on host: <10.33.133.143:9618?addrs=10.33.133.143-9618+[--1]-9618&noUDP&sock=1519_7c73_3>
...
006 (1357.000.000) 05/21 01:30:36 Image size of job updated: 73932
	54  -  MemoryUsage of job (MB)
	54572  -  ResidentSetSize of job (KB)
...
006 (1357.000.000) 05/21 01:35:37 Image size of job updated: 2220464
	1941  -  MemoryUsage of job (MB)
	1987408  -  ResidentSetSize of job (KB)
...
006 (1357.000.000) 05/21 01:40:38 Image size of job updated: 2266168
	1986  -  MemoryUsage of job (MB)
	2033112  -  ResidentSetSize of job (KB)
...
006 (1357.000.000) 05/21 01:45:38 Image size of job updated: 2311892
	2031  -  MemoryUsage of job (MB)
	2078836  -  ResidentSetSize of job (KB)
...
006 (1357.000.000) 05/21 01:50:38 Image size of job updated: 2385780
	2103  -  MemoryUsage of job (MB)
	2152724  -  ResidentSetSize of job (KB)
...
006 (1357.000.000) 05/21 01:55:40 Image size of job updated: 2465848
	2181  -  MemoryUsage of job (MB)
	2232792  -  ResidentSetSize of job (KB)
...
006 (1357.000.000) 05/21 02:00:40 Image size of job updated: 2836700
	2543  -  MemoryUsage of job (MB)
	2603644  -  ResidentSetSize of job (KB)
...
006 (1357.000.000) 05/21 02:05:40 Image size of job updated: 2954780
	2658  -  MemoryUsage of job (MB)
	2721724  -  ResidentSetSize of job (KB)
...
006 (1357.000.000) 05/21 02:20:42 Image size of job updated: 3088764
	2789  -  MemoryUsage of job (MB)
	2855708  -  ResidentSetSize of job (KB)
...
006 (1357.000.000) 05/21 02:25:42 Image size of job updated: 3088764
	2797  -  MemoryUsage of job (MB)
	2863900  -  ResidentSetSize of job (KB)
...
006 (1357.000.000) 05/21 02:55:45 Image size of job updated: 3482344
	3174  -  MemoryUsage of job (MB)
	3249288  -  ResidentSetSize of job (KB)
...
006 (1357.000.000) 05/21 03:35:49 Image size of job updated: 3569172
	3258  -  MemoryUsage of job (MB)
	3336116  -  ResidentSetSize of job (KB)
...
006 (1357.000.000) 05/21 04:40:56 Image size of job updated: 4192820
	3867  -  MemoryUsage of job (MB)
	3959764  -  ResidentSetSize of job (KB)
...
006 (1357.000.000) 05/21 06:16:08 Image size of job updated: 4251424
	3925  -  MemoryUsage of job (MB)
	4018368  -  ResidentSetSize of job (KB)
...
006 (1357.000.000) 05/21 07:36:15 Image size of job updated: 4433648
	4103  -  MemoryUsage of job (MB)
	4200592  -  ResidentSetSize of job (KB)
...
006 (1357.000.000) 05/21 08:06:19 Image size of job updated: 4580972
	4247  -  MemoryUsage of job (MB)
	4347916  -  ResidentSetSize of job (KB)
...
006 (1357.000.000) 05/21 08:56:24 Image size of job updated: 4641732
	4306  -  MemoryUsage of job (MB)
	4408676  -  ResidentSetSize of job (KB)
...
006 (1357.000.000) 05/21 09:01:24 Image size of job updated: 4641732
	4307  -  MemoryUsage of job (MB)
	4409488  -  ResidentSetSize of job (KB)
...
