000 (1278.000.000) 05/15 00:32:58 Job submitted from host: <10.33.133.154:9618?addrs=10.33.133.154-9618+[--1]-9618&noUDP&sock=1383_3391_3>
    DAG Node: cbow_tfidf_lstm
...
001 (1278.000.000) 05/15 12:16:35 Job executing on host: <10.33.133.57:9618?addrs=10.33.133.57-9618+[--1]-9618&noUDP&sock=1311_d0c0_3>
...
006 (1278.000.000) 05/15 12:16:43 Image size of job updated: 68860
	49  -  MemoryUsage of job (MB)
	49500  -  ResidentSetSize of job (KB)
...
006 (1278.000.000) 05/15 12:21:43 Image size of job updated: 1289760
	928  -  MemoryUsage of job (MB)
	949876  -  ResidentSetSize of job (KB)
...
006 (1278.000.000) 05/15 12:26:43 Image size of job updated: 1345140
	982  -  MemoryUsage of job (MB)
	1005256  -  ResidentSetSize of job (KB)
...
006 (1278.000.000) 05/15 12:31:44 Image size of job updated: 1465308
	1100  -  MemoryUsage of job (MB)
	1125424  -  ResidentSetSize of job (KB)
...
006 (1278.000.000) 05/15 12:36:45 Image size of job updated: 1465356
	1100  -  MemoryUsage of job (MB)
	1125472  -  ResidentSetSize of job (KB)
...
006 (1278.000.000) 05/15 12:41:46 Image size of job updated: 1465784
	1100  -  MemoryUsage of job (MB)
	1125900  -  ResidentSetSize of job (KB)
...
006 (1278.000.000) 05/15 12:46:46 Image size of job updated: 1560680
	1193  -  MemoryUsage of job (MB)
	1220796  -  ResidentSetSize of job (KB)
...
006 (1278.000.000) 05/15 12:51:46 Image size of job updated: 1560752
	1193  -  MemoryUsage of job (MB)
	1220868  -  ResidentSetSize of job (KB)
...
006 (1278.000.000) 05/15 12:56:47 Image size of job updated: 1560844
	1193  -  MemoryUsage of job (MB)
	1220960  -  ResidentSetSize of job (KB)
...
