000 (1214.000.000) 05/11 08:47:54 Job submitted from host: <10.33.133.154:9618?addrs=10.33.133.154-9618+[--1]-9618&noUDP&sock=1383_3391_3>
    DAG Node: original
...
000 (1215.000.000) 05/11 08:47:54 Job submitted from host: <10.33.133.154:9618?addrs=10.33.133.154-9618+[--1]-9618&noUDP&sock=1383_3391_3>
    DAG Node: cbow_mean_soft
...
000 (1216.000.000) 05/11 08:47:54 Job submitted from host: <10.33.133.154:9618?addrs=10.33.133.154-9618+[--1]-9618&noUDP&sock=1383_3391_3>
    DAG Node: cbow_exp_soft
...
000 (1217.000.000) 05/11 08:47:54 Job submitted from host: <10.33.133.154:9618?addrs=10.33.133.154-9618+[--1]-9618&noUDP&sock=1383_3391_3>
    DAG Node: cbow_tfidf_soft
...
000 (1218.000.000) 05/11 08:47:54 Job submitted from host: <10.33.133.154:9618?addrs=10.33.133.154-9618+[--1]-9618&noUDP&sock=1383_3391_3>
    DAG Node: cbow_mean_lstm
...
000 (1219.000.000) 05/11 08:47:59 Job submitted from host: <10.33.133.154:9618?addrs=10.33.133.154-9618+[--1]-9618&noUDP&sock=1383_3391_3>
    DAG Node: cbow_exp_lstm
...
000 (1220.000.000) 05/11 08:48:00 Job submitted from host: <10.33.133.154:9618?addrs=10.33.133.154-9618+[--1]-9618&noUDP&sock=1383_3391_3>
    DAG Node: cbow_tfidf_lstm
...
000 (1221.000.000) 05/11 08:48:00 Job submitted from host: <10.33.133.154:9618?addrs=10.33.133.154-9618+[--1]-9618&noUDP&sock=1383_3391_3>
    DAG Node: topic
...
000 (1222.000.000) 05/11 08:48:00 Job submitted from host: <10.33.133.154:9618?addrs=10.33.133.154-9618+[--1]-9618&noUDP&sock=1383_3391_3>
    DAG Node: extended_topic_1
...
001 (1214.000.000) 05/14 11:29:45 Job executing on host: <10.33.133.70:9618?addrs=10.33.133.70-9618+[--1]-9618&noUDP&sock=19079_2f80_3>
...
001 (1215.000.000) 05/14 11:29:47 Job executing on host: <10.33.133.70:9618?addrs=10.33.133.70-9618+[--1]-9618&noUDP&sock=19079_2f80_3>
...
001 (1216.000.000) 05/14 11:55:23 Job executing on host: <10.33.133.110:9618?addrs=10.33.133.110-9618+[--1]-9618&noUDP&sock=1044_acf6_3>
...
010 (1214.000.000) 05/14 12:03:17 Job was suspended.
	Number of processes actually suspended: 25
...
010 (1215.000.000) 05/14 12:03:17 Job was suspended.
	Number of processes actually suspended: 25
...
011 (1214.000.000) 05/14 12:06:02 Job was unsuspended.
...
011 (1215.000.000) 05/14 12:06:02 Job was unsuspended.
...
005 (1214.000.000) 05/14 12:47:34 Job terminated.
	(1) Normal termination (return value 0)
		Usr 0 02:01:39, Sys 0 00:13:49  -  Run Remote Usage
		Usr 0 00:00:00, Sys 0 00:00:00  -  Run Local Usage
		Usr 0 02:01:39, Sys 0 00:13:49  -  Total Remote Usage
		Usr 0 00:00:00, Sys 0 00:00:00  -  Total Local Usage
	0  -  Run Bytes Sent By Job
	0  -  Run Bytes Received By Job
	0  -  Total Bytes Sent By Job
	0  -  Total Bytes Received By Job
	Partitionable Resources :    Usage  Request Allocated
	   Cpus                 :                 1         1
	   Disk (KB)            :        7        7  39037253
	   Gpus                 :                 1         2
	   Memory (MB)          :      738     8192      8192
...
001 (1217.000.000) 05/14 12:49:48 Job executing on host: <10.33.133.70:9618?addrs=10.33.133.70-9618+[--1]-9618&noUDP&sock=19079_2f80_3>
...
001 (1218.000.000) 05/14 13:06:48 Job executing on host: <10.33.133.111:9618?addrs=10.33.133.111-9618+[--1]-9618&noUDP&sock=1472_3f7f_3>
...
001 (1219.000.000) 05/14 14:02:27 Job executing on host: <10.33.133.10:9618?addrs=10.33.133.10-9618+[--1]-9618&noUDP&sock=3106_093f_23>
...
001 (1220.000.000) 05/14 14:29:01 Job executing on host: <10.33.133.88:9618?addrs=10.33.133.88-9618+[--1]-9618&noUDP&sock=10381_14bd_3>
...
010 (1217.000.000) 05/14 14:33:38 Job was suspended.
	Number of processes actually suspended: 25
...
010 (1215.000.000) 05/14 14:33:38 Job was suspended.
	Number of processes actually suspended: 25
...
011 (1215.000.000) 05/14 14:36:33 Job was unsuspended.
...
011 (1217.000.000) 05/14 14:36:33 Job was unsuspended.
...
005 (1215.000.000) 05/14 14:41:01 Job terminated.
	(1) Normal termination (return value 0)
		Usr 0 05:05:48, Sys 0 00:33:30  -  Run Remote Usage
		Usr 0 00:00:00, Sys 0 00:00:00  -  Run Local Usage
		Usr 0 05:05:48, Sys 0 00:33:30  -  Total Remote Usage
		Usr 0 00:00:00, Sys 0 00:00:00  -  Total Local Usage
	0  -  Run Bytes Sent By Job
	0  -  Run Bytes Received By Job
	0  -  Total Bytes Sent By Job
	0  -  Total Bytes Received By Job
	Partitionable Resources :    Usage  Request Allocated
	   Cpus                 :                 1         1
	   Disk (KB)            :        7        7  39037253
	   Gpus                 :                 1         1
	   Memory (MB)          :     1169     8192      8192
...
001 (1221.000.000) 05/14 14:42:30 Job executing on host: <10.33.133.70:9618?addrs=10.33.133.70-9618+[--1]-9618&noUDP&sock=19079_2f80_3>
...
001 (1222.000.000) 05/14 14:55:10 Job executing on host: <10.33.133.71:9618?addrs=10.33.133.71-9618+[--1]-9618&noUDP&sock=1307_125f_3>
...
004 (1216.000.000) 05/14 14:55:39 Job was evicted.
	(0) Job was not checkpointed.
		Usr 0 02:55:18, Sys 0 00:02:32  -  Run Remote Usage
		Usr 0 00:00:00, Sys 0 00:00:00  -  Run Local Usage
	0  -  Run Bytes Sent By Job
	0  -  Run Bytes Received By Job
	Partitionable Resources :    Usage  Request Allocated
	   Cpus                 :                 1         1
	   Disk (KB)            :        7        7    952211
	   Gpus                 :                 1         1
	   Memory (MB)          :      919     8192      8192
...
004 (1220.000.000) 05/14 15:04:32 Job was evicted.
	(0) Job was not checkpointed.
		Usr 0 00:34:44, Sys 0 00:00:09  -  Run Remote Usage
		Usr 0 00:00:00, Sys 0 00:00:00  -  Run Local Usage
	0  -  Run Bytes Sent By Job
	0  -  Run Bytes Received By Job
	Partitionable Resources :    Usage  Request Allocated
	   Cpus                 :                 1         1
	   Disk (KB)            :        7        7   2675882
	   Gpus                 :                 1         1
	   Memory (MB)          :      578     8192      8192
...
010 (1222.000.000) 05/14 15:20:11 Job was suspended.
	Number of processes actually suspended: 26
...
005 (1217.000.000) 05/14 15:20:56 Job terminated.
	(1) Normal termination (return value 0)
		Usr 0 03:34:08, Sys 0 00:20:44  -  Run Remote Usage
		Usr 0 00:00:00, Sys 0 00:00:00  -  Run Local Usage
		Usr 0 03:34:08, Sys 0 00:20:44  -  Total Remote Usage
		Usr 0 00:00:00, Sys 0 00:00:00  -  Total Local Usage
	0  -  Run Bytes Sent By Job
	0  -  Run Bytes Received By Job
	0  -  Total Bytes Sent By Job
	0  -  Total Bytes Received By Job
	Partitionable Resources :    Usage  Request Allocated
	   Cpus                 :                 1         1
	   Disk (KB)            :        7        7  39037245
	   Gpus                 :                 1         1
	   Memory (MB)          :     1066     8192      8192
...
011 (1222.000.000) 05/14 15:28:06 Job was unsuspended.
...
001 (1216.000.000) 05/14 15:31:00 Job executing on host: <10.33.133.109:9618?addrs=10.33.133.109-9618+[--1]-9618&noUDP&sock=1557_8d0c_3>
...
010 (1222.000.000) 05/14 16:30:09 Job was suspended.
	Number of processes actually suspended: 26
...
011 (1222.000.000) 05/14 16:36:00 Job was unsuspended.
...
010 (1222.000.000) 05/14 16:44:35 Job was suspended.
	Number of processes actually suspended: 26
...
011 (1222.000.000) 05/14 16:52:06 Job was unsuspended.
...
010 (1222.000.000) 05/14 17:30:03 Job was suspended.
	Number of processes actually suspended: 26
...
011 (1222.000.000) 05/14 17:38:30 Job was unsuspended.
...
005 (1218.000.000) 05/14 18:13:03 Job terminated.
	(1) Normal termination (return value 0)
		Usr 0 04:58:07, Sys 0 00:02:13  -  Run Remote Usage
		Usr 0 00:00:00, Sys 0 00:00:00  -  Run Local Usage
		Usr 0 04:58:07, Sys 0 00:02:13  -  Total Remote Usage
		Usr 0 00:00:00, Sys 0 00:00:00  -  Total Local Usage
	0  -  Run Bytes Sent By Job
	0  -  Run Bytes Received By Job
	0  -  Total Bytes Sent By Job
	0  -  Total Bytes Received By Job
	Partitionable Resources :    Usage  Request Allocated
	   Cpus                 :                 1         1
	   Disk (KB)            :        7        7   6043822
	   Gpus                 :                 1         1
	   Memory (MB)          :      971     8192      8192
...
010 (1222.000.000) 05/14 19:12:27 Job was suspended.
	Number of processes actually suspended: 26
...
011 (1222.000.000) 05/14 19:18:06 Job was unsuspended.
...
010 (1222.000.000) 05/14 20:07:16 Job was suspended.
	Number of processes actually suspended: 26
...
011 (1222.000.000) 05/14 20:15:51 Job was unsuspended.
...
010 (1222.000.000) 05/14 21:01:24 Job was suspended.
	Number of processes actually suspended: 26
...
011 (1222.000.000) 05/14 21:06:30 Job was unsuspended.
...
010 (1222.000.000) 05/14 21:07:51 Job was suspended.
	Number of processes actually suspended: 26
...
011 (1222.000.000) 05/14 21:12:46 Job was unsuspended.
...
010 (1222.000.000) 05/14 21:24:58 Job was suspended.
	Number of processes actually suspended: 26
...
011 (1222.000.000) 05/14 21:29:58 Job was unsuspended.
...
010 (1222.000.000) 05/14 21:45:05 Job was suspended.
	Number of processes actually suspended: 28
...
011 (1222.000.000) 05/14 21:50:01 Job was unsuspended.
...
