000 (1280.000.000) 05/15 00:32:58 Job submitted from host: <10.33.133.154:9618?addrs=10.33.133.154-9618+[--1]-9618&noUDP&sock=1383_3391_3>
    DAG Node: extended_topic_1
...
001 (1280.000.000) 05/16 00:46:05 Job executing on host: <10.33.133.57:9618?addrs=10.33.133.57-9618+[--1]-9618&noUDP&sock=1311_d0c0_3>
...
006 (1280.000.000) 05/16 00:46:14 Image size of job updated: 213744
	190  -  MemoryUsage of job (MB)
	194000  -  ResidentSetSize of job (KB)
...
006 (1280.000.000) 05/16 00:46:54 Image size of job updated: 1837668
	190  -  MemoryUsage of job (MB)
	194000  -  ResidentSetSize of job (KB)
...
005 (1280.000.000) 05/16 00:46:54 Job terminated.
	(1) Normal termination (return value 0)
		Usr 0 00:00:27, Sys 0 00:00:06  -  Run Remote Usage
		Usr 0 00:00:00, Sys 0 00:00:00  -  Run Local Usage
		Usr 0 00:00:27, Sys 0 00:00:06  -  Total Remote Usage
		Usr 0 00:00:00, Sys 0 00:00:00  -  Total Local Usage
	0  -  Run Bytes Sent By Job
	0  -  Run Bytes Received By Job
	0  -  Total Bytes Sent By Job
	0  -  Total Bytes Received By Job
	Partitionable Resources :    Usage  Request Allocated
	   Cpus                 :                 1         1
	   Disk (KB)            :        7        7  36624921
	   Gpus                 :                 1         1
	   Memory (MB)          :      190     8192      8192
...
000 (1313.000.000) 05/16 17:15:02 Job submitted from host: <10.33.133.154:9618?addrs=10.33.133.154-9618+[--1]-9618&noUDP&sock=1383_3391_3>
    DAG Node: extended_topic_1
...
001 (1313.000.000) 05/17 07:50:29 Job executing on host: <10.33.133.236:9618?addrs=10.33.133.236-9618+[--1]-9618&noUDP&sock=1566_b966_3>
...
006 (1313.000.000) 05/17 07:50:37 Image size of job updated: 69504
	36  -  MemoryUsage of job (MB)
	36100  -  ResidentSetSize of job (KB)
...
006 (1313.000.000) 05/17 07:55:38 Image size of job updated: 1752252
	1320  -  MemoryUsage of job (MB)
	1350792  -  ResidentSetSize of job (KB)
...
006 (1313.000.000) 05/17 08:00:38 Image size of job updated: 2620368
	2167  -  MemoryUsage of job (MB)
	2218780  -  ResidentSetSize of job (KB)
...
006 (1313.000.000) 05/17 08:05:39 Image size of job updated: 2620368
	2167  -  MemoryUsage of job (MB)
	2218860  -  ResidentSetSize of job (KB)
...
006 (1313.000.000) 05/17 08:40:43 Image size of job updated: 2758124
	2302  -  MemoryUsage of job (MB)
	2356536  -  ResidentSetSize of job (KB)
...
006 (1313.000.000) 05/17 08:45:44 Image size of job updated: 3062404
	2599  -  MemoryUsage of job (MB)
	2660816  -  ResidentSetSize of job (KB)
...
006 (1313.000.000) 05/17 08:50:44 Image size of job updated: 3062404
	2599  -  MemoryUsage of job (MB)
	2661032  -  ResidentSetSize of job (KB)
...
006 (1313.000.000) 05/17 12:16:08 Image size of job updated: 3149088
	2684  -  MemoryUsage of job (MB)
	2747500  -  ResidentSetSize of job (KB)
...
006 (1313.000.000) 05/17 12:36:10 Image size of job updated: 3417528
	2946  -  MemoryUsage of job (MB)
	3015940  -  ResidentSetSize of job (KB)
...
006 (1313.000.000) 05/17 16:46:40 Image size of job updated: 3433296
	2961  -  MemoryUsage of job (MB)
	3031708  -  ResidentSetSize of job (KB)
...
006 (1313.000.000) 05/17 16:51:41 Image size of job updated: 3433296
	2961  -  MemoryUsage of job (MB)
	3031796  -  ResidentSetSize of job (KB)
...
006 (1313.000.000) 05/17 17:26:45 Image size of job updated: 3669000
	3191  -  MemoryUsage of job (MB)
	3267412  -  ResidentSetSize of job (KB)
...
006 (1313.000.000) 05/17 17:31:46 Image size of job updated: 3669000
	3192  -  MemoryUsage of job (MB)
	3267672  -  ResidentSetSize of job (KB)
...
006 (1313.000.000) 05/17 21:37:16 Image size of job updated: 3748260
	3269  -  MemoryUsage of job (MB)
	3346672  -  ResidentSetSize of job (KB)
...
006 (1313.000.000) 05/17 21:42:17 Image size of job updated: 3819108
	3338  -  MemoryUsage of job (MB)
	3417520  -  ResidentSetSize of job (KB)
...
006 (1313.000.000) 05/17 21:47:17 Image size of job updated: 3819108
	3338  -  MemoryUsage of job (MB)
	3417648  -  ResidentSetSize of job (KB)
...
006 (1313.000.000) 05/17 23:02:27 Image size of job updated: 3939096
	3455  -  MemoryUsage of job (MB)
	3537508  -  ResidentSetSize of job (KB)
...
006 (1313.000.000) 05/17 23:07:27 Image size of job updated: 3939096
	3455  -  MemoryUsage of job (MB)
	3537708  -  ResidentSetSize of job (KB)
...
006 (1313.000.000) 05/18 00:52:37 Image size of job updated: 4086308
	3599  -  MemoryUsage of job (MB)
	3684720  -  ResidentSetSize of job (KB)
...
006 (1313.000.000) 05/18 00:57:38 Image size of job updated: 4086308
	3599  -  MemoryUsage of job (MB)
	3685060  -  ResidentSetSize of job (KB)
...
006 (1313.000.000) 05/18 03:42:54 Image size of job updated: 4164284
	3675  -  MemoryUsage of job (MB)
	3762696  -  ResidentSetSize of job (KB)
...
006 (1313.000.000) 05/18 03:47:55 Image size of job updated: 4164284
	3675  -  MemoryUsage of job (MB)
	3762788  -  ResidentSetSize of job (KB)
...
006 (1313.000.000) 05/18 06:28:12 Image size of job updated: 4223560
	3733  -  MemoryUsage of job (MB)
	3821972  -  ResidentSetSize of job (KB)
...
006 (1313.000.000) 05/18 06:33:13 Image size of job updated: 4223560
	3733  -  MemoryUsage of job (MB)
	3822040  -  ResidentSetSize of job (KB)
...
006 (1313.000.000) 05/18 07:03:15 Image size of job updated: 4466884
	3971  -  MemoryUsage of job (MB)
	4065296  -  ResidentSetSize of job (KB)
...
006 (1313.000.000) 05/18 07:08:15 Image size of job updated: 4466884
	3971  -  MemoryUsage of job (MB)
	4065600  -  ResidentSetSize of job (KB)
...
006 (1313.000.000) 05/18 09:08:27 Image size of job updated: 4784004
	4280  -  MemoryUsage of job (MB)
	4382416  -  ResidentSetSize of job (KB)
...
006 (1313.000.000) 05/18 09:13:28 Image size of job updated: 4784004
	4280  -  MemoryUsage of job (MB)
	4382664  -  ResidentSetSize of job (KB)
...
006 (1313.000.000) 05/18 12:03:46 Image size of job updated: 4797888
	4294  -  MemoryUsage of job (MB)
	4396300  -  ResidentSetSize of job (KB)
...
006 (1313.000.000) 05/18 13:13:53 Image size of job updated: 5108896
	4597  -  MemoryUsage of job (MB)
	4707308  -  ResidentSetSize of job (KB)
...
006 (1313.000.000) 05/18 13:18:54 Image size of job updated: 5108896
	4604  -  MemoryUsage of job (MB)
	4713764  -  ResidentSetSize of job (KB)
...
006 (1313.000.000) 05/18 13:38:57 Image size of job updated: 5152996
	4641  -  MemoryUsage of job (MB)
	4751408  -  ResidentSetSize of job (KB)
...
006 (1313.000.000) 05/18 14:29:02 Image size of job updated: 5179024
	4666  -  MemoryUsage of job (MB)
	4777436  -  ResidentSetSize of job (KB)
...
006 (1313.000.000) 05/18 14:34:03 Image size of job updated: 5179024
	4666  -  MemoryUsage of job (MB)
	4777684  -  ResidentSetSize of job (KB)
...
006 (1313.000.000) 05/18 21:24:53 Image size of job updated: 5625320
	5102  -  MemoryUsage of job (MB)
	5223732  -  ResidentSetSize of job (KB)
...
006 (1313.000.000) 05/18 21:29:54 Image size of job updated: 5625320
	5102  -  MemoryUsage of job (MB)
	5223940  -  ResidentSetSize of job (KB)
...
006 (1313.000.000) 05/19 01:00:17 Image size of job updated: 5881308
	5352  -  MemoryUsage of job (MB)
	5479720  -  ResidentSetSize of job (KB)
...
006 (1313.000.000) 05/19 01:05:18 Image size of job updated: 5881308
	5352  -  MemoryUsage of job (MB)
	5479960  -  ResidentSetSize of job (KB)
...
006 (1313.000.000) 05/19 04:40:41 Image size of job updated: 5972844
	5441  -  MemoryUsage of job (MB)
	5571256  -  ResidentSetSize of job (KB)
...
005 (1313.000.000) 05/19 05:56:26 Job terminated.
	(1) Normal termination (return value 0)
		Usr 1 12:44:18, Sys 0 02:13:37  -  Run Remote Usage
		Usr 0 00:00:00, Sys 0 00:00:00  -  Run Local Usage
		Usr 1 12:44:18, Sys 0 02:13:37  -  Total Remote Usage
		Usr 0 00:00:00, Sys 0 00:00:00  -  Total Local Usage
	0  -  Run Bytes Sent By Job
	0  -  Run Bytes Received By Job
	0  -  Total Bytes Sent By Job
	0  -  Total Bytes Received By Job
	Partitionable Resources :    Usage  Request Allocated
	   Cpus                 :                 1         1
	   Disk (KB)            :        7        7   3345052
	   Gpus                 :                 1         1
	   Memory (MB)          :     5441     8192      8192
...
