000 (1356.000.000) 05/19 10:26:54 Job submitted from host: <10.33.133.154:9618?addrs=10.33.133.154-9618+[--1]-9618&noUDP&sock=1383_3391_3>
    DAG Node: topic
...
000 (1357.000.000) 05/19 10:26:54 Job submitted from host: <10.33.133.154:9618?addrs=10.33.133.154-9618+[--1]-9618&noUDP&sock=1383_3391_3>
    DAG Node: extended_topic_1
...
001 (1356.000.000) 05/21 00:41:40 Job executing on host: <10.33.133.70:9618?addrs=10.33.133.70-9618+[--1]-9618&noUDP&sock=19079_2f80_3>
...
001 (1357.000.000) 05/21 01:30:27 Job executing on host: <10.33.133.143:9618?addrs=10.33.133.143-9618+[--1]-9618&noUDP&sock=1519_7c73_3>
...
005 (1356.000.000) 05/21 10:40:39 Job terminated.
	(1) Normal termination (return value 0)
		Usr 0 14:17:47, Sys 0 01:49:34  -  Run Remote Usage
		Usr 0 00:00:00, Sys 0 00:00:00  -  Run Local Usage
		Usr 0 14:17:47, Sys 0 01:49:34  -  Total Remote Usage
		Usr 0 00:00:00, Sys 0 00:00:00  -  Total Local Usage
	0  -  Run Bytes Sent By Job
	0  -  Run Bytes Received By Job
	0  -  Total Bytes Sent By Job
	0  -  Total Bytes Received By Job
	Partitionable Resources :    Usage  Request Allocated
	   Cpus                 :                 1         1
	   Disk (KB)            :        7        7  39037245
	   Gpus                 :                 1         1
	   Memory (MB)          :     2837     8192      8192
...
005 (1357.000.000) 05/21 16:35:46 Job terminated.
	(1) Normal termination (return value 0)
		Usr 1 04:52:29, Sys 0 05:35:32  -  Run Remote Usage
		Usr 0 00:00:00, Sys 0 00:00:00  -  Run Local Usage
		Usr 1 04:52:29, Sys 0 05:35:32  -  Total Remote Usage
		Usr 0 00:00:00, Sys 0 00:00:00  -  Total Local Usage
	0  -  Run Bytes Sent By Job
	0  -  Run Bytes Received By Job
	0  -  Total Bytes Sent By Job
	0  -  Total Bytes Received By Job
	Partitionable Resources :    Usage  Request Allocated
	   Cpus                 :                 1         1
	   Disk (KB)            :        7        7   2968571
	   Gpus                 :                 1         1
	   Memory (MB)          :     6036     8192      8192
...
