05/08/17 23:17:16 ******************************************************
05/08/17 23:17:16 ** condor_scheduniv_exec.172.0 (CONDOR_DAGMAN) STARTING UP
05/08/17 23:17:16 ** /usr/bin/condor_dagman
05/08/17 23:17:16 ** SubsystemInfo: name=DAGMAN type=DAGMAN(10) class=DAEMON(1)
05/08/17 23:17:16 ** Configuration: subsystem:DAGMAN local:<NONE> class:DAEMON
05/08/17 23:17:16 ** $CondorVersion: 8.6.2 Apr 23 2017 BuildID: 404257 $
05/08/17 23:17:16 ** $CondorPlatform: x86_64_RedHat7 $
05/08/17 23:17:16 ** PID = 14958
05/08/17 23:17:16 ** Log last touched time unavailable (No such file or directory)
05/08/17 23:17:16 ******************************************************
05/08/17 23:17:16 Using config source: /etc/condor/condor_config
05/08/17 23:17:16 Using local config sources: 
05/08/17 23:17:16    /etc/condor/config.d/00esat.config
05/08/17 23:17:16    /etc/condor/config.d/01java.config
05/08/17 23:17:16    /etc/condor/config.d/80optout_users.config
05/08/17 23:17:16    /etc/condor/condor_config.local
05/08/17 23:17:16 config Macros = 174, Sorted = 174, StringBytes = 6652, TablesBytes = 6336
05/08/17 23:17:16 CLASSAD_CACHING is ENABLED
05/08/17 23:17:16 Daemon Log is logging: D_ALWAYS D_ERROR
05/08/17 23:17:16 DaemonCore: No command port requested.
05/08/17 23:17:16 DAGMAN_USE_STRICT setting: 1
05/08/17 23:17:16 DAGMAN_VERBOSITY setting: 3
05/08/17 23:17:16 DAGMAN_DEBUG_CACHE_SIZE setting: 5242880
05/08/17 23:17:16 DAGMAN_DEBUG_CACHE_ENABLE setting: False
05/08/17 23:17:16 DAGMAN_SUBMIT_DELAY setting: 0
05/08/17 23:17:16 DAGMAN_MAX_SUBMIT_ATTEMPTS setting: 6
05/08/17 23:17:16 DAGMAN_STARTUP_CYCLE_DETECT setting: False
05/08/17 23:17:16 DAGMAN_MAX_SUBMITS_PER_INTERVAL setting: 5
05/08/17 23:17:16 DAGMAN_USER_LOG_SCAN_INTERVAL setting: 5
05/08/17 23:17:16 DAGMAN_DEFAULT_PRIORITY setting: 0
05/08/17 23:17:16 DAGMAN_SUPPRESS_NOTIFICATION setting: True
05/08/17 23:17:16 allow_events (DAGMAN_ALLOW_EVENTS) setting: 114
05/08/17 23:17:16 DAGMAN_RETRY_SUBMIT_FIRST setting: True
05/08/17 23:17:16 DAGMAN_RETRY_NODE_FIRST setting: False
05/08/17 23:17:16 DAGMAN_MAX_JOBS_IDLE setting: 1000
05/08/17 23:17:16 DAGMAN_MAX_JOBS_SUBMITTED setting: 0
05/08/17 23:17:16 DAGMAN_MAX_PRE_SCRIPTS setting: 20
05/08/17 23:17:16 DAGMAN_MAX_POST_SCRIPTS setting: 20
05/08/17 23:17:16 DAGMAN_MUNGE_NODE_NAMES setting: True
05/08/17 23:17:16 DAGMAN_PROHIBIT_MULTI_JOBS setting: False
05/08/17 23:17:16 DAGMAN_SUBMIT_DEPTH_FIRST setting: False
05/08/17 23:17:16 DAGMAN_ALWAYS_RUN_POST setting: False
05/08/17 23:17:16 DAGMAN_ABORT_DUPLICATES setting: True
05/08/17 23:17:16 DAGMAN_ABORT_ON_SCARY_SUBMIT setting: True
05/08/17 23:17:16 DAGMAN_PENDING_REPORT_INTERVAL setting: 600
05/08/17 23:17:16 DAGMAN_AUTO_RESCUE setting: True
05/08/17 23:17:16 DAGMAN_MAX_RESCUE_NUM setting: 100
05/08/17 23:17:16 DAGMAN_WRITE_PARTIAL_RESCUE setting: True
05/08/17 23:17:16 DAGMAN_DEFAULT_NODE_LOG setting: @(DAG_DIR)/@(DAG_FILE).nodes.log
05/08/17 23:17:16 DAGMAN_GENERATE_SUBDAG_SUBMITS setting: True
05/08/17 23:17:16 DAGMAN_MAX_JOB_HOLDS setting: 100
05/08/17 23:17:16 DAGMAN_HOLD_CLAIM_TIME setting: 20
05/08/17 23:17:16 ALL_DEBUG setting: 
05/08/17 23:17:16 DAGMAN_DEBUG setting: 
05/08/17 23:17:16 DAGMAN_SUPPRESS_JOB_LOGS setting: False
05/08/17 23:17:16 DAGMAN_REMOVE_NODE_JOBS setting: True
05/08/17 23:17:16 argv[0] == "condor_scheduniv_exec.172.0"
05/08/17 23:17:16 argv[1] == "-Lockfile"
05/08/17 23:17:16 argv[2] == "untied_models_medium.dag.lock"
05/08/17 23:17:16 argv[3] == "-AutoRescue"
05/08/17 23:17:16 argv[4] == "1"
05/08/17 23:17:16 argv[5] == "-DoRescueFrom"
05/08/17 23:17:16 argv[6] == "0"
05/08/17 23:17:16 argv[7] == "-Dag"
05/08/17 23:17:16 argv[8] == "untied_models_medium.dag"
05/08/17 23:17:16 argv[9] == "-Suppress_notification"
05/08/17 23:17:16 argv[10] == "-CsdVersion"
05/08/17 23:17:16 argv[11] == "$CondorVersion: 8.6.2 Apr 23 2017 BuildID: 404257 $"
05/08/17 23:17:16 argv[12] == "-Dagman"
05/08/17 23:17:16 argv[13] == "/usr/bin/condor_dagman"
05/08/17 23:17:16 Workflow batch-name: <untied_models_medium.dag+172>
05/08/17 23:17:16 Workflow accounting_group: <>
05/08/17 23:17:16 Workflow accounting_group_user: <>
05/08/17 23:17:16 Warning: failed to get attribute DAGNodeName
05/08/17 23:17:16 DAGMAN_LOG_ON_NFS_IS_ERROR setting: False
05/08/17 23:17:16 Default node log file is: </esat/spchtemp/scratch/robbe/SpeechHub/n-best/python/jobdag/./untied_models_medium.dag.nodes.log>
05/08/17 23:17:16 DAG Lockfile will be written to untied_models_medium.dag.lock
05/08/17 23:17:16 DAG Input file is untied_models_medium.dag
05/08/17 23:17:16 Parsing 1 dagfiles
05/08/17 23:17:16 Parsing untied_models_medium.dag ...
05/08/17 23:17:16 Dag contains 9 total jobs
05/08/17 23:17:16 Sleeping for 3 seconds to ensure ProcessId uniqueness
05/08/17 23:17:19 Bootstrapping...
05/08/17 23:17:19 Number of pre-completed nodes: 0
05/08/17 23:17:19 MultiLogFiles: truncating log file /esat/spchtemp/scratch/robbe/SpeechHub/n-best/python/jobdag/./untied_models_medium.dag.nodes.log
05/08/17 23:17:19 DAG status: 0 (DAG_STATUS_OK)
05/08/17 23:17:19 Of 9 nodes total:
05/08/17 23:17:19  Done     Pre   Queued    Post   Ready   Un-Ready   Failed
05/08/17 23:17:19   ===     ===      ===     ===     ===        ===      ===
05/08/17 23:17:19     0       0        0       0       9          0        0
05/08/17 23:17:19 0 job proc(s) currently held
05/08/17 23:17:19 Registering condor_event_timer...
05/08/17 23:17:20 Submitting HTCondor Node original job(s)...
05/08/17 23:17:20 Adding a DAGMan workflow log /esat/spchtemp/scratch/robbe/SpeechHub/n-best/python/jobdag/./untied_models_medium.dag.nodes.log
05/08/17 23:17:20 Masking the events recorded in the DAGMAN workflow log
05/08/17 23:17:20 Mask for workflow log is 0,1,2,4,5,7,9,10,11,12,13,16,17,24,27
05/08/17 23:17:20 submitting: /usr/bin/condor_submit -a dag_node_name' '=' 'original -a +DAGManJobId' '=' '172 -a DAGManJobId' '=' '172 -batch-name untied_models_medium.dag+172 -a submit_event_notes' '=' 'DAG' 'Node:' 'original -a dagman_log' '=' '/esat/spchtemp/scratch/robbe/SpeechHub/n-best/python/jobdag/./untied_models_medium.dag.nodes.log -a +DAGManNodesMask' '=' '"0,1,2,4,5,7,9,10,11,12,13,16,17,24,27" -a test_name' '=' 'original -a num_run' '=' '0 -a model_name' '=' 'untied_models_medium -a name' '=' 'untied_n_best_original -a DAG_STATUS' '=' '0 -a FAILED_COUNT' '=' '0 -a notification' '=' 'never -a +DAGParentNodeNames' '=' '"" jobdag/original.job
05/08/17 23:17:20 From submit: Submitting job(s).
05/08/17 23:17:20 From submit: 1 job(s) submitted to cluster 181.
05/08/17 23:17:20 	assigned HTCondor ID (181.0.0)
05/08/17 23:17:20 Submitting HTCondor Node cbow_mean_soft job(s)...
05/08/17 23:17:20 Adding a DAGMan workflow log /esat/spchtemp/scratch/robbe/SpeechHub/n-best/python/jobdag/./untied_models_medium.dag.nodes.log
05/08/17 23:17:20 Masking the events recorded in the DAGMAN workflow log
05/08/17 23:17:20 Mask for workflow log is 0,1,2,4,5,7,9,10,11,12,13,16,17,24,27
05/08/17 23:17:20 submitting: /usr/bin/condor_submit -a dag_node_name' '=' 'cbow_mean_soft -a +DAGManJobId' '=' '172 -a DAGManJobId' '=' '172 -batch-name untied_models_medium.dag+172 -a submit_event_notes' '=' 'DAG' 'Node:' 'cbow_mean_soft -a dagman_log' '=' '/esat/spchtemp/scratch/robbe/SpeechHub/n-best/python/jobdag/./untied_models_medium.dag.nodes.log -a +DAGManNodesMask' '=' '"0,1,2,4,5,7,9,10,11,12,13,16,17,24,27" -a test_name' '=' 'cbow_mean_soft -a num_run' '=' '0 -a model_name' '=' 'untied_models_medium -a name' '=' 'untied_n_best_cbow_mean_soft -a DAG_STATUS' '=' '0 -a FAILED_COUNT' '=' '0 -a notification' '=' 'never -a +DAGParentNodeNames' '=' '"" jobdag/cbow_soft.job
05/08/17 23:17:20 From submit: Submitting job(s).
05/08/17 23:17:20 From submit: 1 job(s) submitted to cluster 183.
05/08/17 23:17:20 	assigned HTCondor ID (183.0.0)
05/08/17 23:17:20 Submitting HTCondor Node cbow_exp_soft job(s)...
05/08/17 23:17:20 Adding a DAGMan workflow log /esat/spchtemp/scratch/robbe/SpeechHub/n-best/python/jobdag/./untied_models_medium.dag.nodes.log
05/08/17 23:17:20 Masking the events recorded in the DAGMAN workflow log
05/08/17 23:17:20 Mask for workflow log is 0,1,2,4,5,7,9,10,11,12,13,16,17,24,27
05/08/17 23:17:20 submitting: /usr/bin/condor_submit -a dag_node_name' '=' 'cbow_exp_soft -a +DAGManJobId' '=' '172 -a DAGManJobId' '=' '172 -batch-name untied_models_medium.dag+172 -a submit_event_notes' '=' 'DAG' 'Node:' 'cbow_exp_soft -a dagman_log' '=' '/esat/spchtemp/scratch/robbe/SpeechHub/n-best/python/jobdag/./untied_models_medium.dag.nodes.log -a +DAGManNodesMask' '=' '"0,1,2,4,5,7,9,10,11,12,13,16,17,24,27" -a test_name' '=' 'cbow_exp_soft -a num_run' '=' '0 -a model_name' '=' 'untied_models_medium -a name' '=' 'untied_n_best_cbow_exp_soft -a DAG_STATUS' '=' '0 -a FAILED_COUNT' '=' '0 -a notification' '=' 'never -a +DAGParentNodeNames' '=' '"" jobdag/cbow_soft.job
05/08/17 23:17:20 From submit: Submitting job(s).
05/08/17 23:17:20 From submit: 1 job(s) submitted to cluster 185.
05/08/17 23:17:20 	assigned HTCondor ID (185.0.0)
05/08/17 23:17:20 Submitting HTCondor Node cbow_tfidf_soft job(s)...
05/08/17 23:17:20 Adding a DAGMan workflow log /esat/spchtemp/scratch/robbe/SpeechHub/n-best/python/jobdag/./untied_models_medium.dag.nodes.log
05/08/17 23:17:20 Masking the events recorded in the DAGMAN workflow log
05/08/17 23:17:20 Mask for workflow log is 0,1,2,4,5,7,9,10,11,12,13,16,17,24,27
05/08/17 23:17:20 submitting: /usr/bin/condor_submit -a dag_node_name' '=' 'cbow_tfidf_soft -a +DAGManJobId' '=' '172 -a DAGManJobId' '=' '172 -batch-name untied_models_medium.dag+172 -a submit_event_notes' '=' 'DAG' 'Node:' 'cbow_tfidf_soft -a dagman_log' '=' '/esat/spchtemp/scratch/robbe/SpeechHub/n-best/python/jobdag/./untied_models_medium.dag.nodes.log -a +DAGManNodesMask' '=' '"0,1,2,4,5,7,9,10,11,12,13,16,17,24,27" -a test_name' '=' 'cbow_tfidf_soft -a num_run' '=' '0 -a model_name' '=' 'untied_models_medium -a name' '=' 'untied_n_best_cbow_tfidf_soft -a DAG_STATUS' '=' '0 -a FAILED_COUNT' '=' '0 -a notification' '=' 'never -a +DAGParentNodeNames' '=' '"" jobdag/cbow_soft.job
05/08/17 23:17:21 From submit: Submitting job(s).
05/08/17 23:17:21 From submit: 1 job(s) submitted to cluster 186.
05/08/17 23:17:21 	assigned HTCondor ID (186.0.0)
05/08/17 23:17:21 Submitting HTCondor Node cbow_mean_lstm job(s)...
05/08/17 23:17:21 Adding a DAGMan workflow log /esat/spchtemp/scratch/robbe/SpeechHub/n-best/python/jobdag/./untied_models_medium.dag.nodes.log
05/08/17 23:17:21 Masking the events recorded in the DAGMAN workflow log
05/08/17 23:17:21 Mask for workflow log is 0,1,2,4,5,7,9,10,11,12,13,16,17,24,27
05/08/17 23:17:21 submitting: /usr/bin/condor_submit -a dag_node_name' '=' 'cbow_mean_lstm -a +DAGManJobId' '=' '172 -a DAGManJobId' '=' '172 -batch-name untied_models_medium.dag+172 -a submit_event_notes' '=' 'DAG' 'Node:' 'cbow_mean_lstm -a dagman_log' '=' '/esat/spchtemp/scratch/robbe/SpeechHub/n-best/python/jobdag/./untied_models_medium.dag.nodes.log -a +DAGManNodesMask' '=' '"0,1,2,4,5,7,9,10,11,12,13,16,17,24,27" -a test_name' '=' 'cbow_mean_lstm -a num_run' '=' '0 -a model_name' '=' 'untied_models_medium -a name' '=' 'untied_n_best_cbow_mean_lstm -a DAG_STATUS' '=' '0 -a FAILED_COUNT' '=' '0 -a notification' '=' 'never -a +DAGParentNodeNames' '=' '"" jobdag/cbow_lstm.job
05/08/17 23:17:21 From submit: Submitting job(s).
05/08/17 23:17:21 From submit: 1 job(s) submitted to cluster 187.
05/08/17 23:17:21 	assigned HTCondor ID (187.0.0)
05/08/17 23:17:21 Just submitted 5 jobs this cycle...
05/08/17 23:17:21 Currently monitoring 1 HTCondor log file(s)
05/08/17 23:17:21 Reassigning the id of job original from (181.0.0) to (181.0.0)
05/08/17 23:17:21 Event: ULOG_SUBMIT for HTCondor Node original (181.0.0) {05/08/17 23:17:20}
05/08/17 23:17:21 Number of idle job procs: 1
05/08/17 23:17:21 Reassigning the id of job cbow_mean_soft from (183.0.0) to (183.0.0)
05/08/17 23:17:21 Event: ULOG_SUBMIT for HTCondor Node cbow_mean_soft (183.0.0) {05/08/17 23:17:20}
05/08/17 23:17:21 Number of idle job procs: 2
05/08/17 23:17:21 Reassigning the id of job cbow_exp_soft from (185.0.0) to (185.0.0)
05/08/17 23:17:21 Event: ULOG_SUBMIT for HTCondor Node cbow_exp_soft (185.0.0) {05/08/17 23:17:20}
05/08/17 23:17:21 Number of idle job procs: 3
05/08/17 23:17:21 Reassigning the id of job cbow_tfidf_soft from (186.0.0) to (186.0.0)
05/08/17 23:17:21 Event: ULOG_SUBMIT for HTCondor Node cbow_tfidf_soft (186.0.0) {05/08/17 23:17:21}
05/08/17 23:17:21 Number of idle job procs: 4
05/08/17 23:17:21 Reassigning the id of job cbow_mean_lstm from (187.0.0) to (187.0.0)
05/08/17 23:17:21 Event: ULOG_SUBMIT for HTCondor Node cbow_mean_lstm (187.0.0) {05/08/17 23:17:21}
05/08/17 23:17:21 Number of idle job procs: 5
05/08/17 23:17:21 DAG status: 0 (DAG_STATUS_OK)
05/08/17 23:17:21 Of 9 nodes total:
05/08/17 23:17:21  Done     Pre   Queued    Post   Ready   Un-Ready   Failed
05/08/17 23:17:21   ===     ===      ===     ===     ===        ===      ===
05/08/17 23:17:21     0       0        5       0       4          0        0
05/08/17 23:17:21 0 job proc(s) currently held
05/08/17 23:17:26 Submitting HTCondor Node cbow_exp_lstm job(s)...
05/08/17 23:17:26 Adding a DAGMan workflow log /esat/spchtemp/scratch/robbe/SpeechHub/n-best/python/jobdag/./untied_models_medium.dag.nodes.log
05/08/17 23:17:26 Masking the events recorded in the DAGMAN workflow log
05/08/17 23:17:26 Mask for workflow log is 0,1,2,4,5,7,9,10,11,12,13,16,17,24,27
05/08/17 23:17:26 submitting: /usr/bin/condor_submit -a dag_node_name' '=' 'cbow_exp_lstm -a +DAGManJobId' '=' '172 -a DAGManJobId' '=' '172 -batch-name untied_models_medium.dag+172 -a submit_event_notes' '=' 'DAG' 'Node:' 'cbow_exp_lstm -a dagman_log' '=' '/esat/spchtemp/scratch/robbe/SpeechHub/n-best/python/jobdag/./untied_models_medium.dag.nodes.log -a +DAGManNodesMask' '=' '"0,1,2,4,5,7,9,10,11,12,13,16,17,24,27" -a test_name' '=' 'cbow_exp_lstm -a num_run' '=' '0 -a model_name' '=' 'untied_models_medium -a name' '=' 'untied_n_best_cbow_exp_lstm -a DAG_STATUS' '=' '0 -a FAILED_COUNT' '=' '0 -a notification' '=' 'never -a +DAGParentNodeNames' '=' '"" jobdag/cbow_lstm.job
05/08/17 23:17:26 From submit: Submitting job(s).
05/08/17 23:17:26 From submit: 1 job(s) submitted to cluster 189.
05/08/17 23:17:26 	assigned HTCondor ID (189.0.0)
05/08/17 23:17:26 Submitting HTCondor Node cbow_tfidf_lstm job(s)...
05/08/17 23:17:26 Adding a DAGMan workflow log /esat/spchtemp/scratch/robbe/SpeechHub/n-best/python/jobdag/./untied_models_medium.dag.nodes.log
05/08/17 23:17:26 Masking the events recorded in the DAGMAN workflow log
05/08/17 23:17:26 Mask for workflow log is 0,1,2,4,5,7,9,10,11,12,13,16,17,24,27
05/08/17 23:17:26 submitting: /usr/bin/condor_submit -a dag_node_name' '=' 'cbow_tfidf_lstm -a +DAGManJobId' '=' '172 -a DAGManJobId' '=' '172 -batch-name untied_models_medium.dag+172 -a submit_event_notes' '=' 'DAG' 'Node:' 'cbow_tfidf_lstm -a dagman_log' '=' '/esat/spchtemp/scratch/robbe/SpeechHub/n-best/python/jobdag/./untied_models_medium.dag.nodes.log -a +DAGManNodesMask' '=' '"0,1,2,4,5,7,9,10,11,12,13,16,17,24,27" -a test_name' '=' 'cbow_tfidf_lstm -a num_run' '=' '0 -a model_name' '=' 'untied_models_medium -a name' '=' 'untied_n_best_cbow_tfidf_lstm -a DAG_STATUS' '=' '0 -a FAILED_COUNT' '=' '0 -a notification' '=' 'never -a +DAGParentNodeNames' '=' '"" jobdag/cbow_lstm.job
05/08/17 23:17:26 From submit: Submitting job(s).
05/08/17 23:17:26 From submit: 1 job(s) submitted to cluster 190.
05/08/17 23:17:26 	assigned HTCondor ID (190.0.0)
05/08/17 23:17:26 Submitting HTCondor Node topic job(s)...
05/08/17 23:17:26 Adding a DAGMan workflow log /esat/spchtemp/scratch/robbe/SpeechHub/n-best/python/jobdag/./untied_models_medium.dag.nodes.log
05/08/17 23:17:26 Masking the events recorded in the DAGMAN workflow log
05/08/17 23:17:26 Mask for workflow log is 0,1,2,4,5,7,9,10,11,12,13,16,17,24,27
05/08/17 23:17:26 submitting: /usr/bin/condor_submit -a dag_node_name' '=' 'topic -a +DAGManJobId' '=' '172 -a DAGManJobId' '=' '172 -batch-name untied_models_medium.dag+172 -a submit_event_notes' '=' 'DAG' 'Node:' 'topic -a dagman_log' '=' '/esat/spchtemp/scratch/robbe/SpeechHub/n-best/python/jobdag/./untied_models_medium.dag.nodes.log -a +DAGManNodesMask' '=' '"0,1,2,4,5,7,9,10,11,12,13,16,17,24,27" -a test_name' '=' 'topic -a num_run' '=' '0 -a model_name' '=' 'untied_models_medium -a name' '=' 'untied_n_best_topic -a DAG_STATUS' '=' '0 -a FAILED_COUNT' '=' '0 -a notification' '=' 'never -a +DAGParentNodeNames' '=' '"" jobdag/topic.job
05/08/17 23:17:26 From submit: Submitting job(s).
05/08/17 23:17:26 From submit: 1 job(s) submitted to cluster 191.
05/08/17 23:17:26 	assigned HTCondor ID (191.0.0)
05/08/17 23:17:26 Submitting HTCondor Node extended_topic_1 job(s)...
05/08/17 23:17:26 Adding a DAGMan workflow log /esat/spchtemp/scratch/robbe/SpeechHub/n-best/python/jobdag/./untied_models_medium.dag.nodes.log
05/08/17 23:17:26 Masking the events recorded in the DAGMAN workflow log
05/08/17 23:17:26 Mask for workflow log is 0,1,2,4,5,7,9,10,11,12,13,16,17,24,27
05/08/17 23:17:26 submitting: /usr/bin/condor_submit -a dag_node_name' '=' 'extended_topic_1 -a +DAGManJobId' '=' '172 -a DAGManJobId' '=' '172 -batch-name untied_models_medium.dag+172 -a submit_event_notes' '=' 'DAG' 'Node:' 'extended_topic_1 -a dagman_log' '=' '/esat/spchtemp/scratch/robbe/SpeechHub/n-best/python/jobdag/./untied_models_medium.dag.nodes.log -a +DAGManNodesMask' '=' '"0,1,2,4,5,7,9,10,11,12,13,16,17,24,27" -a test_name' '=' 'extended_topic_1 -a num_run' '=' '0 -a model_name' '=' 'untied_models_medium -a name' '=' 'untied_n_best_textended_topic_1 -a DAG_STATUS' '=' '0 -a FAILED_COUNT' '=' '0 -a notification' '=' 'never -a +DAGParentNodeNames' '=' '"" jobdag/extended_topic_1.job
05/08/17 23:17:26 From submit: Submitting job(s).
05/08/17 23:17:26 From submit: 1 job(s) submitted to cluster 192.
05/08/17 23:17:26 	assigned HTCondor ID (192.0.0)
05/08/17 23:17:26 Just submitted 4 jobs this cycle...
05/08/17 23:17:26 Currently monitoring 1 HTCondor log file(s)
05/08/17 23:17:26 Reassigning the id of job cbow_exp_lstm from (189.0.0) to (189.0.0)
05/08/17 23:17:26 Event: ULOG_SUBMIT for HTCondor Node cbow_exp_lstm (189.0.0) {05/08/17 23:17:26}
05/08/17 23:17:26 Number of idle job procs: 6
05/08/17 23:17:26 Reassigning the id of job cbow_tfidf_lstm from (190.0.0) to (190.0.0)
05/08/17 23:17:26 Event: ULOG_SUBMIT for HTCondor Node cbow_tfidf_lstm (190.0.0) {05/08/17 23:17:26}
05/08/17 23:17:26 Number of idle job procs: 7
05/08/17 23:17:26 Reassigning the id of job topic from (191.0.0) to (191.0.0)
05/08/17 23:17:26 Event: ULOG_SUBMIT for HTCondor Node topic (191.0.0) {05/08/17 23:17:26}
05/08/17 23:17:26 Number of idle job procs: 8
05/08/17 23:17:26 Reassigning the id of job extended_topic_1 from (192.0.0) to (192.0.0)
05/08/17 23:17:26 Event: ULOG_SUBMIT for HTCondor Node extended_topic_1 (192.0.0) {05/08/17 23:17:26}
05/08/17 23:17:26 Number of idle job procs: 9
05/08/17 23:17:26 DAG status: 0 (DAG_STATUS_OK)
05/08/17 23:17:26 Of 9 nodes total:
05/08/17 23:17:26  Done     Pre   Queued    Post   Ready   Un-Ready   Failed
05/08/17 23:17:26   ===     ===      ===     ===     ===        ===      ===
05/08/17 23:17:26     0       0        9       0       0          0        0
05/08/17 23:17:26 0 job proc(s) currently held
05/08/17 23:27:28 602 seconds since last log event
05/08/17 23:27:28 Pending DAG nodes:
05/08/17 23:27:28   Node original, HTCondor ID 181, status STATUS_SUBMITTED
05/08/17 23:27:28   Node cbow_mean_soft, HTCondor ID 183, status STATUS_SUBMITTED
05/08/17 23:27:28   Node cbow_exp_soft, HTCondor ID 185, status STATUS_SUBMITTED
05/08/17 23:27:28   Node cbow_tfidf_soft, HTCondor ID 186, status STATUS_SUBMITTED
05/08/17 23:27:28   Node cbow_mean_lstm, HTCondor ID 187, status STATUS_SUBMITTED
05/08/17 23:27:28   Node cbow_exp_lstm, HTCondor ID 189, status STATUS_SUBMITTED
05/08/17 23:27:28   Node cbow_tfidf_lstm, HTCondor ID 190, status STATUS_SUBMITTED
05/08/17 23:27:28   Node topic, HTCondor ID 191, status STATUS_SUBMITTED
05/08/17 23:27:28   Node extended_topic_1, HTCondor ID 192, status STATUS_SUBMITTED
05/08/17 23:37:30 1204 seconds since last log event
05/08/17 23:37:30 Pending DAG nodes:
05/08/17 23:37:30   Node original, HTCondor ID 181, status STATUS_SUBMITTED
05/08/17 23:37:30   Node cbow_mean_soft, HTCondor ID 183, status STATUS_SUBMITTED
05/08/17 23:37:30   Node cbow_exp_soft, HTCondor ID 185, status STATUS_SUBMITTED
05/08/17 23:37:30   Node cbow_tfidf_soft, HTCondor ID 186, status STATUS_SUBMITTED
05/08/17 23:37:30   Node cbow_mean_lstm, HTCondor ID 187, status STATUS_SUBMITTED
05/08/17 23:37:30   Node cbow_exp_lstm, HTCondor ID 189, status STATUS_SUBMITTED
05/08/17 23:37:30   Node cbow_tfidf_lstm, HTCondor ID 190, status STATUS_SUBMITTED
05/08/17 23:37:30   Node topic, HTCondor ID 191, status STATUS_SUBMITTED
05/08/17 23:37:30   Node extended_topic_1, HTCondor ID 192, status STATUS_SUBMITTED
05/08/17 23:47:33 1807 seconds since last log event
05/08/17 23:47:33 Pending DAG nodes:
05/08/17 23:47:33   Node original, HTCondor ID 181, status STATUS_SUBMITTED
05/08/17 23:47:33   Node cbow_mean_soft, HTCondor ID 183, status STATUS_SUBMITTED
05/08/17 23:47:33   Node cbow_exp_soft, HTCondor ID 185, status STATUS_SUBMITTED
05/08/17 23:47:33   Node cbow_tfidf_soft, HTCondor ID 186, status STATUS_SUBMITTED
05/08/17 23:47:33   Node cbow_mean_lstm, HTCondor ID 187, status STATUS_SUBMITTED
05/08/17 23:47:33   Node cbow_exp_lstm, HTCondor ID 189, status STATUS_SUBMITTED
05/08/17 23:47:33   Node cbow_tfidf_lstm, HTCondor ID 190, status STATUS_SUBMITTED
05/08/17 23:47:33   Node topic, HTCondor ID 191, status STATUS_SUBMITTED
05/08/17 23:47:33   Node extended_topic_1, HTCondor ID 192, status STATUS_SUBMITTED
05/08/17 23:57:35 2409 seconds since last log event
05/08/17 23:57:35 Pending DAG nodes:
05/08/17 23:57:35   Node original, HTCondor ID 181, status STATUS_SUBMITTED
05/08/17 23:57:35   Node cbow_mean_soft, HTCondor ID 183, status STATUS_SUBMITTED
05/08/17 23:57:35   Node cbow_exp_soft, HTCondor ID 185, status STATUS_SUBMITTED
05/08/17 23:57:35   Node cbow_tfidf_soft, HTCondor ID 186, status STATUS_SUBMITTED
05/08/17 23:57:35   Node cbow_mean_lstm, HTCondor ID 187, status STATUS_SUBMITTED
05/08/17 23:57:35   Node cbow_exp_lstm, HTCondor ID 189, status STATUS_SUBMITTED
05/08/17 23:57:35   Node cbow_tfidf_lstm, HTCondor ID 190, status STATUS_SUBMITTED
05/08/17 23:57:35   Node topic, HTCondor ID 191, status STATUS_SUBMITTED
05/08/17 23:57:35   Node extended_topic_1, HTCondor ID 192, status STATUS_SUBMITTED
05/09/17 00:07:38 3012 seconds since last log event
05/09/17 00:07:38 Pending DAG nodes:
05/09/17 00:07:38   Node original, HTCondor ID 181, status STATUS_SUBMITTED
05/09/17 00:07:38   Node cbow_mean_soft, HTCondor ID 183, status STATUS_SUBMITTED
05/09/17 00:07:38   Node cbow_exp_soft, HTCondor ID 185, status STATUS_SUBMITTED
05/09/17 00:07:38   Node cbow_tfidf_soft, HTCondor ID 186, status STATUS_SUBMITTED
05/09/17 00:07:38   Node cbow_mean_lstm, HTCondor ID 187, status STATUS_SUBMITTED
05/09/17 00:07:38   Node cbow_exp_lstm, HTCondor ID 189, status STATUS_SUBMITTED
05/09/17 00:07:38   Node cbow_tfidf_lstm, HTCondor ID 190, status STATUS_SUBMITTED
05/09/17 00:07:38   Node topic, HTCondor ID 191, status STATUS_SUBMITTED
05/09/17 00:07:38   Node extended_topic_1, HTCondor ID 192, status STATUS_SUBMITTED
05/09/17 00:17:40 3614 seconds since last log event
05/09/17 00:17:40 Pending DAG nodes:
05/09/17 00:17:40   Node original, HTCondor ID 181, status STATUS_SUBMITTED
05/09/17 00:17:40   Node cbow_mean_soft, HTCondor ID 183, status STATUS_SUBMITTED
05/09/17 00:17:40   Node cbow_exp_soft, HTCondor ID 185, status STATUS_SUBMITTED
05/09/17 00:17:40   Node cbow_tfidf_soft, HTCondor ID 186, status STATUS_SUBMITTED
05/09/17 00:17:40   Node cbow_mean_lstm, HTCondor ID 187, status STATUS_SUBMITTED
05/09/17 00:17:40   Node cbow_exp_lstm, HTCondor ID 189, status STATUS_SUBMITTED
05/09/17 00:17:40   Node cbow_tfidf_lstm, HTCondor ID 190, status STATUS_SUBMITTED
05/09/17 00:17:40   Node topic, HTCondor ID 191, status STATUS_SUBMITTED
05/09/17 00:17:40   Node extended_topic_1, HTCondor ID 192, status STATUS_SUBMITTED
05/09/17 00:27:43 4217 seconds since last log event
05/09/17 00:27:43 Pending DAG nodes:
05/09/17 00:27:43   Node original, HTCondor ID 181, status STATUS_SUBMITTED
05/09/17 00:27:43   Node cbow_mean_soft, HTCondor ID 183, status STATUS_SUBMITTED
05/09/17 00:27:43   Node cbow_exp_soft, HTCondor ID 185, status STATUS_SUBMITTED
05/09/17 00:27:43   Node cbow_tfidf_soft, HTCondor ID 186, status STATUS_SUBMITTED
05/09/17 00:27:43   Node cbow_mean_lstm, HTCondor ID 187, status STATUS_SUBMITTED
05/09/17 00:27:43   Node cbow_exp_lstm, HTCondor ID 189, status STATUS_SUBMITTED
05/09/17 00:27:43   Node cbow_tfidf_lstm, HTCondor ID 190, status STATUS_SUBMITTED
05/09/17 00:27:43   Node topic, HTCondor ID 191, status STATUS_SUBMITTED
05/09/17 00:27:43   Node extended_topic_1, HTCondor ID 192, status STATUS_SUBMITTED
05/09/17 00:37:44 4818 seconds since last log event
05/09/17 00:37:44 Pending DAG nodes:
05/09/17 00:37:44   Node original, HTCondor ID 181, status STATUS_SUBMITTED
05/09/17 00:37:44   Node cbow_mean_soft, HTCondor ID 183, status STATUS_SUBMITTED
05/09/17 00:37:44   Node cbow_exp_soft, HTCondor ID 185, status STATUS_SUBMITTED
05/09/17 00:37:44   Node cbow_tfidf_soft, HTCondor ID 186, status STATUS_SUBMITTED
05/09/17 00:37:44   Node cbow_mean_lstm, HTCondor ID 187, status STATUS_SUBMITTED
05/09/17 00:37:44   Node cbow_exp_lstm, HTCondor ID 189, status STATUS_SUBMITTED
05/09/17 00:37:44   Node cbow_tfidf_lstm, HTCondor ID 190, status STATUS_SUBMITTED
05/09/17 00:37:44   Node topic, HTCondor ID 191, status STATUS_SUBMITTED
05/09/17 00:37:44   Node extended_topic_1, HTCondor ID 192, status STATUS_SUBMITTED
05/09/17 00:47:47 5421 seconds since last log event
05/09/17 00:47:47 Pending DAG nodes:
05/09/17 00:47:47   Node original, HTCondor ID 181, status STATUS_SUBMITTED
05/09/17 00:47:47   Node cbow_mean_soft, HTCondor ID 183, status STATUS_SUBMITTED
05/09/17 00:47:47   Node cbow_exp_soft, HTCondor ID 185, status STATUS_SUBMITTED
05/09/17 00:47:47   Node cbow_tfidf_soft, HTCondor ID 186, status STATUS_SUBMITTED
05/09/17 00:47:47   Node cbow_mean_lstm, HTCondor ID 187, status STATUS_SUBMITTED
05/09/17 00:47:47   Node cbow_exp_lstm, HTCondor ID 189, status STATUS_SUBMITTED
05/09/17 00:47:47   Node cbow_tfidf_lstm, HTCondor ID 190, status STATUS_SUBMITTED
05/09/17 00:47:47   Node topic, HTCondor ID 191, status STATUS_SUBMITTED
05/09/17 00:47:47   Node extended_topic_1, HTCondor ID 192, status STATUS_SUBMITTED
05/09/17 00:57:50 6024 seconds since last log event
05/09/17 00:57:50 Pending DAG nodes:
05/09/17 00:57:50   Node original, HTCondor ID 181, status STATUS_SUBMITTED
05/09/17 00:57:50   Node cbow_mean_soft, HTCondor ID 183, status STATUS_SUBMITTED
05/09/17 00:57:50   Node cbow_exp_soft, HTCondor ID 185, status STATUS_SUBMITTED
05/09/17 00:57:50   Node cbow_tfidf_soft, HTCondor ID 186, status STATUS_SUBMITTED
05/09/17 00:57:50   Node cbow_mean_lstm, HTCondor ID 187, status STATUS_SUBMITTED
05/09/17 00:57:50   Node cbow_exp_lstm, HTCondor ID 189, status STATUS_SUBMITTED
05/09/17 00:57:50   Node cbow_tfidf_lstm, HTCondor ID 190, status STATUS_SUBMITTED
05/09/17 00:57:50   Node topic, HTCondor ID 191, status STATUS_SUBMITTED
05/09/17 00:57:50   Node extended_topic_1, HTCondor ID 192, status STATUS_SUBMITTED
05/09/17 01:07:52 6626 seconds since last log event
05/09/17 01:07:52 Pending DAG nodes:
05/09/17 01:07:52   Node original, HTCondor ID 181, status STATUS_SUBMITTED
05/09/17 01:07:52   Node cbow_mean_soft, HTCondor ID 183, status STATUS_SUBMITTED
05/09/17 01:07:52   Node cbow_exp_soft, HTCondor ID 185, status STATUS_SUBMITTED
05/09/17 01:07:52   Node cbow_tfidf_soft, HTCondor ID 186, status STATUS_SUBMITTED
05/09/17 01:07:52   Node cbow_mean_lstm, HTCondor ID 187, status STATUS_SUBMITTED
05/09/17 01:07:52   Node cbow_exp_lstm, HTCondor ID 189, status STATUS_SUBMITTED
05/09/17 01:07:52   Node cbow_tfidf_lstm, HTCondor ID 190, status STATUS_SUBMITTED
05/09/17 01:07:52   Node topic, HTCondor ID 191, status STATUS_SUBMITTED
05/09/17 01:07:52   Node extended_topic_1, HTCondor ID 192, status STATUS_SUBMITTED
05/09/17 01:17:54 7228 seconds since last log event
05/09/17 01:17:54 Pending DAG nodes:
05/09/17 01:17:54   Node original, HTCondor ID 181, status STATUS_SUBMITTED
05/09/17 01:17:54   Node cbow_mean_soft, HTCondor ID 183, status STATUS_SUBMITTED
05/09/17 01:17:54   Node cbow_exp_soft, HTCondor ID 185, status STATUS_SUBMITTED
05/09/17 01:17:54   Node cbow_tfidf_soft, HTCondor ID 186, status STATUS_SUBMITTED
05/09/17 01:17:54   Node cbow_mean_lstm, HTCondor ID 187, status STATUS_SUBMITTED
05/09/17 01:17:54   Node cbow_exp_lstm, HTCondor ID 189, status STATUS_SUBMITTED
05/09/17 01:17:54   Node cbow_tfidf_lstm, HTCondor ID 190, status STATUS_SUBMITTED
05/09/17 01:17:54   Node topic, HTCondor ID 191, status STATUS_SUBMITTED
05/09/17 01:17:54   Node extended_topic_1, HTCondor ID 192, status STATUS_SUBMITTED
05/09/17 01:27:57 7831 seconds since last log event
05/09/17 01:27:57 Pending DAG nodes:
05/09/17 01:27:57   Node original, HTCondor ID 181, status STATUS_SUBMITTED
05/09/17 01:27:57   Node cbow_mean_soft, HTCondor ID 183, status STATUS_SUBMITTED
05/09/17 01:27:57   Node cbow_exp_soft, HTCondor ID 185, status STATUS_SUBMITTED
05/09/17 01:27:57   Node cbow_tfidf_soft, HTCondor ID 186, status STATUS_SUBMITTED
05/09/17 01:27:57   Node cbow_mean_lstm, HTCondor ID 187, status STATUS_SUBMITTED
05/09/17 01:27:57   Node cbow_exp_lstm, HTCondor ID 189, status STATUS_SUBMITTED
05/09/17 01:27:57   Node cbow_tfidf_lstm, HTCondor ID 190, status STATUS_SUBMITTED
05/09/17 01:27:57   Node topic, HTCondor ID 191, status STATUS_SUBMITTED
05/09/17 01:27:57   Node extended_topic_1, HTCondor ID 192, status STATUS_SUBMITTED
05/09/17 01:37:59 8433 seconds since last log event
05/09/17 01:37:59 Pending DAG nodes:
05/09/17 01:37:59   Node original, HTCondor ID 181, status STATUS_SUBMITTED
05/09/17 01:37:59   Node cbow_mean_soft, HTCondor ID 183, status STATUS_SUBMITTED
05/09/17 01:37:59   Node cbow_exp_soft, HTCondor ID 185, status STATUS_SUBMITTED
05/09/17 01:37:59   Node cbow_tfidf_soft, HTCondor ID 186, status STATUS_SUBMITTED
05/09/17 01:37:59   Node cbow_mean_lstm, HTCondor ID 187, status STATUS_SUBMITTED
05/09/17 01:37:59   Node cbow_exp_lstm, HTCondor ID 189, status STATUS_SUBMITTED
05/09/17 01:37:59   Node cbow_tfidf_lstm, HTCondor ID 190, status STATUS_SUBMITTED
05/09/17 01:37:59   Node topic, HTCondor ID 191, status STATUS_SUBMITTED
05/09/17 01:37:59   Node extended_topic_1, HTCondor ID 192, status STATUS_SUBMITTED
05/09/17 01:48:02 9036 seconds since last log event
05/09/17 01:48:02 Pending DAG nodes:
05/09/17 01:48:02   Node original, HTCondor ID 181, status STATUS_SUBMITTED
05/09/17 01:48:02   Node cbow_mean_soft, HTCondor ID 183, status STATUS_SUBMITTED
05/09/17 01:48:02   Node cbow_exp_soft, HTCondor ID 185, status STATUS_SUBMITTED
05/09/17 01:48:02   Node cbow_tfidf_soft, HTCondor ID 186, status STATUS_SUBMITTED
05/09/17 01:48:02   Node cbow_mean_lstm, HTCondor ID 187, status STATUS_SUBMITTED
05/09/17 01:48:02   Node cbow_exp_lstm, HTCondor ID 189, status STATUS_SUBMITTED
05/09/17 01:48:02   Node cbow_tfidf_lstm, HTCondor ID 190, status STATUS_SUBMITTED
05/09/17 01:48:02   Node topic, HTCondor ID 191, status STATUS_SUBMITTED
05/09/17 01:48:02   Node extended_topic_1, HTCondor ID 192, status STATUS_SUBMITTED
05/09/17 01:58:04 9638 seconds since last log event
05/09/17 01:58:04 Pending DAG nodes:
05/09/17 01:58:04   Node original, HTCondor ID 181, status STATUS_SUBMITTED
05/09/17 01:58:04   Node cbow_mean_soft, HTCondor ID 183, status STATUS_SUBMITTED
05/09/17 01:58:04   Node cbow_exp_soft, HTCondor ID 185, status STATUS_SUBMITTED
05/09/17 01:58:04   Node cbow_tfidf_soft, HTCondor ID 186, status STATUS_SUBMITTED
05/09/17 01:58:04   Node cbow_mean_lstm, HTCondor ID 187, status STATUS_SUBMITTED
05/09/17 01:58:04   Node cbow_exp_lstm, HTCondor ID 189, status STATUS_SUBMITTED
05/09/17 01:58:04   Node cbow_tfidf_lstm, HTCondor ID 190, status STATUS_SUBMITTED
05/09/17 01:58:04   Node topic, HTCondor ID 191, status STATUS_SUBMITTED
05/09/17 01:58:04   Node extended_topic_1, HTCondor ID 192, status STATUS_SUBMITTED
05/09/17 02:08:07 10241 seconds since last log event
05/09/17 02:08:07 Pending DAG nodes:
05/09/17 02:08:07   Node original, HTCondor ID 181, status STATUS_SUBMITTED
05/09/17 02:08:07   Node cbow_mean_soft, HTCondor ID 183, status STATUS_SUBMITTED
05/09/17 02:08:07   Node cbow_exp_soft, HTCondor ID 185, status STATUS_SUBMITTED
05/09/17 02:08:07   Node cbow_tfidf_soft, HTCondor ID 186, status STATUS_SUBMITTED
05/09/17 02:08:07   Node cbow_mean_lstm, HTCondor ID 187, status STATUS_SUBMITTED
05/09/17 02:08:07   Node cbow_exp_lstm, HTCondor ID 189, status STATUS_SUBMITTED
05/09/17 02:08:07   Node cbow_tfidf_lstm, HTCondor ID 190, status STATUS_SUBMITTED
05/09/17 02:08:07   Node topic, HTCondor ID 191, status STATUS_SUBMITTED
05/09/17 02:08:07   Node extended_topic_1, HTCondor ID 192, status STATUS_SUBMITTED
05/09/17 02:18:09 10843 seconds since last log event
05/09/17 02:18:09 Pending DAG nodes:
05/09/17 02:18:09   Node original, HTCondor ID 181, status STATUS_SUBMITTED
05/09/17 02:18:09   Node cbow_mean_soft, HTCondor ID 183, status STATUS_SUBMITTED
05/09/17 02:18:09   Node cbow_exp_soft, HTCondor ID 185, status STATUS_SUBMITTED
05/09/17 02:18:09   Node cbow_tfidf_soft, HTCondor ID 186, status STATUS_SUBMITTED
05/09/17 02:18:09   Node cbow_mean_lstm, HTCondor ID 187, status STATUS_SUBMITTED
05/09/17 02:18:09   Node cbow_exp_lstm, HTCondor ID 189, status STATUS_SUBMITTED
05/09/17 02:18:09   Node cbow_tfidf_lstm, HTCondor ID 190, status STATUS_SUBMITTED
05/09/17 02:18:09   Node topic, HTCondor ID 191, status STATUS_SUBMITTED
05/09/17 02:18:09   Node extended_topic_1, HTCondor ID 192, status STATUS_SUBMITTED
05/09/17 02:28:12 11446 seconds since last log event
05/09/17 02:28:12 Pending DAG nodes:
05/09/17 02:28:12   Node original, HTCondor ID 181, status STATUS_SUBMITTED
05/09/17 02:28:12   Node cbow_mean_soft, HTCondor ID 183, status STATUS_SUBMITTED
05/09/17 02:28:12   Node cbow_exp_soft, HTCondor ID 185, status STATUS_SUBMITTED
05/09/17 02:28:12   Node cbow_tfidf_soft, HTCondor ID 186, status STATUS_SUBMITTED
05/09/17 02:28:12   Node cbow_mean_lstm, HTCondor ID 187, status STATUS_SUBMITTED
05/09/17 02:28:12   Node cbow_exp_lstm, HTCondor ID 189, status STATUS_SUBMITTED
05/09/17 02:28:12   Node cbow_tfidf_lstm, HTCondor ID 190, status STATUS_SUBMITTED
05/09/17 02:28:12   Node topic, HTCondor ID 191, status STATUS_SUBMITTED
05/09/17 02:28:12   Node extended_topic_1, HTCondor ID 192, status STATUS_SUBMITTED
05/09/17 02:38:15 12049 seconds since last log event
05/09/17 02:38:15 Pending DAG nodes:
05/09/17 02:38:15   Node original, HTCondor ID 181, status STATUS_SUBMITTED
05/09/17 02:38:15   Node cbow_mean_soft, HTCondor ID 183, status STATUS_SUBMITTED
05/09/17 02:38:15   Node cbow_exp_soft, HTCondor ID 185, status STATUS_SUBMITTED
05/09/17 02:38:15   Node cbow_tfidf_soft, HTCondor ID 186, status STATUS_SUBMITTED
05/09/17 02:38:15   Node cbow_mean_lstm, HTCondor ID 187, status STATUS_SUBMITTED
05/09/17 02:38:15   Node cbow_exp_lstm, HTCondor ID 189, status STATUS_SUBMITTED
05/09/17 02:38:15   Node cbow_tfidf_lstm, HTCondor ID 190, status STATUS_SUBMITTED
05/09/17 02:38:15   Node topic, HTCondor ID 191, status STATUS_SUBMITTED
05/09/17 02:38:15   Node extended_topic_1, HTCondor ID 192, status STATUS_SUBMITTED
05/09/17 02:48:18 12652 seconds since last log event
05/09/17 02:48:18 Pending DAG nodes:
05/09/17 02:48:18   Node original, HTCondor ID 181, status STATUS_SUBMITTED
05/09/17 02:48:18   Node cbow_mean_soft, HTCondor ID 183, status STATUS_SUBMITTED
05/09/17 02:48:18   Node cbow_exp_soft, HTCondor ID 185, status STATUS_SUBMITTED
05/09/17 02:48:18   Node cbow_tfidf_soft, HTCondor ID 186, status STATUS_SUBMITTED
05/09/17 02:48:18   Node cbow_mean_lstm, HTCondor ID 187, status STATUS_SUBMITTED
05/09/17 02:48:18   Node cbow_exp_lstm, HTCondor ID 189, status STATUS_SUBMITTED
05/09/17 02:48:18   Node cbow_tfidf_lstm, HTCondor ID 190, status STATUS_SUBMITTED
05/09/17 02:48:18   Node topic, HTCondor ID 191, status STATUS_SUBMITTED
05/09/17 02:48:18   Node extended_topic_1, HTCondor ID 192, status STATUS_SUBMITTED
05/09/17 02:58:21 13255 seconds since last log event
05/09/17 02:58:21 Pending DAG nodes:
05/09/17 02:58:21   Node original, HTCondor ID 181, status STATUS_SUBMITTED
05/09/17 02:58:21   Node cbow_mean_soft, HTCondor ID 183, status STATUS_SUBMITTED
05/09/17 02:58:21   Node cbow_exp_soft, HTCondor ID 185, status STATUS_SUBMITTED
05/09/17 02:58:21   Node cbow_tfidf_soft, HTCondor ID 186, status STATUS_SUBMITTED
05/09/17 02:58:21   Node cbow_mean_lstm, HTCondor ID 187, status STATUS_SUBMITTED
05/09/17 02:58:21   Node cbow_exp_lstm, HTCondor ID 189, status STATUS_SUBMITTED
05/09/17 02:58:21   Node cbow_tfidf_lstm, HTCondor ID 190, status STATUS_SUBMITTED
05/09/17 02:58:21   Node topic, HTCondor ID 191, status STATUS_SUBMITTED
05/09/17 02:58:21   Node extended_topic_1, HTCondor ID 192, status STATUS_SUBMITTED
05/09/17 03:08:24 13858 seconds since last log event
05/09/17 03:08:24 Pending DAG nodes:
05/09/17 03:08:24   Node original, HTCondor ID 181, status STATUS_SUBMITTED
05/09/17 03:08:24   Node cbow_mean_soft, HTCondor ID 183, status STATUS_SUBMITTED
05/09/17 03:08:24   Node cbow_exp_soft, HTCondor ID 185, status STATUS_SUBMITTED
05/09/17 03:08:24   Node cbow_tfidf_soft, HTCondor ID 186, status STATUS_SUBMITTED
05/09/17 03:08:24   Node cbow_mean_lstm, HTCondor ID 187, status STATUS_SUBMITTED
05/09/17 03:08:24   Node cbow_exp_lstm, HTCondor ID 189, status STATUS_SUBMITTED
05/09/17 03:08:24   Node cbow_tfidf_lstm, HTCondor ID 190, status STATUS_SUBMITTED
05/09/17 03:08:24   Node topic, HTCondor ID 191, status STATUS_SUBMITTED
05/09/17 03:08:24   Node extended_topic_1, HTCondor ID 192, status STATUS_SUBMITTED
05/09/17 03:18:27 14461 seconds since last log event
05/09/17 03:18:27 Pending DAG nodes:
05/09/17 03:18:27   Node original, HTCondor ID 181, status STATUS_SUBMITTED
05/09/17 03:18:27   Node cbow_mean_soft, HTCondor ID 183, status STATUS_SUBMITTED
05/09/17 03:18:27   Node cbow_exp_soft, HTCondor ID 185, status STATUS_SUBMITTED
05/09/17 03:18:27   Node cbow_tfidf_soft, HTCondor ID 186, status STATUS_SUBMITTED
05/09/17 03:18:27   Node cbow_mean_lstm, HTCondor ID 187, status STATUS_SUBMITTED
05/09/17 03:18:27   Node cbow_exp_lstm, HTCondor ID 189, status STATUS_SUBMITTED
05/09/17 03:18:27   Node cbow_tfidf_lstm, HTCondor ID 190, status STATUS_SUBMITTED
05/09/17 03:18:27   Node topic, HTCondor ID 191, status STATUS_SUBMITTED
05/09/17 03:18:27   Node extended_topic_1, HTCondor ID 192, status STATUS_SUBMITTED
05/09/17 03:28:30 15064 seconds since last log event
05/09/17 03:28:30 Pending DAG nodes:
05/09/17 03:28:30   Node original, HTCondor ID 181, status STATUS_SUBMITTED
05/09/17 03:28:30   Node cbow_mean_soft, HTCondor ID 183, status STATUS_SUBMITTED
05/09/17 03:28:30   Node cbow_exp_soft, HTCondor ID 185, status STATUS_SUBMITTED
05/09/17 03:28:30   Node cbow_tfidf_soft, HTCondor ID 186, status STATUS_SUBMITTED
05/09/17 03:28:30   Node cbow_mean_lstm, HTCondor ID 187, status STATUS_SUBMITTED
05/09/17 03:28:30   Node cbow_exp_lstm, HTCondor ID 189, status STATUS_SUBMITTED
05/09/17 03:28:30   Node cbow_tfidf_lstm, HTCondor ID 190, status STATUS_SUBMITTED
05/09/17 03:28:30   Node topic, HTCondor ID 191, status STATUS_SUBMITTED
05/09/17 03:28:30   Node extended_topic_1, HTCondor ID 192, status STATUS_SUBMITTED
05/09/17 03:38:33 15667 seconds since last log event
05/09/17 03:38:33 Pending DAG nodes:
05/09/17 03:38:33   Node original, HTCondor ID 181, status STATUS_SUBMITTED
05/09/17 03:38:33   Node cbow_mean_soft, HTCondor ID 183, status STATUS_SUBMITTED
05/09/17 03:38:33   Node cbow_exp_soft, HTCondor ID 185, status STATUS_SUBMITTED
05/09/17 03:38:33   Node cbow_tfidf_soft, HTCondor ID 186, status STATUS_SUBMITTED
05/09/17 03:38:33   Node cbow_mean_lstm, HTCondor ID 187, status STATUS_SUBMITTED
05/09/17 03:38:33   Node cbow_exp_lstm, HTCondor ID 189, status STATUS_SUBMITTED
05/09/17 03:38:33   Node cbow_tfidf_lstm, HTCondor ID 190, status STATUS_SUBMITTED
05/09/17 03:38:33   Node topic, HTCondor ID 191, status STATUS_SUBMITTED
05/09/17 03:38:33   Node extended_topic_1, HTCondor ID 192, status STATUS_SUBMITTED
05/09/17 03:48:36 16270 seconds since last log event
05/09/17 03:48:36 Pending DAG nodes:
05/09/17 03:48:36   Node original, HTCondor ID 181, status STATUS_SUBMITTED
05/09/17 03:48:36   Node cbow_mean_soft, HTCondor ID 183, status STATUS_SUBMITTED
05/09/17 03:48:36   Node cbow_exp_soft, HTCondor ID 185, status STATUS_SUBMITTED
05/09/17 03:48:36   Node cbow_tfidf_soft, HTCondor ID 186, status STATUS_SUBMITTED
05/09/17 03:48:36   Node cbow_mean_lstm, HTCondor ID 187, status STATUS_SUBMITTED
05/09/17 03:48:36   Node cbow_exp_lstm, HTCondor ID 189, status STATUS_SUBMITTED
05/09/17 03:48:36   Node cbow_tfidf_lstm, HTCondor ID 190, status STATUS_SUBMITTED
05/09/17 03:48:36   Node topic, HTCondor ID 191, status STATUS_SUBMITTED
05/09/17 03:48:36   Node extended_topic_1, HTCondor ID 192, status STATUS_SUBMITTED
05/09/17 03:58:39 16873 seconds since last log event
05/09/17 03:58:39 Pending DAG nodes:
05/09/17 03:58:39   Node original, HTCondor ID 181, status STATUS_SUBMITTED
05/09/17 03:58:39   Node cbow_mean_soft, HTCondor ID 183, status STATUS_SUBMITTED
05/09/17 03:58:39   Node cbow_exp_soft, HTCondor ID 185, status STATUS_SUBMITTED
05/09/17 03:58:39   Node cbow_tfidf_soft, HTCondor ID 186, status STATUS_SUBMITTED
05/09/17 03:58:39   Node cbow_mean_lstm, HTCondor ID 187, status STATUS_SUBMITTED
05/09/17 03:58:39   Node cbow_exp_lstm, HTCondor ID 189, status STATUS_SUBMITTED
05/09/17 03:58:39   Node cbow_tfidf_lstm, HTCondor ID 190, status STATUS_SUBMITTED
05/09/17 03:58:39   Node topic, HTCondor ID 191, status STATUS_SUBMITTED
05/09/17 03:58:39   Node extended_topic_1, HTCondor ID 192, status STATUS_SUBMITTED
05/09/17 04:08:42 17476 seconds since last log event
05/09/17 04:08:42 Pending DAG nodes:
05/09/17 04:08:42   Node original, HTCondor ID 181, status STATUS_SUBMITTED
05/09/17 04:08:42   Node cbow_mean_soft, HTCondor ID 183, status STATUS_SUBMITTED
05/09/17 04:08:42   Node cbow_exp_soft, HTCondor ID 185, status STATUS_SUBMITTED
05/09/17 04:08:42   Node cbow_tfidf_soft, HTCondor ID 186, status STATUS_SUBMITTED
05/09/17 04:08:42   Node cbow_mean_lstm, HTCondor ID 187, status STATUS_SUBMITTED
05/09/17 04:08:42   Node cbow_exp_lstm, HTCondor ID 189, status STATUS_SUBMITTED
05/09/17 04:08:42   Node cbow_tfidf_lstm, HTCondor ID 190, status STATUS_SUBMITTED
05/09/17 04:08:42   Node topic, HTCondor ID 191, status STATUS_SUBMITTED
05/09/17 04:08:42   Node extended_topic_1, HTCondor ID 192, status STATUS_SUBMITTED
05/09/17 04:18:45 18079 seconds since last log event
05/09/17 04:18:45 Pending DAG nodes:
05/09/17 04:18:45   Node original, HTCondor ID 181, status STATUS_SUBMITTED
05/09/17 04:18:45   Node cbow_mean_soft, HTCondor ID 183, status STATUS_SUBMITTED
05/09/17 04:18:45   Node cbow_exp_soft, HTCondor ID 185, status STATUS_SUBMITTED
05/09/17 04:18:45   Node cbow_tfidf_soft, HTCondor ID 186, status STATUS_SUBMITTED
05/09/17 04:18:45   Node cbow_mean_lstm, HTCondor ID 187, status STATUS_SUBMITTED
05/09/17 04:18:45   Node cbow_exp_lstm, HTCondor ID 189, status STATUS_SUBMITTED
05/09/17 04:18:45   Node cbow_tfidf_lstm, HTCondor ID 190, status STATUS_SUBMITTED
05/09/17 04:18:45   Node topic, HTCondor ID 191, status STATUS_SUBMITTED
05/09/17 04:18:45   Node extended_topic_1, HTCondor ID 192, status STATUS_SUBMITTED
05/09/17 04:28:48 18682 seconds since last log event
05/09/17 04:28:48 Pending DAG nodes:
05/09/17 04:28:48   Node original, HTCondor ID 181, status STATUS_SUBMITTED
05/09/17 04:28:48   Node cbow_mean_soft, HTCondor ID 183, status STATUS_SUBMITTED
05/09/17 04:28:48   Node cbow_exp_soft, HTCondor ID 185, status STATUS_SUBMITTED
05/09/17 04:28:48   Node cbow_tfidf_soft, HTCondor ID 186, status STATUS_SUBMITTED
05/09/17 04:28:48   Node cbow_mean_lstm, HTCondor ID 187, status STATUS_SUBMITTED
05/09/17 04:28:48   Node cbow_exp_lstm, HTCondor ID 189, status STATUS_SUBMITTED
05/09/17 04:28:48   Node cbow_tfidf_lstm, HTCondor ID 190, status STATUS_SUBMITTED
05/09/17 04:28:48   Node topic, HTCondor ID 191, status STATUS_SUBMITTED
05/09/17 04:28:48   Node extended_topic_1, HTCondor ID 192, status STATUS_SUBMITTED
05/09/17 04:38:51 19285 seconds since last log event
05/09/17 04:38:51 Pending DAG nodes:
05/09/17 04:38:51   Node original, HTCondor ID 181, status STATUS_SUBMITTED
05/09/17 04:38:51   Node cbow_mean_soft, HTCondor ID 183, status STATUS_SUBMITTED
05/09/17 04:38:51   Node cbow_exp_soft, HTCondor ID 185, status STATUS_SUBMITTED
05/09/17 04:38:51   Node cbow_tfidf_soft, HTCondor ID 186, status STATUS_SUBMITTED
05/09/17 04:38:51   Node cbow_mean_lstm, HTCondor ID 187, status STATUS_SUBMITTED
05/09/17 04:38:51   Node cbow_exp_lstm, HTCondor ID 189, status STATUS_SUBMITTED
05/09/17 04:38:51   Node cbow_tfidf_lstm, HTCondor ID 190, status STATUS_SUBMITTED
05/09/17 04:38:51   Node topic, HTCondor ID 191, status STATUS_SUBMITTED
05/09/17 04:38:51   Node extended_topic_1, HTCondor ID 192, status STATUS_SUBMITTED
05/09/17 04:48:54 19888 seconds since last log event
05/09/17 04:48:54 Pending DAG nodes:
05/09/17 04:48:54   Node original, HTCondor ID 181, status STATUS_SUBMITTED
05/09/17 04:48:54   Node cbow_mean_soft, HTCondor ID 183, status STATUS_SUBMITTED
05/09/17 04:48:54   Node cbow_exp_soft, HTCondor ID 185, status STATUS_SUBMITTED
05/09/17 04:48:54   Node cbow_tfidf_soft, HTCondor ID 186, status STATUS_SUBMITTED
05/09/17 04:48:54   Node cbow_mean_lstm, HTCondor ID 187, status STATUS_SUBMITTED
05/09/17 04:48:54   Node cbow_exp_lstm, HTCondor ID 189, status STATUS_SUBMITTED
05/09/17 04:48:54   Node cbow_tfidf_lstm, HTCondor ID 190, status STATUS_SUBMITTED
05/09/17 04:48:54   Node topic, HTCondor ID 191, status STATUS_SUBMITTED
05/09/17 04:48:54   Node extended_topic_1, HTCondor ID 192, status STATUS_SUBMITTED
05/09/17 04:58:57 20491 seconds since last log event
05/09/17 04:58:57 Pending DAG nodes:
05/09/17 04:58:57   Node original, HTCondor ID 181, status STATUS_SUBMITTED
05/09/17 04:58:57   Node cbow_mean_soft, HTCondor ID 183, status STATUS_SUBMITTED
05/09/17 04:58:57   Node cbow_exp_soft, HTCondor ID 185, status STATUS_SUBMITTED
05/09/17 04:58:57   Node cbow_tfidf_soft, HTCondor ID 186, status STATUS_SUBMITTED
05/09/17 04:58:57   Node cbow_mean_lstm, HTCondor ID 187, status STATUS_SUBMITTED
05/09/17 04:58:57   Node cbow_exp_lstm, HTCondor ID 189, status STATUS_SUBMITTED
05/09/17 04:58:57   Node cbow_tfidf_lstm, HTCondor ID 190, status STATUS_SUBMITTED
05/09/17 04:58:57   Node topic, HTCondor ID 191, status STATUS_SUBMITTED
05/09/17 04:58:57   Node extended_topic_1, HTCondor ID 192, status STATUS_SUBMITTED
05/09/17 05:09:00 21094 seconds since last log event
05/09/17 05:09:00 Pending DAG nodes:
05/09/17 05:09:00   Node original, HTCondor ID 181, status STATUS_SUBMITTED
05/09/17 05:09:00   Node cbow_mean_soft, HTCondor ID 183, status STATUS_SUBMITTED
05/09/17 05:09:00   Node cbow_exp_soft, HTCondor ID 185, status STATUS_SUBMITTED
05/09/17 05:09:00   Node cbow_tfidf_soft, HTCondor ID 186, status STATUS_SUBMITTED
05/09/17 05:09:00   Node cbow_mean_lstm, HTCondor ID 187, status STATUS_SUBMITTED
05/09/17 05:09:00   Node cbow_exp_lstm, HTCondor ID 189, status STATUS_SUBMITTED
05/09/17 05:09:00   Node cbow_tfidf_lstm, HTCondor ID 190, status STATUS_SUBMITTED
05/09/17 05:09:00   Node topic, HTCondor ID 191, status STATUS_SUBMITTED
05/09/17 05:09:00   Node extended_topic_1, HTCondor ID 192, status STATUS_SUBMITTED
05/09/17 05:19:03 21697 seconds since last log event
05/09/17 05:19:03 Pending DAG nodes:
05/09/17 05:19:03   Node original, HTCondor ID 181, status STATUS_SUBMITTED
05/09/17 05:19:03   Node cbow_mean_soft, HTCondor ID 183, status STATUS_SUBMITTED
05/09/17 05:19:03   Node cbow_exp_soft, HTCondor ID 185, status STATUS_SUBMITTED
05/09/17 05:19:03   Node cbow_tfidf_soft, HTCondor ID 186, status STATUS_SUBMITTED
05/09/17 05:19:03   Node cbow_mean_lstm, HTCondor ID 187, status STATUS_SUBMITTED
05/09/17 05:19:03   Node cbow_exp_lstm, HTCondor ID 189, status STATUS_SUBMITTED
05/09/17 05:19:03   Node cbow_tfidf_lstm, HTCondor ID 190, status STATUS_SUBMITTED
05/09/17 05:19:03   Node topic, HTCondor ID 191, status STATUS_SUBMITTED
05/09/17 05:19:03   Node extended_topic_1, HTCondor ID 192, status STATUS_SUBMITTED
05/09/17 05:29:06 22300 seconds since last log event
05/09/17 05:29:06 Pending DAG nodes:
05/09/17 05:29:06   Node original, HTCondor ID 181, status STATUS_SUBMITTED
05/09/17 05:29:06   Node cbow_mean_soft, HTCondor ID 183, status STATUS_SUBMITTED
05/09/17 05:29:06   Node cbow_exp_soft, HTCondor ID 185, status STATUS_SUBMITTED
05/09/17 05:29:06   Node cbow_tfidf_soft, HTCondor ID 186, status STATUS_SUBMITTED
05/09/17 05:29:06   Node cbow_mean_lstm, HTCondor ID 187, status STATUS_SUBMITTED
05/09/17 05:29:06   Node cbow_exp_lstm, HTCondor ID 189, status STATUS_SUBMITTED
05/09/17 05:29:06   Node cbow_tfidf_lstm, HTCondor ID 190, status STATUS_SUBMITTED
05/09/17 05:29:06   Node topic, HTCondor ID 191, status STATUS_SUBMITTED
05/09/17 05:29:06   Node extended_topic_1, HTCondor ID 192, status STATUS_SUBMITTED
05/09/17 05:39:09 22903 seconds since last log event
05/09/17 05:39:09 Pending DAG nodes:
05/09/17 05:39:09   Node original, HTCondor ID 181, status STATUS_SUBMITTED
05/09/17 05:39:09   Node cbow_mean_soft, HTCondor ID 183, status STATUS_SUBMITTED
05/09/17 05:39:09   Node cbow_exp_soft, HTCondor ID 185, status STATUS_SUBMITTED
05/09/17 05:39:09   Node cbow_tfidf_soft, HTCondor ID 186, status STATUS_SUBMITTED
05/09/17 05:39:09   Node cbow_mean_lstm, HTCondor ID 187, status STATUS_SUBMITTED
05/09/17 05:39:09   Node cbow_exp_lstm, HTCondor ID 189, status STATUS_SUBMITTED
05/09/17 05:39:09   Node cbow_tfidf_lstm, HTCondor ID 190, status STATUS_SUBMITTED
05/09/17 05:39:09   Node topic, HTCondor ID 191, status STATUS_SUBMITTED
05/09/17 05:39:09   Node extended_topic_1, HTCondor ID 192, status STATUS_SUBMITTED
05/09/17 05:49:12 23506 seconds since last log event
05/09/17 05:49:12 Pending DAG nodes:
05/09/17 05:49:12   Node original, HTCondor ID 181, status STATUS_SUBMITTED
05/09/17 05:49:12   Node cbow_mean_soft, HTCondor ID 183, status STATUS_SUBMITTED
05/09/17 05:49:12   Node cbow_exp_soft, HTCondor ID 185, status STATUS_SUBMITTED
05/09/17 05:49:12   Node cbow_tfidf_soft, HTCondor ID 186, status STATUS_SUBMITTED
05/09/17 05:49:12   Node cbow_mean_lstm, HTCondor ID 187, status STATUS_SUBMITTED
05/09/17 05:49:12   Node cbow_exp_lstm, HTCondor ID 189, status STATUS_SUBMITTED
05/09/17 05:49:12   Node cbow_tfidf_lstm, HTCondor ID 190, status STATUS_SUBMITTED
05/09/17 05:49:12   Node topic, HTCondor ID 191, status STATUS_SUBMITTED
05/09/17 05:49:12   Node extended_topic_1, HTCondor ID 192, status STATUS_SUBMITTED
05/09/17 05:59:15 24109 seconds since last log event
05/09/17 05:59:15 Pending DAG nodes:
05/09/17 05:59:15   Node original, HTCondor ID 181, status STATUS_SUBMITTED
05/09/17 05:59:15   Node cbow_mean_soft, HTCondor ID 183, status STATUS_SUBMITTED
05/09/17 05:59:15   Node cbow_exp_soft, HTCondor ID 185, status STATUS_SUBMITTED
05/09/17 05:59:15   Node cbow_tfidf_soft, HTCondor ID 186, status STATUS_SUBMITTED
05/09/17 05:59:15   Node cbow_mean_lstm, HTCondor ID 187, status STATUS_SUBMITTED
05/09/17 05:59:15   Node cbow_exp_lstm, HTCondor ID 189, status STATUS_SUBMITTED
05/09/17 05:59:15   Node cbow_tfidf_lstm, HTCondor ID 190, status STATUS_SUBMITTED
05/09/17 05:59:15   Node topic, HTCondor ID 191, status STATUS_SUBMITTED
05/09/17 05:59:15   Node extended_topic_1, HTCondor ID 192, status STATUS_SUBMITTED
05/09/17 06:09:19 24713 seconds since last log event
05/09/17 06:09:19 Pending DAG nodes:
05/09/17 06:09:19   Node original, HTCondor ID 181, status STATUS_SUBMITTED
05/09/17 06:09:19   Node cbow_mean_soft, HTCondor ID 183, status STATUS_SUBMITTED
05/09/17 06:09:19   Node cbow_exp_soft, HTCondor ID 185, status STATUS_SUBMITTED
05/09/17 06:09:19   Node cbow_tfidf_soft, HTCondor ID 186, status STATUS_SUBMITTED
05/09/17 06:09:19   Node cbow_mean_lstm, HTCondor ID 187, status STATUS_SUBMITTED
05/09/17 06:09:19   Node cbow_exp_lstm, HTCondor ID 189, status STATUS_SUBMITTED
05/09/17 06:09:19   Node cbow_tfidf_lstm, HTCondor ID 190, status STATUS_SUBMITTED
05/09/17 06:09:19   Node topic, HTCondor ID 191, status STATUS_SUBMITTED
05/09/17 06:09:19   Node extended_topic_1, HTCondor ID 192, status STATUS_SUBMITTED
05/09/17 06:19:22 25316 seconds since last log event
05/09/17 06:19:22 Pending DAG nodes:
05/09/17 06:19:22   Node original, HTCondor ID 181, status STATUS_SUBMITTED
05/09/17 06:19:22   Node cbow_mean_soft, HTCondor ID 183, status STATUS_SUBMITTED
05/09/17 06:19:22   Node cbow_exp_soft, HTCondor ID 185, status STATUS_SUBMITTED
05/09/17 06:19:22   Node cbow_tfidf_soft, HTCondor ID 186, status STATUS_SUBMITTED
05/09/17 06:19:22   Node cbow_mean_lstm, HTCondor ID 187, status STATUS_SUBMITTED
05/09/17 06:19:22   Node cbow_exp_lstm, HTCondor ID 189, status STATUS_SUBMITTED
05/09/17 06:19:22   Node cbow_tfidf_lstm, HTCondor ID 190, status STATUS_SUBMITTED
05/09/17 06:19:22   Node topic, HTCondor ID 191, status STATUS_SUBMITTED
05/09/17 06:19:22   Node extended_topic_1, HTCondor ID 192, status STATUS_SUBMITTED
05/09/17 06:29:25 25919 seconds since last log event
05/09/17 06:29:25 Pending DAG nodes:
05/09/17 06:29:25   Node original, HTCondor ID 181, status STATUS_SUBMITTED
05/09/17 06:29:25   Node cbow_mean_soft, HTCondor ID 183, status STATUS_SUBMITTED
05/09/17 06:29:25   Node cbow_exp_soft, HTCondor ID 185, status STATUS_SUBMITTED
05/09/17 06:29:25   Node cbow_tfidf_soft, HTCondor ID 186, status STATUS_SUBMITTED
05/09/17 06:29:25   Node cbow_mean_lstm, HTCondor ID 187, status STATUS_SUBMITTED
05/09/17 06:29:25   Node cbow_exp_lstm, HTCondor ID 189, status STATUS_SUBMITTED
05/09/17 06:29:25   Node cbow_tfidf_lstm, HTCondor ID 190, status STATUS_SUBMITTED
05/09/17 06:29:25   Node topic, HTCondor ID 191, status STATUS_SUBMITTED
05/09/17 06:29:25   Node extended_topic_1, HTCondor ID 192, status STATUS_SUBMITTED
05/09/17 06:39:28 26522 seconds since last log event
05/09/17 06:39:28 Pending DAG nodes:
05/09/17 06:39:28   Node original, HTCondor ID 181, status STATUS_SUBMITTED
05/09/17 06:39:28   Node cbow_mean_soft, HTCondor ID 183, status STATUS_SUBMITTED
05/09/17 06:39:28   Node cbow_exp_soft, HTCondor ID 185, status STATUS_SUBMITTED
05/09/17 06:39:28   Node cbow_tfidf_soft, HTCondor ID 186, status STATUS_SUBMITTED
05/09/17 06:39:28   Node cbow_mean_lstm, HTCondor ID 187, status STATUS_SUBMITTED
05/09/17 06:39:28   Node cbow_exp_lstm, HTCondor ID 189, status STATUS_SUBMITTED
05/09/17 06:39:28   Node cbow_tfidf_lstm, HTCondor ID 190, status STATUS_SUBMITTED
05/09/17 06:39:28   Node topic, HTCondor ID 191, status STATUS_SUBMITTED
05/09/17 06:39:28   Node extended_topic_1, HTCondor ID 192, status STATUS_SUBMITTED
05/09/17 06:49:31 27125 seconds since last log event
05/09/17 06:49:31 Pending DAG nodes:
05/09/17 06:49:31   Node original, HTCondor ID 181, status STATUS_SUBMITTED
05/09/17 06:49:31   Node cbow_mean_soft, HTCondor ID 183, status STATUS_SUBMITTED
05/09/17 06:49:31   Node cbow_exp_soft, HTCondor ID 185, status STATUS_SUBMITTED
05/09/17 06:49:31   Node cbow_tfidf_soft, HTCondor ID 186, status STATUS_SUBMITTED
05/09/17 06:49:31   Node cbow_mean_lstm, HTCondor ID 187, status STATUS_SUBMITTED
05/09/17 06:49:31   Node cbow_exp_lstm, HTCondor ID 189, status STATUS_SUBMITTED
05/09/17 06:49:31   Node cbow_tfidf_lstm, HTCondor ID 190, status STATUS_SUBMITTED
05/09/17 06:49:31   Node topic, HTCondor ID 191, status STATUS_SUBMITTED
05/09/17 06:49:31   Node extended_topic_1, HTCondor ID 192, status STATUS_SUBMITTED
05/09/17 06:59:34 27728 seconds since last log event
05/09/17 06:59:34 Pending DAG nodes:
05/09/17 06:59:34   Node original, HTCondor ID 181, status STATUS_SUBMITTED
05/09/17 06:59:34   Node cbow_mean_soft, HTCondor ID 183, status STATUS_SUBMITTED
05/09/17 06:59:34   Node cbow_exp_soft, HTCondor ID 185, status STATUS_SUBMITTED
05/09/17 06:59:34   Node cbow_tfidf_soft, HTCondor ID 186, status STATUS_SUBMITTED
05/09/17 06:59:34   Node cbow_mean_lstm, HTCondor ID 187, status STATUS_SUBMITTED
05/09/17 06:59:34   Node cbow_exp_lstm, HTCondor ID 189, status STATUS_SUBMITTED
05/09/17 06:59:34   Node cbow_tfidf_lstm, HTCondor ID 190, status STATUS_SUBMITTED
05/09/17 06:59:34   Node topic, HTCondor ID 191, status STATUS_SUBMITTED
05/09/17 06:59:34   Node extended_topic_1, HTCondor ID 192, status STATUS_SUBMITTED
05/09/17 07:09:37 28331 seconds since last log event
05/09/17 07:09:37 Pending DAG nodes:
05/09/17 07:09:37   Node original, HTCondor ID 181, status STATUS_SUBMITTED
05/09/17 07:09:37   Node cbow_mean_soft, HTCondor ID 183, status STATUS_SUBMITTED
05/09/17 07:09:37   Node cbow_exp_soft, HTCondor ID 185, status STATUS_SUBMITTED
05/09/17 07:09:37   Node cbow_tfidf_soft, HTCondor ID 186, status STATUS_SUBMITTED
05/09/17 07:09:37   Node cbow_mean_lstm, HTCondor ID 187, status STATUS_SUBMITTED
05/09/17 07:09:37   Node cbow_exp_lstm, HTCondor ID 189, status STATUS_SUBMITTED
05/09/17 07:09:37   Node cbow_tfidf_lstm, HTCondor ID 190, status STATUS_SUBMITTED
05/09/17 07:09:37   Node topic, HTCondor ID 191, status STATUS_SUBMITTED
05/09/17 07:09:37   Node extended_topic_1, HTCondor ID 192, status STATUS_SUBMITTED
05/09/17 07:19:40 28934 seconds since last log event
05/09/17 07:19:40 Pending DAG nodes:
05/09/17 07:19:40   Node original, HTCondor ID 181, status STATUS_SUBMITTED
05/09/17 07:19:40   Node cbow_mean_soft, HTCondor ID 183, status STATUS_SUBMITTED
05/09/17 07:19:40   Node cbow_exp_soft, HTCondor ID 185, status STATUS_SUBMITTED
05/09/17 07:19:40   Node cbow_tfidf_soft, HTCondor ID 186, status STATUS_SUBMITTED
05/09/17 07:19:40   Node cbow_mean_lstm, HTCondor ID 187, status STATUS_SUBMITTED
05/09/17 07:19:40   Node cbow_exp_lstm, HTCondor ID 189, status STATUS_SUBMITTED
05/09/17 07:19:40   Node cbow_tfidf_lstm, HTCondor ID 190, status STATUS_SUBMITTED
05/09/17 07:19:40   Node topic, HTCondor ID 191, status STATUS_SUBMITTED
05/09/17 07:19:40   Node extended_topic_1, HTCondor ID 192, status STATUS_SUBMITTED
05/09/17 07:29:43 29537 seconds since last log event
05/09/17 07:29:43 Pending DAG nodes:
05/09/17 07:29:43   Node original, HTCondor ID 181, status STATUS_SUBMITTED
05/09/17 07:29:43   Node cbow_mean_soft, HTCondor ID 183, status STATUS_SUBMITTED
05/09/17 07:29:43   Node cbow_exp_soft, HTCondor ID 185, status STATUS_SUBMITTED
05/09/17 07:29:43   Node cbow_tfidf_soft, HTCondor ID 186, status STATUS_SUBMITTED
05/09/17 07:29:43   Node cbow_mean_lstm, HTCondor ID 187, status STATUS_SUBMITTED
05/09/17 07:29:43   Node cbow_exp_lstm, HTCondor ID 189, status STATUS_SUBMITTED
05/09/17 07:29:43   Node cbow_tfidf_lstm, HTCondor ID 190, status STATUS_SUBMITTED
05/09/17 07:29:43   Node topic, HTCondor ID 191, status STATUS_SUBMITTED
05/09/17 07:29:43   Node extended_topic_1, HTCondor ID 192, status STATUS_SUBMITTED
05/09/17 07:39:46 30140 seconds since last log event
05/09/17 07:39:46 Pending DAG nodes:
05/09/17 07:39:46   Node original, HTCondor ID 181, status STATUS_SUBMITTED
05/09/17 07:39:46   Node cbow_mean_soft, HTCondor ID 183, status STATUS_SUBMITTED
05/09/17 07:39:46   Node cbow_exp_soft, HTCondor ID 185, status STATUS_SUBMITTED
05/09/17 07:39:46   Node cbow_tfidf_soft, HTCondor ID 186, status STATUS_SUBMITTED
05/09/17 07:39:46   Node cbow_mean_lstm, HTCondor ID 187, status STATUS_SUBMITTED
05/09/17 07:39:46   Node cbow_exp_lstm, HTCondor ID 189, status STATUS_SUBMITTED
05/09/17 07:39:46   Node cbow_tfidf_lstm, HTCondor ID 190, status STATUS_SUBMITTED
05/09/17 07:39:46   Node topic, HTCondor ID 191, status STATUS_SUBMITTED
05/09/17 07:39:46   Node extended_topic_1, HTCondor ID 192, status STATUS_SUBMITTED
05/09/17 07:49:49 30743 seconds since last log event
05/09/17 07:49:49 Pending DAG nodes:
05/09/17 07:49:49   Node original, HTCondor ID 181, status STATUS_SUBMITTED
05/09/17 07:49:49   Node cbow_mean_soft, HTCondor ID 183, status STATUS_SUBMITTED
05/09/17 07:49:49   Node cbow_exp_soft, HTCondor ID 185, status STATUS_SUBMITTED
05/09/17 07:49:49   Node cbow_tfidf_soft, HTCondor ID 186, status STATUS_SUBMITTED
05/09/17 07:49:49   Node cbow_mean_lstm, HTCondor ID 187, status STATUS_SUBMITTED
05/09/17 07:49:49   Node cbow_exp_lstm, HTCondor ID 189, status STATUS_SUBMITTED
05/09/17 07:49:49   Node cbow_tfidf_lstm, HTCondor ID 190, status STATUS_SUBMITTED
05/09/17 07:49:49   Node topic, HTCondor ID 191, status STATUS_SUBMITTED
05/09/17 07:49:49   Node extended_topic_1, HTCondor ID 192, status STATUS_SUBMITTED
05/09/17 07:59:52 31346 seconds since last log event
05/09/17 07:59:52 Pending DAG nodes:
05/09/17 07:59:52   Node original, HTCondor ID 181, status STATUS_SUBMITTED
05/09/17 07:59:52   Node cbow_mean_soft, HTCondor ID 183, status STATUS_SUBMITTED
05/09/17 07:59:52   Node cbow_exp_soft, HTCondor ID 185, status STATUS_SUBMITTED
05/09/17 07:59:52   Node cbow_tfidf_soft, HTCondor ID 186, status STATUS_SUBMITTED
05/09/17 07:59:52   Node cbow_mean_lstm, HTCondor ID 187, status STATUS_SUBMITTED
05/09/17 07:59:52   Node cbow_exp_lstm, HTCondor ID 189, status STATUS_SUBMITTED
05/09/17 07:59:52   Node cbow_tfidf_lstm, HTCondor ID 190, status STATUS_SUBMITTED
05/09/17 07:59:52   Node topic, HTCondor ID 191, status STATUS_SUBMITTED
05/09/17 07:59:52   Node extended_topic_1, HTCondor ID 192, status STATUS_SUBMITTED
05/09/17 08:09:54 31948 seconds since last log event
05/09/17 08:09:54 Pending DAG nodes:
05/09/17 08:09:54   Node original, HTCondor ID 181, status STATUS_SUBMITTED
05/09/17 08:09:54   Node cbow_mean_soft, HTCondor ID 183, status STATUS_SUBMITTED
05/09/17 08:09:54   Node cbow_exp_soft, HTCondor ID 185, status STATUS_SUBMITTED
05/09/17 08:09:54   Node cbow_tfidf_soft, HTCondor ID 186, status STATUS_SUBMITTED
05/09/17 08:09:54   Node cbow_mean_lstm, HTCondor ID 187, status STATUS_SUBMITTED
05/09/17 08:09:54   Node cbow_exp_lstm, HTCondor ID 189, status STATUS_SUBMITTED
05/09/17 08:09:54   Node cbow_tfidf_lstm, HTCondor ID 190, status STATUS_SUBMITTED
05/09/17 08:09:54   Node topic, HTCondor ID 191, status STATUS_SUBMITTED
05/09/17 08:09:54   Node extended_topic_1, HTCondor ID 192, status STATUS_SUBMITTED
05/09/17 08:19:57 32551 seconds since last log event
05/09/17 08:19:57 Pending DAG nodes:
05/09/17 08:19:57   Node original, HTCondor ID 181, status STATUS_SUBMITTED
05/09/17 08:19:57   Node cbow_mean_soft, HTCondor ID 183, status STATUS_SUBMITTED
05/09/17 08:19:57   Node cbow_exp_soft, HTCondor ID 185, status STATUS_SUBMITTED
05/09/17 08:19:57   Node cbow_tfidf_soft, HTCondor ID 186, status STATUS_SUBMITTED
05/09/17 08:19:57   Node cbow_mean_lstm, HTCondor ID 187, status STATUS_SUBMITTED
05/09/17 08:19:57   Node cbow_exp_lstm, HTCondor ID 189, status STATUS_SUBMITTED
05/09/17 08:19:57   Node cbow_tfidf_lstm, HTCondor ID 190, status STATUS_SUBMITTED
05/09/17 08:19:57   Node topic, HTCondor ID 191, status STATUS_SUBMITTED
05/09/17 08:19:57   Node extended_topic_1, HTCondor ID 192, status STATUS_SUBMITTED
05/09/17 08:30:00 33154 seconds since last log event
05/09/17 08:30:00 Pending DAG nodes:
05/09/17 08:30:00   Node original, HTCondor ID 181, status STATUS_SUBMITTED
05/09/17 08:30:00   Node cbow_mean_soft, HTCondor ID 183, status STATUS_SUBMITTED
05/09/17 08:30:00   Node cbow_exp_soft, HTCondor ID 185, status STATUS_SUBMITTED
05/09/17 08:30:00   Node cbow_tfidf_soft, HTCondor ID 186, status STATUS_SUBMITTED
05/09/17 08:30:00   Node cbow_mean_lstm, HTCondor ID 187, status STATUS_SUBMITTED
05/09/17 08:30:00   Node cbow_exp_lstm, HTCondor ID 189, status STATUS_SUBMITTED
05/09/17 08:30:00   Node cbow_tfidf_lstm, HTCondor ID 190, status STATUS_SUBMITTED
05/09/17 08:30:00   Node topic, HTCondor ID 191, status STATUS_SUBMITTED
05/09/17 08:30:00   Node extended_topic_1, HTCondor ID 192, status STATUS_SUBMITTED
05/09/17 08:40:03 33757 seconds since last log event
05/09/17 08:40:03 Pending DAG nodes:
05/09/17 08:40:03   Node original, HTCondor ID 181, status STATUS_SUBMITTED
05/09/17 08:40:03   Node cbow_mean_soft, HTCondor ID 183, status STATUS_SUBMITTED
05/09/17 08:40:03   Node cbow_exp_soft, HTCondor ID 185, status STATUS_SUBMITTED
05/09/17 08:40:03   Node cbow_tfidf_soft, HTCondor ID 186, status STATUS_SUBMITTED
05/09/17 08:40:03   Node cbow_mean_lstm, HTCondor ID 187, status STATUS_SUBMITTED
05/09/17 08:40:03   Node cbow_exp_lstm, HTCondor ID 189, status STATUS_SUBMITTED
05/09/17 08:40:03   Node cbow_tfidf_lstm, HTCondor ID 190, status STATUS_SUBMITTED
05/09/17 08:40:03   Node topic, HTCondor ID 191, status STATUS_SUBMITTED
05/09/17 08:40:03   Node extended_topic_1, HTCondor ID 192, status STATUS_SUBMITTED
05/09/17 08:50:06 34360 seconds since last log event
05/09/17 08:50:06 Pending DAG nodes:
05/09/17 08:50:06   Node original, HTCondor ID 181, status STATUS_SUBMITTED
05/09/17 08:50:06   Node cbow_mean_soft, HTCondor ID 183, status STATUS_SUBMITTED
05/09/17 08:50:06   Node cbow_exp_soft, HTCondor ID 185, status STATUS_SUBMITTED
05/09/17 08:50:06   Node cbow_tfidf_soft, HTCondor ID 186, status STATUS_SUBMITTED
05/09/17 08:50:06   Node cbow_mean_lstm, HTCondor ID 187, status STATUS_SUBMITTED
05/09/17 08:50:06   Node cbow_exp_lstm, HTCondor ID 189, status STATUS_SUBMITTED
05/09/17 08:50:06   Node cbow_tfidf_lstm, HTCondor ID 190, status STATUS_SUBMITTED
05/09/17 08:50:06   Node topic, HTCondor ID 191, status STATUS_SUBMITTED
05/09/17 08:50:06   Node extended_topic_1, HTCondor ID 192, status STATUS_SUBMITTED
05/09/17 09:00:09 34963 seconds since last log event
05/09/17 09:00:09 Pending DAG nodes:
05/09/17 09:00:09   Node original, HTCondor ID 181, status STATUS_SUBMITTED
05/09/17 09:00:09   Node cbow_mean_soft, HTCondor ID 183, status STATUS_SUBMITTED
05/09/17 09:00:09   Node cbow_exp_soft, HTCondor ID 185, status STATUS_SUBMITTED
05/09/17 09:00:09   Node cbow_tfidf_soft, HTCondor ID 186, status STATUS_SUBMITTED
05/09/17 09:00:09   Node cbow_mean_lstm, HTCondor ID 187, status STATUS_SUBMITTED
05/09/17 09:00:09   Node cbow_exp_lstm, HTCondor ID 189, status STATUS_SUBMITTED
05/09/17 09:00:09   Node cbow_tfidf_lstm, HTCondor ID 190, status STATUS_SUBMITTED
05/09/17 09:00:09   Node topic, HTCondor ID 191, status STATUS_SUBMITTED
05/09/17 09:00:09   Node extended_topic_1, HTCondor ID 192, status STATUS_SUBMITTED
05/09/17 09:10:12 35566 seconds since last log event
05/09/17 09:10:12 Pending DAG nodes:
05/09/17 09:10:12   Node original, HTCondor ID 181, status STATUS_SUBMITTED
05/09/17 09:10:12   Node cbow_mean_soft, HTCondor ID 183, status STATUS_SUBMITTED
05/09/17 09:10:12   Node cbow_exp_soft, HTCondor ID 185, status STATUS_SUBMITTED
05/09/17 09:10:12   Node cbow_tfidf_soft, HTCondor ID 186, status STATUS_SUBMITTED
05/09/17 09:10:12   Node cbow_mean_lstm, HTCondor ID 187, status STATUS_SUBMITTED
05/09/17 09:10:12   Node cbow_exp_lstm, HTCondor ID 189, status STATUS_SUBMITTED
05/09/17 09:10:12   Node cbow_tfidf_lstm, HTCondor ID 190, status STATUS_SUBMITTED
05/09/17 09:10:12   Node topic, HTCondor ID 191, status STATUS_SUBMITTED
05/09/17 09:10:12   Node extended_topic_1, HTCondor ID 192, status STATUS_SUBMITTED
05/09/17 09:20:15 36169 seconds since last log event
05/09/17 09:20:15 Pending DAG nodes:
05/09/17 09:20:15   Node original, HTCondor ID 181, status STATUS_SUBMITTED
05/09/17 09:20:15   Node cbow_mean_soft, HTCondor ID 183, status STATUS_SUBMITTED
05/09/17 09:20:15   Node cbow_exp_soft, HTCondor ID 185, status STATUS_SUBMITTED
05/09/17 09:20:15   Node cbow_tfidf_soft, HTCondor ID 186, status STATUS_SUBMITTED
05/09/17 09:20:15   Node cbow_mean_lstm, HTCondor ID 187, status STATUS_SUBMITTED
05/09/17 09:20:15   Node cbow_exp_lstm, HTCondor ID 189, status STATUS_SUBMITTED
05/09/17 09:20:15   Node cbow_tfidf_lstm, HTCondor ID 190, status STATUS_SUBMITTED
05/09/17 09:20:15   Node topic, HTCondor ID 191, status STATUS_SUBMITTED
05/09/17 09:20:15   Node extended_topic_1, HTCondor ID 192, status STATUS_SUBMITTED
05/09/17 09:30:17 36771 seconds since last log event
05/09/17 09:30:17 Pending DAG nodes:
05/09/17 09:30:17   Node original, HTCondor ID 181, status STATUS_SUBMITTED
05/09/17 09:30:17   Node cbow_mean_soft, HTCondor ID 183, status STATUS_SUBMITTED
05/09/17 09:30:17   Node cbow_exp_soft, HTCondor ID 185, status STATUS_SUBMITTED
05/09/17 09:30:17   Node cbow_tfidf_soft, HTCondor ID 186, status STATUS_SUBMITTED
05/09/17 09:30:17   Node cbow_mean_lstm, HTCondor ID 187, status STATUS_SUBMITTED
05/09/17 09:30:17   Node cbow_exp_lstm, HTCondor ID 189, status STATUS_SUBMITTED
05/09/17 09:30:17   Node cbow_tfidf_lstm, HTCondor ID 190, status STATUS_SUBMITTED
05/09/17 09:30:17   Node topic, HTCondor ID 191, status STATUS_SUBMITTED
05/09/17 09:30:17   Node extended_topic_1, HTCondor ID 192, status STATUS_SUBMITTED
05/09/17 09:40:20 37374 seconds since last log event
05/09/17 09:40:20 Pending DAG nodes:
05/09/17 09:40:20   Node original, HTCondor ID 181, status STATUS_SUBMITTED
05/09/17 09:40:20   Node cbow_mean_soft, HTCondor ID 183, status STATUS_SUBMITTED
05/09/17 09:40:20   Node cbow_exp_soft, HTCondor ID 185, status STATUS_SUBMITTED
05/09/17 09:40:20   Node cbow_tfidf_soft, HTCondor ID 186, status STATUS_SUBMITTED
05/09/17 09:40:20   Node cbow_mean_lstm, HTCondor ID 187, status STATUS_SUBMITTED
05/09/17 09:40:20   Node cbow_exp_lstm, HTCondor ID 189, status STATUS_SUBMITTED
05/09/17 09:40:20   Node cbow_tfidf_lstm, HTCondor ID 190, status STATUS_SUBMITTED
05/09/17 09:40:20   Node topic, HTCondor ID 191, status STATUS_SUBMITTED
05/09/17 09:40:20   Node extended_topic_1, HTCondor ID 192, status STATUS_SUBMITTED
05/09/17 09:50:22 37976 seconds since last log event
05/09/17 09:50:22 Pending DAG nodes:
05/09/17 09:50:22   Node original, HTCondor ID 181, status STATUS_SUBMITTED
05/09/17 09:50:22   Node cbow_mean_soft, HTCondor ID 183, status STATUS_SUBMITTED
05/09/17 09:50:22   Node cbow_exp_soft, HTCondor ID 185, status STATUS_SUBMITTED
05/09/17 09:50:22   Node cbow_tfidf_soft, HTCondor ID 186, status STATUS_SUBMITTED
05/09/17 09:50:22   Node cbow_mean_lstm, HTCondor ID 187, status STATUS_SUBMITTED
05/09/17 09:50:22   Node cbow_exp_lstm, HTCondor ID 189, status STATUS_SUBMITTED
05/09/17 09:50:22   Node cbow_tfidf_lstm, HTCondor ID 190, status STATUS_SUBMITTED
05/09/17 09:50:22   Node topic, HTCondor ID 191, status STATUS_SUBMITTED
05/09/17 09:50:22   Node extended_topic_1, HTCondor ID 192, status STATUS_SUBMITTED
05/09/17 10:00:24 38578 seconds since last log event
05/09/17 10:00:24 Pending DAG nodes:
05/09/17 10:00:24   Node original, HTCondor ID 181, status STATUS_SUBMITTED
05/09/17 10:00:24   Node cbow_mean_soft, HTCondor ID 183, status STATUS_SUBMITTED
05/09/17 10:00:24   Node cbow_exp_soft, HTCondor ID 185, status STATUS_SUBMITTED
05/09/17 10:00:24   Node cbow_tfidf_soft, HTCondor ID 186, status STATUS_SUBMITTED
05/09/17 10:00:24   Node cbow_mean_lstm, HTCondor ID 187, status STATUS_SUBMITTED
05/09/17 10:00:24   Node cbow_exp_lstm, HTCondor ID 189, status STATUS_SUBMITTED
05/09/17 10:00:24   Node cbow_tfidf_lstm, HTCondor ID 190, status STATUS_SUBMITTED
05/09/17 10:00:24   Node topic, HTCondor ID 191, status STATUS_SUBMITTED
05/09/17 10:00:24   Node extended_topic_1, HTCondor ID 192, status STATUS_SUBMITTED
05/09/17 10:10:27 39181 seconds since last log event
05/09/17 10:10:27 Pending DAG nodes:
05/09/17 10:10:27   Node original, HTCondor ID 181, status STATUS_SUBMITTED
05/09/17 10:10:27   Node cbow_mean_soft, HTCondor ID 183, status STATUS_SUBMITTED
05/09/17 10:10:27   Node cbow_exp_soft, HTCondor ID 185, status STATUS_SUBMITTED
05/09/17 10:10:27   Node cbow_tfidf_soft, HTCondor ID 186, status STATUS_SUBMITTED
05/09/17 10:10:27   Node cbow_mean_lstm, HTCondor ID 187, status STATUS_SUBMITTED
05/09/17 10:10:27   Node cbow_exp_lstm, HTCondor ID 189, status STATUS_SUBMITTED
05/09/17 10:10:27   Node cbow_tfidf_lstm, HTCondor ID 190, status STATUS_SUBMITTED
05/09/17 10:10:27   Node topic, HTCondor ID 191, status STATUS_SUBMITTED
05/09/17 10:10:27   Node extended_topic_1, HTCondor ID 192, status STATUS_SUBMITTED
05/09/17 10:20:30 39784 seconds since last log event
05/09/17 10:20:30 Pending DAG nodes:
05/09/17 10:20:30   Node original, HTCondor ID 181, status STATUS_SUBMITTED
05/09/17 10:20:30   Node cbow_mean_soft, HTCondor ID 183, status STATUS_SUBMITTED
05/09/17 10:20:30   Node cbow_exp_soft, HTCondor ID 185, status STATUS_SUBMITTED
05/09/17 10:20:30   Node cbow_tfidf_soft, HTCondor ID 186, status STATUS_SUBMITTED
05/09/17 10:20:30   Node cbow_mean_lstm, HTCondor ID 187, status STATUS_SUBMITTED
05/09/17 10:20:30   Node cbow_exp_lstm, HTCondor ID 189, status STATUS_SUBMITTED
05/09/17 10:20:30   Node cbow_tfidf_lstm, HTCondor ID 190, status STATUS_SUBMITTED
05/09/17 10:20:30   Node topic, HTCondor ID 191, status STATUS_SUBMITTED
05/09/17 10:20:30   Node extended_topic_1, HTCondor ID 192, status STATUS_SUBMITTED
05/09/17 10:30:33 40387 seconds since last log event
05/09/17 10:30:33 Pending DAG nodes:
05/09/17 10:30:33   Node original, HTCondor ID 181, status STATUS_SUBMITTED
05/09/17 10:30:33   Node cbow_mean_soft, HTCondor ID 183, status STATUS_SUBMITTED
05/09/17 10:30:33   Node cbow_exp_soft, HTCondor ID 185, status STATUS_SUBMITTED
05/09/17 10:30:33   Node cbow_tfidf_soft, HTCondor ID 186, status STATUS_SUBMITTED
05/09/17 10:30:33   Node cbow_mean_lstm, HTCondor ID 187, status STATUS_SUBMITTED
05/09/17 10:30:33   Node cbow_exp_lstm, HTCondor ID 189, status STATUS_SUBMITTED
05/09/17 10:30:33   Node cbow_tfidf_lstm, HTCondor ID 190, status STATUS_SUBMITTED
05/09/17 10:30:33   Node topic, HTCondor ID 191, status STATUS_SUBMITTED
05/09/17 10:30:33   Node extended_topic_1, HTCondor ID 192, status STATUS_SUBMITTED
05/09/17 10:40:35 40989 seconds since last log event
05/09/17 10:40:35 Pending DAG nodes:
05/09/17 10:40:35   Node original, HTCondor ID 181, status STATUS_SUBMITTED
05/09/17 10:40:35   Node cbow_mean_soft, HTCondor ID 183, status STATUS_SUBMITTED
05/09/17 10:40:35   Node cbow_exp_soft, HTCondor ID 185, status STATUS_SUBMITTED
05/09/17 10:40:35   Node cbow_tfidf_soft, HTCondor ID 186, status STATUS_SUBMITTED
05/09/17 10:40:35   Node cbow_mean_lstm, HTCondor ID 187, status STATUS_SUBMITTED
05/09/17 10:40:35   Node cbow_exp_lstm, HTCondor ID 189, status STATUS_SUBMITTED
05/09/17 10:40:35   Node cbow_tfidf_lstm, HTCondor ID 190, status STATUS_SUBMITTED
05/09/17 10:40:35   Node topic, HTCondor ID 191, status STATUS_SUBMITTED
05/09/17 10:40:35   Node extended_topic_1, HTCondor ID 192, status STATUS_SUBMITTED
05/09/17 10:50:38 41592 seconds since last log event
05/09/17 10:50:38 Pending DAG nodes:
05/09/17 10:50:38   Node original, HTCondor ID 181, status STATUS_SUBMITTED
05/09/17 10:50:38   Node cbow_mean_soft, HTCondor ID 183, status STATUS_SUBMITTED
05/09/17 10:50:38   Node cbow_exp_soft, HTCondor ID 185, status STATUS_SUBMITTED
05/09/17 10:50:38   Node cbow_tfidf_soft, HTCondor ID 186, status STATUS_SUBMITTED
05/09/17 10:50:38   Node cbow_mean_lstm, HTCondor ID 187, status STATUS_SUBMITTED
05/09/17 10:50:38   Node cbow_exp_lstm, HTCondor ID 189, status STATUS_SUBMITTED
05/09/17 10:50:38   Node cbow_tfidf_lstm, HTCondor ID 190, status STATUS_SUBMITTED
05/09/17 10:50:38   Node topic, HTCondor ID 191, status STATUS_SUBMITTED
05/09/17 10:50:38   Node extended_topic_1, HTCondor ID 192, status STATUS_SUBMITTED
05/09/17 11:00:41 42195 seconds since last log event
05/09/17 11:00:41 Pending DAG nodes:
05/09/17 11:00:41   Node original, HTCondor ID 181, status STATUS_SUBMITTED
05/09/17 11:00:41   Node cbow_mean_soft, HTCondor ID 183, status STATUS_SUBMITTED
05/09/17 11:00:41   Node cbow_exp_soft, HTCondor ID 185, status STATUS_SUBMITTED
05/09/17 11:00:41   Node cbow_tfidf_soft, HTCondor ID 186, status STATUS_SUBMITTED
05/09/17 11:00:41   Node cbow_mean_lstm, HTCondor ID 187, status STATUS_SUBMITTED
05/09/17 11:00:41   Node cbow_exp_lstm, HTCondor ID 189, status STATUS_SUBMITTED
05/09/17 11:00:41   Node cbow_tfidf_lstm, HTCondor ID 190, status STATUS_SUBMITTED
05/09/17 11:00:41   Node topic, HTCondor ID 191, status STATUS_SUBMITTED
05/09/17 11:00:41   Node extended_topic_1, HTCondor ID 192, status STATUS_SUBMITTED
05/09/17 11:10:44 42798 seconds since last log event
05/09/17 11:10:44 Pending DAG nodes:
05/09/17 11:10:44   Node original, HTCondor ID 181, status STATUS_SUBMITTED
05/09/17 11:10:44   Node cbow_mean_soft, HTCondor ID 183, status STATUS_SUBMITTED
05/09/17 11:10:44   Node cbow_exp_soft, HTCondor ID 185, status STATUS_SUBMITTED
05/09/17 11:10:44   Node cbow_tfidf_soft, HTCondor ID 186, status STATUS_SUBMITTED
05/09/17 11:10:44   Node cbow_mean_lstm, HTCondor ID 187, status STATUS_SUBMITTED
05/09/17 11:10:44   Node cbow_exp_lstm, HTCondor ID 189, status STATUS_SUBMITTED
05/09/17 11:10:44   Node cbow_tfidf_lstm, HTCondor ID 190, status STATUS_SUBMITTED
05/09/17 11:10:44   Node topic, HTCondor ID 191, status STATUS_SUBMITTED
05/09/17 11:10:44   Node extended_topic_1, HTCondor ID 192, status STATUS_SUBMITTED
05/09/17 11:20:47 43401 seconds since last log event
05/09/17 11:20:47 Pending DAG nodes:
05/09/17 11:20:47   Node original, HTCondor ID 181, status STATUS_SUBMITTED
05/09/17 11:20:47   Node cbow_mean_soft, HTCondor ID 183, status STATUS_SUBMITTED
05/09/17 11:20:47   Node cbow_exp_soft, HTCondor ID 185, status STATUS_SUBMITTED
05/09/17 11:20:47   Node cbow_tfidf_soft, HTCondor ID 186, status STATUS_SUBMITTED
05/09/17 11:20:47   Node cbow_mean_lstm, HTCondor ID 187, status STATUS_SUBMITTED
05/09/17 11:20:47   Node cbow_exp_lstm, HTCondor ID 189, status STATUS_SUBMITTED
05/09/17 11:20:47   Node cbow_tfidf_lstm, HTCondor ID 190, status STATUS_SUBMITTED
05/09/17 11:20:47   Node topic, HTCondor ID 191, status STATUS_SUBMITTED
05/09/17 11:20:47   Node extended_topic_1, HTCondor ID 192, status STATUS_SUBMITTED
05/09/17 11:30:50 44004 seconds since last log event
05/09/17 11:30:50 Pending DAG nodes:
05/09/17 11:30:50   Node original, HTCondor ID 181, status STATUS_SUBMITTED
05/09/17 11:30:50   Node cbow_mean_soft, HTCondor ID 183, status STATUS_SUBMITTED
05/09/17 11:30:50   Node cbow_exp_soft, HTCondor ID 185, status STATUS_SUBMITTED
05/09/17 11:30:50   Node cbow_tfidf_soft, HTCondor ID 186, status STATUS_SUBMITTED
05/09/17 11:30:50   Node cbow_mean_lstm, HTCondor ID 187, status STATUS_SUBMITTED
05/09/17 11:30:50   Node cbow_exp_lstm, HTCondor ID 189, status STATUS_SUBMITTED
05/09/17 11:30:50   Node cbow_tfidf_lstm, HTCondor ID 190, status STATUS_SUBMITTED
05/09/17 11:30:50   Node topic, HTCondor ID 191, status STATUS_SUBMITTED
05/09/17 11:30:50   Node extended_topic_1, HTCondor ID 192, status STATUS_SUBMITTED
05/09/17 11:40:52 44606 seconds since last log event
05/09/17 11:40:52 Pending DAG nodes:
05/09/17 11:40:52   Node original, HTCondor ID 181, status STATUS_SUBMITTED
05/09/17 11:40:52   Node cbow_mean_soft, HTCondor ID 183, status STATUS_SUBMITTED
05/09/17 11:40:52   Node cbow_exp_soft, HTCondor ID 185, status STATUS_SUBMITTED
05/09/17 11:40:52   Node cbow_tfidf_soft, HTCondor ID 186, status STATUS_SUBMITTED
05/09/17 11:40:52   Node cbow_mean_lstm, HTCondor ID 187, status STATUS_SUBMITTED
05/09/17 11:40:52   Node cbow_exp_lstm, HTCondor ID 189, status STATUS_SUBMITTED
05/09/17 11:40:52   Node cbow_tfidf_lstm, HTCondor ID 190, status STATUS_SUBMITTED
05/09/17 11:40:52   Node topic, HTCondor ID 191, status STATUS_SUBMITTED
05/09/17 11:40:52   Node extended_topic_1, HTCondor ID 192, status STATUS_SUBMITTED
05/09/17 11:50:55 45209 seconds since last log event
05/09/17 11:50:55 Pending DAG nodes:
05/09/17 11:50:55   Node original, HTCondor ID 181, status STATUS_SUBMITTED
05/09/17 11:50:55   Node cbow_mean_soft, HTCondor ID 183, status STATUS_SUBMITTED
05/09/17 11:50:55   Node cbow_exp_soft, HTCondor ID 185, status STATUS_SUBMITTED
05/09/17 11:50:55   Node cbow_tfidf_soft, HTCondor ID 186, status STATUS_SUBMITTED
05/09/17 11:50:55   Node cbow_mean_lstm, HTCondor ID 187, status STATUS_SUBMITTED
05/09/17 11:50:55   Node cbow_exp_lstm, HTCondor ID 189, status STATUS_SUBMITTED
05/09/17 11:50:55   Node cbow_tfidf_lstm, HTCondor ID 190, status STATUS_SUBMITTED
05/09/17 11:50:55   Node topic, HTCondor ID 191, status STATUS_SUBMITTED
05/09/17 11:50:55   Node extended_topic_1, HTCondor ID 192, status STATUS_SUBMITTED
05/09/17 12:00:57 45811 seconds since last log event
05/09/17 12:00:57 Pending DAG nodes:
05/09/17 12:00:57   Node original, HTCondor ID 181, status STATUS_SUBMITTED
05/09/17 12:00:57   Node cbow_mean_soft, HTCondor ID 183, status STATUS_SUBMITTED
05/09/17 12:00:57   Node cbow_exp_soft, HTCondor ID 185, status STATUS_SUBMITTED
05/09/17 12:00:57   Node cbow_tfidf_soft, HTCondor ID 186, status STATUS_SUBMITTED
05/09/17 12:00:57   Node cbow_mean_lstm, HTCondor ID 187, status STATUS_SUBMITTED
05/09/17 12:00:57   Node cbow_exp_lstm, HTCondor ID 189, status STATUS_SUBMITTED
05/09/17 12:00:57   Node cbow_tfidf_lstm, HTCondor ID 190, status STATUS_SUBMITTED
05/09/17 12:00:57   Node topic, HTCondor ID 191, status STATUS_SUBMITTED
05/09/17 12:00:57   Node extended_topic_1, HTCondor ID 192, status STATUS_SUBMITTED
05/09/17 12:10:59 46413 seconds since last log event
05/09/17 12:10:59 Pending DAG nodes:
05/09/17 12:10:59   Node original, HTCondor ID 181, status STATUS_SUBMITTED
05/09/17 12:10:59   Node cbow_mean_soft, HTCondor ID 183, status STATUS_SUBMITTED
05/09/17 12:10:59   Node cbow_exp_soft, HTCondor ID 185, status STATUS_SUBMITTED
05/09/17 12:10:59   Node cbow_tfidf_soft, HTCondor ID 186, status STATUS_SUBMITTED
05/09/17 12:10:59   Node cbow_mean_lstm, HTCondor ID 187, status STATUS_SUBMITTED
05/09/17 12:10:59   Node cbow_exp_lstm, HTCondor ID 189, status STATUS_SUBMITTED
05/09/17 12:10:59   Node cbow_tfidf_lstm, HTCondor ID 190, status STATUS_SUBMITTED
05/09/17 12:10:59   Node topic, HTCondor ID 191, status STATUS_SUBMITTED
05/09/17 12:10:59   Node extended_topic_1, HTCondor ID 192, status STATUS_SUBMITTED
05/09/17 12:21:01 47015 seconds since last log event
05/09/17 12:21:01 Pending DAG nodes:
05/09/17 12:21:01   Node original, HTCondor ID 181, status STATUS_SUBMITTED
05/09/17 12:21:01   Node cbow_mean_soft, HTCondor ID 183, status STATUS_SUBMITTED
05/09/17 12:21:01   Node cbow_exp_soft, HTCondor ID 185, status STATUS_SUBMITTED
05/09/17 12:21:01   Node cbow_tfidf_soft, HTCondor ID 186, status STATUS_SUBMITTED
05/09/17 12:21:01   Node cbow_mean_lstm, HTCondor ID 187, status STATUS_SUBMITTED
05/09/17 12:21:01   Node cbow_exp_lstm, HTCondor ID 189, status STATUS_SUBMITTED
05/09/17 12:21:01   Node cbow_tfidf_lstm, HTCondor ID 190, status STATUS_SUBMITTED
05/09/17 12:21:01   Node topic, HTCondor ID 191, status STATUS_SUBMITTED
05/09/17 12:21:01   Node extended_topic_1, HTCondor ID 192, status STATUS_SUBMITTED
05/09/17 12:31:04 47618 seconds since last log event
05/09/17 12:31:04 Pending DAG nodes:
05/09/17 12:31:04   Node original, HTCondor ID 181, status STATUS_SUBMITTED
05/09/17 12:31:04   Node cbow_mean_soft, HTCondor ID 183, status STATUS_SUBMITTED
05/09/17 12:31:04   Node cbow_exp_soft, HTCondor ID 185, status STATUS_SUBMITTED
05/09/17 12:31:04   Node cbow_tfidf_soft, HTCondor ID 186, status STATUS_SUBMITTED
05/09/17 12:31:04   Node cbow_mean_lstm, HTCondor ID 187, status STATUS_SUBMITTED
05/09/17 12:31:04   Node cbow_exp_lstm, HTCondor ID 189, status STATUS_SUBMITTED
05/09/17 12:31:04   Node cbow_tfidf_lstm, HTCondor ID 190, status STATUS_SUBMITTED
05/09/17 12:31:04   Node topic, HTCondor ID 191, status STATUS_SUBMITTED
05/09/17 12:31:04   Node extended_topic_1, HTCondor ID 192, status STATUS_SUBMITTED
05/09/17 12:41:06 48220 seconds since last log event
05/09/17 12:41:06 Pending DAG nodes:
05/09/17 12:41:06   Node original, HTCondor ID 181, status STATUS_SUBMITTED
05/09/17 12:41:06   Node cbow_mean_soft, HTCondor ID 183, status STATUS_SUBMITTED
05/09/17 12:41:06   Node cbow_exp_soft, HTCondor ID 185, status STATUS_SUBMITTED
05/09/17 12:41:06   Node cbow_tfidf_soft, HTCondor ID 186, status STATUS_SUBMITTED
05/09/17 12:41:06   Node cbow_mean_lstm, HTCondor ID 187, status STATUS_SUBMITTED
05/09/17 12:41:06   Node cbow_exp_lstm, HTCondor ID 189, status STATUS_SUBMITTED
05/09/17 12:41:06   Node cbow_tfidf_lstm, HTCondor ID 190, status STATUS_SUBMITTED
05/09/17 12:41:06   Node topic, HTCondor ID 191, status STATUS_SUBMITTED
05/09/17 12:41:06   Node extended_topic_1, HTCondor ID 192, status STATUS_SUBMITTED
05/09/17 12:51:08 48822 seconds since last log event
05/09/17 12:51:08 Pending DAG nodes:
05/09/17 12:51:08   Node original, HTCondor ID 181, status STATUS_SUBMITTED
05/09/17 12:51:08   Node cbow_mean_soft, HTCondor ID 183, status STATUS_SUBMITTED
05/09/17 12:51:08   Node cbow_exp_soft, HTCondor ID 185, status STATUS_SUBMITTED
05/09/17 12:51:08   Node cbow_tfidf_soft, HTCondor ID 186, status STATUS_SUBMITTED
05/09/17 12:51:08   Node cbow_mean_lstm, HTCondor ID 187, status STATUS_SUBMITTED
05/09/17 12:51:08   Node cbow_exp_lstm, HTCondor ID 189, status STATUS_SUBMITTED
05/09/17 12:51:08   Node cbow_tfidf_lstm, HTCondor ID 190, status STATUS_SUBMITTED
05/09/17 12:51:08   Node topic, HTCondor ID 191, status STATUS_SUBMITTED
05/09/17 12:51:08   Node extended_topic_1, HTCondor ID 192, status STATUS_SUBMITTED
05/09/17 13:01:10 49424 seconds since last log event
05/09/17 13:01:10 Pending DAG nodes:
05/09/17 13:01:10   Node original, HTCondor ID 181, status STATUS_SUBMITTED
05/09/17 13:01:10   Node cbow_mean_soft, HTCondor ID 183, status STATUS_SUBMITTED
05/09/17 13:01:10   Node cbow_exp_soft, HTCondor ID 185, status STATUS_SUBMITTED
05/09/17 13:01:10   Node cbow_tfidf_soft, HTCondor ID 186, status STATUS_SUBMITTED
05/09/17 13:01:10   Node cbow_mean_lstm, HTCondor ID 187, status STATUS_SUBMITTED
05/09/17 13:01:10   Node cbow_exp_lstm, HTCondor ID 189, status STATUS_SUBMITTED
05/09/17 13:01:10   Node cbow_tfidf_lstm, HTCondor ID 190, status STATUS_SUBMITTED
05/09/17 13:01:10   Node topic, HTCondor ID 191, status STATUS_SUBMITTED
05/09/17 13:01:10   Node extended_topic_1, HTCondor ID 192, status STATUS_SUBMITTED
05/09/17 13:11:13 50027 seconds since last log event
05/09/17 13:11:13 Pending DAG nodes:
05/09/17 13:11:13   Node original, HTCondor ID 181, status STATUS_SUBMITTED
05/09/17 13:11:13   Node cbow_mean_soft, HTCondor ID 183, status STATUS_SUBMITTED
05/09/17 13:11:13   Node cbow_exp_soft, HTCondor ID 185, status STATUS_SUBMITTED
05/09/17 13:11:13   Node cbow_tfidf_soft, HTCondor ID 186, status STATUS_SUBMITTED
05/09/17 13:11:13   Node cbow_mean_lstm, HTCondor ID 187, status STATUS_SUBMITTED
05/09/17 13:11:13   Node cbow_exp_lstm, HTCondor ID 189, status STATUS_SUBMITTED
05/09/17 13:11:13   Node cbow_tfidf_lstm, HTCondor ID 190, status STATUS_SUBMITTED
05/09/17 13:11:13   Node topic, HTCondor ID 191, status STATUS_SUBMITTED
05/09/17 13:11:13   Node extended_topic_1, HTCondor ID 192, status STATUS_SUBMITTED
05/09/17 13:21:15 50629 seconds since last log event
05/09/17 13:21:15 Pending DAG nodes:
05/09/17 13:21:15   Node original, HTCondor ID 181, status STATUS_SUBMITTED
05/09/17 13:21:15   Node cbow_mean_soft, HTCondor ID 183, status STATUS_SUBMITTED
05/09/17 13:21:15   Node cbow_exp_soft, HTCondor ID 185, status STATUS_SUBMITTED
05/09/17 13:21:15   Node cbow_tfidf_soft, HTCondor ID 186, status STATUS_SUBMITTED
05/09/17 13:21:15   Node cbow_mean_lstm, HTCondor ID 187, status STATUS_SUBMITTED
05/09/17 13:21:15   Node cbow_exp_lstm, HTCondor ID 189, status STATUS_SUBMITTED
05/09/17 13:21:15   Node cbow_tfidf_lstm, HTCondor ID 190, status STATUS_SUBMITTED
05/09/17 13:21:15   Node topic, HTCondor ID 191, status STATUS_SUBMITTED
05/09/17 13:21:15   Node extended_topic_1, HTCondor ID 192, status STATUS_SUBMITTED
05/09/17 13:31:17 51231 seconds since last log event
05/09/17 13:31:17 Pending DAG nodes:
05/09/17 13:31:17   Node original, HTCondor ID 181, status STATUS_SUBMITTED
05/09/17 13:31:17   Node cbow_mean_soft, HTCondor ID 183, status STATUS_SUBMITTED
05/09/17 13:31:17   Node cbow_exp_soft, HTCondor ID 185, status STATUS_SUBMITTED
05/09/17 13:31:17   Node cbow_tfidf_soft, HTCondor ID 186, status STATUS_SUBMITTED
05/09/17 13:31:17   Node cbow_mean_lstm, HTCondor ID 187, status STATUS_SUBMITTED
05/09/17 13:31:17   Node cbow_exp_lstm, HTCondor ID 189, status STATUS_SUBMITTED
05/09/17 13:31:17   Node cbow_tfidf_lstm, HTCondor ID 190, status STATUS_SUBMITTED
05/09/17 13:31:17   Node topic, HTCondor ID 191, status STATUS_SUBMITTED
05/09/17 13:31:17   Node extended_topic_1, HTCondor ID 192, status STATUS_SUBMITTED
