000 (1177.000.000) 05/11 08:47:09 Job submitted from host: <10.33.133.154:9618?addrs=10.33.133.154-9618+[--1]-9618&noUDP&sock=1383_3391_3>
    DAG Node: cbow_tfidf_soft
...
001 (1177.000.000) 05/12 00:26:59 Job executing on host: <10.33.133.111:9618?addrs=10.33.133.111-9618+[--1]-9618&noUDP&sock=1472_3f7f_3>
...
006 (1177.000.000) 05/12 00:27:07 Image size of job updated: 80380
	48  -  MemoryUsage of job (MB)
	48900  -  ResidentSetSize of job (KB)
...
006 (1177.000.000) 05/12 00:32:07 Image size of job updated: 1051028
	697  -  MemoryUsage of job (MB)
	713216  -  ResidentSetSize of job (KB)
...
006 (1177.000.000) 05/12 00:42:08 Image size of job updated: 1074944
	720  -  MemoryUsage of job (MB)
	737132  -  ResidentSetSize of job (KB)
...
006 (1177.000.000) 05/12 00:47:09 Image size of job updated: 1099560
	744  -  MemoryUsage of job (MB)
	761748  -  ResidentSetSize of job (KB)
...
006 (1177.000.000) 05/12 00:52:09 Image size of job updated: 1176524
	819  -  MemoryUsage of job (MB)
	838560  -  ResidentSetSize of job (KB)
...
006 (1177.000.000) 05/12 02:07:17 Image size of job updated: 1176524
	868  -  MemoryUsage of job (MB)
	888408  -  ResidentSetSize of job (KB)
...
006 (1177.000.000) 05/12 02:22:19 Image size of job updated: 1176524
	870  -  MemoryUsage of job (MB)
	890480  -  ResidentSetSize of job (KB)
...
006 (1177.000.000) 05/12 02:42:21 Image size of job updated: 1200740
	912  -  MemoryUsage of job (MB)
	933832  -  ResidentSetSize of job (KB)
...
006 (1177.000.000) 05/12 03:27:26 Image size of job updated: 1231652
	943  -  MemoryUsage of job (MB)
	964956  -  ResidentSetSize of job (KB)
...
005 (1177.000.000) 05/12 04:27:31 Job terminated.
	(1) Normal termination (return value 0)
		Usr 0 03:50:23, Sys 0 00:03:20  -  Run Remote Usage
		Usr 0 00:00:00, Sys 0 00:00:00  -  Run Local Usage
		Usr 0 03:50:23, Sys 0 00:03:20  -  Total Remote Usage
		Usr 0 00:00:00, Sys 0 00:00:00  -  Total Local Usage
	0  -  Run Bytes Sent By Job
	0  -  Run Bytes Received By Job
	0  -  Total Bytes Sent By Job
	0  -  Total Bytes Received By Job
	Partitionable Resources :    Usage  Request Allocated
	   Cpus                 :                 1         1
	   Disk (KB)            :        7        7   9034973
	   Gpus                 :                 1         1
	   Memory (MB)          :      943     8192      8192
...
