000 (151.000.000) 03/14 18:32:15 Job submitted from host: <10.33.133.154:9618?addrs=10.33.133.154-9618+[--1]-9618&noUDP&sock=29983_6c2f_3>
    DAG Node: topic_generation14
...
000 (096.000.000) 03/14 18:54:25 Job submitted from host: <10.33.133.65:9618?addrs=10.33.133.65-9618+[--1]-9618&noUDP&sock=18891_3bb2_4>
    DAG Node: topic_generation14
...
001 (151.000.000) 03/14 21:27:48 Job executing on host: <10.33.133.198:9618?addrs=10.33.133.198-9618+[--1]-9618&noUDP&sock=1490_9833_3>
...
006 (151.000.000) 03/14 21:27:57 Image size of job updated: 1053156
	1021  -  MemoryUsage of job (MB)
	1045484  -  ResidentSetSize of job (KB)
...
006 (151.000.000) 03/14 21:32:58 Image size of job updated: 13458492
	8034  -  MemoryUsage of job (MB)
	8225884  -  ResidentSetSize of job (KB)
...
006 (151.000.000) 03/14 21:37:58 Image size of job updated: 13458632
	8034  -  MemoryUsage of job (MB)
	8225884  -  ResidentSetSize of job (KB)
...
006 (151.000.000) 03/14 21:42:58 Image size of job updated: 13458632
	8163  -  MemoryUsage of job (MB)
	8358708  -  ResidentSetSize of job (KB)
...
006 (151.000.000) 03/14 21:47:59 Image size of job updated: 13897232
	8163  -  MemoryUsage of job (MB)
	8358712  -  ResidentSetSize of job (KB)
...
006 (151.000.000) 03/14 22:03:01 Image size of job updated: 13908680
	8163  -  MemoryUsage of job (MB)
	8358712  -  ResidentSetSize of job (KB)
...
005 (151.000.000) 03/14 22:03:58 Job terminated.
	(1) Normal termination (return value 1)
		Usr 0 00:32:33, Sys 0 00:01:39  -  Run Remote Usage
		Usr 0 00:00:00, Sys 0 00:00:00  -  Run Local Usage
		Usr 0 00:32:33, Sys 0 00:01:39  -  Total Remote Usage
		Usr 0 00:00:00, Sys 0 00:00:00  -  Total Local Usage
	0  -  Run Bytes Sent By Job
	0  -  Run Bytes Received By Job
	0  -  Total Bytes Sent By Job
	0  -  Total Bytes Received By Job
	Partitionable Resources :    Usage  Request Allocated
	   Cpus                 :                 1         1
	   Disk (KB)            :        7        7  27372974
	   Gpus                 :                 1         1
	   Memory (MB)          :     8163     8192      8192
...
001 (096.000.000) 03/14 22:41:52 Job executing on host: <10.33.133.88:9618?addrs=10.33.133.88-9618+[--1]-9618&noUDP&sock=1292_c873_3>
...
006 (096.000.000) 03/14 22:42:01 Image size of job updated: 168472
	158  -  MemoryUsage of job (MB)
	161416  -  ResidentSetSize of job (KB)
...
006 (096.000.000) 03/14 22:47:02 Image size of job updated: 13458428
	8162  -  MemoryUsage of job (MB)
	8357696  -  ResidentSetSize of job (KB)
...
006 (096.000.000) 03/14 22:52:03 Image size of job updated: 13458484
	8162  -  MemoryUsage of job (MB)
	8357696  -  ResidentSetSize of job (KB)
...
006 (096.000.000) 03/14 22:57:04 Image size of job updated: 13459132
	8162  -  MemoryUsage of job (MB)
	8357696  -  ResidentSetSize of job (KB)
...
006 (096.000.000) 03/14 23:02:04 Image size of job updated: 13459200
	8162  -  MemoryUsage of job (MB)
	8357696  -  ResidentSetSize of job (KB)
...
006 (096.000.000) 03/14 23:12:05 Image size of job updated: 13459200
	8164  -  MemoryUsage of job (MB)
	8359348  -  ResidentSetSize of job (KB)
...
006 (096.000.000) 03/14 23:17:06 Image size of job updated: 13589772
	8164  -  MemoryUsage of job (MB)
	8359348  -  ResidentSetSize of job (KB)
...
006 (096.000.000) 03/14 23:22:06 Image size of job updated: 14105636
	8164  -  MemoryUsage of job (MB)
	8359348  -  ResidentSetSize of job (KB)
...
006 (096.000.000) 03/14 23:42:08 Image size of job updated: 14282788
	8164  -  MemoryUsage of job (MB)
	8359348  -  ResidentSetSize of job (KB)
...
005 (096.000.000) 03/14 23:54:21 Job terminated.
	(1) Normal termination (return value 1)
		Usr 0 01:00:19, Sys 0 00:05:23  -  Run Remote Usage
		Usr 0 00:00:00, Sys 0 00:00:00  -  Run Local Usage
		Usr 0 01:00:19, Sys 0 00:05:23  -  Total Remote Usage
		Usr 0 00:00:00, Sys 0 00:00:00  -  Total Local Usage
	0  -  Run Bytes Sent By Job
	0  -  Run Bytes Received By Job
	0  -  Total Bytes Sent By Job
	0  -  Total Bytes Received By Job
	Partitionable Resources :    Usage  Request Allocated
	   Cpus                 :                 1         1
	   Disk (KB)            :        7        7    300628
	   Gpus                 :                 1         1
	   Memory (MB)          :     8164     8192      8192
...
