000 (150.000.000) 03/14 18:32:15 Job submitted from host: <10.33.133.154:9618?addrs=10.33.133.154-9618+[--1]-9618&noUDP&sock=29983_6c2f_3>
    DAG Node: topic_generation13
...
000 (095.000.000) 03/14 18:54:25 Job submitted from host: <10.33.133.65:9618?addrs=10.33.133.65-9618+[--1]-9618&noUDP&sock=18891_3bb2_4>
    DAG Node: topic_generation13
...
001 (150.000.000) 03/14 20:24:46 Job executing on host: <10.33.133.61:9618?addrs=10.33.133.61-9618+[--1]-9618&noUDP&sock=1220_65a1_3>
...
006 (150.000.000) 03/14 20:24:55 Image size of job updated: 160008
	143  -  MemoryUsage of job (MB)
	146100  -  ResidentSetSize of job (KB)
...
006 (150.000.000) 03/14 20:29:56 Image size of job updated: 13463908
	8129  -  MemoryUsage of job (MB)
	8323708  -  ResidentSetSize of job (KB)
...
006 (150.000.000) 03/14 20:34:56 Image size of job updated: 13463932
	8151  -  MemoryUsage of job (MB)
	8346228  -  ResidentSetSize of job (KB)
...
006 (150.000.000) 03/14 20:39:57 Image size of job updated: 13464700
	8151  -  MemoryUsage of job (MB)
	8346228  -  ResidentSetSize of job (KB)
...
006 (150.000.000) 03/14 20:44:58 Image size of job updated: 13464756
	8151  -  MemoryUsage of job (MB)
	8346228  -  ResidentSetSize of job (KB)
...
006 (150.000.000) 03/14 20:59:59 Image size of job updated: 13464756
	8163  -  MemoryUsage of job (MB)
	8358596  -  ResidentSetSize of job (KB)
...
006 (150.000.000) 03/14 21:04:59 Image size of job updated: 13592460
	8163  -  MemoryUsage of job (MB)
	8358684  -  ResidentSetSize of job (KB)
...
006 (150.000.000) 03/14 21:09:59 Image size of job updated: 13735428
	8163  -  MemoryUsage of job (MB)
	8358684  -  ResidentSetSize of job (KB)
...
006 (150.000.000) 03/14 21:15:00 Image size of job updated: 13790172
	8163  -  MemoryUsage of job (MB)
	8358684  -  ResidentSetSize of job (KB)
...
006 (150.000.000) 03/14 21:20:01 Image size of job updated: 13849440
	8163  -  MemoryUsage of job (MB)
	8358684  -  ResidentSetSize of job (KB)
...
006 (150.000.000) 03/14 21:25:01 Image size of job updated: 13938816
	8163  -  MemoryUsage of job (MB)
	8358684  -  ResidentSetSize of job (KB)
...
006 (150.000.000) 03/14 21:30:02 Image size of job updated: 14229976
	8163  -  MemoryUsage of job (MB)
	8358684  -  ResidentSetSize of job (KB)
...
005 (150.000.000) 03/14 21:43:00 Job terminated.
	(1) Normal termination (return value 1)
		Usr 0 01:09:31, Sys 0 00:07:24  -  Run Remote Usage
		Usr 0 00:00:00, Sys 0 00:00:00  -  Run Local Usage
		Usr 0 01:09:31, Sys 0 00:07:24  -  Total Remote Usage
		Usr 0 00:00:00, Sys 0 00:00:00  -  Total Local Usage
	0  -  Run Bytes Sent By Job
	0  -  Run Bytes Received By Job
	0  -  Total Bytes Sent By Job
	0  -  Total Bytes Received By Job
	Partitionable Resources :    Usage  Request Allocated
	   Cpus                 :                 1         1
	   Disk (KB)            :        7        7  11181157
	   Gpus                 :                 1         1
	   Memory (MB)          :     8163     8192      8192
...
001 (095.000.000) 03/14 22:35:42 Job executing on host: <10.33.133.81:9618?addrs=10.33.133.81-9618+[--1]-9618&noUDP&sock=1485_2a3a_3>
...
006 (095.000.000) 03/14 22:35:51 Image size of job updated: 6113440
	5970  -  MemoryUsage of job (MB)
	6113080  -  ResidentSetSize of job (KB)
...
006 (095.000.000) 03/14 22:40:52 Image size of job updated: 13463928
	8161  -  MemoryUsage of job (MB)
	8355996  -  ResidentSetSize of job (KB)
...
006 (095.000.000) 03/14 22:45:53 Image size of job updated: 13463940
	8161  -  MemoryUsage of job (MB)
	8355996  -  ResidentSetSize of job (KB)
...
006 (095.000.000) 03/14 22:50:53 Image size of job updated: 13463948
	8161  -  MemoryUsage of job (MB)
	8355996  -  ResidentSetSize of job (KB)
...
006 (095.000.000) 03/14 22:55:53 Image size of job updated: 13464028
	8161  -  MemoryUsage of job (MB)
	8355996  -  ResidentSetSize of job (KB)
...
006 (095.000.000) 03/14 23:00:54 Image size of job updated: 13464048
	8161  -  MemoryUsage of job (MB)
	8355996  -  ResidentSetSize of job (KB)
...
006 (095.000.000) 03/14 23:05:55 Image size of job updated: 13464048
	8164  -  MemoryUsage of job (MB)
	8359208  -  ResidentSetSize of job (KB)
...
006 (095.000.000) 03/14 23:06:21 Image size of job updated: 13464048
	8164  -  MemoryUsage of job (MB)
	8359232  -  ResidentSetSize of job (KB)
...
005 (095.000.000) 03/14 23:06:21 Job terminated.
	(0) Abnormal termination (signal 11)
	(0) No core file
		Usr 0 00:28:33, Sys 0 00:01:38  -  Run Remote Usage
		Usr 0 00:00:00, Sys 0 00:00:00  -  Run Local Usage
		Usr 0 00:28:33, Sys 0 00:01:38  -  Total Remote Usage
		Usr 0 00:00:00, Sys 0 00:00:00  -  Total Local Usage
	0  -  Run Bytes Sent By Job
	0  -  Run Bytes Received By Job
	0  -  Total Bytes Sent By Job
	0  -  Total Bytes Received By Job
	Partitionable Resources :    Usage  Request Allocated
	   Cpus                 :                 1         1
	   Disk (KB)            :        7        7  25883097
	   Gpus                 :                 1         1
	   Memory (MB)          :     8164     8192      8192
...
