000 (149.000.000) 03/14 18:32:15 Job submitted from host: <10.33.133.154:9618?addrs=10.33.133.154-9618+[--1]-9618&noUDP&sock=29983_6c2f_3>
    DAG Node: topic_generation12
...
000 (094.000.000) 03/14 18:54:25 Job submitted from host: <10.33.133.65:9618?addrs=10.33.133.65-9618+[--1]-9618&noUDP&sock=18891_3bb2_4>
    DAG Node: topic_generation12
...
001 (149.000.000) 03/14 19:48:28 Job executing on host: <10.33.133.115:9618?addrs=10.33.133.115-9618+[--1]-9618&noUDP&sock=4167_cb3b_3>
...
006 (149.000.000) 03/14 19:48:37 Image size of job updated: 103984
	88  -  MemoryUsage of job (MB)
	89768  -  ResidentSetSize of job (KB)
...
006 (149.000.000) 03/14 19:53:38 Image size of job updated: 13480184
	8042  -  MemoryUsage of job (MB)
	8234068  -  ResidentSetSize of job (KB)
...
006 (149.000.000) 03/14 19:58:39 Image size of job updated: 13480208
	8042  -  MemoryUsage of job (MB)
	8234108  -  ResidentSetSize of job (KB)
...
006 (149.000.000) 03/14 20:03:39 Image size of job updated: 13480208
	8091  -  MemoryUsage of job (MB)
	8284172  -  ResidentSetSize of job (KB)
...
006 (149.000.000) 03/14 20:08:40 Image size of job updated: 13480972
	8125  -  MemoryUsage of job (MB)
	8319220  -  ResidentSetSize of job (KB)
...
006 (149.000.000) 03/14 20:28:41 Image size of job updated: 13480972
	8164  -  MemoryUsage of job (MB)
	8359084  -  ResidentSetSize of job (KB)
...
006 (149.000.000) 03/14 20:33:41 Image size of job updated: 13676264
	8164  -  MemoryUsage of job (MB)
	8359084  -  ResidentSetSize of job (KB)
...
006 (149.000.000) 03/14 20:38:41 Image size of job updated: 13813880
	8164  -  MemoryUsage of job (MB)
	8359084  -  ResidentSetSize of job (KB)
...
006 (149.000.000) 03/14 20:48:42 Image size of job updated: 13820776
	8164  -  MemoryUsage of job (MB)
	8359084  -  ResidentSetSize of job (KB)
...
006 (149.000.000) 03/14 20:53:42 Image size of job updated: 13823412
	8164  -  MemoryUsage of job (MB)
	8359084  -  ResidentSetSize of job (KB)
...
006 (149.000.000) 03/14 21:03:44 Image size of job updated: 13925796
	8164  -  MemoryUsage of job (MB)
	8359084  -  ResidentSetSize of job (KB)
...
005 (149.000.000) 03/14 21:23:53 Job terminated.
	(1) Normal termination (return value 1)
		Usr 0 01:25:51, Sys 0 00:07:48  -  Run Remote Usage
		Usr 0 00:00:00, Sys 0 00:00:00  -  Run Local Usage
		Usr 0 01:25:51, Sys 0 00:07:48  -  Total Remote Usage
		Usr 0 00:00:00, Sys 0 00:00:00  -  Total Local Usage
	0  -  Run Bytes Sent By Job
	0  -  Run Bytes Received By Job
	0  -  Total Bytes Sent By Job
	0  -  Total Bytes Received By Job
	Partitionable Resources :    Usage  Request Allocated
	   Cpus                 :                 1         1
	   Disk (KB)            :        7        7  17875240
	   Gpus                 :                 1         1
	   Memory (MB)          :     8164     8192      8192
...
001 (094.000.000) 03/14 22:31:44 Job executing on host: <10.33.133.81:9618?addrs=10.33.133.81-9618+[--1]-9618&noUDP&sock=1485_2a3a_3>
...
006 (094.000.000) 03/14 22:31:53 Image size of job updated: 4723068
	4608  -  MemoryUsage of job (MB)
	4718524  -  ResidentSetSize of job (KB)
...
006 (094.000.000) 03/14 22:35:42 Image size of job updated: 13480168
	4610  -  MemoryUsage of job (MB)
	4720240  -  ResidentSetSize of job (KB)
...
005 (094.000.000) 03/14 22:35:42 Job terminated.
	(0) Abnormal termination (signal 11)
	(0) No core file
		Usr 0 00:02:52, Sys 0 00:00:58  -  Run Remote Usage
		Usr 0 00:00:00, Sys 0 00:00:00  -  Run Local Usage
		Usr 0 00:02:52, Sys 0 00:00:58  -  Total Remote Usage
		Usr 0 00:00:00, Sys 0 00:00:00  -  Total Local Usage
	0  -  Run Bytes Sent By Job
	0  -  Run Bytes Received By Job
	0  -  Total Bytes Sent By Job
	0  -  Total Bytes Received By Job
	Partitionable Resources :    Usage  Request Allocated
	   Cpus                 :                 1         1
	   Disk (KB)            :        7        7  25883097
	   Gpus                 :                 1         1
	   Memory (MB)          :     4610     8192      8192
...
